0.000291028,1023
0.000571365,1022
0.000848219,1021
0.00112229,1020
0.00139215,1019
0.00165407,1018
0.00189772,1017
0.00214054,1016
0.00238811,1015
0.00263635,1014
0.00290932,1013
0.00315764,1012
0.00340459,1011
0.00365425,1010
0.00390563,1009
0.00415935,1008
0.00440598,1007
0.00465313,1006
0.00491692,1005
0.00517037,1004
0.00541994,1003
0.00567287,1002
0.00592003,1001
0.00617157,1000
0.00642493,999
0.00668448,998
0.00693447,997
0.00718654,996
0.00743555,995
0.00767842,994
0.00792927,993
0.00817757,992
0.00842305,991
0.00867444,990
0.00892229,989
0.00918336,988
0.0094331,987
0.0096851,986
0.0135867,985
0.0138843,984
0.014153,983
0.0144244,982
0.0146988,981
0.014977,980
0.0152535,979
0.0155693,978
0.0158457,977
0.0161121,976
0.0163769,975
0.0166434,974
0.0171136,973
0.0173803,972
0.0176479,971
0.0179133,970
0.0182588,969
0.0185303,968
0.0187766,967
0.0190275,966
0.0192749,965
0.0195232,964
0.0197726,963
0.0200215,962
0.02027,961
0.0205155,960
0.0207613,959
0.021006,958
0.0212536,957
0.0215003,956
0.0217485,955
0.0219937,954
0.0222378,953
0.0224821,952
0.0227274,951
0.0229747,950
0.0232203,949
0.0234673,948
0.0237112,947
0.0300046,946
0.0302715,945
0.0305336,944
0.0307972,943
0.0310597,942
0.0313219,941
0.0315842,940
0.0318472,939
0.0321102,938
0.0323748,937
0.0326381,936
0.0329033,935
0.0331693,934
0.0334321,933
0.033694,932
0.0339565,931
0.0342212,930
0.0344862,929
0.0347532,928
0.0350168,927
0.0352802,926
0.0355429,925
0.0358063,924
0.0360691,923
0.0363334,922
0.0365942,921
0.0368588,920
0.0371223,919
0.0373862,918
0.0376527,917
0.0379283,916
0.0382049,915
0.038477,914
0.0387422,913
0.0390027,912
0.039264,911
0.0395252,910
0.042668,909
0.0429384,908
0.0432072,907
0.0434697,906
0.0437351,905
0.0440025,904
0.0442651,903
0.0445257,902
0.0447881,901
0.0450532,900
0.045317,899
0.0455763,898
0.0480622,897
0.0483301,896
0.0490758,895
0.0493353,894
0.0496117,893
0.0498842,892
0.0501433,891
0.0504054,890
0.0506761,889
0.0509562,888
0.0512236,887
0.0514803,886
0.0517371,885
0.0519953,884
0.052254,883
0.0524893,882
0.0527347,881
0.0529751,880
0.0532147,879
0.0534706,878
0.0537318,877
0.05399,876
0.0542435,875
0.0545049,874
0.0547624,873
0.0589358,872
0.059206,871
0.0594664,870
0.0597217,869
0.0599737,868
0.060232,867
0.0604914,866
0.0607507,865
0.0610057,864
0.0612569,863
0.0615292,862
0.0618005,861
0.0620633,860
0.0623203,859
0.0625874,858
0.0628501,857
0.0631064,856
0.0633606,855
0.063621,854
0.0638796,853
0.0641209,852
0.0643798,851
0.0646368,850
0.0649025,849
0.0651609,848
0.0654214,847
0.0661809,846
0.0664528,845
0.0667301,844
0.0669972,843
0.0672546,842
0.067521,841
0.067788,840
0.0685752,839
0.071551,838
0.0718195,837
0.0720717,836
0.0723235,835
0.0725739,834
0.0728302,833
0.0730804,832
0.0733539,831
0.0736056,830
0.0738563,829
0.0741136,828
0.0743744,827
0.0746287,826
0.0758846,825
0.0766298,824
0.0768922,823
0.0771521,822
0.0774228,821
0.0776789,820
0.0779307,819
0.0781804,818
0.0784393,817
0.0786896,816
0.0789422,815
0.079205,814
0.0794647,813
0.0811991,812
0.087469,811
0.0881586,810
0.0888323,809
0.089074,808
0.0893146,807
0.0895526,806
0.0898098,805
0.0900556,804
0.0902833,803
0.0905184,802
0.0907953,801
0.0910293,800
0.0926883,799
0.0934312,798
0.0936931,797
0.0939773,796
0.0942489,795
0.09452,794
0.0947657,793
0.0950005,792
0.0952694,791
0.0955134,790
0.0957723,789
0.102906,788
0.103179,787
0.103935,786
0.104209,785
0.104461,784
0.105217,783
0.10547,782
0.110795,781
0.111072,780
0.122493,779
0.124834,778
0.131302,777
0.139225,776
0.158047,775
0.17237,774
0.172664,773
0.183573,772
0.183826,771
0.189627,770
0.199895,769
0.201144,768
0.201459,767
0.217885,766
0.236879,765
0.267081,764
0.267863,763
0.268715,762
0.268965,761
0.32498,760
0.326438,759
0.326713,758
0.370826,757
0.371092,756
0.409838,755
0.410104,754
0.410386,753
0.44529,752
0.467777,751
0.468063,750
0.468325,749
0.468673,748
0.630887,747
0.894184,746
0.894461,745
0.894705,744
0.912999,743
0.913258,742
1.32553,741
1.33147,740
1.55606,739
1.55637,738
1.55663,737
3.00823,736
3.00851,735
3.01497,734
3.01537,733
3.01563,732
5.66305,731
5.66571,730
5.66653,729
10.2837,728
10.3376,727
10.3471,726
22.0264,725
22.0274,724
110.474,723
110.773,722
418.136,721
698.581,720
2278.33,719
2278.34,718
