0.000179311,1023
0.000367795,1022
0.00053917,1021
0.00070274,1020
0.000863491,1019
0.00102339,1018
0.00121281,1017
0.00146537,1016
0.00164424,1015
0.00189217,1014
0.00215373,1013
0.00240343,1012
0.00265222,1011
0.00282988,1010
0.00299079,1009
0.00315325,1008
0.00331497,1007
0.00353365,1006
0.0038919,1005
0.0042195,1004
0.00449,1003
0.00475722,1002
0.00503289,1001
0.00530677,1000
0.00557903,999
0.00585106,998
0.00612331,997
0.00639472,996
0.00666561,995
0.00693703,994
0.00720806,993
0.00747951,992
0.00775003,991
0.00802024,990
0.00829036,989
0.00856077,988
0.00883125,987
0.00910211,986
0.00937128,985
0.00962876,984
0.00988945,983
0.0101438,982
0.0103948,981
0.010559,980
0.0107272,979
0.0109384,978
0.0111101,977
0.011271,976
0.0114698,975
0.0117434,974
0.0120022,973
0.0122582,972
0.0125034,971
0.012708,970
0.0128689,969
0.0130347,968
0.013191,967
0.0133501,966
0.0135068,965
0.0136629,964
0.0138212,963
0.0140176,962
0.0141773,961
0.0143347,960
0.0145095,959
0.0147534,958
0.0150747,957
0.0153189,956
0.0158414,955
0.016416,954
0.0166883,953
0.0169533,952
0.017217,951
0.0174803,950
0.0177439,949
0.0180081,948
0.018267,947
0.0185271,946
0.0187856,945
0.0190587,944
0.0193312,943
0.0195993,942
0.0198637,941
0.0201264,940
0.0203706,939
0.0206148,938
0.0208518,937
0.0212419,936
0.0216217,935
0.0218928,934
0.0221649,933
0.0224349,932
0.0230839,931
0.0233619,930
0.0236369,929
0.0239078,928
0.0241804,927
0.0244491,926
0.0247157,925
0.0249791,924
0.0262915,923
0.0265661,922
0.0268321,921
0.0270955,920
0.0273635,919
0.0276189,918
0.0278796,917
0.028138,916
0.0283954,915
0.0286505,914
0.0289132,913
0.0291856,912
0.0294544,911
0.0297148,910
0.0299754,909
0.0302375,908
0.0304977,907
0.0307601,906
0.0310186,905
0.0312766,904
0.0315326,903
0.0318044,902
0.0320829,901
0.0323368,900
0.0325938,899
0.0328552,898
0.033115,897
0.0333731,896
0.03363,895
0.0338859,894
0.034142,893
0.0344085,892
0.0346768,891
0.0349399,890
0.035201,889
0.035459,888
0.0357185,887
0.0359772,886
0.0365399,885
0.0368141,884
0.0370766,883
0.0373385,882
0.0376042,881
0.0378649,880
0.0386502,879
0.0390245,878
0.0392795,877
0.0395427,876
0.0398063,875
0.0400628,874
0.0403327,873
0.0405974,872
0.0408629,871
0.0411249,870
0.0413858,869
0.0416467,868
0.04191,867
0.0426715,866
0.0429295,865
0.0431867,864
0.0434396,863
0.0441958,862
0.0444528,861
0.0447127,860
0.0449178,859
0.0450723,858
0.0452255,857
0.0453784,856
0.0455337,855
0.045684,854
0.045835,853
0.0459873,852
0.0461486,851
0.0463081,850
0.0464595,849
0.0466177,848
0.0470676,847
0.0472278,846
0.0473772,845
0.0475326,844
0.047685,843
0.0478462,842
0.0479996,841
0.0481665,840
0.0483183,839
0.0484772,838
0.0486396,837
0.0487894,836
0.0489463,835
0.0490977,834
0.0492532,833
0.0494022,832
0.049554,831
0.0497139,830
0.0504563,829
0.050614,828
0.0507684,827
0.0509162,826
0.0510798,825
0.0512344,824
0.0514298,823
0.0516,822
0.0517525,821
0.0524881,820
0.053246,819
0.0534102,818
0.0535773,817
0.0537351,816
0.0538931,815
0.054049,814
0.0542079,813
0.0543589,812
0.0545066,811
0.055288,810
0.0554427,809
0.0556015,808
0.0557693,807
0.0559203,806
0.0563747,805
0.056528,804
0.0567108,803
0.0569142,802
0.0607015,801
0.0609643,800
0.0612135,799
0.0665185,798
0.0672242,797
0.0674731,796
0.0677132,795
0.0679522,794
0.0687318,793
0.0698707,792
0.0701247,791
0.0745907,790
0.0769136,789
0.0799329,788
0.0822235,787
0.0829885,786
0.0832392,785
0.0840047,784
0.0852428,783
0.0854821,782
0.0857369,781
0.0870178,780
0.087276,779
0.0939367,778
0.0957729,777
0.0985682,776
0.0998149,775
0.100072,774
0.100345,773
0.100603,772
0.10241,771
0.102681,770
0.102997,769
0.103265,768
0.104026,767
0.111432,766
0.111737,765
0.112002,764
0.114316,763
0.129227,762
0.140427,761
0.236908,760
0.237168,759
0.248315,758
0.249787,757
0.250317,756
0.25125,755
0.343617,754
0.344134,753
0.349817,752
0.356201,751
0.359485,750
0.359759,749
0.361668,748
0.362467,747
0.362724,746
0.477271,745
0.509803,744
0.51007,743
0.510317,742
0.614112,741
0.614376,740
0.861385,739
0.953271,738
0.953523,737
2.49191,736
2.62779,735
3.34908,734
3.50017,733
3.50093,732
3.50325,731
4.26127,730
4.26157,729
6.77495,728
10.6939,727
10.6943,726
10.6946,725
49.3788,724
59.8867,723
82.7191,722
82.7701,721
