0.00029136,1023
0.000586075,1022
0.000848577,1021
0.00111603,1020
0.00137797,1019
0.00164053,1018
0.00190196,1017
0.00217225,1016
0.00244464,1015
0.00271541,1014
0.0029887,1013
0.00326568,1012
0.00353851,1011
0.0038119,1010
0.00408479,1009
0.00435892,1008
0.00558654,1007
0.00588067,1006
0.00614968,1005
0.00642215,1004
0.0066978,1003
0.00696994,1002
0.0072407,1001
0.0075115,1000
0.00777964,999
0.00805222,998
0.00832359,997
0.00859389,996
0.00886204,995
0.00912508,994
0.00938351,993
0.00965631,992
0.00992061,991
0.0103748,990
0.0106369,989
0.0109385,988
0.0113757,987
0.011688,986
0.0120649,985
0.0123094,984
0.0125556,983
0.0128031,982
0.0130503,981
0.0133052,980
0.0135651,979
0.0138226,978
0.0140799,977
0.0143371,976
0.0145939,975
0.0148519,974
0.0151091,973
0.0153652,972
0.0156222,971
0.0158806,970
0.0168168,969
0.0171328,968
0.0174009,967
0.0176684,966
0.0180396,965
0.018666,964
0.0216516,963
0.022452,962
0.0227361,961
0.0230042,960
0.0232791,959
0.0235691,958
0.0238403,957
0.0241089,956
0.0243761,955
0.0246394,954
0.0249028,953
0.0251645,952
0.0254244,951
0.0257019,950
0.0259753,949
0.026252,948
0.0265261,947
0.0268017,946
0.0270764,945
0.0273511,944
0.0276258,943
0.0278992,942
0.0281735,941
0.0284493,940
0.0287259,939
0.029511,938
0.0297741,937
0.0300418,936
0.0303054,935
0.0305685,934
0.0308341,933
0.0310996,932
0.0313615,931
0.0316252,930
0.0318877,929
0.0326566,928
0.0329201,927
0.0331815,926
0.033447,925
0.0337115,924
0.0339746,923
0.0342365,922
0.0344978,921
0.03476,920
0.0350213,919
0.035269,918
0.0354383,917
0.0356001,916
0.0357541,915
0.0359079,914
0.0360727,913
0.0362276,912
0.0363822,911
0.0365368,910
0.0367004,909
0.0368529,908
0.0370155,907
0.0371738,906
0.0373373,905
0.0374919,904
0.0376444,903
0.0378005,902
0.0379641,901
0.0384336,900
0.0385875,899
0.0390516,898
0.0392088,897
0.0393625,896
0.0395154,895
0.039673,894
0.0398357,893
0.0399994,892
0.0402059,891
0.040462,890
0.0407186,889
0.0409733,888
0.0412304,887
0.0414847,886
0.0417428,885
0.0420009,884
0.0422587,883
0.0425134,882
0.0427682,881
0.0430241,880
0.0432785,879
0.0435338,878
0.0442836,877
0.0445329,876
0.0447879,875
0.0450429,874
0.0453009,873
0.0455717,872
0.0458406,871
0.0461115,870
0.046377,869
0.0466493,868
0.0484297,867
0.048687,866
0.048944,865
0.0492168,864
0.0494767,863
0.0497313,862
0.0586721,861
0.0589459,860
0.0591922,859
0.0594352,858
0.0596751,857
0.0599152,856
0.0601586,855
0.0603953,854
0.0606328,853
0.060871,852
0.0611381,851
0.0613952,850
0.0616499,849
0.061905,848
0.062166,847
0.0624228,846
0.0626766,845
0.0629307,844
0.0632122,843
0.0634665,842
0.0637208,841
0.063981,840
0.0642397,839
0.0646182,838
0.0649066,837
0.065168,836
0.0654383,835
0.0656973,834
0.0659503,833
0.0661964,832
0.0664598,831
0.0667116,830
0.0669651,829
0.0672252,828
0.0674786,827
0.0682399,826
0.0685111,825
0.0709838,824
0.0712513,823
0.0715094,822
0.0717572,821
0.0720079,820
0.0722606,819
0.0725144,818
0.0727685,817
0.0730255,816
0.0732825,815
0.073553,814
0.0738175,813
0.074077,812
0.0743304,811
0.0745882,810
0.0748536,809
0.075623,808
0.0758812,807
0.0761385,806
0.0763927,805
0.0771518,804
0.0774247,803
0.0776811,802
0.0779356,801
0.078186,800
0.0799678,799
0.0802332,798
0.0877742,797
0.0889936,796
0.0897182,795
0.0899642,794
0.0902483,793
0.0914771,792
0.0917227,791
0.0930128,790
0.0932731,789
0.0935255,788
0.0937945,787
0.0960637,786
0.096332,785
0.103154,784
0.103416,783
0.103699,782
0.10404,781
0.104787,780
0.105053,779
0.105321,778
0.107466,777
0.108343,776
0.13798,775
0.140227,774
0.140561,773
0.140813,772
0.148226,771
0.148518,770
0.15391,769
0.154184,768
0.154611,767
0.154869,766
0.2898,765
0.292184,764
0.292434,763
0.307781,762
0.320409,761
0.328428,760
0.337293,759
0.396324,758
0.397557,757
0.430945,756
0.431261,755
0.437057,754
0.439416,753
0.454345,752
0.45672,751
0.537997,750
0.558235,749
0.594409,748
0.59521,747
0.634918,746
0.635189,745
0.712059,744
0.7124,743
0.71265,742
0.802566,741
1.00508,740
1.00534,739
1.14956,738
1.32038,737
1.84032,736
1.84107,735
1.84131,734
4.86045,733
5.30833,732
5.89284,731
6.71103,730
6.71346,729
6.71374,728
6.71403,727
8.93112,726
13.6544,725
14.8741,724
14.8744,723
39.3431,722
119.722,721
1320.42,720
