0.000295149,1023
0.000586619,1022
0.000841358,1021
0.00111658,1020
0.00138072,1019
0.00165936,1018
0.0019462,1017
0.00222362,1016
0.00247869,1015
0.00273344,1014
0.00298338,1013
0.00323474,1012
0.00348279,1011
0.003731,1010
0.0039863,1009
0.00424187,1008
0.00449092,1007
0.00473934,1006
0.0057292,1005
0.00598339,1004
0.00623251,1003
0.00647931,1002
0.00672393,1001
0.00697883,1000
0.00724828,999
0.00748815,998
0.00773199,997
0.00797799,996
0.00822556,995
0.00849615,994
0.00876811,993
0.00904542,992
0.00931473,991
0.00956977,990
0.00982738,989
0.0100726,988
0.0103186,987
0.0105644,986
0.0108191,985
0.0110712,984
0.0113195,983
0.0115638,982
0.011807,981
0.0120532,980
0.0123006,979
0.0125495,978
0.0128022,977
0.0130637,976
0.0133221,975
0.01358,974
0.0138378,973
0.0140959,972
0.0143541,971
0.0146103,970
0.0148691,969
0.0151252,968
0.0153812,967
0.0160262,966
0.0163214,965
0.0165994,964
0.0168753,963
0.0171507,962
0.017425,961
0.0177001,960
0.0179753,959
0.0182524,958
0.0185255,957
0.018799,956
0.0190731,955
0.0193482,954
0.019624,953
0.0198931,952
0.020157,951
0.0204223,950
0.0206855,949
0.0209507,948
0.0212144,947
0.021478,946
0.0217441,945
0.0220067,944
0.0222698,943
0.0225332,942
0.0227994,941
0.0230626,940
0.0233235,939
0.0235842,938
0.0238442,937
0.0241037,936
0.0243641,935
0.0246256,934
0.024888,933
0.0251487,932
0.0254105,931
0.0256706,930
0.0259648,929
0.026238,928
0.026504,927
0.0267657,926
0.0270283,925
0.0272876,924
0.0275476,923
0.027807,922
0.0280666,921
0.0283249,920
0.0285848,919
0.0288442,918
0.029104,917
0.0293642,916
0.0296222,915
0.0298815,914
0.0301399,913
0.0303982,912
0.0306569,911
0.0309317,910
0.0311933,909
0.031461,908
0.0317208,907
0.0319805,906
0.0322408,905
0.0325045,904
0.0327632,903
0.0330242,902
0.0332829,901
0.0335488,900
0.0338073,899
0.0340695,898
0.0343298,897
0.0345902,896
0.0348485,895
0.0351115,894
0.035382,893
0.0356433,892
0.0359197,891
0.0361966,890
0.0364651,889
0.0367324,888
0.0370022,887
0.0372713,886
0.0375411,885
0.0378089,884
0.0380724,883
0.0383321,882
0.0385893,881
0.0388444,880
0.0390991,879
0.0393527,878
0.0396053,877
0.0398632,876
0.0401233,875
0.0403808,874
0.0406309,873
0.0408858,872
0.0411444,871
0.041406,870
0.0416639,869
0.0419213,868
0.0421837,867
0.0424411,866
0.0426985,865
0.0429557,864
0.0432125,863
0.0434681,862
0.0437255,861
0.0439809,860
0.0442363,859
0.0444939,858
0.0447594,857
0.0450186,856
0.0452739,855
0.0455321,854
0.0457884,853
0.0511184,852
0.0513957,851
0.0516631,850
0.0519302,849
0.0521852,848
0.0524469,847
0.0526884,846
0.0529507,845
0.0532058,844
0.0534772,843
0.0537352,842
0.053994,841
0.0542524,840
0.0545107,839
0.0547698,838
0.0550242,837
0.0552527,836
0.0555188,835
0.055778,834
0.0560297,833
0.0567751,832
0.0570532,831
0.0578036,830
0.0580828,829
0.05835,828
0.0586143,827
0.0588807,826
0.0591414,825
0.0593898,824
0.0596468,823
0.0599047,822
0.0601613,821
0.0604181,820
0.0606887,819
0.0634394,818
0.0642041,817
0.0644466,816
0.0646823,815
0.0649157,814
0.0651462,813
0.0653809,812
0.0656313,811
0.0658732,810
0.0661071,809
0.0663587,808
0.0665908,807
0.0668285,806
0.0670957,805
0.0673319,804
0.0675962,803
0.0678336,802
0.0700204,801
0.0707714,800
0.0710286,799
0.0849972,798
0.0856804,797
0.0863759,796
0.0875609,795
0.0878469,794
0.0885449,793
0.0897055,792
0.0899557,791
0.0907257,790
0.0946064,789
0.0953737,788
0.0957068,787
0.0959612,786
0.0962334,785
0.0964857,784
0.0971887,783
0.101016,782
0.101276,781
0.118408,780
0.145961,779
0.150098,778
0.162945,777
0.174462,776
0.195146,775
0.198402,774
0.198703,773
0.204104,772
0.207487,771
0.220391,770
0.220652,769
0.220897,768
0.262647,767
0.263601,766
0.263905,765
0.311783,764
0.319791,763
0.320058,762
0.320352,761
0.358611,760
0.358889,759
0.359139,758
0.369174,757
0.376016,756
0.376837,755
0.450755,754
0.451013,753
0.469697,752
0.473484,751
0.475863,750
0.476156,749
0.477501,748
0.504723,747
0.507488,746
0.632144,745
0.763801,744
1.14179,743
1.14461,742
1.25919,741
1.34638,740
1.37362,739
1.41519,738
1.41547,737
1.58095,736
1.64996,735
1.7872,734
2.50681,733
2.50709,732
3.69947,731
3.69977,730
8.57381,729
19.2025,728
19.2028,727
19.3037,726
19.3153,725
44.4213,724
44.4496,723
287.34,722
827.328,721
827.336,720
2016.99,719
2017,718
