0.000320848,1023
0.000605389,1022
0.000857652,1021
0.001224,1020
0.00151425,1019
0.00180834,1018
0.00208079,1017
0.00235007,1016
0.0026185,1015
0.00288769,1014
0.00315673,1013
0.00342599,1012
0.00369521,1011
0.00396403,1010
0.00423827,1009
0.00499382,1008
0.00526784,1007
0.00909525,1006
0.0093874,1005
0.00965908,1004
0.00993007,1003
0.010549,1002
0.0108303,1001
0.0120522,1000
0.012339,999
0.0126088,998
0.012878,997
0.0131482,996
0.0134174,995
0.0136867,994
0.0139549,993
0.0142289,992
0.0145074,991
0.0147847,990
0.0150555,989
0.0226886,988
0.0229605,987
0.0232307,986
0.0235022,985
0.0237706,984
0.0240367,983
0.0243059,982
0.0245776,981
0.0248441,980
0.0251183,979
0.0253911,978
0.0256674,977
0.0259421,976
0.0262135,975
0.026481,974
0.0267475,973
0.027014,972
0.0272795,971
0.0275454,970
0.02781,969
0.0280808,968
0.0283469,967
0.0286122,966
0.0288774,965
0.0291427,964
0.0294076,963
0.0296727,962
0.0299363,961
0.0302014,960
0.030468,959
0.0307363,958
0.0310036,957
0.031267,956
0.031529,955
0.0317912,954
0.0320537,953
0.0323176,952
0.0365332,951
0.0368065,950
0.037074,949
0.0373377,948
0.0376874,947
0.0383532,946
0.0392482,945
0.0395167,944
0.0397678,943
0.0407534,942
0.04101,941
0.0412557,940
0.0415302,939
0.0417791,938
0.0420251,937
0.042266,936
0.0425081,935
0.0427506,934
0.0429966,933
0.0432397,932
0.043482,931
0.0437242,930
0.0439687,929
0.0442211,928
0.0444841,927
0.0447456,926
0.0450059,925
0.0452675,924
0.0455357,923
0.045803,922
0.0460676,921
0.0463365,920
0.0465967,919
0.0468615,918
0.0471258,917
0.0473903,916
0.0476494,915
0.0479091,914
0.0528994,913
0.0532066,912
0.0534693,911
0.0537299,910
0.0539898,909
0.0547512,908
0.0550132,907
0.0552736,906
0.0555324,905
0.0557892,904
0.0560471,903
0.0563127,902
0.0565724,901
0.0568332,900
0.0570918,899
0.0578498,898
0.0581112,897
0.0583697,896
0.0591474,895
0.0594173,894
0.0596824,893
0.0599427,892
0.0602068,891
0.0604648,890
0.0607215,889
0.060979,888
0.0612365,887
0.061493,886
0.0617541,885
0.062013,884
0.0622698,883
0.0625239,882
0.0627826,881
0.0677168,880
0.0679802,879
0.0682231,878
0.0684735,877
0.0687238,876
0.068968,875
0.0692172,874
0.0694647,873
0.0697095,872
0.0699552,871
0.0701955,870
0.0704446,869
0.0706913,868
0.0709323,867
0.0711768,866
0.0714233,865
0.0716692,864
0.071923,863
0.0721651,862
0.072408,861
0.0726614,860
0.0729009,859
0.0731532,858
0.0734117,857
0.0736615,856
0.0739119,855
0.0741645,854
0.0744176,853
0.0746756,852
0.0754426,851
0.0757018,850
0.0759565,849
0.0762096,848
0.0764621,847
0.076715,846
0.0769744,845
0.0772287,844
0.0814821,843
0.0817559,842
0.0825051,841
0.0827618,840
0.0830258,839
0.0832795,838
0.0835311,837
0.0837882,836
0.0840528,835
0.084798,834
0.0850554,833
0.0853096,832
0.0855646,831
0.0863113,830
0.0875536,829
0.0878083,828
0.0880718,827
0.089309,826
0.0895624,825
0.08981,824
0.0900642,823
0.090313,822
0.0905654,821
0.0908332,820
0.0910918,819
0.0959772,818
0.097277,817
0.0980244,816
0.0982801,815
0.0985597,814
0.0988161,813
0.0990772,812
0.0993491,811
0.0996288,810
0.100378,809
0.10065,808
0.100913,807
0.101178,806
0.101451,805
0.101711,804
0.101959,803
0.102191,802
0.102448,801
0.102709,800
0.102961,799
0.103227,798
0.103489,797
0.103742,796
0.10399,795
0.104255,794
0.104518,793
0.104778,792
0.105032,791
0.116765,790
0.117052,789
0.117341,788
0.117594,787
0.117847,786
0.118568,785
0.118824,784
0.134486,783
0.134754,782
0.135082,781
0.135871,780
0.136143,779
0.136396,778
0.137133,777
0.144072,776
0.144384,775
0.148213,774
0.150051,773
0.162454,772
0.164775,771
0.165034,770
0.171607,769
0.180354,768
0.186536,767
0.225467,766
0.225753,765
0.226034,764
0.276604,763
0.276941,762
0.390361,761
0.400247,760
0.443738,759
0.444996,758
0.480342,757
0.480617,756
0.480887,755
0.540975,754
0.541251,753
0.541981,752
0.542245,751
0.542543,750
0.542813,749
0.710489,748
0.752135,747
0.753216,746
0.754503,745
0.763391,744
0.763688,743
0.763959,742
0.764785,741
0.882154,740
0.900187,739
0.900446,738
1.01675,737
1.0243,736
1.02458,735
1.08318,734
1.08391,733
1.1023,732
1.43848,731
1.44065,730
1.44094,729
6.16625,728
6.17395,727
6.17691,726
6.83539,725
31.4077,724
32.3198,723
172.349,722
212.372,721
212.444,720
212.452,719
