0.000272061,1023
0.000557293,1022
0.00081445,1021
0.00106832,1020
0.0013213,1019
0.00157183,1018
0.00181865,1017
0.00207365,1016
0.00235034,1015
0.00260852,1014
0.00285977,1013
0.00311955,1012
0.0033901,1011
0.0036391,1010
0.00391208,1009
0.00419006,1008
0.00446135,1007
0.00473228,1006
0.00500406,1005
0.00527759,1004
0.00554903,1003
0.00583524,1002
0.00611773,1001
0.00641698,1000
0.00669532,999
0.0069692,998
0.00724024,997
0.00824527,996
0.00854979,995
0.00881981,994
0.00908807,993
0.00935699,992
0.00962401,991
0.00989067,990
0.0101578,989
0.0104218,988
0.0107066,987
0.0109897,986
0.011269,985
0.0115444,984
0.0118166,983
0.0120872,982
0.0123561,981
0.0125925,980
0.0128489,979
0.0131132,978
0.0133786,977
0.0136452,976
0.0139098,975
0.0141749,974
0.0144293,973
0.01468,972
0.0149291,971
0.0151917,970
0.0154578,969
0.0157224,968
0.0159884,967
0.0162436,966
0.0165078,965
0.0167554,964
0.0170036,963
0.0191113,962
0.0193944,961
0.0196689,960
0.0199401,959
0.0223959,958
0.0226692,957
0.0229161,956
0.0231616,955
0.0234105,954
0.0236762,953
0.0239408,952
0.0242059,951
0.0244698,950
0.0247335,949
0.024997,948
0.0252611,947
0.0255262,946
0.0257892,945
0.0260549,944
0.0263132,943
0.0265867,942
0.0268656,941
0.0271333,940
0.0273991,939
0.0276896,938
0.0279627,937
0.0282306,936
0.0284965,935
0.0292789,934
0.0295448,933
0.0298082,932
0.0300686,931
0.0303282,930
0.0305872,929
0.0308491,928
0.0311115,927
0.031373,926
0.031635,925
0.0318958,924
0.0321558,923
0.0324545,922
0.0327247,921
0.0329864,920
0.0332492,919
0.0335102,918
0.0337698,917
0.0340314,916
0.0342911,915
0.0345505,914
0.0348097,913
0.0350696,912
0.0353286,911
0.0355876,910
0.0358461,909
0.0361049,908
0.0363651,907
0.036623,906
0.0368803,905
0.0371397,904
0.0373988,903
0.0376551,902
0.0379118,901
0.0381735,900
0.0384311,899
0.0386889,898
0.0389518,897
0.0392071,896
0.0394653,895
0.0397227,894
0.0399831,893
0.0402419,892
0.040503,891
0.0407653,890
0.0410282,889
0.0412857,888
0.0415433,887
0.0418052,886
0.0420667,885
0.0423388,884
0.0426008,883
0.0428648,882
0.0431347,881
0.043402,880
0.0436697,879
0.0439402,878
0.0442066,877
0.0444717,876
0.0447093,875
0.0449842,874
0.0457279,873
0.0459935,872
0.0462734,871
0.0465324,870
0.0467894,869
0.0470453,868
0.0473005,867
0.0475549,866
0.047811,865
0.0480667,864
0.0483225,863
0.048583,862
0.0488329,861
0.0490712,860
0.049311,859
0.049564,858
0.0498119,857
0.0500411,856
0.050285,855
0.0505236,854
0.0507583,853
0.0509983,852
0.0512336,851
0.0514732,850
0.0517115,849
0.0519512,848
0.0575772,847
0.0582655,846
0.0585173,845
0.0587755,844
0.0590302,843
0.059275,842
0.0595103,841
0.0597416,840
0.059974,839
0.0607206,838
0.0609857,837
0.0612437,836
0.0615013,835
0.0617559,834
0.0620056,833
0.062259,832
0.0625159,831
0.0627615,830
0.0630215,829
0.063273,828
0.0635229,827
0.0637894,826
0.0640285,825
0.0642733,824
0.0645277,823
0.0667576,822
0.0670118,821
0.0701675,820
0.0704282,819
0.070685,818
0.0709452,817
0.071202,816
0.0714635,815
0.0722519,814
0.0725165,813
0.0727779,812
0.0750401,811
0.0762908,810
0.0765615,809
0.0768257,808
0.0770954,807
0.0789104,806
0.0791662,805
0.0873287,804
0.0886477,803
0.0889519,802
0.0897491,801
0.0900339,800
0.0903074,799
0.0905733,798
0.0908267,797
0.0911329,796
0.0933934,795
0.0936468,794
0.093934,793
0.094205,792
0.0944722,791
0.0947294,790
0.0950028,789
0.103619,788
0.105359,787
0.106634,786
0.108428,785
0.121622,784
0.121893,783
0.122159,782
0.122458,781
0.133072,780
0.133343,779
0.133591,778
0.14493,777
0.145186,776
0.153737,775
0.153996,774
0.161203,773
0.161493,772
0.161724,771
0.162023,770
0.207796,769
0.22171,768
0.222465,767
0.248832,766
0.249102,765
0.255353,764
0.302367,763
0.305813,762
0.35502,761
0.35529,760
0.401303,759
0.405125,758
0.405413,757
0.405692,756
0.417555,755
0.417852,754
0.442636,753
0.442974,752
0.511472,751
0.51174,750
0.512028,749
0.512422,748
0.576579,747
0.576872,746
0.642118,745
0.646836,744
0.666144,743
0.66746,742
0.771539,741
1.65208,740
1.86179,739
2.0221,738
2.09211,737
2.13333,736
2.1892,735
2.23866,734
2.24464,733
2.69506,732
3.05575,731
3.51028,730
4.36831,729
4.36908,728
4.42332,727
15.409,726
15.4093,725
15.5686,724
237.057,723
528.48,722
789.448,721
1637.14,720
2872.54,719
