0.000289181,1023
0.000579294,1022
0.000849799,1021
0.00112178,1020
0.00139398,1019
0.00166504,1018
0.00193571,1017
0.00220767,1016
0.00247908,1015
0.00274978,1014
0.00302145,1013
0.00329259,1012
0.00356447,1011
0.00977981,1010
0.0100739,1009
0.010346,1008
0.0106155,1007
0.010885,1006
0.0111538,1005
0.0114214,1004
0.0116896,1003
0.0119573,1002
0.0122253,1001
0.0124928,1000
0.0127635,999
0.0130362,998
0.0133087,997
0.0135784,996
0.0138602,995
0.0141411,994
0.0144186,993
0.0146856,992
0.0149513,991
0.0152177,990
0.0154884,989
0.0157644,988
0.016047,987
0.0163379,986
0.0166079,985
0.0168743,984
0.0171437,983
0.0174123,982
0.0176834,981
0.0179501,980
0.0182197,979
0.0184893,978
0.0187576,977
0.0190279,976
0.0192957,975
0.0225102,974
0.0227888,973
0.0230535,972
0.023316,971
0.0235785,970
0.0238431,969
0.0241062,968
0.0243681,967
0.0246318,966
0.0248943,965
0.0251567,964
0.0254191,963
0.0256821,962
0.025963,961
0.0262269,960
0.0264851,959
0.0269643,958
0.0274315,957
0.0276966,956
0.0279695,955
0.0282742,954
0.0285406,953
0.0289247,952
0.0292147,951
0.0294802,950
0.0297588,949
0.0300239,948
0.0302898,947
0.0305601,946
0.0308273,945
0.0310962,944
0.0313685,943
0.0316486,942
0.0319231,941
0.0321964,940
0.0324704,939
0.0327435,938
0.0363177,937
0.0366045,936
0.0368664,935
0.0371288,934
0.0373924,933
0.0376537,932
0.0379135,931
0.0381743,930
0.0384349,929
0.0386934,928
0.0389532,927
0.039216,926
0.0394749,925
0.0397342,924
0.039991,923
0.0402503,922
0.040511,921
0.0407692,920
0.0410269,919
0.041284,918
0.0415416,917
0.0417986,916
0.0420575,915
0.0423128,914
0.0425714,913
0.0428314,912
0.043091,911
0.0433512,910
0.0436106,909
0.0438725,908
0.0441306,907
0.0443899,906
0.0446499,905
0.0449093,904
0.045168,903
0.0454284,902
0.0456887,901
0.0459455,900
0.046204,899
0.0512477,898
0.0515265,897
0.0517894,896
0.0520504,895
0.052314,894
0.0525761,893
0.0528432,892
0.0531077,891
0.0533764,890
0.0536378,889
0.0538984,888
0.054156,887
0.0544183,886
0.0546764,885
0.0549385,884
0.0551937,883
0.0554504,882
0.0556995,881
0.0559433,880
0.056187,879
0.0564299,878
0.0566752,877
0.056916,876
0.0571595,875
0.0574059,874
0.0576506,873
0.0579032,872
0.0581498,871
0.0583983,870
0.0586507,869
0.0588972,868
0.059139,867
0.0593827,866
0.0596336,865
0.0598772,864
0.060118,863
0.0603599,862
0.0606075,861
0.0608509,860
0.0658799,859
0.0661588,858
0.0664172,857
0.0666705,856
0.0669238,855
0.0671778,854
0.0674314,853
0.0676844,852
0.0679399,851
0.0681949,850
0.0684474,849
0.0687026,848
0.0689582,847
0.0692113,846
0.0694818,845
0.0697351,844
0.069996,843
0.0702503,842
0.0705073,841
0.0707603,840
0.0710106,839
0.0712811,838
0.0720356,837
0.0722906,836
0.0725419,835
0.072794,834
0.073055,833
0.073822,832
0.0740901,831
0.0743487,830
0.0751357,829
0.075405,828
0.0756729,827
0.0834004,826
0.0836808,825
0.0839593,824
0.0847189,823
0.084975,822
0.08524,821
0.0854919,820
0.0857428,819
0.0859963,818
0.0862501,817
0.0865118,816
0.0877921,815
0.0880747,814
0.0883482,813
0.0886044,812
0.089354,811
0.0900996,810
0.0908621,809
0.0911113,808
0.0913652,807
0.0916149,806
0.0918634,805
0.0921287,804
0.0923893,803
0.0926424,802
0.096419,801
0.0966894,800
0.0969426,799
0.0971919,798
0.0974462,797
0.0982019,796
0.0994429,795
0.100216,794
0.100947,793
0.101198,792
0.112955,791
0.113218,790
0.115503,789
0.116782,788
0.117056,787
0.118496,786
0.118793,785
0.119049,784
0.123032,783
0.123303,782
0.123533,781
0.126961,780
0.127743,779
0.130037,778
0.132296,777
0.132552,776
0.14435,775
0.144662,774
0.144952,773
0.147868,772
0.149626,771
0.167136,770
0.167411,769
0.211412,768
0.237906,767
0.243791,766
0.24405,765
0.287512,764
0.29162,763
0.291939,762
0.301258,761
0.30984,760
0.312619,759
0.360992,758
0.361324,757
0.361573,756
0.412542,755
0.453905,754
0.468356,753
0.469162,752
0.46996,751
0.478773,750
0.483212,749
0.483477,748
0.484265,747
0.49943,746
0.500274,745
0.500532,744
0.500788,743
0.64473,742
0.644988,741
0.645235,740
0.645489,739
0.645798,738
0.646042,737
1.55163,736
1.56807,735
1.56882,734
1.7561,733
2.04562,732
2.49979,731
2.50007,730
2.50034,729
2.81858,728
2.91113,727
15.4014,726
15.5426,725
16.7492,724
36.4228,723
36.427,722
166.902,721
629.455,720
629.462,719
629.463,718
2066.18,717
