0.000259924,1023
0.000563559,1022
0.000812937,1021
0.00106078,1020
0.00130783,1019
0.00155673,1018
0.00180385,1017
0.00205133,1016
0.0022974,1015
0.00254313,1014
0.00278825,1013
0.00303311,1012
0.00327752,1011
0.00352407,1010
0.0037697,1009
0.00401517,1008
0.00425995,1007
0.00450597,1006
0.00474963,1005
0.00499537,1004
0.00523984,1003
0.0054674,1002
0.00562971,1001
0.00578967,1000
0.00595764,999
0.00611705,998
0.00627698,997
0.00643649,996
0.00660367,995
0.00676298,994
0.00701756,993
0.00718508,992
0.00741751,991
0.0076634,990
0.00790984,989
0.00815499,988
0.0084035,987
0.00864707,986
0.00889085,985
0.00919369,984
0.00945891,983
0.00971083,982
0.00995747,981
0.010201,980
0.0107936,979
0.0110462,978
0.0112939,977
0.0115487,976
0.0118088,975
0.012067,974
0.0123221,973
0.0125758,972
0.0128319,971
0.013087,970
0.0133435,969
0.013597,968
0.0138509,967
0.0141079,966
0.0143629,965
0.0146161,964
0.0153586,963
0.0156143,962
0.0158675,961
0.0161215,960
0.0163755,959
0.0166297,958
0.0168831,957
0.017136,956
0.0173901,955
0.0176431,954
0.017897,953
0.018166,952
0.0184343,951
0.0187023,950
0.01897,949
0.0192304,948
0.0194978,947
0.0197614,946
0.0200245,945
0.020287,944
0.020553,943
0.0237873,942
0.0240679,941
0.0243342,940
0.0245983,939
0.0248613,938
0.0256803,937
0.027134,936
0.0273994,935
0.0276629,934
0.0282948,933
0.0288998,932
0.0291486,931
0.0294484,930
0.0296962,929
0.0302273,928
0.0305281,927
0.0307667,926
0.0318671,925
0.0321133,924
0.0323536,923
0.0326133,922
0.0328804,921
0.0331445,920
0.0334071,919
0.0343955,918
0.0346685,917
0.0349288,916
0.0351905,915
0.0354525,914
0.0357125,913
0.0359724,912
0.0362332,911
0.0364933,910
0.0367544,909
0.0370898,908
0.0373555,907
0.0376138,906
0.0378804,905
0.0381747,904
0.0384386,903
0.0387033,902
0.0389651,901
0.0392301,900
0.0394917,899
0.0397553,898
0.0400172,897
0.0402808,896
0.0405459,895
0.0408082,894
0.0410702,893
0.041335,892
0.0415963,891
0.0418601,890
0.0421655,889
0.0424384,888
0.0427063,887
0.0429788,886
0.0432442,885
0.0435058,884
0.0437691,883
0.0440329,882
0.0442644,881
0.0445217,880
0.04478,879
0.0450429,878
0.0452998,877
0.0455619,876
0.0458225,875
0.0460802,874
0.0463375,873
0.046593,872
0.0468501,871
0.0471062,870
0.0473613,869
0.0476211,868
0.0478798,867
0.0481456,866
0.0484,865
0.048658,864
0.0489128,863
0.0491618,862
0.0493971,861
0.0496262,860
0.0498288,859
0.0502846,858
0.050751,857
0.0509036,856
0.0510568,855
0.0512107,854
0.0513659,853
0.0515169,852
0.0516698,851
0.0518251,850
0.0519861,849
0.0521373,848
0.0523129,847
0.0525435,846
0.0527154,845
0.0528668,844
0.0530456,843
0.0531953,842
0.0533506,841
0.0535009,840
0.0537066,839
0.0538609,838
0.0540417,837
0.0541918,836
0.0543495,835
0.0544995,834
0.0546501,833
0.0548401,832
0.0554557,831
0.0556934,830
0.0559361,829
0.0566287,828
0.0568593,827
0.0570905,826
0.0573216,825
0.0575576,824
0.0577901,823
0.0671521,822
0.0674197,821
0.0676701,820
0.0684173,819
0.0686757,818
0.0689307,817
0.0691868,816
0.0694308,815
0.0696711,814
0.0699238,813
0.0706706,812
0.0709382,811
0.071176,810
0.0714401,809
0.0717082,808
0.071955,807
0.0722066,806
0.0724583,805
0.0727225,804
0.0734978,803
0.0737267,802
0.0739798,801
0.0742481,800
0.0745009,799
0.0747694,798
0.0750285,797
0.075275,796
0.0755332,795
0.0758012,794
0.0760673,793
0.0763132,792
0.0765836,791
0.0795603,790
0.0803748,789
0.0806453,788
0.0809312,787
0.0837412,786
0.0839946,785
0.0842507,784
0.0850338,783
0.0862972,782
0.0865674,781
0.0868701,780
0.0871855,779
0.0889253,778
0.100049,777
0.100859,776
0.10162,775
0.102887,774
0.103147,773
0.103442,772
0.119268,771
0.12312,770
0.128919,769
0.129221,768
0.129529,767
0.129807,766
0.130051,765
0.132854,764
0.138592,763
0.171105,762
0.1913,761
0.191735,760
0.19303,759
0.244215,758
0.29345,757
0.310653,756
0.310937,755
0.311193,754
0.311455,753
0.411131,752
0.450551,751
0.450847,750
0.495957,749
0.496218,748
0.496447,747
0.498049,746
0.616764,745
0.617536,744
0.617785,743
0.65281,742
0.65586,741
0.657702,740
1.23631,739
1.33147,738
1.33175,737
1.47893,736
1.48668,735
1.48954,734
1.48979,733
6.11364,732
6.18353,731
6.24042,730
7.1496,729
7.15061,728
8.53564,727
8.60208,726
49.6713,725
92.1679,724
121.483,723
121.492,722
146.758,721
317.693,720
