0.000297689,1023
0.000587971,1022
0.000841175,1021
0.00108965,1020
0.00133685,1019
0.00158889,1018
0.00184922,1017
0.00210059,1016
0.00236723,1015
0.00263019,1014
0.00289323,1013
0.00315581,1012
0.00341811,1011
0.00368449,1010
0.00396643,1009
0.00422873,1008
0.00448951,1007
0.00475039,1006
0.00501136,1005
0.00527263,1004
0.00553458,1003
0.00580038,1002
0.00606141,1001
0.00632172,1000
0.00659631,999
0.00685799,998
0.00711927,997
0.00738258,996
0.00764527,995
0.00790798,994
0.00816941,993
0.0084314,992
0.00869036,991
0.0089643,990
0.00924813,989
0.00952238,988
0.00979641,987
0.0138465,986
0.0141237,985
0.0143909,984
0.0146557,983
0.014919,982
0.0151856,981
0.015453,980
0.0157209,979
0.0159897,978
0.0162571,977
0.0165232,976
0.0167888,975
0.017054,974
0.0173152,973
0.017584,972
0.0178561,971
0.0181251,970
0.0183948,969
0.018664,968
0.0189323,967
0.0192008,966
0.019469,965
0.0197386,964
0.0200071,963
0.0202769,962
0.0205371,961
0.0207998,960
0.0210692,959
0.0213326,958
0.0215999,957
0.0218683,956
0.0221339,955
0.0224001,954
0.0226654,953
0.0229307,952
0.0231975,951
0.0234635,950
0.0297547,949
0.0300452,948
0.0303153,947
0.0307063,946
0.0309731,945
0.0312368,944
0.0316205,943
0.0319015,942
0.0321671,941
0.0324309,940
0.032691,939
0.0329526,938
0.0346591,937
0.0349415,936
0.0352164,935
0.0354806,934
0.0357452,933
0.0360118,932
0.0362766,931
0.0365382,930
0.0384915,929
0.0387588,928
0.0390489,927
0.0392947,926
0.0398625,925
0.0402065,924
0.0404722,923
0.0407359,922
0.0409978,921
0.0412601,920
0.0415249,919
0.0417858,918
0.0420486,917
0.0423102,916
0.0425707,915
0.0428319,914
0.043091,913
0.0500797,912
0.0503446,911
0.050604,910
0.0508629,909
0.0511213,908
0.0513838,907
0.0516466,906
0.0519095,905
0.0521769,904
0.0524489,903
0.052719,902
0.0529991,901
0.053268,900
0.0535403,899
0.0538094,898
0.0540744,897
0.054348,896
0.0546181,895
0.054889,894
0.0551761,893
0.055442,892
0.0557014,891
0.0559605,890
0.0562156,889
0.0564799,888
0.0567368,887
0.0569969,886
0.0572558,885
0.0575129,884
0.0577706,883
0.0580257,882
0.0582816,881
0.0585372,880
0.0587987,879
0.059053,878
0.0593166,877
0.0595701,876
0.0598286,875
0.0632273,874
0.0634966,873
0.0637593,872
0.0640204,871
0.0642812,870
0.0645381,869
0.0648015,868
0.0650578,867
0.0653196,866
0.0655759,865
0.0658363,864
0.0660939,863
0.066352,862
0.066609,861
0.0668714,860
0.0671264,859
0.067382,858
0.0676453,857
0.0679019,856
0.0681642,855
0.0684295,854
0.068685,853
0.0689463,852
0.0696954,851
0.069951,850
0.0702072,849
0.0704616,848
0.070722,847
0.0709775,846
0.0712339,845
0.0714655,844
0.0717163,843
0.0719683,842
0.0722219,841
0.0724756,840
0.072728,839
0.0729803,838
0.0768584,837
0.0771264,836
0.0773895,835
0.0776467,834
0.0779062,833
0.0781642,832
0.0784368,831
0.0786959,830
0.0794362,829
0.0796916,828
0.0799493,827
0.0802061,826
0.0804334,825
0.0806941,824
0.0809448,823
0.0812011,822
0.0814532,821
0.0817125,820
0.0819695,819
0.0822215,818
0.0824789,817
0.082734,816
0.0829873,815
0.0837334,814
0.0840021,813
0.0842492,812
0.0845023,811
0.0847634,810
0.0850144,809
0.085772,808
0.0860286,807
0.0917979,806
0.0920858,805
0.0923591,804
0.0926218,803
0.0938757,802
0.0941331,801
0.0944043,800
0.0946539,799
0.094906,798
0.0956732,797
0.0959357,796
0.0962015,795
0.0964608,794
0.0967235,793
0.0969545,792
0.0976621,791
0.0979125,790
0.0981476,789
0.100646,788
0.107156,787
0.107431,786
0.108203,785
0.108482,784
0.108757,783
0.109015,782
0.111276,781
0.112045,780
0.112341,779
0.113142,778
0.114445,777
0.1147,776
0.124001,775
0.124696,774
0.125066,773
0.155973,772
0.156251,771
0.161216,770
0.162103,769
0.162364,768
0.199488,767
0.199827,766
0.211347,765
0.21162,764
0.212409,763
0.214779,762
0.215063,761
0.25223,760
0.25716,759
0.257427,758
0.28154,757
0.281802,756
0.289318,755
0.289616,754
0.362905,753
0.363172,752
0.364509,751
0.364764,750
0.36506,749
0.418593,748
0.550019,747
0.550279,746
0.550533,745
0.841739,744
0.841998,743
0.969582,742
0.96987,741
1.03134,740
1.03229,739
1.6336,738
1.71846,737
1.79005,736
1.79991,735
1.87884,734
2.10237,733
2.12392,732
2.16963,731
2.17982,730
2.18009,729
2.18037,728
2.18563,727
25.5959,726
27.1326,725
27.133,724
183.297,723
183.298,722
183.298,721
183.299,720
183.304,719
734.875,718
734.881,717
