0.000287388,1023
0.00059533,1022
0.000885233,1021
0.00117168,1020
0.00146446,1019
0.00174125,1018
0.00201282,1017
0.0022821,1016
0.00255294,1015
0.00282111,1014
0.00309001,1013
0.00335995,1012
0.00362938,1011
0.00510325,1010
0.00587924,1009
0.00616391,1008
0.00643659,1007
0.00670946,1006
0.00697065,1005
0.00724272,1004
0.00751538,1003
0.00837647,1002
0.00865128,1001
0.0089114,1000
0.00917031,999
0.00943013,998
0.00968959,997
0.011622,996
0.0118999,995
0.0121725,994
0.0124431,993
0.0127155,992
0.0129983,991
0.0131627,990
0.0133229,989
0.0134808,988
0.0136439,987
0.0138029,986
0.0139612,985
0.0141205,984
0.0142865,983
0.014444,982
0.0146027,981
0.0147606,980
0.0149176,979
0.0150795,978
0.0152421,977
0.0153992,976
0.0155581,975
0.015716,974
0.0158732,973
0.0160306,972
0.0162888,971
0.0165658,970
0.016838,969
0.0170267,968
0.0172447,967
0.0175076,966
0.0177754,965
0.0180388,964
0.018303,963
0.0185663,962
0.0188304,961
0.019094,960
0.0193568,959
0.0196203,958
0.0198839,957
0.0201467,956
0.0204125,955
0.020679,954
0.020944,953
0.0212093,952
0.0214735,951
0.0217357,950
0.0219977,949
0.0222593,948
0.0225236,947
0.0227859,946
0.023554,945
0.023819,944
0.0240817,943
0.0243452,942
0.024609,941
0.0248727,940
0.0251371,939
0.0254021,938
0.0261755,937
0.0264391,936
0.0267046,935
0.0269734,934
0.0272364,933
0.0275026,932
0.0277772,931
0.0280493,930
0.0283221,929
0.0285928,928
0.0288625,927
0.0291306,926
0.0293993,925
0.0332019,924
0.0334705,923
0.0337316,922
0.0339957,921
0.0342569,920
0.0345162,919
0.0347765,918
0.0350389,917
0.0353004,916
0.0355595,915
0.03582,914
0.0360797,913
0.0363402,912
0.0365989,911
0.0368587,910
0.0371289,909
0.0373914,908
0.037652,907
0.0379148,906
0.0381764,905
0.0384355,904
0.0386898,903
0.0389531,902
0.039213,901
0.0394736,900
0.039718,899
0.0399667,898
0.0402305,897
0.0409012,896
0.0416618,895
0.0419275,894
0.0421883,893
0.0424529,892
0.0432145,891
0.0493239,890
0.0496021,889
0.0498597,888
0.0501186,887
0.0504429,886
0.0507863,885
0.0511054,884
0.0513818,883
0.0516407,882
0.051903,881
0.0521567,880
0.0524164,879
0.0526791,878
0.0529568,877
0.05324,876
0.0535066,875
0.0537711,874
0.0540311,873
0.0542939,872
0.0545514,871
0.0548115,870
0.0550693,869
0.0553269,868
0.0555796,867
0.055843,866
0.0560994,865
0.0564299,864
0.0566881,863
0.0569443,862
0.0572197,861
0.0578209,860
0.0581411,859
0.0583982,858
0.0586541,857
0.0589094,856
0.0591676,855
0.0594322,854
0.0620838,853
0.0623498,852
0.0626068,851
0.062861,850
0.0631162,849
0.0633722,848
0.0636292,847
0.0638898,846
0.0641477,845
0.0644099,844
0.0646677,843
0.0649266,842
0.0651889,841
0.0654437,840
0.0657084,839
0.0659661,838
0.0662233,837
0.0664793,836
0.0667348,835
0.0669902,834
0.0672564,833
0.0675111,832
0.0677811,831
0.0685361,830
0.0688024,829
0.0690557,828
0.069309,827
0.069563,826
0.0698172,825
0.0700774,824
0.0703479,823
0.070609,822
0.0708673,821
0.0711204,820
0.0713817,819
0.0716378,818
0.0718907,817
0.0773076,816
0.0775683,815
0.077854,814
0.0781087,813
0.0783621,812
0.0791166,811
0.0793889,810
0.0801587,809
0.0804194,808
0.0806757,807
0.0809286,806
0.081187,805
0.0814545,804
0.0822081,803
0.0824563,802
0.0827172,801
0.0829762,800
0.083229,799
0.0849833,798
0.0852412,797
0.0854892,796
0.0857423,795
0.0859908,794
0.0862456,793
0.0865083,792
0.0867626,791
0.0909629,790
0.0940255,789
0.0945989,788
0.0948533,787
0.0951664,786
0.0954481,785
0.0968702,784
0.0972654,783
0.0980151,782
0.0982678,781
0.0985191,780
0.107213,779
0.107484,778
0.108292,777
0.108558,776
0.108841,775
0.109685,774
0.114202,773
0.126722,772
0.139758,771
0.209888,770
0.216722,769
0.222585,768
0.222845,767
0.223088,766
0.223806,765
0.225198,764
0.28391,763
0.325689,762
0.325996,761
0.365383,760
0.367203,759
0.370981,758
0.402575,757
0.406909,756
0.421525,755
0.476755,754
0.477037,753
0.477308,752
0.478062,751
0.522752,750
0.523008,749
0.624281,748
0.655868,747
0.656128,746
0.699479,745
0.699735,744
0.701072,743
0.7014,742
0.74755,741
0.870694,740
0.870982,739
0.93813,738
0.967535,737
0.967799,736
0.984115,735
1.26198,734
1.26228,733
1.26415,732
1.34772,731
1.3533,730
1.35358,729
1.35385,728
5.47554,727
43.8579,726
100.058,725
101.949,724
102.283,723
102.285,722
102.286,721
102.551,720
102.551,719
