0.000482998,1132
0.000937543,1131
0.00137135,1130
0.00180174,1129
0.00223773,1128
0.00268526,1127
0.00313621,1126
0.00358911,1125
0.00404304,1124
0.00449795,1123
0.00495134,1122
0.00540476,1121
0.00773407,1120
0.00825632,1119
0.00871184,1118
0.00916809,1117
0.00962753,1116
0.0100895,1115
0.0105555,1114
0.0110207,1113
0.0114813,1112
0.0119416,1111
0.0124014,1110
0.0128594,1109
0.0133195,1108
0.0137766,1107
0.0142335,1106
0.0146869,1105
0.0151418,1104
0.015594,1103
0.0160452,1102
0.0164987,1101
0.0169196,1100
0.0173486,1099
0.0222433,1098
0.0227373,1097
0.0231606,1096
0.0236063,1095
0.0240495,1094
0.0244691,1093
0.024892,1092
0.0253155,1091
0.0257295,1090
0.0261669,1089
0.0265744,1088
0.0269879,1087
0.0274015,1086
0.0278095,1085
0.0282121,1084
0.0286215,1083
0.0290334,1082
0.0294644,1081
0.0298935,1080
0.0303209,1079
0.0307468,1078
0.0311862,1077
0.0316148,1076
0.0402591,1075
0.0407607,1074
0.0412076,1073
0.0416447,1072
0.0420969,1071
0.0425557,1070
0.0430129,1069
0.0434762,1068
0.0439384,1067
0.0443954,1066
0.0448531,1065
0.0453093,1064
0.0457641,1063
0.0462185,1062
0.0466706,1061
0.0471213,1060
0.0475697,1059
0.0480189,1058
0.0484692,1057
0.0489159,1056
0.0493729,1055
0.0498111,1054
0.0517963,1053
0.0522645,1052
0.052726,1051
0.0531823,1050
0.0536384,1049
0.0540981,1048
0.0545572,1047
0.0550105,1046
0.0554668,1045
0.0559289,1044
0.0563887,1043
0.0568486,1042
0.0573091,1041
0.0577667,1040
0.0582248,1039
0.0586821,1038
0.0590755,1037
0.0594745,1036
0.0598971,1035
0.0603361,1034
0.0607753,1033
0.0612131,1032
0.061648,1031
0.0651186,1030
0.0655709,1029
0.0660074,1028
0.0664463,1027
0.0668865,1026
0.0673204,1025
0.0677563,1024
0.068193,1023
0.0686248,1022
0.0690601,1021
0.069493,1020
0.0699252,1019
0.0703599,1018
0.0707972,1017
0.0712286,1016
0.0716638,1015
0.0720929,1014
0.0725039,1013
0.0729153,1012
0.0733267,1011
0.0737386,1010
0.074151,1009
0.0745621,1008
0.0802122,1007
0.08066,1006
0.081093,1005
0.0815258,1004
0.0819597,1003
0.0823937,1002
0.0828269,1001
0.0832623,1000
0.0836883,999
0.084132,998
0.0845756,997
0.0850114,996
0.0854724,995
0.0860282,994
0.0874176,993
0.087854,992
0.0882864,991
0.0887196,990
0.0891495,989
0.0895796,988
0.0936242,987
0.0941414,986
0.0945712,985
0.0950057,984
0.0954431,983
0.0958724,982
0.0963001,981
0.0967338,980
0.0971683,979
0.0976057,978
0.0980518,977
0.0984991,976
0.0989469,975
0.0993902,974
0.0998334,973
0.100254,972
0.100693,971
0.101126,970
0.101562,969
0.102004,968
0.102455,967
0.102898,966
0.103347,965
0.110236,964
0.110683,963
0.111101,962
0.111536,961
0.111967,960
0.112399,959
0.112829,958
0.113258,957
0.113687,956
0.114112,955
0.114538,954
0.114966,953
0.115349,952
0.115745,951
0.116163,950
0.116547,949
0.116946,948
0.117352,947
0.117753,946
0.118955,945
0.119368,944
0.123936,943
0.124394,942
0.124854,941
0.125329,940
0.125782,939
0.126233,938
0.126681,937
0.127129,936
0.127576,935
0.128023,934
0.128479,933
0.128927,932
0.129378,931
0.129827,930
0.130275,929
0.130722,928
0.131168,927
0.131618,926
0.132066,925
0.132518,924
0.132966,923
0.137063,922
0.137532,921
0.138985,920
0.139472,919
0.139995,918
0.14052,917
0.141005,916
0.14153,915
0.142023,914
0.142536,913
0.143003,912
0.143537,911
0.144056,910
0.144563,909
0.145044,908
0.145562,907
0.146051,906
0.146573,905
0.151595,904
0.15206,903
0.152502,902
0.152943,901
0.153401,900
0.153878,899
0.154311,898
0.154748,897
0.155186,896
0.15563,895
0.156066,894
0.1565,893
0.156935,892
0.157371,891
0.157815,890
0.158251,889
0.158687,888
0.159121,887
0.159557,886
0.159992,885
0.161293,884
0.164388,883
0.16483,882
0.165264,881
0.165698,880
0.166135,879
0.16657,878
0.167005,877
0.167446,876
0.167878,875
0.168312,874
0.168753,873
0.169187,872
0.16962,871
0.170052,870
0.17049,869
0.17093,868
0.171364,867
0.1718,866
0.172232,865
0.172654,864
0.173064,863
0.173498,862
0.173935,861
0.175712,860
0.176165,859
0.176605,858
0.177039,857
0.177469,856
0.177905,855
0.178334,854
0.178771,853
0.179218,852
0.179673,851
0.180133,850
0.180584,849
0.181036,848
0.18236,847
0.182798,846
0.183234,845
0.183667,844
0.184102,843
0.184539,842
0.184972,841
0.187419,840
0.18787,839
0.188336,838
0.188783,837
0.189228,836
0.189671,835
0.190112,834
0.190553,833
0.191858,832
0.193175,831
0.193621,830
0.194069,829
0.194546,828
0.194995,827
0.195438,826
0.195887,825
0.196328,824
0.196776,823
0.197225,822
0.201053,821
0.201507,820
0.201968,819
0.202431,818
0.202887,817
0.203343,816
0.203804,815
0.204272,814
0.204733,813
0.20519,812
0.205655,811
0.206136,810
0.206644,809
0.207161,808
0.207667,807
0.208165,806
0.208625,805
0.209067,804
0.210349,803
0.215506,802
0.216021,801
0.216522,800
0.216998,799
0.218361,798
0.218804,797
0.219241,796
0.21968,795
0.220128,794
0.220573,793
0.221013,792
0.221453,791
0.221893,790
0.222336,789
0.222774,788
0.223237,787
0.223674,786
0.224114,785
0.224584,784
0.225024,783
0.227532,782
0.228012,781
0.228462,780
0.229764,779
0.230213,778
0.230748,777
0.231156,776
0.231695,775
0.232148,774
0.232596,773
0.233037,772
0.233489,771
0.233953,770
0.234399,769
0.235073,768
0.235809,767
0.236272,766
0.236723,765
0.237166,764
0.237615,763
0.239752,762
0.240216,761
0.240661,760
0.241128,759
0.24335,758
0.2438,757
0.244226,756
0.244658,755
0.24509,754
0.245517,753
0.245942,752
0.246366,751
0.246789,750
0.247211,749
0.247633,748
0.248061,747
0.248493,746
0.248922,745
0.249348,744
0.255604,743
0.256274,742
0.256867,741
0.257492,740
0.258071,739
0.258625,738
0.25924,737
0.260027,736
0.260639,735
0.261083,734
0.262351,733
0.262776,732
0.263201,731
0.263632,730
0.26406,729
0.264498,728
0.264945,727
0.265387,726
0.266727,725
0.270574,724
0.270998,723
0.271423,722
0.271845,721
0.272272,720
0.273565,719
0.306546,718
0.323647,717
0.324058,716
0.330793,715
0.331203,714
0.34923,713
0.349737,712
0.351727,711
0.353739,710
0.35416,709
0.356937,708
0.357329,707
0.35771,706
0.374592,705
0.438247,704
0.43867,703
0.443804,702
0.444227,701
0.444636,700
0.44504,699
0.445461,698
0.445874,697
0.45205,696
0.452555,695
0.453034,694
0.453487,693
0.453934,692
0.454392,691
0.468886,690
0.469324,689
0.469722,688
0.473425,687
0.473875,686
0.474329,685
0.535799,684
0.537129,683
0.537589,682
0.538051,681
0.545265,680
0.610928,679
0.613095,678
0.624717,677
0.625227,676
0.62568,675
0.63716,674
0.737066,673
0.737523,672
0.737994,671
0.742952,670
0.749931,669
0.750393,668
0.750832,667
0.751276,666
0.756893,665
0.760096,664
0.760549,663
0.762705,662
0.765428,661
0.769226,660
0.795035,659
0.795524,658
0.798724,657
0.800053,656
0.822251,655
0.822752,654
0.825008,653
0.858166,652
0.922004,651
0.92247,650
0.948882,649
0.956538,648
0.956998,647
1.14867,646
1.15053,645
1.20852,644
1.21258,643
1.21487,642
1.21533,641
1.21577,640
1.21707,639
1.21745,638
1.47801,637
1.50488,636
1.89395,635
2.47146,634
2.51257,633
2.70082,632
2.72212,631
3.11904,630
3.31377,629
3.31601,628
3.33638,627
3.36392,626
3.36538,625
4.00515,624
4.35431,623
4.37059,622
5.01479,621
5.37212,620
6.2207,619
6.77041,618
6.77094,617
6.77145,616
6.78373,615
6.78959,614
6.79005,613
6.87054,612
6.87198,611
14.7507,610
14.922,609
14.9225,608
14.924,607
341.114,606
1002.62,605
1194.4,604
