0.000490428,1132
0.000961662,1131
0.00141554,1130
0.0018639,1129
0.00230983,1128
0.00275581,1127
0.00320405,1126
0.00364822,1125
0.00409237,1124
0.00453805,1123
0.00498435,1122
0.0138087,1121
0.014294,1120
0.0147659,1119
0.015229,1118
0.0156972,1117
0.0161433,1116
0.0165911,1115
0.0170378,1114
0.0174828,1113
0.0179263,1112
0.01837,1111
0.0188171,1110
0.0192524,1109
0.0196645,1108
0.0200813,1107
0.0204925,1106
0.020893,1105
0.0213008,1104
0.02171,1103
0.0221191,1102
0.0225346,1101
0.0229422,1100
0.0271239,1099
0.0276369,1098
0.0280851,1097
0.028528,1096
0.0289701,1095
0.0294225,1094
0.0298637,1093
0.0303163,1092
0.0307735,1091
0.0312265,1090
0.0316704,1089
0.0321182,1088
0.0325686,1087
0.0330155,1086
0.0334547,1085
0.0338919,1084
0.0343358,1083
0.0347817,1082
0.035225,1081
0.0356655,1080
0.0361106,1079
0.0365546,1078
0.0434539,1077
0.0439942,1076
0.0444456,1075
0.0448921,1074
0.0453344,1073
0.0457777,1072
0.0462228,1071
0.0466648,1070
0.0471202,1069
0.0475481,1068
0.0479861,1067
0.0484245,1066
0.0488657,1065
0.0493102,1064
0.0497525,1063
0.050194,1062
0.050644,1061
0.0510955,1060
0.0515529,1059
0.0520114,1058
0.0524664,1057
0.0570219,1056
0.0574685,1055
0.0578875,1054
0.0583084,1053
0.0587261,1052
0.059144,1051
0.0595549,1050
0.0599837,1049
0.0603972,1048
0.0608185,1047
0.0612386,1046
0.0616514,1045
0.0620808,1044
0.0624968,1043
0.0629238,1042
0.0633359,1041
0.0637509,1040
0.064174,1039
0.0645865,1038
0.0650109,1037
0.0654218,1036
0.0658353,1035
0.0662558,1034
0.0695293,1033
0.070021,1032
0.0704523,1031
0.0708961,1030
0.0713416,1029
0.0717823,1028
0.0722249,1027
0.0726488,1026
0.0730847,1025
0.0735207,1024
0.0739753,1023
0.0744225,1022
0.0748695,1021
0.0753187,1020
0.0757821,1019
0.0762359,1018
0.0766484,1017
0.0771207,1016
0.0775946,1015
0.0780658,1014
0.0785309,1013
0.0789969,1012
0.0848141,1011
0.0853349,1010
0.0857605,1009
0.086189,1008
0.0866155,1007
0.0870493,1006
0.087484,1005
0.0879173,1004
0.0883745,1003
0.0896561,1002
0.0901007,1001
0.0905381,1000
0.0909711,999
0.0914169,998
0.0918492,997
0.0922924,996
0.0927251,995
0.0931467,994
0.0935849,993
0.0940161,992
0.0944494,991
0.0971559,990
0.0976738,989
0.0981433,988
0.098609,987
0.0990609,986
0.0995105,985
0.099937,984
0.100377,983
0.100801,982
0.101237,981
0.101664,980
0.102104,979
0.102536,978
0.102961,977
0.103394,976
0.103825,975
0.104252,974
0.104671,973
0.105092,972
0.105519,971
0.105943,970
0.106358,969
0.10678,968
0.112443,967
0.112936,966
0.113396,965
0.113858,964
0.114323,963
0.114776,962
0.115229,961
0.116541,960
0.116988,959
0.11743,958
0.117873,957
0.118312,956
0.11877,955
0.11923,954
0.119683,953
0.120135,952
0.12059,951
0.121042,950
0.121493,949
0.121945,948
0.125272,947
0.125734,946
0.126663,945
0.127114,944
0.127553,943
0.127993,942
0.128435,941
0.128876,940
0.12932,939
0.129759,938
0.130201,937
0.130646,936
0.131095,935
0.131545,934
0.132006,933
0.132461,932
0.132914,931
0.133412,930
0.133856,929
0.134313,928
0.134743,927
0.135182,926
0.135627,925
0.139226,924
0.139672,923
0.140127,922
0.140588,921
0.141038,920
0.141488,919
0.141938,918
0.142392,917
0.142841,916
0.143291,915
0.143741,914
0.144189,913
0.144637,912
0.145088,911
0.146412,910
0.146866,909
0.147318,908
0.14777,907
0.148217,906
0.148664,905
0.149218,904
0.149672,903
0.151004,902
0.151454,901
0.151904,900
0.152353,899
0.152801,898
0.153252,897
0.153701,896
0.154148,895
0.15461,894
0.155069,893
0.155526,892
0.155984,891
0.156446,890
0.15692,889
0.157389,888
0.157846,887
0.158308,886
0.158758,885
0.161987,884
0.162479,883
0.163026,882
0.163518,881
0.163961,880
0.164397,879
0.164831,878
0.165309,877
0.165747,876
0.166181,875
0.166638,874
0.167076,873
0.167515,872
0.168555,871
0.169044,870
0.169656,869
0.170179,868
0.170677,867
0.171171,866
0.171623,865
0.172074,864
0.178452,863
0.178979,862
0.179427,861
0.179878,860
0.180331,859
0.180782,858
0.181227,857
0.181673,856
0.18215,855
0.182603,854
0.183055,853
0.183511,852
0.183964,851
0.184411,850
0.184863,849
0.18531,848
0.18576,847
0.186204,846
0.186649,845
0.187098,844
0.187542,843
0.187983,842
0.189735,841
0.190221,840
0.190672,839
0.191127,838
0.191605,837
0.192049,836
0.193359,835
0.193801,834
0.194243,833
0.194687,832
0.195141,831
0.19559,830
0.196039,829
0.196486,828
0.19693,827
0.197391,826
0.197819,825
0.198246,824
0.198682,823
0.199111,822
0.19954,821
0.20282,820
0.203305,819
0.205138,818
0.205662,817
0.206195,816
0.207134,815
0.207679,814
0.208222,813
0.208753,812
0.210867,811
0.211386,810
0.214056,809
0.214511,808
0.221251,807
0.221686,806
0.222115,805
0.222544,804
0.222983,803
0.224262,802
0.224698,801
0.225131,800
0.22557,799
0.226008,798
0.226447,797
0.226879,796
0.227302,795
0.227696,794
0.228095,793
0.228501,792
0.22891,791
0.229337,790
0.263678,789
0.264116,788
0.264484,787
0.264848,786
0.26522,785
0.265621,784
0.266022,783
0.266434,782
0.26688,781
0.267313,780
0.267744,779
0.268173,778
0.2686,777
0.269033,776
0.269483,775
0.269942,774
0.270379,773
0.270822,772
0.271261,771
0.271702,770
0.272149,769
0.290355,768
0.29081,767
0.292124,766
0.292571,765
0.293025,764
0.293475,763
0.293916,762
0.294358,761
0.295673,760
0.296083,759
0.297278,758
0.29768,757
0.313035,756
0.313498,755
0.31393,754
0.314359,753
0.316504,752
0.316934,751
0.317365,750
0.317791,749
0.321529,748
0.322135,747
0.322596,746
0.323032,745
0.325546,744
0.341035,743
0.341501,742
0.343608,741
0.344842,740
0.346163,739
0.347471,738
0.347935,737
0.348389,736
0.367372,735
0.369457,734
0.36988,733
0.370287,732
0.370695,731
0.372676,730
0.374704,729
0.375126,728
0.375543,727
0.385519,726
0.385987,725
0.386449,724
0.386899,723
0.393172,722
0.393629,721
0.394907,720
0.404704,719
0.40527,718
0.406851,717
0.408344,716
0.421981,715
0.4234,714
0.443663,713
0.469069,712
0.469568,711
0.470012,710
0.470456,709
0.470897,708
0.486848,707
0.488158,706
0.48867,705
0.490039,704
0.490594,703
0.518387,702
0.518858,701
0.547617,700
0.548092,699
0.55873,698
0.559221,697
0.559694,696
0.561045,695
0.561499,694
0.56193,693
0.562389,692
0.564855,691
0.565305,690
0.565751,689
0.585319,688
0.585753,687
0.586231,686
0.593523,685
0.594005,684
0.594478,683
0.595014,682
0.620297,681
0.620771,680
0.621218,679
0.622513,678
0.624571,677
0.696683,676
0.701094,675
0.702433,674
0.752164,673
0.753495,672
0.801146,671
0.801643,670
0.802089,669
0.833453,668
0.835063,667
0.835556,666
0.86621,665
0.952804,664
0.953302,663
0.953824,662
0.954284,661
0.954719,660
0.955203,659
0.955657,658
0.956111,657
0.961242,656
0.967676,655
0.968151,654
0.996014,653
0.996493,652
1.07782,651
1.07832,650
1.07878,649
1.08377,648
1.09211,647
1.09256,646
1.09561,645
1.09694,644
1.25967,643
1.26028,642
1.3371,641
1.33756,640
1.45372,639
1.46294,638
1.46348,637
1.89111,636
1.89156,635
1.89199,634
1.91138,633
2.00852,632
2.00902,631
2.00949,630
2.58557,629
2.58606,628
2.58933,627
2.60176,626
2.60412,625
2.60936,624
2.61074,623
2.61596,622
2.61642,621
2.61774,620
4.97868,619
4.98026,618
4.98084,617
7.75168,616
8.0009,615
10.6879,614
10.6894,613
10.8925,612
13.0385,611
13.039,610
66.6921,609
82.6711,608
106.73,607
110.679,606
467.087,605
1613.05,604
