0.000579934,1132
0.00105533,1131
0.0014933,1130
0.00194254,1129
0.00239425,1128
0.00284956,1127
0.00330101,1126
0.00375526,1125
0.00420325,1124
0.00465555,1123
0.00517789,1122
0.00563107,1121
0.00608182,1120
0.00653352,1119
0.00698228,1118
0.00743093,1117
0.00788008,1116
0.00980855,1115
0.010305,1114
0.0107528,1113
0.0111999,1112
0.0116445,1111
0.0120879,1110
0.0125311,1109
0.0129748,1108
0.0134288,1107
0.0138774,1106
0.014324,1105
0.0147716,1104
0.0152207,1103
0.0156667,1102
0.0161152,1101
0.0165658,1100
0.0170171,1099
0.0174696,1098
0.0178721,1097
0.0182701,1096
0.0186781,1095
0.0190861,1094
0.01952,1093
0.0215181,1092
0.0219583,1091
0.0223853,1090
0.0228275,1089
0.0232779,1088
0.0237303,1087
0.0241837,1086
0.0246401,1085
0.0251002,1084
0.0255578,1083
0.0260177,1082
0.0264771,1081
0.0269348,1080
0.0273924,1079
0.0278516,1078
0.0283087,1077
0.0287612,1076
0.0292127,1075
0.0296656,1074
0.0301147,1073
0.0305641,1072
0.0310215,1071
0.0327425,1070
0.0331938,1069
0.0336171,1068
0.0340373,1067
0.0344587,1066
0.0348808,1065
0.035321,1064
0.036004,1063
0.0364534,1062
0.0368962,1061
0.0374476,1060
0.0378906,1059
0.0383318,1058
0.0404755,1057
0.0409446,1056
0.0414125,1055
0.041852,1054
0.0422869,1053
0.0427233,1052
0.0456837,1051
0.0461142,1050
0.0465241,1049
0.0469927,1048
0.0474076,1047
0.0478167,1046
0.0482403,1045
0.0486481,1044
0.0490548,1043
0.0494594,1042
0.0501805,1041
0.0510443,1040
0.0514834,1039
0.0519186,1038
0.0523531,1037
0.0527872,1036
0.0532241,1035
0.053657,1034
0.0540949,1033
0.0545308,1032
0.0549655,1031
0.0553925,1030
0.055825,1029
0.0645431,1028
0.0650057,1027
0.0654403,1026
0.0658759,1025
0.0663133,1024
0.0667521,1023
0.0671599,1022
0.0675627,1021
0.0679711,1020
0.0683825,1019
0.0687932,1018
0.0692037,1017
0.0696118,1016
0.0700162,1015
0.0704244,1014
0.0708339,1013
0.0712431,1012
0.0716503,1011
0.0720586,1010
0.0724676,1009
0.0728696,1008
0.0732646,1007
0.0736572,1006
0.0740441,1005
0.0771116,1004
0.077575,1003
0.0780164,1002
0.0784505,1001
0.0788822,1000
0.079314,999
0.0797471,998
0.080177,997
0.0809471,996
0.0841348,995
0.0845964,994
0.0858092,993
0.0862593,992
0.0866917,991
0.0871238,990
0.0875582,989
0.0879867,988
0.0884185,987
0.0888505,986
0.0892835,985
0.0897156,984
0.0901546,983
0.0905828,982
0.0970077,981
0.0974471,980
0.0978771,979
0.0983111,978
0.0987604,977
0.0991959,976
0.0996295,975
0.100119,974
0.100665,973
0.101186,972
0.101625,971
0.102051,970
0.102477,969
0.102903,968
0.103334,967
0.10376,966
0.10419,965
0.104625,964
0.105057,963
0.105482,962
0.105911,961
0.106341,960
0.109854,959
0.110346,958
0.110789,957
0.111213,956
0.111645,955
0.112088,954
0.112535,953
0.112974,952
0.113414,951
0.113864,950
0.114317,949
0.114768,948
0.115195,947
0.115624,946
0.116065,945
0.11649,944
0.116924,943
0.11737,942
0.117811,941
0.118248,940
0.118696,939
0.119141,938
0.119581,937
0.12598,936
0.126447,935
0.126889,934
0.127329,933
0.127772,932
0.128217,931
0.128662,930
0.129111,929
0.129555,928
0.12997,927
0.130392,926
0.130816,925
0.131242,924
0.131667,923
0.132091,922
0.132518,921
0.13377,920
0.135051,919
0.135495,918
0.138137,917
0.138605,916
0.139072,915
0.13953,914
0.139993,913
0.140444,912
0.140892,911
0.141336,910
0.141783,909
0.14223,908
0.142677,907
0.143123,906
0.144465,905
0.144931,904
0.145401,903
0.145866,902
0.14634,901
0.146813,900
0.147279,899
0.151875,898
0.1524,897
0.153293,896
0.153786,895
0.154288,894
0.15477,893
0.15528,892
0.155745,891
0.156231,890
0.156698,889
0.15719,888
0.15767,887
0.158193,886
0.158686,885
0.159188,884
0.159836,883
0.160328,882
0.160875,881
0.161379,880
0.161872,879
0.16233,878
0.168453,877
0.168969,876
0.169415,875
0.170398,874
0.170843,873
0.171288,872
0.171722,871
0.172162,870
0.173439,869
0.173871,868
0.174299,867
0.17473,866
0.175329,865
0.17661,864
0.177047,863
0.177497,862
0.17831,861
0.17872,860
0.179157,859
0.181512,858
0.181973,857
0.182439,856
0.182899,855
0.183355,854
0.183822,853
0.184281,852
0.185598,851
0.186035,850
0.186462,849
0.186888,848
0.18742,847
0.18788,846
0.188329,845
0.188787,844
0.18924,843
0.189736,842
0.190222,841
0.190666,840
0.191113,839
0.195343,838
0.195846,837
0.196278,836
0.196709,835
0.197138,834
0.197553,833
0.198799,832
0.199238,831
0.199676,830
0.20189,829
0.202334,828
0.202772,827
0.20324,826
0.203687,825
0.204133,824
0.204579,823
0.205023,822
0.209679,821
0.21013,820
0.210578,819
0.21101,818
0.211459,817
0.211901,816
0.212354,815
0.212808,814
0.213267,813
0.213731,812
0.214171,811
0.214603,810
0.215914,809
0.216337,808
0.216752,807
0.217203,806
0.217641,805
0.218093,804
0.21854,803
0.219003,802
0.22028,801
0.220785,800
0.221286,799
0.221789,798
0.222302,797
0.223672,796
0.226641,795
0.227069,794
0.227509,793
0.227942,792
0.228372,791
0.228802,790
0.229232,789
0.229675,788
0.230132,787
0.233961,786
0.234752,785
0.236251,784
0.236692,783
0.237149,782
0.237588,781
0.238024,780
0.238459,779
0.239765,778
0.240209,777
0.240785,776
0.241225,775
0.24255,774
0.243002,773
0.243451,772
0.243892,771
0.249686,770
0.25013,769
0.250608,768
0.251059,767
0.251505,766
0.252007,765
0.252729,764
0.253174,763
0.253701,762
0.254144,761
0.254588,760
0.255032,759
0.255469,758
0.255908,757
0.256353,756
0.256793,755
0.257229,754
0.257675,753
0.258957,752
0.259387,751
0.259837,750
0.260801,749
0.261231,748
0.261657,747
0.262081,746
0.26335,745
0.263759,744
0.264156,743
0.264565,742
0.264991,741
0.265467,740
0.265974,739
0.266462,738
0.266948,737
0.267437,736
0.27213,735
0.272587,734
0.273061,733
0.273518,732
0.273974,731
0.274437,730
0.274903,729
0.275368,728
0.27584,727
0.279694,726
0.280134,725
0.286112,724
0.287413,723
0.28785,722
0.328282,721
0.328728,720
0.329159,719
0.329581,718
0.331901,717
0.357331,716
0.35873,715
0.359194,714
0.360537,713
0.36096,712
0.361379,711
0.36179,710
0.43234,709
0.432758,708
0.434725,707
0.445273,706
0.445737,705
0.44621,704
0.448349,703
0.450308,702
0.450702,701
0.451104,700
0.451484,699
0.45189,698
0.452269,697
0.452651,696
0.532336,695
0.532777,694
0.533224,693
0.533656,692
0.542547,691
0.579151,690
0.579624,689
0.580139,688
0.605734,687
0.643497,686
0.645744,685
0.650451,684
0.655332,683
0.684788,682
0.685186,681
0.690988,680
0.69145,679
0.711533,678
0.711981,677
0.713913,676
0.714358,675
0.714795,674
0.716144,673
0.716573,672
0.718796,671
0.748013,670
0.74847,669
0.748941,668
0.74943,667
0.749877,666
0.772957,665
0.773406,664
0.800276,663
0.879677,662
0.943444,661
1.07774,660
1.07911,659
1.07958,658
1.08092,657
1.08317,656
1.08361,655
1.08406,654
1.08453,653
1.085,652
1.08545,651
1.42716,650
1.42757,649
1.45085,648
1.78458,647
1.78503,646
2.38465,645
2.40921,644
2.40967,643
2.41009,642
2.4105,641
3.23006,640
3.23057,639
3.23104,638
3.23513,637
3.23567,636
3.23884,635
3.23934,634
4.97682,633
5.4827,632
5.61221,631
5.6128,630
5.61334,629
5.61389,628
5.61533,627
5.64138,626
6.25255,625
6.25308,624
6.26052,623
7.59841,622
7.63286,621
7.63422,620
7.64225,619
7.64292,618
7.64341,617
10.3187,616
14.0324,615
14.0359,614
14.0364,613
17.5626,612
18.9035,611
20.0766,610
89.2279,609
114.165,608
114.166,607
114.167,606
1322.2,605
1437.4,604
1437.4,603
