0.00045436,1132
0.000920052,1131
0.00139596,1130
0.00610208,1129
0.00657254,1128
0.00700769,1127
0.00741863,1126
0.00784613,1125
0.00826114,1124
0.00895042,1123
0.0184887,1122
0.0189588,1121
0.0194061,1120
0.019853,1119
0.0204205,1118
0.0209497,1117
0.0221017,1116
0.0227214,1115
0.023189,1114
0.0236192,1113
0.0240584,1112
0.0245006,1111
0.0249427,1110
0.0253845,1109
0.0258267,1108
0.0262642,1107
0.0266799,1106
0.027124,1105
0.0275651,1104
0.0280067,1103
0.0284465,1102
0.0288878,1101
0.0293297,1100
0.03098,1099
0.0314134,1098
0.0318283,1097
0.0322326,1096
0.0326592,1095
0.0331108,1094
0.0335549,1093
0.033996,1092
0.0344394,1091
0.0348805,1090
0.0353004,1089
0.0357458,1088
0.0361916,1087
0.0366347,1086
0.0370743,1085
0.0375032,1084
0.0379436,1083
0.0383537,1082
0.0387665,1081
0.0391771,1080
0.0395866,1079
0.0399948,1078
0.040403,1077
0.0482592,1076
0.0487042,1075
0.0491102,1074
0.04952,1073
0.0499319,1072
0.0503367,1071
0.0507431,1070
0.0511477,1069
0.0515489,1068
0.0519582,1067
0.0523641,1066
0.052772,1065
0.0531731,1064
0.0536001,1063
0.0540473,1062
0.0544586,1061
0.0548802,1060
0.0552844,1059
0.0557047,1058
0.0561454,1057
0.056581,1056
0.0570226,1055
0.0574451,1054
0.0578723,1053
0.0624132,1052
0.0628771,1051
0.0633192,1050
0.0637586,1049
0.0642951,1048
0.0648299,1047
0.0653154,1046
0.0657515,1045
0.0661835,1044
0.0666171,1043
0.067051,1042
0.067485,1041
0.0679198,1040
0.0683547,1039
0.0687793,1038
0.0692116,1037
0.069645,1036
0.0700782,1035
0.0705113,1034
0.0709454,1033
0.071378,1032
0.0718099,1031
0.0787191,1030
0.0791818,1029
0.0796281,1028
0.0800738,1027
0.0805207,1026
0.0809689,1025
0.0814256,1024
0.0818843,1023
0.0823085,1022
0.0827261,1021
0.0831678,1020
0.0836014,1019
0.0840354,1018
0.0844682,1017
0.0849024,1016
0.085323,1015
0.0857398,1014
0.08616,1013
0.0865791,1012
0.0869704,1011
0.0873884,1010
0.0878129,1009
0.0882474,1008
0.0913625,1007
0.0918219,1006
0.0922543,1005
0.092686,1004
0.0931182,1003
0.0935517,1002
0.0939827,1001
0.0944169,1000
0.0948507,999
0.0952867,998
0.0957211,997
0.096157,996
0.0965865,995
0.0970175,994
0.0974485,993
0.0978777,992
0.098308,991
0.0987667,990
0.0992208,989
0.0996739,988
0.100147,987
0.100626,986
0.103718,985
0.104197,984
0.104653,983
0.105109,982
0.105571,981
0.106056,980
0.106511,979
0.107974,978
0.108437,977
0.108896,976
0.109356,975
0.109858,974
0.111354,973
0.11191,972
0.112435,971
0.11294,970
0.1135,969
0.11398,968
0.114463,967
0.114998,966
0.115488,965
0.121694,964
0.122193,963
0.122653,962
0.123095,961
0.123555,960
0.124004,959
0.124463,958
0.124908,957
0.125365,956
0.125812,955
0.126274,954
0.126725,953
0.127183,952
0.127633,951
0.128084,950
0.128528,949
0.128976,948
0.129436,947
0.129869,946
0.130302,945
0.1316,944
0.135616,943
0.13607,942
0.136513,941
0.136961,940
0.137406,939
0.137853,938
0.138307,937
0.138711,936
0.139144,935
0.139611,934
0.140058,933
0.140511,932
0.14096,931
0.141414,930
0.141869,929
0.142324,928
0.142781,927
0.143244,926
0.143699,925
0.144158,924
0.144615,923
0.145073,922
0.149317,921
0.149763,920
0.150201,919
0.150638,918
0.151164,917
0.15161,916
0.152061,915
0.152497,914
0.152933,913
0.153369,912
0.153784,911
0.154225,910
0.154666,909
0.155108,908
0.15555,907
0.155992,906
0.156429,905
0.156868,904
0.157312,903
0.157758,902
0.158209,901
0.158638,900
0.159077,899
0.163078,898
0.163538,897
0.164902,896
0.165378,895
0.165838,894
0.166297,893
0.166757,892
0.167213,891
0.168535,890
0.168981,889
0.169432,888
0.169882,887
0.170325,886
0.170779,885
0.171871,884
0.172325,883
0.172775,882
0.173223,881
0.174177,880
0.174625,879
0.175076,878
0.175521,877
0.175965,876
0.176414,875
0.176858,874
0.177301,873
0.177766,872
0.178227,871
0.178693,870
0.179157,869
0.179614,868
0.180085,867
0.180566,866
0.181018,865
0.181466,864
0.18192,863
0.182378,862
0.182823,861
0.183357,860
0.183804,859
0.187727,858
0.1882,857
0.188653,856
0.189106,855
0.189557,854
0.190007,853
0.190452,852
0.1909,851
0.191343,850
0.191794,849
0.192233,848
0.192664,847
0.193094,846
0.193513,845
0.193939,844
0.1944,843
0.194872,842
0.19535,841
0.195824,840
0.196291,839
0.203736,838
0.204189,837
0.20465,836
0.205093,835
0.205535,834
0.205982,833
0.206424,832
0.206865,831
0.207305,830
0.207744,829
0.20819,828
0.208629,827
0.209069,826
0.209522,825
0.209967,824
0.21041,823
0.210849,822
0.211294,821
0.211745,820
0.212202,819
0.212641,818
0.213088,817
0.214441,816
0.214905,815
0.21535,814
0.215787,813
0.216227,812
0.216657,811
0.217106,810
0.217537,809
0.21798,808
0.218418,807
0.218872,806
0.219313,805
0.219753,804
0.220194,803
0.220635,802
0.221078,801
0.221516,800
0.222818,799
0.223254,798
0.223712,797
0.228121,796
0.229455,795
0.22993,794
0.2304,793
0.230875,792
0.231355,791
0.231835,790
0.23229,789
0.232764,788
0.23411,787
0.235434,786
0.235887,785
0.236328,784
0.240504,783
0.240976,782
0.241403,781
0.241836,780
0.242262,779
0.242721,778
0.243147,777
0.243573,776
0.243995,775
0.244436,774
0.24487,773
0.245341,772
0.245862,771
0.246299,770
0.246718,769
0.247973,768
0.248404,767
0.248828,766
0.249253,765
0.249684,764
0.250105,763
0.287266,762
0.287668,761
0.288052,760
0.288453,759
0.289704,758
0.29012,757
0.290535,756
0.290945,755
0.291372,754
0.291836,753
0.292271,752
0.292704,751
0.293151,750
0.293572,749
0.293996,748
0.311799,747
0.314224,746
0.314669,745
0.315117,744
0.316414,743
0.316853,742
0.318147,741
0.318587,740
0.319054,739
0.3195,738
0.319934,737
0.320368,736
0.333518,735
0.333929,734
0.334336,733
0.335493,732
0.335896,731
0.336286,730
0.337461,729
0.337888,728
0.338283,727
0.338672,726
0.339894,725
0.340332,724
0.340788,723
0.341228,722
0.341671,721
0.342106,720
0.359771,719
0.360231,718
0.362242,717
0.362719,716
0.364086,715
0.364545,714
0.364991,713
0.366281,712
0.366736,711
0.367175,710
0.385107,709
0.385593,708
0.386938,707
0.387421,706
0.389642,705
0.390079,704
0.390527,703
0.390976,702
0.407808,701
0.409103,700
0.441276,699
0.441773,698
0.455044,697
0.455494,696
0.45594,695
0.456374,694
0.47483,693
0.475296,692
0.476633,691
0.477904,690
0.487988,689
0.505991,688
0.53124,687
0.532959,686
0.534572,685
0.579414,684
0.583597,683
0.584936,682
0.585367,681
0.588505,680
0.588959,679
0.630874,678
0.768646,677
0.812573,676
0.813908,675
0.81437,674
0.8335,673
0.833983,672
0.834469,671
0.835797,670
0.843953,669
0.845308,668
0.848316,667
0.848904,666
0.850253,665
0.850697,664
0.881339,663
0.882741,662
1.02648,661
1.0278,660
1.02824,659
1.02873,658
1.02919,657
1.17788,656
1.17835,655
1.53541,654
1.54538,653
1.54815,652
1.5486,651
1.98733,650
1.99028,649
1.99071,648
2.00509,647
2.00814,646
2.00903,645
2.00952,644
2.24543,643
2.24594,642
2.24641,641
2.30901,640
2.3095,639
2.30998,638
2.91524,637
2.91569,636
3.07231,635
3.08262,634
3.29819,633
3.29867,632
3.35425,631
3.3776,630
4.04272,629
4.16665,628
4.16806,627
4.80262,626
4.81459,625
4.89603,624
5.07682,623
5.07827,622
5.08072,621
5.4783,620
5.89616,619
6.92412,618
6.92464,617
6.92515,616
7.23027,615
7.24211,614
7.28144,613
9.06989,612
22.5026,611
22.5031,610
23.5929,609
23.5934,608
89.1615,607
89.1623,606
89.1637,605
899.98,604
1925.15,603
1925.15,602
