0.000502062,1132
0.000996574,1131
0.00147918,1130
0.00226609,1129
0.00274375,1128
0.00316093,1127
0.00356947,1126
0.003994,1125
0.00441001,1124
0.0048415,1123
0.0068177,1122
0.0073052,1121
0.00775927,1120
0.00820916,1119
0.00866251,1118
0.00911679,1117
0.00956591,1116
0.0100113,1115
0.0104604,1114
0.0109092,1113
0.0113632,1112
0.0117902,1111
0.0122415,1110
0.0126911,1109
0.0131208,1108
0.0135704,1107
0.0140188,1106
0.0144569,1105
0.0148949,1104
0.0153399,1103
0.0157845,1102
0.0162242,1101
0.0248767,1100
0.0254035,1099
0.0258525,1098
0.0263002,1097
0.0267423,1096
0.0271819,1095
0.0276249,1094
0.0280492,1093
0.0284625,1092
0.0288727,1091
0.029287,1090
0.0296998,1089
0.0301104,1088
0.0305207,1087
0.030934,1086
0.0313357,1085
0.0317421,1084
0.0321581,1083
0.0325714,1082
0.0329829,1081
0.033409,1080
0.0338524,1079
0.0342959,1078
0.0347615,1077
0.0377531,1076
0.0381997,1075
0.0386377,1074
0.0390786,1073
0.0395161,1072
0.0399552,1071
0.0403939,1070
0.0408312,1069
0.0412687,1068
0.0417069,1067
0.0421464,1066
0.0425839,1065
0.0430225,1064
0.0434582,1063
0.0438978,1062
0.0443346,1061
0.0447753,1060
0.0452033,1059
0.0456336,1058
0.0460693,1057
0.0465056,1056
0.0469432,1055
0.0539929,1054
0.054547,1053
0.054999,1052
0.0554821,1051
0.0575918,1050
0.0580526,1049
0.0584701,1048
0.0589007,1047
0.0593053,1046
0.0597064,1045
0.0615661,1044
0.0619833,1043
0.0623801,1042
0.0627712,1041
0.0631723,1040
0.0635646,1039
0.0639605,1038
0.0643579,1037
0.0647538,1036
0.0656525,1035
0.0660503,1034
0.0664467,1033
0.0700588,1032
0.0705058,1031
0.0709482,1030
0.0717516,1029
0.0722012,1028
0.0726495,1027
0.0730936,1026
0.0735377,1025
0.0739894,1024
0.0744442,1023
0.074919,1022
0.0754359,1021
0.075874,1020
0.0763081,1019
0.0767413,1018
0.0774936,1017
0.0779393,1016
0.0784768,1015
0.0789144,1014
0.0793474,1013
0.0797812,1012
0.0802165,1011
0.0868535,1010
0.0873252,1009
0.0877612,1008
0.0881943,1007
0.088626,1006
0.089059,1005
0.0894919,1004
0.0899252,1003
0.0903601,1002
0.0907915,1001
0.0916041,1000
0.0920441,999
0.0924823,998
0.0929212,997
0.0933608,996
0.0938761,995
0.0943071,994
0.094746,993
0.0951885,992
0.0956294,991
0.0960699,990
0.0965096,989
0.096968,988
0.100813,987
0.101293,986
0.101757,985
0.103116,984
0.10358,983
0.104049,982
0.104522,981
0.104999,980
0.105479,979
0.105951,978
0.106427,977
0.1069,976
0.10737,975
0.107833,974
0.108301,973
0.108784,972
0.109291,971
0.109769,970
0.110233,969
0.11468,968
0.115172,967
0.115651,966
0.116104,965
0.116565,964
0.117005,963
0.117464,962
0.117908,961
0.118361,960
0.118811,959
0.119245,958
0.119703,957
0.120162,956
0.12149,955
0.121936,954
0.122387,953
0.122825,952
0.123278,951
0.123714,950
0.124153,949
0.128277,948
0.128787,947
0.129225,946
0.129669,945
0.130307,944
0.130754,943
0.131196,942
0.131638,941
0.132078,940
0.132518,939
0.132959,938
0.133401,937
0.133845,936
0.134284,935
0.134723,934
0.135155,933
0.135595,932
0.136035,931
0.136472,930
0.13691,929
0.137346,928
0.137776,927
0.138206,926
0.140769,925
0.141223,924
0.141677,923
0.14213,922
0.14258,921
0.143028,920
0.144312,919
0.144749,918
0.145183,917
0.145623,916
0.146062,915
0.146498,914
0.146934,913
0.147488,912
0.147927,911
0.148363,910
0.148805,909
0.149241,908
0.149676,907
0.153823,906
0.154286,905
0.154746,904
0.155204,903
0.155659,902
0.156112,901
0.15656,900
0.157004,899
0.157445,898
0.157885,897
0.158327,896
0.158766,895
0.159203,894
0.159639,893
0.160064,892
0.160499,891
0.16269,890
0.163138,889
0.167773,888
0.168228,887
0.168693,886
0.169141,885
0.169596,884
0.170046,883
0.170498,882
0.171009,881
0.171459,880
0.171908,879
0.172365,878
0.172827,877
0.17331,876
0.17378,875
0.174413,874
0.174916,873
0.175365,872
0.175821,871
0.177048,870
0.177525,869
0.177983,868
0.178434,867
0.180137,866
0.180608,865
0.181106,864
0.181603,863
0.1821,862
0.182598,861
0.18307,860
0.183519,859
0.183949,858
0.184382,857
0.184813,856
0.185249,855
0.18568,854
0.186114,853
0.186549,852
0.186985,851
0.187417,850
0.187858,849
0.188289,848
0.189569,847
0.193562,846
0.194054,845
0.194502,844
0.194947,843
0.195395,842
0.196712,841
0.197157,840
0.197601,839
0.198044,838
0.198513,837
0.19896,836
0.199412,835
0.199857,834
0.2003,833
0.200744,832
0.201191,831
0.201637,830
0.202083,829
0.202534,828
0.207145,827
0.207603,826
0.208946,825
0.209373,824
0.209784,823
0.210207,822
0.210643,821
0.211962,820
0.213306,819
0.213796,818
0.214316,817
0.214758,816
0.2152,815
0.21564,814
0.220436,813
0.220877,812
0.221309,811
0.221737,810
0.222164,809
0.222591,808
0.223018,807
0.223448,806
0.223886,805
0.22631,804
0.226954,803
0.227432,802
0.227913,801
0.228384,800
0.228852,799
0.22931,798
0.23291,797
0.233415,796
0.233876,795
0.234328,794
0.234767,793
0.236038,792
0.236484,791
0.237775,790
0.238206,789
0.238641,788
0.2391,787
0.240379,786
0.24078,785
0.241173,784
0.242417,783
0.247097,782
0.248365,781
0.249524,780
0.249928,779
0.250349,778
0.250753,777
0.251165,776
0.251583,775
0.252002,774
0.252412,773
0.252828,772
0.253246,771
0.25366,770
0.254827,769
0.255996,768
0.256392,767
0.256784,766
0.288095,765
0.288577,764
0.289006,763
0.290274,762
0.292461,761
0.292896,760
0.293335,759
0.294659,758
0.295079,757
0.295495,756
0.295921,755
0.296334,754
0.29674,753
0.297154,752
0.297567,751
0.315788,750
0.316259,749
0.316708,748
0.31715,747
0.317603,746
0.31804,745
0.319334,744
0.319748,743
0.320157,742
0.320558,741
0.320962,740
0.321368,739
0.323362,738
0.323774,737
0.324177,736
0.325369,735
0.340251,734
0.341468,733
0.341902,732
0.342334,731
0.342789,730
0.343232,729
0.344526,728
0.344964,727
0.345407,726
0.346705,725
0.347146,724
0.34759,723
0.348038,722
0.348474,721
0.349766,720
0.362973,719
0.363434,718
0.363902,717
0.364361,716
0.365575,715
0.366006,714
0.366429,713
0.366858,712
0.367272,711
0.367702,710
0.368963,709
0.369378,708
0.369802,707
0.370217,706
0.370633,705
0.371055,704
0.371471,703
0.3719,702
0.372327,701
0.391107,700
0.3925,699
0.392936,698
0.393366,697
0.39458,696
0.395786,695
0.396989,694
0.397403,693
0.397807,692
0.398986,691
0.399382,690
0.399782,689
0.407271,688
0.408652,687
0.409103,686
0.449801,685
0.454585,684
0.457844,683
0.466329,682
0.497154,681
0.497643,680
0.501429,679
0.501879,678
0.502321,677
0.503792,676
0.504309,675
0.504818,674
0.531064,673
0.531519,672
0.535433,671
0.537645,670
0.539904,669
0.540351,668
0.541825,667
0.542284,666
0.542773,665
0.593393,664
0.593884,663
0.594395,662
0.594869,661
0.620595,660
0.621158,659
0.623413,658
0.62733,657
0.634058,656
0.634528,655
0.634999,654
0.635445,653
0.939825,652
0.940301,651
0.940762,650
1.10648,649
1.10814,648
1.11207,647
1.1368,646
1.13727,645
1.13773,644
1.1382,643
1.13867,642
1.14778,641
1.14826,640
1.14955,639
1.15181,638
1.15311,637
1.1536,636
1.15581,635
1.70809,634
1.70855,633
1.73191,632
1.73243,631
1.7338,630
1.73429,629
1.73746,628
1.75986,627
1.76043,626
2.63731,625
2.70849,624
2.71668,623
2.718,622
2.71841,621
8.22968,620
8.85083,619
8.85139,618
8.85193,617
8.85248,616
8.85298,615
8.8535,614
13.4259,613
15.1721,612
22.3179,611
54.7314,610
93.3035,609
93.3045,608
110.73,607
110.73,606
110.732,605
309.206,604
