0.000647796,1132
0.00640529,1131
0.0068791,1130
0.00731178,1129
0.00774243,1128
0.008173,1127
0.00860479,1126
0.00903494,1125
0.00949088,1124
0.00991927,1123
0.0103626,1122
0.0108091,1121
0.0112627,1120
0.0117146,1119
0.0121658,1118
0.0126036,1117
0.0130562,1116
0.0134887,1115
0.0139405,1114
0.0143956,1113
0.0199428,1112
0.0204881,1111
0.0209367,1110
0.0213828,1109
0.0218287,1108
0.0222745,1107
0.0227184,1106
0.0231607,1105
0.0236034,1104
0.0240467,1103
0.0244894,1102
0.0249334,1101
0.025377,1100
0.0258197,1099
0.0262496,1098
0.026656,1097
0.0270955,1096
0.0274955,1095
0.0279038,1094
0.0283216,1093
0.0287272,1092
0.0291468,1091
0.0295624,1090
0.0334556,1089
0.033965,1088
0.0344068,1087
0.0348494,1086
0.0352902,1085
0.0357316,1084
0.0361709,1083
0.0366087,1082
0.0370459,1081
0.0374845,1080
0.0379215,1079
0.0383606,1078
0.0387988,1077
0.0394202,1076
0.0398787,1075
0.040319,1074
0.0407581,1073
0.0412002,1072
0.041645,1071
0.0420845,1070
0.0425236,1069
0.0429626,1068
0.0434041,1067
0.0457162,1066
0.0461675,1065
0.0466099,1064
0.0470513,1063
0.0474938,1062
0.0479324,1061
0.0483733,1060
0.0488131,1059
0.0492521,1058
0.0496708,1057
0.0501003,1056
0.0505381,1055
0.0509743,1054
0.0514112,1053
0.0518492,1052
0.0522846,1051
0.0527195,1050
0.0531556,1049
0.053594,1048
0.0548671,1047
0.0630318,1046
0.0635676,1045
0.064051,1044
0.0645082,1043
0.0649613,1042
0.0654485,1041
0.0659681,1040
0.066386,1039
0.0667954,1038
0.0671987,1037
0.067604,1036
0.0680099,1035
0.068414,1034
0.0688593,1033
0.0692611,1032
0.0696948,1031
0.0701134,1030
0.0705328,1029
0.0709476,1028
0.0713628,1027
0.0717838,1026
0.0721996,1025
0.0726169,1024
0.0730501,1023
0.0783579,1022
0.0787936,1021
0.0792262,1020
0.0796592,1019
0.080094,1018
0.0805266,1017
0.0809568,1016
0.0813898,1015
0.0818216,1014
0.0822562,1013
0.0826926,1012
0.0831274,1011
0.0835607,1010
0.0839926,1009
0.0844292,1008
0.0848693,1007
0.0853083,1006
0.0857482,1005
0.0861905,1004
0.0866355,1003
0.0870867,1002
0.0875497,1001
0.0953743,1000
0.0958826,999
0.0963213,998
0.096757,997
0.0971867,996
0.0976167,995
0.098072,994
0.0985045,993
0.0989298,992
0.0993694,991
0.0997741,990
0.100176,989
0.10059,988
0.100998,987
0.101415,986
0.101818,985
0.102226,984
0.102636,983
0.103025,982
0.103412,981
0.103866,980
0.104291,979
0.104719,978
0.105148,977
0.107078,976
0.107679,975
0.108112,974
0.108545,973
0.108974,972
0.109401,971
0.109829,970
0.110517,969
0.111149,968
0.112071,967
0.112593,966
0.113024,965
0.113446,964
0.11421,963
0.114655,962
0.115105,961
0.115532,960
0.115957,959
0.116382,958
0.116807,957
0.117264,956
0.11769,955
0.118115,954
0.123524,953
0.123949,952
0.12438,951
0.124798,950
0.125222,949
0.125663,948
0.126088,947
0.126526,946
0.126963,945
0.127396,944
0.127831,943
0.128259,942
0.128692,941
0.129116,940
0.12955,939
0.129982,938
0.130433,937
0.130883,936
0.131336,935
0.131789,934
0.133147,933
0.136933,932
0.137426,931
0.137925,930
0.138401,929
0.138862,928
0.139311,927
0.139747,926
0.140194,925
0.140635,924
0.141083,923
0.141522,922
0.141982,921
0.142427,920
0.142867,919
0.143319,918
0.143759,917
0.144213,916
0.144658,915
0.145109,914
0.145552,913
0.146012,912
0.150049,911
0.150621,910
0.151114,909
0.151656,908
0.152265,907
0.152895,906
0.15347,905
0.154028,904
0.154475,903
0.154907,902
0.155347,901
0.155782,900
0.15622,899
0.156657,898
0.157097,897
0.157534,896
0.157966,895
0.158418,894
0.158852,893
0.15929,892
0.159723,891
0.163884,890
0.164354,889
0.164806,888
0.165254,887
0.165702,886
0.166151,885
0.167507,884
0.167965,883
0.168427,882
0.168884,881
0.169341,880
0.169797,879
0.170245,878
0.170702,877
0.171165,876
0.171622,875
0.17208,874
0.172542,873
0.173002,872
0.173464,871
0.17714,870
0.177598,869
0.17803,868
0.178462,867
0.178905,866
0.179351,865
0.179796,864
0.180239,863
0.180671,862
0.181118,861
0.181559,860
0.181992,859
0.182429,858
0.182867,857
0.183297,856
0.183735,855
0.184188,854
0.184621,853
0.185051,852
0.185481,851
0.185917,850
0.186347,849
0.186777,848
0.188866,847
0.189319,846
0.189765,845
0.19022,844
0.190662,843
0.191104,842
0.191545,841
0.191993,840
0.192453,839
0.193817,838
0.194282,837
0.194755,836
0.195205,835
0.195661,834
0.196111,833
0.196556,832
0.19701,831
0.19745,830
0.197894,829
0.198338,828
0.200797,827
0.201248,826
0.201695,825
0.202135,824
0.202572,823
0.203016,822
0.203468,821
0.203911,820
0.204353,819
0.204798,818
0.205249,817
0.205706,816
0.206163,815
0.206619,814
0.20797,813
0.20843,812
0.208882,811
0.209366,810
0.209872,809
0.210408,808
0.214263,807
0.214704,806
0.215144,805
0.215572,804
0.216,803
0.216428,802
0.216854,801
0.217285,800
0.217717,799
0.218147,798
0.219486,797
0.219968,796
0.221332,795
0.22178,794
0.222225,793
0.222666,792
0.228678,791
0.229147,790
0.229591,789
0.230033,788
0.230471,787
0.231771,786
0.232203,785
0.232641,784
0.233079,783
0.233515,782
0.233961,781
0.2344,780
0.234841,779
0.235284,778
0.235721,777
0.236165,776
0.236599,775
0.237903,774
0.241971,773
0.242437,772
0.242879,771
0.243322,770
0.243766,769
0.244211,768
0.244648,767
0.245089,766
0.24554,765
0.245974,764
0.246412,763
0.246848,762
0.248133,761
0.248573,760
0.248977,759
0.249404,758
0.250686,757
0.251115,756
0.253619,755
0.254182,754
0.254685,753
0.256166,752
0.256665,751
0.257159,750
0.258521,749
0.259891,748
0.260351,747
0.260804,746
0.261253,745
0.261704,744
0.262169,743
0.262608,742
0.263029,741
0.265687,740
0.26615,739
0.266576,738
0.267004,737
0.267428,736
0.268683,735
0.269114,734
0.270366,733
0.270794,732
0.271222,731
0.271643,730
0.272907,729
0.274169,728
0.274593,727
0.275022,726
0.275463,725
0.313284,724
0.313736,723
0.314166,722
0.314592,721
0.318412,720
0.318855,719
0.339153,718
0.339572,717
0.339977,716
0.343751,715
0.344189,714
0.344625,713
0.363113,712
0.363539,711
0.366803,710
0.368625,709
0.371374,708
0.371848,707
0.372304,706
0.374528,705
0.385809,704
0.387139,703
0.388575,702
0.394305,701
0.413202,700
0.413612,699
0.414065,698
0.414562,697
0.415006,696
0.415458,695
0.415898,694
0.416338,693
0.416773,692
0.438953,691
0.439375,690
0.439784,689
0.451502,688
0.454409,687
0.454864,686
0.455321,685
0.455773,684
0.457088,683
0.457526,682
0.519634,681
0.553095,680
0.578568,679
0.57903,678
0.584955,677
0.585461,676
0.585929,675
0.599918,674
0.600375,673
0.600827,672
0.601271,671
0.632118,670
0.633537,669
0.945213,668
0.946701,667
0.94717,666
0.947636,665
1.06435,664
1.06573,663
1.07085,662
1.07677,661
1.18057,660
1.18103,659
1.18492,658
1.18539,657
1.18589,656
1.18635,655
1.19413,654
1.20604,653
1.49145,652
1.49839,651
1.51111,650
1.53062,649
1.53116,648
1.53166,647
1.53213,646
1.5499,645
1.56677,644
1.56724,643
1.56769,642
1.72253,641
1.72299,640
1.72344,639
1.72388,638
1.94029,637
2.17719,636
2.18088,635
2.20157,634
2.63389,633
2.83247,632
2.84746,631
2.84792,630
2.84834,629
2.88635,628
3.07223,627
3.41594,626
3.52854,625
3.52905,624
3.74383,623
3.7443,622
3.87499,621
5.34312,620
5.35459,619
6.77508,618
6.78513,617
11.1744,616
11.1758,615
11.1763,614
11.1767,613
13.887,612
17.462,611
31.0941,610
31.919,609
31.9195,608
31.92,607
31.9213,606
192.652,605
326.633,604
