0.000488847,1132
0.00094456,1131
0.00137468,1130
0.00180287,1129
0.00223,1128
0.00265672,1127
0.00308728,1126
0.00351575,1125
0.00420026,1124
0.00477375,1123
0.00520683,1122
0.00563626,1121
0.00620761,1120
0.00735267,1119
0.0082042,1118
0.00864378,1117
0.00907262,1116
0.00949958,1115
0.00996987,1114
0.0103766,1113
0.0107962,1112
0.0113097,1111
0.0117488,1110
0.0143929,1109
0.0148557,1108
0.0152794,1107
0.0157029,1106
0.0165019,1105
0.0169578,1104
0.0174069,1103
0.0178567,1102
0.0186149,1101
0.0190382,1100
0.0194644,1099
0.0198904,1098
0.0203135,1097
0.0207488,1096
0.0211815,1095
0.0216293,1094
0.022077,1093
0.0225244,1092
0.0229703,1091
0.0234185,1090
0.0238657,1089
0.0243148,1088
0.0247651,1087
0.0251897,1086
0.0256134,1085
0.0260637,1084
0.0265092,1083
0.0269315,1082
0.0273774,1081
0.0278255,1080
0.0305715,1079
0.0310232,1078
0.031431,1077
0.0318374,1076
0.0322448,1075
0.0326527,1074
0.0330697,1073
0.0335099,1072
0.033942,1071
0.03435,1070
0.0347546,1069
0.0351557,1068
0.0355576,1067
0.0359713,1066
0.0363829,1065
0.0367826,1064
0.0371814,1063
0.0375883,1062
0.0380015,1061
0.038427,1060
0.0388466,1059
0.0392713,1058
0.0396885,1057
0.0401097,1056
0.0405288,1055
0.0428945,1054
0.0433417,1053
0.0437823,1052
0.0442193,1051
0.044655,1050
0.04509,1049
0.0455285,1048
0.0459629,1047
0.0463983,1046
0.0468333,1045
0.0472681,1044
0.0477024,1043
0.0482108,1042
0.048901,1041
0.0493582,1040
0.0504773,1039
0.0526684,1038
0.0531431,1037
0.0535827,1036
0.0540218,1035
0.0544589,1034
0.0549101,1033
0.0571244,1032
0.0575719,1031
0.0580073,1030
0.0584438,1029
0.0588825,1028
0.0593229,1027
0.0597666,1026
0.0602143,1025
0.0606657,1024
0.0611221,1023
0.0615782,1022
0.062033,1021
0.0633512,1020
0.0637867,1019
0.0642252,1018
0.0646608,1017
0.0650928,1016
0.0655198,1015
0.0659406,1014
0.066372,1013
0.0689102,1012
0.0693667,1011
0.0700486,1010
0.0705669,1009
0.0710684,1008
0.0715006,1007
0.0719318,1006
0.0723636,1005
0.0727946,1004
0.0736894,1003
0.0749721,1002
0.075409,1001
0.0758396,1000
0.0763549,999
0.0768302,998
0.0772555,997
0.0776825,996
0.0781166,995
0.0785558,994
0.0790024,993
0.0794563,992
0.0871375,991
0.0876186,990
0.0880565,989
0.0884952,988
0.0889275,987
0.0893649,986
0.0898012,985
0.0902269,984
0.0906558,983
0.0910864,982
0.0915185,981
0.0919488,980
0.0923802,979
0.0928123,978
0.0932417,977
0.0936706,976
0.0940998,975
0.0945276,974
0.0949608,973
0.0953899,972
0.0958188,971
0.096249,970
0.0966801,969
0.104679,968
0.105163,967
0.1056,966
0.106036,965
0.10647,964
0.106901,963
0.107333,962
0.107763,961
0.108193,960
0.108628,959
0.109062,958
0.109506,957
0.109946,956
0.11038,955
0.110849,954
0.111385,953
0.111915,952
0.112361,951
0.112789,950
0.113225,949
0.113654,948
0.114083,947
0.114513,946
0.11877,945
0.119211,944
0.119647,943
0.120085,942
0.120529,941
0.120979,940
0.121431,939
0.121876,938
0.122324,937
0.122765,936
0.123212,935
0.12365,934
0.124081,933
0.124514,932
0.124942,931
0.125369,930
0.125796,929
0.126225,928
0.126651,927
0.127075,926
0.127501,925
0.127918,924
0.128313,923
0.132506,922
0.132958,921
0.133404,920
0.133854,919
0.134298,918
0.134746,917
0.135191,916
0.135634,915
0.136088,914
0.136539,913
0.136992,912
0.137438,911
0.137852,910
0.138275,909
0.1387,908
0.139126,907
0.139552,906
0.139974,905
0.140401,904
0.140823,903
0.141244,902
0.148337,901
0.148787,900
0.149246,899
0.149699,898
0.150157,897
0.151489,896
0.151941,895
0.152393,894
0.152845,893
0.153297,892
0.153745,891
0.154194,890
0.154643,889
0.155097,888
0.155545,887
0.155995,886
0.156446,885
0.156895,884
0.157354,883
0.157803,882
0.161727,881
0.162194,880
0.16264,879
0.163098,878
0.163541,877
0.163996,876
0.164441,875
0.164882,874
0.165332,873
0.165775,872
0.16624,871
0.166682,870
0.167138,869
0.167586,868
0.168038,867
0.168484,866
0.16893,865
0.16937,864
0.169807,863
0.170248,862
0.170691,861
0.171135,860
0.175606,859
0.176061,858
0.176494,857
0.17693,856
0.177372,855
0.177815,854
0.179101,853
0.179538,852
0.179973,851
0.181246,850
0.181683,849
0.182956,848
0.183389,847
0.183822,846
0.184258,845
0.184699,844
0.185144,843
0.189373,842
0.189811,841
0.190253,840
0.19156,839
0.192025,838
0.192472,837
0.192917,836
0.193361,835
0.193805,834
0.194251,833
0.194692,832
0.195147,831
0.195608,830
0.196031,829
0.196461,828
0.196893,827
0.197322,826
0.197752,825
0.198182,824
0.198613,823
0.200639,822
0.20109,821
0.201526,820
0.201964,819
0.202407,818
0.20285,817
0.203294,816
0.203726,815
0.20416,814
0.204604,813
0.205044,812
0.205544,811
0.205974,810
0.206403,809
0.207677,808
0.208112,807
0.20854,806
0.209839,805
0.210245,804
0.210645,803
0.214546,802
0.21502,801
0.215484,800
0.215941,799
0.216395,798
0.216859,797
0.217328,796
0.217781,795
0.218238,794
0.21869,793
0.21914,792
0.219596,791
0.220901,790
0.221342,789
0.22178,788
0.222219,787
0.223539,786
0.22398,785
0.230115,784
0.230577,783
0.231111,782
0.231602,781
0.233055,780
0.233654,779
0.234119,778
0.234557,777
0.235016,776
0.235462,775
0.23592,774
0.236371,773
0.237705,772
0.239005,771
0.239435,770
0.23987,769
0.242476,768
0.242968,767
0.243421,766
0.243865,765
0.244309,764
0.244771,763
0.245214,762
0.245631,761
0.246065,760
0.246496,759
0.246968,758
0.247416,757
0.247856,756
0.248292,755
0.248741,754
0.249183,753
0.249622,752
0.250062,751
0.254512,750
0.254957,749
0.255396,748
0.256715,747
0.257171,746
0.257611,745
0.258919,744
0.259362,743
0.259801,742
0.260244,741
0.263308,740
0.263755,739
0.266651,738
0.267979,737
0.268421,736
0.268858,735
0.269304,734
0.269749,733
0.270187,732
0.271478,731
0.271939,730
0.273203,729
0.27363,728
0.274052,727
0.275233,726
0.27659,725
0.28399,724
0.284444,723
0.284902,722
0.2862,721
0.286649,720
0.287103,719
0.287548,718
0.287985,717
0.288419,716
0.291412,715
0.292605,714
0.293038,713
0.293472,712
0.293896,711
0.29434,710
0.295616,709
0.296054,708
0.332059,707
0.333567,706
0.334034,705
0.334506,704
0.334893,703
0.335272,702
0.357311,701
0.36037,700
0.360819,699
0.361259,698
0.363433,697
0.36391,696
0.388856,695
0.389304,694
0.405917,693
0.40636,692
0.406788,691
0.407222,690
0.407694,689
0.408145,688
0.408581,687
0.409039,686
0.409526,685
0.413611,684
0.429531,683
0.430079,682
0.430537,681
0.432959,680
0.43341,679
0.433855,678
0.45356,677
0.455529,676
0.455953,675
0.465722,674
0.466167,673
0.466569,672
0.706043,671
0.706517,670
0.706965,669
0.70744,668
0.742253,667
0.766289,666
0.839064,665
0.851329,664
0.85271,663
0.914389,662
0.914836,661
0.915305,660
0.930209,659
0.930668,658
0.941851,657
0.942626,656
1.09772,655
1.0982,654
1.09865,653
1.21846,652
1.22498,651
1.22544,650
1.2259,649
1.22634,648
1.24527,647
1.2466,646
1.24981,645
1.26618,644
1.37739,643
1.79111,642
1.79161,641
1.79295,640
1.90419,639
1.90739,638
1.90824,637
1.90956,636
1.91,635
1.97723,634
1.99976,633
2.10569,632
2.13966,631
2.14024,630
2.38536,629
2.60839,628
2.69355,627
2.73473,626
2.73792,625
3.58638,624
3.58688,623
3.59194,622
3.59251,621
3.59298,620
3.7191,619
3.71964,618
4.52634,617
5.36803,616
7.0783,615
7.07878,614
10.2968,613
10.2973,612
10.2988,611
11.1053,610
11.1059,609
11.1064,608
11.1128,607
11.1133,606
11.1184,605
1917.24,604
