0.000504633,1132
0.00101197,1131
0.0014633,1130
0.00192001,1129
0.00237607,1128
0.00283375,1127
0.00329375,1126
0.00374696,1125
0.00419946,1124
0.00465386,1123
0.00510859,1122
0.00537932,1121
0.00563668,1120
0.0058917,1119
0.00629077,1118
0.00674141,1117
0.00715766,1116
0.00756116,1115
0.00799058,1114
0.00844442,1113
0.00889569,1112
0.00934652,1111
0.0105472,1110
0.0110237,1109
0.0114775,1108
0.011889,1107
0.0123073,1106
0.0127224,1105
0.0131672,1104
0.0136096,1103
0.0140516,1102
0.0144933,1101
0.0149396,1100
0.0153809,1099
0.015822,1098
0.0162645,1097
0.0167075,1096
0.017148,1095
0.0175902,1094
0.0180307,1093
0.01847,1092
0.0189619,1091
0.0194285,1090
0.0198518,1089
0.0202743,1088
0.0214207,1087
0.0218365,1086
0.0222734,1085
0.0227169,1084
0.0231603,1083
0.0236044,1082
0.0240461,1081
0.0244791,1080
0.0248828,1079
0.0252893,1078
0.0257072,1077
0.0261178,1076
0.0265176,1075
0.0269226,1074
0.027332,1073
0.0277502,1072
0.0281744,1071
0.0285948,1070
0.0290149,1069
0.0294346,1068
0.029854,1067
0.0302706,1066
0.0306891,1065
0.0311061,1064
0.0321908,1063
0.0327537,1062
0.0334198,1061
0.0338597,1060
0.0343001,1059
0.0347102,1058
0.0358148,1057
0.0362668,1056
0.0367059,1055
0.0389504,1054
0.0394283,1053
0.0398792,1052
0.0403065,1051
0.0407418,1050
0.0416572,1049
0.0421321,1048
0.0425773,1047
0.0430186,1046
0.0438991,1045
0.0443255,1044
0.0448646,1043
0.0452841,1042
0.0498406,1041
0.0503229,1040
0.0507691,1039
0.0512064,1038
0.0516422,1037
0.0520781,1036
0.0525121,1035
0.0529505,1034
0.0533864,1033
0.0538232,1032
0.0542602,1031
0.0546962,1030
0.0551348,1029
0.0555829,1028
0.0560198,1027
0.056463,1026
0.0569018,1025
0.0573385,1024
0.0577866,1023
0.058214,1022
0.0586575,1021
0.0591068,1020
0.0595476,1019
0.068319,1018
0.0687939,1017
0.0692491,1016
0.0696913,1015
0.0701168,1014
0.0705489,1013
0.0709705,1012
0.0714114,1011
0.0718616,1010
0.0723129,1009
0.0727681,1008
0.0732196,1007
0.0736698,1006
0.0741147,1005
0.074557,1004
0.0749968,1003
0.0754332,1002
0.0758669,1001
0.0762999,1000
0.0767342,999
0.077167,998
0.077601,997
0.0798235,996
0.0802831,995
0.0807562,994
0.0811881,993
0.0823057,992
0.0827531,991
0.083217,990
0.0836737,989
0.0841299,988
0.0845643,987
0.0854575,986
0.0858924,985
0.0863262,984
0.0867595,983
0.0872535,982
0.0876881,981
0.0881189,980
0.0885468,979
0.0889669,978
0.089397,977
0.0898272,976
0.090255,975
0.090687,974
0.0983377,973
0.0987752,972
0.0991821,971
0.0996348,970
0.10013,969
0.100622,968
0.101111,967
0.101529,966
0.101946,965
0.103203,964
0.103634,963
0.104061,962
0.104489,961
0.10492,960
0.105351,959
0.105782,958
0.106212,957
0.106648,956
0.107083,955
0.107511,954
0.107945,953
0.113237,952
0.113728,951
0.114305,950
0.114852,949
0.1153,948
0.115727,947
0.116159,946
0.116585,945
0.117012,944
0.117436,943
0.11786,942
0.118291,941
0.118716,940
0.119142,939
0.119567,938
0.12,937
0.120424,936
0.120849,935
0.121277,934
0.121701,933
0.122123,932
0.122548,931
0.12297,930
0.128982,929
0.129423,928
0.12985,927
0.130296,926
0.130718,925
0.131145,924
0.131579,923
0.132012,922
0.132453,921
0.132894,920
0.133333,919
0.133755,918
0.134177,917
0.134604,916
0.135025,915
0.135444,914
0.135868,913
0.136298,912
0.137601,911
0.138042,910
0.138475,909
0.141783,908
0.142216,907
0.14264,906
0.143063,905
0.143484,904
0.143906,903
0.144329,902
0.144756,901
0.145179,900
0.145604,899
0.14603,898
0.146452,897
0.146872,896
0.147297,895
0.147725,894
0.148141,893
0.148572,892
0.149011,891
0.149452,890
0.149903,889
0.150373,888
0.15083,887
0.151284,886
0.155382,885
0.155857,884
0.156307,883
0.156772,882
0.157231,881
0.157689,880
0.158145,879
0.158589,878
0.159089,877
0.159541,876
0.160863,875
0.161311,874
0.161759,873
0.162212,872
0.162672,871
0.163145,870
0.163578,869
0.16403,868
0.164468,867
0.164906,866
0.170001,865
0.171294,864
0.171746,863
0.172194,862
0.172634,861
0.173085,860
0.173538,859
0.173977,858
0.174417,857
0.174859,856
0.176165,855
0.176616,854
0.177059,853
0.177497,852
0.177938,851
0.179227,850
0.182066,849
0.182534,848
0.18299,847
0.183433,846
0.183869,845
0.184303,844
0.184736,843
0.185171,842
0.185608,841
0.186039,840
0.186471,839
0.18692,838
0.187355,837
0.187785,836
0.188233,835
0.188666,834
0.189102,833
0.18955,832
0.189976,831
0.190415,830
0.190859,829
0.191308,828
0.193829,827
0.194265,826
0.194695,825
0.195129,824
0.196401,823
0.196833,822
0.197263,821
0.197694,820
0.198125,819
0.199392,818
0.19983,817
0.200261,816
0.200692,815
0.201232,814
0.201665,813
0.202094,812
0.202517,811
0.202943,810
0.205309,809
0.20575,808
0.206182,807
0.206639,806
0.207068,805
0.207501,804
0.20793,803
0.208449,802
0.208883,801
0.209311,800
0.209736,799
0.210163,798
0.210604,797
0.211036,796
0.212582,795
0.213022,794
0.213454,793
0.21389,792
0.215211,791
0.219102,790
0.219551,789
0.219996,788
0.220449,787
0.220889,786
0.22133,785
0.221779,784
0.222219,783
0.22266,782
0.224821,781
0.225268,780
0.225706,779
0.226148,778
0.226589,777
0.227037,776
0.227484,775
0.227925,774
0.22837,773
0.236818,772
0.237273,771
0.237687,770
0.238111,769
0.238529,768
0.238964,767
0.239391,766
0.239805,765
0.24028,764
0.240707,763
0.24113,762
0.242374,761
0.242797,760
0.246631,759
0.248824,758
0.249269,757
0.249705,756
0.251009,755
0.254927,754
0.255381,753
0.258222,752
0.259575,751
0.26002,750
0.260468,749
0.260921,748
0.262271,747
0.262712,746
0.264068,745
0.264516,744
0.26495,743
0.265391,742
0.26584,741
0.26631,740
0.266745,739
0.267183,738
0.276801,737
0.277227,736
0.277649,735
0.278103,734
0.278549,733
0.278986,732
0.27946,731
0.279949,730
0.28705,729
0.289281,728
0.289718,727
0.290148,726
0.293056,725
0.293487,724
0.293921,723
0.297035,722
0.298378,721
0.298827,720
0.302421,719
0.303577,718
0.303993,717
0.342246,716
0.342695,715
0.343123,714
0.343557,713
0.343991,712
0.344434,711
0.34487,710
0.345297,709
0.345709,708
0.346119,707
0.363524,706
0.364838,705
0.365313,704
0.365768,703
0.366208,702
0.366641,701
0.367099,700
0.367624,699
0.368078,698
0.368518,697
0.36897,696
0.369397,695
0.392476,694
0.392881,693
0.393275,692
0.393709,691
0.411682,690
0.441182,689
0.459702,688
0.4629,687
0.463351,686
0.465526,685
0.466015,684
0.47718,683
0.561024,682
0.569123,681
0.56959,680
0.570041,679
0.575789,678
0.590664,677
0.596711,676
0.597183,675
0.614624,674
0.616945,673
0.617409,672
0.620699,671
0.623927,670
0.756634,669
0.757124,668
0.889722,667
1.07343,666
1.07391,665
1.10677,664
1.10725,663
1.17991,662
1.18138,661
1.18186,660
1.18274,659
1.18424,658
1.27684,657
1.28092,656
1.28144,655
1.28596,654
1.46701,653
1.46749,652
1.46798,651
1.46843,650
2.5298,649
2.53031,648
2.53079,647
2.62185,646
2.77088,645
2.77138,644
2.83077,643
2.83306,642
2.85904,641
2.8595,640
2.94609,639
2.94657,638
2.95609,637
2.99929,636
2.99977,635
3.8189,634
4.25,633
4.2505,632
4.25096,631
4.25227,630
5.4868,629
5.48808,628
5.49554,627
6.27954,626
6.33226,625
6.73193,624
6.75119,623
6.75275,622
7.02503,621
7.20825,620
7.2088,619
7.21312,618
7.7478,617
7.75883,616
7.77248,615
7.77886,614
7.77936,613
7.77987,612
7.78965,611
7.79017,610
11.6581,609
55.3826,608
125.281,607
166.282,606
429.744,605
