0.000503758,1132
0.00098602,1131
0.00143271,1130
0.00188609,1129
0.00233732,1128
0.00278796,1127
0.00323991,1126
0.00368995,1125
0.00542117,1124
0.00592462,1123
0.00633779,1122
0.00674633,1121
0.00715385,1120
0.00757564,1119
0.00798533,1118
0.0083909,1117
0.00879959,1116
0.00920728,1115
0.00961759,1114
0.0100496,1113
0.0104929,1112
0.0109369,1111
0.0113797,1110
0.0118235,1109
0.0122686,1108
0.0127137,1107
0.013156,1106
0.0135997,1105
0.0140431,1104
0.014487,1103
0.0149324,1102
0.0188031,1101
0.0192936,1100
0.019741,1099
0.0201855,1098
0.0206334,1097
0.0210739,1096
0.0215172,1095
0.0219604,1094
0.0224038,1093
0.0228484,1092
0.023292,1091
0.0237342,1090
0.0241499,1089
0.0245647,1088
0.0249752,1087
0.0253826,1086
0.0257887,1085
0.0261965,1084
0.0266057,1083
0.0270131,1082
0.0274212,1081
0.027825,1080
0.0282324,1079
0.0286378,1078
0.0308696,1077
0.031367,1076
0.0318236,1075
0.0322843,1074
0.0327459,1073
0.0332036,1072
0.0336573,1071
0.0341091,1070
0.0345556,1069
0.0350019,1068
0.0354442,1067
0.0358838,1066
0.0363215,1065
0.0367597,1064
0.0371956,1063
0.0376317,1062
0.0380574,1061
0.0384871,1060
0.0389222,1059
0.0393589,1058
0.0397942,1057
0.040233,1056
0.0486293,1055
0.049103,1054
0.0495461,1053
0.049987,1052
0.0504255,1051
0.0508667,1050
0.0512962,1049
0.0517334,1048
0.0521713,1047
0.052609,1046
0.0530451,1045
0.053481,1044
0.053918,1043
0.0543529,1042
0.0547919,1041
0.0552287,1040
0.0556667,1039
0.0561021,1038
0.0565394,1037
0.0569748,1036
0.0574139,1035
0.0578521,1034
0.0582896,1033
0.0636742,1032
0.0641294,1031
0.0645642,1030
0.0650018,1029
0.0654421,1028
0.0658798,1027
0.0663203,1026
0.0667593,1025
0.0672008,1024
0.0676423,1023
0.068081,1022
0.0685191,1021
0.0689561,1020
0.0694002,1019
0.0698396,1018
0.0702837,1017
0.070729,1016
0.0711767,1015
0.0716278,1014
0.0720817,1013
0.0725477,1012
0.0729999,1011
0.0807619,1010
0.0812099,1009
0.081642,1008
0.0820832,1007
0.0825268,1006
0.0829734,1005
0.0834305,1004
0.0838897,1003
0.0843409,1002
0.0847901,1001
0.0852421,1000
0.0856874,999
0.0861344,998
0.0865789,997
0.08702,996
0.0874572,995
0.0878915,994
0.0883243,993
0.0896049,992
0.0900366,991
0.0904677,990
0.0936015,989
0.0940565,988
0.0944872,987
0.0949172,986
0.0953586,985
0.0958106,984
0.0962531,983
0.0967033,982
0.0971526,981
0.0975962,980
0.0980374,979
0.0984774,978
0.0988568,977
0.0992552,976
0.0997051,975
0.100146,974
0.100588,973
0.101036,972
0.101483,971
0.10193,970
0.102382,969
0.10283,968
0.103281,967
0.109695,966
0.110158,965
0.110619,964
0.111074,963
0.111533,962
0.112001,961
0.112462,960
0.11292,959
0.113387,958
0.113837,957
0.114294,956
0.114749,955
0.116075,954
0.11651,953
0.116925,952
0.117334,951
0.117783,950
0.118235,949
0.118685,948
0.119135,947
0.122152,946
0.122655,945
0.123141,944
0.123597,943
0.124048,942
0.124494,941
0.124948,940
0.1254,939
0.125839,938
0.126287,937
0.126714,936
0.127172,935
0.127613,934
0.128057,933
0.128509,932
0.128961,931
0.129416,930
0.129859,929
0.130318,928
0.13076,927
0.131211,926
0.131652,925
0.136617,924
0.137159,923
0.137715,922
0.138255,921
0.138781,920
0.13944,919
0.140331,918
0.140772,917
0.14121,916
0.141626,915
0.142041,914
0.142476,913
0.142888,912
0.143317,911
0.143756,910
0.1442,909
0.144641,908
0.14508,907
0.14552,906
0.145963,905
0.146401,904
0.146851,903
0.149911,902
0.150364,901
0.150812,900
0.15126,899
0.15178,898
0.152211,897
0.152657,896
0.153181,895
0.153629,894
0.154073,893
0.154509,892
0.154954,891
0.155398,890
0.155844,889
0.156289,888
0.156732,887
0.157178,886
0.157623,885
0.158072,884
0.158522,883
0.159131,882
0.159586,881
0.163247,880
0.163695,879
0.164134,878
0.164568,877
0.165005,876
0.16544,875
0.165878,874
0.166321,873
0.166769,872
0.167221,871
0.167679,870
0.168113,869
0.168545,868
0.168978,867
0.169409,866
0.169842,865
0.17027,864
0.170698,863
0.171126,862
0.171559,861
0.171961,860
0.173764,859
0.174217,858
0.174661,857
0.175106,856
0.175552,855
0.175999,854
0.176443,853
0.176886,852
0.177333,851
0.177791,850
0.178241,849
0.178689,848
0.179144,847
0.179588,846
0.180034,845
0.180478,844
0.181796,843
0.182246,842
0.182692,841
0.183134,840
0.18358,839
0.187496,838
0.187966,837
0.188429,836
0.188896,835
0.190256,834
0.19069,833
0.192032,832
0.192461,831
0.192879,830
0.193331,829
0.194707,828
0.195201,827
0.195697,826
0.204215,825
0.204874,824
0.205539,823
0.206052,822
0.20645,821
0.206853,820
0.207259,819
0.207671,818
0.208069,817
0.208479,816
0.208878,815
0.209282,814
0.209686,813
0.210081,812
0.210484,811
0.210877,810
0.211274,809
0.211676,808
0.212072,807
0.212475,806
0.212874,805
0.215503,804
0.215962,803
0.216403,802
0.216847,801
0.217286,800
0.217727,799
0.218158,798
0.218604,797
0.219058,796
0.219516,795
0.219965,794
0.220423,793
0.22088,792
0.22135,791
0.221816,790
0.222275,789
0.222724,788
0.223184,787
0.223638,786
0.2241,785
0.227365,784
0.228708,783
0.229151,782
0.2296,781
0.230905,780
0.232216,779
0.232644,778
0.233069,777
0.233492,776
0.233898,775
0.234332,774
0.234785,773
0.235215,772
0.235641,771
0.236906,770
0.240645,769
0.241176,768
0.241644,767
0.242143,766
0.242619,765
0.243074,764
0.24353,763
0.243983,762
0.246214,761
0.246682,760
0.247147,759
0.248501,758
0.248938,757
0.24936,756
0.249787,755
0.250235,754
0.25801,753
0.258446,752
0.293476,751
0.294653,750
0.312516,749
0.315365,748
0.315785,747
0.316198,746
0.316613,745
0.317018,744
0.31744,743
0.317857,742
0.318277,741
0.318688,740
0.31911,739
0.339107,738
0.339528,737
0.339953,736
0.341158,735
0.343164,734
0.34445,733
0.344902,732
0.360604,731
0.361327,730
0.361738,729
0.362141,728
0.362787,727
0.363313,726
0.363749,725
0.364158,724
0.364565,723
0.367189,722
0.367631,721
0.36804,720
0.369255,719
0.369667,718
0.37012,717
0.370536,716
0.392183,715
0.392649,714
0.393056,713
0.393493,712
0.394027,711
0.396369,710
0.400295,709
0.40074,708
0.410314,707
0.415613,706
0.436621,705
0.451431,704
0.482629,703
0.48311,702
0.483563,701
0.485752,700
0.486201,699
0.486628,698
0.515761,697
0.51621,696
0.523611,695
0.526782,694
0.527197,693
0.527664,692
0.528101,691
0.52855,690
0.537722,689
0.538224,688
0.538797,687
0.55454,686
0.581075,685
0.582497,684
0.584776,683
0.585217,682
0.586563,681
0.587017,680
0.587492,679
0.58797,678
0.611073,677
0.612477,676
0.621278,675
0.702647,674
0.707732,673
0.710086,672
0.711486,671
0.712873,670
0.717025,669
0.717491,668
0.718907,667
0.719385,666
0.720762,665
0.743429,664
0.744789,663
0.813704,662
0.881872,661
0.96729,660
0.974237,659
0.974683,658
0.984196,657
0.984671,656
0.985156,655
1.12181,654
1.12311,653
1.12444,652
1.1368,651
1.13815,650
1.13863,649
1.14004,648
1.14227,647
1.14273,646
1.17899,645
1.17947,644
1.18662,643
1.18711,642
1.18757,641
1.47655,640
1.47701,639
1.49126,638
1.49168,637
1.74544,636
1.74607,635
1.74655,634
1.74703,633
1.74748,632
1.8749,631
1.87713,630
1.94545,629
1.94594,628
2.14136,627
2.19552,626
2.19603,625
2.65011,624
3.39027,623
3.41408,622
3.41454,621
3.41784,620
3.41834,619
3.5072,618
3.51034,617
6.6788,616
7.49261,615
10.5774,614
10.5779,613
10.5784,612
10.5788,611
10.6446,610
10.6615,609
10.662,608
53.7161,607
453.188,606
453.195,605
453.196,604
