0.000726426,1132
0.00122136,1131
0.0023676,1130
0.00284526,1129
0.00329425,1128
0.00374121,1127
0.00418823,1126
0.00464895,1125
0.00509518,1124
0.00554232,1123
0.00598839,1122
0.00643373,1121
0.00688054,1120
0.00732551,1119
0.00776999,1118
0.00821355,1117
0.00862556,1116
0.00903375,1115
0.00944468,1114
0.00985709,1113
0.0102764,1112
0.0112139,1111
0.0120688,1110
0.0126933,1109
0.0136359,1108
0.0140872,1107
0.0145297,1106
0.0149715,1105
0.0154123,1104
0.0158514,1103
0.016291,1102
0.0167336,1101
0.0171758,1100
0.0184883,1099
0.018935,1098
0.0193801,1097
0.0198274,1096
0.0202747,1095
0.0207923,1094
0.0231296,1093
0.0236226,1092
0.0293972,1091
0.0298948,1090
0.0303419,1089
0.0307777,1088
0.0311905,1087
0.0316406,1086
0.0320911,1085
0.0325378,1084
0.0329368,1083
0.0333293,1082
0.0337321,1081
0.0341375,1080
0.0345814,1079
0.0350239,1078
0.0354678,1077
0.0359094,1076
0.036353,1075
0.0367957,1074
0.0372361,1073
0.037679,1072
0.0381215,1071
0.0385642,1070
0.0390057,1069
0.0476248,1068
0.048155,1067
0.0486131,1066
0.0490648,1065
0.0503655,1064
0.0508197,1063
0.0512646,1062
0.0517147,1061
0.0521651,1060
0.052618,1059
0.053079,1058
0.0535411,1057
0.0540044,1056
0.0544611,1055
0.0549176,1054
0.0553687,1053
0.0558107,1052
0.0562555,1051
0.0566944,1050
0.0571318,1049
0.0593578,1048
0.0598801,1047
0.06034,1046
0.0607933,1045
0.0612495,1044
0.0617055,1043
0.0621627,1042
0.0626214,1041
0.0630777,1040
0.0635304,1039
0.0639808,1038
0.0644325,1037
0.0648785,1036
0.0653253,1035
0.0657759,1034
0.0662223,1033
0.0666648,1032
0.0670952,1031
0.0675314,1030
0.0679656,1029
0.0683847,1028
0.0688132,1027
0.0692446,1026
0.0727811,1025
0.0732446,1024
0.0737023,1023
0.07416,1022
0.07462,1021
0.0750796,1020
0.0755378,1019
0.0759945,1018
0.0764515,1017
0.0769147,1016
0.077549,1015
0.0779887,1014
0.0784203,1013
0.0788524,1012
0.0792844,1011
0.0797161,1010
0.0801432,1009
0.0805716,1008
0.0810004,1007
0.0814321,1006
0.0818608,1005
0.0822931,1004
0.0884662,1003
0.0906221,1002
0.0919462,1001
0.0923796,1000
0.0928133,999
0.0932418,998
0.0936724,997
0.094084,996
0.0944737,995
0.0948678,994
0.0952649,993
0.0956643,992
0.0968364,991
0.0972537,990
0.0976825,989
0.0981091,988
0.0985389,987
0.0989655,986
0.0993917,985
0.0998171,984
0.103492,983
0.104084,982
0.10457,981
0.105003,980
0.105434,979
0.105863,978
0.106293,977
0.106722,976
0.107152,975
0.107582,974
0.108012,973
0.108442,972
0.108872,971
0.109303,970
0.109732,969
0.110161,968
0.110591,967
0.11102,966
0.111449,965
0.111881,964
0.11231,963
0.11271,962
0.120178,961
0.120617,960
0.121056,959
0.121468,958
0.121895,957
0.122323,956
0.122748,955
0.123179,954
0.123604,953
0.124046,952
0.124493,951
0.124936,950
0.125385,949
0.125828,948
0.126275,947
0.126725,946
0.12717,945
0.127618,944
0.128061,943
0.128507,942
0.128958,941
0.129412,940
0.129855,939
0.133319,938
0.133749,937
0.134175,936
0.134602,935
0.135032,934
0.135458,933
0.135882,932
0.136313,931
0.136737,930
0.137164,929
0.137589,928
0.138024,927
0.139309,926
0.139743,925
0.140198,924
0.141542,923
0.142005,922
0.149072,921
0.149531,920
0.149997,919
0.150447,918
0.150894,917
0.15134,916
0.151788,915
0.152246,914
0.152718,913
0.153156,912
0.153606,911
0.154049,910
0.154493,909
0.154926,908
0.155384,907
0.155829,906
0.156286,905
0.156744,904
0.157201,903
0.157629,902
0.161412,901
0.161873,900
0.162308,899
0.162757,898
0.163199,897
0.163644,896
0.164091,895
0.164543,894
0.164982,893
0.165428,892
0.165864,891
0.166311,890
0.166745,889
0.167201,888
0.167635,887
0.168071,886
0.168482,885
0.168904,884
0.16931,883
0.169731,882
0.17283,881
0.173306,880
0.173749,879
0.174188,878
0.174628,877
0.175067,876
0.175507,875
0.175955,874
0.176392,873
0.177675,872
0.178126,871
0.178576,870
0.179018,869
0.179458,868
0.179891,867
0.180325,866
0.180756,865
0.181209,864
0.181643,863
0.182077,862
0.182509,861
0.186739,860
0.187193,859
0.187624,858
0.188054,857
0.188488,856
0.18892,855
0.189352,854
0.189781,853
0.190211,852
0.190652,851
0.191109,850
0.191565,849
0.192018,848
0.192473,847
0.192888,846
0.193304,845
0.193731,844
0.194164,843
0.194594,842
0.195024,841
0.195455,840
0.195888,839
0.196338,838
0.200173,837
0.200623,836
0.201881,835
0.202334,834
0.202783,833
0.203238,832
0.203689,831
0.204148,830
0.204605,829
0.205062,828
0.205518,827
0.207712,826
0.208169,825
0.208624,824
0.209067,823
0.209512,822
0.209962,821
0.210424,820
0.21317,819
0.213639,818
0.21409,817
0.214532,816
0.214974,815
0.215416,814
0.215855,813
0.216293,812
0.21673,811
0.217169,810
0.21761,809
0.218047,808
0.218484,807
0.218923,806
0.219366,805
0.219816,804
0.220272,803
0.220725,802
0.221183,801
0.225513,800
0.226023,799
0.227326,798
0.227761,797
0.228191,796
0.228607,795
0.230732,794
0.231161,793
0.232426,792
0.233768,791
0.234248,790
0.239008,789
0.239455,788
0.239914,787
0.240352,786
0.240792,785
0.241243,784
0.241695,783
0.242139,782
0.242581,781
0.24304,780
0.243486,779
0.246571,778
0.247018,777
0.247459,776
0.247895,775
0.248332,774
0.253539,773
0.254009,772
0.254463,771
0.254917,770
0.255356,769
0.255791,768
0.256233,767
0.256657,766
0.257092,765
0.257537,764
0.257974,763
0.258423,762
0.258859,761
0.259297,760
0.259735,759
0.264415,758
0.265689,757
0.270529,756
0.272814,755
0.273278,754
0.279467,753
0.279897,752
0.281182,751
0.281607,750
0.282044,749
0.282465,748
0.282892,747
0.283315,746
0.284562,745
0.285833,744
0.286258,743
0.326365,742
0.326766,741
0.329252,740
0.330531,739
0.330978,738
0.331717,737
0.332154,736
0.334092,735
0.334494,734
0.335041,733
0.335474,732
0.335886,731
0.352234,730
0.352789,729
0.356505,728
0.356935,727
0.358133,726
0.358525,725
0.358924,724
0.35933,723
0.359763,722
0.360173,721
0.360586,720
0.360984,719
0.362891,718
0.379565,717
0.380019,716
0.380462,715
0.380917,714
0.381355,713
0.381799,712
0.383098,711
0.383521,710
0.38394,709
0.385154,708
0.385582,707
0.386012,706
0.386433,705
0.386833,704
0.399538,703
0.400011,702
0.401313,701
0.401778,700
0.403224,699
0.403689,698
0.404216,697
0.428122,696
0.428595,695
0.431575,694
0.43209,693
0.43255,692
0.433794,691
0.434207,690
0.435411,689
0.435813,688
0.436235,687
0.448165,686
0.50269,685
0.529959,684
0.531337,683
0.53444,682
0.534891,681
0.544232,680
0.544756,679
0.54607,678
0.556233,677
0.556731,676
0.557193,675
0.559517,674
0.602424,673
0.602888,672
0.616631,671
0.631284,670
0.693265,669
0.694629,668
0.704232,667
0.80844,666
0.808914,665
0.813019,664
0.813484,663
0.81396,662
0.815388,661
0.881522,660
0.908872,659
0.909331,658
0.913511,657
0.935244,656
0.942149,655
0.943475,654
0.94392,653
1.0582,652
1.05868,651
1.11171,650
1.2779,649
1.27836,648
1.27881,647
1.27927,646
1.27973,645
1.28323,644
1.28633,643
1.39636,642
1.39688,641
1.39814,640
1.39856,639
1.44133,638
1.56239,637
1.56376,636
1.81218,635
1.81445,634
1.81493,633
2.14257,632
2.1619,631
2.16236,630
2.61102,629
2.61281,628
2.63106,627
2.63243,626
2.67089,625
2.67136,624
3.4479,623
3.4493,622
3.44975,621
3.8349,620
5.57905,619
5.58882,618
5.59029,617
5.64184,616
9.80449,615
9.80505,614
10.2296,613
12.1463,612
12.1468,611
12.1473,610
12.1656,609
13.0087,608
56.571,607
56.5718,606
575.767,605
939.712,604
