0.0207512,8360
0.0217749,8359
0.0227771,8358
0.023767,8357
0.0247569,8356
0.025766,8355
0.0267492,8354
0.0277293,8353
0.0287112,8352
0.0296868,8351
0.0740644,8350
0.0750799,8349
0.0760816,8348
0.0770763,8347
0.078066,8346
0.0790705,8345
0.111701,8344
0.112763,8343
0.11378,8342
0.114791,8341
0.141542,8340
0.143527,8339
0.145289,8338
0.148427,8337
0.153886,8336
0.155073,8335
0.156294,8334
0.167808,8333
0.168818,8332
0.232075,8331
0.233085,8330
0.234083,8329
0.235076,8328
0.236057,8327
0.237035,8326
0.238013,8325
0.238985,8324
0.239954,8323
0.240924,8322
0.280216,8321
0.281252,8320
0.282293,8319
0.283298,8318
0.284291,8317
0.285281,8316
0.286268,8315
0.287255,8314
0.288235,8313
0.289209,8312
0.333016,8311
0.33404,8310
0.335046,8309
0.336041,8308
0.33703,8307
0.338014,8306
0.338997,8305
0.339974,8304
0.340949,8303
0.341921,8302
0.393282,8301
0.394306,8300
0.395319,8299
0.396315,8298
0.397308,8297
0.398298,8296
0.39928,8295
0.40026,8294
0.401238,8293
0.40221,8292
0.4459,8291
0.446995,8290
0.448078,8289
0.449069,8288
0.450059,8287
0.451045,8286
0.452031,8285
0.453009,8284
0.453981,8283
0.454956,8282
0.514599,8281
0.515619,8280
0.516616,8279
0.517606,8278
0.518597,8277
0.519581,8276
0.52056,8275
0.521532,8274
0.522502,8273
0.523472,8272
0.563962,8271
0.564989,8270
0.565993,8269
0.566986,8268
0.56797,8267
0.568972,8266
0.569951,8265
0.570922,8264
0.571893,8263
0.572862,8262
0.573827,8261
0.612997,8260
0.614024,8259
0.615041,8258
0.616073,8257
0.617039,8256
0.618003,8255
0.620021,8254
0.621019,8253
0.622004,8252
0.622983,8251
0.683081,8250
0.684104,8249
0.685102,8248
0.686093,8247
0.687078,8246
0.68806,8245
0.689036,8244
0.690008,8243
0.690977,8242
0.691944,8241
0.733016,8240
0.73402,8239
0.735013,8238
0.736083,8237
0.737074,8236
0.738056,8235
0.739034,8234
0.740005,8233
0.740973,8232
0.741936,8231
0.753213,8230
0.754213,8229
0.755201,8228
0.756183,8227
0.757157,8226
0.758126,8225
0.759095,8224
0.760058,8223
0.761023,8222
0.761983,8221
0.83323,8220
0.834274,8219
0.835245,8218
0.836209,8217
0.837172,8216
0.838162,8215
0.839114,8214
0.840081,8213
0.841064,8212
0.842109,8211
0.895833,8210
0.896859,8209
0.897831,8208
0.898788,8207
0.899746,8206
0.900702,8205
0.901651,8204
0.902629,8203
0.9036,8202
0.904555,8201
0.946376,8200
0.947467,8199
0.948471,8198
0.949443,8197
0.950481,8196
0.951462,8195
0.952418,8194
0.953384,8193
0.954343,8192
0.955291,8191
0.956266,8190
0.976468,8189
0.97747,8188
0.978454,8187
0.979432,8186
0.980437,8185
0.981405,8184
0.982366,8183
0.983421,8182
0.984394,8181
0.985352,8180
1.04773,8179
1.04873,8178
1.04973,8177
1.05072,8176
1.0517,8175
1.05267,8174
1.05414,8173
1.05512,8172
1.05609,8171
1.05705,8170
1.12367,8169
1.12468,8168
1.12571,8167
1.1267,8166
1.12768,8165
1.12866,8164
1.12963,8163
1.1306,8162
1.13157,8161
1.13253,8160
1.16947,8159
1.1705,8158
1.17261,8157
1.17363,8156
1.17464,8155
1.17563,8154
1.1766,8153
1.17758,8152
1.17855,8151
1.17952,8150
1.23343,8149
1.23444,8148
1.23543,8147
1.23642,8146
1.23742,8145
1.23841,8144
1.23938,8143
1.24035,8142
1.24132,8141
1.24228,8140
1.28765,8139
1.28865,8138
1.28959,8137
1.29052,8136
1.29145,8135
1.2924,8134
1.29336,8133
1.29449,8132
1.29545,8131
1.29641,8130
1.29736,8129
1.3397,8128
1.34075,8127
1.34181,8126
1.34278,8125
1.34375,8124
1.34472,8123
1.34571,8122
1.34667,8121
1.34763,8120
1.34858,8119
1.39173,8118
1.39275,8117
1.39376,8116
1.39473,8115
1.39569,8114
1.39666,8113
1.39762,8112
1.39858,8111
1.39954,8110
1.4005,8109
1.44737,8108
1.44837,8107
1.44931,8106
1.45026,8105
1.45121,8104
1.45214,8103
1.45309,8102
1.45403,8101
1.45498,8100
1.45593,8099
1.45688,8098
1.51344,8097
1.51444,8096
1.51544,8095
1.51642,8094
1.5174,8093
1.51838,8092
1.51935,8091
1.52032,8090
1.52128,8089
1.52224,8088
1.56376,8087
1.56479,8086
1.56578,8085
1.56677,8084
1.56778,8083
1.56878,8082
1.56976,8081
1.57073,8080
1.57169,8079
1.5727,8078
1.58799,8077
1.59541,8076
1.59826,8075
1.60025,8074
1.6603,8073
1.66134,8072
1.66262,8071
1.66364,8070
1.66467,8069
1.66567,8068
1.70859,8067
1.70952,8066
1.71088,8065
1.71195,8064
1.71288,8063
1.7157,8062
1.71666,8061
1.71761,8060
1.73862,8059
1.73961,8058
1.74058,8057
1.74152,8056
1.74246,8055
1.7434,8054
1.74436,8053
1.74531,8052
1.74634,8051
1.7473,8050
1.8287,8049
1.83087,8048
1.83204,8047
1.83504,8046
1.83605,8045
1.83704,8044
1.83802,8043
1.83899,8042
1.83996,8041
1.84093,8040
1.88543,8039
1.88644,8038
1.88743,8037
1.88841,8036
1.88942,8035
1.89047,8034
1.89143,8033
1.89252,8032
1.89352,8031
1.89448,8030
1.89543,8029
1.93797,8028
1.93895,8027
1.93989,8026
1.94083,8025
1.94177,8024
1.9449,8023
1.94585,8022
1.9468,8021
2.00881,8020
2.00981,8019
2.01084,8018
2.01182,8017
2.01279,8016
2.01374,8015
2.01468,8014
2.01564,8013
2.01658,8012
2.01752,8011
2.07269,8010
2.07369,8009
2.07468,8008
2.07569,8007
2.07675,8006
2.08007,8005
2.08108,8004
2.0821,8003
2.0831,8002
2.08407,8001
2.10286,8000
2.10392,7999
2.10491,7998
2.10584,7997
2.10678,7996
2.10773,7995
2.10868,7994
2.10961,7993
2.11057,7992
2.11151,7991
2.11248,7990
2.1641,7989
2.1656,7988
2.16659,7987
2.16759,7986
2.16856,7985
2.16954,7984
2.17051,7983
2.17147,7982
2.17263,7981
2.1737,7980
2.21934,7979
2.22041,7978
2.22156,7977
2.22259,7976
2.22358,7975
2.22458,7974
2.22557,7973
2.22656,7972
2.3278,7971
2.32881,7970
2.33781,7969
2.33882,7968
2.33981,7967
2.34083,7966
2.34187,7965
2.34285,7964
2.34382,7963
2.34478,7962
2.34574,7961
2.34669,7960
2.35514,7959
2.35617,7958
2.35716,7957
2.35814,7956
2.3591,7955
2.36007,7954
2.36103,7953
2.36199,7952
2.36296,7951
2.36392,7950
2.42943,7949
2.43043,7948
2.43146,7947
2.43245,7946
2.43341,7945
2.43442,7944
2.43544,7943
2.43643,7942
2.43741,7941
2.43839,7940
2.43936,7939
2.50274,7938
2.50381,7937
2.50481,7936
2.50578,7935
2.50675,7934
2.50771,7933
2.50868,7932
2.50972,7931
2.51068,7930
2.51164,7929
2.56354,7928
2.56456,7927
2.56556,7926
2.56653,7925
2.5675,7924
2.56861,7923
2.56965,7922
2.57073,7921
2.5717,7920
2.5728,7919
2.60292,7918
2.60395,7917
2.60493,7916
2.60591,7915
2.60688,7914
2.60784,7913
2.60881,7912
2.60976,7911
2.61071,7910
2.61166,7909
2.67329,7908
2.67429,7907
2.67527,7906
2.67625,7905
2.67723,7904
2.6782,7903
2.67917,7902
2.68012,7901
2.68108,7900
2.68203,7899
2.71472,7898
2.71572,7897
2.71671,7896
2.71769,7895
2.71866,7894
2.71963,7893
2.72059,7892
2.72155,7891
2.72251,7890
2.72347,7889
2.72442,7888
2.74808,7887
2.74916,7886
2.75015,7885
2.75112,7884
2.75209,7883
2.75311,7882
2.75413,7881
2.75508,7880
2.75604,7879
2.75699,7878
2.80628,7877
2.80916,7876
2.81018,7875
2.81111,7874
2.81203,7873
2.81295,7872
2.81391,7871
2.81484,7870
2.86285,7869
2.86385,7868
2.86483,7867
2.86581,7866
2.86678,7865
2.86774,7864
2.8687,7863
2.86966,7862
2.87061,7861
2.87156,7860
2.87251,7859
2.9172,7858
2.91816,7857
2.9191,7856
2.92003,7855
2.92096,7854
2.92196,7853
2.92293,7852
2.92388,7851
2.92484,7850
2.92581,7849
2.96894,7848
2.96994,7847
2.97091,7846
2.97185,7845
2.97315,7844
2.97417,7843
2.97518,7842
2.9765,7841
2.97751,7840
2.98056,7839
3.0256,7838
3.0266,7837
3.02757,7836
3.02854,7835
3.02949,7834
3.03042,7833
3.03137,7832
3.03232,7831
3.03325,7830
3.03419,7829
3.03512,7828
3.08461,7827
3.0856,7826
3.08657,7825
3.08749,7824
3.08841,7823
3.08936,7822
3.09029,7821
3.09121,7820
3.09216,7819
3.09307,7818
3.09402,7817
3.14231,7816
3.14329,7815
3.14426,7814
3.14521,7813
3.14665,7812
3.1476,7811
3.14855,7810
3.14949,7809
3.15044,7808
3.15138,7807
3.18501,7806
3.18599,7805
3.18689,7804
3.18781,7803
3.18873,7802
3.18963,7801
3.19055,7800
3.19147,7799
3.19237,7798
3.19328,7797
3.19421,7796
3.25032,7795
3.25133,7794
3.2523,7793
3.25327,7792
3.25429,7791
3.25556,7790
3.25653,7789
3.25749,7788
3.25844,7787
3.25939,7786
3.30937,7785
3.31036,7784
3.31178,7783
3.31277,7782
3.31375,7781
3.31472,7780
3.3157,7779
3.31665,7778
3.31759,7777
3.31854,7776
3.35149,7775
3.35248,7774
3.35346,7773
3.35443,7772
3.3554,7771
3.35636,7770
3.35732,7769
3.35827,7768
3.35922,7767
3.36018,7766
3.36114,7765
3.3911,7764
3.39204,7763
3.393,7762
3.39393,7761
3.39484,7760
3.39579,7759
3.39671,7758
3.39764,7757
3.39875,7756
3.39971,7755
3.43691,7754
3.43789,7753
3.43886,7752
3.43983,7751
3.44079,7750
3.44175,7749
3.4427,7748
3.44364,7747
3.44458,7746
3.44551,7745
3.44643,7744
3.48061,7743
3.48159,7742
3.48252,7741
3.96122,7740
3.96221,7739
3.96318,7738
3.96415,7737
3.96511,7736
3.96607,7735
3.96702,7734
3.96797,7733
3.96892,7732
3.96986,7731
3.98409,7730
3.98508,7729
3.98605,7728
3.98701,7727
3.98797,7726
3.98893,7725
3.98988,7724
3.99105,7723
3.99201,7722
3.99297,7721
4.00066,7720
4.00167,7719
4.00265,7718
4.00361,7717
4.00456,7716
4.00552,7715
4.00647,7714
4.00741,7713
4.00835,7712
4.0093,7711
4.01024,7710
4.02882,7709
4.03024,7708
4.03122,7707
4.03219,7706
4.03316,7705
4.03411,7704
4.03506,7703
4.03601,7702
4.03696,7701
4.03824,7700
4.08381,7699
4.08489,7698
4.08592,7697
4.08689,7696
4.08785,7695
4.08887,7694
4.09001,7693
4.09099,7692
4.09195,7691
4.0929,7690
4.11449,7689
4.11549,7688
4.11647,7687
4.11744,7686
4.1184,7685
4.11936,7684
4.12241,7683
4.12339,7682
4.12436,7681
4.14079,7680
4.14177,7679
4.14285,7678
4.14386,7677
4.14482,7676
4.14578,7675
4.14673,7674
4.14773,7673
4.1487,7672
4.14965,7671
4.20018,7670
4.20121,7669
4.20226,7668
4.20326,7667
4.20423,7666
4.20519,7665
4.20615,7664
4.2071,7663
4.20804,7662
4.20899,7661
4.25488,7660
4.25587,7659
4.25685,7658
4.25781,7657
4.25877,7656
4.25972,7655
4.26067,7654
4.26162,7653
4.26256,7652
4.2635,7651
4.26444,7650
4.32892,7649
4.33036,7648
4.33136,7647
4.33288,7646
4.334,7645
4.33561,7644
4.33769,7643
4.3387,7642
4.33967,7641
4.34063,7640
4.38185,7639
4.38287,7638
4.38384,7637
4.38478,7636
4.38574,7635
4.38667,7634
4.3876,7633
4.38854,7632
4.38947,7631
4.3904,7630
4.45371,7629
4.45499,7628
4.45621,7627
4.45773,7626
4.45889,7625
4.45993,7624
4.46117,7623
4.46214,7622
4.4631,7621
4.46407,7620
4.47216,7619
4.47316,7618
4.47604,7617
4.477,7616
4.47797,7615
4.47893,7614
4.47987,7613
4.48082,7612
4.50786,7611
4.50885,7610
4.50985,7609
4.51083,7608
4.51189,7607
4.51295,7606
4.51482,7605
4.5168,7604
4.51778,7603
4.51877,7602
4.56401,7601
4.56499,7600
4.56596,7599
4.56692,7598
4.56786,7597
4.56879,7596
4.56971,7595
4.57292,7594
4.57397,7593
4.57493,7592
4.57584,7591
4.68591,7590
4.68692,7589
4.68784,7588
4.68876,7587
4.68967,7586
4.69067,7585
4.69161,7584
4.69254,7583
4.69345,7582
4.69437,7581
4.69531,7580
4.69622,7579
4.69956,7578
4.71925,7577
4.72066,7576
4.72183,7575
4.72282,7574
4.72381,7573
4.72479,7572
4.72598,7571
4.72701,7570
4.80206,7569
4.80349,7568
4.80446,7567
4.80542,7566
4.80637,7565
4.80741,7564
4.80837,7563
4.80931,7562
4.81025,7561
4.81123,7560
4.85984,7559
4.86082,7558
4.86178,7557
4.86275,7556
4.8637,7555
4.86465,7554
4.86559,7553
4.86653,7552
4.86746,7551
4.86837,7550
4.91767,7549
4.91865,7548
4.91962,7547
4.92058,7546
4.92155,7545
4.9225,7544
4.92344,7543
4.92438,7542
4.92532,7541
4.92625,7540
4.92717,7539
4.97283,7538
4.97381,7537
4.9748,7536
4.97577,7535
4.97672,7534
4.97767,7533
4.97877,7532
4.9798,7531
4.98076,7530
4.9817,7529
5.09164,7528
5.09266,7527
5.09363,7526
5.09465,7525
5.09562,7524
5.09657,7523
5.09816,7522
5.09913,7521
5.10008,7520
5.10102,7519
5.10197,7518
5.14278,7517
5.14376,7516
5.1447,7515
5.14563,7514
5.14657,7513
5.14749,7512
5.14841,7511
5.14935,7510
5.15026,7509
5.15118,7508
5.20381,7507
5.2048,7506
5.20575,7505
5.20669,7504
5.20764,7503
5.20857,7502
5.20949,7501
5.21041,7500
5.21134,7499
5.21226,7498
5.21317,7497
5.24656,7496
5.26968,7495
5.27066,7494
5.27163,7493
5.27259,7492
5.27359,7491
5.27455,7490
5.27551,7489
5.27646,7488
5.27741,7487
5.3538,7486
5.35478,7485
5.35572,7484
5.35664,7483
5.35756,7482
5.35847,7481
5.35937,7480
5.36027,7479
5.36117,7478
5.36211,7477
5.36302,7476
5.39673,7475
5.39771,7474
5.39864,7473
5.39959,7472
5.4005,7471
5.40142,7470
5.40234,7469
5.40328,7468
5.40422,7467
5.40513,7466
5.40606,7465
5.4544,7464
5.45543,7463
5.45638,7462
5.4573,7461
5.45823,7460
5.45915,7459
5.46006,7458
5.46099,7457
5.46194,7456
5.46298,7455
5.53134,7454
5.53235,7453
5.53334,7452
5.53435,7451
5.53528,7450
5.53622,7449
5.53714,7448
5.53809,7447
5.539,7446
5.53994,7445
5.54086,7444
5.57805,7443
5.57907,7442
5.58005,7441
5.583,7440
5.58401,7439
5.58499,7438
5.5861,7437
5.5873,7436
5.58841,7435
5.58944,7434
5.65966,7433
5.66066,7432
5.66171,7431
5.66273,7430
5.66437,7429
5.66534,7428
5.6663,7427
5.66726,7426
5.66825,7425
5.66919,7424
5.72689,7423
5.72984,7422
5.73114,7421
5.7321,7420
5.73307,7419
5.73402,7418
5.73496,7417
5.7359,7416
5.73686,7415
5.76956,7414
5.77056,7413
5.77152,7412
5.77252,7411
5.77348,7410
5.77442,7409
5.77535,7408
5.77628,7407
5.77726,7406
5.77819,7405
5.83338,7404
5.83438,7403
5.83531,7402
5.83625,7401
5.83761,7400
5.83856,7399
5.83949,7398
5.84041,7397
5.84184,7396
5.84277,7395
5.84466,7394
5.88674,7393
5.88786,7392
5.88922,7391
5.89029,7390
5.89127,7389
5.89223,7388
5.89317,7387
5.8941,7386
5.89503,7385
5.89603,7384
5.94417,7383
5.94519,7382
5.94617,7381
5.94811,7380
5.94907,7379
5.95003,7378
5.95143,7377
5.95237,7376
5.9533,7375
5.95429,7374
5.96597,7373
5.96695,7372
5.96794,7371
5.9689,7370
5.96991,7369
5.97087,7368
5.97182,7367
5.97277,7366
5.97371,7365
5.97464,7364
5.97557,7363
6.05064,7362
6.05172,7361
6.05268,7360
6.0536,7359
6.05456,7358
6.05551,7357
6.05643,7356
6.05735,7355
6.05826,7354
6.05917,7353
6.06009,7352
6.10458,7351
6.10555,7350
6.10649,7349
6.10742,7348
6.10836,7347
6.10928,7346
6.1102,7345
6.11112,7344
6.11204,7343
6.11295,7342
6.16584,7341
6.16681,7340
6.16777,7339
6.16872,7338
6.16972,7337
6.17062,7336
6.17152,7335
6.17255,7334
6.17351,7333
6.17444,7332
6.17538,7331
6.22719,7330
6.22819,7329
6.22914,7328
6.23005,7327
6.23097,7326
6.23191,7325
6.23282,7324
6.23374,7323
6.23465,7322
6.23557,7321
6.23649,7320
6.28715,7319
6.28809,7318
6.28904,7317
6.28996,7316
6.29089,7315
6.29199,7314
6.29298,7313
6.29414,7312
6.29511,7311
6.29605,7310
6.33505,7309
6.33603,7308
6.33725,7307
6.33821,7306
6.33917,7305
6.34018,7304
6.34112,7303
6.34206,7302
6.343,7301
6.34401,7300
6.34497,7299
6.38972,7298
6.3907,7297
6.39167,7296
6.39261,7295
6.39355,7294
6.39483,7293
6.39855,7292
6.40006,7291
6.40103,7290
6.40199,7289
6.43547,7288
6.43645,7287
6.4374,7286
6.43836,7285
6.44114,7284
6.44207,7283
6.44299,7282
6.44391,7281
6.53992,7280
6.54108,7279
6.54208,7278
6.54303,7277
6.54455,7276
6.54553,7275
6.54648,7274
6.54876,7273
6.54982,7272
6.55078,7271
6.55172,7270
6.60215,7269
6.60312,7268
6.60408,7267
6.60507,7266
6.60605,7265
6.60777,7264
6.60875,7263
6.60971,7262
6.61072,7261
6.61166,7260
6.67318,7259
6.67417,7258
6.67514,7257
6.67611,7256
6.67707,7255
6.67801,7254
6.67895,7253
6.67988,7252
6.68082,7251
6.68175,7250
6.68268,7249
6.72914,7248
6.73014,7247
6.7311,7246
6.73205,7245
6.73299,7244
6.73393,7243
6.73496,7242
6.7359,7241
6.73683,7240
6.73776,7239
6.80336,7238
6.80437,7237
6.80532,7236
6.8063,7235
6.80726,7234
6.80821,7233
6.80915,7232
6.81008,7231
6.81101,7230
6.81194,7229
6.81286,7228
6.84045,7227
6.84142,7226
6.84237,7225
6.84332,7224
6.84428,7223
6.84521,7222
6.84615,7221
6.84707,7220
6.84799,7219
6.84892,7218
6.91324,7217
6.91423,7216
6.91518,7215
6.91614,7214
6.91709,7213
6.91802,7212
6.91895,7211
6.91989,7210
6.92081,7209
6.92186,7208
6.92284,7207
6.98612,7206
6.98709,7205
6.98804,7204
6.98899,7203
6.9901,7202
6.99111,7201
6.99205,7200
6.99299,7199
6.99391,7198
6.99484,7197
7.01187,7196
7.01288,7195
7.01384,7194
7.01479,7193
7.01573,7192
7.01669,7191
7.01762,7190
7.01854,7189
7.01943,7188
7.02105,7187
7.02344,7186
7.02624,7185
7.02738,7184
7.02833,7183
7.02926,7182
7.03019,7181
7.03113,7180
7.03206,7179
7.03302,7178
7.03395,7177
7.03488,7176
7.13396,7175
7.13493,7174
7.13586,7173
7.1368,7172
7.13772,7171
7.13863,7170
7.13954,7169
7.14044,7168
7.14134,7167
7.14231,7166
7.14321,7165
7.19042,7164
7.19196,7163
7.19299,7162
7.19392,7161
7.19706,7160
7.19841,7159
7.19935,7158
7.20027,7157
7.20119,7156
7.20214,7155
7.20615,7154
7.20797,7153
7.20893,7152
7.20987,7151
7.2108,7150
7.21173,7149
7.21265,7148
7.21363,7147
7.21456,7146
7.21546,7145
7.21637,7144
7.3233,7143
7.32428,7142
7.32713,7141
7.32808,7140
7.32901,7139
7.32994,7138
7.33087,7137
7.33178,7136
7.33269,7135
7.35832,7134
7.35929,7133
7.36025,7132
7.36119,7131
7.36214,7130
7.36307,7129
7.36401,7128
7.36493,7127
7.36586,7126
7.36718,7125
7.36819,7124
7.4045,7123
7.40543,7122
7.40633,7121
7.40725,7120
7.40815,7119
7.40905,7118
7.40994,7117
7.41083,7116
7.41179,7115
7.41271,7114
7.41363,7113
7.46566,7112
7.46661,7111
7.46758,7110
7.46853,7109
7.46948,7108
7.47042,7107
7.47136,7106
7.47228,7105
7.47322,7104
7.47425,7103
7.51577,7102
7.51674,7101
7.51769,7100
7.51863,7099
7.51955,7098
7.52048,7097
7.5214,7096
7.52232,7095
7.52323,7094
7.52415,7093
7.52506,7092
7.56662,7091
7.56761,7090
7.56862,7089
7.57118,7088
7.57213,7087
7.57306,7086
7.57397,7085
7.57489,7084
7.57581,7083
7.57672,7082
7.5778,7081
7.61787,7080
7.61882,7079
7.61973,7078
7.62065,7077
7.62169,7076
7.62264,7075
7.62368,7074
7.62461,7073
7.62555,7072
7.62644,7071
7.68135,7070
7.68235,7069
7.68325,7068
7.68418,7067
7.6851,7066
7.68599,7065
7.6869,7064
7.68782,7063
7.68871,7062
7.68967,7061
7.6906,7060
7.73157,7059
7.73253,7058
7.73345,7057
7.73439,7056
7.73529,7055
7.7362,7054
7.73713,7053
7.73801,7052
7.73892,7051
7.73984,7050
7.74073,7049
7.78238,7048
7.78336,7047
7.78431,7046
7.78521,7045
7.78616,7044
7.7871,7043
7.78799,7042
7.78889,7041
7.78982,7040
7.79071,7039
7.79159,7038
7.83131,7037
7.8341,7036
7.83499,7035
7.8359,7034
7.8368,7033
7.83769,7032
7.8386,7031
7.8395,7030
7.8404,7029
7.8891,7028
7.89007,7027
7.89101,7026
7.89192,7025
7.92457,7024
7.92563,7023
7.92659,7022
7.92748,7021
7.92836,7020
7.92924,7019
7.93011,7018
7.94853,7017
7.94946,7016
7.95039,7015
7.95133,7014
7.95222,7013
7.95311,7012
7.95404,7011
7.95493,7010
7.95581,7009
7.9567,7008
7.95759,7007
7.99201,7006
7.99297,7005
7.99388,7004
7.99482,7003
7.99571,7002
7.99659,7001
7.9975,7000
7.99838,6999
7.9997,6998
8.00061,6997
8.0015,6996
8.04954,6995
8.05049,6994
8.0514,6993
8.05231,6992
8.05321,6991
8.05409,6990
8.055,6989
8.0559,6988
8.05678,6987
8.05767,6986
8.05859,6985
8.11333,6984
8.11428,6983
8.11517,6982
8.11608,6981
8.117,6980
8.1179,6979
8.1188,6978
8.11971,6977
8.1206,6976
8.12151,6975
8.12241,6974
8.1673,6973
8.16822,6972
8.16911,6971
8.17008,6970
8.171,6969
8.17191,6968
8.17283,6967
8.17375,6966
8.17466,6965
8.17555,6964
8.17644,6963
8.19847,6962
8.19939,6961
8.2003,6960
8.20122,6959
8.20212,6958
8.20301,6957
8.20394,6956
8.20483,6955
8.20572,6954
8.20663,6953
8.20753,6952
8.25483,6951
8.25607,6950
8.25708,6949
8.25798,6948
8.25891,6947
8.25982,6946
8.26073,6945
8.26163,6944
8.26288,6943
8.26415,6942
8.26506,6941
8.31855,6940
8.31949,6939
8.32038,6938
8.32129,6937
8.3222,6936
8.32308,6935
8.32398,6934
8.3249,6933
8.32578,6932
8.32665,6931
8.32752,6930
8.36318,6929
8.36414,6928
8.36508,6927
8.36603,6926
8.36696,6925
8.3681,6924
8.36903,6923
8.36996,6922
8.37088,6921
8.3718,6920
8.41716,6919
8.41814,6918
8.41909,6917
8.42003,6916
8.42097,6915
8.4224,6914
8.42335,6913
8.42428,6912
8.42521,6911
8.42613,6910
8.42705,6909
8.48087,6908
8.48182,6907
8.48275,6906
8.48367,6905
8.48459,6904
8.48551,6903
8.48642,6902
8.52276,6901
8.52372,6900
8.52467,6899
8.5256,6898
8.52653,6897
8.52746,6896
8.52838,6895
8.5293,6894
8.53021,6893
8.53113,6892
8.57215,6891
8.57312,6890
8.57407,6889
8.57501,6888
8.57595,6887
8.57871,6886
8.57963,6885
8.58054,6884
8.58145,6883
8.62596,6882
8.62693,6881
8.62789,6880
8.62883,6879
8.62977,6878
8.6307,6877
8.63162,6876
8.63615,6875
8.63711,6874
8.63806,6873
8.63899,6872
8.69681,6871
8.6978,6870
8.69872,6869
8.69995,6868
8.7009,6867
8.70182,6866
8.70281,6865
8.70372,6864
8.70463,6863
8.70555,6862
8.75986,6861
8.76083,6860
8.76179,6859
8.76272,6858
8.76368,6857
8.76461,6856
8.76558,6855
8.76652,6854
8.76746,6853
8.76837,6852
8.76928,6851
8.81629,6850
8.81725,6849
8.8182,6848
8.81916,6847
8.8201,6846
8.82103,6845
8.82196,6844
8.8229,6843
8.82382,6842
8.82477,6841
8.87007,6840
8.87105,6839
8.87197,6838
8.87287,6837
8.87378,6836
8.87467,6835
8.87556,6834
8.8782,6833
8.87909,6832
8.87997,6831
8.92734,6830
8.92825,6829
8.92916,6828
8.93016,6827
8.93106,6826
8.93373,6825
8.93463,6824
8.93553,6823
8.93646,6822
8.98599,6821
8.98688,6820
8.98778,6819
8.98874,6818
8.98967,6817
8.99055,6816
8.99146,6815
8.99237,6814
8.99324,6813
8.99413,6812
8.99505,6811
9.03012,6810
9.03105,6809
9.03198,6808
9.03295,6807
9.03385,6806
9.03477,6805
9.03567,6804
9.03657,6803
9.10162,6802
9.1026,6801
9.10359,6800
9.10482,6799
9.10579,6798
9.10718,6797
9.10809,6796
9.10898,6795
9.10987,6794
9.1108,6793
9.1117,6792
9.17887,6791
9.17983,6790
9.18077,6789
9.18171,6788
9.18271,6787
9.18365,6786
9.18458,6785
9.1855,6784
9.18641,6783
9.18731,6782
9.18824,6781
9.2445,6780
9.24544,6779
9.24634,6778
9.24722,6777
9.2481,6776
9.249,6775
9.2499,6774
9.25079,6773
9.25349,6772
9.29803,6771
9.29902,6770
9.29994,6769
9.30085,6768
9.30184,6767
9.30278,6766
9.30369,6765
9.3046,6764
9.3055,6763
9.30639,6762
9.30747,6761
9.3583,6760
9.35927,6759
9.36037,6758
9.36126,6757
9.36216,6756
9.36304,6755
9.36392,6754
9.36481,6753
9.3657,6752
9.36659,6751
9.36747,6750
9.39896,6749
9.39989,6748
9.40098,6747
9.40188,6746
9.4541,6745
9.45514,6744
9.45608,6743
9.45701,6742
9.45791,6741
9.45882,6740
9.45972,6739
9.47626,6738
9.47716,6737
9.47805,6736
9.47894,6735
9.47983,6734
9.48072,6733
9.48164,6732
9.48252,6731
9.48341,6730
9.4843,6729
9.4852,6728
9.5149,6727
9.51585,6726
9.51675,6725
9.51766,6724
9.51858,6723
9.5195,6722
9.5204,6721
9.5213,6720
9.52224,6719
9.52313,6718
9.52402,6717
9.57612,6716
9.57705,6715
9.57797,6714
9.57888,6713
9.57983,6712
9.58075,6711
9.58164,6710
9.58262,6709
9.58356,6708
9.58452,6707
9.62606,6706
9.62701,6705
9.62792,6704
9.62882,6703
9.62972,6702
9.63062,6701
9.63152,6700
9.63244,6699
9.63339,6698
9.63428,6697
9.63518,6696
9.68738,6695
9.68836,6694
9.68929,6693
9.69017,6692
9.69106,6691
9.69197,6690
9.69658,6689
9.74085,6688
9.7418,6687
9.7427,6686
9.74359,6685
9.74448,6684
9.74535,6683
9.74623,6682
9.74713,6681
9.74804,6680
9.74892,6679
9.7499,6678
9.78236,6677
9.78332,6676
9.78422,6675
9.78512,6674
9.78601,6673
9.7869,6672
9.78781,6671
9.7887,6670
9.78959,6669
9.79048,6668
9.79136,6667
9.79224,6666
9.85588,6665
9.85679,6664
9.85769,6663
9.85859,6662
9.85948,6661
9.86037,6660
9.86126,6659
9.864,6658
9.86491,6657
9.92994,6656
9.93088,6655
9.93177,6654
9.93271,6653
9.93367,6652
9.93458,6651
9.93548,6650
9.9364,6649
9.93731,6648
9.99384,6647
9.99474,6646
9.99562,6645
9.9965,6644
9.99736,6643
9.99823,6642
9.9991,6641
9.99998,6640
10.0009,6639
10.0019,6638
10.0471,6637
10.048,6636
10.0489,6635
10.0498,6634
10.0507,6633
10.0515,6632
10.0524,6631
10.0536,6630
10.0546,6629
10.0555,6628
10.1012,6627
10.1021,6626
10.103,6625
10.1038,6624
10.1047,6623
10.1056,6622
10.1066,6621
10.1075,6620
10.1083,6619
10.1092,6618
10.1101,6617
10.1469,6616
10.1478,6615
10.1487,6614
10.1497,6613
10.1505,6612
10.1515,6611
10.1524,6610
10.1533,6609
10.1542,6608
10.155,6607
10.1559,6606
10.2007,6605
10.2021,6604
10.203,6603
10.2039,6602
10.2048,6601
10.2057,6600
10.2066,6599
10.2075,6598
10.2084,6597
10.2093,6596
10.2102,6595
10.2551,6594
10.256,6593
10.2569,6592
10.2578,6591
10.2587,6590
10.2596,6589
10.2605,6588
10.2614,6587
10.2623,6586
10.3148,6585
10.3157,6584
10.3167,6583
10.3177,6582
10.3186,6581
10.3197,6580
10.3206,6579
10.3215,6578
10.3224,6577
10.3234,6576
10.3249,6575
10.3258,6574
10.3267,6573
10.3276,6572
10.3285,6571
10.3294,6570
10.3303,6569
10.3312,6568
10.3321,6567
10.333,6566
10.3338,6565
10.3347,6564
10.4351,6563
10.4361,6562
10.437,6561
10.4379,6560
10.4387,6559
10.4397,6558
10.4405,6557
10.4414,6556
10.4423,6555
10.4432,6554
10.4441,6553
10.4871,6552
10.488,6551
10.4889,6550
10.4898,6549
10.4907,6548
10.4916,6547
10.4925,6546
10.4934,6545
10.4942,6544
10.5357,6543
10.5367,6542
10.5376,6541
10.5385,6540
10.5395,6539
10.5404,6538
10.5413,6537
10.5422,6536
10.5432,6535
10.5441,6534
10.5999,6533
10.6008,6532
10.6017,6531
10.6026,6530
10.6036,6529
10.6045,6528
10.6055,6527
10.6064,6526
10.6073,6525
10.6562,6524
10.6573,6523
10.6583,6522
10.6593,6521
10.6602,6520
10.6611,6519
10.662,6518
10.6629,6517
10.6942,6516
10.6952,6515
10.6961,6514
10.7077,6513
10.7087,6512
10.7096,6511
10.7105,6510
10.7114,6509
10.7123,6508
10.7132,6507
10.7141,6506
10.7151,6505
10.716,6504
10.7169,6503
10.7178,6502
10.7187,6501
10.7196,6500
10.7205,6499
10.7214,6498
10.724,6497
10.7249,6496
10.8262,6495
10.8271,6494
10.828,6493
10.829,6492
10.8299,6491
10.8308,6490
10.8318,6489
10.8327,6488
10.8336,6487
10.8345,6486
10.8354,6485
10.897,6484
10.8979,6483
10.8989,6482
10.8998,6481
10.9007,6480
10.9017,6479
10.9026,6478
10.9035,6477
10.9044,6476
10.9053,6475
10.9062,6474
10.9496,6473
10.9506,6472
10.9515,6471
10.9525,6470
10.9536,6469
10.9545,6468
10.9555,6467
10.9564,6466
10.9573,6465
10.9582,6464
11.0015,6463
11.0025,6462
11.0034,6461
11.0044,6460
11.0053,6459
11.0062,6458
11.0071,6457
11.0081,6456
11.0091,6455
11.01,6454
11.0109,6453
11.0122,6452
11.0132,6451
11.0141,6450
11.015,6449
11.0159,6448
11.0168,6447
11.0177,6446
11.0186,6445
11.0196,6444
11.0205,6443
11.0214,6442
11.0981,6441
11.099,6440
11.0999,6439
11.1008,6438
11.1017,6437
11.1026,6436
11.1035,6435
11.1044,6434
11.1053,6433
11.1062,6432
11.1071,6431
11.1482,6430
11.1492,6429
11.1501,6428
11.151,6427
11.1519,6426
11.1528,6425
11.1537,6424
11.1545,6423
11.1554,6422
11.1563,6421
11.1572,6420
11.2035,6419
11.2044,6418
11.2053,6417
11.2062,6416
11.2071,6415
11.208,6414
11.2106,6413
11.2115,6412
11.2124,6411
11.2549,6410
11.2559,6409
11.2568,6408
11.2577,6407
11.2586,6406
11.2595,6405
11.2603,6404
11.2614,6403
11.2623,6402
11.2632,6401
11.264,6400
11.3018,6399
11.3028,6398
11.3037,6397
11.3046,6396
11.3055,6395
11.3064,6394
11.3073,6393
11.3082,6392
11.3109,6391
11.3647,6390
11.3656,6389
11.3666,6388
11.3675,6387
11.3684,6386
11.3697,6385
11.3706,6384
11.3715,6383
11.3724,6382
11.3733,6381
11.3742,6380
11.4142,6379
11.4152,6378
11.4161,6377
11.417,6376
11.4179,6375
11.4188,6374
11.4197,6373
11.4206,6372
11.4215,6371
11.4224,6370
11.4233,6369
11.4755,6368
11.4764,6367
11.4773,6366
11.4782,6365
11.4791,6364
11.48,6363
11.4809,6362
11.4818,6361
11.4826,6360
11.5267,6359
11.5277,6358
11.5286,6357
11.5295,6356
11.5304,6355
11.5314,6354
11.5323,6353
11.5332,6352
11.5341,6351
11.535,6350
11.5359,6349
11.5368,6348
11.5879,6347
11.5888,6346
11.5897,6345
11.5906,6344
11.5915,6343
11.5924,6342
11.5933,6341
11.5942,6340
11.5951,6339
11.596,6338
11.5969,6337
11.6374,6336
11.6383,6335
11.6393,6334
11.6402,6333
11.6411,6332
11.642,6331
11.6429,6330
11.6438,6329
11.6447,6328
11.6456,6327
11.6465,6326
11.7076,6325
11.7091,6324
11.71,6323
11.7109,6322
11.7119,6321
11.7128,6320
11.7137,6319
11.7146,6318
11.7155,6317
11.7164,6316
11.7173,6315
11.7579,6314
11.7589,6313
11.7598,6312
11.7607,6311
11.7616,6310
11.7626,6309
11.7635,6308
11.7644,6307
11.7653,6306
11.7662,6305
11.8234,6304
11.8244,6303
11.8253,6302
11.8262,6301
11.8271,6300
11.828,6299
11.829,6298
11.8298,6297
11.8307,6296
11.8316,6295
11.8325,6294
11.8333,6293
11.8878,6292
11.8887,6291
11.8902,6290
11.8911,6289
11.892,6288
11.893,6287
11.894,6286
11.8949,6285
11.8958,6284
11.8967,6283
11.9406,6282
11.9415,6281
11.9424,6280
11.9434,6279
11.9443,6278
11.9452,6277
11.9461,6276
11.947,6275
11.9479,6274
11.9488,6273
11.9497,6272
11.9927,6271
11.9936,6270
11.9946,6269
11.9955,6268
11.9965,6267
11.9979,6266
11.9993,6265
12.0004,6264
12.0013,6263
12.0022,6262
12.0031,6261
12.0473,6260
12.0484,6259
12.0494,6258
12.0503,6257
12.0512,6256
12.0522,6255
12.0532,6254
12.0541,6253
12.055,6252
12.0559,6251
12.0568,6250
12.1134,6249
12.1143,6248
12.1152,6247
12.116,6246
12.1169,6245
12.1178,6244
12.1188,6243
12.1204,6242
12.1214,6241
12.1223,6240
12.1231,6239
12.1601,6238
12.161,6237
12.1619,6236
12.1628,6235
12.1637,6234
12.1646,6233
12.1655,6232
12.1664,6231
12.1673,6230
12.177,6229
12.2386,6228
12.2397,6227
12.241,6226
12.2421,6225
12.2431,6224
12.244,6223
12.2449,6222
12.2458,6221
12.2467,6220
12.2477,6219
12.2486,6218
12.2916,6217
12.2925,6216
12.2964,6215
12.2973,6214
12.2982,6213
12.2991,6212
12.2999,6211
12.3009,6210
12.3017,6209
12.3026,6208
12.3035,6207
12.3489,6206
12.3499,6205
12.3509,6204
12.3517,6203
12.3526,6202
12.3535,6201
12.3544,6200
12.3552,6199
12.3561,6198
12.357,6197
12.3578,6196
12.3995,6195
12.4005,6194
12.4014,6193
12.4023,6192
12.4036,6191
12.4045,6190
12.4054,6189
12.4063,6188
12.4071,6187
12.408,6186
12.4089,6185
12.4097,6184
12.4511,6183
12.452,6182
12.4529,6181
12.4538,6180
12.4547,6179
12.4555,6178
12.4564,6177
12.4573,6176
12.4581,6175
12.4591,6174
12.46,6173
12.5293,6172
12.5303,6171
12.5311,6170
12.532,6169
12.5329,6168
12.5337,6167
12.5346,6166
12.5355,6165
12.5363,6164
12.565,6163
12.566,6162
12.5668,6161
12.5677,6160
12.5686,6159
12.5695,6158
12.5704,6157
12.5713,6156
12.5722,6155
12.573,6154
12.5739,6153
12.5753,6152
12.6196,6151
12.6205,6150
12.6214,6149
12.6223,6148
12.6232,6147
12.624,6146
12.6249,6145
12.6258,6144
12.6284,6143
12.6658,6142
12.6667,6141
12.6813,6140
12.6822,6139
12.6831,6138
12.6842,6137
12.6873,6136
12.7274,6135
12.7283,6134
12.7295,6133
12.7324,6132
12.7335,6131
12.736,6130
12.7369,6129
12.7383,6128
12.7393,6127
12.7402,6126
12.7421,6125
12.7437,6124
12.7448,6123
12.7457,6122
12.7466,6121
12.7475,6120
12.7485,6119
12.7494,6118
12.7503,6117
12.8458,6116
12.8468,6115
12.8477,6114
12.8487,6113
12.8496,6112
12.8505,6111
12.8532,6110
12.8542,6109
12.8551,6108
12.8845,6107
12.8855,6106
12.8864,6105
12.8873,6104
12.8885,6103
12.8894,6102
12.8921,6101
12.893,6100
12.8939,6099
12.936,6098
12.937,6097
12.9381,6096
12.939,6095
12.94,6094
12.9409,6093
12.9418,6092
12.9427,6091
12.9436,6090
12.9445,6089
12.9454,6088
12.9926,6087
12.9941,6086
12.995,6085
12.9959,6084
12.9969,6083
12.9978,6082
12.9987,6081
12.9996,6080
13.0005,6079
13.0014,6078
13.0023,6077
13.0592,6076
13.0602,6075
13.0611,6074
13.062,6073
13.0629,6072
13.0638,6071
13.0647,6070
13.0656,6069
13.0665,6068
13.0674,6067
13.0683,6066
13.1139,6065
13.1149,6064
13.1158,6063
13.1167,6062
13.118,6061
13.1189,6060
13.1198,6059
13.1207,6058
13.1216,6057
13.1225,6056
13.1234,6055
13.16,6054
13.161,6053
13.1619,6052
13.1628,6051
13.1637,6050
13.1647,6049
13.1656,6048
13.1665,6047
13.1674,6046
13.1683,6045
13.1692,6044
13.2094,6043
13.2103,6042
13.2112,6041
13.2121,6040
13.213,6039
13.214,6038
13.215,6037
13.2158,6036
13.2167,6035
13.2176,6034
13.2185,6033
13.2595,6032
13.2605,6031
13.2613,6030
13.2622,6029
13.2631,6028
13.2657,6027
13.2666,6026
13.2675,6025
13.2683,6024
13.3133,6023
13.3142,6022
13.3151,6021
13.316,6020
13.3168,6019
13.3178,6018
13.3186,6017
13.3195,6016
13.3204,6015
13.3217,6014
13.3226,6013
13.3235,6012
13.373,6011
13.3739,6010
13.3765,6009
13.3774,6008
13.3783,6007
13.3792,6006
13.38,6005
13.3809,6004
13.3818,6003
13.4187,6002
13.4196,6001
13.4205,6000
13.4214,5999
13.4223,5998
13.4231,5997
13.424,5996
13.4249,5995
13.451,5994
13.549,5993
13.5502,5992
13.5512,5991
13.552,5990
13.5529,5989
13.5538,5988
13.5547,5987
13.5556,5986
13.5565,5985
13.5574,5984
13.5583,5983
13.6428,5982
13.6437,5981
13.6445,5980
13.6471,5979
13.6479,5978
13.6488,5977
13.7389,5976
13.74,5975
13.7414,5974
13.7423,5973
13.7432,5972
13.744,5971
13.7449,5970
13.7458,5969
13.7466,5968
13.7475,5967
13.7484,5966
13.7886,5965
13.7895,5964
13.7905,5963
13.7914,5962
13.7923,5961
13.7932,5960
13.7941,5959
13.795,5958
13.7959,5957
13.7968,5956
13.7977,5955
13.8094,5954
13.8104,5953
13.8114,5952
13.8123,5951
13.8132,5950
13.8141,5949
13.815,5948
13.8159,5947
13.8168,5946
13.8177,5945
13.8696,5944
13.8709,5943
13.8717,5942
13.8744,5941
13.8752,5940
13.8761,5939
13.877,5938
13.8778,5937
13.8787,5936
13.9386,5935
13.9394,5934
13.9403,5933
13.9412,5932
13.942,5931
13.9429,5930
13.9437,5929
13.9446,5928
13.9455,5927
13.9463,5926
13.9473,5925
13.9936,5924
13.9945,5923
13.9954,5922
13.9963,5921
13.9971,5920
13.998,5919
13.9988,5918
13.9997,5917
14.0022,5916
14.0031,5915
14.0472,5914
14.0481,5913
14.049,5912
14.0498,5911
14.0508,5910
14.067,5909
14.0679,5908
14.0967,5907
14.0976,5906
14.0985,5905
14.0994,5904
14.1003,5903
14.1015,5902
14.1024,5901
14.1033,5900
14.1042,5899
14.1051,5898
14.1059,5897
14.1485,5896
14.1494,5895
14.1503,5894
14.1512,5893
14.152,5892
14.1529,5891
14.1538,5890
14.1546,5889
14.1555,5888
14.1563,5887
14.1572,5886
14.158,5885
14.1922,5884
14.1931,5883
14.1939,5882
14.1948,5881
14.1957,5880
14.1965,5879
14.1975,5878
14.1984,5877
14.1993,5876
14.2002,5875
14.2011,5874
14.2499,5873
14.2508,5872
14.2517,5871
14.2525,5870
14.2534,5869
14.2543,5868
14.2556,5867
14.2566,5866
14.2574,5865
14.2583,5864
14.2592,5863
14.3228,5862
14.3237,5861
14.3246,5860
14.3255,5859
14.3264,5858
14.3272,5857
14.3281,5856
14.329,5855
14.3299,5854
14.3307,5853
14.3316,5852
14.3661,5851
14.367,5850
14.3679,5849
14.3688,5848
14.3697,5847
14.3705,5846
14.3714,5845
14.3739,5844
14.3748,5843
14.3756,5842
14.4322,5841
14.4332,5840
14.4341,5839
14.435,5838
14.4381,5837
14.439,5836
14.4399,5835
14.4408,5834
14.4416,5833
14.4827,5832
14.4836,5831
14.4845,5830
14.4853,5829
14.4862,5828
14.4871,5827
14.4879,5826
14.4887,5825
14.4896,5824
14.4905,5823
14.4914,5822
14.4922,5821
14.541,5820
14.5419,5819
14.5428,5818
14.5436,5817
14.5445,5816
14.5454,5815
14.5462,5814
14.5471,5813
14.5479,5812
14.5488,5811
14.5496,5810
14.5924,5809
14.5933,5808
14.5942,5807
14.5951,5806
14.5959,5805
14.5968,5804
14.5977,5803
14.5986,5802
14.5994,5801
14.6003,5800
14.6011,5799
14.602,5798
14.6557,5797
14.6575,5796
14.6585,5795
14.6595,5794
14.6613,5793
14.6625,5792
14.6637,5791
14.6646,5790
14.6657,5789
14.7235,5788
14.7244,5787
14.7253,5786
14.7263,5785
14.7272,5784
14.7281,5783
14.729,5782
14.7299,5781
14.7819,5780
14.7828,5779
14.7837,5778
14.7846,5777
14.7855,5776
14.7864,5775
14.7873,5774
14.7881,5773
14.789,5772
14.7899,5771
14.7907,5770
14.8252,5769
14.8261,5768
14.827,5767
14.8279,5766
14.8287,5765
14.8296,5764
14.8305,5763
14.8313,5762
14.8323,5761
14.8332,5760
14.834,5759
14.8349,5758
14.9082,5757
14.909,5756
14.9099,5755
14.9108,5754
14.9117,5753
14.9126,5752
14.9134,5751
14.9143,5750
14.9153,5749
14.9162,5748
14.9171,5747
14.9447,5746
14.9456,5745
14.9484,5744
14.9493,5743
14.9502,5742
14.9511,5741
14.952,5740
14.9529,5739
14.9538,5738
15.0029,5737
15.0039,5736
15.0048,5735
15.0057,5734
15.0066,5733
15.0075,5732
15.0084,5731
15.0093,5730
15.0102,5729
15.0111,5728
15.0771,5727
15.0782,5726
15.0818,5725
15.0828,5724
15.0837,5723
15.0846,5722
15.0855,5721
15.1339,5720
15.1348,5719
15.1357,5718
15.1366,5717
15.1375,5716
15.1384,5715
15.1393,5714
15.1402,5713
15.1411,5712
15.142,5711
15.1804,5710
15.1813,5709
15.1823,5708
15.1832,5707
15.1841,5706
15.185,5705
15.1908,5704
15.2323,5703
15.2333,5702
15.2342,5701
15.2351,5700
15.236,5699
15.2369,5698
15.2378,5697
15.2387,5696
15.2396,5695
15.2404,5694
15.288,5693
15.2894,5692
15.2904,5691
15.2931,5690
15.294,5689
15.2948,5688
15.2957,5687
15.3433,5686
15.3442,5685
15.3451,5684
15.346,5683
15.3468,5682
15.3477,5681
15.3486,5680
15.3494,5679
15.3503,5678
15.3511,5677
15.352,5676
15.3605,5675
15.3616,5674
15.3627,5673
15.3644,5672
15.369,5671
15.3724,5670
15.3785,5669
15.3795,5668
15.3804,5667
15.3812,5666
15.3821,5665
15.383,5664
15.3839,5663
15.3866,5662
15.3874,5661
15.3883,5660
15.5,5659
15.5009,5658
15.5018,5657
15.5027,5656
15.5035,5655
15.5044,5654
15.5052,5653
15.5079,5652
15.5088,5651
15.5562,5650
15.5576,5649
15.5585,5648
15.5594,5647
15.5603,5646
15.5629,5645
15.5638,5644
15.5647,5643
15.5656,5642
15.5664,5641
15.6399,5640
15.6408,5639
15.6434,5638
15.6443,5637
15.6451,5636
15.646,5635
15.6469,5634
15.6479,5633
15.6827,5632
15.6836,5631
15.6845,5630
15.6854,5629
15.7304,5628
15.7313,5627
15.7398,5626
15.7408,5625
15.7417,5624
15.7427,5623
15.7436,5622
15.7445,5621
15.7453,5620
15.7462,5619
15.7471,5618
15.7479,5617
15.7488,5616
15.7497,5615
15.8053,5614
15.8067,5613
15.8076,5612
15.8085,5611
15.8094,5610
15.8103,5609
15.8112,5608
15.8121,5607
15.813,5606
15.8139,5605
15.8148,5604
15.8907,5603
15.8916,5602
15.8925,5601
15.8934,5600
15.8942,5599
15.8951,5598
15.896,5597
15.8968,5596
15.8977,5595
15.8986,5594
15.8995,5593
15.9233,5592
15.9243,5591
15.9252,5590
15.9291,5589
15.9302,5588
15.9311,5587
15.932,5586
15.9329,5585
15.9337,5584
15.9816,5583
15.9825,5582
15.9834,5581
15.9861,5580
15.9869,5579
15.9878,5578
15.9887,5577
15.9896,5576
16.0335,5575
16.0344,5574
16.0353,5573
16.0362,5572
16.0372,5571
16.0382,5570
16.039,5569
16.0416,5568
16.0424,5567
16.0692,5566
16.0702,5565
16.071,5564
16.0721,5563
16.0731,5562
16.0739,5561
16.0748,5560
16.0757,5559
16.0765,5558
16.0796,5557
16.0808,5556
16.0947,5555
16.0955,5554
16.0964,5553
16.0972,5552
16.0981,5551
16.0989,5550
16.0998,5549
16.1006,5548
16.1016,5547
16.1049,5546
16.1059,5545
16.2138,5544
16.2147,5543
16.2156,5542
16.2182,5541
16.2207,5540
16.2216,5539
16.2743,5538
16.2752,5537
16.276,5536
16.2769,5535
16.2777,5534
16.2786,5533
16.2811,5532
16.282,5531
16.2829,5530
16.3445,5529
16.3454,5528
16.3463,5527
16.3472,5526
16.348,5525
16.3489,5524
16.3531,5523
16.3539,5522
16.3787,5521
16.3796,5520
16.3805,5519
16.3813,5518
16.3856,5517
16.4291,5516
16.4301,5515
16.431,5514
16.4319,5513
16.4327,5512
16.4336,5511
16.4345,5510
16.4353,5509
16.4362,5508
16.4371,5507
16.4379,5506
16.4387,5505
16.4939,5504
16.4948,5503
16.4957,5502
16.4984,5501
16.4993,5500
16.5002,5499
16.501,5498
16.5452,5497
16.5462,5496
16.547,5495
16.5479,5494
16.5488,5493
16.5497,5492
16.5506,5491
16.5514,5490
16.5523,5489
16.5532,5488
16.5541,5487
16.555,5486
16.5839,5485
16.5848,5484
16.5857,5483
16.59,5482
16.5908,5481
16.5917,5480
16.5925,5479
16.6539,5478
16.6548,5477
16.6557,5476
16.657,5475
16.6578,5474
16.6587,5473
16.6595,5472
16.6604,5471
16.6612,5470
16.6638,5469
16.7309,5468
16.7318,5467
16.7326,5466
16.7353,5465
16.7362,5464
16.737,5463
16.7379,5462
16.7658,5461
16.7667,5460
16.7676,5459
16.7685,5458
16.771,5457
16.7719,5456
16.7728,5455
16.7754,5454
16.8168,5453
16.8177,5452
16.8203,5451
16.8212,5450
16.822,5449
16.8229,5448
16.8237,5447
16.8454,5446
16.8463,5445
16.8649,5444
16.8658,5443
16.8667,5442
16.8676,5441
16.8684,5440
16.8693,5439
16.8702,5438
16.871,5437
16.8724,5436
16.8737,5435
16.8746,5434
16.9156,5433
16.9166,5432
16.9228,5431
16.9707,5430
16.9733,5429
16.9742,5428
16.9751,5427
16.9759,5426
16.9768,5425
16.9776,5424
16.9785,5423
17.0306,5422
17.0315,5421
17.0324,5420
17.0333,5419
17.0342,5418
17.0351,5417
17.036,5416
17.0369,5415
17.0377,5414
17.0386,5413
17.0395,5412
17.0749,5411
17.0758,5410
17.0811,5409
17.082,5408
17.0829,5407
17.0838,5406
17.0847,5405
17.0856,5404
17.0865,5403
17.131,5402
17.1319,5401
17.1328,5400
17.1355,5399
17.1364,5398
17.1373,5397
17.1381,5396
17.139,5395
17.1399,5394
17.1567,5393
17.1576,5392
17.1589,5391
17.1598,5390
17.1642,5389
17.1651,5388
17.1659,5387
17.1668,5386
17.2383,5385
17.2391,5384
17.24,5383
17.2409,5382
17.2418,5381
17.2443,5380
17.2452,5379
17.2944,5378
17.2954,5377
17.2962,5376
17.2972,5375
17.2981,5374
17.299,5373
17.2998,5372
17.3007,5371
17.3033,5370
17.3041,5369
17.3481,5368
17.3489,5367
17.3498,5366
17.3507,5365
17.3532,5364
17.3541,5363
17.3549,5362
17.4006,5361
17.4015,5360
17.4024,5359
17.4032,5358
17.4041,5357
17.4049,5356
17.4058,5355
17.4067,5354
17.4075,5353
17.4084,5352
17.4092,5351
17.41,5350
17.4453,5349
17.4462,5348
17.4471,5347
17.4479,5346
17.4488,5345
17.4497,5344
17.4505,5343
17.4514,5342
17.4522,5341
17.4531,5340
17.454,5339
17.4995,5338
17.5005,5337
17.5014,5336
17.5022,5335
17.5047,5334
17.5056,5333
17.5065,5332
17.5073,5331
17.5082,5330
17.509,5329
17.5499,5328
17.5509,5327
17.5517,5326
17.5526,5325
17.5535,5324
17.5543,5323
17.5552,5322
17.556,5321
17.5585,5320
17.5593,5319
17.5902,5318
17.591,5317
17.5919,5316
17.5928,5315
17.5936,5314
17.5945,5313
17.5953,5312
17.5962,5311
17.5971,5310
17.5979,5309
17.5988,5308
17.643,5307
17.6445,5306
17.6454,5305
17.6466,5304
17.6509,5303
17.6985,5302
17.6994,5301
17.7003,5300
17.7011,5299
17.7053,5298
17.7062,5297
17.7503,5296
17.753,5295
17.7539,5294
17.7547,5293
17.7556,5292
17.7587,5291
17.7601,5290
17.8031,5289
17.804,5288
17.8049,5287
17.8057,5286
17.8065,5285
17.8075,5284
17.8083,5283
17.8092,5282
17.81,5281
17.8109,5280
17.8117,5279
17.8126,5278
17.8356,5277
17.8365,5276
17.8374,5275
17.8383,5274
17.8407,5273
17.8416,5272
17.8441,5271
17.8449,5270
17.8913,5269
17.8922,5268
17.8931,5267
17.9007,5266
17.9459,5265
17.9468,5264
17.9477,5263
17.9503,5262
17.9511,5261
17.952,5260
17.9528,5259
17.9537,5258
17.9545,5257
17.9957,5256
17.9966,5255
17.9976,5254
17.9985,5253
17.9993,5252
18.0005,5251
18.0031,5250
18.0039,5249
18.0048,5248
18.0471,5247
18.048,5246
18.0489,5245
18.0497,5244
18.0506,5243
18.0515,5242
18.0525,5241
18.0533,5240
18.0543,5239
18.0551,5238
18.056,5237
18.0569,5236
18.103,5235
18.1039,5234
18.1047,5233
18.1073,5232
18.1081,5231
18.109,5230
18.1099,5229
18.1107,5228
18.1116,5227
18.1542,5226
18.1595,5225
18.1603,5224
18.1612,5223
18.162,5222
18.1629,5221
18.1637,5220
18.1646,5219
18.2119,5218
18.213,5217
18.2143,5216
18.2169,5215
18.2177,5214
18.2186,5213
18.2195,5212
18.2203,5211
18.2212,5210
18.2221,5209
18.2647,5208
18.2655,5207
18.2697,5206
18.2706,5205
18.2714,5204
18.2723,5203
18.2731,5202
18.3154,5201
18.3163,5200
18.3222,5199
18.323,5198
18.3239,5197
18.378,5196
18.3788,5195
18.3797,5194
18.3806,5193
18.3814,5192
18.3823,5191
18.3832,5190
18.384,5189
18.3849,5188
18.426,5187
18.4268,5186
18.4277,5185
18.4285,5184
18.4294,5183
18.4302,5182
18.4344,5181
18.4764,5180
18.4824,5179
18.4832,5178
18.4841,5177
18.4849,5176
18.5276,5175
18.5285,5174
18.5294,5173
18.5303,5172
18.533,5171
18.534,5170
18.5348,5169
18.5357,5168
18.5853,5167
18.5861,5166
18.5869,5165
18.5878,5164
18.5886,5163
18.5894,5162
18.6304,5161
18.6313,5160
18.6322,5159
18.633,5158
18.6339,5157
18.6347,5156
18.6356,5155
18.6364,5154
18.6372,5153
18.6381,5152
18.6827,5151
18.6835,5150
18.6844,5149
18.6852,5148
18.6861,5147
18.6869,5146
18.6894,5145
18.6902,5144
18.7149,5143
18.7158,5142
18.7167,5141
18.7175,5140
18.7184,5139
18.7192,5138
18.72,5137
18.7209,5136
18.7217,5135
18.7225,5134
18.7234,5133
18.7242,5132
18.7714,5131
18.7722,5130
18.7731,5129
18.7742,5128
18.7751,5127
18.7759,5126
18.7768,5125
18.8229,5124
18.824,5123
18.8298,5122
18.8306,5121
18.8314,5120
18.8753,5119
18.8778,5118
18.8787,5117
18.8795,5116
18.8804,5115
18.936,5114
18.9369,5113
18.9377,5112
18.9386,5111
18.9412,5110
18.942,5109
18.9429,5108
18.9454,5107
18.9778,5106
18.9803,5105
18.9812,5104
18.982,5103
18.9845,5102
19.0324,5101
19.0333,5100
19.0342,5099
19.035,5098
19.0376,5097
19.0384,5096
19.1044,5095
19.1072,5094
19.1081,5093
19.109,5092
19.1098,5091
19.1107,5090
19.1115,5089
19.1154,5088
19.1603,5087
19.1614,5086
19.1624,5085
19.1633,5084
19.1642,5083
19.1651,5082
19.166,5081
19.1668,5080
19.1678,5079
19.1688,5078
19.2417,5077
19.2426,5076
19.2435,5075
19.2444,5074
19.2487,5073
19.2497,5072
19.2506,5071
19.2514,5070
19.2779,5069
19.2788,5068
19.2796,5067
19.3248,5066
19.3258,5065
19.3267,5064
19.3294,5063
19.3303,5062
19.3312,5061
19.3321,5060
19.3818,5059
19.3827,5058
19.3836,5057
19.3863,5056
19.3872,5055
19.3881,5054
19.3889,5053
19.3898,5052
19.4853,5051
19.4862,5050
19.487,5049
19.488,5048
19.4888,5047
19.4897,5046
19.4905,5045
19.4914,5044
19.4922,5043
19.4931,5042
19.4939,5041
19.5322,5040
19.5331,5039
19.5339,5038
19.5382,5037
19.539,5036
19.5399,5035
19.5827,5034
19.5836,5033
19.5844,5032
19.5853,5031
19.5862,5030
19.587,5029
19.5878,5028
19.5887,5027
19.5895,5026
19.5905,5025
19.6468,5024
19.651,5023
19.652,5022
19.6529,5021
19.6537,5020
19.7091,5019
19.71,5018
19.7109,5017
19.7117,5016
19.7126,5015
19.7134,5014
19.7143,5013
19.7151,5012
19.7677,5011
19.7685,5010
19.7694,5009
19.7702,5008
19.771,5007
19.7719,5006
19.7728,5005
19.8192,5004
19.8201,5003
19.821,5002
19.8218,5001
19.8227,5000
19.8235,4999
19.8244,4998
19.8253,4997
19.8261,4996
19.8563,4995
19.8571,4994
19.858,4993
19.8588,4992
19.8612,4991
19.8637,4990
19.8645,4989
19.9157,4988
19.9183,4987
19.9191,4986
19.9199,4985
19.9208,4984
19.9216,4983
19.9225,4982
19.9233,4981
19.9242,4980
19.9251,4979
19.9945,4978
19.9954,4977
19.9962,4976
20.0445,4975
20.0454,4974
20.0463,4973
20.0472,4972
20.048,4971
20.0489,4970
20.0497,4969
20.0506,4968
20.0514,4967
20.1103,4966
20.1129,4965
20.1137,4964
20.1146,4963
20.1154,4962
20.1162,4961
20.1171,4960
20.1179,4959
20.1188,4958
20.1663,4957
20.1671,4956
20.173,4955
20.1738,4954
20.1747,4953
20.2334,4952
20.2343,4951
20.2352,4950
20.2361,4949
20.2369,4948
20.2378,4947
20.2386,4946
20.2397,4945
20.2406,4944
20.2414,4943
20.2422,4942
20.2431,4941
20.2968,4940
20.2977,4939
20.3002,4938
20.3457,4937
20.3515,4936
20.3523,4935
20.3832,4934
20.4047,4933
20.4056,4932
20.4065,4931
20.4106,4930
20.4115,4929
20.4123,4928
20.4132,4927
20.4567,4926
20.4608,4925
20.4616,4924
20.4625,4923
20.5194,4922
20.5202,4921
20.521,4920
20.5236,4919
20.5244,4918
20.5253,4917
20.5261,4916
20.527,4915
20.5278,4914
20.5671,4913
20.568,4912
20.5688,4911
20.5697,4910
20.5705,4909
20.5714,4908
20.5738,4907
20.5747,4906
20.6159,4905
20.6167,4904
20.6176,4903
20.6185,4902
20.6193,4901
20.6201,4900
20.6209,4899
20.6218,4898
20.6785,4897
20.6794,4896
20.6803,4895
20.6828,4894
20.6836,4893
20.6861,4892
20.687,4891
20.7307,4890
20.7315,4889
20.7341,4888
20.7349,4887
20.7358,4886
20.7366,4885
20.7374,4884
20.7383,4883
20.7817,4882
20.7844,4881
20.7887,4880
20.7912,4879
20.8747,4878
20.8793,4877
20.8835,4876
20.8844,4875
20.9325,4874
20.9334,4873
20.9343,4872
20.9351,4871
20.936,4870
20.9368,4869
20.9376,4868
20.9385,4867
20.9393,4866
20.9746,4865
20.9772,4864
20.9781,4863
20.9789,4862
20.9797,4861
20.9806,4860
20.9814,4859
21.0116,4858
21.0462,4857
21.0542,4856
21.055,4855
21.1014,4854
21.1023,4853
21.1032,4852
21.1041,4851
21.1049,4850
21.1074,4849
21.1154,4848
21.1164,4847
21.1694,4846
21.1703,4845
21.1711,4844
21.172,4843
21.1729,4842
21.1757,4841
21.1766,4840
21.2258,4839
21.2267,4838
21.2276,4837
21.2285,4836
21.2293,4835
21.2302,4834
21.231,4833
21.2319,4832
21.2328,4831
21.2336,4830
21.3075,4829
21.3084,4828
21.3092,4827
21.3101,4826
21.3109,4825
21.315,4824
21.3159,4823
21.355,4822
21.3576,4821
21.3601,4820
21.361,4819
21.4076,4818
21.4086,4817
21.4146,4816
21.4154,4815
21.4697,4814
21.4722,4813
21.4747,4812
21.4756,4811
21.4923,4810
21.4964,4809
21.4973,4808
21.4985,4807
21.598,4806
21.5988,4805
21.5997,4804
21.6005,4803
21.6297,4802
21.6306,4801
21.6331,4800
21.634,4799
21.6348,4798
21.6356,4797
21.6365,4796
21.6373,4795
21.6389,4794
21.6398,4793
21.7011,4792
21.7038,4791
21.7046,4790
21.7055,4789
21.708,4788
21.7088,4787
21.7503,4786
21.7512,4785
21.7521,4784
21.7529,4783
21.7538,4782
21.8031,4781
21.804,4780
21.8048,4779
21.8058,4778
21.807,4777
21.8096,4776
21.8105,4775
21.8113,4774
21.853,4773
21.8539,4772
21.8548,4771
21.8556,4770
21.8565,4769
21.8574,4768
21.8582,4767
21.859,4766
21.8616,4765
21.9128,4764
21.9137,4763
21.9145,4762
21.9154,4761
21.9179,4760
21.9187,4759
21.9665,4758
21.9674,4757
21.9682,4756
21.9691,4755
22.0769,4754
22.1479,4753
22.1488,4752
22.1497,4751
22.1506,4750
22.1514,4749
22.1523,4748
22.191,4747
22.1919,4746
22.1982,4745
22.2022,4744
22.2038,4743
22.2047,4742
22.3977,4741
22.4508,4740
22.4533,4739
22.4542,4738
22.4551,4737
22.4993,4736
22.5018,4735
22.5598,4734
22.5614,4733
22.5623,4732
22.5631,4731
22.564,4730
22.5649,4729
22.6154,4728
22.6163,4727
22.6974,4726
22.6983,4725
22.7129,4724
22.7138,4723
22.7146,4722
22.7172,4721
22.718,4720
22.7205,4719
22.7214,4718
22.7223,4717
22.7549,4716
22.7558,4715
22.7566,4714
22.7575,4713
22.7601,4712
22.761,4711
22.7635,4710
22.7645,4709
22.8125,4708
22.8151,4707
22.8161,4706
22.8169,4705
22.8178,4704
22.819,4703
22.8588,4702
22.8597,4701
22.8655,4700
22.9419,4699
22.9428,4698
22.9912,4697
22.9921,4696
22.9929,4695
22.9954,4694
22.9963,4693
23.0491,4692
23.0515,4691
23.0941,4690
23.0984,4689
23.1025,4688
23.2982,4687
23.3007,4686
23.356,4685
23.3569,4684
23.3577,4683
23.5075,4682
23.5084,4681
23.5093,4680
23.5101,4679
23.6058,4678
23.6068,4677
23.6076,4676
23.6085,4675
23.6094,4674
23.6102,4673
23.611,4672
23.6402,4671
23.6411,4670
23.6438,4669
23.6446,4668
23.6455,4667
23.6464,4666
23.7011,4665
23.702,4664
23.7048,4663
23.7057,4662
23.7066,4661
23.7074,4660
23.7082,4659
23.7107,4658
23.7775,4657
23.7784,4656
23.7809,4655
23.8299,4654
23.8309,4653
23.8342,4652
23.835,4651
23.8361,4650
23.8417,4649
23.8426,4648
23.8442,4647
23.8453,4646
23.8462,4645
23.8903,4644
23.8912,4643
23.9425,4642
23.9435,4641
23.9444,4640
24.0283,4639
24.0402,4638
24.0411,4637
24.0419,4636
24.0753,4635
24.0761,4634
24.077,4633
24.0789,4632
24.0798,4631
24.0806,4630
24.0815,4629
24.2226,4628
24.2541,4627
24.3628,4626
24.3637,4625
24.425,4624
24.4291,4623
24.4784,4622
24.4811,4621
24.482,4620
24.4867,4619
24.4876,4618
24.4981,4617
24.4992,4616
24.6454,4615
24.699,4614
24.6999,4613
24.7023,4612
24.7031,4611
24.704,4610
24.7694,4609
24.775,4608
24.78,4607
24.781,4606
24.9003,4605
24.9012,4604
24.9021,4603
24.9473,4602
24.9483,4601
24.9491,4600
24.9499,4599
24.954,4598
24.9549,4597
24.9557,4596
24.9566,4595
25.0063,4594
25.0076,4593
25.0085,4592
25.049,4591
25.0499,4590
25.1761,4589
25.177,4588
25.2402,4587
25.241,4586
25.3442,4585
25.3469,4584
25.3512,4583
25.3924,4582
25.3949,4581
25.3959,4580
25.3968,4579
25.3976,4578
25.3984,4577
25.4603,4576
25.4612,4575
25.4621,4574
25.4629,4573
25.8491,4572
25.8499,4571
25.8508,4570
25.9009,4569
25.9018,4568
25.9078,4567
25.9103,4566
25.9637,4565
25.9646,4564
26.2589,4563
26.2614,4562
26.4907,4561
27.0671,4560
27.0696,4559
27.1656,4558
27.1681,4557
27.169,4556
27.1698,4555
27.1707,4554
27.2181,4553
27.219,4552
27.3428,4551
27.3437,4550
28.0222,4549
28.023,4548
28.0239,4547
28.0247,4546
28.0256,4545
28.0264,4544
28.0784,4543
28.0874,4542
28.2923,4541
28.2932,4540
28.4203,4539
28.4228,4538
28.4242,4537
28.4818,4536
28.4826,4535
28.4835,4534
28.5578,4533
28.5654,4532
28.6188,4531
28.6201,4530
28.96,4529
28.9608,4528
29.4906,4527
29.4915,4526
29.4925,4525
29.6524,4524
29.6533,4523
29.6542,4522
29.655,4521
29.6559,4520
29.7263,4519
29.8298,4518
29.9703,4517
30.0569,4516
30.0644,4515
30.0652,4514
30.0743,4513
30.598,4512
30.6498,4511
30.6506,4510
30.6514,4509
30.6539,4508
30.7962,4507
30.797,4506
30.8381,4505
30.839,4504
30.8399,4503
30.9034,4502
31.0009,4501
31.1424,4500
31.2641,4499
31.383,4498
31.4881,4497
31.4891,4496
31.49,4495
31.4908,4494
31.4933,4493
31.4942,4492
31.9925,4491
31.9933,4490
31.9941,4489
32.2772,4488
32.2781,4487
32.2789,4486
32.3169,4485
34.0199,4484
34.0917,4483
34.1486,4482
35.8793,4481
35.8834,4480
35.9192,4479
36.0248,4478
36.1572,4477
36.1581,4476
36.1589,4475
36.237,4474
36.2379,4473
36.2388,4472
36.299,4471
36.3016,4470
36.3024,4469
36.3032,4468
36.3041,4467
36.4246,4466
37.0788,4465
37.0797,4464
37.1348,4463
37.2761,4462
37.2787,4461
37.2796,4460
37.2804,4459
37.2813,4458
37.3064,4457
37.3074,4456
38.1471,4455
38.1479,4454
38.1487,4453
38.2949,4452
38.299,4451
38.3434,4450
38.4536,4449
38.4544,4448
38.5158,4447
38.5215,4446
38.5289,4445
46.1132,4444
46.114,4443
46.1695,4442
46.1704,4441
46.2082,4440
46.209,4439
46.5309,4438
46.5318,4437
46.6118,4436
46.6127,4435
46.6135,4434
46.6524,4433
46.6535,4432
46.6544,4431
46.6618,4430
46.729,4429
48.7183,4428
49.5073,4427
49.5082,4426
49.5091,4425
49.6502,4424
50.5231,4423
50.5774,4422
50.5832,4421
50.7748,4420
50.8188,4419
50.8215,4418
51.2993,4417
51.3018,4416
51.3027,4415
51.3035,4414
51.3748,4413
51.3757,4412
51.4032,4411
51.4041,4410
51.4049,4409
51.4057,4408
51.4065,4407
51.4073,4406
51.4546,4405
51.4588,4404
51.4613,4403
51.4622,4402
51.4631,4401
51.6071,4400
51.608,4399
51.6088,4398
51.6097,4397
51.8777,4396
52.154,4395
52.1549,4394
52.5644,4393
52.5652,4392
52.5679,4391
52.5689,4390
52.6185,4389
52.6194,4388
52.6731,4387
52.7812,4386
52.9907,4385
52.9948,4384
53.0628,4383
53.0637,4382
53.0695,4381
57.0977,4380
57.1368,4379
57.1888,4378
57.1898,4377
57.2377,4376
57.3349,4375
57.3357,4374
57.3366,4373
57.339,4372
57.4078,4371
57.6995,4370
57.7004,4369
57.7013,4368
57.7357,4367
60.3798,4366
60.3823,4365
60.3848,4364
60.3858,4363
60.3866,4362
62.2008,4361
62.2033,4360
62.2041,4359
62.205,4358
62.2134,4357
62.2143,4356
62.3502,4355
62.3511,4354
62.6157,4353
62.6186,4352
62.6431,4351
62.644,4350
62.6449,4349
62.6889,4348
62.6898,4347
62.6907,4346
62.6915,4345
62.6924,4344
62.6932,4343
62.694,4342
62.6949,4341
62.6957,4340
62.735,4339
62.7516,4338
63.5647,4337
63.5656,4336
63.6758,4335
63.6767,4334
63.6792,4333
63.7338,4332
64.4405,4331
64.4413,4330
64.6298,4329
64.6308,4328
64.6712,4327
64.6721,4326
64.7237,4325
64.7246,4324
64.7304,4323
64.8324,4322
64.8333,4321
64.9397,4320
65.0553,4319
65.4792,4318
65.4833,4317
65.4859,4316
65.5323,4315
65.5332,4314
65.534,4313
65.8408,4312
65.8422,4311
65.8874,4310
65.8883,4309
65.8892,4308
65.8917,4307
72.1343,4306
72.1351,4305
72.136,4304
72.1369,4303
72.2821,4302
72.283,4301
72.2839,4300
72.2885,4299
72.3362,4298
72.3906,4297
73.2144,4296
73.2152,4295
73.9375,4294
74.0016,4293
74.0494,4292
74.1858,4291
74.1867,4290
74.1875,4289
74.2357,4288
74.2415,4287
74.2423,4286
74.3095,4285
74.3106,4284
74.3114,4283
74.3123,4282
74.3133,4281
74.3142,4280
91.4772,4279
91.478,4278
91.837,4277
91.918,4276
91.919,4275
91.9198,4274
91.9222,4273
92.1171,4272
92.1336,4271
92.3355,4270
92.4227,4269
92.4236,4268
92.4244,4267
92.4253,4266
92.7995,4265
92.9831,4264
92.984,4263
92.9864,4262
93.0961,4261
93.1591,4260
93.1599,4259
93.1624,4258
94.1376,4257
94.1385,4256
94.1442,4255
94.1903,4254
94.2553,4253
94.2562,4252
94.257,4251
94.2578,4250
94.3922,4249
94.3931,4248
95.0691,4247
95.07,4246
95.0708,4245
95.0716,4244
95.7763,4243
96.1452,4242
96.1477,4241
96.1486,4240
96.1932,4239
96.1942,4238
96.1951,4237
96.2025,4236
96.2396,4235
105.584,4234
105.585,4233
105.681,4232
105.691,4231
105.692,4230
105.693,4229
105.754,4228
105.758,4227
105.811,4226
105.812,4225
106.37,4224
106.371,4223
106.374,4222
106.375,4221
110.586,4220
110.587,4219
110.591,4218
111.069,4217
111.167,4216
111.172,4215
111.521,4214
111.522,4213
111.523,4212
111.631,4211
111.632,4210
111.632,4209
111.665,4208
111.666,4207
111.667,4206
111.669,4205
111.722,4204
111.723,4203
111.766,4202
111.767,4201
111.817,4200
111.918,4199
112.546,4198
112.592,4197
112.593,4196
123.029,4195
123.032,4194
123.088,4193
123.091,4192
131.915,4191
131.916,4190
132.099,4189
132.1,4188
132.189,4187
132.19,4186
132.252,4185
139.828,4184
139.829,4183
139.83,4182
139.88,4181
139.881,4180
139.881,4179
139.882,4178
139.933,4177
139.935,4176
139.936,4175
139.937,4174
139.938,4173
139.939,4172
140.032,4171
140.16,4170
142.948,4169
142.988,4168
142.989,4167
143.033,4166
148.955,4165
149.327,4164
149.364,4163
160.559,4162
160.603,4161
160.872,4160
160.873,4159
162.175,4158
162.223,4157
162.228,4156
162.451,4155
162.452,4154
162.453,4153
162.501,4152
162.501,4151
162.502,4150
162.503,4149
162.504,4148
162.505,4147
162.506,4146
162.561,4145
162.562,4144
167.822,4143
167.825,4142
167.864,4141
167.865,4140
167.869,4139
167.87,4138
167.871,4137
167.871,4136
167.923,4135
167.924,4134
167.925,4133
167.977,4132
167.98,4131
195.53,4130
195.531,4129
196.315,4128
209.009,4127
209.127,4126
210.864,4125
210.865,4124
218.752,4123
218.756,4122
245.532,4121
245.606,4120
245.652,4119
246.122,4118
259.542,4117
259.543,4116
259.543,4115
274.067,4114
278.135,4113
278.136,4112
278.166,4111
278.166,4110
278.168,4109
278.168,4108
280.066,4107
281.375,4106
281.376,4105
336.008,4104
336.269,4103
336.741,4102
336.742,4101
336.743,4100
336.799,4099
336.799,4098
338.418,4097
339.038,4096
339.04,4095
339.041,4094
339.157,4093
339.16,4092
339.603,4091
339.604,4090
339.61,4089
339.61,4088
339.611,4087
339.681,4086
339.682,4085
339.729,4084
339.791,4083
2733.4,4082
2733.44,4081
9618.76,4080
9618.83,4079
9619.8,4078
10371.3,4077
