0.0186179,8360
0.0196585,8359
0.0206588,8358
0.0216537,8357
0.0226455,8356
0.0236341,8355
0.0246128,8354
0.0255892,8353
0.0265635,8352
0.0275364,8351
0.0719715,8350
0.0730489,8349
0.0741226,8348
0.075196,8347
0.0761873,8346
0.0771691,8345
0.0781459,8344
0.0791195,8343
0.0801492,8342
0.123565,8341
0.155677,8340
0.166079,8339
0.167193,8338
0.168253,8337
0.169252,8336
0.170243,8335
0.17123,8334
0.172322,8333
0.173318,8332
0.174329,8331
0.213,8330
0.214039,8329
0.215057,8328
0.216046,8327
0.217052,8326
0.218035,8325
0.219008,8324
0.219979,8323
0.220947,8322
0.22191,8321
0.273138,8320
0.274184,8319
0.275189,8318
0.276206,8317
0.277191,8316
0.278173,8315
0.279148,8314
0.280123,8313
0.28111,8312
0.282082,8311
0.324116,8310
0.32513,8309
0.326138,8308
0.327144,8307
0.328544,8306
0.329527,8305
0.330501,8304
0.331473,8303
0.332444,8302
0.33344,8301
0.393002,8300
0.394014,8299
0.395012,8298
0.396009,8297
0.396998,8296
0.397977,8295
0.398953,8294
0.399925,8293
0.400892,8292
0.401858,8291
0.402846,8290
0.403896,8289
0.404867,8288
0.406004,8287
0.40698,8286
0.407939,8285
0.408896,8284
0.409849,8283
0.4108,8282
0.411748,8281
0.412691,8280
0.486596,8279
0.487601,8278
0.488596,8277
0.489583,8276
0.49056,8275
0.491539,8274
0.492512,8273
0.493484,8272
0.494455,8271
0.495419,8270
0.555508,8269
0.556533,8268
0.557524,8267
0.558517,8266
0.5595,8265
0.560481,8264
0.561459,8263
0.56243,8262
0.563427,8261
0.564417,8260
0.620498,8259
0.621518,8258
0.622513,8257
0.623529,8256
0.62452,8255
0.6255,8254
0.626475,8253
0.62745,8252
0.628423,8251
0.629386,8250
0.685728,8249
0.686762,8248
0.687776,8247
0.688762,8246
0.689746,8245
0.690724,8244
0.691698,8243
0.692667,8242
0.693663,8241
0.694636,8240
0.725927,8239
0.726973,8238
0.727975,8237
0.728961,8236
0.729939,8235
0.731047,8234
0.732035,8233
0.733004,8232
0.733981,8231
0.734947,8230
0.794535,8229
0.795959,8228
0.796981,8227
0.797987,8226
0.799049,8225
0.800025,8224
0.800991,8223
0.801964,8222
0.802925,8221
0.803913,8220
0.844948,8219
0.845958,8218
0.846923,8217
0.847897,8216
0.848851,8215
0.849803,8214
0.850751,8213
0.851705,8212
0.852671,8211
0.884185,8210
0.885192,8209
0.904834,8208
0.905818,8207
0.906786,8206
0.907735,8205
0.908684,8204
0.909632,8203
0.910567,8202
0.9115,8201
0.912434,8200
0.913366,8199
0.956928,8198
0.957946,8197
0.958947,8196
0.959931,8195
0.960913,8194
0.961895,8193
0.962866,8192
0.96385,8191
0.964814,8190
0.965778,8189
1.00712,8188
1.00816,8187
1.00915,8186
1.0103,8185
1.01132,8184
1.01231,8183
1.01326,8182
1.01424,8181
1.01521,8180
1.01616,8179
1.0171,8178
1.06594,8177
1.06695,8176
1.06795,8175
1.06893,8174
1.0699,8173
1.07087,8172
1.07183,8171
1.07279,8170
1.07375,8169
1.07473,8168
1.11489,8167
1.11591,8166
1.11691,8165
1.11789,8164
1.11887,8163
1.11984,8162
1.12081,8161
1.12185,8160
1.12282,8159
1.12378,8158
1.17787,8157
1.17888,8156
1.1799,8155
1.18094,8154
1.18192,8153
1.1829,8152
1.18387,8151
1.18485,8150
1.18583,8149
1.18679,8148
1.18779,8147
1.18875,8146
1.1897,8145
1.19065,8144
1.1916,8143
1.19255,8142
1.19349,8141
1.19446,8140
1.19542,8139
1.19637,8138
1.1973,8137
1.27565,8136
1.27665,8135
1.27761,8134
1.27864,8133
1.27967,8132
1.28061,8131
1.28153,8130
1.28251,8129
1.28345,8128
1.28437,8127
1.32564,8126
1.32665,8125
1.3276,8124
1.32857,8123
1.32953,8122
1.33047,8121
1.33144,8120
1.33239,8119
1.33331,8118
1.33424,8117
1.33517,8116
1.38154,8115
1.38253,8114
1.3835,8113
1.38448,8112
1.38545,8111
1.38642,8110
1.38738,8109
1.38833,8108
1.38928,8107
1.39023,8106
1.44602,8105
1.44701,8104
1.44796,8103
1.4489,8102
1.44983,8101
1.45076,8100
1.4517,8099
1.45263,8098
1.48713,8097
1.48814,8096
1.48913,8095
1.49011,8094
1.49121,8093
1.4922,8092
1.49316,8091
1.49413,8090
1.49509,8089
1.49604,8088
1.49699,8087
1.54903,8086
1.55003,8085
1.55102,8084
1.552,8083
1.55297,8082
1.55393,8081
1.55489,8080
1.55585,8079
1.5568,8078
1.55776,8077
1.64151,8076
1.64257,8075
1.64355,8074
1.64453,8073
1.64551,8072
1.6465,8071
1.64747,8070
1.64844,8069
1.6494,8068
1.65035,8067
1.69689,8066
1.69864,8065
1.69963,8064
1.7006,8063
1.70158,8062
1.70254,8061
1.70349,8060
1.70442,8059
1.70536,8058
1.70627,8057
1.75659,8056
1.75766,8055
1.75877,8054
1.75983,8053
1.76095,8052
1.76194,8051
1.76291,8050
1.76387,8049
1.76482,8048
1.76577,8047
1.76671,8046
1.84612,8045
1.84711,8044
1.84809,8043
1.84909,8042
1.85009,8041
1.85106,8040
1.85203,8039
1.85298,8038
1.87435,8037
1.87536,8036
1.91856,8035
1.91955,8034
1.92053,8033
1.9215,8032
1.92246,8031
1.92342,8030
1.92435,8029
1.92528,8028
1.9262,8027
1.92713,8026
1.97027,8025
1.97126,8024
1.97223,8023
1.97318,8022
1.97414,8021
1.97507,8020
1.976,8019
1.97697,8018
1.97789,8017
1.97891,8016
1.98026,8015
2.02024,8014
2.02124,8013
2.02225,8012
2.02322,8011
2.02418,8010
2.02513,8009
2.02608,8008
2.02702,8007
2.02799,8006
2.02895,8005
2.0841,8004
2.0851,8003
2.08691,8002
2.0879,8001
2.08887,8000
2.08983,7999
2.09079,7998
2.09174,7997
2.09269,7996
2.09364,7995
2.12494,7994
2.12595,7993
2.12693,7992
2.12789,7991
2.12884,7990
2.12977,7989
2.13069,7988
2.13161,7987
2.13254,7986
2.13347,7985
2.13439,7984
2.18889,7983
2.18988,7982
2.19086,7981
2.19183,7980
2.1928,7979
2.19378,7978
2.19476,7977
2.19571,7976
2.19672,7975
2.19767,7974
2.26847,7973
2.26947,7972
2.27051,7971
2.27181,7970
2.27278,7969
2.27375,7968
2.27481,7967
2.27589,7966
2.27698,7965
2.27801,7964
2.27947,7963
2.28045,7962
2.28142,7961
2.28237,7960
2.28332,7959
2.28427,7958
2.28521,7957
2.28614,7956
2.28709,7955
2.28877,7954
2.30504,7953
2.30709,7952
2.30925,7951
2.31181,7950
2.3128,7949
2.31378,7948
2.31474,7947
2.31571,7946
2.31666,7945
2.31762,7944
2.41952,7943
2.42054,7942
2.42157,7941
2.42258,7940
2.42365,7939
2.42544,7938
2.42641,7937
2.42737,7936
2.42833,7935
2.42928,7934
2.47669,7933
2.47772,7932
2.47937,7931
2.48037,7930
2.48135,7929
2.48232,7928
2.51108,7927
2.5125,7926
2.51349,7925
2.51448,7924
2.52556,7923
2.52656,7922
2.52753,7921
2.52851,7920
2.52947,7919
2.53043,7918
2.53139,7917
2.53234,7916
2.53328,7915
2.53424,7914
2.53519,7913
2.58566,7912
2.58666,7911
2.58764,7910
2.58861,7909
2.58957,7908
2.59053,7907
2.59167,7906
2.59279,7905
2.59376,7904
2.59473,7903
2.63027,7902
2.63127,7901
2.63234,7900
2.63333,7899
2.63432,7898
2.63935,7897
2.64035,7896
2.64177,7895
2.64285,7894
2.64431,7893
2.656,7892
2.65699,7891
2.65796,7890
2.65892,7889
2.65988,7888
2.66083,7887
2.66178,7886
2.66273,7885
2.66368,7884
2.66463,7883
2.73808,7882
2.73907,7881
2.74005,7880
2.74102,7879
2.74199,7878
2.74302,7877
2.74399,7876
2.745,7875
2.74595,7874
2.74693,7873
2.78919,7872
2.79018,7871
2.79112,7870
2.79207,7869
2.79302,7868
2.79395,7867
2.79501,7866
2.79596,7865
2.79689,7864
2.79783,7863
2.79876,7862
2.83998,7861
2.84097,7860
2.84194,7859
2.8429,7858
2.84386,7857
2.84484,7856
2.84579,7855
2.84675,7854
2.84769,7853
2.84863,7852
2.89577,7851
2.89679,7850
2.89778,7849
2.89883,7848
2.89979,7847
2.90076,7846
2.90172,7845
2.90267,7844
2.90361,7843
2.90456,7842
2.94625,7841
2.94725,7840
2.94823,7839
2.9492,7838
2.95016,7837
2.95112,7836
2.95206,7835
2.95299,7834
2.95393,7833
2.95493,7832
2.9559,7831
2.95946,7830
2.96108,7829
2.96206,7828
2.96338,7827
2.96433,7826
2.96527,7825
2.9662,7824
2.96712,7823
2.96806,7822
2.969,7821
3.03679,7820
3.03779,7819
3.03898,7818
3.04,7817
3.04097,7816
3.04193,7815
3.04289,7814
3.04384,7813
3.04482,7812
3.04577,7811
3.04682,7810
3.09611,7809
3.09708,7808
3.09804,7807
3.09899,7806
3.09993,7805
3.10087,7804
3.1018,7803
3.10271,7802
3.10362,7801
3.10454,7800
3.15376,7799
3.15475,7798
3.15573,7797
3.15669,7796
3.15764,7795
3.15859,7794
3.15952,7793
3.16044,7792
3.16137,7791
3.16229,7790
3.16321,7789
3.20514,7788
3.20613,7787
3.20707,7786
3.208,7785
3.20895,7784
3.20993,7783
3.2109,7782
3.21182,7781
3.21275,7780
3.21369,7779
3.24075,7778
3.24175,7777
3.24272,7776
3.24369,7775
3.24461,7774
3.24557,7773
3.2465,7772
3.24741,7771
3.24836,7770
3.24928,7769
3.2502,7768
3.2986,7767
3.29959,7766
3.30058,7765
3.30153,7764
3.30243,7763
3.30342,7762
3.30438,7761
3.30535,7760
3.30634,7759
3.30729,7758
3.35727,7757
3.35829,7756
3.35926,7755
3.36023,7754
3.3612,7753
3.36229,7752
3.36324,7751
3.36423,7750
3.36518,7749
3.36612,7748
3.36705,7747
3.4033,7746
3.40429,7745
3.40534,7744
3.40646,7743
3.40745,7742
3.40841,7741
3.40935,7740
3.4103,7739
3.95232,7738
3.95331,7737
3.95429,7736
3.95525,7735
3.95621,7734
3.95717,7733
3.95812,7732
3.95907,7731
3.96007,7730
3.96104,7729
3.98212,7728
3.98312,7727
3.98409,7726
3.98506,7725
3.98602,7724
3.98697,7723
3.98792,7722
3.98887,7721
3.98981,7720
3.99075,7719
4.00927,7718
4.01026,7717
4.01124,7716
4.0122,7715
4.01317,7714
4.01412,7713
4.01507,7712
4.01602,7711
4.01697,7710
4.01791,7709
4.01885,7708
4.03637,7707
4.03735,7706
4.03832,7705
4.03928,7704
4.04023,7703
4.0412,7702
4.04217,7701
4.04314,7700
4.04436,7699
4.04534,7698
4.08483,7697
4.08582,7696
4.08686,7695
4.08783,7694
4.08879,7693
4.08975,7692
4.09075,7691
4.09171,7690
4.09266,7689
4.0936,7688
4.10456,7687
4.10643,7686
4.10822,7685
4.10919,7684
4.11016,7683
4.11112,7682
4.11208,7681
4.11303,7680
4.11398,7679
4.11492,7678
4.1159,7677
4.13081,7676
4.13179,7675
4.13275,7674
4.13371,7673
4.13469,7672
4.13565,7671
4.13659,7670
4.13754,7669
4.13849,7668
4.13944,7667
4.17627,7666
4.17726,7665
4.17822,7664
4.17919,7663
4.18025,7662
4.18124,7661
4.18222,7660
4.18319,7659
4.18899,7658
4.18998,7657
4.23498,7656
4.23599,7655
4.23697,7654
4.238,7653
4.23895,7652
4.23991,7651
4.24085,7650
4.24183,7649
4.24278,7648
4.24371,7647
4.28678,7646
4.28777,7645
4.28874,7644
4.28971,7643
4.29066,7642
4.29161,7641
4.29256,7640
4.29351,7639
4.29445,7638
4.29538,7637
4.29631,7636
4.38138,7635
4.38235,7634
4.38332,7633
4.38429,7632
4.38522,7631
4.38616,7630
4.3871,7629
4.38802,7628
4.38895,7627
4.38989,7626
4.39081,7625
4.43289,7624
4.4339,7623
4.43505,7622
4.43602,7621
4.43697,7620
4.43964,7619
4.44062,7618
4.44157,7617
4.44252,7616
4.44347,7615
4.54599,7614
4.54697,7613
4.54794,7612
4.54889,7611
4.54984,7610
4.55079,7609
4.55173,7608
4.55266,7607
4.5536,7606
4.55452,7605
4.6014,7604
4.60239,7603
4.60338,7602
4.60432,7601
4.60524,7600
4.60619,7599
4.60712,7598
4.60804,7597
4.60895,7596
4.60986,7595
4.61077,7594
4.62817,7593
4.62914,7592
4.63007,7591
4.63141,7590
4.63235,7589
4.63327,7588
4.63418,7587
4.63514,7586
4.63611,7585
4.63842,7584
4.75647,7583
4.75747,7582
4.75845,7581
4.75941,7580
4.76037,7579
4.76131,7578
4.76225,7577
4.76319,7576
4.76412,7575
4.76506,7574
4.76598,7573
4.814,7572
4.8169,7571
4.81785,7570
4.8188,7569
4.81974,7568
4.82067,7567
4.82161,7566
4.82254,7565
4.82348,7564
4.87179,7563
4.87271,7562
4.87363,7561
4.8752,7560
4.87619,7559
4.87712,7558
4.87803,7557
4.87904,7556
4.87997,7555
4.88129,7554
4.90253,7553
4.90359,7552
4.90456,7551
4.90553,7550
4.90646,7549
4.90741,7548
4.90835,7547
4.90928,7546
4.91021,7545
4.91114,7544
4.91206,7543
4.98445,7542
4.98542,7541
4.98638,7540
4.98734,7539
4.98829,7538
4.98923,7537
4.99018,7536
4.99112,7535
4.99206,7534
4.9934,7533
5.10333,7532
5.10435,7531
5.10533,7530
5.10631,7529
5.1073,7528
5.10829,7527
5.10926,7526
5.11022,7525
5.11118,7524
5.11213,7523
5.13456,7522
5.13559,7521
5.13665,7520
5.13757,7519
5.1385,7518
5.13941,7517
5.14044,7516
5.14135,7515
5.14226,7514
5.14315,7513
5.14409,7512
5.20236,7511
5.20332,7510
5.20431,7509
5.20529,7508
5.20622,7507
5.20714,7506
5.20806,7505
5.20898,7504
5.2099,7503
5.21081,7502
5.21172,7501
5.24981,7500
5.25081,7499
5.25178,7498
5.25273,7497
5.25368,7496
5.25479,7495
5.25573,7494
5.25667,7493
5.2576,7492
5.25852,7491
5.35679,7490
5.35777,7489
5.3587,7488
5.35961,7487
5.36052,7486
5.36142,7485
5.36233,7484
5.36326,7483
5.36417,7482
5.36509,7481
5.36602,7480
5.41545,7479
5.41645,7478
5.41739,7477
5.4183,7476
5.41921,7475
5.42012,7474
5.42102,7473
5.42191,7472
5.42281,7471
5.42371,7470
5.42461,7469
5.46628,7468
5.46734,7467
5.46829,7466
5.46922,7465
5.47013,7464
5.47111,7463
5.47202,7462
5.47293,7461
5.47385,7460
5.47478,7459
5.4757,7458
5.52358,7457
5.52454,7456
5.52544,7455
5.52633,7454
5.52724,7453
5.52814,7452
5.52903,7451
5.52992,7450
5.53084,7449
5.53174,7448
5.60853,7447
5.60963,7446
5.6106,7445
5.61158,7444
5.61255,7443
5.61351,7442
5.61446,7441
5.61543,7440
5.6168,7439
5.61774,7438
5.61868,7437
5.65805,7436
5.65903,7435
5.66007,7434
5.66191,7433
5.66292,7432
5.664,7431
5.66499,7430
5.66598,7429
5.66694,7428
5.66789,7427
5.72826,7426
5.72924,7425
5.73023,7424
5.73118,7423
5.73214,7422
5.73311,7421
5.73405,7420
5.735,7419
5.73594,7418
5.73686,7417
5.73783,7416
5.75401,7415
5.75535,7414
5.75632,7413
5.75727,7412
5.75821,7411
5.75915,7410
5.76007,7409
5.761,7408
5.76192,7407
5.76284,7406
5.81661,7405
5.81805,7404
5.81909,7403
5.82018,7402
5.82112,7401
5.82206,7400
5.82345,7399
5.82438,7398
5.82532,7397
5.82625,7396
5.82717,7395
5.84682,7394
5.84779,7393
5.84875,7392
5.8497,7391
5.85064,7390
5.85158,7389
5.85251,7388
5.85344,7387
5.85445,7386
5.8554,7385
5.93057,7384
5.93199,7383
5.93295,7382
5.9339,7381
5.93485,7380
5.93587,7379
5.93683,7378
5.93777,7377
5.93872,7376
5.93977,7375
5.98183,7374
5.98281,7373
5.98378,7372
5.98473,7371
5.98571,7370
5.98682,7369
5.98776,7368
5.98868,7367
5.98961,7366
5.99069,7365
5.99161,7364
6.04037,7363
6.04137,7362
6.04228,7361
6.04319,7360
6.04414,7359
6.04504,7358
6.04612,7357
6.04751,7356
6.04951,7355
6.09563,7354
6.09666,7353
6.09763,7352
6.09858,7351
6.09952,7350
6.10046,7349
6.10139,7348
6.10234,7347
6.10328,7346
6.1042,7345
6.16964,7344
6.17062,7343
6.17154,7342
6.17244,7341
6.17441,7340
6.17536,7339
6.17631,7338
6.17727,7337
6.17817,7336
6.17907,7335
6.17999,7334
6.18093,7333
6.18187,7332
6.18287,7331
6.18383,7330
6.18476,7329
6.18567,7328
6.18658,7327
6.1875,7326
6.1884,7325
6.1893,7324
6.1902,7323
6.26669,7322
6.26765,7321
6.26859,7320
6.26953,7319
6.27044,7318
6.27135,7317
6.27234,7316
6.27325,7315
6.27416,7314
6.28531,7313
6.28626,7312
6.2872,7311
6.28812,7310
6.28903,7309
6.28996,7308
6.29087,7307
6.29178,7306
6.2927,7305
6.29365,7304
6.40371,7303
6.4047,7302
6.40651,7301
6.40749,7300
6.40845,7299
6.4094,7298
6.41035,7297
6.4113,7296
6.41227,7295
6.41321,7294
6.41415,7293
6.52205,7292
6.52302,7291
6.52398,7290
6.52492,7289
6.52586,7288
6.52681,7287
6.52774,7286
6.52867,7285
6.52959,7284
6.53051,7283
6.56953,7282
6.57052,7281
6.57147,7280
6.57242,7279
6.57336,7278
6.57431,7277
6.57524,7276
6.57638,7275
6.57734,7274
6.57827,7273
6.5792,7272
6.62435,7271
6.62532,7270
6.62627,7269
6.62724,7268
6.62819,7267
6.62913,7266
6.63007,7265
6.63099,7264
6.63192,7263
6.63285,7262
6.67769,7261
6.67867,7260
6.67962,7259
6.68057,7258
6.68151,7257
6.68245,7256
6.68338,7255
6.68431,7254
6.68524,7253
6.68617,7252
6.68712,7251
6.75577,7250
6.75675,7249
6.7577,7248
6.75864,7247
6.75975,7246
6.76072,7245
6.76168,7244
6.76333,7243
6.76496,7242
6.76589,7241
6.81462,7240
6.8156,7239
6.81655,7238
6.81753,7237
6.81849,7236
6.81943,7235
6.82037,7234
6.82131,7233
6.82225,7232
6.82317,7231
6.8241,7230
6.86574,7229
6.86967,7228
6.87066,7227
6.87162,7226
6.87257,7225
6.87352,7224
6.87446,7223
6.87539,7222
6.87632,7221
6.87725,7220
6.92471,7219
6.92568,7218
6.92664,7217
6.92764,7216
6.93013,7215
6.93132,7214
6.93254,7213
6.93358,7212
6.93457,7211
6.93552,7210
7.00237,7209
7.00335,7208
7.0043,7207
7.00526,7206
7.0062,7205
7.00715,7204
7.0081,7203
7.00903,7202
7.00995,7201
7.01088,7200
7.0118,7199
7.04838,7198
7.04938,7197
7.05035,7196
7.05146,7195
7.05241,7194
7.05344,7193
7.05438,7192
7.05531,7191
7.05623,7190
7.05722,7189
7.05818,7188
7.10382,7187
7.10476,7186
7.10584,7185
7.10678,7184
7.10786,7183
7.10882,7182
7.10973,7181
7.11064,7180
7.11155,7179
7.11246,7178
7.14087,7177
7.14183,7176
7.14281,7175
7.14372,7174
7.14467,7173
7.14558,7172
7.14647,7171
7.14737,7170
7.14834,7169
7.14925,7168
7.15015,7167
7.21818,7166
7.21916,7165
7.2201,7164
7.22103,7163
7.22193,7162
7.22283,7161
7.22373,7160
7.22462,7159
7.22552,7158
7.22645,7157
7.22735,7156
7.27837,7155
7.27934,7154
7.28025,7153
7.28115,7152
7.28209,7151
7.283,7150
7.28391,7149
7.28482,7148
7.28574,7147
7.28664,7146
7.28753,7145
7.33515,7144
7.33617,7143
7.3372,7142
7.33815,7141
7.33909,7140
7.34002,7139
7.34094,7138
7.34187,7137
7.34279,7136
7.34371,7135
7.36965,7134
7.37073,7133
7.37167,7132
7.37262,7131
7.37504,7130
7.37604,7129
7.37698,7128
7.37805,7127
7.379,7126
7.37995,7125
7.38091,7124
7.43067,7123
7.43162,7122
7.43253,7121
7.43345,7120
7.43438,7119
7.43527,7118
7.4362,7117
7.43712,7116
7.43805,7115
7.43897,7114
7.4399,7113
7.48534,7112
7.48629,7111
7.48722,7110
7.48814,7109
7.48908,7108
7.49004,7107
7.49095,7106
7.49186,7105
7.49278,7104
7.4937,7103
7.51711,7102
7.51808,7101
7.51902,7100
7.51995,7099
7.52087,7098
7.52179,7097
7.52271,7096
7.52362,7095
7.52453,7094
7.52544,7093
7.52635,7092
7.5806,7091
7.58157,7090
7.58252,7089
7.58368,7088
7.58463,7087
7.58554,7086
7.58645,7085
7.58737,7084
7.5883,7083
7.58922,7082
7.59014,7081
7.6528,7080
7.65378,7079
7.65476,7078
7.65568,7077
7.65658,7076
7.65748,7075
7.65836,7074
7.65925,7073
7.66013,7072
7.66102,7071
7.6619,7070
7.69236,7069
7.69335,7068
7.69431,7067
7.69524,7066
7.69616,7065
7.69708,7064
7.69799,7063
7.69891,7062
7.69982,7061
7.70073,7060
7.70163,7059
7.74306,7058
7.74402,7057
7.74492,7056
7.74586,7055
7.74677,7054
7.74767,7053
7.74858,7052
7.74957,7051
7.75048,7050
7.75139,7049
7.7523,7048
7.8028,7047
7.80372,7046
7.80461,7045
7.80551,7044
7.80641,7043
7.8073,7042
7.80821,7041
7.80913,7040
7.81003,7039
7.81093,7038
7.81184,7037
7.85288,7036
7.85379,7035
7.85469,7034
7.85734,7033
7.85825,7032
7.85917,7031
7.86007,7030
7.86097,7029
7.86188,7028
7.91477,7027
7.91577,7026
7.91672,7025
7.91762,7024
7.91852,7023
7.91954,7022
7.92046,7021
7.92136,7020
7.92225,7019
7.92313,7018
7.92401,7017
7.96761,7016
7.96851,7015
7.96948,7014
7.97042,7013
7.97134,7012
7.97224,7011
7.97317,7010
7.97405,7009
7.97493,7008
7.97581,7007
7.9767,7006
8.00907,7005
8.01173,7004
8.01261,7003
8.0135,7002
8.01438,7001
8.01526,7000
8.01614,6999
8.01718,6998
8.01809,6997
8.06017,6996
8.06116,6995
8.06207,6994
8.06299,6993
8.06567,6992
8.06657,6991
8.06746,6990
8.06835,6989
8.06926,6988
8.12285,6987
8.1238,6986
8.12472,6985
8.12562,6984
8.12653,6983
8.12744,6982
8.12833,6981
8.12923,6980
8.13014,6979
8.13103,6978
8.13193,6977
8.15837,6976
8.15927,6975
8.16019,6974
8.1612,6973
8.16209,6972
8.163,6971
8.16392,6970
8.16489,6969
8.16582,6968
8.16674,6967
8.16762,6966
8.21605,6965
8.217,6964
8.21792,6963
8.21882,6962
8.21974,6961
8.22062,6960
8.22151,6959
8.2224,6958
8.22328,6957
8.22416,6956
8.22505,6955
8.27344,6954
8.27442,6953
8.27536,6952
8.2763,6951
8.27723,6950
8.27818,6949
8.27932,6948
8.28024,6947
8.28317,6946
8.28411,6945
8.3357,6944
8.33671,6943
8.33763,6942
8.33853,6941
8.33942,6940
8.34032,6939
8.34131,6938
8.34226,6937
8.34317,6936
8.34483,6935
8.34583,6934
8.39214,6933
8.3931,6932
8.39403,6931
8.39497,6930
8.39593,6929
8.39685,6928
8.39777,6927
8.43904,6926
8.44,6925
8.44112,6924
8.44207,6923
8.44301,6922
8.44577,6921
8.44669,6920
8.44761,6919
8.44853,6918
8.44944,6917
8.49116,6916
8.49215,6915
8.49311,6914
8.49404,6913
8.49498,6912
8.4959,6911
8.49683,6910
8.49775,6909
8.49903,6908
8.49997,6907
8.50091,6906
8.53382,6905
8.53478,6904
8.53572,6903
8.53667,6902
8.5376,6901
8.53853,6900
8.53946,6899
8.54038,6898
8.54129,6897
8.54229,6896
8.5432,6895
8.58967,6894
8.59064,6893
8.59176,6892
8.5927,6891
8.59364,6890
8.59457,6889
8.59552,6888
8.59643,6887
8.59735,6886
8.59826,6885
8.65205,6884
8.65303,6883
8.65398,6882
8.65492,6881
8.65586,6880
8.65691,6879
8.65784,6878
8.65876,6877
8.65967,6876
8.66059,6875
8.66151,6874
8.71384,6873
8.71482,6872
8.71583,6871
8.7169,6870
8.71782,6869
8.71875,6868
8.71967,6867
8.72058,6866
8.72155,6865
8.72247,6864
8.72336,6863
8.80748,6862
8.80844,6861
8.8094,6860
8.81033,6859
8.81322,6858
8.81415,6857
8.81508,6856
8.816,6855
8.84121,6854
8.84218,6853
8.84313,6852
8.84408,6851
8.84501,6850
8.84594,6849
8.84688,6848
8.84781,6847
8.84873,6846
8.84964,6845
8.85056,6844
8.89185,6843
8.89281,6842
8.89376,6841
8.89472,6840
8.89749,6839
8.89841,6838
8.89933,6837
8.90024,6836
8.90115,6835
8.94102,6834
8.94195,6833
8.94284,6832
8.94374,6831
8.94464,6830
8.94553,6829
8.94642,6828
8.94733,6827
8.94822,6826
8.94911,6825
8.95002,6824
8.99711,6823
8.99807,6822
8.999,6821
8.99991,6820
9.00082,6819
9.00173,6818
9.00264,6817
9.00354,6816
9.00457,6815
9.0055,6814
9.00648,6813
9.06706,6812
9.06801,6811
9.06895,6810
9.06988,6809
9.07081,6808
9.07173,6807
9.07279,6806
9.07371,6805
9.07461,6804
9.07553,6803
9.13221,6802
9.13319,6801
9.13417,6800
9.13697,6799
9.13789,6798
9.13882,6797
9.13975,6796
9.14066,6795
9.14157,6794
9.19293,6793
9.19395,6792
9.19488,6791
9.19577,6790
9.19679,6789
9.19783,6788
9.19883,6787
9.19978,6786
9.20069,6785
9.20159,6784
9.20249,6783
9.25049,6782
9.25549,6781
9.25645,6780
9.25739,6779
9.25832,6778
9.25923,6777
9.26015,6776
9.26106,6775
9.26196,6774
9.26286,6773
9.26402,6772
9.29293,6771
9.29384,6770
9.29478,6769
9.29567,6768
9.29656,6767
9.29757,6766
9.29851,6765
9.29941,6764
9.30037,6763
9.30127,6762
9.30217,6761
9.35069,6760
9.3535,6759
9.35445,6758
9.35535,6757
9.35625,6756
9.35716,6755
9.41783,6754
9.41881,6753
9.4197,6752
9.42064,6751
9.42157,6750
9.42256,6749
9.42358,6748
9.4245,6747
9.42542,6746
9.42633,6745
9.42722,6744
9.48784,6743
9.48886,6742
9.48978,6741
9.49071,6740
9.49161,6739
9.49249,6738
9.49341,6737
9.49441,6736
9.49531,6735
9.49621,6734
9.49712,6733
9.5329,6732
9.53386,6731
9.53486,6730
9.5358,6729
9.53673,6728
9.53766,6727
9.53862,6726
9.53954,6725
9.54045,6724
9.54149,6723
9.54239,6722
9.59957,6721
9.60053,6720
9.60514,6719
9.60612,6718
9.6071,6717
9.60808,6716
9.60902,6715
9.60994,6714
9.61086,6713
9.61179,6712
9.61268,6711
9.65541,6710
9.65637,6709
9.66795,6708
9.66892,6707
9.66982,6706
9.67072,6705
9.67164,6704
9.67255,6703
9.67345,6702
9.67512,6701
9.70903,6700
9.70999,6699
9.71092,6698
9.71183,6697
9.71275,6696
9.7138,6695
9.71473,6694
9.71561,6693
9.71649,6692
9.71739,6691
9.71829,6690
9.76078,6689
9.76176,6688
9.76266,6687
9.76517,6686
9.76723,6685
9.76817,6684
9.76906,6683
9.76994,6682
9.77082,6681
9.7717,6680
9.77258,6679
9.83233,6678
9.83329,6677
9.83421,6676
9.83513,6675
9.83605,6674
9.83696,6673
9.83787,6672
9.83876,6671
9.83964,6670
9.84054,6669
9.84142,6668
9.89255,6667
9.89351,6666
9.89445,6665
9.89538,6664
9.89627,6663
9.89719,6662
9.89809,6661
9.89897,6660
9.89985,6659
9.90073,6658
9.90161,6657
9.94544,6656
9.94641,6655
9.94734,6654
9.94824,6653
9.94912,6652
9.95,6651
9.95088,6650
9.95175,6649
9.95265,6648
9.95357,6647
9.95449,6646
9.95541,6645
9.95638,6644
9.95727,6643
9.95814,6642
9.95903,6641
9.95991,6640
9.9609,6639
9.96182,6638
9.96271,6637
9.9636,6636
9.9645,6635
10.0707,6634
10.0716,6633
10.0725,6632
10.0734,6631
10.0743,6630
10.0752,6629
10.0761,6628
10.077,6627
10.0779,6626
10.0788,6625
10.0797,6624
10.0805,6623
10.1226,6622
10.1236,6621
10.1244,6620
10.1253,6619
10.1262,6618
10.1271,6617
10.1279,6616
10.1288,6615
10.1296,6614
10.1305,6613
10.1314,6612
10.1613,6611
10.1622,6610
10.1632,6609
10.1641,6608
10.165,6607
10.166,6606
10.1669,6605
10.1677,6604
10.1686,6603
10.1695,6602
10.1704,6601
10.2237,6600
10.2265,6599
10.2274,6598
10.2283,6597
10.2292,6596
10.2302,6595
10.2312,6594
10.2326,6593
10.2335,6592
10.2965,6591
10.2993,6590
10.3002,6589
10.3011,6588
10.302,6587
10.3029,6586
10.3038,6585
10.3047,6584
10.3057,6583
10.3576,6582
10.3585,6581
10.3595,6580
10.3604,6579
10.3613,6578
10.3623,6577
10.3632,6576
10.364,6575
10.3649,6574
10.3658,6573
10.3667,6572
10.3982,6571
10.3991,6570
10.4017,6569
10.4026,6568
10.4034,6567
10.4043,6566
10.4052,6565
10.4061,6564
10.407,6563
10.4559,6562
10.4569,6561
10.4577,6560
10.4586,6559
10.4595,6558
10.4604,6557
10.4612,6556
10.4621,6555
10.463,6554
10.4638,6553
10.4647,6552
10.5062,6551
10.5072,6550
10.5081,6549
10.5091,6548
10.51,6547
10.5109,6546
10.5119,6545
10.5128,6544
10.5138,6543
10.5147,6542
10.5156,6541
10.5575,6540
10.5585,6539
10.5594,6538
10.5603,6537
10.5613,6536
10.5622,6535
10.5631,6534
10.564,6533
10.5649,6532
10.5658,6531
10.5667,6530
10.6196,6529
10.6206,6528
10.6215,6527
10.6225,6526
10.6234,6525
10.6243,6524
10.6252,6523
10.6262,6522
10.6271,6521
10.6281,6520
10.6863,6519
10.6873,6518
10.6882,6517
10.6891,6516
10.6901,6515
10.691,6514
10.6919,6513
10.6928,6512
10.6938,6511
10.742,6510
10.743,6509
10.744,6508
10.7449,6507
10.7459,6506
10.7468,6505
10.7478,6504
10.7487,6503
10.7496,6502
10.7505,6501
10.7514,6500
10.7968,6499
10.7978,6498
10.7987,6497
10.7996,6496
10.8006,6495
10.8015,6494
10.8024,6493
10.8033,6492
10.8042,6491
10.8051,6490
10.806,6489
10.8533,6488
10.8561,6487
10.8571,6486
10.858,6485
10.859,6484
10.8599,6483
10.8608,6482
10.8617,6481
10.8626,6480
10.9228,6479
10.9238,6478
10.9247,6477
10.9257,6476
10.9266,6475
10.9276,6474
10.9286,6473
10.9295,6472
10.9304,6471
10.9313,6470
10.9322,6469
10.9831,6468
10.9841,6467
10.985,6466
10.9859,6465
10.9869,6464
10.9878,6463
10.9887,6462
10.9896,6461
10.9905,6460
10.9914,6459
10.9923,6458
11.0339,6457
11.0349,6456
11.0358,6455
11.0367,6454
11.0376,6453
11.0385,6452
11.0395,6451
11.0404,6450
11.0413,6449
11.0421,6448
11.1058,6447
11.1068,6446
11.1077,6445
11.1085,6444
11.1095,6443
11.1104,6442
11.1113,6441
11.1121,6440
11.113,6439
11.1139,6438
11.1147,6437
11.1156,6436
11.147,6435
11.148,6434
11.1489,6433
11.1498,6432
11.1507,6431
11.1516,6430
11.1524,6429
11.1533,6428
11.1542,6427
11.1551,6426
11.156,6425
11.1841,6424
11.185,6423
11.1859,6422
11.1868,6421
11.1895,6420
11.1904,6419
11.1913,6418
11.1922,6417
11.2455,6416
11.2465,6415
11.2474,6414
11.2483,6413
11.2492,6412
11.2501,6411
11.251,6410
11.2519,6409
11.2528,6408
11.2538,6407
11.3132,6406
11.3142,6405
11.3151,6404
11.316,6403
11.3169,6402
11.3178,6401
11.3187,6400
11.3196,6399
11.3205,6398
11.3215,6397
11.3647,6396
11.3656,6395
11.3665,6394
11.3674,6393
11.3682,6392
11.3691,6391
11.37,6390
11.3709,6389
11.3718,6388
11.3727,6387
11.4157,6386
11.4167,6385
11.4176,6384
11.4185,6383
11.4194,6382
11.4203,6381
11.4211,6380
11.422,6379
11.4229,6378
11.4238,6377
11.4247,6376
11.4753,6375
11.4762,6374
11.4771,6373
11.478,6372
11.4789,6371
11.4798,6370
11.4807,6369
11.4816,6368
11.4825,6367
11.4833,6366
11.4842,6365
11.5278,6364
11.5287,6363
11.5296,6362
11.5305,6361
11.5315,6360
11.5324,6359
11.5333,6358
11.5342,6357
11.5351,6356
11.536,6355
11.5369,6354
11.5907,6353
11.5916,6352
11.5926,6351
11.5935,6350
11.5943,6349
11.5952,6348
11.5979,6347
11.5988,6346
11.5997,6345
11.6385,6344
11.6394,6343
11.6422,6342
11.6431,6341
11.644,6340
11.6449,6339
11.6458,6338
11.6467,6337
11.6475,6336
11.7081,6335
11.709,6334
11.7101,6333
11.711,6332
11.7119,6331
11.7128,6330
11.7137,6329
11.7146,6328
11.7155,6327
11.7164,6326
11.7173,6325
11.7501,6324
11.7511,6323
11.7521,6322
11.7531,6321
11.754,6320
11.7549,6319
11.7558,6318
11.7567,6317
11.7577,6316
11.7586,6315
11.7595,6314
11.8265,6313
11.8293,6312
11.8302,6311
11.8311,6310
11.832,6309
11.8329,6308
11.8337,6307
11.8346,6306
11.8355,6305
11.8954,6304
11.8964,6303
11.8973,6302
11.8983,6301
11.8992,6300
11.9025,6299
11.9034,6298
11.9043,6297
11.9052,6296
11.9398,6295
11.9408,6294
11.9417,6293
11.9426,6292
11.9435,6291
11.9445,6290
11.9454,6289
11.9463,6288
11.9472,6287
11.9481,6286
11.9489,6285
11.9916,6284
11.9925,6283
11.9935,6282
11.9944,6281
12.0008,6280
12.0019,6279
12.0029,6278
12.0038,6277
12.0047,6276
12.0457,6275
12.0466,6274
12.0475,6273
12.0488,6272
12.0497,6271
12.0506,6270
12.0515,6269
12.0526,6268
12.0535,6267
12.0545,6266
12.0554,6265
12.1099,6264
12.1108,6263
12.1117,6262
12.1126,6261
12.1135,6260
12.1144,6259
12.1152,6258
12.1161,6257
12.1169,6256
12.1178,6255
12.1187,6254
12.1582,6253
12.1591,6252
12.16,6251
12.1609,6250
12.1618,6249
12.1626,6248
12.1635,6247
12.1644,6246
12.1653,6245
12.1797,6244
12.1807,6243
12.1821,6242
12.183,6241
12.1838,6240
12.1847,6239
12.1856,6238
12.1864,6237
12.1873,6236
12.1882,6235
12.189,6234
12.1899,6233
12.2442,6232
12.2451,6231
12.246,6230
12.247,6229
12.2479,6228
12.2489,6227
12.2498,6226
12.2507,6225
12.2516,6224
12.2525,6223
12.3349,6222
12.3359,6221
12.3368,6220
12.3381,6219
12.3389,6218
12.3408,6217
12.3446,6216
12.3465,6215
12.3492,6214
12.3908,6213
12.3917,6212
12.3926,6211
12.3935,6210
12.3943,6209
12.3953,6208
12.3962,6207
12.3971,6206
12.398,6205
12.3989,6204
12.3998,6203
12.4397,6202
12.4407,6201
12.4415,6200
12.4424,6199
12.4433,6198
12.4442,6197
12.445,6196
12.4459,6195
12.4468,6194
12.4476,6193
12.4485,6192
12.4494,6191
12.5096,6190
12.5105,6189
12.5114,6188
12.5123,6187
12.5132,6186
12.5141,6185
12.515,6184
12.5159,6183
12.5168,6182
12.5176,6181
12.5185,6180
12.5457,6179
12.5467,6178
12.5476,6177
12.5484,6176
12.5493,6175
12.5501,6174
12.551,6173
12.5518,6172
12.5553,6171
12.6101,6170
12.6111,6169
12.6119,6168
12.6128,6167
12.6137,6166
12.6146,6165
12.6154,6164
12.6163,6163
12.6172,6162
12.6181,6161
12.619,6160
12.6199,6159
12.6606,6158
12.6616,6157
12.6626,6156
12.6635,6155
12.6644,6154
12.6653,6153
12.6662,6152
12.6671,6151
12.7022,6150
12.7135,6149
12.7145,6148
12.7154,6147
12.7163,6146
12.7172,6145
12.7181,6144
12.719,6143
12.7199,6142
12.7212,6141
12.725,6140
12.7259,6139
12.7268,6138
12.7277,6137
12.7286,6136
12.7295,6135
12.7303,6134
12.7312,6133
12.7321,6132
12.733,6131
12.8366,6130
12.8376,6129
12.8385,6128
12.8394,6127
12.8405,6126
12.8415,6125
12.8424,6124
12.8433,6123
12.8442,6122
12.8451,6121
12.846,6120
12.879,6119
12.88,6118
12.8809,6117
12.8818,6116
12.8827,6115
12.8855,6114
12.8864,6113
12.8873,6112
12.8882,6111
12.9387,6110
12.9397,6109
12.9406,6108
12.9415,6107
12.9424,6106
12.9433,6105
12.9443,6104
12.9451,6103
12.946,6102
12.9469,6101
12.9479,6100
12.9979,6099
12.9988,6098
12.9997,6097
13.0006,6096
13.0015,6095
13.0024,6094
13.0033,6093
13.0042,6092
13.0051,6091
13.006,6090
13.0069,6089
13.0445,6088
13.0455,6087
13.0464,6086
13.0473,6085
13.0481,6084
13.049,6083
13.0691,6082
13.0701,6081
13.0734,6080
13.1086,6079
13.1096,6078
13.1106,6077
13.115,6076
13.1159,6075
13.1168,6074
13.1177,6073
13.1529,6072
13.1539,6071
13.1548,6070
13.1557,6069
13.1566,6068
13.1575,6067
13.1584,6066
13.1593,6065
13.1602,6064
13.1611,6063
13.162,6062
13.1628,6061
13.1847,6060
13.1856,6059
13.1865,6058
13.1874,6057
13.1883,6056
13.19,6055
13.1909,6054
13.1918,6053
13.1927,6052
13.1936,6051
13.1945,6050
13.2511,6049
13.252,6048
13.2529,6047
13.2537,6046
13.2546,6045
13.2555,6044
13.2563,6043
13.2572,6042
13.2581,6041
13.2589,6040
13.2598,6039
13.2991,6038
13.3,6037
13.3009,6036
13.3018,6035
13.3027,6034
13.3036,6033
13.3045,6032
13.3054,6031
13.3079,6030
13.3504,6029
13.3514,6028
13.3523,6027
13.3532,6026
13.3541,6025
13.355,6024
13.3558,6023
13.3567,6022
13.3576,6021
13.3585,6020
13.3594,6019
13.3602,6018
13.4185,6017
13.4195,6016
13.4204,6015
13.4212,6014
13.4221,6013
13.423,6012
13.4239,6011
13.4247,6010
13.4256,6009
13.5742,6008
13.5751,6007
13.5759,6006
13.5768,6005
13.5777,6004
13.5787,6003
13.5796,6002
13.5804,6001
13.5814,6000
13.5825,5999
13.5835,5998
13.5845,5997
13.5867,5996
13.5881,5995
13.5891,5994
13.6607,5993
13.6617,5992
13.6626,5991
13.666,5990
13.6676,5989
13.6734,5988
13.6743,5987
13.6752,5986
13.6761,5985
13.7474,5984
13.7483,5983
13.7493,5982
13.7502,5981
13.7511,5980
13.752,5979
13.7529,5978
13.7538,5977
13.7547,5976
13.7556,5975
13.7565,5974
13.7998,5973
13.8007,5972
13.8016,5971
13.8025,5970
13.8035,5969
13.8045,5968
13.8054,5967
13.8062,5966
13.8071,5965
13.808,5964
13.8091,5963
13.8485,5962
13.8494,5961
13.8503,5960
13.8532,5959
13.8541,5958
13.8549,5957
13.8558,5956
13.8567,5955
13.8576,5954
13.9003,5953
13.9012,5952
13.9023,5951
13.9032,5950
13.9041,5949
13.9049,5948
13.9058,5947
13.9066,5946
13.9075,5945
13.9083,5944
13.9092,5943
13.9505,5942
13.9514,5941
13.9558,5940
13.9566,5939
13.9575,5938
13.9583,5937
13.9592,5936
13.96,5935
14.0012,5934
14.0021,5933
14.003,5932
14.0038,5931
14.0047,5930
14.0055,5929
14.0064,5928
14.0072,5927
14.0081,5926
14.009,5925
14.0099,5924
14.0647,5923
14.0657,5922
14.0666,5921
14.0674,5920
14.0683,5919
14.0691,5918
14.07,5917
14.0708,5916
14.0717,5915
14.0725,5914
14.0734,5913
14.0742,5912
14.1133,5911
14.1142,5910
14.1151,5909
14.116,5908
14.1168,5907
14.1177,5906
14.1186,5905
14.1194,5904
14.1203,5903
14.1211,5902
14.122,5901
14.1587,5900
14.1596,5899
14.1605,5898
14.1613,5897
14.1622,5896
14.1631,5895
14.164,5894
14.1648,5893
14.1661,5892
14.1672,5891
14.1689,5890
14.2233,5889
14.2242,5888
14.2251,5887
14.2259,5886
14.2268,5885
14.2276,5884
14.2285,5883
14.2294,5882
14.2302,5881
14.2311,5880
14.232,5879
14.2328,5878
14.2739,5877
14.2748,5876
14.2756,5875
14.2765,5874
14.2773,5873
14.2782,5872
14.2791,5871
14.2799,5870
14.2808,5869
14.2817,5868
14.2826,5867
14.316,5866
14.3169,5865
14.3177,5864
14.3186,5863
14.3194,5862
14.3203,5861
14.3211,5860
14.3219,5859
14.3228,5858
14.3236,5857
14.3245,5856
14.3254,5855
14.3721,5854
14.3733,5853
14.3742,5852
14.375,5851
14.3759,5850
14.3768,5849
14.3776,5848
14.3785,5847
14.3794,5846
14.4534,5845
14.4544,5844
14.4552,5843
14.4561,5842
14.4569,5841
14.4578,5840
14.4587,5839
14.4595,5838
14.4604,5837
14.4613,5836
14.4622,5835
14.463,5834
14.5017,5833
14.5027,5832
14.5035,5831
14.5044,5830
14.5053,5829
14.5062,5828
14.507,5827
14.5079,5826
14.5088,5825
14.5096,5824
14.5105,5823
14.5515,5822
14.5524,5821
14.5533,5820
14.5542,5819
14.5551,5818
14.556,5817
14.5569,5816
14.5577,5815
14.5687,5814
14.5697,5813
14.5705,5812
14.5714,5811
14.6041,5810
14.6051,5809
14.606,5808
14.6069,5807
14.6077,5806
14.6086,5805
14.6094,5804
14.6103,5803
14.6111,5802
14.6784,5801
14.6915,5800
14.6924,5799
14.6933,5798
14.6959,5797
14.7368,5796
14.7378,5795
14.7387,5794
14.7396,5793
14.7405,5792
14.7414,5791
14.7423,5790
14.7433,5789
14.7443,5788
14.7455,5787
14.7466,5786
14.7866,5785
14.7893,5784
14.7902,5783
14.7911,5782
14.792,5781
14.7928,5780
14.7937,5779
14.7946,5778
14.7955,5777
14.848,5776
14.8507,5775
14.8515,5774
14.8524,5773
14.8533,5772
14.8542,5771
14.855,5770
14.8559,5769
14.8568,5768
14.8576,5767
14.9193,5766
14.9202,5765
14.9211,5764
14.9237,5763
14.9252,5762
14.928,5761
14.9289,5760
14.9298,5759
14.9307,5758
14.9699,5757
14.9708,5756
14.9717,5755
14.9726,5754
14.9736,5753
14.9745,5752
14.9754,5751
14.9763,5750
14.9772,5749
14.978,5748
14.9789,5747
15.0225,5746
15.0239,5745
15.0248,5744
15.0257,5743
15.0266,5742
15.0276,5741
15.0284,5740
15.0293,5739
15.0302,5738
15.0311,5737
15.032,5736
15.0575,5735
15.0584,5734
15.0613,5733
15.0622,5732
15.0631,5731
15.064,5730
15.0649,5729
15.0658,5728
15.0667,5727
15.1194,5726
15.1203,5725
15.1212,5724
15.1221,5723
15.123,5722
15.124,5721
15.1249,5720
15.1258,5719
15.1285,5718
15.1889,5717
15.1899,5716
15.1908,5715
15.1917,5714
15.1926,5713
15.1935,5712
15.1944,5711
15.1953,5710
15.1962,5709
15.1971,5708
15.198,5707
15.2464,5706
15.2473,5705
15.2482,5704
15.2491,5703
15.25,5702
15.251,5701
15.2518,5700
15.2527,5699
15.2538,5698
15.2547,5697
15.2556,5696
15.3002,5695
15.3011,5694
15.302,5693
15.3047,5692
15.3056,5691
15.3065,5690
15.3074,5689
15.3082,5688
15.3091,5687
15.31,5686
15.3868,5685
15.3877,5684
15.3886,5683
15.3895,5682
15.3903,5681
15.3912,5680
15.3921,5679
15.3929,5678
15.3938,5677
15.3947,5676
15.3956,5675
15.4332,5674
15.4346,5673
15.4355,5672
15.4363,5671
15.4372,5670
15.4381,5669
15.439,5668
15.4399,5667
15.4426,5666
15.4435,5665
15.4444,5664
15.4936,5663
15.4946,5662
15.4954,5661
15.4964,5660
15.4973,5659
15.4981,5658
15.499,5657
15.4998,5656
15.5007,5655
15.5015,5654
15.5024,5653
15.5032,5652
15.5479,5651
15.5488,5650
15.5497,5649
15.5506,5648
15.5515,5647
15.5523,5646
15.5532,5645
15.554,5644
15.5549,5643
15.5557,5642
15.5565,5641
15.6199,5640
15.6209,5639
15.6218,5638
15.6227,5637
15.6236,5636
15.6245,5635
15.6258,5634
15.6284,5633
15.6293,5632
15.6301,5631
15.6707,5630
15.6716,5629
15.6725,5628
15.6734,5627
15.676,5626
15.6769,5625
15.6796,5624
15.7337,5623
15.7364,5622
15.7372,5621
15.7381,5620
15.7389,5619
15.7398,5618
15.7407,5617
15.7415,5616
15.7887,5615
15.7952,5614
15.796,5613
15.7969,5612
15.7977,5611
15.8166,5610
15.8175,5609
15.8184,5608
15.8193,5607
15.8202,5606
15.8211,5605
15.822,5604
15.8228,5603
15.8237,5602
15.8246,5601
15.8255,5600
15.922,5599
15.9229,5598
15.9238,5597
15.9247,5596
15.9256,5595
15.9265,5594
15.9273,5593
15.9282,5592
15.9291,5591
15.9301,5590
15.9519,5589
15.9528,5588
15.9537,5587
15.9545,5586
15.9554,5585
15.9563,5584
15.9572,5583
15.958,5582
15.9589,5581
15.9597,5580
15.9606,5579
16.0259,5578
16.0269,5577
16.0277,5576
16.0286,5575
16.0295,5574
16.0303,5573
16.0312,5572
16.0337,5571
16.0871,5570
16.088,5569
16.0907,5568
16.0916,5567
16.0926,5566
16.0934,5565
16.0944,5564
16.1392,5563
16.142,5562
16.1428,5561
16.1437,5560
16.1446,5559
16.1455,5558
16.1464,5557
16.1472,5556
16.1481,5555
16.1489,5554
16.1904,5553
16.1916,5552
16.1925,5551
16.1935,5550
16.1944,5549
16.2287,5548
16.2295,5547
16.2304,5546
16.2312,5545
16.2553,5544
16.2561,5543
16.257,5542
16.2579,5541
16.2587,5540
16.2612,5539
16.2638,5538
16.305,5537
16.3059,5536
16.3068,5535
16.3097,5534
16.3122,5533
16.3131,5532
16.3139,5531
16.3607,5530
16.3616,5529
16.3625,5528
16.3633,5527
16.3676,5526
16.3685,5525
16.3694,5524
16.417,5523
16.4179,5522
16.4187,5521
16.4196,5520
16.4204,5519
16.4213,5518
16.4221,5517
16.423,5516
16.4238,5515
16.4709,5514
16.4735,5513
16.4743,5512
16.4768,5511
16.4777,5510
16.4785,5509
16.4793,5508
16.4802,5507
16.5331,5506
16.534,5505
16.5349,5504
16.5357,5503
16.5366,5502
16.5374,5501
16.5383,5500
16.5408,5499
16.5416,5498
16.5425,5497
16.5742,5496
16.5752,5495
16.576,5494
16.5769,5493
16.5777,5492
16.5786,5491
16.5794,5490
16.5803,5489
16.5811,5488
16.5824,5487
16.5832,5486
16.5841,5485
16.6355,5484
16.6365,5483
16.6374,5482
16.6382,5481
16.6391,5480
16.64,5479
16.6426,5478
16.6435,5477
16.6443,5476
16.6542,5475
16.6551,5474
16.6559,5473
16.6585,5472
16.6593,5471
16.6602,5470
16.661,5469
16.7013,5468
16.7021,5467
16.703,5466
16.7039,5465
16.7434,5464
16.7443,5463
16.7452,5462
16.7461,5461
16.795,5460
16.7959,5459
16.7985,5458
16.7994,5457
16.8002,5456
16.8011,5455
16.8019,5454
16.8455,5453
16.8464,5452
16.8473,5451
16.8482,5450
16.8491,5449
16.8499,5448
16.8508,5447
16.8516,5446
16.8525,5445
16.8533,5444
16.8542,5443
16.8551,5442
16.896,5441
16.897,5440
16.8979,5439
16.8987,5438
16.9013,5437
16.9022,5436
16.9031,5435
16.9039,5434
16.9048,5433
16.9504,5432
16.9546,5431
16.9556,5430
16.9565,5429
16.9574,5428
16.9583,5427
16.9592,5426
16.96,5425
16.9609,5424
16.9618,5423
16.9626,5422
16.9635,5421
17.0116,5420
17.0126,5419
17.0134,5418
17.0143,5417
17.0152,5416
17.0163,5415
17.0172,5414
17.0181,5413
17.0189,5412
17.0199,5411
17.0207,5410
17.052,5409
17.0529,5408
17.054,5407
17.0549,5406
17.056,5405
17.057,5404
17.0579,5403
17.0588,5402
17.0596,5401
17.0606,5400
17.0617,5399
17.1126,5398
17.1135,5397
17.1163,5396
17.1172,5395
17.1181,5394
17.119,5393
17.1198,5392
17.1207,5391
17.1216,5390
17.1648,5389
17.1657,5388
17.1666,5387
17.1675,5386
17.1684,5385
17.1694,5384
17.1703,5383
17.1712,5382
17.172,5381
17.1729,5380
17.175,5379
17.229,5378
17.23,5377
17.2309,5376
17.2318,5375
17.2327,5374
17.2336,5373
17.2345,5372
17.237,5371
17.2379,5370
17.2835,5369
17.2845,5368
17.286,5367
17.287,5366
17.2929,5365
17.2938,5364
17.337,5363
17.3379,5362
17.3388,5361
17.3397,5360
17.3405,5359
17.3415,5358
17.3458,5357
17.391,5356
17.3937,5355
17.3952,5354
17.3962,5353
17.3988,5352
17.3996,5351
17.4005,5350
17.4013,5349
17.4284,5348
17.4293,5347
17.4302,5346
17.4318,5345
17.4327,5344
17.4337,5343
17.4347,5342
17.4373,5341
17.4381,5340
17.4798,5339
17.4807,5338
17.4816,5337
17.4825,5336
17.4834,5335
17.4842,5334
17.4851,5333
17.4859,5332
17.5357,5331
17.5365,5330
17.5374,5329
17.5382,5328
17.5391,5327
17.5399,5326
17.5408,5325
17.5416,5324
17.5425,5323
17.5433,5322
17.5443,5321
17.6032,5320
17.6041,5319
17.605,5318
17.6076,5317
17.6085,5316
17.611,5315
17.6119,5314
17.6584,5313
17.6592,5312
17.6601,5311
17.6609,5310
17.6618,5309
17.6626,5308
17.6899,5307
17.6925,5306
17.6934,5305
17.6942,5304
17.6967,5303
17.6975,5302
17.7385,5301
17.7394,5300
17.7402,5299
17.741,5298
17.7419,5297
17.7427,5296
17.7435,5295
17.746,5294
17.7468,5293
17.7615,5292
17.7641,5291
17.8638,5290
17.8647,5289
17.8655,5288
17.8664,5287
17.9077,5286
17.9086,5285
17.9094,5284
17.9119,5283
17.9128,5282
17.9136,5281
17.9145,5280
17.9155,5279
17.9164,5278
17.9584,5277
17.9593,5276
17.9601,5275
17.961,5274
17.9618,5273
17.9627,5272
17.9635,5271
17.9644,5270
17.9653,5269
17.9661,5268
18.0117,5267
18.0127,5266
18.0135,5265
18.0162,5264
18.017,5263
18.0179,5262
18.0187,5261
18.0196,5260
18.0204,5259
18.0213,5258
18.0687,5257
18.0696,5256
18.0705,5255
18.0714,5254
18.073,5253
18.0744,5252
18.0753,5251
18.0763,5250
18.0771,5249
18.1246,5248
18.1254,5247
18.1263,5246
18.1288,5245
18.1297,5244
18.1305,5243
18.1313,5242
18.176,5241
18.1769,5240
18.1778,5239
18.1786,5238
18.1794,5237
18.1803,5236
18.1811,5235
18.182,5234
18.1828,5233
18.1836,5232
18.2317,5231
18.2326,5230
18.2335,5229
18.2343,5228
18.2368,5227
18.2377,5226
18.2385,5225
18.2394,5224
18.2402,5223
18.2871,5222
18.2879,5221
18.2888,5220
18.3349,5219
18.3358,5218
18.3366,5217
18.3375,5216
18.3383,5215
18.3408,5214
18.3416,5213
18.3635,5212
18.3643,5211
18.379,5210
18.3817,5209
18.3825,5208
18.3834,5207
18.3843,5206
18.3851,5205
18.4299,5204
18.4308,5203
18.4317,5202
18.4325,5201
18.4334,5200
18.4342,5199
18.4351,5198
18.4361,5197
18.4387,5196
18.4396,5195
18.4923,5194
18.4933,5193
18.4941,5192
18.495,5191
18.4958,5190
18.4967,5189
18.4976,5188
18.4984,5187
18.4993,5186
18.5001,5185
18.501,5184
18.5427,5183
18.5437,5182
18.5465,5181
18.5473,5180
18.5482,5179
18.549,5178
18.5499,5177
18.5507,5176
18.5516,5175
18.5524,5174
18.588,5173
18.5889,5172
18.5897,5171
18.594,5170
18.5967,5169
18.5975,5168
18.5984,5167
18.5992,5166
18.6414,5165
18.6423,5164
18.6432,5163
18.646,5162
18.6468,5161
18.6493,5160
18.6931,5159
18.694,5158
18.6948,5157
18.6957,5156
18.6966,5155
18.7008,5154
18.7017,5153
18.761,5152
18.7619,5151
18.7628,5150
18.7637,5149
18.7645,5148
18.7654,5147
18.7662,5146
18.7671,5145
18.7679,5144
18.801,5143
18.8019,5142
18.8028,5141
18.8036,5140
18.8045,5139
18.8053,5138
18.8078,5137
18.8087,5136
18.8615,5135
18.864,5134
18.9078,5133
18.9087,5132
18.9095,5131
18.9104,5130
18.9112,5129
18.9121,5128
18.9129,5127
18.9138,5126
18.9146,5125
18.9687,5124
18.9696,5123
18.9705,5122
18.9713,5121
18.9722,5120
18.9731,5119
18.9739,5118
18.9748,5117
18.9756,5116
18.9765,5115
19.0204,5114
19.0213,5113
19.0239,5112
19.0265,5111
19.0274,5110
19.0719,5109
19.0727,5108
19.0736,5107
19.0767,5106
19.0805,5105
19.0846,5104
19.0857,5103
19.0866,5102
19.0875,5101
19.0884,5100
19.0902,5099
19.0911,5098
19.0924,5097
19.1959,5096
19.1967,5095
19.1976,5094
19.1985,5093
19.1993,5092
19.2019,5091
19.2081,5090
19.209,5089
19.2115,5088
19.2123,5087
19.2132,5086
19.2553,5085
19.2562,5084
19.2572,5083
19.2637,5082
19.2646,5081
19.3137,5080
19.3147,5079
19.3175,5078
19.3184,5077
19.3192,5076
19.3201,5075
19.321,5074
19.3218,5073
19.3227,5072
19.3236,5071
19.3643,5070
19.3652,5069
19.3661,5068
19.3671,5067
19.3679,5066
19.3688,5065
19.3696,5064
19.4149,5063
19.4158,5062
19.4167,5061
19.4176,5060
19.4743,5059
19.4752,5058
19.4765,5057
19.4774,5056
19.4783,5055
19.4792,5054
19.4801,5053
19.5287,5052
19.5296,5051
19.5305,5050
19.5313,5049
19.5356,5048
19.5364,5047
19.5373,5046
19.5381,5045
19.5791,5044
19.5801,5043
19.5826,5042
19.5834,5041
19.586,5040
19.5869,5039
19.5878,5038
19.5887,5037
19.6325,5036
19.6333,5035
19.6342,5034
19.6351,5033
19.636,5032
19.7003,5031
19.7012,5030
19.702,5029
19.7029,5028
19.7037,5027
19.7046,5026
19.7054,5025
19.7079,5024
19.7087,5023
19.7096,5022
19.7592,5021
19.7636,5020
19.7645,5019
19.7653,5018
19.7662,5017
19.7671,5016
19.7679,5015
19.7688,5014
19.8141,5013
19.8149,5012
19.8158,5011
19.8167,5010
19.8192,5009
19.8684,5008
19.8693,5007
19.8701,5006
19.871,5005
19.8751,5004
19.876,5003
19.927,5002
19.9316,5001
19.9324,5000
19.9332,4999
19.9357,4998
19.9742,4997
19.9751,4996
19.9761,4995
19.9771,4994
19.978,4993
19.981,4992
19.9819,4991
19.9828,4990
20.0359,4989
20.0368,4988
20.0377,4987
20.0385,4986
20.0411,4985
20.1165,4984
20.1191,4983
20.1199,4982
20.1208,4981
20.1217,4980
20.1225,4979
20.1234,4978
20.1242,4977
20.1251,4976
20.1261,4975
20.1768,4974
20.1777,4973
20.1787,4972
20.1796,4971
20.1804,4970
20.1813,4969
20.1822,4968
20.2356,4967
20.2364,4966
20.2373,4965
20.2382,4964
20.2408,4963
20.2417,4962
20.2898,4961
20.2907,4960
20.2916,4959
20.296,4958
20.2968,4957
20.2977,4956
20.2986,4955
20.3389,4954
20.3397,4953
20.3405,4952
20.343,4951
20.3457,4950
20.3938,4949
20.3947,4948
20.3955,4947
20.3964,4946
20.3972,4945
20.3981,4944
20.3989,4943
20.404,4942
20.405,4941
20.4466,4940
20.4476,4939
20.4501,4938
20.4864,4937
20.4926,4936
20.496,4935
20.5569,4934
20.5577,4933
20.5585,4932
20.5594,4931
20.6249,4930
20.6257,4929
20.6266,4928
20.6274,4927
20.6282,4926
20.6291,4925
20.6299,4924
20.6324,4923
20.6333,4922
20.6703,4921
20.676,4920
20.6769,4919
20.6777,4918
20.7212,4917
20.7221,4916
20.723,4915
20.7238,4914
20.7247,4913
20.7255,4912
20.728,4911
20.7304,4910
20.7758,4909
20.7767,4908
20.7793,4907
20.7801,4906
20.7809,4905
20.7834,4904
20.7842,4903
20.785,4902
20.8512,4901
20.8521,4900
20.877,4899
20.8814,4898
20.9059,4897
20.9068,4896
20.9077,4895
20.9085,4894
20.9093,4893
20.9119,4892
20.9127,4891
20.9136,4890
20.9144,4889
20.9555,4888
20.9564,4887
20.9572,4886
20.9598,4885
20.9607,4884
21.0303,4883
21.0313,4882
21.0334,4881
21.0343,4880
21.0352,4879
21.0361,4878
21.037,4877
21.0379,4876
21.0387,4875
21.0396,4874
21.0883,4873
21.0892,4872
21.0901,4871
21.0977,4870
21.1378,4869
21.1386,4868
21.1918,4867
21.1944,4866
21.1953,4865
21.1961,4864
21.292,4863
21.3445,4862
21.3454,4861
21.3492,4860
21.3506,4859
21.3515,4858
21.3524,4857
21.3532,4856
21.354,4855
21.3549,4854
21.3628,4853
21.3638,4852
21.3663,4851
21.3706,4850
21.4492,4849
21.4518,4848
21.5313,4847
21.5323,4846
21.5331,4845
21.534,4844
21.5349,4843
21.5358,4842
21.5367,4841
21.6007,4840
21.6016,4839
21.6042,4838
21.6051,4837
21.6059,4836
21.6067,4835
21.6076,4834
21.6084,4833
21.6093,4832
21.6326,4831
21.6334,4830
21.6359,4829
21.6368,4828
21.6394,4827
21.6765,4826
21.6807,4825
21.6819,4824
21.6828,4823
21.6836,4822
21.7628,4821
21.7636,4820
21.7662,4819
21.767,4818
21.7696,4817
21.7704,4816
21.8136,4815
21.8145,4814
21.817,4813
21.8179,4812
21.8649,4811
21.8657,4810
21.8666,4809
21.8674,4808
21.8734,4807
21.9148,4806
21.9157,4805
21.9166,4804
21.9192,4803
21.9201,4802
21.9209,4801
21.9217,4800
21.9226,4799
21.9234,4798
21.9242,4797
21.9657,4796
21.9667,4795
21.9676,4794
21.9684,4793
21.9693,4792
21.9702,4791
21.971,4790
22.0219,4789
22.0245,4788
22.0254,4787
22.0263,4786
22.0271,4785
22.028,4784
22.0289,4783
22.0297,4782
22.0991,4781
22.1,4780
22.1064,4779
22.1073,4778
22.1081,4777
22.109,4776
22.1267,4775
22.1275,4774
22.1284,4773
22.1358,4772
22.1367,4771
22.2225,4770
22.2243,4769
22.3265,4768
22.3274,4767
22.3283,4766
22.3291,4765
22.3299,4764
22.3308,4763
22.3316,4762
22.3324,4761
22.3333,4760
22.3699,4759
22.3708,4758
22.3783,4757
22.3792,4756
22.3801,4755
22.3809,4754
22.3834,4753
22.3843,4752
22.4831,4751
22.4839,4750
22.4864,4749
22.4873,4748
22.4881,4747
22.4889,4746
22.5441,4745
22.545,4744
22.5458,4743
22.5479,4742
22.7085,4741
22.7094,4740
22.7103,4739
22.7112,4738
22.791,4737
22.846,4736
22.8485,4735
22.8494,4734
22.8502,4733
22.851,4732
22.8733,4731
22.8742,4730
22.9588,4729
22.9633,4728
22.966,4727
22.9676,4726
22.9684,4725
23.015,4724
23.0159,4723
23.0168,4722
23.0177,4721
23.0185,4720
23.0193,4719
23.0202,4718
23.0226,4717
23.0767,4716
23.0776,4715
23.0802,4714
23.0828,4713
23.0837,4712
23.0878,4711
23.1361,4710
23.1424,4709
23.144,4708
23.1589,4707
23.1638,4706
23.1655,4705
23.1724,4704
23.1807,4703
23.1845,4702
23.189,4701
23.3193,4700
23.3236,4699
23.326,4698
23.3269,4697
23.3682,4696
23.3708,4695
23.3716,4694
23.4036,4693
23.4044,4692
23.4068,4691
23.4097,4690
23.4122,4689
23.4131,4688
23.4357,4687
23.5325,4686
23.5357,4685
23.5375,4684
23.5384,4683
23.5707,4682
23.5716,4681
23.6654,4680
23.7188,4679
23.7213,4678
23.7222,4677
23.723,4676
23.7726,4675
23.8199,4674
23.8208,4673
23.8216,4672
23.8226,4671
23.8239,4670
23.9488,4669
23.9504,4668
23.9513,4667
23.9522,4666
23.9548,4665
23.956,4664
23.9597,4663
23.9607,4662
23.9622,4661
23.9635,4660
23.9644,4659
23.9694,4658
24.0683,4657
24.1215,4656
24.1223,4655
24.1232,4654
24.1542,4653
24.1551,4652
24.2276,4651
24.3023,4650
24.3048,4649
24.3056,4648
24.3064,4647
24.3073,4646
24.352,4645
24.3529,4644
24.3554,4643
24.3562,4642
24.357,4641
24.3579,4640
24.3871,4639
24.3879,4638
24.3903,4637
24.3929,4636
24.4482,4635
24.454,4634
24.4548,4633
24.4557,4632
24.4565,4631
24.545,4630
24.5459,4629
24.5502,4628
24.615,4627
24.6158,4626
24.6167,4625
24.6176,4624
24.619,4623
24.6198,4622
24.6207,4621
24.6215,4620
24.6223,4619
24.6231,4618
24.6239,4617
24.66,4616
24.6609,4615
24.6618,4614
24.6626,4613
24.6635,4612
24.6643,4611
24.6652,4610
24.6694,4609
24.7108,4608
24.7149,4607
24.7158,4606
24.9114,4605
24.9122,4604
24.9147,4603
24.9155,4602
25.4733,4601
25.4759,4600
25.4818,4599
25.5718,4598
25.5762,4597
25.5771,4596
25.6856,4595
25.6865,4594
25.6873,4593
25.6882,4592
25.6907,4591
25.6915,4590
25.7334,4589
25.7376,4588
25.7385,4587
25.7394,4586
25.7402,4585
25.7411,4584
25.7452,4583
25.7461,4582
25.7777,4581
25.9075,4580
26.0366,4579
26.0375,4578
26.0892,4577
26.09,4576
26.0909,4575
26.2062,4574
26.4294,4573
26.4322,4572
26.4733,4571
26.4742,4570
26.5266,4569
26.5877,4568
26.5919,4567
26.6382,4566
26.639,4565
26.6399,4564
26.6431,4563
26.839,4562
26.8398,4561
26.8423,4560
26.8431,4559
26.844,4558
26.9496,4557
26.9856,4556
26.9866,4555
27.0432,4554
27.1217,4553
27.2795,4552
27.3042,4551
27.3536,4550
27.3562,4549
27.3571,4548
27.3579,4547
27.3587,4546
27.408,4545
27.4105,4544
27.4575,4543
27.4616,4542
29.2098,4541
29.2107,4540
29.2115,4539
29.2123,4538
29.2131,4537
29.2156,4536
29.3671,4535
29.3734,4534
29.3743,4533
29.3751,4532
29.376,4531
29.4294,4530
29.4336,4529
29.4345,4528
29.4972,4527
29.4981,4526
29.6574,4525
29.726,4524
29.727,4523
29.7278,4522
29.7287,4521
29.7295,4520
29.7303,4519
29.7311,4518
29.732,4517
29.7328,4516
29.7337,4515
29.888,4514
29.8888,4513
29.8897,4512
30.0547,4511
30.0556,4510
30.0565,4509
30.0606,4508
30.0614,4507
30.0738,4506
30.0747,4505
30.0755,4504
30.0764,4503
30.0773,4502
30.0781,4501
30.08,4500
30.0834,4499
30.0843,4498
30.2306,4497
30.2316,4496
30.2345,4495
30.2371,4494
30.2379,4493
30.2388,4492
30.5966,4491
30.6485,4490
30.6493,4489
30.6502,4488
30.6526,4487
30.797,4486
30.8343,4485
30.9041,4484
30.9066,4483
32.0879,4482
32.6065,4481
32.721,4480
32.7219,4479
32.7227,4478
33.9596,4477
33.9624,4476
34.011,4475
34.081,4474
34.0819,4473
34.194,4472
34.1949,4471
35.3385,4470
35.3693,4469
35.3702,4468
35.371,4467
35.4274,4466
35.4283,4465
35.4294,4464
35.4303,4463
35.9758,4462
35.9767,4461
36.0235,4460
36.0314,4459
36.0323,4458
36.0348,4457
36.0372,4456
36.2774,4455
36.2782,4454
36.279,4453
36.3035,4452
36.3044,4451
36.3052,4450
36.3061,4449
37.0376,4448
37.0385,4447
37.1503,4446
37.153,4445
37.1572,4444
37.219,4443
37.2199,4442
37.2225,4441
37.2865,4440
37.2874,4439
37.2882,4438
37.2907,4437
37.3378,4436
37.3438,4435
39.8437,4434
40.1726,4433
40.1734,4432
40.1742,4431
40.4036,4430
40.4044,4429
40.4053,4428
40.411,4427
40.4641,4426
40.465,4425
40.5309,4424
40.5931,4423
44.561,4422
44.5619,4421
44.7753,4420
44.9253,4419
44.9278,4418
44.9289,4417
45.0064,4416
45.951,4415
46.0647,4414
46.6874,4413
46.7859,4412
46.7868,4411
46.7878,4410
46.7887,4409
46.7913,4408
46.7921,4407
46.8524,4406
46.8532,4405
46.8543,4404
46.8568,4403
46.8577,4402
46.921,4401
47.5426,4400
47.5435,4399
47.7267,4398
48.2747,4397
48.5943,4396
50.0464,4395
50.1749,4394
50.2336,4393
50.3639,4392
50.3664,4391
50.3672,4390
50.7907,4389
50.7983,4388
50.8317,4387
51.2655,4386
51.73,4385
51.7309,4384
51.7559,4383
51.7568,4382
51.7577,4381
51.8363,4380
52.7742,4379
53.5613,4378
53.5622,4377
53.563,4376
53.6078,4375
53.6087,4374
59.1822,4373
59.2775,4372
59.6339,4371
59.6348,4370
59.6406,4369
59.6415,4368
61.586,4367
61.5874,4366
61.5884,4365
61.5893,4364
61.5935,4363
61.6526,4362
61.6556,4361
61.6617,4360
62.3936,4359
62.3961,4358
62.3972,4357
62.3982,4356
62.4422,4355
62.4778,4354
62.4787,4353
62.4796,4352
62.4804,4351
62.4812,4350
62.482,4349
62.5101,4348
62.5111,4347
63.2117,4346
70.4154,4345
70.4165,4344
70.4173,4343
70.4182,4342
70.4756,4341
70.4769,4340
70.4778,4339
70.617,4338
70.6179,4337
70.6188,4336
70.6765,4335
70.7215,4334
70.7224,4333
70.7233,4332
70.7242,4331
70.7251,4330
70.7259,4329
70.7268,4328
70.7276,4327
70.7301,4326
70.731,4325
76.9883,4324
77.0372,4323
77.0857,4322
77.0866,4321
77.1214,4320
77.1521,4319
77.153,4318
77.2545,4317
77.2554,4316
77.2579,4315
77.3087,4314
77.3096,4313
77.3122,4312
77.3164,4311
77.3529,4310
77.3543,4309
77.3569,4308
77.3577,4307
77.4641,4306
77.4668,4305
77.4676,4304
77.4684,4303
77.4727,4302
77.5159,4301
77.5201,4300
77.521,4299
77.5817,4298
77.5826,4297
77.5834,4296
77.5859,4295
79.0472,4294
79.0513,4293
79.1043,4292
79.1052,4291
79.167,4290
82.1991,4289
82.8224,4288
82.8233,4287
82.8241,4286
82.8532,4285
82.854,4284
82.8549,4283
82.8559,4282
82.8567,4281
82.8575,4280
82.86,4279
91.4798,4278
94.4428,4277
94.4441,4276
94.4449,4275
94.4458,4274
94.4466,4273
94.5077,4272
94.5086,4271
94.5094,4270
94.5103,4269
94.5111,4268
94.5137,4267
94.5145,4266
94.6336,4265
94.6397,4264
94.6406,4263
94.6949,4262
94.6958,4261
94.7682,4260
94.7691,4259
94.7715,4258
94.8866,4257
96.4327,4256
96.4336,4255
96.4344,4254
96.9171,4253
96.9197,4252
97.0321,4251
97.0346,4250
98.2115,4249
98.2124,4248
98.2132,4247
98.2141,4246
98.2149,4245
98.2644,4244
98.2652,4243
98.266,4242
98.2668,4241
98.2677,4240
98.3182,4239
98.3191,4238
98.7951,4237
101.75,4236
101.865,4235
101.998,4234
102,4233
103.872,4232
103.873,4231
104.278,4230
104.301,4229
104.302,4228
104.373,4227
104.374,4226
104.375,4225
104.453,4224
104.457,4223
104.458,4222
104.459,4221
104.519,4220
104.52,4219
104.52,4218
104.521,4217
104.557,4216
104.557,4215
104.558,4214
104.559,4213
104.562,4212
104.562,4211
104.629,4210
104.63,4209
106.279,4208
116.215,4207
116.258,4206
116.26,4205
116.261,4204
116.374,4203
116.375,4202
117.69,4201
129.248,4200
129.249,4199
129.25,4198
129.25,4197
129.251,4196
129.434,4195
129.435,4194
129.511,4193
129.511,4192
129.514,4191
129.515,4190
129.558,4189
131.741,4188
131.742,4187
131.746,4186
131.816,4185
131.819,4184
131.821,4183
133.721,4182
133.722,4181
133.724,4180
133.775,4179
133.776,4178
135.043,4177
135.1,4176
135.161,4175
135.164,4174
135.168,4173
135.22,4172
135.951,4171
135.951,4170
136.877,4169
136.878,4168
136.879,4167
136.88,4166
136.923,4165
136.927,4164
140.047,4163
140.051,4162
140.385,4161
140.429,4160
140.596,4159
140.596,4158
140.597,4157
140.598,4156
144.752,4155
144.785,4154
144.786,4153
144.787,4152
144.789,4151
144.79,4150
144.792,4149
144.793,4148
144.794,4147
144.798,4146
144.865,4145
144.983,4144
144.984,4143
144.985,4142
145.06,4141
145.063,4140
145.068,4139
145.244,4138
145.248,4137
145.249,4136
145.252,4135
145.294,4134
145.297,4133
145.298,4132
145.299,4131
145.3,4130
145.3,4129
145.301,4128
145.371,4127
145.474,4126
145.475,4125
145.481,4124
145.531,4123
200.579,4122
209.631,4121
209.854,4120
209.854,4119
209.857,4118
210.066,4117
210.067,4116
210.071,4115
210.072,4114
218.231,4113
218.232,4112
218.303,4111
218.43,4110
218.438,4109
306.872,4108
306.891,4107
428.269,4106
428.347,4105
439.392,4104
467.599,4103
467.6,4102
467.601,4101
467.665,4100
467.666,4099
467.67,4098
468.402,4097
468.476,4096
468.477,4095
468.478,4094
468.548,4093
1568.31,4092
1568.34,4091
1568.34,4090
2334.49,4089
2365.29,4088
2458.5,4087
2459.19,4086
2620.03,4085
2620.09,4084
2816.14,4083
2816.35,4082
2816.35,4081
2816.72,4080
