0.0150973,8360
0.0161639,8359
0.017168,8358
0.0181615,8357
0.0191493,8356
0.0201341,8355
0.0211169,8354
0.0221007,8353
0.0230812,8352
0.024056,8351
0.0848304,8350
0.0858595,8349
0.0868715,8348
0.0878735,8347
0.0888628,8346
0.0898499,8345
0.0908345,8344
0.0919349,8343
0.092914,8342
0.0938879,8341
0.16658,8340
0.167712,8339
0.168793,8338
0.171251,8337
0.172254,8336
0.173247,8335
0.17424,8334
0.175245,8333
0.176374,8332
0.177364,8331
0.215898,8330
0.216918,8329
0.217917,8328
0.218915,8327
0.21991,8326
0.220901,8325
0.221886,8324
0.222864,8323
0.223838,8322
0.224811,8321
0.276708,8320
0.277731,8319
0.278746,8318
0.279741,8317
0.280773,8316
0.281818,8315
0.282807,8314
0.283787,8313
0.284769,8312
0.285747,8311
0.327548,8310
0.3286,8309
0.329604,8308
0.330597,8307
0.331585,8306
0.332567,8305
0.333546,8304
0.334523,8303
0.376548,8302
0.377586,8301
0.389263,8300
0.390275,8299
0.391273,8298
0.392266,8297
0.393249,8296
0.394227,8295
0.395206,8294
0.396208,8293
0.397184,8292
0.398816,8291
0.440743,8290
0.441802,8289
0.442798,8288
0.44379,8287
0.444776,8286
0.445781,8285
0.446763,8284
0.447742,8283
0.448716,8282
0.449693,8281
0.50178,8280
0.502805,8279
0.50428,8278
0.505275,8277
0.506292,8276
0.50729,8275
0.508268,8274
0.509247,8273
0.510222,8272
0.511191,8271
0.565712,8270
0.566764,8269
0.567771,8268
0.568762,8267
0.569755,8266
0.570746,8265
0.571727,8264
0.572704,8263
0.573681,8262
0.574648,8261
0.596154,8260
0.597175,8259
0.598173,8258
0.599162,8257
0.600148,8256
0.60113,8255
0.602196,8254
0.603186,8253
0.604168,8252
0.605139,8251
0.627289,8250
0.628375,8249
0.629369,8248
0.630362,8247
0.631349,8246
0.632329,8245
0.633308,8244
0.634297,8243
0.635269,8242
0.636265,8241
0.736141,8240
0.737161,8239
0.738158,8238
0.739144,8237
0.740125,8236
0.741108,8235
0.742084,8234
0.743055,8233
0.744029,8232
0.744997,8231
0.745957,8230
0.798517,8229
0.799515,8228
0.800486,8227
0.801424,8226
0.802358,8225
0.803291,8224
0.804212,8223
0.805132,8222
0.806054,8221
0.806984,8220
0.84666,8219
0.847678,8218
0.848661,8217
0.849632,8216
0.850586,8215
0.851534,8214
0.852467,8213
0.853398,8212
0.854328,8211
0.855256,8210
0.856227,8209
0.857193,8208
0.858132,8207
0.859077,8206
0.86,8205
0.860927,8204
0.861884,8203
0.86282,8202
0.863766,8201
0.864734,8200
0.86567,8199
0.952687,8198
0.953706,8197
0.954727,8196
0.95615,8195
0.957216,8194
0.9582,8193
0.959176,8192
0.960152,8191
0.961124,8190
0.962091,8189
1.00708,8188
1.0081,8187
1.00908,8186
1.01005,8185
1.01102,8184
1.01198,8183
1.01293,8182
1.01387,8181
1.01481,8180
1.01583,8179
1.01682,8178
1.0631,8177
1.06412,8176
1.06511,8175
1.0661,8174
1.06752,8173
1.06852,8172
1.06949,8171
1.07046,8170
1.07143,8169
1.07349,8168
1.10417,8167
1.1052,8166
1.10621,8165
1.10722,8164
1.10822,8163
1.10919,8162
1.11017,8161
1.11114,8160
1.1121,8159
1.11306,8158
1.16515,8157
1.16652,8156
1.16817,8155
1.16917,8154
1.17016,8153
1.17114,8152
1.17212,8151
1.17312,8150
1.17409,8149
1.17506,8148
1.24161,8147
1.24261,8146
1.2436,8145
1.24458,8144
1.24555,8143
1.24652,8142
1.24749,8141
1.24845,8140
1.24941,8139
1.25036,8138
1.28824,8137
1.28925,8136
1.29022,8135
1.29118,8134
1.29214,8133
1.29309,8132
1.29405,8131
1.295,8130
1.29594,8129
1.29688,8128
1.29783,8127
1.33952,8126
1.34053,8125
1.34151,8124
1.34248,8123
1.34344,8122
1.34441,8121
1.36624,8120
1.36725,8119
1.36826,8118
1.36924,8117
1.39613,8116
1.3972,8115
1.39821,8114
1.3992,8113
1.40018,8112
1.40115,8111
1.40212,8110
1.40309,8109
1.40406,8108
1.40502,8107
1.44802,8106
1.44901,8105
1.44997,8104
1.45094,8103
1.4519,8102
1.45285,8101
1.4538,8100
1.45475,8099
1.4557,8098
1.45665,8097
1.49999,8096
1.50102,8095
1.50201,8094
1.50299,8093
1.50407,8092
1.50505,8091
1.50603,8090
1.50699,8089
1.50796,8088
1.50893,8087
1.56243,8086
1.56387,8085
1.56497,8084
1.61597,8083
1.61708,8082
1.61807,8081
1.61905,8080
1.62002,8079
1.62099,8078
1.62196,8077
1.65827,8076
1.6593,8075
1.66032,8074
1.66131,8073
1.66229,8072
1.66327,8071
1.66424,8070
1.6652,8069
1.66617,8068
1.66713,8067
1.70858,8066
1.70959,8065
1.71057,8064
1.71154,8063
1.7125,8062
1.71344,8061
1.71441,8060
1.71537,8059
1.71631,8058
1.71726,8057
1.71824,8056
1.76523,8055
1.76625,8054
1.76723,8053
1.7682,8052
1.76915,8051
1.77009,8050
1.77105,8049
1.77199,8048
1.77294,8047
1.77389,8046
1.86112,8045
1.86214,8044
1.8631,8043
1.86404,8042
1.86498,8041
1.86592,8040
1.86685,8039
1.86781,8038
1.86875,8037
1.86971,8036
1.87063,8035
1.92117,8034
1.92211,8033
1.92308,8032
1.92405,8031
1.92499,8030
1.92593,8029
1.9269,8028
1.92783,8027
1.92877,8026
1.92973,8025
1.97154,8024
1.97256,8023
1.9736,8022
1.97453,8021
1.97546,8020
1.9764,8019
1.97735,8018
1.97829,8017
1.97923,8016
1.98017,8015
1.98112,8014
2.04361,8013
2.04463,8012
2.0458,8011
2.04676,8010
2.04778,8009
2.04879,8008
2.04976,8007
2.05069,8006
2.05164,8005
2.05259,8004
2.10737,8003
2.10847,8002
2.10947,8001
2.11045,8000
2.11142,7999
2.11239,7998
2.11336,7997
2.11438,7996
2.11534,7995
2.11631,7994
2.1511,7993
2.15213,7992
2.15313,7991
2.15416,7990
2.15516,7989
2.15615,7988
2.15714,7987
2.15812,7986
2.15908,7985
2.16007,7984
2.20178,7983
2.20279,7982
2.20378,7981
2.20523,7980
2.20621,7979
2.20722,7978
2.20821,7977
2.20918,7976
2.21015,7975
2.2111,7974
2.31929,7973
2.32029,7972
2.32128,7971
2.32227,7970
2.32326,7969
2.32423,7968
2.32523,7967
2.32631,7966
2.32729,7965
2.32826,7964
2.32922,7963
2.34975,7962
2.35079,7961
2.35179,7960
2.35276,7959
2.35379,7958
2.35477,7957
2.35574,7956
2.35671,7955
2.35767,7954
2.35863,7953
2.42877,7952
2.42977,7951
2.43075,7950
2.43173,7949
2.4327,7948
2.43366,7947
2.43462,7946
2.43578,7945
2.4368,7944
2.43779,7943
2.49625,7942
2.49731,7941
2.4983,7940
2.49928,7939
2.50025,7938
2.50121,7937
2.50218,7936
2.50314,7935
2.5041,7934
2.50506,7933
2.52855,7932
2.52955,7931
2.53054,7930
2.53149,7929
2.53243,7928
2.5334,7927
2.53435,7926
2.53532,7925
2.53633,7924
2.53731,7923
2.58622,7922
2.58723,7921
2.58823,7920
2.58922,7919
2.59019,7918
2.59117,7917
2.59214,7916
2.5931,7915
2.59405,7914
2.595,7913
2.59597,7912
2.65921,7911
2.6602,7910
2.66118,7909
2.66215,7908
2.66312,7907
2.66417,7906
2.66513,7905
2.6661,7904
2.66708,7903
2.66805,7902
2.70606,7901
2.70708,7900
2.70815,7899
2.70914,7898
2.71012,7897
2.71109,7896
2.71205,7895
2.71301,7894
2.71397,7893
2.71492,7892
2.75159,7891
2.75259,7890
2.75357,7889
2.75454,7888
2.75552,7887
2.7565,7886
2.75751,7885
2.75847,7884
2.75943,7883
2.76037,7882
2.80973,7881
2.81072,7880
2.81168,7879
2.81265,7878
2.81361,7877
2.81461,7876
2.81557,7875
2.81652,7874
2.8175,7873
2.8185,7872
2.81948,7871
2.85093,7870
2.85192,7869
2.85289,7868
2.85388,7867
2.85484,7866
2.8558,7865
2.87678,7864
2.87779,7863
2.87878,7862
2.87981,7861
2.89888,7860
2.89987,7859
2.90085,7858
2.90182,7857
2.90277,7856
2.90373,7855
2.90468,7854
2.90561,7853
2.90656,7852
2.9075,7851
2.95738,7850
2.95837,7849
2.95933,7848
2.96028,7847
2.96124,7846
2.96217,7845
2.9631,7844
2.96404,7843
2.96497,7842
2.9659,7841
2.96696,7840
2.99619,7839
2.99717,7838
2.99816,7837
2.99918,7836
3.00015,7835
3.00111,7834
3.00206,7833
3.003,7832
3.00392,7831
3.00484,7830
3.05716,7829
3.05824,7828
3.05923,7827
3.0602,7826
3.06115,7825
3.06211,7824
3.06306,7823
3.064,7822
3.06493,7821
3.06586,7820
3.06679,7819
3.10681,7818
3.10779,7817
3.10877,7816
3.10973,7815
3.11066,7814
3.11165,7813
3.11261,7812
3.11354,7811
3.11448,7810
3.11543,7809
3.16714,7808
3.16813,7807
3.17136,7806
3.17361,7805
3.1746,7804
3.17552,7803
3.17646,7802
3.17741,7801
3.17832,7800
3.22879,7799
3.22974,7798
3.23069,7797
3.23163,7796
3.23257,7795
3.25778,7794
3.25878,7793
3.25976,7792
3.26073,7791
3.26169,7790
3.28521,7789
3.2862,7788
3.28717,7787
3.28811,7786
3.28903,7785
3.28996,7784
3.29092,7783
3.29183,7782
3.29275,7781
3.29371,7780
3.33337,7779
3.33437,7778
3.33533,7777
3.33628,7776
3.33722,7775
3.33817,7774
3.33911,7773
3.34005,7772
3.34098,7771
3.34192,7770
3.34285,7769
3.36145,7768
3.36245,7767
3.36343,7766
3.3644,7765
3.36536,7764
3.36632,7763
3.36728,7762
3.36823,7761
3.36918,7760
3.37012,7759
3.41312,7758
3.41412,7757
3.41509,7756
3.41606,7755
3.41701,7754
3.41797,7753
3.41892,7752
3.42006,7751
3.42129,7750
3.42226,7749
3.42321,7748
3.46638,7747
3.46733,7746
3.46826,7745
3.46987,7744
3.47084,7743
3.47176,7742
3.47442,7741
3.47541,7740
3.9551,7739
3.95653,7738
3.95751,7737
3.95848,7736
3.95945,7735
3.96041,7734
3.96136,7733
3.96233,7732
3.96328,7731
3.96423,7730
3.98489,7729
3.98588,7728
3.98686,7727
3.98783,7726
3.9888,7725
3.98976,7724
3.99072,7723
3.99167,7722
3.99262,7721
3.99357,7720
4.01205,7719
4.01304,7718
4.01405,7717
4.01509,7716
4.01609,7715
4.01705,7714
4.01801,7713
4.01897,7712
4.01992,7711
4.02087,7710
4.03849,7709
4.0395,7708
4.04049,7707
4.04146,7706
4.04244,7705
4.04341,7704
4.04438,7703
4.04543,7702
4.04651,7701
4.05636,7700
4.05757,7699
4.06077,7698
4.06362,7697
4.06491,7696
4.06607,7695
4.06869,7694
4.06973,7693
4.07071,7692
4.07313,7691
4.07412,7690
4.10601,7689
4.10705,7688
4.10811,7687
4.10909,7686
4.11006,7685
4.11103,7684
4.11198,7683
4.11294,7682
4.1139,7681
4.11486,7680
4.13111,7679
4.1321,7678
4.13308,7677
4.13405,7676
4.13501,7675
4.13597,7674
4.13692,7673
4.13788,7672
4.13882,7671
4.13977,7670
4.14071,7669
4.18677,7668
4.18776,7667
4.18874,7666
4.18971,7665
4.19072,7664
4.19169,7663
4.19264,7662
4.19359,7661
4.19457,7660
4.19553,7659
4.239,7658
4.24001,7657
4.24099,7656
4.24196,7655
4.24292,7654
4.24387,7653
4.24482,7652
4.24577,7651
4.24671,7650
4.24765,7649
4.28962,7648
4.29062,7647
4.29162,7646
4.29261,7645
4.29357,7644
4.29452,7643
4.29548,7642
4.29642,7641
4.29737,7640
4.29831,7639
4.29925,7638
4.30221,7637
4.30319,7636
4.30416,7635
4.30512,7634
4.3061,7633
4.30711,7632
4.30811,7631
4.30906,7630
4.31006,7629
4.31104,7628
4.31214,7627
4.3131,7626
4.31404,7625
4.31498,7624
4.31591,7623
4.31685,7622
4.31777,7621
4.31871,7620
4.31964,7619
4.32056,7618
4.32176,7617
4.46641,7616
4.46783,7615
4.4691,7614
4.47007,7613
4.47106,7612
4.4725,7611
4.47634,7610
4.47752,7609
4.47936,7608
4.51558,7607
4.51707,7606
4.51832,7605
4.52028,7604
4.52127,7603
4.52226,7602
4.52361,7601
4.52456,7600
4.52551,7599
4.52645,7598
4.5274,7597
4.5709,7596
4.57184,7595
4.57277,7594
4.57556,7593
4.57651,7592
4.5775,7591
4.57842,7590
4.57946,7589
4.65385,7588
4.65507,7587
4.65602,7586
4.65694,7585
4.65789,7584
4.65881,7583
4.65973,7582
4.66065,7581
4.66156,7580
4.66248,7579
4.66339,7578
4.75388,7577
4.75486,7576
4.75582,7575
4.75678,7574
4.75773,7573
4.75867,7572
4.75962,7571
4.76055,7570
4.76149,7569
4.76242,7568
4.81213,7567
4.81313,7566
4.81415,7565
4.81513,7564
4.81611,7563
4.81709,7562
4.81805,7561
4.819,7560
4.81996,7559
4.82091,7558
4.82186,7557
4.88758,7556
4.88858,7555
4.88954,7554
4.89048,7553
4.89141,7552
4.89234,7551
4.89326,7550
4.89417,7549
4.89511,7548
4.89607,7547
4.95231,7546
4.95332,7545
4.95429,7544
4.95525,7543
4.95621,7542
4.95716,7541
4.9581,7540
4.95905,7539
4.96073,7538
4.96169,7537
4.9627,7536
4.99274,7535
4.99376,7534
4.99473,7533
4.99568,7532
4.99664,7531
4.99761,7530
4.99856,7529
4.9995,7528
5.00048,7527
5.00141,7526
5.01037,7525
5.01134,7524
5.0123,7523
5.01325,7522
5.01419,7521
5.01514,7520
5.01609,7519
5.01703,7518
5.01797,7517
5.01891,7516
5.15847,7515
5.15946,7514
5.16242,7513
5.16343,7512
5.16438,7511
5.16532,7510
5.16628,7509
5.16726,7508
5.16821,7507
5.21533,7506
5.21632,7505
5.21729,7504
5.21825,7503
5.2192,7502
5.22015,7501
5.22109,7500
5.22203,7499
5.22296,7498
5.22389,7497
5.28878,7496
5.28978,7495
5.29076,7494
5.29185,7493
5.29283,7492
5.29392,7491
5.29493,7490
5.2959,7489
5.29709,7488
5.30824,7487
5.32403,7486
5.32517,7485
5.32646,7484
5.32745,7483
5.32845,7482
5.32942,7481
5.33039,7480
5.33135,7479
5.33231,7478
5.3333,7477
5.40064,7476
5.40174,7475
5.40275,7474
5.4037,7473
5.40461,7472
5.40555,7471
5.40646,7470
5.40741,7469
5.40834,7468
5.40925,7467
5.41017,7466
5.46668,7465
5.46769,7464
5.46864,7463
5.46956,7462
5.47047,7461
5.47138,7460
5.47229,7459
5.47321,7458
5.47449,7457
5.4754,7456
5.4763,7455
5.50576,7454
5.50672,7453
5.50765,7452
5.50859,7451
5.50952,7450
5.51042,7449
5.51133,7448
5.51224,7447
5.51314,7446
5.51404,7445
5.51493,7444
5.58018,7443
5.58258,7442
5.58371,7441
5.5848,7440
5.58578,7439
5.58672,7438
5.58767,7437
5.59013,7436
5.59111,7435
5.59245,7434
5.61254,7433
5.61394,7432
5.6149,7431
5.61585,7430
5.61682,7429
5.6645,7428
5.66551,7427
5.66655,7426
5.66752,7425
5.66848,7424
5.6701,7423
5.67109,7422
5.67207,7421
5.67303,7420
5.674,7419
5.67496,7418
5.67592,7417
5.67688,7416
5.67789,7415
5.67892,7414
5.67991,7413
5.77368,7412
5.77465,7411
5.77561,7410
5.77657,7409
5.77795,7408
5.77891,7407
5.78172,7406
5.78265,7405
5.83177,7404
5.83275,7403
5.8337,7402
5.83465,7401
5.83564,7400
5.83659,7399
5.83753,7398
5.83903,7397
5.84005,7396
5.84104,7395
5.89407,7394
5.89505,7393
5.89601,7392
5.89697,7391
5.8979,7390
5.89881,7389
5.89972,7388
5.90083,7387
5.90179,7386
5.90274,7385
5.90366,7384
5.95405,7383
5.95503,7382
5.956,7381
5.95695,7380
5.95839,7379
5.95934,7378
5.96029,7377
5.96123,7376
5.96261,7375
5.96357,7374
5.9933,7373
5.9948,7372
5.99578,7371
5.99674,7370
5.99769,7369
5.99869,7368
5.99965,7367
6.00059,7366
6.00152,7365
6.00245,7364
6.00338,7363
6.05488,7362
6.05587,7361
6.05682,7360
6.05776,7359
6.05916,7358
6.06057,7357
6.06151,7356
6.06244,7355
6.06336,7354
6.06428,7353
6.1285,7352
6.12951,7351
6.13048,7350
6.13143,7349
6.13238,7348
6.13333,7347
6.13427,7346
6.13521,7345
6.13614,7344
6.13707,7343
6.13833,7342
6.1908,7341
6.19176,7340
6.1927,7339
6.19366,7338
6.19457,7337
6.1955,7336
6.19641,7335
6.19733,7334
6.19824,7333
6.19915,7332
6.2001,7331
6.24775,7330
6.24873,7329
6.24971,7328
6.25067,7327
6.25161,7326
6.25254,7325
6.25347,7324
6.2544,7323
6.2553,7322
6.25622,7321
6.31137,7320
6.3124,7319
6.31338,7318
6.31454,7317
6.31549,7316
6.31646,7315
6.31741,7314
6.31884,7313
6.31979,7312
6.32073,7311
6.32167,7310
6.37307,7309
6.37407,7308
6.37507,7307
6.37615,7306
6.37731,7305
6.37832,7304
6.37928,7303
6.38031,7302
6.3813,7301
6.38225,7300
6.49958,7299
6.50056,7298
6.50152,7297
6.50248,7296
6.50347,7295
6.50444,7294
6.50584,7293
6.50681,7292
6.50776,7291
6.50871,7290
6.5572,7289
6.55819,7288
6.55916,7287
6.56011,7286
6.56106,7285
6.562,7284
6.56295,7283
6.5639,7282
6.56483,7281
6.56576,7280
6.56669,7279
6.61604,7278
6.61702,7277
6.61798,7276
6.61894,7275
6.61989,7274
6.62084,7273
6.62178,7272
6.62272,7271
6.62365,7270
6.62458,7269
6.64739,7268
6.64837,7267
6.64935,7266
6.65037,7265
6.65132,7264
6.65229,7263
6.65322,7262
6.65416,7261
6.65509,7260
6.65602,7259
6.65694,7258
6.7275,7257
6.72872,7256
6.72972,7255
6.73067,7254
6.73162,7253
6.73259,7252
6.73354,7251
6.73448,7250
6.73541,7249
6.73635,7248
6.79342,7247
6.79442,7246
6.79542,7245
6.79638,7244
6.79733,7243
6.79828,7242
6.79922,7241
6.80016,7240
6.80109,7239
6.80202,7238
6.80294,7237
6.84831,7236
6.84929,7235
6.85027,7234
6.85123,7233
6.85217,7232
6.85312,7231
6.85405,7230
6.85499,7229
6.85592,7228
6.85685,7227
6.88967,7226
6.89064,7225
6.89161,7224
6.89256,7223
6.89363,7222
6.89458,7221
6.89552,7220
6.89646,7219
6.89739,7218
6.89832,7217
6.89925,7216
6.99024,7215
6.99126,7214
6.99221,7213
6.99316,7212
6.9941,7211
6.99505,7210
6.99598,7209
6.99692,7208
6.99786,7207
6.99878,7206
7.00019,7205
7.00113,7204
7.00388,7203
7.00479,7202
7.04974,7201
7.05077,7200
7.05175,7199
7.0527,7198
7.05366,7197
7.07606,7196
7.07705,7195
7.07801,7194
7.079,7193
7.07996,7192
7.0809,7191
7.08184,7190
7.08278,7189
7.08372,7188
7.08465,7187
7.12332,7186
7.12429,7185
7.12523,7184
7.12798,7183
7.1289,7182
7.12982,7181
7.13073,7180
7.13164,7179
7.13255,7178
7.17213,7177
7.17311,7176
7.17403,7175
7.17502,7174
7.17726,7173
7.17869,7172
7.17963,7171
7.18058,7170
7.18156,7169
7.18247,7168
7.18337,7167
7.23188,7166
7.23282,7165
7.23373,7164
7.23467,7163
7.23558,7162
7.23649,7161
7.23742,7160
7.23835,7159
7.23927,7158
7.24019,7157
7.24121,7156
7.2891,7155
7.29002,7154
7.29096,7153
7.29189,7152
7.2928,7151
7.29373,7150
7.29464,7149
7.29555,7148
7.29647,7147
7.29738,7146
7.30074,7145
7.30192,7144
7.30306,7143
7.30411,7142
7.30504,7141
7.30597,7140
7.30689,7139
7.3078,7138
7.30871,7137
7.31011,7136
7.31105,7135
7.38487,7134
7.38631,7133
7.38723,7132
7.38815,7131
7.38906,7130
7.38996,7129
7.39087,7128
7.39177,7127
7.39268,7126
7.3936,7125
7.39453,7124
7.43916,7123
7.44014,7122
7.44108,7121
7.44199,7120
7.44292,7119
7.44385,7118
7.44476,7117
7.44568,7116
7.44659,7115
7.4475,7114
7.44842,7113
7.4969,7112
7.49791,7111
7.4989,7110
7.49985,7109
7.50081,7108
7.50175,7107
7.5027,7106
7.50367,7105
7.5046,7104
7.50554,7103
7.54039,7102
7.54139,7101
7.54237,7100
7.54527,7099
7.5462,7098
7.54711,7097
7.54802,7096
7.54894,7095
7.54985,7094
7.59469,7093
7.59563,7092
7.59654,7091
7.59745,7090
7.59837,7089
7.59929,7088
7.60019,7087
7.6011,7086
7.60202,7085
7.6029,7084
7.6038,7083
7.65615,7082
7.65707,7081
7.65801,7080
7.65891,7079
7.65987,7078
7.6608,7077
7.66176,7076
7.66266,7075
7.66356,7074
7.66449,7073
7.70477,7072
7.70574,7071
7.70666,7070
7.70756,7069
7.70846,7068
7.70937,7067
7.71026,7066
7.71115,7065
7.71205,7064
7.71295,7063
7.71384,7062
7.75858,7061
7.7596,7060
7.7605,7059
7.7614,7058
7.7623,7057
7.7632,7056
7.76409,7055
7.76499,7054
7.78682,7053
7.78774,7052
7.78864,7051
7.80965,7050
7.81061,7049
7.81152,7048
7.81242,7047
7.8133,7046
7.81418,7045
7.81506,7044
7.81595,7043
7.81683,7042
7.81771,7041
7.8186,7040
7.85995,7039
7.86092,7038
7.86181,7037
7.86269,7036
7.86358,7035
7.86446,7034
7.86535,7033
7.86625,7032
7.86718,7031
7.86817,7030
7.86906,7029
7.93368,7028
7.93457,7027
7.93545,7026
7.93633,7025
7.93721,7024
7.93809,7023
7.93899,7022
7.93989,7021
7.94077,7020
7.94169,7019
7.97043,7018
7.97134,7017
7.97235,7016
7.97325,7015
7.97417,7014
7.97508,7013
7.97596,7012
7.97685,7011
7.97775,7010
7.97863,7009
7.97952,7008
8.01317,7007
8.01407,7006
8.01497,7005
8.01588,7004
8.01676,7003
8.01764,7002
8.01853,7001
8.01941,7000
8.02029,6999
8.02118,6998
8.02206,6997
8.0636,6996
8.06455,6995
8.06547,6994
8.06637,6993
8.06726,6992
8.06817,6991
8.06906,6990
8.06994,6989
8.07083,6988
8.07182,6987
8.07271,6986
8.08678,6985
8.0877,6984
8.08861,6983
8.0895,6982
8.0904,6981
8.09131,6980
8.0922,6979
8.0931,6978
8.09401,6977
8.0949,6976
8.09581,6975
8.18138,6974
8.18228,6973
8.18318,6972
8.18412,6971
8.185,6970
8.18589,6969
8.18682,6968
8.18772,6967
8.1886,6966
8.18949,6965
8.19037,6964
8.22859,6963
8.22953,6962
8.23043,6961
8.23132,6960
8.23223,6959
8.23318,6958
8.23416,6957
8.23509,6956
8.23602,6955
8.2369,6954
8.2378,6953
8.28093,6952
8.28188,6951
8.28292,6950
8.28386,6949
8.28478,6948
8.2857,6947
8.28662,6946
8.28753,6945
8.28858,6944
8.28953,6943
8.29782,6942
8.29878,6941
8.29973,6940
8.30067,6939
8.3016,6938
8.3025,6937
8.3034,6936
8.30429,6935
8.30517,6934
8.30606,6933
8.30695,6932
8.39094,6931
8.39191,6930
8.39286,6929
8.39381,6928
8.39475,6927
8.39568,6926
8.39661,6925
8.39754,6924
8.39845,6923
8.39945,6922
8.40037,6921
8.44414,6920
8.44511,6919
8.44606,6918
8.44712,6917
8.44806,6916
8.449,6915
8.44993,6914
8.45086,6913
8.45181,6912
8.45274,6911
8.45365,6910
8.49652,6909
8.49752,6908
8.49849,6907
8.49943,6906
8.50037,6905
8.5013,6904
8.50222,6903
8.50314,6902
8.50406,6901
8.50498,6900
8.54611,6899
8.54717,6898
8.54813,6897
8.54907,6896
8.55,6895
8.55094,6894
8.55187,6893
8.55279,6892
8.55371,6891
8.55466,6890
8.5556,6889
8.59663,6888
8.59759,6887
8.59853,6886
8.59947,6885
8.6004,6884
8.60139,6883
8.60233,6882
8.60333,6881
8.60425,6880
8.60518,6879
8.6751,6878
8.67606,6877
8.6772,6876
8.67816,6875
8.67907,6874
8.67999,6873
8.68091,6872
8.68189,6871
8.68328,6870
8.68421,6869
8.68512,6868
8.73358,6867
8.73458,6866
8.73552,6865
8.73644,6864
8.73733,6863
8.73942,6862
8.74035,6861
8.74126,6860
8.74221,6859
8.74313,6858
8.74403,6857
8.78428,6856
8.78524,6855
8.78619,6854
8.78713,6853
8.78806,6852
8.78899,6851
8.78992,6850
8.79085,6849
8.79177,6848
8.7927,6847
8.84413,6846
8.8451,6845
8.84605,6844
8.84699,6843
8.84793,6842
8.84886,6841
8.8498,6840
8.85075,6839
8.85361,6838
8.89621,6837
8.89719,6836
8.89818,6835
8.89971,6834
8.90065,6833
8.90158,6832
8.9025,6831
8.90341,6830
8.90432,6829
8.90522,6828
8.90611,6827
8.95402,6826
8.95494,6825
8.95588,6824
8.95677,6823
8.95766,6822
8.95855,6821
8.95945,6820
8.96034,6819
8.96123,6818
8.96225,6817
8.96601,6816
8.96697,6815
8.96788,6814
8.9688,6813
8.96971,6812
8.9706,6811
8.97148,6810
8.97237,6809
8.97327,6808
8.97415,6807
8.97502,6806
8.97589,6805
9.06967,6804
9.07648,6803
9.07796,6802
9.07896,6801
9.07992,6800
9.08084,6799
9.08174,6798
9.08266,6797
9.08357,6796
9.08445,6795
9.13166,6794
9.13284,6793
9.13411,6792
9.13506,6791
9.136,6790
9.13694,6789
9.13913,6788
9.1401,6787
9.14108,6786
9.14204,6785
9.14297,6784
9.19868,6783
9.19968,6782
9.20062,6781
9.20155,6780
9.20247,6779
9.20347,6778
9.2044,6777
9.20532,6776
9.20623,6775
9.20714,6774
9.20804,6773
9.25884,6772
9.2598,6771
9.26075,6770
9.26169,6769
9.26262,6768
9.26354,6767
9.26465,6766
9.26558,6765
9.2665,6764
9.26741,6763
9.31507,6762
9.31616,6761
9.31714,6760
9.31811,6759
9.31905,6758
9.32001,6757
9.32094,6756
9.32187,6755
9.3228,6754
9.32372,6753
9.32463,6752
9.3726,6751
9.37361,6750
9.37451,6749
9.37542,6748
9.37631,6747
9.37721,6746
9.37811,6745
9.379,6744
9.3799,6743
9.38079,6742
9.3817,6741
9.39712,6740
9.39806,6739
9.39896,6738
9.39985,6737
9.40076,6736
9.40165,6735
9.40254,6734
9.40343,6733
9.40431,6732
9.40523,6731
9.40615,6730
9.47461,6729
9.47556,6728
9.47646,6727
9.47738,6726
9.47829,6725
9.47919,6724
9.48011,6723
9.48102,6722
9.48191,6721
9.4828,6720
9.4837,6719
9.53596,6718
9.53692,6717
9.53785,6716
9.53876,6715
9.53965,6714
9.54056,6713
9.54323,6712
9.54416,6711
9.54507,6710
9.60046,6709
9.60139,6708
9.60232,6707
9.60327,6706
9.60419,6705
9.6051,6704
9.60601,6703
9.60691,6702
9.60782,6701
9.60872,6700
9.60961,6699
9.66094,6698
9.66555,6697
9.66659,6696
9.66768,6695
9.66864,6694
9.66957,6693
9.6705,6692
9.67143,6691
9.67232,6690
9.67321,6689
9.72278,6688
9.72374,6687
9.72464,6686
9.72553,6685
9.7282,6684
9.72911,6683
9.73001,6682
9.73091,6681
9.73179,6680
9.78642,6679
9.78741,6678
9.78832,6677
9.78922,6676
9.79014,6675
9.79103,6674
9.79194,6673
9.79285,6672
9.79375,6671
9.79464,6670
9.79555,6669
9.84645,6668
9.84743,6667
9.84835,6666
9.84925,6665
9.85016,6664
9.85106,6663
9.85195,6662
9.85284,6661
9.85373,6660
9.85462,6659
9.85551,6658
9.93134,6657
9.9323,6656
9.93327,6655
9.93418,6654
9.93507,6653
9.93596,6652
9.93684,6651
9.93772,6650
9.9386,6649
9.93948,6648
9.94035,6647
9.96822,6646
9.96926,6645
9.97014,6644
9.97101,6643
9.9719,6642
9.97277,6641
9.97364,6640
9.97467,6639
9.9756,6638
9.97649,6637
9.97736,6636
10.023,6635
10.0239,6634
10.0248,6633
10.0257,6632
10.0266,6631
10.0275,6630
10.0283,6629
10.0292,6628
10.0605,6627
10.0614,6626
10.0623,6625
10.0631,6624
10.0818,6623
10.0827,6622
10.0836,6621
10.0845,6620
10.0871,6619
10.088,6618
10.0888,6617
10.0897,6616
10.0906,6615
10.1324,6614
10.1334,6613
10.1343,6612
10.1352,6611
10.1361,6610
10.137,6609
10.1379,6608
10.1388,6607
10.1397,6606
10.1406,6605
10.1415,6604
10.1885,6603
10.1894,6602
10.1903,6601
10.1912,6600
10.1921,6599
10.1932,6598
10.1942,6597
10.1952,6596
10.1961,6595
10.197,6594
10.1979,6593
10.2467,6592
10.2477,6591
10.2487,6590
10.2496,6589
10.2505,6588
10.2514,6587
10.2523,6586
10.2532,6585
10.2541,6584
10.255,6583
10.2559,6582
10.3094,6581
10.3103,6580
10.3113,6579
10.3122,6578
10.3132,6577
10.3142,6576
10.3152,6575
10.3161,6574
10.317,6573
10.3179,6572
10.3675,6571
10.3684,6570
10.3694,6569
10.3703,6568
10.3712,6567
10.3721,6566
10.373,6565
10.3757,6564
10.3766,6563
10.4035,6562
10.4045,6561
10.4053,6560
10.4062,6559
10.4071,6558
10.408,6557
10.409,6556
10.4099,6555
10.4108,6554
10.4117,6553
10.4126,6552
10.4614,6551
10.4642,6550
10.4651,6549
10.466,6548
10.4669,6547
10.4678,6546
10.4687,6545
10.4696,6544
10.4705,6543
10.5186,6542
10.5196,6541
10.5206,6540
10.5215,6539
10.5224,6538
10.5251,6537
10.5261,6536
10.527,6535
10.5279,6534
10.5807,6533
10.5817,6532
10.5827,6531
10.5836,6530
10.5845,6529
10.5855,6528
10.5864,6527
10.5873,6526
10.5882,6525
10.5892,6524
10.5901,6523
10.6319,6522
10.6329,6521
10.6338,6520
10.6348,6519
10.6357,6518
10.6366,6517
10.6394,6516
10.6403,6515
10.6412,6514
10.6933,6513
10.6944,6512
10.6954,6511
10.6963,6510
10.6972,6509
10.6982,6508
10.6991,6507
10.7,6506
10.701,6505
10.702,6504
10.7029,6503
10.7518,6502
10.7528,6501
10.7537,6500
10.7546,6499
10.7555,6498
10.7564,6497
10.7574,6496
10.7583,6495
10.7592,6494
10.7601,6493
10.7993,6492
10.8003,6491
10.8012,6490
10.8022,6489
10.8031,6488
10.804,6487
10.805,6486
10.8059,6485
10.8069,6484
10.8078,6483
10.8108,6482
10.8117,6481
10.8126,6480
10.8135,6479
10.8144,6478
10.8153,6477
10.8179,6476
10.8188,6475
10.9289,6474
10.9299,6473
10.9308,6472
10.9318,6471
10.9327,6470
10.9336,6469
10.9345,6468
10.9355,6467
10.9364,6466
10.9373,6465
10.9382,6464
10.9853,6463
10.9863,6462
10.9872,6461
10.9882,6460
10.9891,6459
10.99,6458
10.991,6457
10.9919,6456
10.9928,6455
10.9937,6454
10.9946,6453
11.0406,6452
11.0415,6451
11.0425,6450
11.0434,6449
11.0443,6448
11.0453,6447
11.0464,6446
11.0473,6445
11.0482,6444
11.0491,6443
11.05,6442
11.1093,6441
11.1104,6440
11.1113,6439
11.1122,6438
11.1131,6437
11.114,6436
11.1149,6435
11.1158,6434
11.1184,6433
11.152,6432
11.1529,6431
11.1539,6430
11.1548,6429
11.1912,6428
11.1921,6427
11.1948,6426
11.1957,6425
11.1966,6424
11.1976,6423
11.1985,6422
11.1994,6421
11.2003,6420
11.2012,6419
11.2021,6418
11.2029,6417
11.2038,6416
11.2047,6415
11.2056,6414
11.2065,6413
11.2674,6412
11.2684,6411
11.2693,6410
11.2703,6409
11.2712,6408
11.2721,6407
11.273,6406
11.2739,6405
11.2748,6404
11.2757,6403
11.2766,6402
11.3182,6401
11.3192,6400
11.3201,6399
11.321,6398
11.3219,6397
11.3229,6396
11.3239,6395
11.3248,6394
11.3257,6393
11.3266,6392
11.3275,6391
11.3777,6390
11.3787,6389
11.3796,6388
11.3805,6387
11.3813,6386
11.384,6385
11.3848,6384
11.3857,6383
11.3866,6382
11.4184,6381
11.4213,6380
11.4222,6379
11.4231,6378
11.4241,6377
11.425,6376
11.4259,6375
11.4269,6374
11.4813,6373
11.4822,6372
11.4831,6371
11.484,6370
11.4849,6369
11.4858,6368
11.4866,6367
11.4875,6366
11.4884,6365
11.4893,6364
11.5329,6363
11.5356,6362
11.5382,6361
11.5391,6360
11.54,6359
11.541,6358
11.5419,6357
11.5913,6356
11.5923,6355
11.5932,6354
11.5941,6353
11.595,6352
11.5959,6351
11.5968,6350
11.5977,6349
11.5986,6348
11.5995,6347
11.6003,6346
11.6442,6345
11.6454,6344
11.6463,6343
11.6476,6342
11.6485,6341
11.6494,6340
11.6503,6339
11.6512,6338
11.6521,6337
11.653,6336
11.6539,6335
11.7138,6334
11.7147,6333
11.7156,6332
11.7165,6331
11.7174,6330
11.7183,6329
11.7192,6328
11.7201,6327
11.721,6326
11.7838,6325
11.785,6324
11.7978,6323
11.7988,6322
11.7997,6321
11.8006,6320
11.8015,6319
11.8024,6318
11.8033,6317
11.8042,6316
11.8051,6315
11.8295,6314
11.8305,6313
11.8314,6312
11.8324,6311
11.8333,6310
11.8342,6309
11.8351,6308
11.836,6307
11.8369,6306
11.8378,6305
11.9019,6304
11.9028,6303
11.9037,6302
11.9047,6301
11.9056,6300
11.9066,6299
11.9075,6298
11.9084,6297
11.9093,6296
11.9103,6295
11.9626,6294
11.9636,6293
11.9645,6292
11.9654,6291
11.9664,6290
11.9673,6289
11.9682,6288
11.9691,6287
11.97,6286
11.9709,6285
11.9718,6284
12.0107,6283
12.0117,6282
12.0126,6281
12.0135,6280
12.0145,6279
12.0154,6278
12.0163,6277
12.0172,6276
12.0181,6275
12.0189,6274
12.0582,6273
12.0592,6272
12.0601,6271
12.0629,6270
12.0642,6269
12.0651,6268
12.066,6267
12.0669,6266
12.0679,6265
12.1173,6264
12.1182,6263
12.1191,6262
12.12,6261
12.1209,6260
12.1218,6259
12.1227,6258
12.1236,6257
12.1245,6256
12.1254,6255
12.1263,6254
12.2239,6253
12.2249,6252
12.2262,6251
12.2273,6250
12.2282,6249
12.2293,6248
12.2308,6247
12.232,6246
12.2333,6245
12.2346,6244
12.2807,6243
12.2822,6242
12.2831,6241
12.284,6240
12.2887,6239
12.2896,6238
12.2905,6237
12.2914,6236
12.2923,6235
12.3285,6234
12.3295,6233
12.3304,6232
12.3313,6231
12.3322,6230
12.3336,6229
12.3393,6228
12.3402,6227
12.3411,6226
12.342,6225
12.3429,6224
12.3843,6223
12.3852,6222
12.3861,6221
12.387,6220
12.3879,6219
12.3887,6218
12.3899,6217
12.3908,6216
12.3916,6215
12.3925,6214
12.3934,6213
12.3943,6212
12.4146,6211
12.4173,6210
12.4182,6209
12.4209,6208
12.4218,6207
12.4226,6206
12.4235,6205
12.476,6204
12.4769,6203
12.4779,6202
12.4788,6201
12.4797,6200
12.4806,6199
12.4817,6198
12.4829,6197
12.4839,6196
12.4849,6195
12.4858,6194
12.5097,6193
12.5106,6192
12.5115,6191
12.5124,6190
12.5133,6189
12.5146,6188
12.5155,6187
12.5164,6186
12.5173,6185
12.5181,6184
12.519,6183
12.5799,6182
12.5826,6181
12.5836,6180
12.5845,6179
12.5854,6178
12.5862,6177
12.5871,6176
12.588,6175
12.5888,6174
12.6291,6173
12.6301,6172
12.631,6171
12.6319,6170
12.6328,6169
12.6337,6168
12.6346,6167
12.6355,6166
12.6364,6165
12.6373,6164
12.6383,6163
12.6925,6162
12.6934,6161
12.6943,6160
12.6953,6159
12.6962,6158
12.6971,6157
12.698,6156
12.6989,6155
12.6998,6154
12.7007,6153
12.7016,6152
12.7579,6151
12.7589,6150
12.7616,6149
12.7626,6148
12.7635,6147
12.7662,6146
12.7671,6145
12.799,6144
12.8,6143
12.8009,6142
12.8019,6141
12.8028,6140
12.8037,6139
12.8046,6138
12.8055,6137
12.8065,6136
12.8074,6135
12.8083,6134
12.8618,6133
12.8628,6132
12.8638,6131
12.8647,6130
12.8656,6129
12.8665,6128
12.8674,6127
12.8684,6126
12.8693,6125
12.8702,6124
12.8711,6123
12.8739,6122
12.8748,6121
12.8757,6120
12.8766,6119
12.8775,6118
12.8784,6117
12.8792,6116
12.8801,6115
12.881,6114
12.8819,6113
12.8828,6112
12.9602,6111
12.963,6110
12.964,6109
12.965,6108
12.966,6107
12.9669,6106
12.9678,6105
12.9687,6104
12.9696,6103
13.0108,6102
13.0117,6101
13.0145,6100
13.0155,6099
13.0164,6098
13.0173,6097
13.0182,6096
13.0651,6095
13.066,6094
13.0669,6093
13.0678,6092
13.0688,6091
13.0698,6090
13.0707,6089
13.0723,6088
13.117,6087
13.1179,6086
13.1188,6085
13.1197,6084
13.1207,6083
13.1216,6082
13.1225,6081
13.1234,6080
13.1243,6079
13.1252,6078
13.164,6077
13.165,6076
13.1659,6075
13.177,6074
13.178,6073
13.1789,6072
13.1798,6071
13.1807,6070
13.182,6069
13.183,6068
13.1839,6067
13.2156,6066
13.2165,6065
13.2174,6064
13.2184,6063
13.221,6062
13.2219,6061
13.2228,6060
13.2236,6059
13.2245,6058
13.2656,6057
13.2666,6056
13.2675,6055
13.2684,6054
13.2693,6053
13.2701,6052
13.271,6051
13.2719,6050
13.2728,6049
13.2737,6048
13.2776,6047
13.2785,6046
13.2794,6045
13.2803,6044
13.2812,6043
13.2821,6042
13.283,6041
13.2838,6040
13.2847,6039
13.2856,6038
13.3424,6037
13.3434,6036
13.3443,6035
13.3452,6034
13.3461,6033
13.3469,6032
13.3478,6031
13.3487,6030
13.3496,6029
13.3505,6028
13.3514,6027
13.3624,6026
13.3633,6025
13.3642,6024
13.3651,6023
13.366,6022
13.3669,6021
13.3678,6020
13.3687,6019
13.3696,6018
13.3704,6017
13.3713,6016
13.5425,6015
13.5439,6014
13.5448,6013
13.5457,6012
13.5466,6011
13.5492,6010
13.5502,6009
13.5511,6008
13.5519,6007
13.6288,6006
13.6297,6005
13.6306,6004
13.6315,6003
13.6324,6002
13.6333,6001
13.6342,6000
13.635,5999
13.6359,5998
13.6368,5997
13.6377,5996
13.6386,5995
13.6821,5994
13.6864,5993
13.6906,5992
13.6917,5991
13.6925,5990
13.6951,5989
13.696,5988
13.6968,5987
13.7568,5986
13.7587,5985
13.7597,5984
13.7606,5983
13.7633,5982
13.7642,5981
13.7651,5980
13.7895,5979
13.7904,5978
13.7914,5977
13.7923,5976
13.7932,5975
13.794,5974
13.7949,5973
13.837,5972
13.838,5971
13.8389,5970
13.8398,5969
13.8407,5968
13.8618,5967
13.8627,5966
13.8635,5965
13.8661,5964
13.867,5963
13.8679,5962
13.8704,5961
13.9132,5960
13.9141,5959
13.915,5958
13.9158,5957
13.9167,5956
13.9176,5955
13.9184,5954
13.9193,5953
13.9201,5952
13.9633,5951
13.9642,5950
13.9651,5949
13.966,5948
13.9668,5947
13.9677,5946
13.9685,5945
13.9695,5944
13.9703,5943
13.9712,5942
13.972,5941
13.9729,5940
14.0105,5939
14.0115,5938
14.0124,5937
14.0132,5936
14.0142,5935
14.0151,5934
14.0159,5933
14.0168,5932
14.0177,5931
14.0186,5930
14.0195,5929
14.0677,5928
14.0686,5927
14.0696,5926
14.0704,5925
14.0785,5924
14.0794,5923
14.0803,5922
14.0811,5921
14.1272,5920
14.1281,5919
14.1289,5918
14.1298,5917
14.1307,5916
14.1315,5915
14.1324,5914
14.1332,5913
14.1358,5912
14.1732,5911
14.1744,5910
14.1754,5909
14.1764,5908
14.1775,5907
14.1833,5906
14.1843,5905
14.1852,5904
14.186,5903
14.2331,5902
14.2341,5901
14.2354,5900
14.2363,5899
14.2371,5898
14.238,5897
14.2388,5896
14.2397,5895
14.2405,5894
14.2414,5893
14.2422,5892
14.2431,5891
14.2851,5890
14.286,5889
14.2869,5888
14.2877,5887
14.2886,5886
14.2894,5885
14.2903,5884
14.2911,5883
14.292,5882
14.2928,5881
14.2938,5880
14.3367,5879
14.3377,5878
14.3385,5877
14.3394,5876
14.3439,5875
14.3447,5874
14.3456,5873
14.3969,5872
14.3979,5871
14.399,5870
14.3999,5869
14.4008,5868
14.4016,5867
14.4025,5866
14.4034,5865
14.4071,5864
14.4171,5863
14.4181,5862
14.4191,5861
14.4201,5860
14.4219,5859
14.4615,5858
14.4626,5857
14.4635,5856
14.4643,5855
14.4652,5854
14.466,5853
14.4951,5852
14.496,5851
14.502,5850
14.5029,5849
14.5038,5848
14.5046,5847
14.5466,5846
14.5476,5845
14.5485,5844
14.5632,5843
14.5641,5842
14.5681,5841
14.5691,5840
14.5979,5839
14.5989,5838
14.5997,5837
14.6006,5836
14.6015,5835
14.6023,5834
14.6032,5833
14.604,5832
14.6049,5831
14.6057,5830
14.6066,5829
14.6075,5828
14.6835,5827
14.6845,5826
14.6854,5825
14.6863,5824
14.6872,5823
14.6881,5822
14.689,5821
14.6899,5820
14.6908,5819
14.6917,5818
14.7331,5817
14.7341,5816
14.735,5815
14.736,5814
14.737,5813
14.7382,5812
14.7393,5811
14.7403,5810
14.7412,5809
14.742,5808
14.7429,5807
14.7954,5806
14.7968,5805
14.7977,5804
14.8207,5803
14.8216,5802
14.8225,5801
14.825,5800
14.8259,5799
14.8599,5798
14.8608,5797
14.8634,5796
14.8643,5795
14.8672,5794
14.8685,5793
14.8695,5792
14.9284,5791
14.9294,5790
14.9303,5789
14.9312,5788
14.9321,5787
14.9347,5786
14.9356,5785
14.9851,5784
14.9861,5783
14.987,5782
14.9897,5781
14.9906,5780
14.9915,5779
14.9924,5778
14.9932,5777
15.04,5776
15.0409,5775
15.0418,5774
15.0427,5773
15.0436,5772
15.0445,5771
15.0454,5770
15.0463,5769
15.1015,5768
15.1024,5767
15.1033,5766
15.1042,5765
15.1052,5764
15.106,5763
15.107,5762
15.1079,5761
15.1088,5760
15.1096,5759
15.1105,5758
15.1471,5757
15.1481,5756
15.1494,5755
15.1504,5754
15.1514,5753
15.1523,5752
15.1532,5751
15.1541,5750
15.155,5749
15.1559,5748
15.1568,5747
15.1891,5746
15.1901,5745
15.191,5744
15.1937,5743
15.1946,5742
15.1955,5741
15.1964,5740
15.1973,5739
15.1982,5738
15.2575,5737
15.2584,5736
15.2593,5735
15.2602,5734
15.261,5733
15.2619,5732
15.2628,5731
15.2637,5730
15.2645,5729
15.2654,5728
15.304,5727
15.3049,5726
15.3076,5725
15.3084,5724
15.3093,5723
15.3102,5722
15.311,5721
15.312,5720
15.3129,5719
15.3882,5718
15.3891,5717
15.39,5716
15.3908,5715
15.3918,5714
15.3926,5713
15.3935,5712
15.3944,5711
15.3954,5710
15.3963,5709
15.3973,5708
15.449,5707
15.4499,5706
15.4508,5705
15.4517,5704
15.4526,5703
15.4534,5702
15.4543,5701
15.4552,5700
15.4579,5699
15.4603,5698
15.4638,5697
15.4647,5696
15.4656,5695
15.4664,5694
15.4673,5693
15.4682,5692
15.469,5691
15.47,5690
15.4708,5689
15.4717,5688
15.5873,5687
15.5882,5686
15.5891,5685
15.5924,5684
15.5936,5683
15.5947,5682
15.596,5681
15.5971,5680
15.6151,5679
15.616,5678
15.6169,5677
15.6178,5676
15.6187,5675
15.6196,5674
15.7133,5673
15.7142,5672
15.7152,5671
15.7162,5670
15.7171,5669
15.718,5668
15.7189,5667
15.7197,5666
15.7206,5665
15.7216,5664
15.7224,5663
15.7383,5662
15.7392,5661
15.7401,5660
15.741,5659
15.7419,5658
15.7445,5657
15.7453,5656
15.7462,5655
15.8027,5654
15.8037,5653
15.8046,5652
15.8055,5651
15.8064,5650
15.8792,5649
15.8806,5648
15.8815,5647
15.8823,5646
15.8832,5645
15.8841,5644
15.8953,5643
15.8962,5642
15.8971,5641
15.898,5640
15.8989,5639
15.8998,5638
15.9007,5637
15.9016,5636
15.9024,5635
15.9355,5634
15.9364,5633
15.9383,5632
15.9411,5631
15.942,5630
15.9428,5629
15.9437,5628
15.9446,5627
15.9454,5626
15.9944,5625
15.9954,5624
15.9962,5623
15.9971,5622
15.998,5621
15.9989,5620
15.9997,5619
16.0006,5618
16.0015,5617
16.0023,5616
16.0032,5615
16.0041,5614
16.0495,5613
16.0504,5612
16.0531,5611
16.054,5610
16.0549,5609
16.0558,5608
16.0567,5607
16.0576,5606
16.0585,5605
16.1207,5604
16.1215,5603
16.1224,5602
16.1233,5601
16.1241,5600
16.125,5599
16.1258,5598
16.1267,5597
16.1276,5596
16.1284,5595
16.1293,5594
16.1654,5593
16.1666,5592
16.1691,5591
16.1701,5590
16.171,5589
16.1719,5588
16.1727,5587
16.1736,5586
16.1745,5585
16.177,5584
16.2249,5583
16.2258,5582
16.2267,5581
16.2275,5580
16.2284,5579
16.2342,5578
16.2352,5577
16.2361,5576
16.237,5575
16.2824,5574
16.2832,5573
16.2842,5572
16.2851,5571
16.286,5570
16.2868,5569
16.2877,5568
16.2886,5567
16.2912,5566
16.3158,5565
16.3168,5564
16.3176,5563
16.3186,5562
16.3195,5561
16.3222,5560
16.3231,5559
16.324,5558
16.3254,5557
16.3726,5556
16.3735,5555
16.3744,5554
16.3753,5553
16.3761,5552
16.377,5551
16.3779,5550
16.3805,5549
16.3814,5548
16.4322,5547
16.4331,5546
16.4344,5545
16.4352,5544
16.4361,5543
16.4369,5542
16.4378,5541
16.4386,5540
16.4395,5539
16.4403,5538
16.4825,5537
16.4834,5536
16.4933,5535
16.4942,5534
16.4951,5533
16.496,5532
16.4985,5531
16.4994,5530
16.5002,5529
16.5011,5528
16.5019,5527
16.5457,5526
16.5474,5525
16.5486,5524
16.5495,5523
16.5504,5522
16.5513,5521
16.5521,5520
16.553,5519
16.5539,5518
16.5547,5517
16.5556,5516
16.5564,5515
16.6043,5514
16.6052,5513
16.6066,5512
16.6075,5511
16.6102,5510
16.6111,5509
16.6119,5508
16.6128,5507
16.6137,5506
16.6145,5505
16.6154,5504
16.672,5503
16.6729,5502
16.6789,5501
16.7135,5500
16.7145,5499
16.7154,5498
16.7163,5497
16.7193,5496
16.7202,5495
16.721,5494
16.7219,5493
16.7227,5492
16.7236,5491
16.7777,5490
16.7787,5489
16.7795,5488
16.7804,5487
16.7813,5486
16.7838,5485
16.7847,5484
16.7856,5483
16.7864,5482
16.8179,5481
16.8188,5480
16.8197,5479
16.8223,5478
16.8232,5477
16.824,5476
16.8249,5475
16.8275,5474
16.8697,5473
16.8706,5472
16.8716,5471
16.8725,5470
16.8734,5469
16.8743,5468
16.8751,5467
16.876,5466
16.8769,5465
16.8778,5464
16.8787,5463
16.9199,5462
16.9208,5461
16.9217,5460
16.9226,5459
16.9235,5458
16.9244,5457
16.9253,5456
16.9261,5455
16.927,5454
16.9279,5453
16.9287,5452
16.983,5451
16.9841,5450
16.985,5449
16.9859,5448
16.9867,5447
16.9877,5446
16.9886,5445
16.9895,5444
16.9903,5443
16.9912,5442
16.9921,5441
16.9929,5440
17.0349,5439
17.0359,5438
17.0368,5437
17.0377,5436
17.0385,5435
17.0394,5434
17.0403,5433
17.0412,5432
17.042,5431
17.0429,5430
17.0439,5429
17.092,5428
17.0929,5427
17.0956,5426
17.0965,5425
17.0974,5424
17.0985,5423
17.0994,5422
17.1453,5421
17.1463,5420
17.1472,5419
17.1516,5418
17.1525,5417
17.2051,5416
17.2078,5415
17.2087,5414
17.2096,5413
17.2104,5412
17.2113,5411
17.2122,5410
17.213,5409
17.2139,5408
17.2566,5407
17.2576,5406
17.2584,5405
17.2593,5404
17.2602,5403
17.261,5402
17.2619,5401
17.2628,5400
17.2636,5399
17.2645,5398
17.2653,5397
17.2662,5396
17.3088,5395
17.3114,5394
17.3123,5393
17.3132,5392
17.3141,5391
17.315,5390
17.3159,5389
17.3168,5388
17.3177,5387
17.3538,5386
17.3547,5385
17.3556,5384
17.3565,5383
17.359,5382
17.3599,5381
17.3608,5380
17.3616,5379
17.3625,5378
17.3634,5377
17.405,5376
17.4059,5375
17.4067,5374
17.4076,5373
17.4084,5372
17.4093,5371
17.4101,5370
17.411,5369
17.4118,5368
17.4127,5367
17.4137,5366
17.4675,5365
17.4685,5364
17.4694,5363
17.4703,5362
17.4712,5361
17.4721,5360
17.4729,5359
17.4737,5358
17.4746,5357
17.4754,5356
17.4763,5355
17.4771,5354
17.5199,5353
17.5225,5352
17.525,5351
17.5259,5350
17.5268,5349
17.57,5348
17.5709,5347
17.5718,5346
17.5727,5345
17.5735,5344
17.5744,5343
17.5769,5342
17.5778,5341
17.6212,5340
17.622,5339
17.6229,5338
17.6237,5337
17.6245,5336
17.6254,5335
17.6279,5334
17.6288,5333
17.6706,5332
17.6714,5331
17.6724,5330
17.6732,5329
17.6741,5328
17.6749,5327
17.6758,5326
17.6766,5325
17.6792,5324
17.7093,5323
17.7102,5322
17.7111,5321
17.7136,5320
17.7144,5319
17.7153,5318
17.7161,5317
17.717,5316
17.7178,5315
17.7186,5314
17.7716,5313
17.7724,5312
17.7733,5311
17.7742,5310
17.775,5309
17.7759,5308
17.7767,5307
17.7775,5306
17.7784,5305
17.7792,5304
17.78,5303
17.7809,5302
17.823,5301
17.8239,5300
17.8264,5299
17.8551,5298
17.856,5297
17.8569,5296
17.8577,5295
17.8748,5294
17.8758,5293
17.8767,5292
17.8776,5291
17.8785,5290
17.8793,5289
17.8802,5288
17.8811,5287
17.8819,5286
17.8827,5285
17.8836,5284
17.8844,5283
17.9297,5282
17.9306,5281
17.9315,5280
17.9357,5279
17.9366,5278
17.9375,5277
17.9383,5276
17.9856,5275
17.9865,5274
17.9874,5273
17.9882,5272
17.9891,5271
17.99,5270
17.9909,5269
17.9917,5268
17.9925,5267
17.9934,5266
18.0369,5265
18.0377,5264
18.0386,5263
18.0395,5262
18.0404,5261
18.0412,5260
18.0438,5259
18.0447,5258
18.1076,5257
18.1085,5256
18.1094,5255
18.1103,5254
18.1111,5253
18.112,5252
18.1129,5251
18.1137,5250
18.1146,5249
18.1155,5248
18.1163,5247
18.1438,5246
18.1447,5245
18.1456,5244
18.1464,5243
18.1473,5242
18.1481,5241
18.149,5240
18.1498,5239
18.1506,5238
18.1966,5237
18.1993,5236
18.2009,5235
18.2018,5234
18.2028,5233
18.2037,5232
18.2046,5231
18.2054,5230
18.2487,5229
18.2495,5228
18.2504,5227
18.2529,5226
18.2538,5225
18.2547,5224
18.2555,5223
18.2564,5222
18.2572,5221
18.2988,5220
18.2997,5219
18.3006,5218
18.3022,5217
18.303,5216
18.3057,5215
18.3066,5214
18.3075,5213
18.3321,5212
18.333,5211
18.3338,5210
18.3347,5209
18.3356,5208
18.3365,5207
18.3373,5206
18.3382,5205
18.339,5204
18.3399,5203
18.3913,5202
18.3922,5201
18.3931,5200
18.394,5199
18.3949,5198
18.3958,5197
18.3966,5196
18.3975,5195
18.3983,5194
18.3991,5193
18.4513,5192
18.4522,5191
18.453,5190
18.4539,5189
18.4547,5188
18.4555,5187
18.5064,5186
18.5073,5185
18.5081,5184
18.509,5183
18.5098,5182
18.5107,5181
18.5115,5180
18.5123,5179
18.5132,5178
18.514,5177
18.5531,5176
18.554,5175
18.5549,5174
18.5557,5173
18.5566,5172
18.5574,5171
18.5582,5170
18.5591,5169
18.5599,5168
18.5624,5167
18.6082,5166
18.6091,5165
18.6099,5164
18.6108,5163
18.6116,5162
18.6124,5161
18.6166,5160
18.6175,5159
18.6552,5158
18.6561,5157
18.657,5156
18.6578,5155
18.6587,5154
18.6596,5153
18.6604,5152
18.6613,5151
18.6621,5150
18.6629,5149
18.6637,5148
18.7052,5147
18.7095,5146
18.7104,5145
18.7129,5144
18.7566,5143
18.7575,5142
18.7583,5141
18.7592,5140
18.76,5139
18.7609,5138
18.7617,5137
18.7626,5136
18.8063,5135
18.8072,5134
18.808,5133
18.8088,5132
18.8113,5131
18.8122,5130
18.8146,5129
18.8155,5128
18.8366,5127
18.8374,5126
18.8383,5125
18.8392,5124
18.8401,5123
18.8409,5122
18.8418,5121
18.8426,5120
18.8436,5119
18.8893,5118
18.8902,5117
18.8978,5116
18.8987,5115
18.9489,5114
18.9498,5113
18.9507,5112
18.9516,5111
18.9524,5110
18.9533,5109
18.9542,5108
18.955,5107
18.9558,5106
18.9567,5105
18.9908,5104
18.9917,5103
18.9926,5102
18.9934,5101
18.9943,5100
18.9951,5099
18.996,5098
18.9969,5097
19.043,5096
19.0439,5095
19.0465,5094
19.0474,5093
19.0483,5092
19.0492,5091
19.0501,5090
19.0509,5089
19.0607,5088
19.0616,5087
19.0625,5086
19.0634,5085
19.0642,5084
19.0651,5083
19.0659,5082
19.0668,5081
19.0676,5080
19.0702,5079
19.1412,5078
19.1421,5077
19.1447,5076
19.2069,5075
19.2096,5074
19.2106,5073
19.215,5072
19.2159,5071
19.2168,5070
19.2565,5069
19.2591,5068
19.26,5067
19.2609,5066
19.2618,5065
19.2627,5064
19.2636,5063
19.2644,5062
19.3095,5061
19.3104,5060
19.3113,5059
19.3122,5058
19.3131,5057
19.3139,5056
19.3148,5055
19.3157,5054
19.3165,5053
19.3174,5052
19.4079,5051
19.4105,5050
19.4131,5049
19.414,5048
19.4148,5047
19.4157,5046
19.4165,5045
19.4634,5044
19.4643,5043
19.4652,5042
19.466,5041
19.4669,5040
19.4713,5039
19.4721,5038
19.473,5037
19.5192,5036
19.5201,5035
19.5277,5034
19.5691,5033
19.5701,5032
19.571,5031
19.5718,5030
19.5727,5029
19.5735,5028
19.5744,5027
19.5752,5026
19.5761,5025
19.5769,5024
19.5778,5023
19.5786,5022
19.6326,5021
19.6335,5020
19.6344,5019
19.6353,5018
19.6361,5017
19.637,5016
19.6378,5015
19.6403,5014
19.71,5013
19.746,5012
19.747,5011
19.8004,5010
19.8012,5009
19.8038,5008
19.8063,5007
19.8072,5006
19.808,5005
19.8593,5004
19.8602,5003
19.8611,5002
19.862,5001
19.8645,5000
19.8653,4999
19.8662,4998
19.8671,4997
19.8679,4996
19.8687,4995
19.9185,4994
19.9232,4993
19.9241,4992
19.925,4991
19.9275,4990
19.9749,4989
19.9758,4988
19.9767,4987
19.9776,4986
19.9785,4985
19.9794,4984
19.9803,4983
19.9829,4982
19.9838,4981
20.0348,4980
20.0376,4979
20.0385,4978
20.0394,4977
20.0402,4976
20.0411,4975
20.0436,4974
20.0445,4973
20.1053,4972
20.1062,4971
20.107,4970
20.1095,4969
20.112,4968
20.1129,4967
20.1138,4966
20.1657,4965
20.1667,4964
20.1677,4963
20.1704,4962
20.1714,4961
20.1723,4960
20.2275,4959
20.2284,4958
20.2292,4957
20.2301,4956
20.231,4955
20.2319,4954
20.2925,4953
20.2933,4952
20.2942,4951
20.295,4950
20.2958,4949
20.2967,4948
20.3357,4947
20.3408,4946
20.3433,4945
20.3442,4944
20.345,4943
20.3894,4942
20.3903,4941
20.3912,4940
20.392,4939
20.3928,4938
20.3936,4937
20.3946,4936
20.4479,4935
20.4488,4934
20.4801,4933
20.481,4932
20.4818,4931
20.4827,4930
20.4835,4929
20.5547,4928
20.5555,4927
20.5564,4926
20.5572,4925
20.5597,4924
20.6134,4923
20.6143,4922
20.6151,4921
20.6192,4920
20.6201,4919
20.6209,4918
20.6217,4917
20.6226,4916
20.6578,4915
20.6587,4914
20.6596,4913
20.662,4912
20.6628,4911
20.6637,4910
20.6661,4909
20.667,4908
20.7129,4907
20.7138,4906
20.7147,4905
20.7172,4904
20.718,4903
20.7189,4902
20.7197,4901
20.7205,4900
20.7707,4899
20.7716,4898
20.774,4897
20.7749,4896
20.8432,4895
20.8459,4894
20.8487,4893
20.8515,4892
20.8523,4891
20.8939,4890
20.8948,4889
20.8973,4888
20.9031,4887
20.9441,4886
20.945,4885
20.9482,4884
20.949,4883
20.9499,4882
20.9507,4881
20.9516,4880
20.9524,4879
20.9532,4878
20.9541,4877
21.026,4876
21.027,4875
21.0279,4874
21.0288,4873
21.0297,4872
21.0306,4871
21.0315,4870
21.0324,4869
21.086,4868
21.087,4867
21.0895,4866
21.0903,4865
21.0911,4864
21.1227,4863
21.1237,4862
21.1245,4861
21.1254,4860
21.1263,4859
21.1271,4858
21.128,4857
21.1288,4856
21.1314,4855
21.1776,4854
21.1785,4853
21.1794,4852
21.1804,4851
21.1813,4850
21.1821,4849
21.183,4848
21.1856,4847
21.2809,4846
21.2818,4845
21.2898,4844
21.301,4843
21.3019,4842
21.3027,4841
21.3036,4840
21.3045,4839
21.3053,4838
21.3061,4837
21.3103,4836
21.3666,4835
21.3675,4834
21.3701,4833
21.3709,4832
21.3718,4831
21.3727,4830
21.3751,4829
21.4496,4828
21.4506,4827
21.5157,4826
21.5167,4825
21.5175,4824
21.5184,4823
21.5193,4822
21.5201,4821
21.521,4820
21.5219,4819
21.5228,4818
21.5237,4817
21.5246,4816
21.5254,4815
21.5403,4814
21.5454,4813
21.5463,4812
21.5472,4811
21.5497,4810
21.5506,4809
21.6485,4808
21.6493,4807
21.6502,4806
21.651,4805
21.6519,4804
21.6889,4803
21.6932,4802
21.694,4801
21.6949,4800
21.6974,4799
21.6983,4798
21.7576,4797
21.7601,4796
21.8037,4795
21.8045,4794
21.8071,4793
21.8079,4792
21.8088,4791
21.8114,4790
21.8133,4789
21.8555,4788
21.8564,4787
21.9021,4786
21.903,4785
21.9071,4784
21.908,4783
21.9088,4782
21.9097,4781
21.9105,4780
21.9516,4779
21.9542,4778
21.9551,4777
21.9592,4776
21.9849,4775
21.9858,4774
21.9867,4773
22.1473,4772
22.1481,4771
22.149,4770
22.1498,4769
22.1857,4768
22.19,4767
22.1908,4766
22.1922,4765
22.1952,4764
22.1979,4763
22.2068,4762
22.2197,4761
22.2244,4760
22.322,4759
22.3229,4758
22.3237,4757
22.3246,4756
22.3254,4755
22.327,4754
22.3858,4753
22.3866,4752
22.3891,4751
22.431,4750
22.432,4749
22.4329,4748
22.4338,4747
22.4347,4746
22.4827,4745
22.4836,4744
22.4844,4743
22.4852,4742
22.498,4741
22.4989,4740
22.4998,4739
22.5433,4738
22.5442,4737
22.5487,4736
22.5496,4735
22.5504,4734
22.5872,4733
22.5889,4732
22.5898,4731
22.5907,4730
22.5915,4729
22.5924,4728
22.5932,4727
22.5941,4726
22.5949,4725
22.5958,4724
22.6644,4723
22.6723,4722
22.6834,4721
22.6843,4720
22.6858,4719
22.6895,4718
22.6906,4717
22.6938,4716
22.713,4715
22.7139,4714
22.8517,4713
22.8526,4712
22.8534,4711
22.8543,4710
22.8552,4709
22.9173,4708
22.933,4707
22.9373,4706
22.9399,4705
23.0238,4704
23.0247,4703
23.0255,4702
23.0263,4701
23.0288,4700
23.0297,4699
23.0306,4698
23.0314,4697
23.0322,4696
23.0817,4695
23.0826,4694
23.0835,4693
23.0843,4692
23.0852,4691
23.086,4690
23.0869,4689
23.246,4688
23.247,4687
23.2941,4686
23.295,4685
23.2958,4684
23.2984,4683
23.2992,4682
23.3001,4681
23.3009,4680
23.3483,4679
23.3492,4678
23.3501,4677
23.3509,4676
23.4109,4675
23.4136,4674
23.4144,4673
23.4153,4672
23.4162,4671
23.4204,4670
23.4533,4669
23.4542,4668
23.4568,4667
23.4576,4666
23.4585,4665
23.4593,4664
23.4602,4663
23.4627,4662
23.495,4661
23.4959,4660
23.4967,4659
23.4993,4658
23.5993,4657
23.7072,4656
23.7583,4655
23.7625,4654
23.7634,4653
23.7642,4652
23.8182,4651
23.8195,4650
23.8203,4649
23.8232,4648
23.824,4647
23.8249,4646
23.8259,4645
23.8267,4644
23.8395,4643
23.8403,4642
23.8445,4641
23.8454,4640
23.8462,4639
23.847,4638
23.8479,4637
23.9128,4636
23.9137,4635
23.9145,4634
23.9249,4633
23.9258,4632
23.9267,4631
24.0623,4630
24.0631,4629
24.064,4628
24.1092,4627
24.1101,4626
24.1109,4625
24.1118,4624
24.1126,4623
24.1134,4622
24.229,4621
24.2299,4620
24.2308,4619
24.2867,4618
24.2876,4617
24.2884,4616
24.2892,4615
24.2901,4614
24.3346,4613
24.3354,4612
24.3362,4611
24.3871,4610
24.3879,4609
24.3887,4608
24.4566,4607
24.4607,4606
24.4616,4605
24.4624,4604
24.5523,4603
24.5532,4602
24.5541,4601
24.5584,4600
24.5592,4599
24.5601,4598
24.5609,4597
24.5617,4596
24.614,4595
24.6165,4594
24.6173,4593
24.6199,4592
24.6207,4591
24.6382,4590
24.6749,4589
24.6758,4588
24.6799,4587
24.6807,4586
24.725,4585
24.7283,4584
24.7388,4583
24.7402,4582
24.7435,4581
24.7476,4580
24.7485,4579
24.8186,4578
24.8195,4577
24.8203,4576
24.8211,4575
24.8691,4574
24.87,4573
25.0508,4572
25.0532,4571
25.0542,4570
25.055,4569
25.103,4568
25.1038,4567
25.1047,4566
25.1092,4565
25.1101,4564
25.1115,4563
25.1124,4562
25.1132,4561
25.1141,4560
25.1149,4559
25.1157,4558
25.1166,4557
25.1174,4556
25.301,4555
25.3584,4554
25.3629,4553
25.3655,4552
25.3663,4551
25.3672,4550
25.4275,4549
25.4301,4548
25.4309,4547
25.4317,4546
25.4326,4545
25.5379,4544
25.5406,4543
25.5967,4542
25.5975,4541
25.6,4540
25.6008,4539
25.645,4538
25.6459,4537
25.6467,4536
25.6476,4535
25.6484,4534
25.6526,4533
25.6534,4532
26.2447,4531
26.2455,4530
26.2805,4529
26.2813,4528
26.3006,4527
26.3015,4526
26.3023,4525
26.3032,4524
26.304,4523
26.3049,4522
26.3057,4521
26.3066,4520
26.3074,4519
26.3082,4518
26.4033,4517
26.4576,4516
26.4585,4515
26.4593,4514
26.4601,4513
26.6713,4512
26.6722,4511
26.7214,4510
26.7238,4509
26.7689,4508
26.7933,4507
26.7942,4506
26.7951,4505
26.7959,4504
26.7968,4503
26.7976,4502
26.8001,4501
26.801,4500
26.8363,4499
26.8819,4498
26.9282,4497
26.9292,4496
26.93,4495
26.9798,4494
26.9838,4493
26.9863,4492
27.0429,4491
27.0456,4490
27.0497,4489
27.0505,4488
27.0513,4487
27.0521,4486
27.0568,4485
27.0578,4484
27.0619,4483
27.0628,4482
27.0636,4481
27.0644,4480
27.83,4479
27.8308,4478
28.1286,4477
28.1295,4476
28.1304,4475
28.1312,4474
28.1354,4473
28.1363,4472
28.1371,4471
28.138,4470
28.2487,4469
28.2562,4468
28.3655,4467
28.368,4466
28.3689,4465
28.5501,4464
28.5511,4463
28.552,4462
28.6017,4461
28.6028,4460
28.6037,4459
28.6116,4458
28.6128,4457
28.6316,4456
28.8462,4455
29.0502,4454
29.0528,4453
29.5035,4452
29.5947,4451
29.65,4450
29.6509,4449
32.989,4448
32.9915,4447
33.0389,4446
33.0398,4445
33.0406,4444
33.379,4443
33.3799,4442
33.3874,4441
33.4329,4440
33.5047,4439
33.5055,4438
33.6023,4437
34.0117,4436
34.0125,4435
34.015,4434
34.0158,4433
34.0749,4432
34.4258,4431
34.5048,4430
34.5057,4429
34.5082,4428
34.5091,4427
36.1277,4426
36.2082,4425
36.2091,4424
36.2099,4423
36.2439,4422
36.2465,4421
36.2476,4420
36.2485,4419
36.3143,4418
36.471,4417
36.4768,4416
36.5316,4415
36.5325,4414
39.0566,4413
39.0575,4412
39.1192,4411
39.1201,4410
39.4827,4409
39.4835,4408
39.547,4407
40.0173,4406
40.0197,4405
40.1011,4404
40.1036,4403
42.9214,4402
42.9223,4401
42.9859,4400
42.9893,4399
42.9918,4398
42.9927,4397
43.0645,4396
43.0671,4395
43.0679,4394
43.0737,4393
43.0772,4392
43.0781,4391
43.6032,4390
48.021,4389
48.0218,4388
48.0666,4387
48.0675,4386
48.0748,4385
48.0757,4384
48.2169,4383
50.2225,4382
50.2233,4381
50.2853,4380
50.2881,4379
50.2889,4378
50.2915,4377
50.2924,4376
50.2933,4375
50.2941,4374
50.3375,4373
50.3384,4372
50.3393,4371
50.3644,4370
50.3669,4369
50.3677,4368
50.4191,4367
50.4662,4366
50.4671,4365
51.2752,4364
51.2761,4363
51.2769,4362
51.3168,4361
51.3176,4360
51.3221,4359
51.323,4358
51.3565,4357
51.3574,4356
51.36,4355
51.3609,4354
51.4234,4353
56.2547,4352
56.2556,4351
56.3713,4350
56.3722,4349
56.3731,4348
56.3739,4347
56.3748,4346
56.5019,4345
56.5105,4344
57.9416,4343
57.9424,4342
58.0013,4341
59.3516,4340
59.3525,4339
59.3534,4338
59.4684,4337
59.4694,4336
63.438,4335
63.5137,4334
63.5748,4333
63.5756,4332
63.5765,4331
63.9805,4330
64.0302,4329
64.0311,4328
64.0336,4327
64.0344,4326
64.1143,4325
64.1151,4324
64.116,4323
64.1168,4322
64.2932,4321
64.2941,4320
64.5659,4319
64.7422,4318
64.7988,4317
64.952,4316
65.061,4315
65.5443,4314
65.5452,4313
65.5783,4312
65.5792,4311
65.5802,4310
66.3625,4309
70.5932,4308
70.5941,4307
70.5966,4306
70.5975,4305
70.6083,4304
70.6336,4303
70.6362,4302
70.637,4301
70.6905,4300
70.6914,4299
70.6923,4298
70.8732,4297
70.874,4296
70.8749,4295
74.0596,4294
74.062,4293
74.0629,4292
74.0637,4291
74.0645,4290
74.2096,4289
74.2121,4288
75.26,4287
75.3165,4286
75.3174,4285
75.3183,4284
75.3192,4283
75.3201,4282
75.8068,4281
75.8077,4280
75.8086,4279
75.8956,4278
76.8602,4277
76.8611,4276
76.8622,4275
76.8664,4274
85.6155,4273
86.6148,4272
87.1209,4271
87.2168,4270
87.2177,4269
87.2185,4268
87.2689,4267
87.2698,4266
87.2706,4265
87.2714,4264
87.3326,4263
87.479,4262
87.5377,4261
87.5386,4260
87.5444,4259
87.5453,4258
87.5811,4257
87.582,4256
92.3388,4255
95.6771,4254
95.678,4253
95.7707,4252
96.2378,4251
96.2386,4250
98.2738,4249
98.324,4248
98.3249,4247
98.3257,4246
98.3266,4245
98.3277,4244
98.3291,4243
98.33,4242
98.3309,4241
98.5258,4240
98.5268,4239
98.5276,4238
98.5939,4237
98.5964,4236
102.53,4235
102.586,4234
102.59,4233
102.663,4232
102.664,4231
102.665,4230
102.679,4229
102.68,4228
102.681,4227
102.684,4226
102.685,4225
102.686,4224
102.687,4223
102.807,4222
102.808,4221
102.811,4220
102.975,4219
103.135,4218
103.135,4217
117.29,4216
117.291,4215
117.292,4214
117.293,4213
117.293,4212
117.294,4211
117.295,4210
117.296,4209
117.297,4208
119.518,4207
119.518,4206
119.519,4205
119.571,4204
119.572,4203
119.721,4202
119.722,4201
119.763,4200
119.766,4199
119.815,4198
119.816,4197
119.817,4196
119.82,4195
121.747,4194
121.748,4193
121.748,4192
121.868,4191
132.479,4190
132.48,4189
132.481,4188
132.482,4187
132.536,4186
132.537,4185
132.538,4184
132.539,4183
132.584,4182
132.585,4181
132.697,4180
153.581,4179
153.64,4178
153.641,4177
153.642,4176
157.964,4175
157.966,4174
157.967,4173
157.968,4172
157.969,4171
157.97,4170
160.591,4169
160.652,4168
160.653,4167
160.654,4166
160.655,4165
160.655,4164
160.658,4163
160.659,4162
160.659,4161
160.66,4160
160.684,4159
160.76,4158
168.61,4157
168.611,4156
168.612,4155
172.506,4154
172.507,4153
172.566,4152
172.61,4151
172.771,4150
172.818,4149
172.819,4148
173.865,4147
173.866,4146
173.868,4145
173.869,4144
179.363,4143
179.805,4142
180.891,4141
180.942,4140
180.943,4139
180.945,4138
184.764,4137
184.764,4136
184.765,4135
184.769,4134
184.812,4133
184.813,4132
194.292,4131
194.293,4130
194.347,4129
194.35,4128
194.35,4127
194.406,4126
194.407,4125
194.409,4124
194.41,4123
194.477,4122
195.664,4121
212.29,4120
212.291,4119
212.292,4118
213.329,4117
213.33,4116
213.437,4115
215.298,4114
227.27,4113
384.667,4112
384.691,4111
384.754,4110
384.755,4109
406.887,4108
407.006,4107
416.457,4106
416.616,4105
416.659,4104
416.66,4103
416.66,4102
535.702,4101
535.706,4100
535.707,4099
535.707,4098
741.407,4097
741.421,4096
741.426,4095
741.427,4094
752.914,4093
752.915,4092
752.915,4091
752.92,4090
752.921,4089
898.431,4088
898.432,4087
898.499,4086
898.5,4085
1434.76,4084
3902.34,4083
7360.28,4082
7360.28,4081
