0.015495,8360
0.0165482,8359
0.0175537,8358
0.0185484,8357
0.0195394,8356
0.0205349,8355
0.0215185,8354
0.0225485,8353
0.0235296,8352
0.0245123,8351
0.0864786,8350
0.0874964,8349
0.0885027,8348
0.0894965,8347
0.0904823,8346
0.0914692,8345
0.0924501,8344
0.0939082,8343
0.0949708,8342
0.0960165,8341
0.175381,8340
0.176412,8339
0.177426,8338
0.178429,8337
0.179431,8336
0.18042,8335
0.181402,8334
0.182389,8333
0.183364,8332
0.184334,8331
0.216575,8330
0.217603,8329
0.218603,8328
0.219649,8327
0.220654,8326
0.22164,8325
0.222623,8324
0.223605,8323
0.22458,8322
0.225554,8321
0.277012,8320
0.278098,8319
0.279101,8318
0.280099,8317
0.281085,8316
0.282561,8315
0.283553,8314
0.28453,8313
0.285508,8312
0.286657,8311
0.328945,8310
0.329959,8309
0.330962,8308
0.331955,8307
0.332946,8306
0.333931,8305
0.334914,8304
0.335894,8303
0.378066,8302
0.379084,8301
0.398201,8300
0.399484,8299
0.400483,8298
0.401478,8297
0.402467,8296
0.403449,8295
0.404428,8294
0.405405,8293
0.406374,8292
0.40735,8291
0.44896,8290
0.44998,8289
0.450979,8288
0.451976,8287
0.452969,8286
0.453949,8285
0.454925,8284
0.4559,8283
0.456869,8282
0.457837,8281
0.502513,8280
0.503539,8279
0.504551,8278
0.505548,8277
0.506534,8276
0.507539,8275
0.508515,8274
0.509487,8273
0.510464,8272
0.511432,8271
0.559833,8270
0.560897,8269
0.561936,8268
0.563031,8267
0.564027,8266
0.565011,8265
0.565998,8264
0.566986,8263
0.567961,8262
0.568928,8261
0.596993,8260
0.598019,8259
0.599019,8258
0.600008,8257
0.600994,8256
0.607717,8255
0.608823,8254
0.609844,8253
0.610821,8252
0.611784,8251
0.612749,8250
0.630128,8249
0.631133,8248
0.632259,8247
0.633249,8246
0.634229,8245
0.635203,8244
0.636178,8243
0.637177,8242
0.63818,8241
0.639173,8240
0.735282,8239
0.736284,8238
0.737283,8237
0.738271,8236
0.739248,8235
0.740222,8234
0.741194,8233
0.742164,8232
0.743132,8231
0.744093,8230
0.798171,8229
0.799173,8228
0.800162,8227
0.801134,8226
0.80207,8225
0.803002,8224
0.803934,8223
0.804859,8222
0.805779,8221
0.806698,8220
0.847772,8219
0.84881,8218
0.849811,8217
0.850796,8216
0.851768,8215
0.852713,8214
0.853644,8213
0.854575,8212
0.855504,8211
0.856431,8210
0.857372,8209
0.902844,8208
0.903807,8207
0.904751,8206
0.905693,8205
0.906634,8204
0.907607,8203
0.908567,8202
0.909501,8201
0.910437,8200
0.911372,8199
0.960412,8198
0.961421,8197
0.962431,8196
0.963421,8195
0.9644,8194
0.965375,8193
0.966349,8192
0.967314,8191
0.968305,8190
0.969273,8189
1.01109,8188
1.0121,8187
1.01306,8186
1.01401,8185
1.01496,8184
1.0159,8183
1.01689,8182
1.0179,8181
1.01885,8180
1.01979,8179
1.02072,8178
1.06894,8177
1.06994,8176
1.07093,8175
1.07191,8174
1.07288,8173
1.07499,8172
1.07597,8171
1.07695,8170
1.07795,8169
1.07891,8168
1.13391,8167
1.13492,8166
1.13591,8165
1.13689,8164
1.13788,8163
1.13885,8162
1.13982,8161
1.14079,8160
1.14174,8159
1.1427,8158
1.17712,8157
1.17815,8156
1.17915,8155
1.18013,8154
1.18114,8153
1.18212,8152
1.18313,8151
1.1841,8150
1.18507,8149
1.18603,8148
1.24174,8147
1.24277,8146
1.24376,8145
1.24474,8144
1.24572,8143
1.24669,8142
1.24766,8141
1.24864,8140
1.2496,8139
1.25055,8138
1.2515,8137
1.29968,8136
1.30065,8135
1.30162,8134
1.30258,8133
1.30356,8132
1.30453,8131
1.30551,8130
1.30645,8129
1.30738,8128
1.30832,8127
1.34449,8126
1.34551,8125
1.34653,8124
1.34755,8123
1.34856,8122
1.34958,8121
1.35061,8120
1.35163,8119
1.35262,8118
1.35359,8117
1.39764,8116
1.39866,8115
1.39966,8114
1.40064,8113
1.40162,8112
1.4026,8111
1.40357,8110
1.40465,8109
1.40604,8108
1.40702,8107
1.4524,8106
1.4534,8105
1.45437,8104
1.45534,8103
1.4563,8102
1.45726,8101
1.45821,8100
1.45919,8099
1.46015,8098
1.46109,8097
1.46206,8096
1.51866,8095
1.51965,8094
1.52063,8093
1.52162,8092
1.52259,8091
1.52355,8090
1.52452,8089
1.52548,8088
1.52644,8087
1.52739,8086
1.60004,8085
1.60171,8084
1.60272,8083
1.6042,8082
1.60528,8081
1.60629,8080
1.60735,8079
1.60836,8078
1.60945,8077
1.66003,8076
1.66105,8075
1.66205,8074
1.66303,8073
1.66401,8072
1.665,8071
1.66597,8070
1.66694,8069
1.6679,8068
1.66886,8067
1.66982,8066
1.71172,8065
1.71269,8064
1.71364,8063
1.71458,8062
1.71559,8061
1.71656,8060
1.71749,8059
1.71845,8058
1.71941,8057
1.72043,8056
1.77175,8055
1.77276,8054
1.77374,8053
1.7747,8052
1.77566,8051
1.77664,8050
1.77759,8049
1.77853,8048
1.7795,8047
1.78044,8046
1.85931,8045
1.86044,8044
1.86227,8043
1.86327,8042
1.86422,8041
1.86516,8040
1.8661,8039
1.86702,8038
1.86795,8037
1.86891,8036
1.86985,8035
1.91427,8034
1.91527,8033
1.91626,8032
1.91722,8031
1.91817,8030
1.91909,8029
1.92002,8028
1.92095,8027
1.92187,8026
1.9228,8025
1.97043,8024
1.97144,8023
1.97429,8022
1.97529,8021
1.97622,8020
1.97717,8019
1.97815,8018
1.97909,8017
1.98003,8016
1.98097,8015
1.98192,8014
2.03483,8013
2.03582,8012
2.03693,8011
2.03794,8010
2.03927,8009
2.04025,8008
2.0412,8007
2.04399,8006
2.04516,8005
2.04615,8004
2.04724,8003
2.04819,8002
2.04924,8001
2.05021,8000
2.05114,7999
2.05209,7998
2.05305,7997
2.05398,7996
2.05491,7995
2.05584,7994
2.05678,7993
2.05773,7992
2.05865,7991
2.05958,7990
2.0605,7989
2.06141,7988
2.06234,7987
2.06325,7986
2.06416,7985
2.0651,7984
2.06602,7983
2.06697,7982
2.06793,7981
2.06887,7980
2.06982,7979
2.07076,7978
2.07171,7977
2.07456,7976
2.07556,7975
2.07654,7974
2.07751,7973
2.19603,7972
2.19706,7971
2.19804,7970
2.19943,7969
2.20042,7968
2.20139,7967
2.20236,7966
2.20333,7965
2.20436,7964
2.20534,7963
2.20633,7962
2.32282,7961
2.32383,7960
2.32481,7959
2.32578,7958
2.32692,7957
2.32793,7956
2.3289,7955
2.32986,7954
2.33082,7953
2.33178,7952
2.36056,7951
2.36156,7950
2.36255,7949
2.36353,7948
2.36479,7947
2.36713,7946
2.36813,7945
2.36912,7944
2.37017,7943
2.37129,7942
2.43288,7941
2.43387,7940
2.43485,7939
2.43582,7938
2.43735,7937
2.43834,7936
2.43932,7935
2.44028,7934
2.4414,7933
2.44242,7932
2.47716,7931
2.47818,7930
2.47918,7929
2.48016,7928
2.48112,7927
2.48209,7926
2.48305,7925
2.48401,7924
2.48497,7923
2.48593,7922
2.52793,7921
2.52895,7920
2.52995,7919
2.53094,7918
2.53191,7917
2.53286,7916
2.53384,7915
2.5348,7914
2.53574,7913
2.53674,7912
2.53772,7911
2.5387,7910
2.53967,7909
2.54064,7908
2.5416,7907
2.54256,7906
2.54355,7905
2.5445,7904
2.54544,7903
2.54639,7902
2.54732,7901
2.66516,7900
2.66616,7899
2.66714,7898
2.66813,7897
2.66911,7896
2.67009,7895
2.67106,7894
2.67202,7893
2.67298,7892
2.67393,7891
2.70825,7890
2.70951,7889
2.7105,7888
2.71149,7887
2.71246,7886
2.71342,7885
2.71448,7884
2.71544,7883
2.71639,7882
2.71735,7881
2.75037,7880
2.75137,7879
2.75235,7878
2.75333,7877
2.7543,7876
2.75526,7875
2.75622,7874
2.75717,7873
2.75827,7872
2.75923,7871
2.76018,7870
2.80949,7869
2.81047,7868
2.81143,7867
2.81236,7866
2.8133,7865
2.81424,7864
2.81527,7863
2.81621,7862
2.81715,7861
2.81809,7860
2.84971,7859
2.85075,7858
2.85174,7857
2.8527,7856
2.85367,7855
2.85463,7854
2.85559,7853
2.85695,7852
2.85792,7851
2.88513,7850
2.90943,7849
2.91042,7848
2.91138,7847
2.91234,7846
2.91328,7845
2.91421,7844
2.91514,7843
2.91605,7842
2.91698,7841
2.91794,7840
2.91887,7839
2.95145,7838
2.95244,7837
2.95355,7836
2.95459,7835
2.95558,7834
2.95657,7833
2.95751,7832
2.95846,7831
2.95939,7830
2.96032,7829
3.00259,7828
3.0036,7827
3.00455,7826
3.00548,7825
3.00641,7824
3.00733,7823
3.00824,7822
3.00916,7821
3.01007,7820
3.01098,7819
3.01189,7818
3.06438,7817
3.06536,7816
3.06631,7815
3.06725,7814
3.06818,7813
3.06914,7812
3.07007,7811
3.07101,7810
3.07194,7809
3.0754,7808
3.10694,7807
3.10795,7806
3.1089,7805
3.10992,7804
3.11087,7803
3.11191,7802
3.11288,7801
3.11382,7800
3.11475,7799
3.11573,7798
3.11667,7797
3.16851,7796
3.16949,7795
3.17042,7794
3.17134,7793
3.17231,7792
3.17324,7791
3.17418,7790
3.17522,7789
3.17616,7788
3.17709,7787
3.18815,7786
3.18914,7785
3.19007,7784
3.19098,7783
3.19193,7782
3.19287,7781
3.19378,7780
3.19472,7779
3.19565,7778
3.19656,7777
3.19749,7776
3.27366,7775
3.27468,7774
3.27565,7773
3.27657,7772
3.2775,7771
3.27845,7770
3.27936,7769
3.28026,7768
3.28118,7767
3.2821,7766
3.28301,7765
3.325,7764
3.32604,7763
3.32701,7762
3.32797,7761
3.32892,7760
3.32987,7759
3.33087,7758
3.33185,7757
3.3328,7756
3.33373,7755
3.37033,7754
3.37132,7753
3.37232,7752
3.3737,7751
3.37467,7750
3.37563,7749
3.37658,7748
3.37752,7747
3.37846,7746
3.3794,7745
3.38032,7744
3.42416,7743
3.42515,7742
3.42611,7741
3.94596,7740
3.94696,7739
3.94793,7738
3.9489,7737
3.94986,7736
3.95081,7735
3.95177,7734
3.95272,7733
3.95366,7732
3.95465,7731
3.96622,7730
3.96721,7729
3.96819,7728
3.96916,7727
3.97012,7726
3.97152,7725
3.97251,7724
3.97349,7723
3.97445,7722
3.97541,7721
4.00662,7720
4.00761,7719
4.00858,7718
4.00955,7717
4.01051,7716
4.01148,7715
4.01243,7714
4.01339,7713
4.01434,7712
4.01529,7711
4.03366,7710
4.03474,7709
4.03577,7708
4.03678,7707
4.03787,7706
4.03888,7705
4.03986,7704
4.04084,7703
4.0418,7702
4.04277,7701
4.08808,7700
4.08908,7699
4.09006,7698
4.09103,7697
4.092,7696
4.09296,7695
4.09392,7694
4.09488,7693
4.09584,7692
4.09679,7691
4.09774,7690
4.09964,7689
4.10062,7688
4.10159,7687
4.10253,7686
4.10348,7685
4.10442,7684
4.10536,7683
4.1063,7682
4.10723,7681
4.10817,7680
4.12472,7679
4.12571,7678
4.12676,7677
4.12774,7676
4.12871,7675
4.12967,7674
4.13062,7673
4.13158,7672
4.13253,7671
4.13355,7670
4.1345,7669
4.18505,7668
4.18604,7667
4.18701,7666
4.18812,7665
4.1891,7664
4.19005,7663
4.19101,7662
4.19199,7661
4.19294,7660
4.19388,7659
4.23874,7658
4.25121,7657
4.2522,7656
4.25318,7655
4.25415,7654
4.25511,7653
4.25606,7652
4.25892,7651
4.29584,7650
4.29693,7649
4.29805,7648
4.29904,7647
4.3,7646
4.30129,7645
4.30329,7644
4.30427,7643
4.30526,7642
4.30624,7641
4.30729,7640
4.30826,7639
4.30923,7638
4.31017,7637
4.31116,7636
4.31214,7635
4.31319,7634
4.31414,7633
4.31509,7632
4.31603,7631
4.31696,7630
4.3992,7629
4.40021,7628
4.40117,7627
4.40213,7626
4.40309,7625
4.40411,7624
4.40506,7623
4.40601,7622
4.40695,7621
4.40802,7620
4.48157,7619
4.48261,7618
4.54079,7617
4.54177,7616
4.54274,7615
4.54377,7614
4.54473,7613
4.54568,7612
4.54664,7611
4.54758,7610
4.59432,7609
4.59531,7608
4.59624,7607
4.59725,7606
4.59819,7605
4.59912,7604
4.60007,7603
4.601,7602
4.60192,7601
4.60283,7600
4.60374,7599
4.62556,7598
4.62652,7597
4.62745,7596
4.62837,7595
4.63124,7594
4.63238,7593
4.63334,7592
4.63429,7591
4.6352,7590
4.63612,7589
4.71679,7588
4.7182,7587
4.71921,7586
4.7212,7585
4.7247,7584
4.72617,7583
4.72817,7582
4.72961,7581
4.7319,7580
4.73383,7579
4.73856,7578
4.78533,7577
4.78631,7576
4.78927,7575
4.79029,7574
4.79136,7573
4.79232,7572
4.79329,7571
4.84432,7570
4.84533,7569
4.8463,7568
4.84727,7567
4.84823,7566
4.84918,7565
4.85013,7564
4.85108,7563
4.85203,7562
4.85297,7561
4.90186,7560
4.90284,7559
4.90381,7558
4.90476,7557
4.9057,7556
4.90665,7555
4.90759,7554
4.90859,7553
4.90954,7552
4.91047,7551
4.91141,7550
4.96427,7549
4.96526,7548
4.96623,7547
4.96718,7546
4.96815,7545
4.96909,7544
4.97003,7543
4.97097,7542
4.97191,7541
4.97285,7540
5.01069,7539
5.0117,7538
5.01267,7537
5.01367,7536
5.01462,7535
5.01558,7534
5.01655,7533
5.01751,7532
5.01846,7531
5.0194,7530
5.02034,7529
5.11835,7528
5.11934,7527
5.1203,7526
5.12126,7525
5.12221,7524
5.12315,7523
5.12409,7522
5.12543,7521
5.12637,7520
5.1273,7519
5.17559,7518
5.17658,7517
5.17756,7516
5.17851,7515
5.17946,7514
5.18047,7513
5.18141,7512
5.18231,7511
5.18322,7510
5.18413,7509
5.18502,7508
5.23257,7507
5.23402,7506
5.23541,7505
5.23737,7504
5.23886,7503
5.23982,7502
5.24077,7501
5.24171,7500
5.34569,7499
5.34667,7498
5.34765,7497
5.34862,7496
5.34957,7495
5.35049,7494
5.35141,7493
5.35232,7492
5.35323,7491
5.35413,7490
5.35503,7489
5.35593,7488
5.35687,7487
5.37845,7486
5.37945,7485
5.38041,7484
5.38136,7483
5.38229,7482
5.38322,7481
5.38414,7480
5.38506,7479
5.38599,7478
5.38695,7477
5.38787,7476
5.43667,7475
5.43765,7474
5.43863,7473
5.43954,7472
5.44045,7471
5.44137,7470
5.44228,7469
5.44319,7468
5.44411,7467
5.44501,7466
5.44591,7465
5.44713,7464
5.44805,7463
5.44896,7462
5.44992,7461
5.45088,7460
5.45179,7459
5.4527,7458
5.45361,7457
5.45452,7456
5.45544,7455
5.45637,7454
5.5461,7453
5.54709,7452
5.54954,7451
5.55102,7450
5.552,7449
5.55296,7448
5.55431,7447
5.55531,7446
5.55625,7445
5.5572,7444
5.62188,7443
5.62287,7442
5.62385,7441
5.62523,7440
5.62619,7439
5.62715,7438
5.6281,7437
5.62904,7436
5.62999,7435
5.63093,7434
5.68093,7433
5.68192,7432
5.68296,7431
5.68396,7430
5.68491,7429
5.68587,7428
5.68723,7427
5.68817,7426
5.68913,7425
5.69007,7424
5.69101,7423
5.73407,7422
5.73505,7421
5.73605,7420
5.737,7419
5.73795,7418
5.73893,7417
5.73988,7416
5.74082,7415
5.74176,7414
5.74269,7413
5.78651,7412
5.78795,7411
5.78894,7410
5.7899,7409
5.79129,7408
5.79224,7407
5.79319,7406
5.79413,7405
5.79551,7404
5.79646,7403
5.7974,7402
5.85362,7401
5.8546,7400
5.85561,7399
5.85677,7398
5.85773,7397
5.8587,7396
5.85972,7395
5.862,7394
5.86297,7393
5.86393,7392
5.92217,7391
5.92316,7390
5.92411,7389
5.92507,7388
5.92602,7387
5.92696,7386
5.92789,7385
5.92883,7384
5.92978,7383
5.93071,7382
5.93164,7381
5.97177,7380
5.97274,7379
5.97369,7378
5.97464,7377
5.97559,7376
5.97654,7375
5.97748,7374
5.97842,7373
5.97935,7372
5.98029,7371
6.01647,7370
6.01747,7369
6.01843,7368
6.01939,7367
6.02033,7366
6.02126,7365
6.02219,7364
6.02312,7363
6.02404,7362
6.02496,7361
6.02588,7360
6.07851,7359
6.07954,7358
6.08051,7357
6.08146,7356
6.08242,7355
6.08336,7354
6.085,7353
6.08595,7352
6.08689,7351
6.08788,7350
6.1426,7349
6.14358,7348
6.14501,7347
6.14597,7346
6.14692,7345
6.14787,7344
6.14881,7343
6.14976,7342
6.15069,7341
6.15162,7340
6.21574,7339
6.21672,7338
6.21772,7337
6.21864,7336
6.21954,7335
6.22048,7334
6.22139,7333
6.22232,7332
6.22327,7331
6.22418,7330
6.22508,7329
6.25979,7328
6.26079,7327
6.26176,7326
6.26272,7325
6.26367,7324
6.2646,7323
6.26553,7322
6.26645,7321
6.26736,7320
6.26828,7319
6.2692,7318
6.31459,7317
6.31564,7316
6.3166,7315
6.31755,7314
6.3185,7313
6.31952,7312
6.32048,7311
6.32142,7310
6.32236,7309
6.3233,7308
6.41932,7307
6.4206,7306
6.42161,7305
6.42258,7304
6.42354,7303
6.4245,7302
6.42547,7301
6.42645,7300
6.42739,7299
6.42832,7298
6.42925,7297
6.52426,7296
6.52525,7295
6.52623,7294
6.52717,7293
6.52811,7292
6.52905,7291
6.52998,7290
6.53093,7289
6.53187,7288
6.53279,7287
6.56608,7286
6.56707,7285
6.56804,7284
6.569,7283
6.56997,7282
6.57094,7281
6.57189,7280
6.57283,7279
6.57376,7278
6.57469,7277
6.57562,7276
6.62025,7275
6.62122,7274
6.62217,7273
6.62312,7272
6.62406,7271
6.625,7270
6.62593,7269
6.62686,7268
6.6278,7267
6.62873,7266
6.6788,7265
6.67977,7264
6.68074,7263
6.68184,7262
6.68338,7261
6.68437,7260
6.68536,7259
6.68649,7258
6.68748,7257
6.68846,7256
6.6894,7255
6.75375,7254
6.75471,7253
6.75567,7252
6.75664,7251
6.75759,7250
6.75855,7249
6.75948,7248
6.76043,7247
6.76146,7246
6.7624,7245
6.81466,7244
6.81564,7243
6.81659,7242
6.81753,7241
6.81876,7240
6.81971,7239
6.82065,7238
6.82158,7237
6.82252,7236
6.82344,7235
6.82439,7234
6.86634,7233
6.86731,7232
6.86826,7231
6.86921,7230
6.87015,7229
6.87111,7228
6.87204,7227
6.87298,7226
6.87391,7225
6.87483,7224
6.91088,7223
6.91186,7222
6.91285,7221
6.91381,7220
6.91476,7219
6.9157,7218
6.91737,7217
6.91835,7216
6.9193,7215
6.92024,7214
6.9308,7213
6.93185,7212
6.93281,7211
6.9338,7210
6.93476,7209
6.93572,7208
6.93665,7207
6.93758,7206
6.93858,7205
6.93951,7204
6.94042,7203
7.02173,7202
7.02271,7201
7.02367,7200
7.02462,7199
7.02556,7198
7.0265,7197
7.02776,7196
7.02873,7195
7.02969,7194
7.03066,7193
7.0895,7192
7.0905,7191
7.09144,7190
7.09235,7189
7.09366,7188
7.09457,7187
7.09547,7186
7.09638,7185
7.09729,7184
7.09821,7183
7.09913,7182
7.14086,7181
7.14184,7180
7.14277,7179
7.14369,7178
7.14459,7177
7.14549,7176
7.14638,7175
7.14743,7174
7.14835,7173
7.14924,7172
7.15025,7171
7.21247,7170
7.21344,7169
7.21438,7168
7.21529,7167
7.21619,7166
7.21709,7165
7.21798,7164
7.21887,7163
7.21978,7162
7.2207,7161
7.22161,7160
7.27133,7159
7.27236,7158
7.2733,7157
7.2742,7156
7.27693,7155
7.27783,7154
7.27876,7153
7.33318,7152
7.33417,7151
7.33514,7150
7.33612,7149
7.33707,7148
7.33801,7147
7.33896,7146
7.33991,7145
7.34084,7144
7.34185,7143
7.36519,7142
7.36616,7141
7.36993,7140
7.3709,7139
7.37195,7138
7.37289,7137
7.37396,7136
7.37492,7135
7.37588,7134
7.37683,7133
7.37776,7132
7.42149,7131
7.42247,7130
7.42341,7129
7.42433,7128
7.42524,7127
7.42615,7126
7.42706,7125
7.42799,7124
7.42889,7123
7.42981,7122
7.43074,7121
7.47634,7120
7.47862,7119
7.47958,7118
7.48051,7117
7.48143,7116
7.48238,7115
7.48338,7114
7.48431,7113
7.48522,7112
7.48615,7111
7.51155,7110
7.51252,7109
7.51346,7108
7.51438,7107
7.51531,7106
7.51623,7105
7.51717,7104
7.51809,7103
7.51901,7102
7.51992,7101
7.52084,7100
7.5775,7099
7.57847,7098
7.57939,7097
7.58033,7096
7.58125,7095
7.58218,7094
7.58312,7093
7.58404,7092
7.585,7091
7.5859,7090
7.58681,7089
7.64636,7088
7.6473,7087
7.6482,7086
7.64919,7085
7.65009,7084
7.65106,7083
7.65197,7082
7.65287,7081
7.65377,7080
7.65465,7079
7.67836,7078
7.67931,7077
7.68022,7076
7.68111,7075
7.68206,7074
7.68297,7073
7.68386,7072
7.68496,7071
7.68587,7070
7.68677,7069
7.72898,7068
7.72991,7067
7.73084,7066
7.73178,7065
7.73271,7064
7.73361,7063
7.73456,7062
7.73555,7061
7.73646,7060
7.73739,7059
7.73829,7058
7.79835,7057
7.79927,7056
7.80017,7055
7.80108,7054
7.802,7053
7.80292,7052
7.80383,7051
7.80474,7050
7.80565,7049
7.80655,7048
7.84847,7047
7.84944,7046
7.85033,7045
7.85122,7044
7.85222,7043
7.85314,7042
7.85405,7041
7.85496,7040
7.85587,7039
7.8568,7038
7.85773,7037
7.90665,7036
7.90768,7035
7.9087,7034
7.9101,7033
7.91104,7032
7.91366,7031
7.91462,7030
7.91552,7029
7.91642,7028
7.91731,7027
7.9182,7026
7.96334,7025
7.96431,7024
7.9653,7023
7.96625,7022
7.96716,7021
7.96804,7020
7.96893,7019
7.96981,7018
7.97069,7017
7.97157,7016
7.9726,7015
8.00395,7014
8.0049,7013
8.0058,7012
8.00669,7011
8.00757,7010
8.00846,7009
8.00935,7008
8.01023,7007
8.01121,7006
8.01215,7005
8.05437,7004
8.05532,7003
8.05623,7002
8.05715,7001
8.05805,7000
8.05895,6999
8.05986,6998
8.06075,6997
8.06165,6996
8.06432,6995
8.11965,6994
8.12062,6993
8.12154,6992
8.12244,6991
8.12337,6990
8.12427,6989
8.12517,6988
8.12612,6987
8.12702,6986
8.12791,6985
8.1288,6984
8.14189,6983
8.14284,6982
8.14377,6981
8.14507,6980
8.14601,6979
8.14692,6978
8.14782,6977
8.14873,6976
8.14969,6975
8.15062,6974
8.15153,6973
8.20243,6972
8.20335,6971
8.20429,6970
8.20521,6969
8.20613,6968
8.20706,6967
8.20798,6966
8.20887,6965
8.20978,6964
8.21111,6963
8.21203,6962
8.2674,6961
8.26998,6960
8.27096,6959
8.27198,6958
8.27292,6957
8.27386,6956
8.27479,6955
8.27572,6954
8.27669,6953
8.27762,6952
8.32407,6951
8.32503,6950
8.32592,6949
8.32682,6948
8.32774,6947
8.32863,6946
8.32957,6945
8.33046,6944
8.33137,6943
8.33228,6942
8.33316,6941
8.38128,6940
8.3823,6939
8.38331,6938
8.38427,6937
8.38522,6936
8.38621,6935
8.38715,6934
8.38807,6933
8.39153,6932
8.43167,6931
8.43265,6930
8.4336,6929
8.4346,6928
8.43555,6927
8.43649,6926
8.43742,6925
8.43836,6924
8.43929,6923
8.44021,6922
8.48162,6921
8.48259,6920
8.48354,6919
8.48448,6918
8.48542,6917
8.48636,6916
8.48728,6915
8.4882,6914
8.48912,6913
8.49004,6912
8.49095,6911
8.53123,6910
8.53219,6909
8.53314,6908
8.53408,6907
8.53501,6906
8.53594,6905
8.53686,6904
8.53784,6903
8.53878,6902
8.53971,6901
8.58678,6900
8.58775,6899
8.58878,6898
8.58972,6897
8.59065,6896
8.59159,6895
8.59251,6894
8.59344,6893
8.59436,6892
8.59529,6891
8.59621,6890
8.64447,6889
8.64545,6888
8.64662,6887
8.64757,6886
8.64852,6885
8.64946,6884
8.65047,6883
8.65139,6882
8.65232,6881
8.65324,6880
8.65545,6879
8.65692,6878
8.65784,6877
8.65876,6876
8.65967,6875
8.66057,6874
8.66153,6873
8.66243,6872
8.66332,6871
8.66426,6870
8.66515,6869
8.66607,6868
8.77363,6867
8.77459,6866
8.77552,6865
8.77827,6864
8.7792,6863
8.78011,6862
8.82671,6861
8.8277,6860
8.82912,6859
8.83007,6858
8.831,6857
8.83193,6856
8.83286,6855
8.83389,6854
8.83481,6853
8.83573,6852
8.83664,6851
8.88169,6850
8.8827,6849
8.88366,6848
8.8846,6847
8.88551,6846
8.88643,6845
8.88733,6844
8.88889,6843
8.88996,6842
8.89087,6841
8.89179,6840
8.93921,6839
8.94013,6838
8.94107,6837
8.94197,6836
8.94287,6835
8.94379,6834
8.94469,6833
8.94558,6832
8.94649,6831
8.94739,6830
8.94828,6829
8.99991,6828
9.00087,6827
9.00182,6826
9.00275,6825
9.00369,6824
9.00461,6823
9.00553,6822
9.00645,6821
9.05859,6820
9.05961,6819
9.06089,6818
9.06184,6817
9.06278,6816
9.0638,6815
9.06472,6814
9.06564,6813
9.06658,6812
9.06749,6811
9.06843,6810
9.12038,6809
9.12136,6808
9.1223,6807
9.12324,6806
9.12417,6805
9.12509,6804
9.12601,6803
9.12693,6802
9.12785,6801
9.12876,6800
9.12967,6799
9.19362,6798
9.19457,6797
9.19894,6796
9.19988,6795
9.20079,6794
9.20352,6793
9.25241,6792
9.25338,6791
9.25433,6790
9.25526,6789
9.25618,6788
9.25716,6787
9.25894,6786
9.25989,6785
9.26082,6784
9.26175,6783
9.26267,6782
9.27787,6781
9.27884,6780
9.27974,6779
9.28064,6778
9.28154,6777
9.28244,6776
9.28334,6775
9.28423,6774
9.28513,6773
9.28603,6772
9.33977,6771
9.34068,6770
9.34158,6769
9.34249,6768
9.34343,6767
9.34434,6766
9.34523,6765
9.34619,6764
9.34713,6763
9.34805,6762
9.41907,6761
9.42004,6760
9.42094,6759
9.42185,6758
9.42288,6757
9.42379,6756
9.42468,6755
9.42557,6754
9.42646,6753
9.42734,6752
9.42825,6751
9.48817,6750
9.48915,6749
9.49008,6748
9.49099,6747
9.49189,6746
9.49281,6745
9.49372,6744
9.49461,6743
9.49551,6742
9.49642,6741
9.49731,6740
9.54677,6739
9.54772,6738
9.54868,6737
9.54959,6736
9.55051,6735
9.55148,6734
9.55242,6733
9.55331,6732
9.55426,6731
9.55521,6730
9.55615,6729
9.60726,6728
9.6082,6727
9.60912,6726
9.61003,6725
9.61093,6724
9.61184,6723
9.61331,6722
9.61425,6721
9.61523,6720
9.61615,6719
9.61707,6718
9.66194,6717
9.66288,6716
9.66378,6715
9.66468,6714
9.6656,6713
9.66651,6712
9.66747,6711
9.66852,6710
9.66945,6709
9.67037,6708
9.70541,6707
9.70638,6706
9.70745,6705
9.7084,6704
9.70929,6703
9.71018,6702
9.71112,6701
9.71204,6700
9.71294,6699
9.71382,6698
9.7147,6697
9.76244,6696
9.7634,6695
9.76429,6694
9.7652,6693
9.76608,6692
9.76696,6691
9.76782,6690
9.76872,6689
9.77012,6688
9.7711,6687
9.772,6686
9.84026,6685
9.8412,6684
9.84211,6683
9.84299,6682
9.84388,6681
9.84482,6680
9.84574,6679
9.84665,6678
9.84754,6677
9.84843,6676
9.84931,6675
9.89628,6674
9.89723,6673
9.89812,6672
9.899,6671
9.89988,6670
9.90076,6669
9.90164,6668
9.90251,6667
9.93441,6666
9.93537,6665
9.93625,6664
9.95506,6663
9.95602,6662
9.95692,6661
9.95784,6660
9.95876,6659
9.95968,6658
9.96058,6657
9.9616,6656
9.96253,6655
9.96341,6654
9.96428,6653
10.0063,6652
10.0073,6651
10.0083,6650
10.0092,6649
10.0101,6648
10.011,6647
10.0118,6646
10.0127,6645
10.0136,6644
10.0144,6643
10.0153,6642
10.061,6641
10.062,6640
10.0629,6639
10.0642,6638
10.0651,6637
10.0659,6636
10.0668,6635
10.0677,6634
10.0686,6633
10.0694,6632
10.0703,6631
10.1211,6630
10.122,6629
10.1229,6628
10.1239,6627
10.1248,6626
10.1257,6625
10.1283,6624
10.1292,6623
10.1301,6622
10.131,6621
10.1548,6620
10.1557,6619
10.1567,6618
10.1576,6617
10.1585,6616
10.1595,6615
10.1604,6614
10.1612,6613
10.1621,6612
10.1634,6611
10.2091,6610
10.2101,6609
10.211,6608
10.2119,6607
10.2128,6606
10.2137,6605
10.2146,6604
10.2155,6603
10.2164,6602
10.2173,6601
10.2182,6600
10.2781,6599
10.2912,6598
10.2921,6597
10.293,6596
10.294,6595
10.2949,6594
10.2958,6593
10.2972,6592
10.2999,6591
10.3584,6590
10.3594,6589
10.3604,6588
10.3613,6587
10.3622,6586
10.3631,6585
10.364,6584
10.3649,6583
10.3658,6582
10.3667,6581
10.3676,6580
10.3995,6579
10.4004,6578
10.4013,6577
10.4022,6576
10.4031,6575
10.404,6574
10.4151,6573
10.4161,6572
10.4169,6571
10.4178,6570
10.4187,6569
10.4411,6568
10.442,6567
10.4429,6566
10.4438,6565
10.4446,6564
10.4455,6563
10.4464,6562
10.4473,6561
10.4481,6560
10.5032,6559
10.5042,6558
10.5059,6557
10.5069,6556
10.5079,6555
10.5088,6554
10.5098,6553
10.5107,6552
10.5116,6551
10.5125,6550
10.5134,6549
10.5723,6548
10.5733,6547
10.5742,6546
10.5752,6545
10.5761,6544
10.577,6543
10.578,6542
10.5789,6541
10.5798,6540
10.5807,6539
10.5816,6538
10.6239,6537
10.6249,6536
10.6258,6535
10.6268,6534
10.6277,6533
10.6286,6532
10.6295,6531
10.6305,6530
10.6314,6529
10.6323,6528
10.6332,6527
10.6655,6526
10.6664,6525
10.6674,6524
10.6684,6523
10.6693,6522
10.6702,6521
10.6711,6520
10.672,6519
10.6729,6518
10.6738,6517
10.6748,6516
10.7467,6515
10.7476,6514
10.7485,6513
10.7494,6512
10.7504,6511
10.7513,6510
10.7522,6509
10.7531,6508
10.754,6507
10.7549,6506
10.7808,6505
10.7818,6504
10.7828,6503
10.7837,6502
10.7846,6501
10.7856,6500
10.7865,6499
10.7874,6498
10.7883,6497
10.7893,6496
10.7902,6495
10.842,6494
10.843,6493
10.8439,6492
10.8448,6491
10.8457,6490
10.8467,6489
10.8494,6488
10.8504,6487
10.8513,6486
10.9268,6485
10.9277,6484
10.9287,6483
10.9296,6482
10.9305,6481
10.9314,6480
10.9323,6479
10.9332,6478
10.9341,6477
10.935,6476
10.936,6475
10.9852,6474
10.9861,6473
10.9871,6472
10.988,6471
10.9889,6470
10.9899,6469
10.9908,6468
10.9917,6467
10.9926,6466
10.9936,6465
10.9945,6464
11.0475,6463
11.0484,6462
11.0493,6461
11.0503,6460
11.0513,6459
11.0522,6458
11.0531,6457
11.054,6456
11.0549,6455
11.0558,6454
11.0567,6453
11.1125,6452
11.1139,6451
11.1148,6450
11.1157,6449
11.1166,6448
11.1174,6447
11.1183,6446
11.1192,6445
11.1201,6444
11.121,6443
11.1219,6442
11.1542,6441
11.1552,6440
11.1561,6439
11.1753,6438
11.1762,6437
11.1771,6436
11.178,6435
11.1806,6434
11.1816,6433
11.2184,6432
11.2193,6431
11.2202,6430
11.2211,6429
11.222,6428
11.2229,6427
11.2237,6426
11.2246,6425
11.2255,6424
11.2263,6423
11.2272,6422
11.2707,6421
11.2717,6420
11.2726,6419
11.2735,6418
11.2744,6417
11.2753,6416
11.2762,6415
11.2789,6414
11.3177,6413
11.3187,6412
11.3196,6411
11.3205,6410
11.3214,6409
11.3223,6408
11.3232,6407
11.3246,6406
11.3255,6405
11.3265,6404
11.3777,6403
11.3786,6402
11.3796,6401
11.3805,6400
11.3814,6399
11.3823,6398
11.3832,6397
11.3841,6396
11.3849,6395
11.3858,6394
11.3867,6393
11.4191,6392
11.4201,6391
11.4211,6390
11.422,6389
11.4229,6388
11.4238,6387
11.4248,6386
11.4257,6385
11.4266,6384
11.4275,6383
11.482,6382
11.4829,6381
11.4838,6380
11.4847,6379
11.4856,6378
11.4865,6377
11.4873,6376
11.4882,6375
11.4891,6374
11.49,6373
11.5337,6372
11.5346,6371
11.5355,6370
11.5364,6369
11.5373,6368
11.5381,6367
11.539,6366
11.5399,6365
11.5408,6364
11.5418,6363
11.5427,6362
11.5943,6361
11.5953,6360
11.5962,6359
11.5971,6358
11.598,6357
11.5989,6356
11.5998,6355
11.6007,6354
11.6015,6353
11.6024,6352
11.6033,6351
11.6042,6350
11.6476,6349
11.6485,6348
11.6494,6347
11.6503,6346
11.6512,6345
11.652,6344
11.6529,6343
11.6538,6342
11.6547,6341
11.6557,6340
11.712,6339
11.713,6338
11.7139,6337
11.7149,6336
11.7158,6335
11.7167,6334
11.7175,6333
11.7184,6332
11.7193,6331
11.7202,6330
11.777,6329
11.7829,6328
11.7843,6327
11.7854,6326
11.7986,6325
11.8013,6324
11.8024,6323
11.8033,6322
11.8289,6321
11.8299,6320
11.8308,6319
11.8318,6318
11.8327,6317
11.8336,6316
11.8345,6315
11.8354,6314
11.8363,6313
11.8372,6312
11.8381,6311
11.8911,6310
11.8921,6309
11.8936,6308
11.8946,6307
11.8958,6306
11.8972,6305
11.8981,6304
11.899,6303
11.8999,6302
11.9008,6301
11.9017,6300
11.9027,6299
11.9036,6298
11.9062,6297
11.9071,6296
11.908,6295
11.9089,6294
11.9098,6293
11.9107,6292
11.9116,6291
11.9693,6290
11.9702,6289
11.9717,6288
11.9726,6287
11.9735,6286
11.9745,6285
11.9754,6284
11.9763,6283
11.9772,6282
11.9781,6281
11.979,6280
12.0295,6279
12.0305,6278
12.0314,6277
12.0322,6276
12.0349,6275
12.0358,6274
12.0367,6273
12.0376,6272
12.0385,6271
12.0932,6270
12.0942,6269
12.0951,6268
12.096,6267
12.0969,6266
12.0978,6265
12.0987,6264
12.0997,6263
12.1023,6262
12.1419,6261
12.1428,6260
12.1437,6259
12.1446,6258
12.1455,6257
12.1464,6256
12.1473,6255
12.1482,6254
12.149,6253
12.1499,6252
12.1508,6251
12.1846,6250
12.1855,6249
12.1866,6248
12.1875,6247
12.1884,6246
12.1893,6245
12.1902,6244
12.1911,6243
12.192,6242
12.1929,6241
12.1938,6240
12.2544,6239
12.2554,6238
12.2564,6237
12.2573,6236
12.2582,6235
12.2591,6234
12.26,6233
12.2609,6232
12.2619,6231
12.2628,6230
12.2636,6229
12.3186,6228
12.3196,6227
12.3205,6226
12.3214,6225
12.3222,6224
12.3231,6223
12.324,6222
12.3248,6221
12.3257,6220
12.3762,6219
12.3771,6218
12.378,6217
12.3788,6216
12.3797,6215
12.3806,6214
12.3814,6213
12.384,6212
12.4217,6211
12.4226,6210
12.4235,6209
12.4244,6208
12.4253,6207
12.4262,6206
12.4271,6205
12.4279,6204
12.4289,6203
12.4298,6202
12.4307,6201
12.4821,6200
12.4836,6199
12.4853,6198
12.4862,6197
12.4873,6196
12.4916,6195
12.4926,6194
12.4937,6193
12.4947,6192
12.4958,6191
12.5154,6190
12.5162,6189
12.5171,6188
12.518,6187
12.5188,6186
12.5197,6185
12.5206,6184
12.5214,6183
12.5907,6182
12.5915,6181
12.5925,6180
12.5934,6179
12.5943,6178
12.5951,6177
12.596,6176
12.5969,6175
12.5977,6174
12.5986,6173
12.5995,6172
12.6341,6171
12.635,6170
12.6359,6169
12.6368,6168
12.6377,6167
12.6386,6166
12.6395,6165
12.6404,6164
12.6413,6163
12.6422,6162
12.6431,6161
12.6849,6160
12.6858,6159
12.6868,6158
12.6877,6157
12.6886,6156
12.6895,6155
12.6915,6154
12.6924,6153
12.6933,6152
12.6942,6151
12.6951,6150
12.7536,6149
12.7545,6148
12.7555,6147
12.7564,6146
12.7573,6145
12.7582,6144
12.7591,6143
12.76,6142
12.7609,6141
12.7618,6140
12.7627,6139
12.8036,6138
12.8064,6137
12.8073,6136
12.8082,6135
12.8091,6134
12.81,6133
12.8109,6132
12.8118,6131
12.8127,6130
12.8208,6129
12.8218,6128
12.8227,6127
12.8236,6126
12.8245,6125
12.8254,6124
12.8263,6123
12.8272,6122
12.8281,6121
12.829,6120
12.8299,6119
12.9046,6118
12.9056,6117
12.9065,6116
12.9075,6115
12.9084,6114
12.9093,6113
12.9102,6112
12.9116,6111
12.9126,6110
12.9569,6109
12.9578,6108
12.9588,6107
12.9597,6106
12.9624,6105
12.9633,6104
12.9643,6103
12.9657,6102
12.9666,6101
13.0087,6100
13.0097,6099
13.0106,6098
13.0116,6097
13.0125,6096
13.0135,6095
13.0144,6094
13.0153,6093
13.0162,6092
13.017,6091
13.0679,6090
13.0688,6089
13.0697,6088
13.0711,6087
13.0727,6086
13.0744,6085
13.0753,6084
13.0762,6083
13.0772,6082
13.0781,6081
13.079,6080
13.1167,6079
13.1176,6078
13.1186,6077
13.1195,6076
13.1204,6075
13.1213,6074
13.124,6073
13.1697,6072
13.1706,6071
13.1715,6070
13.1724,6069
13.1733,6068
13.1743,6067
13.1752,6066
13.1761,6065
13.1769,6064
13.2259,6063
13.2269,6062
13.2278,6061
13.2287,6060
13.2296,6059
13.2304,6058
13.2313,6057
13.2322,6056
13.2331,6055
13.234,6054
13.2348,6053
13.2725,6052
13.2734,6051
13.2744,6050
13.2753,6049
13.2793,6048
13.2803,6047
13.2812,6046
13.282,6045
13.2829,6044
13.3229,6043
13.3239,6042
13.3249,6041
13.3258,6040
13.3267,6039
13.3276,6038
13.3285,6037
13.3294,6036
13.3303,6035
13.3311,6034
13.332,6033
13.3757,6032
13.3767,6031
13.3775,6030
13.3784,6029
13.3793,6028
13.3801,6027
13.381,6026
13.3819,6025
13.3827,6024
13.3836,6023
13.3845,6022
13.3853,6021
13.4324,6020
13.4333,6019
13.4342,6018
13.4351,6017
13.4359,6016
13.4368,6015
13.4378,6014
13.4403,6013
13.4412,6012
13.4422,6011
13.4437,6010
13.4447,6009
13.4456,6008
13.4647,6007
13.481,6006
13.5214,6005
13.5322,6004
13.5383,6003
13.6278,6002
13.6287,6001
13.6296,6000
13.6322,5999
13.6331,5998
13.6341,5997
13.635,5996
13.6358,5995
13.6367,5994
13.6882,5993
13.6893,5992
13.692,5991
13.6929,5990
13.6967,5989
13.6976,5988
13.7029,5987
13.7038,5986
13.7047,5985
13.7056,5984
13.7065,5983
13.7074,5982
13.7619,5981
13.7628,5980
13.7638,5979
13.7647,5978
13.7656,5977
13.7667,5976
13.7683,5975
13.7698,5974
13.7717,5973
13.7733,5972
13.8185,5971
13.8194,5970
13.8204,5969
13.8213,5968
13.8222,5967
13.823,5966
13.824,5965
13.8249,5964
13.8257,5963
13.8266,5962
13.8275,5961
13.8794,5960
13.8803,5959
13.8812,5958
13.882,5957
13.8829,5956
13.8837,5955
13.8846,5954
13.8855,5953
13.8863,5952
13.8872,5951
13.8881,5950
13.9302,5949
13.9329,5948
13.9337,5947
13.9346,5946
13.9356,5945
13.9365,5944
13.9374,5943
13.9382,5942
13.9391,5941
13.9399,5940
13.9812,5939
13.9838,5938
13.9847,5937
13.9856,5936
13.9865,5935
13.9873,5934
13.9882,5933
13.9891,5932
13.99,5931
14.0355,5930
14.0365,5929
14.0374,5928
14.0383,5927
14.0391,5926
14.04,5925
14.0409,5924
14.0417,5923
14.0426,5922
14.0435,5921
14.0765,5920
14.0775,5919
14.0783,5918
14.0792,5917
14.0801,5916
14.081,5915
14.0819,5914
14.0827,5913
14.0836,5912
14.0845,5911
14.0854,5910
14.0947,5909
14.0958,5908
14.0967,5907
14.0976,5906
14.0985,5905
14.0994,5904
14.1002,5903
14.1011,5902
14.102,5901
14.2064,5900
14.2073,5899
14.2082,5898
14.2091,5897
14.2099,5896
14.2107,5895
14.2116,5894
14.2125,5893
14.2134,5892
14.2142,5891
14.2151,5890
14.2159,5889
14.2584,5888
14.2594,5887
14.2604,5886
14.2612,5885
14.2621,5884
14.2629,5883
14.2638,5882
14.2646,5881
14.2655,5880
14.2663,5879
14.2672,5878
14.2993,5877
14.3002,5876
14.3011,5875
14.302,5874
14.3029,5873
14.3037,5872
14.3046,5871
14.3056,5870
14.3072,5869
14.3081,5868
14.309,5867
14.3562,5866
14.3571,5865
14.358,5864
14.3588,5863
14.3597,5862
14.3605,5861
14.3614,5860
14.3623,5859
14.3631,5858
14.364,5857
14.3648,5856
14.3657,5855
14.4346,5854
14.4356,5853
14.4365,5852
14.4374,5851
14.4383,5850
14.4392,5849
14.4401,5848
14.4409,5847
14.4418,5846
14.4427,5845
14.4436,5844
14.4851,5843
14.4861,5842
14.487,5841
14.4878,5840
14.4887,5839
14.4895,5838
14.4904,5837
14.4913,5836
14.4921,5835
14.493,5834
14.4938,5833
14.4947,5832
14.5376,5831
14.5385,5830
14.5394,5829
14.5403,5828
14.5411,5827
14.5421,5826
14.5429,5825
14.5438,5824
14.5447,5823
14.5857,5822
14.5867,5821
14.5876,5820
14.5884,5819
14.5893,5818
14.5902,5817
14.5911,5816
14.5919,5815
14.5928,5814
14.5937,5813
14.5945,5812
14.5954,5811
14.6499,5810
14.651,5809
14.6523,5808
14.6532,5807
14.6556,5806
14.6569,5805
14.658,5804
14.659,5803
14.6601,5802
14.6611,5801
14.6637,5800
14.6648,5799
14.6657,5798
14.6668,5797
14.6679,5796
14.6688,5795
14.6697,5794
14.6705,5793
14.6714,5792
14.6723,5791
14.6731,5790
14.7244,5789
14.7253,5788
14.7263,5787
14.7272,5786
14.7281,5785
14.729,5784
14.7299,5783
14.7307,5782
14.7316,5781
14.7325,5780
14.7334,5779
14.7863,5778
14.7873,5777
14.7881,5776
14.789,5775
14.7899,5774
14.7908,5773
14.7916,5772
14.7925,5771
14.7933,5770
14.7942,5769
14.795,5768
14.7959,5767
14.8504,5766
14.8513,5765
14.8522,5764
14.8531,5763
14.854,5762
14.8549,5761
14.8558,5760
14.8566,5759
14.8575,5758
14.8584,5757
14.8593,5756
14.9219,5755
14.9228,5754
14.9238,5753
14.9247,5752
14.9256,5751
14.9265,5750
14.9327,5749
14.9357,5748
14.9366,5747
14.9376,5746
14.9385,5745
14.9735,5744
14.9744,5743
14.9753,5742
14.9762,5741
14.9771,5740
14.9781,5739
14.979,5738
14.9799,5737
14.9808,5736
14.9816,5735
14.9825,5734
15.0266,5733
15.0275,5732
15.0284,5731
15.0293,5730
15.0303,5729
15.0312,5728
15.0321,5727
15.0329,5726
15.0338,5725
15.0347,5724
15.0356,5723
15.0834,5722
15.0843,5721
15.0852,5720
15.0861,5719
15.0871,5718
15.088,5717
15.0889,5716
15.0898,5715
15.0924,5714
15.1378,5713
15.1405,5712
15.1414,5711
15.1423,5710
15.1432,5709
15.1441,5708
15.145,5707
15.1459,5706
15.2006,5705
15.2015,5704
15.2042,5703
15.2051,5702
15.206,5701
15.2069,5700
15.2078,5699
15.2087,5698
15.2501,5697
15.2511,5696
15.252,5695
15.2528,5694
15.2537,5693
15.2546,5692
15.2555,5691
15.2564,5690
15.2572,5689
15.2581,5688
15.259,5687
15.2598,5686
15.3146,5685
15.3155,5684
15.3164,5683
15.3173,5682
15.3182,5681
15.3209,5680
15.3235,5679
15.3989,5678
15.3998,5677
15.4007,5676
15.4016,5675
15.4025,5674
15.4051,5673
15.4059,5672
15.4068,5671
15.4076,5670
15.4393,5669
15.4403,5668
15.4411,5667
15.442,5666
15.4446,5665
15.4472,5664
15.448,5663
15.4489,5662
15.5053,5661
15.5063,5660
15.5071,5659
15.5081,5658
15.5089,5657
15.5098,5656
15.5107,5655
15.5115,5654
15.5124,5653
15.5133,5652
15.5141,5651
15.5526,5650
15.5536,5649
15.5545,5648
15.5953,5647
15.5962,5646
15.6022,5645
15.6033,5644
15.6045,5643
15.6058,5642
15.6068,5641
15.6082,5640
15.6139,5639
15.6148,5638
15.6157,5637
15.6166,5636
15.6175,5635
15.6183,5634
15.621,5633
15.6219,5632
15.6228,5631
15.6858,5630
15.6884,5629
15.6893,5628
15.6901,5627
15.7365,5626
15.7376,5625
15.7386,5624
15.7412,5623
15.7421,5622
15.7429,5621
15.7438,5620
15.8045,5619
15.8054,5618
15.8063,5617
15.8072,5616
15.883,5615
15.8839,5614
15.8848,5613
15.8857,5612
15.8866,5611
15.8976,5610
15.8986,5609
15.8995,5608
15.9008,5607
15.9017,5606
15.9026,5605
15.9035,5604
15.9043,5603
15.9052,5602
15.9061,5601
15.9069,5600
15.9349,5599
15.9359,5598
15.9368,5597
15.9376,5596
15.9385,5595
15.9411,5594
15.942,5593
15.9429,5592
15.9437,5591
15.9446,5590
15.9858,5589
15.9886,5588
15.9895,5587
15.9903,5586
15.9912,5585
15.992,5584
15.9929,5583
15.9937,5582
15.9946,5581
16.0465,5580
16.0474,5579
16.0485,5578
16.0494,5577
16.0503,5576
16.0511,5575
16.052,5574
16.0529,5573
16.0538,5572
16.0547,5571
16.0557,5570
16.1218,5569
16.1227,5568
16.1236,5567
16.1244,5566
16.1253,5565
16.1261,5564
16.127,5563
16.1278,5562
16.1287,5561
16.1296,5560
16.1304,5559
16.1313,5558
16.172,5557
16.1729,5556
16.1738,5555
16.1747,5554
16.1755,5553
16.1764,5552
16.1772,5551
16.1781,5550
16.2261,5549
16.227,5548
16.2278,5547
16.2287,5546
16.2296,5545
16.2305,5544
16.2314,5543
16.2324,5542
16.2332,5541
16.282,5540
16.2829,5539
16.2838,5538
16.2847,5537
16.2856,5536
16.2865,5535
16.2874,5534
16.29,5533
16.2909,5532
16.3194,5531
16.3204,5530
16.3213,5529
16.3222,5528
16.3231,5527
16.324,5526
16.3249,5525
16.3257,5524
16.3267,5523
16.3276,5522
16.3284,5521
16.3779,5520
16.3788,5519
16.3797,5518
16.3807,5517
16.3815,5516
16.3842,5515
16.3851,5514
16.3861,5513
16.387,5512
16.434,5511
16.4349,5510
16.4358,5509
16.4383,5508
16.4392,5507
16.44,5506
16.4425,5505
16.4434,5504
16.4894,5503
16.4903,5502
16.4918,5501
16.4927,5500
16.4953,5499
16.4962,5498
16.497,5497
16.4979,5496
16.4987,5495
16.5458,5494
16.5467,5493
16.5481,5492
16.549,5491
16.5499,5490
16.5508,5489
16.5517,5488
16.5542,5487
16.6082,5486
16.6109,5485
16.6117,5484
16.6126,5483
16.6135,5482
16.6143,5481
16.6152,5480
16.616,5479
16.6169,5478
16.6686,5477
16.67,5476
16.6712,5475
16.6721,5474
16.6763,5473
16.6772,5472
16.7199,5471
16.7208,5470
16.7216,5469
16.7225,5468
16.7234,5467
16.7242,5466
16.7268,5465
16.7276,5464
16.7285,5463
16.7293,5462
16.7795,5461
16.7804,5460
16.7813,5459
16.7821,5458
16.783,5457
16.7839,5456
16.7847,5455
16.7856,5454
16.7865,5453
16.7874,5452
16.7882,5451
16.8193,5450
16.8202,5449
16.8211,5448
16.8237,5447
16.8245,5446
16.8254,5445
16.8279,5444
16.8692,5443
16.8702,5442
16.8711,5441
16.872,5440
16.8729,5439
16.8738,5438
16.8747,5437
16.8756,5436
16.8765,5435
16.8773,5434
16.8782,5433
16.8791,5432
16.9225,5431
16.9269,5430
16.9278,5429
16.985,5428
16.9859,5427
16.9868,5426
16.9877,5425
16.9885,5424
16.9912,5423
16.9921,5422
16.9929,5421
16.9938,5420
17.0378,5419
17.0387,5418
17.0395,5417
17.0404,5416
17.0413,5415
17.0422,5414
17.0431,5413
17.044,5412
17.0449,5411
17.1024,5410
17.1034,5409
17.1043,5408
17.1052,5407
17.1061,5406
17.107,5405
17.1079,5404
17.1105,5403
17.1503,5402
17.1512,5401
17.1521,5400
17.153,5399
17.1556,5398
17.1565,5397
17.1574,5396
17.1955,5395
17.1964,5394
17.1974,5393
17.1982,5392
17.1991,5391
17.2014,5390
17.2024,5389
17.2035,5388
17.2535,5387
17.2544,5386
17.2553,5385
17.2562,5384
17.2587,5383
17.2596,5382
17.2604,5381
17.3046,5380
17.3055,5379
17.3064,5378
17.3072,5377
17.3098,5376
17.3107,5375
17.3132,5374
17.3141,5373
17.315,5372
17.316,5371
17.3169,5370
17.3177,5369
17.3186,5368
17.3195,5367
17.3204,5366
17.3213,5365
17.3221,5364
17.323,5363
17.3706,5362
17.3715,5361
17.3724,5360
17.3732,5359
17.3741,5358
17.3749,5357
17.3758,5356
17.3767,5355
17.3775,5354
17.3784,5353
17.3793,5352
17.3801,5351
17.4285,5350
17.4294,5349
17.4303,5348
17.4312,5347
17.432,5346
17.4329,5345
17.4338,5344
17.4346,5343
17.4355,5342
17.4363,5341
17.4372,5340
17.4901,5339
17.491,5338
17.4919,5337
17.4927,5336
17.4936,5335
17.4944,5334
17.4953,5333
17.4961,5332
17.497,5331
17.4979,5330
17.4987,5329
17.4996,5328
17.539,5327
17.5399,5326
17.5407,5325
17.5416,5324
17.5425,5323
17.5433,5322
17.5442,5321
17.545,5320
17.5459,5319
17.5467,5318
17.5476,5317
17.5485,5316
17.5874,5315
17.5882,5314
17.5891,5313
17.59,5312
17.5908,5311
17.5917,5310
17.5925,5309
17.5934,5308
17.5942,5307
17.5951,5306
17.6416,5305
17.6425,5304
17.6434,5303
17.6442,5302
17.6451,5301
17.646,5300
17.6485,5299
17.6493,5298
17.6502,5297
17.6948,5296
17.6957,5295
17.6965,5294
17.6974,5293
17.6983,5292
17.6991,5291
17.7,5290
17.7008,5289
17.7016,5288
17.7025,5287
17.7033,5286
17.7418,5285
17.7428,5284
17.7437,5283
17.7446,5282
17.7454,5281
17.7463,5280
17.7472,5279
17.7497,5278
17.7505,5277
17.7515,5276
17.7563,5275
17.7572,5274
17.7581,5273
17.7589,5272
17.7598,5271
17.7606,5270
17.7615,5269
17.7624,5268
17.7632,5267
17.8383,5266
17.8411,5265
17.842,5264
17.8429,5263
17.8441,5262
17.845,5261
17.8459,5260
17.8467,5259
17.8475,5258
17.8484,5257
17.89,5256
17.8908,5255
17.8917,5254
17.8926,5253
17.8934,5252
17.8943,5251
17.8952,5250
17.896,5249
17.8968,5248
17.8978,5247
17.943,5246
17.9439,5245
17.9448,5244
17.9456,5243
17.9465,5242
17.9474,5241
17.9499,5240
17.9508,5239
17.9516,5238
17.9899,5237
17.9926,5236
17.9935,5235
17.9944,5234
17.9953,5233
17.9962,5232
17.997,5231
17.9979,5230
18.0422,5229
18.0431,5228
18.044,5227
18.0448,5226
18.0457,5225
18.0466,5224
18.0476,5223
18.0503,5222
18.0512,5221
18.0983,5220
18.0992,5219
18.1,5218
18.1009,5217
18.1018,5216
18.1026,5215
18.1035,5214
18.1043,5213
18.1069,5212
18.156,5211
18.1568,5210
18.1577,5209
18.2066,5208
18.2092,5207
18.2101,5206
18.211,5205
18.2118,5204
18.2127,5203
18.2136,5202
18.2145,5201
18.2556,5200
18.2565,5199
18.2574,5198
18.2583,5197
18.2592,5196
18.26,5195
18.2608,5194
18.2617,5193
18.2626,5192
18.2651,5191
18.3069,5190
18.3082,5189
18.3091,5188
18.3099,5187
18.3108,5186
18.3117,5185
18.3125,5184
18.315,5183
18.3741,5182
18.375,5181
18.3775,5180
18.3784,5179
18.3793,5178
18.3801,5177
18.381,5176
18.4233,5175
18.4242,5174
18.4251,5173
18.4259,5172
18.4268,5171
18.4276,5170
18.4284,5169
18.4293,5168
18.4302,5167
18.431,5166
18.4318,5165
18.4695,5164
18.4704,5163
18.5156,5162
18.5174,5161
18.5183,5160
18.5192,5159
18.5217,5158
18.5225,5157
18.5233,5156
18.5242,5155
18.5251,5154
18.5259,5153
18.571,5152
18.5719,5151
18.573,5150
18.5739,5149
18.5749,5148
18.5763,5147
18.5804,5146
18.6144,5145
18.6154,5144
18.6162,5143
18.617,5142
18.6186,5141
18.6194,5140
18.6203,5139
18.6227,5138
18.6236,5137
18.6244,5136
18.6656,5135
18.6665,5134
18.6673,5133
18.6682,5132
18.6706,5131
18.6715,5130
18.6723,5129
18.6731,5128
18.674,5127
18.7189,5126
18.7214,5125
18.7223,5124
18.7231,5123
18.7239,5122
18.7248,5121
18.7256,5120
18.7746,5119
18.7755,5118
18.778,5117
18.7804,5116
18.7813,5115
18.7822,5114
18.7831,5113
18.8287,5112
18.8336,5111
18.8344,5110
18.8353,5109
18.8361,5108
18.837,5107
18.8803,5106
18.8812,5105
18.8821,5104
18.8846,5103
18.8854,5102
18.8863,5101
18.8882,5100
18.889,5099
18.9313,5098
18.9323,5097
18.9331,5096
18.934,5095
18.9348,5094
18.9357,5093
18.9365,5092
18.9374,5091
18.9382,5090
18.9391,5089
18.9399,5088
18.9407,5087
18.9635,5086
18.9644,5085
18.9652,5084
18.9661,5083
18.967,5082
18.9678,5081
18.9687,5080
18.9695,5079
18.9704,5078
19.0238,5077
19.0247,5076
19.0256,5075
19.0265,5074
19.0274,5073
19.0283,5072
19.0292,5071
19.03,5070
19.0309,5069
19.0317,5068
19.0326,5067
19.0334,5066
19.1015,5065
19.1024,5064
19.1033,5063
19.1042,5062
19.1053,5061
19.1061,5060
19.107,5059
19.1078,5058
19.1087,5057
19.1465,5056
19.1509,5055
19.1534,5054
19.1543,5053
19.1552,5052
19.1566,5051
19.1652,5050
19.1678,5049
19.1687,5048
19.1696,5047
19.1705,5046
19.1714,5045
19.174,5044
19.255,5043
19.256,5042
19.2569,5041
19.2578,5040
19.2587,5039
19.2595,5038
19.2604,5037
19.263,5036
19.3091,5035
19.31,5034
19.3109,5033
19.3118,5032
19.3127,5031
19.3135,5030
19.3144,5029
19.3689,5028
19.3698,5027
19.3706,5026
19.3715,5025
19.3723,5024
19.3732,5023
19.374,5022
19.4169,5021
19.4178,5020
19.4187,5019
19.4263,5018
19.4639,5017
19.4647,5016
19.4656,5015
19.4665,5014
19.4673,5013
19.4682,5012
19.4698,5011
19.4707,5010
19.4716,5009
19.5164,5008
19.5174,5007
19.5182,5006
19.5191,5005
19.5235,5004
19.5243,5003
19.5252,5002
19.526,5001
19.5671,5000
19.5698,4999
19.5707,4998
19.5716,4997
19.5724,4996
19.5733,4995
19.5741,4994
19.5766,4993
19.6236,4992
19.6262,4991
19.627,4990
19.6279,4989
19.6288,4988
19.6296,4987
19.6305,4986
19.6313,4985
19.6321,4984
19.7011,4983
19.702,4982
19.7029,4981
19.7038,4980
19.7063,4979
19.7071,4978
19.7096,4977
19.7105,4976
19.7486,4975
19.7496,4974
19.7504,4973
19.7546,4972
19.7555,4971
19.7564,4970
19.7572,4969
19.7581,4968
19.8065,4967
19.8107,4966
19.8116,4965
19.8124,4964
19.8133,4963
19.817,4962
19.8179,4961
19.8187,4960
19.823,4959
19.8239,4958
19.8247,4957
19.8876,4956
19.8885,4955
19.8894,4954
19.8902,4953
19.891,4952
19.8919,4951
19.8943,4950
19.8952,4949
19.896,4948
19.8968,4947
19.9432,4946
19.9441,4945
19.945,4944
19.9476,4943
19.9485,4942
19.9495,4941
19.9504,4940
19.9512,4939
20.0082,4938
20.0091,4937
20.0099,4936
20.0108,4935
20.0116,4934
20.0141,4933
20.0149,4932
20.0786,4931
20.0796,4930
20.0821,4929
20.083,4928
20.0838,4927
20.0846,4926
20.1222,4925
20.123,4924
20.1238,4923
20.1263,4922
20.1272,4921
20.128,4920
20.129,4919
20.1298,4918
20.1772,4917
20.1781,4916
20.1791,4915
20.1799,4914
20.2511,4913
20.2537,4912
20.2561,4911
20.257,4910
20.2579,4909
20.2604,4908
20.2612,4907
20.262,4906
20.2628,4905
20.2637,4904
20.2645,4903
20.2653,4902
20.2661,4901
20.3526,4900
20.3535,4899
20.3559,4898
20.3567,4897
20.3576,4896
20.3601,4895
20.361,4894
20.4101,4893
20.4126,4892
20.4134,4891
20.4143,4890
20.4168,4889
20.4177,4888
20.4185,4887
20.4618,4886
20.5202,4885
20.5295,4884
20.5306,4883
20.5758,4882
20.5767,4881
20.5775,4880
20.5784,4879
20.5792,4878
20.5833,4877
20.6226,4876
20.6235,4875
20.626,4874
20.6268,4873
20.6277,4872
20.6302,4871
20.6311,4870
20.6319,4869
20.6831,4868
20.684,4867
20.6848,4866
20.6857,4865
20.6865,4864
20.6874,4863
20.6899,4862
20.6907,4861
20.6916,4860
20.6924,4859
20.7364,4858
20.7372,4857
20.7381,4856
20.7406,4855
20.7415,4854
20.7423,4853
20.7431,4852
20.744,4851
20.7903,4850
20.7912,4849
20.7921,4848
20.7929,4847
20.7937,4846
20.7946,4845
20.7954,4844
20.7963,4843
20.7971,4842
20.7979,4841
20.859,4840
20.8599,4839
20.8608,4838
20.8634,4837
20.8678,4836
20.8785,4835
20.8809,4834
20.8818,4833
20.8826,4832
20.8834,4831
20.8843,4830
20.972,4829
20.9778,4828
21.0074,4827
21.0083,4826
21.0091,4825
21.01,4824
21.0452,4823
21.0461,4822
21.047,4821
21.0498,4820
21.0506,4819
21.0515,4818
21.0524,4817
21.0533,4816
21.0541,4815
21.155,4814
21.1576,4813
21.1585,4812
21.1593,4811
21.1622,4810
21.1631,4809
21.164,4808
21.2087,4807
21.2147,4806
21.2174,4805
21.233,4804
21.234,4803
21.237,4802
21.2379,4801
21.2388,4800
21.3188,4799
21.3196,4798
21.3205,4797
21.3213,4796
21.3602,4795
21.3611,4794
21.4138,4793
21.4183,4792
21.4191,4791
21.42,4790
21.47,4789
21.471,4788
21.474,4787
21.4751,4786
21.4763,4785
21.4772,4784
21.4781,4783
21.479,4782
21.4798,4781
21.5533,4780
21.5547,4779
21.5557,4778
21.5566,4777
21.5609,4776
21.5618,4775
21.5981,4774
21.599,4773
21.5998,4772
21.6007,4771
21.6015,4770
21.6024,4769
21.6049,4768
21.6057,4767
21.6536,4766
21.6545,4765
21.6974,4764
21.6982,4763
21.6991,4762
21.7017,4761
21.7025,4760
21.7034,4759
21.7042,4758
21.7051,4757
21.8671,4756
21.868,4755
21.8688,4754
21.8697,4753
21.8705,4752
21.9183,4751
21.9241,4750
21.9734,4749
21.9743,4748
21.9751,4747
21.976,4746
22.0284,4745
22.0329,4744
22.0338,4743
22.0381,4742
22.1032,4741
22.1541,4740
22.2374,4739
22.2383,4738
22.2391,4737
22.2399,4736
22.279,4735
22.2799,4734
22.2807,4733
22.2848,4732
22.2856,4731
22.2865,4730
22.3305,4729
22.3314,4728
22.3323,4727
22.3331,4726
22.334,4725
22.3348,4724
22.3356,4723
22.3381,4722
22.339,4721
22.3398,4720
22.3772,4719
22.3782,4718
22.379,4717
22.3816,4716
22.4417,4715
22.4458,4714
22.4979,4713
22.4987,4712
22.4996,4711
22.5004,4710
22.5013,4709
22.5055,4708
22.5064,4707
22.552,4706
22.553,4705
22.554,4704
22.555,4703
22.5609,4702
22.5955,4701
22.5981,4700
22.6013,4699
22.6023,4698
22.6033,4697
22.6042,4696
22.7132,4695
22.7141,4694
22.7149,4693
22.716,4692
22.7168,4691
22.7178,4690
22.7186,4689
22.7211,4688
22.7219,4687
22.7228,4686
22.7395,4685
22.7404,4684
22.7412,4683
22.7421,4682
22.7462,4681
22.747,4680
22.7479,4679
22.7912,4678
22.7938,4677
22.7979,4676
22.7987,4675
22.8511,4674
22.852,4673
22.8528,4672
22.9246,4671
22.9351,4670
22.9828,4669
22.9837,4668
22.9846,4667
22.9855,4666
22.9864,4665
23.0027,4664
23.0304,4663
23.0313,4662
23.0321,4661
23.0329,4660
23.0338,4659
23.0346,4658
23.0355,4657
23.0363,4656
23.0885,4655
23.0944,4654
23.0968,4653
23.0976,4652
23.186,4651
23.1869,4650
23.1878,4649
23.1887,4648
23.1896,4647
23.2514,4646
23.2523,4645
23.2532,4644
23.254,4643
23.3595,4642
23.3604,4641
23.4107,4640
23.415,4639
23.4562,4638
23.4571,4637
23.4579,4636
23.4588,4635
23.4596,4634
23.4968,4633
23.4976,4632
23.4985,4631
23.4993,4630
23.596,4629
23.5969,4628
23.5978,4627
23.6054,4626
23.6368,4625
23.6396,4624
23.6405,4623
23.643,4622
23.6438,4621
23.6465,4620
23.7014,4619
23.7039,4618
23.7047,4617
23.7055,4616
23.7064,4615
23.7072,4614
23.7659,4613
23.8887,4612
23.8896,4611
23.8904,4610
23.8913,4609
23.8921,4608
23.893,4607
23.8938,4606
23.8947,4605
23.9333,4604
23.9342,4603
23.935,4602
23.9358,4601
23.96,4600
24.1179,4599
24.1236,4598
24.126,4597
24.1269,4596
24.2098,4595
24.2182,4594
24.2209,4593
24.526,4592
24.5286,4591
24.5778,4590
24.6281,4589
24.629,4588
24.6298,4587
24.9178,4586
24.9187,4585
24.9196,4584
24.9269,4583
24.9832,4582
24.9958,4581
25.0449,4580
25.0458,4579
25.0482,4578
25.0491,4577
25.05,4576
25.123,4575
25.3019,4574
25.3035,4573
25.3044,4572
25.3053,4571
25.3061,4570
25.3103,4569
25.3112,4568
25.3623,4567
25.3633,4566
25.3692,4565
25.4494,4564
25.4504,4563
25.6664,4562
25.6673,4561
25.6717,4560
25.6725,4559
25.7287,4558
25.7313,4557
25.7322,4556
25.851,4555
25.8535,4554
25.8984,4553
25.9009,4552
25.9018,4551
25.9026,4550
25.9485,4549
25.9527,4548
25.9552,4547
26.1291,4546
26.1663,4545
26.1683,4544
26.1692,4543
26.4546,4542
26.4555,4541
26.5068,4540
26.5453,4539
26.6526,4538
26.6536,4537
26.6544,4536
26.7018,4535
26.7027,4534
26.7051,4533
26.7059,4532
26.7644,4531
26.7653,4530
26.7695,4529
26.7704,4528
26.7713,4527
26.7738,4526
26.8743,4525
26.9036,4524
26.9097,4523
26.9122,4522
26.9131,4521
26.9648,4520
26.9657,4519
26.9665,4518
27.0266,4517
27.0275,4516
27.1789,4515
28.2016,4514
29.0383,4513
29.1007,4512
29.1016,4511
29.1043,4510
29.1052,4509
29.1374,4508
29.1383,4507
29.141,4506
29.1435,4505
29.1869,4504
30.5603,4503
30.6242,4502
30.6251,4501
30.626,4500
30.6301,4499
30.6326,4498
30.6334,4497
30.6778,4496
30.6851,4495
30.7439,4494
30.7465,4493
31.1735,4492
31.243,4491
31.3049,4490
31.3089,4489
31.3115,4488
31.7832,4487
31.8174,4486
31.8183,4485
31.8208,4484
31.8216,4483
31.878,4482
31.8789,4481
31.8797,4480
34.0182,4479
34.019,4478
34.0199,4477
34.1867,4476
34.1876,4475
34.2286,4474
34.3963,4473
35.2896,4472
35.2905,4471
35.2913,4470
35.2921,4469
35.9414,4468
35.9823,4467
35.9832,4466
36.0357,4465
36.0365,4464
36.0374,4463
36.04,4462
38.5274,4461
38.7082,4460
40.5123,4459
40.5132,4458
40.5487,4457
40.5495,4456
40.5504,4455
40.6079,4454
40.6104,4453
40.7448,4452
40.7457,4451
41.9583,4450
41.9592,4449
41.9601,4448
42.1666,4447
42.2278,4446
42.2287,4445
42.2312,4444
42.232,4443
42.2756,4442
42.2766,4441
42.279,4440
42.2798,4439
42.6262,4438
42.627,4437
42.7325,4436
42.7367,4435
42.7375,4434
42.8231,4433
42.8277,4432
42.8305,4431
42.8313,4430
42.8324,4429
42.8582,4428
42.8591,4427
42.9478,4426
42.9486,4425
42.9495,4424
42.952,4423
42.9529,4422
43.0129,4421
43.0958,4420
43.0982,4419
43.1023,4418
43.1052,4417
43.162,4416
43.1628,4415
43.1637,4414
43.2399,4413
43.2408,4412
43.2417,4411
43.3347,4410
43.3363,4409
43.5057,4408
43.5065,4407
43.5074,4406
43.5331,4405
43.6901,4404
43.6915,4403
43.7024,4402
43.8398,4401
43.8462,4400
50.3103,4399
50.3112,4398
50.312,4397
50.4301,4396
50.431,4395
50.4319,4394
50.4327,4393
50.4336,4392
50.4344,4391
50.4658,4390
50.4668,4389
50.5405,4388
50.5414,4387
50.5422,4386
50.6903,4385
50.6911,4384
50.6919,4383
50.6944,4382
50.7984,4381
50.7992,4380
50.8001,4379
50.8482,4378
50.8491,4377
50.9037,4376
50.9079,4375
50.9494,4374
50.9503,4373
50.9527,4372
52.2648,4371
52.315,4370
52.4752,4369
52.5122,4368
52.5131,4367
52.5139,4366
52.6226,4365
52.6234,4364
52.6242,4363
52.625,4362
52.6258,4361
52.6266,4360
56.1689,4359
56.1698,4358
56.22,4357
56.2838,4356
56.2847,4355
56.2855,4354
57.1535,4353
57.1544,4352
57.1552,4351
57.156,4350
57.2161,4349
57.3593,4348
57.4256,4347
57.4266,4346
59.9826,4345
59.9868,4344
60.0409,4343
60.0434,4342
60.1586,4341
60.1986,4340
60.1995,4339
60.2004,4338
60.2013,4337
60.2039,4336
60.2047,4335
61.9303,4334
61.9312,4333
61.932,4332
62.0197,4331
62.0718,4330
62.0768,4329
62.1492,4328
62.1501,4327
62.151,4326
62.2619,4325
62.2627,4324
62.444,4323
62.4976,4322
62.5496,4321
64.861,4320
64.9251,4319
64.9261,4318
64.9336,4317
64.9702,4316
64.9711,4315
64.9757,4314
64.9781,4313
65.037,4312
65.0379,4311
66.561,4310
66.5954,4309
67.406,4308
68.3888,4307
68.3897,4306
68.8332,4305
68.8341,4304
73.6026,4303
73.6581,4302
73.659,4301
73.6634,4300
73.6643,4299
73.791,4298
73.7919,4297
73.9601,4296
73.961,4295
73.9634,4294
73.9643,4293
73.9651,4292
74.0097,4291
75.4965,4290
75.499,4289
75.5053,4288
75.5563,4287
75.5572,4286
75.563,4285
75.5638,4284
75.5986,4283
75.5994,4282
75.6003,4281
75.6605,4280
75.663,4279
75.7099,4278
75.7107,4277
75.7116,4276
75.7124,4275
86.1301,4274
86.1333,4273
86.1342,4272
86.2081,4271
86.2089,4270
86.2098,4269
87.0589,4268
87.0598,4267
87.0636,4266
87.0647,4265
87.0656,4264
87.1558,4263
87.1568,4262
87.2148,4261
87.2769,4260
87.278,4259
87.2806,4258
87.4133,4257
87.5351,4256
87.6798,4255
88.6731,4254
88.8908,4253
89.7294,4252
89.7612,4251
89.7639,4250
89.7689,4249
89.7698,4248
89.7707,4247
89.7715,4246
89.8305,4245
89.8331,4244
89.834,4243
89.8384,4242
89.8393,4241
89.8412,4240
89.8453,4239
89.8462,4238
89.8472,4237
89.8482,4236
89.8527,4235
89.8546,4234
89.8596,4233
89.8607,4232
89.8617,4231
107.559,4230
107.559,4229
107.56,4228
107.61,4227
107.61,4226
107.611,4225
107.752,4224
107.786,4223
107.794,4222
110.312,4221
110.313,4220
110.314,4219
110.315,4218
110.592,4217
110.593,4216
110.708,4215
110.709,4214
110.76,4213
110.761,4212
110.762,4211
110.891,4210
110.895,4209
113.475,4208
113.834,4207
113.835,4206
113.835,4205
113.893,4204
113.894,4203
113.895,4202
113.898,4201
113.899,4200
120.881,4199
120.975,4198
120.976,4197
120.976,4196
120.977,4195
122.028,4194
122.11,4193
122.111,4192
122.631,4191
122.632,4190
130.269,4189
130.27,4188
130.271,4187
130.272,4186
130.333,4185
130.336,4184
130.435,4183
130.436,4182
130.437,4181
130.475,4180
130.476,4179
130.477,4178
130.478,4177
130.479,4176
130.48,4175
130.482,4174
130.483,4173
130.484,4172
130.531,4171
130.532,4170
130.533,4169
130.592,4168
130.666,4167
130.667,4166
130.721,4165
130.722,4164
130.818,4163
156.908,4162
157.914,4161
158.282,4160
158.283,4159
159.623,4158
159.626,4157
159.63,4156
159.724,4155
159.725,4154
159.729,4153
160.739,4152
160.877,4151
161.051,4150
161.054,4149
162.077,4148
162.078,4147
163.004,4146
167.704,4145
191.262,4144
191.299,4143
191.348,4142
191.349,4141
191.407,4140
192.238,4139
192.239,4138
193.225,4137
193.281,4136
207.396,4135
207.397,4134
207.444,4133
207.445,4132
207.501,4131
207.562,4130
207.65,4129
207.653,4128
226.434,4127
226.838,4126
226.839,4125
226.84,4124
226.898,4123
226.899,4122
226.899,4121
226.9,4120
229.723,4119
229.724,4118
229.725,4117
229.77,4116
229.771,4115
229.775,4114
241.464,4113
241.47,4112
241.527,4111
241.592,4110
241.598,4109
307.812,4108
307.831,4107
318.198,4106
322.271,4105
322.273,4104
322.274,4103
322.286,4102
323.529,4101
323.529,4100
323.73,4099
330.898,4098
330.899,4097
330.923,4096
331.178,4095
331.779,4094
331.78,4093
331.781,4092
331.782,4091
331.782,4090
331.783,4089
1055.52,4088
1055.52,4087
1055.52,4086
1055.52,4085
1055.52,4084
1055.52,4083
1055.53,4082
5447.31,4081
5447.33,4080
5447.33,4079
5447.33,4078
5447.5,4077
5447.58,4076
5447.62,4075
5447.62,4074
5447.66,4073
5447.66,4072
5447.66,4071
5447.66,4070
5447.66,4069
