0.0309549,8360
0.0320977,8359
0.0331074,8358
0.0341046,8357
0.0350937,8356
0.0360795,8355
0.0370618,8354
0.0380433,8353
0.0390203,8352
0.0399926,8351
0.0710636,8350
0.0721048,8349
0.073102,8348
0.0740973,8347
0.0750821,8346
0.0760619,8345
0.0770422,8344
0.0780335,8343
0.0790009,8342
0.0799677,8341
0.172965,8340
0.173985,8339
0.174981,8338
0.175986,8337
0.176978,8336
0.177958,8335
0.178935,8334
0.179915,8333
0.180885,8332
0.18185,8331
0.239913,8330
0.241001,8329
0.242047,8328
0.243047,8327
0.244034,8326
0.245056,8325
0.246096,8324
0.247077,8323
0.248051,8322
0.249022,8321
0.292986,8320
0.294012,8319
0.295005,8318
0.295998,8317
0.296983,8316
0.297961,8315
0.298941,8314
0.299913,8313
0.300885,8312
0.301861,8311
0.332658,8310
0.333694,8309
0.334689,8308
0.335677,8307
0.33666,8306
0.337634,8305
0.338604,8304
0.339652,8303
0.340621,8302
0.341595,8301
0.405953,8300
0.406976,8299
0.407992,8298
0.409,8297
0.409988,8296
0.410969,8295
0.411974,8294
0.41295,8293
0.413923,8292
0.414897,8291
0.464496,8290
0.465984,8289
0.467007,8288
0.468009,8287
0.468997,8286
0.46998,8285
0.470961,8284
0.471935,8283
0.472913,8282
0.473885,8281
0.524501,8280
0.52552,8279
0.526985,8278
0.528005,8277
0.528983,8276
0.52996,8275
0.530936,8274
0.534306,8273
0.535458,8272
0.536466,8271
0.582388,8270
0.583407,8269
0.584405,8268
0.585393,8267
0.586372,8266
0.587352,8265
0.588322,8264
0.589286,8263
0.590252,8262
0.591208,8261
0.65133,8260
0.652803,8259
0.653808,8258
0.654797,8257
0.656313,8256
0.657327,8255
0.658337,8254
0.65933,8253
0.660343,8252
0.661314,8251
0.706409,8250
0.707424,8249
0.708416,8248
0.709398,8247
0.710376,8246
0.71135,8245
0.712323,8244
0.71329,8243
0.749436,8242
0.750466,8241
0.765558,8240
0.766575,8239
0.767567,8238
0.76855,8237
0.769535,8236
0.77051,8235
0.771481,8234
0.774387,8233
0.8056,8232
0.806603,8231
0.807541,8230
0.808486,8229
0.809451,8228
0.810388,8227
0.811329,8226
0.812317,8225
0.813272,8224
0.814208,8223
0.856193,8222
0.857224,8221
0.858198,8220
0.859188,8219
0.860188,8218
0.86113,8217
0.86209,8216
0.863062,8215
0.864025,8214
0.86499,8213
0.908519,8212
0.909465,8211
0.910388,8210
0.911323,8209
0.912354,8208
0.91335,8207
0.914343,8206
0.915319,8205
0.916253,8204
0.985767,8203
0.986807,8202
0.987811,8201
0.988795,8200
0.98978,8199
0.990764,8198
0.991733,8197
0.992721,8196
0.993692,8195
0.994667,8194
1.02689,8193
1.02891,8192
1.02993,8191
1.03094,8190
1.03204,8189
1.03309,8188
1.03408,8187
1.03505,8186
1.03602,8185
1.03699,8184
1.0856,8183
1.08661,8182
1.0876,8181
1.08858,8180
1.0996,8179
1.10062,8178
1.10161,8177
1.1026,8176
1.10357,8175
1.10455,8174
1.13845,8173
1.13946,8172
1.14053,8171
1.14152,8170
1.14258,8169
1.14359,8168
1.14456,8167
1.14553,8166
1.1465,8165
1.14747,8164
1.20028,8163
1.20131,8162
1.20232,8161
1.20341,8160
1.20442,8159
1.20539,8158
1.20636,8157
1.20732,8156
1.20829,8155
1.20925,8154
1.24638,8153
1.24738,8152
1.24832,8151
1.24926,8150
1.25019,8149
1.25112,8148
1.25204,8147
1.25297,8146
1.25391,8145
1.25483,8144
1.25577,8143
1.29813,8142
1.29955,8141
1.30055,8140
1.3015,8139
1.30266,8138
1.30363,8137
1.3046,8136
1.30556,8135
1.3065,8134
1.30743,8133
1.35035,8132
1.35138,8131
1.35237,8130
1.35336,8129
1.35434,8128
1.35531,8127
1.35628,8126
1.35724,8125
1.35819,8124
1.35914,8123
1.36009,8122
1.41195,8121
1.41294,8120
1.41394,8119
1.41491,8118
1.41587,8117
1.41682,8116
1.41776,8115
1.41869,8114
1.41962,8113
1.42056,8112
1.48749,8111
1.48852,8110
1.48951,8109
1.49048,8108
1.49144,8107
1.49243,8106
1.49339,8105
1.49433,8104
1.49528,8103
1.49623,8102
1.52647,8101
1.52751,8100
1.52855,8099
1.52954,8098
1.53052,8097
1.5315,8096
1.53251,8095
1.53349,8094
1.53445,8093
1.53541,8092
1.53637,8091
1.63548,8090
1.63649,8089
1.63749,8088
1.63847,8087
1.63945,8086
1.64043,8085
1.64141,8084
1.64238,8083
1.64335,8082
1.64432,8081
1.69501,8080
1.69599,8079
1.69693,8078
1.6979,8077
1.69884,8076
1.69984,8075
1.70083,8074
1.70176,8073
1.70268,8072
1.70364,8071
1.73626,8070
1.73726,8069
1.73826,8068
1.73924,8067
1.74021,8066
1.74195,8065
1.74293,8064
1.74391,8063
1.74488,8062
1.74595,8061
1.83159,8060
1.83268,8059
1.83368,8058
1.83467,8057
1.83568,8056
1.83666,8055
1.83768,8054
1.83867,8053
1.83964,8052
1.84061,8051
1.8953,8050
1.89631,8049
1.8973,8048
1.89828,8047
1.89925,8046
1.90022,8045
1.90119,8044
1.90242,8043
1.90354,8042
1.90451,8041
1.94853,8040
1.9496,8039
1.95085,8038
1.95193,8037
1.95338,8036
1.95436,8035
1.95533,8034
1.9563,8033
1.95726,8032
1.95822,8031
1.98069,8030
1.98172,8029
1.98266,8028
1.98368,8027
1.98462,8026
1.98598,8025
1.98692,8024
1.98786,8023
1.9888,8022
1.98974,8021
1.99069,8020
1.99163,8019
1.99258,8018
1.99353,8017
1.99446,8016
1.99539,8015
1.99634,8014
1.99727,8013
2.08401,8012
2.08501,8011
2.08596,8010
2.08691,8009
2.08785,8008
2.0888,8007
2.08973,8006
2.09067,8005
2.09161,8004
2.13777,8003
2.13877,8002
2.14391,8001
2.14491,8000
2.14589,7999
2.14686,7998
2.14784,7997
2.1488,7996
2.14976,7995
2.15072,7994
2.15168,7993
2.15263,7992
2.18725,7991
2.18922,7990
2.19022,7989
2.1912,7988
2.19219,7987
2.19319,7986
2.19417,7985
2.19514,7984
2.1961,7983
2.19705,7982
2.30518,7981
2.30628,7980
2.30732,7979
2.30831,7978
2.30929,7977
2.31025,7976
2.31122,7975
2.31218,7974
2.31313,7973
2.31409,7972
2.34177,7971
2.3428,7970
2.34379,7969
2.35578,7968
2.35679,7967
2.35777,7966
2.35883,7965
2.36161,7964
2.36266,7963
2.36364,7962
2.39871,7961
2.4075,7960
2.40851,7959
2.4095,7958
2.41048,7957
2.41153,7956
2.41254,7955
2.41352,7954
2.41449,7953
2.41545,7952
2.4583,7951
2.46135,7950
2.46235,7949
2.46332,7948
2.46428,7947
2.46524,7946
2.46621,7945
2.46723,7944
2.46826,7943
2.50825,7942
2.50925,7941
2.51023,7940
2.5112,7939
2.51217,7938
2.51314,7937
2.5141,7936
2.51505,7935
2.516,7934
2.51695,7933
2.56365,7932
2.56465,7931
2.56563,7930
2.56667,7929
2.56764,7928
2.56861,7927
2.56959,7926
2.57055,7925
2.5715,7924
2.57249,7923
2.60183,7922
2.60339,7921
2.60517,7920
2.60616,7919
2.60715,7918
2.60881,7917
2.60983,7916
2.61142,7915
2.61245,7914
2.61349,7913
2.67983,7912
2.68083,7911
2.68181,7910
2.68278,7909
2.68377,7908
2.68473,7907
2.68569,7906
2.68665,7905
2.68761,7904
2.68856,7903
2.72448,7902
2.72549,7901
2.72672,7900
2.72777,7899
2.72875,7898
2.72972,7897
2.73069,7896
2.73253,7895
2.73355,7894
2.73452,7893
2.77334,7892
2.77433,7891
2.77536,7890
2.77631,7889
2.77725,7888
2.77821,7887
2.77914,7886
2.78008,7885
2.78103,7884
2.78196,7883
2.78289,7882
2.78387,7881
2.7848,7880
2.78574,7879
2.78667,7878
2.78761,7877
2.78854,7876
2.78947,7875
2.7904,7874
2.79133,7873
2.79226,7872
2.89069,7871
2.89168,7870
2.89462,7869
2.89559,7868
2.89656,7867
2.89751,7866
2.89845,7865
2.8994,7864
2.90034,7863
2.92676,7862
2.92777,7861
2.92876,7860
2.92972,7859
2.93067,7858
2.93162,7857
2.93257,7856
2.93364,7855
2.93462,7854
2.93559,7853
2.97696,7852
2.97796,7851
2.97894,7850
2.97991,7849
2.98088,7848
2.98184,7847
2.98279,7846
2.98375,7845
2.98468,7844
2.98608,7843
3.03151,7842
3.03254,7841
3.03371,7840
3.03477,7839
3.03576,7838
3.03673,7837
3.03769,7836
3.03865,7835
3.0396,7834
3.04054,7833
3.04197,7832
3.1014,7831
3.12277,7830
3.12375,7829
3.12468,7828
3.1256,7827
3.12653,7826
3.12745,7825
3.12837,7824
3.12929,7823
3.13021,7822
3.1524,7821
3.15339,7820
3.15433,7819
3.15527,7818
3.158,7817
3.15892,7816
3.15983,7815
3.16074,7814
3.16268,7813
3.21297,7812
3.21402,7811
3.21498,7810
3.21593,7809
3.21688,7808
3.21785,7807
3.21905,7806
3.22008,7805
3.22103,7804
3.22197,7803
3.25837,7802
3.25935,7801
3.26039,7800
3.26138,7799
3.26235,7798
3.26331,7797
3.26427,7796
3.26522,7795
3.26616,7794
3.26707,7793
3.27457,7792
3.27556,7791
3.2765,7790
3.27742,7789
3.27833,7788
3.27924,7787
3.28017,7786
3.28108,7785
3.282,7784
3.28294,7783
3.28387,7782
3.3755,7781
3.37649,7780
3.37742,7779
3.37834,7778
3.37929,7777
3.38023,7776
3.38115,7775
3.38207,7774
3.383,7773
3.38392,7772
3.38485,7771
3.40666,7770
3.40764,7769
3.4086,7768
3.40955,7767
3.4105,7766
3.41146,7765
3.41241,7764
3.41334,7763
3.41428,7762
3.41523,7761
3.45111,7760
3.45227,7759
3.45324,7758
3.45417,7757
3.45514,7756
3.45608,7755
3.45701,7754
3.45799,7753
3.45892,7752
3.45985,7751
3.46082,7750
3.49364,7749
3.49464,7748
3.49561,7747
3.49655,7746
3.49748,7745
3.49842,7744
3.49934,7743
3.50026,7742
3.5012,7741
3.50213,7740
3.5231,7739
3.96069,7738
3.96167,7737
3.96265,7736
3.96362,7735
3.96459,7734
3.96555,7733
3.96661,7732
3.96757,7731
3.96853,7730
3.96948,7729
3.98782,7728
3.98896,7727
3.99004,7726
3.99102,7725
3.99199,7724
3.99295,7723
3.99391,7722
3.99486,7721
3.99581,7720
3.99675,7719
4.01143,7718
4.01243,7717
4.0134,7716
4.01437,7715
4.01533,7714
4.01629,7713
4.01724,7712
4.0182,7711
4.01916,7710
4.0201,7709
4.0645,7708
4.06565,7707
4.06664,7706
4.07047,7705
4.07146,7704
4.07251,7703
4.0735,7702
4.0745,7701
4.07547,7700
4.07643,7699
4.07738,7698
4.08847,7697
4.08987,7696
4.09084,7695
4.09181,7694
4.09283,7693
4.0938,7692
4.09476,7691
4.09571,7690
4.09666,7689
4.09761,7688
4.11494,7687
4.11593,7686
4.11691,7685
4.11799,7684
4.11896,7683
4.11993,7682
4.12088,7681
4.12184,7680
4.12279,7679
4.12373,7678
4.15948,7677
4.16048,7676
4.16264,7675
4.16371,7674
4.16469,7673
4.16565,7672
4.16661,7671
4.16756,7670
4.16852,7669
4.16948,7668
4.17044,7667
4.22056,7666
4.22155,7665
4.22262,7664
4.22359,7663
4.22455,7662
4.2255,7661
4.22646,7660
4.2274,7659
4.22835,7658
4.22929,7657
4.27514,7656
4.27615,7655
4.27714,7654
4.27813,7653
4.27911,7652
4.28009,7651
4.28106,7650
4.28203,7649
4.28297,7648
4.28392,7647
4.35948,7646
4.36047,7645
4.36143,7644
4.36239,7643
4.36336,7642
4.36428,7641
4.36522,7640
4.36617,7639
4.36708,7638
4.36799,7637
4.36894,7636
4.4018,7635
4.40282,7634
4.40379,7633
4.40476,7632
4.40572,7631
4.40667,7630
4.40762,7629
4.40857,7628
4.40951,7627
4.41045,7626
4.48819,7625
4.48918,7624
4.49015,7623
4.49119,7622
4.49215,7621
4.49323,7620
4.49419,7619
4.49514,7618
4.49609,7617
4.49703,7616
4.54577,7615
4.54676,7614
4.54774,7613
4.5487,7612
4.54966,7611
4.55061,7610
4.55155,7609
4.55293,7608
4.55387,7607
4.55481,7606
4.55575,7605
4.6095,7604
4.61047,7603
4.6114,7602
4.61233,7601
4.61327,7600
4.61419,7599
4.61511,7598
4.65656,7597
4.65755,7596
4.65848,7595
4.71176,7594
4.72592,7593
4.72818,7592
4.73013,7591
4.73171,7590
4.73288,7589
4.76571,7588
4.76671,7587
4.76768,7586
4.76865,7585
4.78031,7584
4.7813,7583
4.78231,7582
4.78333,7581
4.78434,7580
4.78534,7579
4.78638,7578
4.78734,7577
4.7883,7576
4.78927,7575
4.84219,7574
4.84318,7573
4.84415,7572
4.84512,7571
4.84608,7570
4.84703,7569
4.84798,7568
4.84896,7567
4.84991,7566
4.85085,7565
4.85179,7564
4.89346,7563
4.89443,7562
4.89539,7561
4.89635,7560
4.89729,7559
4.89824,7558
4.89918,7557
4.90012,7556
4.90105,7555
4.90199,7554
4.90699,7553
4.90797,7552
4.90893,7551
4.90989,7550
4.91083,7549
4.91178,7548
4.91272,7547
4.91366,7546
4.91459,7545
4.91552,7544
4.91644,7543
5.00929,7542
5.01028,7541
5.0113,7540
5.01227,7539
5.01324,7538
5.0142,7537
5.01514,7536
5.01609,7535
5.01704,7534
5.01797,7533
5.11257,7532
5.11359,7531
5.11456,7530
5.11552,7529
5.11647,7528
5.11741,7527
5.11836,7526
5.11936,7525
5.12029,7524
5.12123,7523
5.12217,7522
5.16563,7521
5.1666,7520
5.16755,7519
5.16851,7518
5.1697,7517
5.17068,7516
5.17162,7515
5.17257,7514
5.1735,7513
5.17443,7512
5.22573,7511
5.22673,7510
5.22771,7509
5.22868,7508
5.22964,7507
5.23069,7506
5.23165,7505
5.2326,7504
5.23354,7503
5.23447,7502
5.2354,7501
5.33321,7500
5.33433,7499
5.33558,7498
5.33698,7497
5.33794,7496
5.33889,7495
5.33984,7494
5.34264,7493
5.38364,7492
5.38462,7491
5.38555,7490
5.38646,7489
5.38737,7488
5.38829,7487
5.38919,7486
5.3901,7485
5.39282,7484
5.43802,7483
5.43898,7482
5.4399,7481
5.44081,7480
5.44173,7479
5.44266,7478
5.44358,7477
5.44453,7476
5.4455,7475
5.44642,7474
5.44734,7473
5.49125,7472
5.49219,7471
5.4936,7470
5.49456,7469
5.49547,7468
5.49639,7467
5.49732,7466
5.49826,7465
5.4992,7464
5.50012,7463
5.55576,7462
5.55695,7461
5.55792,7460
5.55888,7459
5.55982,7458
5.56096,7457
5.56191,7456
5.56372,7455
5.56543,7454
5.56642,7453
5.56768,7452
5.62482,7451
5.62645,7450
5.62742,7449
5.62838,7448
5.62982,7447
5.63077,7446
5.63171,7445
5.63292,7444
5.63388,7443
5.63481,7442
5.68906,7441
5.6905,7440
5.69147,7439
5.69242,7438
5.69341,7437
5.69575,7436
5.69672,7435
5.69772,7434
5.69867,7433
5.6996,7432
5.76332,7431
5.76433,7430
5.76534,7429
5.76684,7428
5.76781,7427
5.76877,7426
5.77014,7425
5.77109,7424
5.77202,7423
5.77296,7422
5.82427,7421
5.82525,7420
5.8262,7419
5.82714,7418
5.82808,7417
5.82901,7416
5.82993,7415
5.83087,7414
5.8318,7413
5.83272,7412
5.83426,7411
5.89557,7410
5.89658,7409
5.89752,7408
5.89847,7407
5.89943,7406
5.90036,7405
5.90127,7404
5.90217,7403
5.90307,7402
5.904,7401
5.90492,7400
5.9061,7399
5.90719,7398
5.90818,7397
5.90908,7396
5.91034,7395
5.91129,7394
5.9122,7393
5.91311,7392
5.91402,7391
5.91493,7390
5.98566,7389
5.98664,7388
5.98766,7387
6.021,7386
6.02198,7385
6.02294,7384
6.02391,7383
6.02483,7382
6.02574,7381
6.02666,7380
6.02758,7379
6.04185,7378
6.04281,7377
6.04385,7376
6.04479,7375
6.04572,7374
6.04665,7373
6.04757,7372
6.04849,7371
6.0494,7370
6.05033,7369
6.05124,7368
6.10423,7367
6.10524,7366
6.10621,7365
6.10716,7364
6.10812,7363
6.10906,7362
6.11,7361
6.11094,7360
6.11187,7359
6.11292,7358
6.16585,7357
6.16681,7356
6.16774,7355
6.16873,7354
6.16979,7353
6.17106,7352
6.17203,7351
6.17297,7350
6.1739,7349
6.17482,7348
6.22218,7347
6.22319,7346
6.22413,7345
6.22507,7344
6.226,7343
6.22691,7342
6.22785,7341
6.22878,7340
6.2297,7339
6.23062,7338
6.23153,7337
6.275,7336
6.27597,7335
6.27691,7334
6.27785,7333
6.27879,7332
6.27971,7331
6.28064,7330
6.28178,7329
6.28292,7328
6.28396,7327
6.28492,7326
6.32904,7325
6.33014,7324
6.3311,7323
6.33225,7322
6.33533,7321
6.3368,7320
6.33796,7319
6.33893,7318
6.33987,7317
6.34091,7316
6.37797,7315
6.37897,7314
6.37993,7313
6.38087,7312
6.38182,7311
6.38275,7310
6.38369,7309
6.38466,7308
6.38561,7307
6.38654,7306
6.51537,7305
6.51635,7304
6.51731,7303
6.51826,7302
6.51921,7301
6.52016,7300
6.52109,7299
6.52202,7298
6.52295,7297
6.52388,7296
6.52479,7295
6.57367,7294
6.57467,7293
6.57568,7292
6.57665,7291
6.57759,7290
6.579,7289
6.57997,7288
6.58092,7287
6.58185,7286
6.58279,7285
6.62291,7284
6.6239,7283
6.62488,7282
6.62585,7281
6.62679,7280
6.62826,7279
6.62921,7278
6.63014,7277
6.63107,7276
6.63199,7275
6.63292,7274
6.68477,7273
6.68588,7272
6.68715,7271
6.68812,7270
6.6892,7269
6.69074,7268
6.69169,7267
6.69263,7266
6.69363,7265
6.69458,7264
6.75788,7263
6.75896,7262
6.75994,7261
6.7609,7260
6.76201,7259
6.76297,7258
6.76398,7257
6.76494,7256
6.7659,7255
6.76685,7254
6.8176,7253
6.81867,7252
6.81965,7251
6.8206,7250
6.82154,7249
6.82248,7248
6.82342,7247
6.82435,7246
6.82529,7245
6.82624,7244
6.82716,7243
6.86912,7242
6.87009,7241
6.87286,7240
6.87386,7239
6.87481,7238
6.87579,7237
6.87674,7236
6.87769,7235
6.87862,7234
6.87965,7233
6.93577,7232
6.93752,7231
6.93896,7230
6.95057,7229
6.95184,7228
6.95294,7227
6.95406,7226
6.95566,7225
6.9573,7224
6.95846,7223
6.96005,7222
6.96103,7221
6.96198,7220
6.96292,7219
6.96387,7218
6.9648,7217
6.96574,7216
6.96667,7215
6.9676,7214
6.96853,7213
6.96945,7212
7.04725,7211
7.04822,7210
7.04919,7209
7.05021,7208
7.05124,7207
7.05218,7206
7.05312,7205
7.05418,7204
7.05513,7203
7.05615,7202
7.10033,7201
7.1013,7200
7.10227,7199
7.10373,7198
7.10466,7197
7.1056,7196
7.10663,7195
7.10755,7194
7.10848,7193
7.1094,7192
7.16182,7191
7.16282,7190
7.16375,7189
7.16469,7188
7.16558,7187
7.16647,7186
7.16737,7185
7.16826,7184
7.16915,7183
7.17005,7182
7.21689,7181
7.21785,7180
7.21876,7179
7.21968,7178
7.22061,7177
7.22151,7176
7.22241,7175
7.22333,7174
7.22424,7173
7.22513,7172
7.25788,7171
7.25884,7170
7.25975,7169
7.26072,7168
7.26167,7167
7.26259,7166
7.26349,7165
7.26441,7164
7.26531,7163
7.32723,7162
7.3282,7161
7.32916,7160
7.3302,7159
7.33115,7158
7.33211,7157
7.33305,7156
7.33399,7155
7.33491,7154
7.33584,7153
7.33679,7152
7.38127,7151
7.38225,7150
7.38315,7149
7.38407,7148
7.38498,7147
7.38588,7146
7.38678,7145
7.38769,7144
7.39102,7143
7.39195,7142
7.39285,7141
7.43794,7140
7.43891,7139
7.43984,7138
7.44077,7137
7.4417,7136
7.44262,7135
7.44354,7134
7.44456,7133
7.44631,7132
7.44725,7131
7.44886,7130
7.44982,7129
7.45076,7128
7.45202,7127
7.45295,7126
7.45387,7125
7.45478,7124
7.4557,7123
7.45661,7122
7.45751,7121
7.45842,7120
7.54727,7119
7.54833,7118
7.54925,7117
7.55017,7116
7.55109,7115
7.552,7114
7.5529,7113
7.55383,7112
7.55473,7111
7.55563,7110
7.55654,7109
7.58855,7108
7.58953,7107
7.59046,7106
7.59137,7105
7.59227,7104
7.59319,7103
7.59412,7102
7.59503,7101
7.59592,7100
7.59683,7099
7.59774,7098
7.63061,7097
7.63159,7096
7.63254,7095
7.63348,7094
7.63451,7093
7.63543,7092
7.63632,7091
7.63728,7090
7.6382,7089
7.63921,7088
7.64011,7087
7.69102,7086
7.69198,7085
7.69292,7084
7.69386,7083
7.69479,7082
7.6957,7081
7.6966,7080
7.69749,7079
7.69837,7078
7.69926,7077
7.70014,7076
7.74497,7075
7.74593,7074
7.74685,7073
7.74776,7072
7.74869,7071
7.7496,7070
7.7523,7069
7.7532,7068
7.7541,7067
7.79601,7066
7.79697,7065
7.7979,7064
7.79882,7063
7.79974,7062
7.80065,7061
7.80156,7060
7.80247,7059
7.80337,7058
7.80427,7057
7.84527,7056
7.84624,7055
7.84718,7054
7.8481,7053
7.84902,7052
7.84993,7051
7.85089,7050
7.85183,7049
7.85275,7048
7.85366,7047
7.85457,7046
7.89251,7045
7.89348,7044
7.8944,7043
7.89532,7042
7.89621,7041
7.89712,7040
7.89804,7039
7.89893,7038
7.89983,7037
7.90075,7036
7.90178,7035
7.95085,7034
7.95181,7033
7.95273,7032
7.95362,7031
7.95453,7030
7.9556,7029
7.95652,7028
7.95742,7027
7.95834,7026
7.95926,7025
7.96016,7024
8.00854,7023
8.00953,7022
8.01045,7021
8.01137,7020
8.01226,7019
8.01314,7018
8.01403,7017
8.01492,7016
8.01579,7015
8.01668,7014
8.01757,7013
8.05993,7012
8.06089,7011
8.06179,7010
8.06269,7009
8.06359,7008
8.06448,7007
8.06746,7006
8.06839,7005
8.07079,7004
8.12456,7003
8.12613,7002
8.12708,7001
8.12798,7000
8.13003,6999
8.13096,6998
8.13188,6997
8.1328,6996
8.13369,6995
8.13458,6994
8.13547,6993
8.16429,6992
8.16522,6991
8.16613,6990
8.16703,6989
8.16793,6988
8.16882,6987
8.16972,6986
8.17063,6985
8.17156,6984
8.17247,6983
8.1734,6982
8.2144,6981
8.21531,6980
8.21622,6979
8.21712,6978
8.21977,6977
8.22065,6976
8.22154,6975
8.22242,6974
8.2233,6973
8.2875,6972
8.28846,6971
8.2894,6970
8.29034,6969
8.29128,6968
8.29221,6967
8.29314,6966
8.29406,6965
8.29497,6964
8.29588,6963
8.34181,6962
8.34277,6961
8.34372,6960
8.34464,6959
8.3456,6958
8.34655,6957
8.34746,6956
8.34836,6955
8.34933,6954
8.39657,6953
8.39754,6952
8.3985,6951
8.39949,6950
8.40043,6949
8.40136,6948
8.40228,6947
8.4032,6946
8.40413,6945
8.40504,6944
8.40596,6943
8.44966,6942
8.45251,6941
8.45355,6940
8.45448,6939
8.45541,6938
8.4565,6937
8.45747,6936
8.45839,6935
8.45932,6934
8.50212,6933
8.50309,6932
8.50403,6931
8.50541,6930
8.50636,6929
8.5073,6928
8.50823,6927
8.50916,6926
8.51008,6925
8.51105,6924
8.55587,6923
8.55687,6922
8.55782,6921
8.55875,6920
8.55969,6919
8.56062,6918
8.56154,6917
8.56246,6916
8.56338,6915
8.56429,6914
8.5652,6913
8.60964,6912
8.61109,6911
8.61205,6910
8.61318,6909
8.61413,6908
8.61507,6907
8.61601,6906
8.61694,6905
8.61786,6904
8.61878,6903
8.66059,6902
8.66334,6901
8.66429,6900
8.66522,6899
8.66612,6898
8.66704,6897
8.66794,6896
8.66887,6895
8.66978,6894
8.71867,6893
8.71964,6892
8.72056,6891
8.72147,6890
8.7224,6889
8.72338,6888
8.72435,6887
8.72538,6886
8.7263,6885
8.72725,6884
8.72825,6883
8.78544,6882
8.78645,6881
8.78745,6880
8.78842,6879
8.78936,6878
8.79029,6877
8.79122,6876
8.79214,6875
8.79306,6874
8.79398,6873
8.7949,6872
8.84624,6871
8.84721,6870
8.84824,6869
8.8492,6868
8.85014,6867
8.85108,6866
8.85205,6865
8.85301,6864
8.85395,6863
8.85486,6862
8.90162,6861
8.90259,6860
8.90353,6859
8.90445,6858
8.90535,6857
8.90625,6856
8.90716,6855
8.90807,6854
8.90899,6853
8.90988,6852
8.91076,6851
8.95978,6850
8.96074,6849
8.96168,6848
8.96259,6847
8.96348,6846
8.9644,6845
8.96531,6844
8.9662,6843
8.96709,6842
8.96798,6841
8.96887,6840
9.01495,6839
9.01777,6838
9.01871,6837
9.01963,6836
9.02054,6835
9.03846,6834
9.04125,6833
9.08753,6832
9.08844,6831
9.08969,6830
9.09062,6829
9.09152,6828
9.09244,6827
9.09338,6826
9.09441,6825
9.09535,6824
9.09629,6823
9.14208,6822
9.14305,6821
9.14451,6820
9.14638,6819
9.14748,6818
9.14974,6817
9.15091,6816
9.15212,6815
9.15317,6814
9.1541,6813
9.15504,6812
9.21117,6811
9.21315,6810
9.21595,6809
9.21685,6808
9.21793,6807
9.21884,6806
9.21973,6805
9.22064,6804
9.26449,6803
9.26546,6802
9.26638,6801
9.2673,6800
9.26822,6799
9.26911,6798
9.26999,6797
9.27088,6796
9.27176,6795
9.31497,6794
9.31594,6793
9.32086,6792
9.32181,6791
9.32533,6790
9.32627,6789
9.32719,6788
9.32809,6787
9.32899,6786
9.3299,6785
9.3308,6784
9.33169,6783
9.33258,6782
9.37798,6781
9.37894,6780
9.37985,6779
9.38075,6778
9.38165,6777
9.38255,6776
9.38345,6775
9.38435,6774
9.38524,6773
9.38634,6772
9.38728,6771
9.43156,6770
9.43254,6769
9.43344,6768
9.43435,6767
9.43527,6766
9.43616,6765
9.43882,6764
9.43971,6763
9.44062,6762
9.48288,6761
9.48385,6760
9.48478,6759
9.48578,6758
9.4867,6757
9.48767,6756
9.48858,6755
9.48989,6754
9.49084,6753
9.49175,6752
9.49268,6751
9.56199,6750
9.563,6749
9.5639,6748
9.56479,6747
9.56568,6746
9.56657,6745
9.56747,6744
9.56837,6743
9.56927,6742
9.57016,6741
9.57105,6740
9.60595,6739
9.60691,6738
9.60788,6737
9.60885,6736
9.60982,6735
9.61073,6734
9.61166,6733
9.61258,6732
9.61349,6731
9.61438,6730
9.61528,6729
9.64646,6728
9.64738,6727
9.6483,6726
9.6492,6725
9.65009,6724
9.65097,6723
9.65185,6722
9.65274,6721
9.65362,6720
9.6545,6719
9.65538,6718
9.71038,6717
9.7113,6716
9.71224,6715
9.71334,6714
9.71428,6713
9.71525,6712
9.71627,6711
9.71719,6710
9.71811,6709
9.71899,6708
9.71986,6707
9.78268,6706
9.7841,6705
9.78503,6704
9.78596,6703
9.78684,6702
9.79227,6701
9.79334,6700
9.79424,6699
9.79512,6698
9.796,6697
9.85452,6696
9.85547,6695
9.85639,6694
9.85731,6693
9.8582,6692
9.8591,6691
9.86002,6690
9.86267,6689
9.86359,6688
9.91894,6687
9.9199,6686
9.92082,6685
9.92171,6684
9.92275,6683
9.9237,6682
9.92461,6681
9.92553,6680
9.92644,6679
9.92733,6678
9.92823,6677
9.95956,6676
9.96112,6675
9.96204,6674
9.96294,6673
9.96383,6672
9.96472,6671
9.9656,6670
9.96646,6669
9.96734,6668
9.96822,6667
9.96909,6666
9.97001,6665
10.0115,6664
10.0124,6663
10.0142,6662
10.0151,6661
10.016,6660
10.0169,6659
10.0177,6658
10.0186,6657
10.0195,6656
10.0204,6655
10.0714,6654
10.0723,6653
10.0732,6652
10.0741,6651
10.075,6650
10.0759,6649
10.0768,6648
10.0777,6647
10.0785,6646
10.0794,6645
10.1207,6644
10.1216,6643
10.1225,6642
10.1235,6641
10.1243,6640
10.1253,6639
10.1262,6638
10.1271,6637
10.1279,6636
10.1288,6635
10.1297,6634
10.18,6633
10.181,6632
10.1819,6631
10.1829,6630
10.1837,6629
10.1846,6628
10.1855,6627
10.1864,6626
10.1873,6625
10.1883,6624
10.1892,6623
10.2326,6622
10.2336,6621
10.2345,6620
10.2354,6619
10.2363,6618
10.2372,6617
10.238,6616
10.239,6615
10.2398,6614
10.2407,6613
10.2416,6612
10.3051,6611
10.306,6610
10.3073,6609
10.3082,6608
10.3099,6607
10.3108,6606
10.3117,6605
10.3126,6604
10.3136,6603
10.3145,6602
10.3154,6601
10.3552,6600
10.3561,6599
10.357,6598
10.3579,6597
10.3588,6596
10.3597,6595
10.3606,6594
10.3615,6593
10.3624,6592
10.3632,6591
10.3641,6590
10.4003,6589
10.4012,6588
10.4021,6587
10.403,6586
10.4038,6585
10.4048,6584
10.4057,6583
10.4083,6582
10.4092,6581
10.4644,6580
10.4654,6579
10.4663,6578
10.4672,6577
10.4681,6576
10.469,6575
10.4699,6574
10.4708,6573
10.4717,6572
10.4726,6571
10.4734,6570
10.5153,6569
10.5163,6568
10.5172,6567
10.5182,6566
10.5209,6565
10.5218,6564
10.5227,6563
10.5236,6562
10.5245,6561
10.5776,6560
10.5785,6559
10.5795,6558
10.5804,6557
10.5813,6556
10.5822,6555
10.5831,6554
10.5842,6553
10.5851,6552
10.586,6551
10.6276,6550
10.6285,6549
10.6295,6548
10.6304,6547
10.6314,6546
10.6323,6545
10.6333,6544
10.6342,6543
10.6351,6542
10.636,6541
10.6369,6540
10.6864,6539
10.6874,6538
10.6883,6537
10.6893,6536
10.6904,6535
10.6913,6534
10.6922,6533
10.6932,6532
10.6941,6531
10.6951,6530
10.696,6529
10.697,6528
10.6979,6527
10.6989,6526
10.6998,6525
10.7007,6524
10.7016,6523
10.7025,6522
10.7034,6521
10.7042,6520
10.7052,6519
10.7061,6518
10.7971,6517
10.798,6516
10.799,6515
10.7999,6514
10.8017,6513
10.8027,6512
10.8036,6511
10.8046,6510
10.8055,6509
10.8064,6508
10.8074,6507
10.8592,6506
10.8601,6505
10.861,6504
10.8642,6503
10.8652,6502
10.8661,6501
10.867,6500
10.868,6499
10.8689,6498
10.8698,6497
10.9004,6496
10.9013,6495
10.9023,6494
10.9032,6493
10.9042,6492
10.9052,6491
10.9061,6490
10.9091,6489
10.9101,6488
10.9694,6487
10.9705,6486
10.9715,6485
10.9724,6484
10.9756,6483
10.9765,6482
10.9774,6481
10.9783,6480
10.9792,6479
11.0461,6478
11.0471,6477
11.048,6476
11.0489,6475
11.0498,6474
11.0507,6473
11.0516,6472
11.0525,6471
11.0534,6470
11.0543,6469
11.0552,6468
11.0562,6467
11.0571,6466
11.0579,6465
11.0588,6464
11.0597,6463
11.0606,6462
11.0615,6461
11.0625,6460
11.0633,6459
11.0642,6458
11.0651,6457
11.1393,6456
11.1402,6455
11.1411,6454
11.142,6453
11.143,6452
11.1439,6451
11.1447,6450
11.1457,6449
11.1466,6448
11.1474,6447
11.1483,6446
11.1935,6445
11.1944,6444
11.1953,6443
11.1962,6442
11.1971,6441
11.198,6440
11.1989,6439
11.1998,6438
11.2007,6437
11.2016,6436
11.2025,6435
11.2463,6434
11.2473,6433
11.2482,6432
11.2491,6431
11.25,6430
11.2509,6429
11.2518,6428
11.2527,6427
11.2536,6426
11.2545,6425
11.2554,6424
11.2912,6423
11.2926,6422
11.2935,6421
11.2944,6420
11.2971,6419
11.298,6418
11.2988,6417
11.2997,6416
11.3006,6415
11.3556,6414
11.3566,6413
11.3575,6412
11.3584,6411
11.3593,6410
11.3602,6409
11.3611,6408
11.3619,6407
11.3628,6406
11.3637,6405
11.3646,6404
11.424,6403
11.4253,6402
11.4263,6401
11.4273,6400
11.4282,6399
11.4291,6398
11.43,6397
11.431,6396
11.4318,6395
11.4327,6394
11.4336,6393
11.4655,6392
11.4665,6391
11.4674,6390
11.4683,6389
11.4692,6388
11.4701,6387
11.471,6386
11.4718,6385
11.4745,6384
11.5178,6383
11.5187,6382
11.5196,6381
11.5205,6380
11.5214,6379
11.5223,6378
11.5232,6377
11.5241,6376
11.525,6375
11.5258,6374
11.5267,6373
11.5276,6372
11.5768,6371
11.5778,6370
11.5787,6369
11.5813,6368
11.5822,6367
11.5831,6366
11.584,6365
11.5849,6364
11.5858,6363
11.6218,6362
11.6227,6361
11.6236,6360
11.6247,6359
11.6274,6358
11.6283,6357
11.6292,6356
11.6301,6355
11.6964,6354
11.6974,6353
11.6984,6352
11.6993,6351
11.7002,6350
11.7011,6349
11.7038,6348
11.7047,6347
11.7056,6346
11.7065,6345
11.7074,6344
11.7083,6343
11.7092,6342
11.7101,6341
11.7109,6340
11.7135,6339
11.7144,6338
11.7152,6337
11.7161,6336
11.8192,6335
11.8201,6334
11.821,6333
11.8219,6332
11.8228,6331
11.8237,6330
11.8264,6329
11.8273,6328
11.8282,6327
11.8851,6326
11.886,6325
11.887,6324
11.8884,6323
11.8894,6322
11.8903,6321
11.8912,6320
11.8921,6319
11.893,6318
11.8939,6317
11.8948,6316
11.9276,6315
11.9286,6314
11.9295,6313
11.9304,6312
11.9314,6311
11.9323,6310
11.9333,6309
11.9342,6308
11.9351,6307
11.936,6306
11.9783,6305
11.9793,6304
11.9803,6303
11.9812,6302
11.9822,6301
11.9831,6300
11.984,6299
11.985,6298
11.9859,6297
11.9892,6296
11.9902,6295
12.0375,6294
12.0385,6293
12.0394,6292
12.0403,6291
12.0412,6290
12.0422,6289
12.0431,6288
12.044,6287
12.0449,6286
12.0458,6285
12.0468,6284
12.1041,6283
12.1051,6282
12.1059,6281
12.1068,6280
12.1077,6279
12.1086,6278
12.1096,6277
12.1105,6276
12.1114,6275
12.1122,6274
12.1131,6273
12.1563,6272
12.2201,6271
12.2213,6270
12.2224,6269
12.2261,6268
12.228,6267
12.2291,6266
12.2302,6265
12.2744,6264
12.2758,6263
12.2772,6262
12.2781,6261
12.279,6260
12.2799,6259
12.2808,6258
12.2817,6257
12.2826,6256
12.2835,6255
12.2843,6254
12.303,6253
12.3039,6252
12.3049,6251
12.3057,6250
12.3066,6249
12.3075,6248
12.3084,6247
12.3093,6246
12.3101,6245
12.311,6244
12.3119,6243
12.3128,6242
12.3469,6241
12.3478,6240
12.3486,6239
12.3495,6238
12.3504,6237
12.3513,6236
12.3522,6235
12.353,6234
12.3539,6233
12.3548,6232
12.3557,6231
12.397,6230
12.3979,6229
12.3987,6228
12.3996,6227
12.4022,6226
12.4031,6225
12.404,6224
12.4048,6223
12.4057,6222
12.436,6221
12.437,6220
12.4379,6219
12.4388,6218
12.4396,6217
12.4405,6216
12.4414,6215
12.4422,6214
12.4431,6213
12.444,6212
12.4448,6211
12.4457,6210
12.516,6209
12.5169,6208
12.5178,6207
12.5187,6206
12.5195,6205
12.5204,6204
12.5213,6203
12.5222,6202
12.5231,6201
12.524,6200
12.5248,6199
12.5543,6198
12.5552,6197
12.5561,6196
12.5569,6195
12.5578,6194
12.5587,6193
12.5596,6192
12.5604,6191
12.5614,6190
12.5622,6189
12.5631,6188
12.5646,6187
12.5656,6186
12.5665,6185
12.5673,6184
12.5682,6183
12.5725,6182
12.5734,6181
12.5743,6180
12.6701,6179
12.671,6178
12.6719,6177
12.6729,6176
12.6739,6175
12.6748,6174
12.6757,6173
12.6766,6172
12.6775,6171
12.6784,6170
12.6793,6169
12.7245,6168
12.7254,6167
12.7264,6166
12.7273,6165
12.7282,6164
12.733,6163
12.7342,6162
12.7352,6161
12.7361,6160
12.737,6159
12.738,6158
12.7389,6157
12.7398,6156
12.7408,6155
12.7417,6154
12.7426,6153
12.7435,6152
12.7444,6151
12.7453,6150
12.7463,6149
12.7471,6148
12.835,6147
12.836,6146
12.8369,6145
12.8378,6144
12.8387,6143
12.8396,6142
12.8405,6141
12.8414,6140
12.8423,6139
12.8757,6138
12.8766,6137
12.8776,6136
12.8798,6135
12.8807,6134
12.8817,6133
12.8826,6132
12.8835,6131
12.8844,6130
12.8866,6129
12.8875,6128
12.8885,6127
12.8895,6126
12.8904,6125
12.8912,6124
12.8921,6123
12.893,6122
12.8939,6121
12.8948,6120
12.8958,6119
12.8967,6118
12.8975,6117
12.9661,6116
12.9671,6115
12.968,6114
12.969,6113
12.9699,6112
12.9727,6111
12.9736,6110
13.0129,6109
13.0139,6108
13.0148,6107
13.0157,6106
13.0167,6105
13.0194,6104
13.0203,6103
13.0211,6102
13.022,6101
13.0821,6100
13.0836,6099
13.0845,6098
13.0854,6097
13.0863,6096
13.0872,6095
13.0881,6094
13.089,6093
13.0899,6092
13.0908,6091
13.0917,6090
13.1176,6089
13.1185,6088
13.1195,6087
13.1204,6086
13.1213,6085
13.1222,6084
13.1231,6083
13.124,6082
13.1249,6081
13.1258,6080
13.1267,6079
13.1622,6078
13.1631,6077
13.1643,6076
13.1652,6075
13.1661,6074
13.167,6073
13.1679,6072
13.1688,6071
13.1697,6070
13.1706,6069
13.1715,6068
13.2189,6067
13.2198,6066
13.2207,6065
13.2216,6064
13.2225,6063
13.2234,6062
13.2243,6061
13.2252,6060
13.226,6059
13.2269,6058
13.2278,6057
13.2739,6056
13.2748,6055
13.2757,6054
13.2771,6053
13.278,6052
13.2789,6051
13.2797,6050
13.2806,6049
13.2815,6048
13.2824,6047
13.2834,6046
13.287,6045
13.3276,6044
13.3286,6043
13.3295,6042
13.3304,6041
13.3331,6040
13.3339,6039
13.3348,6038
13.3357,6037
13.3366,6036
13.3778,6035
13.3787,6034
13.3796,6033
13.3805,6032
13.3814,6031
13.3823,6030
13.3832,6029
13.3841,6028
13.385,6027
13.3859,6026
13.3868,6025
13.4248,6024
13.4257,6023
13.4283,6022
13.4292,6021
13.43,6020
13.4309,6019
13.4318,6018
13.4328,6017
13.4355,6016
13.6018,6015
13.6028,6014
13.6036,6013
13.6045,6012
13.6054,6011
13.6062,6010
13.6076,6009
13.6084,6008
13.6093,6007
13.6106,6006
13.6114,6005
13.6667,6004
13.6677,6003
13.6685,6002
13.6701,6001
13.6711,6000
13.672,5999
13.6763,5998
13.6791,5997
13.6801,5996
13.681,5995
13.6818,5994
13.7408,5993
13.7417,5992
13.7426,5991
13.744,5990
13.7451,5989
13.746,5988
13.7469,5987
13.7478,5986
13.7487,5985
13.7496,5984
13.7505,5983
13.792,5982
13.793,5981
13.7943,5980
13.7952,5979
13.7961,5978
13.7971,5977
13.798,5976
13.7989,5975
13.7999,5974
13.8007,5973
13.8016,5972
13.844,5971
13.8449,5970
13.8458,5969
13.8485,5968
13.8495,5967
13.8504,5966
13.8512,5965
13.8521,5964
13.853,5963
13.8987,5962
13.8996,5961
13.9005,5960
13.9014,5959
13.9022,5958
13.9031,5957
13.9039,5956
13.9048,5955
13.9056,5954
13.9065,5953
13.9074,5952
13.9083,5951
13.9534,5950
13.9543,5949
13.9551,5948
13.956,5947
13.9568,5946
13.9577,5945
13.9586,5944
13.9594,5943
13.9603,5942
13.9611,5941
13.962,5940
14.0002,5939
14.0046,5938
14.0055,5937
14.0064,5936
14.0072,5935
14.0081,5934
14.009,5933
14.0428,5932
14.0437,5931
14.0447,5930
14.0457,5929
14.0467,5928
14.0476,5927
14.0484,5926
14.0493,5925
14.0503,5924
14.0512,5923
14.0521,5922
14.0529,5921
14.1033,5920
14.1042,5919
14.1051,5918
14.1059,5917
14.1068,5916
14.1077,5915
14.1086,5914
14.1112,5913
14.112,5912
14.1481,5911
14.149,5910
14.1498,5909
14.1507,5908
14.1517,5907
14.1526,5906
14.1544,5905
14.1582,5904
14.1596,5903
14.1606,5902
14.2121,5901
14.2131,5900
14.2139,5899
14.2148,5898
14.2156,5897
14.2165,5896
14.2174,5895
14.2183,5894
14.2191,5893
14.22,5892
14.2208,5891
14.2217,5890
14.2629,5889
14.2639,5888
14.2647,5887
14.2656,5886
14.2664,5885
14.2673,5884
14.2682,5883
14.2694,5882
14.2704,5881
14.2713,5880
14.2722,5879
14.322,5878
14.3229,5877
14.3238,5876
14.3248,5875
14.3257,5874
14.3266,5873
14.3274,5872
14.3283,5871
14.3291,5870
14.33,5869
14.3308,5868
14.3317,5867
14.3662,5866
14.3671,5865
14.368,5864
14.3688,5863
14.3697,5862
14.3706,5861
14.3715,5860
14.3723,5859
14.3749,5858
14.4392,5857
14.4402,5856
14.441,5855
14.4419,5854
14.4428,5853
14.4436,5852
14.4445,5851
14.4453,5850
14.4463,5849
14.4472,5848
14.448,5847
14.4489,5846
14.4933,5845
14.4942,5844
14.4955,5843
14.4963,5842
14.4972,5841
14.4981,5840
14.499,5839
14.4998,5838
14.5007,5837
14.5017,5836
14.5026,5835
14.5453,5834
14.5462,5833
14.5474,5832
14.5483,5831
14.5493,5830
14.5501,5829
14.5527,5828
14.5954,5827
14.5963,5826
14.5972,5825
14.598,5824
14.5989,5823
14.5997,5822
14.6006,5821
14.6014,5820
14.6023,5819
14.6032,5818
14.604,5817
14.6801,5816
14.681,5815
14.6819,5814
14.6828,5813
14.6837,5812
14.6846,5811
14.6855,5810
14.6864,5809
14.6872,5808
14.6881,5807
14.7448,5806
14.7457,5805
14.7466,5804
14.7475,5803
14.7484,5802
14.7493,5801
14.7502,5800
14.7511,5799
14.752,5798
14.8051,5797
14.8061,5796
14.8069,5795
14.8078,5794
14.8087,5793
14.8095,5792
14.8104,5791
14.8138,5790
14.8147,5789
14.8535,5788
14.8543,5787
14.8553,5786
14.8579,5785
14.8604,5784
14.8613,5783
14.8624,5782
14.864,5781
14.8649,5780
14.8658,5779
14.8666,5778
14.8675,5777
14.8684,5776
14.8693,5775
14.8701,5774
14.871,5773
14.8719,5772
14.974,5771
14.9749,5770
14.9758,5769
14.9769,5768
14.9778,5767
14.9789,5766
14.9798,5765
14.9807,5764
14.9816,5763
14.9825,5762
14.9834,5761
15.025,5760
15.0259,5759
15.0269,5758
15.0278,5757
15.0287,5756
15.0296,5755
15.0322,5754
15.0331,5753
15.034,5752
15.0765,5751
15.0811,5750
15.082,5749
15.0829,5748
15.0838,5747
15.0847,5746
15.0856,5745
15.1275,5744
15.1284,5743
15.1293,5742
15.1302,5741
15.1311,5740
15.1321,5739
15.133,5738
15.1357,5737
15.1366,5736
15.2017,5735
15.2026,5734
15.2036,5733
15.2045,5732
15.2054,5731
15.2063,5730
15.2073,5729
15.2099,5728
15.2107,5727
15.2483,5726
15.2492,5725
15.2501,5724
15.251,5723
15.2519,5722
15.2546,5721
15.2555,5720
15.2563,5719
15.2572,5718
15.2581,5717
15.3028,5716
15.3037,5715
15.3045,5714
15.3071,5713
15.308,5712
15.3089,5711
15.3097,5710
15.3847,5709
15.3856,5708
15.3883,5707
15.3892,5706
15.3901,5705
15.391,5704
15.3919,5703
15.3928,5702
15.3938,5701
15.435,5700
15.4359,5699
15.4368,5698
15.4377,5697
15.4386,5696
15.4395,5695
15.4404,5694
15.4413,5693
15.4422,5692
15.4431,5691
15.444,5690
15.4448,5689
15.5052,5688
15.5061,5687
15.507,5686
15.5079,5685
15.5087,5684
15.5096,5683
15.5105,5682
15.5152,5681
15.5161,5680
15.5838,5679
15.5847,5678
15.5876,5677
15.5885,5676
15.5895,5675
15.5905,5674
15.5916,5673
15.5926,5672
15.5935,5671
15.6041,5670
15.6071,5669
15.6099,5668
15.6108,5667
15.6117,5666
15.6126,5665
15.6135,5664
15.7097,5663
15.7106,5662
15.7115,5661
15.7124,5660
15.7133,5659
15.7142,5658
15.7151,5657
15.7159,5656
15.7168,5655
15.7177,5654
15.737,5653
15.7378,5652
15.7387,5651
15.7396,5650
15.7405,5649
15.7448,5648
15.7457,5647
15.8368,5646
15.8377,5645
15.8386,5644
15.8434,5643
15.8444,5642
15.8455,5641
15.8464,5640
15.849,5639
15.8499,5638
15.9031,5637
15.9041,5636
15.9049,5635
15.9058,5634
15.9067,5633
15.9075,5632
15.9084,5631
15.9093,5630
15.9102,5629
15.911,5628
15.9119,5627
15.9297,5626
15.9306,5625
15.9315,5624
15.9324,5623
15.9333,5622
15.9342,5621
15.9351,5620
15.936,5619
15.9368,5618
15.9377,5617
15.9386,5616
15.9895,5615
15.9905,5614
15.9914,5613
15.9922,5612
15.9931,5611
15.994,5610
15.9952,5609
15.9961,5608
15.997,5607
15.9978,5606
15.9987,5605
15.9995,5604
16.0506,5603
16.0567,5602
16.0576,5601
16.1115,5600
16.1128,5599
16.1175,5598
16.1184,5597
16.1193,5596
16.1201,5595
16.121,5594
16.1218,5593
16.1227,5592
16.1236,5591
16.1244,5590
16.1253,5589
16.1686,5588
16.1695,5587
16.1704,5586
16.1713,5585
16.1721,5584
16.173,5583
16.1739,5582
16.1747,5581
16.1756,5580
16.1764,5579
16.1772,5578
16.2378,5577
16.2387,5576
16.2395,5575
16.2404,5574
16.2429,5573
16.2437,5572
16.2808,5571
16.2817,5570
16.2826,5569
16.2835,5568
16.2844,5567
16.2853,5566
16.2862,5565
16.2871,5564
16.2896,5563
16.3422,5562
16.3432,5561
16.3441,5560
16.3449,5559
16.3458,5558
16.3466,5557
16.3475,5556
16.3483,5555
16.3492,5554
16.35,5553
16.3509,5552
16.3517,5551
16.3889,5550
16.3898,5549
16.3907,5548
16.3932,5547
16.3941,5546
16.3949,5545
16.3958,5544
16.3966,5543
16.3975,5542
16.3983,5541
16.4394,5540
16.4403,5539
16.4411,5538
16.442,5537
16.4428,5536
16.4437,5535
16.4445,5534
16.4456,5533
16.4465,5532
16.4474,5531
16.4482,5530
16.4986,5529
16.4995,5528
16.5004,5527
16.5013,5526
16.5021,5525
16.503,5524
16.5056,5523
16.5064,5522
16.5746,5521
16.5771,5520
16.578,5519
16.5788,5518
16.5797,5517
16.5806,5516
16.6343,5515
16.6352,5514
16.6361,5513
16.6369,5512
16.6378,5511
16.6386,5510
16.6395,5509
16.6403,5508
16.6412,5507
16.6782,5506
16.6791,5505
16.6804,5504
16.6812,5503
16.6838,5502
16.6847,5501
16.6855,5500
16.7337,5499
16.7346,5498
16.7355,5497
16.7381,5496
16.739,5495
16.7398,5494
16.7407,5493
16.7415,5492
16.7757,5491
16.7767,5490
16.7775,5489
16.7784,5488
16.7812,5487
16.7821,5486
16.783,5485
16.7838,5484
16.7847,5483
16.8138,5482
16.8148,5481
16.8157,5480
16.8165,5479
16.8174,5478
16.8184,5477
16.821,5476
16.8219,5475
16.8227,5474
16.8236,5473
16.8759,5472
16.8768,5471
16.8777,5470
16.8786,5469
16.8795,5468
16.8803,5467
16.8812,5466
16.882,5465
16.8829,5464
16.8837,5463
16.8846,5462
16.9489,5461
16.9498,5460
16.9507,5459
16.9516,5458
16.9525,5457
16.9886,5456
16.9899,5455
16.9909,5454
16.9917,5453
16.9926,5452
16.9935,5451
16.9944,5450
16.9952,5449
16.9961,5448
16.997,5447
16.9978,5446
16.9987,5445
17.0405,5444
17.0414,5443
17.0424,5442
17.0433,5441
17.0441,5440
17.0451,5439
17.046,5438
17.0469,5437
17.0478,5436
17.0487,5435
17.0499,5434
17.1022,5433
17.1032,5432
17.1041,5431
17.105,5430
17.106,5429
17.1069,5428
17.1077,5427
17.1086,5426
17.1095,5425
17.1104,5424
17.1113,5423
17.1575,5422
17.1585,5421
17.1594,5420
17.1603,5419
17.1612,5418
17.1625,5417
17.1634,5416
17.1643,5415
17.1655,5414
17.1664,5413
17.1672,5412
17.2158,5411
17.2167,5410
17.2176,5409
17.2185,5408
17.2193,5407
17.2202,5406
17.2211,5405
17.2219,5404
17.2228,5403
17.2237,5402
17.2245,5401
17.2685,5400
17.2694,5399
17.2703,5398
17.2712,5397
17.272,5396
17.2729,5395
17.2738,5394
17.2747,5393
17.2756,5392
17.2765,5391
17.2773,5390
17.2782,5389
17.3156,5388
17.3165,5387
17.3191,5386
17.3199,5385
17.3339,5384
17.3612,5383
17.3621,5382
17.3644,5381
17.3655,5380
17.3664,5379
17.3672,5378
17.3681,5377
17.3707,5376
17.3715,5375
17.414,5374
17.415,5373
17.4176,5372
17.4185,5371
17.4195,5370
17.4204,5369
17.4213,5368
17.4222,5367
17.4231,5366
17.4746,5365
17.4772,5364
17.478,5363
17.4789,5362
17.4797,5361
17.4807,5360
17.4816,5359
17.4825,5358
17.5151,5357
17.5177,5356
17.5186,5355
17.5194,5354
17.5203,5353
17.5211,5352
17.522,5351
17.5229,5350
17.5237,5349
17.5728,5348
17.5737,5347
17.5746,5346
17.5754,5345
17.578,5344
17.5788,5343
17.5797,5342
17.6274,5341
17.6283,5340
17.6291,5339
17.676,5338
17.6769,5337
17.6785,5336
17.6811,5335
17.682,5334
17.6829,5333
17.6837,5332
17.7315,5331
17.7323,5330
17.7332,5329
17.734,5328
17.7348,5327
17.7357,5326
17.7384,5325
17.7392,5324
17.7871,5323
17.788,5322
17.789,5321
17.7899,5320
17.7909,5319
17.7917,5318
17.7926,5317
17.8416,5316
17.8424,5315
17.8433,5314
17.8441,5313
17.8449,5312
17.8458,5311
17.8466,5310
17.8476,5309
17.8484,5308
17.8493,5307
17.8944,5306
17.8953,5305
17.8979,5304
17.8987,5303
17.8995,5302
17.9004,5301
17.9012,5300
17.9021,5299
17.9029,5298
17.904,5297
17.9066,5296
17.9075,5295
17.9083,5294
17.9092,5293
17.9117,5292
17.9126,5291
17.9924,5290
17.9932,5289
17.9941,5288
17.995,5287
17.9959,5286
17.9967,5285
17.9976,5284
17.9984,5283
17.9993,5282
18.0422,5281
18.0431,5280
18.044,5279
18.0449,5278
18.0458,5277
18.0467,5276
18.0492,5275
18.05,5274
18.0509,5273
18.0901,5272
18.091,5271
18.0919,5270
18.0927,5269
18.0936,5268
18.0945,5267
18.0953,5266
18.0962,5265
18.097,5264
18.0979,5263
18.1437,5262
18.1447,5261
18.1455,5260
18.1464,5259
18.1472,5258
18.148,5257
18.1489,5256
18.1497,5255
18.1523,5254
18.1532,5253
18.2027,5252
18.2057,5251
18.2066,5250
18.2092,5249
18.21,5248
18.2109,5247
18.2117,5246
18.2546,5245
18.2555,5244
18.2563,5243
18.2572,5242
18.2581,5241
18.2606,5240
18.2614,5239
18.2623,5238
18.2632,5237
18.264,5236
18.3095,5235
18.3103,5234
18.3112,5233
18.312,5232
18.3129,5231
18.3137,5230
18.3145,5229
18.3154,5228
18.3162,5227
18.3187,5226
18.3596,5225
18.3605,5224
18.3613,5223
18.3621,5222
18.363,5221
18.3638,5220
18.3647,5219
18.3658,5218
18.4109,5217
18.4117,5216
18.4126,5215
18.4134,5214
18.4142,5213
18.4151,5212
18.4159,5211
18.4662,5210
18.4671,5209
18.468,5208
18.4688,5207
18.4697,5206
18.4705,5205
18.4713,5204
18.4722,5203
18.473,5202
18.5194,5201
18.5203,5200
18.5229,5199
18.5239,5198
18.5247,5197
18.5256,5196
18.5264,5195
18.5273,5194
18.5745,5193
18.5754,5192
18.5763,5191
18.5771,5190
18.5779,5189
18.5788,5188
18.5886,5187
18.5895,5186
18.5903,5185
18.5912,5184
18.5921,5183
18.6265,5182
18.6274,5181
18.6282,5180
18.629,5179
18.6299,5178
18.6324,5177
18.6333,5176
18.6743,5175
18.6751,5174
18.676,5173
18.6768,5172
18.6793,5171
18.6821,5170
18.6829,5169
18.7279,5168
18.7339,5167
18.7347,5166
18.7356,5165
18.7366,5164
18.7374,5163
18.7858,5162
18.7867,5161
18.7876,5160
18.7884,5159
18.7893,5158
18.7901,5157
18.791,5156
18.7918,5155
18.8275,5154
18.8284,5153
18.8292,5152
18.8301,5151
18.8309,5150
18.8318,5149
18.8326,5148
18.8335,5147
18.8604,5146
18.8614,5145
18.8912,5144
18.892,5143
18.8929,5142
18.9377,5141
18.9386,5140
18.9394,5139
18.9403,5138
18.9411,5137
18.942,5136
18.9428,5135
18.9812,5134
18.9821,5133
18.983,5132
18.9855,5131
18.9863,5130
18.9872,5129
19.0365,5128
19.0408,5127
19.0434,5126
19.0442,5125
19.0451,5124
19.0459,5123
19.1235,5122
19.1245,5121
19.1253,5120
19.1262,5119
19.1271,5118
19.1279,5117
19.1288,5116
19.1296,5115
19.1305,5114
19.151,5113
19.1555,5112
19.1563,5111
19.1572,5110
19.1581,5109
19.1589,5108
19.1598,5107
19.2254,5106
19.2263,5105
19.2272,5104
19.2281,5103
19.229,5102
19.2299,5101
19.2308,5100
19.2316,5099
19.2325,5098
19.2334,5097
19.2343,5096
19.2351,5095
19.2908,5094
19.2917,5093
19.2926,5092
19.2935,5091
19.2944,5090
19.2953,5089
19.2962,5088
19.2981,5087
19.299,5086
19.3229,5085
19.3238,5084
19.3265,5083
19.3273,5082
19.3282,5081
19.3291,5080
19.33,5079
19.3732,5078
19.3741,5077
19.375,5076
19.3758,5075
19.3767,5074
19.3776,5073
19.3818,5072
19.3826,5071
19.4241,5070
19.4249,5069
19.4258,5068
19.4267,5067
19.4275,5066
19.4284,5065
19.4293,5064
19.4318,5063
19.4327,5062
19.4692,5061
19.4701,5060
19.471,5059
19.4718,5058
19.4727,5057
19.4735,5056
19.4744,5055
19.5325,5054
19.5334,5053
19.5342,5052
19.5351,5051
19.5359,5050
19.5368,5049
19.5376,5048
19.5385,5047
19.5393,5046
19.5402,5045
19.541,5044
19.5821,5043
19.583,5042
19.5839,5041
19.5848,5040
19.5856,5039
19.5865,5038
19.5873,5037
19.5882,5036
19.589,5035
19.5899,5034
19.5907,5033
19.6463,5032
19.6474,5031
19.6499,5030
19.6507,5029
19.6516,5028
19.6557,5027
19.7084,5026
19.7094,5025
19.7102,5024
19.7111,5023
19.7119,5022
19.7128,5021
19.7661,5020
19.767,5019
19.7679,5018
19.7687,5017
19.7696,5016
19.7704,5015
19.7713,5014
19.7721,5013
19.7729,5012
19.7738,5011
19.8236,5010
19.8245,5009
19.8253,5008
19.8262,5007
19.827,5006
19.8279,5005
19.8287,5004
19.8311,5003
19.832,5002
19.8767,5001
19.8792,5000
19.88,4999
19.8809,4998
19.8817,4997
19.8825,4996
19.9251,4995
19.926,4994
19.9269,4993
19.9277,4992
19.9286,4991
19.93,4990
19.9309,4989
19.9337,4988
19.9347,4987
20.0027,4986
20.0036,4985
20.0044,4984
20.0053,4983
20.0061,4982
20.007,4981
20.0095,4980
20.061,4979
20.0619,4978
20.0627,4977
20.0635,4976
20.0644,4975
20.0653,4974
20.0662,4973
20.0677,4972
20.0686,4971
20.0695,4970
20.0703,4969
20.1252,4968
20.1261,4967
20.1286,4966
20.1295,4965
20.1304,4964
20.1312,4963
20.1337,4962
20.1346,4961
20.1807,4960
20.1815,4959
20.1856,4958
20.213,4957
20.2139,4956
20.2147,4955
20.2155,4954
20.218,4953
20.2188,4952
20.2208,4951
20.2217,4950
20.2226,4949
20.2764,4948
20.2772,4947
20.2781,4946
20.3005,4945
20.3014,4944
20.3023,4943
20.3031,4942
20.376,4941
20.3769,4940
20.3778,4939
20.3786,4938
20.3795,4937
20.3803,4936
20.4445,4935
20.4454,4934
20.4463,4933
20.4471,4932
20.448,4931
20.4488,4930
20.4496,4929
20.4505,4928
20.4513,4927
20.4538,4926
20.5127,4925
20.5153,4924
20.521,4923
20.5219,4922
20.5571,4921
20.558,4920
20.5589,4919
20.5597,4918
20.5605,4917
20.563,4916
20.5639,4915
20.5647,4914
20.5656,4913
20.5665,4912
20.6031,4911
20.6039,4910
20.6048,4909
20.6056,4908
20.6064,4907
20.6072,4906
20.6097,4905
20.6105,4904
20.6113,4903
20.6122,4902
20.6637,4901
20.6646,4900
20.6654,4899
20.6662,4898
20.667,4897
20.6682,4896
20.6691,4895
20.6716,4894
20.6724,4893
20.6733,4892
20.7204,4891
20.7236,4890
20.7245,4889
20.7253,4888
20.7261,4887
20.7742,4886
20.7751,4885
20.7776,4884
20.7785,4883
20.7793,4882
20.7802,4881
20.781,4880
20.7818,4879
20.7827,4878
20.8641,4877
20.8656,4876
20.8666,4875
20.8692,4874
20.8701,4873
20.871,4872
20.8718,4871
20.9183,4870
20.9225,4869
20.9234,4868
20.962,4867
20.9628,4866
20.9637,4865
20.9678,4864
20.9686,4863
20.9695,4862
21.0312,4861
21.0321,4860
21.0332,4859
21.0341,4858
21.035,4857
21.0358,4856
21.0367,4855
21.0376,4854
21.0384,4853
21.0396,4852
21.0947,4851
21.0955,4850
21.1649,4849
21.1658,4848
21.1666,4847
21.2097,4846
21.2113,4845
21.2122,4844
21.2131,4843
21.214,4842
21.2165,4841
21.3002,4840
21.301,4839
21.3019,4838
21.3027,4837
21.3036,4836
21.3044,4835
21.3052,4834
21.3061,4833
21.3069,4832
21.3078,4831
21.3086,4830
21.3513,4829
21.3523,4828
21.3566,4827
21.3591,4826
21.36,4825
21.3608,4824
21.4397,4823
21.4406,4822
21.4414,4821
21.444,4820
21.4448,4819
21.5838,4818
21.5848,4817
21.5874,4816
21.6216,4815
21.6241,4814
21.625,4813
21.6259,4812
21.6267,4811
21.6277,4810
21.6303,4809
21.6703,4808
21.6713,4807
21.6722,4806
21.673,4805
21.6738,4804
21.6747,4803
21.6756,4802
21.6781,4801
21.6789,4800
21.6797,4799
21.7508,4798
21.7516,4797
21.7525,4796
21.7534,4795
21.7559,4794
21.7567,4793
21.7576,4792
21.7584,4791
21.8019,4790
21.8045,4789
21.807,4788
21.8643,4787
21.8669,4786
21.8693,4785
21.8719,4784
21.9089,4783
21.9114,4782
21.9122,4781
21.913,4780
21.9139,4779
21.9163,4778
21.9574,4777
21.9583,4776
21.9592,4775
21.96,4774
21.9609,4773
21.9617,4772
22.0014,4771
22.0023,4770
22.0074,4769
22.0082,4768
22.0856,4767
22.0866,4766
22.0892,4765
22.0901,4764
22.0909,4763
22.0918,4762
22.0947,4761
22.1175,4760
22.1201,4759
22.1209,4758
22.2165,4757
22.2192,4756
22.2236,4755
22.2244,4754
22.2253,4753
22.2261,4752
22.2654,4751
22.2663,4750
22.2671,4749
22.268,4748
22.2694,4747
22.2702,4746
22.2743,4745
22.2751,4744
22.3118,4743
22.3628,4742
22.3637,4741
22.3679,4740
22.3688,4739
22.3697,4738
22.3706,4737
22.4167,4736
22.4177,4735
22.4185,4734
22.4194,4733
22.4202,4732
22.421,4731
22.4236,4730
22.4244,4729
22.4252,4728
22.4262,4727
22.4742,4726
22.4751,4725
22.4759,4724
22.4803,4723
22.4811,4722
22.4996,4721
22.5005,4720
22.5336,4719
22.5344,4718
22.5353,4717
22.5783,4716
22.5844,4715
22.6645,4714
22.6654,4713
22.6663,4712
22.6672,4711
22.7361,4710
22.7369,4709
22.7378,4708
22.8413,4707
22.8423,4706
22.8449,4705
22.8955,4704
22.9703,4703
22.9713,4702
22.9722,4701
22.9783,4700
22.9792,4699
23.0211,4698
23.022,4697
23.0246,4696
23.0254,4695
23.028,4694
23.0749,4693
23.0757,4692
23.0766,4691
23.0807,4690
23.0816,4689
23.1169,4688
23.1178,4687
23.1227,4686
23.2352,4685
23.236,4684
23.281,4683
23.2818,4682
23.2844,4681
23.2869,4680
23.2877,4679
23.3311,4678
23.3319,4677
23.3328,4676
23.3336,4675
23.3345,4674
23.3353,4673
23.3361,4672
23.3369,4671
23.3379,4670
23.3387,4669
23.3761,4668
23.3786,4667
23.3795,4666
23.3821,4665
23.3829,4664
23.3837,4663
23.3902,4662
23.3927,4661
23.3937,4660
23.3946,4659
23.4788,4658
23.4797,4657
23.4806,4656
23.4864,4655
23.4873,4654
23.4881,4653
23.5805,4652
23.5817,4651
23.5827,4650
23.5836,4649
23.5845,4648
23.5853,4647
23.6167,4646
23.6175,4645
23.6756,4644
23.6782,4643
23.6808,4642
23.7307,4641
23.7316,4640
23.7701,4639
23.771,4638
23.7718,4637
23.7727,4636
23.8577,4635
23.8585,4634
23.8973,4633
23.9016,4632
23.9024,4631
23.9032,4630
23.9041,4629
23.9675,4628
23.9685,4627
23.9693,4626
24.0039,4625
24.0048,4624
24.0056,4623
24.0883,4622
24.0925,4621
24.1611,4620
24.1645,4619
24.1671,4618
24.1679,4617
24.2365,4616
24.241,4615
24.2652,4614
24.2872,4613
24.2881,4612
24.2889,4611
24.2914,4610
24.2923,4609
24.2931,4608
24.294,4607
24.2948,4606
24.3359,4605
24.3368,4604
24.3376,4603
24.3402,4602
24.3412,4601
24.342,4600
24.3429,4599
24.3437,4598
24.3728,4597
24.3737,4596
24.3746,4595
24.3754,4594
24.3762,4593
24.377,4592
24.3778,4591
24.3787,4590
24.4457,4589
24.4498,4588
24.4506,4587
24.5663,4586
24.6152,4585
24.6228,4584
24.6692,4583
24.6701,4582
24.671,4581
24.6718,4580
24.6726,4579
24.6768,4578
24.7286,4577
24.7854,4576
24.7862,4575
24.7871,4574
25.0258,4573
25.0267,4572
25.4831,4571
25.5279,4570
25.5288,4569
25.5296,4568
25.5305,4567
25.5315,4566
25.5324,4565
25.5839,4564
25.5849,4563
25.6476,4562
25.6519,4561
25.6527,4560
25.6536,4559
25.6544,4558
25.657,4557
25.7007,4556
25.7049,4555
25.7074,4554
25.7083,4553
25.7638,4552
25.8206,4551
25.8284,4550
25.8756,4549
25.8766,4548
25.8791,4547
25.9311,4546
25.9321,4545
25.9346,4544
25.9355,4543
25.9363,4542
25.9935,4541
26.0312,4540
26.032,4539
26.0329,4538
26.0337,4537
26.0345,4536
26.0354,4535
26.0395,4534
26.0403,4533
26.103,4532
26.177,4531
26.1779,4530
26.2202,4529
26.221,4528
26.2218,4527
26.2227,4526
26.2624,4525
26.2649,4524
26.2658,4523
26.3306,4522
26.3314,4521
26.3323,4520
26.3332,4519
26.334,4518
26.3725,4517
28.0459,4516
28.0942,4515
28.095,4514
28.0959,4513
28.2597,4512
28.2607,4511
28.2615,4510
28.2624,4509
28.2632,4508
28.3162,4507
28.8059,4506
28.9999,4505
29.035,4504
29.0359,4503
29.0367,4502
29.0376,4501
29.0655,4500
29.0664,4499
29.0709,4498
29.0732,4497
29.0741,4496
29.1106,4495
29.1512,4494
29.152,4493
29.1545,4492
29.1554,4491
29.1562,4490
29.1571,4489
29.196,4488
29.1969,4487
29.2025,4486
30.0802,4485
30.2842,4484
30.2892,4483
30.2901,4482
30.399,4481
30.4066,4480
30.4074,4479
30.7242,4478
30.7267,4477
30.7309,4476
30.7873,4475
30.7882,4474
30.789,4473
30.8182,4472
30.8191,4471
30.8215,4470
30.8224,4469
30.8233,4468
30.8812,4467
30.8877,4466
30.8902,4465
30.891,4464
31.0178,4463
31.022,4462
31.0229,4461
32.0837,4460
32.0846,4459
32.0854,4458
32.1081,4457
32.2917,4456
32.2958,4455
32.3297,4454
32.3306,4453
32.3314,4452
32.3323,4451
32.3347,4450
32.3988,4449
32.3997,4448
32.4022,4447
32.6412,4446
32.6438,4445
32.6446,4444
32.6455,4443
32.6976,4442
32.7001,4441
32.8648,4440
32.8656,4439
32.8665,4438
32.8673,4437
32.9094,4436
32.9102,4435
32.9111,4434
32.9119,4433
32.958,4432
32.9589,4431
32.9647,4430
32.9673,4429
33.0204,4428
33.0245,4427
33.0937,4426
36.7589,4425
37.9637,4424
37.9948,4423
37.9957,4422
41.5029,4421
41.5037,4420
41.5062,4419
41.5705,4418
41.5714,4417
41.5739,4416
41.6345,4415
41.6354,4414
41.6363,4413
41.6372,4412
41.6407,4411
41.726,4410
41.8083,4409
41.8404,4408
41.8462,4407
41.847,4406
41.8495,4405
41.9343,4404
41.9351,4403
41.9399,4402
41.9408,4401
41.9416,4400
42.051,4399
42.0519,4398
42.1729,4397
42.1739,4396
42.1786,4395
42.1795,4394
42.1804,4393
42.2873,4392
42.2883,4391
42.2891,4390
42.3517,4389
42.3895,4388
42.3907,4387
42.3916,4386
42.3924,4385
42.56,4384
42.609,4383
42.6099,4382
42.6124,4381
42.6132,4380
44.8505,4379
44.8514,4378
44.9089,4377
44.9099,4376
44.9995,4375
48.0883,4374
48.0892,4373
48.0917,4372
48.149,4371
48.2212,4370
48.2276,4369
48.2284,4368
48.2293,4367
48.2774,4366
48.3861,4365
48.3869,4364
48.388,4363
48.3891,4362
48.3909,4361
48.4407,4360
48.4417,4359
48.4442,4358
48.62,4357
48.6347,4356
48.6373,4355
48.7448,4354
48.7457,4353
48.7472,4352
48.7481,4351
48.9039,4350
56.3402,4349
56.345,4348
56.3459,4347
56.3467,4346
56.3508,4345
56.3516,4344
56.4269,4343
56.5119,4342
56.6817,4341
56.6828,4340
58.9466,4339
58.949,4338
58.9499,4337
58.9977,4336
59.6767,4335
59.6775,4334
59.7804,4333
59.8216,4332
59.8224,4331
59.8281,4330
59.829,4329
59.8737,4328
59.8748,4327
59.8758,4326
59.8768,4325
59.9415,4324
59.9441,4323
59.945,4322
59.9458,4321
60,4320
61.7965,4319
61.8007,4318
61.8521,4317
61.8529,4316
61.8537,4315
61.9262,4314
61.9287,4313
61.9296,4312
61.9306,4311
61.9314,4310
61.9789,4309
61.9814,4308
62.0322,4307
62.033,4306
62.0339,4305
62.0363,4304
64.2325,4303
64.2334,4302
64.2375,4301
64.2384,4300
64.2392,4299
64.4061,4298
64.4069,4297
64.4077,4296
64.4088,4295
64.4113,4294
64.4121,4293
69.9618,4292
70.3051,4291
70.8385,4290
70.8394,4289
70.8402,4288
70.8427,4287
70.9466,4286
70.9475,4285
70.9483,4284
70.9492,4283
70.9501,4282
70.9509,4281
71.0009,4280
71.0027,4279
71.0036,4278
71.0614,4277
71.0624,4276
71.0633,4275
71.7762,4274
71.7771,4273
71.8594,4272
71.8619,4271
71.8627,4270
71.8652,4269
71.8677,4268
71.9238,4267
71.9247,4266
78.4277,4265
78.4286,4264
78.4296,4263
79.1824,4262
79.1833,4261
79.1841,4260
79.235,4259
79.2359,4258
79.2368,4257
79.2425,4256
79.3793,4255
79.4288,4254
79.4298,4253
79.4306,4252
79.4314,4251
79.4339,4250
79.4347,4249
79.4372,4248
93.605,4247
93.854,4246
93.8549,4245
93.9013,4244
93.9029,4243
93.9048,4242
95.2468,4241
95.2493,4240
95.2501,4239
99.5819,4238
99.5828,4237
99.5836,4236
99.5844,4235
99.5853,4234
99.6378,4233
99.6387,4232
101.188,4231
104.468,4230
104.469,4229
104.524,4228
104.578,4227
104.602,4226
104.603,4225
104.604,4224
104.608,4223
105.975,4222
106.024,4221
106.025,4220
106.032,4219
106.092,4218
106.093,4217
106.097,4216
106.098,4215
106.144,4214
106.145,4213
106.149,4212
106.15,4211
106.151,4210
106.197,4209
106.723,4208
106.724,4207
106.724,4206
107.138,4205
107.139,4204
108.155,4203
108.156,4202
108.157,4201
108.158,4200
108.159,4199
111.532,4198
111.58,4197
111.581,4196
111.626,4195
111.629,4194
111.63,4193
111.681,4192
123.942,4191
123.943,4190
123.944,4189
123.994,4188
123.995,4187
123.997,4186
123.998,4185
123.999,4184
124.221,4183
124.222,4182
124.223,4181
126.601,4180
126.602,4179
127.665,4178
127.666,4177
127.828,4176
127.828,4175
127.873,4174
127.874,4173
136.733,4172
136.734,4171
147.443,4170
147.489,4169
147.49,4168
148.698,4167
148.699,4166
148.7,4165
150.262,4164
150.262,4163
150.264,4162
151.939,4161
152.178,4160
152.477,4159
152.478,4158
152.48,4157
152.481,4156
152.807,4155
152.808,4154
152.808,4153
152.809,4152
152.81,4151
152.811,4150
163.63,4149
163.689,4148
163.69,4147
163.692,4146
179.327,4145
179.328,4144
179.329,4143
183.537,4142
183.589,4141
183.648,4140
183.781,4139
183.828,4138
183.829,4137
183.83,4136
183.831,4135
183.832,4134
183.921,4133
230.155,4132
230.822,4131
230.823,4130
230.824,4129
230.825,4128
231.822,4127
231.823,4126
231.824,4125
235.196,4124
235.198,4123
235.199,4122
235.241,4121
235.242,4120
235.252,4119
235.253,4118
235.254,4117
235.259,4116
235.26,4115
235.271,4114
246.291,4113
277.339,4112
277.34,4111
277.341,4110
277.345,4109
277.346,4108
277.347,4107
277.425,4106
279.827,4105
279.828,4104
279.947,4103
383.575,4102
383.625,4101
383.626,4100
383.63,4099
383.666,4098
383.672,4097
404.031,4096
404.235,4095
404.236,4094
404.237,4093
404.237,4092
404.238,4091
404.239,4090
419.317,4089
419.318,4088
419.319,4087
419.373,4086
419.374,4085
419.381,4084
419.382,4083
419.383,4082
419.426,4081
3000.2,4080
