0.0186292,8360
0.0197452,8359
0.0207545,8358
0.0217565,8357
0.0227494,8356
0.0237449,8355
0.0247411,8354
0.0257266,8353
0.0266985,8352
0.0276697,8351
0.0817574,8350
0.0828024,8349
0.083813,8348
0.0848141,8347
0.0858104,8346
0.0867941,8345
0.0877795,8344
0.0887581,8343
0.0897345,8342
0.0907122,8341
0.165069,8340
0.166117,8339
0.167182,8338
0.168247,8337
0.169244,8336
0.170229,8335
0.171215,8334
0.172196,8333
0.173225,8332
0.174209,8331
0.212758,8330
0.213788,8329
0.215272,8328
0.216709,8327
0.217703,8326
0.218694,8325
0.219679,8324
0.220659,8323
0.221636,8322
0.222636,8321
0.281063,8320
0.28212,8319
0.283137,8318
0.284403,8317
0.285405,8316
0.28639,8315
0.287372,8314
0.288348,8313
0.289317,8312
0.290285,8311
0.34362,8310
0.344633,8309
0.345637,8308
0.346633,8307
0.347625,8306
0.348607,8305
0.349587,8304
0.350562,8303
0.351535,8302
0.352504,8301
0.40333,8300
0.404347,8299
0.405347,8298
0.406341,8297
0.407338,8296
0.408319,8295
0.409295,8294
0.410273,8293
0.411242,8292
0.412206,8291
0.413181,8290
0.447654,8289
0.448782,8288
0.449805,8287
0.450812,8286
0.451796,8285
0.452771,8284
0.45379,8283
0.454762,8282
0.455741,8281
0.456716,8280
0.510845,8279
0.511848,8278
0.512839,8277
0.513845,8276
0.514826,8275
0.515799,8274
0.516773,8273
0.517745,8272
0.518708,8271
0.519665,8270
0.565736,8269
0.566767,8268
0.567794,8267
0.568957,8266
0.569952,8265
0.570936,8264
0.57191,8263
0.572883,8262
0.573871,8261
0.574843,8260
0.635352,8259
0.636415,8258
0.637408,8257
0.638391,8256
0.639368,8255
0.640342,8254
0.641308,8253
0.642276,8252
0.643236,8251
0.644194,8250
0.685792,8249
0.686802,8248
0.687798,8247
0.688786,8246
0.690409,8245
0.69139,8244
0.69236,8243
0.693337,8242
0.694653,8241
0.695626,8240
0.713628,8239
0.714649,8238
0.715659,8237
0.716743,8236
0.717734,8235
0.718717,8234
0.719695,8233
0.72072,8232
0.721695,8231
0.722664,8230
0.743704,8229
0.744719,8228
0.745715,8227
0.746705,8226
0.747687,8225
0.748662,8224
0.749634,8223
0.750602,8222
0.751565,8221
0.752525,8220
0.853045,8219
0.854071,8218
0.855026,8217
0.855985,8216
0.856912,8215
0.857837,8214
0.858791,8213
0.859727,8212
0.860664,8211
0.861637,8210
0.862577,8209
0.906171,8208
0.907138,8207
0.908084,8206
0.909007,8205
0.909942,8204
0.910873,8203
0.911793,8202
0.912722,8201
0.913658,8200
0.914584,8199
0.960143,8198
0.961144,8197
0.962139,8196
0.963141,8195
0.997395,8194
0.998409,8193
0.999379,8192
1.00034,8191
1.00131,8190
1.00228,8189
1.00322,8188
1.01857,8187
1.01955,8186
1.0205,8185
1.02148,8184
1.02244,8183
1.0234,8182
1.02435,8181
1.0253,8180
1.02624,8179
1.02718,8178
1.07727,8177
1.0783,8176
1.07927,8175
1.08022,8174
1.08118,8173
1.08213,8172
1.08308,8171
1.08403,8170
1.08498,8169
1.08593,8168
1.12111,8167
1.12212,8166
1.12312,8165
1.12412,8164
1.12521,8163
1.12623,8162
1.1272,8161
1.12817,8160
1.12913,8159
1.13009,8158
1.13104,8157
1.18452,8156
1.18562,8155
1.18662,8154
1.1876,8153
1.18858,8152
1.18956,8151
1.19053,8150
1.19155,8149
1.19252,8148
1.19348,8147
1.2288,8146
1.2298,8145
1.23079,8144
1.23177,8143
1.23282,8142
1.23383,8141
1.23491,8140
1.23593,8139
1.23695,8138
1.23793,8137
1.2896,8136
1.29057,8135
1.29156,8134
1.29253,8133
1.29348,8132
1.29444,8131
1.29541,8130
1.29636,8129
1.29732,8128
1.29827,8127
1.36096,8126
1.36196,8125
1.36299,8124
1.36398,8123
1.36497,8122
1.36594,8121
1.3669,8120
1.36787,8119
1.36883,8118
1.36978,8117
1.40278,8116
1.40379,8115
1.4048,8114
1.40601,8113
1.40702,8112
1.40802,8111
1.40899,8110
1.40996,8109
1.41092,8108
1.41187,8107
1.45464,8106
1.45576,8105
1.45888,8104
1.45985,8103
1.4608,8102
1.46176,8101
1.46271,8100
1.46364,8099
1.46459,8098
1.50842,8097
1.50943,8096
1.51041,8095
1.5114,8094
1.51238,8093
1.51335,8092
1.51431,8091
1.51528,8090
1.51624,8089
1.5172,8088
1.61185,8087
1.61288,8086
1.61386,8085
1.61484,8084
1.61606,8083
1.61703,8082
1.618,8081
1.61897,8080
1.61993,8079
1.62089,8078
1.66673,8077
1.66774,8076
1.66873,8075
1.66971,8074
1.67069,8073
1.67166,8072
1.67263,8071
1.67359,8070
1.67455,8069
1.67551,8068
1.7268,8067
1.72781,8066
1.72877,8065
1.72972,8064
1.73067,8063
1.73161,8062
1.73255,8061
1.73348,8060
1.73442,8059
1.73538,8058
1.73634,8057
1.79237,8056
1.79344,8055
1.79443,8054
1.79542,8053
1.79638,8052
1.79734,8051
1.7983,8050
1.79924,8049
1.80026,8048
1.80136,8047
1.8079,8046
1.8092,8045
1.8165,8044
1.81754,8043
1.81856,8042
1.81966,8041
1.82068,8040
1.82193,8039
1.82302,8038
1.82422,8037
1.82626,8036
1.82725,8035
1.82822,8034
1.82919,8033
1.83016,8032
1.83112,8031
1.83208,8030
1.83303,8029
1.83398,8028
1.83494,8027
1.86712,8026
1.86807,8025
1.86901,8024
1.87004,8023
1.87099,8022
1.87386,8021
1.8748,8020
1.87576,8019
1.92027,8018
1.92126,8017
1.92219,8016
1.92313,8015
1.9241,8014
1.92503,8013
1.92597,8012
1.92693,8011
1.92786,8010
1.9288,8009
2.02909,8008
2.03024,8007
2.03123,8006
2.03217,8005
2.0333,8004
2.03427,8003
2.03522,8002
2.03616,8001
2.0371,8000
2.03859,7999
2.03965,7998
2.08728,7997
2.08823,7996
2.08924,7995
2.09018,7994
2.09111,7993
2.09263,7992
2.09362,7991
2.13525,7990
2.13743,7989
2.1386,7988
2.14103,7987
2.14201,7986
2.14305,7985
2.14401,7984
2.14497,7983
2.14593,7982
2.14689,7981
2.14784,7980
2.14879,7979
2.14973,7978
2.18758,7977
2.18858,7976
2.18957,7975
2.19188,7974
2.19287,7973
2.19385,7972
2.19482,7971
2.19579,7970
2.19676,7969
2.19772,7968
2.2763,7967
2.2774,7966
2.29897,7965
2.30165,7964
2.30265,7963
2.30366,7962
2.30464,7961
2.30574,7960
2.30675,7959
2.30772,7958
2.33987,7957
2.34089,7956
2.3419,7955
2.3429,7954
2.34391,7953
2.34488,7952
2.39034,7951
2.39136,7950
2.39235,7949
2.39343,7948
2.39442,7947
2.39539,7946
2.3972,7945
2.39818,7944
2.39915,7943
2.40011,7942
2.40106,7941
2.40837,7940
2.40937,7939
2.41036,7938
2.41135,7937
2.41233,7936
2.46345,7935
2.46448,7934
2.46546,7933
2.46644,7932
2.46741,7931
2.46838,7930
2.46968,7929
2.47065,7928
2.47162,7927
2.47259,7926
2.51371,7925
2.51471,7924
2.51569,7923
2.51666,7922
2.51763,7921
2.51859,7920
2.51955,7919
2.5205,7918
2.52145,7917
2.5224,7916
2.52335,7915
2.57372,7914
2.57474,7913
2.57581,7912
2.57875,7911
2.57973,7910
2.58069,7909
2.58171,7908
2.58269,7907
2.62551,7906
2.62695,7905
2.62819,7904
2.62969,7903
2.63136,7902
2.63262,7901
2.63424,7900
2.63558,7899
2.63852,7898
2.63953,7897
2.68494,7896
2.68592,7895
2.6869,7894
2.68787,7893
2.68883,7892
2.68981,7891
2.69081,7890
2.69176,7889
2.69273,7888
2.69368,7887
2.73704,7886
2.73805,7885
2.73906,7884
2.74014,7883
2.74113,7882
2.7421,7881
2.74307,7880
2.74404,7879
2.745,7878
2.74596,7877
2.78961,7876
2.79059,7875
2.79154,7874
2.7925,7873
2.79345,7872
2.79444,7871
2.7954,7870
2.79634,7869
2.79727,7868
2.79821,7867
2.83741,7866
2.83843,7865
2.83944,7864
2.84044,7863
2.84142,7862
2.84428,7861
2.84525,7860
2.84622,7859
2.84718,7858
2.88847,7857
2.88946,7856
2.89044,7855
2.89144,7854
2.8924,7853
2.89336,7852
2.89432,7851
2.89527,7850
2.89622,7849
2.89716,7848
2.93839,7847
2.93938,7846
2.94035,7845
2.94132,7844
2.94226,7843
2.9432,7842
2.94415,7841
2.94556,7840
2.94675,7839
2.94798,7838
3.00694,7837
3.00794,7836
3.00895,7835
3.00988,7834
3.01079,7833
3.01174,7832
3.01266,7831
3.01358,7830
3.01451,7829
3.01546,7828
3.01638,7827
3.04439,7826
3.04542,7825
3.04639,7824
3.04737,7823
3.04833,7822
3.04927,7821
3.05021,7820
3.05115,7819
3.05208,7818
3.05346,7817
3.11369,7816
3.1147,7815
3.11565,7814
3.11659,7813
3.11752,7812
3.11844,7811
3.11936,7810
3.12037,7809
3.12129,7808
3.12222,7807
3.12314,7806
3.15396,7805
3.15493,7804
3.15587,7803
3.1568,7802
3.15772,7801
3.15863,7800
3.15955,7799
3.16047,7798
3.16137,7797
3.16228,7796
3.20588,7795
3.20701,7794
3.20799,7793
3.20893,7792
3.20987,7791
3.21081,7790
3.21173,7789
3.21265,7788
3.21358,7787
3.21449,7786
3.21541,7785
3.26616,7784
3.26715,7783
3.26808,7782
3.26906,7781
3.27001,7780
3.27095,7779
3.27188,7778
3.27279,7777
3.27369,7776
3.27461,7775
3.27552,7774
3.31684,7773
3.31785,7772
3.31912,7771
3.32008,7770
3.32103,7769
3.32199,7768
3.32293,7767
3.32388,7766
3.32482,7765
3.32575,7764
3.36855,7763
3.36954,7762
3.37052,7761
3.37148,7760
3.37245,7759
3.3734,7758
3.37435,7757
3.37529,7756
3.37623,7755
3.37715,7754
3.37808,7753
3.42158,7752
3.42257,7751
3.42354,7750
3.42452,7749
3.42549,7748
3.42716,7747
3.42813,7746
3.42909,7745
3.43003,7744
3.43097,7743
3.459,7742
3.45998,7741
3.46092,7740
3.94267,7739
3.94369,7738
3.94466,7737
3.94563,7736
3.94659,7735
3.94754,7734
3.9485,7733
3.94945,7732
3.95088,7731
3.95192,7730
3.97277,7729
3.97376,7728
3.97474,7727
3.97571,7726
3.97668,7725
3.97763,7724
3.97859,7723
3.97954,7722
3.98049,7721
3.98146,7720
3.99572,7719
3.99671,7718
3.99768,7717
3.99865,7716
3.99967,7715
4.00063,7714
4.00159,7713
4.00255,7712
4.0035,7711
4.00445,7710
4.02264,7709
4.02364,7708
4.02461,7707
4.02559,7706
4.02655,7705
4.02751,7704
4.02846,7703
4.02942,7702
4.03223,7701
4.03323,7700
4.03428,7699
4.08305,7698
4.08407,7697
4.08506,7696
4.08603,7695
4.08699,7694
4.08795,7693
4.08891,7692
4.08986,7691
4.09081,7690
4.09177,7689
4.11026,7688
4.11125,7687
4.11223,7686
4.1132,7685
4.11417,7684
4.11513,7683
4.11609,7682
4.11704,7681
4.11799,7680
4.11894,7679
4.15948,7678
4.1605,7677
4.16148,7676
4.16245,7675
4.16342,7674
4.16441,7673
4.16538,7672
4.16634,7671
4.1673,7670
4.16824,7669
4.16919,7668
4.20156,7667
4.20256,7666
4.20353,7665
4.20494,7664
4.20594,7663
4.2069,7662
4.20785,7661
4.20881,7660
4.20976,7659
4.2107,7658
4.2362,7657
4.23728,7656
4.23827,7655
4.23924,7654
4.2402,7653
4.24116,7652
4.24211,7651
4.24306,7650
4.24401,7649
4.24496,7648
4.30118,7647
4.30217,7646
4.30408,7645
4.30513,7644
4.30615,7643
4.3136,7642
4.3148,7641
4.31583,7640
4.31681,7639
4.3191,7638
4.39137,7637
4.39269,7636
4.39369,7635
4.39466,7634
4.39562,7633
4.39659,7632
4.39754,7631
4.39849,7630
4.39944,7629
4.40038,7628
4.44922,7627
4.45046,7626
4.45155,7625
4.45255,7624
4.45352,7623
4.45515,7622
4.45774,7621
4.45965,7620
4.46075,7619
4.46174,7618
4.52171,7617
4.5227,7616
4.52368,7615
4.52465,7614
4.5257,7613
4.52665,7612
4.52761,7611
4.52856,7610
4.52958,7609
4.53053,7608
4.53193,7607
4.57265,7606
4.57366,7605
4.5746,7604
4.57552,7603
4.57814,7602
4.58026,7601
4.58129,7600
4.58227,7599
4.5832,7598
4.58411,7597
4.6413,7596
4.64231,7595
4.64331,7594
4.6443,7593
4.64523,7592
4.64615,7591
4.64709,7590
4.64805,7589
4.64911,7588
4.65003,7587
4.7582,7586
4.75919,7585
4.76016,7584
4.76112,7583
4.76222,7582
4.7632,7581
4.76415,7580
4.76509,7579
4.76608,7578
4.76703,7577
4.76796,7576
4.81903,7575
4.82001,7574
4.82098,7573
4.82194,7572
4.82289,7571
4.82384,7570
4.82478,7569
4.82572,7568
4.82665,7567
4.82758,7566
4.82859,7565
4.82952,7564
4.83044,7563
4.83135,7562
4.83227,7561
4.83318,7560
4.83409,7559
4.83501,7558
4.83591,7557
4.83682,7556
4.83773,7555
4.91878,7554
4.91976,7553
4.92073,7552
4.92169,7551
4.92262,7550
4.92356,7549
4.9245,7548
4.92543,7547
4.92638,7546
4.92732,7545
4.92825,7544
4.97091,7543
4.97191,7542
4.9729,7541
4.97388,7540
4.97486,7539
4.9758,7538
4.97675,7537
4.97769,7536
4.97863,7535
4.97956,7534
5.07885,7533
5.07984,7532
5.08093,7531
5.08194,7530
5.08299,7529
5.08395,7528
5.0849,7527
5.08592,7526
5.08688,7525
5.08782,7524
5.13421,7523
5.1352,7522
5.13618,7521
5.13713,7520
5.13806,7519
5.13898,7518
5.13992,7517
5.14083,7516
5.14174,7515
5.14266,7514
5.14357,7513
5.1972,7512
5.19818,7511
5.19912,7510
5.20006,7509
5.20098,7508
5.2019,7507
5.20282,7506
5.20377,7505
5.20468,7504
5.20559,7503
5.20651,7502
5.26005,7501
5.26102,7500
5.26199,7499
5.26295,7498
5.26395,7497
5.26492,7496
5.26588,7495
5.26683,7494
5.26777,7493
5.26871,7492
5.36485,7491
5.36585,7490
5.36677,7489
5.36771,7488
5.36862,7487
5.36952,7486
5.37045,7485
5.37136,7484
5.37226,7483
5.3732,7482
5.37416,7481
5.41527,7480
5.41621,7479
5.41713,7478
5.41805,7477
5.41896,7476
5.41988,7475
5.42081,7474
5.42172,7473
5.42263,7472
5.42356,7471
5.42448,7470
5.475,7469
5.47597,7468
5.47689,7467
5.4778,7466
5.47871,7465
5.47961,7464
5.48053,7463
5.48144,7462
5.48236,7461
5.48333,7460
5.5351,7459
5.53608,7458
5.53705,7457
5.53801,7456
5.53898,7455
5.53993,7454
5.54087,7453
5.54182,7452
5.54276,7451
5.5437,7450
5.54464,7449
5.6238,7448
5.62482,7447
5.62582,7446
5.62678,7445
5.62774,7444
5.62869,7443
5.62963,7442
5.63057,7441
5.63151,7440
5.63244,7439
5.67934,7438
5.68038,7437
5.68136,7436
5.68233,7435
5.68332,7434
5.68428,7433
5.68524,7432
5.68618,7431
5.68744,7430
5.68887,7429
5.68983,7428
5.72866,7427
5.72963,7426
5.7306,7425
5.73155,7424
5.73251,7423
5.73347,7422
5.73442,7421
5.73537,7420
5.73631,7419
5.73724,7418
5.78505,7417
5.78604,7416
5.78704,7415
5.788,7414
5.78896,7413
5.78991,7412
5.79085,7411
5.79188,7410
5.79283,7409
5.79377,7408
5.79563,7407
5.79659,7406
5.79753,7405
5.79846,7404
5.79939,7403
5.80032,7402
5.80124,7401
5.80216,7400
5.80312,7399
5.80404,7398
5.80501,7397
5.91389,7396
5.9149,7395
5.91585,7394
5.91726,7393
5.91823,7392
5.91917,7391
5.92012,7390
5.92106,7389
5.92201,7388
5.92295,7387
5.92388,7386
5.9624,7385
5.96342,7384
5.96438,7383
5.96535,7382
5.96629,7381
5.96723,7380
5.96821,7379
5.96915,7378
5.97008,7377
5.97101,7376
6.01684,7375
6.01782,7374
6.01878,7373
6.01973,7372
6.02067,7371
6.02161,7370
6.02256,7369
6.02349,7368
6.0244,7367
6.02531,7366
6.02622,7365
6.07498,7364
6.0779,7363
6.07886,7362
6.0798,7361
6.08088,7360
6.08182,7359
6.08276,7358
6.08372,7357
6.1468,7356
6.14777,7355
6.14874,7354
6.14969,7353
6.15064,7352
6.15158,7351
6.15252,7350
6.15345,7349
6.15438,7348
6.15531,7347
6.15624,7346
6.19715,7345
6.19813,7344
6.19906,7343
6.19998,7342
6.20091,7341
6.20187,7340
6.20277,7339
6.20368,7338
6.20526,7337
6.20621,7336
6.20715,7335
6.26498,7334
6.26597,7333
6.26695,7332
6.26789,7331
6.2688,7330
6.26972,7329
6.27064,7328
6.27155,7327
6.27246,7326
6.27338,7325
6.31591,7324
6.31691,7323
6.31789,7322
6.31886,7321
6.31981,7320
6.32076,7319
6.32171,7318
6.32265,7317
6.32358,7316
6.32451,7315
6.32544,7314
6.4059,7313
6.40906,7312
6.41003,7311
6.41099,7310
6.41204,7309
6.41303,7308
6.41398,7307
6.41492,7306
6.41585,7305
6.41772,7304
6.43078,7303
6.43175,7302
6.4327,7301
6.43549,7300
6.43643,7299
6.43737,7298
6.43829,7297
6.43922,7296
6.44017,7295
6.53057,7294
6.53343,7293
6.53437,7292
6.53535,7291
6.53632,7290
6.53727,7289
6.53821,7288
6.53917,7287
6.58405,7286
6.58505,7285
6.58601,7284
6.58715,7283
6.58811,7282
6.58905,7281
6.58999,7280
6.59093,7279
6.59187,7278
6.5928,7277
6.59372,7276
6.63678,7275
6.63777,7274
6.639,7273
6.64059,7272
6.64204,7271
6.64299,7270
6.64394,7269
6.64671,7268
6.71951,7267
6.72056,7266
6.72153,7265
6.7244,7264
6.72541,7263
6.72635,7262
6.72729,7261
6.72822,7260
6.77364,7259
6.77463,7258
6.7756,7257
6.77658,7256
6.77755,7255
6.77851,7254
6.77946,7253
6.7804,7252
6.78134,7251
6.78227,7250
6.7832,7249
6.82978,7248
6.83075,7247
6.8317,7246
6.83264,7245
6.83357,7244
6.83451,7243
6.83544,7242
6.83636,7241
6.83729,7240
6.83821,7239
6.83913,7238
6.87498,7237
6.87595,7236
6.8769,7235
6.87784,7234
6.87878,7233
6.87972,7232
6.88065,7231
6.88159,7230
6.88251,7229
6.88352,7228
6.95562,7227
6.96179,7226
6.96278,7225
6.96374,7224
6.9647,7223
6.96565,7222
6.96659,7221
6.96755,7220
6.96854,7219
6.96957,7218
6.98064,7217
6.98162,7216
6.98258,7215
6.98353,7214
6.98448,7213
6.98542,7212
6.98636,7211
6.98729,7210
6.98823,7209
6.98916,7208
6.99009,7207
7.05796,7206
7.06155,7205
7.06256,7204
7.06358,7203
7.06455,7202
7.06551,7201
7.06646,7200
7.06743,7199
7.06934,7198
7.0703,7197
7.11068,7196
7.11165,7195
7.11258,7194
7.11353,7193
7.11444,7192
7.11538,7191
7.1163,7190
7.11721,7189
7.11814,7188
7.11904,7187
7.11994,7186
7.15346,7185
7.15443,7184
7.15532,7183
7.15621,7182
7.1571,7181
7.15798,7180
7.15888,7179
7.15978,7178
7.16074,7177
7.16166,7176
7.16281,7175
7.2252,7174
7.22616,7173
7.22707,7172
7.22804,7171
7.22899,7170
7.2299,7169
7.2308,7168
7.23174,7167
7.23265,7166
7.23354,7165
7.23447,7164
7.29028,7163
7.29121,7162
7.29212,7161
7.29304,7160
7.29396,7159
7.29486,7158
7.2959,7157
7.29687,7156
7.29791,7155
7.29913,7154
7.30008,7153
7.30114,7152
7.30207,7151
7.30298,7150
7.30389,7149
7.3048,7148
7.3057,7147
7.30668,7146
7.30792,7145
7.37983,7144
7.38081,7143
7.41218,7142
7.41316,7141
7.41412,7140
7.41514,7139
7.4161,7138
7.41703,7137
7.41797,7136
7.41889,7135
7.4198,7134
7.44646,7133
7.44746,7132
7.44844,7131
7.44938,7130
7.45033,7129
7.45128,7128
7.45219,7127
7.45344,7126
7.45437,7125
7.45529,7124
7.48477,7123
7.48574,7122
7.4867,7121
7.48763,7120
7.48856,7119
7.48956,7118
7.49049,7117
7.4915,7116
7.49243,7115
7.49333,7114
7.49423,7113
7.54778,7112
7.54881,7111
7.54974,7110
7.55065,7109
7.55156,7108
7.55248,7107
7.55338,7106
7.55428,7105
7.55522,7104
7.55612,7103
7.55702,7102
7.58896,7101
7.58994,7100
7.59086,7099
7.59178,7098
7.5927,7097
7.5936,7096
7.59451,7095
7.59542,7094
7.59635,7093
7.59724,7092
7.63172,7091
7.6327,7090
7.63366,7089
7.63461,7088
7.63553,7087
7.63643,7086
7.63733,7085
7.63824,7084
7.63915,7083
7.64005,7082
7.64098,7081
7.68361,7080
7.68464,7079
7.68558,7078
7.6865,7077
7.68742,7076
7.68836,7075
7.68929,7074
7.69062,7073
7.69154,7072
7.69245,7071
7.69337,7070
7.74583,7069
7.74681,7068
7.74776,7067
7.74883,7066
7.74975,7065
7.75069,7064
7.75159,7063
7.75249,7062
7.75342,7061
7.75432,7060
7.75521,7059
7.79841,7058
7.79935,7057
7.80028,7056
7.80119,7055
7.80211,7054
7.80302,7053
7.80393,7052
7.80483,7051
7.80572,7050
7.80661,7049
7.80751,7048
7.84863,7047
7.84956,7046
7.85049,7045
7.8514,7044
7.85233,7043
7.85325,7042
7.85417,7041
7.85509,7040
7.85599,7039
7.85688,7038
7.85778,7037
7.89459,7036
7.89554,7035
7.89646,7034
7.89736,7033
7.89825,7032
7.89917,7031
7.90006,7030
7.90095,7029
7.90187,7028
7.90284,7027
7.94983,7026
7.95081,7025
7.95174,7024
7.95262,7023
7.9535,7022
7.9544,7021
7.95704,7020
7.95797,7019
7.95886,7018
8.01836,7017
8.01933,7016
8.02027,7015
8.02128,7014
8.02221,7013
8.02314,7012
8.02404,7011
8.02494,7010
8.02587,7009
8.02676,7008
8.02765,7007
8.07152,7006
8.0726,7005
8.07353,7004
8.07449,7003
8.07539,7002
8.07627,7001
8.07716,7000
8.07804,6999
8.08067,6998
8.08438,6997
8.08535,6996
8.08625,6995
8.08716,6994
8.08806,6993
8.08896,6992
8.08985,6991
8.09258,6990
8.09351,6989
8.16788,6988
8.16884,6987
8.16975,6986
8.17072,6985
8.17161,6984
8.17251,6983
8.17341,6982
8.17435,6981
8.17528,6980
8.17616,6979
8.17704,6978
8.21844,6977
8.21942,6976
8.22035,6975
8.22306,6974
8.22396,6973
8.22484,6972
8.22593,6971
8.22684,6970
8.22773,6969
8.2848,6968
8.28844,6967
8.28984,6966
8.29275,6965
8.2937,6964
8.29464,6963
8.29558,6962
8.2965,6961
8.29742,6960
8.29835,6959
8.29926,6958
8.34671,6957
8.34767,6956
8.3486,6955
8.34951,6954
8.35043,6953
8.35136,6952
8.35227,6951
8.35318,6950
8.35408,6949
8.35499,6948
8.3559,6947
8.39849,6946
8.39946,6945
8.40041,6944
8.40136,6943
8.4023,6942
8.40323,6941
8.40415,6940
8.40508,6939
8.406,6938
8.40691,6937
8.45091,6936
8.45187,6935
8.4528,6934
8.45373,6933
8.45466,6932
8.45559,6931
8.4565,6930
8.45744,6929
8.45838,6928
8.50197,6927
8.50294,6926
8.50389,6925
8.50485,6924
8.50578,6923
8.50675,6922
8.5077,6921
8.50864,6920
8.50957,6919
8.51049,6918
8.51141,6917
8.53762,6916
8.53867,6915
8.53962,6914
8.54055,6913
8.5416,6912
8.54253,6911
8.54346,6910
8.5444,6909
8.54532,6908
8.54624,6907
8.58832,6906
8.58928,6905
8.59023,6904
8.59121,6903
8.59214,6902
8.59307,6901
8.59401,6900
8.59493,6899
8.59585,6898
8.59677,6897
8.59769,6896
8.67616,6895
8.67715,6894
8.67812,6893
8.67908,6892
8.68042,6891
8.68136,6890
8.68228,6889
8.6832,6888
8.68411,6887
8.68501,6886
8.68592,6885
8.74129,6884
8.74224,6883
8.74318,6882
8.7441,6881
8.74502,6880
8.74594,6879
8.74685,6878
8.74781,6877
8.74872,6876
8.74965,6875
8.75055,6874
8.77251,6873
8.77347,6872
8.77441,6871
8.77535,6870
8.77628,6869
8.77721,6868
8.77819,6867
8.77914,6866
8.78014,6865
8.78105,6864
8.83361,6863
8.83457,6862
8.83552,6861
8.83647,6860
8.84105,6859
8.84197,6858
8.84289,6857
8.88504,6856
8.8866,6855
8.88756,6854
8.89034,6853
8.89127,6852
8.89219,6851
8.92821,6850
8.92917,6849
8.93015,6848
8.9437,6847
8.94463,6846
8.94556,6845
8.94645,6844
8.94746,6843
8.9484,6842
8.9493,6841
8.9502,6840
8.95108,6839
8.95197,6838
8.95286,6837
9.00021,6836
9.00117,6835
9.00211,6834
9.00304,6833
9.00397,6832
9.0049,6831
9.00582,6830
9.00674,6829
9.00765,6828
9.00856,6827
9.04304,6826
9.04401,6825
9.04496,6824
9.0459,6823
9.04683,6822
9.04776,6821
9.04868,6820
9.0496,6819
9.05052,6818
9.0532,6817
9.05416,6816
9.1284,6815
9.12947,6814
9.13043,6813
9.13145,6812
9.1324,6811
9.13333,6810
9.13426,6809
9.1356,6808
9.13658,6807
9.13751,6806
9.14351,6805
9.14447,6804
9.17984,6803
9.18087,6802
9.18191,6801
9.18283,6800
9.18379,6799
9.18472,6798
9.18561,6797
9.18839,6796
9.18935,6795
9.23894,6794
9.23991,6793
9.24085,6792
9.24175,6791
9.24266,6790
9.24362,6789
9.24452,6788
9.24542,6787
9.24636,6786
9.24727,6785
9.24816,6784
9.27246,6783
9.2734,6782
9.27431,6781
9.27522,6780
9.27612,6779
9.27701,6778
9.27791,6777
9.27881,6776
9.27971,6775
9.28059,6774
9.28149,6773
9.32989,6772
9.33084,6771
9.33174,6770
9.33265,6769
9.33355,6768
9.33475,6767
9.33567,6766
9.33657,6765
9.33747,6764
9.33838,6763
9.3393,6762
9.36761,6761
9.3686,6760
9.36951,6759
9.37043,6758
9.37133,6757
9.37399,6756
9.37489,6755
9.3758,6754
9.37668,6753
9.45344,6752
9.45437,6751
9.45527,6750
9.45616,6749
9.45705,6748
9.45793,6747
9.45883,6746
9.45973,6745
9.46063,6744
9.49836,6743
9.50039,6742
9.50134,6741
9.50236,6740
9.50331,6739
9.50423,6738
9.50512,6737
9.50602,6736
9.50694,6735
9.50784,6734
9.50874,6733
9.56839,6732
9.56932,6731
9.57208,6730
9.57301,6729
9.57395,6728
9.57497,6727
9.61547,6726
9.61652,6725
9.61743,6724
9.61835,6723
9.61925,6722
9.62015,6721
9.62105,6720
9.62195,6719
9.62284,6718
9.62375,6717
9.62464,6716
9.68152,6715
9.68248,6714
9.6834,6713
9.6843,6712
9.68527,6711
9.68624,6710
9.68716,6709
9.68821,6708
9.68916,6707
9.69007,6706
9.69097,6705
9.737,6704
9.73797,6703
9.73889,6702
9.73978,6701
9.74067,6700
9.74158,6699
9.7425,6698
9.74337,6697
9.74426,6696
9.74518,6695
9.74606,6694
9.77385,6693
9.7766,6692
9.7775,6691
9.77839,6690
9.77928,6689
9.78018,6688
9.78107,6687
9.78195,6686
9.78284,6685
9.85224,6684
9.8532,6683
9.85412,6682
9.85504,6681
9.85596,6680
9.85688,6679
9.85778,6678
9.8587,6677
9.85958,6676
9.86047,6675
9.86138,6674
9.91625,6673
9.91732,6672
9.91867,6671
9.91961,6670
9.92052,6669
9.92142,6668
9.92411,6667
9.92693,6666
9.92789,6665
9.98264,6664
9.98362,6663
9.98449,6662
9.98541,6661
9.98629,6660
9.98716,6659
9.98803,6658
9.9889,6657
9.98976,6656
9.99064,6655
9.99152,6654
10.0373,6653
10.0382,6652
10.0391,6651
10.04,6650
10.0409,6649
10.0418,6648
10.0426,6647
10.0435,6646
10.0444,6645
10.0454,6644
10.0463,6643
10.0572,6642
10.0582,6641
10.0591,6640
10.0599,6639
10.0608,6638
10.0617,6637
10.0626,6636
10.0635,6635
10.0643,6634
10.0652,6633
10.0661,6632
10.1301,6631
10.1311,6630
10.132,6629
10.1329,6628
10.1338,6627
10.1347,6626
10.1356,6625
10.1365,6624
10.1374,6623
10.1383,6622
10.1392,6621
10.193,6620
10.1939,6619
10.1948,6618
10.1957,6617
10.1966,6616
10.1975,6615
10.1984,6614
10.1993,6613
10.2002,6612
10.2011,6611
10.202,6610
10.2474,6609
10.2484,6608
10.2493,6607
10.2502,6606
10.2511,6605
10.252,6604
10.2529,6603
10.2538,6602
10.2547,6601
10.2557,6600
10.2566,6599
10.3036,6598
10.3046,6597
10.3056,6596
10.3066,6595
10.3075,6594
10.3086,6593
10.31,6592
10.311,6591
10.3119,6590
10.3129,6589
10.3138,6588
10.3642,6587
10.3688,6586
10.3714,6585
10.3723,6584
10.3732,6583
10.4219,6582
10.4229,6581
10.4238,6580
10.4247,6579
10.4256,6578
10.4265,6577
10.4274,6576
10.4283,6575
10.4291,6574
10.43,6573
10.4309,6572
10.4694,6571
10.4705,6570
10.4714,6569
10.4723,6568
10.4732,6567
10.4741,6566
10.475,6565
10.4759,6564
10.4768,6563
10.4778,6562
10.4786,6561
10.536,6560
10.5369,6559
10.5379,6558
10.5388,6557
10.5397,6556
10.5407,6555
10.5429,6554
10.5438,6553
10.5448,6552
10.5457,6551
10.5466,6550
10.597,6549
10.5979,6548
10.5989,6547
10.5998,6546
10.6008,6545
10.6017,6544
10.6026,6543
10.6071,6542
10.608,6541
10.6089,6540
10.6098,6539
10.6107,6538
10.6116,6537
10.6125,6536
10.6134,6535
10.6143,6534
10.6152,6533
10.6161,6532
10.7113,6531
10.7123,6530
10.7133,6529
10.7143,6528
10.7152,6527
10.7161,6526
10.7171,6525
10.718,6524
10.7189,6523
10.7592,6522
10.7601,6521
10.7611,6520
10.762,6519
10.763,6518
10.7639,6517
10.7648,6516
10.7657,6515
10.7666,6514
10.7675,6513
10.8173,6512
10.8183,6511
10.8192,6510
10.8202,6509
10.8211,6508
10.822,6507
10.8229,6506
10.8238,6505
10.8247,6504
10.8257,6503
10.827,6502
10.8604,6501
10.8615,6500
10.8625,6499
10.8635,6498
10.8644,6497
10.8654,6496
10.8669,6495
10.868,6494
10.869,6493
10.87,6492
10.8721,6491
10.8731,6490
10.8741,6489
10.8751,6488
10.876,6487
10.877,6486
10.8779,6485
10.879,6484
10.88,6483
10.8809,6482
10.8818,6481
10.9618,6480
10.9628,6479
10.9637,6478
10.9647,6477
10.9656,6476
10.9665,6475
10.9674,6474
10.9684,6473
10.9693,6472
10.9702,6471
10.9711,6470
11.0139,6469
11.0149,6468
11.0159,6467
11.0168,6466
11.0177,6465
11.0187,6464
11.0196,6463
11.0206,6462
11.0215,6461
11.0224,6460
11.0233,6459
11.0786,6458
11.0796,6457
11.0805,6456
11.0813,6455
11.0822,6454
11.0832,6453
11.084,6452
11.0849,6451
11.0857,6450
11.0866,6449
11.1271,6448
11.128,6447
11.1291,6446
11.1301,6445
11.131,6444
11.1319,6443
11.1328,6442
11.1337,6441
11.1346,6440
11.1354,6439
11.1836,6438
11.1845,6437
11.1873,6436
11.1882,6435
11.1891,6434
11.19,6433
11.1909,6432
11.1918,6431
11.1926,6430
11.2442,6429
11.2451,6428
11.246,6427
11.2469,6426
11.2478,6425
11.2487,6424
11.2496,6423
11.2505,6422
11.2513,6421
11.2522,6420
11.2531,6419
11.254,6418
11.2831,6417
11.284,6416
11.2849,6415
11.2858,6414
11.2884,6413
11.2893,6412
11.2902,6411
11.2911,6410
11.292,6409
11.3361,6408
11.337,6407
11.3379,6406
11.3388,6405
11.3397,6404
11.3405,6403
11.3414,6402
11.344,6401
11.3449,6400
11.3878,6399
11.3888,6398
11.3897,6397
11.3906,6396
11.3915,6395
11.3923,6394
11.3936,6393
11.3945,6392
11.3954,6391
11.3962,6390
11.3971,6389
11.4481,6388
11.449,6387
11.45,6386
11.4509,6385
11.4519,6384
11.4528,6383
11.4537,6382
11.4545,6381
11.4554,6380
11.4563,6379
11.4572,6378
11.5049,6377
11.5059,6376
11.5068,6375
11.5078,6374
11.5087,6373
11.5096,6372
11.5105,6371
11.5113,6370
11.5122,6369
11.5131,6368
11.514,6367
11.5656,6366
11.5665,6365
11.5674,6364
11.5683,6363
11.5692,6362
11.5701,6361
11.571,6360
11.5719,6359
11.5728,6358
11.5737,6357
11.5745,6356
11.5754,6355
11.6116,6354
11.6126,6353
11.6135,6352
11.6144,6351
11.6153,6350
11.6162,6349
11.6171,6348
11.618,6347
11.6189,6346
11.6198,6345
11.6207,6344
11.6785,6343
11.6795,6342
11.6804,6341
11.6813,6340
11.6822,6339
11.6831,6338
11.684,6337
11.6849,6336
11.6857,6335
11.6866,6334
11.6875,6333
11.7399,6332
11.7408,6331
11.7418,6330
11.7428,6329
11.7441,6328
11.7451,6327
11.746,6326
11.7469,6325
11.7478,6324
11.7487,6323
11.7496,6322
11.8008,6321
11.8018,6320
11.8028,6319
11.8037,6318
11.8063,6317
11.8072,6316
11.8081,6315
11.809,6314
11.8099,6313
11.8556,6312
11.8565,6311
11.8575,6310
11.859,6309
11.8603,6308
11.8613,6307
11.8622,6306
11.8631,6305
11.864,6304
11.8649,6303
11.9444,6302
11.9454,6301
11.9463,6300
11.9472,6299
11.9482,6298
11.9491,6297
11.95,6296
11.9509,6295
11.9519,6294
11.9528,6293
11.9537,6292
12.0019,6291
12.0029,6290
12.0059,6289
12.0068,6288
12.0077,6287
12.0086,6286
12.0095,6285
12.0104,6284
12.0113,6283
12.0444,6282
12.0454,6281
12.0463,6280
12.0472,6279
12.0481,6278
12.0491,6277
12.05,6276
12.0509,6275
12.0518,6274
12.0527,6273
12.0536,6272
12.1077,6271
12.1087,6270
12.1096,6269
12.1106,6268
12.1114,6267
12.1123,6266
12.1132,6265
12.1141,6264
12.115,6263
12.1159,6262
12.1167,6261
12.1548,6260
12.1558,6259
12.1585,6258
12.1594,6257
12.1603,6256
12.1682,6255
12.1694,6254
12.1703,6253
12.1717,6252
12.2333,6251
12.2361,6250
12.237,6249
12.2401,6248
12.2427,6247
12.2845,6246
12.2855,6245
12.2864,6244
12.2873,6243
12.2882,6242
12.2891,6241
12.29,6240
12.2908,6239
12.2918,6238
12.2927,6237
12.2936,6236
12.3473,6235
12.3499,6234
12.3508,6233
12.3517,6232
12.3526,6231
12.3535,6230
12.3543,6229
12.3552,6228
12.3561,6227
12.3921,6226
12.393,6225
12.3939,6224
12.3948,6223
12.3957,6222
12.3966,6221
12.3975,6220
12.3984,6219
12.3992,6218
12.4001,6217
12.4009,6216
12.4397,6215
12.4406,6214
12.4415,6213
12.4424,6212
12.4432,6211
12.4441,6210
12.445,6209
12.4459,6208
12.4467,6207
12.4476,6206
12.4485,6205
12.4498,6204
12.5197,6203
12.5206,6202
12.5215,6201
12.5224,6200
12.5232,6199
12.5241,6198
12.525,6197
12.5258,6196
12.5267,6195
12.5275,6194
12.5284,6193
12.5514,6192
12.5523,6191
12.5532,6190
12.5541,6189
12.5567,6188
12.5576,6187
12.5586,6186
12.5594,6185
12.5603,6184
12.6088,6183
12.6098,6182
12.6111,6181
12.612,6180
12.6129,6179
12.6138,6178
12.6147,6177
12.6156,6176
12.6165,6175
12.6174,6174
12.6182,6173
12.6191,6172
12.6612,6171
12.6622,6170
12.6631,6169
12.664,6168
12.6649,6167
12.6658,6166
12.6668,6165
12.6676,6164
12.6686,6163
12.6694,6162
12.7151,6161
12.7164,6160
12.7174,6159
12.7203,6158
12.7213,6157
12.7223,6156
12.7232,6155
12.7243,6154
12.7252,6153
12.7261,6152
12.7284,6151
12.7757,6150
12.7766,6149
12.778,6148
12.7789,6147
12.7835,6146
12.7844,6145
12.7853,6144
12.8388,6143
12.8398,6142
12.8407,6141
12.8416,6140
12.8425,6139
12.8435,6138
12.8444,6137
12.8471,6136
12.848,6135
12.8796,6134
12.8806,6133
12.8816,6132
12.8825,6131
12.8834,6130
12.8843,6129
12.8878,6128
12.8889,6127
12.8899,6126
12.8908,6125
12.8917,6124
12.8926,6123
12.8935,6122
12.8948,6121
12.8957,6120
12.8966,6119
12.8975,6118
12.8984,6117
12.9638,6116
12.9647,6115
12.9657,6114
12.9666,6113
12.9675,6112
12.9684,6111
12.9693,6110
12.9703,6109
12.9712,6108
12.9721,6107
12.973,6106
13.011,6105
13.0119,6104
13.0129,6103
13.0138,6102
13.0147,6101
13.0156,6100
13.0165,6099
13.0174,6098
13.0183,6097
13.0192,6096
13.0881,6095
13.0891,6094
13.09,6093
13.0927,6092
13.0954,6091
13.0963,6090
13.0972,6089
13.0981,6088
13.1235,6087
13.1244,6086
13.1254,6085
13.1263,6084
13.1272,6083
13.1281,6082
13.129,6081
13.13,6080
13.131,6079
13.1319,6078
13.1655,6077
13.1665,6076
13.1692,6075
13.1701,6074
13.2177,6073
13.2186,6072
13.2195,6071
13.2204,6070
13.2213,6069
13.2222,6068
13.2231,6067
13.2239,6066
13.2248,6065
13.2257,6064
13.2266,6063
13.2763,6062
13.2772,6061
13.2781,6060
13.279,6059
13.2799,6058
13.2808,6057
13.2816,6056
13.2825,6055
13.2834,6054
13.2843,6053
13.3307,6052
13.3316,6051
13.3325,6050
13.3334,6049
13.3342,6048
13.3351,6047
13.336,6046
13.3369,6045
13.3378,6044
13.3807,6043
13.3833,6042
13.3842,6041
13.3851,6040
13.386,6039
13.387,6038
13.3879,6037
13.3888,6036
13.4254,6035
13.4263,6034
13.4272,6033
13.4281,6032
13.4294,6031
13.4303,6030
13.4312,6029
13.4321,6028
13.433,6027
13.4338,6026
13.4363,6025
13.6035,6024
13.6044,6023
13.6053,6022
13.6062,6021
13.6071,6020
13.6079,6019
13.6088,6018
13.6097,6017
13.6105,6016
13.6114,6015
13.6123,6014
13.6741,6013
13.6787,6012
13.6796,6011
13.6805,6010
13.6815,6009
13.6823,6008
13.6832,6007
13.6858,6006
13.6868,6005
13.7418,6004
13.7471,6003
13.7481,6002
13.749,6001
13.7499,6000
13.7509,5999
13.7518,5998
13.7528,5997
13.7537,5996
13.7546,5995
13.7556,5994
13.7929,5993
13.7956,5992
13.7965,5991
13.7975,5990
13.8016,5989
13.8025,5988
13.8034,5987
13.8484,5986
13.8493,5985
13.8502,5984
13.8512,5983
13.8521,5982
13.8529,5981
13.8538,5980
13.8547,5979
13.8556,5978
13.8566,5977
13.8575,5976
13.9038,5975
13.9047,5974
13.9056,5973
13.9064,5972
13.9073,5971
13.9082,5970
13.9091,5969
13.9099,5968
13.9108,5967
13.9117,5966
13.9125,5965
13.9134,5964
13.9512,5963
13.9521,5962
13.9529,5961
13.9538,5960
13.9547,5959
13.9555,5958
13.9564,5957
13.9572,5956
13.9581,5955
13.959,5954
13.9598,5953
14.0009,5952
14.0019,5951
14.0028,5950
14.0037,5949
14.0047,5948
14.0055,5947
14.0064,5946
14.0073,5945
14.0082,5944
14.009,5943
14.0099,5942
14.0446,5941
14.0455,5940
14.0466,5939
14.0475,5938
14.0484,5937
14.0493,5936
14.0502,5935
14.0511,5934
14.052,5933
14.0529,5932
14.0538,5931
14.108,5930
14.1089,5929
14.1098,5928
14.1106,5927
14.1119,5926
14.1128,5925
14.1137,5924
14.1146,5923
14.1154,5922
14.1163,5921
14.1541,5920
14.1563,5919
14.1599,5918
14.1619,5917
14.1631,5916
14.167,5915
14.1685,5914
14.2132,5913
14.2167,5912
14.2176,5911
14.2185,5910
14.2194,5909
14.222,5908
14.2229,5907
14.2238,5906
14.2246,5905
14.2674,5904
14.2683,5903
14.2692,5902
14.2701,5901
14.2711,5900
14.272,5899
14.2729,5898
14.2739,5897
14.2747,5896
14.2756,5895
14.2765,5894
14.3227,5893
14.3236,5892
14.3245,5891
14.3254,5890
14.3264,5889
14.3273,5888
14.3282,5887
14.329,5886
14.3299,5885
14.3307,5884
14.3316,5883
14.3748,5882
14.3757,5881
14.3765,5880
14.3774,5879
14.3783,5878
14.3792,5877
14.38,5876
14.381,5875
14.3818,5874
14.3827,5873
14.3839,5872
14.3854,5871
14.3865,5870
14.3893,5869
14.3902,5868
14.3911,5867
14.3919,5866
14.3929,5865
14.4611,5864
14.462,5863
14.4629,5862
14.4638,5861
14.4646,5860
14.4655,5859
14.4664,5858
14.4672,5857
14.4681,5856
14.469,5855
14.4698,5854
14.4707,5853
14.5137,5852
14.5146,5851
14.5155,5850
14.5163,5849
14.5172,5848
14.518,5847
14.5189,5846
14.5197,5845
14.5206,5844
14.5669,5843
14.5678,5842
14.5687,5841
14.5696,5840
14.5704,5839
14.5713,5838
14.5722,5837
14.573,5836
14.5739,5835
14.5748,5834
14.5757,5833
14.5765,5832
14.6158,5831
14.6167,5830
14.6176,5829
14.6184,5828
14.621,5827
14.6219,5826
14.6228,5825
14.6246,5824
14.6256,5823
14.6908,5822
14.6917,5821
14.6926,5820
14.6936,5819
14.698,5818
14.6989,5817
14.7016,5816
14.7025,5815
14.7052,5814
14.7063,5813
14.7095,5812
14.7113,5811
14.7122,5810
14.7131,5809
14.7959,5808
14.7969,5807
14.7977,5806
14.7986,5805
14.7995,5804
14.8003,5803
14.8029,5802
14.8037,5801
14.8046,5800
14.8578,5799
14.8588,5798
14.8596,5797
14.8605,5796
14.8614,5795
14.8627,5794
14.8676,5793
14.8685,5792
14.8712,5791
14.8721,5790
14.9518,5789
14.9527,5788
14.9536,5787
14.9546,5786
14.9555,5785
14.9581,5784
14.959,5783
14.9599,5782
14.9608,5781
15.0106,5780
15.012,5779
15.0129,5778
15.0139,5777
15.0148,5776
15.0157,5775
15.0166,5774
15.0175,5773
15.0184,5772
15.0193,5771
15.0201,5770
15.0506,5769
15.0515,5768
15.0524,5767
15.0534,5766
15.0543,5765
15.0552,5764
15.0579,5763
15.0588,5762
15.0596,5761
15.1101,5760
15.111,5759
15.112,5758
15.1133,5757
15.1143,5756
15.116,5755
15.1169,5754
15.1178,5753
15.1187,5752
15.1196,5751
15.1205,5750
15.1615,5749
15.1625,5748
15.1634,5747
15.1644,5746
15.1653,5745
15.1662,5744
15.1671,5743
15.1679,5742
15.1688,5741
15.1697,5740
15.1706,5739
15.2167,5738
15.2177,5737
15.2186,5736
15.2195,5735
15.2204,5734
15.223,5733
15.2239,5732
15.2248,5731
15.2256,5730
15.2738,5729
15.2748,5728
15.2756,5727
15.2765,5726
15.2791,5725
15.3139,5724
15.3149,5723
15.3159,5722
15.3168,5721
15.3177,5720
15.3186,5719
15.3194,5718
15.322,5717
15.3229,5716
15.3949,5715
15.3958,5714
15.3972,5713
15.3998,5712
15.4008,5711
15.4017,5710
15.4025,5709
15.4035,5708
15.4044,5707
15.4053,5706
15.4702,5705
15.4712,5704
15.4721,5703
15.473,5702
15.4751,5701
15.476,5700
15.4768,5699
15.4777,5698
15.4786,5697
15.4794,5696
15.4803,5695
15.5119,5694
15.5127,5693
15.5137,5692
15.5146,5691
15.5155,5690
15.5163,5689
15.5172,5688
15.5181,5687
15.519,5686
15.5198,5685
15.5207,5684
15.5616,5683
15.5626,5682
15.5635,5681
15.5644,5680
15.5653,5679
15.5682,5678
15.5692,5677
15.5701,5676
15.571,5675
15.5719,5674
15.5728,5673
15.6408,5672
15.6417,5671
15.6426,5670
15.6469,5669
15.6477,5668
15.6486,5667
15.6976,5666
15.6984,5665
15.6993,5664
15.7002,5663
15.701,5662
15.7024,5661
15.7032,5660
15.7041,5659
15.7049,5658
15.7058,5657
15.7066,5656
15.7616,5655
15.7625,5654
15.7634,5653
15.7662,5652
15.7679,5651
15.7689,5650
15.7698,5649
15.7719,5648
15.7729,5647
15.7737,5646
15.7746,5645
15.8267,5644
15.8276,5643
15.8286,5642
15.8295,5641
15.8304,5640
15.8312,5639
15.8321,5638
15.833,5637
15.8338,5636
15.9014,5635
15.9023,5634
15.9032,5633
15.9041,5632
15.9051,5631
15.906,5630
15.9069,5629
15.9078,5628
15.9087,5627
15.9095,5626
15.9104,5625
15.9534,5624
15.9543,5623
15.9552,5622
15.9561,5621
15.9569,5620
15.9578,5619
15.9587,5618
15.9595,5617
15.9604,5616
15.9613,5615
15.9621,5614
15.963,5613
16.0018,5612
16.0027,5611
16.0036,5610
16.0047,5609
16.0075,5608
16.0083,5607
16.0092,5606
16.0102,5605
16.011,5604
16.085,5603
16.086,5602
16.0868,5601
16.0877,5600
16.0885,5599
16.0894,5598
16.0902,5597
16.0911,5596
16.0921,5595
16.0933,5594
16.0961,5593
16.1381,5592
16.139,5591
16.1399,5590
16.1407,5589
16.1416,5588
16.1424,5587
16.1432,5586
16.1441,5585
16.145,5584
16.1458,5583
16.1467,5582
16.1475,5581
16.1854,5580
16.1863,5579
16.1872,5578
16.188,5577
16.1889,5576
16.1898,5575
16.1906,5574
16.1915,5573
16.194,5572
16.2456,5571
16.2466,5570
16.2486,5569
16.2495,5568
16.2504,5567
16.2512,5566
16.252,5565
16.2529,5564
16.2538,5563
16.2546,5562
16.2555,5561
16.2564,5560
16.3026,5559
16.3035,5558
16.3043,5557
16.3052,5556
16.3061,5555
16.3077,5554
16.3086,5553
16.3095,5552
16.3104,5551
16.3112,5550
16.3121,5549
16.3478,5548
16.3487,5547
16.3495,5546
16.3504,5545
16.3512,5544
16.3521,5543
16.3529,5542
16.3538,5541
16.3547,5540
16.3556,5539
16.4008,5538
16.4017,5537
16.4026,5536
16.4034,5535
16.4043,5534
16.4052,5533
16.4061,5532
16.4069,5531
16.4078,5530
16.4086,5529
16.4095,5528
16.4581,5527
16.4608,5526
16.4617,5525
16.4625,5524
16.4634,5523
16.4642,5522
16.4651,5521
16.4659,5520
16.4667,5519
16.4676,5518
16.5166,5517
16.5175,5516
16.5184,5515
16.5194,5514
16.5205,5513
16.5214,5512
16.5222,5511
16.523,5510
16.5239,5509
16.5247,5508
16.5256,5507
16.5869,5506
16.5878,5505
16.5887,5504
16.5895,5503
16.5904,5502
16.593,5501
16.5938,5500
16.5947,5499
16.6353,5498
16.6362,5497
16.6371,5496
16.638,5495
16.6388,5494
16.6397,5493
16.6405,5492
16.6431,5491
16.644,5490
16.6874,5489
16.6884,5488
16.6892,5487
16.7265,5486
16.7274,5485
16.7283,5484
16.7291,5483
16.73,5482
16.7326,5481
16.7359,5480
16.7368,5479
16.7377,5478
16.7402,5477
16.7412,5476
16.7437,5475
16.7446,5474
16.7455,5473
16.7867,5472
16.7877,5471
16.7886,5470
16.7894,5469
16.7903,5468
16.7912,5467
16.792,5466
16.7929,5465
16.7938,5464
16.7947,5463
16.7955,5462
16.8487,5461
16.8496,5460
16.8505,5459
16.8514,5458
16.8523,5457
16.8531,5456
16.854,5455
16.8549,5454
16.8557,5453
16.8566,5452
16.8575,5451
16.8584,5450
16.8895,5449
16.8904,5448
16.8913,5447
16.8922,5446
16.893,5445
16.8939,5444
16.8982,5443
16.9403,5442
16.9412,5441
16.9421,5440
16.9447,5439
16.9474,5438
16.9483,5437
16.9491,5436
16.9931,5435
16.994,5434
16.9949,5433
17.0673,5432
17.1008,5431
17.1017,5430
17.1026,5429
17.1137,5428
17.1146,5427
17.1155,5426
17.1165,5425
17.1174,5424
17.1188,5423
17.1197,5422
17.1206,5421
17.1214,5420
17.1223,5419
17.1232,5418
17.1696,5417
17.1705,5416
17.1714,5415
17.1723,5414
17.1731,5413
17.174,5412
17.1749,5411
17.1757,5410
17.1766,5409
17.1775,5408
17.1783,5407
17.2049,5406
17.2059,5405
17.2067,5404
17.2076,5403
17.2085,5402
17.2093,5401
17.2102,5400
17.2111,5399
17.212,5398
17.2129,5397
17.2137,5396
17.2165,5395
17.2614,5394
17.2623,5393
17.2638,5392
17.2648,5391
17.2659,5390
17.2667,5389
17.2693,5388
17.3239,5387
17.3248,5386
17.3276,5385
17.3285,5384
17.3294,5383
17.3302,5382
17.3312,5381
17.3769,5380
17.3778,5379
17.3787,5378
17.3795,5377
17.3804,5376
17.3813,5375
17.3822,5374
17.3831,5373
17.384,5372
17.3856,5371
17.3865,5370
17.3874,5369
17.4351,5368
17.436,5367
17.4369,5366
17.4378,5365
17.4387,5364
17.4396,5363
17.4404,5362
17.4413,5361
17.4422,5360
17.443,5359
17.4439,5358
17.4791,5357
17.48,5356
17.4809,5355
17.4835,5354
17.4845,5353
17.4854,5352
17.4862,5351
17.4871,5350
17.488,5349
17.4888,5348
17.4897,5347
17.5298,5346
17.5348,5345
17.5375,5344
17.5384,5343
17.5393,5342
17.5401,5341
17.5877,5340
17.5887,5339
17.5895,5338
17.5922,5337
17.593,5336
17.5939,5335
17.5948,5334
17.5956,5333
17.6444,5332
17.6453,5331
17.6479,5330
17.6487,5329
17.6496,5328
17.6521,5327
17.653,5326
17.6981,5325
17.7007,5324
17.7016,5323
17.7024,5322
17.7033,5321
17.7042,5320
17.705,5319
17.7059,5318
17.7067,5317
17.7584,5316
17.7593,5315
17.7603,5314
17.7612,5313
17.7621,5312
17.7629,5311
17.7637,5310
17.7682,5309
17.8018,5308
17.8027,5307
17.8036,5306
17.8044,5305
17.8053,5304
17.8061,5303
17.807,5302
17.8096,5301
17.8104,5300
17.8549,5299
17.8559,5298
17.8585,5297
17.861,5296
17.8618,5295
17.8626,5294
17.8635,5293
17.8643,5292
17.9063,5291
17.9073,5290
17.9099,5289
17.9107,5288
17.9116,5287
17.9124,5286
17.9133,5285
17.9141,5284
17.915,5283
17.9158,5282
17.9637,5281
17.9647,5280
17.9656,5279
17.9664,5278
17.969,5277
17.9698,5276
17.9725,5275
18.017,5274
18.0179,5273
18.0221,5272
18.023,5271
18.0238,5270
18.0247,5269
18.0655,5268
18.0725,5267
18.084,5266
18.0849,5265
18.0858,5264
18.0867,5263
18.0875,5262
18.0884,5261
18.0893,5260
18.0901,5259
18.091,5258
18.1223,5257
18.1233,5256
18.1241,5255
18.125,5254
18.1258,5253
18.1267,5252
18.1275,5251
18.1283,5250
18.1309,5249
18.1318,5248
18.1747,5247
18.1756,5246
18.1765,5245
18.1774,5244
18.1783,5243
18.1793,5242
18.1802,5241
18.181,5240
18.1819,5239
18.1827,5238
18.1836,5237
18.2336,5236
18.2344,5235
18.2353,5234
18.2362,5233
18.2387,5232
18.2395,5231
18.2404,5230
18.2412,5229
18.2828,5228
18.2837,5227
18.2846,5226
18.2854,5225
18.2863,5224
18.2871,5223
18.2899,5222
18.2908,5221
18.2917,5220
18.3385,5219
18.3394,5218
18.3403,5217
18.3412,5216
18.342,5215
18.3428,5214
18.3438,5213
18.3482,5212
18.3781,5211
18.379,5210
18.3799,5209
18.3807,5208
18.3852,5207
18.3861,5206
18.387,5205
18.3895,5204
18.4306,5203
18.4332,5202
18.4347,5201
18.4355,5200
18.4364,5199
18.4372,5198
18.4381,5197
18.4389,5196
18.4398,5195
18.496,5194
18.4987,5193
18.4995,5192
18.5004,5191
18.5012,5190
18.502,5189
18.5029,5188
18.5037,5187
18.5045,5186
18.5054,5185
18.5485,5184
18.5493,5183
18.5502,5182
18.5527,5181
18.5535,5180
18.5543,5179
18.5552,5178
18.556,5177
18.5569,5176
18.5594,5175
18.5636,5174
18.5664,5173
18.6221,5172
18.623,5171
18.6256,5170
18.6264,5169
18.6272,5168
18.6281,5167
18.6305,5166
18.6314,5165
18.6745,5164
18.6787,5163
18.6795,5162
18.7299,5161
18.7308,5160
18.7317,5159
18.7326,5158
18.7351,5157
18.736,5156
18.7368,5155
18.7378,5154
18.7387,5153
18.7396,5152
18.7405,5151
18.7414,5150
18.7423,5149
18.7432,5148
18.744,5147
18.7449,5146
18.7457,5145
18.7482,5144
18.7491,5143
18.7499,5142
18.8551,5141
18.8577,5140
18.8586,5139
18.8594,5138
18.8603,5137
18.863,5136
18.8638,5135
18.8863,5134
18.8872,5133
18.888,5132
18.8956,5131
18.9374,5130
18.9383,5129
18.9392,5128
18.9401,5127
18.9409,5126
18.9418,5125
18.9426,5124
18.9434,5123
18.9443,5122
18.9452,5121
18.9981,5120
18.9992,5119
19.0018,5118
19.0027,5117
19.0036,5116
19.0045,5115
19.0053,5114
19.0062,5113
19.007,5112
19.0483,5111
19.0492,5110
19.0501,5109
19.051,5108
19.0518,5107
19.0544,5106
19.0552,5105
19.0561,5104
19.1188,5103
19.1222,5102
19.1251,5101
19.1277,5100
19.1286,5099
19.1743,5098
19.1752,5097
19.1761,5096
19.1769,5095
19.1778,5094
19.1787,5093
19.1795,5092
19.1804,5091
19.1813,5090
19.1821,5089
19.183,5088
19.2084,5087
19.2129,5086
19.2152,5085
19.2161,5084
19.2172,5083
19.2181,5082
19.2741,5081
19.275,5080
19.2777,5079
19.2803,5078
19.2812,5077
19.282,5076
19.3329,5075
19.3338,5074
19.3347,5073
19.3356,5072
19.3365,5071
19.3374,5070
19.3383,5069
19.3391,5068
19.34,5067
19.3408,5066
19.3417,5065
19.3426,5064
19.3834,5063
19.3843,5062
19.3851,5061
19.3877,5060
19.3902,5059
19.3911,5058
19.3919,5057
19.3928,5056
19.4356,5055
19.4364,5054
19.4373,5053
19.4381,5052
19.4422,5051
19.5056,5050
19.5065,5049
19.5074,5048
19.5082,5047
19.5091,5046
19.5099,5045
19.5108,5044
19.5116,5043
19.5124,5042
19.5133,5041
19.5141,5040
19.515,5039
19.5531,5038
19.554,5037
19.5549,5036
19.5557,5035
19.5565,5034
19.5574,5033
19.56,5032
19.5609,5031
19.5617,5030
19.5626,5029
19.5936,5028
19.5945,5027
19.5987,5026
19.6012,5025
19.602,5024
19.6028,5023
19.6592,5022
19.6601,5021
19.6625,5020
19.665,5019
19.6658,5018
19.6666,5017
19.7434,5016
19.7443,5015
19.7451,5014
19.7459,5013
19.7468,5012
19.7476,5011
19.7484,5010
19.7493,5009
19.7518,5008
19.7958,5007
19.7983,5006
19.7992,5005
19.8034,5004
19.8359,5003
19.8386,5002
19.8395,5001
19.842,5000
19.8883,4999
19.8892,4998
19.89,4997
19.8908,4996
19.8933,4995
19.8941,4994
19.9495,4993
19.9504,4992
19.9513,4991
19.9521,4990
19.953,4989
19.9538,4988
19.9549,4987
19.9558,4986
19.9566,4985
19.9575,4984
19.9584,4983
20.0118,4982
20.0128,4981
20.0136,4980
20.0145,4979
20.0154,4978
20.0162,4977
20.0171,4976
20.018,4975
20.0189,4974
20.0214,4973
20.0803,4972
20.0812,4971
20.0821,4970
20.0829,4969
20.0837,4968
20.0846,4967
20.0854,4966
20.088,4965
20.0889,4964
20.0897,4963
20.1319,4962
20.1345,4961
20.1353,4960
20.1362,4959
20.1838,4958
20.1847,4957
20.1855,4956
20.1864,4955
20.1872,4954
20.2342,4953
20.2351,4952
20.236,4951
20.2368,4950
20.2376,4949
20.2401,4948
20.2411,4947
20.242,4946
20.2428,4945
20.2437,4944
20.3048,4943
20.3057,4942
20.3065,4941
20.3074,4940
20.3098,4939
20.3107,4938
20.3642,4937
20.3651,4936
20.3659,4935
20.3668,4934
20.3709,4933
20.3717,4932
20.407,4931
20.4079,4930
20.4087,4929
20.4096,4928
20.4104,4927
20.46,4926
20.4608,4925
20.4617,4924
20.4625,4923
20.4634,4922
20.5064,4921
20.5073,4920
20.5291,4919
20.5299,4918
20.5324,4917
20.535,4916
20.5752,4915
20.576,4914
20.5769,4913
20.5777,4912
20.5786,4911
20.5794,4910
20.5803,4909
20.5811,4908
20.582,4907
20.5828,4906
20.5836,4905
20.6186,4904
20.6195,4903
20.6254,4902
20.6263,4901
20.6272,4900
20.628,4899
20.6756,4898
20.6764,4897
20.6773,4896
20.6781,4895
20.6791,4894
20.6799,4893
20.6807,4892
20.6816,4891
20.6825,4890
20.729,4889
20.7299,4888
20.7325,4887
20.7333,4886
20.7342,4885
20.7351,4884
20.7359,4883
20.7368,4882
20.7808,4881
20.7817,4880
20.7826,4879
20.7834,4878
20.7843,4877
20.7852,4876
20.786,4875
20.7868,4874
20.7877,4873
20.7885,4872
20.8506,4871
20.8516,4870
20.8525,4869
20.8533,4868
20.8542,4867
20.8551,4866
20.856,4865
20.8585,4864
20.8594,4863
20.9127,4862
20.9136,4861
20.9145,4860
20.9187,4859
20.9908,4858
20.9917,4857
20.9925,4856
20.9933,4855
20.9942,4854
20.995,4853
21.0615,4852
21.0624,4851
21.0633,4850
21.0642,4849
21.0651,4848
21.0679,4847
21.0693,4846
21.071,4845
21.0719,4844
21.1407,4843
21.1416,4842
21.1425,4841
21.1434,4840
21.1477,4839
21.1914,4838
21.1923,4837
21.1932,4836
21.2007,4835
21.259,4834
21.2601,4833
21.2613,4832
21.2629,4831
21.264,4830
21.265,4829
21.3142,4828
21.3151,4827
21.3159,4826
21.3168,4825
21.3176,4824
21.3185,4823
21.3193,4822
21.3202,4821
21.321,4820
21.3219,4819
21.3864,4818
21.3873,4817
21.3881,4816
21.389,4815
21.3899,4814
21.3908,4813
21.3933,4812
21.3941,4811
21.395,4810
21.3958,4809
21.4263,4808
21.4273,4807
21.4282,4806
21.4325,4805
21.5355,4804
21.5363,4803
21.5372,4802
21.5807,4801
21.5867,4800
21.5892,4799
21.59,4798
21.6032,4797
21.604,4796
21.6049,4795
21.6057,4794
21.6066,4793
21.6074,4792
21.6082,4791
21.6091,4790
21.6099,4789
21.6107,4788
21.6649,4787
21.7167,4786
21.7256,4785
21.7265,4784
21.7273,4783
21.7777,4782
21.8308,4781
21.8317,4780
21.8325,4779
21.8927,4778
21.8936,4777
21.8944,4776
21.8952,4775
21.8961,4774
21.8969,4773
21.8977,4772
21.9019,4771
21.9428,4770
21.9437,4769
21.9497,4768
21.9505,4767
21.9771,4766
21.9779,4765
21.9788,4764
21.9796,4763
22.0184,4762
22.0459,4761
22.051,4760
22.0519,4759
22.1155,4758
22.1164,4757
22.1172,4756
22.1181,4755
22.1607,4754
22.1646,4753
22.1655,4752
22.1663,4751
22.1671,4750
22.168,4749
22.169,4748
22.1698,4747
22.1708,4746
22.2583,4745
22.2592,4744
22.2601,4743
22.2625,4742
22.2634,4741
22.2642,4740
22.265,4739
22.2676,4738
22.2805,4737
22.2832,4736
22.284,4735
22.2849,4734
22.2859,4733
22.2868,4732
22.2876,4731
22.2884,4730
22.2892,4729
22.2901,4728
22.3368,4727
22.3383,4726
22.3392,4725
22.3401,4724
22.3458,4723
22.3988,4722
22.3997,4721
22.4005,4720
22.4013,4719
22.4022,4718
22.403,4717
22.4038,4716
22.4063,4715
22.4073,4714
22.4475,4713
22.4483,4712
22.4491,4711
22.45,4710
22.4508,4709
22.4517,4708
22.4525,4707
22.4533,4706
22.4542,4705
22.455,4704
22.4559,4703
22.4567,4702
22.4843,4701
22.4856,4700
22.4864,4699
22.489,4698
22.4898,4697
22.4907,4696
22.4915,4695
22.4924,4694
22.5548,4693
22.5557,4692
22.5566,4691
22.5575,4690
22.5586,4689
22.5595,4688
22.5603,4687
22.5612,4686
22.5636,4685
22.6508,4684
22.6518,4683
22.6529,4682
22.6539,4681
22.6548,4680
22.6557,4679
22.6566,4678
22.7149,4677
22.7159,4676
22.7167,4675
22.7176,4674
22.7201,4673
22.7209,4672
22.7217,4671
22.7226,4670
22.8571,4669
22.8579,4668
22.8837,4667
22.8846,4666
22.9002,4665
22.9012,4664
22.902,4663
22.9028,4662
22.9037,4661
22.9045,4660
22.9074,4659
22.9893,4658
22.9973,4657
23.0458,4656
23.0469,4655
23.0494,4654
23.0997,4653
23.1005,4652
23.1013,4651
23.1899,4650
23.1908,4649
23.2641,4648
23.2649,4647
23.2658,4646
23.2684,4645
23.2693,4644
23.2718,4643
23.3754,4642
23.4245,4641
23.4288,4640
23.586,4639
23.5868,4638
23.5877,4637
23.6106,4636
23.6115,4635
23.6157,4634
23.6167,4633
23.6176,4632
23.6742,4631
23.6778,4630
23.6787,4629
23.6796,4628
23.8727,4627
23.8735,4626
23.876,4625
23.8769,4624
23.8778,4623
23.9645,4622
23.9654,4621
24.0071,4620
24.0098,4619
24.0107,4618
24.0116,4617
24.0125,4616
24.7884,4615
24.7926,4614
24.7935,4613
24.9039,4612
25.0317,4611
25.1408,4610
25.1453,4609
25.1462,4608
25.1471,4607
25.1479,4606
25.2003,4605
25.2046,4604
25.2054,4603
25.2063,4602
25.2071,4601
25.3294,4600
25.3303,4599
25.3312,4598
25.3321,4597
25.3346,4596
25.391,4595
25.3919,4594
25.3927,4593
25.4555,4592
25.4564,4591
25.4572,4590
25.5264,4589
25.5273,4588
25.5331,4587
25.534,4586
25.5348,4585
25.5718,4584
25.5793,4583
25.6342,4582
25.6367,4581
25.6376,4580
25.64,4579
25.9147,4578
25.9172,4577
25.9214,4576
26.1433,4575
26.1541,4574
26.1584,4573
26.1592,4572
26.1601,4571
26.166,4570
26.1684,4569
26.3169,4568
26.3177,4567
26.3186,4566
26.3194,4565
26.3203,4564
26.364,4563
26.3649,4562
26.3658,4561
26.367,4560
26.3679,4559
26.3687,4558
26.3696,4557
26.3704,4556
26.3729,4555
26.4022,4554
26.4753,4553
26.4762,4552
26.4771,4551
26.5388,4550
26.6652,4549
26.6864,4548
26.6873,4547
26.6881,4546
26.6907,4545
26.6915,4544
26.7376,4543
26.7417,4542
26.7426,4541
26.745,4540
26.8444,4539
26.8452,4538
26.8967,4537
27.0003,4536
27.871,4535
27.8718,4534
27.9494,4533
27.9503,4532
27.9512,4531
27.9569,4530
27.9997,4529
28.0022,4528
28.0031,4527
28.004,4526
28.0048,4525
28.1167,4524
28.1176,4523
28.1234,4522
28.1243,4521
28.2174,4520
28.2182,4519
28.2191,4518
28.2199,4517
28.2685,4516
28.3367,4515
28.3905,4514
28.3914,4513
29.364,4512
29.3649,4511
29.4284,4510
29.4326,4509
29.492,4508
32.2983,4507
32.3009,4506
32.3017,4505
32.3057,4504
33.3981,4503
33.399,4502
33.4455,4501
33.4464,4500
33.4539,4499
33.6813,4498
33.6822,4497
33.683,4496
34.3126,4495
34.3187,4494
34.3734,4493
34.3825,4492
34.4732,4491
34.474,4490
34.4782,4489
34.6495,4488
34.6561,4487
35.1573,4486
35.1582,4485
35.1656,4484
35.1781,4483
35.1825,4482
35.1833,4481
35.1842,4480
35.1851,4479
35.186,4478
35.2499,4477
35.3182,4476
35.3191,4475
35.8779,4474
35.8788,4473
35.9097,4472
35.9106,4471
35.9114,4470
35.9123,4469
35.9131,4468
36.29,4467
36.2908,4466
36.3448,4465
36.349,4464
36.3498,4463
36.4009,4462
36.4046,4461
36.4056,4460
36.4097,4459
36.4652,4458
39.1739,4457
39.1749,4456
39.3969,4455
39.3978,4454
39.4685,4453
39.4694,4452
40.0827,4451
40.3453,4450
40.3461,4449
41.2592,4448
41.2617,4447
41.3232,4446
41.389,4445
41.4294,4444
41.4321,4443
41.433,4442
42.4037,4441
42.4045,4440
42.4053,4439
42.4062,4438
42.407,4437
42.4079,4436
42.4103,4435
42.4128,4434
42.4676,4433
42.4684,4432
42.4693,4431
42.4718,4430
42.5245,4429
42.5319,4428
46.5999,4427
46.6007,4426
46.6836,4425
46.9304,4424
47.4606,4423
47.5105,4422
47.5114,4421
47.5868,4420
47.6299,4419
47.7508,4418
48.9667,4417
48.9676,4416
48.9685,4415
48.9693,4414
48.9702,4413
48.9711,4412
48.9719,4411
48.9727,4410
48.9736,4409
49.0848,4408
49.1331,4407
49.134,4406
49.1348,4405
49.1356,4404
49.2386,4403
49.2905,4402
49.2914,4401
49.2956,4400
49.2982,4399
49.7063,4398
49.7073,4397
49.7099,4396
49.728,4395
49.7619,4394
53.8454,4393
53.8479,4392
53.8488,4391
53.8496,4390
53.8504,4389
53.8512,4388
53.9212,4387
53.9255,4386
56.9332,4385
56.9341,4384
57.1238,4383
57.6119,4382
57.6128,4381
57.6136,4380
57.6522,4379
57.6531,4378
57.654,4377
57.9504,4376
58.2271,4375
58.2279,4374
58.2812,4373
58.3421,4372
58.3447,4371
58.3456,4370
58.3465,4369
58.8961,4368
58.9388,4367
58.9397,4366
58.9405,4365
58.9413,4364
58.9421,4363
58.9903,4362
59.2592,4361
59.2601,4360
59.2642,4359
59.6023,4358
59.6032,4357
59.7342,4356
59.8479,4355
59.9028,4354
59.9036,4353
60.0644,4352
60.0652,4351
60.0661,4350
60.0669,4349
62.4331,4348
62.5077,4347
62.5085,4346
62.5723,4345
62.5764,4344
62.5776,4343
62.5784,4342
62.5792,4341
63.7388,4340
63.7976,4339
66.7229,4338
66.7239,4337
66.7248,4336
66.7407,4335
67.1957,4334
67.1966,4333
67.1991,4332
67.2282,4331
67.2291,4330
67.2304,4329
67.5617,4328
67.5642,4327
67.565,4326
67.5659,4325
71.5921,4324
71.593,4323
71.5938,4322
71.5946,4321
71.5954,4320
74.307,4319
74.3078,4318
74.3111,4317
74.3122,4316
74.3177,4315
74.3186,4314
74.3195,4313
74.3223,4312
74.3693,4311
76.0969,4310
76.1692,4309
76.17,4308
76.1709,4307
76.1717,4306
76.2123,4305
76.2148,4304
76.2156,4303
76.2165,4302
76.8746,4301
76.8754,4300
76.8779,4299
76.9117,4298
76.9126,4297
76.9156,4296
76.9165,4295
76.9174,4294
76.9183,4293
76.9781,4292
77.0523,4291
77.0532,4290
77.056,4289
77.0569,4288
79.1569,4287
79.2612,4286
79.2621,4285
79.3323,4284
79.3332,4283
82.1405,4282
88.4529,4281
88.4537,4280
88.4545,4279
88.4585,4278
92.7244,4277
92.7253,4276
92.7261,4275
92.7289,4274
92.7314,4273
92.9786,4272
93.65,4271
97.3536,4270
97.3544,4269
97.3552,4268
97.3561,4267
97.3617,4266
97.4251,4265
97.426,4264
97.4268,4263
97.4276,4262
97.4284,4261
97.7978,4260
97.7987,4259
98.2531,4258
98.485,4257
98.4859,4256
98.4867,4255
98.7078,4254
98.7087,4253
98.7095,4252
98.7103,4251
98.7454,4250
98.7463,4249
98.7472,4248
99.1286,4247
99.916,4246
99.9168,4245
100.037,4244
100.04,4243
100.101,4242
100.107,4241
100.108,4240
100.108,4239
100.614,4238
100.623,4237
100.667,4236
100.668,4235
100.669,4234
100.671,4233
100.672,4232
100.673,4231
100.674,4230
100.674,4229
100.84,4228
100.841,4227
100.844,4226
100.883,4225
102.189,4224
102.19,4223
104.021,4222
104.022,4221
104.023,4220
104.026,4219
104.026,4218
104.534,4217
108.218,4216
108.221,4215
108.223,4214
108.224,4213
108.319,4212
120.768,4211
120.813,4210
120.814,4209
120.815,4208
120.816,4207
120.817,4206
120.991,4205
120.994,4204
120.995,4203
120.996,4202
120.997,4201
120.997,4200
121.124,4199
121.232,4198
121.234,4197
121.235,4196
121.236,4195
121.493,4194
121.494,4193
121.495,4192
121.536,4191
121.604,4190
121.604,4189
121.605,4188
121.608,4187
121.65,4186
121.696,4185
121.699,4184
136.622,4183
136.741,4182
136.742,4181
136.744,4180
136.791,4179
136.796,4178
136.887,4177
136.937,4176
136.938,4175
136.94,4174
137.271,4173
137.271,4172
137.36,4171
137.634,4170
137.635,4169
137.639,4168
137.803,4167
137.808,4166
137.851,4165
137.852,4164
137.922,4163
164.287,4162
164.288,4161
164.337,4160
164.338,4159
164.534,4158
164.535,4157
164.536,4156
181.794,4155
181.8,4154
181.916,4153
181.959,4152
181.96,4151
181.961,4150
181.985,4149
182.016,4148
182.077,4147
182.078,4146
182.079,4145
182.082,4144
182.082,4143
182.12,4142
182.121,4141
182.17,4140
182.482,4139
182.483,4138
182.785,4137
182.788,4136
182.788,4135
182.791,4134
182.837,4133
182.838,4132
236.782,4131
236.808,4130
236.81,4129
236.811,4128
236.814,4127
237.21,4126
237.213,4125
237.223,4124
237.224,4123
237.224,4122
237.568,4121
237.569,4120
237.573,4119
237.633,4118
237.633,4117
253.649,4116
253.65,4115
253.651,4114
255.527,4113
255.531,4112
255.643,4111
255.693,4110
255.703,4109
256.546,4108
256.705,4107
256.705,4106
289.642,4105
296.853,4104
296.853,4103
297.013,4102
317.67,4101
317.671,4100
317.672,4099
318.148,4098
318.149,4097
333.757,4096
333.758,4095
333.759,4094
333.76,4093
333.762,4092
333.829,4091
333.83,4090
333.832,4089
333.89,4088
333.891,4087
333.895,4086
333.94,4085
333.941,4084
590.941,4083
590.952,4082
590.953,4081
3467.73,4080
3467.77,4079
3467.77,4078
3467.78,4077
3467.78,4076
3467.78,4075
