0.0206527,8360
0.0217502,8359
0.0227352,8358
0.0237028,8357
0.0246666,8356
0.0256257,8355
0.0265798,8354
0.0276641,8353
0.0286255,8352
0.0295866,8351
0.0733116,8350
0.0743282,8349
0.0753328,8348
0.0763255,8347
0.0773127,8346
0.078319,8345
0.0795704,8344
0.080567,8343
0.0815474,8342
0.0825523,8341
0.134547,8340
0.135696,8339
0.136706,8338
0.137702,8337
0.138694,8336
0.139683,8335
0.140665,8334
0.141642,8333
0.146002,8332
0.150439,8331
0.180337,8330
0.181387,8329
0.183002,8328
0.184029,8327
0.185031,8326
0.186029,8325
0.187029,8324
0.188017,8323
0.189001,8322
0.189975,8321
0.27056,8320
0.27158,8319
0.272677,8318
0.273694,8317
0.274689,8316
0.275664,8315
0.276645,8314
0.277618,8313
0.278581,8312
0.279547,8311
0.323372,8310
0.324391,8309
0.325388,8308
0.326386,8307
0.327369,8306
0.328342,8305
0.329362,8304
0.330335,8303
0.331303,8302
0.332297,8301
0.382499,8300
0.383552,8299
0.384577,8298
0.385595,8297
0.386602,8296
0.387607,8295
0.388606,8294
0.389601,8293
0.390596,8292
0.391669,8291
0.44586,8290
0.446887,8289
0.44789,8288
0.448885,8287
0.449875,8286
0.450857,8285
0.451876,8284
0.453406,8283
0.454497,8282
0.455494,8281
0.506017,8280
0.507032,8279
0.50803,8278
0.509031,8277
0.510017,8276
0.511338,8275
0.512875,8274
0.515188,8273
0.516396,8272
0.517416,8271
0.551483,8270
0.554654,8269
0.556052,8268
0.557076,8267
0.558126,8266
0.559124,8265
0.560112,8264
0.561094,8263
0.562073,8262
0.563048,8261
0.640605,8260
0.64161,8259
0.642625,8258
0.643621,8257
0.644607,8256
0.645618,8255
0.646599,8254
0.647572,8253
0.648538,8252
0.64951,8251
0.68385,8250
0.68486,8249
0.685857,8248
0.686844,8247
0.687862,8246
0.688843,8245
0.689815,8244
0.690784,8243
0.69176,8242
0.692737,8241
0.753157,8240
0.754173,8239
0.755167,8238
0.756151,8237
0.757136,8236
0.758117,8235
0.759091,8234
0.760064,8233
0.761042,8232
0.762008,8231
0.793564,8230
0.794583,8229
0.795579,8228
0.796559,8227
0.797545,8226
0.798524,8225
0.799495,8224
0.800464,8223
0.801431,8222
0.802387,8221
0.84437,8220
0.84538,8219
0.84635,8218
0.847321,8217
0.848322,8216
0.849288,8215
0.850247,8214
0.851234,8213
0.852314,8212
0.853284,8211
0.897472,8210
0.898519,8209
0.899483,8208
0.900444,8207
0.901394,8206
0.902338,8205
0.903412,8204
0.904365,8203
0.905304,8202
0.906236,8201
0.907176,8200
0.948455,8199
0.949477,8198
0.950406,8197
0.951332,8196
0.952678,8195
0.953637,8194
0.954583,8193
0.955542,8192
0.956505,8191
0.957431,8190
0.995998,8189
0.997035,8188
0.998044,8187
0.999125,8186
1.00013,8185
1.00112,8184
1.00209,8183
1.00307,8182
1.00444,8181
1.0054,8180
1.06442,8179
1.06547,8178
1.06647,8177
1.06745,8176
1.06844,8175
1.06942,8174
1.0704,8173
1.07136,8172
1.07233,8171
1.07335,8170
1.0744,8169
1.13145,8168
1.13245,8167
1.13374,8166
1.13473,8165
1.1357,8164
1.13667,8163
1.13764,8162
1.1386,8161
1.13955,8160
1.14051,8159
1.17739,8158
1.17845,8157
1.17944,8156
1.18043,8155
1.1814,8154
1.18237,8153
1.18339,8152
1.18444,8151
1.1854,8150
1.18636,8149
1.23424,8148
1.23525,8147
1.23624,8146
1.23722,8145
1.2382,8144
1.23918,8143
1.24014,8142
1.24111,8141
1.24207,8140
1.24303,8139
1.28836,8138
1.28937,8137
1.2903,8136
1.29124,8135
1.29228,8134
1.2932,8133
1.29414,8132
1.29511,8131
1.29604,8130
1.29697,8129
1.2979,8128
1.34021,8127
1.34121,8126
1.34215,8125
1.34309,8124
1.34404,8123
1.34497,8122
1.3459,8121
1.34685,8120
1.3478,8119
1.34873,8118
1.39006,8117
1.39107,8116
1.39206,8115
1.39304,8114
1.39402,8113
1.395,8112
1.39597,8111
1.39693,8110
1.39789,8109
1.39884,8108
1.44032,8107
1.44132,8106
1.44226,8105
1.44322,8104
1.44464,8103
1.4456,8102
1.44655,8101
1.44748,8100
1.44841,8099
1.44933,8098
1.45026,8097
1.50704,8096
1.50805,8095
1.50903,8094
1.51001,8093
1.51099,8092
1.51195,8091
1.5129,8090
1.51393,8089
1.51489,8088
1.51584,8087
1.56779,8086
1.56881,8085
1.56986,8084
1.57088,8083
1.57187,8082
1.57291,8081
1.57402,8080
1.57546,8079
1.57644,8078
1.57741,8077
1.5785,8076
1.57949,8075
1.58045,8074
1.58141,8073
1.58243,8072
1.58362,8071
1.59853,8070
1.60189,8069
1.6047,8068
1.60646,8067
1.61012,8066
1.68679,8065
1.68782,8064
1.68886,8063
1.68986,8062
1.69086,8061
1.69185,8060
1.69287,8059
1.69385,8058
1.73549,8057
1.73651,8056
1.73751,8055
1.73888,8054
1.73986,8053
1.74083,8052
1.74179,8051
1.74275,8050
1.74369,8049
1.74463,8048
1.74557,8047
1.79164,8046
1.79264,8045
1.7936,8044
1.79455,8043
1.79552,8042
1.79646,8041
1.79741,8040
1.79838,8039
1.79935,8038
1.8004,8037
1.80161,8036
1.80261,8035
1.80358,8034
1.80454,8033
1.8055,8032
1.80645,8031
1.8074,8030
1.80835,8029
1.80929,8028
1.81023,8027
1.91029,8026
1.91132,8025
1.91232,8024
1.9133,8023
1.91428,8022
1.91525,8021
1.91621,8020
1.91717,8019
1.91813,8018
1.91908,8017
1.96815,8016
1.9692,8015
1.97027,8014
1.97174,8013
1.97328,8012
1.97432,8011
1.9753,8010
1.97627,8009
1.97723,8008
1.97818,8007
1.97914,8006
2.03999,8005
2.04095,8004
2.0419,8003
2.04285,8002
2.04378,8001
2.04471,8000
2.04565,7999
2.04658,7998
2.04749,7997
2.04842,7996
2.10401,7995
2.10501,7994
2.10597,7993
2.10693,7992
2.10787,7991
2.10881,7990
2.10975,7989
2.11068,7988
2.11161,7987
2.11254,7986
2.13312,7985
2.15452,7984
2.15584,7983
2.15684,7982
2.15783,7981
2.15882,7980
2.15978,7979
2.16074,7978
2.1617,7977
2.16265,7976
2.16359,7975
2.20227,7974
2.20327,7973
2.20425,7972
2.20524,7971
2.20621,7970
2.20724,7969
2.20821,7968
2.20917,7967
2.21013,7966
2.21109,7965
2.2679,7964
2.27426,7963
2.27566,7962
2.27688,7961
2.28103,7960
2.28202,7959
2.28301,7958
2.28434,7957
2.2854,7956
2.28698,7955
2.28919,7954
2.29017,7953
2.29115,7952
2.29211,7951
2.29309,7950
2.29405,7949
2.29501,7948
2.29596,7947
2.29691,7946
2.30309,7945
2.31222,7944
2.31435,7943
2.31868,7942
2.32081,7941
2.3218,7940
2.32278,7939
2.32376,7938
2.32477,7937
2.32575,7936
2.32672,7935
2.43356,7934
2.43456,7933
2.43554,7932
2.43651,7931
2.43962,7930
2.44063,7929
2.44161,7928
2.44269,7927
2.44367,7926
2.44467,7925
2.51414,7924
2.51514,7923
2.51612,7922
2.51709,7921
2.51806,7920
2.51902,7919
2.52001,7918
2.52097,7917
2.52193,7916
2.52289,7915
2.54872,7914
2.54972,7913
2.55069,7912
2.55212,7911
2.55311,7910
2.55406,7909
2.55501,7908
2.55596,7907
2.5569,7906
2.55784,7905
2.60454,7904
2.60555,7903
2.60653,7902
2.60751,7901
2.60849,7900
2.60945,7899
2.61041,7898
2.61137,7897
2.61232,7896
2.61327,7895
2.61431,7894
2.6753,7893
2.67629,7892
2.67727,7891
2.67825,7890
2.67921,7889
2.68022,7888
2.68119,7887
2.68215,7886
2.6831,7885
2.68406,7884
2.71624,7883
2.71724,7882
2.71823,7881
2.7192,7880
2.72016,7879
2.72113,7878
2.72231,7877
2.72329,7876
2.72426,7875
2.72532,7874
2.77344,7873
2.77446,7872
2.77544,7871
2.77641,7870
2.77738,7869
2.77834,7868
2.77928,7867
2.78022,7866
2.78116,7865
2.78208,7864
2.783,7863
2.82943,7862
2.83041,7861
2.83138,7860
2.83234,7859
2.8333,7858
2.83428,7857
2.83532,7856
2.8363,7855
2.83724,7854
2.83818,7853
2.86927,7852
2.87028,7851
2.87128,7850
2.87226,7849
2.87323,7848
2.89263,7847
2.89363,7846
2.89463,7845
2.89561,7844
2.89658,7843
2.91729,7842
2.91829,7841
2.91924,7840
2.9202,7839
2.92116,7838
2.9221,7837
2.92303,7836
2.92397,7835
2.9249,7834
2.92582,7833
2.92678,7832
2.97754,7831
2.9785,7830
2.97944,7829
2.98039,7828
2.98134,7827
2.98227,7826
2.98326,7825
2.98438,7824
2.98535,7823
2.98629,7822
3.01195,7821
3.01307,7820
3.01407,7819
3.01508,7818
3.01602,7817
3.01696,7816
3.01789,7815
3.01885,7814
3.01978,7813
3.0207,7812
3.02162,7811
3.07372,7810
3.0748,7809
3.07581,7808
3.0768,7807
3.07777,7806
3.07875,7805
3.07971,7804
3.08067,7803
3.08162,7802
3.08256,7801
3.12337,7800
3.12434,7799
3.12551,7798
3.12648,7797
3.12741,7796
3.12842,7795
3.12937,7794
3.1303,7793
3.13124,7792
3.13218,7791
3.18418,7790
3.18517,7789
3.1861,7788
3.18703,7787
3.18803,7786
3.18896,7785
3.1899,7784
3.19087,7783
3.1918,7782
3.19271,7781
3.19372,7780
3.2448,7779
3.24574,7778
3.24671,7777
3.24764,7776
3.24856,7775
3.24949,7774
3.26063,7773
3.26164,7772
3.26262,7771
3.26359,7770
3.29774,7769
3.29873,7768
3.29965,7767
3.30057,7766
3.30149,7765
3.3024,7764
3.30333,7763
3.30428,7762
3.30519,7761
3.30611,7760
3.30706,7759
3.34695,7758
3.34793,7757
3.3489,7756
3.34984,7755
3.35079,7754
3.35173,7753
3.35267,7752
3.35359,7751
3.35453,7750
3.35547,7749
3.37782,7748
3.3789,7747
3.37988,7746
3.38085,7745
3.38181,7744
3.38277,7743
3.38372,7742
3.38467,7741
3.38562,7740
3.96161,7739
3.9626,7738
3.96358,7737
3.96454,7736
3.9655,7735
3.96646,7734
3.96741,7733
3.96836,7732
3.9693,7731
3.97028,7730
3.9824,7729
3.98339,7728
3.98443,7727
3.98539,7726
3.98635,7725
3.98783,7724
3.98882,7723
3.99145,7722
3.99244,7721
3.99342,7720
4.02138,7719
4.02238,7718
4.02335,7717
4.02432,7716
4.02529,7715
4.02624,7714
4.0272,7713
4.02815,7712
4.0291,7711
4.03004,7710
4.03493,7709
4.03591,7708
4.03688,7707
4.03784,7706
4.0388,7705
4.03975,7704
4.04071,7703
4.04165,7702
4.0426,7701
4.04354,7700
4.04448,7699
4.09185,7698
4.09284,7697
4.09424,7696
4.09531,7695
4.09628,7694
4.09725,7693
4.0982,7692
4.09916,7691
4.10011,7690
4.10106,7689
4.11206,7688
4.11305,7687
4.11407,7686
4.11535,7685
4.11639,7684
4.11739,7683
4.11834,7682
4.1193,7681
4.12026,7680
4.12121,7679
4.14555,7678
4.14654,7677
4.14752,7676
4.14849,7675
4.14945,7674
4.15042,7673
4.15138,7672
4.15233,7671
4.15329,7670
4.15424,7669
4.15519,7668
4.19057,7667
4.19156,7666
4.19261,7665
4.19441,7664
4.19547,7663
4.19811,7662
4.19921,7661
4.20019,7660
4.20115,7659
4.20211,7658
4.24584,7657
4.24683,7656
4.24781,7655
4.24877,7654
4.24973,7653
4.25068,7652
4.25163,7651
4.25258,7650
4.25354,7649
4.25457,7648
4.29158,7647
4.29259,7646
4.2936,7645
4.29456,7644
4.29559,7643
4.29658,7642
4.29756,7641
4.29852,7640
4.29947,7639
4.30042,7638
4.39122,7637
4.3922,7636
4.39318,7635
4.39413,7634
4.39507,7633
4.39601,7632
4.39695,7631
4.39789,7630
4.39883,7629
4.39976,7628
4.40068,7627
4.4477,7626
4.44873,7625
4.44972,7624
4.45069,7623
4.45165,7622
4.45264,7621
4.45359,7620
4.45457,7619
4.45554,7618
4.45817,7617
4.50834,7616
4.50946,7615
4.51043,7614
4.51145,7613
4.51241,7612
4.5134,7611
4.51437,7610
4.51532,7609
4.51626,7608
4.5172,7607
4.51814,7606
4.5666,7605
4.56758,7604
4.56855,7603
4.56951,7602
4.57047,7601
4.57142,7600
4.57236,7599
4.5733,7598
4.57423,7597
4.57515,7596
4.62102,7595
4.622,7594
4.62292,7593
4.62384,7592
4.62477,7591
4.62568,7590
4.62659,7589
4.62752,7588
4.62844,7587
4.62936,7586
4.63029,7585
4.69149,7584
4.69248,7583
4.69343,7582
4.69437,7581
4.6953,7580
4.69622,7579
4.69719,7578
4.6981,7577
4.69901,7576
4.69991,7575
4.70081,7574
4.79645,7573
4.79742,7572
4.79839,7571
4.79935,7570
4.80043,7569
4.80139,7568
4.80236,7567
4.80332,7566
4.80427,7565
4.80523,7564
4.85802,7563
4.859,7562
4.85997,7561
4.86094,7560
4.86189,7559
4.86284,7558
4.86379,7557
4.86473,7556
4.86567,7555
4.86661,7554
4.92182,7553
4.9228,7552
4.92376,7551
4.92475,7550
4.9257,7549
4.92664,7548
4.92758,7547
4.92852,7546
4.92946,7545
4.93039,7544
4.93132,7543
4.97295,7542
4.97393,7541
4.9749,7540
4.97587,7539
4.97734,7538
4.97832,7537
4.97927,7536
4.98022,7535
4.98117,7534
4.98211,7533
5.03667,7532
5.03767,7531
5.03864,7530
5.0396,7529
5.04724,7528
5.04825,7527
5.04923,7526
5.05034,7525
5.0513,7524
5.0527,7523
5.05884,7522
5.06028,7521
5.06818,7520
5.07148,7519
5.07802,7518
5.08155,7517
5.0828,7516
5.08397,7515
5.08499,7514
5.08962,7513
5.091,7512
5.09391,7511
5.09522,7510
5.09621,7509
5.09717,7508
5.09813,7507
5.09908,7506
5.10003,7505
5.101,7504
5.10195,7503
5.20192,7502
5.20287,7501
5.2038,7500
5.20471,7499
5.20566,7498
5.20656,7497
5.20745,7496
5.20839,7495
5.20934,7494
5.21023,7493
5.21115,7492
5.2705,7491
5.27148,7490
5.27245,7489
5.27385,7488
5.27483,7487
5.2758,7486
5.27676,7485
5.27772,7484
5.27867,7483
5.27961,7482
5.38194,7481
5.38307,7480
5.39414,7479
5.39513,7478
5.39609,7477
5.39703,7476
5.39797,7475
5.3989,7474
5.39982,7473
5.40073,7472
5.43463,7471
5.43561,7470
5.43653,7469
5.43746,7468
5.43837,7467
5.43928,7466
5.44022,7465
5.44113,7464
5.44204,7463
5.44296,7462
5.44387,7461
5.49521,7460
5.49618,7459
5.49709,7458
5.498,7457
5.49891,7456
5.49982,7455
5.50073,7454
5.50174,7453
5.50271,7452
5.50362,7451
5.50453,7450
5.55329,7449
5.55428,7448
5.55524,7447
5.55619,7446
5.55715,7445
5.5581,7444
5.55904,7443
5.55998,7442
5.56091,7441
5.56185,7440
5.64401,7439
5.64499,7438
5.64604,7437
5.64701,7436
5.64797,7435
5.64891,7434
5.64985,7433
5.65081,7432
5.65175,7431
5.65268,7430
5.65361,7429
5.68699,7428
5.68797,7427
5.68893,7426
5.68988,7425
5.69088,7424
5.69183,7423
5.69278,7422
5.69375,7421
5.69471,7420
5.69579,7419
5.74203,7418
5.74347,7417
5.74447,7416
5.74543,7415
5.74638,7414
5.74782,7413
5.74877,7412
5.74972,7411
5.75066,7410
5.7516,7409
5.80474,7408
5.80572,7407
5.80669,7406
5.80765,7405
5.80861,7404
5.80956,7403
5.81056,7402
5.81152,7401
5.81247,7400
5.81341,7399
5.81465,7398
5.85657,7397
5.8583,7396
5.85927,7395
5.86022,7394
5.86117,7393
5.86219,7392
5.86315,7391
5.86442,7390
5.86551,7389
5.86806,7388
5.92888,7387
5.92984,7386
5.93076,7385
5.93262,7384
5.93358,7383
5.93455,7382
5.9355,7381
5.93668,7380
5.93765,7379
5.93858,7378
5.98074,7377
5.98172,7376
5.98268,7375
5.98364,7374
5.98461,7373
5.98555,7372
5.98649,7371
5.98742,7370
5.98835,7369
5.98928,7368
5.9902,7367
6.041,7366
6.04204,7365
6.04299,7364
6.04392,7363
6.04485,7362
6.04576,7361
6.04667,7360
6.04758,7359
6.04854,7358
6.04947,7357
6.05039,7356
6.09496,7355
6.09712,7354
6.09809,7353
6.09904,7352
6.10015,7351
6.10111,7350
6.10206,7349
6.103,7348
6.104,7347
6.10494,7346
6.16568,7345
6.16667,7344
6.16763,7343
6.16858,7342
6.16953,7341
6.17047,7340
6.17141,7339
6.17234,7338
6.17326,7337
6.17419,7336
6.17516,7335
6.21238,7334
6.21334,7333
6.21426,7332
6.21518,7331
6.21668,7330
6.21764,7329
6.21857,7328
6.21949,7327
6.22096,7326
6.22189,7325
6.2838,7324
6.28478,7323
6.28575,7322
6.28669,7321
6.28761,7320
6.28853,7319
6.28945,7318
6.29036,7317
6.29127,7316
6.29219,7315
6.33856,7314
6.33953,7313
6.34049,7312
6.34144,7311
6.34239,7310
6.34333,7309
6.34427,7308
6.3452,7307
6.34613,7306
6.34706,7305
6.34809,7304
6.34903,7303
6.34995,7302
6.35088,7301
6.3518,7300
6.35271,7299
6.35363,7298
6.35457,7297
6.3555,7296
6.35642,7295
6.51388,7294
6.51486,7293
6.51584,7292
6.51679,7291
6.51774,7290
6.51869,7289
6.51963,7288
6.52058,7287
6.52152,7286
6.52271,7285
6.52365,7284
6.56129,7283
6.56296,7282
6.56393,7281
6.56489,7280
6.56586,7279
6.56681,7278
6.56775,7277
6.56874,7276
6.56969,7275
6.57062,7274
6.61338,7273
6.61436,7272
6.61548,7271
6.61645,7270
6.61777,7269
6.61874,7268
6.6197,7267
6.62067,7266
6.62161,7265
6.62255,7264
6.62348,7263
6.67602,7262
6.677,7261
6.67796,7260
6.67891,7259
6.67985,7258
6.6808,7257
6.68173,7256
6.68266,7255
6.68363,7254
6.68461,7253
6.75887,7252
6.75989,7251
6.76106,7250
6.76215,7249
6.76313,7248
6.76408,7247
6.76502,7246
6.76599,7245
6.76693,7244
6.76786,7243
6.81842,7242
6.81941,7241
6.82037,7240
6.82131,7239
6.82226,7238
6.8232,7237
6.82413,7236
6.82507,7235
6.82599,7234
6.82692,7233
6.82784,7232
6.86915,7231
6.87012,7230
6.87115,7229
6.87211,7228
6.87305,7227
6.87399,7226
6.87493,7225
6.87589,7224
6.87685,7223
6.8778,7222
6.90621,7221
6.90718,7220
6.90814,7219
6.9091,7218
6.91007,7217
6.91103,7216
6.91197,7215
6.91291,7214
6.91384,7213
6.91477,7212
6.9157,7211
6.98612,7210
6.98712,7209
6.98824,7208
6.98921,7207
6.9902,7206
6.99115,7205
6.9921,7204
6.99304,7203
6.99397,7202
6.99491,7201
6.99583,7200
7.05712,7199
7.0581,7198
7.05909,7197
7.06198,7196
7.06294,7195
7.06388,7194
7.06482,7193
7.06575,7192
7.10273,7191
7.1037,7190
7.10465,7189
7.10559,7188
7.10651,7187
7.10741,7186
7.10831,7185
7.10921,7184
7.1101,7183
7.11099,7182
7.1119,7181
7.147,7180
7.14796,7179
7.14888,7178
7.14979,7177
7.15071,7176
7.15161,7175
7.15251,7174
7.15341,7173
7.15432,7172
7.15521,7171
7.15611,7170
7.20547,7169
7.20644,7168
7.20741,7167
7.20836,7166
7.20929,7165
7.21022,7164
7.21114,7163
7.21206,7162
7.21297,7161
7.21673,7160
7.25832,7159
7.25956,7158
7.26049,7157
7.26139,7156
7.26229,7155
7.26319,7154
7.26418,7153
7.26508,7152
7.26598,7151
7.26699,7150
7.26791,7149
7.32844,7148
7.32941,7147
7.33037,7146
7.33131,7145
7.33225,7144
7.33318,7143
7.3341,7142
7.33503,7141
7.33595,7140
7.33687,7139
7.33779,7138
7.36471,7137
7.36568,7136
7.36728,7135
7.36823,7134
7.36921,7133
7.37027,7132
7.37119,7131
7.37212,7130
7.37304,7129
7.37396,7128
7.42155,7127
7.42253,7126
7.42348,7125
7.42441,7124
7.42533,7123
7.42629,7122
7.42721,7121
7.42813,7120
7.42906,7119
7.42996,7118
7.43087,7117
7.4805,7116
7.48149,7115
7.48244,7114
7.48338,7113
7.48544,7112
7.48641,7111
7.48735,7110
7.48827,7109
7.48918,7108
7.4901,7107
7.49101,7106
7.53723,7105
7.53818,7104
7.53915,7103
7.54007,7102
7.54097,7101
7.54189,7100
7.54279,7099
7.54369,7098
7.5446,7097
7.54551,7096
7.5464,7095
7.57921,7094
7.58138,7093
7.58235,7092
7.58328,7091
7.5842,7090
7.58511,7089
7.58604,7088
7.58695,7087
7.58818,7086
7.58913,7085
7.62953,7084
7.63052,7083
7.63351,7082
7.63448,7081
7.63542,7080
7.63635,7079
7.63725,7078
7.63819,7077
7.63911,7076
7.64,7075
7.64091,7074
7.64206,7073
7.64297,7072
7.6439,7071
7.64481,7070
7.64571,7069
7.64661,7068
7.64751,7067
7.64843,7066
7.64949,7065
7.65061,7064
7.65153,7063
7.70311,7062
7.70416,7061
7.70516,7060
7.70611,7059
7.70703,7058
7.70795,7057
7.70887,7056
7.70977,7055
7.71067,7054
7.71157,7053
7.76478,7052
7.76589,7051
7.76685,7050
7.7678,7049
7.76872,7048
7.76966,7047
7.77057,7046
7.77147,7045
7.77238,7044
7.77329,7043
7.77419,7042
7.82162,7041
7.82259,7040
7.82352,7039
7.82443,7038
7.8254,7037
7.8263,7036
7.8272,7035
7.82809,7034
7.82897,7033
7.82985,7032
7.83072,7031
7.87186,7030
7.87283,7029
7.87376,7028
7.87467,7027
7.87557,7026
7.87646,7025
7.87735,7024
7.87823,7023
7.87911,7022
7.87998,7021
7.88086,7020
7.91326,7019
7.91425,7018
7.91516,7017
7.91609,7016
7.91698,7015
7.91788,7014
7.9188,7013
7.91969,7012
7.92069,7011
7.92163,7010
7.92364,7009
7.93534,7008
7.93642,7007
7.93734,7006
7.93823,7005
7.93911,7004
7.93999,7003
7.94087,7002
7.94174,7001
7.94262,7000
7.9435,6999
7.94438,6998
8.03926,6997
8.04023,6996
8.04115,6995
8.04209,6994
8.043,6993
8.04389,6992
8.0448,6991
8.04571,6990
8.0466,6989
8.04749,6988
8.04841,6987
8.09247,6986
8.09384,6985
8.09478,6984
8.09566,6983
8.09655,6982
8.09743,6981
8.10006,6980
8.10095,6979
8.10183,6978
8.14672,6977
8.14769,6976
8.1486,6975
8.14951,6974
8.15043,6973
8.15179,6972
8.1527,6971
8.15361,6970
8.15451,6969
8.1554,6968
8.15629,6967
8.18787,6966
8.18884,6965
8.18981,6964
8.19071,6963
8.19163,6962
8.19254,6961
8.19345,6960
8.19437,6959
8.19527,6958
8.19614,6957
8.19702,6956
8.23844,6955
8.2394,6954
8.2403,6953
8.2412,6952
8.24213,6951
8.24302,6950
8.24391,6949
8.24479,6948
8.24571,6947
8.24659,6946
8.24747,6945
8.304,6944
8.30511,6943
8.30608,6942
8.30712,6941
8.30817,6940
8.30918,6939
8.31015,6938
8.31108,6937
8.31201,6936
8.31293,6935
8.31385,6934
8.36197,6933
8.36294,6932
8.36384,6931
8.36474,6930
8.36564,6929
8.36654,6928
8.36746,6927
8.36836,6926
8.37103,6925
8.41803,6924
8.419,6923
8.41996,6922
8.4209,6921
8.42184,6920
8.42277,6919
8.4237,6918
8.42462,6917
8.42554,6916
8.42646,6915
8.42737,6914
8.47124,6913
8.4722,6912
8.47314,6911
8.47407,6910
8.475,6909
8.47593,6908
8.47685,6907
8.47786,6906
8.47879,6905
8.4797,6904
8.52212,6903
8.52311,6902
8.52407,6901
8.52502,6900
8.52601,6899
8.52695,6898
8.52789,6897
8.52882,6896
8.52974,6895
8.53066,6894
8.53158,6893
8.5562,6892
8.55774,6891
8.55871,6890
8.56007,6889
8.56102,6888
8.56195,6887
8.56287,6886
8.56379,6885
8.56472,6884
8.56563,6883
8.56654,6882
8.6094,6881
8.61035,6880
8.61129,6879
8.61223,6878
8.61317,6877
8.6141,6876
8.61683,6875
8.61774,6874
8.69425,6873
8.69521,6872
8.69613,6871
8.69705,6870
8.69798,6869
8.69922,6868
8.70025,6867
8.70118,6866
8.7021,6865
8.70301,6864
8.70392,6863
8.75572,6862
8.7567,6861
8.75761,6860
8.75853,6859
8.75947,6858
8.76064,6857
8.76158,6856
8.7625,6855
8.7634,6854
8.7643,6853
8.76521,6852
8.79671,6851
8.79773,6850
8.79868,6849
8.79963,6848
8.8006,6847
8.80334,6846
8.80426,6845
8.85746,6844
8.85841,6843
8.85935,6842
8.86029,6841
8.86123,6840
8.86216,6839
8.86308,6838
8.864,6837
8.86491,6836
8.86583,6835
8.90804,6834
8.909,6833
8.90995,6832
8.91089,6831
8.91182,6830
8.94228,6829
8.94321,6828
8.94415,6827
8.94516,6826
8.94608,6825
8.94706,6824
8.96051,6823
8.96142,6822
8.96236,6821
8.96327,6820
8.96416,6819
8.96507,6818
8.96596,6817
8.96691,6816
8.9678,6815
8.96869,6814
8.96958,6813
9.01865,6812
9.01959,6811
9.02053,6810
9.02145,6809
9.02237,6808
9.02329,6807
9.02421,6806
9.02512,6805
9.05947,6804
9.06319,6803
9.06415,6802
9.06509,6801
9.06602,6800
9.06694,6799
9.06786,6798
9.06877,6797
9.06968,6796
9.07062,6795
9.07158,6794
9.14338,6793
9.14589,6792
9.14685,6791
9.14779,6790
9.14877,6789
9.14972,6788
9.1507,6787
9.15162,6786
9.15255,6785
9.15348,6784
9.1544,6783
9.1558,6782
9.15673,6781
9.15765,6780
9.15857,6779
9.15948,6778
9.16039,6777
9.16129,6776
9.16219,6775
9.1631,6774
9.164,6773
9.23101,6772
9.2357,6771
9.23664,6770
9.23756,6769
9.23855,6768
9.23946,6767
9.24035,6766
9.24125,6765
9.24215,6764
9.24303,6763
9.24391,6762
9.2448,6761
9.32803,6760
9.32898,6759
9.3299,6758
9.33082,6757
9.3318,6756
9.33273,6755
9.33364,6754
9.33456,6753
9.34789,6752
9.34886,6751
9.34976,6750
9.35067,6749
9.35157,6748
9.35247,6747
9.35338,6746
9.3543,6745
9.3552,6744
9.35609,6743
9.35699,6742
9.40745,6741
9.40843,6740
9.40934,6739
9.41024,6738
9.41114,6737
9.41203,6736
9.41291,6735
9.46845,6734
9.46939,6733
9.47031,6732
9.47123,6731
9.47215,6730
9.47305,6729
9.47395,6728
9.47483,6727
9.47571,6726
9.47664,6725
9.47756,6724
9.47847,6723
9.47937,6722
9.48026,6721
9.48115,6720
9.48202,6719
9.48289,6718
9.48377,6717
9.48464,6716
9.48551,6715
9.55282,6714
9.55378,6713
9.5547,6712
9.55561,6711
9.5565,6710
9.5574,6709
9.55829,6708
9.55918,6707
9.56013,6706
9.56102,6705
9.56212,6704
9.61803,6703
9.61897,6702
9.61997,6701
9.62088,6700
9.6218,6699
9.62271,6698
9.62361,6697
9.62459,6696
9.6255,6695
9.62639,6694
9.62731,6693
9.66739,6692
9.66831,6691
9.6692,6690
9.67184,6689
9.67272,6688
9.67361,6687
9.67454,6686
9.67544,6685
9.67633,6684
9.72886,6683
9.72977,6682
9.73067,6681
9.73157,6680
9.73245,6679
9.73343,6678
9.73453,6677
9.73545,6676
9.73679,6675
9.78581,6674
9.78679,6673
9.78769,6672
9.78861,6671
9.78949,6670
9.79045,6669
9.7914,6668
9.7923,6667
9.84034,6666
9.84132,6665
9.86158,6664
9.86254,6663
9.86346,6662
9.86437,6661
9.86527,6660
9.86616,6659
9.86706,6658
9.86795,6657
9.86883,6656
9.86972,6655
9.9199,6654
9.92081,6653
9.9217,6652
9.9226,6651
9.92348,6650
9.92437,6649
9.92537,6648
9.92629,6647
9.92717,6646
9.92805,6645
9.97468,6644
9.97565,6643
9.97656,6642
9.97759,6641
9.97849,6640
9.97937,6639
9.98025,6638
9.98115,6637
9.98212,6636
9.98299,6635
9.98387,6634
10.0251,6633
10.0261,6632
10.027,6631
10.0279,6630
10.0291,6629
10.03,6628
10.0309,6627
10.0317,6626
10.0326,6625
10.0335,6624
10.0345,6623
10.0354,6622
10.0876,6621
10.0885,6620
10.0894,6619
10.091,6618
10.092,6617
10.0929,6616
10.0938,6615
10.0947,6614
10.0955,6613
10.0964,6612
10.0973,6611
10.1399,6610
10.1408,6609
10.1417,6608
10.1426,6607
10.1435,6606
10.1445,6605
10.1457,6604
10.1467,6603
10.1475,6602
10.1484,6601
10.1493,6600
10.2013,6599
10.2022,6598
10.2032,6597
10.2041,6596
10.205,6595
10.2059,6594
10.2068,6593
10.2077,6592
10.2085,6591
10.2094,6590
10.2103,6589
10.254,6588
10.2556,6587
10.2565,6586
10.2574,6585
10.2583,6584
10.2592,6583
10.2601,6582
10.261,6581
10.2619,6580
10.2628,6579
10.2637,6578
10.2953,6577
10.2969,6576
10.2978,6575
10.3006,6574
10.3015,6573
10.3024,6572
10.3033,6571
10.3042,6570
10.3051,6569
10.3646,6568
10.3674,6567
10.3683,6566
10.3692,6565
10.3701,6564
10.371,6563
10.3719,6562
10.3728,6561
10.3737,6560
10.4174,6559
10.4183,6558
10.4192,6557
10.4513,6556
10.4523,6555
10.4532,6554
10.4541,6553
10.455,6552
10.4559,6551
10.4568,6550
10.4577,6549
10.4784,6548
10.4794,6547
10.4803,6546
10.4812,6545
10.482,6544
10.4829,6543
10.4838,6542
10.4847,6541
10.4856,6540
10.4865,6539
10.4874,6538
10.5304,6537
10.5313,6536
10.5322,6535
10.5332,6534
10.5341,6533
10.535,6532
10.5359,6531
10.5368,6530
10.5377,6529
10.5386,6528
10.5395,6527
10.5817,6526
10.5826,6525
10.5835,6524
10.5845,6523
10.586,6522
10.587,6521
10.5879,6520
10.5888,6519
10.5897,6518
10.5907,6517
10.6375,6516
10.6385,6515
10.6395,6514
10.6404,6513
10.6413,6512
10.6423,6511
10.6432,6510
10.6441,6509
10.645,6508
10.646,6507
10.6469,6506
10.6841,6505
10.685,6504
10.686,6503
10.6869,6502
10.6879,6501
10.6888,6500
10.6897,6499
10.6907,6498
10.6916,6497
10.6925,6496
10.6934,6495
10.6999,6494
10.7008,6493
10.7018,6492
10.7027,6491
10.7036,6490
10.7045,6489
10.7054,6488
10.7064,6487
10.7073,6486
10.7082,6485
10.7091,6484
10.8245,6483
10.8256,6482
10.8265,6481
10.8274,6480
10.8284,6479
10.8293,6478
10.8302,6477
10.8311,6476
10.832,6475
10.8329,6474
10.8338,6473
10.8686,6472
10.8695,6471
10.8705,6470
10.8714,6469
10.8723,6468
10.8732,6467
10.8742,6466
10.8751,6465
10.876,6464
10.8769,6463
10.9212,6462
10.924,6461
10.925,6460
10.9259,6459
10.9268,6458
10.9277,6457
10.9287,6456
10.9304,6455
10.9313,6454
10.9526,6453
10.9535,6452
10.9545,6451
10.9554,6450
10.9564,6449
10.9573,6448
10.96,6447
10.9609,6446
10.9618,6445
11.0437,6444
11.0446,6443
11.0456,6442
11.088,6441
11.0889,6440
11.0898,6439
11.0907,6438
11.0916,6437
11.0925,6436
11.0945,6435
11.0954,6434
11.1179,6433
11.1191,6432
11.12,6431
11.1208,6430
11.1217,6429
11.1226,6428
11.1234,6427
11.126,6426
11.1269,6425
11.166,6424
11.167,6423
11.1679,6422
11.1688,6421
11.1697,6420
11.1706,6419
11.1715,6418
11.1924,6417
11.1934,6416
11.1943,6415
11.1952,6414
11.2239,6413
11.2249,6412
11.2258,6411
11.2267,6410
11.2276,6409
11.2285,6408
11.2294,6407
11.2303,6406
11.2312,6405
11.232,6404
11.2329,6403
11.2754,6402
11.2763,6401
11.2777,6400
11.2787,6399
11.28,6398
11.2809,6397
11.2818,6396
11.2827,6395
11.2836,6394
11.2845,6393
11.2854,6392
11.3358,6391
11.3367,6390
11.3377,6389
11.3386,6388
11.3395,6387
11.3404,6386
11.3413,6385
11.3422,6384
11.3431,6383
11.344,6382
11.3448,6381
11.3839,6380
11.3849,6379
11.3858,6378
11.3867,6377
11.3876,6376
11.3885,6375
11.3894,6374
11.3903,6373
11.3911,6372
11.392,6371
11.3929,6370
11.4448,6369
11.4457,6368
11.4466,6367
11.4476,6366
11.4485,6365
11.4494,6364
11.4503,6363
11.4512,6362
11.4521,6361
11.453,6360
11.5073,6359
11.5082,6358
11.5091,6357
11.51,6356
11.5108,6355
11.5117,6354
11.5126,6353
11.5134,6352
11.5143,6351
11.5152,6350
11.5489,6349
11.5599,6348
11.5608,6347
11.5617,6346
11.5626,6345
11.5635,6344
11.5643,6343
11.5652,6342
11.5661,6341
11.567,6340
11.6115,6339
11.6124,6338
11.6133,6337
11.6142,6336
11.6151,6335
11.616,6334
11.6169,6333
11.6178,6332
11.6187,6331
11.6196,6330
11.6205,6329
11.6676,6328
11.6686,6327
11.6695,6326
11.6705,6325
11.6714,6324
11.6724,6323
11.6734,6322
11.6743,6321
11.6751,6320
11.676,6319
11.6769,6318
11.7384,6317
11.7393,6316
11.7402,6315
11.7411,6314
11.742,6313
11.7428,6312
11.7437,6311
11.7446,6310
11.7454,6309
11.7463,6308
11.7472,6307
11.8045,6306
11.8055,6305
11.8064,6304
11.8073,6303
11.8082,6302
11.8092,6301
11.8101,6300
11.8116,6299
11.8125,6298
11.8134,6297
11.8143,6296
11.843,6295
11.844,6294
11.8454,6293
11.8467,6292
11.8476,6291
11.8485,6290
11.8495,6289
11.8504,6288
11.8513,6287
11.8522,6286
11.853,6285
11.9166,6284
11.9176,6283
11.9185,6282
11.9195,6281
11.9204,6280
11.9213,6279
11.9222,6278
11.9231,6277
11.924,6276
11.9249,6275
11.9258,6274
11.9721,6273
11.9749,6272
11.9758,6271
11.9767,6270
11.9777,6269
11.9787,6268
11.9796,6267
11.9805,6266
11.9815,6265
12.0251,6264
12.026,6263
12.0269,6262
12.0279,6261
12.0288,6260
12.0297,6259
12.0306,6258
12.0315,6257
12.0324,6256
12.0333,6255
12.0342,6254
12.0792,6253
12.0802,6252
12.0811,6251
12.082,6250
12.0829,6249
12.0839,6248
12.0849,6247
12.0858,6246
12.0867,6245
12.0876,6244
12.1348,6243
12.1358,6242
12.1367,6241
12.1376,6240
12.1385,6239
12.1394,6238
12.1403,6237
12.1412,6236
12.142,6235
12.1429,6234
12.1439,6233
12.1448,6232
12.2353,6231
12.237,6230
12.2405,6229
12.2415,6228
12.2425,6227
12.2434,6226
12.2445,6225
12.2457,6224
12.2466,6223
12.2944,6222
12.2976,6221
12.2986,6220
12.2996,6219
12.3005,6218
12.3014,6217
12.3023,6216
12.3032,6215
12.3041,6214
12.305,6213
12.3241,6212
12.3251,6211
12.326,6210
12.3269,6209
12.3278,6208
12.3286,6207
12.3329,6206
12.3812,6205
12.3822,6204
12.3831,6203
12.384,6202
12.3867,6201
12.3876,6200
12.3885,6199
12.3893,6198
12.3902,6197
12.4409,6196
12.4418,6195
12.4427,6194
12.4436,6193
12.4448,6192
12.4457,6191
12.4465,6190
12.4474,6189
12.4483,6188
12.4492,6187
12.4501,6186
12.5074,6185
12.5085,6184
12.5096,6183
12.5105,6182
12.5117,6181
12.5127,6180
12.5144,6179
12.5156,6178
12.5166,6177
12.5177,6176
12.5188,6175
12.5654,6174
12.5664,6173
12.5673,6172
12.5681,6171
12.569,6170
12.5699,6169
12.5708,6168
12.5734,6167
12.5743,6166
12.6097,6165
12.6107,6164
12.6115,6163
12.6125,6162
12.6133,6161
12.6142,6160
12.6151,6159
12.6177,6158
12.6186,6157
12.6569,6156
12.6579,6155
12.6588,6154
12.6616,6153
12.6625,6152
12.6638,6151
12.6664,6150
12.6673,6149
12.7227,6148
12.7237,6147
12.7246,6146
12.7255,6145
12.7264,6144
12.7273,6143
12.7282,6142
12.7292,6141
12.7307,6140
12.7341,6139
12.7848,6138
12.7858,6137
12.7867,6136
12.7876,6135
12.7903,6134
12.7912,6133
12.7921,6132
12.7929,6131
12.7938,6130
12.8052,6129
12.8061,6128
12.807,6127
12.808,6126
12.8089,6125
12.8098,6124
12.8107,6123
12.8116,6122
12.8125,6121
12.8134,6120
12.8143,6119
12.8291,6118
12.83,6117
12.8314,6116
12.8323,6115
12.8332,6114
12.836,6113
12.8369,6112
12.8378,6111
12.8387,6110
12.9616,6109
12.9625,6108
12.9635,6107
12.968,6106
12.9689,6105
12.9698,6104
12.9707,6103
12.9995,6102
13.0005,6101
13.0014,6100
13.0023,6099
13.0033,6098
13.0042,6097
13.0068,6096
13.0077,6095
13.0086,6094
13.0502,6093
13.0511,6092
13.052,6091
13.0529,6090
13.0538,6089
13.0547,6088
13.0557,6087
13.0565,6086
13.0574,6085
13.0583,6084
13.0916,6083
13.1138,6082
13.1147,6081
13.1157,6080
13.1166,6079
13.1175,6078
13.1184,6077
13.1193,6076
13.1202,6075
13.1211,6074
13.122,6073
13.1229,6072
13.1237,6071
13.1593,6070
13.1602,6069
13.1611,6068
13.1621,6067
13.163,6066
13.1639,6065
13.1648,6064
13.1657,6063
13.1666,6062
13.1674,6061
13.1683,6060
13.1942,6059
13.1952,6058
13.1961,6057
13.197,6056
13.1983,6055
13.1992,6054
13.2001,6053
13.2011,6052
13.202,6051
13.2029,6050
13.2038,6049
13.2577,6048
13.2586,6047
13.2594,6046
13.2603,6045
13.2612,6044
13.262,6043
13.2629,6042
13.2641,6041
13.265,6040
13.2659,6039
13.2668,6038
13.309,6037
13.31,6036
13.3109,6035
13.3118,6034
13.3126,6033
13.3136,6032
13.3145,6031
13.3153,6030
13.3162,6029
13.3171,6028
13.318,6027
13.3687,6026
13.3696,6025
13.3705,6024
13.3715,6023
13.3724,6022
13.3733,6021
13.3742,6020
13.375,6019
13.3759,6018
13.3769,6017
13.3777,6016
13.4184,6015
13.4193,6014
13.4202,6013
13.421,6012
13.4219,6011
13.4228,6010
13.4236,6009
13.4245,6008
13.4254,6007
13.4263,6006
13.4272,6005
13.5828,6004
13.5837,6003
13.5845,6002
13.5854,6001
13.5862,6000
13.5875,5999
13.5884,5998
13.5893,5997
13.6556,5996
13.6565,5995
13.6574,5994
13.6583,5993
13.6591,5992
13.6602,5991
13.661,5990
13.6619,5989
13.6627,5988
13.6636,5987
13.6644,5986
13.6653,5985
13.7127,5984
13.7136,5983
13.7145,5982
13.7154,5981
13.7163,5980
13.7171,5979
13.718,5978
13.7207,5977
13.7216,5976
13.776,5975
13.777,5974
13.7779,5973
13.7788,5972
13.7797,5971
13.786,5970
13.7998,5969
13.8007,5968
13.8017,5967
13.8026,5966
13.8035,5965
13.8044,5964
13.8053,5963
13.8599,5962
13.8608,5961
13.8638,5960
13.8648,5959
13.8656,5958
13.8665,5957
13.8674,5956
13.8683,5955
13.9131,5954
13.914,5953
13.9153,5952
13.9162,5951
13.917,5950
13.9179,5949
13.9187,5948
13.9196,5947
13.9204,5946
13.9213,5945
13.9221,5944
13.9583,5943
13.961,5942
13.9619,5941
13.9628,5940
13.9637,5939
13.9645,5938
13.9654,5937
13.9663,5936
13.9671,5935
13.968,5934
14.0138,5933
14.0147,5932
14.0159,5931
14.0185,5930
14.0194,5929
14.0668,5928
14.0678,5927
14.0687,5926
14.0696,5925
14.0705,5924
14.0713,5923
14.0722,5922
14.0731,5921
14.074,5920
14.0748,5919
14.0757,5918
14.0766,5917
14.1338,5916
14.1347,5915
14.1355,5914
14.1364,5913
14.1372,5912
14.1381,5911
14.1389,5910
14.1398,5909
14.1406,5908
14.1415,5907
14.1423,5906
14.1846,5905
14.1859,5904
14.1868,5903
14.2256,5902
14.2265,5901
14.2274,5900
14.2284,5899
14.2293,5898
14.2301,5897
14.231,5896
14.2318,5895
14.2427,5894
14.2437,5893
14.2445,5892
14.2454,5891
14.2463,5890
14.2489,5889
14.2497,5888
14.2506,5887
14.2514,5886
14.2523,5885
14.2933,5884
14.2942,5883
14.2951,5882
14.296,5881
14.2968,5880
14.2977,5879
14.2985,5878
14.2994,5877
14.3019,5876
14.3353,5875
14.3363,5874
14.3372,5873
14.34,5872
14.3408,5871
14.3417,5870
14.3426,5869
14.3435,5868
14.3444,5867
14.3453,5866
14.3904,5865
14.3932,5864
14.3941,5863
14.395,5862
14.3959,5861
14.3968,5860
14.3977,5859
14.3986,5858
14.3994,5857
14.4606,5856
14.4615,5855
14.4624,5854
14.4667,5853
14.4675,5852
14.4684,5851
14.514,5850
14.5149,5849
14.5158,5848
14.5167,5847
14.5175,5846
14.5184,5845
14.5193,5844
14.5202,5843
14.521,5842
14.5219,5841
14.5228,5840
14.5755,5839
14.5765,5838
14.5773,5837
14.5782,5836
14.579,5835
14.5799,5834
14.5807,5833
14.5816,5832
14.5825,5831
14.5835,5830
14.5844,5829
14.5852,5828
14.5861,5827
14.587,5826
14.5878,5825
14.5887,5824
14.5895,5823
14.5904,5822
14.5912,5821
14.5921,5820
14.6833,5819
14.6843,5818
14.6852,5817
14.686,5816
14.6869,5815
14.6881,5814
14.689,5813
14.7004,5812
14.7014,5811
14.7023,5810
14.7033,5809
14.7336,5808
14.7345,5807
14.7354,5806
14.7364,5805
14.7373,5804
14.7383,5803
14.7391,5802
14.7401,5801
14.741,5800
14.7419,5799
14.7428,5798
14.7961,5797
14.7988,5796
14.7997,5795
14.8005,5794
14.8014,5793
14.8023,5792
14.8031,5791
14.804,5790
14.8049,5789
14.8629,5788
14.8638,5787
14.8647,5786
14.8655,5785
14.8664,5784
14.8673,5783
14.8681,5782
14.869,5781
14.8716,5780
14.8724,5779
14.9284,5778
14.931,5777
14.932,5776
14.933,5775
14.934,5774
14.9349,5773
14.9357,5772
14.9366,5771
14.9824,5770
14.9834,5769
14.9843,5768
14.9852,5767
14.9861,5766
14.987,5765
14.9879,5764
14.9888,5763
14.9897,5762
14.9906,5761
15.0339,5760
15.0366,5759
15.0375,5758
15.0384,5757
15.0393,5756
15.0402,5755
15.0411,5754
15.042,5753
15.0428,5752
15.0697,5751
15.0725,5750
15.0735,5749
15.0744,5748
15.077,5747
15.0779,5746
15.0788,5745
15.1334,5744
15.1344,5743
15.1353,5742
15.1362,5741
15.1372,5740
15.1382,5739
15.1391,5738
15.1399,5737
15.1408,5736
15.1417,5735
15.1426,5734
15.1945,5733
15.1954,5732
15.1963,5731
15.1972,5730
15.1981,5729
15.199,5728
15.1999,5727
15.2026,5726
15.2035,5725
15.2534,5724
15.2544,5723
15.2553,5722
15.2562,5721
15.2588,5720
15.2597,5719
15.2606,5718
15.2615,5717
15.311,5716
15.3119,5715
15.3127,5714
15.3153,5713
15.3162,5712
15.3944,5711
15.3956,5710
15.3965,5709
15.3974,5708
15.3983,5707
15.3991,5706
15.4,5705
15.4009,5704
15.4018,5703
15.4026,5702
15.4035,5701
15.4362,5700
15.4372,5699
15.4381,5698
15.4389,5697
15.4398,5696
15.4423,5695
15.4432,5694
15.4441,5693
15.445,5692
15.4459,5691
15.5009,5690
15.5035,5689
15.5044,5688
15.5052,5687
15.5061,5686
15.507,5685
15.5078,5684
15.5087,5683
15.5095,5682
15.5511,5681
15.552,5680
15.5563,5679
15.5572,5678
15.5598,5677
15.5606,5676
15.6399,5675
15.6408,5674
15.6417,5673
15.6425,5672
15.6434,5671
15.6443,5670
15.6451,5669
15.646,5668
15.6468,5667
15.6477,5666
15.671,5665
15.6736,5664
15.6744,5663
15.6754,5662
15.6762,5661
15.6788,5660
15.6797,5659
15.7069,5658
15.7077,5657
15.7086,5656
15.7095,5655
15.7121,5654
15.7129,5653
15.7138,5652
15.7147,5651
15.7155,5650
15.7672,5649
15.7681,5648
15.7691,5647
15.7703,5646
15.7712,5645
15.7724,5644
15.7753,5643
15.7763,5642
15.7772,5641
15.8358,5640
15.8368,5639
15.8377,5638
15.8386,5637
15.8395,5636
15.8404,5635
15.8413,5634
15.8421,5633
15.843,5632
15.8439,5631
15.8448,5630
15.9308,5629
15.9317,5628
15.9326,5627
15.9335,5626
15.9344,5625
15.9353,5624
15.9362,5623
15.937,5622
15.9379,5621
15.972,5620
15.9729,5619
15.9738,5618
15.9747,5617
15.9772,5616
15.9781,5615
15.979,5614
15.9798,5613
16.0131,5612
16.0139,5611
16.0148,5610
16.0157,5609
16.0165,5608
16.0174,5607
16.0183,5606
16.0192,5605
16.02,5604
16.0722,5603
16.0731,5602
16.074,5601
16.0749,5600
16.0758,5599
16.0784,5598
16.1347,5597
16.1357,5596
16.1369,5595
16.1378,5594
16.1481,5593
16.1489,5592
16.1498,5591
16.1506,5590
16.1515,5589
16.1523,5588
16.1532,5587
16.154,5586
16.1549,5585
16.1558,5584
16.1566,5583
16.1972,5582
16.1982,5581
16.199,5580
16.1999,5579
16.2007,5578
16.2016,5577
16.2025,5576
16.2034,5575
16.2341,5574
16.2351,5573
16.236,5572
16.2369,5571
16.2582,5570
16.2591,5569
16.2616,5568
16.2625,5567
16.2633,5566
16.2642,5565
16.265,5564
16.2658,5563
16.2667,5562
16.3085,5561
16.3095,5560
16.3103,5559
16.3113,5558
16.3121,5557
16.313,5556
16.3138,5555
16.3147,5554
16.3155,5553
16.3163,5552
16.3556,5551
16.3565,5550
16.3574,5549
16.3582,5548
16.3608,5547
16.3616,5546
16.3625,5545
16.3633,5544
16.4142,5543
16.4154,5542
16.4162,5541
16.4171,5540
16.418,5539
16.4188,5538
16.4197,5537
16.4205,5536
16.4213,5535
16.4222,5534
16.423,5533
16.4905,5532
16.4913,5531
16.4922,5530
16.493,5529
16.4939,5528
16.4947,5527
16.4956,5526
16.4965,5525
16.5299,5524
16.5308,5523
16.5317,5522
16.5327,5521
16.5335,5520
16.5344,5519
16.5352,5518
16.5846,5517
16.5873,5516
16.5881,5515
16.5889,5514
16.5898,5513
16.5906,5512
16.5916,5511
16.5924,5510
16.5933,5509
16.5941,5508
16.6481,5507
16.649,5506
16.6516,5505
16.6525,5504
16.6534,5503
16.6544,5502
16.6553,5501
16.6562,5500
16.6571,5499
16.7049,5498
16.7058,5497
16.7067,5496
16.7076,5495
16.7084,5494
16.7468,5493
16.7478,5492
16.7487,5491
16.7495,5490
16.7505,5489
16.7514,5488
16.7545,5487
16.7554,5486
16.7563,5485
16.7589,5484
16.7598,5483
16.7606,5482
16.7615,5481
16.7624,5480
16.7632,5479
16.7641,5478
16.8052,5477
16.8061,5476
16.8069,5475
16.8078,5474
16.8087,5473
16.8096,5472
16.8104,5471
16.813,5470
16.8138,5469
16.8551,5468
16.856,5467
16.8569,5466
16.8578,5465
16.8604,5464
16.8612,5463
16.8621,5462
16.8629,5461
16.8638,5460
16.9061,5459
16.907,5458
16.9096,5457
16.9105,5456
16.9114,5455
16.9123,5454
16.9132,5453
16.9158,5452
16.96,5451
16.9609,5450
16.9618,5449
16.9627,5448
16.9636,5447
16.9645,5446
16.9654,5445
16.9662,5444
16.9671,5443
16.968,5442
16.9688,5441
17.0144,5440
17.0154,5439
17.0163,5438
17.0172,5437
17.0181,5436
17.0189,5435
17.0198,5434
17.0207,5433
17.0215,5432
17.0224,5431
17.0233,5430
17.0772,5429
17.0781,5428
17.0792,5427
17.0801,5426
17.0812,5425
17.0821,5424
17.1287,5423
17.1296,5422
17.1305,5421
17.1332,5420
17.1341,5419
17.135,5418
17.1358,5417
17.1401,5416
17.141,5415
17.1867,5414
17.1875,5413
17.1884,5412
17.1893,5411
17.1902,5410
17.191,5409
17.1936,5408
17.1945,5407
17.1953,5406
17.2282,5405
17.2291,5404
17.23,5403
17.2309,5402
17.2335,5401
17.2343,5400
17.2352,5399
17.2378,5398
17.2854,5397
17.2863,5396
17.2872,5395
17.2881,5394
17.2889,5393
17.2898,5392
17.2907,5391
17.2915,5390
17.2923,5389
17.2932,5388
17.3423,5387
17.3433,5386
17.3442,5385
17.3451,5384
17.3495,5383
17.3505,5382
17.3932,5381
17.3941,5380
17.395,5379
17.3959,5378
17.3967,5377
17.3976,5376
17.3985,5375
17.3993,5374
17.4002,5373
17.4012,5372
17.4021,5371
17.4029,5370
17.4456,5369
17.4534,5368
17.4544,5367
17.5006,5366
17.5017,5365
17.5027,5364
17.5035,5363
17.5045,5362
17.5053,5361
17.5062,5360
17.507,5359
17.5079,5358
17.5087,5357
17.5476,5356
17.5484,5355
17.5493,5354
17.5537,5353
17.5546,5352
17.5555,5351
17.5563,5350
17.61,5349
17.6109,5348
17.6118,5347
17.6144,5346
17.6152,5345
17.6161,5344
17.617,5343
17.6178,5342
17.6187,5341
17.6655,5340
17.668,5339
17.6689,5338
17.6698,5337
17.6706,5336
17.6715,5335
17.6723,5334
17.6732,5333
17.7156,5332
17.7182,5331
17.719,5330
17.7199,5329
17.7208,5328
17.7233,5327
17.7242,5326
17.7251,5325
17.778,5324
17.7789,5323
17.7797,5322
17.7806,5321
17.7815,5320
17.7824,5319
17.7832,5318
17.7875,5317
17.8191,5316
17.8218,5315
17.8227,5314
17.8236,5313
17.8244,5312
17.8253,5311
17.8262,5310
17.827,5309
17.8278,5308
17.8753,5307
17.8762,5306
17.8805,5305
17.8813,5304
17.8822,5303
17.883,5302
17.8838,5301
17.9283,5300
17.9291,5299
17.93,5298
17.9308,5297
17.9317,5296
17.9326,5295
17.9334,5294
17.9343,5293
17.9351,5292
17.9359,5291
17.9818,5290
17.9845,5289
17.9872,5288
17.9898,5287
17.9906,5286
17.9915,5285
18.036,5284
18.0369,5283
18.0378,5282
18.0386,5281
18.0395,5280
18.0403,5279
18.0412,5278
18.042,5277
18.0429,5276
18.0437,5275
18.0445,5274
18.0454,5273
18.0804,5272
18.0824,5271
18.0845,5270
18.0873,5269
18.1357,5268
18.1365,5267
18.1374,5266
18.1383,5265
18.1407,5264
18.1416,5263
18.1872,5262
18.1882,5261
18.1892,5260
18.1901,5259
18.1933,5258
18.1942,5257
18.195,5256
18.1959,5255
18.1967,5254
18.1976,5253
18.2349,5252
18.2358,5251
18.2366,5250
18.2374,5249
18.2383,5248
18.2391,5247
18.2399,5246
18.2408,5245
18.286,5244
18.2869,5243
18.2877,5242
18.2886,5241
18.2895,5240
18.2904,5239
18.2916,5238
18.2925,5237
18.2934,5236
18.2943,5235
18.2951,5234
18.3406,5233
18.3415,5232
18.344,5231
18.3449,5230
18.3457,5229
18.3465,5228
18.3474,5227
18.373,5226
18.374,5225
18.3749,5224
18.3972,5223
18.3981,5222
18.399,5221
18.3998,5220
18.4023,5219
18.4031,5218
18.404,5217
18.4048,5216
18.4057,5215
18.4065,5214
18.4475,5213
18.4484,5212
18.4492,5211
18.4534,5210
18.4543,5209
18.4552,5208
18.5012,5207
18.5021,5206
18.503,5205
18.5038,5204
18.5064,5203
18.5073,5202
18.5081,5201
18.5493,5200
18.5502,5199
18.5512,5198
18.552,5197
18.558,5196
18.5589,5195
18.6006,5194
18.6015,5193
18.6024,5192
18.6033,5191
18.6041,5190
18.605,5189
18.6059,5188
18.6068,5187
18.6076,5186
18.6085,5185
18.6093,5184
18.6511,5183
18.652,5182
18.6531,5181
18.654,5180
18.6549,5179
18.6557,5178
18.6566,5177
18.6574,5176
18.6583,5175
18.7029,5174
18.7038,5173
18.7047,5172
18.7055,5171
18.7064,5170
18.7073,5169
18.7081,5168
18.709,5167
18.7098,5166
18.7107,5165
18.7697,5164
18.7775,5163
18.7783,5162
18.7792,5161
18.808,5160
18.8107,5159
18.8115,5158
18.8124,5157
18.8132,5156
18.8141,5155
18.8149,5154
18.8158,5153
18.8166,5152
18.8657,5151
18.8666,5150
18.8676,5149
18.8684,5148
18.8692,5147
18.8701,5146
18.871,5145
18.9254,5144
18.9263,5143
18.9272,5142
18.9281,5141
18.9289,5140
18.9298,5139
18.9306,5138
18.9314,5137
18.9325,5136
18.9333,5135
18.9343,5134
18.9353,5133
18.9361,5132
18.937,5131
18.9379,5130
18.9387,5129
18.9396,5128
18.9404,5127
18.9412,5126
18.9421,5125
18.9429,5124
18.9437,5123
19.0182,5122
19.0226,5121
19.0235,5120
19.0243,5119
19.0252,5118
19.026,5117
19.0269,5116
19.0277,5115
19.0712,5114
19.0738,5113
19.0781,5112
19.079,5111
19.1313,5110
19.1323,5109
19.1332,5108
19.1358,5107
19.1366,5106
19.1375,5105
19.1384,5104
19.1401,5103
19.1412,5102
19.1911,5101
19.192,5100
19.1929,5099
19.1938,5098
19.1947,5097
19.1973,5096
19.1981,5095
19.199,5094
19.2439,5093
19.2465,5092
19.2474,5091
19.2483,5090
19.2492,5089
19.25,5088
19.3025,5087
19.3034,5086
19.3044,5085
19.3053,5084
19.3063,5083
19.3072,5082
19.3081,5081
19.309,5080
19.3099,5079
19.3628,5078
19.3637,5077
19.3646,5076
19.3689,5075
19.3698,5074
19.3707,5073
19.3715,5072
19.407,5071
19.4079,5070
19.4087,5069
19.4096,5068
19.4121,5067
19.413,5066
19.4138,5065
19.4552,5064
19.4561,5063
19.457,5062
19.4578,5061
19.4603,5060
19.5174,5059
19.5205,5058
19.5214,5057
19.5223,5056
19.5231,5055
19.524,5054
19.5248,5053
19.5257,5052
19.5265,5051
19.5274,5050
19.5656,5049
19.5666,5048
19.5674,5047
19.5731,5046
19.5739,5045
19.6215,5044
19.6794,5043
19.6804,5042
19.6812,5041
19.682,5040
19.6828,5039
19.6837,5038
19.6878,5037
19.6886,5036
19.6982,5035
19.6991,5034
19.7033,5033
19.7041,5032
19.705,5031
19.7058,5030
19.7862,5029
19.7871,5028
19.7879,5027
19.7904,5026
19.7913,5025
19.8372,5024
19.8382,5023
19.8391,5022
19.8399,5021
19.8407,5020
19.8416,5019
19.8424,5018
19.8432,5017
19.8858,5016
19.8867,5015
19.8941,5014
19.895,5013
19.9437,5012
19.9463,5011
20.0114,5010
20.0124,5009
20.0133,5008
20.0142,5007
20.015,5006
20.0176,5005
20.0185,5004
20.0193,5003
20.0202,5002
20.021,5001
20.0721,5000
20.0736,4999
20.0745,4998
20.0754,4997
20.0762,4996
20.0771,4995
20.0779,4994
20.079,4993
20.0798,4992
20.109,4991
20.1099,4990
20.1107,4989
20.1116,4988
20.1124,4987
20.1149,4986
20.1661,4985
20.1671,4984
20.1712,4983
20.1721,4982
20.1729,4981
20.1737,4980
20.226,4979
20.2269,4978
20.2278,4977
20.2287,4976
20.2295,4975
20.2303,4974
20.2718,4973
20.2746,4972
20.2894,4971
20.2919,4970
20.2928,4969
20.2937,4968
20.2945,4967
20.2953,4966
20.2962,4965
20.297,4964
20.3449,4963
20.3458,4962
20.3466,4961
20.3475,4960
20.3483,4959
20.3491,4958
20.35,4957
20.3508,4956
20.3516,4955
20.3524,4954
20.3533,4953
20.3943,4952
20.3952,4951
20.3961,4950
20.3969,4949
20.3978,4948
20.4003,4947
20.4464,4946
20.4473,4945
20.4482,4944
20.449,4943
20.4515,4942
20.4524,4941
20.5069,4940
20.5078,4939
20.5086,4938
20.5095,4937
20.5103,4936
20.5111,4935
20.512,4934
20.5145,4933
20.5741,4932
20.5749,4931
20.6101,4930
20.611,4929
20.6118,4928
20.6127,4927
20.6135,4926
20.6144,4925
20.6152,4924
20.6161,4923
20.6751,4922
20.676,4921
20.6768,4920
20.6776,4919
20.7212,4918
20.722,4917
20.7229,4916
20.727,4915
20.7278,4914
20.7287,4913
20.7295,4912
20.7303,4911
20.78,4910
20.7809,4909
20.7841,4908
20.7849,4907
20.7857,4906
20.7866,4905
20.7875,4904
20.7883,4903
20.8563,4902
20.8595,4901
20.9065,4900
20.9074,4899
20.9098,4898
20.9107,4897
20.9115,4896
20.9123,4895
20.9132,4894
20.914,4893
20.955,4892
20.956,4891
20.9601,4890
20.9609,4889
20.9618,4888
20.9626,4887
20.9635,4886
20.9643,4885
21.0151,4884
21.0193,4883
21.0218,4882
21.0226,4881
21.0921,4880
21.093,4879
21.0939,4878
21.0948,4877
21.0957,4876
21.0983,4875
21.0991,4874
21.1,4873
21.1008,4872
21.1017,4871
21.1561,4870
21.1569,4869
21.1578,4868
21.1586,4867
21.1595,4866
21.2042,4865
21.2051,4864
21.2061,4863
21.207,4862
21.2079,4861
21.2139,4860
21.2907,4859
21.2916,4858
21.2925,4857
21.2933,4856
21.2943,4855
21.3141,4854
21.32,4853
21.4083,4852
21.4126,4851
21.4135,4850
21.4144,4849
21.4152,4848
21.4177,4847
21.4747,4846
21.4789,4845
21.5199,4844
21.5213,4843
21.5223,4842
21.5285,4841
21.5302,4840
21.5311,4839
21.532,4838
21.5329,4837
21.5337,4836
21.5829,4835
21.5839,4834
21.5866,4833
21.5874,4832
21.5883,4831
21.5891,4830
21.59,4829
21.655,4828
21.6559,4827
21.6568,4826
21.6576,4825
21.6601,4824
21.661,4823
21.6618,4822
21.6627,4821
21.6636,4820
21.7026,4819
21.7035,4818
21.7044,4817
21.7052,4816
21.7061,4815
21.7069,4814
21.7078,4813
21.7086,4812
21.7095,4811
21.7533,4810
21.7541,4809
21.755,4808
21.7575,4807
21.8036,4806
21.8062,4805
21.8534,4804
21.9023,4803
22.0215,4802
22.0223,4801
22.0232,4800
22.0258,4799
22.0266,4798
22.0292,4797
22.1018,4796
22.1044,4795
22.1053,4794
22.1062,4793
22.107,4792
22.1396,4791
22.1405,4790
22.1432,4789
22.1924,4788
22.1933,4787
22.1958,4786
22.1966,4785
22.2655,4784
22.2666,4783
22.2675,4782
22.27,4781
22.2708,4780
22.2749,4779
22.3146,4778
22.3155,4777
22.3164,4776
22.3189,4775
22.3198,4774
22.3233,4773
22.3242,4772
22.325,4771
22.3703,4770
22.3728,4769
22.3736,4768
22.3745,4767
22.4072,4766
22.4081,4765
22.4089,4764
22.4695,4763
22.4703,4762
22.5444,4761
22.5452,4760
22.5936,4759
22.5945,4758
22.5954,4757
22.6347,4756
22.6411,4755
22.7433,4754
22.7476,4753
22.7485,4752
22.7493,4751
22.7501,4750
22.7509,4749
22.7612,4748
22.7621,4747
22.7631,4746
22.764,4745
22.8148,4744
22.8157,4743
22.8165,4742
22.819,4741
22.8199,4740
22.8225,4739
22.8233,4738
22.8242,4737
22.8753,4736
22.8762,4735
22.8771,4734
22.8779,4733
22.8788,4732
22.9525,4731
22.9533,4730
22.9542,4729
22.955,4728
22.9559,4727
22.9567,4726
23.0156,4725
23.0729,4724
23.0737,4723
23.0746,4722
23.0754,4721
23.0779,4720
23.0788,4719
23.0796,4718
23.1173,4717
23.1182,4716
23.1206,4715
23.1215,4714
23.1224,4713
23.1232,4712
23.2124,4711
23.2133,4710
23.2141,4709
23.2167,4708
23.2176,4707
23.2201,4706
23.221,4705
23.2773,4704
23.2798,4703
23.2806,4702
23.2848,4701
23.2928,4700
23.2954,4699
23.2963,4698
23.2972,4697
23.2997,4696
23.3022,4695
23.4001,4694
23.4057,4693
23.4902,4692
23.4911,4691
23.5252,4690
23.5327,4689
23.5727,4688
23.5738,4687
23.5783,4686
23.5792,4685
23.5801,4684
23.5892,4683
23.5987,4682
23.7013,4681
23.704,4680
23.7048,4679
23.7056,4678
23.751,4677
23.7519,4676
23.7527,4675
23.7536,4674
23.7544,4673
23.7553,4672
23.7593,4671
23.7602,4670
23.7974,4669
23.7983,4668
23.7992,4667
23.8017,4666
23.8025,4665
23.8034,4664
23.8042,4663
23.805,4662
23.8058,4661
23.9142,4660
23.9151,4659
23.9177,4658
23.9186,4657
23.9194,4656
23.9202,4655
23.9905,4654
23.9915,4653
23.9924,4652
23.995,4651
23.9959,4650
23.9967,4649
23.9976,4648
23.9985,4647
23.9994,4646
24.0002,4645
24.014,4644
24.0149,4643
24.019,4642
24.0199,4641
24.0207,4640
24.1019,4639
24.1029,4638
24.1037,4637
24.1046,4636
24.1054,4635
24.1902,4634
24.1977,4633
24.2037,4632
24.2045,4631
24.2054,4630
24.2062,4629
24.2821,4628
24.2829,4627
24.3297,4626
24.3339,4625
24.3347,4624
24.3356,4623
24.4276,4622
24.4285,4621
24.4295,4620
24.4304,4619
24.5148,4618
24.5159,4617
24.5235,4616
24.5893,4615
24.5902,4614
24.5944,4613
24.6507,4612
24.6516,4611
24.6524,4610
24.6565,4609
24.7004,4608
24.7958,4607
24.7967,4606
24.8337,4605
24.8346,4604
24.8798,4603
24.8823,4602
24.8832,4601
25.0054,4600
25.2,4599
25.2009,4598
25.2017,4597
25.2026,4596
25.2034,4595
25.2042,4594
25.8462,4593
26.0685,4592
26.0711,4591
26.0719,4590
26.1266,4589
26.1276,4588
26.1318,4587
26.1327,4586
26.1925,4585
26.2001,4584
26.2446,4583
26.2455,4582
26.2464,4581
26.2887,4580
26.3483,4579
26.4586,4578
26.5061,4577
26.5121,4576
26.6267,4575
26.6276,4574
26.7048,4573
26.7056,4572
26.7098,4571
26.7106,4570
26.7517,4569
26.7526,4568
26.7551,4567
26.7998,4566
26.8007,4565
26.9132,4564
26.9141,4563
26.9166,4562
26.9174,4561
26.9183,4560
26.9191,4559
26.9199,4558
27.0868,4557
27.1303,4556
27.1329,4555
27.1337,4554
27.1495,4553
27.2084,4552
27.2093,4551
27.2846,4550
27.2854,4549
27.3454,4548
27.3463,4547
27.4485,4546
27.4526,4545
27.4534,4544
27.4941,4543
27.4951,4542
27.5508,4541
27.5933,4540
27.6008,4539
27.6457,4538
27.6483,4537
27.6491,4536
27.7738,4535
27.7752,4534
27.7763,4533
27.7772,4532
27.778,4531
27.9521,4530
27.9975,4529
30.9179,4528
30.9492,4527
30.9501,4526
30.9509,4525
30.959,4524
31.0341,4523
31.0399,4522
31.0408,4521
31.0997,4520
31.1042,4519
31.1051,4518
31.1059,4517
31.1631,4516
31.2211,4515
31.2827,4514
31.365,4513
31.3692,4512
31.5384,4511
31.6287,4510
31.6801,4509
31.681,4508
31.962,4507
32.0168,4506
32.0656,4505
32.6018,4504
32.6079,4503
32.6088,4502
32.6113,4501
32.8179,4500
32.8282,4499
32.8622,4498
32.9248,4497
34.1687,4496
34.2242,4495
34.2576,4494
34.2793,4493
34.3379,4492
34.3811,4491
34.382,4490
34.3844,4489
34.3852,4488
34.386,4487
34.4444,4486
34.4454,4485
34.4463,4484
34.449,4483
34.4498,4482
34.4506,4481
34.5614,4480
35.3227,4479
35.3693,4478
35.3703,4477
35.3711,4476
36.3387,4475
36.3396,4474
36.3404,4473
36.3412,4472
36.4625,4471
36.5097,4470
36.5105,4469
36.5114,4468
36.5122,4467
36.5691,4466
36.8089,4465
36.8097,4464
36.8122,4463
36.8131,4462
36.8155,4461
36.8164,4460
36.8173,4459
36.8685,4458
36.8694,4457
36.8702,4456
36.871,4455
36.8718,4454
36.9301,4453
36.931,4452
39.4633,4451
39.4642,4450
39.8924,4449
39.8932,4448
39.894,4447
39.8949,4446
39.8957,4445
40.5434,4444
40.5986,4443
40.5995,4442
40.602,4441
40.6028,4440
40.6037,4439
40.7848,4438
42.2735,4437
42.2743,4436
42.2751,4435
42.276,4434
42.386,4433
42.3868,4432
42.4274,4431
42.4283,4430
42.4309,4429
42.4398,4428
42.7142,4427
42.8194,4426
42.9159,4425
42.9167,4424
42.9176,4423
43.036,4422
43.0446,4421
43.0456,4420
43.0464,4419
43.0473,4418
43.375,4417
44.2176,4416
44.2187,4415
44.6962,4414
44.762,4413
44.7635,4412
44.7644,4411
45.0418,4410
45.0443,4409
45.0452,4408
45.2138,4407
45.2147,4406
45.2155,4405
45.218,4404
45.2188,4403
45.5087,4402
45.5095,4401
45.769,4400
48.6678,4399
48.6686,4398
48.7531,4397
48.7589,4396
49.1945,4395
49.2868,4394
49.2893,4393
49.2902,4392
49.2911,4391
49.3412,4390
49.3421,4389
49.3479,4388
53.9137,4387
53.9145,4386
53.9188,4385
53.9198,4384
53.9742,4383
53.9751,4382
53.976,4381
53.9768,4380
53.9777,4379
54.2909,4378
54.3764,4377
54.3791,4376
54.38,4375
54.492,4374
54.4929,4373
54.497,4372
54.5393,4371
54.5418,4370
54.5443,4369
54.5451,4368
54.6015,4367
60.5504,4366
60.5999,4365
60.6995,4364
60.8572,4363
60.858,4362
61.5083,4361
62.528,4360
62.6472,4359
62.6509,4358
62.6519,4357
62.8181,4356
62.819,4355
62.8683,4354
62.8691,4353
62.87,4352
62.8732,4351
62.8741,4350
62.9638,4349
62.9647,4348
62.9674,4347
63.0172,4346
63.0199,4345
63.0207,4344
63.0769,4343
63.0778,4342
63.1868,4341
64.7984,4340
65.8271,4339
66.0481,4338
66.049,4337
66.0498,4336
66.0507,4335
66.0516,4334
66.0524,4333
66.0533,4332
66.0541,4331
66.0549,4330
68.2161,4329
68.217,4328
68.2178,4327
68.2186,4326
68.442,4325
68.4429,4324
68.4825,4323
68.4834,4322
68.6516,4321
68.6524,4320
68.7066,4319
68.7075,4318
68.7083,4317
71.5105,4316
71.5113,4315
71.5594,4314
71.5603,4313
72.2137,4312
72.2575,4311
72.5323,4310
72.5781,4309
72.5806,4308
72.5864,4307
72.589,4306
72.9695,4305
72.9704,4304
72.9712,4303
72.9721,4302
73.0327,4301
73.161,4300
73.1619,4299
73.2223,4298
73.2231,4297
73.3263,4296
73.5271,4295
73.7599,4294
73.7607,4293
73.9204,4292
73.9212,4291
73.9863,4290
76.0847,4289
76.2025,4288
76.2034,4287
76.2653,4286
76.2662,4285
76.267,4284
76.2845,4283
76.2855,4282
76.2863,4281
76.2871,4280
76.3089,4279
79.1709,4278
79.4046,4277
79.4055,4276
79.4064,4275
79.4073,4274
79.4097,4273
79.4527,4272
79.4536,4271
79.6671,4270
79.6696,4269
81.7739,4268
82.5531,4267
82.5557,4266
82.5566,4265
82.8813,4264
86.5775,4263
86.5784,4262
86.5843,4261
86.5851,4260
86.586,4259
86.5871,4258
86.5879,4257
86.7178,4256
86.7186,4255
86.7906,4254
86.8136,4253
86.8151,4252
86.816,4251
86.8185,4250
86.8194,4249
86.8202,4248
86.8211,4247
86.8238,4246
86.876,4245
87.3035,4244
87.3529,4243
87.3998,4242
94.457,4241
94.4578,4240
94.4586,4239
101.271,4238
103.052,4237
103.055,4236
103.056,4235
103.057,4234
103.059,4233
103.06,4232
103.157,4231
103.158,4230
103.158,4229
103.159,4228
103.162,4227
103.218,4226
103.266,4225
103.268,4224
103.382,4223
103.382,4222
103.383,4221
103.424,4220
103.479,4219
103.48,4218
103.481,4217
103.587,4216
103.588,4215
103.589,4214
103.597,4213
103.662,4212
103.663,4211
103.714,4210
103.715,4209
103.717,4208
104.015,4207
104.017,4206
104.069,4205
118.895,4204
118.993,4203
118.994,4202
121.05,4201
123.085,4200
123.202,4199
123.203,4198
123.203,4197
123.204,4196
123.207,4195
123.208,4194
123.208,4193
123.251,4192
123.252,4191
123.256,4190
123.257,4189
123.417,4188
123.418,4187
123.419,4186
123.467,4185
123.47,4184
127.981,4183
127.982,4182
128.033,4181
128.036,4180
128.038,4179
128.103,4178
128.104,4177
128.105,4176
137.842,4175
137.843,4174
137.844,4173
138.006,4172
138.57,4171
138.571,4170
138.578,4169
142.406,4168
142.456,4167
149.564,4166
149.564,4165
149.565,4164
149.621,4163
149.622,4162
150.846,4161
151.039,4160
151.639,4159
151.64,4158
152.693,4157
153.11,4156
153.111,4155
153.113,4154
153.114,4153
153.115,4152
167.624,4151
167.627,4150
195.04,4149
195.11,4148
195.111,4147
195.112,4146
195.156,4145
195.157,4144
195.336,4143
195.337,4142
195.338,4141
195.339,4140
195.375,4139
195.395,4138
195.396,4137
195.397,4136
195.457,4135
195.458,4134
195.46,4133
195.461,4132
195.462,4131
195.501,4130
195.502,4129
195.502,4128
195.503,4127
195.504,4126
195.505,4125
196.823,4124
196.825,4123
196.866,4122
196.87,4121
206.331,4120
206.937,4119
206.941,4118
231.512,4117
231.526,4116
231.527,4115
231.533,4114
231.535,4113
231.587,4112
231.595,4111
231.978,4110
231.979,4109
231.98,4108
231.981,4107
232.059,4106
232.06,4105
232.061,4104
232.062,4103
232.063,4102
232.064,4101
232.435,4100
232.436,4099
232.438,4098
346.83,4097
346.864,4096
346.927,4095
346.928,4094
346.972,4093
532.502,4092
532.517,4091
532.518,4090
532.519,4089
532.524,4088
540.507,4087
540.508,4086
540.509,4085
540.51,4084
540.556,4083
540.557,4082
594.819,4081
594.82,4080
594.829,4079
594.965,4078
