0.0151735,8360
0.0162088,8359
0.017184,8358
0.018152,8357
0.0191129,8356
0.0201586,8355
0.0212881,8354
0.0222579,8353
0.0232204,8352
0.0241844,8351
0.0745269,8350
0.0755902,8349
0.0766152,8348
0.0776313,8347
0.078623,8346
0.0796078,8345
0.0805919,8344
0.0815717,8343
0.0825736,8342
0.127337,8341
0.162004,8340
0.163302,8339
0.168698,8338
0.16974,8337
0.170751,8336
0.171759,8335
0.172752,8334
0.173742,8333
0.174794,8332
0.17581,8331
0.216112,8330
0.217123,8329
0.218118,8328
0.219108,8327
0.220136,8326
0.221118,8325
0.222093,8324
0.223064,8323
0.224031,8322
0.224994,8321
0.276759,8320
0.277771,8319
0.278769,8318
0.27976,8317
0.280743,8316
0.281717,8315
0.282697,8314
0.283737,8313
0.284715,8312
0.285761,8311
0.327973,8310
0.329118,8309
0.330118,8308
0.331117,8307
0.332109,8306
0.333092,8305
0.334072,8304
0.335054,8303
0.336044,8302
0.337017,8301
0.389278,8300
0.39029,8299
0.391286,8298
0.392279,8297
0.393266,8296
0.394246,8295
0.395225,8294
0.396227,8293
0.397203,8292
0.398179,8291
0.448587,8290
0.449612,8289
0.450653,8288
0.451657,8287
0.452649,8286
0.453632,8285
0.454615,8284
0.455592,8283
0.456565,8282
0.457535,8281
0.481275,8280
0.482301,8279
0.483303,8278
0.484296,8277
0.485286,8276
0.486292,8275
0.487271,8274
0.488249,8273
0.489306,8272
0.490304,8271
0.557077,8270
0.559178,8269
0.560186,8268
0.561184,8267
0.562172,8266
0.563151,8265
0.564131,8264
0.565103,8263
0.566088,8262
0.567062,8261
0.616711,8260
0.617892,8259
0.618922,8258
0.619898,8257
0.620886,8256
0.621858,8255
0.623995,8254
0.624999,8253
0.626007,8252
0.626996,8251
0.686944,8250
0.687972,8249
0.688978,8248
0.689973,8247
0.69096,8246
0.691952,8245
0.692933,8244
0.693908,8243
0.69488,8242
0.69585,8241
0.738239,8240
0.73925,8239
0.7403,8238
0.741286,8237
0.742264,8236
0.743334,8235
0.744308,8234
0.745276,8233
0.797701,8232
0.798722,8231
0.799722,8230
0.800711,8229
0.801743,8228
0.802723,8227
0.803695,8226
0.804705,8225
0.805671,8224
0.806691,8223
0.847816,8222
0.848826,8221
0.84979,8220
0.85076,8219
0.851713,8218
0.852666,8217
0.853616,8216
0.854566,8215
0.85557,8214
0.886822,8213
0.88787,8212
0.901819,8211
0.902791,8210
0.903752,8209
0.904714,8208
0.905666,8207
0.906658,8206
0.907716,8205
0.90869,8204
0.909656,8203
0.910609,8202
0.959694,8201
0.960778,8200
0.961783,8199
0.962769,8198
0.963754,8197
0.964735,8196
0.965711,8195
0.966688,8194
0.967659,8193
0.968625,8192
1.01663,8191
1.01763,8190
1.01862,8189
1.01958,8188
1.02054,8187
1.02151,8186
1.02246,8185
1.0234,8184
1.02434,8183
1.02528,8182
1.07209,8181
1.0731,8180
1.0741,8179
1.07509,8178
1.07608,8177
1.07707,8176
1.07805,8175
1.07903,8174
1.07999,8173
1.08096,8172
1.08192,8171
1.11476,8170
1.11577,8169
1.11678,8168
1.11777,8167
1.11875,8166
1.11973,8165
1.12071,8164
1.12168,8163
1.12265,8162
1.12361,8161
1.17846,8160
1.17946,8159
1.18046,8158
1.18281,8157
1.18386,8156
1.18485,8155
1.18587,8154
1.18686,8153
1.18783,8152
1.1888,8151
1.23156,8150
1.23257,8149
1.23356,8148
1.23454,8147
1.23552,8146
1.2365,8145
1.23748,8144
1.23845,8143
1.23941,8142
1.24037,8141
1.29189,8140
1.2929,8139
1.29383,8138
1.29476,8137
1.2957,8136
1.29665,8135
1.29764,8134
1.29861,8133
1.29957,8132
1.30052,8131
1.34153,8130
1.34288,8129
1.34401,8128
1.3451,8127
1.34615,8126
1.34754,8125
1.34854,8124
1.3495,8123
1.35048,8122
1.35148,8121
1.40007,8120
1.40109,8119
1.40208,8118
1.40308,8117
1.40407,8116
1.40506,8115
1.40604,8114
1.40702,8113
1.40799,8112
1.40896,8111
1.40992,8110
1.4571,8109
1.45809,8108
1.45906,8107
1.46002,8106
1.46098,8105
1.46194,8104
1.46289,8103
1.46384,8102
1.46479,8101
1.46575,8100
1.51211,8099
1.51311,8098
1.5141,8097
1.51508,8096
1.51606,8095
1.51703,8094
1.518,8093
1.51897,8092
1.51993,8091
1.52089,8090
1.5632,8089
1.56423,8088
1.56524,8087
1.56627,8086
1.56727,8085
1.56825,8084
1.56923,8083
1.5702,8082
1.57117,8081
1.57214,8080
1.57315,8079
1.57415,8078
1.57511,8077
1.57608,8076
1.59045,8075
1.59432,8074
1.59812,8073
1.59916,8072
1.601,8071
1.6811,8070
1.68212,8069
1.68311,8068
1.68409,8067
1.68507,8066
1.68605,8065
1.68701,8064
1.68799,8063
1.68895,8062
1.6899,8061
1.69086,8060
1.73075,8059
1.73173,8058
1.73269,8057
1.73366,8056
1.73461,8055
1.73555,8054
1.73649,8053
1.73743,8052
1.73837,8051
1.7393,8050
1.79061,8049
1.79164,8048
1.79275,8047
1.79415,8046
1.79554,8045
1.79886,8044
1.7999,8043
1.80092,8042
1.80193,8041
1.80299,8040
1.89979,8039
1.9008,8038
1.90179,8037
1.90276,8036
1.90374,8035
1.90471,8034
1.90568,8033
1.90664,8032
1.90761,8031
1.90857,8030
1.9527,8029
1.95375,8028
1.95476,8027
1.95571,8026
1.95667,8025
1.95764,8024
1.95857,8023
1.95951,8022
1.96045,8021
1.96138,8020
1.96231,8019
1.98573,8018
1.98672,8017
1.98767,8016
1.98863,8015
1.98957,8014
1.99052,8013
1.99147,8012
1.99242,8011
1.99334,8010
1.99427,8009
2.05374,8008
2.05478,8007
2.0561,8006
2.05707,8005
2.05817,8004
2.05916,8003
2.0601,8002
2.06104,8001
2.062,8000
2.06294,7999
2.06386,7998
2.11764,7997
2.11865,7996
2.11964,7995
2.12061,7994
2.12158,7993
2.12254,7992
2.1235,7991
2.12445,7990
2.1254,7989
2.12635,7988
2.1782,7987
2.17921,7986
2.18029,7985
2.18127,7984
2.18226,7983
2.18323,7982
2.1842,7981
2.18517,7980
2.18615,7979
2.18713,7978
2.23225,7977
2.23328,7976
2.23428,7975
2.23527,7974
2.23636,7973
2.23735,7972
2.23833,7971
2.2393,7970
2.24028,7969
2.24911,7968
2.2526,7967
2.25446,7966
2.25547,7965
2.25726,7964
2.25847,7963
2.2604,7962
2.26174,7961
2.26275,7960
2.26377,7959
2.26485,7958
2.38844,7957
2.3911,7956
2.3921,7955
2.39308,7954
2.39405,7953
2.39517,7952
2.4002,7951
2.40121,7950
2.40219,7949
2.40316,7948
2.46703,7947
2.46802,7946
2.46899,7945
2.46997,7944
2.47094,7943
2.4719,7942
2.47286,7941
2.47382,7940
2.47477,7939
2.47572,7938
2.48612,7937
2.48715,7936
2.48816,7935
2.48914,7934
2.49011,7933
2.49108,7932
2.49204,7931
2.49299,7930
2.49395,7929
2.4949,7928
2.54627,7927
2.54732,7926
2.54831,7925
2.54974,7924
2.55072,7923
2.55169,7922
2.55287,7921
2.55384,7920
2.55481,7919
2.55577,7918
2.56861,7917
2.56962,7916
2.57061,7915
2.5717,7914
2.57274,7913
2.57373,7912
2.57477,7911
2.57587,7910
2.57689,7909
2.57786,7908
2.65826,7907
2.65928,7906
2.66026,7905
2.66123,7904
2.6622,7903
2.66322,7902
2.66418,7901
2.66514,7900
2.66609,7899
2.66706,7898
2.66801,7897
2.70466,7896
2.70572,7895
2.7067,7894
2.70887,7893
2.70987,7892
2.71084,7891
2.7118,7890
2.71276,7889
2.71372,7888
2.71467,7887
2.75776,7886
2.75876,7885
2.75975,7884
2.76072,7883
2.76169,7882
2.76266,7881
2.76362,7880
2.76458,7879
2.76554,7878
2.76651,7877
2.81777,7876
2.81877,7875
2.81975,7874
2.8207,7873
2.82164,7872
2.82259,7871
2.82353,7870
2.82456,7869
2.82558,7868
2.82653,7867
2.8275,7866
2.87798,7865
2.87898,7864
2.87996,7863
2.88093,7862
2.88189,7861
2.88285,7860
2.8838,7859
2.88476,7858
2.88571,7857
2.88666,7856
2.92591,7855
2.92691,7854
2.92785,7853
2.92879,7852
2.92974,7851
2.93067,7850
2.93161,7849
2.93256,7848
2.93348,7847
2.9344,7846
2.93534,7845
2.98046,7844
2.98146,7843
2.98242,7842
2.98339,7841
2.98436,7840
2.98531,7839
2.98626,7838
2.9872,7837
2.98814,7836
2.98908,7835
3.02616,7834
3.02714,7833
3.02813,7832
3.02906,7831
3.02998,7830
3.03092,7829
3.03186,7828
3.03279,7827
3.03371,7826
3.03464,7825
3.03558,7824
3.08075,7823
3.08609,7822
3.08703,7821
3.08841,7820
3.08937,7819
3.09034,7818
3.09126,7817
3.09218,7816
3.09313,7815
3.09405,7814
3.14668,7813
3.1477,7812
3.14872,7811
3.14968,7810
3.15065,7809
3.1516,7808
3.15255,7807
3.1535,7806
3.15447,7805
3.15541,7804
3.1965,7803
3.1975,7802
3.19847,7801
3.19939,7800
3.2003,7799
3.20127,7798
3.20218,7797
3.20309,7796
3.20404,7795
3.20497,7794
3.20588,7793
3.25384,7792
3.25484,7791
3.25582,7790
3.25679,7789
3.25775,7788
3.25906,7787
3.26005,7786
3.26104,7785
3.26199,7784
3.26294,7783
3.31119,7782
3.31219,7781
3.31314,7780
3.31409,7779
3.31502,7778
3.31596,7777
3.31689,7776
3.31783,7775
3.31876,7774
3.31969,7773
3.32062,7772
3.35405,7771
3.35504,7770
3.35601,7769
3.35698,7768
3.35794,7767
3.3589,7766
3.35985,7765
3.36081,7764
3.36176,7763
3.3627,7762
3.39563,7761
3.39663,7760
3.39757,7759
3.39848,7758
3.39943,7757
3.40036,7756
3.40129,7755
3.40227,7754
3.4032,7753
3.40415,7752
3.40508,7751
3.44498,7750
3.44597,7749
3.44694,7748
3.4479,7747
3.44886,7746
3.45024,7745
3.4512,7744
3.45216,7743
3.45308,7742
3.454,7741
3.48574,7740
3.48674,7739
3.96495,7738
3.96593,7737
3.96691,7736
3.96787,7735
3.96884,7734
3.96979,7733
3.97075,7732
3.9717,7731
3.9727,7730
3.97365,7729
3.98556,7728
3.98656,7727
3.98754,7726
3.98851,7725
3.98947,7724
3.99043,7723
3.99138,7722
3.99233,7721
3.99328,7720
3.99426,7719
4.0052,7718
4.00626,7717
4.00725,7716
4.00822,7715
4.00918,7714
4.01014,7713
4.0111,7712
4.01205,7711
4.01301,7710
4.01396,7709
4.03462,7708
4.03562,7707
4.03669,7706
4.03766,7705
4.03863,7704
4.04148,7703
4.04243,7702
4.04338,7701
4.04435,7700
4.09249,7699
4.09361,7698
4.09459,7697
4.09556,7696
4.09653,7695
4.0975,7694
4.09846,7693
4.09941,7692
4.10037,7691
4.10131,7690
4.119,7689
4.12,7688
4.12098,7687
4.12195,7686
4.12292,7685
4.12388,7684
4.12489,7683
4.12584,7682
4.12685,7681
4.12781,7680
4.14262,7679
4.14361,7678
4.14459,7677
4.14556,7676
4.14658,7675
4.14758,7674
4.14854,7673
4.1495,7672
4.15044,7671
4.15139,7670
4.15234,7669
4.19849,7668
4.19949,7667
4.20048,7666
4.20146,7665
4.20243,7664
4.20339,7663
4.20435,7662
4.2053,7661
4.20625,7660
4.20722,7659
4.25891,7658
4.26002,7657
4.261,7656
4.26197,7655
4.26293,7654
4.26388,7653
4.26483,7652
4.26578,7651
4.26673,7650
4.26773,7649
4.3327,7648
4.33386,7647
4.33496,7646
4.33708,7645
4.34128,7644
4.34237,7643
4.34335,7642
4.34431,7641
4.34527,7640
4.3462,7639
4.36408,7638
4.36509,7637
4.36615,7636
4.36717,7635
4.36813,7634
4.36918,7633
4.3702,7632
4.37162,7631
4.37262,7630
4.37364,7629
4.37458,7628
4.415,7627
4.41599,7626
4.4174,7625
4.41839,7624
4.41936,7623
4.42031,7622
4.42126,7621
4.42221,7620
4.42316,7619
4.42409,7618
4.491,7617
4.49204,7616
4.49408,7615
4.49547,7614
4.4965,7613
4.49775,7612
4.55572,7611
4.55671,7610
4.55768,7609
4.55865,7608
4.60796,7607
4.60894,7606
4.60989,7605
4.61081,7604
4.61173,7603
4.61265,7602
4.61356,7601
4.61448,7600
4.61541,7599
4.61631,7598
4.61723,7597
4.62827,7596
4.62921,7595
4.63015,7594
4.63107,7593
4.63199,7592
4.63291,7591
4.63382,7590
4.63473,7589
4.63564,7588
4.63655,7587
4.72561,7586
4.72685,7585
4.72796,7584
4.72923,7583
4.73115,7582
4.73343,7581
4.73504,7580
4.737,7579
4.73824,7578
4.73938,7577
4.74442,7576
4.7464,7575
4.74765,7574
4.80361,7573
4.8046,7572
4.80557,7571
4.80663,7570
4.80759,7569
4.80854,7568
4.80948,7567
4.85147,7566
4.85245,7565
4.85342,7564
4.85439,7563
4.85535,7562
4.8563,7561
4.85725,7560
4.8582,7559
4.85914,7558
4.86008,7557
4.91142,7556
4.91241,7555
4.91337,7554
4.91432,7553
4.91526,7552
4.9162,7551
4.91713,7550
4.91808,7549
4.91901,7548
4.91994,7547
4.92087,7546
4.9628,7545
4.96379,7544
4.96476,7543
4.96572,7542
4.96667,7541
4.96762,7540
4.96857,7539
4.96951,7538
4.97055,7537
4.9715,7536
4.97244,7535
5.03073,7534
5.03171,7533
5.03267,7532
5.03398,7531
5.03657,7530
5.03757,7529
5.03941,7528
5.04062,7527
5.05075,7526
5.06761,7525
5.06883,7524
5.07109,7523
5.07215,7522
5.0753,7521
5.07694,7520
5.07792,7519
5.07905,7518
5.08004,7517
5.08212,7516
5.16832,7515
5.16932,7514
5.17029,7513
5.17126,7512
5.17221,7511
5.17316,7510
5.17411,7509
5.17506,7508
5.17724,7507
5.17821,7506
5.17916,7505
5.22851,7504
5.22951,7503
5.23049,7502
5.23146,7501
5.23243,7500
5.2334,7499
5.23434,7498
5.23528,7497
5.2362,7496
5.23713,7495
5.28278,7494
5.28396,7493
5.285,7492
5.28597,7491
5.29568,7490
5.29666,7489
5.2977,7488
5.29895,7487
5.31896,7486
5.31995,7485
5.37785,7484
5.37881,7483
5.37972,7482
5.38065,7481
5.38159,7480
5.3825,7479
5.38342,7478
5.38432,7477
5.38523,7476
5.38635,7475
5.38729,7474
5.4361,7473
5.43712,7472
5.43805,7471
5.439,7470
5.43993,7469
5.44085,7468
5.44187,7467
5.4428,7466
5.44372,7465
5.44464,7464
5.49715,7463
5.49814,7462
5.49907,7461
5.49999,7460
5.50091,7459
5.50182,7458
5.50273,7457
5.50364,7456
5.54531,7455
5.54634,7454
5.54739,7453
5.55654,7452
5.55765,7451
5.55896,7450
5.5605,7449
5.56151,7448
5.56248,7447
5.56348,7446
5.56732,7445
5.56827,7444
5.56938,7443
5.62761,7442
5.6286,7441
5.62956,7440
5.63055,7439
5.63197,7438
5.63292,7437
5.63387,7436
5.63481,7435
5.63615,7434
5.63709,7433
5.68969,7432
5.69068,7431
5.69165,7430
5.69262,7429
5.69376,7428
5.69471,7427
5.69566,7426
5.6966,7425
5.69754,7424
5.69848,7423
5.69941,7422
5.74153,7421
5.74251,7420
5.74349,7419
5.74445,7418
5.74586,7417
5.74681,7416
5.74783,7415
5.74878,7414
5.74973,7413
5.75067,7412
5.79757,7411
5.79855,7410
5.79952,7409
5.80049,7408
5.8019,7407
5.80285,7406
5.8038,7405
5.80477,7404
5.80572,7403
5.80665,7402
5.80761,7401
5.86741,7400
5.86951,7399
5.87085,7398
5.87185,7397
5.87281,7396
5.87376,7395
5.87676,7394
5.93092,7393
5.93189,7392
5.93284,7391
5.93383,7390
5.93479,7389
5.93573,7388
5.93666,7387
5.9376,7386
5.93853,7385
5.94129,7384
5.94225,7383
5.94319,7382
5.98714,7381
5.98814,7380
5.98912,7379
5.99008,7378
5.99103,7377
5.99197,7376
5.99292,7375
5.99385,7374
5.99478,7373
5.99572,7372
5.99665,7371
6.04491,7370
6.04584,7369
6.0468,7368
6.04771,7367
6.04889,7366
6.04994,7365
6.05091,7364
6.05184,7363
6.05277,7362
6.05371,7361
6.0996,7360
6.1006,7359
6.10157,7358
6.10293,7357
6.10389,7356
6.10483,7355
6.10582,7354
6.10676,7353
6.10768,7352
6.1086,7351
6.10953,7350
6.15012,7349
6.1511,7348
6.15206,7347
6.15301,7346
6.15397,7345
6.15491,7344
6.15584,7343
6.15678,7342
6.15771,7341
6.15866,7340
6.22066,7339
6.22164,7338
6.22259,7337
6.22351,7336
6.22442,7335
6.22532,7334
6.22622,7333
6.22714,7332
6.22804,7331
6.22896,7330
6.22989,7329
6.26692,7328
6.2683,7327
6.26927,7326
6.27021,7325
6.27113,7324
6.27207,7323
6.27299,7322
6.2739,7321
6.27482,7320
6.27574,7319
6.27665,7318
6.33373,7317
6.33472,7316
6.33614,7315
6.3371,7314
6.33805,7313
6.33902,7312
6.33998,7311
6.34219,7310
6.34315,7309
6.34409,7308
6.39333,7307
6.39431,7306
6.3953,7305
6.39626,7304
6.3972,7303
6.3982,7302
6.39928,7301
6.40024,7300
6.40132,7299
6.40239,7298
6.43326,7297
6.43847,7296
6.4408,7295
6.44247,7294
6.44343,7293
6.44437,7292
6.44531,7291
6.44625,7290
6.44717,7289
6.4481,7288
6.44903,7287
6.5502,7286
6.55118,7285
6.55233,7284
6.55333,7283
6.55434,7282
6.55528,7281
6.55622,7280
6.55716,7279
6.5581,7278
6.55902,7277
6.59802,7276
6.599,7275
6.60006,7274
6.60102,7273
6.60381,7272
6.60475,7271
6.60568,7270
6.60661,7269
6.60754,7268
6.67781,7267
6.67879,7266
6.6798,7265
6.68076,7264
6.68171,7263
6.68266,7262
6.6836,7261
6.68453,7260
6.68547,7259
6.68639,7258
6.68732,7257
6.73667,7256
6.73764,7255
6.73864,7254
6.73961,7253
6.74055,7252
6.74149,7251
6.74243,7250
6.74337,7249
6.74431,7248
6.74523,7247
6.78281,7246
6.7838,7245
6.78509,7244
6.78606,7243
6.78702,7242
6.78797,7241
6.78891,7240
6.78989,7239
6.79085,7238
6.79183,7237
6.83864,7236
6.83965,7235
6.84062,7234
6.84157,7233
6.84284,7232
6.84379,7231
6.84472,7230
6.84564,7229
6.84657,7228
6.84749,7227
6.84841,7226
6.8899,7225
6.89088,7224
6.89184,7223
6.89279,7222
6.89373,7221
6.89467,7220
6.89569,7219
6.89664,7218
6.89758,7217
6.89851,7216
6.89943,7215
6.97543,7214
6.9764,7213
6.97737,7212
6.97832,7211
6.97926,7210
6.9822,7209
6.98324,7208
6.98418,7207
7.01622,7206
7.0172,7205
7.01815,7204
7.01909,7203
7.02006,7202
7.021,7201
7.02193,7200
7.02284,7199
7.02373,7198
7.0251,7197
7.02821,7196
7.03053,7195
7.03148,7194
7.03241,7193
7.03516,7192
7.03611,7191
7.03707,7190
7.03802,7189
7.03894,7188
7.13583,7187
7.13683,7186
7.13777,7185
7.1387,7184
7.13962,7183
7.16107,7182
7.16204,7181
7.16294,7180
7.16383,7179
7.16472,7178
7.16561,7177
7.19329,7176
7.1942,7175
7.19522,7174
7.19617,7173
7.19714,7172
7.19805,7171
7.19896,7170
7.19987,7169
7.25061,7168
7.25159,7167
7.25252,7166
7.25344,7165
7.25435,7164
7.25525,7163
7.25615,7162
7.25705,7161
7.25795,7160
7.25884,7159
7.25974,7158
7.32164,7157
7.32261,7156
7.32357,7155
7.32453,7154
7.32546,7153
7.3264,7152
7.32733,7151
7.32826,7150
7.32918,7149
7.3301,7148
7.33105,7147
7.3621,7146
7.36307,7145
7.36403,7144
7.36497,7143
7.36591,7142
7.36685,7141
7.36778,7140
7.36871,7139
7.36964,7138
7.37088,7137
7.37185,7136
7.41579,7135
7.41676,7134
7.41774,7133
7.4187,7132
7.41964,7131
7.42056,7130
7.42149,7129
7.42241,7128
7.42332,7127
7.42423,7126
7.47715,7125
7.47813,7124
7.47909,7123
7.48003,7122
7.481,7121
7.48195,7120
7.4829,7119
7.48384,7118
7.48477,7117
7.48569,7116
7.4866,7115
7.51505,7114
7.51603,7113
7.51697,7112
7.51789,7111
7.5188,7110
7.51972,7109
7.52064,7108
7.5413,7107
7.54225,7106
7.54325,7105
7.54416,7104
7.57077,7103
7.57174,7102
7.57271,7101
7.57468,7100
7.57564,7099
7.57658,7098
7.5775,7097
7.57841,7096
7.57934,7095
7.58025,7094
7.61664,7093
7.61761,7092
7.61851,7091
7.61942,7090
7.62042,7089
7.62136,7088
7.62227,7087
7.62318,7086
7.62409,7085
7.62506,7084
7.626,7083
7.66502,7082
7.66602,7081
7.66701,7080
7.66795,7079
7.66886,7078
7.66976,7077
7.67067,7076
7.67162,7075
7.67252,7074
7.67342,7073
7.67434,7072
7.72538,7071
7.72635,7070
7.72727,7069
7.7282,7068
7.72916,7067
7.73008,7066
7.73097,7065
7.73197,7064
7.73292,7063
7.73383,7062
7.73473,7061
7.77082,7060
7.77173,7059
7.77262,7058
7.77352,7057
7.77442,7056
7.77531,7055
7.77621,7054
7.77816,7053
7.77962,7052
7.78058,7051
7.82664,7050
7.82764,7049
7.82857,7048
7.82949,7047
7.83037,7046
7.83172,7045
7.83266,7044
7.83361,7043
7.83453,7042
7.83545,7041
7.83676,7040
7.88876,7039
7.89059,7038
7.89273,7037
7.89371,7036
7.89465,7035
7.89557,7034
7.92775,7033
7.92879,7032
7.92986,7031
7.93076,7030
7.94444,7029
7.94543,7028
7.94633,7027
7.94721,7026
7.94809,7025
7.94898,7024
7.94988,7023
7.95076,7022
7.95168,7021
7.9526,7020
7.95348,7019
7.99217,7018
7.99315,7017
7.99409,7016
7.99534,7015
7.99629,7014
7.99718,7013
7.99809,7012
7.99901,7011
7.99989,7010
8.00078,7009
8.00168,7008
8.03266,7007
8.03363,7006
8.03466,7005
8.03561,7004
8.0369,7003
8.03783,7002
8.03876,7001
8.03965,7000
8.04055,6999
8.04147,6998
8.04236,6997
8.10488,6996
8.10586,6995
8.10676,6994
8.10766,6993
8.10856,6992
8.10944,6991
8.11033,6990
8.11121,6989
8.1121,6988
8.11298,6987
8.11386,6986
8.1503,6985
8.15128,6984
8.15219,6983
8.1531,6982
8.154,6981
8.15492,6980
8.15584,6979
8.15673,6978
8.15765,6977
8.15856,6976
8.15947,6975
8.20104,6974
8.20201,6973
8.20292,6972
8.20382,6971
8.20473,6970
8.20563,6969
8.20653,6968
8.20749,6967
8.20839,6966
8.20928,6965
8.21018,6964
8.25512,6963
8.25646,6962
8.25738,6961
8.25837,6960
8.25928,6959
8.26261,6958
8.26354,6957
8.26446,6956
8.26546,6955
8.26655,6954
8.26747,6953
8.32356,6952
8.32446,6951
8.3254,6950
8.32629,6949
8.32717,6948
8.32985,6947
8.33072,6946
8.3316,6945
8.33249,6944
8.36978,6943
8.37074,6942
8.37191,6941
8.37286,6940
8.37384,6939
8.3755,6938
8.37644,6937
8.37737,6936
8.3783,6935
8.37923,6934
8.42099,6933
8.42196,6932
8.42292,6931
8.42389,6930
8.42483,6929
8.42576,6928
8.42669,6927
8.42761,6926
8.42854,6925
8.42945,6924
8.43037,6923
8.4743,6922
8.47526,6921
8.4762,6920
8.47715,6919
8.47808,6918
8.47901,6917
8.47993,6916
8.48085,6915
8.48176,6914
8.48268,6913
8.48359,6912
8.52685,6911
8.52781,6910
8.52875,6909
8.52969,6908
8.53062,6907
8.53155,6906
8.53247,6905
8.53339,6904
8.53431,6903
8.53522,6902
8.58002,6901
8.58099,6900
8.58244,6899
8.58339,6898
8.58432,6897
8.58526,6896
8.58621,6895
8.58762,6894
8.58855,6893
8.58947,6892
8.59038,6891
8.64331,6890
8.64429,6889
8.64532,6888
8.64626,6887
8.64729,6886
8.64822,6885
8.64916,6884
8.65025,6883
8.65122,6882
8.65215,6881
8.65309,6880
8.69989,6879
8.70089,6878
8.70457,6877
8.70549,6876
8.70644,6875
8.70735,6874
8.70826,6873
8.70917,6872
8.75887,6871
8.75982,6870
8.76081,6869
8.76178,6868
8.76275,6867
8.76375,6866
8.76466,6865
8.76556,6864
8.76646,6863
8.76736,6862
8.76825,6861
8.8235,6860
8.82448,6859
8.82543,6858
8.82638,6857
8.82732,6856
8.82826,6855
8.8293,6854
8.83023,6853
8.83116,6852
8.83208,6851
8.83299,6850
8.87474,6849
8.87573,6848
8.87666,6847
8.87756,6846
8.87846,6845
8.87935,6844
8.88024,6843
8.88113,6842
8.88202,6841
8.88291,6840
8.8838,6839
8.92626,6838
8.9272,6837
8.92808,6836
8.92943,6835
8.93035,6834
8.93125,6833
8.93214,6832
8.93303,6831
8.93393,6830
8.98657,6829
8.98752,6828
8.98839,6827
8.98928,6826
8.99018,6825
8.99106,6824
8.99201,6823
8.99296,6822
8.99386,6821
8.99474,6820
8.99565,6819
9.03224,6818
9.03321,6817
9.03413,6816
9.03506,6815
9.03598,6814
9.0369,6813
9.03781,6812
9.03873,6811
9.03962,6810
9.04052,6809
9.04142,6808
9.10784,6807
9.10897,6806
9.11028,6805
9.11124,6804
9.11215,6803
9.11303,6802
9.11393,6801
9.11486,6800
9.11575,6799
9.11668,6798
9.11762,6797
9.18147,6796
9.18247,6795
9.18341,6794
9.18434,6793
9.18526,6792
9.18625,6791
9.1872,6790
9.18821,6789
9.18913,6788
9.19005,6787
9.24201,6786
9.24298,6785
9.24433,6784
9.24523,6783
9.24652,6782
9.24741,6781
9.24829,6780
9.24916,6779
9.25004,6778
9.25092,6777
9.25179,6776
9.30152,6775
9.30249,6774
9.30343,6773
9.30434,6772
9.30526,6771
9.3062,6770
9.30713,6769
9.30805,6768
9.30895,6767
9.30984,6766
9.31077,6765
9.36161,6764
9.36258,6763
9.36349,6762
9.36442,6761
9.36533,6760
9.36625,6759
9.36716,6758
9.36806,6757
9.36901,6756
9.36991,6755
9.3708,6754
9.4021,6753
9.40306,6752
9.40397,6751
9.40488,6750
9.40577,6749
9.4471,6748
9.44806,6747
9.44898,6746
9.4499,6745
9.45079,6744
9.4517,6743
9.47648,6742
9.47746,6741
9.47836,6740
9.47924,6739
9.48014,6738
9.48103,6737
9.48191,6736
9.4828,6735
9.48378,6734
9.48471,6733
9.48563,6732
9.51761,6731
9.51858,6730
9.51952,6729
9.52042,6728
9.52133,6727
9.52225,6726
9.52317,6725
9.52407,6724
9.52497,6723
9.52591,6722
9.5268,6721
9.57978,6720
9.58075,6719
9.58168,6718
9.58259,6717
9.58356,6716
9.58452,6715
9.58547,6714
9.5864,6713
9.58921,6712
9.63576,6711
9.63671,6710
9.63764,6709
9.63859,6708
9.6395,6707
9.64039,6706
9.64128,6705
9.64218,6704
9.64306,6703
9.64394,6702
9.64481,6701
9.68614,6700
9.68716,6699
9.69093,6698
9.69187,6697
9.69279,6696
9.69368,6695
9.69456,6694
9.69545,6693
9.69634,6692
9.69725,6691
9.69857,6690
9.74329,6689
9.74419,6688
9.74508,6687
9.74597,6686
9.74685,6685
9.74777,6684
9.74864,6683
9.74951,6682
9.7504,6681
9.7513,6680
9.7522,6679
9.78677,6678
9.78809,6677
9.78901,6676
9.7899,6675
9.7908,6674
9.79169,6673
9.79258,6672
9.79347,6671
9.79435,6670
9.79523,6669
9.79612,6668
9.86604,6667
9.867,6666
9.86792,6665
9.86884,6664
9.86973,6663
9.8724,6662
9.87329,6661
9.8742,6660
9.87508,6659
9.92343,6658
9.92439,6657
9.92528,6656
9.92616,6655
9.92705,6654
9.92797,6653
9.92887,6652
9.92989,6651
9.93102,6650
9.93199,6649
9.9329,6648
9.98879,6647
9.98975,6646
9.99063,6645
9.99156,6644
9.99248,6643
9.99336,6642
9.99422,6641
9.99509,6640
9.99598,6639
9.99686,6638
9.99775,6637
10.0599,6636
10.0608,6635
10.0617,6634
10.0626,6633
10.0635,6632
10.0644,6631
10.0652,6630
10.0661,6629
10.067,6628
10.0679,6627
10.0688,6626
10.1121,6625
10.1131,6624
10.114,6623
10.1149,6622
10.1158,6621
10.1167,6620
10.1176,6619
10.1185,6618
10.1194,6617
10.1203,6616
10.1212,6615
10.1533,6614
10.1543,6613
10.157,6612
10.1579,6611
10.1588,6610
10.1597,6609
10.1606,6608
10.1615,6607
10.1971,6606
10.2146,6605
10.2156,6604
10.2165,6603
10.2174,6602
10.2183,6601
10.2192,6600
10.2201,6599
10.221,6598
10.2218,6597
10.2227,6596
10.2236,6595
10.2666,6594
10.2676,6593
10.2704,6592
10.2735,6591
10.2744,6590
10.2753,6589
10.2762,6588
10.3384,6587
10.3394,6586
10.3403,6585
10.3412,6584
10.3422,6583
10.3431,6582
10.344,6581
10.3449,6580
10.3459,6579
10.3468,6578
10.3478,6577
10.3789,6576
10.3798,6575
10.3808,6574
10.3816,6573
10.3825,6572
10.3835,6571
10.3843,6570
10.3852,6569
10.3861,6568
10.387,6567
10.3879,6566
10.4305,6565
10.4314,6564
10.4341,6563
10.435,6562
10.4359,6561
10.4368,6560
10.4376,6559
10.4385,6558
10.4394,6557
10.4811,6556
10.4821,6555
10.4832,6554
10.4842,6553
10.4851,6552
10.486,6551
10.4869,6550
10.4878,6549
10.4887,6548
10.4897,6547
10.4906,6546
10.5333,6545
10.5343,6544
10.5352,6543
10.5362,6542
10.5371,6541
10.538,6540
10.5854,6539
10.5863,6538
10.5873,6537
10.5882,6536
10.5891,6535
10.6013,6534
10.6022,6533
10.6031,6532
10.6041,6531
10.605,6530
10.6059,6529
10.6068,6528
10.6077,6527
10.6086,6526
10.6095,6525
10.6104,6524
10.6501,6523
10.6511,6522
10.6521,6521
10.653,6520
10.6539,6519
10.6566,6518
10.6575,6517
10.6584,6516
10.6983,6515
10.6992,6514
10.7002,6513
10.7012,6512
10.7021,6511
10.7035,6510
10.7051,6509
10.7064,6508
10.7074,6507
10.7083,6506
10.7092,6505
10.7617,6504
10.7626,6503
10.7636,6502
10.7645,6501
10.7654,6500
10.7663,6499
10.7674,6498
10.7683,6497
10.7693,6496
10.7702,6495
10.7711,6494
10.8012,6493
10.8022,6492
10.8031,6491
10.804,6490
10.8049,6489
10.8059,6488
10.8069,6487
10.8079,6486
10.8088,6485
10.8097,6484
10.8107,6483
10.8665,6482
10.8674,6481
10.8684,6480
10.8693,6479
10.8703,6478
10.8713,6477
10.8723,6476
10.8772,6475
10.9558,6474
10.9568,6473
10.9578,6472
10.9587,6471
10.9597,6470
10.9606,6469
10.9616,6468
10.9625,6467
10.9634,6466
10.9643,6465
10.9652,6464
10.9968,6463
10.9978,6462
10.9988,6461
10.9997,6460
11.0006,6459
11.0016,6458
11.0025,6457
11.0034,6456
11.0043,6455
11.0052,6454
11.0061,6453
11.0464,6452
11.0473,6451
11.0482,6450
11.0492,6449
11.0502,6448
11.0511,6447
11.052,6446
11.0529,6445
11.0538,6444
11.0547,6443
11.0556,6442
11.1128,6441
11.1137,6440
11.1146,6439
11.1155,6438
11.1181,6437
11.1189,6436
11.1199,6435
11.1207,6434
11.1216,6433
11.132,6432
11.133,6431
11.1339,6430
11.1348,6429
11.1357,6428
11.1365,6427
11.1374,6426
11.1383,6425
11.1392,6424
11.1401,6423
11.141,6422
11.217,6421
11.2179,6420
11.2189,6419
11.2198,6418
11.2206,6417
11.2215,6416
11.2224,6415
11.2233,6414
11.2259,6413
11.2672,6412
11.2681,6411
11.2691,6410
11.2703,6409
11.2713,6408
11.2722,6407
11.2731,6406
11.274,6405
11.2749,6404
11.2758,6403
11.2766,6402
11.3356,6401
11.3366,6400
11.3375,6399
11.3384,6398
11.3393,6397
11.3402,6396
11.341,6395
11.3421,6394
11.343,6393
11.3439,6392
11.3447,6391
11.3787,6390
11.3796,6389
11.3805,6388
11.3814,6387
11.3823,6386
11.3832,6385
11.3841,6384
11.385,6383
11.3859,6382
11.3868,6381
11.3877,6380
11.3886,6379
11.4385,6378
11.4394,6377
11.4403,6376
11.4412,6375
11.4421,6374
11.443,6373
11.4439,6372
11.4466,6371
11.4474,6370
11.4984,6369
11.4993,6368
11.5002,6367
11.5011,6366
11.502,6365
11.5029,6364
11.5038,6363
11.5046,6362
11.5055,6361
11.5064,6360
11.5072,6359
11.5408,6358
11.5418,6357
11.5428,6356
11.5437,6355
11.5446,6354
11.5455,6353
11.5463,6352
11.5472,6351
11.5482,6350
11.5491,6349
11.55,6348
11.5636,6347
11.5645,6346
11.5654,6345
11.5663,6344
11.5672,6343
11.5681,6342
11.569,6341
11.5699,6340
11.5708,6339
11.5717,6338
11.5725,6337
11.646,6336
11.6487,6335
11.6496,6334
11.6505,6333
11.6514,6332
11.6523,6331
11.6532,6330
11.6541,6329
11.655,6328
11.7309,6327
11.7319,6326
11.7328,6325
11.7337,6324
11.7346,6323
11.7355,6322
11.7364,6321
11.7372,6320
11.7381,6319
11.739,6318
11.7398,6317
11.7407,6316
11.7638,6315
11.7647,6314
11.7656,6313
11.7665,6312
11.7675,6311
11.7684,6310
11.7694,6309
11.7703,6308
11.7713,6307
11.7737,6306
11.7783,6305
11.7815,6304
11.7832,6303
11.7846,6302
11.7859,6301
11.7871,6300
11.7881,6299
11.7911,6298
11.7922,6297
11.7932,6296
11.8435,6295
11.8445,6294
11.8454,6293
11.8463,6292
11.8472,6291
11.8481,6290
11.849,6289
11.8499,6288
11.8508,6287
11.8517,6286
11.8526,6285
11.9629,6284
11.9639,6283
11.9648,6282
11.9658,6281
11.9667,6280
11.9676,6279
11.9685,6278
11.9694,6277
11.9703,6276
11.9712,6275
11.9721,6274
11.9858,6273
11.9867,6272
11.9877,6271
11.9888,6270
11.9904,6269
11.9914,6268
11.9923,6267
11.9934,6266
11.9943,6265
11.9952,6264
12.0404,6263
12.0414,6262
12.0424,6261
12.0434,6260
12.0443,6259
12.0452,6258
12.0461,6257
12.047,6256
12.0479,6255
12.0487,6254
12.0496,6253
12.1,6252
12.1028,6251
12.1038,6250
12.1047,6249
12.1056,6248
12.1065,6247
12.1074,6246
12.1085,6245
12.1094,6244
12.1485,6243
12.1494,6242
12.1521,6241
12.153,6240
12.1539,6239
12.1548,6238
12.1557,6237
12.1566,6236
12.1575,6235
12.195,6234
12.1961,6233
12.197,6232
12.198,6231
12.1988,6230
12.2015,6229
12.2024,6228
12.2033,6227
12.2044,6226
12.2662,6225
12.2672,6224
12.2681,6223
12.269,6222
12.2717,6221
12.2726,6220
12.2735,6219
12.2744,6218
12.2753,6217
12.3267,6216
12.3277,6215
12.3288,6214
12.3314,6213
12.3323,6212
12.3331,6211
12.334,6210
12.3349,6209
12.3358,6208
12.3494,6207
12.3503,6206
12.3512,6205
12.3521,6204
12.353,6203
12.3556,6202
12.3565,6201
12.3574,6200
12.3582,6199
12.3591,6198
12.4144,6197
12.4153,6196
12.4162,6195
12.4171,6194
12.418,6193
12.4189,6192
12.4197,6191
12.4206,6190
12.4215,6189
12.4224,6188
12.4232,6187
12.4632,6186
12.4642,6185
12.4651,6184
12.4659,6183
12.4668,6182
12.4677,6181
12.4686,6180
12.4695,6179
12.4704,6178
12.4716,6177
12.4728,6176
12.5414,6175
12.5424,6174
12.5433,6173
12.5442,6172
12.5451,6171
12.546,6170
12.5468,6169
12.5757,6168
12.5766,6167
12.5892,6166
12.5902,6165
12.5911,6164
12.592,6163
12.5929,6162
12.5937,6161
12.5946,6160
12.5954,6159
12.5963,6158
12.5972,6157
12.598,6156
12.5989,6155
12.6336,6154
12.6346,6153
12.6355,6152
12.6364,6151
12.6373,6150
12.6382,6149
12.6391,6148
12.64,6147
12.6409,6146
12.6418,6145
12.6729,6144
12.6747,6143
12.6756,6142
12.6765,6141
12.6775,6140
12.6784,6139
12.6793,6138
12.6802,6137
12.6811,6136
12.682,6135
12.6828,6134
12.7549,6133
12.756,6132
12.7574,6131
12.7584,6130
12.7593,6129
12.7603,6128
12.7612,6127
12.764,6126
12.8224,6125
12.8233,6124
12.8242,6123
12.8252,6122
12.8261,6121
12.827,6120
12.8279,6119
12.8288,6118
12.8297,6117
12.8306,6116
12.8637,6115
12.8647,6114
12.8656,6113
12.8665,6112
12.8674,6111
12.8683,6110
12.8692,6109
12.8701,6108
12.871,6107
12.8719,6106
12.8728,6105
12.9351,6104
12.9378,6103
12.9388,6102
12.9415,6101
12.9425,6100
12.9434,6099
12.9443,6098
12.9864,6097
12.9873,6096
12.9883,6095
12.9892,6094
12.9901,6093
12.991,6092
12.9919,6091
12.9928,6090
12.9937,6089
12.9946,6088
12.9955,6087
13.0375,6086
13.0384,6085
13.0411,6084
13.042,6083
13.0429,6082
13.0438,6081
13.0447,6080
13.0456,6079
13.0465,6078
13.0952,6077
13.0962,6076
13.0971,6075
13.098,6074
13.0989,6073
13.0998,6072
13.1007,6071
13.1016,6070
13.1025,6069
13.1035,6068
13.1044,6067
13.1458,6066
13.1467,6065
13.1476,6064
13.1486,6063
13.1496,6062
13.1523,6061
13.1532,6060
13.1541,6059
13.1985,6058
13.1994,6057
13.2003,6056
13.2012,6055
13.2021,6054
13.203,6053
13.2039,6052
13.2048,6051
13.2057,6050
13.2065,6049
13.2431,6048
13.2441,6047
13.245,6046
13.2492,6045
13.2518,6044
13.2526,6043
13.2992,6042
13.3002,6041
13.301,6040
13.3282,6039
13.3291,6038
13.3301,6037
13.331,6036
13.3319,6035
13.3329,6034
13.3338,6033
13.3347,6032
13.3519,6031
13.3528,6030
13.3538,6029
13.3546,6028
13.3555,6027
13.3564,6026
13.3573,6025
13.3582,6024
13.3591,6023
13.3599,6022
13.3608,6021
13.4025,6020
13.4034,6019
13.4043,6018
13.407,6017
13.4078,6016
13.4105,6015
13.4114,6014
13.5631,6013
13.5641,6012
13.5649,6011
13.5658,6010
13.5667,6009
13.5676,6008
13.5685,6007
13.5693,6006
13.5719,6005
13.5727,6004
13.6338,6003
13.6347,6002
13.6356,6001
13.6364,6000
13.6373,5999
13.6399,5998
13.6408,5997
13.6417,5996
13.6425,5995
13.7208,5994
13.7217,5993
13.7226,5992
13.7235,5991
13.7244,5990
13.7298,5989
13.7308,5988
13.7317,5987
13.7326,5986
13.7832,5985
13.7841,5984
13.785,5983
13.7859,5982
13.7886,5981
13.7895,5980
13.7904,5979
13.7917,5978
13.7925,5977
13.8246,5976
13.8255,5975
13.8264,5974
13.8273,5973
13.83,5972
13.8309,5971
13.8317,5970
13.8812,5969
13.8822,5968
13.8832,5967
13.8841,5966
13.885,5965
13.8858,5964
13.8867,5963
13.8876,5962
13.8884,5961
13.8893,5960
13.8901,5959
13.891,5958
13.9319,5957
13.9327,5956
13.9336,5955
13.9345,5954
13.9354,5953
13.9362,5952
13.9371,5951
13.938,5950
13.9388,5949
13.9397,5948
13.9406,5947
13.9874,5946
13.9883,5945
13.9893,5944
13.9901,5943
13.991,5942
13.9919,5941
13.9927,5940
14.0403,5939
14.0412,5938
14.0421,5937
14.0429,5936
14.0438,5935
14.0447,5934
14.0456,5933
14.0465,5932
14.0474,5931
14.0482,5930
14.0491,5929
14.05,5928
14.0895,5927
14.0904,5926
14.0913,5925
14.0926,5924
14.0935,5923
14.0943,5922
14.097,5921
14.0979,5920
14.0988,5919
14.1423,5918
14.1433,5917
14.1442,5916
14.1451,5915
14.1461,5914
14.1469,5913
14.1478,5912
14.1487,5911
14.1495,5910
14.1504,5909
14.1513,5908
14.2073,5907
14.2082,5906
14.2091,5905
14.21,5904
14.2108,5903
14.2117,5902
14.2126,5901
14.2152,5900
14.2645,5899
14.2654,5898
14.2663,5897
14.2672,5896
14.2681,5895
14.2691,5894
14.27,5893
14.2708,5892
14.2717,5891
14.2725,5890
14.2734,5889
14.3089,5888
14.3102,5887
14.3111,5886
14.3119,5885
14.3128,5884
14.3137,5883
14.3145,5882
14.3154,5881
14.3163,5880
14.3172,5879
14.318,5878
14.3629,5877
14.3655,5876
14.3664,5875
14.3672,5874
14.3681,5873
14.3689,5872
14.3698,5871
14.3706,5870
14.3716,5869
14.4433,5868
14.4442,5867
14.4452,5866
14.4461,5865
14.447,5864
14.4478,5863
14.4487,5862
14.4496,5861
14.4522,5860
14.453,5859
14.4957,5858
14.4966,5857
14.4974,5856
14.4983,5855
14.4991,5854
14.5,5853
14.5008,5852
14.5017,5851
14.5025,5850
14.5465,5849
14.5475,5848
14.5484,5847
14.5492,5846
14.5501,5845
14.551,5844
14.5519,5843
14.5527,5842
14.5536,5841
14.5562,5840
14.5919,5839
14.5928,5838
14.5954,5837
14.5962,5836
14.5971,5835
14.598,5834
14.5988,5833
14.6514,5832
14.6558,5831
14.6572,5830
14.6584,5829
14.6594,5828
14.6605,5827
14.6648,5826
14.667,5825
14.668,5824
14.6691,5823
14.6719,5822
14.702,5821
14.7029,5820
14.7038,5819
14.7047,5818
14.7055,5817
14.7066,5816
14.7074,5815
14.7101,5814
14.711,5813
14.769,5812
14.7699,5811
14.7708,5810
14.7718,5809
14.7727,5808
14.7736,5807
14.7745,5806
14.7754,5805
14.7767,5804
14.7776,5803
14.7785,5802
14.8466,5801
14.8475,5800
14.8484,5799
14.8493,5798
14.8519,5797
14.8545,5796
14.8553,5795
14.9012,5794
14.9022,5793
14.9031,5792
14.904,5791
14.9048,5790
14.9074,5789
14.9084,5788
14.9093,5787
14.9102,5786
14.9555,5785
14.9582,5784
14.9591,5783
14.96,5782
14.9609,5781
14.9617,5780
14.9627,5779
14.9636,5778
15.0133,5777
15.0142,5776
15.0151,5775
15.016,5774
15.0169,5773
15.0178,5772
15.0205,5771
15.0214,5770
15.0224,5769
15.0733,5768
15.076,5767
15.0769,5766
15.0778,5765
15.0804,5764
15.1358,5763
15.1367,5762
15.1376,5761
15.1385,5760
15.1394,5759
15.1403,5758
15.1412,5757
15.1421,5756
15.143,5755
15.1827,5754
15.1836,5753
15.1864,5752
15.1891,5751
15.1899,5750
15.1908,5749
15.1979,5748
15.2392,5747
15.2401,5746
15.241,5745
15.2419,5744
15.2428,5743
15.2437,5742
15.2446,5741
15.2454,5740
15.2463,5739
15.2473,5738
15.2481,5737
15.2928,5736
15.2938,5735
15.2947,5734
15.2956,5733
15.2982,5732
15.2991,5731
15.3,5730
15.3008,5729
15.3017,5728
15.3026,5727
15.3475,5726
15.3484,5725
15.3493,5724
15.3501,5723
15.351,5722
15.3519,5721
15.3527,5720
15.3536,5719
15.3544,5718
15.3553,5717
15.3561,5716
15.4233,5715
15.4243,5714
15.4252,5713
15.4281,5712
15.4296,5711
15.4305,5710
15.4314,5709
15.4322,5708
15.4331,5707
15.4595,5706
15.4623,5705
15.4633,5704
15.4642,5703
15.4678,5702
15.4742,5701
15.4751,5700
15.476,5699
15.5349,5698
15.5357,5697
15.5367,5696
15.5376,5695
15.5384,5694
15.5393,5693
15.5435,5692
15.5643,5691
15.5653,5690
15.5661,5689
15.567,5688
15.568,5687
15.5689,5686
15.5714,5685
15.5723,5684
15.6535,5683
15.6545,5682
15.6553,5681
15.658,5680
15.6606,5679
15.6614,5678
15.6623,5677
15.7142,5676
15.7151,5675
15.716,5674
15.7169,5673
15.7178,5672
15.7186,5671
15.7195,5670
15.7203,5669
15.7212,5668
15.722,5667
15.7811,5666
15.7821,5665
15.7831,5664
15.7841,5663
15.7851,5662
15.7861,5661
15.787,5660
15.7879,5659
15.7888,5658
15.7897,5657
15.8272,5656
15.8282,5655
15.8291,5654
15.83,5653
15.8309,5652
15.8318,5651
15.8344,5650
15.8353,5649
15.8361,5648
15.837,5647
15.8624,5646
15.8633,5645
15.8642,5644
15.8651,5643
15.8659,5642
15.8668,5641
15.8677,5640
15.869,5639
15.87,5638
15.8711,5637
15.8721,5636
15.9745,5635
15.9754,5634
15.9763,5633
15.9771,5632
15.9781,5631
15.9789,5630
15.9798,5629
15.9807,5628
15.9815,5627
15.9824,5626
15.9832,5625
16.0241,5624
16.0251,5623
16.0259,5622
16.0268,5621
16.0278,5620
16.0304,5619
16.0312,5618
16.0321,5617
16.033,5616
16.0338,5615
16.0893,5614
16.0902,5613
16.0912,5612
16.0921,5611
16.0929,5610
16.0938,5609
16.0947,5608
16.0955,5607
16.0965,5606
16.0973,5605
16.0982,5604
16.1452,5603
16.1461,5602
16.147,5601
16.15,5600
16.1508,5599
16.1517,5598
16.1525,5597
16.1534,5596
16.1542,5595
16.1551,5594
16.2197,5593
16.2206,5592
16.2215,5591
16.2223,5590
16.2232,5589
16.224,5588
16.2249,5587
16.2258,5586
16.227,5585
16.2279,5584
16.2288,5583
16.2678,5582
16.2687,5581
16.2695,5580
16.2704,5579
16.2713,5578
16.2721,5577
16.2731,5576
16.274,5575
16.2748,5574
16.2756,5573
16.2765,5572
16.2773,5571
16.3227,5570
16.3236,5569
16.3244,5568
16.3253,5567
16.3262,5566
16.327,5565
16.3483,5564
16.3492,5563
16.3501,5562
16.351,5561
16.3518,5560
16.3728,5559
16.3755,5558
16.3763,5557
16.3772,5556
16.3781,5555
16.3789,5554
16.3815,5553
16.4272,5552
16.4286,5551
16.4295,5550
16.4304,5549
16.4313,5548
16.4321,5547
16.433,5546
16.4338,5545
16.4364,5544
16.4913,5543
16.4923,5542
16.4932,5541
16.494,5540
16.4949,5539
16.4958,5538
16.4966,5537
16.4975,5536
16.5431,5535
16.544,5534
16.5449,5533
16.5458,5532
16.5466,5531
16.5475,5530
16.5484,5529
16.5492,5528
16.5501,5527
16.551,5526
16.5519,5525
16.5527,5524
16.5978,5523
16.5987,5522
16.5996,5521
16.6005,5520
16.6014,5519
16.6022,5518
16.6031,5517
16.604,5516
16.6048,5515
16.6057,5514
16.6065,5513
16.6684,5512
16.6693,5511
16.6702,5510
16.671,5509
16.6736,5508
16.6744,5507
16.677,5506
16.6778,5505
16.711,5504
16.7118,5503
16.7127,5502
16.7136,5501
16.7144,5500
16.7153,5499
16.7161,5498
16.717,5497
16.7178,5496
16.759,5495
16.7599,5494
16.7608,5493
16.7616,5492
16.7625,5491
16.765,5490
16.7675,5489
16.7684,5488
16.8097,5487
16.8106,5486
16.8115,5485
16.8124,5484
16.8132,5483
16.8141,5482
16.8149,5481
16.8158,5480
16.8166,5479
16.8175,5478
16.8184,5477
16.8511,5476
16.852,5475
16.8529,5474
16.8538,5473
16.8546,5472
16.8555,5471
16.8564,5470
16.8572,5469
16.9091,5468
16.91,5467
16.9113,5466
16.9122,5465
16.9165,5464
16.9174,5463
16.9857,5462
16.9866,5461
16.9875,5460
16.9883,5459
16.9892,5458
16.99,5457
16.9909,5456
16.9917,5455
16.9926,5454
17.0252,5453
17.0261,5452
17.027,5451
17.0279,5450
17.0288,5449
17.0313,5448
17.0322,5447
17.0839,5446
17.0849,5445
17.0858,5444
17.0867,5443
17.0876,5442
17.0885,5441
17.0894,5440
17.0902,5439
17.0911,5438
17.1391,5437
17.14,5436
17.1409,5435
17.1418,5434
17.1427,5433
17.1436,5432
17.1449,5431
17.1458,5430
17.1467,5429
17.1476,5428
17.1485,5427
17.1493,5426
17.1902,5425
17.1911,5424
17.1938,5423
17.1947,5422
17.1955,5421
17.1964,5420
17.2377,5419
17.2386,5418
17.2395,5417
17.2403,5416
17.2412,5415
17.2421,5414
17.2429,5413
17.2455,5412
17.2463,5411
17.2935,5410
17.2944,5409
17.2953,5408
17.2962,5407
17.2971,5406
17.298,5405
17.2989,5404
17.2997,5403
17.3006,5402
17.3555,5401
17.3564,5400
17.3573,5399
17.3582,5398
17.359,5397
17.3599,5396
17.3607,5395
17.3616,5394
17.3641,5393
17.4081,5392
17.4091,5391
17.41,5390
17.4108,5389
17.4117,5388
17.4125,5387
17.4151,5386
17.4159,5385
17.4167,5384
17.4176,5383
17.4619,5382
17.4646,5381
17.4655,5380
17.4664,5379
17.4672,5378
17.4681,5377
17.4689,5376
17.4698,5375
17.4706,5374
17.4715,5373
17.5182,5372
17.5208,5371
17.5216,5370
17.5241,5369
17.525,5368
17.5258,5367
17.5267,5366
17.5606,5365
17.5615,5364
17.5624,5363
17.5633,5362
17.5642,5361
17.5701,5360
17.6137,5359
17.6146,5358
17.6156,5357
17.6183,5356
17.6192,5355
17.62,5354
17.6209,5353
17.6217,5352
17.6226,5351
17.6692,5350
17.6702,5349
17.671,5348
17.672,5347
17.6728,5346
17.6754,5345
17.6762,5344
17.6771,5343
17.731,5342
17.7336,5341
17.7361,5340
17.7388,5339
17.7396,5338
17.7915,5337
17.7924,5336
17.7933,5335
17.7958,5334
17.7966,5333
17.7975,5332
17.7983,5331
17.8008,5330
17.8219,5329
17.8228,5328
17.8236,5327
17.8297,5326
17.8305,5325
17.8314,5324
17.8749,5323
17.8758,5322
17.8766,5321
17.8775,5320
17.8783,5319
17.8792,5318
17.88,5317
17.8808,5316
17.8817,5315
17.8825,5314
17.9295,5313
17.9304,5312
17.9312,5311
17.9321,5310
17.9329,5309
17.9338,5308
17.9346,5307
17.9354,5306
17.9363,5305
17.9747,5304
17.976,5303
17.977,5302
17.9796,5301
17.9805,5300
17.9814,5299
17.9823,5298
17.9831,5297
18.0266,5296
18.0292,5295
18.0334,5294
18.0342,5293
18.089,5292
18.0899,5291
18.0908,5290
18.0916,5289
18.0925,5288
18.1453,5287
18.1462,5286
18.1471,5285
18.148,5284
18.1488,5283
18.1497,5282
18.1505,5281
18.1514,5280
18.1523,5279
18.1531,5278
18.1539,5277
18.1548,5276
18.1977,5275
18.1986,5274
18.1994,5273
18.2003,5272
18.2011,5271
18.2019,5270
18.2028,5269
18.2036,5268
18.2045,5267
18.2054,5266
18.2062,5265
18.2376,5264
18.2385,5263
18.2394,5262
18.2419,5261
18.2428,5260
18.2436,5259
18.2445,5258
18.2454,5257
18.288,5256
18.2889,5255
18.2898,5254
18.2906,5253
18.2915,5252
18.2923,5251
18.2948,5250
18.2956,5249
18.2965,5248
18.2973,5247
18.3616,5246
18.3625,5245
18.3633,5244
18.3658,5243
18.3667,5242
18.3676,5241
18.3684,5240
18.3693,5239
18.4133,5238
18.4141,5237
18.415,5236
18.4158,5235
18.4166,5234
18.4191,5233
18.4199,5232
18.4208,5231
18.4533,5230
18.4542,5229
18.455,5228
18.4595,5227
18.4603,5226
18.4612,5225
18.4621,5224
18.5005,5223
18.5014,5222
18.504,5221
18.5048,5220
18.509,5219
18.5098,5218
18.5509,5217
18.5519,5216
18.5527,5215
18.5536,5214
18.5561,5213
18.5586,5212
18.5595,5211
18.5603,5210
18.6058,5209
18.6067,5208
18.6075,5207
18.6083,5206
18.6092,5205
18.61,5204
18.6108,5203
18.6116,5202
18.6125,5201
18.6543,5200
18.6604,5199
18.6613,5198
18.6621,5197
18.7053,5196
18.7063,5195
18.7072,5194
18.7081,5193
18.7089,5192
18.7098,5191
18.7106,5190
18.7114,5189
18.7139,5188
18.7148,5187
18.7531,5186
18.754,5185
18.7549,5184
18.7558,5183
18.7566,5182
18.7576,5181
18.7585,5180
18.7593,5179
18.7602,5178
18.761,5177
18.809,5176
18.8149,5175
18.8158,5174
18.849,5173
18.8499,5172
18.8525,5171
18.8533,5170
18.8542,5169
18.855,5168
18.8559,5167
18.8567,5166
18.8576,5165
18.8584,5164
18.9114,5163
18.9156,5162
18.9165,5161
18.9612,5160
18.9621,5159
18.963,5158
18.9639,5157
18.9647,5156
18.9656,5155
18.9664,5154
18.969,5153
18.9698,5152
18.9707,5151
19.013,5150
19.0157,5149
19.02,5148
19.0209,5147
19.0218,5146
19.0226,5145
19.0235,5144
19.0662,5143
19.069,5142
19.07,5141
19.0709,5140
19.0717,5139
19.0726,5138
19.0734,5137
19.1256,5136
19.1282,5135
19.129,5134
19.1299,5133
19.177,5132
19.178,5131
19.1801,5130
19.1811,5129
19.1819,5128
19.1828,5127
19.1837,5126
19.1845,5125
19.1854,5124
19.1863,5123
19.2363,5122
19.2408,5121
19.2417,5120
19.2425,5119
19.3026,5118
19.3036,5117
19.3047,5116
19.3056,5115
19.3065,5114
19.3572,5113
19.3599,5112
19.3608,5111
19.3616,5110
19.3625,5109
19.3634,5108
19.3642,5107
19.365,5106
19.3971,5105
19.398,5104
19.3989,5103
19.3997,5102
19.4006,5101
19.4048,5100
19.4056,5099
19.4569,5098
19.5113,5097
19.5142,5096
19.5151,5095
19.5159,5094
19.5167,5093
19.5176,5092
19.5201,5091
19.5209,5090
19.5619,5089
19.566,5088
19.5685,5087
19.5693,5086
19.5701,5085
19.571,5084
19.6072,5083
19.608,5082
19.6089,5081
19.6097,5080
19.6122,5079
19.6148,5078
19.6157,5077
19.6165,5076
19.6806,5075
19.6814,5074
19.6823,5073
19.6866,5072
19.6876,5071
19.6884,5070
19.6893,5069
19.7471,5068
19.7481,5067
19.7489,5066
19.7497,5065
19.7505,5064
19.7514,5063
19.7523,5062
19.7551,5061
19.7559,5060
19.7568,5059
19.8053,5058
19.8061,5057
19.807,5056
19.8078,5055
19.8086,5054
19.8095,5053
19.8103,5052
19.8112,5051
19.812,5050
19.8129,5049
19.8495,5048
19.8504,5047
19.8512,5046
19.8537,5045
19.8546,5044
19.8554,5043
19.8562,5042
19.8571,5041
19.8579,5040
19.8587,5039
19.9072,5038
19.908,5037
19.9105,5036
19.9114,5035
19.9122,5034
19.9131,5033
19.9139,5032
19.969,5031
19.9716,5030
19.9742,5029
19.9751,5028
19.976,5027
20.0136,5026
20.035,5025
20.0394,5024
20.0419,5023
20.0428,5022
20.0436,5021
20.0945,5020
20.0954,5019
20.0962,5018
20.0971,5017
20.0997,5016
20.1005,5015
20.103,5014
20.1039,5013
20.1497,5012
20.1506,5011
20.1531,5010
20.1539,5009
20.1547,5008
20.1556,5007
20.1564,5006
20.1589,5005
20.205,5004
20.2058,5003
20.2067,5002
20.2075,5001
20.2133,5000
20.2142,4999
20.2787,4998
20.2813,4997
20.2822,4996
20.2831,4995
20.2839,4994
20.2848,4993
20.2856,4992
20.3219,4991
20.3228,4990
20.3236,4989
20.3244,4988
20.3253,4987
20.3294,4986
20.3757,4985
20.3767,4984
20.3775,4983
20.3784,4982
20.3792,4981
20.38,4980
20.3809,4979
20.3818,4978
20.3826,4977
20.3834,4976
20.3843,4975
20.3851,4974
20.4423,4973
20.4432,4972
20.444,4971
20.4465,4970
20.4775,4969
20.4817,4968
20.4825,4967
20.4833,4966
20.4853,4965
20.5438,4964
20.5447,4963
20.5456,4962
20.5464,4961
20.5473,4960
20.603,4959
20.6055,4958
20.6063,4957
20.6515,4956
20.6524,4955
20.6532,4954
20.6541,4953
20.6566,4952
20.6575,4951
20.66,4950
20.6608,4949
20.7082,4948
20.7091,4947
20.7116,4946
20.714,4945
20.7165,4944
20.7639,4943
20.7648,4942
20.7656,4941
20.7665,4940
20.7673,4939
20.7682,4938
20.769,4937
20.7698,4936
20.7707,4935
20.8156,4934
20.8165,4933
20.8174,4932
20.8183,4931
20.8191,4930
20.8206,4929
20.8217,4928
20.8239,4927
20.8249,4926
20.8288,4925
20.8326,4924
20.8336,4923
20.8347,4922
20.8364,4921
20.8375,4920
20.8384,4919
20.8393,4918
20.8402,4917
20.9107,4916
20.9116,4915
20.9127,4914
20.9136,4913
20.9145,4912
20.9153,4911
20.9195,4910
20.9605,4909
21.0287,4908
21.031,4907
21.032,4906
21.033,4905
21.034,4904
21.0351,4903
21.1017,4902
21.1043,4901
21.1052,4900
21.106,4899
21.1069,4898
21.1077,4897
21.1086,4896
21.1094,4895
21.1669,4894
21.1678,4893
21.1687,4892
21.1732,4891
21.1741,4890
21.2227,4889
21.2236,4888
21.2246,4887
21.2256,4886
21.2282,4885
21.229,4884
21.23,4883
21.2309,4882
21.2318,4881
21.2395,4880
21.2452,4879
21.2462,4878
21.2471,4877
21.2481,4876
21.2493,4875
21.2504,4874
21.2513,4873
21.2522,4872
21.3341,4871
21.335,4870
21.3359,4869
21.3367,4868
21.3376,4867
21.3384,4866
21.3393,4865
21.3401,4864
21.341,4863
21.3786,4862
21.3795,4861
21.3803,4860
21.3813,4859
21.3839,4858
21.4578,4857
21.4587,4856
21.4596,4855
21.4604,4854
21.4614,4853
21.4623,4852
21.4979,4851
21.4988,4850
21.4996,4849
21.5008,4848
21.5017,4847
21.503,4846
21.5059,4845
21.5081,4844
21.5505,4843
21.5515,4842
21.5581,4841
21.6574,4840
21.6599,4839
21.7004,4838
21.7013,4837
21.7072,4836
21.7649,4835
21.7657,4834
21.7666,4833
21.7675,4832
21.7683,4831
21.7691,4830
21.8085,4829
21.8115,4828
21.8124,4827
21.8133,4826
21.8142,4825
21.815,4824
21.8567,4823
21.8577,4822
21.8585,4821
21.8627,4820
21.8636,4819
21.8644,4818
21.8652,4817
21.9082,4816
21.909,4815
21.9099,4814
21.9107,4813
21.9116,4812
21.9124,4811
21.9133,4810
21.9141,4809
21.9149,4808
21.9158,4807
21.9585,4806
21.9594,4805
21.9603,4804
21.9611,4803
21.9638,4802
21.9646,4801
21.9655,4800
21.9663,4799
21.9671,4798
21.9959,4797
21.9984,4796
22.0009,4795
22.0791,4794
22.08,4793
22.0809,4792
22.0818,4791
22.0826,4790
22.0835,4789
22.0844,4788
22.0852,4787
22.0876,4786
22.0886,4785
22.1435,4784
22.1444,4783
22.1453,4782
22.1461,4781
22.1487,4780
22.1868,4779
22.1878,4778
22.1903,4777
22.1912,4776
22.192,4775
22.1929,4774
22.1937,4773
22.1946,4772
22.1954,4771
22.3585,4770
22.5271,4769
22.5316,4768
22.5344,4767
22.5847,4766
22.5855,4765
22.5864,4764
22.5889,4763
22.5898,4762
22.5906,4761
22.5914,4760
22.6346,4759
22.6355,4758
22.6456,4757
22.7762,4756
22.7771,4755
22.7781,4754
22.779,4753
22.7799,4752
22.7808,4751
22.7816,4750
22.7824,4749
22.7833,4748
22.7841,4747
22.8663,4746
22.8706,4745
22.8714,4744
22.8723,4743
22.9622,4742
22.9647,4741
22.9656,4740
22.9665,4739
22.9673,4738
22.9996,4737
23.0005,4736
23.0014,4735
23.0022,4734
23.0056,4733
23.0064,4732
23.0073,4731
23.0081,4730
23.009,4729
23.0616,4728
23.0625,4727
23.065,4726
23.1076,4725
23.112,4724
23.1128,4723
23.1136,4722
23.1145,4721
23.1169,4720
23.2031,4719
23.204,4718
23.2053,4717
23.2062,4716
23.2071,4715
23.2079,4714
23.2088,4713
23.2096,4712
23.334,4711
23.3365,4710
23.3373,4709
23.3382,4708
23.339,4707
23.379,4706
23.3883,4705
23.4468,4704
23.4477,4703
23.4868,4702
23.4877,4701
23.4886,4700
23.4895,4699
23.4903,4698
23.4912,4697
23.4921,4696
23.4946,4695
23.4971,4694
23.4979,4693
23.6002,4692
23.6045,4691
23.6055,4690
23.6064,4689
23.6072,4688
23.6503,4687
23.6512,4686
23.6555,4685
23.6563,4684
23.6572,4683
23.658,4682
23.6589,4681
23.6597,4680
23.7097,4679
23.7106,4678
23.7114,4677
23.7123,4676
23.7131,4675
23.7189,4674
23.7561,4673
23.757,4672
23.7579,4671
23.7587,4670
23.7596,4669
23.7604,4668
23.7613,4667
23.7621,4666
23.7629,4665
23.7638,4664
23.8066,4663
23.8075,4662
23.81,4661
23.8124,4660
23.8133,4659
23.8141,4658
23.8832,4657
23.8857,4656
23.8865,4655
23.8874,4654
23.8883,4653
23.8891,4652
23.8899,4651
23.9388,4650
23.9397,4649
23.9405,4648
23.9645,4647
23.9668,4646
23.968,4645
24.0916,4644
24.0925,4643
24.0933,4642
24.188,4641
24.189,4640
24.1899,4639
24.1909,4638
24.1941,4637
24.2539,4636
24.2548,4635
24.2574,4634
24.2583,4633
24.2592,4632
24.2816,4631
24.3133,4630
24.354,4629
24.3548,4628
24.3575,4627
24.3583,4626
24.3592,4625
24.3617,4624
24.3857,4623
24.3866,4622
24.3875,4621
24.3883,4620
24.3892,4619
24.3932,4618
24.394,4617
24.4495,4616
24.4504,4615
24.4562,4614
24.5506,4613
24.5515,4612
24.5524,4611
24.5533,4610
24.6631,4609
24.6639,4608
24.6648,4607
24.6656,4606
24.6664,4605
24.6673,4604
24.6681,4603
24.669,4602
24.6698,4601
24.7133,4600
24.7142,4599
24.7151,4598
24.7159,4597
24.8094,4596
24.8168,4595
24.8176,4594
24.8569,4593
24.8578,4592
24.8587,4591
24.8595,4590
24.8603,4589
24.8628,4588
24.8636,4587
24.8645,4586
24.8653,4585
24.8661,4584
24.9097,4583
24.9156,4582
24.9165,4581
24.9173,4580
24.9616,4579
24.9625,4578
24.9634,4577
24.9659,4576
24.9667,4575
24.9676,4574
25.0185,4573
25.0195,4572
25.0331,4571
25.034,4570
25.0348,4569
25.039,4568
25.0398,4567
25.1667,4566
25.1676,4565
25.1685,4564
25.1694,4563
25.1735,4562
25.1751,4561
25.176,4560
25.2308,4559
25.2316,4558
25.2325,4557
25.3274,4556
25.3287,4555
25.3296,4554
25.3305,4553
25.3314,4552
25.3339,4551
25.3348,4550
25.4481,4549
25.449,4548
25.45,4547
25.5402,4546
25.5411,4545
25.5419,4544
25.5428,4543
25.6303,4542
25.7018,4541
25.7463,4540
25.7472,4539
25.7482,4538
25.8029,4537
25.8039,4536
25.8049,4535
25.8057,4534
26.1839,4533
26.1847,4532
26.2408,4531
26.2416,4530
26.2765,4529
26.279,4528
26.2799,4527
26.3443,4526
26.3829,4525
26.3837,4524
26.3846,4523
26.3854,4522
26.3863,4521
26.3905,4520
26.445,4519
26.4474,4518
26.5139,4517
27.1892,4516
27.1951,4515
27.2454,4514
27.3692,4513
27.37,4512
27.3709,4511
27.3733,4510
27.3741,4509
27.435,4508
27.436,4507
27.44,4506
27.4688,4505
27.4697,4504
27.4721,4503
27.4729,4502
27.4754,4501
27.518,4500
27.684,4499
27.6849,4498
27.6857,4497
27.6866,4496
27.6907,4495
27.7373,4494
27.7382,4493
27.7863,4492
27.8392,4491
27.988,4490
27.9888,4489
28.2546,4488
28.2554,4487
28.2562,4486
28.257,4485
28.2595,4484
28.3046,4483
28.3093,4482
28.5092,4481
28.5101,4480
28.9209,4479
28.992,4478
28.9961,4477
28.997,4476
29.0314,4475
29.0323,4474
29.0333,4473
29.0844,4472
29.0929,4471
29.0937,4470
29.0946,4469
29.0954,4468
29.1364,4467
29.1389,4466
29.1446,4465
29.1455,4464
29.2056,4463
29.208,4462
29.2432,4461
29.2452,4460
29.3853,4459
29.3878,4458
29.3887,4457
29.5459,4456
29.5526,4455
29.8478,4454
29.9619,4453
29.9628,4452
29.9637,4451
30.0964,4450
30.0973,4449
30.0981,4448
31.9958,4447
31.9966,4446
32.0515,4445
32.9637,4444
32.9645,4443
32.9654,4442
32.9662,4441
32.9671,4440
33.0231,4439
33.0255,4438
33.0657,4437
33.0666,4436
33.1285,4435
33.1838,4434
33.1847,4433
33.2239,4432
33.2247,4431
33.2256,4430
33.7098,4429
33.7107,4428
33.9773,4427
33.9781,4426
33.9789,4425
34.0408,4424
34.6777,4423
37.3568,4422
37.3577,4421
37.3585,4420
38.1433,4419
38.1442,4418
38.1451,4417
38.2751,4416
38.6682,4415
38.7289,4414
38.7298,4413
38.7306,4412
38.7314,4411
38.7338,4410
38.7431,4409
38.8409,4408
38.8418,4407
38.8426,4406
38.8792,4405
38.88,4404
38.8841,4403
38.9272,4402
38.9281,4401
38.9289,4400
40.949,4399
40.9499,4398
40.9523,4397
41.0049,4396
41.0075,4395
41.0131,4394
41.014,4393
41.0489,4392
43.538,4391
43.5389,4390
43.5397,4389
43.5405,4388
43.543,4387
43.5876,4386
43.5885,4385
43.5893,4384
43.5905,4383
47.7668,4382
47.7693,4381
47.7702,4380
47.8792,4379
47.8801,4378
47.8809,4377
47.8818,4376
47.8826,4375
47.8835,4374
47.9321,4373
52.2726,4372
52.2735,4371
52.2743,4370
52.4829,4369
52.572,4368
52.5811,4367
52.7841,4366
52.7867,4365
53.0622,4364
53.063,4363
53.064,4362
53.065,4361
53.0659,4360
53.2185,4359
53.279,4358
53.2815,4357
53.284,4356
53.3222,4355
53.3231,4354
53.371,4353
53.3854,4352
53.3863,4351
53.3871,4350
53.388,4349
53.3889,4348
53.6903,4347
53.6916,4346
53.695,4345
53.696,4344
53.7083,4343
55.918,4342
55.9206,4341
55.9844,4340
58.9725,4339
59.4403,4338
59.4412,4337
59.5131,4336
59.5157,4335
59.5554,4334
59.5565,4333
59.5577,4332
59.5602,4331
59.6235,4330
59.6244,4329
59.6252,4328
59.6261,4327
59.6269,4326
59.6899,4325
59.6942,4324
59.7433,4323
59.7525,4322
59.7924,4321
59.7934,4320
59.7959,4319
61.9331,4318
62.0289,4317
62.0298,4316
62.0306,4315
62.044,4314
62.0449,4313
62.0457,4312
62.0482,4311
62.135,4310
62.1359,4309
62.1793,4308
62.2408,4307
62.2434,4306
62.2947,4305
62.2955,4304
62.2964,4303
62.2972,4302
62.2981,4301
62.2989,4300
68.7252,4299
68.785,4298
71.4176,4297
71.4218,4296
71.4227,4295
71.4235,4294
71.4259,4293
71.4267,4292
71.4275,4291
71.4283,4290
71.4291,4289
71.4299,4288
71.5474,4287
72.5333,4286
72.5341,4285
72.5349,4284
72.5769,4283
72.5828,4282
72.6805,4281
72.7651,4280
72.7659,4279
72.798,4278
72.8023,4277
72.871,4276
72.9257,4275
72.9266,4274
72.9274,4273
73.1383,4272
73.8124,4271
73.8892,4270
73.9108,4269
73.9116,4268
73.9379,4267
74.026,4266
74.0268,4265
74.0277,4264
74.0285,4263
74.0309,4262
74.2368,4261
74.2376,4260
74.2915,4259
74.3708,4258
74.3783,4257
74.3791,4256
74.38,4255
74.4227,4254
76.2278,4253
76.2287,4252
76.2295,4251
76.3379,4250
76.3466,4249
76.3475,4248
76.7254,4247
76.7264,4246
76.7293,4245
76.7301,4244
76.731,4243
76.7897,4242
77.5607,4241
77.5734,4240
77.6413,4239
77.8381,4238
77.8391,4237
77.9509,4236
78.2232,4235
88.0892,4234
88.2454,4233
91.9118,4232
91.9733,4231
91.9757,4230
91.9765,4229
92.0284,4228
92.2088,4227
92.2097,4226
92.2719,4225
92.278,4224
92.2789,4223
92.3059,4222
92.3067,4221
92.3076,4220
92.3101,4219
92.4976,4218
92.4985,4217
92.501,4216
93.0061,4215
93.0086,4214
98.6334,4213
98.6342,4212
98.7642,4211
98.7667,4210
98.7675,4209
98.8497,4208
101.937,4207
101.937,4206
101.942,4205
101.996,4204
101.997,4203
102.146,4202
102.147,4201
107.716,4200
107.789,4199
107.792,4198
108.115,4197
108.116,4196
108.123,4195
108.124,4194
108.163,4193
108.164,4192
108.165,4191
108.165,4190
112.729,4189
112.75,4188
112.852,4187
112.853,4186
112.854,4185
112.855,4184
113.279,4183
113.28,4182
113.28,4181
113.323,4180
113.419,4179
113.462,4178
113.464,4177
113.467,4176
113.471,4175
113.526,4174
113.527,4173
113.531,4172
113.532,4171
113.533,4170
113.533,4169
113.568,4168
135.429,4167
139.32,4166
139.323,4165
139.325,4164
139.914,4163
139.97,4162
139.971,4161
140.08,4160
140.193,4159
140.194,4158
140.195,4157
140.196,4156
140.251,4155
140.252,4154
140.253,4153
140.255,4152
162.825,4151
162.944,4150
162.944,4149
162.947,4148
162.948,4147
162.948,4146
162.998,4145
162.999,4144
191.289,4143
191.29,4142
191.29,4141
207.174,4140
207.175,4139
207.225,4138
207.231,4137
207.232,4136
207.869,4135
208.182,4134
208.183,4133
208.184,4132
208.25,4131
208.251,4130
208.252,4129
208.326,4128
208.327,4127
208.327,4126
208.328,4125
208.329,4124
208.33,4123
208.331,4122
208.335,4121
209,4120
209.008,4119
209.058,4118
209.06,4117
305.589,4116
305.674,4115
305.675,4114
305.676,4113
305.678,4112
305.68,4111
305.681,4110
305.682,4109
305.73,4108
305.731,4107
305.732,4106
305.733,4105
305.734,4104
305.783,4103
471.612,4102
471.651,4101
563.497,4100
563.498,4099
563.499,4098
563.629,4097
563.638,4096
563.701,4095
563.702,4094
563.704,4093
563.705,4092
565.292,4091
565.293,4090
565.376,4089
1125.34,4088
1125.35,4087
1125.35,4086
1346.84,4085
1347.47,4084
1564.13,4083
1564.19,4082
