0.0181799,8360
0.0196239,8359
0.0206901,8358
0.0217979,8357
0.0227957,8356
0.0237579,8355
0.0247159,8354
0.0256702,8353
0.0266196,8352
0.0275886,8351
0.0719702,8350
0.0729991,8349
0.0740031,8348
0.0750007,8347
0.0759902,8346
0.0769715,8345
0.0779469,8344
0.0789709,8343
0.0800135,8342
0.0809874,8341
0.136189,8340
0.137205,8339
0.138206,8338
0.139203,8337
0.140192,8336
0.141173,8335
0.146201,8334
0.147244,8333
0.14833,8332
0.150268,8331
0.215688,8330
0.216715,8329
0.217712,8328
0.218708,8327
0.219693,8326
0.220674,8325
0.221655,8324
0.245149,8323
0.246179,8322
0.247199,8321
0.262904,8320
0.26394,8319
0.264953,8318
0.265987,8317
0.26707,8316
0.268077,8315
0.269076,8314
0.270071,8313
0.271055,8312
0.272025,8311
0.322032,8310
0.32309,8309
0.324096,8308
0.325081,8307
0.326068,8306
0.327047,8305
0.328019,8304
0.329064,8303
0.330037,8302
0.331001,8301
0.383969,8300
0.384979,8299
0.385984,8298
0.386971,8297
0.387954,8296
0.388934,8295
0.389908,8294
0.390879,8293
0.391852,8292
0.392847,8291
0.447174,8290
0.448184,8289
0.449178,8288
0.450166,8287
0.451153,8286
0.452571,8285
0.453624,8284
0.454682,8283
0.455675,8282
0.456663,8281
0.497327,8280
0.498339,8279
0.499332,8278
0.50032,8277
0.501306,8276
0.502286,8275
0.503263,8274
0.504244,8273
0.505215,8272
0.506187,8271
0.565654,8270
0.566667,8269
0.567665,8268
0.568655,8267
0.570145,8266
0.571139,8265
0.572118,8264
0.57309,8263
0.574067,8262
0.575066,8261
0.634995,8260
0.636006,8259
0.637015,8258
0.638008,8257
0.63899,8256
0.639972,8255
0.640956,8254
0.641931,8253
0.64293,8252
0.643917,8251
0.677886,8250
0.678901,8249
0.679917,8248
0.680908,8247
0.681886,8246
0.682866,8245
0.683841,8244
0.684815,8243
0.685785,8242
0.68675,8241
0.687853,8240
0.688829,8239
0.689788,8238
0.690748,8237
0.691712,8236
0.692679,8235
0.693647,8234
0.694618,8233
0.69558,8232
0.696536,8231
0.697492,8230
0.784345,8229
0.785372,8228
0.786367,8227
0.787357,8226
0.788339,8225
0.789312,8224
0.790283,8223
0.79125,8222
0.792212,8221
0.793174,8220
0.825194,8219
0.826131,8218
0.827078,8217
0.82804,8216
0.828965,8215
0.829914,8214
0.830874,8213
0.831801,8212
0.83275,8211
0.833739,8210
0.882784,8209
0.883804,8208
0.884765,8207
0.885751,8206
0.88668,8205
0.887627,8204
0.8886,8203
0.889532,8202
0.890493,8201
0.891439,8200
0.892366,8199
0.935079,8198
0.936093,8197
0.937155,8196
0.938135,8195
0.939083,8194
0.940006,8193
0.940941,8192
0.941925,8191
0.942848,8190
0.943812,8189
1.00687,8188
1.00789,8187
1.00889,8186
1.00988,8185
1.01086,8184
1.01184,8183
1.01281,8182
1.01378,8181
1.01475,8180
1.01571,8179
1.04748,8178
1.04866,8177
1.05006,8176
1.05107,8175
1.05207,8174
1.05316,8173
1.0542,8172
1.05519,8171
1.05616,8170
1.05714,8169
1.10619,8168
1.10719,8167
1.10819,8166
1.10917,8165
1.11014,8164
1.11111,8163
1.11208,8162
1.11305,8161
1.13696,8160
1.13838,8159
1.16144,8158
1.16246,8157
1.16345,8156
1.16447,8155
1.16545,8154
1.16642,8153
1.16739,8152
1.16836,8151
1.16932,8150
1.17028,8149
1.21596,8148
1.21698,8147
1.21827,8146
1.21926,8145
1.22024,8144
1.22121,8143
1.22217,8142
1.22313,8141
1.2241,8140
1.22505,8139
1.226,8138
1.27242,8137
1.27337,8136
1.27431,8135
1.27525,8134
1.27617,8133
1.27711,8132
1.27803,8131
1.27898,8130
1.27995,8129
1.28087,8128
1.32493,8127
1.32593,8126
1.32691,8125
1.32784,8124
1.32878,8123
1.32972,8122
1.33065,8121
1.33165,8120
1.33266,8119
1.33359,8118
1.33451,8117
1.36282,8116
1.36387,8115
1.36491,8114
1.36591,8113
1.3669,8112
1.36788,8111
1.36885,8110
1.36982,8109
1.37079,8108
1.37176,8107
1.42843,8106
1.42943,8105
1.43041,8104
1.43138,8103
1.43235,8102
1.43331,8101
1.43427,8100
1.43524,8099
1.43619,8098
1.43713,8097
1.49345,8096
1.4945,8095
1.49551,8094
1.49651,8093
1.49751,8092
1.49848,8091
1.49945,8090
1.50042,8089
1.50138,8088
1.50235,8087
1.54788,8086
1.54898,8085
1.54998,8084
1.55097,8083
1.55195,8082
1.55292,8081
1.55391,8080
1.55489,8079
1.55585,8078
1.55682,8077
1.655,8076
1.65613,8075
1.65713,8074
1.65812,8073
1.65911,8072
1.66009,8071
1.66107,8070
1.66205,8069
1.66302,8068
1.66399,8067
1.70836,8066
1.70938,8065
1.71037,8064
1.71135,8063
1.71232,8062
1.71327,8061
1.71422,8060
1.71515,8059
1.71608,8058
1.71704,8057
1.71796,8056
1.75954,8055
1.76054,8054
1.76152,8053
1.7625,8052
1.76348,8051
1.76445,8050
1.76546,8049
1.76643,8048
1.76739,8047
1.76855,8046
1.85293,8045
1.85402,8044
1.85502,8043
1.856,8042
1.85699,8041
1.85797,8040
1.85903,8039
1.86001,8038
1.86099,8037
1.86196,8036
1.88954,8035
1.89054,8034
1.89149,8033
1.89246,8032
1.89341,8031
1.89435,8030
1.89543,8029
1.8967,8028
1.89768,8027
1.89864,8026
1.94741,8025
1.94842,8024
1.94939,8023
1.95034,8022
1.95127,8021
1.95222,8020
1.95352,8019
1.95633,8018
1.95735,8017
1.95833,8016
1.95927,8015
2.01947,8014
2.02045,8013
2.02148,8012
2.02246,8011
2.02342,8010
2.02446,8009
2.02541,8008
2.02636,8007
2.0273,8006
2.02825,8005
2.08066,8004
2.08166,8003
2.08265,8002
2.08363,8001
2.08458,8000
2.08555,7999
2.08655,7998
2.08756,7997
2.09047,7996
2.09147,7995
2.14391,7994
2.14493,7993
2.14588,7992
2.14683,7991
2.14779,7990
2.14872,7989
2.14967,7988
2.15061,7987
2.15167,7986
2.15277,7985
2.18498,7984
2.18603,7983
2.18708,7982
2.18943,7981
2.19044,7980
2.19142,7979
2.19239,7978
2.19336,7977
2.19433,7976
2.19529,7975
2.23857,7974
2.23959,7973
2.24059,7972
2.24158,7971
2.24262,7970
2.2436,7969
2.24457,7968
2.24554,7967
2.25342,7966
2.25461,7965
2.26371,7964
2.26476,7963
2.26576,7962
2.26819,7961
2.26919,7960
2.27029,7959
2.27128,7958
2.27226,7957
2.27325,7956
2.27424,7955
2.39283,7954
2.39386,7953
2.39634,7952
2.39776,7951
2.40009,7950
2.40107,7949
2.40303,7948
2.40715,7947
2.4082,7946
2.40918,7945
2.4695,7944
2.47057,7943
2.47158,7942
2.47257,7941
2.47358,7940
2.47458,7939
2.47558,7938
2.47656,7937
2.47752,7936
2.47848,7935
2.49351,7934
2.49646,7933
2.49743,7932
2.4984,7931
2.49937,7930
2.50033,7929
2.50128,7928
2.50224,7927
2.5032,7926
2.55584,7925
2.55683,7924
2.5578,7923
2.55878,7922
2.56004,7921
2.56102,7920
2.56198,7919
2.56294,7918
2.5639,7917
2.56495,7916
2.61543,7915
2.61642,7914
2.61741,7913
2.61838,7912
2.61935,7911
2.62031,7910
2.62127,7909
2.68105,7908
2.68205,7907
2.68304,7906
2.69084,7905
2.69184,7904
2.69282,7903
2.6938,7902
2.69477,7901
2.69574,7900
2.6967,7899
2.69766,7898
2.69862,7897
2.69956,7896
2.73547,7895
2.73649,7894
2.73748,7893
2.74037,7892
2.74133,7891
2.74233,7890
2.74331,7889
2.74428,7888
2.7861,7887
2.78712,7886
2.78808,7885
2.78902,7884
2.78996,7883
2.79089,7882
2.79182,7881
2.79274,7880
2.79367,7879
2.79459,7878
2.79551,7877
2.83544,7876
2.83645,7875
2.83741,7874
2.83836,7873
2.83933,7872
2.84028,7871
2.84122,7870
2.84218,7869
2.84311,7868
2.84405,7867
2.84499,7866
2.88321,7865
2.8842,7864
2.88518,7863
2.88615,7862
2.88712,7861
2.88808,7860
2.88904,7859
2.88999,7858
2.89094,7857
2.89189,7856
2.9359,7855
2.9369,7854
2.93783,7853
2.9388,7852
2.93975,7851
2.94068,7850
2.94162,7849
2.94256,7848
2.94349,7847
2.94443,7846
2.98703,7845
2.98803,7844
2.989,7843
2.98997,7842
2.99099,7841
2.99197,7840
2.99295,7839
2.99389,7838
2.99486,7837
2.9958,7836
2.99676,7835
3.03261,7834
3.03355,7833
3.03451,7832
3.03547,7831
3.0364,7830
3.03733,7829
3.03828,7828
3.0392,7827
3.04014,7826
3.04106,7825
3.08387,7824
3.08489,7823
3.08585,7822
3.0868,7821
3.08774,7820
3.09148,7819
3.09243,7818
3.09338,7817
3.09436,7816
3.09538,7815
3.09632,7814
3.15383,7813
3.15483,7812
3.1558,7811
3.15679,7810
3.15776,7809
3.15871,7808
3.15966,7807
3.16061,7806
3.16155,7805
3.16249,7804
3.21355,7803
3.21456,7802
3.21551,7801
3.21644,7800
3.21737,7799
3.21831,7798
3.21927,7797
3.22023,7796
3.22117,7795
3.22209,7794
3.22304,7793
3.25104,7792
3.25203,7791
3.25299,7790
3.25394,7789
3.25492,7788
3.25588,7787
3.25721,7786
3.25818,7785
3.25911,7784
3.2601,7783
3.31596,7782
3.31697,7781
3.31793,7780
3.31886,7779
3.31979,7778
3.32073,7777
3.32164,7776
3.32256,7775
3.32348,7774
3.3244,7773
3.32531,7772
3.35862,7771
3.3596,7770
3.36057,7769
3.36154,7768
3.3625,7767
3.36346,7766
3.36441,7765
3.36536,7764
3.3663,7763
3.36725,7762
3.40658,7761
3.40757,7760
3.40851,7759
3.40947,7758
3.41043,7757
3.41142,7756
3.41236,7755
3.41332,7754
3.41426,7753
3.4152,7752
3.45215,7751
3.45314,7750
3.45412,7749
3.45509,7748
3.45603,7747
3.45697,7746
3.4579,7745
3.45884,7744
3.45976,7743
3.46068,7742
3.46161,7741
3.98176,7740
3.98275,7739
3.98372,7738
3.98469,7737
3.98565,7736
3.98662,7735
3.98758,7734
3.98853,7733
3.98949,7732
3.99044,7731
4.00237,7730
4.00335,7729
4.00435,7728
4.00533,7727
4.0063,7726
4.00725,7725
4.00865,7724
4.0096,7723
4.01058,7722
4.01153,7721
4.03143,7720
4.03279,7719
4.03378,7718
4.03475,7717
4.03571,7716
4.03667,7715
4.03763,7714
4.03858,7713
4.03953,7712
4.04048,7711
4.05948,7710
4.06094,7709
4.06346,7708
4.08204,7707
4.08665,7706
4.08765,7705
4.09013,7704
4.09112,7703
4.0921,7702
4.09307,7701
4.10437,7700
4.10537,7699
4.10678,7698
4.10776,7697
4.10873,7696
4.10969,7695
4.11072,7694
4.11169,7693
4.11264,7692
4.11362,7691
4.11457,7690
4.13119,7689
4.13217,7688
4.13314,7687
4.13413,7686
4.1351,7685
4.13606,7684
4.13702,7683
4.13798,7682
4.13894,7681
4.13989,7680
4.18027,7679
4.18135,7678
4.18233,7677
4.18354,7676
4.18451,7675
4.18548,7674
4.18643,7673
4.18738,7672
4.18833,7671
4.18931,7670
4.23862,7669
4.23965,7668
4.24069,7667
4.24167,7666
4.24264,7665
4.24361,7664
4.24456,7663
4.24551,7662
4.24646,7661
4.2474,7660
4.27543,7659
4.27642,7658
4.2774,7657
4.27837,7656
4.27933,7655
4.28029,7654
4.28124,7653
4.2822,7652
4.28314,7651
4.28412,7650
4.28507,7649
4.38186,7648
4.38284,7647
4.38383,7646
4.3848,7645
4.38572,7644
4.38667,7643
4.38761,7642
4.38853,7641
4.38945,7640
4.39039,7639
4.42288,7638
4.42401,7637
4.42499,7636
4.42596,7635
4.42693,7634
4.42788,7633
4.42884,7632
4.42979,7631
4.43074,7630
4.43169,7629
4.43264,7628
4.50907,7627
4.51006,7626
4.51294,7625
4.51432,7624
4.5153,7623
4.51626,7622
4.5172,7621
4.51815,7620
4.56665,7619
4.56764,7618
4.56861,7617
4.56958,7616
4.57054,7615
4.5715,7614
4.57244,7613
4.57338,7612
4.57432,7611
4.57525,7610
4.57618,7609
4.62507,7608
4.62599,7607
4.62692,7606
4.6279,7605
4.62885,7604
4.62978,7603
4.63253,7602
4.63345,7601
4.70091,7600
4.70189,7599
4.70285,7598
4.70378,7597
4.7047,7596
4.70563,7595
4.70656,7594
4.71343,7593
4.71476,7592
4.71645,7591
4.79096,7590
4.79195,7589
4.79292,7588
4.79389,7587
4.79485,7586
4.7958,7585
4.79675,7584
4.79769,7583
4.79863,7582
4.79957,7581
4.80073,7580
4.85373,7579
4.85471,7578
4.85576,7577
4.85672,7576
4.85767,7575
4.85863,7574
4.85958,7573
4.86053,7572
4.86147,7571
4.86241,7570
4.8837,7569
4.88488,7568
4.88582,7567
4.88675,7566
4.88767,7565
4.88863,7564
4.88956,7563
4.89052,7562
4.89149,7561
4.89241,7560
4.89332,7559
4.95233,7558
4.95333,7557
4.95431,7556
4.95539,7555
4.95638,7554
4.95774,7553
4.95871,7552
4.95966,7551
4.9606,7550
4.96153,7549
5.04814,7548
5.04913,7547
5.05255,7546
5.05356,7545
5.05458,7544
5.05605,7543
5.05721,7542
5.05878,7541
5.08309,7540
5.08657,7539
5.0877,7538
5.09009,7537
5.09119,7536
5.09486,7535
5.09585,7534
5.09685,7533
5.17416,7532
5.17516,7531
5.17614,7530
5.1771,7529
5.17806,7528
5.17904,7527
5.17999,7526
5.18094,7525
5.18188,7524
5.18283,7523
5.18381,7522
5.22771,7521
5.22869,7520
5.22977,7519
5.23075,7518
5.23176,7517
5.23273,7516
5.2337,7515
5.23464,7514
5.23558,7513
5.23651,7512
5.28931,7511
5.29084,7510
5.29185,7509
5.29282,7508
5.29389,7507
5.2997,7506
5.30082,7505
5.30215,7504
5.30312,7503
5.30414,7502
5.33281,7501
5.33392,7500
5.33497,7499
5.3361,7498
5.33721,7497
5.33944,7496
5.34068,7495
5.34178,7494
5.34359,7493
5.34455,7492
5.35171,7491
5.3527,7490
5.35367,7489
5.35463,7488
5.35559,7487
5.35654,7486
5.35749,7485
5.35843,7484
5.35938,7483
5.36031,7482
5.36124,7481
5.4489,7480
5.44988,7479
5.45085,7478
5.45179,7477
5.45279,7476
5.45374,7475
5.45467,7474
5.45558,7473
5.45649,7472
5.45779,7471
5.52147,7470
5.52246,7469
5.52341,7468
5.52432,7467
5.52524,7466
5.52616,7465
5.52707,7464
5.52798,7463
5.52889,7462
5.52979,7461
5.53069,7460
5.58467,7459
5.58614,7458
5.58713,7457
5.58809,7456
5.58923,7455
5.59035,7454
5.59137,7453
5.59274,7452
5.59399,7451
5.59496,7450
5.6754,7449
5.67639,7448
5.67737,7447
5.67834,7446
5.6793,7445
5.68025,7444
5.68119,7443
5.68214,7442
5.68309,7441
5.68402,7440
5.68495,7439
5.71826,7438
5.71923,7437
5.72019,7436
5.72115,7435
5.72209,7434
5.72303,7433
5.72398,7432
5.72495,7431
5.72589,7430
5.72703,7429
5.78429,7428
5.78527,7427
5.78624,7426
5.78719,7425
5.78815,7424
5.78911,7423
5.79005,7422
5.79102,7421
5.79196,7420
5.79289,7419
5.79382,7418
5.79492,7417
5.79596,7416
5.7969,7415
5.79782,7414
5.79874,7413
5.79971,7412
5.80063,7411
5.80154,7410
5.80245,7409
5.80338,7408
5.91735,7407
5.91839,7406
5.91933,7405
5.92031,7404
5.92123,7403
5.92216,7402
5.92306,7401
5.92396,7400
5.92491,7399
5.92582,7398
5.92691,7397
5.97129,7396
5.97229,7395
5.97327,7394
5.97423,7393
5.97521,7392
5.97616,7391
5.9771,7390
5.97805,7389
5.97899,7388
5.97992,7387
6.01352,7386
6.01465,7385
6.01562,7384
6.01658,7383
6.01753,7382
6.01848,7381
6.01942,7380
6.02036,7379
6.02311,7378
6.02408,7377
6.02505,7376
6.072,7375
6.07295,7374
6.07389,7373
6.07488,7372
6.07587,7371
6.07682,7370
6.07774,7369
6.07865,7368
6.07957,7367
6.08048,7366
6.12704,7365
6.12804,7364
6.12902,7363
6.12998,7362
6.13093,7361
6.13188,7360
6.13281,7359
6.17555,7358
6.17653,7357
6.17749,7356
6.17844,7355
6.19651,7354
6.19748,7353
6.19842,7352
6.19936,7351
6.20028,7350
6.20118,7349
6.20208,7348
6.20297,7347
6.20387,7346
6.20478,7345
6.20567,7344
6.24912,7343
6.25015,7342
6.25113,7341
6.25207,7340
6.253,7339
6.25393,7338
6.25486,7337
6.25579,7336
6.25672,7335
6.2577,7334
6.31768,7333
6.31869,7332
6.31965,7331
6.32061,7330
6.32156,7329
6.32251,7328
6.32345,7327
6.32439,7326
6.32532,7325
6.32626,7324
6.32718,7323
6.36316,7322
6.36414,7321
6.36511,7320
6.36612,7319
6.36707,7318
6.36801,7317
6.36894,7316
6.36987,7315
6.3708,7314
6.37173,7313
6.47622,7312
6.47743,7311
6.47906,7310
6.48164,7309
6.48285,7308
6.48689,7307
6.49,7306
6.49142,7305
6.50413,7304
6.50513,7303
6.50611,7302
6.5071,7301
6.50807,7300
6.50903,7299
6.50998,7298
6.51093,7297
6.51187,7296
6.51281,7295
6.51376,7294
6.5147,7293
6.51562,7292
6.56149,7291
6.5625,7290
6.56356,7289
6.56452,7288
6.56546,7287
6.56641,7286
6.56774,7285
6.56877,7284
6.62576,7283
6.62677,7282
6.62774,7281
6.6287,7280
6.62964,7279
6.63058,7278
6.63152,7277
6.63245,7276
6.63338,7275
6.63431,7274
6.63523,7273
6.6865,7272
6.68751,7271
6.68847,7270
6.68942,7269
6.69036,7268
6.6913,7267
6.69252,7266
6.69346,7265
6.69439,7264
6.69532,7263
6.76323,7262
6.76422,7261
6.76518,7260
6.76616,7259
6.76711,7258
6.76805,7257
6.7894,7256
6.7904,7255
6.79138,7254
6.79234,7253
6.82435,7252
6.82532,7251
6.8263,7250
6.82726,7249
6.82821,7248
6.82915,7247
6.8301,7246
6.83104,7245
6.83197,7244
6.8329,7243
6.83382,7242
6.87688,7241
6.87787,7240
6.87888,7239
6.88,7238
6.88099,7237
6.88196,7236
6.88295,7235
6.88389,7234
6.88483,7233
6.88576,7232
6.90405,7231
6.90504,7230
6.90599,7229
6.90696,7228
6.90792,7227
6.90886,7226
6.9098,7225
6.91074,7224
6.91167,7223
6.91259,7222
6.91352,7221
7.00342,7220
7.00441,7219
7.00536,7218
7.00633,7217
7.00732,7216
7.00841,7215
7.00935,7214
7.01028,7213
7.01122,7212
7.01215,7211
7.03765,7210
7.03863,7209
7.03959,7208
7.04055,7207
7.04149,7206
7.04283,7205
7.04394,7204
7.04489,7203
7.04582,7202
7.04676,7201
7.0477,7200
7.10932,7199
7.11024,7198
7.11113,7197
7.11205,7196
7.11296,7195
7.11388,7194
7.11505,7193
7.116,7192
7.11702,7191
7.11799,7190
7.11893,7189
7.12084,7188
7.12178,7187
7.12269,7186
7.12363,7185
7.12481,7184
7.12573,7183
7.12665,7182
7.12758,7181
7.12848,7180
7.12938,7179
7.19587,7178
7.19687,7177
7.20113,7176
7.20405,7175
7.20498,7174
7.2059,7173
7.20681,7172
7.20774,7171
7.20866,7170
7.25849,7169
7.25944,7168
7.26036,7167
7.26126,7166
7.26216,7165
7.26306,7164
7.26396,7163
7.26486,7162
7.26576,7161
7.26666,7160
7.26756,7159
7.29805,7158
7.29908,7157
7.30002,7156
7.30093,7155
7.30185,7154
7.30275,7153
7.30367,7152
7.30458,7151
7.30552,7150
7.30642,7149
7.30796,7148
7.3089,7147
7.30982,7146
7.31074,7145
7.31164,7144
7.31255,7143
7.31346,7142
7.31436,7141
7.31547,7140
7.31643,7139
7.31736,7138
7.42461,7137
7.42559,7136
7.42658,7135
7.42797,7134
7.42891,7133
7.42983,7132
7.43075,7131
7.43167,7130
7.4326,7129
7.43352,7128
7.43445,7127
7.46272,7126
7.46368,7125
7.46463,7124
7.46557,7123
7.4665,7122
7.46745,7121
7.46843,7120
7.4694,7119
7.47036,7118
7.47129,7117
7.47221,7116
7.51751,7115
7.51848,7114
7.51944,7113
7.52049,7112
7.52141,7111
7.52233,7110
7.52324,7109
7.52415,7108
7.52505,7107
7.52597,7106
7.57209,7105
7.57306,7104
7.57398,7103
7.57492,7102
7.57583,7101
7.57673,7100
7.57765,7099
7.57857,7098
7.57949,7097
7.58137,7096
7.58233,7095
7.62134,7094
7.62227,7093
7.62317,7092
7.62407,7091
7.62496,7090
7.62586,7089
7.62678,7088
7.62768,7087
7.62858,7086
7.62949,7085
7.63039,7084
7.67264,7083
7.67359,7082
7.67451,7081
7.67543,7080
7.67633,7079
7.67723,7078
7.67816,7077
7.67906,7076
7.67995,7075
7.68085,7074
7.73369,7073
7.7346,7072
7.73551,7071
7.73644,7070
7.73733,7069
7.73826,7068
7.74097,7067
7.74188,7066
7.78095,7065
7.78188,7064
7.7828,7063
7.78372,7062
7.786,7061
7.78695,7060
7.78787,7059
7.78877,7058
7.78968,7057
7.79057,7056
7.83628,7055
7.83724,7054
7.83814,7053
7.83915,7052
7.84007,7051
7.84102,7050
7.84191,7049
7.84282,7048
7.84375,7047
7.84465,7046
7.84554,7045
7.88461,7044
7.88562,7043
7.88653,7042
7.88743,7041
7.88833,7040
7.88922,7039
7.89009,7038
7.891,7037
7.892,7036
7.89378,7035
7.89479,7034
7.94168,7033
7.94261,7032
7.9435,7031
7.94438,7030
7.94526,7029
7.94614,7028
7.94701,7027
7.94789,7026
7.94876,7025
7.94964,7024
7.95054,7023
7.98982,7022
7.99084,7021
7.99179,7020
7.99267,7019
7.99356,7018
7.99452,7017
7.99547,7016
7.99636,7015
7.99725,7014
7.99816,7013
7.99905,7012
8.0488,7011
8.04982,7010
8.05082,7009
8.05172,7008
8.05261,7007
8.0535,7006
8.05439,7005
8.05527,7004
8.05615,7003
8.05703,7002
8.0579,7001
8.11311,7000
8.1141,6999
8.11503,6998
8.11593,6997
8.11683,6996
8.11772,6995
8.11862,6994
8.11951,6993
8.1204,6992
8.12134,6991
8.12225,6990
8.15728,6989
8.15825,6988
8.15915,6987
8.16006,6986
8.16096,6985
8.16187,6984
8.16277,6983
8.16366,6982
8.16457,6981
8.16554,6980
8.16646,6979
8.20821,6978
8.2092,6977
8.2101,6976
8.211,6975
8.21192,6974
8.21283,6973
8.21417,6972
8.21508,6971
8.21598,6970
8.21689,6969
8.21782,6968
8.25862,6967
8.2596,6966
8.26052,6965
8.26142,6964
8.26235,6963
8.26328,6962
8.26418,6961
8.26508,6960
8.26598,6959
8.26689,6958
8.2678,6957
8.31844,6956
8.31941,6955
8.32033,6954
8.32122,6953
8.32216,6952
8.3231,6951
8.32401,6950
8.32524,6949
8.32616,6948
8.32705,6947
8.32793,6946
8.36791,6945
8.3689,6944
8.37006,6943
8.371,6942
8.37194,6941
8.37296,6940
8.37389,6939
8.37482,6938
8.37575,6937
8.37714,6936
8.3784,6935
8.37932,6934
8.38025,6933
8.38118,6932
8.3821,6931
8.38301,6930
8.38392,6929
8.38485,6928
8.38576,6927
8.38666,6926
8.38757,6925
8.45013,6924
8.4511,6923
8.45205,6922
8.45313,6921
8.45414,6920
8.45514,6919
8.45608,6918
8.45706,6917
8.45803,6916
8.45896,6915
8.45989,6914
8.50109,6913
8.50219,6912
8.5032,6911
8.50416,6910
8.5051,6909
8.50603,6908
8.50696,6907
8.5085,6906
8.50948,6905
8.51045,6904
8.57271,6903
8.57369,6902
8.57465,6901
8.57559,6900
8.57652,6899
8.57746,6898
8.57839,6897
8.57931,6896
8.58023,6895
8.58115,6894
8.58206,6893
8.62321,6892
8.62419,6891
8.62514,6890
8.62608,6889
8.62713,6888
8.62807,6887
8.629,6886
8.62993,6885
8.63086,6884
8.63178,6883
8.63287,6882
8.70323,6881
8.70422,6880
8.70516,6879
8.70609,6878
8.70702,6877
8.70794,6876
8.70885,6875
8.70975,6874
8.71074,6873
8.71167,6872
8.74101,6871
8.74193,6870
8.74284,6869
8.74375,6868
8.74469,6867
8.74563,6866
8.74656,6865
8.74747,6864
8.74842,6863
8.81022,6862
8.81116,6861
8.8121,6860
8.81304,6859
8.81397,6858
8.81489,6857
8.81582,6856
8.81673,6855
8.81765,6854
8.87135,6853
8.87233,6852
8.87333,6851
8.87789,6850
8.87882,6849
8.87971,6848
8.8806,6847
8.91209,6846
8.9238,6845
8.92474,6844
8.92565,6843
8.92655,6842
8.92746,6841
8.92836,6840
8.92927,6839
8.93018,6838
8.93109,6837
8.97809,6836
8.97914,6835
8.9802,6834
8.98112,6833
8.98204,6832
8.98297,6831
8.98387,6830
8.98476,6829
8.98568,6828
8.98658,6827
8.98746,6826
9.03359,6825
9.03456,6824
9.0355,6823
9.03827,6822
9.0392,6821
9.04012,6820
9.04103,6819
9.0582,6818
9.05917,6817
9.1026,6816
9.10365,6815
9.10454,6814
9.10542,6813
9.10631,6812
9.10718,6811
9.10806,6810
9.10893,6809
9.1098,6808
9.11068,6807
9.11157,6806
9.1665,6805
9.16761,6804
9.169,6803
9.17133,6802
9.17229,6801
9.17328,6800
9.17428,6799
9.17522,6798
9.17616,6797
9.17709,6796
9.22027,6795
9.22123,6794
9.22217,6793
9.2231,6792
9.22405,6791
9.22497,6790
9.22587,6789
9.22678,6788
9.22768,6787
9.22861,6786
9.22956,6785
9.27613,6784
9.27709,6783
9.27955,6782
9.28114,6781
9.2821,6780
9.28303,6779
9.28398,6778
9.28491,6777
9.28583,6776
9.28674,6775
9.28764,6774
9.33626,6773
9.33724,6772
9.33822,6771
9.33915,6770
9.34006,6769
9.34097,6768
9.34187,6767
9.34276,6766
9.34364,6765
9.34462,6764
9.34553,6763
9.39909,6762
9.40005,6761
9.40096,6760
9.40186,6759
9.40276,6758
9.40367,6757
9.40458,6756
9.40546,6755
9.40636,6754
9.40744,6753
9.40835,6752
9.45833,6751
9.45928,6750
9.46019,6749
9.4611,6748
9.46203,6747
9.46294,6746
9.46387,6745
9.46478,6744
9.46569,6743
9.4666,6742
9.46751,6741
9.50812,6740
9.50907,6739
9.50997,6738
9.51087,6737
9.51178,6736
9.51268,6735
9.51359,6734
9.51451,6733
9.51543,6732
9.51633,6731
9.51723,6730
9.54228,6729
9.54325,6728
9.54422,6727
9.54519,6726
9.54615,6725
9.54712,6724
9.54805,6723
9.54896,6722
9.54996,6721
9.60898,6720
9.60995,6719
9.61088,6718
9.6118,6717
9.61271,6716
9.61363,6715
9.61458,6714
9.6155,6713
9.6164,6712
9.6173,6711
9.63238,6710
9.63336,6709
9.6343,6708
9.63522,6707
9.63614,6706
9.63703,6705
9.63794,6704
9.64059,6703
9.64149,6702
9.71128,6701
9.71223,6700
9.71312,6699
9.71407,6698
9.71499,6697
9.71588,6696
9.71678,6695
9.71771,6694
9.71859,6693
9.71948,6692
9.72038,6691
9.76201,6690
9.76335,6689
9.76432,6688
9.76523,6687
9.76612,6686
9.76702,6685
9.76793,6684
9.76882,6683
9.76971,6682
9.77068,6681
9.77159,6680
9.85213,6679
9.85306,6678
9.85575,6677
9.85665,6676
9.85755,6675
9.85843,6674
9.8593,6673
9.86019,6672
9.86107,6671
9.89366,6670
9.8947,6669
9.89565,6668
9.89655,6667
9.89748,6666
9.89847,6665
9.89935,6664
9.90024,6663
9.90117,6662
9.90205,6661
9.96477,6660
9.96573,6659
9.96664,6658
9.96753,6657
9.96844,6656
9.96935,6655
9.97036,6654
9.97128,6653
9.97218,6652
9.97307,6651
10.0159,6650
10.0169,6649
10.0178,6648
10.0186,6647
10.0195,6646
10.0205,6645
10.0214,6644
10.0223,6643
10.0233,6642
10.0242,6641
10.0251,6640
10.0471,6639
10.0479,6638
10.049,6637
10.05,6636
10.0509,6635
10.0518,6634
10.0527,6633
10.0535,6632
10.0544,6631
10.0553,6630
10.0562,6629
10.1085,6628
10.1095,6627
10.1103,6626
10.1112,6625
10.1121,6624
10.1129,6623
10.1138,6622
10.1147,6621
10.1155,6620
10.1171,6619
10.118,6618
10.1805,6617
10.1815,6616
10.1824,6615
10.1834,6614
10.1845,6613
10.1855,6612
10.1865,6611
10.1875,6610
10.1883,6609
10.1892,6608
10.1901,6607
10.2335,6606
10.2345,6605
10.2354,6604
10.2363,6603
10.2372,6602
10.2381,6601
10.2392,6600
10.2403,6599
10.2413,6598
10.2423,6597
10.2432,6596
10.2845,6595
10.2856,6594
10.2865,6593
10.2874,6592
10.2884,6591
10.2893,6590
10.2903,6589
10.2912,6588
10.2921,6587
10.2929,6586
10.2938,6585
10.3499,6584
10.3509,6583
10.3518,6582
10.3548,6581
10.3557,6580
10.3567,6579
10.3576,6578
10.3585,6577
10.3594,6576
10.3603,6575
10.3948,6574
10.3958,6573
10.3967,6572
10.3976,6571
10.3985,6570
10.3994,6569
10.4003,6568
10.4012,6567
10.4021,6566
10.403,6565
10.4039,6564
10.4312,6563
10.4321,6562
10.433,6561
10.4339,6560
10.4348,6559
10.4357,6558
10.4365,6557
10.4374,6556
10.4383,6555
10.4392,6554
10.4401,6553
10.441,6552
10.4989,6551
10.4998,6550
10.5007,6549
10.5016,6548
10.5024,6547
10.5033,6546
10.5042,6545
10.5051,6544
10.506,6543
10.5069,6542
10.5078,6541
10.5778,6540
10.5788,6539
10.5798,6538
10.5808,6537
10.5818,6536
10.5827,6535
10.5837,6534
10.5846,6533
10.5855,6532
10.5865,6531
10.619,6530
10.62,6529
10.6209,6528
10.6219,6527
10.6228,6526
10.6237,6525
10.6246,6524
10.6255,6523
10.6264,6522
10.6273,6521
10.6282,6520
10.6741,6519
10.6751,6518
10.676,6517
10.677,6516
10.6779,6515
10.6789,6514
10.6799,6513
10.6808,6512
10.6818,6511
10.6827,6510
10.6836,6509
10.7469,6508
10.7479,6507
10.7488,6506
10.7498,6505
10.7507,6504
10.7516,6503
10.7525,6502
10.7534,6501
10.7543,6500
10.7553,6499
10.7563,6498
10.7887,6497
10.7896,6496
10.7906,6495
10.7915,6494
10.7925,6493
10.7935,6492
10.7944,6491
10.7953,6490
10.8289,6489
10.8298,6488
10.8477,6487
10.8487,6486
10.8496,6485
10.8505,6484
10.8515,6483
10.8524,6482
10.8533,6481
10.8543,6480
10.8552,6479
10.8561,6478
10.857,6477
10.9113,6476
10.9128,6475
10.9138,6474
10.9147,6473
10.9157,6472
10.9166,6471
10.9175,6470
10.9185,6469
10.9195,6468
10.9204,6467
10.9695,6466
10.9704,6465
10.9713,6464
10.9722,6463
10.9731,6462
10.974,6461
10.9749,6460
10.9758,6459
10.9767,6458
10.9776,6457
10.9785,6456
10.9794,6455
11.0233,6454
11.0242,6453
11.0252,6452
11.0261,6451
11.0271,6450
11.028,6449
11.0296,6448
11.0306,6447
11.0315,6446
11.0324,6445
11.0836,6444
11.0846,6443
11.0855,6442
11.0864,6441
11.0874,6440
11.0884,6439
11.0892,6438
11.0901,6437
11.091,6436
11.0919,6435
11.094,6434
11.098,6433
11.0989,6432
11.0998,6431
11.1007,6430
11.1015,6429
11.1024,6428
11.1033,6427
11.1042,6426
11.105,6425
11.1059,6424
11.1844,6423
11.1853,6422
11.1862,6421
11.1872,6420
11.1881,6419
11.189,6418
11.1898,6417
11.1907,6416
11.1916,6415
11.1925,6414
11.1933,6413
11.2445,6412
11.2454,6411
11.2463,6410
11.2473,6409
11.2482,6408
11.2491,6407
11.25,6406
11.2508,6405
11.2534,6404
11.2966,6403
11.2976,6402
11.2985,6401
11.2994,6400
11.3003,6399
11.3012,6398
11.3315,6397
11.3325,6396
11.3334,6395
11.3343,6394
11.3352,6393
11.3543,6392
11.3552,6391
11.3561,6390
11.357,6389
11.3579,6388
11.3588,6387
11.3597,6386
11.3605,6385
11.3614,6384
11.3623,6383
11.3631,6382
11.4058,6381
11.4067,6380
11.4076,6379
11.4085,6378
11.4094,6377
11.4102,6376
11.4111,6375
11.412,6374
11.4128,6373
11.4137,6372
11.4146,6371
11.4548,6370
11.4558,6369
11.4567,6368
11.4576,6367
11.4586,6366
11.4595,6365
11.4604,6364
11.4613,6363
11.4622,6362
11.4631,6361
11.4639,6360
11.5144,6359
11.5154,6358
11.5163,6357
11.5171,6356
11.518,6355
11.5189,6354
11.5197,6353
11.5206,6352
11.5215,6351
11.5223,6350
11.5232,6349
11.5241,6348
11.5598,6347
11.5607,6346
11.5616,6345
11.5625,6344
11.5634,6343
11.5643,6342
11.5652,6341
11.5661,6340
11.567,6339
11.5679,6338
11.5688,6337
11.6206,6336
11.6216,6335
11.6226,6334
11.6237,6333
11.6246,6332
11.6255,6331
11.6264,6330
11.6274,6329
11.6283,6328
11.6292,6327
11.6301,6326
11.6779,6325
11.6788,6324
11.6797,6323
11.6806,6322
11.6815,6321
11.6824,6320
11.6833,6319
11.6841,6318
11.685,6317
11.6859,6316
11.6868,6315
11.7482,6314
11.751,6313
11.7537,6312
11.7546,6311
11.7555,6310
11.7564,6309
11.7573,6308
11.7582,6307
11.7591,6306
11.8243,6305
11.8252,6304
11.8261,6303
11.827,6302
11.8279,6301
11.8288,6300
11.8333,6299
11.8839,6298
11.8848,6297
11.8857,6296
11.8867,6295
11.8877,6294
11.8887,6293
11.8896,6292
11.8906,6291
11.8915,6290
11.8924,6289
11.8933,6288
11.9615,6287
11.9624,6286
11.9633,6285
11.9643,6284
11.9652,6283
11.9661,6282
11.9688,6281
11.9697,6280
11.9707,6279
12.0151,6278
12.0161,6277
12.0171,6276
12.018,6275
12.019,6274
12.0199,6273
12.0208,6272
12.0217,6271
12.0244,6270
12.0656,6269
12.0665,6268
12.0674,6267
12.0685,6266
12.0694,6265
12.0703,6264
12.0712,6263
12.0721,6262
12.0729,6261
12.0738,6260
12.0747,6259
12.1125,6258
12.1134,6257
12.1156,6256
12.1165,6255
12.1174,6254
12.1184,6253
12.1193,6252
12.1202,6251
12.1211,6250
12.122,6249
12.161,6248
12.162,6247
12.1629,6246
12.1642,6245
12.165,6244
12.1659,6243
12.1668,6242
12.1676,6241
12.1685,6240
12.1694,6239
12.195,6238
12.1959,6237
12.1968,6236
12.1977,6235
12.1986,6234
12.1994,6233
12.2003,6232
12.2631,6231
12.264,6230
12.265,6229
12.2659,6228
12.2668,6227
12.2695,6226
12.2704,6225
12.2713,6224
12.2721,6223
12.3407,6222
12.3417,6221
12.3426,6220
12.3435,6219
12.3444,6218
12.3488,6217
12.3499,6216
12.3965,6215
12.3974,6214
12.3983,6213
12.3992,6212
12.4001,6211
12.4009,6210
12.4035,6209
12.4044,6208
12.4053,6207
12.4062,6206
12.4073,6205
12.4082,6204
12.4091,6203
12.41,6202
12.4109,6201
12.4118,6200
12.4126,6199
12.4135,6198
12.4144,6197
12.4153,6196
12.4162,6195
12.4721,6194
12.473,6193
12.4739,6192
12.4748,6191
12.4757,6190
12.4766,6189
12.4792,6188
12.4801,6187
12.481,6186
12.4819,6185
12.4828,6184
12.4837,6183
12.4846,6182
12.4855,6181
12.4864,6180
12.4873,6179
12.4882,6178
12.4893,6177
12.4902,6176
12.4911,6175
12.492,6174
12.4928,6173
12.5893,6172
12.5902,6171
12.5911,6170
12.592,6169
12.5928,6168
12.5941,6167
12.595,6166
12.5959,6165
12.5968,6164
12.5976,6163
12.5985,6162
12.6364,6161
12.6374,6160
12.6383,6159
12.6392,6158
12.6401,6157
12.641,6156
12.6419,6155
12.6428,6154
12.6438,6153
12.6447,6152
12.6813,6151
12.6822,6150
12.6832,6149
12.6841,6148
12.685,6147
12.6859,6146
12.6868,6145
12.6877,6144
12.6886,6143
12.6895,6142
12.7498,6141
12.7551,6140
12.7561,6139
12.757,6138
12.7579,6137
12.7591,6136
12.76,6135
12.7609,6134
12.7622,6133
12.7631,6132
12.764,6131
12.8051,6130
12.8061,6129
12.807,6128
12.8079,6127
12.8088,6126
12.8097,6125
12.8106,6124
12.8115,6123
12.8124,6122
12.8133,6121
12.8142,6120
12.8668,6119
12.8678,6118
12.8687,6117
12.8696,6116
12.8706,6115
12.8733,6114
12.8742,6113
12.8751,6112
12.9279,6111
12.9288,6110
12.9297,6109
12.9307,6108
12.9316,6107
12.9325,6106
12.9334,6105
12.9343,6104
12.9799,6103
12.9809,6102
12.9819,6101
12.9828,6100
12.9855,6099
12.9864,6098
12.9873,6097
12.9882,6096
12.9891,6095
13.0292,6094
13.0302,6093
13.0311,6092
13.0321,6091
13.033,6090
13.0339,6089
13.0349,6088
13.0358,6087
13.0367,6086
13.0375,6085
13.0384,6084
13.0801,6083
13.0811,6082
13.0821,6081
13.083,6080
13.0839,6079
13.0849,6078
13.086,6077
13.0904,6076
13.0917,6075
13.0926,6074
13.0936,6073
13.0945,6072
13.0954,6071
13.0963,6070
13.0972,6069
13.098,6068
13.0989,6067
13.0998,6066
13.1007,6065
13.1794,6064
13.1808,6063
13.1818,6062
13.2142,6061
13.2151,6060
13.216,6059
13.2169,6058
13.2178,6057
13.2187,6056
13.2195,6055
13.2204,6054
13.2213,6053
13.2324,6052
13.2334,6051
13.2343,6050
13.2352,6049
13.2361,6048
13.237,6047
13.2379,6046
13.2387,6045
13.2396,6044
13.2405,6043
13.2413,6042
13.2824,6041
13.2834,6040
13.2843,6039
13.2852,6038
13.286,6037
13.2869,6036
13.2878,6035
13.2887,6034
13.2896,6033
13.2905,6032
13.2914,6031
13.3399,6030
13.3408,6029
13.3417,6028
13.3426,6027
13.3435,6026
13.3444,6025
13.3453,6024
13.3462,6023
13.3471,6022
13.3479,6021
13.3488,6020
13.3933,6019
13.3942,6018
13.3951,6017
13.396,6016
13.3968,6015
13.3977,6014
13.3986,6013
13.3994,6012
13.4003,6011
13.4012,6010
13.4473,6009
13.4482,6008
13.4491,6007
13.45,6006
13.4509,6005
13.4517,6004
13.4526,6003
13.457,6002
13.458,6001
13.4592,6000
13.6299,5999
13.6308,5998
13.6317,5997
13.6326,5996
13.6335,5995
13.6343,5994
13.6352,5993
13.6361,5992
13.6369,5991
13.6378,5990
13.6387,5989
13.6395,5988
13.6872,5987
13.6881,5986
13.6889,5985
13.6898,5984
13.6906,5983
13.6916,5982
13.6976,5981
13.7601,5980
13.761,5979
13.7621,5978
13.763,5977
13.7639,5976
13.7667,5975
13.7676,5974
13.7685,5973
13.7694,5972
13.8198,5971
13.8208,5970
13.8217,5969
13.8226,5968
13.8235,5967
13.8244,5966
13.8253,5965
13.8262,5964
13.8271,5963
13.828,5962
13.8289,5961
13.8695,5960
13.8704,5959
13.8713,5958
13.8722,5957
13.873,5956
13.8739,5955
13.8748,5954
13.876,5953
13.877,5952
13.8778,5951
13.8787,5950
13.9187,5949
13.9196,5948
13.9205,5947
13.9213,5946
13.9222,5945
13.923,5944
13.9239,5943
13.9247,5942
13.9256,5941
13.9264,5940
13.9273,5939
13.9765,5938
13.9774,5937
13.9783,5936
13.9809,5935
13.9817,5934
13.9826,5933
13.9835,5932
13.9843,5931
13.9852,5930
13.9861,5929
14.0244,5928
14.0253,5927
14.0262,5926
14.0271,5925
14.0297,5924
14.0305,5923
14.0315,5922
14.0324,5921
14.0332,5920
14.0342,5919
14.035,5918
14.0359,5917
14.0368,5916
14.0378,5915
14.0387,5914
14.0395,5913
14.0403,5912
14.0412,5911
14.042,5910
14.0429,5909
14.0438,5908
14.1196,5907
14.1205,5906
14.1214,5905
14.1222,5904
14.1231,5903
14.124,5902
14.1248,5901
14.1257,5900
14.1265,5899
14.1635,5898
14.1644,5897
14.1652,5896
14.1661,5895
14.167,5894
14.1678,5893
14.1687,5892
14.1695,5891
14.1704,5890
14.1712,5889
14.1721,5888
14.1729,5887
14.2302,5886
14.2328,5885
14.2353,5884
14.2362,5883
14.237,5882
14.2379,5881
14.2388,5880
14.2806,5879
14.2815,5878
14.2824,5877
14.2833,5876
14.2842,5875
14.2851,5874
14.286,5873
14.2868,5872
14.2877,5871
14.2886,5870
14.2894,5869
14.333,5868
14.3339,5867
14.3348,5866
14.3356,5865
14.3382,5864
14.3391,5863
14.34,5862
14.3409,5861
14.3841,5860
14.3867,5859
14.3876,5858
14.3885,5857
14.3893,5856
14.3902,5855
14.3911,5854
14.3919,5853
14.3929,5852
14.4397,5851
14.4407,5850
14.4418,5849
14.4429,5848
14.4438,5847
14.4447,5846
14.4456,5845
14.4465,5844
14.4474,5843
14.4483,5842
14.4492,5841
14.45,5840
14.4927,5839
14.4935,5838
14.4944,5837
14.4953,5836
14.4961,5835
14.497,5834
14.4979,5833
14.4987,5832
14.4996,5831
14.5004,5830
14.5013,5829
14.5464,5828
14.5473,5827
14.5482,5826
14.5492,5825
14.55,5824
14.5509,5823
14.5518,5822
14.5526,5821
14.5535,5820
14.5912,5819
14.5922,5818
14.5931,5817
14.594,5816
14.5948,5815
14.5957,5814
14.5966,5813
14.5975,5812
14.5983,5811
14.5992,5810
14.6,5809
14.6008,5808
14.6462,5807
14.6471,5806
14.6484,5805
14.6493,5804
14.6502,5803
14.651,5802
14.6522,5801
14.6532,5800
14.654,5799
14.6553,5798
14.7306,5797
14.7316,5796
14.733,5795
14.7339,5794
14.7348,5793
14.7357,5792
14.7367,5791
14.7376,5790
14.7385,5789
14.7393,5788
14.7861,5787
14.787,5786
14.7897,5785
14.7906,5784
14.7915,5783
14.7924,5782
14.7932,5781
14.7941,5780
14.7951,5779
14.837,5778
14.838,5777
14.8406,5776
14.8414,5775
14.8424,5774
14.8432,5773
14.8441,5772
14.8469,5771
14.9277,5770
14.9286,5769
14.9295,5768
14.9304,5767
14.9313,5766
14.9323,5765
14.9332,5764
14.9342,5763
14.9351,5762
14.936,5761
14.9369,5760
14.9538,5759
14.9547,5758
14.9556,5757
14.9566,5756
14.9575,5755
14.9584,5754
14.9593,5753
14.9602,5752
14.9611,5751
14.962,5750
14.9629,5749
15.0121,5748
15.0185,5747
15.0193,5746
15.0202,5745
15.0211,5744
15.0883,5743
15.0892,5742
15.091,5741
15.0919,5740
15.0929,5739
15.0938,5738
15.0947,5737
15.0974,5736
15.0982,5735
15.1485,5734
15.1495,5733
15.1504,5732
15.1513,5731
15.1522,5730
15.1531,5729
15.154,5728
15.1549,5727
15.1557,5726
15.2029,5725
15.2038,5724
15.2048,5723
15.2075,5722
15.2084,5721
15.2093,5720
15.2102,5719
15.2111,5718
15.2119,5717
15.2597,5716
15.2607,5715
15.2616,5714
15.2624,5713
15.2634,5712
15.2644,5711
15.2652,5710
15.2661,5709
15.267,5708
15.2679,5707
15.2688,5706
15.3099,5705
15.3109,5704
15.3117,5703
15.3126,5702
15.3135,5701
15.3144,5700
15.3153,5699
15.3162,5698
15.3171,5697
15.318,5696
15.3188,5695
15.394,5694
15.395,5693
15.3961,5692
15.397,5691
15.3979,5690
15.3988,5689
15.3997,5688
15.4005,5687
15.4014,5686
15.4023,5685
15.4031,5684
15.4353,5683
15.4363,5682
15.4372,5681
15.4381,5680
15.4389,5679
15.4398,5678
15.4406,5677
15.4415,5676
15.4424,5675
15.4432,5674
15.4441,5673
15.445,5672
15.4952,5671
15.4961,5670
15.497,5669
15.4979,5668
15.4988,5667
15.4996,5666
15.5005,5665
15.5013,5664
15.5022,5663
15.503,5662
15.5039,5661
15.548,5660
15.5489,5659
15.5498,5658
15.5511,5657
15.5521,5656
15.5529,5655
15.5538,5654
15.5563,5653
15.5572,5652
15.5581,5651
15.64,5650
15.6409,5649
15.6418,5648
15.6443,5647
15.6452,5646
15.646,5645
15.6469,5644
15.6477,5643
15.6486,5642
15.6758,5641
15.6801,5640
15.681,5639
15.6818,5638
15.6827,5637
15.6835,5636
15.6844,5635
15.6852,5634
15.701,5633
15.7019,5632
15.7035,5631
15.7044,5630
15.7052,5629
15.7061,5628
15.707,5627
15.7078,5626
15.7087,5625
15.7096,5624
15.7104,5623
15.7635,5622
15.7655,5621
15.7669,5620
15.7678,5619
15.7722,5618
15.7731,5617
15.774,5616
15.7749,5615
15.776,5614
15.8456,5613
15.8469,5612
15.8478,5611
15.8487,5610
15.85,5609
15.8508,5608
15.8517,5607
15.8526,5606
15.8534,5605
15.8781,5604
15.8791,5603
15.8807,5602
15.8858,5601
15.8887,5600
15.8955,5599
15.8965,5598
15.8978,5597
15.9812,5596
15.982,5595
15.9833,5594
15.9842,5593
15.9851,5592
15.9859,5591
15.9868,5590
15.9876,5589
15.9885,5588
15.9893,5587
15.9902,5586
16.0236,5585
16.0249,5584
16.0259,5583
16.0268,5582
16.0276,5581
16.0285,5580
16.0295,5579
16.0303,5578
16.0312,5577
16.032,5576
16.0329,5575
16.0337,5574
16.0346,5573
16.0355,5572
16.0364,5571
16.0372,5570
16.0381,5569
16.039,5568
16.0398,5567
16.0407,5566
16.1415,5565
16.1424,5564
16.1433,5563
16.1441,5562
16.1451,5561
16.1459,5560
16.1468,5559
16.1477,5558
16.1486,5557
16.1494,5556
16.1503,5555
16.1511,5554
16.1891,5553
16.1901,5552
16.1909,5551
16.1918,5550
16.1927,5549
16.1935,5548
16.1961,5547
16.1969,5546
16.1978,5545
16.2389,5544
16.2397,5543
16.2406,5542
16.2414,5541
16.2423,5540
16.2432,5539
16.244,5538
16.2449,5537
16.2458,5536
16.2467,5535
16.2947,5534
16.2956,5533
16.2964,5532
16.2973,5531
16.2982,5530
16.2991,5529
16.3,5528
16.3026,5527
16.3035,5526
16.3044,5525
16.307,5524
16.3096,5523
16.3105,5522
16.3113,5521
16.3122,5520
16.313,5519
16.3139,5518
16.3856,5517
16.3865,5516
16.3874,5515
16.3883,5514
16.3892,5513
16.3917,5512
16.3926,5511
16.3934,5510
16.3943,5509
16.3951,5508
16.4397,5507
16.4406,5506
16.4415,5505
16.4423,5504
16.4432,5503
16.444,5502
16.4449,5501
16.4458,5500
16.4466,5499
16.4475,5498
16.4483,5497
16.4886,5496
16.4895,5495
16.4921,5494
16.4946,5493
16.4955,5492
16.4965,5491
16.5464,5490
16.5473,5489
16.5498,5488
16.5507,5487
16.5515,5486
16.5524,5485
16.5532,5484
16.5541,5483
16.5549,5482
16.6035,5481
16.6044,5480
16.6071,5479
16.6079,5478
16.6088,5477
16.6097,5476
16.6105,5475
16.6114,5474
16.6122,5473
16.6131,5472
16.6738,5471
16.6747,5470
16.6756,5469
16.6765,5468
16.6773,5467
16.6782,5466
16.6791,5465
16.6799,5464
16.6808,5463
16.7093,5462
16.7102,5461
16.7111,5460
16.712,5459
16.7128,5458
16.7137,5457
16.7146,5456
16.7171,5455
16.718,5454
16.7188,5453
16.7636,5452
16.7645,5451
16.7654,5450
16.7663,5449
16.7672,5448
16.768,5447
16.7689,5446
16.7697,5445
16.7706,5444
16.7714,5443
16.7723,5442
16.8142,5441
16.817,5440
16.8182,5439
16.8191,5438
16.82,5437
16.8208,5436
16.8217,5435
16.8225,5434
16.8234,5433
16.8242,5432
16.8655,5431
16.8664,5430
16.8673,5429
16.8682,5428
16.869,5427
16.8699,5426
16.8707,5425
16.8716,5424
16.8724,5423
16.9165,5422
16.9174,5421
16.9183,5420
16.9192,5419
16.9201,5418
16.921,5417
16.9218,5416
16.9227,5415
16.9236,5414
16.9244,5413
16.9804,5412
16.9813,5411
16.9822,5410
16.9831,5409
16.9857,5408
16.9883,5407
16.9891,5406
17.0217,5405
17.0227,5404
17.0235,5403
17.0244,5402
17.0271,5401
17.0279,5400
17.0288,5399
17.1025,5398
17.1038,5397
17.1047,5396
17.1056,5395
17.1065,5394
17.1074,5393
17.1083,5392
17.1091,5391
17.11,5390
17.1562,5389
17.1572,5388
17.1581,5387
17.159,5386
17.16,5385
17.1609,5384
17.1618,5383
17.1645,5382
17.1661,5381
17.1669,5380
17.2071,5379
17.2081,5378
17.209,5377
17.2099,5376
17.2226,5375
17.2235,5374
17.2244,5373
17.227,5372
17.2279,5371
17.257,5370
17.2578,5369
17.2604,5368
17.2613,5367
17.2622,5366
17.263,5365
17.2639,5364
17.2647,5363
17.3165,5362
17.3174,5361
17.32,5360
17.3209,5359
17.3217,5358
17.3226,5357
17.3235,5356
17.3523,5355
17.3549,5354
17.3558,5353
17.3567,5352
17.3576,5351
17.3585,5350
17.3593,5349
17.3602,5348
17.3611,5347
17.405,5346
17.4061,5345
17.407,5344
17.4079,5343
17.4105,5342
17.4114,5341
17.4139,5340
17.4148,5339
17.4665,5338
17.4674,5337
17.4683,5336
17.4692,5335
17.47,5334
17.4709,5333
17.4735,5332
17.5162,5331
17.5188,5330
17.5197,5329
17.5205,5328
17.5214,5327
17.5222,5326
17.5231,5325
17.5239,5324
17.5247,5323
17.5256,5322
17.5716,5321
17.5725,5320
17.5734,5319
17.5744,5318
17.5791,5317
17.58,5316
17.5808,5315
17.627,5314
17.628,5313
17.6288,5312
17.6297,5311
17.6305,5310
17.6313,5309
17.633,5308
17.634,5307
17.6348,5306
17.6357,5305
17.6366,5304
17.6374,5303
17.6802,5302
17.6811,5301
17.682,5300
17.6829,5299
17.6837,5298
17.6846,5297
17.6854,5296
17.6862,5295
17.6871,5294
17.6879,5293
17.7314,5292
17.7323,5291
17.7331,5290
17.7339,5289
17.7348,5288
17.7356,5287
17.7364,5286
17.7373,5285
17.7381,5284
17.7389,5283
17.7398,5282
17.7936,5281
17.7979,5280
17.7988,5279
17.7996,5278
17.8004,5277
17.8013,5276
17.8021,5275
17.8029,5274
17.8435,5273
17.8444,5272
17.8453,5271
17.8461,5270
17.8469,5269
17.8478,5268
17.8503,5267
17.8511,5266
17.852,5265
17.8528,5264
17.899,5263
17.8999,5262
17.9007,5261
17.9015,5260
17.9024,5259
17.9033,5258
17.9041,5257
17.905,5256
17.9485,5255
17.9495,5254
17.9503,5253
17.9512,5252
17.952,5251
17.9529,5250
17.9538,5249
17.9546,5248
17.9555,5247
17.9563,5246
17.997,5245
17.9979,5244
17.9988,5243
17.9997,5242
18.0005,5241
18.0031,5240
18.004,5239
18.0049,5238
18.0057,5237
18.0532,5236
18.0541,5235
18.055,5234
18.0559,5233
18.0567,5232
18.0593,5231
18.0601,5230
18.061,5229
18.0619,5228
18.0627,5227
18.0636,5226
18.0645,5225
18.067,5224
18.0679,5223
18.0687,5222
18.0696,5221
18.0704,5220
18.0712,5219
18.0721,5218
18.1357,5217
18.1366,5216
18.1375,5215
18.1383,5214
18.1392,5213
18.14,5212
18.1409,5211
18.1417,5210
18.1425,5209
18.1936,5208
18.1961,5207
18.1971,5206
18.1981,5205
18.199,5204
18.1999,5203
18.2007,5202
18.2016,5201
18.2545,5200
18.2554,5199
18.2563,5198
18.2572,5197
18.258,5196
18.2589,5195
18.2597,5194
18.2606,5193
18.2631,5192
18.2639,5191
18.3049,5190
18.3058,5189
18.3066,5188
18.3076,5187
18.3085,5186
18.3095,5185
18.3109,5184
18.3117,5183
18.3126,5182
18.3134,5181
18.3143,5180
18.3682,5179
18.3692,5178
18.37,5177
18.3709,5176
18.3717,5175
18.3726,5174
18.3735,5173
18.3761,5172
18.3769,5171
18.3777,5170
18.399,5169
18.3999,5168
18.4024,5167
18.4032,5166
18.4041,5165
18.405,5164
18.4058,5163
18.4066,5162
18.4075,5161
18.4083,5160
18.4494,5159
18.4519,5158
18.4548,5157
18.4557,5156
18.4565,5155
18.4573,5154
18.4582,5153
18.459,5152
18.5178,5151
18.5187,5150
18.5211,5149
18.522,5148
18.5228,5147
18.5236,5146
18.5602,5145
18.5611,5144
18.5619,5143
18.5628,5142
18.5636,5141
18.5644,5140
18.5653,5139
18.6201,5138
18.6211,5137
18.6219,5136
18.6227,5135
18.6236,5134
18.6244,5133
18.6252,5132
18.6261,5131
18.6269,5130
18.6277,5129
18.6285,5128
18.6294,5127
18.6706,5126
18.6715,5125
18.6724,5124
18.6733,5123
18.6741,5122
18.675,5121
18.6759,5120
18.6767,5119
18.6776,5118
18.6784,5117
18.6792,5116
18.68,5115
18.7221,5114
18.723,5113
18.7239,5112
18.7247,5111
18.7256,5110
18.7264,5109
18.7452,5108
18.7461,5107
18.7805,5106
18.7813,5105
18.7855,5104
18.7863,5103
18.7872,5102
18.788,5101
18.7888,5100
18.8276,5099
18.8286,5098
18.8294,5097
18.8303,5096
18.8311,5095
18.8319,5094
18.8328,5093
18.8352,5092
18.8361,5091
18.8369,5090
18.8756,5089
18.8765,5088
18.8774,5087
18.8783,5086
18.8791,5085
18.88,5084
18.8811,5083
18.8838,5082
18.8846,5081
18.9378,5080
18.9386,5079
18.9412,5078
18.9436,5077
18.9445,5076
18.9453,5075
18.9461,5074
19.0075,5073
19.0389,5072
19.0398,5071
19.0407,5070
19.0416,5069
19.0425,5068
19.0434,5067
19.0442,5066
19.0451,5065
19.0929,5064
19.0957,5063
19.0966,5062
19.0975,5061
19.099,5060
19.1525,5059
19.1535,5058
19.1543,5057
19.1552,5056
19.1561,5055
19.157,5054
19.1579,5053
19.2112,5052
19.2123,5051
19.2212,5050
19.2221,5049
19.2232,5048
19.2674,5047
19.2683,5046
19.2692,5045
19.3147,5044
19.3204,5043
19.3213,5042
19.3222,5041
19.3231,5040
19.3239,5039
19.3248,5038
19.3562,5037
19.3571,5036
19.358,5035
19.3589,5034
19.3597,5033
19.3606,5032
19.3615,5031
19.3625,5030
19.4243,5029
19.4252,5028
19.426,5027
19.4269,5026
19.4311,5025
19.4747,5024
19.4775,5023
19.4784,5022
19.4914,5021
19.4922,5020
19.5295,5019
19.5304,5018
19.5312,5017
19.5321,5016
19.5329,5015
19.5338,5014
19.5815,5013
19.5823,5012
19.5866,5011
19.5874,5010
19.6028,5009
19.6043,5008
19.6069,5007
19.6078,5006
19.6087,5005
19.6095,5004
19.6104,5003
19.6112,5002
19.6121,5001
19.6129,5000
19.6996,4999
19.704,4998
19.7049,4997
19.7057,4996
19.7065,4995
19.7073,4994
19.7082,4993
19.744,4992
19.7448,4991
19.7457,4990
19.7465,4989
19.7475,4988
19.7484,4987
19.7493,4986
19.7517,4985
19.795,4984
19.7959,4983
19.7968,4982
19.7977,4981
19.8001,4980
19.8026,4979
19.8034,4978
19.8043,4977
19.8898,4976
19.8906,4975
19.8915,4974
19.8923,4973
19.9232,4972
19.9259,4971
19.9267,4970
19.9275,4969
19.9284,4968
19.9292,4967
19.93,4966
19.9325,4965
20.0033,4964
20.0077,4963
20.0086,4962
20.0095,4961
20.0103,4960
20.0112,4959
20.012,4958
20.0129,4957
20.0623,4956
20.0648,4955
20.0657,4954
20.0665,4953
20.0673,4952
20.0682,4951
20.069,4950
20.0698,4949
20.0707,4948
20.111,4947
20.1119,4946
20.1131,4945
20.114,4944
20.1149,4943
20.1174,4942
20.1716,4941
20.1725,4940
20.175,4939
20.1758,4938
20.1767,4937
20.1776,4936
20.1784,4935
20.1792,4934
20.1801,4933
20.1809,4932
20.2215,4931
20.2276,4930
20.2285,4929
20.2293,4928
20.2301,4927
20.231,4926
20.2846,4925
20.2855,4924
20.2864,4923
20.2875,4922
20.2886,4921
20.2896,4920
20.2905,4919
20.2913,4918
20.2922,4917
20.293,4916
20.2939,4915
20.3386,4914
20.3394,4913
20.3402,4912
20.3411,4911
20.3419,4910
20.3427,4909
20.3436,4908
20.3444,4907
20.3453,4906
20.3759,4905
20.3768,4904
20.3776,4903
20.3785,4902
20.3793,4901
20.3801,4900
20.3935,4899
20.3943,4898
20.3952,4897
20.396,4896
20.3969,4895
20.401,4894
20.4019,4893
20.5162,4892
20.5171,4891
20.5195,4890
20.5204,4889
20.5212,4888
20.522,4887
20.5592,4886
20.56,4885
20.5609,4884
20.5617,4883
20.5625,4882
20.5634,4881
20.5642,4880
20.5651,4879
20.5659,4878
20.5667,4877
20.608,4876
20.6088,4875
20.6096,4874
20.6344,4873
20.6353,4872
20.6361,4871
20.637,4870
20.6658,4869
20.6667,4868
20.6676,4867
20.6685,4866
20.6693,4865
20.6701,4864
20.721,4863
20.7219,4862
20.7227,4861
20.7236,4860
20.7244,4859
20.7253,4858
20.7261,4857
20.7269,4856
20.7277,4855
20.7286,4854
20.7595,4853
20.7637,4852
20.7646,4851
20.7654,4850
20.7679,4849
20.7687,4848
20.8223,4847
20.8392,4846
20.8456,4845
20.8465,4844
20.8477,4843
20.8511,4842
20.852,4841
20.8529,4840
20.8556,4839
20.8565,4838
20.8574,4837
20.8583,4836
20.9155,4835
20.9164,4834
20.9172,4833
20.9216,4832
20.9224,4831
20.9249,4830
20.9661,4829
20.967,4828
20.9679,4827
20.9688,4826
20.9697,4825
20.9705,4824
20.9747,4823
20.9756,4822
21.0246,4821
21.0272,4820
21.0281,4819
21.0289,4818
21.0298,4817
21.1146,4816
21.1154,4815
21.13,4814
21.1324,4813
21.1334,4812
21.1343,4811
21.1351,4810
21.136,4809
21.1369,4808
21.1839,4807
21.19,4806
21.1909,4805
21.1918,4804
21.2398,4803
21.2424,4802
21.3295,4801
21.3304,4800
21.3312,4799
21.3321,4798
21.3346,4797
21.3355,4796
21.3363,4795
21.3372,4794
21.338,4793
21.3389,4792
21.3397,4791
21.3406,4790
21.3414,4789
21.3422,4788
21.4068,4787
21.4077,4786
21.4103,4785
21.4128,4784
21.4412,4783
21.4421,4782
21.443,4781
21.4439,4780
21.4447,4779
21.5043,4778
21.5068,4777
21.5807,4776
21.5816,4775
21.586,4774
21.5885,4773
21.5894,4772
21.6309,4771
21.6318,4770
21.6326,4769
21.6335,4768
21.6361,4767
21.6369,4766
21.6377,4765
21.6386,4764
21.6856,4763
21.6915,4762
21.746,4761
21.7804,4760
21.7829,4759
21.7838,4758
21.7847,4757
21.8231,4756
21.8241,4755
21.8249,4754
21.8258,4753
21.8308,4752
21.8317,4751
21.8326,4750
21.8335,4749
21.8343,4748
21.8352,4747
21.8756,4746
21.8765,4745
21.8773,4744
21.8782,4743
21.8792,4742
21.8801,4741
21.9249,4740
21.9309,4739
21.977,4738
21.9795,4737
21.982,4736
21.9828,4735
21.9837,4734
22.0342,4733
22.0351,4732
22.0359,4731
22.2076,4730
22.216,4729
22.2177,4728
22.2209,4727
22.2271,4726
22.2853,4725
22.2878,4724
22.2886,4723
22.3295,4722
22.3303,4721
22.3311,4720
22.3319,4719
22.3328,4718
22.3337,4717
22.3345,4716
22.3354,4715
22.3362,4714
22.3371,4713
22.3924,4712
22.4471,4711
22.448,4710
22.4489,4709
22.4989,4708
22.4998,4707
22.5023,4706
22.5239,4705
22.5248,4704
22.5649,4703
22.5658,4702
22.5667,4701
22.5675,4700
22.5683,4699
22.5709,4698
22.5718,4697
22.6042,4696
22.6087,4695
22.6095,4694
22.6831,4693
22.6841,4692
22.6867,4691
22.7106,4690
22.7145,4689
22.7178,4688
22.7187,4687
22.7196,4686
22.7913,4685
22.7922,4684
22.793,4683
22.7938,4682
22.7946,4681
22.7972,4680
22.798,4679
22.7989,4678
22.8479,4677
22.8504,4676
22.8512,4675
22.852,4674
22.8528,4673
22.8537,4672
22.8546,4671
22.8555,4670
22.8811,4669
22.882,4668
22.8845,4667
22.8853,4666
22.8862,4665
22.887,4664
22.8878,4663
22.8887,4662
22.8895,4661
22.8903,4660
22.9677,4659
22.9702,4658
22.972,4657
22.9746,4656
22.9755,4655
22.9767,4654
22.9776,4653
22.9892,4652
22.9969,4651
22.9977,4650
22.9985,4649
23.0578,4648
23.0702,4647
23.0711,4646
23.0719,4645
23.0728,4644
23.0752,4643
23.2191,4642
23.22,4641
23.2502,4640
23.251,4639
23.2519,4638
23.2527,4637
23.3005,4636
23.3524,4635
23.3533,4634
23.3596,4633
23.3605,4632
23.3968,4631
23.3976,4630
23.3985,4629
23.3993,4628
23.4002,4627
23.4574,4626
23.4603,4625
23.4628,4624
23.4637,4623
23.5593,4622
23.5609,4621
23.5898,4620
23.5906,4619
23.5915,4618
23.5923,4617
23.5932,4616
23.594,4615
23.6366,4614
23.6375,4613
23.64,4612
23.6426,4611
23.6434,4610
23.6443,4609
23.6451,4608
23.6461,4607
23.6509,4606
23.6534,4605
23.6543,4604
23.7534,4603
23.7542,4602
23.755,4601
23.7945,4600
23.7987,4599
23.8013,4598
23.8022,4597
23.803,4596
23.8709,4595
23.8718,4594
23.8796,4593
23.9967,4592
23.9976,4591
24.0001,4590
24.0009,4589
24.0017,4588
24.0026,4587
24.0732,4586
24.074,4585
24.1195,4584
24.1256,4583
24.1824,4582
24.1834,4581
24.2579,4580
24.2588,4579
24.2596,4578
24.2887,4577
24.2896,4576
24.2904,4575
24.298,4574
24.3393,4573
24.3402,4572
24.3411,4571
24.3419,4570
24.3428,4569
24.3436,4568
24.3444,4567
24.3453,4566
24.3462,4565
24.3486,4564
24.4181,4563
24.4189,4562
24.4198,4561
24.4223,4560
24.4513,4559
24.4522,4558
24.5828,4557
24.5842,4556
24.5851,4555
24.586,4554
24.5868,4553
24.5877,4552
24.5885,4551
24.5893,4550
24.6185,4549
24.6193,4548
24.6202,4547
24.621,4546
24.6218,4545
24.6226,4544
24.6234,4543
24.6796,4542
24.7224,4541
24.7249,4540
24.7257,4539
24.7266,4538
24.729,4537
24.7299,4536
24.768,4535
24.7688,4534
24.7696,4533
24.7705,4532
24.7713,4531
24.7721,4530
24.7729,4529
24.7738,4528
24.7762,4527
24.8424,4526
24.8433,4525
24.8443,4524
24.9062,4523
24.9071,4522
24.908,4521
24.9088,4520
24.9097,4519
24.9105,4518
24.9115,4517
24.9123,4516
24.9148,4515
24.9669,4514
25.0345,4513
25.0357,4512
25.1678,4511
25.2331,4510
25.484,4509
25.8273,4508
25.8315,4507
25.8324,4506
25.8332,4505
25.9944,4504
26.0318,4503
26.0329,4502
26.0339,4501
26.0384,4500
26.041,4499
26.0418,4498
26.0853,4497
26.0861,4496
26.087,4495
26.0905,4494
26.0914,4493
26.2767,4492
26.2775,4491
26.2783,4490
26.3364,4489
26.3438,4488
26.3447,4487
26.3832,4486
26.3841,4485
26.3883,4484
26.5604,4483
26.5612,4482
26.562,4481
26.5629,4480
26.6837,4479
26.6845,4478
26.7146,4477
26.7155,4476
26.7163,4475
26.7573,4474
26.7945,4473
26.7954,4472
26.7995,4471
26.8607,4470
26.8615,4469
26.8624,4468
26.8699,4467
26.8773,4466
26.8782,4465
26.9552,4464
27.0469,4463
27.0478,4462
27.0487,4461
27.1241,4460
27.125,4459
27.1258,4458
27.1267,4457
27.1275,4456
27.1696,4455
29.5651,4454
29.5659,4453
29.5684,4452
29.6347,4451
29.6356,4450
29.6415,4449
29.6927,4448
29.6936,4447
29.886,4446
29.8869,4445
30.0237,4444
30.0317,4443
30.0326,4442
30.0833,4441
30.0842,4440
30.0948,4439
30.0957,4438
30.0966,4437
30.1574,4436
30.1583,4435
30.1592,4434
35.5218,4433
35.5227,4432
35.5235,4431
35.526,4430
35.709,4429
35.7098,4428
35.7123,4427
35.7131,4426
35.7139,4425
40.5334,4424
40.5359,4423
40.7224,4422
40.9817,4421
40.9826,4420
40.9834,4419
40.9843,4418
40.9852,4417
40.986,4416
40.9868,4415
40.9877,4414
40.9902,4413
40.991,4412
41.042,4411
41.043,4410
41.1444,4409
43.6286,4408
43.8663,4407
43.8682,4406
43.871,4405
43.8754,4404
43.8763,4403
44.0078,4402
44.0087,4401
44.0096,4400
44.0748,4399
44.1398,4398
44.2164,4397
44.2173,4396
45.2401,4395
45.2898,4394
45.2907,4393
45.4167,4392
45.4176,4391
45.4184,4390
45.4192,4389
45.4217,4388
45.9678,4387
45.9704,4386
49.4423,4385
49.4432,4384
49.6775,4383
49.7267,4382
49.7292,4381
49.7509,4380
49.8435,4379
50.4468,4378
50.4477,4377
50.4485,4376
50.4493,4375
50.8112,4374
50.861,4373
50.8618,4372
50.863,4371
50.8655,4370
50.8664,4369
50.8672,4368
50.868,4367
50.8689,4366
50.9299,4365
50.9308,4364
50.9675,4363
51.9231,4362
53.187,4361
53.1912,4360
53.1921,4359
53.1929,4358
53.1937,4357
55.2989,4356
55.3034,4355
55.3076,4354
55.3084,4353
55.3502,4352
55.3511,4351
55.3519,4350
55.3527,4349
55.3535,4348
55.5501,4347
63.029,4346
63.032,4345
63.0694,4344
63.0703,4343
63.0728,4342
63.0753,4341
63.1274,4340
63.1282,4339
63.1293,4338
63.1302,4337
63.131,4336
63.2591,4335
63.9578,4334
63.9587,4333
63.9596,4332
63.9604,4331
63.9613,4330
63.9621,4329
64.0031,4328
64.004,4327
64.0048,4326
64.0074,4325
66.5343,4324
66.5351,4323
66.536,4322
66.5368,4321
66.5376,4320
66.5385,4319
66.6917,4318
66.6961,4317
66.7829,4316
66.7838,4315
66.7864,4314
66.7873,4313
66.827,4312
66.8279,4311
66.8307,4310
67.2635,4309
67.2643,4308
67.2652,4307
67.2661,4306
67.2669,4305
67.2856,4304
68.7265,4303
68.729,4302
68.8418,4301
68.8426,4300
68.8435,4299
68.9094,4298
68.9103,4297
68.9129,4296
74.5885,4295
74.5927,4294
74.5936,4293
74.682,4292
75.6508,4291
75.6517,4290
75.7064,4289
75.7072,4288
75.7081,4287
75.7089,4286
75.8736,4285
76.5415,4284
76.8163,4283
76.8265,4282
76.8801,4281
76.8809,4280
76.8867,4279
76.8876,4278
76.922,4277
76.9228,4276
76.9237,4275
77.3191,4274
77.32,4273
78.4139,4272
78.415,4271
78.4172,4270
78.5358,4269
78.5367,4268
78.5408,4267
78.5416,4266
78.5424,4265
78.5858,4264
88.1164,4263
88.1179,4262
88.1216,4261
88.1614,4260
88.1624,4259
88.1632,4258
88.164,4257
88.1649,4256
88.1673,4255
88.2172,4254
88.2181,4253
88.2189,4252
88.2198,4251
88.2206,4250
88.6708,4249
88.6717,4248
88.6725,4247
88.7269,4246
89.0076,4245
89.0085,4244
89.0742,4243
89.0754,4242
89.0763,4241
89.0772,4240
89.4139,4239
89.4297,4238
89.568,4237
89.9771,4236
90.1073,4235
90.158,4234
90.3224,4233
90.3808,4232
90.4128,4231
90.4154,4230
90.4162,4229
90.4187,4228
90.4212,4227
98.5017,4226
98.506,4225
98.5068,4224
98.5077,4223
98.5085,4222
98.5093,4221
98.5851,4220
98.5859,4219
99.682,4218
99.6828,4217
99.6836,4216
99.6844,4215
99.6869,4214
99.7429,4213
99.7438,4212
99.7446,4211
100.626,4210
100.653,4209
100.656,4208
100.706,4207
100.707,4206
100.708,4205
103.735,4204
103.736,4203
103.835,4202
117.611,4201
117.688,4200
117.729,4199
117.862,4198
119.145,4197
119.146,4196
119.147,4195
119.15,4194
119.15,4193
122,4192
122.001,4191
122.002,4190
122.048,4189
122.195,4188
122.197,4187
122.198,4186
122.272,4185
130.54,4184
130.541,4183
130.542,4182
130.544,4181
130.545,4180
130.546,4179
130.598,4178
130.599,4177
130.603,4176
131.392,4175
131.394,4174
131.47,4173
131.506,4172
131.558,4171
131.559,4170
131.711,4169
131.711,4168
131.714,4167
131.768,4166
131.818,4165
132.102,4164
132.102,4163
132.928,4162
132.929,4161
132.982,4160
132.983,4159
132.984,4158
132.985,4157
148.229,4156
148.286,4155
148.305,4154
148.313,4153
148.314,4152
148.314,4151
148.385,4150
148.706,4149
149.048,4148
149.049,4147
149.054,4146
149.055,4145
149.173,4144
149.242,4143
162.816,4142
162.817,4141
162.818,4140
162.819,4139
162.875,4138
162.876,4137
162.876,4136
162.973,4135
162.973,4134
162.974,4133
163.446,4132
163.48,4131
163.616,4130
163.617,4129
163.619,4128
163.62,4127
163.621,4126
199.596,4125
199.597,4124
216.427,4123
255.799,4122
255.824,4121
255.825,4120
255.826,4119
266.044,4118
281.669,4117
281.72,4116
281.721,4115
286.71,4114
286.711,4113
287.08,4112
287.081,4111
287.082,4110
287.151,4109
287.154,4108
287.155,4107
287.157,4106
287.158,4105
287.159,4104
287.16,4103
287.161,4102
287.193,4101
287.194,4100
287.201,4099
315.757,4098
315.759,4097
315.76,4096
315.81,4095
322.442,4094
361.537,4093
361.759,4092
361.813,4091
361.816,4090
361.818,4089
361.879,4088
361.88,4087
361.923,4086
361.925,4085
361.926,4084
4457.08,4083
4457.09,4082
4457.09,4081
4457.09,4080
4457.19,4079
4457.2,4078
4457.2,4077
9743.83,4076
9743.86,4075
9743.87,4074
9744.12,4073
9744.12,4072
9744.18,4071
9744.18,4070
9744.22,4069
9744.22,4068
9744.22,4067
