0.0157023,8360
0.0167646,8359
0.0177727,8358
0.0187412,8357
0.0197074,8356
0.0206661,8355
0.0216558,8354
0.0226724,8353
0.0236339,8352
0.0245948,8351
0.0255527,8350
0.0758228,8349
0.0768822,8348
0.0784177,8347
0.0794254,8346
0.0804208,8345
0.0818366,8344
0.0828283,8343
0.0838223,8342
0.0857907,8341
0.141906,8340
0.14296,8339
0.144605,8338
0.145616,8337
0.146931,8336
0.148666,8335
0.150304,8334
0.151304,8333
0.160109,8332
0.161302,8331
0.217442,8330
0.218461,8329
0.21946,8328
0.220508,8327
0.221498,8326
0.222479,8325
0.223456,8324
0.22443,8323
0.2254,8322
0.226366,8321
0.278483,8320
0.279519,8319
0.280522,8318
0.281516,8317
0.282503,8316
0.28349,8315
0.284469,8314
0.285484,8313
0.28651,8312
0.287554,8311
0.336444,8310
0.337489,8309
0.338497,8308
0.339508,8307
0.340503,8306
0.34149,8305
0.342475,8304
0.343452,8303
0.344425,8302
0.345397,8301
0.39005,8300
0.39107,8299
0.392074,8298
0.393064,8297
0.394051,8296
0.395031,8295
0.396008,8294
0.396982,8293
0.398038,8292
0.399042,8291
0.449611,8290
0.450647,8289
0.451656,8288
0.452658,8287
0.453655,8286
0.45464,8285
0.455623,8284
0.456603,8283
0.457584,8282
0.458557,8281
0.487607,8280
0.488625,8279
0.489629,8278
0.490668,8277
0.491674,8276
0.492665,8275
0.493646,8274
0.494617,8273
0.495592,8272
0.496563,8271
0.508495,8270
0.509525,8269
0.510523,8268
0.513107,8267
0.514123,8266
0.515123,8265
0.516111,8264
0.51709,8263
0.518074,8262
0.519049,8261
0.624548,8260
0.625575,8259
0.626577,8258
0.627622,8257
0.628622,8256
0.629616,8255
0.630596,8254
0.632125,8253
0.633127,8252
0.63412,8251
0.692718,8250
0.693731,8249
0.694729,8248
0.695722,8247
0.696708,8246
0.697694,8245
0.698681,8244
0.699668,8243
0.700643,8242
0.701616,8241
0.727832,8240
0.728859,8239
0.729861,8238
0.730854,8237
0.731842,8236
0.732824,8235
0.733805,8234
0.734777,8233
0.735747,8232
0.736718,8231
0.797987,8230
0.79912,8229
0.800125,8228
0.801119,8227
0.802104,8226
0.803103,8225
0.804079,8224
0.805049,8223
0.806018,8222
0.806983,8221
0.848144,8220
0.849181,8219
0.850135,8218
0.851092,8217
0.852061,8216
0.853013,8215
0.853957,8214
0.854902,8213
0.855848,8212
0.856804,8211
0.890509,8210
0.91059,8209
0.91158,8208
0.912586,8207
0.91355,8206
0.914493,8205
0.915431,8204
0.916371,8203
0.917306,8202
0.918245,8201
0.919188,8200
0.96215,8199
0.963172,8198
0.964168,8197
0.965157,8196
0.966141,8195
0.967122,8194
0.968102,8193
0.969078,8192
0.970049,8191
0.971018,8190
0.978152,8189
0.979149,8188
0.980128,8187
1.01142,8186
1.01252,8185
1.01351,8184
1.01452,8183
1.01551,8182
1.01651,8181
1.01745,8180
1.06873,8179
1.0698,8178
1.07086,8177
1.07189,8176
1.07291,8175
1.07391,8174
1.07488,8173
1.07585,8172
1.07682,8171
1.07778,8170
1.12111,8169
1.12212,8168
1.12312,8167
1.1241,8166
1.12509,8165
1.12609,8164
1.12707,8163
1.12804,8162
1.12901,8161
1.12997,8160
1.13093,8159
1.18644,8158
1.18751,8157
1.18851,8156
1.1895,8155
1.19049,8154
1.19153,8153
1.19257,8152
1.19354,8151
1.1945,8150
1.19546,8149
1.23264,8148
1.23365,8147
1.23464,8146
1.23562,8145
1.2366,8144
1.23757,8143
1.23854,8142
1.23953,8141
1.2405,8140
1.24146,8139
1.28967,8138
1.29074,8137
1.29166,8136
1.29259,8135
1.29353,8134
1.29446,8133
1.29539,8132
1.29632,8131
1.29725,8130
1.2982,8129
1.29915,8128
1.34037,8127
1.34136,8126
1.34233,8125
1.34341,8124
1.34452,8123
1.34563,8122
1.34669,8121
1.34786,8120
1.34884,8119
1.34982,8118
1.40565,8117
1.40666,8116
1.40765,8115
1.4087,8114
1.40968,8113
1.41066,8112
1.41163,8111
1.4126,8110
1.41356,8109
1.41452,8108
1.45839,8107
1.45938,8106
1.46035,8105
1.46132,8104
1.46228,8103
1.46324,8102
1.46419,8101
1.46514,8100
1.46609,8099
1.46704,8098
1.51171,8097
1.51273,8096
1.51372,8095
1.51471,8094
1.51615,8093
1.51715,8092
1.51812,8091
1.51909,8090
1.52005,8089
1.52105,8088
1.56337,8087
1.56484,8086
1.56586,8085
1.56687,8084
1.56788,8083
1.56888,8082
1.56991,8081
1.57092,8080
1.5719,8079
1.57305,8078
1.66058,8077
1.66176,8076
1.66277,8075
1.66376,8074
1.66474,8073
1.66586,8072
1.66684,8071
1.66794,8070
1.66894,8069
1.66991,8068
1.72049,8067
1.7215,8066
1.72248,8065
1.72344,8064
1.72439,8063
1.72533,8062
1.72629,8061
1.72724,8060
1.72817,8059
1.72913,8058
1.74157,8057
1.74256,8056
1.74352,8055
1.74447,8054
1.74541,8053
1.74634,8052
1.74728,8051
1.74821,8050
1.74916,8049
1.75011,8048
1.75125,8047
1.82351,8046
1.83206,8045
1.83374,8044
1.84087,8043
1.84188,8042
1.84286,8041
1.84384,8040
1.84481,8039
1.84578,8038
1.84675,8037
1.88312,8036
1.88427,8035
1.88526,8034
1.8862,8033
1.88716,8032
1.88811,8031
1.88905,8030
1.89001,8029
1.89118,8028
1.89213,8027
1.93448,8026
1.93549,8025
1.93643,8024
1.93737,8023
1.93835,8022
1.93928,8021
1.94022,8020
1.94119,8019
1.94212,8018
1.94306,8017
1.94401,8016
2.02435,8015
2.02535,8014
2.02633,8013
2.0273,8012
2.02827,8011
2.02922,8010
2.03017,8009
2.03112,8008
2.03208,8007
2.03311,8006
2.08752,8005
2.08853,8004
2.08952,8003
2.09065,8002
2.09163,8001
2.09265,8000
2.09364,7999
2.09461,7998
2.09557,7997
2.09652,7996
2.13875,7995
2.13983,7994
2.1408,7993
2.14175,7992
2.14271,7991
2.14364,7990
2.14459,7989
2.1456,7988
2.14664,7987
2.14775,7986
2.18258,7985
2.18359,7984
2.18461,7983
2.18559,7982
2.18657,7981
2.18754,7980
2.18851,7979
2.18947,7978
2.19044,7977
2.19149,7976
2.27966,7975
2.28076,7974
2.28263,7973
2.28376,7972
2.28475,7971
2.28573,7970
2.2867,7969
2.28767,7968
2.28864,7967
2.28961,7966
2.29056,7965
2.35184,7964
2.35282,7963
2.35381,7962
2.35478,7961
2.35575,7960
2.35672,7959
2.35768,7958
2.35865,7957
2.35961,7956
2.3822,7955
2.40613,7954
2.40713,7953
2.40859,7952
2.40957,7951
2.41058,7950
2.41158,7949
2.41256,7948
2.41353,7947
2.41449,7946
2.41545,7945
2.41735,7944
2.42001,7943
2.42223,7942
2.42334,7941
2.42434,7940
2.42532,7939
2.4263,7938
2.42727,7937
2.42825,7936
2.42922,7935
2.51809,7934
2.51908,7933
2.52007,7932
2.52104,7931
2.52201,7930
2.52298,7929
2.52394,7928
2.5249,7927
2.52586,7926
2.52681,7925
2.56873,7924
2.56977,7923
2.57076,7922
2.57173,7921
2.57271,7920
2.57384,7919
2.57483,7918
2.57629,7917
2.5773,7916
2.57829,7915
2.61711,7914
2.61812,7913
2.61919,7912
2.62066,7911
2.62166,7910
2.62263,7909
2.6236,7908
2.62469,7907
2.62568,7906
2.62691,7905
2.68874,7904
2.68974,7903
2.69073,7902
2.6917,7901
2.69271,7900
2.69372,7899
2.69468,7898
2.69565,7897
2.69661,7896
2.69756,7895
2.73144,7894
2.73244,7893
2.73343,7892
2.73441,7891
2.73538,7890
2.73654,7889
2.73752,7888
2.7385,7887
2.73949,7886
2.74046,7885
2.77274,7884
2.77379,7883
2.77475,7882
2.77571,7881
2.77665,7880
2.77758,7879
2.77859,7878
2.77954,7877
2.78047,7876
2.7814,7875
2.78233,7874
2.83168,7873
2.83266,7872
2.83407,7871
2.83504,7870
2.83598,7869
2.83694,7868
2.83788,7867
2.83885,7866
2.8398,7865
2.84073,7864
2.86868,7863
2.86969,7862
2.87068,7861
2.87171,7860
2.87268,7859
2.87365,7858
2.87461,7857
2.87561,7856
2.87658,7855
2.87754,7854
2.8785,7853
2.88042,7852
2.8814,7851
2.88236,7850
2.88333,7849
2.88429,7848
2.88525,7847
2.88621,7846
2.88716,7845
2.88814,7844
2.88912,7843
3.00336,7842
3.00436,7841
3.00534,7840
3.00631,7839
3.00727,7838
3.00823,7837
3.00918,7836
3.01011,7835
3.01104,7834
3.01197,7833
3.04389,7832
3.04489,7831
3.04588,7830
3.04685,7829
3.04782,7828
3.0488,7827
3.04981,7826
3.05089,7825
3.05186,7824
3.05282,7823
3.05378,7822
3.10165,7821
3.10265,7820
3.10361,7819
3.10456,7818
3.10551,7817
3.10643,7816
3.10734,7815
3.10851,7814
3.10948,7813
3.1104,7812
3.15764,7811
3.15864,7810
3.15963,7809
3.1606,7808
3.16157,7807
3.16253,7806
3.16348,7805
3.16441,7804
3.16533,7803
3.16627,7802
3.16719,7801
3.21086,7800
3.21185,7799
3.21288,7798
3.21391,7797
3.21488,7796
3.21582,7795
3.21675,7794
3.2177,7793
3.21865,7792
3.21958,7791
3.26563,7790
3.26663,7789
3.26761,7788
3.26859,7787
3.26955,7786
3.27052,7785
3.27147,7784
3.27242,7783
3.27336,7782
3.27431,7781
3.31637,7780
3.31737,7779
3.31835,7778
3.31932,7777
3.32029,7776
3.32127,7775
3.32222,7774
3.32318,7773
3.32414,7772
3.32509,7771
3.32603,7770
3.36563,7769
3.36664,7768
3.36762,7767
3.36858,7766
3.36955,7765
3.37051,7764
3.37146,7763
3.37241,7762
3.39365,7761
3.39459,7760
3.41143,7759
3.41243,7758
3.41341,7757
3.41438,7756
3.41534,7755
3.41629,7754
3.41723,7753
3.41818,7752
3.41912,7751
3.42005,7750
3.4564,7749
3.45741,7748
3.45837,7747
3.45931,7746
3.46024,7745
3.46124,7744
3.46223,7743
3.46315,7742
3.46415,7741
3.9676,7740
3.96858,7739
3.96958,7738
3.97055,7737
3.97151,7736
3.97247,7735
3.97342,7734
3.97438,7733
3.97532,7732
3.97627,7731
3.99705,7730
3.99804,7729
3.99901,7728
3.99999,7727
4.00095,7726
4.00191,7725
4.00286,7724
4.00382,7723
4.00478,7722
4.00573,7721
4.02002,7720
4.02101,7719
4.02199,7718
4.02296,7717
4.02393,7716
4.02489,7715
4.02585,7714
4.02682,7713
4.02778,7712
4.02873,7711
4.04879,7710
4.04981,7709
4.05081,7708
4.05179,7707
4.05341,7706
4.05472,7705
4.05572,7704
4.05677,7703
4.05784,7702
4.0684,7701
4.07062,7700
4.07207,7699
4.07502,7698
4.07634,7697
4.07749,7696
4.07874,7695
4.08079,7694
4.08177,7693
4.08403,7692
4.08503,7691
4.11457,7690
4.11555,7689
4.11656,7688
4.11753,7687
4.11852,7686
4.11961,7685
4.12059,7684
4.12155,7683
4.12251,7682
4.12346,7681
4.13203,7680
4.13321,7679
4.13419,7678
4.13562,7677
4.1366,7676
4.13757,7675
4.13863,7674
4.13959,7673
4.14055,7672
4.1415,7671
4.18647,7670
4.19357,7669
4.19456,7668
4.19554,7667
4.19651,7666
4.19747,7665
4.19855,7664
4.19953,7663
4.20048,7662
4.20144,7661
4.20239,7660
4.24645,7659
4.24743,7658
4.24885,7657
4.24984,7656
4.27077,7655
4.27176,7654
4.27272,7653
4.27369,7652
4.27465,7651
4.27561,7650
4.3011,7649
4.30209,7648
4.30306,7647
4.30403,7646
4.30499,7645
4.30595,7644
4.3069,7643
4.30785,7642
4.30879,7641
4.30974,7640
4.39532,7639
4.39665,7638
4.39763,7637
4.39862,7636
4.39959,7635
4.40055,7634
4.4015,7633
4.40245,7632
4.40339,7631
4.40435,7630
4.4053,7629
4.44295,7628
4.44397,7627
4.44495,7626
4.44592,7625
4.44688,7624
4.44784,7623
4.44879,7622
4.44974,7621
4.4507,7620
4.45166,7619
4.5412,7618
4.5422,7617
4.54323,7616
4.54421,7615
4.54518,7614
4.54649,7613
4.54746,7612
4.54842,7611
4.54937,7610
4.55031,7609
4.59912,7608
4.6001,7607
4.60102,7606
4.60196,7605
4.60289,7604
4.60387,7603
4.60483,7602
4.60577,7601
4.60669,7600
4.60765,7599
4.60857,7598
4.64435,7597
4.6453,7596
4.64622,7595
4.6473,7594
4.64821,7593
4.64912,7592
4.65003,7591
4.65111,7590
4.65222,7589
4.65321,7588
4.75088,7587
4.7526,7586
4.75396,7585
4.75518,7584
4.75625,7583
4.75722,7582
4.75818,7581
4.75913,7580
4.76009,7579
4.7611,7578
4.81215,7577
4.81314,7576
4.81411,7575
4.81508,7574
4.81603,7573
4.81703,7572
4.81799,7571
4.81894,7570
4.81988,7569
4.82081,7568
4.82174,7567
4.86865,7566
4.86963,7565
4.8706,7564
4.87156,7563
4.87251,7562
4.87345,7561
4.87436,7560
4.87528,7559
4.87621,7558
4.87712,7557
4.92893,7556
4.92991,7555
4.93089,7554
4.93184,7553
4.93278,7552
4.93372,7551
4.93466,7550
4.9356,7549
4.93654,7548
4.93747,7547
4.93841,7546
4.98485,7545
4.98584,7544
4.98681,7543
4.98779,7542
4.98876,7541
4.98971,7540
4.99066,7539
4.99161,7538
4.99255,7537
4.99349,7536
5.09268,7535
5.09367,7534
5.09465,7533
5.09579,7532
5.09681,7531
5.09778,7530
5.09875,7529
5.09971,7528
5.10079,7527
5.10174,7526
5.10269,7525
5.14964,7524
5.15061,7523
5.15157,7522
5.15249,7521
5.15341,7520
5.15435,7519
5.15527,7518
5.15619,7517
5.1571,7516
5.15803,7515
5.21146,7514
5.21245,7513
5.2134,7512
5.21434,7511
5.21526,7510
5.21618,7509
5.2171,7508
5.21802,7507
5.21893,7506
5.21985,7505
5.2748,7504
5.27577,7503
5.27674,7502
5.27769,7501
5.27871,7500
5.27969,7499
5.28064,7498
5.28159,7497
5.28254,7496
5.2836,7495
5.28456,7494
5.28551,7493
5.28646,7492
5.28739,7491
5.28834,7490
5.29243,7489
5.29364,7488
5.29469,7487
5.29573,7486
5.29675,7485
5.40708,7484
5.40801,7483
5.40897,7482
5.40991,7481
5.41083,7480
5.41176,7479
5.41275,7478
5.41368,7477
5.41461,7476
5.41553,7475
5.46342,7474
5.46441,7473
5.46534,7472
5.46627,7471
5.46723,7470
5.46822,7469
5.46922,7468
5.47018,7467
5.4711,7466
5.47202,7465
5.47296,7464
5.53665,7463
5.53764,7462
5.53864,7461
5.54007,7460
5.54105,7459
5.54201,7458
5.54302,7457
5.54394,7456
5.54487,7455
5.54579,7454
5.61402,7453
5.615,7452
5.61607,7451
5.61705,7450
5.61802,7449
5.61898,7448
5.61993,7447
5.62088,7446
5.62182,7445
5.62276,7444
5.6237,7443
5.6609,7442
5.66191,7441
5.66287,7440
5.66432,7439
5.66529,7438
5.66627,7437
5.66724,7436
5.66835,7435
5.66987,7434
5.67088,7433
5.72681,7432
5.7278,7431
5.72876,7430
5.72975,7429
5.7307,7428
5.73163,7427
5.73257,7426
5.7335,7425
5.73445,7424
5.73539,7423
5.75737,7422
5.75839,7421
5.76016,7420
5.76113,7419
5.76208,7418
5.76303,7417
5.76397,7416
5.76494,7415
5.76587,7414
5.7668,7413
5.76772,7412
5.82905,7411
5.83003,7410
5.83099,7409
5.83194,7408
5.83289,7407
5.83382,7406
5.83475,7405
5.83567,7404
5.83657,7403
5.83752,7402
5.83843,7401
5.90293,7400
5.90389,7399
5.90485,7398
5.9058,7397
5.90675,7396
5.90769,7395
5.90863,7394
5.90956,7393
5.91045,7392
5.91135,7391
5.96113,7390
5.96212,7389
5.96308,7388
5.96403,7387
5.96533,7386
5.96631,7385
5.96727,7384
5.96822,7383
5.96918,7382
5.97013,7381
5.97106,7380
6.01627,7379
6.0173,7378
6.01834,7377
6.01932,7376
6.02028,7375
6.02124,7374
6.02218,7373
6.02312,7372
6.02405,7371
6.02498,7370
6.06772,7369
6.06869,7368
6.06969,7367
6.07067,7366
6.07162,7365
6.07255,7364
6.07347,7363
6.0744,7362
6.07532,7361
6.07624,7360
6.07716,7359
6.14048,7358
6.14145,7357
6.14241,7356
6.14336,7355
6.14431,7354
6.14526,7353
6.14619,7352
6.14713,7351
6.14806,7350
6.14898,7349
6.20106,7348
6.20212,7347
6.20306,7346
6.20403,7345
6.20498,7344
6.20591,7343
6.20699,7342
6.208,7341
6.20892,7340
6.20984,7339
6.21079,7338
6.254,7337
6.25496,7336
6.25592,7335
6.25686,7334
6.2578,7333
6.25873,7332
6.25966,7331
6.2891,7330
6.29016,7329
6.29112,7328
6.32038,7327
6.32137,7326
6.32239,7325
6.32337,7324
6.32433,7323
6.32527,7322
6.32623,7321
6.32717,7320
6.32811,7319
6.32905,7318
6.33,7317
6.37468,7316
6.3757,7315
6.37776,7314
6.37876,7313
6.37987,7312
6.38109,7311
6.38213,7310
6.48144,7309
6.48296,7308
6.49777,7307
6.4988,7306
6.49978,7305
6.50138,7304
6.50239,7303
6.50336,7302
6.50432,7301
6.50722,7300
6.54115,7299
6.54213,7298
6.54309,7297
6.54412,7296
6.54507,7295
6.54601,7294
6.54695,7293
6.54788,7292
6.54881,7291
6.54975,7290
6.55068,7289
6.59732,7288
6.59832,7287
6.5993,7286
6.6003,7285
6.60127,7284
6.60221,7283
6.60315,7282
6.60409,7281
6.60501,7280
6.60594,7279
6.65776,7278
6.65875,7277
6.65972,7276
6.66068,7275
6.66163,7274
6.66258,7273
6.66353,7272
6.66446,7271
6.6654,7270
6.66633,7269
6.66725,7268
6.71472,7267
6.71585,7266
6.71688,7265
6.71848,7264
6.71998,7263
6.72243,7262
6.72347,7261
6.72457,7260
6.72562,7259
6.7267,7258
6.72781,7257
6.73029,7256
6.73144,7255
6.73259,7254
6.73373,7253
6.73474,7252
6.73569,7251
6.73662,7250
6.82352,7249
6.8245,7248
6.82546,7247
6.82642,7246
6.82736,7245
6.82838,7244
6.82951,7243
6.83046,7242
6.83139,7241
6.83233,7240
6.83325,7239
6.87727,7238
6.87823,7237
6.87918,7236
6.88012,7235
6.88106,7234
6.882,7233
6.88293,7232
6.88386,7231
6.92276,7230
6.92378,7229
6.92475,7228
6.9257,7227
6.92665,7226
6.92813,7225
6.92909,7224
6.93004,7223
6.93098,7222
6.93216,7221
6.94142,7220
6.94452,7219
6.94549,7218
6.94646,7217
6.94741,7216
6.94838,7215
6.94938,7214
6.95033,7213
6.95129,7212
6.95224,7211
6.95334,7210
7.04143,7209
7.0424,7208
7.04336,7207
7.04432,7206
7.04526,7205
7.0462,7204
7.04713,7203
7.04817,7202
7.0491,7201
7.05002,7200
7.05093,7199
7.10646,7198
7.1074,7197
7.10833,7196
7.10925,7195
7.11027,7194
7.11122,7193
7.11226,7192
7.1132,7191
7.11411,7190
7.11502,7189
7.14957,7188
7.15054,7187
7.15145,7186
7.15241,7185
7.15333,7184
7.15424,7183
7.15515,7182
7.15605,7181
7.15693,7180
7.15784,7179
7.15873,7178
7.22263,7177
7.22362,7176
7.22456,7175
7.22548,7174
7.22638,7173
7.22728,7172
7.22818,7171
7.22907,7170
7.22998,7169
7.23095,7168
7.23185,7167
7.28257,7166
7.28355,7165
7.28447,7164
7.28538,7163
7.28631,7162
7.28722,7161
7.28813,7160
7.28905,7159
7.28997,7158
7.29088,7157
7.29178,7156
7.34959,7155
7.35055,7154
7.35342,7153
7.35438,7152
7.35531,7151
7.35624,7150
7.35717,7149
7.35808,7148
7.38406,7147
7.38505,7146
7.38601,7145
7.38699,7144
7.38794,7143
7.38885,7142
7.38978,7141
7.3908,7140
7.39182,7139
7.39272,7138
7.39364,7137
7.43041,7136
7.43136,7135
7.43231,7134
7.43326,7133
7.43417,7132
7.43509,7131
7.436,7130
7.4369,7129
7.43782,7128
7.43873,7127
7.43963,7126
7.4867,7125
7.48766,7124
7.48859,7123
7.48953,7122
7.49046,7121
7.49138,7120
7.49236,7119
7.49329,7118
7.49427,7117
7.49518,7116
7.52259,7115
7.52357,7114
7.5245,7113
7.52543,7112
7.52636,7111
7.52728,7110
7.52821,7109
7.52913,7108
7.53005,7107
7.53097,7106
7.5319,7105
7.54199,7104
7.54297,7103
7.5439,7102
7.54482,7101
7.54573,7100
7.54664,7099
7.54754,7098
7.54844,7097
7.54933,7096
7.55022,7095
7.55111,7094
7.65726,7093
7.65821,7092
7.65922,7091
7.66013,7090
7.66102,7089
7.66191,7088
7.66283,7087
7.66374,7086
7.66464,7085
7.66553,7084
7.66642,7083
7.69734,7082
7.69831,7081
7.69924,7080
7.70016,7079
7.70108,7078
7.70199,7077
7.70291,7076
7.70382,7075
7.70473,7074
7.70563,7073
7.70653,7072
7.74759,7071
7.74852,7070
7.74953,7069
7.75046,7068
7.75136,7067
7.75226,7066
7.75322,7065
7.75414,7064
7.75505,7063
7.75597,7062
7.75688,7061
7.80264,7060
7.80359,7059
7.8049,7058
7.8058,7057
7.80671,7056
7.80761,7055
7.8085,7054
7.80939,7053
7.81028,7052
7.81117,7051
7.85224,7050
7.85324,7049
7.85414,7048
7.85502,7047
7.85591,7046
7.85681,7045
7.8577,7044
7.85859,7043
7.85948,7042
7.86038,7041
7.86126,7040
7.86215,7039
7.92015,7038
7.9211,7037
7.922,7036
7.92294,7035
7.92386,7034
7.92477,7033
7.92567,7032
7.92657,7031
7.92746,7030
7.92834,7029
7.97421,7028
7.97518,7027
7.97611,7026
7.97704,7025
7.97794,7024
7.97883,7023
7.97971,7022
7.9806,7021
7.98148,7020
7.98238,7019
7.98327,7018
7.98417,7017
8.01615,7016
8.01706,7015
8.01795,7014
8.01884,7013
8.01973,7012
8.02062,7011
8.02155,7010
8.02246,7009
8.02339,7008
8.05336,7007
8.06449,7006
8.06554,7005
8.06645,7004
8.06738,7003
8.06828,7002
8.06917,7001
8.07009,7000
8.07099,6999
8.07188,6998
8.07278,6997
8.07368,6996
8.12826,6995
8.12922,6994
8.13012,6993
8.13105,6992
8.13196,6991
8.13286,6990
8.13378,6989
8.13469,6988
8.13558,6987
8.1365,6986
8.1374,6985
8.1577,6984
8.16114,6983
8.16208,6982
8.16301,6981
8.16391,6980
8.16484,6979
8.16574,6978
8.16666,6977
8.1676,6976
8.21353,6975
8.2145,6974
8.21545,6973
8.21637,6972
8.21729,6971
8.21823,6970
8.21912,6969
8.22003,6968
8.22095,6967
8.22186,6966
8.22276,6965
8.27768,6964
8.27864,6963
8.2796,6962
8.28518,6961
8.28614,6960
8.28711,6959
8.28806,6958
8.28899,6957
8.28992,6956
8.29085,6955
8.34134,6954
8.34231,6953
8.34322,6952
8.34412,6951
8.34508,6950
8.34605,6949
8.34698,6948
8.34787,6947
8.35151,6946
8.39428,6945
8.39526,6944
8.39694,6943
8.3979,6942
8.39887,6941
8.39983,6940
8.40076,6939
8.40169,6938
8.43275,6937
8.43374,6936
8.44333,6935
8.44431,6934
8.44717,6933
8.44811,6932
8.44904,6931
8.44997,6930
8.4509,6929
8.45183,6928
8.45275,6927
8.49402,6926
8.49501,6925
8.49599,6924
8.49698,6923
8.49793,6922
8.49886,6921
8.49979,6920
8.50072,6919
8.50164,6918
8.50291,6917
8.50386,6916
8.53811,6915
8.53907,6914
8.54002,6913
8.54096,6912
8.5419,6911
8.54283,6910
8.54376,6909
8.54468,6908
8.5456,6907
8.54652,6906
8.59268,6905
8.59364,6904
8.5946,6903
8.59569,6902
8.59665,6901
8.59759,6900
8.59852,6899
8.59951,6898
8.60043,6897
8.60135,6896
8.60227,6895
8.6666,6894
8.66765,6893
8.66861,6892
8.66955,6891
8.67049,6890
8.67143,6889
8.67235,6888
8.67325,6887
8.67415,6886
8.67507,6885
8.67595,6884
8.72242,6883
8.72339,6882
8.72432,6881
8.72827,6880
8.72924,6879
8.73017,6878
8.7311,6877
8.73202,6876
8.73293,6875
8.73383,6874
8.80652,6873
8.80752,6872
8.81215,6871
8.81308,6870
8.81429,6869
8.81523,6868
8.81618,6867
8.84194,6866
8.84292,6865
8.84389,6864
8.84483,6863
8.84577,6862
8.8467,6861
8.84763,6860
8.84855,6859
8.84947,6858
8.85038,6857
8.89542,6856
8.89641,6855
8.89738,6854
8.89832,6853
8.89934,6852
8.90029,6851
8.90124,6850
8.90217,6849
8.9031,6848
8.90403,6847
8.90497,6846
8.94735,6845
8.94832,6844
8.94922,6843
8.95012,6842
8.95103,6841
8.95194,6840
8.95284,6839
8.95374,6838
8.95465,6837
8.95554,6836
8.95643,6835
9.00388,6834
9.00486,6833
9.00605,6832
9.00703,6831
9.00796,6830
9.00902,6829
9.00996,6828
9.0109,6827
9.01184,6826
9.01276,6825
9.06927,6824
9.07059,6823
9.07221,6822
9.07318,6821
9.07596,6820
9.07691,6819
9.07782,6818
9.07872,6817
9.07963,6816
9.13252,6815
9.1335,6814
9.13445,6813
9.13539,6812
9.13632,6811
9.13725,6810
9.13822,6809
9.13916,6808
9.14009,6807
9.14101,6806
9.14193,6805
9.19958,6804
9.20052,6803
9.2016,6802
9.20259,6801
9.20533,6800
9.20623,6799
9.20715,6798
9.20807,6797
9.20899,6796
9.26093,6795
9.26189,6794
9.26283,6793
9.26376,6792
9.26651,6791
9.26742,6790
9.26842,6789
9.26944,6788
9.29318,6787
9.29415,6786
9.29506,6785
9.29598,6784
9.29689,6783
9.29778,6782
9.2987,6781
9.2996,6780
9.30048,6779
9.30147,6778
9.3024,6777
9.35321,6776
9.35421,6775
9.35512,6774
9.35603,6773
9.35695,6772
9.35788,6771
9.35881,6770
9.3597,6769
9.3606,6768
9.36152,6767
9.3624,6766
9.4287,6765
9.42967,6764
9.43061,6763
9.43151,6762
9.43241,6761
9.43337,6760
9.43429,6759
9.43517,6758
9.43606,6757
9.43696,6756
9.43784,6755
9.44374,6754
9.44478,6753
9.44577,6752
9.44669,6751
9.4476,6750
9.4485,6749
9.44939,6748
9.45028,6747
9.45119,6746
9.45207,6745
9.45296,6744
9.55192,6743
9.55286,6742
9.55376,6741
9.55469,6740
9.55566,6739
9.55659,6738
9.55751,6737
9.55846,6736
9.55938,6735
9.56028,6734
9.5612,6733
9.56823,6732
9.56921,6731
9.57015,6730
9.5711,6729
9.57206,6728
9.57295,6727
9.57385,6726
9.57477,6725
9.57566,6724
9.57656,6723
9.65306,6722
9.65479,6721
9.65744,6720
9.65841,6719
9.65932,6718
9.66023,6717
9.66116,6716
9.68174,6715
9.6828,6714
9.6837,6713
9.6847,6712
9.70615,6711
9.70711,6710
9.708,6709
9.70896,6708
9.70987,6707
9.71076,6706
9.71166,6705
9.71259,6704
9.71348,6703
9.71437,6702
9.71528,6701
9.76128,6700
9.76224,6699
9.76316,6698
9.76404,6697
9.765,6696
9.76592,6695
9.76681,6694
9.76769,6693
9.76868,6692
9.76992,6691
9.77113,6690
9.83753,6689
9.83846,6688
9.83938,6687
9.84029,6686
9.8412,6685
9.84211,6684
9.843,6683
9.84389,6682
9.84479,6681
9.84567,6680
9.84655,6679
9.89786,6678
9.89882,6677
9.89973,6676
9.90062,6675
9.90154,6674
9.90243,6673
9.90331,6672
9.9042,6671
9.90517,6670
9.90612,6669
9.90706,6668
9.9532,6667
9.95412,6666
9.95502,6665
9.9559,6664
9.9568,6663
9.95783,6662
9.95881,6661
9.95976,6660
9.96073,6659
9.96163,6658
9.96252,6657
10.0072,6656
10.0081,6655
10.009,6654
10.0099,6653
10.0108,6652
10.0117,6651
10.0126,6650
10.0134,6649
10.0161,6648
10.0499,6647
10.0508,6646
10.0516,6645
10.0525,6644
10.0534,6643
10.0543,6642
10.0551,6641
10.056,6640
10.0587,6639
10.0596,6638
10.0606,6637
10.1126,6636
10.1135,6635
10.1144,6634
10.1153,6633
10.1162,6632
10.1171,6631
10.118,6630
10.1189,6629
10.1198,6628
10.1753,6627
10.1763,6626
10.1772,6625
10.1782,6624
10.1793,6623
10.1805,6622
10.1815,6621
10.1824,6620
10.1833,6619
10.1841,6618
10.185,6617
10.2302,6616
10.2311,6615
10.2321,6614
10.233,6613
10.2339,6612
10.2349,6611
10.2359,6610
10.237,6609
10.238,6608
10.2389,6607
10.2397,6606
10.3003,6605
10.3013,6604
10.3022,6603
10.3032,6602
10.3041,6601
10.305,6600
10.3059,6599
10.3068,6598
10.3077,6597
10.3086,6596
10.3095,6595
10.3111,6594
10.3121,6593
10.313,6592
10.3156,6591
10.3165,6590
10.3174,6589
10.3183,6588
10.3191,6587
10.32,6586
10.3918,6585
10.3928,6584
10.3937,6583
10.3946,6582
10.3955,6581
10.3964,6580
10.3975,6579
10.3984,6578
10.3993,6577
10.4002,6576
10.4011,6575
10.4629,6574
10.4639,6573
10.4665,6572
10.4674,6571
10.4682,6570
10.4691,6569
10.47,6568
10.4709,6567
10.4718,6566
10.5131,6565
10.5141,6564
10.5151,6563
10.5161,6562
10.517,6561
10.5179,6560
10.5188,6559
10.5198,6558
10.5207,6557
10.5216,6556
10.5225,6555
10.5512,6554
10.5522,6553
10.5531,6552
10.5541,6551
10.555,6550
10.5576,6549
10.5585,6548
10.5594,6547
10.5604,6546
10.5613,6545
10.5622,6544
10.6248,6543
10.6257,6542
10.6285,6541
10.6294,6540
10.6303,6539
10.6313,6538
10.6898,6537
10.6908,6536
10.6917,6535
10.6927,6534
10.6936,6533
10.6945,6532
10.6954,6531
10.6963,6530
10.6973,6529
10.6982,6528
10.6991,6527
10.7513,6526
10.7523,6525
10.7532,6524
10.7542,6523
10.7551,6522
10.756,6521
10.7569,6520
10.7579,6519
10.7588,6518
10.7597,6517
10.7606,6516
10.7918,6515
10.7928,6514
10.7937,6513
10.7947,6512
10.7956,6511
10.7965,6510
10.7974,6509
10.7983,6508
10.8,6507
10.8009,6506
10.8018,6505
10.8546,6504
10.8555,6503
10.8565,6502
10.8574,6501
10.8584,6500
10.8593,6499
10.8602,6498
10.8611,6497
10.862,6496
10.863,6495
10.8639,6494
10.9375,6493
10.9384,6492
10.9393,6491
10.9403,6490
10.9413,6489
10.9422,6488
10.9431,6487
10.944,6486
10.9449,6485
10.9458,6484
10.9879,6483
10.9889,6482
10.9898,6481
10.9908,6480
10.9918,6479
10.9927,6478
10.9936,6477
10.9945,6476
10.9954,6475
10.9963,6474
10.9972,6473
11.0375,6472
11.0385,6471
11.0394,6470
11.0404,6469
11.0431,6468
11.044,6467
11.0449,6466
11.0458,6465
11.0467,6464
11.1039,6463
11.1048,6462
11.1057,6461
11.1066,6460
11.1075,6459
11.1084,6458
11.1093,6457
11.1103,6456
11.1112,6455
11.1121,6454
11.113,6453
11.1447,6452
11.1457,6451
11.1466,6450
11.1475,6449
11.1484,6448
11.1494,6447
11.1503,6446
11.1512,6445
11.1522,6444
11.1531,6443
11.154,6442
11.1886,6441
11.1896,6440
11.1909,6439
11.1919,6438
11.1928,6437
11.1937,6436
11.1946,6435
11.1955,6434
11.1963,6433
11.1972,6432
11.1981,6431
11.2489,6430
11.2498,6429
11.2508,6428
11.2517,6427
11.2526,6426
11.2535,6425
11.2544,6424
11.2553,6423
11.2562,6422
11.2571,6421
11.2581,6420
11.317,6419
11.3179,6418
11.3188,6417
11.3197,6416
11.3206,6415
11.3216,6414
11.3225,6413
11.3233,6412
11.3242,6411
11.3253,6410
11.3262,6409
11.3616,6408
11.3626,6407
11.3635,6406
11.3644,6405
11.3653,6404
11.3662,6403
11.3671,6402
11.368,6401
11.3689,6400
11.3698,6399
11.3706,6398
11.4186,6397
11.4199,6396
11.4227,6395
11.4236,6394
11.4263,6393
11.4272,6392
11.4281,6391
11.4729,6390
11.4761,6389
11.477,6388
11.4779,6387
11.4788,6386
11.4797,6385
11.4806,6384
11.4815,6383
11.4824,6382
11.5298,6381
11.5307,6380
11.5316,6379
11.5325,6378
11.5334,6377
11.5342,6376
11.5352,6375
11.5361,6374
11.537,6373
11.5379,6372
11.5388,6371
11.5962,6370
11.5971,6369
11.598,6368
11.5989,6367
11.5998,6366
11.6007,6365
11.6016,6364
11.6025,6363
11.6034,6362
11.6043,6361
11.6052,6360
11.6457,6359
11.6467,6358
11.6477,6357
11.6486,6356
11.6495,6355
11.6504,6354
11.6513,6353
11.6522,6352
11.6531,6351
11.654,6350
11.6548,6349
11.6723,6348
11.6733,6347
11.6742,6346
11.6751,6345
11.676,6344
11.6769,6343
11.6779,6342
11.6787,6341
11.6796,6340
11.6805,6339
11.6814,6338
11.6923,6337
11.6932,6336
11.6941,6335
11.6968,6334
11.6976,6333
11.6985,6332
11.6994,6331
11.7003,6330
11.7012,6329
11.7021,6328
11.703,6327
11.7056,6326
11.7064,6325
11.7073,6324
11.7082,6323
11.709,6322
11.7099,6321
11.7107,6320
11.7116,6319
11.8486,6318
11.8495,6317
11.8505,6316
11.8514,6315
11.8523,6314
11.8532,6313
11.8542,6312
11.855,6311
11.856,6310
11.8568,6309
11.8577,6308
11.9193,6307
11.9202,6306
11.9212,6305
11.9223,6304
11.9424,6303
11.9434,6302
11.9443,6301
11.9453,6300
11.9462,6299
11.9475,6298
11.9484,6297
11.9772,6296
11.9781,6295
11.979,6294
11.98,6293
11.9809,6292
11.9818,6291
11.9827,6290
11.9836,6289
11.9846,6288
11.9855,6287
11.9864,6286
12.0276,6285
12.0285,6284
12.0295,6283
12.0304,6282
12.0314,6281
12.0323,6280
12.0332,6279
12.0341,6278
12.0349,6277
12.0974,6276
12.0984,6275
12.0993,6274
12.1002,6273
12.1012,6272
12.1021,6271
12.103,6270
12.1039,6269
12.1048,6268
12.1057,6267
12.1066,6266
12.1497,6265
12.1506,6264
12.1515,6263
12.1523,6262
12.1532,6261
12.1541,6260
12.1551,6259
12.156,6258
12.1569,6257
12.1578,6256
12.1587,6255
12.2205,6254
12.2215,6253
12.2224,6252
12.2234,6251
12.2243,6250
12.227,6249
12.2281,6248
12.2292,6247
12.2302,6246
12.2329,6245
12.2781,6244
12.2791,6243
12.28,6242
12.2848,6241
12.2857,6240
12.2866,6239
12.2875,6238
12.2884,6237
12.2894,6236
12.2903,6235
12.2912,6234
12.3052,6233
12.3063,6232
12.3072,6231
12.3081,6230
12.309,6229
12.3099,6228
12.3108,6227
12.3117,6226
12.3125,6225
12.3134,6224
12.3143,6223
12.3644,6222
12.3653,6221
12.3662,6220
12.3671,6219
12.368,6218
12.3689,6217
12.3698,6216
12.3709,6215
12.3718,6214
12.3727,6213
12.3736,6212
12.4162,6211
12.4172,6210
12.4181,6209
12.419,6208
12.4199,6207
12.4208,6206
12.4216,6205
12.4225,6204
12.4655,6203
12.4753,6202
12.4763,6201
12.4771,6200
12.4781,6199
12.479,6198
12.4799,6197
12.4808,6196
12.4817,6195
12.4826,6194
12.4837,6193
12.4846,6192
12.5443,6191
12.5453,6190
12.5462,6189
12.5471,6188
12.548,6187
12.5488,6186
12.5791,6185
12.5801,6184
12.5811,6183
12.582,6182
12.5829,6181
12.603,6180
12.604,6179
12.6048,6178
12.6057,6177
12.6066,6176
12.6075,6175
12.6083,6174
12.6092,6173
12.6101,6172
12.611,6171
12.6118,6170
12.6127,6169
12.6514,6168
12.6523,6167
12.6532,6166
12.6541,6165
12.655,6164
12.6559,6163
12.6568,6162
12.6577,6161
12.6585,6160
12.6594,6159
12.6603,6158
12.6934,6157
12.6944,6156
12.6953,6155
12.6962,6154
12.6972,6153
12.6981,6152
12.699,6151
12.6999,6150
12.7019,6149
12.7028,6148
12.7037,6147
12.76,6146
12.761,6145
12.7619,6144
12.7628,6143
12.7638,6142
12.7647,6141
12.7656,6140
12.7665,6139
12.7674,6138
12.7683,6137
12.7692,6136
12.8213,6135
12.8223,6134
12.8232,6133
12.8241,6132
12.8251,6131
12.826,6130
12.8269,6129
12.8278,6128
12.8287,6127
12.8296,6126
12.8305,6125
12.8803,6124
12.8812,6123
12.8822,6122
12.8831,6121
12.8841,6120
12.885,6119
12.8859,6118
12.8868,6117
12.8877,6116
12.8886,6115
12.9253,6114
12.9263,6113
12.9272,6112
12.9282,6111
12.9291,6110
12.93,6109
12.9309,6108
12.9322,6107
12.9331,6106
12.934,6105
12.9349,6104
12.9832,6103
12.9842,6102
12.9852,6101
12.9861,6100
12.9871,6099
12.988,6098
12.9889,6097
12.9898,6096
12.9907,6095
12.9916,6094
12.9925,6093
13.0337,6092
13.0347,6091
13.0356,6090
13.0365,6089
13.0374,6088
13.0383,6087
13.0391,6086
13.04,6085
13.0427,6084
13.0962,6083
13.0972,6082
13.0981,6081
13.0991,6080
13.1,6079
13.1009,6078
13.1017,6077
13.1027,6076
13.1035,6075
13.1045,6074
13.1054,6073
13.1434,6072
13.1445,6071
13.1455,6070
13.1464,6069
13.1473,6068
13.1482,6067
13.1491,6066
13.15,6065
13.1509,6064
13.1518,6063
13.1527,6062
13.2005,6061
13.2015,6060
13.2024,6059
13.2033,6058
13.2042,6057
13.2051,6056
13.2061,6055
13.207,6054
13.2096,6053
13.2464,6052
13.2474,6051
13.25,6050
13.2508,6049
13.2517,6048
13.2526,6047
13.2535,6046
13.2543,6045
13.2552,6044
13.256,6043
13.3009,6042
13.3018,6041
13.3027,6040
13.3137,6039
13.3147,6038
13.3156,6037
13.3183,6036
13.3191,6035
13.32,6034
13.3471,6033
13.348,6032
13.3491,6031
13.35,6030
13.3509,6029
13.3518,6028
13.3528,6027
13.3537,6026
13.3546,6025
13.3555,6024
13.3564,6023
13.4034,6022
13.4043,6021
13.4052,6020
13.4061,6019
13.407,6018
13.4081,6017
13.409,6016
13.4098,6015
13.4107,6014
13.4116,6013
13.4124,6012
13.5645,6011
13.5655,6010
13.5664,6009
13.5673,6008
13.5682,6007
13.569,6006
13.5699,6005
13.5707,6004
13.5716,6003
13.5725,6002
13.5733,6001
13.5742,6000
13.631,5999
13.6319,5998
13.6328,5997
13.6355,5996
13.638,5995
13.6389,5994
13.6398,5993
13.7241,5992
13.725,5991
13.7265,5990
13.7296,5989
13.7307,5988
13.7316,5987
13.7326,5986
13.7335,5985
13.7344,5984
13.7916,5983
13.7926,5982
13.7935,5981
13.7944,5980
13.7953,5979
13.7962,5978
13.7971,5977
13.798,5976
13.7989,5975
13.7997,5974
13.8006,5973
13.8209,5972
13.8218,5971
13.8227,5970
13.8236,5969
13.8245,5968
13.8254,5967
13.8263,5966
13.8272,5965
13.8281,5964
13.8801,5963
13.881,5962
13.8819,5961
13.8828,5960
13.8854,5959
13.8862,5958
13.8871,5957
13.8879,5956
13.8888,5955
13.931,5954
13.932,5953
13.9329,5952
13.9338,5951
13.9346,5950
13.9355,5949
13.9365,5948
13.9373,5947
13.9382,5946
13.939,5945
13.9399,5944
13.951,5943
13.9519,5942
13.9528,5941
13.9537,5940
13.9546,5939
13.9555,5938
13.9563,5937
13.9572,5936
13.9581,5935
13.9589,5934
13.9598,5933
13.9607,5932
14.0363,5931
14.0372,5930
14.0381,5929
14.039,5928
14.0399,5927
14.0407,5926
14.0433,5925
14.0442,5924
14.045,5923
14.0969,5922
14.0978,5921
14.0986,5920
14.0995,5919
14.1004,5918
14.1013,5917
14.1021,5916
14.103,5915
14.1039,5914
14.1048,5913
14.1056,5912
14.1086,5911
14.1095,5910
14.1104,5909
14.1113,5908
14.1121,5907
14.113,5906
14.1155,5905
14.1164,5904
14.2102,5903
14.2111,5902
14.212,5901
14.2129,5900
14.2138,5899
14.2147,5898
14.2156,5897
14.2165,5896
14.2174,5895
14.2182,5894
14.2191,5893
14.2692,5892
14.2701,5891
14.2711,5890
14.2719,5889
14.2728,5888
14.2736,5887
14.2745,5886
14.2753,5885
14.2762,5884
14.277,5883
14.31,5882
14.3127,5881
14.3136,5880
14.3145,5879
14.3154,5878
14.3162,5877
14.3188,5876
14.3613,5875
14.3623,5874
14.3634,5873
14.3645,5872
14.3654,5871
14.3663,5870
14.3671,5869
14.368,5868
14.3689,5867
14.3697,5866
14.3706,5865
14.3714,5864
14.4486,5863
14.4494,5862
14.4503,5861
14.4512,5860
14.452,5859
14.4529,5858
14.4538,5857
14.4547,5856
14.4556,5855
14.4564,5854
14.4573,5853
14.4983,5852
14.4992,5851
14.5001,5850
14.5009,5849
14.5018,5848
14.5027,5847
14.5035,5846
14.5044,5845
14.5052,5844
14.5061,5843
14.5069,5842
14.5078,5841
14.5365,5840
14.5374,5839
14.5382,5838
14.5391,5837
14.5417,5836
14.5425,5835
14.5434,5834
14.5443,5833
14.5452,5832
14.6016,5831
14.6025,5830
14.6034,5829
14.6043,5828
14.6051,5827
14.606,5826
14.6069,5825
14.6078,5824
14.6086,5823
14.6095,5822
14.6103,5821
14.6314,5820
14.6323,5819
14.6332,5818
14.6341,5817
14.6349,5816
14.6358,5815
14.6367,5814
14.6379,5813
14.64,5812
14.6409,5811
14.6417,5810
14.6426,5809
14.705,5808
14.7077,5807
14.7086,5806
14.7112,5805
14.7121,5804
14.713,5803
14.7737,5802
14.7746,5801
14.7755,5800
14.7763,5799
14.7773,5798
14.7782,5797
14.7791,5796
14.78,5795
14.8422,5794
14.8435,5793
14.8444,5792
14.8453,5791
14.8462,5790
14.8471,5789
14.8479,5788
14.8488,5787
14.8497,5786
14.8505,5785
14.8514,5784
14.9026,5783
14.9035,5782
14.9044,5781
14.9053,5780
14.9062,5779
14.9071,5778
14.9079,5777
14.9088,5776
14.9098,5775
14.9107,5774
14.9116,5773
14.9124,5772
14.9133,5771
14.9142,5770
14.915,5769
14.9159,5768
14.9168,5767
14.9176,5766
14.9185,5765
14.9194,5764
14.9202,5763
14.9211,5762
14.922,5761
14.9862,5760
14.9926,5759
14.9935,5758
14.9944,5757
14.9953,5756
15.0458,5755
15.0505,5754
15.0514,5753
15.0523,5752
15.0532,5751
15.0541,5750
15.055,5749
15.1135,5748
15.1145,5747
15.1154,5746
15.1163,5745
15.1172,5744
15.1181,5743
15.119,5742
15.1199,5741
15.1208,5740
15.1216,5739
15.1226,5738
15.1627,5737
15.1637,5736
15.1647,5735
15.1656,5734
15.1665,5733
15.1691,5732
15.17,5731
15.1709,5730
15.1718,5729
15.203,5728
15.2039,5727
15.205,5726
15.2059,5725
15.2068,5724
15.2077,5723
15.2086,5722
15.2095,5721
15.2104,5720
15.2113,5719
15.2122,5718
15.2708,5717
15.2717,5716
15.2743,5715
15.2752,5714
15.2761,5713
15.2769,5712
15.2778,5711
15.2787,5710
15.2795,5709
15.2804,5708
15.3221,5707
15.323,5706
15.3238,5705
15.3247,5704
15.3256,5703
15.3991,5702
15.4,5701
15.4009,5700
15.4018,5699
15.4027,5698
15.4036,5697
15.4045,5696
15.4054,5695
15.4602,5694
15.4611,5693
15.462,5692
15.4663,5691
15.4671,5690
15.468,5689
15.4691,5688
15.5218,5687
15.5262,5686
15.5271,5685
15.528,5684
15.5289,5683
15.5298,5682
15.5307,5681
15.5867,5680
15.5877,5679
15.5892,5678
15.5901,5677
15.591,5676
15.5919,5675
15.5933,5674
15.5942,5673
15.595,5672
15.5959,5671
15.5974,5670
15.612,5669
15.6135,5668
15.6145,5667
15.6155,5666
15.6166,5665
15.6176,5664
15.6192,5663
15.6202,5662
15.6213,5661
15.6226,5660
15.7275,5659
15.7288,5658
15.7297,5657
15.7306,5656
15.7314,5655
15.7323,5654
15.7332,5653
15.7341,5652
15.7349,5651
15.7358,5650
15.7557,5649
15.7567,5648
15.7576,5647
15.7585,5646
15.7593,5645
15.7602,5644
15.7611,5643
15.762,5642
15.7628,5641
15.7637,5640
15.7664,5639
15.7673,5638
15.7682,5637
15.769,5636
15.7699,5635
15.7726,5634
15.7735,5633
15.7743,5632
15.9069,5631
15.9078,5630
15.9106,5629
15.9115,5628
15.9123,5627
15.9132,5626
15.9141,5625
15.915,5624
15.9371,5623
15.938,5622
15.9388,5621
15.9397,5620
15.9406,5619
15.9415,5618
15.9423,5617
15.9432,5616
15.9441,5615
15.9449,5614
15.9458,5613
15.9854,5612
15.9881,5611
15.9889,5610
15.9898,5609
15.9907,5608
15.9915,5607
15.9924,5606
15.9933,5605
15.9941,5604
15.995,5603
16.0462,5602
16.0471,5601
16.048,5600
16.0506,5599
16.0515,5598
16.0523,5597
16.0532,5596
16.054,5595
16.0549,5594
16.1217,5593
16.1226,5592
16.1235,5591
16.1244,5590
16.1252,5589
16.1261,5588
16.1269,5587
16.1277,5586
16.1286,5585
16.1294,5584
16.1303,5583
16.1311,5582
16.1623,5581
16.1632,5580
16.164,5579
16.1649,5578
16.1657,5577
16.1666,5576
16.1674,5575
16.1682,5574
16.1691,5573
16.1699,5572
16.1708,5571
16.1716,5570
16.211,5569
16.212,5568
16.2129,5567
16.2137,5566
16.2146,5565
16.2154,5564
16.2163,5563
16.2171,5562
16.2179,5561
16.2188,5560
16.2197,5559
16.2762,5558
16.2771,5557
16.278,5556
16.2788,5555
16.2814,5554
16.2822,5553
16.2831,5552
16.2839,5551
16.2848,5550
16.341,5549
16.342,5548
16.3428,5547
16.3437,5546
16.3445,5545
16.3454,5544
16.3462,5543
16.347,5542
16.3479,5541
16.3487,5540
16.3495,5539
16.399,5538
16.3999,5537
16.4008,5536
16.4033,5535
16.4042,5534
16.4067,5533
16.4075,5532
16.4426,5531
16.4435,5530
16.4443,5529
16.4451,5528
16.446,5527
16.4468,5526
16.4477,5525
16.4485,5524
16.4969,5523
16.4979,5522
16.4987,5521
16.4996,5520
16.504,5519
16.5049,5518
16.5057,5517
16.5066,5516
16.5489,5515
16.5515,5514
16.5541,5513
16.5569,5512
16.5579,5511
16.5897,5510
16.5906,5509
16.5915,5508
16.5924,5507
16.5933,5506
16.5941,5505
16.595,5504
16.5963,5503
16.5971,5502
16.598,5501
16.5989,5500
16.6624,5499
16.6634,5498
16.6642,5497
16.6651,5496
16.6659,5495
16.6668,5494
16.6676,5493
16.6703,5492
16.6712,5491
16.672,5490
16.7349,5489
16.7358,5488
16.7367,5487
16.7393,5486
16.7402,5485
16.7413,5484
16.7422,5483
16.743,5482
16.7439,5481
16.7704,5480
16.7713,5479
16.7722,5478
16.7731,5477
16.7739,5476
16.7748,5475
16.7757,5474
16.7766,5473
16.7774,5472
16.7783,5471
16.7792,5470
16.7801,5469
16.8214,5468
16.8223,5467
16.8232,5466
16.824,5465
16.8266,5464
16.8694,5463
16.8703,5462
16.8733,5461
16.8742,5460
16.8751,5459
16.8759,5458
16.8768,5457
16.8778,5456
16.8787,5455
16.8797,5454
16.8805,5453
16.8814,5452
16.8823,5451
16.9232,5450
16.9242,5449
16.925,5448
16.926,5447
16.9269,5446
16.9278,5445
16.9286,5444
16.9295,5443
16.9304,5442
16.9312,5441
16.9321,5440
16.933,5439
16.965,5438
16.9659,5437
16.9668,5436
16.9677,5435
16.9686,5434
16.9695,5433
16.9704,5432
16.9713,5431
16.9721,5430
16.973,5429
16.9739,5428
17.0296,5427
17.0306,5426
17.0315,5425
17.0324,5424
17.0333,5423
17.0342,5422
17.035,5421
17.0359,5420
17.0368,5419
17.0377,5418
17.0386,5417
17.0821,5416
17.0855,5415
17.0864,5414
17.0873,5413
17.0882,5412
17.0891,5411
17.09,5410
17.0909,5409
17.0918,5408
17.1378,5407
17.1387,5406
17.1396,5405
17.1427,5404
17.1436,5403
17.1444,5402
17.1453,5401
17.1463,5400
17.1471,5399
17.148,5398
17.206,5397
17.2069,5396
17.2078,5395
17.2087,5394
17.2096,5393
17.2125,5392
17.2134,5391
17.2143,5390
17.2151,5389
17.2583,5388
17.2592,5387
17.2601,5386
17.2609,5385
17.2618,5384
17.2627,5383
17.2635,5382
17.2644,5381
17.2652,5380
17.2661,5379
17.3108,5378
17.3118,5377
17.3126,5376
17.3135,5375
17.3144,5374
17.3153,5373
17.3161,5372
17.317,5371
17.3179,5370
17.3187,5369
17.3196,5368
17.371,5367
17.3719,5366
17.3728,5365
17.3754,5364
17.3762,5363
17.3772,5362
17.378,5361
17.3789,5360
17.3798,5359
17.4222,5358
17.4232,5357
17.4241,5356
17.4249,5355
17.4258,5354
17.4285,5353
17.4311,5352
17.4702,5351
17.4711,5350
17.472,5349
17.4729,5348
17.4737,5347
17.4746,5346
17.4754,5345
17.4763,5344
17.4771,5343
17.4779,5342
17.4788,5341
17.4796,5340
17.521,5339
17.5219,5338
17.5245,5337
17.5253,5336
17.5262,5335
17.527,5334
17.5279,5333
17.5287,5332
17.5296,5331
17.5304,5330
17.5729,5329
17.5737,5328
17.5747,5327
17.5755,5326
17.5764,5325
17.5773,5324
17.5781,5323
17.5789,5322
17.5798,5321
17.5807,5320
17.5815,5319
17.6211,5318
17.6219,5317
17.6228,5316
17.6253,5315
17.6262,5314
17.6272,5313
17.6285,5312
17.6352,5311
17.6361,5310
17.6386,5309
17.6395,5308
17.6404,5307
17.6412,5306
17.642,5305
17.6429,5304
17.6438,5303
17.6446,5302
17.7354,5301
17.7363,5300
17.7372,5299
17.738,5298
17.7389,5297
17.7399,5296
17.7408,5295
17.7416,5294
17.7425,5293
17.7433,5292
17.7441,5291
17.745,5290
17.7988,5289
17.7997,5288
17.8022,5287
17.8031,5286
17.8039,5285
17.8048,5284
17.8057,5283
17.8065,5282
17.8074,5281
17.8082,5280
17.8364,5279
17.8373,5278
17.8398,5277
17.8423,5276
17.8431,5275
17.844,5274
17.8448,5273
17.8893,5272
17.8902,5271
17.8911,5270
17.8919,5269
17.8928,5268
17.8937,5267
17.8945,5266
17.8954,5265
17.8962,5264
17.8972,5263
17.898,5262
17.8988,5261
17.9426,5260
17.9451,5259
17.9461,5258
17.947,5257
17.9479,5256
17.9487,5255
17.9496,5254
17.9504,5253
17.9513,5252
17.9521,5251
17.953,5250
17.9538,5249
17.9884,5248
17.9892,5247
17.9901,5246
17.991,5245
17.9918,5244
17.9927,5243
17.9936,5242
17.9944,5241
17.9952,5240
17.9962,5239
17.997,5238
18.0415,5237
18.0424,5236
18.0456,5235
18.0465,5234
18.0474,5233
18.0483,5232
18.0492,5231
18.05,5230
18.1187,5229
18.1196,5228
18.1204,5227
18.1213,5226
18.1256,5225
18.1696,5224
18.1706,5223
18.1718,5222
18.1727,5221
18.1736,5220
18.1744,5219
18.1753,5218
18.1761,5217
18.177,5216
18.1781,5215
18.2268,5214
18.2277,5213
18.2302,5212
18.231,5211
18.2771,5210
18.278,5209
18.2788,5208
18.2796,5207
18.2805,5206
18.2813,5205
18.2822,5204
18.283,5203
18.2838,5202
18.2847,5201
18.2856,5200
18.3274,5199
18.3283,5198
18.3292,5197
18.33,5196
18.3308,5195
18.3317,5194
18.3325,5193
18.3334,5192
18.3342,5191
18.3351,5190
18.3359,5189
18.3368,5188
18.37,5187
18.3709,5186
18.3717,5185
18.3726,5184
18.3734,5183
18.3742,5182
18.3751,5181
18.3759,5180
18.3767,5179
18.3775,5178
18.3784,5177
18.3792,5176
18.4229,5175
18.4237,5174
18.4262,5173
18.427,5172
18.4279,5171
18.4287,5170
18.4295,5169
18.4303,5168
18.4925,5167
18.4934,5166
18.4942,5165
18.4951,5164
18.4959,5163
18.4968,5162
18.4976,5161
18.4985,5160
18.4993,5159
18.5002,5158
18.501,5157
18.5421,5156
18.543,5155
18.5456,5154
18.5464,5153
18.5491,5152
18.55,5151
18.5748,5150
18.5773,5149
18.5782,5148
18.5794,5147
18.5803,5146
18.5812,5145
18.5821,5144
18.6293,5143
18.6319,5142
18.6327,5141
18.6335,5140
18.6343,5139
18.6352,5138
18.636,5137
18.6368,5136
18.6377,5135
18.6385,5134
18.6812,5133
18.6821,5132
18.6829,5131
18.6837,5130
18.6846,5129
18.6854,5128
18.6862,5127
18.6871,5126
18.6879,5125
18.6887,5124
18.7318,5123
18.7326,5122
18.7335,5121
18.7343,5120
18.7352,5119
18.7376,5118
18.7384,5117
18.7393,5116
18.7867,5115
18.7876,5114
18.7884,5113
18.796,5112
18.8391,5111
18.84,5110
18.8409,5109
18.8418,5108
18.8427,5107
18.8436,5106
18.8445,5105
18.8453,5104
18.8462,5103
18.847,5102
18.8479,5101
18.8923,5100
18.8932,5099
18.894,5098
18.8949,5097
18.8957,5096
18.8966,5095
18.8974,5094
18.8982,5093
18.8991,5092
18.9,5091
18.9429,5090
18.9456,5089
18.9464,5088
18.9473,5087
18.9515,5086
18.9523,5085
18.9723,5084
18.9732,5083
18.9741,5082
18.9761,5081
18.977,5080
18.9778,5079
18.9787,5078
18.9813,5077
18.9822,5076
19.0332,5075
19.0342,5074
19.0351,5073
19.036,5072
19.0369,5071
19.0378,5070
19.0387,5069
19.0396,5068
19.0404,5067
19.0413,5066
19.0421,5065
19.043,5064
19.1115,5063
19.1189,5062
19.1198,5061
19.1224,5060
19.1685,5059
19.1694,5058
19.1703,5057
19.1712,5056
19.1721,5055
19.173,5054
19.1738,5053
19.1747,5052
19.2458,5051
19.2467,5050
19.2512,5049
19.2521,5048
19.2529,5047
19.2555,5046
19.2722,5045
19.2731,5044
19.2741,5043
19.275,5042
19.2759,5041
19.2768,5040
19.2776,5039
19.3275,5038
19.3284,5037
19.3294,5036
19.3303,5035
19.3312,5034
19.3321,5033
19.333,5032
19.3356,5031
19.3949,5030
19.3958,5029
19.3967,5028
19.4395,5027
19.4404,5026
19.4413,5025
19.4439,5024
19.4448,5023
19.4457,5022
19.4465,5021
19.4474,5020
19.4482,5019
19.4883,5018
19.4892,5017
19.4901,5016
19.491,5015
19.4936,5014
19.4944,5013
19.497,5012
19.4978,5011
19.535,5010
19.5359,5009
19.5367,5008
19.5376,5007
19.5385,5006
19.5393,5005
19.5402,5004
19.541,5003
19.5419,5002
19.5427,5001
19.5878,5000
19.5887,4999
19.5895,4998
19.5904,4997
19.5929,4996
19.5938,4995
19.5946,4994
19.5955,4993
19.5964,4992
19.6411,4991
19.6422,4990
19.6431,4989
19.6439,4988
19.6481,4987
19.6489,4986
19.7134,4985
19.7142,4984
19.7151,4983
19.7159,4982
19.7185,4981
19.7193,4980
19.7683,4979
19.7692,4978
19.77,4977
19.7727,4976
19.7736,4975
19.7761,4974
19.7769,4973
19.8219,4972
19.8244,4971
19.8252,4970
19.8261,4969
19.8269,4968
19.8278,4967
19.9271,4966
19.9297,4965
19.9306,4964
19.9332,4963
19.9341,4962
19.9891,4961
19.99,4960
19.9909,4959
19.9918,4958
19.9927,4957
19.9936,4956
19.9944,4955
19.9953,4954
19.9979,4953
19.9988,4952
20.0479,4951
20.0488,4950
20.0497,4949
20.0506,4948
20.0532,4947
20.0541,4946
20.0566,4945
20.0677,4944
20.0703,4943
20.0711,4942
20.0737,4941
20.0745,4940
20.0753,4939
20.1464,4938
20.1473,4937
20.1498,4936
20.1539,4935
20.1548,4934
20.1556,4933
20.2009,4932
20.2051,4931
20.206,4930
20.2069,4929
20.2077,4928
20.2086,4927
20.2094,4926
20.2102,4925
20.2738,4924
20.2747,4923
20.2755,4922
20.2763,4921
20.2771,4920
20.278,4919
20.2789,4918
20.2797,4917
20.2806,4916
20.2815,4915
20.2823,4914
20.2832,4913
20.3206,4912
20.3215,4911
20.3223,4910
20.3232,4909
20.324,4908
20.3248,4907
20.3257,4906
20.3779,4905
20.3805,4904
20.3813,4903
20.3821,4902
20.383,4901
20.3838,4900
20.3846,4899
20.3855,4898
20.4418,4897
20.4427,4896
20.4451,4895
20.446,4894
20.4468,4893
20.4477,4892
20.4485,4891
20.4811,4890
20.4819,4889
20.4828,4888
20.4836,4887
20.4877,4886
20.4886,4885
20.4895,4884
20.4903,4883
20.4928,4882
20.4953,4881
20.5939,4880
20.5947,4879
20.5956,4878
20.5964,4877
20.5973,4876
20.5981,4875
20.6023,4874
20.6452,4873
20.6477,4872
20.6502,4871
20.6511,4870
20.6519,4869
20.7048,4868
20.7057,4867
20.7065,4866
20.7073,4865
20.7082,4864
20.709,4863
20.7131,4862
20.767,4861
20.7679,4860
20.7687,4859
20.7695,4858
20.7704,4857
20.7729,4856
20.8158,4855
20.8166,4854
20.8175,4853
20.8256,4852
20.9483,4851
20.9491,4850
20.9516,4849
20.9963,4848
20.9972,4847
21.0089,4846
21.0097,4845
21.0106,4844
21.0114,4843
21.0138,4842
21.0163,4841
21.1636,4840
21.2442,4839
21.2451,4838
21.2529,4837
21.2553,4836
21.258,4835
21.2635,4834
21.2967,4833
21.2975,4832
21.2984,4831
21.2992,4830
21.3001,4829
21.3009,4828
21.3035,4827
21.3044,4826
21.4216,4825
21.4242,4824
21.43,4823
21.4308,4822
21.4317,4821
21.4342,4820
21.4756,4819
21.4765,4818
21.479,4817
21.4799,4816
21.4825,4815
21.4836,4814
21.5667,4813
21.5675,4812
21.5684,4811
21.5727,4810
21.5739,4809
21.6053,4808
21.6062,4807
21.6105,4806
21.7181,4805
21.7189,4804
21.7198,4803
21.7588,4802
21.7597,4801
21.7639,4800
21.8264,4799
21.8291,4798
21.83,4797
21.8325,4796
21.8334,4795
21.8359,4794
21.8786,4793
21.8795,4792
21.882,4791
21.8828,4790
21.8837,4789
21.8845,4788
21.8853,4787
21.8862,4786
21.9313,4785
21.9322,4784
21.933,4783
21.9338,4782
21.9346,4781
21.937,4780
21.9378,4779
21.9387,4778
21.9803,4777
21.9812,4776
21.982,4775
21.9829,4774
21.9837,4773
21.9846,4772
21.9854,4771
21.9879,4770
21.9887,4769
21.9895,4768
22.0391,4767
22.04,4766
22.0426,4765
22.0435,4764
22.0444,4763
22.0453,4762
22.0462,4761
22.047,4760
22.0479,4759
22.1131,4758
22.114,4757
22.1165,4756
22.1173,4755
22.1181,4754
22.119,4753
22.1198,4752
22.1594,4751
22.1636,4750
22.1644,4749
22.2369,4748
22.2412,4747
22.2782,4746
22.2807,4745
22.2832,4744
22.2841,4743
22.285,4742
22.2859,4741
22.2867,4740
22.3421,4739
22.3429,4738
22.3437,4737
22.3446,4736
22.4385,4735
22.441,4734
22.4447,4733
22.4474,4732
22.539,4731
22.5434,4730
22.5443,4729
22.5457,4728
22.552,4727
22.5563,4726
22.5571,4725
22.558,4724
22.5588,4723
22.5597,4722
22.6809,4721
22.6818,4720
22.6875,4719
22.7073,4718
22.7082,4717
22.7109,4716
22.7139,4715
22.8074,4714
22.81,4713
22.8109,4712
22.8117,4711
22.947,4710
22.9479,4709
22.9488,4708
22.9496,4707
22.9555,4706
23.031,4705
23.0319,4704
23.0392,4703
23.0401,4702
23.0445,4701
23.0471,4700
23.0479,4699
23.0488,4698
23.0497,4697
23.0538,4696
23.1293,4695
23.1302,4694
23.131,4693
23.1385,4692
23.1409,4691
23.148,4690
23.2914,4689
23.2923,4688
23.2948,4687
23.2956,4686
23.2965,4685
23.2973,4684
23.2982,4683
23.299,4682
23.3467,4681
23.3493,4680
23.3501,4679
23.351,4678
23.3955,4677
23.403,4676
23.4039,4675
23.4542,4674
23.457,4673
23.4578,4672
23.4587,4671
23.4596,4670
23.5036,4669
23.5045,4668
23.5054,4667
23.5861,4666
23.6311,4665
23.6387,4664
23.8009,4663
23.8018,4662
23.8751,4661
23.8809,4660
23.8818,4659
23.9153,4658
23.9161,4657
23.9202,4656
23.921,4655
23.9219,4654
23.9989,4653
24.0014,4652
24.0163,4651
24.0172,4650
24.0989,4649
24.0998,4648
24.1813,4647
24.1822,4646
24.2595,4645
24.2603,4644
24.3455,4643
24.3463,4642
24.3488,4641
24.3512,4640
24.3521,4639
24.3529,4638
24.395,4637
24.3958,4636
24.3985,4635
24.4651,4634
24.4659,4633
24.4667,4632
24.4676,4631
24.4684,4630
24.6051,4629
24.6059,4628
24.6067,4627
24.6108,4626
24.6753,4625
24.6761,4624
24.677,4623
24.6778,4622
24.6786,4621
24.6811,4620
24.6819,4619
24.7205,4618
24.7214,4617
24.7257,4616
24.7266,4615
24.761,4614
24.7619,4613
24.7627,4612
24.7636,4611
24.8347,4610
24.8355,4609
24.8364,4608
24.8372,4607
24.9007,4606
24.9017,4605
24.9026,4604
24.9601,4603
24.9642,4602
24.9651,4601
25.0304,4600
25.038,4599
25.0837,4598
25.0846,4597
25.0946,4596
25.0954,4595
25.0963,4594
25.0971,4593
25.0983,4592
25.1646,4591
25.1654,4590
25.1663,4589
25.1671,4588
25.2157,4587
25.4765,4586
25.4773,4585
25.4798,4584
25.4807,4583
25.4817,4582
25.4826,4581
25.5339,4580
25.7575,4579
25.7585,4578
25.7594,4577
26.0297,4576
26.0306,4575
26.0348,4574
26.0925,4573
26.1586,4572
26.4249,4571
26.4257,4570
26.4266,4569
26.4876,4568
26.4885,4567
26.4894,4566
26.5469,4565
26.5494,4564
26.5503,4563
26.5962,4562
26.5988,4561
26.6979,4560
26.7005,4559
26.7013,4558
26.7022,4557
26.703,4556
26.7039,4555
26.7047,4554
26.7491,4553
26.8008,4552
26.8554,4551
26.858,4550
26.8589,4549
26.8614,4548
26.864,4547
26.9057,4546
26.9066,4545
27.1112,4544
27.112,4543
27.1128,4542
27.1137,4541
27.1145,4540
27.2264,4539
27.2272,4538
27.2281,4537
27.3086,4536
27.3095,4535
27.3501,4534
27.351,4533
27.3518,4532
27.3543,4531
27.3552,4530
27.3962,4529
27.3971,4528
27.4577,4527
27.502,4526
27.5061,4525
27.507,4524
27.5078,4523
27.5661,4522
27.5686,4521
27.5694,4520
27.6011,4519
27.6053,4518
27.6061,4517
27.8271,4516
27.828,4515
27.8288,4514
27.9811,4513
27.9853,4512
27.9861,4511
27.987,4510
28.0833,4509
28.1833,4508
28.1875,4507
28.8537,4506
28.8546,4505
29.9016,4504
29.9058,4503
30.4209,4502
30.4639,4501
30.4667,4500
30.4675,4499
30.4733,4498
30.5502,4497
30.5511,4496
32.7659,4495
32.7667,4494
32.7691,4493
32.7699,4492
32.9596,4491
32.9605,4490
32.9613,4489
32.9622,4488
32.963,4487
33.0139,4486
33.0149,4485
33.427,4484
33.4279,4483
33.4287,4482
34.0765,4481
34.0809,4480
34.0818,4479
34.0835,4478
34.0844,4477
34.0853,4476
34.0862,4475
34.1201,4474
34.121,4473
34.1219,4472
34.1243,4471
34.1252,4470
34.126,4469
34.186,4468
34.1868,4467
34.1876,4466
34.1952,4465
34.5386,4464
34.6168,4463
34.6193,4462
34.699,4461
34.6999,4460
34.7737,4459
34.7784,4458
34.7818,4457
34.8435,4456
34.939,4455
34.9399,4454
34.9407,4453
34.9415,4452
34.9457,4451
34.9783,4450
34.9792,4449
34.9801,4448
34.9825,4447
34.9834,4446
34.9842,4445
34.985,4444
35.0462,4443
35.0471,4442
35.048,4441
35.0488,4440
35.0496,4439
37.4306,4438
37.6667,4437
37.6676,4436
37.766,4435
37.7669,4434
37.9404,4433
37.996,4432
37.9968,4431
38.049,4430
38.1042,4429
38.105,4428
38.1075,4427
38.1604,4426
38.1614,4425
38.1623,4424
38.1632,4423
38.1641,4422
38.165,4421
38.2448,4420
38.2476,4419
38.2484,4418
40.1066,4417
40.3829,4416
40.4368,4415
43.5751,4414
43.5761,4413
43.6346,4412
43.8356,4411
43.8365,4410
43.8373,4409
43.9338,4408
43.9346,4407
44.4929,4406
44.5817,4405
44.5826,4404
44.5835,4403
44.5853,4402
44.5862,4401
44.5872,4400
44.5882,4399
44.589,4398
46.3986,4397
46.3995,4396
46.4004,4395
46.5985,4394
46.6753,4393
46.8124,4392
46.8133,4391
46.8529,4390
46.8538,4389
47.1224,4388
47.1233,4387
47.1241,4386
47.1723,4385
47.2069,4384
47.2094,4383
48.6121,4382
48.6146,4381
48.677,4380
48.6779,4379
48.6787,4378
48.6795,4377
48.6803,4376
48.6812,4375
48.7367,4374
51.5329,4373
51.5859,4372
51.6182,4371
51.6191,4370
51.62,4369
51.6722,4368
53.8833,4367
53.8842,4366
53.885,4365
53.9619,4364
54.4657,4363
54.5157,4362
54.5166,4361
54.5174,4360
54.5182,4359
54.5765,4358
54.5775,4357
54.5783,4356
54.635,4355
54.6358,4354
54.6367,4353
56.5756,4352
56.5936,4351
56.5945,4350
56.5953,4349
56.5961,4348
56.597,4347
56.6329,4346
56.6976,4345
56.7002,4344
57.4621,4343
57.4665,4342
57.5017,4341
57.5059,4340
57.619,4339
57.6232,4338
57.6241,4337
57.6253,4336
57.6687,4335
57.7897,4334
58.0633,4333
58.2241,4332
58.6121,4331
58.6129,4330
58.6566,4329
58.6913,4328
58.721,4327
59.3821,4326
59.6572,4325
59.6584,4324
59.6593,4323
59.6618,4322
59.7148,4321
59.7176,4320
59.7185,4319
59.7193,4318
59.7713,4317
59.7722,4316
59.7747,4315
59.7772,4314
59.8268,4313
60.3253,4312
60.3725,4311
60.4561,4310
60.5032,4309
60.504,4308
71.194,4307
71.1948,4306
71.1974,4305
71.1982,4304
71.2607,4303
71.2616,4302
71.2624,4301
71.2632,4300
71.2656,4299
73.3528,4298
73.5015,4297
73.5024,4296
73.5033,4295
73.7171,4294
73.8023,4293
73.8551,4292
73.856,4291
73.8945,4290
73.897,4289
73.8979,4288
73.95,4287
73.951,4286
73.9518,4285
73.9543,4284
73.9587,4283
74.0802,4282
74.652,4281
74.6529,4280
74.6538,4279
74.7452,4278
74.7478,4277
74.7844,4276
75.5593,4275
75.5602,4274
75.5611,4273
75.8403,4272
84.4298,4271
86.0311,4270
86.0362,4269
86.1159,4268
86.1167,4267
90.1088,4266
90.2985,4265
90.3027,4264
91.084,4263
91.0864,4262
91.0883,4261
91.1436,4260
91.1445,4259
91.2037,4258
91.2656,4257
91.2665,4256
91.2723,4255
91.4459,4254
91.4468,4253
91.4476,4252
91.5641,4251
92.8318,4250
92.8858,4249
92.8867,4248
92.9458,4247
92.9467,4246
92.9475,4245
92.9483,4244
93.0202,4243
93.2193,4242
93.2218,4241
93.2531,4240
93.2571,4239
93.258,4238
93.2588,4237
93.3614,4236
93.407,4235
93.4078,4234
93.4103,4233
93.6218,4232
93.6227,4231
93.6235,4230
93.7096,4229
93.8154,4228
93.8163,4227
93.8187,4226
93.8195,4225
93.9572,4224
93.9591,4223
94.3446,4222
94.3455,4221
94.3463,4220
94.3471,4219
94.3479,4218
94.6535,4217
94.6544,4216
94.6585,4215
97.7221,4214
97.8304,4213
97.8329,4212
97.8338,4211
97.8347,4210
97.8371,4209
97.838,4208
97.8388,4207
97.8396,4206
97.8405,4205
97.8911,4204
104.492,4203
104.765,4202
104.831,4201
104.834,4200
104.835,4199
105.49,4198
105.503,4197
105.607,4196
105.782,4195
105.783,4194
106.451,4193
109.999,4192
110,4191
110.138,4190
110.187,4189
110.237,4188
110.241,4187
110.242,4186
110.3,4185
110.301,4184
110.433,4183
110.434,4182
110.473,4181
110.574,4180
110.577,4179
120.324,4178
120.325,4177
120.371,4176
120.424,4175
131.455,4174
131.525,4173
131.525,4172
148.554,4171
148.592,4170
148.593,4169
148.594,4168
151.815,4167
151.816,4166
151.894,4165
151.895,4164
151.897,4163
151.898,4162
151.953,4161
152.183,4160
152.19,4159
152.191,4158
152.192,4157
152.226,4156
152.232,4155
152.233,4154
152.234,4153
152.291,4152
152.496,4151
152.497,4150
161.769,4149
161.771,4148
161.905,4147
161.975,4146
161.976,4145
162.009,4144
162.009,4143
162.01,4142
162.011,4141
162.012,4140
162.131,4139
162.134,4138
162.135,4137
162.229,4136
162.23,4135
170.034,4134
170.106,4133
170.107,4132
241.368,4131
241.402,4130
241.403,4129
241.457,4128
241.459,4127
241.46,4126
241.529,4125
268.633,4124
281.882,4123
284.759,4122
284.76,4121
285.267,4120
325.871,4119
325.906,4118
325.907,4117
325.908,4116
326.51,4115
326.511,4114
326.792,4113
327.327,4112
327.407,4111
327.408,4110
327.518,4109
327.519,4108
430.981,4107
430.982,4106
531.524,4105
531.63,4104
531.631,4103
531.748,4102
531.749,4101
627.332,4100
627.381,4099
627.382,4098
935.861,4097
935.879,4096
935.88,4095
991.046,4094
1026.45,4093
1105.61,4092
1106.52,4091
1596.73,4090
1596.86,4089
1596.86,4088
1596.87,4087
1596.91,4086
1596.91,4085
1596.92,4084
1596.92,4083
1596.92,4082
1596.95,4081
1596.95,4080
3739.86,4079
3739.87,4078
3739.88,4077
3740.03,4076
5409.01,4075
