0.000219695,197
0.000453116,196
0.000647975,195
0.000835671,194
0.00104023,193
0.0012408,192
0.00143958,191
0.00163782,190
0.00183848,189
0.00203257,188
0.00223264,187
0.00242685,186
0.00261636,185
0.00318233,184
0.00338182,183
0.00358445,182
0.00378888,181
0.0039926,180
0.0041981,179
0.00439636,178
0.00459621,177
0.00481221,176
0.00500437,175
0.00521541,174
0.0054575,173
0.00565663,172
0.00587639,171
0.0061248,170
0.00639327,169
0.00666527,168
0.00690117,167
0.00713065,166
0.014395,165
0.0151414,164
0.0182548,163
0.0560351,162
0.0594369,161
0.0852311,160
0.104788,159
0.106657,158
