0.000261535,197
0.000540792,196
0.00078572,195
0.00103679,194
0.00128364,193
0.00153263,192
0.00177901,191
0.00202142,190
0.00226929,189
0.00250438,188
0.00272431,187
0.00296968,186
0.00321956,185
0.00346672,184
0.00371183,183
0.00393521,182
0.00417123,181
0.00441923,180
0.00466306,179
0.00491018,178
0.0113939,177
0.0131166,176
0.0133649,175
0.0140469,174
0.0147269,173
0.0149636,172
0.0152522,171
0.0154805,170
0.015775,169
0.0160084,168
0.0162682,167
0.0322075,166
0.0334039,165
0.0336259,164
0.0338899,163
0.0373561,162
0.0783593,161
0.0791222,160
0.0979746,159
0.998838,158
