0.00025277,197
0.000529225,196
0.000759346,195
0.000993796,194
0.001217,193
0.00144675,192
0.00168259,191
0.00190868,190
0.00213959,189
0.00235964,188
0.00260441,187
0.00284525,186
0.00309102,185
0.00333351,184
0.00356831,183
0.00380426,182
0.00406205,181
0.00429977,180
0.00452312,179
0.00475943,178
0.00498024,177
0.0120638,176
0.0123165,175
0.0128378,174
0.0131435,173
0.0134012,172
0.0136507,171
0.0141288,170
0.0143693,169
0.0201896,168
0.0204564,167
0.020694,166
0.0217044,165
0.0239409,164
0.0310109,163
0.0497383,162
0.123366,161
0.140297,160
0.227978,159
0.24309,158
