0.000258554,197
0.000942422,196
0.00120354,195
0.00215957,194
0.00302783,193
0.00335445,192
0.00360419,191
0.00384935,190
0.00410617,189
0.00434036,188
0.00457977,187
0.00481858,186
0.00506638,185
0.00531183,184
0.00554668,183
0.00577948,182
0.00601804,181
0.00625346,180
0.0064872,179
0.00710361,178
0.007358,177
0.00760291,176
0.00784173,175
0.00812744,174
0.00836801,173
0.00860855,172
0.00888016,171
0.00912359,170
0.010015,169
0.0142723,168
0.0145399,167
0.0385296,166
0.0388115,165
0.0397266,164
0.0433627,163
0.057153,162
0.0574125,161
0.0924211,160
0.373342,159
0.482934,158
