0.000358311,197
0.000647283,196
0.000929491,195
0.00114482,194
0.00472923,193
0.00501373,192
0.00526772,191
0.00550038,190
0.00635029,189
0.00658992,188
0.00681199,187
0.00703257,186
0.00726926,185
0.00750338,184
0.00773873,183
0.00798034,182
0.00821975,181
0.00847724,180
0.00874263,179
0.00902457,178
0.00976312,177
0.0100066,176
0.0102504,175
0.0104979,174
0.0107345,173
0.0110384,172
0.0112976,171
0.0115519,170
0.0117926,169
0.0135066,168
0.0203989,167
0.021251,166
0.0215458,165
0.0217952,164
0.0229349,163
0.0287929,162
0.0729641,161
0.0802163,160
0.101859,159
0.108444,158
