0.000208933,197
0.000398892,196
0.000523364,195
0.000641825,194
0.000760054,193
0.000908656,192
0.00103459,191
0.00115255,190
0.00128505,189
0.001415,188
0.00154177,187
0.0017345,186
0.00192426,185
0.00206161,184
0.00224451,183
0.00236631,182
0.00248666,181
0.00261919,180
0.0027622,179
0.00288137,178
0.00300498,177
0.00336274,176
0.00348562,175
0.00360408,174
0.00394362,173
0.00407389,172
0.00419469,171
0.00481504,170
0.00493488,169
0.00506849,168
0.00524293,167
0.00538339,166
0.00593728,165
0.00675804,164
0.00867222,163
0.00896676,162
0.0114658,161
0.0116759,160
0.0558719,159
0.119065,158
