0.000238836,197
0.000487358,196
0.000695197,195
0.000902188,194
0.00110622,193
0.00131518,192
0.00152539,191
0.00173759,190
0.00194756,189
0.00215411,188
0.00236724,187
0.00257111,186
0.00300575,185
0.00327473,184
0.00352207,183
0.00423956,182
0.0044625,181
0.00565247,180
0.00590496,179
0.00615137,178
0.0063888,177
0.00662944,176
0.00690502,175
0.00717584,174
0.00797285,173
0.00978515,172
0.0108092,171
0.0110933,170
0.0113275,169
0.0115786,168
0.0121074,167
0.0152403,166
0.034063,165
0.0395264,164
0.0398401,163
0.0452385,162
0.0893435,161
0.1249,160
0.125188,159
0.140875,158
