0.000139565,197
0.000290838,196
0.000415555,195
0.000555742,194
0.00070103,193
0.000830796,192
0.000947711,191
0.00106507,190
0.0011841,189
0.00129996,188
0.00142336,187
0.00154342,186
0.00165902,185
0.00177471,184
0.00212998,183
0.00224782,182
0.00238728,181
0.0025118,180
0.00266843,179
0.00279399,178
0.00290964,177
0.00303224,176
0.00314885,175
0.00331434,174
0.00347851,173
0.00366469,172
0.00398334,171
0.00429293,170
0.00871992,169
0.00989845,168
0.012141,167
0.0123471,166
0.0156105,165
0.016982,164
0.0308497,163
0.0345546,162
0.0406514,161
0.0919092,160
0.138706,159
0.490015,158
