0.000270166,197
0.000615389,196
0.000882649,195
0.00114274,194
0.00137502,193
0.00160764,192
0.00184233,191
0.00207433,190
0.00230193,189
0.00253076,188
0.00275645,187
0.00298307,186
0.00321247,185
0.00344,184
0.00373283,183
0.0040271,182
0.00431183,181
0.00460251,180
0.00488928,179
0.00520625,178
0.0165971,177
0.016843,176
0.0170876,175
0.0173382,174
0.0175564,173
0.0177776,172
0.0180384,171
0.0195678,170
0.0198063,169
0.0208233,168
0.0226478,167
0.0243746,166
0.0246821,165
0.0301975,164
0.0304829,163
0.0307482,162
0.0378852,161
0.0559503,160
0.128992,159
0.170024,158
