0.000244899,197
0.00050672,196
0.000736844,195
0.000971289,194
0.00119549,193
0.00142462,192
0.00165027,191
0.00189024,190
0.00311523,189
0.00337326,188
0.00361841,187
0.00387362,186
0.00411678,185
0.00435705,184
0.00460469,183
0.00485428,182
0.0051017,181
0.00535496,180
0.00560892,179
0.00585695,178
0.0065862,177
0.00683693,176
0.00708223,175
0.00732597,174
0.00756299,173
0.00778688,172
0.00813587,171
0.00837363,170
0.00861306,169
0.00886388,168
0.00919683,167
0.00944269,166
0.00968851,165
0.0243196,164
0.0261548,163
0.142012,162
0.142429,161
0.150932,160
0.196787,159
0.254051,158
