0.000283653,1588
0.00055721,1587
0.000807949,1586
0.00106165,1585
0.00130883,1584
0.00155559,1583
0.00180372,1582
0.00205569,1581
0.00230308,1580
0.00255349,1579
0.00280533,1578
0.00305927,1577
0.00330383,1576
0.00355078,1575
0.00382112,1574
0.0098516,1573
0.0101663,1572
0.0104442,1571
0.0107216,1570
0.0109738,1569
0.0112253,1568
0.0114715,1567
0.0117237,1566
0.0119765,1565
0.0122276,1564
0.0124785,1563
0.0127286,1562
0.0129814,1561
0.0132339,1560
0.013495,1559
0.0137419,1558
0.0140096,1557
0.0142653,1556
0.0145209,1555
0.014776,1554
0.0150324,1553
0.0152863,1552
0.0155453,1551
0.0158007,1550
0.0160551,1549
0.0163105,1548
0.0165632,1547
0.0168169,1546
0.0170708,1545
0.01732,1544
0.0175741,1543
0.0178263,1542
0.0180787,1541
0.0183303,1540
0.0185812,1539
0.0188308,1538
0.0190838,1537
0.0193345,1536
0.0195863,1535
0.026821,1534
0.0271131,1533
0.0273851,1532
0.0276566,1531
0.0279293,1530
0.0282049,1529
0.0285143,1528
0.0287935,1527
0.0290732,1526
0.0293535,1525
0.0296347,1524
0.0298862,1523
0.0301351,1522
0.0304028,1521
0.0306735,1520
0.0309408,1519
0.0312106,1518
0.0314817,1517
0.0317524,1516
0.0320266,1515
0.0323045,1514
0.0325806,1513
0.0328522,1512
0.033124,1511
0.0333965,1510
0.0336678,1509
0.0339402,1508
0.0342125,1507
0.0344839,1506
0.0347565,1505
0.0350276,1504
0.0352987,1503
0.0355728,1502
0.0358481,1501
0.0361208,1500
0.0363915,1499
0.0366615,1498
0.0401434,1497
0.0404275,1496
0.0406966,1495
0.0409659,1494
0.0412352,1493
0.0415051,1492
0.0417765,1491
0.0420474,1490
0.0423157,1489
0.0425829,1488
0.0428517,1487
0.0431206,1486
0.0433893,1485
0.0436578,1484
0.04393,1483
0.0441992,1482
0.0444681,1481
0.0447388,1480
0.0450108,1479
0.0452869,1478
0.0455688,1477
0.0458434,1476
0.0461181,1475
0.0463925,1474
0.0466662,1473
0.0469414,1472
0.0472153,1471
0.0474898,1470
0.0477632,1469
0.0480373,1468
0.0483113,1467
0.0485847,1466
0.0488587,1465
0.0491343,1464
0.0494038,1463
0.0586008,1462
0.0588746,1461
0.0591441,1460
0.0594097,1459
0.0597021,1458
0.0599701,1457
0.060237,1456
0.060502,1455
0.0607663,1454
0.0610295,1453
0.0615867,1452
0.0618567,1451
0.0621226,1450
0.0623825,1449
0.0626424,1448
0.0629076,1447
0.0631716,1446
0.063436,1445
0.0636996,1444
0.0639733,1443
0.0642373,1442
0.0645057,1441
0.0647773,1440
0.0650445,1439
0.0653152,1438
0.0655874,1437
0.0658554,1436
0.0661241,1435
0.0663908,1434
0.0666575,1433
0.0669243,1432
0.0671921,1431
0.0674614,1430
0.0677264,1429
0.0679924,1428
0.0682613,1427
0.072486,1426
0.0727719,1425
0.0730238,1424
0.0732866,1423
0.0735483,1422
0.0738102,1421
0.0740723,1420
0.0743331,1419
0.074593,1418
0.0748435,1417
0.0750967,1416
0.0753545,1415
0.0756155,1414
0.0758775,1413
0.0761416,1412
0.0764032,1411
0.0766725,1410
0.0769395,1409
0.0772101,1408
0.0774812,1407
0.0777502,1406
0.0780145,1405
0.0782828,1404
0.0785502,1403
0.0788046,1402
0.0790604,1401
0.0793194,1400
0.0795769,1399
0.0798324,1398
0.0800903,1397
0.0803488,1396
0.0806062,1395
0.080864,1394
0.0811199,1393
0.0813891,1392
0.0816586,1391
0.0819279,1390
0.0821947,1389
0.0902062,1388
0.090485,1387
0.0907379,1386
0.0909878,1385
0.0912373,1384
0.0914889,1383
0.0917371,1382
0.0919859,1381
0.0922357,1380
0.0924849,1379
0.0927371,1378
0.0929844,1377
0.093234,1376
0.0934784,1375
0.093728,1374
0.093977,1373
0.0942249,1372
0.0944708,1371
0.0947177,1370
0.0949652,1369
0.0952139,1368
0.0954615,1367
0.0957091,1366
0.0959561,1365
0.0962036,1364
0.0964515,1363
0.0971718,1362
0.0974264,1361
0.0976884,1360
0.0979665,1359
0.0982319,1358
0.0985025,1357
0.0987705,1356
0.0990406,1355
0.0993146,1354
0.0995911,1353
0.0998621,1352
0.100135,1351
0.105158,1350
0.105432,1349
0.105704,1348
0.10597,1347
0.106236,1346
0.106537,1345
0.106806,1344
0.107585,1343
0.107854,1342
0.10812,1341
0.108386,1340
0.10864,1339
0.108897,1338
0.109144,1337
0.10939,1336
0.109636,1335
0.109878,1334
0.110122,1333
0.110366,1332
0.110612,1331
0.110855,1330
0.111101,1329
0.111348,1328
0.111594,1327
0.111839,1326
0.112082,1325
0.11233,1324
0.11258,1323
0.112828,1322
0.113078,1321
0.113326,1320
0.113571,1319
0.113815,1318
0.114061,1317
0.114311,1316
0.114558,1315
0.114806,1314
0.120461,1313
0.120741,1312
0.121028,1311
0.121294,1310
0.121559,1309
0.121823,1308
0.122086,1307
0.122351,1306
0.122615,1305
0.122878,1304
0.123142,1303
0.123406,1302
0.123669,1301
0.12393,1300
0.12419,1299
0.124455,1298
0.124715,1297
0.124976,1296
0.125236,1295
0.125495,1294
0.125769,1293
0.12603,1292
0.126287,1291
0.126546,1290
0.12682,1289
0.127089,1288
0.127359,1287
0.127624,1286
0.127887,1285
0.128143,1284
0.128404,1283
0.128647,1282
0.128899,1281
0.129163,1280
0.129424,1279
0.129686,1278
0.129947,1277
0.130209,1276
0.135487,1275
0.135758,1274
0.136061,1273
0.136323,1272
0.136585,1271
0.136853,1270
0.137106,1269
0.13736,1268
0.138098,1267
0.138351,1266
0.138608,1265
0.13886,1264
0.139115,1263
0.139373,1262
0.139627,1261
0.139887,1260
0.141464,1259
0.141724,1258
0.141978,1257
0.142226,1256
0.142482,1255
0.142736,1254
0.142971,1253
0.143211,1252
0.143442,1251
0.143691,1250
0.143947,1249
0.1442,1248
0.14444,1247
0.144688,1246
0.14494,1245
0.145241,1244
0.145542,1243
0.150511,1242
0.150775,1241
0.151037,1240
0.151295,1239
0.151549,1238
0.151804,1237
0.152063,1236
0.152323,1235
0.152585,1234
0.152847,1233
0.153107,1232
0.153378,1231
0.153641,1230
0.153903,1229
0.154163,1228
0.154422,1227
0.154685,1226
0.154944,1225
0.155695,1224
0.155953,1223
0.156216,1222
0.156479,1221
0.156739,1220
0.157,1219
0.157262,1218
0.157525,1217
0.157783,1216
0.158042,1215
0.158301,1214
0.15856,1213
0.158822,1212
0.159084,1211
0.159336,1210
0.159588,1209
0.159852,1208
0.16011,1207
0.166467,1206
0.166755,1205
0.167016,1204
0.167279,1203
0.167542,1202
0.167803,1201
0.16806,1200
0.168314,1199
0.168564,1198
0.168815,1197
0.169065,1196
0.169323,1195
0.169571,1194
0.169821,1193
0.170071,1192
0.170822,1191
0.171085,1190
0.171344,1189
0.171602,1188
0.171861,1187
0.17211,1186
0.172363,1185
0.172629,1184
0.172886,1183
0.173148,1182
0.173406,1181
0.173666,1180
0.17394,1179
0.174205,1178
0.174473,1177
0.17474,1176
0.175005,1175
0.17527,1174
0.175535,1173
0.175801,1172
0.176063,1171
0.176321,1170
0.180584,1169
0.181373,1168
0.181641,1167
0.181914,1166
0.182187,1165
0.182455,1164
0.182721,1163
0.18299,1162
0.183253,1161
0.183521,1160
0.183788,1159
0.184056,1158
0.184828,1157
0.185094,1156
0.185379,1155
0.186161,1154
0.186427,1153
0.18669,1152
0.186962,1151
0.187228,1150
0.1875,1149
0.187764,1148
0.188029,1147
0.188291,1146
0.188556,1145
0.18883,1144
0.189097,1143
0.18936,1142
0.189623,1141
0.189891,1140
0.190154,1139
0.197607,1138
0.197887,1137
0.198148,1136
0.198403,1135
0.198663,1134
0.199921,1133
0.200178,1132
0.200438,1131
0.201193,1130
0.201448,1129
0.201711,1128
0.201974,1127
0.202235,1126
0.202497,1125
0.202753,1124
0.203021,1123
0.203275,1122
0.203531,1121
0.203786,1120
0.20404,1119
0.204295,1118
0.204551,1117
0.204807,1116
0.205061,1115
0.205321,1114
0.205583,1113
0.205853,1112
0.206106,1111
0.20636,1110
0.206617,1109
0.206872,1108
0.210487,1107
0.210754,1106
0.211012,1105
0.211267,1104
0.212489,1103
0.212739,1102
0.212971,1101
0.213218,1100
0.214419,1099
0.21467,1098
0.214919,1097
0.215164,1096
0.215415,1095
0.215669,1094
0.215916,1093
0.216154,1092
0.216397,1091
0.217588,1090
0.217833,1089
0.218535,1088
0.219719,1087
0.219969,1086
0.220211,1085
0.224143,1084
0.224415,1083
0.224678,1082
0.224933,1081
0.225184,1080
0.225442,1079
0.225694,1078
0.225956,1077
0.22621,1076
0.22646,1075
0.226711,1074
0.227428,1073
0.227674,1072
0.227929,1071
0.228175,1070
0.228424,1069
0.228671,1068
0.228926,1067
0.229181,1066
0.229436,1065
0.229688,1064
0.229941,1063
0.230203,1062
0.230982,1061
0.23125,1060
0.231501,1059
0.231777,1058
0.232051,1057
0.232312,1056
0.232573,1055
0.232832,1054
0.233097,1053
0.233361,1052
0.238646,1051
0.238931,1050
0.241218,1049
0.241466,1048
0.242183,1047
0.242887,1046
0.243132,1045
0.243376,1044
0.243648,1043
0.243911,1042
0.244163,1041
0.244416,1040
0.244663,1039
0.244912,1038
0.245164,1037
0.245411,1036
0.245656,1035
0.245916,1034
0.246164,1033
0.246879,1032
0.247142,1031
0.24738,1030
0.24764,1029
0.247905,1028
0.251434,1027
0.251718,1026
0.251976,1025
0.252241,1024
0.252504,1023
0.253287,1022
0.255544,1021
0.255822,1020
0.256076,1019
0.256345,1018
0.256611,1017
0.256892,1016
0.257195,1015
0.25797,1014
0.259278,1013
0.259537,1012
0.259793,1011
0.260055,1010
0.260811,1009
0.261056,1008
0.291778,1007
0.292077,1006
0.294818,1005
0.295546,1004
0.295774,1003
0.296455,1002
0.298026,1001
0.298686,1000
0.298912,999
0.299152,998
0.2998,997
0.300043,996
0.300265,995
0.300489,994
0.315746,993
0.316054,992
0.316309,991
0.317537,990
0.319728,989
0.320007,988
0.320265,987
0.321017,986
0.352154,985
0.352418,984
0.354627,983
0.354876,982
0.368632,981
0.36993,980
0.370204,979
0.37047,978
0.371703,977
0.373358,976
0.37359,975
0.392227,974
0.393039,973
0.411069,972
0.41312,971
0.413372,970
0.467798,969
0.468052,968
0.470096,967
0.470326,966
0.470566,965
0.613613,964
0.613909,963
0.631092,962
0.631893,961
0.633705,960
0.640981,959
0.641284,958
0.647206,957
0.647492,956
0.658341,955
0.674405,954
0.674667,953
0.674915,952
0.675166,951
0.675453,950
0.716224,949
0.716545,948
0.716809,947
0.717064,946
0.717857,945
0.718124,944
0.845889,943
0.84616,942
0.853191,941
0.922838,940
0.926258,939
0.931611,938
0.931891,937
0.947472,936
0.952641,935
0.953937,934
0.954198,933
0.960891,932
0.962736,931
0.963016,930
0.963274,929
0.963525,928
0.964883,927
0.965146,926
0.965946,925
1.58517,924
1.59117,923
1.59149,922
1.92375,921
1.92406,920
1.92434,919
1.92598,918
2.09286,917
2.09316,916
2.09395,915
2.13703,914
2.13729,913
2.1412,912
2.14246,911
2.8726,910
16.3226,909
27.6501,908
27.6506,907
58.1603,906
103.821,905
