0.000286069,1588
0.000568452,1587
0.000819443,1586
0.00109096,1585
0.00134804,1584
0.00160597,1583
0.00185356,1582
0.00211361,1581
0.0023641,1580
0.00261606,1579
0.00288565,1578
0.00316028,1577
0.00343716,1576
0.00371202,1575
0.00914743,1574
0.00943185,1573
0.00970344,1572
0.00997586,1571
0.0103384,1570
0.0106146,1569
0.0108903,1568
0.011163,1567
0.0114362,1566
0.0117081,1565
0.0119802,1564
0.0122521,1563
0.012524,1562
0.0127965,1561
0.0130682,1560
0.0133388,1559
0.0136098,1558
0.0145959,1557
0.0149018,1556
0.015179,1555
0.0154651,1554
0.0157484,1553
0.0162744,1552
0.016582,1551
0.0168633,1550
0.0171382,1549
0.0177482,1548
0.0180303,1547
0.01831,1546
0.0185924,1545
0.0188717,1544
0.0191477,1543
0.0194138,1542
0.0196588,1541
0.0199016,1540
0.020147,1539
0.0252527,1538
0.0255227,1537
0.0257756,1536
0.0260325,1535
0.0262986,1534
0.0265685,1533
0.0268379,1532
0.0271063,1531
0.0273748,1530
0.0276436,1529
0.0278995,1528
0.0281683,1527
0.028437,1526
0.0287062,1525
0.0289442,1524
0.0292092,1523
0.0294798,1522
0.0297485,1521
0.0300177,1520
0.0302878,1519
0.0305474,1518
0.030816,1517
0.031087,1516
0.0313569,1515
0.0316253,1514
0.0318939,1513
0.0321586,1512
0.0324219,1511
0.0326882,1510
0.0329558,1509
0.0332238,1508
0.0334928,1507
0.033757,1506
0.0340514,1505
0.0343359,1504
0.0346157,1503
0.0348978,1502
0.0429526,1501
0.0432188,1500
0.0434896,1499
0.0437565,1498
0.044023,1497
0.0442895,1496
0.0445572,1495
0.0448258,1494
0.0450932,1493
0.0453621,1492
0.0456343,1491
0.0459134,1490
0.04619,1489
0.0464646,1488
0.046735,1487
0.0470029,1486
0.0472692,1485
0.0475358,1484
0.0478077,1483
0.0480603,1482
0.0483255,1481
0.048595,1480
0.0488646,1479
0.0491357,1478
0.0494076,1477
0.0496788,1476
0.0499484,1475
0.0502175,1474
0.0504917,1473
0.0507618,1472
0.0510395,1471
0.0513098,1470
0.0515801,1469
0.051853,1468
0.0521275,1467
0.0524043,1466
0.0526803,1465
0.0577976,1464
0.0580759,1463
0.0583499,1462
0.0586158,1461
0.0588792,1460
0.0591408,1459
0.059403,1458
0.0596642,1457
0.0599262,1456
0.0601882,1455
0.0604533,1454
0.0607152,1453
0.0609799,1452
0.0612421,1451
0.0615111,1450
0.0617729,1449
0.0620346,1448
0.0622958,1447
0.0625572,1446
0.0628195,1445
0.0631309,1444
0.063399,1443
0.0636639,1442
0.0639263,1441
0.0641963,1440
0.0644891,1439
0.0647839,1438
0.0650751,1437
0.065367,1436
0.0656664,1435
0.0659636,1434
0.0662547,1433
0.0665038,1432
0.066763,1431
0.0670332,1430
0.0672957,1429
0.0675579,1428
0.0744046,1427
0.0746741,1426
0.0749373,1425
0.0751998,1424
0.07546,1423
0.0757152,1422
0.0759782,1421
0.07624,1420
0.0765025,1419
0.0767644,1418
0.0770277,1417
0.0772904,1416
0.0775528,1415
0.0778148,1414
0.0780748,1413
0.0784085,1412
0.0786877,1411
0.0789507,1410
0.0792148,1409
0.0794757,1408
0.0797377,1407
0.0799985,1406
0.0804346,1405
0.0807068,1404
0.0810312,1403
0.0812819,1402
0.0818208,1401
0.0825411,1400
0.0827921,1399
0.0830423,1398
0.0832898,1397
0.0835396,1396
0.0837895,1395
0.0840403,1394
0.084284,1393
0.0845303,1392
0.0879575,1391
0.088237,1390
0.0885014,1389
0.0887646,1388
0.08903,1387
0.0892996,1386
0.089576,1385
0.0898449,1384
0.0901075,1383
0.0903667,1382
0.090624,1381
0.0908824,1380
0.0911414,1379
0.0914015,1378
0.0916604,1377
0.0919189,1376
0.0921775,1375
0.0924357,1374
0.0926942,1373
0.0929532,1372
0.0932122,1371
0.0934706,1370
0.0937298,1369
0.0939872,1368
0.0942475,1367
0.0945059,1366
0.0947817,1365
0.0950491,1364
0.0953209,1363
0.0955824,1362
0.0958343,1361
0.0965661,1360
0.096817,1359
0.09707,1358
0.0973248,1357
0.0975757,1356
0.103936,1355
0.104229,1354
0.104498,1353
0.104769,1352
0.105039,1351
0.105305,1350
0.105573,1349
0.105843,1348
0.106625,1347
0.106892,1346
0.10716,1345
0.107431,1344
0.107704,1343
0.10798,1342
0.108256,1341
0.108509,1340
0.108746,1339
0.109014,1338
0.109265,1337
0.109511,1336
0.109755,1335
0.110007,1334
0.110254,1333
0.110491,1332
0.110731,1331
0.110968,1330
0.111207,1329
0.111445,1328
0.111706,1327
0.111971,1326
0.112235,1325
0.112498,1324
0.11276,1323
0.113026,1322
0.113289,1321
0.113553,1320
0.113816,1319
0.119966,1318
0.120242,1317
0.120512,1316
0.120777,1315
0.121046,1314
0.12131,1313
0.121579,1312
0.121846,1311
0.122145,1310
0.122418,1309
0.12269,1308
0.122955,1307
0.123218,1306
0.12348,1305
0.123741,1304
0.124,1303
0.12426,1302
0.12452,1301
0.12478,1300
0.12504,1299
0.125299,1298
0.125566,1297
0.125825,1296
0.126093,1295
0.126355,1294
0.126619,1293
0.126879,1292
0.127141,1291
0.127401,1290
0.127667,1289
0.127927,1288
0.128187,1287
0.128448,1286
0.128709,1285
0.128971,1284
0.12923,1283
0.129474,1282
0.133584,1281
0.133878,1280
0.134154,1279
0.134431,1278
0.134686,1277
0.134948,1276
0.135211,1275
0.135473,1274
0.135735,1273
0.136,1272
0.136264,1271
0.136526,1270
0.136791,1269
0.137053,1268
0.137819,1267
0.138084,1266
0.138346,1265
0.138607,1264
0.138871,1263
0.139133,1262
0.139392,1261
0.139652,1260
0.139912,1259
0.140172,1258
0.140435,1257
0.141195,1256
0.141454,1255
0.141714,1254
0.141976,1253
0.142243,1252
0.142497,1251
0.14275,1250
0.143005,1249
0.143258,1248
0.14351,1247
0.150936,1246
0.151362,1245
0.151628,1244
0.151864,1243
0.152097,1242
0.152328,1241
0.152559,1240
0.152793,1239
0.15323,1238
0.153456,1237
0.15369,1236
0.153926,1235
0.154156,1234
0.154387,1233
0.15505,1232
0.155284,1231
0.155514,1230
0.155747,1229
0.155976,1228
0.156205,1227
0.156436,1226
0.156666,1225
0.156896,1224
0.157132,1223
0.157364,1222
0.157592,1221
0.157826,1220
0.158058,1219
0.158299,1218
0.158552,1217
0.158789,1216
0.159018,1215
0.159253,1214
0.160394,1213
0.160635,1212
0.160877,1211
0.166931,1210
0.167207,1209
0.167954,1208
0.168206,1207
0.168462,1206
0.168725,1205
0.168991,1204
0.169255,1203
0.170022,1202
0.170282,1201
0.170547,1200
0.170812,1199
0.171068,1198
0.171292,1197
0.171512,1196
0.17175,1195
0.172001,1194
0.172272,1193
0.172543,1192
0.172804,1191
0.173548,1190
0.173799,1189
0.174051,1188
0.174304,1187
0.174555,1186
0.174806,1185
0.17506,1184
0.17531,1183
0.175562,1182
0.175816,1181
0.176089,1180
0.176346,1179
0.176608,1178
0.17687,1177
0.18178,1176
0.182064,1175
0.18233,1174
0.182588,1173
0.182848,1172
0.183107,1171
0.183367,1170
0.183629,1169
0.183899,1168
0.184161,1167
0.184421,1166
0.184677,1165
0.184938,1164
0.185195,1163
0.185451,1162
0.185724,1161
0.186005,1160
0.186381,1159
0.186654,1158
0.186922,1157
0.187193,1156
0.187462,1155
0.187728,1154
0.187998,1153
0.188269,1152
0.188536,1151
0.188808,1150
0.189079,1149
0.189347,1148
0.189629,1147
0.189898,1146
0.190166,1145
0.190438,1144
0.190711,1143
0.190986,1142
0.191246,1141
0.191521,1140
0.197351,1139
0.197633,1138
0.197872,1137
0.198095,1136
0.19832,1135
0.19855,1134
0.199219,1133
0.199449,1132
0.199714,1131
0.199934,1130
0.200153,1129
0.20037,1128
0.200589,1127
0.200806,1126
0.201023,1125
0.201246,1124
0.201469,1123
0.20169,1122
0.20234,1121
0.202575,1120
0.202826,1119
0.203073,1118
0.203336,1117
0.203553,1116
0.203778,1115
0.203995,1114
0.204215,1113
0.20444,1112
0.20466,1111
0.204881,1110
0.205108,1109
0.205779,1108
0.206012,1107
0.206242,1106
0.206462,1105
0.206686,1104
0.206913,1103
0.207132,1102
0.212932,1101
0.213204,1100
0.213447,1099
0.213678,1098
0.213918,1097
0.21417,1096
0.214416,1095
0.214662,1094
0.215391,1093
0.215639,1092
0.215892,1091
0.216149,1090
0.216413,1089
0.216666,1088
0.216922,1087
0.217178,1086
0.217433,1085
0.217689,1084
0.217945,1083
0.218171,1082
0.218412,1081
0.218658,1080
0.218907,1079
0.220565,1078
0.220812,1077
0.221536,1076
0.221786,1075
0.222029,1074
0.222271,1073
0.222515,1072
0.222762,1071
0.226017,1070
0.226277,1069
0.226971,1068
0.227223,1067
0.227481,1066
0.227734,1065
0.227979,1064
0.228227,1063
0.228472,1062
0.228717,1061
0.228969,1060
0.229215,1059
0.229462,1058
0.229709,1057
0.22996,1056
0.230218,1055
0.230468,1054
0.230713,1053
0.231926,1052
0.232175,1051
0.232426,1050
0.23267,1049
0.232917,1048
0.233168,1047
0.233413,1046
0.233675,1045
0.233924,1044
0.234171,1043
0.234431,1042
0.234693,1041
0.234941,1040
0.23519,1039
0.235446,1038
0.235701,1037
0.241731,1036
0.242007,1035
0.242743,1034
0.242984,1033
0.243244,1032
0.243504,1031
0.243762,1030
0.244025,1029
0.244289,1028
0.244544,1027
0.244804,1026
0.245068,1025
0.245322,1024
0.245582,1023
0.245845,1022
0.246098,1021
0.247376,1020
0.247638,1019
0.247893,1018
0.248148,1017
0.248416,1016
0.248699,1015
0.248971,1014
0.249239,1013
0.249508,1012
0.250299,1011
0.250559,1010
0.25637,1009
0.256675,1008
0.257433,1007
0.257696,1006
0.257971,1005
0.258228,1004
0.258483,1003
0.263369,1002
0.263635,1001
0.263905,1000
0.264163,999
0.264953,998
0.26522,997
0.265488,996
0.265734,995
0.265988,994
0.292968,993
0.293207,992
0.293436,991
0.293661,990
0.293886,989
0.29412,988
0.294342,987
0.294585,986
0.294807,985
0.295058,984
0.295474,983
0.300429,982
0.300683,981
0.301824,980
0.302522,979
0.302784,978
0.30303,977
0.32099,976
0.321242,975
0.321485,974
0.322232,973
0.32296,972
0.323205,971
0.323443,970
0.323709,969
0.349281,968
0.349554,967
0.349808,966
0.350068,965
0.369803,964
0.371094,963
0.373833,962
0.374107,961
0.374367,960
0.374618,959
0.374889,958
0.375667,957
0.376875,956
0.377139,955
0.395639,954
0.40863,953
0.412359,952
0.576907,951
0.577676,950
0.57841,949
0.591082,948
0.591364,947
0.591619,946
0.591887,945
0.592696,944
0.592964,943
0.593751,942
0.66635,941
1.0143,940
1.01456,939
1.01896,938
1.03819,937
1.03852,936
1.0388,935
1.03905,934
1.04849,933
1.0999,932
1.10024,931
1.13664,930
1.13997,929
1.14023,928
1.75742,927
1.75772,926
1.75795,925
1.75825,924
1.85636,923
1.85665,922
1.85691,921
2.36038,920
2.37066,919
2.37147,918
2.72064,917
5.41931,916
5.68575,915
5.94376,914
5.9453,913
5.95811,912
5.959,911
8.54992,910
8.55024,909
9.06678,908
9.06711,907
129.528,906
444.744,905
1707.15,904
