0.000272669,1588
0.000542126,1587
0.000793366,1586
0.00104189,1585
0.00129696,1584
0.00154587,1583
0.00180693,1582
0.00206999,1581
0.00234023,1580
0.0026179,1579
0.00289325,1578
0.00317078,1577
0.00345376,1576
0.0037347,1575
0.00401031,1574
0.00428236,1573
0.00928845,1572
0.0096014,1571
0.00988336,1570
0.0101657,1569
0.0104416,1568
0.0107149,1567
0.01108,1566
0.0131515,1565
0.0140452,1564
0.0143199,1563
0.0145903,1562
0.0148792,1561
0.0151397,1560
0.0154084,1559
0.0156785,1558
0.0159493,1557
0.01622,1556
0.016492,1555
0.0167618,1554
0.0170322,1553
0.0173024,1552
0.0175732,1551
0.0178438,1550
0.0181138,1549
0.018603,1548
0.0188796,1547
0.019152,1546
0.0194704,1545
0.0197524,1544
0.0200223,1543
0.0202938,1542
0.0205641,1541
0.0208344,1540
0.0211048,1539
0.0213741,1538
0.0216431,1537
0.021911,1536
0.0316669,1535
0.0319462,1534
0.0322197,1533
0.0324905,1532
0.0327606,1531
0.0330314,1530
0.0333019,1529
0.0335738,1528
0.0338452,1527
0.0341157,1526
0.0343848,1525
0.0346545,1524
0.0349252,1523
0.0351947,1522
0.0354641,1521
0.0357313,1520
0.0359935,1519
0.0362628,1518
0.0365321,1517
0.0368001,1516
0.037109,1515
0.0373775,1514
0.0376456,1513
0.0379114,1512
0.0381779,1511
0.0384447,1510
0.0387104,1509
0.0390274,1508
0.0392968,1507
0.0395639,1506
0.0398312,1505
0.0400981,1504
0.0403652,1503
0.0406324,1502
0.0409,1501
0.0411668,1500
0.0414365,1499
0.0441059,1498
0.0443584,1497
0.0445935,1496
0.0448434,1495
0.0450865,1494
0.0453299,1493
0.0455747,1492
0.0458205,1491
0.0460722,1490
0.0463245,1489
0.0465772,1488
0.0468293,1487
0.0470788,1486
0.047326,1485
0.0475701,1484
0.0478153,1483
0.0480605,1482
0.0483048,1481
0.0485542,1480
0.0488014,1479
0.0490478,1478
0.0492944,1477
0.049541,1476
0.0502587,1475
0.0505065,1474
0.0507521,1473
0.0509986,1472
0.0512488,1471
0.0514962,1470
0.0517439,1469
0.0519898,1468
0.0522348,1467
0.0524832,1466
0.0527296,1465
0.0529778,1464
0.0532272,1463
0.0534736,1462
0.0537215,1461
0.0594324,1460
0.0597322,1459
0.0600029,1458
0.060273,1457
0.0605444,1456
0.0608145,1455
0.061086,1454
0.0613557,1453
0.061627,1452
0.062422,1451
0.0626959,1450
0.0629724,1449
0.0632516,1448
0.063529,1447
0.0638059,1446
0.0640655,1445
0.0643308,1444
0.0645979,1443
0.0648647,1442
0.0651317,1441
0.0653981,1440
0.0656638,1439
0.065929,1438
0.0661948,1437
0.066459,1436
0.0671707,1435
0.0674395,1434
0.0677046,1433
0.0679687,1432
0.0682324,1431
0.0684981,1430
0.0687634,1429
0.0690262,1428
0.0692913,1427
0.0695546,1426
0.0766772,1425
0.0769477,1424
0.0771943,1423
0.0774418,1422
0.077692,1421
0.0779374,1420
0.0781831,1419
0.0784311,1418
0.0786778,1417
0.0789271,1416
0.0791699,1415
0.0794181,1414
0.0796676,1413
0.0799183,1412
0.0801637,1411
0.0804144,1410
0.0806635,1409
0.0809107,1408
0.0811578,1407
0.081405,1406
0.0816558,1405
0.0823696,1404
0.0826195,1403
0.0828703,1402
0.0831148,1401
0.0833575,1400
0.0836059,1399
0.0838537,1398
0.0840999,1397
0.0843423,1396
0.0845921,1395
0.0848396,1394
0.0850937,1393
0.0853399,1392
0.0855998,1391
0.0858588,1390
0.0861169,1389
0.0863771,1388
0.0905548,1387
0.0913504,1386
0.0916147,1385
0.091876,1384
0.0921377,1383
0.0924007,1382
0.0926656,1381
0.0929273,1380
0.0931889,1379
0.0934527,1378
0.0937165,1377
0.0939759,1376
0.0942355,1375
0.094496,1374
0.0947558,1373
0.0950186,1372
0.09528,1371
0.0955434,1370
0.095809,1369
0.096061,1368
0.0963223,1367
0.0965837,1366
0.0968443,1365
0.0971039,1364
0.0973635,1363
0.0976223,1362
0.0978808,1361
0.0981376,1360
0.0983896,1359
0.0986329,1358
0.0988918,1357
0.0991402,1356
0.0993929,1355
0.100088,1354
0.100337,1353
0.109063,1352
0.109349,1351
0.10961,1350
0.10986,1349
0.110105,1348
0.110356,1347
0.11061,1346
0.110866,1345
0.111123,1344
0.111373,1343
0.111626,1342
0.11188,1341
0.112134,1340
0.112382,1339
0.112635,1338
0.112887,1337
0.113141,1336
0.113391,1335
0.113643,1334
0.113895,1333
0.114149,1332
0.114398,1331
0.114644,1330
0.114896,1329
0.11515,1328
0.1154,1327
0.115648,1326
0.115896,1325
0.116146,1324
0.116396,1323
0.116643,1322
0.116904,1321
0.117169,1320
0.117432,1319
0.117695,1318
0.117958,1317
0.11822,1316
0.118485,1315
0.118748,1314
0.124376,1313
0.124661,1312
0.124926,1311
0.12572,1310
0.125986,1309
0.126252,1308
0.126518,1307
0.126785,1306
0.127045,1305
0.127309,1304
0.127573,1303
0.127838,1302
0.128102,1301
0.128367,1300
0.128634,1299
0.128901,1298
0.129172,1297
0.12945,1296
0.129724,1295
0.130001,1294
0.130274,1293
0.130547,1292
0.130817,1291
0.131085,1290
0.131357,1289
0.131633,1288
0.131905,1287
0.132177,1286
0.132449,1285
0.132723,1284
0.132989,1283
0.133249,1282
0.133509,1281
0.133772,1280
0.134033,1279
0.139913,1278
0.140211,1277
0.140483,1276
0.14129,1275
0.141635,1274
0.14198,1273
0.142247,1272
0.142511,1271
0.143084,1270
0.143353,1269
0.143617,1268
0.143879,1267
0.144163,1266
0.144427,1265
0.144716,1264
0.145378,1263
0.145646,1262
0.145914,1261
0.146176,1260
0.146438,1259
0.146694,1258
0.146929,1257
0.147168,1256
0.147444,1255
0.147679,1254
0.14792,1253
0.148177,1252
0.14844,1251
0.148705,1250
0.148967,1249
0.149229,1248
0.149487,1247
0.150387,1246
0.150654,1245
0.155038,1244
0.155296,1243
0.155546,1242
0.156289,1241
0.15659,1240
0.156834,1239
0.157093,1238
0.157367,1237
0.157625,1236
0.157875,1235
0.158131,1234
0.158387,1233
0.158681,1232
0.158936,1231
0.160401,1230
0.160678,1229
0.160934,1228
0.161189,1227
0.161456,1226
0.16175,1225
0.162047,1224
0.162353,1223
0.162633,1222
0.16289,1221
0.16314,1220
0.163393,1219
0.163644,1218
0.163895,1217
0.164146,1216
0.164399,1215
0.164653,1214
0.164909,1213
0.165163,1212
0.165422,1211
0.165674,1210
0.172445,1209
0.172692,1208
0.172932,1207
0.17317,1206
0.173409,1205
0.173644,1204
0.173881,1203
0.174116,1202
0.174353,1201
0.174594,1200
0.174829,1199
0.175062,1198
0.175297,1197
0.175528,1196
0.175758,1195
0.175998,1194
0.176235,1193
0.176482,1192
0.176718,1191
0.176959,1190
0.177188,1189
0.177416,1188
0.177648,1187
0.177878,1186
0.178124,1185
0.178368,1184
0.17862,1183
0.178872,1182
0.17912,1181
0.179855,1180
0.180115,1179
0.180371,1178
0.180627,1177
0.180886,1176
0.181144,1175
0.181405,1174
0.18167,1173
0.181934,1172
0.186713,1171
0.187501,1170
0.18776,1169
0.188021,1168
0.188286,1167
0.188547,1166
0.18931,1165
0.189568,1164
0.189829,1163
0.190088,1162
0.190347,1161
0.190606,1160
0.190863,1159
0.19112,1158
0.191385,1157
0.191651,1156
0.191908,1155
0.192177,1154
0.192445,1153
0.193212,1152
0.193472,1151
0.193733,1150
0.193999,1149
0.194258,1148
0.194518,1147
0.194781,1146
0.19505,1145
0.195319,1144
0.195584,1143
0.195844,1142
0.196101,1141
0.196354,1140
0.196604,1139
0.203069,1138
0.20335,1137
0.203618,1136
0.203892,1135
0.20416,1134
0.204426,1133
0.204707,1132
0.204972,1131
0.20524,1130
0.205511,1129
0.205786,1128
0.206062,1127
0.206867,1126
0.207141,1125
0.207418,1124
0.207696,1123
0.208494,1122
0.208754,1121
0.209021,1120
0.20958,1119
0.209848,1118
0.210127,1117
0.210384,1116
0.211432,1115
0.212222,1114
0.21248,1113
0.212743,1112
0.212991,1111
0.213222,1110
0.213446,1109
0.213707,1108
0.219566,1107
0.219856,1106
0.220608,1105
0.220867,1104
0.221129,1103
0.221388,1102
0.221645,1101
0.221902,1100
0.222653,1099
0.222905,1098
0.22316,1097
0.223415,1096
0.223669,1095
0.223924,1094
0.224178,1093
0.224442,1092
0.224691,1091
0.224937,1090
0.225189,1089
0.225438,1088
0.225682,1087
0.225928,1086
0.226183,1085
0.226934,1084
0.228165,1083
0.228422,1082
0.228655,1081
0.228888,1080
0.229126,1079
0.229356,1078
0.234534,1077
0.234802,1076
0.235062,1075
0.235321,1074
0.235582,1073
0.235839,1072
0.236088,1071
0.236811,1070
0.237051,1069
0.237294,1068
0.238453,1067
0.238702,1066
0.238967,1065
0.23922,1064
0.239464,1063
0.239709,1062
0.239967,1061
0.240212,1060
0.240455,1059
0.240699,1058
0.240945,1057
0.241194,1056
0.241919,1055
0.242168,1054
0.242413,1053
0.242657,1052
0.243377,1051
0.244119,1050
0.244366,1049
0.247481,1048
0.24775,1047
0.248017,1046
0.248284,1045
0.248554,1044
0.248828,1043
0.251638,1042
0.252378,1041
0.252628,1040
0.252888,1039
0.253648,1038
0.253905,1037
0.254627,1036
0.2569,1035
0.257188,1034
0.260616,1033
0.260904,1032
0.261179,1031
0.261447,1030
0.261715,1029
0.262528,1028
0.262798,1027
0.263062,1026
0.263329,1025
0.264104,1024
0.265385,1023
0.266144,1022
0.266404,1021
0.266666,1020
0.266925,1019
0.268731,1018
0.26899,1017
0.269284,1016
0.269549,1015
0.269813,1014
0.270088,1013
0.301763,1012
0.302009,1011
0.302255,1010
0.30249,1009
0.302724,1008
0.302948,1007
0.303175,1006
0.303399,1005
0.30406,1004
0.304723,1003
0.304947,1002
0.305615,1001
0.305841,1000
0.321764,999
0.323435,998
0.324135,997
0.324375,996
0.325083,995
0.325319,994
0.325561,993
0.325798,992
0.326045,991
0.326284,990
0.326517,989
0.326757,988
0.32699,987
0.327669,986
0.328809,985
0.329041,984
0.329272,983
0.329952,982
0.330185,981
0.330427,980
0.348356,979
0.348615,978
0.348857,977
0.350028,976
0.350289,975
0.353195,974
0.353425,973
0.372689,972
0.372943,971
0.374082,970
0.374319,969
0.375891,968
0.376125,967
0.376355,966
0.376577,965
0.376832,964
0.377058,963
0.3793,962
0.379548,961
0.379777,960
0.379999,959
0.380239,958
0.380465,957
0.381757,956
0.381999,955
0.382234,954
0.382461,953
0.400778,952
0.401162,951
0.401465,950
0.402153,949
0.402402,948
0.404054,947
0.40528,946
0.417315,945
0.417606,944
0.521554,943
0.58773,942
0.60278,941
0.637127,940
0.637393,939
0.693749,938
0.695355,937
0.695641,936
0.724645,935
0.799549,934
0.799823,933
0.800096,932
0.81318,931
0.870396,930
0.872738,929
0.877049,928
1.00918,927
1.00947,926
1.16915,925
1.1761,924
1.17662,923
1.35715,922
1.54302,921
1.57701,920
1.6083,919
1.61732,918
1.61862,917
2.12794,916
2.12823,915
2.12953,914
3.12202,913
3.12236,912
5.25987,911
7.84283,910
7.84317,909
7.84349,908
18.3939,907
38.4716,906
38.4721,905
2224.04,904
