0.000295187,1588
0.000590609,1587
0.00102389,1586
0.00132954,1585
0.00160378,1584
0.00187883,1583
0.0021897,1582
0.00244387,1581
0.00277141,1580
0.00302028,1579
0.00326685,1578
0.00351548,1577
0.00376255,1576
0.00401073,1575
0.00802518,1574
0.00831653,1573
0.00858982,1572
0.00886401,1571
0.00913716,1570
0.00940972,1569
0.00971129,1568
0.0099945,1567
0.0102682,1566
0.0105418,1565
0.0110231,1564
0.0113679,1563
0.0116443,1562
0.0119148,1561
0.0121836,1560
0.012466,1559
0.0128211,1558
0.0130912,1557
0.0133618,1556
0.0136546,1555
0.0139266,1554
0.0141988,1553
0.014471,1552
0.0147449,1551
0.0150206,1550
0.015298,1549
0.0155823,1548
0.0158631,1547
0.0161378,1546
0.0164345,1545
0.0166951,1544
0.0174101,1543
0.0180013,1542
0.0187259,1541
0.0189999,1540
0.0192714,1539
0.0248748,1538
0.0252582,1537
0.0255315,1536
0.0258005,1535
0.0260697,1534
0.0263393,1533
0.0266379,1532
0.0269194,1531
0.0271905,1530
0.0274587,1529
0.027728,1528
0.0279978,1527
0.02827,1526
0.0285397,1525
0.0288119,1524
0.0290814,1523
0.0293519,1522
0.0296209,1521
0.0298905,1520
0.0301614,1519
0.0304339,1518
0.0307042,1517
0.0309757,1516
0.0312478,1515
0.0315193,1514
0.0317943,1513
0.032076,1512
0.0323522,1511
0.0326193,1510
0.0328735,1509
0.0331246,1508
0.0333756,1507
0.0336276,1506
0.0338853,1505
0.0341453,1504
0.0344022,1503
0.0346574,1502
0.0404716,1501
0.0408039,1500
0.041076,1499
0.0413506,1498
0.0416279,1497
0.0419062,1496
0.0421763,1495
0.0429676,1494
0.0432345,1493
0.0435004,1492
0.0437652,1491
0.0440309,1490
0.0442967,1489
0.0445622,1488
0.0448074,1487
0.0450772,1486
0.0453242,1485
0.0455901,1484
0.0458529,1483
0.046118,1482
0.0463848,1481
0.0466516,1480
0.0469209,1479
0.0471888,1478
0.0474557,1477
0.0477237,1476
0.047989,1475
0.0482417,1474
0.0484879,1473
0.0487415,1472
0.0489876,1471
0.0492366,1470
0.0494859,1469
0.0497305,1468
0.0499884,1467
0.0502363,1466
0.0573458,1465
0.057666,1464
0.0579345,1463
0.0582006,1462
0.0584661,1461
0.0587309,1460
0.0589957,1459
0.059261,1458
0.059526,1457
0.0597921,1456
0.0600556,1455
0.0603198,1454
0.0605859,1453
0.06085,1452
0.0611154,1451
0.0613774,1450
0.0616382,1449
0.0618998,1448
0.0621627,1447
0.0624253,1446
0.0626893,1445
0.0629511,1444
0.0632139,1443
0.0634771,1442
0.0637395,1441
0.0639964,1440
0.0642613,1439
0.064513,1438
0.0647617,1437
0.0650114,1436
0.0652665,1435
0.0655078,1434
0.0657506,1433
0.0659957,1432
0.066242,1431
0.066493,1430
0.0667387,1429
0.0669833,1428
0.0672298,1427
0.0714203,1426
0.0716886,1425
0.0719573,1424
0.0722252,1423
0.0724982,1422
0.0727708,1421
0.0730365,1420
0.0733048,1419
0.0735719,1418
0.0738364,1417
0.0740971,1416
0.0743572,1415
0.0746173,1414
0.074877,1413
0.0751343,1412
0.0758761,1411
0.0761399,1410
0.0764013,1409
0.0766767,1408
0.0769485,1407
0.0772795,1406
0.0776185,1405
0.0778872,1404
0.078155,1403
0.078424,1402
0.0787177,1401
0.0789885,1400
0.079258,1399
0.0795538,1398
0.0801971,1397
0.0804582,1396
0.0807083,1395
0.0809594,1394
0.0812125,1393
0.0814863,1392
0.0897581,1391
0.0900539,1390
0.0903259,1389
0.0906035,1388
0.0908845,1387
0.0911657,1386
0.0914431,1385
0.0917146,1384
0.0919837,1383
0.0922507,1382
0.0925183,1381
0.092784,1380
0.093055,1379
0.0933211,1378
0.093591,1377
0.0938594,1376
0.0941261,1375
0.0943938,1374
0.0946602,1373
0.0949287,1372
0.0951986,1371
0.0954647,1370
0.0957294,1369
0.0959978,1368
0.0962625,1367
0.0965283,1366
0.0967936,1365
0.0970593,1364
0.0973294,1363
0.0975925,1362
0.097858,1361
0.0981231,1360
0.0983913,1359
0.0986583,1358
0.0989262,1357
0.0991913,1356
0.099461,1355
0.105063,1354
0.105358,1353
0.105626,1352
0.105897,1351
0.106166,1350
0.106434,1349
0.106702,1348
0.106972,1347
0.107239,1346
0.107501,1345
0.107767,1344
0.108036,1343
0.108308,1342
0.108577,1341
0.108845,1340
0.109111,1339
0.109379,1338
0.109648,1337
0.109916,1336
0.110185,1335
0.110452,1334
0.110718,1333
0.110984,1332
0.111251,1331
0.111517,1330
0.111782,1329
0.112047,1328
0.112313,1327
0.112579,1326
0.112842,1325
0.113107,1324
0.113373,1323
0.113644,1322
0.113938,1321
0.114213,1320
0.114485,1319
0.114759,1318
0.118667,1317
0.118984,1316
0.119252,1315
0.119518,1314
0.119781,1313
0.120045,1312
0.120325,1311
0.120569,1310
0.120815,1309
0.121586,1308
0.121853,1307
0.122113,1306
0.122383,1305
0.122645,1304
0.122908,1303
0.123171,1302
0.123434,1301
0.123697,1300
0.123967,1299
0.124222,1298
0.124475,1297
0.124731,1296
0.124985,1295
0.125243,1294
0.125496,1293
0.12575,1292
0.126003,1291
0.126256,1290
0.126511,1289
0.126764,1288
0.127018,1287
0.127278,1286
0.127536,1285
0.12779,1284
0.128043,1283
0.128296,1282
0.128552,1281
0.133338,1280
0.13362,1279
0.133877,1278
0.134133,1277
0.134388,1276
0.134644,1275
0.134902,1274
0.135157,1273
0.135412,1272
0.135666,1271
0.135919,1270
0.136174,1269
0.136428,1268
0.136682,1267
0.136937,1266
0.137193,1265
0.137937,1264
0.138192,1263
0.138447,1262
0.138705,1261
0.138958,1260
0.139216,1259
0.13948,1258
0.139737,1257
0.139993,1256
0.140245,1255
0.140496,1254
0.140747,1253
0.140997,1252
0.141246,1251
0.141494,1250
0.141747,1249
0.142001,1248
0.142257,1247
0.14251,1246
0.142765,1245
0.148213,1244
0.148485,1243
0.148749,1242
0.14901,1241
0.149269,1240
0.149525,1239
0.149777,1238
0.15003,1237
0.150282,1236
0.150536,1235
0.15079,1234
0.151047,1233
0.151297,1232
0.151548,1231
0.15201,1230
0.152271,1229
0.15253,1228
0.152783,1227
0.15304,1226
0.153294,1225
0.153533,1224
0.153776,1223
0.154015,1222
0.154257,1221
0.154495,1220
0.154731,1219
0.154964,1218
0.1552,1217
0.155441,1216
0.155678,1215
0.155917,1214
0.156155,1213
0.156391,1212
0.156647,1211
0.156885,1210
0.157124,1209
0.157368,1208
0.157605,1207
0.157842,1206
0.16253,1205
0.162811,1204
0.163599,1203
0.163874,1202
0.164139,1201
0.164398,1200
0.164662,1199
0.165426,1198
0.16569,1197
0.165959,1196
0.16622,1195
0.16648,1194
0.166744,1193
0.167507,1192
0.167776,1191
0.168044,1190
0.168307,1189
0.168569,1188
0.168834,1187
0.169102,1186
0.169367,1185
0.169629,1184
0.169891,1183
0.17016,1182
0.170424,1181
0.170687,1180
0.170954,1179
0.17174,1178
0.172011,1177
0.17229,1176
0.17257,1175
0.172843,1174
0.177719,1173
0.177992,1172
0.178261,1171
0.178526,1170
0.178792,1169
0.179067,1168
0.179326,1167
0.179585,1166
0.18034,1165
0.180599,1164
0.180855,1163
0.181111,1162
0.181368,1161
0.181643,1160
0.18253,1159
0.182801,1158
0.183067,1157
0.183323,1156
0.183582,1155
0.183839,1154
0.184603,1153
0.18486,1152
0.185118,1151
0.185374,1150
0.185629,1149
0.185884,1148
0.186138,1147
0.186392,1146
0.186653,1145
0.186909,1144
0.187159,1143
0.187394,1142
0.194755,1141
0.195036,1140
0.195785,1139
0.196043,1138
0.196305,1137
0.196561,1136
0.196816,1135
0.197075,1134
0.197338,1133
0.197598,1132
0.19785,1131
0.198107,1130
0.198356,1129
0.198601,1128
0.198849,1127
0.199099,1126
0.199822,1125
0.20007,1124
0.200316,1123
0.200564,1122
0.200815,1121
0.201062,1120
0.201787,1119
0.202032,1118
0.202279,1117
0.202533,1116
0.202777,1115
0.203028,1114
0.203765,1113
0.20401,1112
0.204267,1111
0.204529,1110
0.207643,1109
0.207907,1108
0.208158,1107
0.208409,1106
0.20915,1105
0.209404,1104
0.209652,1103
0.209899,1102
0.210147,1101
0.210397,1100
0.210647,1099
0.210897,1098
0.211158,1097
0.211413,1096
0.211663,1095
0.211913,1094
0.21216,1093
0.212413,1092
0.212664,1091
0.212911,1090
0.213631,1089
0.213882,1088
0.214126,1087
0.214373,1086
0.214629,1085
0.214887,1084
0.215143,1083
0.215391,1082
0.215642,1081
0.215888,1080
0.216137,1079
0.216384,1078
0.21663,1077
0.216872,1076
0.217118,1075
0.217371,1074
0.221313,1073
0.221589,1072
0.221853,1071
0.222118,1070
0.222384,1069
0.223669,1068
0.223934,1067
0.224193,1066
0.224456,1065
0.225209,1064
0.22547,1063
0.225747,1062
0.226034,1061
0.226299,1060
0.226564,1059
0.226823,1058
0.227087,1057
0.227351,1056
0.227612,1055
0.227872,1054
0.22813,1053
0.228388,1052
0.228645,1051
0.228904,1050
0.229162,1049
0.229423,1048
0.229688,1047
0.229946,1046
0.230217,1045
0.230487,1044
0.237395,1043
0.237668,1042
0.237935,1041
0.238203,1040
0.238472,1039
0.238731,1038
0.23899,1037
0.239255,1036
0.239519,1035
0.239787,1034
0.24005,1033
0.240309,1032
0.241099,1031
0.241358,1030
0.243133,1029
0.243396,1028
0.244153,1027
0.244422,1026
0.24468,1025
0.244951,1024
0.245213,1023
0.245481,1022
0.245739,1021
0.246507,1020
0.27294,1019
0.273217,1018
0.273468,1017
0.273737,1016
0.274428,1015
0.27467,1014
0.27492,1013
0.275155,1012
0.275401,1011
0.275648,1010
0.275885,1009
0.276117,1008
0.276361,1007
0.276616,1006
0.276848,1005
0.277085,1004
0.277318,1003
0.277556,1002
0.277782,1001
0.278013,1000
0.278238,999
0.278462,998
0.27868,997
0.278901,996
0.280877,995
0.302626,994
0.303342,993
0.309422,992
0.309664,991
0.309904,990
0.327771,989
0.328035,988
0.329259,987
0.331941,986
0.332199,985
0.332455,984
0.353998,983
0.354266,982
0.354545,981
0.35583,980
0.359037,979
0.359291,978
0.379329,977
0.379584,976
0.379829,975
0.380091,974
0.381787,973
0.382031,972
0.382277,971
0.382519,970
0.382766,969
0.390295,968
0.391052,967
0.392237,966
0.392485,965
0.392715,964
0.392951,963
0.393187,962
0.393437,961
0.394637,960
0.394898,959
0.395137,958
0.398221,957
0.398468,956
0.39921,955
0.428267,954
0.445234,953
0.449659,952
0.458949,951
0.513164,950
0.518755,949
0.538872,948
0.539697,947
0.540959,946
0.556798,945
0.789352,944
0.789625,943
0.790802,942
0.791059,941
0.794779,940
0.827402,939
0.833429,938
0.834286,937
0.834551,936
0.834812,935
0.838159,934
0.841483,933
0.84627,932
0.981283,931
0.991661,930
0.994426,929
0.994699,928
0.994947,927
1.02942,926
1.0297,925
1.02995,924
1.03449,923
1.05559,922
1.60606,921
1.91438,920
1.91533,919
1.99858,918
2.08127,917
2.5567,916
2.61556,915
2.61585,914
2.64042,913
2.64125,912
6.41539,911
6.42428,910
20.1066,909
34.2304,908
88.6559,907
155.3,906
446.394,905
2596.79,904
