0.000330445,1588
0.000653915,1587
0.000940906,1586
0.0012278,1585
0.00151111,1584
0.00179545,1583
0.0020834,1582
0.00236923,1581
0.00263276,1580
0.00303463,1579
0.00387284,1578
0.00413514,1577
0.00441821,1576
0.00467105,1575
0.00495586,1574
0.00522213,1573
0.00550568,1572
0.0057702,1571
0.00605391,1570
0.0072435,1569
0.00773438,1568
0.007986,1567
0.00834841,1566
0.00860983,1565
0.00884787,1564
0.0121122,1563
0.0124288,1562
0.0126861,1561
0.012946,1560
0.0131932,1559
0.0134462,1558
0.0136953,1557
0.0139455,1556
0.0141984,1555
0.0144498,1554
0.0147008,1553
0.0149565,1552
0.0152194,1551
0.0154751,1550
0.0157487,1549
0.0160073,1548
0.0162724,1547
0.0165422,1546
0.0168167,1545
0.0170803,1544
0.0173473,1543
0.0176011,1542
0.0234115,1541
0.0244809,1540
0.0247798,1539
0.0250658,1538
0.0253481,1537
0.0256093,1536
0.0258772,1535
0.0261476,1534
0.0264166,1533
0.0266842,1532
0.0269599,1531
0.0272196,1530
0.0274739,1529
0.0277301,1528
0.02798,1527
0.0282265,1526
0.0284731,1525
0.0287261,1524
0.0289785,1523
0.0292292,1522
0.0294756,1521
0.0297221,1520
0.0299657,1519
0.0302109,1518
0.0304596,1517
0.0307073,1516
0.0309571,1515
0.031204,1514
0.0314517,1513
0.0316926,1512
0.0319542,1511
0.0322197,1510
0.0324872,1509
0.032747,1508
0.0329921,1507
0.0332415,1506
0.0335058,1505
0.0337571,1504
0.0398405,1503
0.0401475,1502
0.0404175,1501
0.040687,1500
0.0409593,1499
0.0412282,1498
0.0414967,1497
0.041765,1496
0.0420338,1495
0.0423019,1494
0.0425697,1493
0.0428365,1492
0.0431045,1491
0.0433732,1490
0.0436405,1489
0.0439102,1488
0.0441765,1487
0.0444434,1486
0.0447123,1485
0.044979,1484
0.0452453,1483
0.0455113,1482
0.0457765,1481
0.0460493,1480
0.0463149,1479
0.0465848,1478
0.0468526,1477
0.0471222,1476
0.0473825,1475
0.0476532,1474
0.04792,1473
0.0481846,1472
0.0484509,1471
0.0487162,1470
0.0489818,1469
0.0492461,1468
0.0495111,1467
0.054469,1466
0.0547738,1465
0.0550438,1464
0.0553105,1463
0.0555792,1462
0.0558375,1461
0.0561052,1460
0.0563706,1459
0.0566341,1458
0.0568971,1457
0.0571613,1456
0.0574266,1455
0.05769,1454
0.0579525,1453
0.058215,1452
0.0584773,1451
0.0587394,1450
0.0590004,1449
0.0592574,1448
0.0595001,1447
0.0597549,1446
0.0599951,1445
0.0602522,1444
0.0605167,1443
0.0607773,1442
0.061039,1441
0.0613,1440
0.0615615,1439
0.0619054,1438
0.0621723,1437
0.0624376,1436
0.0627068,1435
0.0629691,1434
0.0632308,1433
0.0634923,1432
0.0637529,1431
0.0640132,1430
0.064273,1429
0.0684841,1428
0.0688025,1427
0.0690693,1426
0.0693347,1425
0.0695995,1424
0.0698629,1423
0.0701286,1422
0.0703916,1421
0.0706564,1420
0.0709206,1419
0.0711854,1418
0.0714489,1417
0.0717123,1416
0.0719757,1415
0.0722373,1414
0.0724976,1413
0.0727583,1412
0.0730175,1411
0.0732807,1410
0.0735341,1409
0.0737945,1408
0.0740552,1407
0.0743148,1406
0.0745742,1405
0.0748355,1404
0.0750957,1403
0.0753565,1402
0.0756176,1401
0.0758801,1400
0.0761465,1399
0.0764122,1398
0.0766794,1397
0.0769491,1396
0.0772195,1395
0.0774915,1394
0.0777625,1393
0.0780324,1392
0.0782909,1391
0.0864473,1390
0.0867151,1389
0.0869589,1388
0.0872052,1387
0.08745,1386
0.0876951,1385
0.0879257,1384
0.0881555,1383
0.0883834,1382
0.0886279,1381
0.088865,1380
0.0891074,1379
0.0893469,1378
0.089582,1377
0.0898174,1376
0.0900505,1375
0.0903172,1374
0.0905803,1373
0.0908399,1372
0.0911003,1371
0.0913609,1370
0.0916197,1369
0.0918774,1368
0.0921361,1367
0.0928986,1366
0.0931573,1365
0.0934153,1364
0.0936723,1363
0.0939307,1362
0.0941886,1361
0.0944485,1360
0.0947047,1359
0.0949607,1358
0.0952208,1357
0.0954834,1356
0.0957517,1355
0.0960169,1354
0.100664,1353
0.100985,1352
0.101244,1351
0.101502,1350
0.101759,1349
0.102016,1348
0.102273,1347
0.102531,1346
0.102789,1345
0.103048,1344
0.103306,1343
0.103565,1342
0.103824,1341
0.104084,1340
0.104346,1339
0.104607,1338
0.104867,1337
0.105127,1336
0.105391,1335
0.105652,1334
0.105908,1333
0.106164,1332
0.106422,1331
0.106659,1330
0.106915,1329
0.107169,1328
0.107429,1327
0.107685,1326
0.107939,1325
0.108192,1324
0.108428,1323
0.10866,1322
0.108897,1321
0.109137,1320
0.109375,1319
0.10961,1318
0.109846,1317
0.110084,1316
0.110324,1315
0.11056,1314
0.117266,1313
0.117545,1312
0.119574,1311
0.119842,1310
0.120098,1309
0.120352,1308
0.120608,1307
0.120861,1306
0.121114,1305
0.121369,1304
0.121628,1303
0.121884,1302
0.122139,1301
0.122393,1300
0.122648,1299
0.122903,1298
0.123152,1297
0.123391,1296
0.123628,1295
0.123867,1294
0.124107,1293
0.124346,1292
0.124582,1291
0.124828,1290
0.12507,1289
0.125315,1288
0.126186,1287
0.126447,1286
0.126703,1285
0.126962,1284
0.127221,1283
0.12748,1282
0.127743,1281
0.128011,1280
0.128278,1279
0.128541,1278
0.128803,1277
0.129073,1276
0.129343,1275
0.133507,1274
0.13378,1273
0.134046,1272
0.134312,1271
0.13473,1270
0.135073,1269
0.135331,1268
0.135654,1267
0.135914,1266
0.136177,1265
0.136439,1264
0.136696,1263
0.136975,1262
0.137237,1261
0.137496,1260
0.13775,1259
0.138005,1258
0.138259,1257
0.138514,1256
0.138769,1255
0.139155,1254
0.139422,1253
0.13968,1252
0.139934,1251
0.140198,1250
0.140462,1249
0.140723,1248
0.141157,1247
0.141426,1246
0.141689,1245
0.141947,1244
0.14221,1243
0.142469,1242
0.142729,1241
0.142987,1240
0.143248,1239
0.143504,1238
0.143743,1237
0.151464,1236
0.151736,1235
0.152008,1234
0.152268,1233
0.152527,1232
0.152789,1231
0.153547,1230
0.153808,1229
0.154066,1228
0.154327,1227
0.154589,1226
0.154849,1225
0.155108,1224
0.155368,1223
0.155628,1222
0.155885,1221
0.156144,1220
0.156407,1219
0.156665,1218
0.156929,1217
0.157192,1216
0.157451,1215
0.15771,1214
0.157968,1213
0.158212,1212
0.158441,1211
0.158679,1210
0.15894,1209
0.159197,1208
0.159453,1207
0.159714,1206
0.159973,1205
0.160229,1204
0.160487,1203
0.168649,1202
0.16894,1201
0.169204,1200
0.169469,1199
0.169728,1198
0.169988,1197
0.170789,1196
0.171051,1195
0.171314,1194
0.171561,1193
0.172262,1192
0.17251,1191
0.172754,1190
0.172998,1189
0.173232,1188
0.173534,1187
0.173819,1186
0.174098,1185
0.174379,1184
0.174634,1183
0.1749,1182
0.175164,1181
0.175427,1180
0.175688,1179
0.175938,1178
0.176705,1177
0.17696,1176
0.177214,1175
0.177468,1174
0.177726,1173
0.177985,1172
0.178236,1171
0.178491,1170
0.178747,1169
0.185052,1168
0.185332,1167
0.185591,1166
0.185849,1165
0.186093,1164
0.18633,1163
0.186565,1162
0.186808,1161
0.187052,1160
0.187754,1159
0.188427,1158
0.188661,1157
0.189338,1156
0.189572,1155
0.189805,1154
0.190036,1153
0.190265,1152
0.190497,1151
0.190729,1150
0.190959,1149
0.19119,1148
0.191423,1147
0.191656,1146
0.191889,1145
0.192122,1144
0.192803,1143
0.193922,1142
0.194168,1141
0.200181,1140
0.200431,1139
0.200659,1138
0.200889,1137
0.201136,1136
0.201392,1135
0.201643,1134
0.201894,1133
0.202142,1132
0.202387,1131
0.202633,1130
0.203378,1129
0.203641,1128
0.203909,1127
0.204173,1126
0.204436,1125
0.204696,1124
0.204953,1123
0.20521,1122
0.205467,1121
0.205732,1120
0.206002,1119
0.20626,1118
0.206507,1117
0.20676,1116
0.207016,1115
0.207271,1114
0.207533,1113
0.207791,1112
0.208059,1111
0.208315,1110
0.208573,1109
0.208832,1108
0.20909,1107
0.209354,1106
0.209618,1105
0.215125,1104
0.215379,1103
0.21561,1102
0.215831,1101
0.216083,1100
0.216332,1099
0.216586,1098
0.216834,1097
0.217083,1096
0.217329,1095
0.217582,1094
0.217831,1093
0.218083,1092
0.218328,1091
0.218582,1090
0.218831,1089
0.219077,1088
0.21981,1087
0.220065,1086
0.220313,1085
0.220568,1084
0.220814,1083
0.221063,1082
0.221315,1081
0.221564,1080
0.221811,1079
0.222062,1078
0.222306,1077
0.222552,1076
0.222797,1075
0.223043,1074
0.223308,1073
0.223559,1072
0.223808,1071
0.224061,1070
0.22482,1069
0.22753,1068
0.227803,1067
0.229061,1066
0.229314,1065
0.229565,1064
0.229822,1063
0.23105,1062
0.231311,1061
0.231571,1060
0.231838,1059
0.232101,1058
0.232892,1057
0.233175,1056
0.23394,1055
0.2342,1054
0.234457,1053
0.234719,1052
0.234964,1051
0.235204,1050
0.235434,1049
0.23629,1048
0.236554,1047
0.236812,1046
0.237074,1045
0.246551,1044
0.24685,1043
0.247113,1042
0.247372,1041
0.247602,1040
0.247836,1039
0.248099,1038
0.248384,1037
0.248644,1036
0.248897,1035
0.249162,1034
0.249895,1033
0.250631,1032
0.250893,1031
0.251143,1030
0.251398,1029
0.251655,1028
0.251925,1027
0.252656,1026
0.252908,1025
0.253155,1024
0.253403,1023
0.253654,1022
0.254386,1021
0.25464,1020
0.254888,1019
0.255135,1018
0.255891,1017
0.256164,1016
0.256413,1015
0.259538,1014
0.259809,1013
0.260306,1012
0.26056,1011
0.261287,1010
0.261532,1009
0.261802,1008
0.262526,1007
0.262772,1006
0.263016,1005
0.263275,1004
0.263819,1003
0.26407,1002
0.264334,1001
0.265068,1000
0.265317,999
0.265587,998
0.266305,997
0.268025,996
0.269284,995
0.270002,994
0.274214,993
0.27447,992
0.274712,991
0.274951,990
0.275215,989
0.275464,988
0.275742,987
0.276472,986
0.276761,985
0.277028,984
0.277274,983
0.277533,982
0.277783,981
0.278034,980
0.278763,979
0.279977,978
0.280228,977
0.280498,976
0.280743,975
0.289355,974
0.289623,973
0.290398,972
0.291177,971
0.291434,970
0.291701,969
0.29735,968
0.297622,967
0.301897,966
0.373413,965
0.373691,964
0.373961,963
0.375334,962
0.375646,961
0.375911,960
0.376168,959
0.441223,958
0.441478,957
0.441722,956
0.441972,955
0.442218,954
0.443491,953
0.443738,952
0.443993,951
0.444722,950
0.445921,949
0.446145,948
0.446368,947
0.446595,946
0.446834,945
0.509191,944
0.51342,943
0.513703,942
0.513953,941
0.514245,940
0.514495,939
0.79561,938
0.828029,937
0.828308,936
0.828602,935
0.847588,934
0.862189,933
0.862456,932
0.866457,931
0.877772,930
0.880061,929
0.880347,928
0.881147,927
0.881423,926
0.881688,925
1.104,924
1.1043,923
1.10455,922
1.21935,921
1.21968,920
1.23227,919
1.23255,918
1.23281,917
1.29111,916
1.29138,915
1.29167,914
2.01598,913
2.01718,912
2.01962,911
2.02088,910
10.9982,909
66.9009,908
78.168,907
113.54,906
113.541,905
113.541,904
