0.000313619,1588
0.000617057,1587
0.000893668,1586
0.00117764,1585
0.00145225,1584
0.00172755,1583
0.00313119,1582
0.00341519,1581
0.00368579,1580
0.00479821,1579
0.00508745,1578
0.0053603,1577
0.00563369,1576
0.00590578,1575
0.0073798,1574
0.00891481,1573
0.00926631,1572
0.00980086,1571
0.0105426,1570
0.0163422,1569
0.016609,1568
0.0168551,1567
0.0171704,1566
0.0174531,1565
0.017743,1564
0.0180256,1563
0.0184241,1562
0.0187075,1561
0.0189793,1560
0.0192503,1559
0.0204455,1558
0.0207141,1557
0.0209636,1556
0.0212102,1555
0.0214574,1554
0.021704,1553
0.021952,1552
0.0221979,1551
0.0224453,1550
0.0226912,1549
0.0229342,1548
0.024242,1547
0.0245193,1546
0.0247888,1545
0.0250589,1544
0.0253273,1543
0.0255783,1542
0.0258225,1541
0.0260717,1540
0.0263189,1539
0.026569,1538
0.0268157,1537
0.0270667,1536
0.0273222,1535
0.0275782,1534
0.0326184,1533
0.0328885,1532
0.0331317,1531
0.0333758,1530
0.033623,1529
0.0338674,1528
0.0341125,1527
0.0343561,1526
0.0345966,1525
0.0348462,1524
0.0350923,1523
0.0353361,1522
0.035582,1521
0.0358311,1520
0.0360798,1519
0.0363285,1518
0.0365858,1517
0.0368384,1516
0.0370893,1515
0.0373357,1514
0.0375809,1513
0.0378258,1512
0.0380727,1511
0.0383201,1510
0.0385772,1509
0.0388392,1508
0.0390985,1507
0.0393571,1506
0.0396154,1505
0.0398688,1504
0.0401295,1503
0.0403917,1502
0.0406498,1501
0.040907,1500
0.0411661,1499
0.0414234,1498
0.0416812,1497
0.0419374,1496
0.042195,1495
0.0424519,1494
0.0477947,1493
0.0480718,1492
0.0483368,1491
0.0486024,1490
0.0488716,1489
0.04914,1488
0.0494072,1487
0.0496757,1486
0.0499438,1485
0.050211,1484
0.0504794,1483
0.050747,1482
0.0510141,1481
0.0512812,1480
0.0515475,1479
0.0518145,1478
0.0520849,1477
0.0523524,1476
0.0526146,1475
0.0528749,1474
0.0531383,1473
0.053405,1472
0.0536804,1471
0.053957,1470
0.0542315,1469
0.0544875,1468
0.054736,1467
0.054977,1466
0.055222,1465
0.0554798,1464
0.0557249,1463
0.0559853,1462
0.0562539,1461
0.0565255,1460
0.0568008,1459
0.0570744,1458
0.0573472,1457
0.0629702,1456
0.0632734,1455
0.0635463,1454
0.0638155,1453
0.0640835,1452
0.0643457,1451
0.0646121,1450
0.0648767,1449
0.065142,1448
0.0654051,1447
0.0656686,1446
0.0659331,1445
0.0661934,1444
0.0664586,1443
0.0667226,1442
0.0669873,1441
0.0672519,1440
0.0675145,1439
0.0677758,1438
0.0680363,1437
0.0682967,1436
0.0685563,1435
0.0688,1434
0.0690547,1433
0.069317,1432
0.0695785,1431
0.0698395,1430
0.0701029,1429
0.0703647,1428
0.0706255,1427
0.0713921,1426
0.0716616,1425
0.0719356,1424
0.072208,1423
0.0724767,1422
0.0727348,1421
0.0804027,1420
0.0806834,1419
0.0809478,1418
0.0812129,1417
0.0814764,1416
0.0817397,1415
0.0820016,1414
0.0822635,1413
0.0825261,1412
0.0827919,1411
0.0830544,1410
0.0833173,1409
0.0835806,1408
0.083824,1407
0.084073,1406
0.0843209,1405
0.0845683,1404
0.0848174,1403
0.0850638,1402
0.0853087,1401
0.0855543,1400
0.0857991,1399
0.0860476,1398
0.0862921,1397
0.0865346,1396
0.0867806,1395
0.0870258,1394
0.0872708,1393
0.0875161,1392
0.0877604,1391
0.0880037,1390
0.0882454,1389
0.0884879,1388
0.0887289,1387
0.0889727,1386
0.0892154,1385
0.0894582,1384
0.0897227,1383
0.0899675,1382
0.0937045,1381
0.0939731,1380
0.0942166,1379
0.094462,1378
0.0947074,1377
0.0949481,1376
0.0951873,1375
0.0954296,1374
0.0956916,1373
0.0959354,1372
0.0961752,1371
0.0964194,1370
0.09666,1369
0.0969028,1368
0.097147,1367
0.0974931,1366
0.0977383,1365
0.0984428,1364
0.0986869,1363
0.0989248,1362
0.0991701,1361
0.0994736,1360
0.0998108,1359
0.100574,1358
0.100836,1357
0.101443,1356
0.102257,1355
0.103329,1354
0.103594,1353
0.103858,1352
0.104119,1351
0.10438,1350
0.10464,1349
0.1049,1348
0.110503,1347
0.110774,1346
0.111036,1345
0.111299,1344
0.111566,1343
0.111833,1342
0.112107,1341
0.112376,1340
0.112646,1339
0.112909,1338
0.113167,1337
0.113424,1336
0.113681,1335
0.11394,1334
0.114196,1333
0.114452,1332
0.114709,1331
0.115291,1330
0.115527,1329
0.115765,1328
0.116019,1327
0.116276,1326
0.116656,1325
0.116919,1324
0.117182,1323
0.117442,1322
0.117699,1321
0.117956,1320
0.118216,1319
0.118475,1318
0.118731,1317
0.118986,1316
0.11924,1315
0.119495,1314
0.119756,1313
0.120013,1312
0.120269,1311
0.120559,1310
0.1254,1309
0.125767,1308
0.12603,1307
0.126348,1306
0.127562,1305
0.127831,1304
0.128091,1303
0.128348,1302
0.128604,1301
0.128861,1300
0.129118,1299
0.129376,1298
0.130123,1297
0.130378,1296
0.130632,1295
0.130887,1294
0.131141,1293
0.131394,1292
0.131649,1291
0.131904,1290
0.132156,1289
0.132412,1288
0.132672,1287
0.132947,1286
0.133214,1285
0.133482,1284
0.133745,1283
0.134008,1282
0.134782,1281
0.135045,1280
0.135306,1279
0.13557,1278
0.135831,1277
0.136096,1276
0.143778,1275
0.144071,1274
0.144337,1273
0.144602,1272
0.144865,1271
0.145127,1270
0.14539,1269
0.14565,1268
0.145912,1267
0.146169,1266
0.146428,1265
0.146699,1264
0.146966,1263
0.147238,1262
0.147519,1261
0.147787,1260
0.14805,1259
0.148311,1258
0.148571,1257
0.148832,1256
0.149092,1255
0.149353,1254
0.149612,1253
0.149878,1252
0.150137,1251
0.150396,1250
0.150657,1249
0.150917,1248
0.151179,1247
0.151439,1246
0.151697,1245
0.151956,1244
0.152228,1243
0.152491,1242
0.152757,1241
0.153019,1240
0.153278,1239
0.153538,1238
0.158454,1237
0.158741,1236
0.158989,1235
0.159237,1234
0.159481,1233
0.159726,1232
0.159977,1231
0.160224,1230
0.16047,1229
0.160718,1228
0.160972,1227
0.161221,1226
0.161469,1225
0.161715,1224
0.161962,1223
0.162195,1222
0.162432,1221
0.16267,1220
0.162932,1219
0.163198,1218
0.163453,1217
0.164208,1216
0.164465,1215
0.164724,1214
0.16498,1213
0.165236,1212
0.165496,1211
0.165755,1210
0.166015,1209
0.166272,1208
0.166531,1207
0.16679,1206
0.16705,1205
0.167305,1204
0.167566,1203
0.167822,1202
0.16808,1201
0.168333,1200
0.172973,1199
0.17325,1198
0.173516,1197
0.173775,1196
0.174034,1195
0.174299,1194
0.174559,1193
0.17482,1192
0.17508,1191
0.175338,1190
0.175598,1189
0.17586,1188
0.176119,1187
0.176378,1186
0.176638,1185
0.177394,1184
0.177654,1183
0.177909,1182
0.178166,1181
0.178422,1180
0.178678,1179
0.178938,1178
0.179199,1177
0.179455,1176
0.179715,1175
0.17997,1174
0.180225,1173
0.180482,1172
0.180735,1171
0.180985,1170
0.181245,1169
0.181495,1168
0.181747,1167
0.18199,1166
0.182238,1165
0.18249,1164
0.189141,1163
0.18949,1162
0.189791,1161
0.190047,1160
0.190309,1159
0.190567,1158
0.190823,1157
0.19108,1156
0.191334,1155
0.191597,1154
0.19234,1153
0.192599,1152
0.19286,1151
0.193117,1150
0.193366,1149
0.193611,1148
0.193858,1147
0.194107,1146
0.194361,1145
0.195104,1144
0.195363,1143
0.195614,1142
0.195863,1141
0.196115,1140
0.196365,1139
0.196615,1138
0.197856,1137
0.198589,1136
0.198836,1135
0.199087,1134
0.20403,1133
0.204293,1132
0.204551,1131
0.204808,1130
0.205069,1129
0.205332,1128
0.205593,1127
0.205851,1126
0.206114,1125
0.206375,1124
0.206631,1123
0.206896,1122
0.207153,1121
0.207402,1120
0.207648,1119
0.207897,1118
0.208153,1117
0.208411,1116
0.208669,1115
0.20893,1114
0.209185,1113
0.209433,1112
0.209682,1111
0.209938,1110
0.210184,1109
0.210931,1108
0.211181,1107
0.211437,1106
0.211683,1105
0.21193,1104
0.212174,1103
0.212417,1102
0.212662,1101
0.212908,1100
0.21315,1099
0.2134,1098
0.213638,1097
0.21766,1096
0.21794,1095
0.218197,1094
0.218455,1093
0.218713,1092
0.218969,1091
0.219224,1090
0.21947,1089
0.219707,1088
0.219949,1087
0.220211,1086
0.22048,1085
0.220745,1084
0.221009,1083
0.221267,1082
0.221522,1081
0.22178,1080
0.222029,1079
0.222283,1078
0.222533,1077
0.223767,1076
0.224027,1075
0.225324,1074
0.225593,1073
0.225862,1072
0.226128,1071
0.226904,1070
0.227169,1069
0.227426,1068
0.233702,1067
0.23398,1066
0.234253,1065
0.234527,1064
0.23479,1063
0.235055,1062
0.235328,1061
0.236096,1060
0.236349,1059
0.237101,1058
0.237374,1057
0.238104,1056
0.238366,1055
0.238625,1054
0.238887,1053
0.239642,1052
0.239895,1051
0.241125,1050
0.241381,1049
0.241638,1048
0.241889,1047
0.242154,1046
0.242414,1045
0.242665,1044
0.2434,1043
0.249418,1042
0.249693,1041
0.250442,1040
0.250696,1039
0.250947,1038
0.251197,1037
0.251464,1036
0.25218,1035
0.252425,1034
0.25267,1033
0.252925,1032
0.253177,1031
0.253437,1030
0.254186,1029
0.254905,1028
0.255153,1027
0.255395,1026
0.255638,1025
0.255886,1024
0.256134,1023
0.256379,1022
0.257096,1021
0.257339,1020
0.257585,1019
0.257828,1018
0.258079,1017
0.25832,1016
0.259041,1015
0.263383,1014
0.264611,1013
0.264859,1012
0.265103,1011
0.265349,1010
0.265593,1009
0.265839,1008
0.266081,1007
0.266321,1006
0.267997,1005
0.268251,1004
0.268495,1003
0.268751,1002
0.268993,1001
0.269238,1000
0.269765,999
0.270014,998
0.270265,997
0.270533,996
0.27266,995
0.272909,994
0.273191,993
0.273452,992
0.275853,991
0.276129,990
0.276393,989
0.276654,988
0.27691,987
0.27771,986
0.277973,985
0.27823,984
0.278515,983
0.278768,982
0.279579,981
0.280352,980
0.280629,979
0.284169,978
0.284429,977
0.294794,976
0.295094,975
0.295353,974
0.296638,973
0.299491,972
0.299762,971
0.300039,970
0.30029,969
0.300546,968
0.30082,967
0.301111,966
0.328761,965
0.329072,964
0.329837,963
0.330579,962
0.330825,961
0.331068,960
0.33132,959
0.33158,958
0.332315,957
0.332567,956
0.333334,955
0.451833,954
0.453109,953
0.453362,952
0.455081,951
0.455792,950
0.48586,949
0.486667,948
0.48715,947
0.48742,946
0.489222,945
0.490013,944
0.490275,943
0.490525,942
0.490926,941
0.535209,940
0.535534,939
0.553343,938
0.613549,937
0.61382,936
0.614081,935
0.614346,934
0.667943,933
0.880899,932
0.884603,931
0.885921,930
1.01636,929
1.02054,928
1.02127,927
1.0215,926
1.02174,925
1.02196,924
1.0222,923
1.02243,922
1.08843,921
1.08872,920
1.09001,919
2.40471,918
2.40499,917
2.98914,916
2.98944,915
3.17422,914
3.17451,913
3.53339,912
5.18613,911
5.1869,910
5.3679,909
36.8746,908
38.0325,907
263.066,906
736.641,905
736.642,904
