0.000291858,1588
0.000606304,1587
0.000914352,1586
0.00119264,1585
0.00143999,1584
0.00168606,1583
0.00193272,1582
0.00218323,1581
0.00243254,1580
0.00267939,1579
0.00292394,1578
0.00317143,1577
0.00342103,1576
0.00818148,1575
0.00848679,1574
0.00876783,1573
0.00904396,1572
0.00929821,1571
0.00954644,1570
0.00979442,1569
0.0100386,1568
0.0102834,1567
0.0105257,1566
0.01077,1565
0.011015,1564
0.0112616,1563
0.0115294,1562
0.0117765,1561
0.0120232,1560
0.0122707,1559
0.0125144,1558
0.0127579,1557
0.0130019,1556
0.0132446,1555
0.0134924,1554
0.0137394,1553
0.0139862,1552
0.0142272,1551
0.0144727,1550
0.0147198,1549
0.0149633,1548
0.0152043,1547
0.0154475,1546
0.0156898,1545
0.0159326,1544
0.0161777,1543
0.0164203,1542
0.0166673,1541
0.016914,1540
0.0171582,1539
0.0174022,1538
0.0176444,1537
0.0178894,1536
0.0240986,1535
0.0243884,1534
0.0246613,1533
0.0249309,1532
0.0252005,1531
0.0254656,1530
0.0257371,1529
0.0260067,1528
0.0262777,1527
0.0265465,1526
0.0268155,1525
0.0270856,1524
0.027354,1523
0.0276213,1522
0.0278891,1521
0.0281561,1520
0.0284118,1519
0.0286907,1518
0.0289619,1517
0.0292332,1516
0.029491,1515
0.0297533,1514
0.0300215,1513
0.0302898,1512
0.0305584,1511
0.0308282,1510
0.031097,1509
0.0313665,1508
0.0316349,1507
0.0319038,1506
0.0321739,1505
0.0324457,1504
0.0327137,1503
0.0329844,1502
0.0332528,1501
0.0335217,1500
0.033789,1499
0.0401576,1498
0.0404496,1497
0.0407256,1496
0.0409935,1495
0.0412592,1494
0.0415204,1493
0.0417676,1492
0.0420175,1491
0.0422667,1490
0.042515,1489
0.0427647,1488
0.0430152,1487
0.043266,1486
0.0435158,1485
0.0437709,1484
0.0440162,1483
0.0442746,1482
0.0445235,1481
0.0447695,1480
0.0450151,1479
0.0452582,1478
0.0455057,1477
0.0457541,1476
0.0460012,1475
0.0462482,1474
0.0464945,1473
0.0467388,1472
0.0474625,1471
0.0477092,1470
0.0479566,1469
0.0482017,1468
0.0484494,1467
0.0486962,1466
0.0489418,1465
0.0492034,1464
0.04945,1463
0.0496945,1462
0.0539442,1461
0.0542676,1460
0.054529,1459
0.0547927,1458
0.0550602,1457
0.0553259,1456
0.0555916,1455
0.055856,1454
0.0561219,1453
0.0563854,1452
0.056649,1451
0.0569179,1450
0.0571812,1449
0.0574452,1448
0.057708,1447
0.0579697,1446
0.0582315,1445
0.0584936,1444
0.0587571,1443
0.0590228,1442
0.0592893,1441
0.0595574,1440
0.0598283,1439
0.0601031,1438
0.060376,1437
0.0606506,1436
0.0609255,1435
0.0612005,1434
0.0614742,1433
0.0617463,1432
0.0620229,1431
0.0622962,1430
0.062569,1429
0.0628447,1428
0.063118,1427
0.0633944,1426
0.0636667,1425
0.0704262,1424
0.0707523,1423
0.0710208,1422
0.0712847,1421
0.0715494,1420
0.0718131,1419
0.0720758,1418
0.0723408,1417
0.0726065,1416
0.0728718,1415
0.0731359,1414
0.0734001,1413
0.0736643,1412
0.073927,1411
0.0741905,1410
0.0744526,1409
0.074712,1408
0.0749722,1407
0.0752327,1406
0.0754926,1405
0.0757506,1404
0.0760082,1403
0.0762704,1402
0.0765357,1401
0.0767984,1400
0.0770572,1399
0.0773179,1398
0.07758,1397
0.0778423,1396
0.0781011,1395
0.0784288,1394
0.0787733,1393
0.079091,1392
0.0795285,1391
0.0797937,1390
0.0800572,1389
0.0803218,1388
0.0805903,1387
0.0863812,1386
0.0866724,1385
0.0869408,1384
0.0872096,1383
0.0874868,1382
0.0877585,1381
0.0880246,1380
0.0882948,1379
0.0885674,1378
0.0888192,1377
0.0890761,1376
0.089335,1375
0.0895951,1374
0.0898531,1373
0.0901117,1372
0.0903695,1371
0.0906339,1370
0.0908938,1369
0.0911526,1368
0.0914092,1367
0.0916695,1366
0.0919264,1365
0.0921831,1364
0.0924393,1363
0.0926983,1362
0.0929534,1361
0.0932083,1360
0.0940215,1359
0.0942836,1358
0.0945432,1357
0.0948023,1356
0.0950591,1355
0.0953146,1354
0.0955738,1353
0.09583,1352
0.0960866,1351
0.103167,1350
0.103457,1349
0.103724,1348
0.104007,1347
0.104284,1346
0.104556,1345
0.104827,1344
0.105094,1343
0.105364,1342
0.10563,1341
0.105894,1340
0.106159,1339
0.106422,1338
0.106686,1337
0.106951,1336
0.107216,1335
0.10748,1334
0.10773,1333
0.108,1332
0.108261,1331
0.108527,1330
0.108794,1329
0.109063,1328
0.109327,1327
0.109594,1326
0.109862,1325
0.110126,1324
0.1104,1323
0.110668,1322
0.110935,1321
0.111206,1320
0.111481,1319
0.112273,1318
0.112541,1317
0.112813,1316
0.113085,1315
0.118682,1314
0.118958,1313
0.119227,1312
0.119512,1311
0.119782,1310
0.120047,1309
0.120311,1308
0.120575,1307
0.120832,1306
0.12108,1305
0.121328,1304
0.121577,1303
0.121824,1302
0.122068,1301
0.122321,1300
0.122574,1299
0.122825,1298
0.123071,1297
0.123316,1296
0.123568,1295
0.123815,1294
0.124066,1293
0.124323,1292
0.124571,1291
0.124822,1290
0.125079,1289
0.125332,1288
0.125575,1287
0.125821,1286
0.126069,1285
0.12632,1284
0.126566,1283
0.12681,1282
0.127061,1281
0.127311,1280
0.127561,1279
0.127809,1278
0.128081,1277
0.128316,1276
0.133986,1275
0.134272,1274
0.134541,1273
0.134808,1272
0.135072,1271
0.135334,1270
0.135596,1269
0.135859,1268
0.136122,1267
0.136387,1266
0.13665,1265
0.136911,1264
0.137174,1263
0.137435,1262
0.137698,1261
0.137961,1260
0.138226,1259
0.138495,1258
0.138758,1257
0.139023,1256
0.139286,1255
0.139544,1254
0.139788,1253
0.14006,1252
0.140321,1251
0.140582,1250
0.140842,1249
0.141099,1248
0.141358,1247
0.141617,1246
0.141876,1245
0.142131,1244
0.142391,1243
0.142651,1242
0.142901,1241
0.143166,1240
0.143431,1239
0.143701,1238
0.149671,1237
0.149949,1236
0.150212,1235
0.150476,1234
0.150741,1233
0.151005,1232
0.151264,1231
0.151531,1230
0.151785,1229
0.152037,1228
0.152291,1227
0.152544,1226
0.152799,1225
0.153053,1224
0.153305,1223
0.153561,1222
0.153813,1221
0.154065,1220
0.154316,1219
0.154573,1218
0.154829,1217
0.155086,1216
0.155338,1215
0.155591,1214
0.155856,1213
0.156098,1212
0.156323,1211
0.156553,1210
0.156785,1209
0.157017,1208
0.157255,1207
0.157497,1206
0.157732,1205
0.157967,1204
0.158214,1203
0.158463,1202
0.158695,1201
0.158922,1200
0.159153,1199
0.159385,1198
0.16437,1197
0.164636,1196
0.1649,1195
0.165155,1194
0.165413,1193
0.165673,1192
0.165935,1191
0.16619,1190
0.166443,1189
0.166695,1188
0.166946,1187
0.167198,1186
0.16745,1185
0.1677,1184
0.167953,1183
0.168212,1182
0.168469,1181
0.16872,1180
0.168978,1179
0.169234,1178
0.169487,1177
0.169738,1176
0.169993,1175
0.170238,1174
0.170469,1173
0.171176,1172
0.171427,1171
0.171674,1170
0.171924,1169
0.172173,1168
0.172427,1167
0.172676,1166
0.172929,1165
0.173178,1164
0.173429,1163
0.174132,1162
0.179912,1161
0.18019,1160
0.180441,1159
0.180695,1158
0.180946,1157
0.181197,1156
0.181924,1155
0.182174,1154
0.182424,1153
0.183152,1152
0.183879,1151
0.184126,1150
0.184373,1149
0.184623,1148
0.184872,1147
0.185123,1146
0.185372,1145
0.185618,1144
0.185869,1143
0.186118,1142
0.186364,1141
0.186612,1140
0.187363,1139
0.187642,1138
0.187896,1137
0.188151,1136
0.188557,1135
0.188814,1134
0.189555,1133
0.194612,1132
0.194895,1131
0.195169,1130
0.195437,1129
0.195701,1128
0.195966,1127
0.196231,1126
0.196498,1125
0.196764,1124
0.19703,1123
0.197292,1122
0.197554,1121
0.197822,1120
0.198083,1119
0.198348,1118
0.198612,1117
0.198881,1116
0.199147,1115
0.199416,1114
0.199675,1113
0.199922,1112
0.200184,1111
0.200443,1110
0.200706,1109
0.200963,1108
0.201207,1107
0.201445,1106
0.20171,1105
0.201969,1104
0.202231,1103
0.202493,1102
0.202754,1101
0.203013,1100
0.203274,1099
0.203541,1098
0.203801,1097
0.211737,1096
0.212039,1095
0.212283,1094
0.212527,1093
0.212768,1092
0.213009,1091
0.213248,1090
0.213483,1089
0.21372,1088
0.213959,1087
0.214207,1086
0.214455,1085
0.214697,1084
0.214943,1083
0.215183,1082
0.215436,1081
0.215677,1080
0.215914,1079
0.216157,1078
0.216397,1077
0.216637,1076
0.216882,1075
0.217121,1074
0.217926,1073
0.218602,1072
0.218835,1071
0.219077,1070
0.219311,1069
0.220468,1068
0.220724,1067
0.221414,1066
0.221649,1065
0.224889,1064
0.225168,1063
0.225425,1062
0.225678,1061
0.225933,1060
0.226198,1059
0.226455,1058
0.227216,1057
0.2278,1056
0.22805,1055
0.228302,1054
0.229031,1053
0.229764,1052
0.23001,1051
0.230257,1050
0.230502,1049
0.231702,1048
0.231948,1047
0.232202,1046
0.232457,1045
0.232705,1044
0.232956,1043
0.233217,1042
0.233476,1041
0.233733,1040
0.233989,1039
0.234252,1038
0.234516,1037
0.234758,1036
0.241253,1035
0.241504,1034
0.241759,1033
0.242018,1032
0.242251,1031
0.242948,1030
0.244518,1029
0.244755,1028
0.244983,1027
0.246148,1026
0.248257,1025
0.248498,1024
0.248748,1023
0.249464,1022
0.255764,1021
0.25604,1020
0.256324,1019
0.256592,1018
0.2579,1017
0.258175,1016
0.258442,1015
0.258714,1014
0.259004,1013
0.259276,1012
0.259582,1011
0.259861,1010
0.260128,1009
0.260386,1008
0.260682,1007
0.260943,1006
0.2612,1005
0.263013,1004
0.263277,1003
0.263508,1002
0.264197,1001
0.264428,1000
0.265176,999
0.268634,998
0.269381,997
0.26963,996
0.269874,995
0.270593,994
0.270851,993
0.271113,992
0.272343,991
0.272593,990
0.273309,989
0.273567,988
0.274276,987
0.27452,986
0.274771,985
0.27501,984
0.275259,983
0.2755,982
0.275761,981
0.275999,980
0.276246,979
0.276976,978
0.307314,977
0.308114,976
0.308366,975
0.308658,974
0.308937,973
0.310259,972
0.310502,971
0.310771,970
0.311584,969
0.315615,968
0.316269,967
0.316519,966
0.335843,965
0.364075,964
0.364366,963
0.405287,962
0.405573,961
0.40773,960
0.407974,959
0.40822,958
0.428557,957
0.445147,956
0.44592,955
0.467013,954
0.467806,953
0.468065,952
0.493843,951
0.494118,950
0.495392,949
0.496724,948
0.496983,947
0.49767,946
0.50059,945
0.514824,944
0.549855,943
0.560079,942
0.560925,941
0.561213,940
0.862616,939
0.863901,938
0.864697,937
0.88092,936
0.952294,935
0.954087,934
1.061,933
1.11499,932
1.11527,931
1.11651,930
1.11679,929
1.11705,928
1.14827,927
1.45642,926
1.45669,925
1.45694,924
1.45718,923
1.45787,922
1.45953,921
1.45983,920
1.7449,919
1.74563,918
1.74587,917
1.75486,916
1.75572,915
2.17185,914
2.17214,913
2.17243,912
2.1737,911
2.95008,910
2.95041,909
8.93232,908
8.93288,907
8.93537,906
822.604,905
1174.76,904
1174.77,903
