0.000861163,1588
0.00116531,1587
0.00143977,1586
0.00171687,1585
0.001988,1584
0.00226125,1583
0.00253318,1582
0.00280563,1581
0.00307806,1580
0.00335,1579
0.00362281,1578
0.00705117,1577
0.00738129,1576
0.00766729,1575
0.00793788,1574
0.00949681,1573
0.00976588,1572
0.0100392,1571
0.0103126,1570
0.0105692,1569
0.0108273,1568
0.0110759,1567
0.0113245,1566
0.011578,1565
0.0118292,1564
0.012079,1563
0.0123413,1562
0.0126049,1561
0.0128671,1560
0.0131296,1559
0.013392,1558
0.0136547,1557
0.013917,1556
0.0141798,1555
0.0144421,1554
0.0147048,1553
0.0149655,1552
0.0152274,1551
0.0154887,1550
0.0157498,1549
0.0160124,1548
0.016278,1547
0.0165376,1546
0.0167983,1545
0.0170586,1544
0.0173202,1543
0.0175804,1542
0.0178406,1541
0.018099,1540
0.02504,1539
0.0253392,1538
0.0256104,1537
0.0258815,1536
0.0261502,1535
0.0264191,1534
0.0266888,1533
0.0269572,1532
0.0272265,1531
0.027496,1530
0.0277656,1529
0.028065,1528
0.0283681,1527
0.0286406,1526
0.0289074,1525
0.0291664,1524
0.0294339,1523
0.0296866,1522
0.0299665,1521
0.0302358,1520
0.0305025,1519
0.0307705,1518
0.0312412,1517
0.0315245,1516
0.0317953,1515
0.0320626,1514
0.03233,1513
0.0325976,1512
0.0328654,1511
0.0331325,1510
0.0334005,1509
0.0336673,1508
0.0339341,1507
0.0342008,1506
0.0344671,1505
0.0347365,1504
0.0350037,1503
0.0429011,1502
0.0431789,1501
0.0434432,1500
0.0437117,1499
0.0439784,1498
0.0442457,1497
0.0445111,1496
0.0447762,1495
0.0450412,1494
0.0453057,1493
0.0455695,1492
0.045833,1491
0.046098,1490
0.0463629,1489
0.0466265,1488
0.0468929,1487
0.0471569,1486
0.04742,1485
0.0476828,1484
0.0479462,1483
0.0482093,1482
0.048472,1481
0.0487417,1480
0.0490058,1479
0.049269,1478
0.049532,1477
0.0498022,1476
0.0500724,1475
0.0503363,1474
0.0505996,1473
0.0508626,1472
0.0511252,1471
0.0514551,1470
0.0517359,1469
0.0520034,1468
0.052269,1467
0.0525334,1466
0.0557697,1465
0.0560434,1464
0.0563009,1463
0.0565608,1462
0.0568121,1461
0.0570769,1460
0.0573151,1459
0.0575753,1458
0.0578424,1457
0.058109,1456
0.0583743,1455
0.0586377,1454
0.0588961,1453
0.059146,1452
0.0594113,1451
0.0596759,1450
0.059942,1449
0.0602067,1448
0.0604698,1447
0.0607328,1446
0.0609961,1445
0.0612652,1444
0.0615283,1443
0.0617912,1442
0.0620571,1441
0.0623217,1440
0.0625854,1439
0.0628496,1438
0.0631129,1437
0.0633756,1436
0.0636376,1435
0.0638881,1434
0.064135,1433
0.0643964,1432
0.0646575,1431
0.0649175,1430
0.0651801,1429
0.0654427,1428
0.0656925,1427
0.0738567,1426
0.0741303,1425
0.0743943,1424
0.0746572,1423
0.0749213,1422
0.0751839,1421
0.0754459,1420
0.0757111,1419
0.0759722,1418
0.0762369,1417
0.0764814,1416
0.0767219,1415
0.0769826,1414
0.0772424,1413
0.0775034,1412
0.0777633,1411
0.078023,1410
0.0782823,1409
0.0785416,1408
0.0788003,1407
0.0790589,1406
0.0793167,1405
0.0795696,1404
0.0798266,1403
0.0800878,1402
0.0803511,1401
0.0806179,1400
0.0808832,1399
0.0811445,1398
0.0814064,1397
0.0816689,1396
0.0819294,1395
0.082189,1394
0.0824501,1393
0.0827094,1392
0.0829677,1391
0.0832266,1390
0.0834849,1389
0.0878361,1388
0.0881205,1387
0.088385,1386
0.0886602,1385
0.0889239,1384
0.0891833,1383
0.089443,1382
0.0898746,1381
0.0901538,1380
0.0903987,1379
0.0906451,1378
0.0908905,1377
0.0911353,1376
0.091379,1375
0.0916227,1374
0.0918659,1373
0.0921101,1372
0.0923526,1371
0.0925989,1370
0.0928406,1369
0.0930855,1368
0.0933229,1367
0.093564,1366
0.0938035,1365
0.0940498,1364
0.094295,1363
0.0945402,1362
0.0947813,1361
0.095024,1360
0.0952609,1359
0.0955035,1358
0.0957429,1357
0.0959831,1356
0.0962232,1355
0.0964627,1354
0.0967082,1353
0.096945,1352
0.0971847,1351
0.0974194,1350
0.0976596,1349
0.104834,1348
0.105114,1347
0.105376,1346
0.105636,1345
0.105896,1344
0.10616,1343
0.106422,1342
0.106683,1341
0.106944,1340
0.107208,1339
0.107493,1338
0.107761,1337
0.108029,1336
0.108298,1335
0.108563,1334
0.108822,1333
0.109088,1332
0.109356,1331
0.109623,1330
0.110347,1329
0.110605,1328
0.11086,1327
0.111114,1326
0.111368,1325
0.111623,1324
0.111881,1323
0.112136,1322
0.112392,1321
0.112647,1320
0.112902,1319
0.113157,1318
0.113412,1317
0.113668,1316
0.113924,1315
0.114179,1314
0.114433,1313
0.119288,1312
0.119591,1311
0.11988,1310
0.120144,1309
0.120405,1308
0.120669,1307
0.120937,1306
0.1212,1305
0.121463,1304
0.121725,1303
0.121987,1302
0.122254,1301
0.122519,1300
0.122787,1299
0.123056,1298
0.123328,1297
0.123597,1296
0.12386,1295
0.124125,1294
0.124393,1293
0.124661,1292
0.12542,1291
0.125682,1290
0.125945,1289
0.126203,1288
0.126463,1287
0.126721,1286
0.126983,1285
0.127247,1284
0.127506,1283
0.127765,1282
0.128024,1281
0.128288,1280
0.128554,1279
0.128824,1278
0.129095,1277
0.136479,1276
0.136771,1275
0.137037,1274
0.137301,1273
0.137568,1272
0.137832,1271
0.138099,1270
0.138361,1269
0.138625,1268
0.138862,1267
0.139111,1266
0.139352,1265
0.139593,1264
0.139848,1263
0.140103,1262
0.140348,1261
0.140602,1260
0.140848,1259
0.141093,1258
0.141335,1257
0.141583,1256
0.141835,1255
0.142086,1254
0.142329,1253
0.142579,1252
0.142829,1251
0.143079,1250
0.143332,1249
0.14356,1248
0.143785,1247
0.144035,1246
0.14429,1245
0.144549,1244
0.144807,1243
0.145066,1242
0.145325,1241
0.145585,1240
0.145844,1239
0.146101,1238
0.146358,1237
0.151425,1236
0.151679,1235
0.151921,1234
0.152166,1233
0.152886,1232
0.15313,1231
0.153374,1230
0.15362,1229
0.153865,1228
0.154106,1227
0.154353,1226
0.154596,1225
0.154839,1224
0.155084,1223
0.155326,1222
0.155566,1221
0.15581,1220
0.156051,1219
0.156293,1218
0.156534,1217
0.156771,1216
0.15701,1215
0.157255,1214
0.157493,1213
0.157728,1212
0.157967,1211
0.158203,1210
0.158441,1209
0.159596,1208
0.159892,1207
0.160135,1206
0.160384,1205
0.160647,1204
0.161116,1203
0.164533,1202
0.164804,1201
0.165537,1200
0.165788,1199
0.166039,1198
0.166289,1197
0.166542,1196
0.166795,1195
0.167048,1194
0.167299,1193
0.167547,1192
0.167799,1191
0.168053,1190
0.168304,1189
0.168557,1188
0.168811,1187
0.169069,1186
0.169326,1185
0.170448,1184
0.170856,1183
0.172428,1182
0.172695,1181
0.172951,1180
0.173208,1179
0.173464,1178
0.173723,1177
0.173978,1176
0.174235,1175
0.174495,1174
0.174749,1173
0.174998,1172
0.175251,1171
0.175503,1170
0.1824,1169
0.182682,1168
0.182939,1167
0.18319,1166
0.183921,1165
0.184172,1164
0.184422,1163
0.184674,1162
0.184924,1161
0.185175,1160
0.185423,1159
0.185718,1158
0.18597,1157
0.186227,1156
0.186468,1155
0.186716,1154
0.186969,1153
0.187216,1152
0.187473,1151
0.187729,1150
0.187984,1149
0.188237,1148
0.188485,1147
0.188734,1146
0.188988,1145
0.189241,1144
0.189493,1143
0.189742,1142
0.189994,1141
0.19024,1140
0.190489,1139
0.191201,1138
0.191455,1137
0.191705,1136
0.191951,1135
0.192198,1134
0.197002,1133
0.197262,1132
0.197941,1131
0.198182,1130
0.198427,1129
0.198671,1128
0.198909,1127
0.19915,1126
0.199394,1125
0.199635,1124
0.199867,1123
0.200273,1122
0.200513,1121
0.200749,1120
0.20099,1119
0.201228,1118
0.201468,1117
0.201704,1116
0.201944,1115
0.202203,1114
0.202438,1113
0.202687,1112
0.202941,1111
0.203202,1110
0.205438,1109
0.205697,1108
0.205955,1107
0.206211,1106
0.20647,1105
0.206736,1104
0.207012,1103
0.212873,1102
0.213153,1101
0.21342,1100
0.213687,1099
0.21395,1098
0.214216,1097
0.214491,1096
0.214752,1095
0.215016,1094
0.215292,1093
0.215551,1092
0.215811,1091
0.216074,1090
0.216833,1089
0.217098,1088
0.217359,1087
0.217632,1086
0.21841,1085
0.218661,1084
0.218916,1083
0.219183,1082
0.219453,1081
0.219707,1080
0.220451,1079
0.220685,1078
0.220915,1077
0.222176,1076
0.222429,1075
0.226583,1074
0.226895,1073
0.227152,1072
0.227404,1071
0.228144,1070
0.228404,1069
0.228654,1068
0.228905,1067
0.229163,1066
0.229414,1065
0.229688,1064
0.229959,1063
0.230212,1062
0.230465,1061
0.231702,1060
0.231954,1059
0.232231,1058
0.232492,1057
0.23328,1056
0.233536,1055
0.233808,1054
0.234081,1053
0.234818,1052
0.235567,1051
0.240336,1050
0.240578,1049
0.240835,1048
0.241523,1047
0.241775,1046
0.242013,1045
0.242245,1044
0.242479,1043
0.242708,1042
0.242929,1041
0.243158,1040
0.24428,1039
0.244517,1038
0.245191,1037
0.245429,1036
0.246096,1035
0.246325,1034
0.246577,1033
0.246823,1032
0.247065,1031
0.247753,1030
0.247983,1029
0.248224,1028
0.248463,1027
0.248723,1026
0.248963,1025
0.249217,1024
0.24946,1023
0.249699,1022
0.249943,1021
0.254288,1020
0.25503,1019
0.25528,1018
0.25554,1017
0.25629,1016
0.256547,1015
0.256793,1014
0.25805,1013
0.259845,1012
0.261143,1011
0.261407,1010
0.261675,1009
0.261936,1008
0.262732,1007
0.268834,1006
0.269662,1005
0.269934,1004
0.272855,1003
0.273119,1002
0.273386,1001
0.273645,1000
0.274406,999
0.274671,998
0.274936,997
0.275246,996
0.275506,995
0.275781,994
0.276051,993
0.276319,992
0.284099,991
0.284372,990
0.285607,989
0.285891,988
0.28618,987
0.311833,986
0.336636,985
0.336887,984
0.339088,983
0.340329,982
0.361792,981
0.362063,980
0.365984,979
0.366244,978
0.366502,977
0.366743,976
0.384449,975
0.38468,974
0.467561,973
0.469231,972
0.479297,971
0.47958,970
0.48712,969
0.487388,968
0.493306,967
0.493698,966
0.580929,965
0.581207,964
0.590005,963
0.590294,962
0.598543,961
0.60825,960
0.608589,959
0.609486,958
0.60979,957
0.610056,956
0.623455,955
0.623743,954
0.734402,953
0.734675,952
0.864056,951
0.932447,950
0.93383,949
0.934676,948
1.12183,947
1.12209,946
1.12338,945
1.13604,944
1.15314,943
1.15556,942
1.1604,941
1.16288,940
1.40883,939
1.40911,938
1.40987,937
1.41013,936
1.41042,935
1.56825,934
1.56903,933
1.5693,932
1.57579,931
1.57656,930
1.65209,929
1.65328,928
1.65355,927
1.65399,926
1.86143,925
1.96511,924
1.96536,923
1.9656,922
2.13542,921
2.27914,920
2.35414,919
2.37888,918
2.39035,917
2.39114,916
2.4635,915
2.86539,914
4.3387,913
4.339,912
4.34676,911
6.32987,910
6.91013,909
6.91107,908
14.1014,907
14.1022,906
1229.19,905
1518.02,904
