0.000289815,1588
0.00058502,1587
0.000870443,1586
0.00116006,1585
0.00142455,1584
0.00169539,1583
0.0019697,1582
0.00224139,1581
0.00251577,1580
0.00278243,1579
0.00302841,1578
0.0032825,1577
0.00353222,1576
0.0037842,1575
0.00403244,1574
0.00427998,1573
0.00452964,1572
0.00477938,1571
0.00502976,1570
0.00527658,1569
0.00850248,1568
0.00882813,1567
0.0091175,1566
0.00939441,1565
0.00967191,1564
0.00994732,1563
0.0102209,1562
0.0105016,1561
0.0107781,1560
0.0110696,1559
0.0113531,1558
0.0116396,1557
0.0119267,1556
0.012221,1555
0.0125024,1554
0.012775,1553
0.0130487,1552
0.0133261,1551
0.0136048,1550
0.0138674,1549
0.0141289,1548
0.0143939,1547
0.0146459,1546
0.0149005,1545
0.015166,1544
0.0154364,1543
0.0157055,1542
0.0159745,1541
0.0162483,1540
0.0165168,1539
0.016785,1538
0.0170532,1537
0.0173204,1536
0.0175887,1535
0.0178558,1534
0.0181359,1533
0.0250846,1532
0.0253695,1531
0.0256209,1530
0.0258716,1529
0.0261192,1528
0.0263745,1527
0.0266288,1526
0.0268762,1525
0.0271239,1524
0.0273674,1523
0.0276156,1522
0.0278644,1521
0.028111,1520
0.0283594,1519
0.0286078,1518
0.0288533,1517
0.0290967,1516
0.0293566,1515
0.0296218,1514
0.0298872,1513
0.0301508,1512
0.0304155,1511
0.0306805,1510
0.0309453,1509
0.0312099,1508
0.0314765,1507
0.0317433,1506
0.0320096,1505
0.0322757,1504
0.0325421,1503
0.0328101,1502
0.0330814,1501
0.0333483,1500
0.0336165,1499
0.0338829,1498
0.0341494,1497
0.0344152,1496
0.0346821,1495
0.0349482,1494
0.0433135,1493
0.0435972,1492
0.0438867,1491
0.0441448,1490
0.0443903,1489
0.0450899,1488
0.0453581,1487
0.045604,1486
0.0458491,1485
0.0460926,1484
0.0463429,1483
0.046585,1482
0.0468294,1481
0.0470804,1480
0.0473304,1479
0.0475767,1478
0.0478192,1477
0.0485269,1476
0.0487735,1475
0.0490169,1474
0.049265,1473
0.0495104,1472
0.049757,1471
0.0499947,1470
0.0502353,1469
0.0504732,1468
0.0507089,1467
0.0509452,1466
0.0511889,1465
0.0514514,1464
0.0517193,1463
0.0519876,1462
0.052249,1461
0.0524973,1460
0.0527527,1459
0.0529994,1458
0.0577867,1457
0.0580646,1456
0.0583287,1455
0.0585937,1454
0.0588598,1453
0.0591259,1452
0.0593924,1451
0.059657,1450
0.0599235,1449
0.060187,1448
0.0604501,1447
0.0607135,1446
0.0609765,1445
0.0612404,1444
0.0615026,1443
0.0617633,1442
0.0620254,1441
0.0622865,1440
0.0625481,1439
0.0629094,1438
0.0631752,1437
0.0634379,1436
0.0637001,1435
0.0639629,1434
0.064226,1433
0.0644893,1432
0.0647532,1431
0.0650175,1430
0.065283,1429
0.0655516,1428
0.0658185,1427
0.0660906,1426
0.0663641,1425
0.0666383,1424
0.0669095,1423
0.0671796,1422
0.0674505,1421
0.0726613,1420
0.0731269,1419
0.0733927,1418
0.0736595,1417
0.0739229,1416
0.0741861,1415
0.0744485,1414
0.07471,1413
0.0749728,1412
0.0752338,1411
0.0754932,1410
0.0757541,1409
0.0760316,1408
0.0762931,1407
0.0765524,1406
0.0768144,1405
0.0770747,1404
0.0773349,1403
0.0775967,1402
0.0778731,1401
0.0782359,1400
0.0785004,1399
0.0787631,1398
0.0790234,1397
0.0792831,1396
0.0795438,1395
0.0798036,1394
0.0800644,1393
0.0803269,1392
0.0805917,1391
0.0808638,1390
0.0811324,1389
0.0814036,1388
0.0816699,1387
0.0819307,1386
0.0821965,1385
0.082459,1384
0.0827609,1383
0.0898222,1382
0.0900989,1381
0.0903568,1380
0.0906203,1379
0.0908817,1378
0.091141,1377
0.0914005,1376
0.0916609,1375
0.0919217,1374
0.0921812,1373
0.0924406,1372
0.0927028,1371
0.0929621,1370
0.0932212,1369
0.0934851,1368
0.0937476,1367
0.0940085,1366
0.0942695,1365
0.0945318,1364
0.0952985,1363
0.0955578,1362
0.0958235,1361
0.0962782,1360
0.09655,1359
0.0968092,1358
0.0970683,1357
0.0973275,1356
0.097586,1355
0.0978496,1354
0.098109,1353
0.0983696,1352
0.0986284,1351
0.0988887,1350
0.0991457,1349
0.0994068,1348
0.0996719,1347
0.104449,1346
0.104727,1345
0.104966,1344
0.105226,1343
0.105487,1342
0.105749,1341
0.106011,1340
0.106277,1339
0.106533,1338
0.106786,1337
0.107035,1336
0.107287,1335
0.107543,1334
0.1078,1333
0.108057,1332
0.108318,1331
0.10858,1330
0.108846,1329
0.109113,1328
0.109876,1327
0.110133,1326
0.110389,1325
0.110646,1324
0.110901,1323
0.111156,1322
0.111411,1321
0.111649,1320
0.11188,1319
0.112134,1318
0.112386,1317
0.112641,1316
0.112899,1315
0.113164,1314
0.113426,1313
0.113709,1312
0.113973,1311
0.114238,1310
0.120615,1309
0.120862,1308
0.121101,1307
0.121804,1306
0.122044,1305
0.122743,1304
0.122986,1303
0.123224,1302
0.123461,1301
0.123699,1300
0.123937,1299
0.124175,1298
0.124414,1297
0.124651,1296
0.124892,1295
0.125133,1294
0.125372,1293
0.125608,1292
0.12585,1291
0.126088,1290
0.126327,1289
0.126567,1288
0.126804,1287
0.127042,1286
0.127278,1285
0.127516,1284
0.127751,1283
0.127988,1282
0.128231,1281
0.128473,1280
0.129162,1279
0.129404,1278
0.129654,1277
0.129896,1276
0.130139,1275
0.134768,1274
0.135041,1273
0.135287,1272
0.135558,1271
0.135802,1270
0.13605,1269
0.136295,1268
0.136561,1267
0.13682,1266
0.137064,1265
0.13733,1264
0.137574,1263
0.13782,1262
0.138063,1261
0.138306,1260
0.138553,1259
0.138797,1258
0.139046,1257
0.139294,1256
0.139543,1255
0.13979,1254
0.140032,1253
0.140273,1252
0.140519,1251
0.141129,1250
0.141379,1249
0.141623,1248
0.141865,1247
0.142109,1246
0.142354,1245
0.142596,1244
0.142838,1243
0.143079,1242
0.143345,1241
0.143601,1240
0.143859,1239
0.144164,1238
0.144453,1237
0.144713,1236
0.144969,1235
0.150886,1234
0.151163,1233
0.151423,1232
0.151687,1231
0.151949,1230
0.152211,1229
0.152474,1228
0.15274,1227
0.153006,1226
0.153277,1225
0.153547,1224
0.153823,1223
0.154095,1222
0.154367,1221
0.154638,1220
0.154916,1219
0.155183,1218
0.155456,1217
0.155727,1216
0.156001,1215
0.156274,1214
0.157043,1213
0.157305,1212
0.157567,1211
0.157826,1210
0.15808,1209
0.158344,1208
0.158606,1207
0.158864,1206
0.159122,1205
0.159381,1204
0.159634,1203
0.160391,1202
0.160649,1201
0.165509,1200
0.165796,1199
0.166057,1198
0.166316,1197
0.166577,1196
0.166837,1195
0.167097,1194
0.167356,1193
0.167616,1192
0.167876,1191
0.168138,1190
0.168397,1189
0.168652,1188
0.168908,1187
0.169165,1186
0.169422,1185
0.169682,1184
0.169938,1183
0.170195,1182
0.170451,1181
0.170708,1180
0.170966,1179
0.171226,1178
0.171491,1177
0.171752,1176
0.172514,1175
0.172777,1174
0.173039,1173
0.173303,1172
0.173568,1171
0.173831,1170
0.174097,1169
0.174363,1168
0.17463,1167
0.174895,1166
0.17516,1165
0.175421,1164
0.179707,1163
0.179967,1162
0.180223,1161
0.180473,1160
0.180725,1159
0.181454,1158
0.181702,1157
0.181954,1156
0.182201,1155
0.182448,1154
0.184141,1153
0.184394,1152
0.185135,1151
0.185435,1150
0.185748,1149
0.186028,1148
0.186822,1147
0.187078,1146
0.187333,1145
0.187581,1144
0.18783,1143
0.18808,1142
0.188328,1141
0.188573,1140
0.188823,1139
0.18907,1138
0.18932,1137
0.194362,1136
0.194631,1135
0.194884,1134
0.195136,1133
0.195384,1132
0.195634,1131
0.195881,1130
0.196112,1129
0.196347,1128
0.196582,1127
0.196815,1126
0.197045,1125
0.19729,1124
0.19797,1123
0.198211,1122
0.198452,1121
0.198688,1120
0.198925,1119
0.199157,1118
0.199391,1117
0.199619,1116
0.199859,1115
0.200096,1114
0.200334,1113
0.200565,1112
0.200794,1111
0.201012,1110
0.20123,1109
0.20145,1108
0.201669,1107
0.201893,1106
0.20341,1105
0.203625,1104
0.20384,1103
0.204061,1102
0.210274,1101
0.21056,1100
0.210815,1099
0.211076,1098
0.211332,1097
0.21211,1096
0.212896,1095
0.213182,1094
0.213942,1093
0.214195,1092
0.214451,1091
0.214711,1090
0.215482,1089
0.21575,1088
0.216009,1087
0.21627,1086
0.216532,1085
0.216797,1084
0.217055,1083
0.217312,1082
0.217571,1081
0.218352,1080
0.218611,1079
0.218873,1078
0.22015,1077
0.226176,1076
0.226467,1075
0.226732,1074
0.227,1073
0.227271,1072
0.227538,1071
0.227799,1070
0.228063,1069
0.228826,1068
0.229611,1067
0.229875,1066
0.230151,1065
0.230421,1064
0.230692,1063
0.230968,1062
0.231246,1061
0.231514,1060
0.231788,1059
0.232057,1058
0.232327,1057
0.233078,1056
0.234831,1055
0.235103,1054
0.235356,1053
0.240678,1052
0.240951,1051
0.241205,1050
0.241972,1049
0.242233,1048
0.242489,1047
0.242783,1046
0.24304,1045
0.243292,1044
0.246034,1043
0.246337,1042
0.246598,1041
0.247379,1040
0.247652,1039
0.248404,1038
0.249149,1037
0.249415,1036
0.249655,1035
0.2499,1034
0.250153,1033
0.2504,1032
0.258591,1031
0.258864,1030
0.259107,1029
0.259374,1028
0.259625,1027
0.259874,1026
0.260129,1025
0.260385,1024
0.26063,1023
0.260887,1022
0.261163,1021
0.261405,1020
0.261683,1019
0.262913,1018
0.265085,1017
0.265343,1016
0.265591,1015
0.26585,1014
0.270463,1013
0.271662,1012
0.271929,1011
0.273218,1010
0.273487,1009
0.273754,1008
0.274018,1007
0.275285,1006
0.275541,1005
0.276201,1004
0.276609,1003
0.276974,1002
0.279639,1001
0.28834,1000
0.288602,999
0.290435,998
0.291258,997
0.301264,996
0.323429,995
0.324635,994
0.331191,993
0.350675,992
0.350972,991
0.35122,990
0.351462,989
0.383424,988
0.383664,987
0.383895,986
0.40436,985
0.40469,984
0.404967,983
0.405251,982
0.405498,981
0.425244,980
0.432743,979
0.432992,978
0.433233,977
0.433486,976
0.434706,975
0.444069,974
0.444356,973
0.444649,972
0.444927,971
0.488002,970
0.488261,969
0.488533,968
0.510648,967
0.510902,966
0.511146,965
0.511393,964
0.521996,963
0.522263,962
0.526189,961
0.61958,960
0.658686,959
0.71281,958
0.714145,957
0.714412,956
0.715174,955
0.718434,954
0.718712,953
0.718972,952
0.727736,951
0.728464,950
0.729272,949
0.76189,948
0.762185,947
0.762453,946
0.971334,945
0.972142,944
0.973359,943
0.974699,942
0.974956,941
1.01176,940
1.01305,939
1.13021,938
1.13051,937
1.13077,936
1.13104,935
1.13925,934
1.13958,933
1.24992,932
1.25176,931
1.25355,930
1.34409,929
1.34438,928
1.34466,927
1.34492,926
1.72479,925
1.72508,924
1.72534,923
1.72559,922
1.72584,921
2.17661,920
2.1774,919
2.17912,918
2.17939,917
2.23563,916
2.65936,915
2.65967,914
2.65995,913
2.6602,912
2.67048,911
5.62415,910
25.4595,909
25.4598,908
25.4601,907
94.4123,906
94.4128,905
1474.5,904
