0.000332062,1588
0.000622118,1587
0.000877188,1586
0.00108668,1585
0.00125562,1584
0.001421,1583
0.00161284,1582
0.00190415,1581
0.00217995,1580
0.0024262,1579
0.00268069,1578
0.00292939,1577
0.00317593,1576
0.00341767,1575
0.00364501,1574
0.00381446,1573
0.00397993,1572
0.00414634,1571
0.00431576,1570
0.00448468,1569
0.00465758,1568
0.00482666,1567
0.00501365,1566
0.00526717,1565
0.00551707,1564
0.00577352,1563
0.00602557,1562
0.00627675,1561
0.00653104,1560
0.00678736,1559
0.00704495,1558
0.00729514,1557
0.00754401,1556
0.00779014,1555
0.00803991,1554
0.00829444,1553
0.00855024,1552
0.00880284,1551
0.00905118,1550
0.00929854,1549
0.0095478,1548
0.00979917,1547
0.0100731,1546
0.0103276,1545
0.0105767,1544
0.0108271,1543
0.0110679,1542
0.011322,1541
0.0115685,1540
0.0118299,1539
0.0121058,1538
0.0123532,1537
0.0126023,1536
0.0128503,1535
0.0130985,1534
0.0133551,1533
0.0136093,1532
0.013861,1531
0.0141081,1530
0.0143544,1529
0.0146033,1528
0.0148536,1527
0.0151031,1526
0.0153529,1525
0.0156147,1524
0.0158757,1523
0.0161345,1522
0.0163941,1521
0.0166536,1520
0.0169149,1519
0.0171749,1518
0.0174353,1517
0.0176947,1516
0.017958,1515
0.018219,1514
0.0184787,1513
0.0187373,1512
0.0189986,1511
0.0192608,1510
0.0195258,1509
0.0197848,1508
0.0232973,1507
0.0235871,1506
0.0238458,1505
0.0241001,1504
0.024361,1503
0.0246191,1502
0.0248718,1501
0.0251187,1500
0.0253641,1499
0.0256078,1498
0.0258573,1497
0.0261156,1496
0.0263687,1495
0.0266251,1494
0.0268806,1493
0.0271338,1492
0.0273841,1491
0.0276594,1490
0.0279334,1489
0.0282041,1488
0.0284697,1487
0.0287183,1486
0.0289535,1485
0.0291953,1484
0.0294341,1483
0.0296814,1482
0.0299275,1481
0.0301718,1480
0.0304171,1479
0.0306619,1478
0.0309156,1477
0.0311662,1476
0.0314118,1475
0.0316545,1474
0.0318963,1473
0.0321408,1472
0.0323887,1471
0.0326307,1470
0.0328744,1469
0.0360516,1468
0.0363384,1467
0.036604,1466
0.0368704,1465
0.0371352,1464
0.0373998,1463
0.0388091,1462
0.0391001,1461
0.0394975,1460
0.0397711,1459
0.0413819,1458
0.0416775,1457
0.041943,1456
0.0422068,1455
0.0424756,1454
0.0427484,1453
0.0430167,1452
0.0432829,1451
0.0435464,1450
0.0438094,1449
0.0440569,1448
0.0443177,1447
0.0445867,1446
0.0448511,1445
0.045116,1444
0.0453792,1443
0.0456433,1442
0.0459075,1441
0.0461708,1440
0.0464335,1439
0.0466979,1438
0.0469609,1437
0.047224,1436
0.0474859,1435
0.0477503,1434
0.0480128,1433
0.0482787,1432
0.0548508,1431
0.0551349,1430
0.0553899,1429
0.0556466,1428
0.0559014,1427
0.0561573,1426
0.0564117,1425
0.0566654,1424
0.0569191,1423
0.0571737,1422
0.0574282,1421
0.0576956,1420
0.0579603,1419
0.0582247,1418
0.0584855,1417
0.0587529,1416
0.0590131,1415
0.0592748,1414
0.0595359,1413
0.0597967,1412
0.0600565,1411
0.0608196,1410
0.0610797,1409
0.0613424,1408
0.0616067,1407
0.0618692,1406
0.0621317,1405
0.0623947,1404
0.0626566,1403
0.0629173,1402
0.0631794,1401
0.0634408,1400
0.0637015,1399
0.0639645,1398
0.0642302,1397
0.064494,1396
0.072667,1395
0.0729833,1394
0.0732573,1393
0.073524,1392
0.0737891,1391
0.0740548,1390
0.0743184,1389
0.0745821,1388
0.0748472,1387
0.0751106,1386
0.0753741,1385
0.0756387,1384
0.0759012,1383
0.076163,1382
0.0764247,1381
0.0766869,1380
0.0769477,1379
0.0772079,1378
0.077467,1377
0.0777268,1376
0.0779851,1375
0.0782424,1374
0.0785036,1373
0.0787635,1372
0.0790229,1371
0.079281,1370
0.0795432,1369
0.0798014,1368
0.0800592,1367
0.0803169,1366
0.0805744,1365
0.0808326,1364
0.0810751,1363
0.0813303,1362
0.0815955,1361
0.0818597,1360
0.0821185,1359
0.082378,1358
0.0858502,1357
0.0861433,1356
0.0864057,1355
0.0866753,1354
0.0869327,1353
0.0871925,1352
0.087453,1351
0.0877172,1350
0.087987,1349
0.0882505,1348
0.0885216,1347
0.088793,1346
0.0890672,1345
0.089337,1344
0.08961,1343
0.0898841,1342
0.0901522,1341
0.0904282,1340
0.0906975,1339
0.0909692,1338
0.0912434,1337
0.0915184,1336
0.0922815,1335
0.092534,1334
0.0927938,1333
0.0930547,1332
0.0933131,1331
0.0935707,1330
0.0938269,1329
0.094083,1328
0.0943378,1327
0.094597,1326
0.094851,1325
0.0951075,1324
0.0953632,1323
0.0956186,1322
0.103507,1321
0.103778,1320
0.104027,1319
0.104276,1318
0.104525,1317
0.104775,1316
0.105044,1315
0.105292,1314
0.10554,1313
0.105786,1312
0.106035,1311
0.106285,1310
0.10653,1309
0.106776,1308
0.107019,1307
0.107263,1306
0.107507,1305
0.107755,1304
0.107998,1303
0.108247,1302
0.109005,1301
0.109261,1300
0.109517,1299
0.109777,1298
0.110032,1297
0.110287,1296
0.11054,1295
0.110796,1294
0.111051,1293
0.111312,1292
0.111568,1291
0.111824,1290
0.112078,1289
0.112331,1288
0.112584,1287
0.112837,1286
0.113089,1285
0.113342,1284
0.118154,1283
0.118428,1282
0.118686,1281
0.118943,1280
0.119199,1279
0.119455,1278
0.119712,1277
0.119967,1276
0.120223,1275
0.120477,1274
0.120738,1273
0.120999,1272
0.121263,1271
0.121527,1270
0.121795,1269
0.122061,1268
0.122328,1267
0.122593,1266
0.122863,1265
0.123135,1264
0.123395,1263
0.123663,1262
0.123931,1261
0.124195,1260
0.124943,1259
0.125199,1258
0.125452,1257
0.125706,1256
0.12596,1255
0.126216,1254
0.126956,1253
0.127213,1252
0.127466,1251
0.12772,1250
0.127975,1249
0.136075,1248
0.13633,1247
0.136586,1246
0.136831,1245
0.137071,1244
0.137313,1243
0.137712,1242
0.137962,1241
0.138204,1240
0.13846,1239
0.138709,1238
0.138959,1237
0.13921,1236
0.139468,1235
0.139724,1234
0.139992,1233
0.140748,1232
0.141001,1231
0.141254,1230
0.141505,1229
0.141756,1228
0.142006,1227
0.142259,1226
0.142509,1225
0.142764,1224
0.143019,1223
0.143271,1222
0.143522,1221
0.143774,1220
0.144028,1219
0.144277,1218
0.144527,1217
0.144777,1216
0.145039,1215
0.145296,1214
0.145552,1213
0.145809,1212
0.153669,1211
0.15394,1210
0.154201,1209
0.154466,1208
0.154731,1207
0.154999,1206
0.155266,1205
0.155532,1204
0.155812,1203
0.156065,1202
0.156322,1201
0.156582,1200
0.15684,1199
0.157098,1198
0.157357,1197
0.157617,1196
0.157874,1195
0.158132,1194
0.158389,1193
0.158648,1192
0.158905,1191
0.159166,1190
0.159423,1189
0.15968,1188
0.159939,1187
0.160193,1186
0.160447,1185
0.160706,1184
0.160962,1183
0.161226,1182
0.161482,1181
0.161738,1180
0.161999,1179
0.162259,1178
0.162516,1177
0.162774,1176
0.169734,1175
0.170999,1174
0.171264,1173
0.171523,1172
0.171779,1171
0.172034,1170
0.17229,1169
0.172559,1168
0.172823,1167
0.173086,1166
0.173342,1165
0.173601,1164
0.173859,1163
0.174118,1162
0.174373,1161
0.174632,1160
0.174888,1159
0.175149,1158
0.175408,1157
0.175665,1156
0.175927,1155
0.176186,1154
0.176445,1153
0.1767,1152
0.176959,1151
0.177216,1150
0.17748,1149
0.177736,1148
0.177991,1147
0.178747,1146
0.179003,1145
0.179258,1144
0.179513,1143
0.183786,1142
0.184078,1141
0.184338,1140
0.1846,1139
0.18486,1138
0.185117,1137
0.185376,1136
0.185633,1135
0.18589,1134
0.186156,1133
0.186413,1132
0.186677,1131
0.186931,1130
0.187187,1129
0.187443,1128
0.187713,1127
0.187974,1126
0.188235,1125
0.188497,1124
0.188761,1123
0.189028,1122
0.189292,1121
0.189557,1120
0.189828,1119
0.190095,1118
0.190358,1117
0.190634,1116
0.190899,1115
0.191151,1114
0.191421,1113
0.19169,1112
0.191955,1111
0.192208,1110
0.192459,1109
0.192717,1108
0.192963,1107
0.19321,1106
0.193457,1105
0.199732,1104
0.20001,1103
0.200245,1102
0.200988,1101
0.201282,1100
0.202087,1099
0.202844,1098
0.203095,1097
0.203351,1096
0.203603,1095
0.203848,1094
0.204092,1093
0.204336,1092
0.204588,1091
0.204832,1090
0.205083,1089
0.205335,1088
0.205583,1087
0.206786,1086
0.207035,1085
0.207283,1084
0.207541,1083
0.208283,1082
0.208529,1081
0.208774,1080
0.209021,1079
0.20927,1078
0.209516,1077
0.215745,1076
0.216028,1075
0.216764,1074
0.217021,1073
0.217278,1072
0.217541,1071
0.217798,1070
0.218062,1069
0.218321,1068
0.218577,1067
0.219833,1066
0.220088,1065
0.220358,1064
0.220615,1063
0.220875,1062
0.221616,1061
0.221868,1060
0.222114,1059
0.222363,1058
0.222612,1057
0.222862,1056
0.224077,1055
0.224322,1054
0.224568,1053
0.224812,1052
0.225064,1051
0.225307,1050
0.225549,1049
0.227815,1048
0.228079,1047
0.228343,1046
0.228601,1045
0.228854,1044
0.229114,1043
0.229889,1042
0.230679,1041
0.230949,1040
0.231211,1039
0.231486,1038
0.231764,1037
0.232026,1036
0.232282,1035
0.23254,1034
0.232789,1033
0.233044,1032
0.233298,1031
0.23355,1030
0.233809,1029
0.234559,1028
0.234813,1027
0.235064,1026
0.236297,1025
0.236553,1024
0.236789,1023
0.237028,1022
0.242713,1021
0.243012,1020
0.243279,1019
0.245549,1018
0.246318,1017
0.24658,1016
0.246838,1015
0.247105,1014
0.247871,1013
0.248123,1012
0.248383,1011
0.249133,1010
0.249381,1009
0.249658,1008
0.250434,1007
0.2507,1006
0.250954,1005
0.251208,1004
0.251466,1003
0.251728,1002
0.258082,1001
0.258343,1000
0.259067,999
0.259326,998
0.260072,997
0.260325,996
0.261056,995
0.261304,994
0.261569,993
0.261823,992
0.262083,991
0.262336,990
0.262593,989
0.26572,988
0.267451,987
0.273164,986
0.27347,985
0.273724,984
0.27397,983
0.274236,982
0.278848,981
0.279113,980
0.279366,979
0.279639,978
0.280371,977
0.282985,976
0.286553,975
0.286833,974
0.28865,973
0.288939,972
0.290234,971
0.290494,970
0.290779,969
0.291058,968
0.291842,967
0.292105,966
0.294399,965
0.294664,964
0.294928,963
0.295187,962
0.303059,961
0.303332,960
0.303589,959
0.303848,958
0.380038,957
0.380307,956
0.380577,955
0.381292,954
0.381541,953
0.495029,952
0.495787,951
0.496025,950
0.576841,949
0.588525,948
0.59156,947
0.591877,946
0.592145,945
0.593447,944
0.593721,943
0.594001,942
0.748224,941
0.748535,940
0.749384,939
0.751939,938
0.907697,937
0.908989,936
0.909244,935
0.909988,934
0.910247,933
0.910502,932
0.912814,931
1.01481,930
1.09712,929
1.10383,928
1.11161,927
1.11188,926
1.46176,925
1.46547,924
1.46625,923
1.46649,922
1.86425,921
2.0534,920
2.0537,919
2.05557,918
2.05587,917
2.0562,916
2.05754,915
2.13423,914
2.13452,913
2.15592,912
2.49002,911
4.22223,910
4.22356,909
4.22489,908
111.402,907
111.417,906
1315.94,905
1315.94,904
