0.000472946,4940
0.00092687,4939
0.00136331,4938
0.00179486,4937
0.00222482,4936
0.00265399,4935
0.00308494,4934
0.00351453,4933
0.00394327,4932
0.00437198,4931
0.00480747,4930
0.00523824,4929
0.00566714,4928
0.0060974,4927
0.0331185,4926
0.0336029,4925
0.0340343,4924
0.0344696,4923
0.0361306,4922
0.0365869,4921
0.0370199,4920
0.0374497,4919
0.0378787,4918
0.0383059,4917
0.0387354,4916
0.0391635,4915
0.0395929,4914
0.0400206,4913
0.040449,4912
0.0408776,4911
0.0413061,4910
0.0417982,4909
0.0422305,4908
0.0426594,4907
0.043087,4906
0.0435162,4905
0.0439447,4904
0.0923698,4903
0.0928303,4902
0.0932605,4901
0.09369,4900
0.0941196,4899
0.094547,4898
0.0949736,4897
0.0954009,4896
0.095828,4895
0.0962557,4894
0.0966835,4893
0.09711,4892
0.0975373,4891
0.0979647,4890
0.0983919,4889
0.0988183,4888
0.0992448,4887
0.0996704,4886
0.100097,4885
0.100525,4884
0.100951,4883
0.101375,4882
0.1018,4881
0.103293,4880
0.149915,4879
0.150354,4878
0.150841,4877
0.151272,4876
0.152455,4875
0.152894,4874
0.15332,4873
0.153748,4872
0.154175,4871
0.154604,4870
0.155031,4869
0.155457,4868
0.155883,4867
0.15631,4866
0.156734,4865
0.157164,4864
0.157589,4863
0.158015,4862
0.158439,4861
0.158863,4860
0.15929,4859
0.159717,4858
0.160144,4857
0.225268,4856
0.225708,4855
0.226437,4854
0.226881,4853
0.227319,4852
0.227749,4851
0.228176,4850
0.228602,4849
0.229027,4848
0.229453,4847
0.229878,4846
0.230303,4845
0.230727,4844
0.231151,4843
0.231575,4842
0.231999,4841
0.232422,4840
0.232847,4839
0.233272,4838
0.233696,4837
0.234121,4836
0.234546,4835
0.234971,4834
0.311355,4833
0.311813,4832
0.312243,4831
0.312669,4830
0.313095,4829
0.313521,4828
0.313946,4827
0.314372,4826
0.314799,4825
0.315224,4824
0.341164,4823
0.341624,4822
0.342053,4821
0.342481,4820
0.342906,4819
0.343331,4818
0.343755,4817
0.34418,4816
0.344604,4815
0.345026,4814
0.34545,4813
0.345874,4812
0.346296,4811
0.400666,4810
0.401125,4809
0.401552,4808
0.403503,4807
0.403956,4806
0.404391,4805
0.404826,4804
0.40527,4803
0.405727,4802
0.406162,4801
0.406587,4800
0.407012,4799
0.407437,4798
0.407861,4797
0.408286,4796
0.408709,4795
0.409133,4794
0.409557,4793
0.40998,4792
0.410401,4791
0.410824,4790
0.411248,4789
0.41167,4788
0.455598,4787
0.456111,4786
0.460046,4785
0.460508,4784
0.464706,4783
0.465447,4782
0.466094,4781
0.466778,4780
0.467285,4779
0.467725,4778
0.468152,4777
0.469533,4776
0.471904,4775
0.474056,4774
0.476397,4773
0.476837,4772
0.477262,4771
0.478289,4770
0.479276,4769
0.481792,4768
0.48225,4767
0.499443,4766
0.499897,4765
0.500324,4764
0.500897,4763
0.501796,4762
0.504004,4761
0.504491,4760
0.505558,4759
0.506192,4758
0.507342,4757
0.50778,4756
0.508206,4755
0.509771,4754
0.510269,4753
0.5107,4752
0.511162,4751
0.511753,4750
0.512854,4749
0.513498,4748
0.513937,4747
0.514364,4746
0.51479,4745
0.515214,4744
0.621435,4743
0.622138,4742
0.622566,4741
0.623297,4740
0.623724,4739
0.624152,4738
0.624576,4737
0.624999,4736
0.625422,4735
0.625843,4734
0.626265,4733
0.62669,4732
0.627111,4731
0.627533,4730
0.627955,4729
0.628557,4728
0.628998,4727
0.62954,4726
0.629973,4725
0.630398,4724
0.63082,4723
0.631245,4722
0.631697,4721
0.686604,4720
0.687059,4719
0.687484,4718
0.687907,4717
0.688359,4716
0.688799,4715
0.748184,4714
0.748637,4713
0.749062,4712
0.749485,4711
0.749905,4710
0.750326,4709
0.753973,4708
0.754407,4707
0.754833,4706
0.755255,4705
0.755679,4704
0.756099,4703
0.756519,4702
0.75694,4701
0.758192,4700
0.7939,4699
0.794493,4698
0.794921,4697
0.79854,4696
0.799001,4695
0.799426,4694
0.799895,4693
0.80033,4692
0.800754,4691
0.801175,4690
0.801597,4689
0.802017,4688
0.802437,4687
0.803058,4686
0.803494,4685
0.80392,4684
0.804344,4683
0.804767,4682
0.805189,4681
0.805609,4680
0.806028,4679
0.806448,4678
0.806865,4677
0.864979,4676
0.865439,4675
0.866669,4674
0.8671,4673
0.867521,4672
0.868114,4671
0.868536,4670
0.873161,4669
0.873589,4668
0.874012,4667
0.874433,4666
0.874853,4665
0.875284,4664
0.875705,4663
0.876125,4662
0.876543,4661
0.876963,4660
0.877381,4659
0.877799,4658
0.878217,4657
0.878637,4656
0.879055,4655
0.879473,4654
0.879889,4653
0.969038,4652
0.969475,4651
0.969899,4650
0.97035,4649
0.970821,4648
0.971275,4647
0.971693,4646
0.972109,4645
0.972527,4644
0.972947,4643
0.973365,4642
0.973785,4641
0.974203,4640
0.974621,4639
0.975038,4638
0.975455,4637
0.975873,4636
0.976289,4635
0.976705,4634
0.977121,4633
0.977537,4632
0.977954,4631
0.97837,4630
1.04827,4629
1.04872,4628
1.04916,4627
1.04959,4626
1.05001,4625
1.05043,4624
1.05085,4623
1.05126,4622
1.05168,4621
1.0521,4620
1.05252,4619
1.05294,4618
1.05336,4617
1.05377,4616
1.05419,4615
1.0546,4614
1.05502,4613
1.05544,4612
1.05585,4611
1.05627,4610
1.05669,4609
1.0571,4608
1.05752,4607
1.05793,4606
1.13207,4605
1.13252,4604
1.13454,4603
1.13548,4602
1.13591,4601
1.13839,4600
1.13882,4599
1.13927,4598
1.14148,4597
1.14222,4596
1.1427,4595
1.14313,4594
1.14355,4593
1.14397,4592
1.14438,4591
1.1452,4590
1.14575,4589
1.14675,4588
1.14751,4587
1.14794,4586
1.14836,4585
1.14878,4584
1.1492,4583
1.23096,4582
1.23142,4581
1.2319,4580
1.23233,4579
1.23275,4578
1.23317,4577
1.23388,4576
1.23456,4575
1.23527,4574
1.23577,4573
1.2362,4572
1.23662,4571
1.23708,4570
1.23751,4569
1.23793,4568
1.23844,4567
1.2389,4566
1.2394,4565
1.23988,4564
1.24031,4563
1.24072,4562
1.24114,4561
1.24156,4560
1.24238,4559
1.24303,4558
1.24382,4557
1.24443,4556
1.24543,4555
1.24586,4554
1.24631,4553
1.24673,4552
1.24726,4551
1.24769,4550
1.24853,4549
1.24909,4548
1.24964,4547
1.25008,4546
1.2505,4545
1.25092,4544
1.25133,4543
1.25182,4542
1.25227,4541
1.25289,4540
1.25336,4539
1.25378,4538
1.2542,4537
1.37331,4536
1.37375,4535
1.37416,4534
1.37458,4533
1.375,4532
1.37541,4531
1.37583,4530
1.37624,4529
1.37708,4528
1.3775,4527
1.37792,4526
1.37834,4525
1.37875,4524
1.37917,4523
1.3796,4522
1.38003,4521
1.38044,4520
1.38086,4519
1.38127,4518
1.38169,4517
1.3821,4516
1.38251,4515
1.38294,4514
1.46391,4513
1.46436,4512
1.46478,4511
1.46524,4510
1.46566,4509
1.46607,4508
1.46648,4507
1.4669,4506
1.46731,4505
1.46772,4504
1.46895,4503
1.46936,4502
1.46977,4501
1.47019,4500
1.4706,4499
1.47101,4498
1.47142,4497
1.47183,4496
1.47225,4495
1.47266,4494
1.47307,4493
1.47348,4492
1.5302,4491
1.53065,4490
1.53106,4489
1.53148,4488
1.53189,4487
1.53231,4486
1.53272,4485
1.53313,4484
1.53354,4483
1.53395,4482
1.53437,4481
1.53478,4480
1.53519,4479
1.5356,4478
1.53601,4477
1.53642,4476
1.53683,4475
1.53725,4474
1.53765,4473
1.53807,4472
1.53848,4471
1.53889,4470
1.5393,4469
1.53971,4468
1.54012,4467
1.58021,4466
1.58302,4465
1.58349,4464
1.58763,4463
1.58809,4462
1.58851,4461
1.58893,4460
1.58935,4459
1.58977,4458
1.5902,4457
1.59119,4456
1.59162,4455
1.59205,4454
1.59247,4453
1.59289,4452
1.59332,4451
1.59374,4450
1.59416,4449
1.59457,4448
1.595,4447
1.59599,4446
1.59644,4445
1.59686,4444
1.66769,4443
1.66967,4442
1.67088,4441
1.67132,4440
1.67173,4439
1.67214,4438
1.67256,4437
1.67297,4436
1.67338,4435
1.67379,4434
1.6742,4433
1.67461,4432
1.67501,4431
1.67542,4430
1.67583,4429
1.67624,4428
1.67665,4427
1.67706,4426
1.67747,4425
1.67905,4424
1.67949,4423
1.67993,4422
1.68034,4421
1.68075,4420
1.72847,4419
1.72889,4418
1.73027,4417
1.73094,4416
1.73136,4415
1.73177,4414
1.73218,4413
1.73262,4412
1.73303,4411
1.73344,4410
1.73385,4409
1.73426,4408
1.73467,4407
1.73508,4406
1.73549,4405
1.7359,4404
1.73631,4403
1.73672,4402
1.73712,4401
1.73753,4400
1.73794,4399
1.73834,4398
1.73875,4397
1.73916,4396
1.80536,4395
1.80579,4394
1.8062,4393
1.80661,4392
1.80702,4391
1.80743,4390
1.80784,4389
1.80831,4388
1.80872,4387
1.80914,4386
1.80954,4385
1.80995,4384
1.81037,4383
1.81077,4382
1.81119,4381
1.81159,4380
1.812,4379
1.81241,4378
1.81281,4377
1.81322,4376
1.81362,4375
1.81403,4374
1.81443,4373
1.81484,4372
1.97411,4371
1.97577,4370
1.97618,4369
1.97659,4368
1.977,4367
1.97741,4366
1.97781,4365
1.97822,4364
1.97863,4363
1.97904,4362
1.97944,4361
1.97986,4360
1.98026,4359
1.98067,4358
1.98107,4357
1.98154,4356
1.98196,4355
1.98237,4354
1.98278,4353
1.98319,4352
1.98359,4351
1.984,4350
2.0295,4349
2.02997,4348
2.03038,4347
2.03108,4346
2.03151,4345
2.03192,4344
2.03233,4343
2.03274,4342
2.03314,4341
2.03355,4340
2.03396,4339
2.03436,4338
2.03477,4337
2.03517,4336
2.03558,4335
2.03598,4334
2.03641,4333
2.03681,4332
2.03722,4331
2.03762,4330
2.03803,4329
2.03843,4328
2.03884,4327
2.03924,4326
2.03964,4325
2.07986,4324
2.08028,4323
2.08069,4322
2.0811,4321
2.0815,4320
2.08191,4319
2.08231,4318
2.08272,4317
2.08313,4316
2.08353,4315
2.08394,4314
2.08434,4313
2.08474,4312
2.08515,4311
2.08555,4310
2.08596,4309
2.08636,4308
2.08677,4307
2.08717,4306
2.08757,4305
2.08798,4304
2.08838,4303
2.08879,4302
2.08919,4301
2.16869,4300
2.16912,4299
2.16979,4298
2.17024,4297
2.17066,4296
2.17106,4295
2.17147,4294
2.17188,4293
2.17228,4292
2.17269,4291
2.17309,4290
2.1735,4289
2.1739,4288
2.17431,4287
2.17471,4286
2.17511,4285
2.17552,4284
2.17592,4283
2.17633,4282
2.17673,4281
2.17714,4280
2.17754,4279
2.17794,4278
2.17835,4277
2.17875,4276
2.24661,4275
2.24705,4274
2.24769,4273
2.24812,4272
2.24855,4271
2.24896,4270
2.24937,4269
2.24977,4268
2.25017,4267
2.25058,4266
2.25098,4265
2.25139,4264
2.25179,4263
2.25219,4262
2.25259,4261
2.253,4260
2.2534,4259
2.2538,4258
2.25424,4257
2.25466,4256
2.25506,4255
2.25547,4254
2.25588,4253
2.25628,4252
2.32016,4251
2.32058,4250
2.32099,4249
2.32139,4248
2.3218,4247
2.3222,4246
2.32268,4245
2.32309,4244
2.3235,4243
2.3239,4242
2.3243,4241
2.32471,4240
2.32511,4239
2.32551,4238
2.32592,4237
2.32632,4236
2.32672,4235
2.32713,4234
2.32753,4233
2.32794,4232
2.32834,4231
2.32874,4230
2.32914,4229
2.32954,4228
2.4086,4227
2.40905,4226
2.40947,4225
2.41051,4224
2.4143,4223
2.41476,4222
2.41517,4221
2.41561,4220
2.42166,4219
2.4221,4218
2.42251,4217
2.42292,4216
2.42332,4215
2.42373,4214
2.42413,4213
2.42454,4212
2.42494,4211
2.42534,4210
2.42575,4209
2.42615,4208
2.42655,4207
2.42695,4206
2.42736,4205
2.42776,4204
2.49706,4203
2.49752,4202
2.49812,4201
2.49855,4200
2.49922,4199
2.49964,4198
2.50004,4197
2.50081,4196
2.50123,4195
2.50164,4194
2.50204,4193
2.50244,4192
2.50285,4191
2.50325,4190
2.50366,4189
2.50408,4188
2.50448,4187
2.50488,4186
2.50537,4185
2.50577,4184
2.50617,4183
2.50657,4182
2.50697,4181
2.50737,4180
2.50778,4179
2.62126,4178
2.62209,4177
2.62269,4176
2.62322,4175
2.62403,4174
2.62449,4173
2.6249,4172
2.62531,4171
2.62571,4170
2.62611,4169
2.62651,4168
2.62692,4167
2.62732,4166
2.62779,4165
2.62829,4164
2.629,4163
2.62946,4162
2.62987,4161
2.63027,4160
2.63068,4159
2.63294,4158
2.63338,4157
2.63387,4156
2.64799,4155
2.64858,4154
2.64919,4153
2.64961,4152
2.65122,4151
2.65186,4150
2.65369,4149
2.65627,4148
2.6571,4147
2.65779,4146
2.65848,4145
2.65918,4144
2.65962,4143
2.66003,4142
2.66043,4141
2.66084,4140
2.66127,4139
2.66303,4138
2.66344,4137
2.72937,4136
2.72978,4135
2.73019,4134
2.73059,4133
2.73258,4132
2.733,4131
2.7334,4130
2.73381,4129
2.73421,4128
2.73461,4127
2.73501,4126
2.73541,4125
2.73581,4124
2.73621,4123
2.73661,4122
2.73701,4121
2.73741,4120
2.73781,4119
2.73821,4118
2.7386,4117
2.739,4116
2.81882,4115
2.8193,4114
2.81971,4113
2.83986,4112
2.84027,4111
2.84067,4110
2.84107,4109
2.84147,4108
2.84187,4107
2.84227,4106
2.84267,4105
2.84307,4104
2.84347,4103
2.84387,4102
2.84427,4101
2.84467,4100
2.84506,4099
2.84546,4098
2.84586,4097
2.84625,4096
2.84665,4095
2.84705,4094
2.89346,4093
2.89459,4092
2.8966,4091
2.89701,4090
2.901,4089
2.90142,4088
2.90183,4087
2.90225,4086
2.90265,4085
2.90307,4084
2.90348,4083
2.90388,4082
2.90428,4081
2.90467,4080
2.90507,4079
2.90547,4078
2.90586,4077
2.90626,4076
2.90665,4075
2.90705,4074
2.90745,4073
2.90784,4072
2.90824,4071
2.90864,4070
2.90903,4069
2.97318,4068
2.99071,4067
2.99131,4066
2.99509,4065
2.99558,4064
3.01193,4063
3.02266,4062
3.0254,4061
3.02582,4060
3.02623,4059
3.02671,4058
3.02714,4057
3.02754,4056
3.02794,4055
3.02834,4054
3.02874,4053
3.02914,4052
3.02954,4051
3.04247,4050
3.04295,4049
3.04344,4048
3.04387,4047
3.04428,4046
3.10274,4045
3.10316,4044
3.10527,4043
3.10569,4042
3.1061,4041
3.1065,4040
3.1069,4039
3.10729,4038
3.10769,4037
3.10809,4036
3.10848,4035
3.10888,4034
3.10928,4033
3.10967,4032
3.11007,4031
3.11047,4030
3.11164,4029
3.11204,4028
3.11243,4027
3.11283,4026
3.11322,4025
3.11362,4024
3.11401,4023
3.18364,4022
3.18845,4021
3.189,4020
3.18941,4019
3.18982,4018
3.19022,4017
3.19062,4016
3.19104,4015
3.19144,4014
3.19261,4013
3.19301,4012
3.1934,4011
3.1938,4010
3.1942,4009
3.19459,4008
3.19499,4007
3.19539,4006
3.19578,4005
3.19618,4004
3.19657,4003
3.19697,4002
3.19736,4001
3.32168,4000
3.32293,3999
3.32334,3998
3.32375,3997
3.32442,3996
3.32517,3995
3.32574,3994
3.32798,3993
3.32839,3992
3.32879,3991
3.32919,3990
3.32963,3989
3.33006,3988
3.33089,3987
3.33129,3986
3.33169,3985
3.33212,3984
3.33254,3983
3.33293,3982
3.396,3981
3.39706,3980
3.398,3979
3.39881,3978
3.39928,3977
3.39974,3976
3.40016,3975
3.40056,3974
3.40114,3973
3.40156,3972
3.40196,3971
3.40314,3970
3.40354,3969
3.40393,3968
3.40433,3967
3.40472,3966
3.40512,3965
3.40551,3964
3.4059,3963
3.4063,3962
3.4067,3961
3.40709,3960
3.48077,3959
3.48121,3958
3.48164,3957
3.48213,3956
3.48255,3955
3.48296,3954
3.48337,3953
3.48377,3952
3.48417,3951
3.48458,3950
3.48499,3949
3.48539,3948
3.48579,3947
3.48618,3946
3.48658,3945
3.48697,3944
3.48737,3943
3.48776,3942
3.48816,3941
3.48855,3940
3.48895,3939
3.48934,3938
3.48974,3937
3.49013,3936
3.49052,3935
3.59234,3934
3.59278,3933
3.59318,3932
3.59359,3931
3.59406,3930
3.59446,3929
3.59486,3928
3.59525,3927
3.59565,3926
3.59604,3925
3.59643,3924
3.59683,3923
3.59722,3922
3.59761,3921
3.59801,3920
3.5984,3919
3.59879,3918
3.59919,3917
3.59958,3916
3.59998,3915
3.60037,3914
3.60076,3913
3.60115,3912
3.60154,3911
3.60194,3910
3.67518,3909
3.67562,3908
3.67602,3907
3.67719,3906
3.67759,3905
3.67798,3904
3.67837,3903
3.67877,3902
3.67916,3901
3.67955,3900
3.67995,3899
3.68034,3898
3.68073,3897
3.68112,3896
3.68151,3895
3.6819,3894
3.68229,3893
3.68269,3892
3.68308,3891
3.68347,3890
3.68386,3889
3.68425,3888
3.68464,3887
3.7504,3886
3.75106,3885
3.7515,3884
3.75376,3883
3.75446,3882
3.75486,3881
3.75526,3880
3.75588,3879
3.75649,3878
3.7569,3877
3.7573,3876
3.7577,3875
3.75815,3874
3.75858,3873
3.75898,3872
3.75937,3871
3.76003,3870
3.76042,3869
3.76089,3868
3.76129,3867
3.76223,3866
3.76267,3865
3.77776,3864
3.77818,3863
3.77858,3862
3.77898,3861
3.77938,3860
3.77977,3859
3.78016,3858
3.78071,3857
3.78112,3856
3.78152,3855
3.78192,3854
3.78231,3853
3.78271,3852
3.7831,3851
3.78349,3850
3.78389,3849
3.78437,3848
3.78477,3847
3.78519,3846
3.7856,3845
3.78605,3844
3.78649,3843
3.7869,3842
3.7873,3841
3.78816,3840
3.78887,3839
3.78929,3838
3.78969,3837
3.79008,3836
3.79048,3835
3.79087,3834
3.79126,3833
3.79165,3832
3.79205,3831
3.79244,3830
3.79283,3829
3.79322,3828
3.79361,3827
3.794,3826
3.79439,3825
3.79478,3824
3.79517,3823
3.79556,3822
3.79595,3821
3.79634,3820
3.79673,3819
3.79712,3818
3.79751,3817
3.7979,3816
3.79829,3815
3.79868,3814
3.9975,3813
3.99791,3812
3.99849,3811
3.99889,3810
3.99928,3809
3.99971,3808
4.00011,3807
4.00064,3806
4.00107,3805
4.00155,3804
4.00198,3803
4.00239,3802
4.00281,3801
4.00326,3800
4.00378,3799
4.00422,3798
4.00462,3797
4.00502,3796
4.00544,3795
4.00606,3794
4.00649,3793
4.00701,3792
4.00742,3791
4.00794,3790
4.06294,3789
4.06337,3788
4.06376,3787
4.06415,3786
4.06454,3785
4.06493,3784
4.06533,3783
4.06572,3782
4.06611,3781
4.0665,3780
4.06688,3779
4.06727,3778
4.06766,3777
4.06805,3776
4.06845,3775
4.06886,3774
4.06927,3773
4.06966,3772
4.07005,3771
4.07044,3770
4.07083,3769
4.07122,3768
4.0716,3767
4.07199,3766
4.13049,3765
4.13097,3764
4.13137,3763
4.13177,3762
4.13225,3761
4.13265,3760
4.13304,3759
4.13343,3758
4.13382,3757
4.13422,3756
4.13461,3755
4.135,3754
4.13539,3753
4.13578,3752
4.13616,3751
4.13655,3750
4.13694,3749
4.13733,3748
4.13771,3747
4.13811,3746
4.1392,3745
4.13962,3744
4.14001,3743
4.14041,3742
4.19964,3741
4.20008,3740
4.20047,3739
4.20087,3738
4.20126,3737
4.20165,3736
4.20205,3735
4.20244,3734
4.20282,3733
4.20321,3732
4.2036,3731
4.20475,3730
4.20514,3729
4.20553,3728
4.20591,3727
4.2063,3726
4.20669,3725
4.20707,3724
4.20746,3723
4.20784,3722
4.20823,3721
4.20862,3720
4.24652,3719
4.27467,3718
4.2751,3717
4.2755,3716
4.27589,3715
4.27628,3714
4.27667,3713
4.27706,3712
4.2775,3711
4.2779,3710
4.27829,3709
4.27868,3708
4.27908,3707
4.27946,3706
4.27985,3705
4.28024,3704
4.28063,3703
4.28102,3702
4.28142,3701
4.28182,3700
4.28223,3699
4.28262,3698
4.28303,3697
4.28342,3696
4.2838,3695
4.28419,3694
4.28458,3693
4.32912,3692
4.32981,3691
4.33021,3690
4.33074,3689
4.33113,3688
4.33153,3687
4.3344,3686
4.33479,3685
4.33519,3684
4.33558,3683
4.33597,3682
4.33636,3681
4.33676,3680
4.33715,3679
4.33754,3678
4.33792,3677
4.33831,3676
4.3387,3675
4.33925,3674
4.33964,3673
4.34003,3672
4.34043,3671
4.34081,3670
4.3412,3669
4.34159,3668
4.47417,3667
4.47459,3666
4.47698,3665
4.47741,3664
4.47781,3663
4.47821,3662
4.4786,3661
4.479,3660
4.4794,3659
4.47979,3658
4.48019,3657
4.48058,3656
4.48173,3655
4.48212,3654
4.4825,3653
4.48289,3652
4.48403,3651
4.48442,3650
4.4848,3649
4.48519,3648
4.48557,3647
4.54656,3646
4.54722,3645
4.54832,3644
4.54872,3643
4.54911,3642
4.5495,3641
4.54988,3640
4.55107,3639
4.55151,3638
4.55236,3637
4.55353,3636
4.55468,3635
4.55506,3634
4.55545,3633
4.55584,3632
4.55631,3631
4.55674,3630
4.5579,3629
4.55829,3628
4.61362,3627
4.6141,3626
4.61463,3625
4.61519,3624
4.6158,3623
4.61625,3622
4.61664,3621
4.61779,3620
4.61858,3619
4.61904,3618
4.61967,3617
4.62008,3616
4.62047,3615
4.62086,3614
4.62133,3613
4.62173,3612
4.62211,3611
4.62252,3610
4.6239,3609
4.6243,3608
4.62469,3607
4.7019,3606
4.70233,3605
4.70272,3604
4.70751,3603
4.70791,3602
4.7083,3601
4.70869,3600
4.70908,3599
4.70946,3598
4.70985,3597
4.71024,3596
4.71062,3595
4.71104,3594
4.71143,3593
4.71182,3592
4.7122,3591
4.71258,3590
4.71297,3589
4.71335,3588
4.71373,3587
4.71412,3586
4.7145,3585
4.71489,3584
4.71527,3583
4.71565,3582
4.71603,3581
4.7709,3580
4.77131,3579
4.77172,3578
4.77211,3577
4.77262,3576
4.77302,3575
4.77341,3574
4.77381,3573
4.7742,3572
4.77458,3571
4.77497,3570
4.77536,3569
4.77575,3568
4.77613,3567
4.77651,3566
4.7769,3565
4.77728,3564
4.77766,3563
4.77804,3562
4.77843,3561
4.77881,3560
4.77919,3559
4.77957,3558
4.77996,3557
4.78034,3556
4.82855,3555
4.82898,3554
4.83015,3553
4.83084,3552
4.83124,3551
4.83162,3550
4.832,3549
4.83239,3548
4.83277,3547
4.83316,3546
4.83354,3545
4.83392,3544
4.83437,3543
4.83476,3542
4.83589,3541
4.83627,3540
4.83665,3539
4.83703,3538
4.83741,3537
4.83779,3536
4.83817,3535
4.83855,3534
4.83893,3533
4.84075,3532
4.90535,3531
4.90576,3530
4.9077,3529
4.90834,3528
4.90873,3527
4.9098,3526
4.91019,3525
4.91058,3524
4.91172,3523
4.9121,3522
4.91249,3521
4.91287,3520
4.91326,3519
4.91364,3518
4.91402,3517
4.9144,3516
4.91478,3515
4.91516,3514
4.91555,3513
4.91593,3512
4.91631,3511
4.91669,3510
4.91707,3509
4.91745,3508
4.97851,3507
4.97892,3506
4.98665,3505
4.98706,3504
4.98746,3503
4.98785,3502
4.98824,3501
4.98871,3500
4.9891,3499
4.98948,3498
4.98987,3497
4.99155,3496
4.99202,3495
4.99243,3494
4.99282,3493
4.99321,3492
4.9936,3491
4.99399,3490
4.99438,3489
4.99476,3488
4.99515,3487
4.99553,3486
4.99666,3485
5.07027,3484
5.07067,3483
5.07116,3482
5.07155,3481
5.07194,3480
5.07233,3479
5.07271,3478
5.07309,3477
5.07347,3476
5.07385,3475
5.07423,3474
5.07536,3473
5.07574,3472
5.07613,3471
5.1138,3470
5.11753,3469
5.11795,3468
5.11909,3467
5.11948,3466
5.11986,3465
5.12024,3464
5.14492,3463
5.1454,3462
5.1458,3461
5.14693,3460
5.14732,3459
5.1477,3458
5.14808,3457
5.14846,3456
5.14884,3455
5.14922,3454
5.1496,3453
5.15073,3452
5.15111,3451
5.15149,3450
5.15189,3449
5.15227,3448
5.15343,3447
5.15382,3446
5.15421,3445
5.1546,3444
5.22034,3443
5.22076,3442
5.22147,3441
5.22187,3440
5.22226,3439
5.22265,3438
5.22303,3437
5.22341,3436
5.2238,3435
5.22418,3434
5.22456,3433
5.22568,3432
5.22606,3431
5.22644,3430
5.22682,3429
5.2272,3428
5.22758,3427
5.22796,3426
5.22834,3425
5.22872,3424
5.22983,3423
5.23021,3422
5.31326,3421
5.31431,3420
5.3149,3419
5.3153,3418
5.31569,3417
5.31608,3416
5.31646,3415
5.31684,3414
5.31722,3413
5.3176,3412
5.31798,3411
5.31836,3410
5.31874,3409
5.31912,3408
5.3195,3407
5.31988,3406
5.32026,3405
5.32138,3404
5.32176,3403
5.32213,3402
5.32251,3401
5.32289,3400
5.32327,3399
5.32365,3398
5.32402,3397
5.35882,3396
5.35922,3395
5.36109,3394
5.36148,3393
5.36186,3392
5.36225,3391
5.36262,3390
5.36314,3389
5.36354,3388
5.36392,3387
5.36506,3386
5.36544,3385
5.36582,3384
5.36694,3383
5.36732,3382
5.3677,3381
5.36808,3380
5.36847,3379
5.62797,3378
5.62852,3377
5.629,3376
5.62947,3375
5.63254,3374
5.63298,3373
5.63337,3372
5.63375,3371
5.63413,3370
5.63451,3369
5.63501,3368
5.63539,3367
5.63578,3366
5.63615,3365
5.63653,3364
5.63691,3363
5.63728,3362
5.63766,3361
5.63804,3360
5.71059,3359
5.71165,3358
5.71409,3357
5.71484,3356
5.71526,3355
5.71566,3354
5.71715,3353
5.72064,3352
5.7261,3351
5.72753,3350
5.72792,3349
5.73024,3348
5.73065,3347
5.73104,3346
5.73153,3345
5.86265,3344
5.86304,3343
5.86343,3342
5.86456,3341
5.86496,3340
5.86534,3339
5.86572,3338
5.86806,3337
5.86846,3336
5.87066,3335
5.87105,3334
5.87144,3333
5.87259,3332
5.87305,3331
5.87344,3330
5.87382,3329
5.87421,3328
5.87459,3327
5.87497,3326
5.87535,3325
5.93955,3324
5.93993,3323
5.94032,3322
5.9407,3321
5.94107,3320
5.94145,3319
5.94183,3318
5.94221,3317
5.94258,3316
5.94509,3315
5.94549,3314
5.94665,3313
5.94704,3312
5.94741,3311
5.9478,3310
5.94818,3309
5.94857,3308
5.94895,3307
5.94933,3306
5.94971,3305
5.95008,3304
5.993,3303
5.99343,3302
5.99472,3301
5.99878,3300
5.99917,3299
5.99955,3298
5.99994,3297
6.00032,3296
6.0007,3295
6.00108,3294
6.00154,3293
6.00352,3292
6.0054,3291
6.01136,3290
6.01176,3289
6.01214,3288
6.01253,3287
6.01292,3286
6.07911,3285
6.07953,3284
6.08274,3283
6.08466,3282
6.08506,3281
6.08572,3280
6.08633,3279
6.08672,3278
6.08712,3277
6.08752,3276
6.08879,3275
6.08917,3274
6.08955,3273
6.08993,3272
6.0903,3271
6.09068,3270
6.09106,3269
6.09218,3268
6.17607,3267
6.17647,3266
6.17686,3265
6.17872,3264
6.18056,3263
6.18093,3262
6.18132,3261
6.18173,3260
6.18244,3259
6.18281,3258
6.18319,3257
6.18356,3256
6.18472,3255
6.1851,3254
6.18589,3253
6.1865,3252
6.27821,3251
6.2786,3250
6.27898,3249
6.27937,3248
6.28197,3247
6.28234,3246
6.28345,3245
6.28383,3244
6.28479,3243
6.28546,3242
6.28588,3241
6.28629,3240
6.28668,3239
6.28719,3238
6.28759,3237
6.28797,3236
6.28835,3235
6.28873,3234
6.32876,3233
6.32924,3232
6.32966,3231
6.33015,3230
6.33061,3229
6.33101,3228
6.33235,3227
6.33273,3226
6.33384,3225
6.33422,3224
6.33468,3223
6.33507,3222
6.3382,3221
6.33937,3220
6.33975,3219
6.34013,3218
6.3405,3217
6.34088,3216
6.34126,3215
6.50126,3214
6.50278,3213
6.50373,3212
6.50421,3211
6.50465,3210
6.50525,3209
6.50564,3208
6.50602,3207
6.50642,3206
6.50681,3205
6.51178,3204
6.51219,3203
6.51258,3202
6.5155,3201
6.5159,3200
6.51639,3199
6.51677,3198
6.57811,3197
6.57849,3196
6.57887,3195
6.57999,3194
6.58037,3193
6.58074,3192
6.58112,3191
6.58149,3190
6.58259,3189
6.60336,3188
6.60376,3187
6.60414,3186
6.60452,3185
6.60489,3184
6.60527,3183
6.60565,3182
6.60602,3181
6.60641,3180
6.67306,3179
6.67345,3178
6.67382,3177
6.67493,3176
6.67531,3175
6.67568,3174
6.67605,3173
6.67642,3172
6.6768,3171
6.68014,3170
6.68051,3169
6.72854,3168
6.73059,3167
6.731,3166
6.73137,3165
6.73176,3164
6.73214,3163
6.73251,3162
6.73289,3161
6.73326,3160
6.73364,3159
6.73474,3158
6.73511,3157
6.73548,3156
6.73595,3155
6.73634,3154
6.73672,3153
6.73854,3152
6.73894,3151
6.73932,3150
6.73983,3149
6.82478,3148
6.82524,3147
6.82569,3146
6.8261,3145
6.82648,3144
6.82685,3143
6.82799,3142
6.82836,3141
6.86848,3140
6.86943,3139
6.86981,3138
6.87019,3137
6.87057,3136
6.87095,3135
6.87134,3134
6.87172,3133
6.87209,3132
6.87247,3131
6.9066,3130
6.90698,3129
6.90736,3128
6.90773,3127
6.90811,3126
6.90923,3125
6.9096,3124
6.90997,3123
6.91035,3122
6.91073,3121
6.9111,3120
6.91148,3119
6.91185,3118
6.91222,3117
6.91259,3116
6.91296,3115
6.91333,3114
6.9137,3113
6.91408,3112
6.91445,3111
6.91481,3110
6.91518,3109
6.91556,3108
6.98133,3107
6.98171,3106
6.98211,3105
6.98249,3104
6.98287,3103
6.98324,3102
6.98366,3101
6.98404,3100
6.98441,3099
6.98478,3098
6.98516,3097
6.98553,3096
6.98596,3095
6.98865,3094
6.98946,3093
6.98984,3092
6.99024,3091
6.99062,3090
6.991,3089
6.99142,3088
6.9918,3087
6.9922,3086
6.99259,3085
6.99297,3084
6.99335,3083
6.99373,3082
7.07943,3081
7.07982,3080
7.08095,3079
7.08133,3078
7.0817,3077
7.08207,3076
7.08245,3075
7.08282,3074
7.08319,3073
7.08356,3072
7.08393,3071
7.08431,3070
7.08468,3069
7.08505,3068
7.08542,3067
7.08579,3066
7.08616,3065
7.08654,3064
7.08691,3063
7.0873,3062
7.08767,3061
7.08804,3060
7.08841,3059
7.08877,3058
7.20585,3057
7.20628,3056
7.20669,3055
7.20709,3054
7.2075,3053
7.2079,3052
7.20837,3051
7.21018,3050
7.21519,3049
7.21963,3048
7.22034,3047
7.22593,3046
7.227,3045
7.22828,3044
7.2287,3043
7.22909,3042
7.22948,3041
7.22991,3040
7.2311,3039
7.23175,3038
7.23243,3037
7.23287,3036
7.23348,3035
7.23395,3034
7.2351,3033
7.23557,3032
7.23594,3031
7.23633,3030
7.2375,3029
7.23862,3028
7.4077,3027
7.4093,3026
7.40972,3025
7.4101,3024
7.41048,3023
7.41085,3022
7.41123,3021
7.4116,3020
7.41197,3019
7.41379,3018
7.41488,3017
7.41526,3016
7.41563,3015
7.416,3014
7.41637,3013
7.41676,3012
7.41797,3011
7.41835,3010
7.46829,3009
7.4687,3008
7.46907,3007
7.46947,3006
7.46991,3005
7.47029,3004
7.47427,3003
7.47612,3002
7.47649,3001
7.47686,3000
7.47795,2999
7.47832,2998
7.47869,2997
7.47906,2996
7.48019,2995
7.48056,2994
7.48094,2993
7.4813,2992
7.48168,2991
7.57259,2990
7.57324,2989
7.57396,2988
7.57503,2987
7.57545,2986
7.57583,2985
7.57882,2984
7.57921,2983
7.57958,2982
7.58142,2981
7.63985,2980
7.64031,2979
7.64104,2978
7.65377,2977
7.65463,2976
7.65502,2975
7.65541,2974
7.65579,2973
7.65616,2972
7.65654,2971
7.65692,2970
7.65801,2969
7.65839,2968
7.65876,2967
7.65986,2966
7.66023,2965
7.6606,2964
7.66313,2963
7.6635,2962
7.66387,2961
7.72418,2960
7.72457,2959
7.72496,2958
7.72841,2957
7.72881,2956
7.72918,2955
7.72956,2954
7.72993,2953
7.73175,2952
7.73212,2951
7.73248,2950
7.73285,2949
7.73321,2948
7.73358,2947
7.73395,2946
7.73433,2945
7.7347,2944
7.73506,2943
7.73543,2942
7.73579,2941
7.73616,2940
7.80971,2939
7.81012,2938
7.8105,2937
7.81231,2936
7.81269,2935
7.81306,2934
7.81344,2933
7.8138,2932
7.81417,2931
7.81455,2930
7.81492,2929
7.816,2928
7.81637,2927
7.81674,2926
7.81783,2925
7.91979,2924
7.92146,2923
7.92362,2922
7.92599,2921
7.92637,2920
7.92675,2919
7.92805,2918
7.92846,2917
7.93136,2916
7.94806,2915
7.94847,2914
7.94885,2913
7.94923,2912
7.94965,2911
7.95018,2910
7.95061,2909
7.95211,2908
7.9533,2907
7.95368,2906
7.95408,2905
7.95445,2904
7.95557,2903
7.95594,2902
8.00614,2901
8.00655,2900
8.02216,2899
8.02258,2898
8.02295,2897
8.02333,2896
8.02369,2895
8.02622,2894
8.02659,2893
8.02696,2892
8.02803,2891
8.0284,2890
8.02876,2889
8.02913,2888
8.0295,2887
8.02986,2886
8.03023,2885
8.03059,2884
8.03095,2883
8.03132,2882
8.03169,2881
8.09093,2880
8.0916,2879
8.09198,2878
8.09931,2877
8.10045,2876
8.10081,2875
8.10118,2874
8.10157,2873
8.10266,2872
8.10303,2871
8.10339,2870
8.10589,2869
8.16522,2868
8.16783,2867
8.17183,2866
8.17446,2865
8.17551,2864
8.24023,2863
8.24136,2862
8.24174,2861
8.24285,2860
8.24322,2859
8.24715,2858
8.24753,2857
8.2479,2856
8.24828,2855
8.24865,2854
8.24902,2853
8.31081,2852
8.31123,2851
8.31161,2850
8.31198,2849
8.31234,2848
8.31272,2847
8.31309,2846
8.31346,2845
8.31384,2844
8.3142,2843
8.31457,2842
8.31494,2841
8.3153,2840
8.31567,2839
8.31604,2838
8.3164,2837
8.31677,2836
8.31713,2835
8.3175,2834
8.31858,2833
8.32036,2832
8.37428,2831
8.3747,2830
8.3758,2829
8.37617,2828
8.37653,2827
8.3769,2826
8.37729,2825
8.37837,2824
8.37875,2823
8.38281,2822
8.38391,2821
8.38429,2820
8.4533,2819
8.45581,2818
8.45835,2817
8.45942,2816
8.45979,2815
8.48955,2814
8.48995,2813
8.49034,2812
8.51931,2811
8.51974,2810
8.52011,2809
8.52061,2808
8.52172,2807
8.5228,2806
8.5239,2805
8.52427,2804
8.52463,2803
8.52499,2802
8.52751,2801
8.52788,2800
8.58689,2799
8.58765,2798
8.58944,2797
8.59065,2796
8.59104,2795
8.59502,2794
8.59542,2793
8.59588,2792
8.59626,2791
8.59663,2790
8.597,2789
8.59811,2788
8.59854,2787
8.60159,2786
8.60197,2785
8.60461,2784
8.60499,2783
8.61371,2782
8.61408,2781
8.61527,2780
8.6181,2779
8.61847,2778
8.6196,2777
8.62095,2776
8.62144,2775
8.62189,2774
8.62229,2773
8.62267,2772
8.62379,2771
8.62416,2770
8.6246,2769
8.86211,2768
8.86249,2767
8.86543,2766
8.86588,2765
8.86625,2764
8.86662,2763
8.867,2762
8.86737,2761
8.86773,2760
8.86809,2759
8.86845,2758
8.86882,2757
8.87064,2756
8.87101,2755
9.08567,2754
9.08606,2753
9.08661,2752
9.08702,2751
9.08759,2750
9.08799,2749
9.08838,2748
9.09022,2747
9.09059,2746
9.09099,2745
9.09285,2744
9.09397,2743
9.09436,2742
9.09476,2741
9.09513,2740
9.0955,2739
9.24125,2738
9.24652,2737
9.26563,2736
9.266,2735
9.26637,2734
9.26771,2733
9.2687,2732
9.26931,2731
9.38601,2730
9.39189,2729
9.39228,2728
9.3984,2727
9.39928,2726
9.40884,2725
9.40931,2724
9.41029,2723
9.41136,2722
9.41207,2721
9.41331,2720
9.41656,2719
9.41696,2718
9.41808,2717
9.41921,2716
9.4196,2715
9.41997,2714
9.42034,2713
9.4207,2712
9.52203,2711
9.52243,2710
9.5228,2709
9.52389,2708
9.52425,2707
9.52532,2706
9.52999,2705
9.53036,2704
9.53073,2703
9.5311,2702
9.59853,2701
9.60407,2700
9.62447,2699
9.62619,2698
9.62856,2697
9.63372,2696
9.63414,2695
9.63451,2694
9.63599,2693
9.63657,2692
9.6384,2691
10.3347,2690
10.3365,2689
10.3426,2688
10.3739,2687
10.4013,2686
10.4024,2685
10.4028,2684
10.4032,2683
10.5897,2682
10.5901,2681
10.5926,2680
10.5944,2679
10.5979,2678
10.6111,2677
10.6203,2676
10.624,2675
10.6262,2674
10.6329,2673
10.9725,2672
10.9734,2671
10.982,2670
11.0738,2669
11.075,2668
11.2222,2667
11.2226,2666
11.2237,2665
11.2281,2664
11.2323,2663
11.2335,2662
11.2353,2661
11.2357,2660
11.2368,2659
11.2372,2658
11.3686,2657
11.5759,2656
11.6026,2655
11.603,2654
11.6033,2653
11.6066,2652
11.6084,2651
11.6087,2650
11.6147,2649
11.8723,2648
11.8744,2647
11.8748,2646
12.0551,2645
12.0562,2644
12.0566,2643
12.325,2642
12.3254,2641
12.3257,2640
12.3261,2639
12.3279,2638
12.3282,2637
12.3854,2636
12.3864,2635
12.4476,2634
12.448,2633
12.4984,2632
12.5012,2631
12.5015,2630
12.5019,2629
12.7251,2628
12.7263,2627
12.7267,2626
12.727,2625
13.2571,2624
13.472,2623
13.541,2622
13.5414,2621
13.5884,2620
13.5888,2619
13.5892,2618
13.5895,2617
13.5956,2616
13.596,2615
13.5964,2614
13.5981,2613
13.6519,2612
13.6523,2611
13.6526,2610
13.653,2609
14.1707,2608
14.1731,2607
14.1758,2606
14.1762,2605
14.4647,2604
14.4941,2603
14.4945,2602
15.1051,2601
15.1055,2600
15.1058,2599
16.4822,2598
16.4833,2597
16.4837,2596
16.4897,2595
16.49,2594
16.4912,2593
16.4917,2592
16.5521,2591
16.5568,2590
16.5572,2589
17.7364,2588
17.7452,2587
17.8905,2586
17.8909,2585
17.8916,2584
17.8919,2583
17.9594,2582
17.9598,2581
17.9602,2580
17.9613,2579
17.9617,2578
17.9621,2577
17.9646,2576
17.965,2575
18.1797,2574
18.1801,2573
18.2478,2572
18.2481,2571
18.2485,2570
18.2489,2569
18.2507,2568
18.2519,2567
18.2537,2566
18.254,2565
18.2544,2564
18.2562,2563
18.2566,2562
18.2569,2561
18.2588,2560
18.2592,2559
18.8051,2558
18.8055,2557
18.8065,2556
18.8069,2555
18.8072,2554
18.8592,2553
18.8596,2552
18.8628,2551
18.9227,2550
18.9231,2549
18.9242,2548
20.1731,2547
20.4453,2546
20.4457,2545
20.4461,2544
20.4464,2543
20.4468,2542
20.4508,2541
20.4512,2540
20.4515,2539
20.4519,2538
20.4522,2537
20.6776,2536
20.6787,2535
20.7842,2534
20.7981,2533
20.7985,2532
21.9984,2531
21.9988,2530
21.9992,2529
21.9996,2528
21.9999,2527
22.0003,2526
22.0035,2525
22.0046,2524
22.0063,2523
22.0067,2522
22.2191,2521
22.2223,2520
22.2226,2519
22.2983,2518
22.3009,2517
24.6903,2516
24.6951,2515
24.6991,2514
24.7521,2513
24.8138,2512
24.8219,2511
24.8729,2510
24.8733,2509
24.8745,2508
25.0295,2507
25.0349,2506
25.0353,2505
25.4396,2504
25.44,2503
25.4403,2502
25.4414,2501
25.4446,2500
25.445,2499
25.5026,2498
25.5671,2497
26.0543,2496
26.0547,2495
26.0551,2494
26.0554,2493
26.0558,2492
26.0576,2491
28.0273,2490
28.0277,2489
28.0856,2488
28.091,2487
28.0913,2486
28.1851,2485
28.1857,2484
28.186,2483
28.1873,2482
28.1878,2481
28.1882,2480
28.1898,2479
28.1918,2478
28.1922,2477
28.5863,2476
29.8338,2475
30.0117,2474
30.0498,2473
30.0509,2472
30.0512,2471
30.0516,2470
30.0583,2469
30.1117,2468
30.1126,2467
30.1129,2466
30.1198,2465
30.1202,2464
30.1205,2463
30.1209,2462
30.1213,2461
30.1216,2460
33.9974,2459
33.9999,2458
34.0002,2457
34.0006,2456
34.001,2455
34.0013,2454
34.0777,2453
34.0781,2452
34.0799,2451
34.0803,2450
34.0814,2449
34.0818,2448
34.0843,2447
34.0853,2446
34.1427,2445
34.1431,2444
34.1435,2443
34.1439,2442
34.1442,2441
34.1942,2440
35.2445,2439
36.599,2438
36.6072,2437
37.4688,2436
37.4713,2435
37.4717,2434
37.472,2433
37.4725,2432
37.4743,2431
37.5254,2430
37.5265,2429
37.5329,2428
37.5333,2427
37.5337,2426
37.5382,2425
37.5744,2424
37.5748,2423
37.5752,2422
37.5769,2421
37.715,2420
37.7161,2419
38.1635,2418
38.1639,2417
38.1643,2416
39.3701,2415
39.3705,2414
39.3709,2413
39.4808,2412
39.4819,2411
42.0112,2410
42.0124,2409
50.3129,2408
50.3133,2407
50.3186,2406
50.319,2405
52.9786,2404
52.9789,2403
52.9793,2402
52.9804,2401
52.9807,2400
53.0427,2399
53.0452,2398
53.1249,2397
53.1985,2396
53.1989,2395
53.2021,2394
53.9119,2393
54.0529,2392
54.0568,2391
54.2102,2390
54.2112,2389
54.2122,2388
54.5714,2387
54.5718,2386
54.5729,2385
54.5732,2384
54.5743,2383
54.5747,2382
55.8983,2381
55.8987,2380
55.9005,2379
55.9009,2378
56.0119,2377
56.0144,2376
56.118,2375
56.119,2374
77.4717,2373
77.4721,2372
77.5203,2371
77.5222,2370
77.524,2369
81.4981,2368
81.4985,2367
81.4989,2366
81.4993,2365
84.7328,2364
84.7332,2363
84.7335,2362
84.7339,2361
84.7692,2360
84.7695,2359
84.8544,2358
84.8555,2357
102.208,2356
102.254,2355
102.255,2354
120.27,2353
120.311,2352
120.476,2351
121.379,2350
121.38,2349
121.693,2348
123.333,2347
123.398,2346
123.399,2345
123.399,2344
123.402,2343
123.403,2342
141.002,2341
141.067,2340
141.202,2339
141.206,2338
141.206,2337
141.207,2336
141.524,2335
141.525,2334
141.525,2333
234.954,2332
235.512,2331
259.929,2330
322.864,2329
323.006,2328
324.753,2327
426.36,2326
426.36,2325
426.361,2324
426.362,2323
426.364,2322
1541.75,2321
1541.8,2320
1541.8,2319
1541.8,2318
1744.92,2317
1796.87,2316
4302.11,2315
4365.11,2314
