0.000488196,4940
0.000961911,4939
0.00142844,4938
0.00188018,4937
0.0023291,4936
0.00278479,4935
0.00327597,4934
0.00371791,4933
0.00415309,4932
0.00458524,4931
0.00501814,4930
0.00545018,4929
0.00588301,4928
0.0063159,4927
0.026963,4926
0.0288188,4925
0.0292921,4924
0.0339346,4923
0.034393,4922
0.0348253,4921
0.0352551,4920
0.0356852,4919
0.0361156,4918
0.0365463,4917
0.0369766,4916
0.0374072,4915
0.0378377,4914
0.0382669,4913
0.0386972,4912
0.0391254,4911
0.0395536,4910
0.0399826,4909
0.0404105,4908
0.0408394,4907
0.0412679,4906
0.0416977,4905
0.0421262,4904
0.106745,4903
0.107207,4902
0.10764,4901
0.10807,4900
0.1085,4899
0.108928,4898
0.109358,4897
0.109787,4896
0.110216,4895
0.110645,4894
0.111074,4893
0.111926,4892
0.112392,4891
0.11289,4890
0.11333,4889
0.113765,4888
0.114193,4887
0.114622,4886
0.115052,4885
0.11548,4884
0.115908,4883
0.116335,4882
0.116762,4881
0.163744,4880
0.164201,4879
0.164632,4878
0.16506,4877
0.16549,4876
0.165918,4875
0.166346,4874
0.166773,4873
0.1672,4872
0.167629,4871
0.168057,4870
0.168484,4869
0.16891,4868
0.169337,4867
0.169764,4866
0.170191,4865
0.170616,4864
0.171042,4863
0.17147,4862
0.171895,4861
0.172323,4860
0.172747,4859
0.173171,4858
0.173597,4857
0.233053,4856
0.233626,4855
0.234057,4854
0.235902,4853
0.236352,4852
0.236786,4851
0.237216,4850
0.237644,4849
0.238071,4848
0.238501,4847
0.238931,4846
0.239359,4845
0.239787,4844
0.240213,4843
0.240638,4842
0.241063,4841
0.241489,4840
0.241914,4839
0.242341,4838
0.242765,4837
0.243191,4836
0.243616,4835
0.24404,4834
0.310957,4833
0.31142,4832
0.311854,4831
0.312282,4830
0.31271,4829
0.313137,4828
0.313563,4827
0.313991,4826
0.314417,4825
0.314842,4824
0.315268,4823
0.315694,4822
0.316119,4821
0.316545,4820
0.316971,4819
0.317396,4818
0.317821,4817
0.318247,4816
0.318672,4815
0.319095,4814
0.319519,4813
0.319943,4812
0.320368,4811
0.384818,4810
0.385279,4809
0.385711,4808
0.386139,4807
0.386566,4806
0.386994,4805
0.38742,4804
0.387848,4803
0.388273,4802
0.388719,4801
0.389145,4800
0.389573,4799
0.39,4798
0.390425,4797
0.390849,4796
0.391272,4795
0.391695,4794
0.392119,4793
0.392547,4792
0.392973,4791
0.393395,4790
0.393819,4789
0.394242,4788
0.451829,4787
0.452288,4786
0.453197,4785
0.453632,4784
0.454617,4783
0.455085,4782
0.45655,4781
0.457148,4780
0.457588,4779
0.458018,4778
0.458444,4777
0.458871,4776
0.459297,4775
0.459922,4774
0.460369,4773
0.461452,4772
0.462075,4771
0.462752,4770
0.463191,4769
0.463616,4768
0.46486,4767
0.465323,4766
0.466004,4765
0.466536,4764
0.466969,4763
0.467396,4762
0.467831,4761
0.468261,4760
0.468687,4759
0.469287,4758
0.469723,4757
0.470146,4756
0.470644,4755
0.471076,4754
0.472009,4753
0.472449,4752
0.472958,4751
0.473438,4750
0.473869,4749
0.474301,4748
0.474782,4747
0.475236,4746
0.475678,4745
0.476107,4744
0.476548,4743
0.633753,4742
0.634199,4741
0.637764,4740
0.638205,4739
0.638631,4738
0.639059,4737
0.639489,4736
0.639912,4735
0.640342,4734
0.640767,4733
0.641195,4732
0.641619,4731
0.642042,4730
0.642464,4729
0.642885,4728
0.643309,4727
0.643732,4726
0.644155,4725
0.644577,4724
0.645001,4723
0.645421,4722
0.645843,4721
0.646263,4720
0.696033,4719
0.696492,4718
0.696917,4717
0.697341,4716
0.697766,4715
0.69819,4714
0.698614,4713
0.699036,4712
0.699458,4711
0.699879,4710
0.716571,4709
0.717824,4708
0.723742,4707
0.724255,4706
0.724685,4705
0.725111,4704
0.725534,4703
0.725957,4702
0.726379,4701
0.726804,4700
0.727224,4699
0.727664,4698
0.72927,4697
0.802598,4696
0.803071,4695
0.8035,4694
0.803926,4693
0.804348,4692
0.804769,4691
0.805191,4690
0.805611,4689
0.806032,4688
0.80645,4687
0.806871,4686
0.80729,4685
0.80771,4684
0.808145,4683
0.808566,4682
0.808985,4681
0.809407,4680
0.809827,4679
0.810246,4678
0.810667,4677
0.811088,4676
0.811506,4675
0.811925,4674
0.812383,4673
0.877319,4672
0.877936,4671
0.878452,4670
0.878886,4669
0.879419,4668
0.879849,4667
0.880272,4666
0.880695,4665
0.881116,4664
0.881535,4663
0.881953,4662
0.882374,4661
0.882795,4660
0.883213,4659
0.883632,4658
0.884049,4657
0.884468,4656
0.885641,4655
0.886071,4654
0.886489,4653
0.886909,4652
0.88733,4651
0.887751,4650
0.953124,4649
0.953592,4648
0.954014,4647
0.954435,4646
0.954857,4645
0.955278,4644
0.955699,4643
0.956118,4642
0.95654,4641
0.95696,4640
0.957379,4639
0.957795,4638
0.958212,4637
0.95863,4636
0.959048,4635
0.959465,4634
0.959885,4633
0.960302,4632
0.960724,4631
0.961141,4630
0.961559,4629
0.961976,4628
0.962395,4627
0.962811,4626
1.03856,4625
1.03901,4624
1.03943,4623
1.03985,4622
1.04027,4621
1.04069,4620
1.0411,4619
1.04152,4618
1.04194,4617
1.04236,4616
1.04277,4615
1.04319,4614
1.04361,4613
1.04403,4612
1.04444,4611
1.04486,4610
1.04528,4609
1.0457,4608
1.04611,4607
1.04653,4606
1.04694,4605
1.04736,4604
1.04778,4603
1.04819,4602
1.06025,4601
1.06773,4600
1.06818,4599
1.06862,4598
1.06904,4597
1.06946,4596
1.06989,4595
1.0703,4594
1.07072,4593
1.07114,4592
1.07155,4591
1.07197,4590
1.07239,4589
1.0728,4588
1.07322,4587
1.07364,4586
1.07405,4585
1.07447,4584
1.07488,4583
1.0753,4582
1.07571,4581
1.07613,4580
1.07654,4579
1.07696,4578
1.17858,4577
1.17924,4576
1.17994,4575
1.18037,4574
1.18188,4573
1.18237,4572
1.18304,4571
1.18381,4570
1.18429,4569
1.18471,4568
1.18777,4567
1.18893,4566
1.18979,4565
1.19025,4564
1.19068,4563
1.1911,4562
1.19152,4561
1.19205,4560
1.19263,4559
1.19397,4558
1.19527,4557
1.2616,4556
1.26285,4555
1.26396,4554
1.2645,4553
1.26495,4552
1.26583,4551
1.26626,4550
1.26685,4549
1.26728,4548
1.26903,4547
1.27063,4546
1.27113,4545
1.27158,4544
1.27201,4543
1.27246,4542
1.27288,4541
1.2733,4540
1.27371,4539
1.27555,4538
1.27603,4537
1.27651,4536
1.27693,4535
1.27735,4534
1.28432,4533
1.28474,4532
1.28516,4531
1.28558,4530
1.28682,4529
1.28724,4528
1.28766,4527
1.28808,4526
1.28849,4525
1.28892,4524
1.28933,4523
1.28975,4522
1.29016,4521
1.29058,4520
1.29099,4519
1.2914,4518
1.29182,4517
1.29223,4516
1.29265,4515
1.29306,4514
1.29347,4513
1.29389,4512
1.40437,4511
1.4048,4510
1.40522,4509
1.40563,4508
1.40605,4507
1.40646,4506
1.40688,4505
1.40729,4504
1.40771,4503
1.40812,4502
1.40853,4501
1.40894,4500
1.40936,4499
1.40977,4498
1.41018,4497
1.4106,4496
1.41101,4495
1.41142,4494
1.41183,4493
1.41225,4492
1.41266,4491
1.41307,4490
1.41349,4489
1.4139,4488
1.46705,4487
1.46747,4486
1.46797,4485
1.46839,4484
1.46881,4483
1.46924,4482
1.46966,4481
1.4705,4480
1.47096,4479
1.47291,4478
1.47333,4477
1.47516,4476
1.4756,4475
1.47602,4474
1.47643,4473
1.47684,4472
1.47726,4471
1.47767,4470
1.47808,4469
1.47849,4468
1.47891,4467
1.47932,4466
1.47973,4465
1.54526,4464
1.54731,4463
1.54803,4462
1.54847,4461
1.5489,4460
1.54932,4459
1.54974,4458
1.55015,4457
1.55056,4456
1.55098,4455
1.55139,4454
1.5518,4453
1.55221,4452
1.55262,4451
1.55304,4450
1.55345,4449
1.55386,4448
1.55427,4447
1.55468,4446
1.55509,4445
1.5555,4444
1.55591,4443
1.55633,4442
1.55674,4441
1.63437,4440
1.63482,4439
1.63523,4438
1.63565,4437
1.63606,4436
1.63648,4435
1.63689,4434
1.6373,4433
1.63773,4432
1.63814,4431
1.63856,4430
1.63897,4429
1.63938,4428
1.63979,4427
1.6402,4426
1.64061,4425
1.64103,4424
1.64151,4423
1.64192,4422
1.64234,4421
1.64275,4420
1.64316,4419
1.64366,4418
1.64407,4417
1.70297,4416
1.70342,4415
1.70879,4414
1.70926,4413
1.70968,4412
1.7101,4411
1.71051,4410
1.71095,4409
1.71136,4408
1.71181,4407
1.71223,4406
1.71264,4405
1.71305,4404
1.71346,4403
1.71387,4402
1.71428,4401
1.71469,4400
1.7151,4399
1.71551,4398
1.71592,4397
1.71633,4396
1.71674,4395
1.71715,4394
1.71756,4393
1.78001,4392
1.78571,4391
1.78623,4390
1.78665,4389
1.78707,4388
1.78748,4387
1.78789,4386
1.7883,4385
1.78871,4384
1.78912,4383
1.78956,4382
1.78998,4381
1.7904,4380
1.79085,4379
1.79127,4378
1.79168,4377
1.79209,4376
1.79274,4375
1.79315,4374
1.79356,4373
1.79397,4372
1.79438,4371
1.79479,4370
1.7952,4369
1.88377,4368
1.90931,4367
1.90997,4366
1.91072,4365
1.91164,4364
1.91208,4363
1.91436,4362
1.915,4361
1.91572,4360
1.91617,4359
1.9166,4358
1.91848,4357
1.91893,4356
1.91965,4355
1.92021,4354
1.9208,4353
1.92123,4352
1.92164,4351
1.92206,4350
1.92247,4349
1.92304,4348
1.92352,4347
1.93566,4346
1.93609,4345
1.93653,4344
1.93695,4343
1.93737,4342
1.93779,4341
1.93821,4340
1.93863,4339
1.93905,4338
1.93946,4337
1.93988,4336
1.9403,4335
1.94072,4334
1.94115,4333
1.9416,4332
1.94207,4331
1.94257,4330
1.94304,4329
1.94366,4328
1.94409,4327
1.94453,4326
1.94527,4325
1.94569,4324
1.94612,4323
1.94663,4322
1.94712,4321
1.94761,4320
1.94803,4319
1.94845,4318
1.94886,4317
1.94927,4316
1.94968,4315
1.95011,4314
1.95056,4313
1.95098,4312
1.95139,4311
1.9518,4310
1.95231,4309
1.95274,4308
2.04582,4307
2.04624,4306
2.04923,4305
2.04966,4304
2.05008,4303
2.05049,4302
2.0509,4301
2.05131,4300
2.11056,4299
2.11898,4298
2.11942,4297
2.11983,4296
2.12025,4295
2.12066,4294
2.12107,4293
2.12148,4292
2.12188,4291
2.12229,4290
2.1227,4289
2.12311,4288
2.12351,4287
2.12392,4286
2.12432,4285
2.12473,4284
2.12514,4283
2.12554,4282
2.12595,4281
2.12636,4280
2.12676,4279
2.12717,4278
2.12757,4277
2.12798,4276
2.12838,4275
2.16711,4274
2.16753,4273
2.16795,4272
2.16835,4271
2.16876,4270
2.16917,4269
2.16958,4268
2.16999,4267
2.17039,4266
2.1708,4265
2.1712,4264
2.17161,4263
2.17202,4262
2.17242,4261
2.17283,4260
2.17323,4259
2.17363,4258
2.17404,4257
2.17444,4256
2.17484,4255
2.17525,4254
2.17565,4253
2.17606,4252
2.17646,4251
2.17695,4250
2.17737,4249
2.17778,4248
2.17819,4247
2.17859,4246
2.179,4245
2.1794,4244
2.17981,4243
2.18022,4242
2.18062,4241
2.18103,4240
2.18143,4239
2.18184,4238
2.18224,4237
2.18264,4236
2.18305,4235
2.18345,4234
2.18385,4233
2.18425,4232
2.18466,4231
2.18506,4230
2.18546,4229
2.18586,4228
2.18626,4227
2.18666,4226
2.27595,4225
2.27731,4224
2.27772,4223
2.27813,4222
2.27854,4221
2.27894,4220
2.27935,4219
2.28,4218
2.28042,4217
2.28083,4216
2.28156,4215
2.28197,4214
2.28238,4213
2.28279,4212
2.2832,4211
2.2836,4210
2.28401,4209
2.28441,4208
2.28481,4207
2.28522,4206
2.28562,4205
2.28602,4204
2.37371,4203
2.37415,4202
2.37864,4201
2.37906,4200
2.37948,4199
2.38068,4198
2.38109,4197
2.38149,4196
2.38189,4195
2.3823,4194
2.38271,4193
2.38313,4192
2.38354,4191
2.38395,4190
2.38435,4189
2.38476,4188
2.38516,4187
2.38557,4186
2.38597,4185
2.38637,4184
2.38677,4183
2.38717,4182
2.45022,4181
2.45066,4180
2.45108,4179
2.45148,4178
2.45189,4177
2.45229,4176
2.4527,4175
2.4531,4174
2.45352,4173
2.45393,4172
2.45433,4171
2.45474,4170
2.48633,4169
2.4868,4168
2.48724,4167
2.48805,4166
2.48849,4165
2.4889,4164
2.48932,4163
2.48972,4162
2.49013,4161
2.49054,4160
2.49094,4159
2.49135,4158
2.5249,4157
2.52534,4156
2.52576,4155
2.52616,4154
2.52657,4153
2.52697,4152
2.52737,4151
2.52777,4150
2.52818,4149
2.52858,4148
2.52898,4147
2.52938,4146
2.52979,4145
2.53019,4144
2.53073,4143
2.53365,4142
2.53694,4141
2.54132,4140
2.54283,4139
2.54339,4138
2.54396,4137
2.5444,4136
2.54485,4135
2.54632,4134
2.54675,4133
2.54716,4132
2.5478,4131
2.54844,4130
2.54999,4129
2.55425,4128
2.55472,4127
2.55544,4126
2.55588,4125
2.55698,4124
2.55782,4123
2.55825,4122
2.55865,4121
2.55907,4120
2.55947,4119
2.55998,4118
2.56054,4117
2.56111,4116
2.56154,4115
2.56279,4114
2.56595,4113
2.56768,4112
2.56818,4111
2.56948,4110
2.57024,4109
2.57098,4108
2.57148,4107
2.57191,4106
2.57232,4105
2.57276,4104
2.57324,4103
2.57367,4102
2.57454,4101
2.575,4100
2.57541,4099
2.57582,4098
2.57627,4097
2.57669,4096
2.5771,4095
2.57777,4094
2.57823,4093
2.72501,4092
2.72547,4091
2.72588,4090
2.72629,4089
2.72669,4088
2.72709,4087
2.7275,4086
2.7279,4085
2.72829,4084
2.7287,4083
2.7291,4082
2.7295,4081
2.7299,4080
2.7303,4079
2.7307,4078
2.7311,4077
2.7315,4076
2.7319,4075
2.73235,4074
2.73278,4073
2.73319,4072
2.73359,4071
2.73399,4070
2.7344,4069
2.7348,4068
2.81011,4067
2.81136,4066
2.81179,4065
2.81219,4064
2.81259,4063
2.81299,4062
2.8134,4061
2.8138,4060
2.81424,4059
2.81466,4058
2.81662,4057
2.81704,4056
2.81746,4055
2.81786,4054
2.81826,4053
2.81866,4052
2.81906,4051
2.81946,4050
2.81986,4049
2.82026,4048
2.82066,4047
2.82105,4046
2.82145,4045
2.82185,4044
2.87879,4043
2.88207,4042
2.88249,4041
2.88291,4040
2.88331,4039
2.88371,4038
2.88411,4037
2.88529,4036
2.88569,4035
2.88609,4034
2.88648,4033
2.88688,4032
2.88728,4031
2.88767,4030
2.88807,4029
2.88853,4028
2.88894,4027
2.88934,4026
2.88974,4025
2.89014,4024
2.89054,4023
2.89094,4022
2.89133,4021
2.94247,4020
2.9429,4019
2.94331,4018
2.94371,4017
2.94411,4016
2.94452,4015
2.94493,4014
2.94533,4013
2.94573,4012
2.94613,4011
2.94658,4010
2.94698,4009
2.94739,4008
2.94778,4007
2.94818,4006
2.94858,4005
2.94897,4004
2.94937,4003
2.95055,4002
2.95094,4001
2.95211,4000
2.95253,3999
2.95294,3998
2.95335,3997
2.95375,3996
2.95415,3995
2.95454,3994
2.95494,3993
2.95534,3992
2.95573,3991
2.95613,3990
3.10054,3989
3.10116,3988
3.10157,3987
3.10197,3986
3.10237,3985
3.10277,3984
3.10317,3983
3.10357,3982
3.10397,3981
3.10436,3980
3.10476,3979
3.10522,3978
3.10563,3977
3.10603,3976
3.10643,3975
3.1568,3974
3.15825,3973
3.15868,3972
3.15908,3971
3.15949,3970
3.15989,3969
3.16029,3968
3.16068,3967
3.16108,3966
3.16148,3965
3.16187,3964
3.16227,3963
3.16266,3962
3.16306,3961
3.16347,3960
3.16386,3959
3.16426,3958
3.16465,3957
3.16504,3956
3.16544,3955
3.16583,3954
3.16623,3953
3.16662,3952
3.16701,3951
3.22253,3950
3.22705,3949
3.22903,3948
3.22945,3947
3.22985,3946
3.23143,3945
3.23199,3944
3.23255,3943
3.23297,3942
3.23484,3941
3.23539,3940
3.23584,3939
3.23625,3938
3.23665,3937
3.23705,3936
3.23753,3935
3.23798,3934
3.2384,3933
3.23881,3932
3.23921,3931
3.2396,3930
3.24,3929
3.24039,3928
3.37594,3927
3.37985,3926
3.38044,3925
3.38106,3924
3.38164,3923
3.38212,3922
3.38253,3921
3.38295,3920
3.388,3919
3.38841,3918
3.38932,3917
3.38973,3916
3.39013,3915
3.39052,3914
3.39092,3913
3.39134,3912
3.39173,3911
3.39212,3910
3.39252,3909
3.39291,3908
3.39331,3907
3.3937,3906
3.48046,3905
3.48091,3904
3.48133,3903
3.48175,3902
3.48319,3901
3.48362,3900
3.48404,3899
3.48445,3898
3.48486,3897
3.48526,3896
3.48567,3895
3.48607,3894
3.48647,3893
3.48687,3892
3.48726,3891
3.48766,3890
3.48806,3889
3.48845,3888
3.48885,3887
3.48924,3886
3.48964,3885
3.49006,3884
3.49046,3883
3.49085,3882
3.53568,3881
3.53611,3880
3.53653,3879
3.53694,3878
3.53734,3877
3.53775,3876
3.53815,3875
3.53946,3874
3.54056,3873
3.5411,3872
3.54198,3871
3.54265,3870
3.54306,3869
3.54349,3868
3.54393,3867
3.54435,3866
3.5448,3865
3.54524,3864
3.54571,3863
3.54612,3862
3.54662,3861
3.5476,3860
3.54936,3859
3.54978,3858
3.64123,3857
3.64167,3856
3.64207,3855
3.64247,3854
3.64286,3853
3.64328,3852
3.64369,3851
3.64409,3850
3.64448,3849
3.64488,3848
3.64528,3847
3.64567,3846
3.64607,3845
3.64646,3844
3.64686,3843
3.64726,3842
3.64792,3841
3.64834,3840
3.65109,3839
3.65153,3838
3.65194,3837
3.65234,3836
3.65275,3835
3.65316,3834
3.65356,3833
3.72827,3832
3.72867,3831
3.72907,3830
3.72946,3829
3.72987,3828
3.73027,3827
3.73066,3826
3.73106,3825
3.73145,3824
3.73261,3823
3.73301,3822
3.73341,3821
3.7338,3820
3.7342,3819
3.73459,3818
3.73498,3817
3.73537,3816
3.73576,3815
3.73615,3814
3.73655,3813
3.73694,3812
3.73732,3811
3.73771,3810
3.82147,3809
3.8227,3808
3.82312,3807
3.82353,3806
3.82394,3805
3.82434,3804
3.82473,3803
3.82512,3802
3.82551,3801
3.82591,3800
3.8263,3799
3.82669,3798
3.82708,3797
3.82747,3796
3.82786,3795
3.82826,3794
3.82864,3793
3.82904,3792
3.82942,3791
3.82981,3790
3.8302,3789
3.83059,3788
3.83098,3787
3.83137,3786
3.83176,3785
3.88238,3784
3.88281,3783
3.88321,3782
3.88437,3781
3.88477,3780
3.88516,3779
3.88556,3778
3.88595,3777
3.88634,3776
3.88673,3775
3.88712,3774
3.88751,3773
3.8879,3772
3.88829,3771
3.88894,3770
3.88954,3769
3.89015,3768
3.8924,3767
3.89283,3766
3.89324,3765
3.89363,3764
3.98891,3763
3.98932,3762
3.99099,3761
3.99146,3760
3.9941,3759
3.99455,3758
3.99495,3757
3.99709,3756
3.99947,3755
4.00067,3754
4.00106,3753
4.00151,3752
4.00194,3751
4.00241,3750
4.00366,3749
4.00407,3748
4.00446,3747
4.00646,3746
4.00689,3745
4.00729,3744
4.01128,3743
4.02694,3742
4.02734,3741
4.02774,3740
4.02813,3739
4.02853,3738
4.02892,3737
4.02931,3736
4.0297,3735
4.03009,3734
4.03048,3733
4.03087,3732
4.03126,3731
4.03165,3730
4.03204,3729
4.03243,3728
4.03282,3727
4.0332,3726
4.03364,3725
4.03404,3724
4.03444,3723
4.0356,3722
4.03599,3721
4.03638,3720
4.03677,3719
4.12789,3718
4.12847,3717
4.12888,3716
4.13066,3715
4.13106,3714
4.13203,3713
4.13243,3712
4.13283,3711
4.13322,3710
4.13362,3709
4.13401,3708
4.1344,3707
4.13479,3706
4.13518,3705
4.13557,3704
4.13596,3703
4.13634,3702
4.13673,3701
4.13712,3700
4.13751,3699
4.1379,3698
4.1383,3697
4.13869,3696
4.13908,3695
4.13947,3694
4.20644,3693
4.20685,3692
4.20724,3691
4.20763,3690
4.20803,3689
4.20842,3688
4.20881,3687
4.20919,3686
4.20958,3685
4.20997,3684
4.21035,3683
4.21074,3682
4.21113,3681
4.21151,3680
4.2119,3679
4.21229,3678
4.21267,3677
4.21306,3676
4.21345,3675
4.21383,3674
4.21422,3673
4.21461,3672
4.215,3671
4.21538,3670
4.21576,3669
4.28337,3668
4.2838,3667
4.28496,3666
4.28535,3665
4.2865,3664
4.28701,3663
4.28741,3662
4.28781,3661
4.28896,3660
4.28935,3659
4.2905,3658
4.29089,3657
4.2913,3656
4.29169,3655
4.29208,3654
4.29321,3653
4.33838,3652
4.33884,3651
4.33925,3650
4.33965,3649
4.34004,3648
4.34043,3647
4.34082,3646
4.34121,3645
4.34159,3644
4.34198,3643
4.34236,3642
4.34275,3641
4.34389,3640
4.34427,3639
4.34466,3638
4.34505,3637
4.34544,3636
4.34582,3635
4.34621,3634
4.34664,3633
4.34703,3632
4.34741,3631
4.3478,3630
4.35157,3629
4.35273,3628
4.35312,3627
4.35426,3626
4.35465,3625
4.35503,3624
4.35542,3623
4.35581,3622
4.35619,3621
4.35658,3620
4.35772,3619
4.35886,3618
4.35925,3617
4.35963,3616
4.36002,3615
4.3604,3614
4.36078,3613
4.5224,3612
4.5228,3611
4.52319,3610
4.52358,3609
4.52397,3608
4.52436,3607
4.52474,3606
4.52512,3605
4.52551,3604
4.52589,3603
4.52703,3602
4.52742,3601
4.5278,3600
4.52818,3599
4.52856,3598
4.52895,3597
4.52933,3596
4.52971,3595
4.53012,3594
4.53053,3593
4.53092,3592
4.60273,3591
4.6046,3590
4.60507,3589
4.6056,3588
4.60608,3587
4.6065,3586
4.60689,3585
4.60729,3584
4.60767,3583
4.60823,3582
4.60876,3581
4.60937,3580
4.60983,3579
4.6103,3578
4.6107,3577
4.61109,3576
4.6123,3575
4.61272,3574
4.61315,3573
4.61365,3572
4.6141,3571
4.70413,3570
4.70454,3569
4.70493,3568
4.70532,3567
4.70571,3566
4.70609,3565
4.70648,3564
4.70696,3563
4.70741,3562
4.70781,3561
4.7082,3560
4.70859,3559
4.70898,3558
4.70937,3557
4.70975,3556
4.73618,3555
4.73733,3554
4.73773,3553
4.73812,3552
4.7385,3551
4.73889,3550
4.73928,3549
4.73966,3548
4.76615,3547
4.76656,3546
4.76695,3545
4.76733,3544
4.76772,3543
4.7681,3542
4.76848,3541
4.76887,3540
4.76925,3539
4.76964,3538
4.77003,3537
4.77041,3536
4.77079,3535
4.77118,3534
4.77156,3533
4.77344,3532
4.77382,3531
4.7742,3530
4.77458,3529
4.77497,3528
4.77535,3527
4.77574,3526
4.83329,3525
4.83371,3524
4.83801,3523
4.83919,3522
4.83959,3521
4.83997,3520
4.84036,3519
4.84074,3518
4.84112,3517
4.84151,3516
4.84189,3515
4.84227,3514
4.84266,3513
4.84381,3512
4.8442,3511
4.84458,3510
4.84571,3509
4.84609,3508
4.84647,3507
4.84685,3506
4.91433,3505
4.91473,3504
4.91512,3503
4.91551,3502
4.91589,3501
4.91627,3500
4.91666,3499
4.91704,3498
4.91742,3497
4.9178,3496
4.91819,3495
4.91856,3494
4.91895,3493
4.91933,3492
4.92045,3491
4.92083,3490
4.92121,3489
4.9216,3488
4.92198,3487
4.92236,3486
4.92274,3485
4.92311,3484
4.92349,3483
5.00723,3482
5.00764,3481
5.00802,3480
5.00841,3479
5.0088,3478
5.00918,3477
5.00957,3476
5.00995,3475
5.01034,3474
5.01073,3473
5.01111,3472
5.0115,3471
5.01188,3470
5.01226,3469
5.01264,3468
5.01303,3467
5.01341,3466
5.01379,3465
5.01418,3464
5.01456,3463
5.01494,3462
5.01533,3461
5.01571,3460
5.01609,3459
5.07035,3458
5.0708,3457
5.07119,3456
5.07158,3455
5.07196,3454
5.07235,3453
5.07273,3452
5.07312,3451
5.0735,3450
5.07388,3449
5.07426,3448
5.07464,3447
5.07502,3446
5.07541,3445
5.07579,3444
5.07617,3443
5.07655,3442
5.07692,3441
5.07731,3440
5.07843,3439
5.07881,3438
5.07919,3437
5.07957,3436
5.07995,3435
5.08033,3434
5.15062,3433
5.15102,3432
5.15141,3431
5.15179,3430
5.15293,3429
5.15332,3428
5.1537,3427
5.15409,3426
5.15457,3425
5.15497,3424
5.15536,3423
5.15574,3422
5.15613,3421
5.15651,3420
5.15689,3419
5.15727,3418
5.15765,3417
5.15803,3416
5.15841,3415
5.15879,3414
5.15918,3413
5.15955,3412
5.15993,3411
5.21078,3410
5.21171,3409
5.21279,3408
5.21456,3407
5.21498,3406
5.21536,3405
5.21578,3404
5.21618,3403
5.21657,3402
5.21711,3401
5.21751,3400
5.21937,3399
5.21981,3398
5.2202,3397
5.22059,3396
5.22097,3395
5.22135,3394
5.22173,3393
5.22212,3392
5.2225,3391
5.22288,3390
5.3046,3389
5.30576,3388
5.30614,3387
5.30653,3386
5.30691,3385
5.3073,3384
5.30768,3383
5.30806,3382
5.30845,3381
5.30957,3380
5.30997,3379
5.31035,3378
5.31312,3377
5.31355,3376
5.31394,3375
5.31433,3374
5.31471,3373
5.31509,3372
5.31547,3371
5.31585,3370
5.37938,3369
5.37978,3368
5.38016,3367
5.38055,3366
5.38093,3365
5.38132,3364
5.38172,3363
5.3821,3362
5.38249,3361
5.38362,3360
5.38401,3359
5.38439,3358
5.38477,3357
5.38515,3356
5.38553,3355
5.38591,3354
5.38629,3353
5.38666,3352
5.38704,3351
5.38742,3350
5.64836,3349
5.64877,3348
5.6499,3347
5.65028,3346
5.65066,3345
5.65105,3344
5.65143,3343
5.6518,3342
5.65227,3341
5.65265,3340
5.65303,3339
5.65341,3338
5.6538,3337
5.65418,3336
5.65455,3335
5.65493,3334
5.65531,3333
5.65574,3332
5.65618,3331
5.65675,3330
5.65718,3329
5.65837,3328
5.65936,3327
5.65976,3326
5.66015,3325
5.66053,3324
5.66093,3323
5.66176,3322
5.66215,3321
5.66253,3320
5.663,3319
5.6651,3318
5.66549,3317
5.66587,3316
5.66625,3315
5.66663,3314
5.66702,3313
5.6674,3312
5.66778,3311
5.66843,3310
5.66966,3309
5.67118,3308
5.67157,3307
5.67198,3306
5.67236,3305
5.67274,3304
5.67315,3303
5.67354,3302
5.67393,3301
5.67431,3300
5.67469,3299
5.67507,3298
5.67545,3297
5.68011,3296
5.68053,3295
5.68092,3294
5.6813,3293
5.68168,3292
5.68207,3291
5.68245,3290
5.68283,3289
5.68321,3288
5.68359,3287
5.68397,3286
5.68435,3285
5.68472,3284
5.88583,3283
5.88622,3282
5.88661,3281
5.88699,3280
5.88737,3279
5.88775,3278
5.88813,3277
5.88924,3276
5.88963,3275
5.89,3274
5.89038,3273
5.89076,3272
5.89113,3271
5.89151,3270
5.89189,3269
5.89226,3268
5.89264,3267
5.89301,3266
5.89338,3265
5.89376,3264
5.89426,3263
5.97432,3262
5.9785,3261
5.97888,3260
5.97926,3259
5.98038,3258
5.98076,3257
5.98113,3256
5.98151,3255
5.98336,3254
5.98387,3253
5.98426,3252
5.98465,3251
5.98504,3250
6.05128,3249
6.05167,3248
6.05205,3247
6.05243,3246
6.05281,3245
6.05393,3244
6.0543,3243
6.05468,3242
6.05506,3241
6.05543,3240
6.05581,3239
6.05619,3238
6.05656,3237
6.05696,3236
6.05761,3235
6.05801,3234
6.05839,3233
6.05877,3232
6.05915,3231
6.05953,3230
6.05993,3229
6.15416,3228
6.15455,3227
6.15493,3226
6.15531,3225
6.15569,3224
6.1568,3223
6.15717,3222
6.15755,3221
6.15792,3220
6.1583,3219
6.15867,3218
6.1598,3217
6.16018,3216
6.16057,3215
6.16103,3214
6.16154,3213
6.16243,3212
6.16285,3211
6.16325,3210
6.16365,3209
6.16488,3208
6.16527,3207
6.16565,3206
6.16676,3205
6.16714,3204
6.16751,3203
6.16789,3202
6.16827,3201
6.16937,3200
6.16974,3199
6.17013,3198
6.17051,3197
6.17161,3196
6.17198,3195
6.17235,3194
6.17273,3193
6.1731,3192
6.27527,3191
6.27682,3190
6.2772,3189
6.27865,3188
6.27905,3187
6.27944,3186
6.27982,3185
6.2802,3184
6.28058,3183
6.28171,3182
6.28284,3181
6.28322,3180
6.2836,3179
6.28397,3178
6.28435,3177
6.28472,3176
6.2851,3175
6.2855,3174
6.28588,3173
6.28626,3172
6.28664,3171
6.398,3170
6.3984,3169
6.39879,3168
6.39917,3167
6.39955,3166
6.39993,3165
6.40061,3164
6.40101,3163
6.4023,3162
6.40338,3161
6.40378,3160
6.40416,3159
6.40454,3158
6.40492,3157
6.4053,3156
6.40568,3155
6.40611,3154
6.40672,3153
6.40712,3152
6.4083,3151
6.4093,3150
6.40981,3149
6.4102,3148
6.41057,3147
6.41095,3146
6.49928,3145
6.49971,3144
6.50022,3143
6.50123,3142
6.50177,3141
6.50258,3140
6.50308,3139
6.5035,3138
6.50388,3137
6.50426,3136
6.50529,3135
6.50568,3134
6.50656,3133
6.50698,3132
6.50752,3131
6.50799,3130
6.50839,3129
6.50877,3128
6.50915,3127
6.50953,3126
6.50999,3125
6.52823,3124
6.52951,3123
6.5299,3122
6.53027,3121
6.53072,3120
6.53706,3119
6.5375,3118
6.53877,3117
6.53943,3116
6.53986,3115
6.54167,3114
6.54213,3113
6.54253,3112
6.54291,3111
6.54329,3110
6.54371,3109
6.54409,3108
6.54453,3107
6.54591,3106
6.5463,3105
6.67244,3104
6.67285,3103
6.67323,3102
6.67361,3101
6.67399,3100
6.67436,3099
6.67474,3098
6.67512,3097
6.67549,3096
6.67586,3095
6.67624,3094
6.67741,3093
6.67779,3092
6.67893,3091
6.67945,3090
6.67984,3089
6.68022,3088
6.6806,3087
6.68098,3086
6.68135,3085
6.68173,3084
6.6821,3083
6.68248,3082
6.74979,3081
6.75019,3080
6.75056,3079
6.75247,3078
6.75288,3077
6.75326,3076
6.75364,3075
6.75402,3074
6.75439,3073
6.75477,3072
6.75515,3071
6.75552,3070
6.7559,3069
6.75627,3068
6.75665,3067
6.75704,3066
6.75814,3065
6.75851,3064
6.75888,3063
6.75925,3062
6.83876,3061
6.84557,3060
6.84601,3059
6.84639,3058
6.84677,3057
6.84714,3056
6.84752,3055
6.84789,3054
6.84903,3053
6.84941,3052
6.84978,3051
6.85016,3050
6.85053,3049
6.8509,3048
6.8514,3047
6.85179,3046
6.85217,3045
6.85403,3044
6.85442,3043
6.85479,3042
6.92506,3041
6.92548,3040
6.92587,3039
6.92637,3038
6.92677,3037
6.92715,3036
6.92753,3035
6.92792,3034
6.92904,3033
6.92941,3032
6.93902,3031
6.98273,3030
6.98311,3029
6.98349,3028
6.98387,3027
6.98424,3026
6.98461,3025
6.98499,3024
6.98536,3023
6.98573,3022
6.9861,3021
6.98647,3020
6.98685,3019
6.98798,3018
6.98997,3017
6.99037,3016
6.99079,3015
7.07823,3014
7.07865,3013
7.07902,3012
7.0794,3011
7.07978,3010
7.08016,3009
7.08053,3008
7.08121,3007
7.08316,3006
7.08354,3005
7.08392,3004
7.08429,3003
7.08466,3002
7.08502,3001
7.08539,3000
7.08577,2999
7.08614,2998
7.08651,2997
7.08688,2996
7.08725,2995
7.08762,2994
7.08799,2993
7.08836,2992
7.21178,2991
7.21279,2990
7.21401,2989
7.21442,2988
7.21482,2987
7.25061,2986
7.25103,2985
7.25143,2984
7.25223,2983
7.25306,2982
7.25422,2981
7.25462,2980
7.25506,2979
7.25546,2978
7.25585,2977
7.25623,2976
7.25661,2975
7.25699,2974
7.25737,2973
7.25774,2972
7.25811,2971
7.25849,2970
7.25887,2969
7.25924,2968
7.25961,2967
7.30065,2966
7.30615,2965
7.30654,2964
7.30775,2963
7.30815,2962
7.30852,2961
7.30889,2960
7.30926,2959
7.31036,2958
7.31073,2957
7.3111,2956
7.31146,2955
7.31183,2954
7.3122,2953
7.31257,2952
7.31437,2951
7.31474,2950
7.31511,2949
7.39936,2948
7.39977,2947
7.40015,2946
7.40149,2945
7.40309,2944
7.40347,2943
7.40622,2942
7.40662,2941
7.407,2940
7.40911,2939
7.41137,2938
7.41249,2937
7.41286,2936
7.41323,2935
7.4136,2934
7.41397,2933
7.41434,2932
7.41471,2931
7.41507,2930
7.41544,2929
7.41581,2928
7.41619,2927
7.41655,2926
7.47979,2925
7.48018,2924
7.48056,2923
7.48094,2922
7.48131,2921
7.48169,2920
7.48206,2919
7.48389,2918
7.4864,2917
7.48679,2916
7.48718,2915
7.48755,2914
7.48792,2913
7.48828,2912
7.48865,2911
7.48903,2910
7.58814,2909
7.58859,2908
7.589,2907
7.58938,2906
7.58976,2905
7.59015,2904
7.59126,2903
7.59163,2902
7.592,2901
7.63309,2900
7.63408,2899
7.6368,2898
7.6372,2897
7.63827,2896
7.64016,2895
7.64056,2894
7.64095,2893
7.64132,2892
7.67245,2891
7.67287,2890
7.67325,2889
7.67362,2888
7.67472,2887
7.67509,2886
7.67908,2885
7.67945,2884
7.67982,2883
7.68019,2882
7.68055,2881
7.68234,2880
7.77276,2879
7.77315,2878
7.77351,2877
7.77388,2876
7.77425,2875
7.77462,2874
7.77499,2873
7.77536,2872
7.77796,2871
7.77835,2870
7.77874,2869
7.77982,2868
7.78018,2867
7.78129,2866
7.78166,2865
7.78203,2864
7.7824,2863
7.78277,2862
7.78313,2861
7.7835,2860
7.82064,2859
7.82105,2858
7.82143,2857
7.8218,2856
7.82217,2855
7.82255,2854
7.82292,2853
7.82329,2852
7.82367,2851
7.82405,2850
7.82442,2849
7.82478,2848
7.82515,2847
7.82552,2846
7.82589,2845
7.82625,2844
7.82662,2843
7.8277,2842
7.82806,2841
7.82913,2840
7.82951,2839
7.82987,2838
7.83023,2837
7.8306,2836
7.9246,2835
7.9263,2834
7.92683,2833
7.92731,2832
7.92769,2831
7.92806,2830
7.93136,2829
7.93174,2828
7.93211,2827
7.93505,2826
7.93626,2825
7.93667,2824
7.94943,2823
7.95,2822
7.95052,2821
7.95098,2820
7.95166,2819
7.95309,2818
7.95348,2817
7.95424,2816
7.95512,2815
7.95571,2814
7.95627,2813
7.95681,2812
7.95791,2811
7.95828,2810
7.95953,2809
7.95991,2808
7.96044,2807
7.9609,2806
8.03787,2805
8.03826,2804
8.03863,2803
8.03899,2802
8.04229,2801
8.04339,2800
8.04376,2799
8.04412,2798
8.04519,2797
8.04556,2796
8.04592,2795
8.04699,2794
8.09942,2793
8.09983,2792
8.1002,2791
8.10127,2790
8.10234,2789
8.10271,2788
8.10308,2787
8.10344,2786
8.10595,2785
8.10773,2784
8.10809,2783
8.10845,2782
8.10891,2781
8.16659,2780
8.16842,2779
8.16878,2778
8.16985,2777
8.17165,2776
8.17272,2775
8.17308,2774
8.26027,2773
8.26065,2772
8.26103,2771
8.26139,2770
8.26176,2769
8.26213,2768
8.2625,2767
8.26287,2766
8.26677,2765
8.26714,2764
8.26823,2763
8.2686,2762
8.33014,2761
8.33056,2760
8.33094,2759
8.3313,2758
8.33167,2757
8.33205,2756
8.33241,2755
8.33278,2754
8.33599,2753
8.33636,2752
8.33743,2751
8.33925,2750
8.33964,2749
8.34001,2748
8.38405,2747
8.38517,2746
8.38553,2745
8.38592,2744
8.38628,2743
8.38664,2742
8.387,2741
8.38736,2740
8.3899,2739
8.39172,2738
8.39281,2737
8.39318,2736
8.39354,2735
8.45994,2734
8.46313,2733
8.46352,2732
8.46389,2731
8.46427,2730
8.46464,2729
8.46501,2728
8.4654,2727
8.46721,2726
8.4676,2725
8.46796,2724
8.46833,2723
8.4687,2722
8.46907,2721
8.46944,2720
8.49987,2719
8.50342,2718
8.5046,2717
8.53629,2716
8.53667,2715
8.53776,2714
8.53813,2713
8.5385,2712
8.53886,2711
8.53922,2710
8.53958,2709
8.53995,2708
8.54123,2707
8.54162,2706
8.542,2705
8.54237,2704
8.54282,2703
8.54536,2702
8.54583,2701
8.55373,2700
8.71344,2699
8.71714,2698
8.71754,2697
8.7189,2696
8.7193,2695
8.72039,2694
8.79508,2693
8.79547,2692
8.79586,2691
8.79623,2690
8.85703,2689
8.85741,2688
8.85779,2687
8.85816,2686
8.85852,2685
8.85889,2684
8.86141,2683
8.86177,2682
8.86214,2681
8.8625,2680
8.86286,2679
8.86322,2678
8.86359,2677
8.86465,2676
8.86502,2675
8.86537,2674
8.86574,2673
9.17219,2672
9.17352,2671
9.17391,2670
9.19602,2669
9.19639,2668
9.34786,2667
9.34832,2666
9.3487,2665
9.34906,2664
9.34943,2663
9.35054,2662
9.35091,2661
9.35704,2660
9.4312,2659
9.43532,2658
9.43848,2657
9.43887,2656
9.43924,2655
9.44175,2654
9.44214,2653
9.4425,2652
9.44286,2651
9.49928,2650
9.49968,2649
9.50507,2648
9.50546,2647
9.58107,2646
9.58149,2645
9.58361,2644
9.58472,2643
9.68424,2642
9.74845,2641
9.81656,2640
9.81764,2639
9.81801,2638
9.81839,2637
9.88366,2636
9.88408,2635
9.88446,2634
9.88701,2633
9.88849,2632
9.88976,2631
10.0172,2630
10.0176,2629
10.0179,2628
10.0183,2627
10.0201,2626
10.0205,2625
10.0749,2624
10.0793,2623
10.0797,2622
10.537,2621
10.5397,2620
10.542,2619
10.8383,2618
10.8588,2617
10.8635,2616
10.8646,2615
10.865,2614
10.866,2613
10.8664,2612
10.8668,2611
10.8671,2610
10.9373,2609
10.9377,2608
10.938,2607
10.9384,2606
11.8296,2605
11.9405,2604
11.9409,2603
11.9421,2602
11.9425,2601
11.9432,2600
11.9454,2599
11.9458,2598
11.9461,2597
11.9592,2596
11.9604,2595
11.9609,2594
11.9612,2593
11.9617,2592
11.962,2591
11.9646,2590
13.1309,2589
13.1669,2588
13.8607,2587
13.9152,2586
13.9163,2585
13.9174,2584
13.9178,2583
13.9232,2582
15.2278,2581
15.2282,2580
15.2286,2579
15.2326,2578
15.2366,2577
15.2369,2576
15.2373,2575
15.3042,2574
15.4835,2573
15.4839,2572
15.4842,2571
15.4888,2570
15.4892,2569
15.9913,2568
15.9917,2567
15.9921,2566
15.9924,2565
15.9928,2564
15.9938,2563
16.0576,2562
16.0581,2561
16.0599,2560
16.0609,2559
16.0613,2558
16.0617,2557
16.0669,2556
16.1205,2555
16.1209,2554
16.1213,2553
16.1217,2552
16.2061,2551
16.2065,2550
16.2069,2549
16.3106,2548
16.3598,2547
16.3602,2546
16.3633,2545
16.4409,2544
16.6886,2543
16.6904,2542
16.6907,2541
16.7665,2540
19.2909,2539
20.352,2538
20.3524,2537
20.3528,2536
20.3531,2535
20.3547,2534
20.4923,2533
20.497,2532
21.0452,2531
21.0456,2530
21.046,2529
21.0463,2528
21.4266,2527
21.4285,2526
21.429,2525
21.4295,2524
21.4312,2523
21.4365,2522
21.4369,2521
21.4936,2520
21.4953,2519
22.2894,2518
22.2905,2517
22.2909,2516
22.2912,2515
22.2916,2514
22.2934,2513
22.2952,2512
22.3472,2511
22.3509,2510
22.3513,2509
22.4336,2508
22.434,2507
22.4344,2506
22.5139,2505
22.7142,2504
23.1033,2503
23.2212,2502
23.2216,2501
23.222,2500
23.2277,2499
23.2281,2498
23.2285,2497
23.2296,2496
23.7286,2495
23.7304,2494
23.733,2493
23.7334,2492
23.7338,2491
23.7342,2490
23.8567,2489
23.9096,2488
23.915,2487
25.8352,2486
25.8356,2485
25.836,2484
25.8363,2483
25.8367,2482
25.8385,2481
25.8389,2480
25.8392,2479
25.8869,2478
25.9553,2477
25.9635,2476
29.7483,2475
29.7486,2474
29.749,2473
29.7494,2472
29.7497,2471
29.7501,2470
29.7505,2469
29.8668,2468
29.8672,2467
29.8676,2466
29.9825,2465
29.9843,2464
31.7723,2463
31.7762,2462
31.9715,2461
32.0315,2460
32.0319,2459
32.0337,2458
33.4592,2457
33.5284,2456
33.5303,2455
33.5308,2454
33.5312,2453
33.5983,2452
33.6021,2451
33.8186,2450
33.819,2449
33.8194,2448
33.8241,2447
33.8259,2446
33.8262,2445
33.8273,2444
33.8276,2443
33.8828,2442
33.8832,2441
33.8836,2440
33.8839,2439
33.8843,2438
33.8847,2437
33.885,2436
33.8854,2435
33.8857,2434
33.8868,2433
33.8879,2432
33.8882,2431
34.1878,2430
34.9485,2429
34.9527,2428
35.0237,2427
35.0241,2426
35.0309,2425
35.0313,2424
35.0316,2423
35.0334,2422
35.0704,2421
35.0708,2420
35.0711,2419
35.0715,2418
35.0737,2417
38.5253,2416
38.5271,2415
43.8078,2414
43.8097,2413
43.946,2412
43.9521,2411
43.956,2410
43.9564,2409
43.9567,2408
43.9571,2407
43.9582,2406
48.1515,2405
48.2163,2404
48.2188,2403
48.2191,2402
48.2202,2401
48.2205,2400
48.221,2399
48.222,2398
48.2868,2397
48.4224,2396
48.4228,2395
48.4232,2394
48.4249,2393
48.5121,2392
48.5125,2391
48.5157,2390
48.5205,2389
50.3643,2388
50.3647,2387
58.901,2386
58.9014,2385
59.9705,2384
59.9709,2383
59.9712,2382
59.9716,2381
60.0259,2380
60.0263,2379
60.1023,2378
60.1927,2377
60.1948,2376
60.1952,2375
60.197,2374
60.1974,2373
60.2186,2372
60.2244,2371
69.676,2370
69.6764,2369
69.6775,2368
69.7808,2367
69.7811,2366
69.9862,2365
69.9894,2364
69.9898,2363
69.9901,2362
81.8134,2361
81.8138,2360
81.8171,2359
81.8181,2358
81.8227,2357
81.8238,2356
94.625,2355
94.6254,2354
94.6258,2353
94.6262,2352
94.6265,2351
108.924,2350
108.925,2349
109.045,2348
109.045,2347
109.117,2346
109.117,2345
109.17,2344
109.171,2343
165.819,2342
165.833,2341
165.833,2340
165.834,2339
188.459,2338
188.459,2337
188.46,2336
188.46,2335
188.46,2334
188.461,2333
200.155,2332
200.156,2331
200.156,2330
200.29,2329
200.667,2328
219.808,2327
219.943,2326
219.944,2325
233.826,2324
233.873,2323
233.883,2322
233.884,2321
397.109,2320
397.11,2319
397.111,2318
397.111,2317
397.113,2316
397.223,2315
3536.75,2314
3536.83,2313
3537.13,2312
3537.13,2311
5925.63,2310
5925.68,2309
5925.69,2308
5925.69,2307
5925.79,2306
5925.79,2305
5925.79,2304
5925.89,2303
5925.89,2302
5925.89,2301
