0.000464137,4940
0.000924344,4939
0.00136524,4938
0.0018041,4937
0.00223905,4936
0.00267333,4935
0.00310895,4934
0.00354292,4933
0.00397447,4932
0.00440588,4931
0.00483777,4930
0.00526951,4929
0.0311285,4928
0.0315828,4927
0.0320169,4926
0.0324478,4925
0.0328781,4924
0.0333084,4923
0.0337383,4922
0.0341689,4921
0.0345981,4920
0.0350271,4919
0.0354569,4918
0.0358849,4917
0.0363152,4916
0.0367449,4915
0.0371746,4914
0.0376043,4913
0.0380328,4912
0.038462,4911
0.0388911,4910
0.0393195,4909
0.0397486,4908
0.040185,4907
0.0541565,4906
0.0547462,4905
0.0552061,4904
0.0556387,4903
0.0560718,4902
0.0565098,4901
0.0569403,4900
0.0573729,4899
0.0578049,4898
0.058235,4897
0.0586651,4896
0.0590973,4895
0.059529,4894
0.059958,4893
0.0603895,4892
0.0608239,4891
0.0612533,4890
0.0616842,4889
0.0621143,4888
0.0625435,4887
0.0629737,4886
0.0634036,4885
0.0638348,4884
0.0642643,4883
0.140586,4882
0.141033,4881
0.141464,4880
0.141895,4879
0.142325,4878
0.142753,4877
0.143182,4876
0.14361,4875
0.144043,4874
0.144474,4873
0.144901,4872
0.145331,4871
0.145762,4870
0.14619,4869
0.14662,4868
0.147052,4867
0.14748,4866
0.147909,4865
0.148339,4864
0.148768,4863
0.149195,4862
0.149625,4861
0.150052,4860
0.206458,4859
0.206909,4858
0.207338,4857
0.207767,4856
0.208194,4855
0.208622,4854
0.209048,4853
0.209476,4852
0.209903,4851
0.210329,4850
0.210756,4849
0.211183,4848
0.211608,4847
0.212033,4846
0.212459,4845
0.212885,4844
0.213311,4843
0.213737,4842
0.214163,4841
0.214588,4840
0.215013,4839
0.215438,4838
0.215932,4837
0.283725,4836
0.284172,4835
0.2846,4834
0.285029,4833
0.285458,4832
0.285886,4831
0.286314,4830
0.286743,4829
0.28717,4828
0.287597,4827
0.288024,4826
0.28845,4825
0.288877,4824
0.289303,4823
0.289729,4822
0.290154,4821
0.290579,4820
0.291004,4819
0.291428,4818
0.291854,4817
0.292277,4816
0.292702,4815
0.293126,4814
0.362922,4813
0.363388,4812
0.368868,4811
0.369346,4810
0.369786,4809
0.370217,4808
0.370642,4807
0.371068,4806
0.371493,4805
0.371923,4804
0.372373,4803
0.372818,4802
0.373245,4801
0.373671,4800
0.374097,4799
0.374521,4798
0.374945,4797
0.375372,4796
0.375797,4795
0.376222,4794
0.376647,4793
0.377071,4792
0.377495,4791
0.443052,4790
0.443524,4789
0.443954,4788
0.44441,4787
0.444844,4786
0.445272,4785
0.4457,4784
0.446127,4783
0.503377,4782
0.50386,4781
0.504433,4780
0.504893,4779
0.505428,4778
0.50586,4777
0.506287,4776
0.506712,4775
0.512122,4774
0.51285,4773
0.513525,4772
0.513962,4771
0.51439,4770
0.514816,4769
0.51524,4768
0.588001,4767
0.588447,4766
0.588917,4765
0.589349,4764
0.589777,4763
0.590205,4762
0.590633,4761
0.59106,4760
0.591484,4759
0.59205,4758
0.592487,4757
0.592915,4756
0.593343,4755
0.593771,4754
0.594196,4753
0.594618,4752
0.595043,4751
0.595467,4750
0.595892,4749
0.596314,4748
0.596737,4747
0.597187,4746
0.597625,4745
0.65134,4744
0.652075,4743
0.652804,4742
0.653239,4741
0.653667,4740
0.654089,4739
0.654555,4738
0.654989,4737
0.655413,4736
0.655838,4735
0.656261,4734
0.656685,4733
0.657108,4732
0.657529,4731
0.657951,4730
0.658374,4729
0.658797,4728
0.659221,4727
0.659645,4726
0.660066,4725
0.660486,4724
0.660906,4723
0.661327,4722
0.743948,4721
0.744475,4720
0.744915,4719
0.74534,4718
0.745764,4717
0.746188,4716
0.746609,4715
0.747031,4714
0.747454,4713
0.747876,4712
0.748299,4711
0.748719,4710
0.749141,4709
0.749561,4708
0.749983,4707
0.750404,4706
0.750826,4705
0.751247,4704
0.751666,4703
0.752088,4702
0.752507,4701
0.752926,4700
0.753345,4699
0.753765,4698
0.823077,4697
0.823507,4696
0.823932,4695
0.824357,4694
0.837004,4693
0.837463,4692
0.837886,4691
0.838313,4690
0.838735,4689
0.839158,4688
0.839578,4687
0.839998,4686
0.840423,4685
0.840843,4684
0.841263,4683
0.841688,4682
0.842109,4681
0.843003,4680
0.843442,4679
0.843866,4678
0.844288,4677
0.844721,4676
0.845157,4675
0.905522,4674
0.905962,4673
0.906387,4672
0.906808,4671
0.907232,4670
0.907654,4669
0.908078,4668
0.909308,4667
0.909791,4666
0.910253,4665
0.910679,4664
0.911102,4663
0.911523,4662
0.911944,4661
0.912365,4660
0.912786,4659
0.913207,4658
0.913627,4657
0.914048,4656
0.914467,4655
0.914894,4654
0.915316,4653
0.915738,4652
1.01675,4651
1.01724,4650
1.01767,4649
1.01809,4648
1.01852,4647
1.01894,4646
1.01936,4645
1.01978,4644
1.0202,4643
1.02063,4642
1.02105,4641
1.02147,4640
1.02189,4639
1.02231,4638
1.02273,4637
1.02315,4636
1.02382,4635
1.02424,4634
1.02466,4633
1.0251,4632
1.02553,4631
1.02962,4630
1.03005,4629
1.03047,4628
1.07503,4627
1.07552,4626
1.07595,4625
1.07637,4624
1.07679,4623
1.07721,4622
1.07763,4621
1.07805,4620
1.07847,4619
1.07888,4618
1.0793,4617
1.07972,4616
1.08014,4615
1.08056,4614
1.08098,4613
1.0814,4612
1.08181,4611
1.08223,4610
1.08265,4609
1.08306,4608
1.08348,4607
1.0839,4606
1.08431,4605
1.18849,4604
1.18922,4603
1.1899,4602
1.19118,4601
1.19166,4600
1.19209,4599
1.19251,4598
1.19294,4597
1.19362,4596
1.19414,4595
1.19512,4594
1.19556,4593
1.19598,4592
1.19641,4591
1.19684,4590
1.19726,4589
1.19768,4588
1.19811,4587
1.19853,4586
1.19894,4585
1.25345,4584
1.25579,4583
1.25625,4582
1.28014,4581
1.28058,4580
1.28572,4579
1.28615,4578
1.28676,4577
1.2872,4576
1.28762,4575
1.28804,4574
1.28846,4573
1.28888,4572
1.28929,4571
1.28971,4570
1.29013,4569
1.29054,4568
1.29096,4567
1.29138,4566
1.29179,4565
1.29221,4564
1.29263,4563
1.29304,4562
1.29346,4561
1.29387,4560
1.29429,4559
1.34567,4558
1.34612,4557
1.34654,4556
1.34696,4555
1.34738,4554
1.3478,4553
1.34821,4552
1.34863,4551
1.34905,4550
1.34952,4549
1.34995,4548
1.35036,4547
1.35078,4546
1.35119,4545
1.35161,4544
1.35202,4543
1.35244,4542
1.35285,4541
1.35327,4540
1.35368,4539
1.35409,4538
1.35451,4537
1.35498,4536
1.3554,4535
1.41131,4534
1.41176,4533
1.41223,4532
1.41266,4531
1.41308,4530
1.4135,4529
1.41392,4528
1.41433,4527
1.41475,4526
1.41516,4525
1.41564,4524
1.41607,4523
1.41649,4522
1.42022,4521
1.42065,4520
1.42107,4519
1.42149,4518
1.4219,4517
1.42232,4516
1.42273,4515
1.42315,4514
1.42356,4513
1.42397,4512
1.42439,4511
1.48013,4510
1.48057,4509
1.48098,4508
1.4814,4507
1.48182,4506
1.48223,4505
1.48265,4504
1.48306,4503
1.48347,4502
1.48389,4501
1.4843,4500
1.48472,4499
1.48513,4498
1.48554,4497
1.48598,4496
1.48641,4495
1.48682,4494
1.48725,4493
1.48767,4492
1.48808,4491
1.4885,4490
1.48891,4489
1.48933,4488
1.48974,4487
1.55382,4486
1.55426,4485
1.55468,4484
1.55509,4483
1.5555,4482
1.55592,4481
1.55648,4480
1.5569,4479
1.56279,4478
1.56323,4477
1.56365,4476
1.56406,4475
1.56448,4474
1.56489,4473
1.56531,4472
1.56573,4471
1.56614,4470
1.56656,4469
1.56697,4468
1.56738,4467
1.5678,4466
1.56821,4465
1.56862,4464
1.56903,4463
1.61632,4462
1.61674,4461
1.61716,4460
1.61757,4459
1.61799,4458
1.6193,4457
1.61974,4456
1.62016,4455
1.62411,4454
1.62454,4453
1.62496,4452
1.62537,4451
1.62581,4450
1.62842,4449
1.62886,4448
1.62927,4447
1.62969,4446
1.6301,4445
1.63052,4444
1.63093,4443
1.63138,4442
1.63181,4441
1.63224,4440
1.6958,4439
1.69626,4438
1.69669,4437
1.6971,4436
1.69752,4435
1.69793,4434
1.69835,4433
1.69876,4432
1.69917,4431
1.71498,4430
1.7154,4429
1.71582,4428
1.71623,4427
1.71665,4426
1.71706,4425
1.71747,4424
1.71791,4423
1.71862,4422
1.71903,4421
1.71945,4420
1.71986,4419
1.72031,4418
1.72078,4417
1.7212,4416
1.7665,4415
1.76693,4414
1.76735,4413
1.76778,4412
1.76828,4411
1.7687,4410
1.76911,4409
1.76953,4408
1.76997,4407
1.7704,4406
1.77082,4405
1.77124,4404
1.77167,4403
1.77209,4402
1.77251,4401
1.77292,4400
1.77333,4399
1.77374,4398
1.77415,4397
1.77456,4396
1.77497,4395
1.77538,4394
1.77579,4393
1.7762,4392
1.82605,4391
1.82901,4390
1.83021,4389
1.83102,4388
1.83144,4387
1.84475,4386
1.84517,4385
1.84559,4384
1.846,4383
1.84641,4382
1.84682,4381
1.84785,4380
1.84865,4379
1.84982,4378
1.85099,4377
1.85143,4376
1.85316,4375
1.8539,4374
1.85432,4373
1.85508,4372
1.85657,4371
1.85822,4370
1.85865,4369
1.85909,4368
1.85951,4367
1.86053,4366
1.86448,4365
1.86493,4364
1.86535,4363
1.86578,4362
1.86651,4361
1.86694,4360
1.86779,4359
1.86827,4358
1.86869,4357
1.86912,4356
1.8697,4355
1.87015,4354
1.87061,4353
1.87104,4352
1.87147,4351
1.87188,4350
1.8723,4349
1.87273,4348
1.87328,4347
1.87374,4346
1.87429,4345
1.87506,4344
1.87548,4343
1.87671,4342
1.87718,4341
1.8776,4340
1.87803,4339
1.87847,4338
1.87901,4337
1.87946,4336
1.87987,4335
1.88028,4334
1.88131,4333
1.8819,4332
1.88234,4331
1.88302,4330
1.88374,4329
1.88436,4328
1.88481,4327
1.88522,4326
1.88563,4325
1.88605,4324
1.88646,4323
1.88688,4322
1.88741,4321
1.88784,4320
1.88844,4319
1.88901,4318
1.88978,4317
1.89022,4316
1.89063,4315
1.89104,4314
1.89145,4313
1.89187,4312
1.89238,4311
1.89292,4310
1.89371,4309
1.89413,4308
1.89454,4307
1.89504,4306
1.89546,4305
1.89644,4304
1.89685,4303
1.89726,4302
1.89767,4301
1.89808,4300
1.89849,4299
1.8989,4298
1.89931,4297
1.89972,4296
1.90013,4295
1.90053,4294
1.90112,4293
1.90182,4292
1.90226,4291
1.90274,4290
1.9032,4289
1.90361,4288
1.90405,4287
1.90454,4286
1.90496,4285
1.90537,4284
1.90578,4283
1.90624,4282
1.90666,4281
1.90708,4280
1.90762,4279
1.90818,4278
1.90861,4277
1.90902,4276
1.90943,4275
1.90992,4274
1.91034,4273
1.9116,4272
1.91205,4271
1.91253,4270
1.91294,4269
1.91335,4268
1.91376,4267
1.91416,4266
2.15208,4265
2.15253,4264
2.15451,4263
2.15494,4262
2.15535,4261
2.15576,4260
2.15617,4259
2.15657,4258
2.15698,4257
2.15739,4256
2.15779,4255
2.1582,4254
2.15861,4253
2.15901,4252
2.16021,4251
2.16062,4250
2.16102,4249
2.16143,4248
2.16183,4247
2.16224,4246
2.16264,4245
2.16305,4244
2.23501,4243
2.23545,4242
2.24071,4241
2.24114,4240
2.24155,4239
2.24196,4238
2.24237,4237
2.24277,4236
2.24318,4235
2.24359,4234
2.244,4233
2.2444,4232
2.24561,4231
2.24602,4230
2.24643,4229
2.24762,4228
2.24802,4227
2.24843,4226
2.24883,4225
2.24923,4224
2.24964,4223
2.31925,4222
2.31969,4221
2.32012,4220
2.32054,4219
2.32095,4218
2.32136,4217
2.32176,4216
2.32217,4215
2.32257,4214
2.32298,4213
2.32338,4212
2.32388,4211
2.32429,4210
2.32469,4209
2.3251,4208
2.32551,4207
2.35449,4206
2.35495,4205
2.35546,4204
2.35587,4203
2.35628,4202
2.35668,4201
2.35709,4200
2.35749,4199
2.40022,4198
2.40064,4197
2.40105,4196
2.40146,4195
2.40187,4194
2.40228,4193
2.40269,4192
2.40309,4191
2.4035,4190
2.40391,4189
2.40431,4188
2.40477,4187
2.4052,4186
2.40561,4185
2.40602,4184
2.40642,4183
2.40682,4182
2.40723,4181
2.40763,4180
2.40804,4179
2.40844,4178
2.40884,4177
2.40925,4176
2.40965,4175
2.45197,4174
2.4524,4173
2.4529,4172
2.45331,4171
2.45692,4170
2.45775,4169
2.46077,4168
2.46124,4167
2.46167,4166
2.46208,4165
2.46346,4164
2.46388,4163
2.46429,4162
2.4647,4161
2.4651,4160
2.46551,4159
2.46591,4158
2.46632,4157
2.46672,4156
2.46713,4155
2.46753,4154
2.46793,4153
2.46833,4152
2.46873,4151
2.57555,4150
2.57605,4149
2.58658,4148
2.58713,4147
2.58798,4146
2.58862,4145
2.58915,4144
2.58958,4143
2.58998,4142
2.59039,4141
2.5908,4140
2.5912,4139
2.59161,4138
2.59223,4137
2.5927,4136
2.59331,4135
2.59496,4134
2.59542,4133
2.59584,4132
2.59625,4131
2.59667,4130
2.59711,4129
2.59758,4128
2.59843,4127
2.59893,4126
2.5995,4125
2.59991,4124
2.60032,4123
2.60072,4122
2.60115,4121
2.60157,4120
2.60198,4119
2.60238,4118
2.60278,4117
2.60319,4116
2.60359,4115
2.60399,4114
2.60518,4113
2.60558,4112
2.60605,4111
2.60652,4110
2.60693,4109
2.60736,4108
2.60777,4107
2.60822,4106
2.60866,4105
2.60908,4104
2.60948,4103
2.61006,4102
2.61049,4101
2.61095,4100
2.61141,4099
2.61186,4098
2.61228,4097
2.6127,4096
2.61311,4095
2.61355,4094
2.61404,4093
2.61447,4092
2.61496,4091
2.61841,4090
2.6189,4089
2.6194,4088
2.61988,4087
2.62031,4086
2.62072,4085
2.62113,4084
2.62153,4083
2.62193,4082
2.79203,4081
2.79255,4080
2.79297,4079
2.79338,4078
2.79379,4077
2.79419,4076
2.79459,4075
2.79566,4074
2.79608,4073
2.79649,4072
2.79689,4071
2.79731,4070
2.79773,4069
2.79813,4068
2.79934,4067
2.79975,4066
2.80016,4065
2.80056,4064
2.80096,4063
2.80136,4062
2.80176,4061
2.80216,4060
2.80257,4059
2.80297,4058
2.85925,4057
2.8597,4056
2.8601,4055
2.8605,4054
2.86169,4053
2.8621,4052
2.8625,4051
2.8629,4050
2.8633,4049
2.8637,4048
2.86409,4047
2.86449,4046
2.86489,4045
2.86529,4044
2.86569,4043
2.86608,4042
2.86648,4041
2.86688,4040
2.86728,4039
2.86769,4038
2.86813,4037
2.86853,4036
2.86893,4035
2.9256,4034
2.92649,4033
2.92933,4032
2.9334,4031
2.93387,4030
2.93427,4029
2.93468,4028
2.93508,4027
2.93548,4026
2.93589,4025
2.93628,4024
2.93668,4023
2.93708,4022
2.93748,4021
2.93788,4020
2.93828,4019
2.93868,4018
2.93908,4017
2.93949,4016
2.9439,4015
2.94431,4014
2.94471,4013
2.94511,4012
2.94551,4011
3.08756,4010
3.08829,4009
3.08873,4008
3.08939,4007
3.08984,4006
3.09028,4005
3.0907,4004
3.0911,4003
3.0915,4002
3.0919,4001
3.0923,4000
3.0927,3999
3.0931,3998
3.0935,3997
3.0939,3996
3.09429,3995
3.0947,3994
3.09509,3993
3.09549,3992
3.09589,3991
3.09629,3990
3.09668,3989
3.09708,3988
3.09748,3987
3.09789,3986
3.17471,3985
3.17513,3984
3.17555,3983
3.17673,3982
3.17713,3981
3.17753,3980
3.17796,3979
3.17836,3978
3.17876,3977
3.17915,3976
3.17955,3975
3.17995,3974
3.18034,3973
3.18151,3972
3.18191,3971
3.1823,3970
3.1827,3969
3.18309,3968
3.18348,3967
3.18388,3966
3.18428,3965
3.23433,3964
3.23589,3963
3.23758,3962
3.23838,3961
3.23884,3960
3.23948,3959
3.2399,3958
3.2403,3957
3.2408,3956
3.24123,3955
3.2428,3954
3.24321,3953
3.24361,3952
3.24485,3951
3.24526,3950
3.24569,3949
3.24731,3948
3.24791,3947
3.24833,3946
3.2489,3945
3.24983,3944
3.25055,3943
3.25099,3942
3.28083,3941
3.2816,3940
3.28207,3939
3.28251,3938
3.28296,3937
3.28337,3936
3.28377,3935
3.28417,3934
3.2847,3933
3.28525,3932
3.28573,3931
3.28713,3930
3.28754,3929
3.28848,3928
3.2889,3927
3.28932,3926
3.28993,3925
3.29054,3924
3.29096,3923
3.29137,3922
3.29177,3921
3.29217,3920
3.41117,3919
3.41159,3918
3.41199,3917
3.41239,3916
3.41278,3915
3.41318,3914
3.41358,3913
3.41397,3912
3.41437,3911
3.41476,3910
3.41515,3909
3.41555,3908
3.41594,3907
3.41634,3906
3.41673,3905
3.41713,3904
3.41752,3903
3.41792,3902
3.4184,3901
3.41882,3900
3.41923,3899
3.41971,3898
3.42012,3897
3.42052,3896
3.5165,3895
3.51694,3894
3.51736,3893
3.51778,3892
3.51819,3891
3.51861,3890
3.51902,3889
3.51942,3888
3.51982,3887
3.52023,3886
3.52063,3885
3.52104,3884
3.52144,3883
3.52183,3882
3.52223,3881
3.52263,3880
3.52302,3879
3.52342,3878
3.52381,3877
3.52421,3876
3.5246,3875
3.525,3874
3.5254,3873
3.52579,3872
3.52618,3871
3.57908,3870
3.57952,3869
3.57993,3868
3.58032,3867
3.58072,3866
3.5812,3865
3.58162,3864
3.58202,3863
3.58241,3862
3.58281,3861
3.5832,3860
3.58359,3859
3.58398,3858
3.58438,3857
3.58477,3856
3.58517,3855
3.58556,3854
3.58595,3853
3.58635,3852
3.58674,3851
3.58713,3850
3.58765,3849
3.5895,3848
3.59002,3847
3.59041,3846
3.67043,3845
3.67086,3844
3.67514,3843
3.67555,3842
3.67595,3841
3.67634,3840
3.67674,3839
3.67714,3838
3.67753,3837
3.67922,3836
3.67964,3835
3.68006,3834
3.68046,3833
3.68088,3832
3.68143,3831
3.68186,3830
3.68226,3829
3.68267,3828
3.68307,3827
3.68347,3826
3.68387,3825
3.68428,3824
3.68468,3823
3.68509,3822
3.7675,3821
3.76796,3820
3.76839,3819
3.76968,3818
3.77013,3817
3.77053,3816
3.77093,3815
3.77132,3814
3.77173,3813
3.77213,3812
3.77252,3811
3.77292,3810
3.77516,3809
3.77558,3808
3.77597,3807
3.77977,3806
3.78023,3805
3.7814,3804
3.7818,3803
3.7822,3802
3.78259,3801
3.78299,3800
3.78338,3799
3.84442,3798
3.84484,3797
3.84783,3796
3.8484,3795
3.85451,3794
3.85493,3793
3.85534,3792
3.85575,3791
3.85615,3790
3.85654,3789
3.85693,3788
3.85732,3787
3.85771,3786
3.85811,3785
3.8585,3784
3.85889,3783
3.85928,3782
3.85967,3781
3.86006,3780
3.86045,3779
3.86084,3778
3.86123,3777
3.86162,3776
3.86201,3775
3.8624,3774
3.95141,3773
3.95187,3772
3.95228,3771
3.95268,3770
3.95308,3769
3.95347,3768
4.00409,3767
4.00452,3766
4.00492,3765
4.00536,3764
4.0058,3763
4.0062,3762
4.00661,3761
4.00715,3760
4.00755,3759
4.00806,3758
4.00851,3757
4.00894,3756
4.0094,3755
4.00984,3754
4.01027,3753
4.01067,3752
4.03033,3751
4.03074,3750
4.03124,3749
4.03163,3748
4.03202,3747
4.03248,3746
4.03287,3745
4.03356,3744
4.03397,3743
4.03438,3742
4.03481,3741
4.03521,3740
4.0356,3739
4.03675,3738
4.03714,3737
4.03754,3736
4.03793,3735
4.03832,3734
4.04023,3733
4.11455,3732
4.11498,3731
4.11538,3730
4.11578,3729
4.11617,3728
4.11656,3727
4.11695,3726
4.11734,3725
4.11773,3724
4.11812,3723
4.11851,3722
4.12041,3721
4.1208,3720
4.12119,3719
4.12157,3718
4.12272,3717
4.12311,3716
4.12349,3715
4.12388,3714
4.12426,3713
4.1826,3712
4.18302,3711
4.18341,3710
4.18381,3709
4.1842,3708
4.1846,3707
4.18813,3706
4.18853,3705
4.18892,3704
4.18932,3703
4.18977,3702
4.19016,3701
4.19055,3700
4.19094,3699
4.19133,3698
4.19172,3697
4.19213,3696
4.19252,3695
4.19291,3694
4.1933,3693
4.19369,3692
4.19407,3691
4.19446,3690
4.19485,3689
4.19524,3688
4.2669,3687
4.26733,3686
4.26773,3685
4.26812,3684
4.26851,3683
4.2689,3682
4.2693,3681
4.26969,3680
4.27021,3679
4.27061,3678
4.27101,3677
4.2714,3676
4.2718,3675
4.27218,3674
4.27257,3673
4.27296,3672
4.27335,3671
4.27373,3670
4.27412,3669
4.27451,3668
4.2749,3667
4.27529,3666
4.27568,3665
4.27606,3664
4.27645,3663
4.27684,3662
4.31506,3661
4.31872,3660
4.31912,3659
4.31951,3658
4.3199,3657
4.32029,3656
4.32068,3655
4.32107,3654
4.32146,3653
4.32184,3652
4.32223,3651
4.32261,3650
4.323,3649
4.32339,3648
4.32377,3647
4.32416,3646
4.32455,3645
4.32494,3644
4.32533,3643
4.32572,3642
4.3261,3641
4.32649,3640
4.32688,3639
4.32726,3638
4.32765,3637
4.41125,3636
4.41203,3635
4.41246,3634
4.41288,3633
4.41723,3632
4.4206,3631
4.42101,3630
4.42174,3629
4.42231,3628
4.42278,3627
4.42329,3626
4.42374,3625
4.42414,3624
4.42453,3623
4.42492,3622
4.42531,3621
4.42571,3620
4.42712,3619
4.42753,3618
4.42792,3617
4.42831,3616
4.42869,3615
4.42908,3614
4.48524,3613
4.4889,3612
4.48933,3611
4.48974,3610
4.49014,3609
4.49055,3608
4.49095,3607
4.49136,3606
4.49175,3605
4.49214,3604
4.49253,3603
4.49292,3602
4.4933,3601
4.49369,3600
4.49407,3599
4.49445,3598
4.49483,3597
4.49522,3596
4.4956,3595
4.49599,3594
4.49637,3593
4.49676,3592
4.49714,3591
4.49752,3590
4.49791,3589
4.56489,3588
4.56926,3587
4.56973,3586
4.57017,3585
4.5707,3584
4.57113,3583
4.57155,3582
4.57269,3581
4.57502,3580
4.57556,3579
4.57596,3578
4.57635,3577
4.57678,3576
4.57719,3575
4.57758,3574
4.5811,3573
4.64404,3572
4.64448,3571
4.64487,3570
4.64526,3569
4.64566,3568
4.64604,3567
4.67842,3566
4.67884,3565
4.67923,3564
4.67962,3563
4.68001,3562
4.68039,3561
4.68078,3560
4.68117,3559
4.6823,3558
4.68269,3557
4.68307,3556
4.68346,3555
4.68385,3554
4.68423,3553
4.68461,3552
4.68574,3551
4.68613,3550
4.68651,3549
4.68689,3548
4.68728,3547
4.72239,3546
4.7228,3545
4.72319,3544
4.72357,3543
4.72396,3542
4.72435,3541
4.72474,3540
4.72512,3539
4.72551,3538
4.7259,3537
4.72628,3536
4.72667,3535
4.72705,3534
4.72743,3533
4.72782,3532
4.72855,3531
4.72895,3530
4.72934,3529
4.72973,3528
4.73012,3527
4.7305,3526
4.73089,3525
4.73127,3524
4.73166,3523
4.73205,3522
4.73244,3521
4.79623,3520
4.79663,3519
4.79702,3518
4.7974,3517
4.79779,3516
4.79817,3515
4.79856,3514
4.79895,3513
4.79933,3512
4.79972,3511
4.8001,3510
4.80048,3509
4.80086,3508
4.80125,3507
4.80163,3506
4.80201,3505
4.80239,3504
4.80277,3503
4.80316,3502
4.80354,3501
4.80392,3500
4.8043,3499
4.80468,3498
4.80506,3497
4.80543,3496
4.80581,3495
4.87846,3494
4.87886,3493
4.87925,3492
4.8804,3491
4.8808,3490
4.88118,3489
4.88157,3488
4.88195,3487
4.88233,3486
4.88271,3485
4.88309,3484
4.88347,3483
4.88386,3482
4.88424,3481
4.88462,3480
4.885,3479
4.88538,3478
4.88576,3477
4.88614,3476
4.88653,3475
4.88691,3474
4.88729,3473
4.88767,3472
4.88805,3471
4.93108,3470
4.93148,3469
4.93187,3468
4.93232,3467
4.93271,3466
4.9331,3465
4.93349,3464
4.93387,3463
4.93426,3462
4.93464,3461
4.93502,3460
4.9354,3459
4.93578,3458
4.93616,3457
4.93655,3456
4.93693,3455
4.93731,3454
4.93769,3453
4.93807,3452
4.93845,3451
4.93883,3450
4.93921,3449
4.93959,3448
4.93997,3447
4.94035,3446
5.01841,3445
5.02117,3444
5.02156,3443
5.02195,3442
5.02233,3441
5.02271,3440
5.0231,3439
5.02349,3438
5.02462,3437
5.025,3436
5.02538,3435
5.0265,3434
5.02688,3433
5.02726,3432
5.02764,3431
5.02802,3430
5.0284,3429
5.02878,3428
5.02916,3427
5.02954,3426
5.09488,3425
5.09561,3424
5.09601,3423
5.09721,3422
5.09762,3421
5.09801,3420
5.09839,3419
5.09878,3418
5.09916,3417
5.09954,3416
5.09992,3415
5.10031,3414
5.10069,3413
5.10107,3412
5.10145,3411
5.10258,3410
5.10296,3409
5.10333,3408
5.10372,3407
5.1041,3406
5.17586,3405
5.17628,3404
5.17667,3403
5.17706,3402
5.17745,3401
5.17784,3400
5.17822,3399
5.17863,3398
5.17901,3397
5.17939,3396
5.17978,3395
5.18016,3394
5.18054,3393
5.18166,3392
5.18217,3391
5.18258,3390
5.18297,3389
5.18337,3388
5.18375,3387
5.18413,3386
5.18451,3385
5.18495,3384
5.18534,3383
5.18572,3382
5.25562,3381
5.25628,3380
5.25687,3379
5.25753,3378
5.25817,3377
5.25857,3376
5.25896,3375
5.25957,3374
5.25998,3373
5.26037,3372
5.26075,3371
5.26113,3370
5.26152,3369
5.26228,3368
5.263,3367
5.26354,3366
5.26393,3365
5.26432,3364
5.26479,3363
5.26518,3362
5.26662,3361
5.26701,3360
5.26739,3359
5.26778,3358
5.26817,3357
5.32588,3356
5.32628,3355
5.32845,3354
5.32883,3353
5.32921,3352
5.3296,3351
5.32998,3350
5.33036,3349
5.33074,3348
5.33112,3347
5.3315,3346
5.33187,3345
5.33225,3344
5.33263,3343
5.33374,3342
5.36082,3341
5.36124,3340
5.36163,3339
5.36444,3338
5.36559,3337
5.39511,3336
5.3955,3335
5.39591,3334
5.39672,3333
5.39786,3332
5.39899,3331
5.39937,3330
5.39986,3329
5.40026,3328
5.40064,3327
5.40103,3326
5.40141,3325
5.40179,3324
5.40218,3323
5.40256,3322
5.40295,3321
5.40333,3320
5.40373,3319
5.40411,3318
5.40528,3317
5.56828,3316
5.56868,3315
5.5691,3314
5.56949,3313
5.56988,3312
5.57036,3311
5.57075,3310
5.57113,3309
5.57151,3308
5.57189,3307
5.57226,3306
5.57264,3305
5.57302,3304
5.5734,3303
5.57378,3302
5.57415,3301
5.57453,3300
5.57688,3299
5.57728,3298
5.57769,3297
5.58206,3296
5.68748,3295
5.68866,3294
5.68905,3293
5.69762,3292
5.69805,3291
5.69863,3290
5.69902,3289
5.6994,3288
5.69978,3287
5.7009,3286
5.70128,3285
5.70167,3284
5.70205,3283
5.70243,3282
5.70354,3281
5.70465,3280
5.70545,3279
5.70585,3278
5.83174,3277
5.83219,3276
5.85773,3275
5.85813,3274
5.85909,3273
5.8595,3272
5.85989,3271
5.86029,3270
5.86072,3269
5.86116,3268
5.86155,3267
5.86193,3266
5.8623,3265
5.86268,3264
5.86306,3263
5.86343,3262
5.86381,3261
5.86419,3260
5.86457,3259
5.86495,3258
5.86533,3257
5.8657,3256
5.86608,3255
5.86645,3254
5.86683,3253
5.91562,3252
5.91606,3251
5.91647,3250
5.91687,3249
5.91725,3248
5.91763,3247
5.91801,3246
5.91839,3245
5.91877,3244
5.91914,3243
5.91952,3242
5.9199,3241
5.92028,3240
5.92065,3239
5.92103,3238
5.9214,3237
5.92178,3236
5.92216,3235
5.92254,3234
5.92291,3233
5.92329,3232
5.92367,3231
5.92404,3230
5.92446,3229
5.92573,3228
5.92614,3227
5.92657,3226
5.92704,3225
5.93169,3224
5.93287,3223
5.93325,3222
5.93363,3221
5.934,3220
5.93438,3219
5.93475,3218
5.93513,3217
5.93551,3216
5.93588,3215
5.93625,3214
5.93662,3213
6.03922,3212
6.04099,3211
6.0414,3210
6.04255,3209
6.04521,3208
6.04564,3207
6.04602,3206
6.0464,3205
6.04678,3204
6.04716,3203
6.04753,3202
6.04791,3201
6.04829,3200
6.04866,3199
6.04904,3198
6.04941,3197
6.04979,3196
6.05016,3195
6.05053,3194
6.05091,3193
6.05129,3192
6.05167,3191
6.05204,3190
6.05241,3189
6.05279,3188
6.05316,3187
6.11891,3186
6.12009,3185
6.12047,3184
6.12085,3183
6.12123,3182
6.12233,3181
6.12299,3180
6.12418,3179
6.12556,3178
6.12596,3177
6.12639,3176
6.12677,3175
6.12718,3174
6.20977,3173
6.21019,3172
6.21057,3171
6.21096,3170
6.21134,3169
6.21216,3168
6.21563,3167
6.21783,3166
6.21902,3165
6.21942,3164
6.21981,3163
6.22019,3162
6.22056,3161
6.22094,3160
6.22131,3159
6.22168,3158
6.22285,3157
6.22323,3156
6.2236,3155
6.22398,3154
6.22522,3153
6.22563,3152
6.22601,3151
6.22651,3150
6.23148,3149
6.23206,3148
6.23414,3147
6.23454,3146
6.23492,3145
6.2353,3144
6.23567,3143
6.23604,3142
6.23642,3141
6.2368,3140
6.23717,3139
6.4486,3138
6.44979,3137
6.4512,3136
6.45541,3135
6.45588,3134
6.45632,3133
6.45746,3132
6.45797,3131
6.45913,3130
6.45958,3129
6.46051,3128
6.46311,3127
6.46372,3126
6.4658,3125
6.46623,3124
6.47172,3123
6.47471,3122
6.4751,3121
6.47548,3120
6.47586,3119
6.47625,3118
6.4775,3117
6.47882,3116
6.4792,3115
6.47958,3114
6.48092,3113
6.48136,3112
6.48268,3111
6.48308,3110
6.48346,3109
6.48383,3108
6.48422,3107
6.48471,3106
6.4851,3105
6.48578,3104
6.48646,3103
6.48685,3102
6.48725,3101
6.48763,3100
6.48801,3099
6.48839,3098
6.48877,3097
6.48987,3096
6.49102,3095
6.4916,3094
6.49199,3093
6.49252,3092
6.49294,3091
6.49337,3090
6.49377,3089
6.4942,3088
6.49539,3087
6.49578,3086
6.49616,3085
6.49653,3084
6.67935,3083
6.67977,3082
6.68015,3081
6.68053,3080
6.68093,3079
6.68132,3078
6.68171,3077
6.68208,3076
6.68246,3075
6.68284,3074
6.68321,3073
6.68371,3072
6.68485,3071
6.68595,3070
6.68632,3069
6.68742,3068
6.68779,3067
6.68816,3066
6.68853,3065
6.68892,3064
6.68929,3063
6.7841,3062
6.78451,3061
6.78489,3060
6.78527,3059
6.78773,3058
6.78812,3057
6.78849,3056
6.7896,3055
6.78998,3054
6.79035,3053
6.79074,3052
6.79112,3051
6.7915,3050
6.79188,3049
6.79226,3048
6.79263,3047
6.79301,3046
6.79338,3045
6.79376,3044
6.83617,3043
6.83656,3042
6.83693,3041
6.83731,3040
6.83768,3039
6.83879,3038
6.83999,3037
6.84038,3036
6.84075,3035
6.84113,3034
6.8415,3033
6.84187,3032
6.84442,3031
6.84479,3030
6.84515,3029
6.84552,3028
6.91436,3027
6.91483,3026
6.91522,3025
6.91634,3024
6.91672,3023
6.91709,3022
6.9175,3021
6.91835,3020
6.91873,3019
6.91911,3018
6.92094,3017
6.92131,3016
6.92342,3015
6.92484,3014
6.92521,3013
6.92586,3012
6.92624,3011
7.02401,3010
7.02443,3009
7.0248,3008
7.02563,3007
7.03154,3006
7.03489,3005
7.03528,3004
7.03565,3003
7.03602,3002
7.03639,3001
7.03677,3000
7.03714,2999
7.03823,2998
7.03861,2997
7.03897,2996
7.03934,2995
7.03971,2994
7.13463,2993
7.13505,2992
7.13599,2991
7.13707,2990
7.13819,2989
7.13857,2988
7.13895,2987
7.13932,2986
7.13969,2985
7.14007,2984
7.14044,2983
7.14081,2982
7.14118,2981
7.14156,2980
7.14193,2979
7.1423,2978
7.14267,2977
7.14376,2976
7.14413,2975
7.14523,2974
7.27757,2973
7.27797,2972
7.27835,2971
7.27872,2970
7.27981,2969
7.28018,2968
7.28054,2967
7.28091,2966
7.28128,2965
7.28165,2964
7.28275,2963
7.28311,2962
7.28347,2961
7.28384,2960
7.28421,2959
7.28457,2958
7.28496,2957
7.28533,2956
7.28569,2955
7.28606,2954
7.28643,2953
7.37987,2952
7.38153,2951
7.38193,2950
7.38231,2949
7.38289,2948
7.38329,2947
7.38537,2946
7.38784,2945
7.39022,2944
7.39138,2943
7.39175,2942
7.39213,2941
7.39322,2940
7.39432,2939
7.39541,2938
7.39578,2937
7.46231,2936
7.46272,2935
7.46309,2934
7.46358,2933
7.46396,2932
7.46434,2931
7.46471,2930
7.46508,2929
7.46545,2928
7.46582,2927
7.46834,2926
7.46871,2925
7.46908,2924
7.46945,2923
7.47054,2922
7.47099,2921
7.5542,2920
7.55752,2919
7.55807,2918
7.55852,2917
7.5589,2916
7.55937,2915
7.56131,2914
7.5617,2913
7.56207,2912
7.64599,2911
7.64641,2910
7.64752,2909
7.6479,2908
7.64827,2907
7.64974,2906
7.65012,2905
7.6505,2904
7.65304,2903
7.65341,2902
7.65378,2901
7.65557,2900
7.65595,2899
7.65634,2898
7.74742,2897
7.74781,2896
7.75096,2895
7.75139,2894
7.75178,2893
7.75216,2892
7.75253,2891
7.7529,2890
7.75615,2889
7.75652,2888
7.7576,2887
7.75797,2886
7.75906,2885
7.75942,2884
7.80476,2883
7.80518,2882
7.80556,2881
7.81292,2880
7.81401,2879
7.81438,2878
7.81475,2877
7.81512,2876
7.81549,2875
7.81657,2874
7.81695,2873
7.9335,2872
7.93404,2871
7.93445,2870
7.93514,2869
7.93558,2868
7.93596,2867
7.9398,2866
7.94019,2865
7.94082,2864
7.9412,2863
7.94351,2862
7.94389,2861
7.94426,2860
7.94463,2859
7.94499,2858
7.95702,2857
7.95809,2856
7.95849,2855
7.95966,2854
7.96004,2853
7.96044,2852
7.96081,2851
7.96119,2850
7.96231,2849
7.96277,2848
7.99197,2847
7.99236,2846
7.99273,2845
7.99324,2844
7.99364,2843
7.99401,2842
7.99438,2841
8.00742,2840
8.00782,2839
8.0082,2838
8.00857,2837
8.00894,2836
8.00931,2835
8.00968,2834
8.01005,2833
8.01045,2832
8.01081,2831
8.01192,2830
8.01229,2829
8.01623,2828
8.0166,2827
8.08911,2826
8.08948,2825
8.08986,2824
8.09023,2823
8.0913,2822
8.09166,2821
8.09203,2820
8.09239,2819
8.09276,2818
8.09312,2817
8.09349,2816
8.09385,2815
8.09492,2814
8.09529,2813
8.09565,2812
8.09674,2811
8.1511,2810
8.15153,2809
8.15192,2808
8.15229,2807
8.15267,2806
8.15304,2805
8.15414,2804
8.1545,2803
8.1563,2802
8.15666,2801
8.15703,2800
8.15739,2799
8.15917,2798
8.16094,2797
8.22471,2796
8.22654,2795
8.22691,2794
8.22728,2793
8.2291,2792
8.22947,2791
8.23419,2790
8.29649,2789
8.2969,2788
8.29728,2787
8.30197,2786
8.30234,2785
8.3027,2784
8.30377,2783
8.30424,2782
8.30462,2781
8.35479,2780
8.35521,2779
8.35658,2778
8.36056,2777
8.36431,2776
8.36474,2775
8.36512,2774
8.36622,2773
8.36666,2772
8.36705,2771
8.36742,2770
8.36778,2769
8.36815,2768
8.36851,2767
8.36888,2766
8.36924,2765
8.3696,2764
8.4282,2763
8.42939,2762
8.4298,2761
8.43373,2760
8.44116,2759
8.50703,2758
8.50751,2757
8.50788,2756
8.50824,2755
8.50873,2754
8.5137,2753
8.51414,2752
8.51451,2751
8.51668,2750
8.51707,2749
8.51746,2748
8.51783,2747
8.58318,2746
8.58357,2745
8.58558,2744
8.58595,2743
8.58632,2742
8.58988,2741
8.61247,2740
8.62778,2739
8.62836,2738
8.63598,2737
8.63636,2736
8.63674,2735
8.63713,2734
8.6375,2733
8.78897,2732
8.7942,2731
8.79458,2730
8.79495,2729
8.79611,2728
8.79648,2727
8.79686,2726
8.79865,2725
8.79902,2724
8.79938,2723
8.84505,2722
8.84617,2721
8.84656,2720
8.85036,2719
8.8523,2718
8.85483,2717
9.15775,2716
9.16099,2715
9.16138,2714
9.25112,2713
9.25592,2712
9.35429,2711
9.35471,2710
9.35513,2709
9.35882,2708
9.3592,2707
9.35958,2706
9.35994,2705
9.36253,2704
9.36291,2703
9.4563,2702
9.4567,2701
9.45707,2700
9.45744,2699
9.45783,2698
9.45819,2697
9.45857,2696
9.45893,2695
9.46003,2694
9.46041,2693
9.46147,2692
9.46183,2691
9.4622,2690
9.46256,2689
9.46293,2688
9.4633,2687
9.46366,2686
9.50414,2685
9.50455,2684
9.50492,2683
9.50531,2682
9.50711,2681
9.50818,2680
9.50855,2679
9.50891,2678
9.50927,2677
9.51034,2676
9.5107,2675
9.58739,2674
9.59002,2673
9.59116,2672
9.59155,2671
9.59191,2670
9.59231,2669
9.59337,2668
9.59373,2667
9.59482,2666
9.59519,2665
9.59555,2664
9.59665,2663
9.59773,2662
9.6917,2661
9.69357,2660
9.69404,2659
9.6948,2658
9.69518,2657
9.73209,2656
9.80546,2655
9.80732,2654
9.81055,2653
9.88518,2652
9.88561,2651
9.88598,2650
9.88636,2649
9.88751,2648
9.88791,2647
9.88849,2646
9.88904,2645
9.88942,2644
9.89003,2643
9.89041,2642
9.89081,2641
9.89407,2640
9.89451,2639
9.97721,2638
9.98131,2637
9.98169,2636
9.98205,2635
9.98386,2634
9.98424,2633
9.98462,2632
9.98501,2631
10.0355,2630
10.0438,2629
10.1049,2628
10.1716,2627
10.172,2626
10.1724,2625
10.2395,2624
10.2399,2623
10.2403,2622
10.2406,2621
10.241,2620
10.2414,2619
10.2417,2618
10.3,2617
10.3617,2616
10.3621,2615
10.3625,2614
10.3658,2613
10.3662,2612
11.6865,2611
11.6925,2610
11.764,2609
11.7644,2608
11.7648,2607
11.7727,2606
11.773,2605
11.8049,2604
11.9031,2603
11.9045,2602
11.9065,2601
11.9805,2600
11.9837,2599
11.9907,2598
11.9911,2597
12.0454,2596
12.0458,2595
12.0461,2594
12.5605,2593
12.5616,2592
12.7953,2591
12.8961,2590
12.8987,2589
12.8991,2588
12.8995,2587
12.9043,2586
12.9802,2585
12.982,2584
12.9838,2583
13.0555,2582
13.7076,2581
13.708,2580
13.7083,2579
13.8335,2578
13.8339,2577
13.8342,2576
13.8353,2575
14.0679,2574
14.2195,2573
14.2206,2572
14.2741,2571
14.2745,2570
14.4955,2569
14.4988,2568
14.4992,2567
14.4995,2566
14.5006,2565
14.5024,2564
15.1141,2563
15.1146,2562
15.1179,2561
15.1183,2560
15.1187,2559
15.1306,2558
15.1317,2557
15.1321,2556
15.1337,2555
15.1341,2554
15.1345,2553
15.1356,2552
15.1359,2551
15.1363,2550
15.2829,2549
15.2861,2548
15.2866,2547
15.2877,2546
15.2881,2545
15.2885,2544
18.4006,2543
18.4017,2542
18.402,2541
18.4772,2540
18.5067,2539
18.5071,2538
18.5074,2537
18.5078,2536
18.5225,2535
18.5229,2534
18.6353,2533
19.0435,2532
19.0439,2531
19.0442,2530
19.046,2529
19.0695,2528
19.0699,2527
19.0702,2526
19.0706,2525
19.0709,2524
19.0713,2523
19.1629,2522
19.1652,2521
19.1684,2520
19.1688,2519
19.1692,2518
19.1703,2517
19.1706,2516
20.8459,2515
20.8462,2514
20.8466,2513
21.5095,2512
21.5099,2511
21.5645,2510
21.567,2509
21.5673,2508
21.5677,2507
21.6278,2506
22.5808,2505
22.5818,2504
25.137,2503
25.1423,2502
25.1426,2501
25.143,2500
25.2031,2499
25.2043,2498
25.2047,2497
25.2057,2496
26.2969,2495
26.2973,2494
28.1132,2493
28.5385,2492
28.5396,2491
28.54,2490
28.5404,2489
28.5407,2488
28.5411,2487
28.5415,2486
28.5418,2485
28.5869,2484
28.5873,2483
28.6829,2482
28.6835,2481
28.686,2480
28.8127,2479
28.8131,2478
28.8135,2477
28.8167,2476
28.8963,2475
30.462,2474
30.4624,2473
30.4627,2472
30.9025,2471
30.9029,2470
32.704,2469
32.7051,2468
32.7055,2467
33.8057,2466
33.8082,2465
33.8107,2464
33.875,2463
34.0146,2462
34.015,2461
34.3042,2460
34.3048,2459
34.3053,2458
34.3071,2457
34.3806,2456
34.381,2455
34.3813,2454
34.3843,2453
34.385,2452
34.433,2451
36.9233,2450
36.9258,2449
36.9262,2448
36.9265,2447
37.2852,2446
37.2889,2445
37.2934,2444
37.352,2443
37.3541,2442
37.3545,2441
37.3613,2440
37.3616,2439
37.362,2438
37.3623,2437
37.5012,2436
37.5016,2435
37.5019,2434
37.5023,2433
37.5049,2432
37.5052,2431
37.5056,2430
37.5067,2429
37.8606,2428
37.8624,2427
41.0448,2426
45.1861,2425
45.1876,2424
45.1913,2423
45.1954,2422
45.2557,2421
45.2568,2420
45.2572,2419
45.2576,2418
45.2754,2417
45.8747,2416
45.9139,2415
45.9155,2414
46.0102,2413
46.0106,2412
46.0133,2411
46.0177,2410
46.0181,2409
46.1691,2408
46.1718,2407
46.1721,2406
46.2339,2405
49.9673,2404
51.5785,2403
51.5789,2402
51.7674,2401
51.7727,2400
51.7731,2399
51.7735,2398
51.7738,2397
51.7742,2396
51.7752,2395
51.8349,2394
53.4563,2393
53.531,2392
53.537,2391
53.5429,2390
53.5471,2389
53.56,2388
60.7438,2387
60.7455,2386
60.7466,2385
60.747,2384
60.7473,2383
60.7477,2382
60.748,2381
60.8078,2380
65.5846,2379
65.5937,2378
66.4918,2377
66.4922,2376
71.4341,2375
73.616,2374
73.6164,2373
73.743,2372
73.7434,2371
73.7437,2370
73.7441,2369
73.7444,2368
79.8287,2367
80.4033,2366
80.4037,2365
80.4041,2364
80.4044,2363
80.4048,2362
80.4059,2361
80.4076,2360
80.408,2359
97.7374,2358
97.7378,2357
97.7396,2356
97.7405,2355
97.8313,2354
110.179,2353
112.402,2352
112.403,2351
112.601,2350
115.623,2349
115.623,2348
115.624,2347
115.624,2346
115.624,2345
115.625,2344
116.084,2343
116.084,2342
116.303,2341
116.303,2340
116.304,2339
116.307,2338
116.307,2337
116.308,2336
153.227,2335
153.228,2334
153.228,2333
153.229,2332
153.23,2331
153.282,2330
153.282,2329
153.283,2328
157.844,2327
157.844,2326
157.846,2325
157.847,2324
157.847,2323
157.942,2322
157.942,2321
157.945,2320
157.946,2319
157.949,2318
157.949,2317
157.949,2316
157.95,2315
157.95,2314
157.951,2313
157.951,2312
157.952,2311
157.997,2310
157.998,2309
157.998,2308
157.999,2307
650.467,2306
650.509,2305
650.509,2304
650.51,2303
