0.000481665,4940
0.000964693,4939
0.00141786,4938
0.00187281,4937
0.00231365,4936
0.00275093,4935
0.00318596,4934
0.00361935,4933
0.00405221,4932
0.00448584,4931
0.00491557,4930
0.00534594,4929
0.00577632,4928
0.00620635,4927
0.033312,4926
0.0337559,4925
0.0341884,4924
0.0346192,4923
0.0350497,4922
0.0354799,4921
0.0359507,4920
0.0364022,4919
0.0369113,4918
0.0374278,4917
0.0378649,4916
0.0384181,4915
0.039004,4914
0.0399592,4913
0.0404066,4912
0.0408386,4911
0.0412683,4910
0.0416972,4909
0.0421259,4908
0.0425574,4907
0.0429876,4906
0.0434171,4905
0.0768495,4904
0.0772986,4903
0.07773,4902
0.0781631,4901
0.0785956,4900
0.0790272,4899
0.0794566,4898
0.0798877,4897
0.0803187,4896
0.0807504,4895
0.0811812,4894
0.0816093,4893
0.0820377,4892
0.082464,4891
0.0828918,4890
0.0850744,4889
0.0855369,4888
0.0859689,4887
0.0864002,4886
0.0868346,4885
0.087268,4884
0.0876974,4883
0.0881245,4882
0.142775,4881
0.143222,4880
0.143652,4879
0.144081,4878
0.144511,4877
0.144941,4876
0.145371,4875
0.1458,4874
0.146226,4873
0.146656,4872
0.147084,4871
0.147512,4870
0.147942,4869
0.14837,4868
0.148799,4867
0.149227,4866
0.149654,4865
0.150082,4864
0.150508,4863
0.150936,4862
0.151363,4861
0.151791,4860
0.152219,4859
0.21813,4858
0.218591,4857
0.219402,4856
0.219855,4855
0.220306,4854
0.220752,4853
0.221234,4852
0.221671,4851
0.222105,4850
0.222543,4849
0.222979,4848
0.223413,4847
0.223861,4846
0.224295,4845
0.22474,4844
0.225173,4843
0.225601,4842
0.226029,4841
0.226455,4840
0.226881,4839
0.227308,4838
0.227735,4837
0.22816,4836
0.298262,4835
0.298711,4834
0.299144,4833
0.299571,4832
0.299998,4831
0.300425,4830
0.300855,4829
0.301282,4828
0.301711,4827
0.302136,4826
0.302562,4825
0.302988,4824
0.303414,4823
0.303841,4822
0.30427,4821
0.304699,4820
0.305131,4819
0.305592,4818
0.306111,4817
0.306564,4816
0.306992,4815
0.307423,4814
0.307852,4813
0.370961,4812
0.371412,4811
0.371842,4810
0.372271,4809
0.3727,4808
0.373129,4807
0.373555,4806
0.373985,4805
0.374411,4804
0.374837,4803
0.375265,4802
0.375691,4801
0.376119,4800
0.376546,4799
0.376973,4798
0.377402,4797
0.377824,4796
0.378251,4795
0.378677,4794
0.379105,4793
0.379531,4792
0.379956,4791
0.380381,4790
0.433513,4789
0.438113,4788
0.438556,4787
0.438984,4786
0.439412,4785
0.439841,4784
0.440268,4783
0.440693,4782
0.441118,4781
0.441543,4780
0.441972,4779
0.442399,4778
0.444423,4777
0.444861,4776
0.445289,4775
0.445718,4774
0.446154,4773
0.446583,4772
0.44701,4771
0.447435,4770
0.447863,4769
0.448288,4768
0.448715,4767
0.580875,4766
0.581548,4765
0.581986,4764
0.582415,4763
0.582844,4762
0.584299,4761
0.58481,4760
0.58751,4759
0.588084,4758
0.588562,4757
0.591712,4756
0.592143,4755
0.592567,4754
0.592991,4753
0.593417,4752
0.59384,4751
0.594262,4750
0.594685,4749
0.595107,4748
0.595529,4747
0.595952,4746
0.596375,4745
0.596798,4744
0.653772,4743
0.655118,4742
0.655558,4741
0.655988,4740
0.656417,4739
0.656842,4738
0.657266,4737
0.657688,4736
0.658111,4735
0.658533,4734
0.658956,4733
0.65938,4732
0.659802,4731
0.660225,4730
0.660646,4729
0.661066,4728
0.661489,4727
0.661914,4726
0.66234,4725
0.662761,4724
0.663181,4723
0.663614,4722
0.664036,4721
0.706384,4720
0.706844,4719
0.707274,4718
0.707699,4717
0.708124,4716
0.708549,4715
0.708971,4714
0.709395,4713
0.709817,4712
0.71024,4711
0.710662,4710
0.711085,4709
0.711507,4708
0.71193,4707
0.712352,4706
0.712774,4705
0.713194,4704
0.713629,4703
0.720231,4702
0.72068,4701
0.721113,4700
0.721547,4699
0.721969,4698
0.722396,4697
0.823127,4696
0.823565,4695
0.823991,4694
0.8263,4693
0.826773,4692
0.827199,4691
0.827621,4690
0.828043,4689
0.828465,4688
0.828886,4687
0.829308,4686
0.829729,4685
0.830151,4684
0.830576,4683
0.830996,4682
0.831419,4681
0.831837,4680
0.832259,4679
0.832679,4678
0.833099,4677
0.833518,4676
0.833937,4675
0.834356,4674
0.904487,4673
0.904955,4672
0.90539,4671
0.905829,4670
0.90627,4669
0.906701,4668
0.907131,4667
0.90756,4666
0.907989,4665
0.908419,4664
0.908883,4663
0.909326,4662
0.909765,4661
0.910207,4660
0.910997,4659
0.911426,4658
0.911847,4657
0.912269,4656
0.912691,4655
0.91311,4654
0.91353,4653
0.913949,4652
0.914369,4651
0.977649,4650
0.978097,4649
0.978522,4648
0.978942,4647
0.979365,4646
0.979785,4645
0.980207,4644
0.980628,4643
0.981047,4642
0.981467,4641
0.981885,4640
0.982304,4639
0.982723,4638
0.983144,4637
0.983564,4636
0.983983,4635
0.992116,4634
0.992568,4633
0.992992,4632
0.993414,4631
0.993836,4630
0.994262,4629
0.994682,4628
0.9951,4627
1.0641,4626
1.06453,4625
1.06495,4624
1.06537,4623
1.06579,4622
1.06622,4621
1.06664,4620
1.06706,4619
1.06748,4618
1.06887,4617
1.06932,4616
1.06974,4615
1.07017,4614
1.07059,4613
1.07101,4612
1.07143,4611
1.07185,4610
1.07227,4609
1.07268,4608
1.0731,4607
1.07352,4606
1.07394,4605
1.07436,4604
1.14615,4603
1.1466,4602
1.14702,4601
1.14744,4600
1.14786,4599
1.14828,4598
1.1487,4597
1.14912,4596
1.14954,4595
1.14996,4594
1.15037,4593
1.15079,4592
1.15121,4591
1.15162,4590
1.15204,4589
1.15246,4588
1.15287,4587
1.15329,4586
1.15371,4585
1.15412,4584
1.15454,4583
1.15496,4582
1.15537,4581
1.15579,4580
1.15818,4579
1.16058,4578
1.16102,4577
1.16181,4576
1.16268,4575
1.16318,4574
1.16361,4573
1.16403,4572
1.16445,4571
1.16487,4570
1.16547,4569
1.16652,4568
1.16726,4567
1.16782,4566
1.16824,4565
1.16866,4564
1.16908,4563
1.1695,4562
1.16996,4561
1.17047,4560
1.1709,4559
1.17154,4558
1.17196,4557
1.31637,4556
1.3168,4555
1.31722,4554
1.31764,4553
1.31805,4552
1.31903,4551
1.31947,4550
1.31989,4549
1.32031,4548
1.32073,4547
1.32115,4546
1.32156,4545
1.32198,4544
1.32239,4543
1.32281,4542
1.32323,4541
1.32364,4540
1.32406,4539
1.32447,4538
1.32489,4537
1.3253,4536
1.32572,4535
1.32613,4534
1.33497,4533
1.33541,4532
1.33584,4531
1.33625,4530
1.33667,4529
1.33709,4528
1.33751,4527
1.33792,4526
1.33834,4525
1.33876,4524
1.33917,4523
1.33959,4522
1.34,4521
1.34042,4520
1.34083,4519
1.34125,4518
1.34166,4517
1.34207,4516
1.34249,4515
1.34292,4514
1.34334,4513
1.34375,4512
1.34417,4511
1.34458,4510
1.37784,4509
1.37829,4508
1.37872,4507
1.37913,4506
1.37955,4505
1.37997,4504
1.38038,4503
1.3808,4502
1.38121,4501
1.38162,4500
1.38204,4499
1.38245,4498
1.38286,4497
1.38328,4496
1.38372,4495
1.38415,4494
1.38457,4493
1.385,4492
1.38541,4491
1.38669,4490
1.38711,4489
1.38753,4488
1.38795,4487
1.38836,4486
1.50952,4485
1.5117,4484
1.51223,4483
1.51266,4482
1.5131,4481
1.51353,4480
1.51397,4479
1.51439,4478
1.51481,4477
1.51525,4476
1.51567,4475
1.51609,4474
1.51651,4473
1.51692,4472
1.51734,4471
1.51775,4470
1.51821,4469
1.51863,4468
1.51904,4467
1.51946,4466
1.51988,4465
1.52029,4464
1.5207,4463
1.52112,4462
1.58553,4461
1.58595,4460
1.58637,4459
1.58679,4458
1.5872,4457
1.58762,4456
1.58803,4455
1.58845,4454
1.58886,4453
1.58928,4452
1.58969,4451
1.59011,4450
1.59052,4449
1.59093,4448
1.59137,4447
1.59179,4446
1.59226,4445
1.59268,4444
1.59309,4443
1.5935,4442
1.59391,4441
1.59432,4440
1.59473,4439
1.67062,4438
1.67107,4437
1.67149,4436
1.67197,4435
1.67239,4434
1.67281,4433
1.67322,4432
1.67364,4431
1.67405,4430
1.67446,4429
1.67488,4428
1.67658,4427
1.67702,4426
1.67744,4425
1.67785,4424
1.67826,4423
1.67868,4422
1.67909,4421
1.67951,4420
1.67992,4419
1.68033,4418
1.68074,4417
1.68115,4416
1.68157,4415
1.75549,4414
1.75593,4413
1.75635,4412
1.75676,4411
1.75718,4410
1.7576,4409
1.75801,4408
1.75843,4407
1.75884,4406
1.75925,4405
1.75966,4404
1.76007,4403
1.76048,4402
1.7609,4401
1.76131,4400
1.76172,4399
1.76213,4398
1.76254,4397
1.76295,4396
1.76336,4395
1.76377,4394
1.76418,4393
1.76459,4392
1.765,4391
1.81144,4390
1.81186,4389
1.81227,4388
1.81269,4387
1.8131,4386
1.81352,4385
1.81393,4384
1.81434,4383
1.81475,4382
1.81516,4381
1.81557,4380
1.81598,4379
1.8164,4378
1.81681,4377
1.81721,4376
1.81762,4375
1.81803,4374
1.81844,4373
1.81885,4372
1.81926,4371
1.81967,4370
1.82008,4369
1.82049,4368
1.96046,4367
1.96178,4366
1.9625,4365
1.96294,4364
1.96351,4363
1.96532,4362
1.96576,4361
1.96834,4360
1.96898,4359
1.9695,4358
1.97277,4357
1.97329,4356
1.97376,4355
1.97418,4354
1.9746,4353
1.97593,4352
1.97648,4351
1.97692,4350
1.97736,4349
1.9778,4348
1.97826,4347
1.97869,4346
1.97912,4345
1.97954,4344
1.97995,4343
1.98049,4342
1.9811,4341
1.98161,4340
1.98213,4339
1.98263,4338
1.98305,4337
1.98387,4336
1.9843,4335
1.98477,4334
1.98528,4333
1.98578,4332
1.98621,4331
1.98662,4330
1.98703,4329
1.98744,4328
1.98785,4327
2.10501,4326
2.10546,4325
2.10588,4324
2.10629,4323
2.1067,4322
2.10712,4321
2.10753,4320
2.10794,4319
2.10834,4318
2.10875,4317
2.10916,4316
2.10957,4315
2.10997,4314
2.11038,4313
2.11079,4312
2.1112,4311
2.11161,4310
2.11202,4309
2.11242,4308
2.11283,4307
2.11324,4306
2.11364,4305
2.11405,4304
2.11446,4303
2.11487,4302
2.19323,4301
2.19365,4300
2.19406,4299
2.19448,4298
2.19488,4297
2.19529,4296
2.1957,4295
2.19611,4294
2.19651,4293
2.19693,4292
2.19733,4291
2.19774,4290
2.19894,4289
2.19935,4288
2.19976,4287
2.20017,4286
2.20057,4285
2.20098,4284
2.20138,4283
2.20179,4282
2.2022,4281
2.2026,4280
2.25928,4279
2.25971,4278
2.26012,4277
2.26058,4276
2.26099,4275
2.2614,4274
2.26181,4273
2.26223,4272
2.26264,4271
2.26305,4270
2.26345,4269
2.26386,4268
2.26427,4267
2.26467,4266
2.26508,4265
2.26548,4264
2.26589,4263
2.26629,4262
2.2667,4261
2.2671,4260
2.26751,4259
2.26791,4258
2.26831,4257
2.26872,4256
2.26912,4255
2.32895,4254
2.32939,4253
2.32982,4252
2.33024,4251
2.33065,4250
2.33106,4249
2.33146,4248
2.33187,4247
2.33227,4246
2.33268,4245
2.33308,4244
2.33349,4243
2.33389,4242
2.3343,4241
2.3347,4240
2.38553,4239
2.38613,4238
2.38657,4237
2.38856,4236
2.389,4235
2.39017,4234
2.39065,4233
2.39107,4232
2.39874,4231
2.39921,4230
2.40021,4229
2.40063,4228
2.40104,4227
2.40145,4226
2.40267,4225
2.40308,4224
2.40349,4223
2.4039,4222
2.40433,4221
2.40475,4220
2.40516,4219
2.40558,4218
2.40598,4217
2.40639,4216
2.4068,4215
2.40721,4214
2.40761,4213
2.40802,4212
2.40843,4211
2.40883,4210
2.40923,4209
2.50788,4208
2.50834,4207
2.50875,4206
2.50916,4205
2.50958,4204
2.50998,4203
2.51039,4202
2.5108,4201
2.51124,4200
2.51166,4199
2.51207,4198
2.51247,4197
2.51288,4196
2.51328,4195
2.51369,4194
2.51409,4193
2.51449,4192
2.5149,4191
2.5153,4190
2.5157,4189
2.51611,4188
2.51652,4187
2.51692,4186
2.51732,4185
2.5862,4184
2.58844,4183
2.589,4182
2.58953,4181
2.58994,4180
2.59035,4179
2.591,4178
2.59141,4177
2.592,4176
2.59287,4175
2.59337,4174
2.59379,4173
2.5942,4172
2.59461,4171
2.59501,4170
2.59541,4169
2.59588,4168
2.59645,4167
2.59687,4166
2.59754,4165
2.59826,4164
2.59885,4163
2.60712,4162
2.60773,4161
2.60818,4160
2.60885,4159
2.60926,4158
2.60967,4157
2.61008,4156
2.61058,4155
2.61101,4154
2.61141,4153
2.61182,4152
2.61222,4151
2.61341,4150
2.61381,4149
2.61421,4148
2.61461,4147
2.61501,4146
2.61541,4145
2.61594,4144
2.61636,4143
2.61751,4142
2.61815,4141
2.61859,4140
2.7491,4139
2.75183,4138
2.75232,4137
2.75273,4136
2.75314,4135
2.75355,4134
2.75395,4133
2.75436,4132
2.75476,4131
2.75516,4130
2.75556,4129
2.75597,4128
2.75637,4127
2.75677,4126
2.75717,4125
2.75757,4124
2.75797,4123
2.75837,4122
2.75877,4121
2.75995,4120
2.76035,4119
2.76075,4118
2.83854,4117
2.839,4116
2.83941,4115
2.83981,4114
2.84022,4113
2.84062,4112
2.84103,4111
2.84143,4110
2.84184,4109
2.84224,4108
2.84264,4107
2.84304,4106
2.84347,4105
2.84387,4104
2.84427,4103
2.84467,4102
2.84507,4101
2.84547,4100
2.84587,4099
2.84705,4098
2.84745,4097
2.84785,4096
2.84825,4095
2.90907,4094
2.90949,4093
2.90989,4092
2.9103,4091
2.9107,4090
2.9111,4089
2.91151,4088
2.91191,4087
2.91231,4086
2.91271,4085
2.91311,4084
2.91351,4083
2.91391,4082
2.91431,4081
2.91471,4080
2.91511,4079
2.9155,4078
2.9159,4077
2.9163,4076
2.9167,4075
2.9171,4074
2.9175,4073
2.91789,4072
2.91829,4071
2.91873,4070
3.02797,4069
3.03214,4068
3.04262,4067
3.04484,4066
3.04528,4065
3.04569,4064
3.04609,4063
3.0465,4062
3.0469,4061
3.04736,4060
3.04796,4059
3.04837,4058
3.04969,4057
3.05012,4056
3.05052,4055
3.05092,4054
3.05219,4053
3.05272,4052
3.05315,4051
3.0536,4050
3.05401,4049
3.05468,4048
3.0551,4047
3.11829,4046
3.11871,4045
3.12093,4044
3.12135,4043
3.12175,4042
3.12215,4041
3.12255,4040
3.12295,4039
3.12335,4038
3.12375,4037
3.12415,4036
3.12455,4035
3.12495,4034
3.12534,4033
3.12574,4032
3.12614,4031
3.12654,4030
3.12694,4029
3.12733,4028
3.12773,4027
3.12813,4026
3.1293,4025
3.20503,4024
3.20546,4023
3.20587,4022
3.20627,4021
3.20675,4020
3.20717,4019
3.23318,4018
3.23362,4017
3.23404,4016
3.23444,4015
3.23485,4014
3.23532,4013
3.23573,4012
3.23613,4011
3.23653,4010
3.23693,4009
3.23733,4008
3.23786,4007
3.24017,4006
3.24064,4005
3.24161,4004
3.24204,4003
3.24247,4002
3.24288,4001
3.33755,4000
3.33996,3999
3.34274,3998
3.34317,3997
3.34511,3996
3.34566,3995
3.34943,3994
3.34987,3993
3.35029,3992
3.35081,3991
3.35122,3990
3.35431,3989
3.35485,3988
3.35531,3987
3.3558,3986
3.35626,3985
3.35668,3984
3.35709,3983
3.35749,3982
3.35828,3981
3.35874,3980
3.3641,3979
3.36454,3978
3.43424,3977
3.43549,3976
3.4359,3975
3.4363,3974
3.4367,3973
3.4371,3972
3.43756,3971
3.43797,3970
3.43838,3969
3.43878,3968
3.43917,3967
3.43957,3966
3.43997,3965
3.44036,3964
3.44076,3963
3.44115,3962
3.44155,3961
3.44194,3960
3.44234,3959
3.44273,3958
3.44313,3957
3.44352,3956
3.44392,3955
3.51654,3954
3.51706,3953
3.5175,3952
3.51792,3951
3.51842,3950
3.51884,3949
3.52004,3948
3.52045,3947
3.52085,3946
3.52126,3945
3.52243,3944
3.52283,3943
3.52323,3942
3.52363,3941
3.52402,3940
3.52442,3939
3.52483,3938
3.52525,3937
3.52565,3936
3.5261,3935
3.62597,3934
3.62642,3933
3.62683,3932
3.62723,3931
3.62763,3930
3.62802,3929
3.62842,3928
3.62882,3927
3.63059,3926
3.63119,3925
3.63161,3924
3.63201,3923
3.63242,3922
3.63282,3921
3.63322,3920
3.63362,3919
3.63402,3918
3.63442,3917
3.63481,3916
3.63521,3915
3.6356,3914
3.636,3913
3.63639,3912
3.63679,3911
3.63718,3910
3.70066,3909
3.70109,3908
3.70149,3907
3.70189,3906
3.70229,3905
3.70269,3904
3.70315,3903
3.70355,3902
3.70395,3901
3.70434,3900
3.70474,3899
3.70591,3898
3.70631,3897
3.7067,3896
3.7071,3895
3.70749,3894
3.70788,3893
3.70827,3892
3.70867,3891
3.70906,3890
3.70945,3889
3.70985,3888
3.71024,3887
3.75787,3886
3.7583,3885
3.7587,3884
3.7591,3883
3.7595,3882
3.7599,3881
3.76107,3880
3.76146,3879
3.76185,3878
3.76225,3877
3.76264,3876
3.76304,3875
3.76343,3874
3.76385,3873
3.76427,3872
3.76481,3871
3.77225,3870
3.77269,3869
3.77371,3868
3.77419,3867
3.77459,3866
3.77499,3865
3.77538,3864
3.84395,3863
3.84437,3862
3.84477,3861
3.84517,3860
3.84557,3859
3.84596,3858
3.84636,3857
3.84676,3856
3.84715,3855
3.84754,3854
3.84794,3853
3.84835,3852
3.84874,3851
3.84914,3850
3.84953,3849
3.84992,3848
3.85031,3847
3.85071,3846
3.8511,3845
3.85149,3844
3.85264,3843
3.86756,3842
3.86798,3841
3.86838,3840
3.86878,3839
3.86918,3838
3.86957,3837
3.86997,3836
3.87036,3835
3.87076,3834
3.87115,3833
3.87154,3832
3.87194,3831
3.87233,3830
3.87273,3829
3.87313,3828
3.87352,3827
3.87391,3826
3.8743,3825
3.8747,3824
3.8751,3823
3.87549,3822
3.87588,3821
3.87627,3820
3.87666,3819
3.87705,3818
4.05011,3817
4.05055,3816
4.05095,3815
4.05144,3814
4.05615,3813
4.05659,3812
4.057,3811
4.0574,3810
4.0578,3809
4.05819,3808
4.05859,3807
4.05898,3806
4.05938,3805
4.06053,3804
4.06092,3803
4.06132,3802
4.06171,3801
4.0621,3800
4.06253,3799
4.06294,3798
4.06336,3797
4.06379,3796
4.06419,3795
4.09769,3794
4.09813,3793
4.09852,3792
4.09891,3791
4.09931,3790
4.0997,3789
4.10009,3788
4.10048,3787
4.10087,3786
4.10126,3785
4.10165,3784
4.10204,3783
4.10243,3782
4.10282,3781
4.10321,3780
4.1036,3779
4.10399,3778
4.10438,3777
4.10477,3776
4.10516,3775
4.10555,3774
4.10593,3773
4.10636,3772
4.10675,3771
4.10714,3770
4.18157,3769
4.18203,3768
4.18243,3767
4.18282,3766
4.18322,3765
4.18361,3764
4.18401,3763
4.18478,3762
4.18518,3761
4.18557,3760
4.18597,3759
4.18712,3758
4.18751,3757
4.1879,3756
4.18829,3755
4.18868,3754
4.18906,3753
4.18945,3752
4.18984,3751
4.19023,3750
4.19062,3749
4.19101,3748
4.1914,3747
4.19179,3746
4.24513,3745
4.24554,3744
4.24594,3743
4.24633,3742
4.24672,3741
4.24711,3740
4.2475,3739
4.24789,3738
4.24828,3737
4.24943,3736
4.24982,3735
4.25021,3734
4.2506,3733
4.25098,3732
4.25137,3731
4.25176,3730
4.25215,3729
4.25263,3728
4.25447,3727
4.25487,3726
4.25526,3725
4.31245,3724
4.31286,3723
4.31326,3722
4.31365,3721
4.31404,3720
4.31445,3719
4.31486,3718
4.31525,3717
4.31564,3716
4.31603,3715
4.31642,3714
4.31681,3713
4.3172,3712
4.31759,3711
4.31798,3710
4.31837,3709
4.31876,3708
4.31914,3707
4.31953,3706
4.31992,3705
4.3203,3704
4.32069,3703
4.32108,3702
4.32147,3701
4.32185,3700
4.40656,3699
4.40705,3698
4.40745,3697
4.40784,3696
4.40866,3695
4.40906,3694
4.40959,3693
4.40998,3692
4.4119,3691
4.41231,3690
4.41271,3689
4.4131,3688
4.41395,3687
4.41463,3686
4.41505,3685
4.41555,3684
4.41596,3683
4.41635,3682
4.4168,3681
4.41721,3680
4.41765,3679
4.41808,3678
4.41855,3677
4.41917,3676
4.41978,3675
4.4202,3674
4.42061,3673
4.42104,3672
4.42147,3671
4.42187,3670
4.42226,3669
4.42265,3668
4.42304,3667
4.42343,3666
4.42382,3665
4.42421,3664
4.4246,3663
4.42498,3662
4.42537,3661
4.42579,3660
4.42619,3659
4.42658,3658
4.42697,3657
4.42737,3656
4.42776,3655
4.42815,3654
4.42854,3653
4.42892,3652
4.42931,3651
4.4297,3650
4.53706,3649
4.53747,3648
4.53786,3647
4.5383,3646
4.5387,3645
4.53909,3644
4.53949,3643
4.53988,3642
4.54029,3641
4.54069,3640
4.54183,3639
4.54222,3638
4.54261,3637
4.543,3636
4.54339,3635
4.54377,3634
4.54416,3633
4.54455,3632
4.54644,3631
4.6445,3630
4.64499,3629
4.64545,3628
4.64586,3627
4.64625,3626
4.64664,3625
4.64706,3624
4.64781,3623
4.64824,3622
4.65204,3621
4.65257,3620
4.65321,3619
4.65368,3618
4.65407,3617
4.65447,3616
4.65486,3615
4.65525,3614
4.65564,3613
4.65608,3612
4.65658,3611
4.65697,3610
4.65758,3609
4.65901,3608
4.65941,3607
4.71316,3606
4.71464,3605
4.71505,3604
4.71544,3603
4.71583,3602
4.72673,3601
4.7298,3600
4.73021,3599
4.7306,3598
4.73099,3597
4.73138,3596
4.73177,3595
4.73216,3594
4.73255,3593
4.73294,3592
4.73332,3591
4.73371,3590
4.7341,3589
4.73448,3588
4.73487,3587
4.73525,3586
4.73564,3585
4.73602,3584
4.73641,3583
4.78638,3582
4.7922,3581
4.79261,3580
4.793,3579
4.79339,3578
4.79378,3577
4.79417,3576
4.79456,3575
4.79494,3574
4.79533,3573
4.79572,3572
4.79611,3571
4.79649,3570
4.79688,3569
4.79726,3568
4.79764,3567
4.79803,3566
4.79841,3565
4.79879,3564
4.79918,3563
4.79956,3562
4.79994,3561
4.80032,3560
4.80071,3559
4.80109,3558
4.86481,3557
4.86556,3556
4.86595,3555
4.86635,3554
4.86673,3553
4.86712,3552
4.86751,3551
4.86789,3550
4.86828,3549
4.86866,3548
4.86904,3547
4.86943,3546
4.86981,3545
4.87019,3544
4.87058,3543
4.87096,3542
4.87135,3541
4.87173,3540
4.87211,3539
4.87249,3538
4.87287,3537
4.87325,3536
4.87364,3535
4.87402,3534
4.8744,3533
4.87478,3532
4.93986,3531
4.94186,3530
4.94228,3529
4.94267,3528
4.94305,3527
4.94344,3526
4.94383,3525
4.94422,3524
4.9446,3523
4.94499,3522
4.94537,3521
4.94576,3520
4.94614,3519
4.94653,3518
4.94691,3517
4.94729,3516
4.94768,3515
4.94806,3514
4.94844,3513
4.94882,3512
4.9492,3511
4.94958,3510
4.94997,3509
4.95035,3508
4.95074,3507
4.95112,3506
4.99471,3505
4.99512,3504
4.99625,3503
4.99906,3502
4.99948,3501
4.99995,3500
5.00036,3499
5.00076,3498
5.00148,3497
5.00187,3496
5.00409,3495
5.00744,3494
5.00785,3493
5.00825,3492
5.00867,3491
5.00906,3490
5.00945,3489
5.00985,3488
5.01023,3487
5.01062,3486
5.01101,3485
5.0114,3484
5.01179,3483
5.09184,3482
5.09224,3481
5.09263,3480
5.09878,3479
5.0992,3478
5.09959,3477
5.09997,3476
5.10036,3475
5.10074,3474
5.10113,3473
5.10151,3472
5.10189,3471
5.10227,3470
5.10266,3469
5.10304,3468
5.10342,3467
5.10381,3466
5.10419,3465
5.10457,3464
5.10495,3463
5.10534,3462
5.10572,3461
5.1061,3460
5.17275,3459
5.17317,3458
5.17356,3457
5.17395,3456
5.17434,3455
5.17473,3454
5.17511,3453
5.1755,3452
5.17588,3451
5.17626,3450
5.17664,3449
5.17727,3448
5.17766,3447
5.17805,3446
5.17845,3445
5.17884,3444
5.17926,3443
5.17964,3442
5.18002,3441
5.1804,3440
5.18153,3439
5.18266,3438
5.2792,3437
5.27969,3436
5.28015,3435
5.28059,3434
5.28098,3433
5.28137,3432
5.2825,3431
5.28288,3430
5.28326,3429
5.28364,3428
5.28402,3427
5.28516,3426
5.28554,3425
5.28592,3424
5.28711,3423
5.28749,3422
5.28787,3421
5.28825,3420
5.28863,3419
5.2893,3418
5.2897,3417
5.29009,3416
5.29048,3415
5.29086,3414
5.29125,3413
5.29164,3412
5.29202,3411
5.29241,3410
5.29279,3409
5.29318,3408
5.29357,3407
5.29395,3406
5.29433,3405
5.29471,3404
5.2951,3403
5.29548,3402
5.2966,3401
5.29773,3400
5.29884,3399
5.29923,3398
5.39952,3397
5.39997,3396
5.40036,3395
5.4015,3394
5.40188,3393
5.40376,3392
5.40414,3391
5.40452,3390
5.4049,3389
5.4053,3388
5.4057,3387
5.40613,3386
5.40652,3385
5.41178,3384
5.4122,3383
5.41258,3382
5.41316,3381
5.41356,3380
5.66291,3379
5.66334,3378
5.66389,3377
5.66428,3376
5.66472,3375
5.66513,3374
5.66553,3373
5.66592,3372
5.6663,3371
5.66669,3370
5.66711,3369
5.66804,3368
5.66844,3367
5.66882,3366
5.67035,3365
5.67444,3364
5.67604,3363
5.67651,3362
5.67693,3361
5.67733,3360
5.67772,3359
5.67814,3358
5.67853,3357
5.67891,3356
5.67936,3355
5.67976,3354
5.68014,3353
5.68052,3352
5.68091,3351
5.68129,3350
5.68207,3349
5.68248,3348
5.68287,3347
5.68325,3346
5.68363,3345
5.68401,3344
5.68439,3343
5.68477,3342
5.68515,3341
5.68553,3340
5.68665,3339
5.85874,3338
5.85914,3337
5.86072,3336
5.86111,3335
5.86149,3334
5.86187,3333
5.86226,3332
5.86264,3331
5.86302,3330
5.86562,3329
5.866,3328
5.86637,3327
5.86675,3326
5.86713,3325
5.86751,3324
5.86856,3323
5.86897,3322
5.8694,3321
5.87061,3320
5.94214,3319
5.94332,3318
5.9437,3317
5.94409,3316
5.94451,3315
5.94489,3314
5.94527,3313
5.94565,3312
5.94602,3311
5.9464,3310
5.94678,3309
5.94716,3308
5.94753,3307
5.94791,3306
5.94829,3305
5.94867,3304
5.94904,3303
5.94942,3302
5.94979,3301
5.95017,3300
5.95055,3299
5.95092,3298
5.9513,3297
5.95167,3296
6.02204,3295
6.02243,3294
6.02282,3293
6.0232,3292
6.02358,3291
6.02397,3290
6.02435,3289
6.02473,3288
6.02511,3287
6.02549,3286
6.02587,3285
6.02699,3284
6.02736,3283
6.02774,3282
6.02812,3281
6.02874,3280
6.02913,3279
6.03026,3278
6.03064,3277
6.03101,3276
6.03139,3275
6.11745,3274
6.11785,3273
6.11976,3272
6.12014,3271
6.12052,3270
6.1209,3269
6.12174,3268
6.12213,3267
6.12257,3266
6.12297,3265
6.12335,3264
6.12374,3263
6.12412,3262
6.1245,3261
6.12488,3260
6.1253,3259
6.12569,3258
6.12607,3257
6.12646,3256
6.12684,3255
6.12722,3254
6.21195,3253
6.21234,3252
6.21273,3251
6.21311,3250
6.21349,3249
6.21387,3248
6.21425,3247
6.21463,3246
6.21501,3245
6.21539,3244
6.21577,3243
6.21614,3242
6.21726,3241
6.21766,3240
6.21877,3239
6.25764,3238
6.25879,3237
6.25917,3236
6.25955,3235
6.2975,3234
6.2979,3233
6.29829,3232
6.29867,3231
6.29905,3230
6.29967,3229
6.30094,3228
6.30135,3227
6.30176,3226
6.30215,3225
6.30256,3224
6.30296,3223
6.30336,3222
6.30374,3221
6.30412,3220
6.3045,3219
6.30488,3218
6.30605,3217
6.30645,3216
6.30756,3215
6.30794,3214
6.30832,3213
6.34429,3212
6.34469,3211
6.34507,3210
6.34545,3209
6.34583,3208
6.34695,3207
6.34733,3206
6.34771,3205
6.34808,3204
6.34849,3203
6.34887,3202
6.34924,3201
6.34962,3200
6.35,3199
6.35111,3198
6.35149,3197
6.35229,3196
6.35268,3195
6.35307,3194
6.35345,3193
6.52753,3192
6.52792,3191
6.52835,3190
6.52923,3189
6.52969,3188
6.53037,3187
6.53079,3186
6.53117,3185
6.53158,3184
6.53199,3183
6.53237,3182
6.53276,3181
6.53314,3180
6.53353,3179
6.54155,3178
6.5452,3177
6.59866,3176
6.59908,3175
6.59947,3174
6.60211,3173
6.6025,3172
6.60287,3171
6.60325,3170
6.60362,3169
6.60473,3168
6.6051,3167
6.60548,3166
6.60585,3165
6.60622,3164
6.60659,3163
6.60697,3162
6.60734,3161
6.60771,3160
6.60809,3159
6.60846,3158
6.69891,3157
6.69931,3156
6.6997,3155
6.70008,3154
6.70045,3153
6.70083,3152
6.70121,3151
6.70158,3150
6.7027,3149
6.70311,3148
6.7035,3147
6.70388,3146
6.70426,3145
6.70463,3144
6.70501,3143
6.70538,3142
6.70576,3141
6.70613,3140
6.70651,3139
6.70688,3138
6.78363,3137
6.78614,3136
6.78655,3135
6.78768,3134
6.78805,3133
6.78843,3132
6.7888,3131
6.78918,3130
6.78955,3129
6.78992,3128
6.7903,3127
6.7914,3126
6.79177,3125
6.79214,3124
6.79252,3123
6.79289,3122
6.79332,3121
6.79525,3120
6.79563,3119
6.79601,3118
6.79638,3117
6.79676,3116
6.79717,3115
6.79908,3114
6.79947,3113
6.79984,3112
6.80022,3111
6.80061,3110
6.80098,3109
6.80135,3108
6.80176,3107
6.8022,3106
6.80266,3105
6.80306,3104
6.80343,3103
6.8038,3102
6.80417,3101
6.80454,3100
6.80491,3099
6.80529,3098
6.80565,3097
6.80602,3096
6.80639,3095
6.80748,3094
6.80785,3093
6.90595,3092
6.90636,3091
6.90796,3090
6.90837,3089
6.90875,3088
6.91065,3087
6.91267,3086
6.91311,3085
6.91447,3084
6.91492,3083
6.91531,3082
6.91571,3081
6.9161,3080
6.91647,3079
6.91686,3078
6.91724,3077
6.91981,3076
6.92019,3075
6.92057,3074
6.92094,3073
7.012,3072
7.01241,3071
7.01279,3070
7.01317,3069
7.01354,3068
7.01392,3067
7.01429,3066
7.01467,3065
7.01504,3064
7.01543,3063
7.0158,3062
7.01618,3061
7.01655,3060
7.01692,3059
7.01804,3058
7.01842,3057
7.01879,3056
7.01917,3055
7.01954,3054
7.01991,3053
7.02028,3052
7.02065,3051
7.02102,3050
7.0214,3049
7.02176,3048
7.07714,3047
7.07866,3046
7.07978,3045
7.08016,3044
7.08054,3043
7.08091,3042
7.0813,3041
7.08168,3040
7.08205,3039
7.08242,3038
7.08279,3037
7.08316,3036
7.08356,3035
7.08467,3034
7.08505,3033
7.08542,3032
7.08579,3031
7.08616,3030
7.08653,3029
7.0869,3028
7.18171,3027
7.18334,3026
7.18382,3025
7.18581,3024
7.19112,3023
7.19185,3022
7.1923,3021
7.19272,3020
7.19417,3019
7.1948,3018
7.19533,3017
7.19577,3016
7.19643,3015
7.19788,3014
7.19827,3013
7.19894,3012
7.20013,3011
7.20077,3010
7.20117,3009
7.20155,3008
7.20266,3007
7.20304,3006
7.20346,3005
7.2042,3004
7.21203,3003
7.21244,3002
7.21282,3001
7.21321,3000
7.21359,2999
7.21398,2998
7.21435,2997
7.21506,2996
7.21555,2995
7.21662,2994
7.21723,2993
7.34383,2992
7.34424,2991
7.34462,2990
7.34504,2989
7.3457,2988
7.3461,2987
7.35489,2986
7.3553,2985
7.35571,2984
7.35947,2983
7.35986,2982
7.36026,2981
7.36063,2980
7.36101,2979
7.36138,2978
7.45338,2977
7.45376,2976
7.45414,2975
7.45451,2974
7.45488,2973
7.45525,2972
7.45562,2971
7.45671,2970
7.45708,2969
7.45746,2968
7.45943,2967
7.46057,2966
7.46095,2965
7.46133,2964
7.4617,2963
7.46207,2962
7.52659,2961
7.52698,2960
7.52736,2959
7.52774,2958
7.52885,2957
7.52923,2956
7.52961,2955
7.53003,2954
7.53041,2953
7.53078,2952
7.53116,2951
7.53301,2950
7.53347,2949
7.53386,2948
7.53425,2947
7.53463,2946
7.535,2945
7.53539,2944
7.59742,2943
7.59782,2942
7.59821,2941
7.59859,2940
7.59908,2939
7.60031,2938
7.60328,2937
7.60368,2936
7.60405,2935
7.60586,2934
7.6063,2933
7.60671,2932
7.60711,2931
7.60764,2930
7.60803,2929
7.63461,2928
7.63657,2927
7.63707,2926
7.64119,2925
7.64158,2924
7.64194,2923
7.64231,2922
7.64269,2921
7.64305,2920
7.64342,2919
7.6438,2918
7.64417,2917
7.64454,2916
7.64562,2915
7.64599,2914
7.79236,2913
7.79276,2912
7.79457,2911
7.79495,2910
7.79532,2909
7.79568,2908
7.79605,2907
7.79715,2906
7.79752,2905
7.79788,2904
7.79825,2903
7.79862,2902
7.79898,2901
7.79936,2900
7.79972,2899
7.80009,2898
7.80045,2897
7.80082,2896
7.80118,2895
7.80155,2894
7.80192,2893
7.84938,2892
7.84978,2891
7.85015,2890
7.85056,2889
7.8523,2888
7.85272,2887
7.8531,2886
7.85348,2885
7.85385,2884
7.85422,2883
7.85464,2882
7.85511,2881
7.8555,2880
7.85616,2879
7.8577,2878
7.85808,2877
7.85845,2876
7.86669,2875
7.8671,2874
7.8729,2873
7.87329,2872
7.87367,2871
7.87419,2870
7.87461,2869
7.87588,2868
7.8763,2867
7.87672,2866
7.87709,2865
7.87746,2864
7.87788,2863
7.87849,2862
7.87888,2861
7.87933,2860
7.87975,2859
7.88025,2858
7.88275,2857
7.88357,2856
7.88475,2855
7.88514,2854
7.88551,2853
7.88589,2852
7.88697,2851
7.88734,2850
7.88775,2849
7.89188,2848
7.89329,2847
7.89368,2846
7.89443,2845
7.89503,2844
7.89566,2843
7.89605,2842
7.89642,2841
7.8968,2840
7.89717,2839
7.89755,2838
7.89792,2837
7.89829,2836
7.89938,2835
7.89974,2834
7.90011,2833
7.90048,2832
7.90092,2831
7.9013,2830
7.90191,2829
7.90233,2828
7.90271,2827
7.90307,2826
7.90346,2825
7.90384,2824
7.90422,2823
7.90459,2822
8.09626,2821
8.09737,2820
8.09774,2819
8.09811,2818
8.09848,2817
8.09885,2816
8.09922,2815
8.09959,2814
8.09996,2813
8.10033,2812
8.10215,2811
8.10251,2810
8.10288,2809
8.10325,2808
8.10362,2807
8.10469,2806
8.10506,2805
8.10542,2804
8.16554,2803
8.16596,2802
8.16707,2801
8.16744,2800
8.16782,2799
8.16818,2798
8.16855,2797
8.16963,2796
8.17,2795
8.1718,2794
8.17217,2793
8.17394,2792
8.17431,2791
8.22915,2790
8.23096,2789
8.23134,2788
8.23171,2787
8.23208,2786
8.23244,2785
8.23281,2784
8.23318,2783
8.23356,2782
8.23392,2781
8.23428,2780
8.23464,2779
8.235,2778
8.23536,2777
8.23574,2776
8.30022,2775
8.30061,2774
8.306,2773
8.36643,2772
8.37217,2771
8.37255,2770
8.37292,2769
8.37328,2768
8.37584,2767
8.37621,2766
8.43446,2765
8.4356,2764
8.43678,2763
8.439,2762
8.43939,2761
8.43976,2760
8.443,2759
8.44396,2758
8.44433,2757
8.44471,2756
8.52521,2755
8.52672,2754
8.58488,2753
8.58533,2752
8.58571,2751
8.58745,2750
8.5892,2749
8.59037,2748
8.59076,2747
8.59126,2746
8.59206,2745
8.59301,2744
8.59411,2743
8.59448,2742
8.59486,2741
8.59525,2740
8.59563,2739
8.5987,2738
8.59922,2737
8.64761,2736
8.65094,2735
8.65143,2734
8.65184,2733
8.65221,2732
8.65787,2731
8.78661,2730
8.79129,2729
8.79324,2728
8.79509,2727
8.86723,2726
8.86761,2725
8.86798,2724
8.86838,2723
8.86876,2722
8.86913,2721
8.8695,2720
8.86987,2719
8.87023,2718
8.8713,2717
8.87166,2716
8.87203,2715
8.87609,2714
8.87649,2713
9.17862,2712
9.17981,2711
9.18124,2710
9.18168,2709
9.18217,2708
9.18335,2707
9.18383,2706
9.18518,2705
9.18644,2704
9.18682,2703
9.18722,2702
9.18761,2701
9.25217,2700
9.25466,2699
9.2553,2698
9.25646,2697
9.25689,2696
9.25728,2695
9.25769,2694
9.26798,2693
9.27251,2692
9.27373,2691
9.27416,2690
9.27456,2689
9.27494,2688
9.27532,2687
9.27589,2686
9.27762,2685
9.39978,2684
9.40062,2683
9.54259,2682
9.54296,2681
9.54333,2680
9.54517,2679
9.54555,2678
9.54591,2677
9.54702,2676
9.54738,2675
9.61461,2674
9.61887,2673
9.6193,2672
9.61969,2671
9.64372,2670
9.64415,2669
9.64452,2668
9.64954,2667
9.81577,2666
9.81615,2665
9.81723,2664
9.81759,2663
9.81867,2662
9.89318,2661
9.89368,2660
9.90025,2659
9.90212,2658
9.93479,2657
9.93522,2656
9.9356,2655
9.95223,2654
9.95551,2653
9.95591,2652
9.95627,2651
9.95805,2650
9.95845,2649
9.95882,2648
10.299,2647
10.2993,2646
10.2997,2645
10.3015,2644
10.3026,2643
10.3029,2642
10.3585,2641
10.3589,2640
10.3593,2639
10.3597,2638
10.3608,2637
10.3611,2636
10.3615,2635
10.5108,2634
10.5112,2633
10.5115,2632
10.5119,2631
10.5875,2630
10.5926,2629
10.5965,2628
10.6584,2627
12.6581,2626
12.7478,2625
12.7488,2624
12.8168,2623
12.8187,2622
12.819,2621
12.8238,2620
12.8242,2619
12.8245,2618
12.8249,2617
12.8791,2616
12.8795,2615
12.8799,2614
12.8802,2613
12.8863,2612
12.9569,2611
12.9573,2610
12.9577,2609
12.9588,2608
12.9592,2607
12.9617,2606
13.1284,2605
13.1288,2604
13.1993,2603
13.2431,2602
13.2435,2601
13.2475,2600
13.2479,2599
13.6422,2598
13.7061,2597
13.7065,2596
13.7069,2595
13.7072,2594
13.7076,2593
13.708,2592
13.7084,2591
14.3266,2590
14.327,2589
14.3274,2588
14.4676,2587
14.468,2586
14.4684,2585
15.2082,2584
15.2482,2583
15.2514,2582
15.3268,2581
15.3273,2580
15.3277,2579
15.3317,2578
15.5998,2577
15.6001,2576
15.6005,2575
15.6009,2574
15.6012,2573
15.6016,2572
15.7375,2571
15.7408,2570
15.7411,2569
15.7415,2568
15.7419,2567
15.7954,2566
15.7959,2565
15.7963,2564
15.7976,2563
15.8006,2562
15.801,2561
15.8014,2560
15.8017,2559
15.8021,2558
15.8025,2557
16.3505,2556
16.3946,2555
16.7144,2554
16.7149,2553
16.717,2552
16.7174,2551
18.7414,2550
18.7426,2549
18.7875,2548
19.1463,2547
19.1467,2546
19.147,2545
19.1488,2544
19.1492,2543
19.1511,2542
19.1526,2541
19.1555,2540
19.1558,2539
19.2206,2538
19.221,2537
19.2868,2536
19.2896,2535
19.3354,2534
20.0742,2533
20.0747,2532
20.6798,2531
20.6802,2530
20.6806,2529
20.7109,2528
20.7114,2527
20.7118,2526
20.8444,2525
20.8455,2524
20.8459,2523
20.8462,2522
20.8466,2521
20.847,2520
20.8473,2519
20.8477,2518
20.8481,2517
20.8484,2516
20.8989,2515
23.4301,2514
23.4305,2513
23.4309,2512
23.7223,2511
23.8129,2510
23.8132,2509
23.8158,2508
23.8168,2507
23.8664,2506
24.3808,2505
24.3812,2504
24.3816,2503
24.3869,2502
24.3872,2501
24.4243,2500
24.4247,2499
24.4251,2498
24.4255,2497
24.4793,2496
24.4797,2495
24.4808,2494
24.4812,2493
24.4815,2492
24.4819,2491
24.483,2490
24.4833,2489
24.4837,2488
24.664,2487
25.722,2486
27.6181,2485
27.6206,2484
29.2132,2483
29.2677,2482
29.2681,2481
29.2705,2480
29.2709,2479
29.2713,2478
29.3124,2477
29.3128,2476
29.3139,2475
29.3148,2474
29.3152,2473
29.3182,2472
29.324,2471
29.3244,2470
30.2554,2469
30.4448,2468
30.4639,2467
30.4654,2466
30.4658,2465
33.0595,2464
33.1386,2463
33.1395,2462
33.1406,2461
34.1984,2460
34.1995,2459
34.2026,2458
34.203,2457
34.2034,2456
34.3491,2455
34.3494,2454
34.3498,2453
34.3502,2452
34.3506,2451
34.7567,2450
34.8081,2449
34.8084,2448
34.811,2447
34.8121,2446
34.8148,2445
35.7679,2444
35.9735,2443
35.9739,2442
35.9742,2441
35.9746,2440
35.9749,2439
35.9774,2438
36.6365,2437
36.6369,2436
36.6386,2435
36.639,2434
36.6978,2433
36.7905,2432
40.6034,2431
40.6038,2430
41.4794,2429
41.6435,2428
41.9112,2427
41.9138,2426
41.9178,2425
43.0168,2424
43.0192,2423
43.0725,2422
44.526,2421
44.5268,2420
44.5271,2419
44.5296,2418
44.5303,2417
44.5308,2416
44.533,2415
44.5334,2414
44.5353,2413
44.5395,2412
44.6006,2411
44.7582,2410
44.7586,2409
44.759,2408
44.76,2407
45.9544,2406
49.25,2405
49.2504,2404
49.2508,2403
49.2511,2402
49.2523,2401
49.2533,2400
49.3205,2399
49.3209,2398
49.322,2397
56.65,2396
56.8424,2395
59.414,2394
59.7377,2393
59.9477,2392
59.9481,2391
60.0027,2390
60.0045,2389
60.0048,2388
60.0052,2387
60.0062,2386
60.0742,2385
60.0757,2384
60.0769,2383
60.0801,2382
60.0805,2381
60.0823,2380
60.574,2379
60.5744,2378
60.5747,2377
62.2971,2376
62.3024,2375
62.3028,2374
62.3034,2373
62.304,2372
62.4436,2371
62.444,2370
63.6153,2369
64.4368,2368
64.5092,2367
64.6509,2366
64.6527,2365
64.6531,2364
68.7083,2363
68.8685,2362
68.9231,2361
69.0477,2360
80.9198,2359
80.9246,2358
80.9249,2357
80.9281,2356
80.9284,2355
81.0104,2354
81.0116,2353
81.015,2352
81.0182,2351
81.0186,2350
102.653,2349
156.851,2348
156.852,2347
156.883,2346
156.884,2345
156.884,2344
156.885,2343
156.886,2342
156.886,2341
166.897,2340
166.899,2339
166.9,2338
180.082,2337
180.083,2336
180.343,2335
180.344,2334
209.015,2333
209.058,2332
209.058,2331
209.596,2330
209.597,2329
209.598,2328
230.594,2327
230.594,2326
230.594,2325
230.596,2324
541.779,2323
541.779,2322
541.78,2321
689.7,2320
689.7,2319
689.767,2318
689.768,2317
1153,2316
1153,2315
2916.97,2314
