0.0004724,4940
0.000933392,4939
0.00137616,4938
0.00181679,4937
0.0022583,4936
0.00270977,4935
0.00315808,4934
0.00359071,4933
0.00402359,4932
0.00445725,4931
0.00488789,4930
0.00532064,4929
0.00575351,4928
0.00618466,4927
0.0279031,4926
0.0313595,4925
0.0325451,4924
0.0329848,4923
0.0334151,4922
0.0338438,4921
0.0342741,4920
0.0347018,4919
0.0351293,4918
0.0355598,4917
0.0361156,4916
0.036552,4915
0.0374561,4914
0.0378955,4913
0.0387615,4912
0.0391945,4911
0.0396265,4910
0.0400586,4909
0.0404875,4908
0.0409183,4907
0.0413493,4906
0.0417772,4905
0.0422047,4904
0.0734867,4903
0.0739307,4902
0.074361,4901
0.0747894,4900
0.0752169,4899
0.0756447,4898
0.0760721,4897
0.0764996,4896
0.0769269,4895
0.0774217,4894
0.0778541,4893
0.078282,4892
0.0787096,4891
0.0791372,4890
0.0795641,4889
0.0799922,4888
0.0804188,4887
0.0808487,4886
0.0812764,4885
0.0817041,4884
0.0821312,4883
0.0825563,4882
0.0829802,4881
0.131695,4880
0.132148,4879
0.133819,4878
0.134261,4877
0.134694,4876
0.135172,4875
0.135604,4874
0.136033,4873
0.136462,4872
0.136888,4871
0.137317,4870
0.137746,4869
0.13826,4868
0.138697,4867
0.139125,4866
0.139553,4865
0.13998,4864
0.140407,4863
0.140835,4862
0.141264,4861
0.141695,4860
0.142121,4859
0.142579,4858
0.226329,4857
0.226784,4856
0.232101,4855
0.232545,4854
0.232973,4853
0.233404,4852
0.233831,4851
0.234258,4850
0.234682,4849
0.235107,4848
0.235532,4847
0.235958,4846
0.236388,4845
0.236814,4844
0.237241,4843
0.237668,4842
0.238093,4841
0.238519,4840
0.238943,4839
0.239369,4838
0.239796,4837
0.240221,4836
0.240647,4835
0.318307,4834
0.318793,4833
0.319587,4832
0.320035,4831
0.320844,4830
0.325402,4829
0.325889,4828
0.326345,4827
0.32678,4826
0.328554,4825
0.329005,4824
0.329433,4823
0.32986,4822
0.331114,4821
0.331538,4820
0.331962,4819
0.332388,4818
0.332813,4817
0.333238,4816
0.333659,4815
0.334081,4814
0.38897,4813
0.389432,4812
0.389877,4811
0.390312,4810
0.390747,4809
0.391179,4808
0.391622,4807
0.392055,4806
0.392486,4805
0.392909,4804
0.393332,4803
0.394583,4802
0.395006,4801
0.395429,4800
0.395853,4799
0.396298,4798
0.396733,4797
0.397159,4796
0.397585,4795
0.398011,4794
0.398437,4793
0.507044,4792
0.509835,4791
0.510954,4790
0.51224,4789
0.513308,4788
0.513744,4787
0.51435,4786
0.514782,4785
0.515207,4784
0.515719,4783
0.517146,4782
0.517583,4781
0.518009,4780
0.518508,4779
0.518933,4778
0.520532,4777
0.52211,4776
0.522626,4775
0.523221,4774
0.523705,4773
0.524178,4772
0.526939,4771
0.598277,4770
0.598768,4769
0.599209,4768
0.599639,4767
0.600061,4766
0.601442,4765
0.601882,4764
0.602321,4763
0.602746,4762
0.60317,4761
0.603593,4760
0.604022,4759
0.604474,4758
0.60491,4757
0.605335,4756
0.605757,4755
0.606179,4754
0.606599,4753
0.607023,4752
0.607446,4751
0.607866,4750
0.608288,4749
0.608711,4748
0.65644,4747
0.656925,4746
0.657353,4745
0.657776,4744
0.658201,4743
0.658624,4742
0.659047,4741
0.65947,4740
0.659893,4739
0.660316,4738
0.660738,4737
0.661159,4736
0.661578,4735
0.661998,4734
0.662419,4733
0.662839,4732
0.663262,4731
0.663683,4730
0.664104,4729
0.664526,4728
0.664946,4727
0.665367,4726
0.665786,4725
0.666205,4724
0.698301,4723
0.698745,4722
0.69918,4721
0.699618,4720
0.700041,4719
0.700463,4718
0.700887,4717
0.701477,4716
0.701902,4715
0.702324,4714
0.702747,4713
0.70317,4712
0.70359,4711
0.70401,4710
0.704429,4709
0.704849,4708
0.705383,4707
0.705813,4706
0.706426,4705
0.706858,4704
0.707282,4703
0.707703,4702
0.708129,4701
0.849534,4700
0.853544,4699
0.853993,4698
0.855078,4697
0.85552,4696
0.855954,4695
0.856376,4694
0.856798,4693
0.85722,4692
0.857641,4691
0.858063,4690
0.858482,4689
0.858908,4688
0.859327,4687
0.859754,4686
0.860175,4685
0.860594,4684
0.861022,4683
0.861441,4682
0.861861,4681
0.862279,4680
0.862699,4679
0.863119,4678
0.863538,4677
0.919919,4676
0.920381,4675
0.920811,4674
0.921231,4673
0.92165,4672
0.922068,4671
0.92249,4670
0.92291,4669
0.923329,4668
0.923745,4667
0.924163,4666
0.92458,4665
0.925,4664
0.925418,4663
0.925834,4662
0.926252,4661
0.926669,4660
0.927085,4659
0.927506,4658
0.927925,4657
0.928347,4656
0.928765,4655
0.929182,4654
0.979667,4653
0.980131,4652
0.980558,4651
0.981001,4650
0.981422,4649
0.981841,4648
0.982261,4647
0.982684,4646
0.983141,4645
0.983615,4644
0.984036,4643
0.984454,4642
0.984872,4641
0.985298,4640
0.985717,4639
0.986136,4638
0.986556,4637
0.986975,4636
0.987391,4635
0.98781,4634
0.988228,4633
0.988645,4632
0.989063,4631
0.98948,4630
1.09023,4629
1.09067,4628
1.09109,4627
1.09153,4626
1.09197,4625
1.09239,4624
1.09281,4623
1.09322,4622
1.09364,4621
1.09406,4620
1.09448,4619
1.09489,4618
1.09531,4617
1.09573,4616
1.09615,4615
1.09657,4614
1.09698,4613
1.0974,4612
1.09781,4611
1.09823,4610
1.09865,4609
1.09906,4608
1.09947,4607
1.10995,4606
1.1104,4605
1.11083,4604
1.11203,4603
1.11317,4602
1.1136,4601
1.11402,4600
1.11444,4599
1.11485,4598
1.11527,4597
1.11568,4596
1.1161,4595
1.11651,4594
1.11693,4593
1.11734,4592
1.11775,4591
1.11817,4590
1.11858,4589
1.119,4588
1.11941,4587
1.11983,4586
1.12025,4585
1.12066,4584
1.12107,4583
1.2533,4582
1.25386,4581
1.2543,4580
1.25613,4579
1.25679,4578
1.25735,4577
1.25892,4576
1.25935,4575
1.25977,4574
1.26029,4573
1.26072,4572
1.2612,4571
1.26162,4570
1.26204,4569
1.26246,4568
1.26288,4567
1.26329,4566
1.26371,4565
1.26413,4564
1.26455,4563
1.26497,4562
1.34064,4561
1.34112,4560
1.34154,4559
1.34196,4558
1.34238,4557
1.34279,4556
1.34321,4555
1.34368,4554
1.3441,4553
1.34452,4552
1.34494,4551
1.34536,4550
1.34577,4549
1.34619,4548
1.3466,4547
1.34702,4546
1.34744,4545
1.34945,4544
1.3499,4543
1.35201,4542
1.35244,4541
1.35286,4540
1.35327,4539
1.35369,4538
1.4097,4537
1.41013,4536
1.41057,4535
1.41152,4534
1.41194,4533
1.41243,4532
1.41286,4531
1.41328,4530
1.41375,4529
1.41417,4528
1.41459,4527
1.415,4526
1.41542,4525
1.41584,4524
1.41625,4523
1.41666,4522
1.41708,4521
1.41749,4520
1.4179,4519
1.41832,4518
1.41874,4517
1.41915,4516
1.41956,4515
1.41998,4514
1.4569,4513
1.45733,4512
1.45778,4511
1.45821,4510
1.45863,4509
1.45905,4508
1.45947,4507
1.45989,4506
1.46031,4505
1.46074,4504
1.46172,4503
1.46214,4502
1.46255,4501
1.46296,4500
1.46338,4499
1.46379,4498
1.4642,4497
1.46461,4496
1.46502,4495
1.46543,4494
1.46584,4493
1.46625,4492
1.46667,4491
1.46708,4490
1.53076,4489
1.53119,4488
1.53811,4487
1.53855,4486
1.53897,4485
1.53938,4484
1.53979,4483
1.54021,4482
1.54068,4481
1.54111,4480
1.54152,4479
1.54194,4478
1.54235,4477
1.54276,4476
1.54317,4475
1.54358,4474
1.54399,4473
1.54517,4472
1.5456,4471
1.54601,4470
1.54643,4469
1.54684,4468
1.54725,4467
1.61055,4466
1.61102,4465
1.61144,4464
1.61186,4463
1.61227,4462
1.61269,4461
1.6131,4460
1.61432,4459
1.61473,4458
1.61514,4457
1.61555,4456
1.61681,4455
1.61722,4454
1.61764,4453
1.61805,4452
1.61846,4451
1.61887,4450
1.61933,4449
1.61974,4448
1.62015,4447
1.68075,4446
1.6812,4445
1.68162,4444
1.68204,4443
1.68245,4442
1.68287,4441
1.68328,4440
1.68369,4439
1.68411,4438
1.69724,4437
1.69768,4436
1.6981,4435
1.69851,4434
1.69892,4433
1.69934,4432
1.69975,4431
1.70016,4430
1.70057,4429
1.70099,4428
1.7014,4427
1.70181,4426
1.70222,4425
1.70268,4424
1.7031,4423
1.74963,4422
1.75013,4421
1.75055,4420
1.75115,4419
1.75157,4418
1.753,4417
1.75342,4416
1.75383,4415
1.75424,4414
1.75472,4413
1.75514,4412
1.75555,4411
1.75596,4410
1.75637,4409
1.75678,4408
1.75719,4407
1.75759,4406
1.758,4405
1.75841,4404
1.75882,4403
1.75923,4402
1.75964,4401
1.76005,4400
1.76046,4399
1.8134,4398
1.81422,4397
1.81508,4396
1.8155,4395
1.81592,4394
1.81633,4393
1.82789,4392
1.82881,4391
1.82946,4390
1.83106,4389
1.83162,4388
1.83531,4387
1.83574,4386
1.83616,4385
1.83658,4384
1.83699,4383
1.83765,4382
1.83809,4381
1.83861,4380
1.83903,4379
1.84333,4378
1.84454,4377
1.84515,4376
1.84634,4375
1.84676,4374
1.84717,4373
1.84772,4372
1.84814,4371
1.84855,4370
1.84896,4369
1.84937,4368
1.84978,4367
1.85019,4366
1.85061,4365
1.85129,4364
1.85171,4363
1.85212,4362
1.85256,4361
1.85305,4360
1.85348,4359
1.85423,4358
1.85468,4357
1.85512,4356
1.85556,4355
1.85601,4354
1.85642,4353
1.85684,4352
1.85725,4351
1.85771,4350
1.85835,4349
1.8589,4348
1.85972,4347
1.86016,4346
1.86058,4345
1.86154,4344
1.86203,4343
1.86245,4342
1.86295,4341
1.86351,4340
1.86404,4339
1.86446,4338
1.86487,4337
1.86529,4336
1.8657,4335
1.86615,4334
1.86666,4333
1.86713,4332
1.86775,4331
1.86844,4330
1.86912,4329
1.86955,4328
1.86997,4327
1.87038,4326
1.87079,4325
1.8712,4324
1.87161,4323
1.87224,4322
1.8727,4321
1.87349,4320
1.87411,4319
1.87467,4318
1.87509,4317
1.8755,4316
1.87591,4315
1.87632,4314
1.87673,4313
1.87715,4312
1.87775,4311
1.87837,4310
1.87894,4309
1.87936,4308
1.87976,4307
1.88019,4306
1.8806,4305
1.88103,4304
1.88144,4303
1.88185,4302
1.88227,4301
1.88267,4300
1.88308,4299
1.88357,4298
1.88588,4297
1.88633,4296
1.88681,4295
1.88724,4294
1.88767,4293
1.88811,4292
1.88855,4291
1.88901,4290
1.88943,4289
2.13015,4288
2.1306,4287
2.13101,4286
2.13142,4285
2.13183,4284
2.13223,4283
2.13264,4282
2.13304,4281
2.13345,4280
2.13385,4279
2.13426,4278
2.13466,4277
2.13513,4276
2.13554,4275
2.13595,4274
2.13636,4273
2.13676,4272
2.13722,4271
2.13842,4270
2.13883,4269
2.13923,4268
2.13964,4267
2.18877,4266
2.18922,4265
2.18964,4264
2.19359,4263
2.194,4262
2.19712,4261
2.19757,4260
2.19852,4259
2.19895,4258
2.19935,4257
2.19976,4256
2.20017,4255
2.20057,4254
2.20098,4253
2.20218,4252
2.20258,4251
2.20299,4250
2.20339,4249
2.20379,4248
2.20419,4247
2.2046,4246
2.205,4245
2.2054,4244
2.28242,4243
2.28284,4242
2.28324,4241
2.28365,4240
2.28405,4239
2.28446,4238
2.28486,4237
2.28526,4236
2.28567,4235
2.28607,4234
2.28647,4233
2.28688,4232
2.28728,4231
2.28768,4230
2.28808,4229
2.28849,4228
2.28889,4227
2.28929,4226
2.28969,4225
2.29009,4224
2.29049,4223
2.29089,4222
2.29129,4221
2.29169,4220
2.3696,4219
2.37005,4218
2.37228,4217
2.37271,4216
2.37312,4215
2.37352,4214
2.37392,4213
2.37444,4212
2.37485,4211
2.37529,4210
2.3757,4209
2.37669,4208
2.37711,4207
2.37751,4206
2.37958,4205
2.38,4204
2.38041,4203
2.38082,4202
2.38122,4201
2.38163,4200
2.38203,4199
2.38243,4198
2.38283,4197
2.38324,4196
2.44708,4195
2.44752,4194
2.44793,4193
2.44833,4192
2.44874,4191
2.44914,4190
2.44954,4189
2.44995,4188
2.45035,4187
2.45075,4186
2.45115,4185
2.45155,4184
2.45195,4183
2.45235,4182
2.45275,4181
2.45315,4180
2.45355,4179
2.45395,4178
2.45435,4177
2.45475,4176
2.45515,4175
2.45554,4174
2.45597,4173
2.45637,4172
2.45676,4171
2.56142,4170
2.56186,4169
2.56226,4168
2.56293,4167
2.56346,4166
2.56878,4165
2.5701,4164
2.57053,4163
2.57095,4162
2.57195,4161
2.57255,4160
2.57433,4159
2.57474,4158
2.57515,4157
2.57556,4156
2.57596,4155
2.57637,4154
2.57677,4153
2.57734,4152
2.57783,4151
2.57927,4150
2.57974,4149
2.58206,4148
2.67353,4147
2.67464,4146
2.67616,4145
2.6766,4144
2.67702,4143
2.67744,4142
2.67786,4141
2.67827,4140
2.67868,4139
2.67909,4138
2.67949,4137
2.6799,4136
2.68031,4135
2.68071,4134
2.68111,4133
2.68152,4132
2.68192,4131
2.68233,4130
2.68273,4129
2.68313,4128
2.68355,4127
2.68397,4126
2.68438,4125
2.68478,4124
2.73022,4123
2.73064,4122
2.73105,4121
2.73145,4120
2.73185,4119
2.73305,4118
2.73345,4117
2.73385,4116
2.73425,4115
2.73465,4114
2.73505,4113
2.73545,4112
2.73585,4111
2.73626,4110
2.73666,4109
2.73706,4108
2.73746,4107
2.73786,4106
2.73826,4105
2.73866,4104
2.73906,4103
2.73946,4102
2.73986,4101
2.81411,4100
2.81454,4099
2.81495,4098
2.81536,4097
2.81577,4096
2.81617,4095
2.81658,4094
2.817,4093
2.81741,4092
2.81781,4091
2.81822,4090
2.81863,4089
2.81905,4088
2.81945,4087
2.81985,4086
2.82024,4085
2.82064,4084
2.82104,4083
2.82143,4082
2.82183,4081
2.82223,4080
2.82262,4079
2.82302,4078
2.82341,4077
2.88327,4076
2.88387,4075
2.88429,4074
2.8847,4073
2.8851,4072
2.88554,4071
2.88595,4070
2.88635,4069
2.88675,4068
2.88714,4067
2.88755,4066
2.88799,4065
2.88839,4064
2.88879,4063
2.88919,4062
2.88959,4061
2.88998,4060
2.89038,4059
2.89078,4058
2.89118,4057
2.89157,4056
2.89197,4055
2.89237,4054
2.89276,4053
2.89316,4052
3.02039,4051
3.02083,4050
3.02123,4049
3.02163,4048
3.02203,4047
3.02244,4046
3.02297,4045
3.02338,4044
3.02379,4043
3.02772,4042
3.02842,4041
3.03092,4040
3.03133,4039
3.03173,4038
3.03213,4037
3.03253,4036
3.03293,4035
3.03332,4034
3.03375,4033
3.03416,4032
3.03462,4031
3.03502,4030
3.03544,4029
3.03584,4028
3.03625,4027
3.03665,4026
3.03704,4025
3.03744,4024
3.03784,4023
3.03824,4022
3.03866,4021
3.03907,4020
3.03948,4019
3.03988,4018
3.04029,4017
3.04068,4016
3.04108,4015
3.04148,4014
3.04187,4013
3.04254,4012
3.04299,4011
3.04339,4010
3.04379,4009
3.04419,4008
3.04462,4007
3.04503,4006
3.04543,4005
3.14501,4004
3.14545,4003
3.14908,4002
3.14949,4001
3.14989,4000
3.15029,3999
3.15069,3998
3.15109,3997
3.15149,3996
3.15189,3995
3.15229,3994
3.15269,3993
3.15308,3992
3.15348,3991
3.15388,3990
3.15427,3989
3.15467,3988
3.15507,3987
3.15547,3986
3.15586,3985
3.15626,3984
3.15665,3983
3.15705,3982
3.15744,3981
3.15784,3980
3.27802,3979
3.27848,3978
3.28076,3977
3.2812,3976
3.28161,3975
3.28201,3974
3.28241,3973
3.2828,3972
3.28322,3971
3.2838,3970
3.28465,3969
3.28546,3968
3.28605,3967
3.28646,3966
3.28686,3965
3.28726,3964
3.28766,3963
3.28824,3962
3.28871,3961
3.28939,3960
3.28991,3959
3.29032,3958
3.29071,3957
3.37542,3956
3.37618,3955
3.37666,3954
3.37708,3953
3.37748,3952
3.37788,3951
3.37828,3950
3.37867,3949
3.37907,3948
3.38024,3947
3.38069,3946
3.3811,3945
3.38151,3944
3.38191,3943
3.3823,3942
3.3827,3941
3.3831,3940
3.38349,3939
3.38388,3938
3.38428,3937
3.38468,3936
3.38507,3935
3.38546,3934
3.43931,3933
3.43976,3932
3.44016,3931
3.44139,3930
3.44205,3929
3.4425,3928
3.4432,3927
3.44364,3926
3.44455,3925
3.44505,3924
3.44769,3923
3.44812,3922
3.45784,3921
3.45828,3920
3.4587,3919
3.45911,3918
3.45953,3917
3.45994,3916
3.46035,3915
3.46083,3914
3.4614,3913
3.46182,3912
3.46223,3911
3.46263,3910
3.5501,3909
3.55057,3908
3.55107,3907
3.55222,3906
3.55389,3905
3.55778,3904
3.5582,3903
3.5586,3902
3.559,3901
3.56107,3900
3.56148,3899
3.56233,3898
3.61291,3897
3.61334,3896
3.61374,3895
3.61414,3894
3.61587,3893
3.61631,3892
3.61672,3891
3.61712,3890
3.61751,3889
3.6179,3888
3.64498,3887
3.64539,3886
3.64579,3885
3.64619,3884
3.64658,3883
3.64697,3882
3.64737,3881
3.64776,3880
3.64816,3879
3.64855,3878
3.64894,3877
3.64933,3876
3.64972,3875
3.65011,3874
3.65127,3873
3.65166,3872
3.65205,3871
3.65244,3870
3.65283,3869
3.65322,3868
3.65361,3867
3.65418,3866
3.6547,3865
3.69026,3864
3.69069,3863
3.69348,3862
3.6939,3861
3.6943,3860
3.69496,3859
3.69537,3858
3.69577,3857
3.69616,3856
3.69738,3855
3.69778,3854
3.69817,3853
3.69856,3852
3.69895,3851
3.69934,3850
3.69974,3849
3.70013,3848
3.70052,3847
3.70091,3846
3.70207,3845
3.70246,3844
3.7922,3843
3.79263,3842
3.79308,3841
3.79348,3840
3.79388,3839
3.79428,3838
3.79467,3837
3.79506,3836
3.79546,3835
3.79585,3834
3.79625,3833
3.79664,3832
3.79703,3831
3.79742,3830
3.79781,3829
3.79825,3828
3.79864,3827
3.79904,3826
3.79943,3825
3.79982,3824
3.80021,3823
3.8006,3822
3.80098,3821
3.80137,3820
3.80176,3819
3.86159,3818
3.86281,3817
3.8632,3816
3.86374,3815
3.86415,3814
3.86454,3813
3.86494,3812
3.86534,3811
3.86573,3810
3.86612,3809
3.86651,3808
3.8669,3807
3.86729,3806
3.86768,3805
3.86807,3804
3.86846,3803
3.86885,3802
3.86924,3801
3.86966,3800
3.87023,3799
3.87078,3798
3.8713,3797
3.87171,3796
3.97238,3795
3.97292,3794
3.97336,3793
3.9743,3792
3.97474,3791
3.97516,3790
3.97568,3789
3.97608,3788
3.97647,3787
3.97686,3786
3.97725,3785
3.97769,3784
3.9781,3783
3.97854,3782
3.97943,3781
3.97986,3780
3.98295,3779
3.98342,3778
3.98386,3777
3.98529,3776
4.00806,3775
4.00847,3774
4.00887,3773
4.00948,3772
4.00988,3771
4.01499,3770
4.01541,3769
4.0158,3768
4.0162,3767
4.01659,3766
4.01698,3765
4.01738,3764
4.01777,3763
4.01816,3762
4.01855,3761
4.01895,3760
4.01942,3759
4.01983,3758
4.02023,3757
4.02063,3756
4.02102,3755
4.02141,3754
4.0218,3753
4.02219,3752
4.02258,3751
4.10435,3750
4.10477,3749
4.10594,3748
4.10633,3747
4.10672,3746
4.10711,3745
4.1075,3744
4.1079,3743
4.10829,3742
4.10868,3741
4.10907,3740
4.10947,3739
4.11003,3738
4.11044,3737
4.11084,3736
4.11122,3735
4.11161,3734
4.112,3733
4.11239,3732
4.11278,3731
4.11325,3730
4.11364,3729
4.11403,3728
4.17797,3727
4.17841,3726
4.1788,3725
4.18073,3724
4.18113,3723
4.18152,3722
4.18191,3721
4.1823,3720
4.18269,3719
4.18308,3718
4.18347,3717
4.18385,3716
4.18424,3715
4.18463,3714
4.18501,3713
4.1854,3712
4.18578,3711
4.18617,3710
4.18656,3709
4.18694,3708
4.18733,3707
4.18771,3706
4.1881,3705
4.18849,3704
4.23931,3703
4.24012,3702
4.2406,3701
4.24099,3700
4.2414,3699
4.24185,3698
4.24441,3697
4.24482,3696
4.24521,3695
4.24561,3694
4.246,3693
4.24639,3692
4.24678,3691
4.24716,3690
4.24755,3689
4.24794,3688
4.24833,3687
4.24873,3686
4.24911,3685
4.2495,3684
4.24988,3683
4.25103,3682
4.25142,3681
4.31525,3680
4.31567,3679
4.31606,3678
4.31645,3677
4.31684,3676
4.31723,3675
4.31762,3674
4.318,3673
4.31839,3672
4.31878,3671
4.31916,3670
4.31955,3669
4.31994,3668
4.32033,3667
4.32071,3666
4.3211,3665
4.32148,3664
4.32187,3663
4.32225,3662
4.32264,3661
4.32302,3660
4.3234,3659
4.32379,3658
4.32417,3657
4.32456,3656
4.32494,3655
4.41842,3654
4.41886,3653
4.41928,3652
4.41968,3651
4.42009,3650
4.42049,3649
4.42167,3648
4.42206,3647
4.42246,3646
4.42285,3645
4.42327,3644
4.42366,3643
4.42407,3642
4.42448,3641
4.4249,3640
4.4253,3639
4.4257,3638
4.42609,3637
4.42648,3636
4.42696,3635
4.42736,3634
4.42776,3633
4.50291,3632
4.50332,3631
4.50371,3630
4.5041,3629
4.50448,3628
4.50487,3627
4.50525,3626
4.50564,3625
4.50603,3624
4.50641,3623
4.5068,3622
4.50793,3621
4.50831,3620
4.5087,3619
4.50908,3618
4.50946,3617
4.50984,3616
4.51022,3615
4.51061,3614
4.51174,3613
4.56821,3612
4.56878,3611
4.56937,3610
4.56977,3609
4.57017,3608
4.57055,3607
4.57094,3606
4.57139,3605
4.57184,3604
4.57286,3603
4.57369,3602
4.57428,3601
4.57468,3600
4.57506,3599
4.57545,3598
4.57584,3597
4.57645,3596
4.57693,3595
4.57754,3594
4.57815,3593
4.57855,3592
4.57898,3591
4.57938,3590
4.67869,3589
4.67913,3588
4.67953,3587
4.67992,3586
4.68033,3585
4.68072,3584
4.6811,3583
4.68164,3582
4.68205,3581
4.68243,3580
4.68282,3579
4.68321,3578
4.68359,3577
4.68397,3576
4.68436,3575
4.68474,3574
4.68512,3573
4.68551,3572
4.68589,3571
4.68627,3570
4.68666,3569
4.68704,3568
4.68742,3567
4.6878,3566
4.68818,3565
4.72203,3564
4.72319,3563
4.72358,3562
4.72397,3561
4.72435,3560
4.72474,3559
4.72512,3558
4.7255,3557
4.72589,3556
4.72627,3555
4.72666,3554
4.72704,3553
4.72743,3552
4.72781,3551
4.72819,3550
4.72856,3549
4.72894,3548
4.72933,3547
4.72971,3546
4.73009,3545
4.73047,3544
4.73085,3543
4.73123,3542
4.73161,3541
4.79517,3540
4.79561,3539
4.79778,3538
4.79822,3537
4.79936,3536
4.79975,3535
4.80013,3534
4.80051,3533
4.8009,3532
4.80128,3531
4.80166,3530
4.80204,3529
4.80242,3528
4.80281,3527
4.80319,3526
4.80357,3525
4.80395,3524
4.80433,3523
4.80473,3522
4.80513,3521
4.80552,3520
4.8059,3519
4.80629,3518
4.80667,3517
4.8524,3516
4.85334,3515
4.85374,3514
4.85413,3513
4.85452,3512
4.8549,3511
4.85528,3510
4.85567,3509
4.85605,3508
4.85643,3507
4.85681,3506
4.85719,3505
4.85758,3504
4.85796,3503
4.85834,3502
4.85872,3501
4.8591,3500
4.85948,3499
4.85986,3498
4.86024,3497
4.86062,3496
4.861,3495
4.86138,3494
4.86176,3493
4.86214,3492
4.92673,3491
4.92715,3490
4.92754,3489
4.92792,3488
4.92831,3487
4.92869,3486
4.92908,3485
4.92947,3484
4.92985,3483
4.93023,3482
4.93061,3481
4.93228,3480
4.93269,3479
4.93307,3478
4.93346,3477
4.93384,3476
4.93423,3475
4.93461,3474
4.93499,3473
4.93611,3472
4.93649,3471
4.93687,3470
4.93725,3469
4.93763,3468
4.98812,3467
4.98855,3466
4.99534,3465
4.99657,3464
4.99697,3463
4.99736,3462
4.99776,3461
4.99815,3460
4.99853,3459
4.99892,3458
4.9993,3457
4.99968,3456
5.00007,3455
5.00045,3454
5.00084,3453
5.00196,3452
5.00235,3451
5.00273,3450
5.00311,3449
5.00349,3448
5.00388,3447
5.00425,3446
5.00463,3445
5.00502,3444
5.01563,3443
5.01603,3442
5.01643,3441
5.01682,3440
5.0172,3439
5.01758,3438
5.01796,3437
5.01834,3436
5.01872,3435
5.0191,3434
5.01949,3433
5.01987,3432
5.02024,3431
5.02062,3430
5.021,3429
5.02138,3428
5.02176,3427
5.02214,3426
5.02252,3425
5.02294,3424
5.02332,3423
5.0237,3422
5.02407,3421
5.02445,3420
5.02483,3419
5.0252,3418
5.13217,3417
5.13259,3416
5.13297,3415
5.13335,3414
5.13374,3413
5.13412,3412
5.13451,3411
5.13489,3410
5.14214,3409
5.14336,3408
5.14377,3407
5.14417,3406
5.14457,3405
5.14496,3404
5.14534,3403
5.14573,3402
5.14612,3401
5.14652,3400
5.14691,3399
5.14729,3398
5.21161,3397
5.21201,3396
5.21239,3395
5.21278,3394
5.21316,3393
5.21428,3392
5.21466,3391
5.21504,3390
5.21542,3389
5.2158,3388
5.21618,3387
5.21655,3386
5.21693,3385
5.21731,3384
5.21769,3383
5.21808,3382
5.21846,3381
5.21883,3380
5.21921,3379
5.22031,3378
5.30107,3377
5.30146,3376
5.30184,3375
5.30222,3374
5.3026,3373
5.30298,3372
5.30336,3371
5.30374,3370
5.30411,3369
5.30449,3368
5.30487,3367
5.30524,3366
5.30562,3365
5.306,3364
5.30638,3363
5.30675,3362
5.30713,3361
5.3075,3360
5.30788,3359
5.30825,3358
5.30862,3357
5.309,3356
5.30937,3355
5.30975,3354
5.35046,3353
5.35088,3352
5.35127,3351
5.35165,3350
5.35203,3349
5.35241,3348
5.35279,3347
5.35317,3346
5.35354,3345
5.35398,3344
5.35513,3343
5.35551,3342
5.35589,3341
5.35627,3340
5.35665,3339
5.35703,3338
5.35741,3337
5.35779,3336
5.35816,3335
5.35855,3334
5.35892,3333
5.3593,3332
5.35967,3331
5.36005,3330
5.61927,3329
5.61979,3328
5.62041,3327
5.62093,3326
5.62208,3325
5.62246,3324
5.62284,3323
5.62324,3322
5.62395,3321
5.62434,3320
5.62481,3319
5.6252,3318
5.62558,3317
5.62595,3316
5.62633,3315
5.62671,3314
5.62709,3313
5.62747,3312
5.62784,3311
5.62822,3310
5.6286,3309
5.62897,3308
5.62934,3307
5.62972,3306
5.72672,3305
5.72715,3304
5.72762,3303
5.72808,3302
5.7285,3301
5.72888,3300
5.72926,3299
5.73033,3298
5.73093,3297
5.73174,3296
5.73216,3295
5.73254,3294
5.73293,3293
5.73345,3292
5.7339,3291
5.73428,3290
5.73469,3289
5.73598,3288
5.73645,3287
5.73684,3286
5.73781,3285
5.73825,3284
5.76418,3283
5.76479,3282
5.7655,3281
5.7659,3280
5.76628,3279
5.7667,3278
5.76709,3277
5.76747,3276
5.76791,3275
5.76949,3274
5.77167,3273
5.77225,3272
5.77488,3271
5.77874,3270
5.77916,3269
5.77985,3268
5.78166,3267
5.78205,3266
5.78243,3265
5.88743,3264
5.88787,3263
5.88832,3262
5.88944,3261
5.88982,3260
5.89019,3259
5.89057,3258
5.89094,3257
5.89132,3256
5.89169,3255
5.89207,3254
5.89244,3253
5.89282,3252
5.89319,3251
5.89357,3250
5.89394,3249
5.89432,3248
5.89469,3247
5.89506,3246
5.89544,3245
5.89606,3244
5.89645,3243
5.89683,3242
5.89722,3241
5.97941,3240
5.97983,3239
5.98021,3238
5.98061,3237
5.98099,3236
5.98136,3235
5.98264,3234
5.98304,3233
5.98342,3232
5.98384,3231
5.98498,3230
5.98536,3229
5.98574,3228
5.9869,3227
5.98728,3226
5.98766,3225
5.98804,3224
5.98841,3223
5.98879,3222
5.98917,3221
6.09358,3220
6.09625,3219
6.09662,3218
6.09806,3217
6.09845,3216
6.09883,3215
6.09921,3214
6.09959,3213
6.09997,3212
6.10035,3211
6.10079,3210
6.10118,3209
6.1023,3208
6.10267,3207
6.10305,3206
6.10343,3205
6.15676,3204
6.15718,3203
6.15757,3202
6.15803,3201
6.15914,3200
6.15957,3199
6.15994,3198
6.16105,3197
6.16142,3196
6.1618,3195
6.16217,3194
6.16254,3193
6.16291,3192
6.16473,3191
6.1651,3190
6.24608,3189
6.24647,3188
6.24686,3187
6.24725,3186
6.24763,3185
6.24801,3184
6.24839,3183
6.24876,3182
6.24914,3181
6.24967,3180
6.25006,3179
6.25045,3178
6.25082,3177
6.2512,3176
6.25158,3175
6.25196,3174
6.25233,3173
6.2527,3172
6.25307,3171
6.25349,3170
6.25387,3169
6.25425,3168
6.25464,3167
6.25501,3166
6.25538,3165
6.25576,3164
6.34163,3163
6.34229,3162
6.34268,3161
6.34332,3160
6.34393,3159
6.34432,3158
6.3473,3157
6.34768,3156
6.34951,3155
6.3511,3154
6.3515,3153
6.35188,3152
6.35227,3151
6.35264,3150
6.35301,3149
6.35339,3148
6.50598,3147
6.50639,3146
6.50677,3145
6.50819,3144
6.50858,3143
6.50896,3142
6.50933,3141
6.50971,3140
6.51101,3139
6.51141,3138
6.51179,3137
6.52067,3136
6.52105,3135
6.52154,3134
6.52217,3133
6.52287,3132
6.52635,3131
6.52674,3130
6.52825,3129
6.52863,3128
6.52903,3127
6.57395,3126
6.57436,3125
6.57475,3124
6.57587,3123
6.57624,3122
6.57661,3121
6.57772,3120
6.57809,3119
6.57846,3118
6.57884,3117
6.5792,3116
6.5803,3115
6.58068,3114
6.58105,3113
6.58285,3112
6.58322,3111
6.58359,3110
6.67106,3109
6.67145,3108
6.67182,3107
6.6722,3106
6.67258,3105
6.67295,3104
6.67332,3103
6.6737,3102
6.67407,3101
6.67444,3100
6.67481,3099
6.67519,3098
6.67556,3097
6.67593,3096
6.6763,3095
6.67666,3094
6.67703,3093
6.6774,3092
6.67777,3091
6.68286,3090
6.76134,3089
6.7625,3088
6.76287,3087
6.76325,3086
6.76362,3085
6.76399,3084
6.76436,3083
6.76473,3082
6.76571,3081
6.7661,3080
6.76648,3079
6.76686,3078
6.76796,3077
6.76833,3076
6.76875,3075
6.76915,3074
6.76954,3073
6.77064,3072
6.77102,3071
6.77139,3070
6.77177,3069
6.85095,3068
6.85134,3067
6.85171,3066
6.85209,3065
6.85248,3064
6.85285,3063
6.85437,3062
6.85476,3061
6.85514,3060
6.85557,3059
6.85596,3058
6.85633,3057
6.85671,3056
6.85708,3055
6.85746,3054
6.85783,3053
6.8582,3052
6.85858,3051
6.85895,3050
6.85931,3049
6.85968,3048
6.92045,3047
6.92084,3046
6.92121,3045
6.92158,3044
6.92345,3043
6.92468,3042
6.92506,3041
6.92686,3040
6.92723,3039
6.92759,3038
6.92799,3037
6.92838,3036
6.92877,3035
6.92914,3034
7.00116,3033
7.00155,3032
7.00259,3031
7.00416,3030
7.00455,3029
7.00496,3028
7.00606,3027
7.00643,3026
7.0068,3025
7.00789,3024
7.00826,3023
7.00863,3022
7.009,3021
7.00937,3020
7.00974,3019
7.01016,3018
7.01055,3017
7.01092,3016
7.0113,3015
7.01167,3014
7.13043,3013
7.13173,3012
7.13213,3011
7.1325,3010
7.13288,3009
7.13358,3008
7.13426,3007
7.13489,3006
7.13534,3005
7.136,3004
7.13713,3003
7.13753,3002
7.13813,3001
7.13895,3000
7.13995,2999
7.14322,2998
7.14571,2997
7.1461,2996
7.14649,2995
7.14686,2994
7.14723,2993
7.1476,2992
7.14798,2991
7.14835,2990
7.14875,2989
7.1494,2988
7.14982,2987
7.15037,2986
7.15074,2985
7.15115,2984
7.15213,2983
7.15286,2982
7.15325,2981
7.15363,2980
7.15412,2979
7.15451,2978
7.15488,2977
7.15526,2976
7.15563,2975
7.156,2974
7.28784,2973
7.29053,2972
7.2909,2971
7.29129,2970
7.29165,2969
7.29204,2968
7.29243,2967
7.29352,2966
7.29389,2965
7.29426,2964
7.29463,2963
7.295,2962
7.29537,2961
7.29574,2960
7.29611,2959
7.29648,2958
7.29758,2957
7.29795,2956
7.29832,2955
7.39963,2954
7.40001,2953
7.40038,2952
7.40075,2951
7.40112,2950
7.40149,2949
7.40186,2948
7.40222,2947
7.40332,2946
7.40369,2945
7.40764,2944
7.47363,2943
7.47401,2942
7.47439,2941
7.47475,2940
7.47512,2939
7.47621,2938
7.47657,2937
7.47695,2936
7.47733,2935
7.47769,2934
7.47808,2933
7.47846,2932
7.47884,2931
7.4792,2930
7.47973,2929
7.48012,2928
7.4805,2927
7.48087,2926
7.48195,2925
7.59577,2924
7.59615,2923
7.59653,2922
7.5969,2921
7.59729,2920
7.59765,2919
7.59802,2918
7.5984,2917
7.59877,2916
7.59914,2915
7.59951,2914
7.59988,2913
7.60025,2912
7.60061,2911
7.60355,2910
7.60398,2909
7.6044,2908
7.60479,2907
7.60517,2906
7.60745,2905
7.60877,2904
7.60921,2903
7.60959,2902
7.6761,2901
7.6773,2900
7.67842,2899
7.6795,2898
7.68058,2897
7.68095,2896
7.68131,2895
7.68168,2894
7.68204,2893
7.68241,2892
7.68278,2891
7.68387,2890
7.68424,2889
7.74714,2888
7.74912,2887
7.7495,2886
7.74987,2885
7.75024,2884
7.75061,2883
7.75097,2882
7.75134,2881
7.75241,2880
7.7535,2879
7.75386,2878
7.75423,2877
7.86412,2876
7.86525,2875
7.86885,2874
7.86991,2873
7.87586,2872
7.87642,2871
7.88431,2870
7.88595,2869
7.88813,2868
7.88933,2867
7.89122,2866
7.8917,2865
7.89208,2864
7.8933,2863
7.89381,2862
7.89515,2861
7.89628,2860
7.97965,2859
7.98011,2858
7.98122,2857
7.9816,2856
7.98413,2855
7.9845,2854
7.98794,2853
7.98901,2852
7.98939,2851
8.04738,2850
8.04886,2849
8.0507,2848
8.05107,2847
8.05146,2846
8.05183,2845
8.05291,2844
8.05328,2843
8.05364,2842
8.054,2841
8.05583,2840
8.05619,2839
8.05655,2838
8.05692,2837
8.05728,2836
8.12346,2835
8.12388,2834
8.12715,2833
8.12826,2832
8.12863,2831
8.129,2830
8.13007,2829
8.13044,2828
8.13151,2827
8.13188,2826
8.19451,2825
8.19717,2824
8.19755,2823
8.19791,2822
8.19901,2821
8.19938,2820
8.2655,2819
8.2673,2818
8.26767,2817
8.26804,2816
8.2684,2815
8.26877,2814
8.26914,2813
8.26951,2812
8.26987,2811
8.27023,2810
8.27059,2809
8.33171,2808
8.33208,2807
8.33245,2806
8.33282,2805
8.33392,2804
8.33429,2803
8.33466,2802
8.3386,2801
8.33899,2800
8.33935,2799
8.34113,2798
8.39986,2797
8.4017,2796
8.40208,2795
8.40315,2794
8.40423,2793
8.40459,2792
8.40495,2791
8.46849,2790
8.46886,2789
8.46922,2788
8.4696,2787
8.46997,2786
8.47034,2785
8.4707,2784
8.47106,2783
8.47146,2782
8.47184,2781
8.47297,2780
8.4741,2779
8.47447,2778
8.47484,2777
8.4752,2776
8.47557,2775
8.48091,2774
8.63679,2773
8.64167,2772
8.64305,2771
8.64346,2770
8.64424,2769
8.64481,2768
8.64656,2767
8.64767,2766
8.64883,2765
8.65035,2764
8.65072,2763
8.65108,2762
8.65524,2761
8.65562,2760
8.65745,2759
8.65783,2758
8.6582,2757
8.65944,2756
8.68138,2755
8.69028,2754
8.69219,2753
8.86854,2752
8.87083,2751
8.87122,2750
8.87231,2749
8.87268,2748
8.87305,2747
8.87344,2746
8.87381,2745
8.87417,2744
8.8747,2743
8.87715,2742
8.87777,2741
8.87823,2740
8.88028,2739
8.8815,2738
9.15524,2737
9.16787,2736
9.16828,2735
9.16865,2734
9.16915,2733
9.17008,2732
9.17047,2731
9.17285,2730
9.17324,2729
9.17363,2728
9.17725,2727
9.17837,2726
9.18024,2725
9.18326,2724
9.18367,2723
9.18549,2722
9.18589,2721
9.18625,2720
9.1881,2719
9.18856,2718
9.18896,2717
9.18933,2716
9.18969,2715
9.19005,2714
9.35821,2713
9.35859,2712
9.35968,2711
9.44909,2710
9.44949,2709
9.44989,2708
9.4503,2707
9.4507,2706
9.45107,2705
9.45145,2704
9.46168,2703
9.51865,2702
9.51904,2701
9.52084,2700
9.52194,2699
9.52302,2698
9.52694,2697
9.5273,2696
9.52766,2695
9.58231,2694
9.58269,2693
9.58444,2692
9.58482,2691
9.58522,2690
9.58561,2689
9.58662,2688
9.58781,2687
9.58842,2686
9.58884,2685
9.5932,2684
9.59364,2683
9.70347,2682
9.77129,2681
9.83206,2680
9.83243,2679
9.8328,2678
9.83695,2677
9.83742,2676
9.83945,2675
9.83988,2674
9.84026,2673
9.84067,2672
9.84467,2671
9.85062,2670
10.0027,2669
10.0072,2668
10.0076,2667
10.0577,2666
10.0581,2665
10.0593,2664
10.064,2663
10.2986,2662
10.299,2661
10.3001,2660
10.3033,2659
10.3037,2658
10.3048,2657
10.4676,2656
10.5113,2655
10.5117,2654
10.5245,2653
10.5265,2652
10.5271,2651
10.5275,2650
10.5279,2649
10.5313,2648
10.6449,2647
10.6503,2646
10.6507,2645
10.654,2644
10.7006,2643
10.7669,2642
10.7745,2641
10.7749,2640
10.776,2639
10.7764,2638
10.7767,2637
10.7771,2636
10.7774,2635
10.7778,2634
10.7796,2633
10.78,2632
10.9514,2631
11.2941,2630
11.2945,2629
11.3002,2628
11.3006,2627
11.3017,2626
11.7089,2625
11.7093,2624
11.8295,2623
11.8306,2622
11.8341,2621
11.8352,2620
11.8363,2619
11.8367,2618
11.8371,2617
11.9507,2616
11.9538,2615
11.9552,2614
12.0029,2613
12.0611,2612
12.0615,2611
12.0619,2610
12.0622,2609
12.064,2608
12.0672,2607
13.0735,2606
13.0739,2605
13.075,2604
13.0754,2603
13.0757,2602
13.0761,2601
13.0765,2600
13.0768,2599
13.0772,2598
13.0797,2597
13.0801,2596
13.1142,2595
13.1145,2594
13.5449,2593
13.5452,2592
13.5456,2591
13.546,2590
13.5463,2589
13.9502,2588
13.9506,2587
14.0072,2586
14.0076,2585
14.0079,2584
14.6349,2583
14.636,2582
15.4681,2581
15.4686,2580
15.4696,2579
15.539,2578
15.8606,2577
15.861,2576
15.8613,2575
15.8624,2574
15.8628,2573
15.9586,2572
15.9591,2571
15.9594,2570
15.9609,2569
16.0831,2568
16.0835,2567
16.0839,2566
16.0842,2565
16.0881,2564
16.0892,2563
16.0895,2562
16.0899,2561
16.1312,2560
17.4486,2559
17.449,2558
17.4508,2557
17.4519,2556
17.453,2555
17.4534,2554
17.4538,2553
17.4541,2552
17.4545,2551
18.2217,2550
18.2242,2549
18.2245,2548
18.2949,2547
18.2952,2546
18.2956,2545
18.296,2544
18.9935,2543
18.9939,2542
18.9943,2541
18.9947,2540
18.995,2539
19.0578,2538
19.0601,2537
19.0623,2536
20.3689,2535
20.3765,2534
20.3769,2533
20.6458,2532
20.6462,2531
20.8981,2530
20.8984,2529
20.9952,2528
20.9956,2527
20.9967,2526
20.9978,2525
20.9996,2524
21.6124,2523
21.6128,2522
21.6131,2521
21.6142,2520
21.6146,2519
21.615,2518
21.6153,2517
21.6157,2516
21.6167,2515
21.6171,2514
21.6175,2513
23.3728,2512
23.374,2511
23.3744,2510
23.3762,2509
23.3765,2508
23.3769,2507
23.3772,2506
23.3797,2505
23.3808,2504
23.3812,2503
23.3823,2502
23.4825,2501
23.4829,2500
23.5949,2499
27.2698,2498
27.2702,2497
27.2705,2496
27.2709,2495
27.3114,2494
27.3126,2493
27.947,2492
28.0021,2491
28.0025,2490
28.0029,2489
28.0033,2488
28.0036,2487
28.004,2486
28.0044,2485
28.6781,2484
28.6785,2483
28.8471,2482
28.8482,2481
31.6039,2480
31.6892,2479
31.6927,2478
31.6981,2477
31.9327,2476
31.933,2475
31.9352,2474
31.9356,2473
31.9387,2472
32.0023,2471
32.012,2470
32.0124,2469
32.0757,2468
32.0858,2467
32.2372,2466
32.8735,2465
32.8743,2464
33.3042,2463
33.3046,2462
33.6226,2461
33.623,2460
33.6284,2459
33.6288,2458
33.6292,2457
33.6323,2456
33.6344,2455
33.6347,2454
36.4164,2453
36.4168,2452
43.1072,2451
43.1076,2450
43.1086,2449
43.109,2448
43.1094,2447
43.172,2446
43.1724,2445
43.3024,2444
43.3057,2443
43.5537,2442
43.558,2441
43.6287,2440
43.6313,2439
47.2707,2438
47.271,2437
47.3599,2436
48.6942,2435
48.6946,2434
48.696,2433
48.6964,2432
48.6975,2431
48.7668,2430
48.7672,2429
48.8647,2428
50.7378,2427
51.2117,2426
51.2127,2425
51.2131,2424
51.2572,2423
51.2576,2422
51.258,2421
51.5259,2420
51.5263,2419
51.5266,2418
51.527,2417
51.6068,2416
51.8368,2415
53.4071,2414
53.4082,2413
53.4085,2412
53.4089,2411
53.6203,2410
55.6803,2409
55.6807,2408
55.6811,2407
55.8317,2406
55.8335,2405
55.8339,2404
55.8342,2403
55.8346,2402
55.835,2401
55.8353,2400
60.4288,2399
60.4292,2398
60.4995,2397
60.4999,2396
60.5017,2395
60.502,2394
73.2895,2393
73.3425,2392
73.4216,2391
73.5376,2390
73.9039,2389
73.9043,2388
73.9047,2387
73.905,2386
73.9054,2385
73.9078,2384
73.9082,2383
76.5905,2382
78.8676,2381
78.8694,2380
78.8698,2379
78.9762,2378
78.9774,2377
78.9777,2376
78.9781,2375
78.9785,2374
78.9788,2373
78.9792,2372
78.9802,2371
79.0856,2370
79.086,2369
79.0864,2368
79.0867,2367
82.9658,2366
83.0396,2365
83.0414,2364
83.0425,2363
83.1072,2362
83.2006,2361
83.201,2360
94.1166,2359
95.4231,2358
95.4713,2357
95.4717,2356
95.472,2355
95.4724,2354
95.4727,2353
95.4762,2352
95.4779,2351
95.6376,2350
95.7549,2349
95.7569,2348
95.7572,2347
95.7592,2346
95.7623,2345
95.7627,2344
95.8317,2343
117.366,2342
124.857,2341
124.858,2340
124.858,2339
124.859,2338
125.974,2337
125.975,2336
125.976,2335
125.976,2334
125.977,2333
257.037,2332
317.343,2331
317.367,2330
317.429,2329
532.702,2328
625.214,2327
1033.52,2326
1033.52,2325
1033.52,2324
1033.52,2323
1033.52,2322
1033.52,2321
1033.52,2320
1033.58,2319
1033.58,2318
1033.58,2317
1033.58,2316
1033.58,2315
1033.59,2314
1033.59,2313
1033.59,2312
1033.59,2311
1033.87,2310
