0.000478567,4940
0.00093969,4939
0.00137388,4938
0.00180477,4937
0.00223799,4936
0.00267561,4935
0.0031133,4934
0.0035457,4933
0.00398169,4932
0.00441517,4931
0.00484826,4930
0.00531105,4929
0.00577859,4928
0.00626455,4927
0.00677246,4926
0.0328328,4925
0.0340997,4924
0.0345482,4923
0.0349793,4922
0.0354137,4921
0.0358448,4920
0.0362755,4919
0.0367058,4918
0.0372089,4917
0.0376454,4916
0.0380752,4915
0.0385053,4914
0.0389364,4913
0.0393663,4912
0.0397981,4911
0.0402292,4910
0.0406567,4909
0.0410862,4908
0.0415162,4907
0.0419443,4906
0.0423758,4905
0.0428067,4904
0.0432358,4903
0.0961854,4902
0.0966234,4901
0.0970531,4900
0.0974826,4899
0.0979218,4898
0.0983537,4897
0.0987832,4896
0.0992331,4895
0.0996629,4894
0.100091,4893
0.100519,4892
0.100947,4891
0.101375,4890
0.101802,4889
0.102229,4888
0.102657,4887
0.103086,4886
0.103513,4885
0.103941,4884
0.104368,4883
0.104797,4882
0.105225,4881
0.105652,4880
0.174977,4879
0.175448,4878
0.175884,4877
0.176314,4876
0.176743,4875
0.177171,4874
0.177598,4873
0.178025,4872
0.178452,4871
0.17888,4870
0.179307,4869
0.179735,4868
0.180161,4867
0.180587,4866
0.181013,4865
0.181441,4864
0.181866,4863
0.182291,4862
0.182718,4861
0.183145,4860
0.183571,4859
0.183998,4858
0.184426,4857
0.252545,4856
0.253002,4855
0.253431,4854
0.253861,4853
0.25435,4852
0.254817,4851
0.255259,4850
0.255687,4849
0.256114,4848
0.256542,4847
0.256968,4846
0.257393,4845
0.25782,4844
0.258244,4843
0.25867,4842
0.259095,4841
0.259521,4840
0.259945,4839
0.26037,4838
0.260794,4837
0.261219,4836
0.261644,4835
0.262069,4834
0.325804,4833
0.326262,4832
0.326694,4831
0.327123,4830
0.32755,4829
0.327976,4828
0.328404,4827
0.32883,4826
0.32926,4825
0.329687,4824
0.330114,4823
0.33054,4822
0.330966,4821
0.331392,4820
0.331817,4819
0.332242,4818
0.332668,4817
0.333094,4816
0.333521,4815
0.333948,4814
0.334373,4813
0.334797,4812
0.335221,4811
0.335645,4810
0.394729,4809
0.395165,4808
0.395594,4807
0.396022,4806
0.396449,4805
0.396878,4804
0.397304,4803
0.397746,4802
0.398172,4801
0.398836,4800
0.399272,4799
0.399699,4798
0.400125,4797
0.40055,4796
0.400976,4795
0.401402,4794
0.401826,4793
0.402251,4792
0.402677,4791
0.403102,4790
0.403525,4789
0.40395,4788
0.404374,4787
0.543615,4786
0.544701,4785
0.545348,4784
0.545948,4783
0.546406,4782
0.546975,4781
0.547431,4780
0.558766,4779
0.560251,4778
0.560686,4777
0.561113,4776
0.56154,4775
0.561965,4774
0.562391,4773
0.562816,4772
0.563242,4771
0.563665,4770
0.564089,4769
0.564514,4768
0.564964,4767
0.565395,4766
0.565822,4765
0.566247,4764
0.593566,4763
0.596107,4762
0.596553,4761
0.596984,4760
0.597416,4759
0.597841,4758
0.598269,4757
0.598693,4756
0.599115,4755
0.599538,4754
0.59996,4753
0.600405,4752
0.600834,4751
0.601262,4750
0.601687,4749
0.602111,4748
0.602533,4747
0.602957,4746
0.603441,4745
0.60387,4744
0.604293,4743
0.604715,4742
0.605136,4741
0.658529,4740
0.658968,4739
0.659395,4738
0.659843,4737
0.660299,4736
0.660797,4735
0.661234,4734
0.661656,4733
0.662078,4732
0.662501,4731
0.662924,4730
0.663346,4729
0.663769,4728
0.664192,4727
0.664613,4726
0.665034,4725
0.665456,4724
0.665876,4723
0.666297,4722
0.666717,4721
0.667139,4720
0.667561,4719
0.667982,4718
0.745213,4717
0.745653,4716
0.746079,4715
0.746505,4714
0.74693,4713
0.747352,4712
0.747775,4711
0.748197,4710
0.748625,4709
0.749104,4708
0.74953,4707
0.749954,4706
0.754371,4705
0.754822,4704
0.755248,4703
0.755684,4702
0.756239,4701
0.756668,4700
0.757093,4699
0.757517,4698
0.757939,4697
0.758361,4696
0.758782,4695
0.821037,4694
0.821494,4693
0.821924,4692
0.82235,4691
0.822775,4690
0.8232,4689
0.823623,4688
0.824046,4687
0.824468,4686
0.82489,4685
0.82531,4684
0.825733,4683
0.826154,4682
0.826577,4681
0.827,4680
0.827422,4679
0.827844,4678
0.828264,4677
0.828684,4676
0.829354,4675
0.829777,4674
0.831696,4673
0.832126,4672
0.832552,4671
0.921386,4670
0.921959,4669
0.922396,4668
0.922821,4667
0.923244,4666
0.923666,4665
0.924087,4664
0.924507,4663
0.924928,4662
0.925348,4661
0.925767,4660
0.936896,4659
0.937334,4658
0.938215,4657
0.938652,4656
0.939076,4655
0.939496,4654
0.939915,4653
0.940335,4652
0.94076,4651
0.941204,4650
0.941679,4649
0.959496,4648
0.959948,4647
0.960374,4646
0.960796,4645
0.96122,4644
0.961641,4643
0.962059,4642
0.962479,4641
0.962898,4640
0.963317,4639
0.963735,4638
0.964152,4637
0.964571,4636
0.96499,4635
0.965408,4634
0.965828,4633
0.966247,4632
0.966664,4631
0.967081,4630
0.967499,4629
0.967918,4628
0.968335,4627
0.968795,4626
0.969216,4625
1.07139,4624
1.07184,4623
1.07227,4622
1.07269,4621
1.07311,4620
1.07353,4619
1.07395,4618
1.07437,4617
1.07478,4616
1.0752,4615
1.07562,4614
1.07604,4613
1.07645,4612
1.07687,4611
1.07729,4610
1.07771,4609
1.07827,4608
1.0787,4607
1.07913,4606
1.07955,4605
1.07997,4604
1.08038,4603
1.08086,4602
1.09152,4601
1.09198,4600
1.09382,4599
1.09429,4598
1.09578,4597
1.09622,4596
1.09664,4595
1.09706,4594
1.09748,4593
1.0979,4592
1.09832,4591
1.09874,4590
1.09915,4589
1.09957,4588
1.09999,4587
1.1004,4586
1.10082,4585
1.10124,4584
1.1017,4583
1.10213,4582
1.10256,4581
1.10297,4580
1.10339,4579
1.10381,4578
1.10423,4577
1.26575,4576
1.26617,4575
1.26659,4574
1.26706,4573
1.26776,4572
1.26818,4571
1.2713,4570
1.27174,4569
1.27218,4568
1.2726,4567
1.27668,4566
1.27712,4565
1.27754,4564
1.27796,4563
1.27838,4562
1.27884,4561
1.27928,4560
1.2797,4559
1.28012,4558
1.28053,4557
1.28095,4556
1.28137,4555
1.28179,4554
1.31073,4553
1.31117,4552
1.31159,4551
1.31202,4550
1.31245,4549
1.31287,4548
1.31329,4547
1.3137,4546
1.31412,4545
1.31454,4544
1.31495,4543
1.31537,4542
1.31578,4541
1.3162,4540
1.31661,4539
1.31703,4538
1.31744,4537
1.31786,4536
1.31973,4535
1.32017,4534
1.32141,4533
1.32182,4532
1.41225,4531
1.41269,4530
1.41311,4529
1.41357,4528
1.41399,4527
1.41446,4526
1.41488,4525
1.41529,4524
1.41571,4523
1.41612,4522
1.41653,4521
1.41695,4520
1.41736,4519
1.41778,4518
1.41819,4517
1.41861,4516
1.41988,4515
1.42031,4514
1.42073,4513
1.42115,4512
1.42156,4511
1.42201,4510
1.42244,4509
1.47965,4508
1.48027,4507
1.4807,4506
1.48116,4505
1.48159,4504
1.48203,4503
1.48279,4502
1.48322,4501
1.48363,4500
1.48405,4499
1.48528,4498
1.48569,4497
1.48611,4496
1.48652,4495
1.48693,4494
1.48734,4493
1.48776,4492
1.48817,4491
1.48858,4490
1.489,4489
1.48941,4488
1.48982,4487
1.54557,4486
1.54601,4485
1.54643,4484
1.54684,4483
1.54726,4482
1.54767,4481
1.54808,4480
1.5485,4479
1.54891,4478
1.54933,4477
1.54974,4476
1.55015,4475
1.55057,4474
1.55098,4473
1.55139,4472
1.59015,4471
1.59061,4470
1.59188,4469
1.59231,4468
1.59273,4467
1.59314,4466
1.59356,4465
1.59397,4464
1.59439,4463
1.62729,4462
1.62773,4461
1.62815,4460
1.62857,4459
1.62898,4458
1.6294,4457
1.62981,4456
1.63022,4455
1.63064,4454
1.63105,4453
1.63146,4452
1.63188,4451
1.63231,4450
1.63273,4449
1.63315,4448
1.63356,4447
1.63398,4446
1.63439,4445
1.63481,4444
1.63522,4443
1.63563,4442
1.63605,4441
1.63646,4440
1.63687,4439
1.6965,4438
1.69698,4437
1.69741,4436
1.69785,4435
1.69827,4434
1.69869,4433
1.6991,4432
1.69951,4431
1.69993,4430
1.70034,4429
1.70075,4428
1.70116,4427
1.70163,4426
1.70204,4425
1.70251,4424
1.70293,4423
1.70334,4422
1.70376,4421
1.70417,4420
1.70469,4419
1.70511,4418
1.70552,4417
1.70593,4416
1.76157,4415
1.76202,4414
1.76284,4413
1.76327,4412
1.76368,4411
1.7641,4410
1.76455,4409
1.76499,4408
1.76541,4407
1.76583,4406
1.76624,4405
1.76665,4404
1.76707,4403
1.76749,4402
1.7679,4401
1.76831,4400
1.76872,4399
1.76913,4398
1.76954,4397
1.76995,4396
1.77036,4395
1.77077,4394
1.77118,4393
1.77159,4392
1.9233,4391
1.92377,4390
1.9242,4389
1.92463,4388
1.96904,4387
1.96949,4386
1.96991,4385
1.97033,4384
1.97074,4383
1.97115,4382
1.97157,4381
1.97198,4380
1.97239,4379
1.9728,4378
1.97321,4377
1.97362,4376
1.97403,4375
1.97444,4374
1.97485,4373
1.97526,4372
1.97567,4371
1.97607,4370
1.97648,4369
1.97689,4368
1.99783,4367
1.99858,4366
1.99901,4365
1.99942,4364
1.99984,4363
2.00025,4362
2.00066,4361
2.00107,4360
2.00148,4359
2.00189,4358
2.00231,4357
2.00272,4356
2.00313,4355
2.00354,4354
2.00395,4353
2.00436,4352
2.00477,4351
2.00517,4350
2.00558,4349
2.00599,4348
2.0064,4347
2.00681,4346
2.00721,4345
2.00762,4344
2.0836,4343
2.08405,4342
2.08447,4341
2.08488,4340
2.08529,4339
2.0857,4338
2.08611,4337
2.08652,4336
2.08693,4335
2.08736,4334
2.08777,4333
2.08818,4332
2.08859,4331
2.089,4330
2.08941,4329
2.08981,4328
2.09022,4327
2.09063,4326
2.09104,4325
2.09144,4324
2.09185,4323
2.09225,4322
2.09266,4321
2.09307,4320
2.09348,4319
2.13181,4318
2.13223,4317
2.13265,4316
2.13306,4315
2.13347,4314
2.13388,4313
2.13429,4312
2.1347,4311
2.13511,4310
2.13551,4309
2.13592,4308
2.13633,4307
2.13674,4306
2.13715,4305
2.13755,4304
2.13796,4303
2.13837,4302
2.13878,4301
2.13918,4300
2.1396,4299
2.14001,4298
2.14042,4297
2.14083,4296
2.14123,4295
2.21023,4294
2.21068,4293
2.2111,4292
2.21151,4291
2.21192,4290
2.21233,4289
2.21273,4288
2.21314,4287
2.21355,4286
2.21396,4285
2.21436,4284
2.21477,4283
2.21517,4282
2.21558,4281
2.21598,4280
2.21639,4279
2.21684,4278
2.21727,4277
2.21854,4276
2.21897,4275
2.21939,4274
2.21981,4273
2.22022,4272
2.22062,4271
2.29277,4270
2.29324,4269
2.29367,4268
2.29409,4267
2.29452,4266
2.29494,4265
2.29536,4264
2.29578,4263
2.29619,4262
2.29661,4261
2.29702,4260
2.29742,4259
2.29783,4258
2.29823,4257
2.29864,4256
2.29904,4255
2.29945,4254
2.29985,4253
2.30026,4252
2.30066,4251
2.30106,4250
2.30147,4249
2.30187,4248
2.35181,4247
2.3777,4246
2.37814,4245
2.37865,4244
2.37906,4243
2.37947,4242
2.38137,4241
2.38181,4240
2.38222,4239
2.38263,4238
2.38383,4237
2.38424,4236
2.38465,4235
2.38506,4234
2.38546,4233
2.38587,4232
2.38627,4231
2.38668,4230
2.38709,4229
2.38749,4228
2.38789,4227
2.3883,4226
2.3887,4225
2.42815,4224
2.42859,4223
2.42901,4222
2.42942,4221
2.42983,4220
2.43024,4219
2.43065,4218
2.43105,4217
2.43146,4216
2.43186,4215
2.43227,4214
2.43268,4213
2.4331,4212
2.4335,4211
2.43393,4210
2.43438,4209
2.43478,4208
2.43519,4207
2.43636,4206
2.43692,4205
2.43808,4204
2.43854,4203
2.43896,4202
2.43937,4201
2.532,4200
2.53282,4199
2.53394,4198
2.55089,4197
2.55167,4196
2.55217,4195
2.62228,4194
2.62272,4193
2.62313,4192
2.62354,4191
2.62394,4190
2.62435,4189
2.62475,4188
2.6253,4187
2.62579,4186
2.62636,4185
2.63018,4184
2.6308,4183
2.63144,4182
2.63186,4181
2.63227,4180
2.66498,4179
2.66542,4178
2.66585,4177
2.66627,4176
2.66669,4175
2.6671,4174
2.66751,4173
2.66793,4172
2.66834,4171
2.66875,4170
2.66915,4169
2.66956,4168
2.66997,4167
2.67037,4166
2.67077,4165
2.67118,4164
2.67158,4163
2.67199,4162
2.67239,4161
2.67279,4160
2.67319,4159
2.6736,4158
2.674,4157
2.6744,4156
2.72343,4155
2.72388,4154
2.72593,4153
2.72635,4152
2.72676,4151
2.72717,4150
2.72757,4149
2.72798,4148
2.72838,4147
2.7288,4146
2.72921,4145
2.72961,4144
2.73005,4143
2.73045,4142
2.73085,4141
2.73126,4140
2.73167,4139
2.7322,4138
2.73262,4137
2.73303,4136
2.73344,4135
2.73384,4134
2.73425,4133
2.73465,4132
2.73506,4131
2.7873,4130
2.78772,4129
2.78812,4128
2.78852,4127
2.78893,4126
2.78933,4125
2.78973,4124
2.79014,4123
2.79055,4122
2.79095,4121
2.79135,4120
2.79175,4119
2.79216,4118
2.79256,4117
2.79296,4116
2.79336,4115
2.79376,4114
2.79416,4113
2.79456,4112
2.79496,4111
2.79536,4110
2.79576,4109
2.79616,4108
2.79656,4107
2.85092,4106
2.85143,4105
2.85194,4104
2.85235,4103
2.85275,4102
2.85316,4101
2.85356,4100
2.85396,4099
2.85437,4098
2.85478,4097
2.8552,4096
2.85581,4095
2.85622,4094
2.8616,4093
2.86203,4092
2.86245,4091
2.86285,4090
2.86326,4089
2.86366,4088
2.86406,4087
2.86446,4086
2.86487,4085
2.86527,4084
2.86567,4083
2.86607,4082
2.92583,4081
2.94438,4080
2.94481,4079
2.94523,4078
2.94666,4077
2.9471,4076
2.94752,4075
2.94802,4074
2.94843,4073
2.94884,4072
2.94925,4071
2.94965,4070
2.95005,4069
2.95046,4068
2.95086,4067
2.95126,4066
2.95166,4065
2.95494,4064
2.9554,4063
2.95581,4062
2.95644,4061
2.96772,4060
2.96824,4059
3.09738,4058
3.09779,4057
3.09819,4056
3.09859,4055
3.09899,4054
3.09939,4053
3.09979,4052
3.1002,4051
3.10059,4050
3.10099,4049
3.10139,4048
3.10179,4047
3.10219,4046
3.10259,4045
3.10298,4044
3.10338,4043
3.10378,4042
3.10418,4041
3.10457,4040
3.10497,4039
3.10537,4038
3.10577,4037
3.10617,4036
3.16205,4035
3.16248,4034
3.16288,4033
3.16328,4032
3.16368,4031
3.16408,4030
3.16449,4029
3.16488,4028
3.16528,4027
3.16568,4026
3.16608,4025
3.16648,4024
3.16687,4023
3.16727,4022
3.16767,4021
3.16807,4020
3.16846,4019
3.16886,4018
3.16927,4017
3.16967,4016
3.17007,4015
3.17046,4014
3.17086,4013
3.17125,4012
3.17165,4011
3.27535,4010
3.27751,4009
3.27996,4008
3.28166,4007
3.28209,4006
3.28274,4005
3.28315,4004
3.28355,4003
3.28395,4002
3.28435,4001
3.28475,4000
3.28519,3999
3.2856,3998
3.28601,3997
3.28641,3996
3.28681,3995
3.28722,3994
3.28776,3993
3.28818,3992
3.28867,3991
3.28912,3990
3.28953,3989
3.28993,3988
3.29039,3987
3.29082,3986
3.29125,3985
3.29166,3984
3.29206,3983
3.29251,3982
3.29314,3981
3.29355,3980
3.29492,3979
3.29533,3978
3.29573,3977
3.29618,3976
3.29658,3975
3.29698,3974
3.2974,3973
3.29792,3972
3.2984,3971
3.29891,3970
3.29932,3969
3.29973,3968
3.30013,3967
3.30053,3966
3.30094,3965
3.30146,3964
3.30187,3963
3.30246,3962
3.30301,3961
3.30351,3960
3.42933,3959
3.42974,3958
3.43015,3957
3.43055,3956
3.43095,3955
3.43135,3954
3.43175,3953
3.43236,3952
3.43281,3951
3.43324,3950
3.43365,3949
3.43406,3948
3.43447,3947
3.43488,3946
3.43529,3945
3.43571,3944
3.43616,3943
3.43662,3942
3.43714,3941
3.43776,3940
3.43818,3939
3.43876,3938
3.43918,3937
3.4396,3936
3.44004,3935
3.44048,3934
3.44093,3933
3.44133,3932
3.44175,3931
3.44217,3930
3.44257,3929
3.44311,3928
3.44353,3927
3.44472,3926
3.44614,3925
3.44656,3924
3.44698,3923
3.4474,3922
3.4478,3921
3.57657,3920
3.5777,3919
3.57994,3918
3.58056,3917
3.58096,3916
3.58464,3915
3.58505,3914
3.58545,3913
3.58593,3912
3.58633,3911
3.58673,3910
3.58791,3909
3.5883,3908
3.5887,3907
3.5891,3906
3.58949,3905
3.58989,3904
3.59028,3903
3.59067,3902
3.59107,3901
3.59187,3900
3.59233,3899
3.60578,3898
3.60624,3897
3.60664,3896
3.60704,3895
3.60744,3894
3.60799,3893
3.6084,3892
3.60957,3891
3.60997,3890
3.61037,3889
3.61076,3888
3.61116,3887
3.61155,3886
3.61195,3885
3.61234,3884
3.61274,3883
3.61313,3882
3.61353,3881
3.61392,3880
3.61431,3879
3.61471,3878
3.6151,3877
3.6155,3876
3.72077,3875
3.72121,3874
3.72161,3873
3.72201,3872
3.7224,3871
3.7228,3870
3.72359,3869
3.72399,3868
3.72439,3867
3.72479,3866
3.72519,3865
3.72558,3864
3.72598,3863
3.72637,3862
3.72676,3861
3.72792,3860
3.72832,3859
3.72871,3858
3.72911,3857
3.7295,3856
3.72989,3855
3.7303,3854
3.7307,3853
3.81083,3852
3.81127,3851
3.81167,3850
3.81207,3849
3.81247,3848
3.81286,3847
3.8133,3846
3.8137,3845
3.81409,3844
3.81449,3843
3.81531,3842
3.81587,3841
3.81627,3840
3.81667,3839
3.81978,3838
3.82018,3837
3.82059,3836
3.82099,3835
3.82138,3834
3.82178,3833
3.82217,3832
3.82256,3831
3.82295,3830
3.82334,3829
3.82374,3828
3.91835,3827
3.91885,3826
3.91939,3825
3.9199,3824
3.92032,3823
3.9208,3822
3.9212,3821
3.9276,3820
3.92825,3819
3.92866,3818
3.92905,3817
3.92945,3816
3.92985,3815
3.93043,3814
4.01098,3813
4.0114,3812
4.01179,3811
4.01226,3810
4.01267,3809
4.01306,3808
4.01346,3807
4.01385,3806
4.02943,3805
4.02987,3804
4.03032,3803
4.03074,3802
4.03114,3801
4.03154,3800
4.03193,3799
4.03233,3798
4.03272,3797
4.03311,3796
4.0335,3795
4.0339,3794
4.03429,3793
4.03468,3792
4.03507,3791
4.03546,3790
4.03585,3789
4.03624,3788
4.03663,3787
4.03702,3786
4.03741,3785
4.0378,3784
4.03819,3783
4.03858,3782
4.03897,3781
4.07665,3780
4.07962,3779
4.08003,3778
4.08088,3777
4.08128,3776
4.08191,3775
4.08231,3774
4.08271,3773
4.0831,3772
4.0835,3771
4.08389,3770
4.08428,3769
4.08467,3768
4.08506,3767
4.08545,3766
4.08584,3765
4.08622,3764
4.08661,3763
4.087,3762
4.0887,3761
4.0891,3760
4.08949,3759
4.08989,3758
4.09028,3757
4.09069,3756
4.15083,3755
4.15482,3754
4.15523,3753
4.15563,3752
4.15603,3751
4.15642,3750
4.15681,3749
4.15721,3748
4.1576,3747
4.15799,3746
4.15838,3745
4.15877,3744
4.15916,3743
4.15955,3742
4.15994,3741
4.16033,3740
4.16072,3739
4.16112,3738
4.1615,3737
4.16189,3736
4.16228,3735
4.16267,3734
4.16306,3733
4.16345,3732
4.16383,3731
4.16422,3730
4.24648,3729
4.24689,3728
4.24732,3727
4.24772,3726
4.24811,3725
4.2485,3724
4.24889,3723
4.24928,3722
4.24967,3721
4.25006,3720
4.25045,3719
4.25084,3718
4.25123,3717
4.25162,3716
4.25201,3715
4.25239,3714
4.25278,3713
4.25317,3712
4.25356,3711
4.25395,3710
4.25433,3709
4.25472,3708
4.25586,3707
4.29611,3706
4.29655,3705
4.29695,3704
4.29734,3703
4.29773,3702
4.29812,3701
4.29851,3700
4.29892,3699
4.29931,3698
4.2997,3697
4.30009,3696
4.30048,3695
4.30319,3694
4.30479,3693
4.30518,3692
4.30558,3691
4.30597,3690
4.30636,3689
4.38847,3688
4.38889,3687
4.38928,3686
4.38968,3685
4.39007,3684
4.39046,3683
4.39085,3682
4.39124,3681
4.39163,3680
4.39202,3679
4.39248,3678
4.39288,3677
4.39328,3676
4.39367,3675
4.39406,3674
4.39522,3673
4.39561,3672
4.396,3671
4.39639,3670
4.39677,3669
4.39716,3668
4.39765,3667
4.39824,3666
4.39918,3665
4.39978,3664
4.40019,3663
4.40058,3662
4.40097,3661
4.40137,3660
4.40176,3659
4.40216,3658
4.40255,3657
4.40338,3656
4.40378,3655
4.40418,3654
4.40457,3653
4.40496,3652
4.40535,3651
4.40574,3650
4.40612,3649
4.40651,3648
4.4069,3647
4.40729,3646
4.40768,3645
4.40806,3644
4.40845,3643
4.40884,3642
4.40922,3641
4.50263,3640
4.50346,3639
4.50415,3638
4.50456,3637
4.50495,3636
4.50704,3635
4.50745,3634
4.5079,3633
4.50829,3632
4.50868,3631
4.50907,3630
4.50946,3629
4.50985,3628
4.51024,3627
4.51063,3626
4.51102,3625
4.51141,3624
4.51179,3623
4.51218,3622
4.51257,3621
4.51295,3620
4.51334,3619
4.51374,3618
4.51413,3617
4.51451,3616
4.60836,3615
4.60901,3614
4.60942,3613
4.60982,3612
4.61038,3611
4.6108,3610
4.61129,3609
4.61176,3608
4.61218,3607
4.61259,3606
4.61299,3605
4.61337,3604
4.61376,3603
4.61477,3602
4.6153,3601
4.61576,3600
4.61621,3599
4.61821,3598
4.61872,3597
4.61933,3596
4.61989,3595
4.62036,3594
4.62076,3593
4.62115,3592
4.62155,3591
4.68019,3590
4.68116,3589
4.68157,3588
4.68263,3587
4.71164,3586
4.71204,3585
4.71289,3584
4.7133,3583
4.71369,3582
4.71408,3581
4.71447,3580
4.71486,3579
4.71525,3578
4.71564,3577
4.71602,3576
4.71641,3575
4.71679,3574
4.71718,3573
4.71756,3572
4.71795,3571
4.71833,3570
4.71872,3569
4.71911,3568
4.71949,3567
4.71987,3566
4.76234,3565
4.76275,3564
4.76314,3563
4.76353,3562
4.76392,3561
4.76431,3560
4.7647,3559
4.76508,3558
4.76547,3557
4.76586,3556
4.76627,3555
4.7674,3554
4.76779,3553
4.76817,3552
4.76856,3551
4.76894,3550
4.76932,3549
4.76971,3548
4.77009,3547
4.77047,3546
4.77086,3545
4.77124,3544
4.77162,3543
4.772,3542
4.8295,3541
4.8299,3540
4.83104,3539
4.83143,3538
4.83182,3537
4.83221,3536
4.83259,3535
4.83298,3534
4.83336,3533
4.83374,3532
4.83413,3531
4.83451,3530
4.8349,3529
4.83529,3528
4.83567,3527
4.83606,3526
4.83644,3525
4.83682,3524
4.8372,3523
4.83758,3522
4.83797,3521
4.83835,3520
4.83873,3519
4.90105,3518
4.90456,3517
4.90497,3516
4.90536,3515
4.90575,3514
4.90689,3513
4.90727,3512
4.90766,3511
4.90805,3510
4.90843,3509
4.90886,3508
4.90925,3507
4.90982,3506
4.91021,3505
4.9106,3504
4.91099,3503
4.91138,3502
4.91177,3501
4.91215,3500
4.91254,3499
4.91367,3498
4.91405,3497
4.97423,3496
4.9748,3495
4.9752,3494
4.97909,3493
4.97949,3492
4.97989,3491
4.98028,3490
4.98067,3489
4.98182,3488
4.9822,3487
4.98259,3486
4.98298,3485
4.98336,3484
4.98375,3483
4.98413,3482
4.98452,3481
4.9849,3480
4.98529,3479
4.98567,3478
4.98606,3477
4.98645,3476
4.98684,3475
4.98722,3474
4.98761,3473
5.07986,3472
5.08028,3471
5.08067,3470
5.08106,3469
5.0837,3468
5.0841,3467
5.08448,3466
5.08487,3465
5.08525,3464
5.08564,3463
5.08604,3462
5.08642,3461
5.08754,3460
5.08793,3459
5.15344,3458
5.15385,3457
5.15423,3456
5.15462,3455
5.15501,3454
5.15539,3453
5.15578,3452
5.15616,3451
5.15654,3450
5.15692,3449
5.15731,3448
5.15769,3447
5.15807,3446
5.15845,3445
5.15884,3444
5.15922,3443
5.1596,3442
5.15998,3441
5.16037,3440
5.16075,3439
5.16263,3438
5.16305,3437
5.16344,3436
5.16384,3435
5.2273,3434
5.22889,3433
5.22961,3432
5.23002,3431
5.23041,3430
5.23079,3429
5.23118,3428
5.23259,3427
5.23442,3426
5.23571,3425
5.2373,3424
5.23769,3423
5.23829,3422
5.23874,3421
5.2396,3420
5.24077,3419
5.24117,3418
5.24155,3417
5.24194,3416
5.24233,3415
5.29714,3414
5.29755,3413
5.29794,3412
5.29926,3411
5.29965,3410
5.30004,3409
5.30042,3408
5.30082,3407
5.30121,3406
5.3016,3405
5.302,3404
5.30238,3403
5.30276,3402
5.30315,3401
5.30353,3400
5.30392,3399
5.3043,3398
5.30468,3397
5.30506,3396
5.30544,3395
5.30583,3394
5.30621,3393
5.30659,3392
5.30697,3391
5.30736,3390
5.30774,3389
5.36638,3388
5.37077,3387
5.3712,3386
5.37241,3385
5.37295,3384
5.37334,3383
5.37375,3382
5.37414,3381
5.37452,3380
5.37491,3379
5.37529,3378
5.37567,3377
5.3761,3376
5.37724,3375
5.37763,3374
5.37801,3373
5.3784,3372
5.37878,3371
5.37916,3370
5.37954,3369
5.3807,3368
5.62493,3367
5.62759,3366
5.62799,3365
5.62837,3364
5.62951,3363
5.62989,3362
5.63027,3361
5.63065,3360
5.63103,3359
5.63148,3358
5.63694,3357
5.6374,3356
5.63781,3355
5.63819,3354
5.63858,3353
5.63896,3352
5.63935,3351
5.63973,3350
5.64011,3349
5.64049,3348
5.64087,3347
5.64125,3346
5.64191,3345
5.6423,3344
5.6427,3343
5.64316,3342
5.64366,3341
5.64409,3340
5.64448,3339
5.645,3338
5.64538,3337
5.64577,3336
5.64615,3335
5.64654,3334
5.64695,3333
5.64805,3332
5.64847,3331
5.64886,3330
5.64924,3329
5.6497,3328
5.65008,3327
5.65046,3326
5.65084,3325
5.65121,3324
5.65159,3323
5.65197,3322
5.65234,3321
5.65272,3320
5.81503,3319
5.81788,3318
5.8183,3317
5.82486,3316
5.82527,3315
5.82565,3314
5.82603,3313
5.82642,3312
5.8268,3311
5.82718,3310
5.82755,3309
5.82793,3308
5.82831,3307
5.82869,3306
5.82907,3305
5.82945,3304
5.83056,3303
5.83093,3302
5.83132,3301
5.83169,3300
5.83207,3299
5.89821,3298
5.89863,3297
5.89902,3296
5.89954,3295
5.89994,3294
5.90853,3293
5.91033,3292
5.91073,3291
5.91118,3290
5.91157,3289
5.91195,3288
5.91233,3287
5.91345,3286
5.91383,3285
5.91422,3284
5.9146,3283
5.91497,3282
5.91535,3281
5.91573,3280
5.91611,3279
5.91648,3278
5.91686,3277
5.99374,3276
5.99415,3275
5.99453,3274
5.9965,3273
5.99689,3272
5.99727,3271
5.99765,3270
5.99803,3269
5.9984,3268
5.99953,3267
5.99991,3266
6.01037,3265
6.01081,3264
6.01119,3263
6.01158,3262
6.01196,3261
6.01234,3260
6.01272,3259
6.01314,3258
6.01353,3257
6.07479,3256
6.07532,3255
6.08168,3254
6.08489,3253
6.08532,3252
6.08571,3251
6.08609,3250
6.08647,3249
6.08758,3248
6.08796,3247
6.0888,3246
6.09167,3245
6.09206,3244
6.09244,3243
6.17043,3242
6.17083,3241
6.17121,3240
6.17159,3239
6.17197,3238
6.17235,3237
6.17273,3236
6.17311,3235
6.17349,3234
6.17388,3233
6.17426,3232
6.17463,3231
6.17501,3230
6.17549,3229
6.17587,3228
6.17701,3227
6.17739,3226
6.17777,3225
6.17816,3224
6.17854,3223
6.17897,3222
6.18008,3221
6.2293,3220
6.22968,3219
6.23044,3218
6.23085,3217
6.23123,3216
6.23237,3215
6.23275,3214
6.23312,3213
6.2336,3212
6.23485,3211
6.23525,3210
6.23564,3209
6.23607,3208
6.23651,3207
6.23728,3206
6.23767,3205
6.23806,3204
6.23844,3203
6.24074,3202
6.33702,3201
6.33744,3200
6.33783,3199
6.33821,3198
6.33859,3197
6.33897,3196
6.33935,3195
6.33972,3194
6.34011,3193
6.34049,3192
6.34099,3191
6.34221,3190
6.34265,3189
6.34303,3188
6.34341,3187
6.34378,3186
6.34416,3185
6.34453,3184
6.48141,3183
6.48342,3182
6.48399,3181
6.48439,3180
6.48478,3179
6.48516,3178
6.4859,3177
6.48705,3176
6.48764,3175
6.48803,3174
6.48841,3173
6.48881,3172
6.48919,3171
6.48983,3170
6.49038,3169
6.49256,3168
6.49316,3167
6.49356,3166
6.49481,3165
6.49519,3164
6.49611,3163
6.51784,3162
6.51823,3161
6.51861,3160
6.51898,3159
6.51936,3158
6.5205,3157
6.52088,3156
6.52126,3155
6.52163,3154
6.52201,3153
6.52238,3152
6.52276,3151
6.52313,3150
6.52351,3149
6.52388,3148
6.52425,3147
6.52463,3146
6.525,3145
6.52537,3144
6.62891,3143
6.632,3142
6.63243,3141
6.63282,3140
6.63321,3139
6.63359,3138
6.63398,3137
6.6378,3136
6.63822,3135
6.6386,3134
6.63898,3133
6.63936,3132
6.63973,3131
6.64011,3130
6.64049,3129
6.64086,3128
6.64124,3127
6.64161,3126
6.64198,3125
6.64309,3124
6.64346,3123
6.72916,3122
6.72955,3121
6.72992,3120
6.7303,3119
6.73068,3118
6.73105,3117
6.73363,3116
6.734,3115
6.73438,3114
6.73475,3113
6.73512,3112
6.73549,3111
6.73586,3110
6.73627,3109
6.73665,3108
6.73704,3107
6.73747,3106
6.73793,3105
6.73847,3104
6.73892,3103
6.73932,3102
6.73983,3101
6.74022,3100
6.74059,3099
6.74097,3098
6.74135,3097
6.74173,3096
6.7421,3095
6.74364,3094
6.74403,3093
6.74442,3092
6.7448,3091
6.74664,3090
6.74701,3089
6.74738,3088
6.74775,3087
6.74813,3086
6.7485,3085
6.74888,3084
6.74925,3083
6.86484,3082
6.86524,3081
6.86571,3080
6.86611,3079
6.86649,3078
6.86687,3077
6.86724,3076
6.86762,3075
6.868,3074
6.8684,3073
6.86883,3072
6.86926,3071
6.86964,3070
6.8708,3069
6.87194,3068
6.87232,3067
6.8727,3066
6.87308,3065
6.87346,3064
6.87383,3063
6.8742,3062
6.87458,3061
6.93912,3060
6.93959,3059
6.93998,3058
6.94035,3057
6.94167,3056
6.94209,3055
6.94248,3054
6.94326,3053
6.94365,3052
6.94403,3051
6.94442,3050
6.94479,3049
6.9452,3048
6.94565,3047
6.94603,3046
6.94824,3045
6.94865,3044
6.94903,3043
6.9494,3042
6.94977,3041
6.95014,3040
6.95216,3039
6.95256,3038
6.95294,3037
6.95332,3036
7.03223,3035
7.03269,3034
7.0331,3033
7.0342,3032
7.03458,3031
7.03496,3030
7.03533,3029
7.0357,3028
7.03607,3027
7.03644,3026
7.03756,3025
7.03904,3024
7.04017,3023
7.04055,3022
7.04169,3021
7.04207,3020
7.04244,3019
7.15838,3018
7.15896,3017
7.15938,3016
7.15979,3015
7.16017,3014
7.16784,3013
7.16896,3012
7.16934,3011
7.16971,3010
7.1708,3009
7.17128,3008
7.17343,3007
7.17383,3006
7.17422,3005
7.17668,3004
7.17808,3003
7.17871,3002
7.1791,3001
7.18021,3000
7.18477,2999
7.18519,2998
7.18631,2997
7.18673,2996
7.18712,2995
7.1875,2994
7.18788,2993
7.28333,2992
7.28374,2991
7.2946,2990
7.295,2989
7.29561,2988
7.29609,2987
7.2965,2986
7.29688,2985
7.29725,2984
7.29762,2983
7.29812,2982
7.29852,2981
7.29891,2980
7.29929,2979
7.29966,2978
7.30004,2977
7.30041,2976
7.30078,2975
7.30188,2974
7.30298,2973
7.30335,2972
7.40829,2971
7.40976,2970
7.41015,2969
7.41052,2968
7.4109,2967
7.41127,2966
7.41169,2965
7.41208,2964
7.41407,2963
7.41519,2962
7.41556,2961
7.41594,2960
7.41634,2959
7.41672,2958
7.4171,2957
7.41818,2956
7.41856,2955
7.41893,2954
7.41929,2953
7.47412,2952
7.4745,2951
7.47488,2950
7.47526,2949
7.47563,2948
7.476,2947
7.47637,2946
7.47674,2945
7.47711,2944
7.47819,2943
7.47856,2942
7.47892,2941
7.47929,2940
7.47966,2939
7.48003,2938
7.4804,2937
7.48076,2936
7.48114,2935
7.48151,2934
7.48187,2933
7.57201,2932
7.57245,2931
7.57285,2930
7.57375,2929
7.57517,2928
7.57604,2927
7.57647,2926
7.57742,2925
7.57903,2924
7.57944,2923
7.57982,2922
7.5802,2921
7.58058,2920
7.58094,2919
7.58132,2918
7.5817,2917
7.58206,2916
7.58243,2915
7.5828,2914
7.58317,2913
7.58353,2912
7.5839,2911
7.58428,2910
7.58542,2909
7.65429,2908
7.65471,2907
7.65508,2906
7.65546,2905
7.65804,2904
7.65953,2903
7.66065,2902
7.66177,2901
7.66214,2900
7.66251,2899
7.66288,2898
7.66324,2897
7.66361,2896
7.66399,2895
7.66437,2894
7.75863,2893
7.75902,2892
7.75939,2891
7.7605,2890
7.76086,2889
7.76123,2888
7.7616,2887
7.76268,2886
7.76306,2885
7.76342,2884
7.76379,2883
7.76416,2882
7.76524,2881
7.8235,2880
7.82428,2879
7.82657,2878
7.82812,2877
7.8302,2876
7.83058,2875
7.83095,2874
7.83134,2873
7.83212,2872
7.83976,2871
7.84024,2870
7.84069,2869
7.84107,2868
7.84145,2867
7.84366,2866
7.84482,2865
7.84533,2864
7.84575,2863
7.84671,2862
7.84713,2861
7.8475,2860
7.84788,2859
7.85119,2858
7.97712,2857
7.9775,2856
7.97787,2855
7.97896,2854
7.97933,2853
7.9797,2852
7.9815,2851
7.98186,2850
7.98223,2849
7.98259,2848
7.98296,2847
7.98332,2846
7.9844,2845
8.04388,2844
8.0508,2843
8.05118,2842
8.05156,2841
8.05193,2840
8.05236,2839
8.05274,2838
8.05546,2837
8.05585,2836
8.06129,2835
8.06171,2834
8.06236,2833
8.10385,2832
8.10423,2831
8.1046,2830
8.10497,2829
8.10534,2828
8.10575,2827
8.10611,2826
8.10648,2825
8.11007,2824
8.11194,2823
8.11231,2822
8.11481,2821
8.17933,2820
8.17971,2819
8.18009,2818
8.18046,2817
8.18084,2816
8.18121,2815
8.18301,2814
8.18337,2813
8.18374,2812
8.1841,2811
8.18447,2810
8.18484,2809
8.1852,2808
8.18556,2807
8.18593,2806
8.18629,2805
8.24261,2804
8.24374,2803
8.24483,2802
8.24595,2801
8.24632,2800
8.24669,2799
8.24776,2798
8.24812,2797
8.24928,2796
8.24965,2795
8.25001,2794
8.25038,2793
8.25145,2792
8.31449,2791
8.31487,2790
8.31885,2789
8.31992,2788
8.3217,2787
8.32277,2786
8.3805,2785
8.38088,2784
8.38126,2783
8.38164,2782
8.38349,2781
8.38387,2780
8.38716,2779
8.38752,2778
8.38789,2777
8.44273,2776
8.44388,2775
8.44425,2774
8.44463,2773
8.44573,2772
8.44609,2771
8.44646,2770
8.44755,2769
8.44792,2768
8.44901,2767
8.44937,2766
8.44974,2765
8.45011,2764
8.45048,2763
8.45156,2762
8.45192,2761
8.52376,2760
8.5269,2759
8.52737,2758
8.52852,2757
8.52888,2756
8.59961,2755
8.60003,2754
8.60219,2753
8.60341,2752
8.60437,2751
8.60476,2750
8.60515,2749
8.60552,2748
8.60689,2747
8.60771,2746
8.60826,2745
8.60864,2744
8.60901,2743
8.61014,2742
8.61051,2741
8.61089,2740
8.74834,2739
8.74878,2738
8.74916,2737
8.74952,2736
8.74989,2735
8.75026,2734
8.75063,2733
8.75304,2732
8.75344,2731
8.75382,2730
8.75564,2729
8.75602,2728
8.75639,2727
8.75821,2726
8.83903,2725
8.83942,2724
8.84171,2723
8.84209,2722
8.84325,2721
8.84363,2720
8.84401,2719
8.84514,2718
8.84551,2717
8.8466,2716
8.84696,2715
8.84733,2714
8.84809,2713
8.84847,2712
8.84885,2711
8.84922,2710
8.84959,2709
9.06246,2708
9.06305,2707
9.19906,2706
9.19944,2705
9.25358,2704
9.25424,2703
9.25496,2702
9.25567,2701
9.25607,2700
9.26127,2699
9.26166,2698
9.26279,2697
9.26477,2696
9.26515,2695
9.63233,2694
9.79864,2693
9.79904,2692
9.95722,2691
9.9576,2690
9.95797,2689
9.95834,2688
9.95941,2687
9.95977,2686
9.96303,2685
9.96412,2684
10.1442,2683
10.1489,2682
10.1493,2681
10.1518,2680
10.1522,2679
10.1533,2678
10.2075,2677
10.2086,2676
10.2096,2675
10.2161,2674
10.2165,2673
10.2169,2672
10.2699,2671
10.2703,2670
10.2707,2669
10.271,2668
10.2714,2667
10.2718,2666
10.2722,2665
10.2725,2664
10.2729,2663
10.274,2662
10.2751,2661
10.2754,2660
10.2758,2659
10.2762,2658
10.3494,2657
10.3505,2656
10.3509,2655
10.3513,2654
10.3516,2653
10.3521,2652
10.3546,2651
10.355,2650
10.4169,2649
10.4218,2648
10.6281,2647
10.6577,2646
10.6581,2645
10.6585,2644
10.7317,2643
10.7816,2642
10.782,2641
10.7824,2640
10.7828,2639
10.7832,2638
10.7836,2637
10.7846,2636
10.785,2635
10.8942,2634
10.8947,2633
10.8965,2632
10.9952,2631
10.9971,2630
11.0757,2629
11.1332,2628
11.149,2627
11.1494,2626
11.2407,2625
11.2431,2624
11.2513,2623
11.252,2622
11.815,2621
11.816,2620
11.8513,2619
11.852,2618
11.8555,2617
12.7992,2616
12.7996,2615
12.8,2614
12.8003,2613
12.8007,2612
12.8983,2611
13.4751,2610
13.5285,2609
13.5289,2608
13.5293,2607
13.5303,2606
13.5307,2605
13.5311,2604
14.8463,2603
14.8496,2602
14.8507,2601
14.8532,2600
14.9081,2599
14.9104,2598
16.5728,2597
16.5739,2596
16.5786,2595
16.5796,2594
16.58,2593
16.6515,2592
16.652,2591
16.6523,2590
16.6527,2589
16.6531,2588
16.6542,2587
16.6545,2586
16.6549,2585
16.6561,2584
16.6565,2583
16.6576,2582
16.6579,2581
16.6597,2580
16.7444,2579
16.7448,2578
16.8867,2577
16.8871,2576
16.9013,2575
16.9017,2574
16.9021,2573
16.9032,2572
16.9073,2571
17.053,2570
17.1842,2569
17.1846,2568
17.2139,2567
17.6009,2566
17.6012,2565
17.6016,2564
17.6606,2563
17.6697,2562
17.6736,2561
17.674,2560
17.8214,2559
17.8244,2558
17.8249,2557
18.6752,2556
19.2094,2555
19.2098,2554
19.212,2553
19.2131,2552
19.2878,2551
19.2893,2550
19.2897,2549
19.29,2548
19.292,2547
19.2924,2546
19.2932,2545
19.2941,2544
19.2946,2543
19.295,2542
20.1705,2541
20.1716,2540
20.1726,2539
20.173,2538
20.1734,2537
20.2559,2536
20.2563,2535
20.2567,2534
21.1987,2533
21.1998,2532
21.2002,2531
21.2006,2530
21.2053,2529
21.2057,2528
23.2523,2527
23.2527,2526
23.4451,2525
23.4455,2524
23.4459,2523
23.4488,2522
23.4493,2521
23.4497,2520
23.45,2519
23.6018,2518
23.7461,2517
24.3708,2516
24.9596,2515
25.0805,2514
25.0809,2513
25.0842,2512
25.0845,2511
25.0849,2510
25.0867,2509
25.0871,2508
25.0882,2507
25.0893,2506
25.1579,2505
25.1583,2504
25.2246,2503
25.9547,2502
25.9551,2501
25.9562,2500
25.958,2499
25.9583,2498
26.0084,2497
26.1555,2496
26.1559,2495
26.2154,2494
26.2158,2493
26.2162,2492
26.2181,2491
26.2185,2490
26.2189,2489
26.2193,2488
26.2196,2487
26.2207,2486
26.2211,2485
26.2215,2484
26.2218,2483
26.2512,2482
26.2524,2481
26.4303,2480
26.4314,2479
26.4674,2478
28.9877,2477
28.9881,2476
31.2641,2475
31.2658,2474
31.3449,2473
31.3453,2472
31.4297,2471
31.4301,2470
31.4305,2469
31.4309,2468
31.4319,2467
31.4323,2466
31.4326,2465
31.433,2464
31.4334,2463
31.4337,2462
31.4341,2461
31.4344,2460
31.4348,2459
31.4359,2458
31.4951,2457
31.4962,2456
32.0147,2455
32.5292,2454
32.5296,2453
32.5299,2452
32.5303,2451
32.5785,2450
32.5789,2449
32.5793,2448
32.5803,2447
32.5828,2446
32.586,2445
34.6997,2444
34.7008,2443
35.6108,2442
35.6112,2441
35.6116,2440
35.6177,2439
35.6182,2438
35.6186,2437
35.619,2436
37.8516,2435
37.852,2434
37.8545,2433
38.0451,2432
38.7434,2431
38.7445,2430
38.7457,2429
41.0203,2428
41.0207,2427
41.021,2426
41.0242,2425
41.0246,2424
41.0424,2423
43.4125,2422
43.4129,2421
43.4133,2420
43.4138,2419
43.4142,2418
43.4357,2417
43.4366,2416
47.9643,2415
47.9674,2414
47.9692,2413
47.9696,2412
47.9996,2411
48,2410
48.0004,2409
48.3566,2408
48.8646,2407
52.4068,2406
52.4072,2405
52.4076,2404
55.6777,2403
55.9054,2402
55.9058,2401
55.9062,2400
55.9065,2399
55.9069,2398
55.9072,2397
56.2183,2396
57.0146,2395
57.0156,2394
65.4266,2393
65.4277,2392
65.4873,2391
65.4877,2390
65.4881,2389
65.5631,2388
65.564,2387
65.5763,2386
65.5767,2385
65.5771,2384
65.5775,2383
65.987,2382
65.9874,2381
66.0642,2380
66.0646,2379
66.065,2378
66.0653,2377
66.0664,2376
70.4352,2375
70.4356,2374
70.4389,2373
73.5666,2372
73.5669,2371
73.5673,2370
73.6492,2369
73.6496,2368
73.6516,2367
78.7348,2366
78.7352,2365
79.3318,2364
79.3728,2363
79.3732,2362
79.3736,2361
79.3768,2360
79.4387,2359
79.4437,2358
80.6663,2357
80.6666,2356
80.667,2355
80.6674,2354
80.8119,2353
80.8123,2352
80.8126,2351
81.8229,2350
81.8233,2349
81.8237,2348
88.0428,2347
88.0462,2346
88.0465,2345
92.2951,2344
163.198,2343
163.204,2342
163.205,2341
163.269,2340
163.274,2339
174.066,2338
174.066,2337
174.075,2336
174.075,2335
174.218,2334
174.327,2333
174.362,2332
174.362,2331
174.362,2330
174.363,2329
174.363,2328
194.231,2327
194.231,2326
194.233,2325
230.748,2324
230.748,2323
230.808,2322
872.846,2321
2440.01,2320
2440.05,2319
3859.25,2318
3859.33,2317
3859.33,2316
3859.33,2315
