0.00142737,4940
0.00189781,4939
0.0023471,4938
0.0027938,4937
0.00323434,4936
0.00367219,4935
0.00417184,4934
0.00463173,4933
0.00507619,4932
0.00552948,4931
0.00597069,4930
0.00641096,4929
0.00686258,4928
0.00731248,4927
0.00778891,4926
0.00823068,4925
0.0308949,4924
0.031338,4923
0.0321987,4922
0.0326491,4921
0.0335488,4920
0.0349675,4919
0.038829,4918
0.0392677,4917
0.039698,4916
0.0401289,4915
0.0405591,4914
0.0409906,4913
0.0414217,4912
0.0418524,4911
0.0422812,4910
0.042711,4909
0.0431395,4908
0.0435689,4907
0.0439986,4906
0.0444263,4905
0.0448934,4904
0.0453322,4903
0.0814319,4902
0.0819016,4901
0.0823346,4900
0.0827709,4899
0.0832019,4898
0.0836319,4897
0.0840627,4896
0.0844917,4895
0.0849224,4894
0.0853514,4893
0.0857791,4892
0.0862091,4891
0.0866959,4890
0.0871249,4889
0.0875528,4888
0.0879819,4887
0.0884102,4886
0.0888367,4885
0.0892634,4884
0.0896915,4883
0.0901198,4882
0.0905476,4881
0.0909746,4880
0.177501,4879
0.178007,4878
0.179708,4877
0.180149,4876
0.18058,4875
0.181006,4874
0.181435,4873
0.181862,4872
0.182289,4871
0.182717,4870
0.183145,4869
0.183572,4868
0.183998,4867
0.184424,4866
0.184849,4865
0.185274,4864
0.185701,4863
0.186128,4862
0.186554,4861
0.186981,4860
0.187408,4859
0.187834,4858
0.188262,4857
0.199124,4856
0.199613,4855
0.200051,4854
0.200486,4853
0.200915,4852
0.201342,4851
0.20177,4850
0.202196,4849
0.202622,4848
0.203051,4847
0.203478,4846
0.203907,4845
0.204334,4844
0.20476,4843
0.205187,4842
0.205614,4841
0.206038,4840
0.206464,4839
0.206889,4838
0.207316,4837
0.207741,4836
0.208168,4835
0.208592,4834
0.209017,4833
0.282673,4832
0.283121,4831
0.284081,4830
0.284523,4829
0.284952,4828
0.285379,4827
0.285807,4826
0.286234,4825
0.286661,4824
0.287088,4823
0.287514,4822
0.287939,4821
0.288366,4820
0.288792,4819
0.289217,4818
0.289643,4817
0.290069,4816
0.290494,4815
0.290918,4814
0.291342,4813
0.291767,4812
0.29219,4811
0.292614,4810
0.373868,4809
0.374325,4808
0.375719,4807
0.376155,4806
0.376611,4805
0.377044,4804
0.377471,4803
0.377896,4802
0.378323,4801
0.378746,4800
0.379171,4799
0.379596,4798
0.380023,4797
0.380449,4796
0.380873,4795
0.381298,4794
0.381723,4793
0.382145,4792
0.382567,4791
0.382991,4790
0.383414,4789
0.383838,4788
0.384262,4787
0.435019,4786
0.435478,4785
0.435923,4784
0.436359,4783
0.436854,4782
0.437308,4781
0.438802,4780
0.439251,4779
0.43968,4778
0.440105,4777
0.440533,4776
0.440957,4775
0.441385,4774
0.441811,4773
0.442236,4772
0.442663,4771
0.443089,4770
0.443516,4769
0.443943,4768
0.444366,4767
0.444791,4766
0.445218,4765
0.445643,4764
0.575401,4763
0.576923,4762
0.578518,4761
0.57921,4760
0.579702,4759
0.580198,4758
0.580632,4757
0.581061,4756
0.581532,4755
0.582149,4754
0.582937,4753
0.583397,4752
0.58383,4751
0.584261,4750
0.584687,4749
0.585114,4748
0.585537,4747
0.585963,4746
0.5864,4745
0.586823,4744
0.587245,4743
0.587669,4742
0.588094,4741
0.64055,4740
0.641009,4739
0.641448,4738
0.641976,4737
0.642411,4736
0.642841,4735
0.643273,4734
0.644534,4733
0.644959,4732
0.645381,4731
0.645803,4730
0.646227,4729
0.646652,4728
0.647072,4727
0.647497,4726
0.647919,4725
0.648344,4724
0.648768,4723
0.649192,4722
0.649615,4721
0.655013,4720
0.705072,4719
0.705888,4718
0.706333,4717
0.706777,4716
0.70721,4715
0.708479,4714
0.708902,4713
0.709323,4712
0.709746,4711
0.710172,4710
0.710597,4709
0.711156,4708
0.71158,4707
0.712001,4706
0.712784,4705
0.713219,4704
0.713642,4703
0.714065,4702
0.714484,4701
0.714904,4700
0.715323,4699
0.715743,4698
0.816332,4697
0.816772,4696
0.81757,4695
0.818001,4694
0.819189,4693
0.819633,4692
0.820067,4691
0.820507,4690
0.820936,4689
0.821359,4688
0.821782,4687
0.822202,4686
0.822623,4685
0.823042,4684
0.823461,4683
0.823882,4682
0.824302,4681
0.824724,4680
0.825144,4679
0.825565,4678
0.825985,4677
0.826407,4676
0.826825,4675
0.88595,4674
0.889326,4673
0.890187,4672
0.895486,4671
0.895957,4670
0.899152,4669
0.899643,4668
0.900073,4667
0.900501,4666
0.900925,4665
0.901346,4664
0.901767,4663
0.902188,4662
0.902607,4661
0.903026,4660
0.903445,4659
0.903935,4658
0.904355,4657
0.904773,4656
0.905192,4655
0.90561,4654
0.906029,4653
0.906448,4652
0.975925,4651
0.976367,4650
0.976792,4649
0.977215,4648
0.977637,4647
0.978056,4646
0.978475,4645
0.978894,4644
0.979313,4643
0.981824,4642
0.982269,4641
0.982693,4640
0.983114,4639
0.983534,4638
0.983954,4637
0.984371,4636
0.984788,4635
0.985207,4634
0.985625,4633
0.986043,4632
0.98646,4631
1.04937,4630
1.04982,4629
1.05025,4628
1.05067,4627
1.05109,4626
1.05151,4625
1.05193,4624
1.05235,4623
1.05276,4622
1.05318,4621
1.0536,4620
1.05402,4619
1.05444,4618
1.05486,4617
1.05527,4616
1.05569,4615
1.05611,4614
1.05653,4613
1.05694,4612
1.05736,4611
1.05778,4610
1.05819,4609
1.05861,4608
1.05903,4607
1.0612,4606
1.06163,4605
1.06205,4604
1.06247,4603
1.06289,4602
1.06331,4601
1.06373,4600
1.06415,4599
1.06457,4598
1.06498,4597
1.0654,4596
1.06581,4595
1.06623,4594
1.06664,4593
1.06706,4592
1.06748,4591
1.06789,4590
1.06831,4589
1.06873,4588
1.06914,4587
1.06956,4586
1.06998,4585
1.07039,4584
1.07081,4583
1.17465,4582
1.17528,4581
1.17619,4580
1.17676,4579
1.17721,4578
1.17763,4577
1.17805,4576
1.17847,4575
1.17991,4574
1.18516,4573
1.18559,4572
1.18601,4571
1.18643,4570
1.18685,4569
1.18727,4568
1.18769,4567
1.18836,4566
1.18882,4565
1.18965,4564
1.19077,4563
1.19122,4562
1.19165,4561
1.26984,4560
1.27038,4559
1.27092,4558
1.27144,4557
1.27193,4556
1.27243,4555
1.27304,4554
1.27349,4553
1.27393,4552
1.27435,4551
1.27479,4550
1.27538,4549
1.27586,4548
1.27895,4547
1.2794,4546
1.27997,4545
1.2804,4544
1.28096,4543
1.28139,4542
1.28188,4541
1.28231,4540
1.28273,4539
1.28314,4538
1.32686,4537
1.32731,4536
1.32773,4535
1.32815,4534
1.32889,4533
1.33012,4532
1.33054,4531
1.33096,4530
1.33137,4529
1.33179,4528
1.3322,4527
1.33262,4526
1.33303,4525
1.33344,4524
1.33386,4523
1.33427,4522
1.33469,4521
1.3351,4520
1.33552,4519
1.33593,4518
1.33635,4517
1.33676,4516
1.4101,4515
1.4115,4514
1.41223,4513
1.41498,4512
1.41542,4511
1.41584,4510
1.4163,4509
1.41672,4508
1.41792,4507
1.41835,4506
1.41877,4505
1.41918,4504
1.4196,4503
1.42003,4502
1.42045,4501
1.42086,4500
1.42128,4499
1.42169,4498
1.42211,4497
1.42252,4496
1.42293,4495
1.42335,4494
1.42376,4493
1.42417,4492
1.48973,4491
1.49018,4490
1.49061,4489
1.49173,4488
1.49249,4487
1.49292,4486
1.49346,4485
1.49389,4484
1.49431,4483
1.49472,4482
1.49513,4481
1.49555,4480
1.49596,4479
1.49638,4478
1.4976,4477
1.49801,4476
1.49842,4475
1.49883,4474
1.49924,4473
1.49966,4472
1.50007,4471
1.50048,4470
1.56119,4469
1.56163,4468
1.56205,4467
1.56248,4466
1.5629,4465
1.56333,4464
1.56376,4463
1.56419,4462
1.56462,4461
1.56503,4460
1.56544,4459
1.56586,4458
1.56627,4457
1.56668,4456
1.5671,4455
1.56751,4454
1.56792,4453
1.56833,4452
1.56874,4451
1.56916,4450
1.56957,4449
1.56998,4448
1.57041,4447
1.62361,4446
1.62406,4445
1.62448,4444
1.6249,4443
1.62531,4442
1.62573,4441
1.62614,4440
1.62656,4439
1.62697,4438
1.62738,4437
1.62779,4436
1.62901,4435
1.62942,4434
1.62983,4433
1.63026,4432
1.63067,4431
1.63108,4430
1.6315,4429
1.63191,4428
1.63232,4427
1.63273,4426
1.63314,4425
1.6912,4424
1.69164,4423
1.69419,4422
1.69461,4421
1.69503,4420
1.69545,4419
1.69586,4418
1.69627,4417
1.69669,4416
1.6971,4415
1.69752,4414
1.69793,4413
1.69834,4412
1.69876,4411
1.69917,4410
1.69958,4409
1.69999,4408
1.7004,4407
1.70081,4406
1.70123,4405
1.70164,4404
1.70205,4403
1.70246,4402
1.70287,4401
1.76228,4400
1.76274,4399
1.76316,4398
1.76357,4397
1.76398,4396
1.7644,4395
1.76481,4394
1.76522,4393
1.76563,4392
1.76604,4391
1.76645,4390
1.76686,4389
1.76727,4388
1.76768,4387
1.7681,4386
1.7685,4385
1.76891,4384
1.76932,4383
1.76973,4382
1.77014,4381
1.77056,4380
1.77097,4379
1.77138,4378
1.77179,4377
1.7722,4376
1.82212,4375
1.82542,4374
1.82585,4373
1.82709,4372
1.85979,4371
1.86055,4370
1.86105,4369
1.8621,4368
1.86274,4367
1.86316,4366
1.86358,4365
1.86439,4364
1.86486,4363
1.86567,4362
1.86609,4361
1.86651,4360
1.86824,4359
1.86868,4358
1.86909,4357
1.8695,4356
1.86999,4355
1.87193,4354
1.87247,4353
1.8731,4352
1.87365,4351
1.87409,4350
1.87454,4349
1.875,4348
1.87545,4347
1.87587,4346
1.87628,4345
1.87669,4344
1.87714,4343
1.87772,4342
1.87814,4341
1.87915,4340
1.87966,4339
1.88008,4338
1.88051,4337
1.88099,4336
1.88663,4335
1.88731,4334
1.88798,4333
1.88865,4332
1.88908,4331
1.88949,4330
1.8899,4329
1.89032,4328
1.89073,4327
1.89115,4326
1.89172,4325
1.89214,4324
1.8931,4323
1.89383,4322
1.89431,4321
1.89473,4320
1.89514,4319
1.89555,4318
1.89596,4317
1.89637,4316
1.89696,4315
1.89746,4314
1.89817,4313
1.89859,4312
1.899,4311
1.89944,4310
1.89986,4309
1.90028,4308
1.9007,4307
1.90117,4306
1.90159,4305
1.902,4304
1.90241,4303
1.90535,4302
1.9058,4301
1.90622,4300
1.9067,4299
1.90713,4298
1.90757,4297
1.908,4296
1.90843,4295
1.90886,4294
1.90927,4293
2.11052,4292
2.11094,4291
2.11135,4290
2.11177,4289
2.11218,4288
2.11259,4287
2.113,4286
2.1134,4285
2.11381,4284
2.11422,4283
2.11463,4282
2.1151,4281
2.11551,4280
2.11592,4279
2.11633,4278
2.11673,4277
2.11714,4276
2.11755,4275
2.11795,4274
2.11836,4273
2.11877,4272
2.11917,4271
2.11957,4270
2.19784,4269
2.19828,4268
2.1987,4267
2.19911,4266
2.19951,4265
2.19992,4264
2.20033,4263
2.20074,4262
2.20114,4261
2.20155,4260
2.20195,4259
2.20236,4258
2.20276,4257
2.20317,4256
2.20357,4255
2.20397,4254
2.20438,4253
2.20478,4252
2.20519,4251
2.20638,4250
2.20679,4249
2.20719,4248
2.20759,4247
2.27368,4246
2.27461,4245
2.27575,4244
2.27619,4243
2.27662,4242
2.27704,4241
2.27745,4240
2.27786,4239
2.27827,4238
2.27868,4237
2.27908,4236
2.27949,4235
2.27989,4234
2.2803,4233
2.2807,4232
2.28111,4231
2.28151,4230
2.28191,4229
2.28232,4228
2.28272,4227
2.28312,4226
2.28352,4225
2.28393,4224
2.28433,4223
2.3456,4222
2.34605,4221
2.34646,4220
2.34703,4219
2.34745,4218
2.34786,4217
2.34832,4216
2.34874,4215
2.34914,4214
2.34955,4213
2.34996,4212
2.35037,4211
2.35077,4210
2.35118,4209
2.35158,4208
2.35199,4207
2.35239,4206
2.35279,4205
2.3532,4204
2.3536,4203
2.35401,4202
2.35442,4201
2.35482,4200
2.35522,4199
2.4365,4198
2.43694,4197
2.43735,4196
2.43776,4195
2.43817,4194
2.43857,4193
2.43898,4192
2.43938,4191
2.43979,4190
2.44019,4189
2.4406,4188
2.441,4187
2.44141,4186
2.44181,4185
2.44223,4184
2.44263,4183
2.44304,4182
2.44344,4181
2.44384,4180
2.44425,4179
2.44543,4178
2.44584,4177
2.44624,4176
2.48901,4175
2.49069,4174
2.49115,4173
2.49158,4172
2.492,4171
2.49241,4170
2.49282,4169
2.49323,4168
2.49364,4167
2.49405,4166
2.49446,4165
2.49486,4164
2.49527,4163
2.49567,4162
2.49608,4161
2.49648,4160
2.49689,4159
2.49729,4158
2.49769,4157
2.4981,4156
2.4985,4155
2.49892,4154
2.49932,4153
2.49972,4152
2.64946,4151
2.64995,4150
2.6504,4149
2.6508,4148
2.65121,4147
2.65162,4146
2.65202,4145
2.65243,4144
2.65502,4143
2.65561,4142
2.65803,4141
2.65925,4140
2.65969,4139
2.66011,4138
2.66051,4137
2.66092,4136
2.66133,4135
2.66182,4134
2.66231,4133
2.66302,4132
2.66386,4131
2.67229,4130
2.67307,4129
2.67371,4128
2.67414,4127
2.67466,4126
2.67509,4125
2.67551,4124
2.67682,4123
2.67724,4122
2.67766,4121
2.67807,4120
2.67848,4119
2.67889,4118
2.6793,4117
2.67971,4116
2.68011,4115
2.68052,4114
2.68092,4113
2.68133,4112
2.68177,4111
2.68221,4110
2.68263,4109
2.68305,4108
2.68346,4107
2.72756,4106
2.72799,4105
2.73011,4104
2.73054,4103
2.731,4102
2.73143,4101
2.73184,4100
2.73224,4099
2.73264,4098
2.73334,4097
2.73375,4096
2.73421,4095
2.73462,4094
2.73502,4093
2.73542,4092
2.73582,4091
2.73622,4090
2.73662,4089
2.73702,4088
2.73742,4087
2.73782,4086
2.73822,4085
2.73862,4084
2.73902,4083
2.81806,4082
2.81997,4081
2.82048,4080
2.82089,4079
2.8213,4078
2.82171,4077
2.82211,4076
2.82251,4075
2.82291,4074
2.82331,4073
2.82371,4072
2.82411,4071
2.82451,4070
2.82491,4069
2.82531,4068
2.82571,4067
2.82611,4066
2.82651,4065
2.82693,4064
2.82734,4063
2.82774,4062
2.82814,4061
2.82854,4060
2.82894,4059
2.82933,4058
2.89315,4057
2.89359,4056
2.894,4055
2.89443,4054
2.89483,4053
2.89528,4052
2.89569,4051
2.89609,4050
2.89649,4049
2.89688,4048
2.89728,4047
2.89768,4046
2.89808,4045
2.89917,4044
2.89959,4043
2.89999,4042
2.9004,4041
2.9008,4040
2.90122,4039
2.90163,4038
2.90203,4037
2.90243,4036
2.90283,4035
2.90323,4034
2.90365,4033
2.96429,4032
2.96473,4031
2.96957,4030
2.97014,4029
2.97067,4028
2.97126,4027
2.97249,4026
2.97291,4025
2.97332,4024
2.97377,4023
2.97534,4022
2.97578,4021
2.97719,4020
2.9776,4019
2.97802,4018
2.97844,4017
2.97884,4016
2.97925,4015
2.97965,4014
2.98005,4013
2.98045,4012
2.98086,4011
2.98126,4010
3.12483,4009
3.12525,4008
3.12566,4007
3.12606,4006
3.12646,4005
3.12686,4004
3.12726,4003
3.12766,4002
3.12806,4001
3.12846,4000
3.12886,3999
3.12926,3998
3.12965,3997
3.13083,3996
3.13122,3995
3.13162,3994
3.13201,3993
3.13241,3992
3.1328,3991
3.1332,3990
3.1336,3989
3.13399,3988
3.13439,3987
3.20214,3986
3.20257,3985
3.20298,3984
3.20338,3983
3.20378,3982
3.20418,3981
3.20458,3980
3.20498,3979
3.20538,3978
3.20578,3977
3.20617,3976
3.20734,3975
3.20774,3974
3.20814,3973
3.20853,3972
3.20893,3971
3.20933,3970
3.20972,3969
3.21012,3968
3.21051,3967
3.21091,3966
3.2113,3965
3.2117,3964
3.31238,3963
3.31281,3962
3.31328,3961
3.31369,3960
3.31456,3959
3.31531,3958
3.31587,3957
3.3164,3956
3.31681,3955
3.31722,3954
3.31765,3953
3.31808,3952
3.31849,3951
3.31889,3950
3.31929,3949
3.31969,3948
3.32009,3947
3.32048,3946
3.32099,3945
3.3217,3944
3.32224,3943
3.32271,3942
3.32313,3941
3.32354,3940
3.39697,3939
3.39738,3938
3.39832,3937
3.39912,3936
3.39957,3935
3.40036,3934
3.40077,3933
3.40134,3932
3.40174,3931
3.40219,3930
3.4026,3929
3.40402,3928
3.40452,3927
3.40494,3926
3.40535,3925
3.40577,3924
3.40617,3923
3.40657,3922
3.40697,3921
3.40737,3920
3.40777,3919
3.40816,3918
3.40856,3917
3.40896,3916
3.45809,3915
3.45853,3914
3.45913,3913
3.45953,3912
3.46795,3911
3.46848,3910
3.46962,3909
3.47021,3908
3.47062,3907
3.47123,3906
3.47169,3905
3.47209,3904
3.47343,3903
3.47385,3902
3.47429,3901
3.47469,3900
3.47552,3899
3.47592,3898
3.47696,3897
3.47736,3896
3.47816,3895
3.47857,3894
3.47933,3893
3.48031,3892
3.56515,3891
3.56615,3890
3.56658,3889
3.56711,3888
3.56752,3887
3.56793,3886
3.56833,3885
3.56877,3884
3.56918,3883
3.57,3882
3.57053,3881
3.57094,3880
3.57134,3879
3.57177,3878
3.57218,3877
3.57258,3876
3.57298,3875
3.57378,3874
3.57424,3873
3.57467,3872
3.57509,3871
3.57551,3870
3.57591,3869
3.57631,3868
3.65805,3867
3.6585,3866
3.65898,3865
3.65938,3864
3.65978,3863
3.66018,3862
3.66058,3861
3.66098,3860
3.66138,3859
3.66178,3858
3.66217,3857
3.66256,3856
3.66296,3855
3.66335,3854
3.66374,3853
3.66416,3852
3.66499,3851
3.66539,3850
3.66578,3849
3.66618,3848
3.66657,3847
3.667,3846
3.66741,3845
3.66781,3844
3.66821,3843
3.7225,3842
3.7229,3841
3.7233,3840
3.7237,3839
3.72418,3838
3.7246,3837
3.725,3836
3.72539,3835
3.72579,3834
3.72618,3833
3.72658,3832
3.72697,3831
3.72737,3830
3.72776,3829
3.72815,3828
3.72901,3827
3.72941,3826
3.72981,3825
3.7302,3824
3.7306,3823
3.7311,3822
3.73799,3821
3.7384,3820
3.7388,3819
3.73919,3818
3.82566,3817
3.82855,3816
3.82898,3815
3.82937,3814
3.82977,3813
3.83016,3812
3.83056,3811
3.83095,3810
3.83134,3809
3.83174,3808
3.83213,3807
3.83252,3806
3.83291,3805
3.8333,3804
3.83369,3803
3.83408,3802
3.83448,3801
3.83487,3800
3.83526,3799
3.83565,3798
3.83604,3797
3.83643,3796
3.83682,3795
3.83722,3794
3.83761,3793
3.90489,3792
3.90529,3791
3.90587,3790
3.90631,3789
3.90714,3788
3.90755,3787
3.90795,3786
3.90923,3785
3.90965,3784
3.91004,3783
3.91044,3782
3.91084,3781
3.91124,3780
3.91163,3779
3.91202,3778
3.91242,3777
3.91281,3776
3.9132,3775
3.91393,3774
3.91434,3773
3.91474,3772
3.91522,3771
3.91562,3770
3.91605,3769
3.91672,3768
3.91714,3767
3.91767,3766
3.91809,3765
3.9185,3764
3.9189,3763
3.91935,3762
3.91982,3761
3.92029,3760
3.9207,3759
3.92198,3758
3.92239,3757
3.92279,3756
3.92322,3755
3.92362,3754
3.92404,3753
3.92448,3752
3.92501,3751
3.92545,3750
3.92585,3749
3.92625,3748
3.92664,3747
4.05408,3746
4.05598,3745
4.05641,3744
4.05768,3743
4.05896,3742
4.05959,3741
4.05999,3740
4.06039,3739
4.06078,3738
4.06117,3737
4.06157,3736
4.06196,3735
4.06235,3734
4.06274,3733
4.06389,3732
4.06428,3731
4.06467,3730
4.06506,3729
4.06545,3728
4.06584,3727
4.06623,3726
4.11068,3725
4.11111,3724
4.11151,3723
4.1119,3722
4.11229,3721
4.11268,3720
4.11307,3719
4.11346,3718
4.11386,3717
4.11425,3716
4.11464,3715
4.11503,3714
4.11542,3713
4.11657,3712
4.11696,3711
4.11735,3710
4.11774,3709
4.11813,3708
4.11852,3707
4.11892,3706
4.11933,3705
4.11972,3704
4.12012,3703
4.12051,3702
4.18358,3701
4.18648,3700
4.18688,3699
4.18832,3698
4.18872,3697
4.18911,3696
4.1895,3695
4.1899,3694
4.19029,3693
4.19068,3692
4.19107,3691
4.19222,3690
4.19261,3689
4.193,3688
4.19338,3687
4.19377,3686
4.1943,3685
4.1947,3684
4.19509,3683
4.19549,3682
4.19588,3681
4.19627,3680
4.19666,3679
4.2737,3678
4.27437,3677
4.27477,3676
4.28009,3675
4.28048,3674
4.28087,3673
4.28126,3672
4.28165,3671
4.28205,3670
4.28243,3669
4.28282,3668
4.28321,3667
4.2836,3666
4.28399,3665
4.28438,3664
4.28477,3663
4.28515,3662
4.28554,3661
4.28593,3660
4.28631,3659
4.2867,3658
4.28708,3657
4.28747,3656
4.32631,3655
4.32674,3654
4.32714,3653
4.32753,3652
4.32792,3651
4.32831,3650
4.3287,3649
4.32909,3648
4.32952,3647
4.32991,3646
4.33031,3645
4.3307,3644
4.33109,3643
4.33148,3642
4.33186,3641
4.33225,3640
4.33264,3639
4.33303,3638
4.33342,3637
4.3338,3636
4.33419,3635
4.33458,3634
4.33496,3633
4.33535,3632
4.33573,3631
4.33612,3630
4.41673,3629
4.41715,3628
4.41754,3627
4.41794,3626
4.41833,3625
4.41871,3624
4.4191,3623
4.41949,3622
4.41987,3621
4.42026,3620
4.42115,3619
4.42156,3618
4.42195,3617
4.42234,3616
4.42273,3615
4.42312,3614
4.42351,3613
4.42389,3612
4.42428,3611
4.42467,3610
4.42506,3609
4.42544,3608
4.42614,3607
4.42675,3606
4.42729,3605
4.42941,3604
4.4298,3603
4.43019,3602
4.43062,3601
4.43113,3600
4.43157,3599
4.43197,3598
4.43237,3597
4.43276,3596
4.43314,3595
4.43353,3594
4.43392,3593
4.4343,3592
4.43469,3591
4.43508,3590
4.43547,3589
4.43585,3588
4.43624,3587
4.43662,3586
4.43701,3585
4.43739,3584
4.43777,3583
4.52753,3582
4.52794,3581
4.52833,3580
4.52872,3579
4.52911,3578
4.5295,3577
4.52988,3576
4.53027,3575
4.53066,3574
4.53112,3573
4.53153,3572
4.53193,3571
4.53231,3570
4.5327,3569
4.53309,3568
4.53351,3567
4.5339,3566
4.53581,3565
4.53621,3564
4.5366,3563
4.53698,3562
4.64818,3561
4.64976,3560
4.65057,3559
4.65133,3558
4.65173,3557
4.65306,3556
4.6536,3555
4.65401,3554
4.6544,3553
4.65555,3552
4.65593,3551
4.65642,3550
4.65682,3549
4.65738,3548
4.65791,3547
4.65936,3546
4.65975,3545
4.66015,3544
4.66053,3543
4.71101,3542
4.71143,3541
4.71183,3540
4.71222,3539
4.71261,3538
4.713,3537
4.71339,3536
4.71377,3535
4.71491,3534
4.71529,3533
4.71568,3532
4.71606,3531
4.71719,3530
4.71762,3529
4.71875,3528
4.71913,3527
4.71951,3526
4.7199,3525
4.72028,3524
4.72066,3523
4.77702,3522
4.77744,3521
4.77783,3520
4.77822,3519
4.77936,3518
4.77975,3517
4.78014,3516
4.78052,3515
4.78091,3514
4.78129,3513
4.78168,3512
4.78206,3511
4.78244,3510
4.78287,3509
4.78327,3508
4.78366,3507
4.78405,3506
4.78444,3505
4.78483,3504
4.78521,3503
4.7856,3502
4.78598,3501
4.78636,3500
4.78675,3499
4.85585,3498
4.85625,3497
4.85664,3496
4.85703,3495
4.85742,3494
4.85781,3493
4.85819,3492
4.85858,3491
4.85896,3490
4.85935,3489
4.86123,3488
4.86162,3487
4.862,3486
4.86238,3485
4.86277,3484
4.86315,3483
4.86353,3482
4.86391,3481
4.86429,3480
4.86466,3479
4.86505,3478
4.86543,3477
4.9282,3476
4.92935,3475
4.92974,3474
4.93013,3473
4.93051,3472
4.9309,3471
4.93128,3470
4.93166,3469
4.93205,3468
4.93243,3467
4.93355,3466
4.93393,3465
4.93432,3464
4.93471,3463
4.93509,3462
4.93547,3461
4.93585,3460
4.93624,3459
4.93662,3458
4.937,3457
4.93738,3456
4.93777,3455
4.98084,3454
4.98447,3453
4.9849,3452
4.98773,3451
4.98826,3450
4.98866,3449
4.98911,3448
4.98952,3447
4.98991,3446
4.9903,3445
4.99072,3444
4.99111,3443
4.99149,3442
4.99199,3441
4.99279,3440
4.9932,3439
4.99359,3438
4.99398,3437
4.99437,3436
4.99478,3435
4.99516,3434
4.99555,3433
4.99594,3432
4.99632,3431
4.99671,3430
5.07484,3429
5.07599,3428
5.0764,3427
5.07888,3426
5.07928,3425
5.07967,3424
5.08005,3423
5.08044,3422
5.08082,3421
5.0812,3420
5.08158,3419
5.08196,3418
5.08235,3417
5.08273,3416
5.08311,3415
5.08349,3414
5.08387,3413
5.08499,3412
5.08537,3411
5.08649,3410
5.14138,3409
5.1418,3408
5.14218,3407
5.14257,3406
5.14295,3405
5.14333,3404
5.14371,3403
5.14409,3402
5.14447,3401
5.14486,3400
5.14524,3399
5.14562,3398
5.146,3397
5.14638,3396
5.14676,3395
5.14806,3394
5.14845,3393
5.14883,3392
5.14922,3391
5.1496,3390
5.14998,3389
5.15037,3388
5.15075,3387
5.23721,3386
5.24188,3385
5.24231,3384
5.2427,3383
5.24309,3382
5.2435,3381
5.2439,3380
5.24429,3379
5.24467,3378
5.24506,3377
5.24544,3376
5.24582,3375
5.2462,3374
5.24732,3373
5.24771,3372
5.24809,3371
5.24847,3370
5.24884,3369
5.24925,3368
5.24963,3367
5.25009,3366
5.25074,3365
5.25117,3364
5.2524,3363
5.25281,3362
5.25395,3361
5.25436,3360
5.25491,3359
5.25533,3358
5.2568,3357
5.25734,3356
5.25776,3355
5.25815,3354
5.25854,3353
5.25892,3352
5.2593,3351
5.25968,3350
5.26008,3349
5.26052,3348
5.26268,3347
5.26308,3346
5.26347,3345
5.26389,3344
5.26429,3343
5.26467,3342
5.26506,3341
5.26544,3340
5.26583,3339
5.26626,3338
5.26666,3337
5.26794,3336
5.26833,3335
5.26873,3334
5.26911,3333
5.26949,3332
5.26988,3331
5.27026,3330
5.27064,3329
5.27103,3328
5.27141,3327
5.27179,3326
5.42758,3325
5.42799,3324
5.4284,3323
5.4288,3322
5.42998,3321
5.62537,3320
5.62587,3319
5.62627,3318
5.62666,3317
5.62704,3316
5.62743,3315
5.62781,3314
5.62819,3313
5.62959,3312
5.63,3311
5.6304,3310
5.6309,3309
5.71972,3308
5.72013,3307
5.72052,3306
5.7209,3305
5.7213,3304
5.72218,3303
5.72264,3302
5.7239,3301
5.72482,3300
5.72521,3299
5.7256,3298
5.72598,3297
5.72636,3296
5.72674,3295
5.72764,3294
5.87377,3293
5.87417,3292
5.87476,3291
5.87522,3290
5.87561,3289
5.876,3288
5.87641,3287
5.87694,3286
5.87734,3285
5.87772,3284
5.87811,3283
5.87849,3282
5.87888,3281
5.87926,3280
5.88038,3279
5.88102,3278
5.88142,3277
5.8818,3276
5.88218,3275
5.88256,3274
5.88506,3273
5.94529,3272
5.9457,3271
5.94609,3270
5.94647,3269
5.94685,3268
5.94723,3267
5.94761,3266
5.94799,3265
5.94837,3264
5.94875,3263
5.94912,3262
5.9495,3261
5.94988,3260
5.95025,3259
5.95063,3258
5.95101,3257
5.95285,3256
5.95323,3255
5.95381,3254
5.9542,3253
5.95459,3252
5.95497,3251
5.95535,3250
6.01199,3249
6.01238,3248
6.01351,3247
6.0139,3246
6.01427,3245
6.01465,3244
6.01504,3243
6.01542,3242
6.01579,3241
6.01617,3240
6.01656,3239
6.01693,3238
6.01731,3237
6.01769,3236
6.01807,3235
6.01845,3234
6.01883,3233
6.0192,3232
6.01958,3231
6.02003,3230
6.02041,3229
6.02078,3228
6.02116,3227
6.02153,3226
6.1013,3225
6.10171,3224
6.10209,3223
6.10247,3222
6.10285,3221
6.10332,3220
6.10374,3219
6.10413,3218
6.10451,3217
6.1049,3216
6.10748,3215
6.10786,3214
6.10823,3213
6.10861,3212
6.10898,3211
6.10936,3210
6.10976,3209
6.11015,3208
6.11054,3207
6.11092,3206
6.19223,3205
6.19267,3204
6.19306,3203
6.19475,3202
6.19515,3201
6.19652,3200
6.19697,3199
6.19738,3198
6.19777,3197
6.19905,3196
6.19944,3195
6.19982,3194
6.20019,3193
6.20057,3192
6.20095,3191
6.20135,3190
6.20173,3189
6.20211,3188
6.20248,3187
6.20285,3186
6.20323,3185
6.20364,3184
6.20402,3183
6.2044,3182
6.28183,3181
6.28222,3180
6.2834,3179
6.2838,3178
6.28418,3177
6.28456,3176
6.28494,3175
6.28532,3174
6.28572,3173
6.2861,3172
6.28651,3171
6.2869,3170
6.28802,3169
6.2884,3168
6.28877,3167
6.28915,3166
6.28953,3165
6.2899,3164
6.29028,3163
6.29066,3162
6.29103,3161
6.2914,3160
6.35203,3159
6.35272,3158
6.35321,3157
6.35359,3156
6.35397,3155
6.35436,3154
6.35483,3153
6.35532,3152
6.35575,3151
6.35662,3150
6.357,3149
6.35738,3148
6.35775,3147
6.35813,3146
6.3585,3145
6.35961,3144
6.35999,3143
6.36036,3142
6.36074,3141
6.37402,3140
6.37443,3139
6.37482,3138
6.3756,3137
6.37598,3136
6.37659,3135
6.37771,3134
6.37809,3133
6.37847,3132
6.37884,3131
6.37922,3130
6.37959,3129
6.38005,3128
6.38044,3127
6.38302,3126
6.3834,3125
6.38378,3124
6.38415,3123
6.38452,3122
6.55697,3121
6.55739,3120
6.55815,3119
6.55945,3118
6.55983,3117
6.56021,3116
6.56058,3115
6.56171,3114
6.56209,3113
6.56247,3112
6.56284,3111
6.56322,3110
6.56359,3109
6.56403,3108
6.56442,3107
6.5648,3106
6.56518,3105
6.56562,3104
6.56675,3103
6.56786,3102
6.61806,3101
6.6192,3100
6.62087,3099
6.6213,3098
6.62171,3097
6.62211,3096
6.62252,3095
6.62297,3094
6.62344,3093
6.62383,3092
6.62421,3091
6.62619,3090
6.62661,3089
6.627,3088
6.62739,3087
6.62776,3086
6.62814,3085
6.62851,3084
6.62914,3083
6.62953,3082
6.62991,3081
6.71692,3080
6.72176,3079
6.72215,3078
6.72252,3077
6.7229,3076
6.72402,3075
6.7244,3074
6.72478,3073
6.72515,3072
6.72551,3071
6.72589,3070
6.72626,3069
6.72663,3068
6.727,3067
6.72738,3066
6.72775,3065
6.72812,3064
6.81651,3063
6.81696,3062
6.82108,3061
6.82149,3060
6.82231,3059
6.82272,3058
6.8231,3057
6.82347,3056
6.82385,3055
6.82784,3054
6.82822,3053
6.82859,3052
6.88951,3051
6.88994,3050
6.89088,3049
6.89133,3048
6.89249,3047
6.89295,3046
6.89335,3045
6.89373,3044
6.8941,3043
6.89521,3042
6.89558,3041
6.89667,3040
6.89705,3039
6.8975,3038
6.89869,3037
6.89908,3036
6.96079,3035
6.98135,3034
6.98177,3033
6.98216,3032
6.98254,3031
6.98291,3030
6.98329,3029
6.98368,3028
6.98406,3027
6.98443,3026
6.98481,3025
6.98518,3024
6.98556,3023
6.98665,3022
6.98703,3021
6.98813,3020
6.98851,3019
6.98888,3018
6.98926,3017
6.98962,3016
6.98999,3015
7.06114,3014
7.06153,3013
7.06192,3012
7.06229,3011
7.06267,3010
7.06378,3009
7.06415,3008
7.06452,3007
7.06649,3006
7.0681,3005
7.06939,3004
7.06977,3003
7.07089,3002
7.07126,3001
7.07163,3000
7.07204,2999
7.07242,2998
7.07279,2997
7.1614,2996
7.16255,2995
7.16424,2994
7.16551,2993
7.16592,2992
7.1663,2991
7.16668,2990
7.16705,2989
7.16891,2988
7.17001,2987
7.1704,2986
7.17245,2985
7.17286,2984
7.17343,2983
7.17457,2982
7.17495,2981
7.17646,2980
7.1775,2979
7.1779,2978
7.2911,2977
7.29153,2976
7.29191,2975
7.29229,2974
7.29266,2973
7.29304,2972
7.29341,2971
7.29378,2970
7.29416,2969
7.29453,2968
7.2949,2967
7.29601,2966
7.29637,2965
7.29675,2964
7.29784,2963
7.29821,2962
7.29858,2961
7.29895,2960
7.29932,2959
7.29969,2958
7.30005,2957
7.30042,2956
7.35136,2955
7.35791,2954
7.35904,2953
7.36018,2952
7.36565,2951
7.3661,2950
7.36775,2949
7.36815,2948
7.36852,2947
7.36889,2946
7.36926,2945
7.37121,2944
7.3716,2943
7.37199,2942
7.37236,2941
7.45902,2940
7.45945,2939
7.45987,2938
7.46024,2937
7.46062,2936
7.461,2935
7.46137,2934
7.46174,2933
7.46317,2932
7.46427,2931
7.46465,2930
7.46501,2929
7.46538,2928
7.46719,2927
7.52477,2926
7.5273,2925
7.53075,2924
7.53734,2923
7.53822,2922
7.53861,2921
7.53923,2920
7.53962,2919
7.54,2918
7.54037,2917
7.54076,2916
7.54116,2915
7.54153,2914
7.54337,2913
7.54447,2912
7.54485,2911
7.54521,2910
7.54558,2909
7.54595,2908
7.54631,2907
7.64211,2906
7.6425,2905
7.64287,2904
7.64397,2903
7.64437,2902
7.64476,2901
7.64513,2900
7.64941,2899
7.65006,2898
7.65044,2897
7.65081,2896
7.65117,2895
7.65155,2894
7.65191,2893
7.65228,2892
7.65265,2891
7.71814,2890
7.71859,2889
7.71908,2888
7.72944,2887
7.72984,2886
7.73021,2885
7.73203,2884
7.7324,2883
7.73277,2882
7.73393,2881
7.79955,2880
7.79995,2879
7.80032,2878
7.80073,2877
7.80113,2876
7.80151,2875
7.80332,2874
7.80441,2873
7.80549,2872
7.80656,2871
7.80764,2870
7.89461,2869
7.89504,2868
7.89697,2867
7.89737,2866
7.90179,2865
7.90382,2864
7.90444,2863
7.90505,2862
7.90553,2861
7.90595,2860
7.90636,2859
7.90767,2858
7.90804,2857
7.90841,2856
7.9102,2855
7.9144,2854
7.91483,2853
7.91521,2852
7.91558,2851
7.91595,2850
7.91632,2849
7.91669,2848
7.91817,2847
7.91896,2846
7.9195,2845
7.92061,2844
7.921,2843
7.92136,2842
7.92257,2841
7.92299,2840
7.92346,2839
7.92479,2838
8.0215,2837
8.02266,2836
8.02304,2835
8.02341,2834
8.02524,2833
8.02561,2832
8.02598,2831
8.02634,2830
8.02671,2829
8.02708,2828
8.02744,2827
8.0278,2826
8.02818,2825
8.03069,2824
8.03106,2823
8.03142,2822
8.11061,2821
8.111,2820
8.11137,2819
8.11174,2818
8.11284,2817
8.11321,2816
8.11502,2815
8.11539,2814
8.11576,2813
8.11828,2812
8.11936,2811
8.11973,2810
8.1201,2809
8.1821,2808
8.18252,2807
8.18289,2806
8.18327,2805
8.18364,2804
8.18544,2803
8.18803,2802
8.18841,2801
8.18878,2800
8.18915,2799
8.18953,2798
8.18989,2797
8.19025,2796
8.26146,2795
8.26184,2794
8.26224,2793
8.26261,2792
8.26298,2791
8.26623,2790
8.2666,2789
8.26776,2788
8.26813,2787
8.26849,2786
8.2696,2785
8.26996,2784
8.27032,2783
8.30571,2782
8.30686,2781
8.30945,2780
8.30983,2779
8.31019,2778
8.31057,2777
8.31095,2776
8.31132,2775
8.31171,2774
8.31208,2773
8.31245,2772
8.31282,2771
8.31391,2770
8.39708,2769
8.39748,2768
8.39787,2767
8.39823,2766
8.39861,2765
8.39897,2764
8.39934,2763
8.39971,2762
8.40597,2761
8.40636,2760
8.40673,2759
8.4071,2758
8.40747,2757
8.44421,2756
8.44538,2755
8.44717,2754
8.44828,2753
8.44865,2752
8.44973,2751
8.45009,2750
8.45187,2749
8.50804,2748
8.51132,2747
8.57085,2746
8.57628,2745
8.57789,2744
8.57831,2743
8.57881,2742
8.58101,2741
8.58145,2740
8.58196,2739
8.58269,2738
8.58313,2737
8.71339,2736
8.71618,2735
8.71666,2734
8.71873,2733
8.77116,2732
8.77245,2731
8.773,2730
8.77342,2729
8.77378,2728
8.77532,2727
8.81363,2726
8.81404,2725
8.81441,2724
8.8148,2723
8.82918,2722
8.82961,2721
8.83601,2720
8.83655,2719
8.83772,2718
8.83893,2717
8.83931,2716
8.83968,2715
8.84005,2714
8.84043,2713
8.84081,2712
8.84119,2711
8.84156,2710
8.84192,2709
8.84229,2708
9.23612,2707
9.3415,2706
9.34316,2705
9.34355,2704
9.3586,2703
9.35901,2702
9.36081,2701
9.36118,2700
9.36154,2699
9.3619,2698
9.36227,2697
9.38095,2696
9.38138,2695
9.38255,2694
9.38862,2693
9.38902,2692
9.38941,2691
9.38982,2690
9.39093,2689
9.47519,2688
9.47557,2687
9.47596,2686
9.48352,2685
9.4846,2684
9.55666,2683
9.55708,2682
9.55746,2681
9.55784,2680
9.55821,2679
9.55858,2678
9.56314,2677
9.56354,2676
9.66568,2675
9.66679,2674
9.66715,2673
9.66751,2672
9.66859,2671
9.67037,2670
9.75059,2669
9.75096,2668
9.75132,2667
9.75238,2666
9.79932,2665
9.80053,2664
9.80164,2663
9.80201,2662
9.80667,2661
9.80705,2660
9.80741,2659
9.9023,2658
9.90285,2657
9.90884,2656
9.91061,2655
9.91116,2654
9.91166,2653
9.91206,2652
9.94688,2651
9.94734,2650
9.94992,2649
9.95184,2648
10.1303,2647
10.1328,2646
10.1332,2645
10.1335,2644
10.1961,2643
10.1965,2642
10.1969,2641
10.2003,2640
10.2044,2639
10.2047,2638
10.2051,2637
10.2055,2636
10.267,2635
10.2681,2634
10.2685,2633
10.2689,2632
10.2707,2631
10.2711,2630
10.2714,2629
10.2718,2628
10.3399,2627
10.3417,2626
10.3421,2625
10.3424,2624
10.3428,2623
10.6832,2622
10.7227,2621
11.0063,2620
11.0068,2619
11.0071,2618
11.0075,2617
11.0079,2616
11.009,2615
11.0101,2614
11.0105,2613
11.0116,2612
11.0867,2611
11.0871,2610
11.088,2609
11.0892,2608
11.0896,2607
11.097,2606
11.0974,2605
11.0979,2604
11.1804,2603
11.182,2602
11.1825,2601
11.1831,2600
11.1836,2599
11.1851,2598
11.1874,2597
11.1888,2596
11.1892,2595
11.1896,2594
13.4276,2593
13.4294,2592
13.4298,2591
13.4302,2590
13.4305,2589
13.4309,2588
13.4696,2587
13.473,2586
13.4734,2585
13.7459,2584
13.747,2583
13.7474,2582
13.752,2581
13.7524,2580
13.7527,2579
13.7931,2578
13.7935,2577
13.9702,2576
13.9706,2575
13.9716,2574
14.0389,2573
14.0417,2572
14.0432,2571
14.0436,2570
14.044,2569
14.2798,2568
14.2816,2567
14.2819,2566
14.314,2565
14.3144,2564
17.4007,2563
17.4011,2562
17.4037,2561
17.404,2560
17.4044,2559
17.4048,2558
17.4051,2557
18.1249,2556
18.1253,2555
18.5874,2554
18.9647,2553
19.3052,2552
19.7049,2551
20.0917,2550
20.0979,2549
20.3937,2548
20.7553,2547
20.7557,2546
20.756,2545
20.7564,2544
22.1734,2543
22.5229,2542
22.5253,2541
22.5257,2540
23.0127,2539
23.0131,2538
23.0135,2537
23.0831,2536
23.0842,2535
23.0853,2534
23.0864,2533
23.0867,2532
23.2332,2531
23.2336,2530
23.2361,2529
23.2365,2528
23.2369,2527
23.2373,2526
23.2377,2525
23.238,2524
24.3776,2523
24.3779,2522
24.3797,2521
24.3823,2520
24.5528,2519
24.5531,2518
24.5578,2517
24.6172,2516
24.6176,2515
24.6187,2514
24.6191,2513
24.6205,2512
24.6209,2511
24.704,2510
24.7044,2509
25.4737,2508
26.9748,2507
26.9765,2506
26.9769,2505
27.4467,2504
27.4972,2503
27.4976,2502
27.498,2501
27.4984,2500
27.4987,2499
27.5006,2498
27.5009,2497
27.5013,2496
27.5017,2495
27.502,2494
27.8136,2493
27.9589,2492
28.2539,2491
28.2544,2490
28.2547,2489
28.2587,2488
28.259,2487
28.2594,2486
28.3654,2485
28.3658,2484
29.8895,2483
29.8913,2482
29.8931,2481
29.9013,2480
29.9017,2479
29.9684,2478
31.6449,2477
31.9887,2476
31.9899,2475
31.9903,2474
32.0369,2473
32.038,2472
32.1153,2471
32.1846,2470
32.1874,2469
32.1878,2468
32.1945,2467
32.1949,2466
32.3137,2465
32.314,2464
32.3168,2463
32.3172,2462
34.2418,2461
34.2422,2460
34.2425,2459
34.25,2458
34.3743,2457
34.3787,2456
34.3792,2455
34.6925,2454
34.695,2453
34.7524,2452
34.7528,2451
34.7532,2450
34.7535,2449
34.7539,2448
34.9003,2447
34.9021,2446
34.9032,2445
38.7048,2444
38.7051,2443
38.7069,2442
38.7073,2441
38.7091,2440
38.711,2439
39.7923,2438
39.7927,2437
39.796,2436
39.7971,2435
39.8884,2434
40.1405,2433
40.8974,2432
40.8985,2431
40.8989,2430
40.8993,2429
40.8996,2428
41.0486,2427
44.1635,2426
47.8947,2425
47.8964,2424
47.9643,2423
48.2096,2422
48.21,2421
48.2103,2420
48.2649,2419
48.2653,2418
48.2664,2417
48.2668,2416
48.3421,2415
48.3937,2414
48.398,2413
48.3984,2412
48.4657,2411
48.4738,2410
48.4742,2409
48.8072,2408
48.8148,2407
49.5785,2406
49.6233,2405
49.6237,2404
49.6241,2403
49.6323,2402
49.6327,2401
49.6337,2400
49.6341,2399
49.6948,2398
53.7466,2397
53.747,2396
53.7503,2395
53.7507,2394
53.7511,2393
53.7514,2392
60.4958,2391
60.4962,2390
60.4966,2389
60.497,2388
60.5016,2387
60.5027,2386
60.503,2385
60.5034,2384
60.571,2383
60.5758,2382
60.5762,2381
60.5765,2380
60.5769,2379
62.1279,2378
62.2716,2377
62.272,2376
62.2723,2375
62.2727,2374
62.2731,2373
62.2735,2372
62.3657,2371
72.4243,2370
72.4257,2369
72.4276,2368
75.6714,2367
75.6726,2366
75.673,2365
75.6734,2364
75.6737,2363
75.6741,2362
75.6745,2361
76.9321,2360
76.9324,2359
76.9328,2358
77.0219,2357
77.0714,2356
77.0718,2355
77.0722,2354
77.0732,2353
77.0736,2352
77.0739,2351
118.59,2350
118.59,2349
118.59,2348
118.592,2347
133.133,2346
133.133,2345
133.133,2344
152.294,2343
175.371,2342
175.651,2341
175.652,2340
175.652,2339
175.655,2338
175.655,2337
175.655,2336
175.775,2335
175.775,2334
175.781,2333
175.781,2332
175.783,2331
175.783,2330
175.784,2329
175.843,2328
264.352,2327
264.354,2326
264.355,2325
264.456,2324
264.457,2323
264.46,2322
264.56,2321
264.56,2320
264.561,2319
264.561,2318
264.561,2317
321.102,2316
1295.55,2315
1295.55,2314
