0.000476668,4940
0.000930087,4939
0.00136547,4938
0.00179671,4937
0.00222733,4936
0.00265853,4935
0.00309028,4934
0.00352135,4933
0.00395102,4932
0.0043808,4931
0.00483496,4930
0.0052662,4929
0.00569472,4928
0.00612265,4927
0.0065516,4926
0.00698051,4925
0.0345807,4924
0.0350316,4923
0.0354678,4922
0.0359069,4921
0.03634,4920
0.0367734,4919
0.0372062,4918
0.0376358,4917
0.0380665,4916
0.0392432,4915
0.0396798,4914
0.040112,4913
0.0405417,4912
0.0409724,4911
0.0414016,4910
0.0446088,4909
0.0450725,4908
0.0455054,4907
0.0459378,4906
0.046406,4905
0.0468474,4904
0.0473608,4903
0.0477965,4902
0.0864532,4901
0.087218,4900
0.0876529,4899
0.0886192,4898
0.091026,4897
0.0914696,4896
0.0919012,4895
0.09233,4894
0.0927602,4893
0.0931903,4892
0.0936195,4891
0.0940486,4890
0.0944779,4889
0.0949059,4888
0.0953351,4887
0.0957632,4886
0.09619,4885
0.0966171,4884
0.0970449,4883
0.097473,4882
0.0979004,4881
0.0983274,4880
0.0987559,4879
0.144448,4878
0.14728,4877
0.147728,4876
0.14816,4875
0.14859,4874
0.14902,4873
0.149498,4872
0.149934,4871
0.150363,4870
0.150824,4869
0.151259,4868
0.151716,4867
0.152146,4866
0.152575,4865
0.153001,4864
0.153428,4863
0.153854,4862
0.154281,4861
0.154707,4860
0.155133,4859
0.15556,4858
0.155986,4857
0.156412,4856
0.23488,4855
0.235339,4854
0.235768,4853
0.236197,4852
0.236625,4851
0.237052,4850
0.237478,4849
0.237905,4848
0.238333,4847
0.238758,4846
0.239183,4845
0.239609,4844
0.240034,4843
0.240459,4842
0.240955,4841
0.241384,4840
0.241811,4839
0.242237,4838
0.242661,4837
0.243087,4836
0.243511,4835
0.243936,4834
0.244364,4833
0.311937,4832
0.312389,4831
0.312819,4830
0.313246,4829
0.313671,4828
0.314099,4827
0.314527,4826
0.314953,4825
0.315377,4824
0.315803,4823
0.316227,4822
0.316652,4821
0.317076,4820
0.317504,4819
0.335594,4818
0.337701,4817
0.338143,4816
0.338573,4815
0.338999,4814
0.339428,4813
0.339853,4812
0.340282,4811
0.340708,4810
0.385435,4809
0.387631,4808
0.388075,4807
0.388504,4806
0.388932,4805
0.389359,4804
0.389785,4803
0.390209,4802
0.390635,4801
0.39106,4800
0.391485,4799
0.391908,4798
0.392334,4797
0.392759,4796
0.393183,4795
0.393606,4794
0.394028,4793
0.39445,4792
0.394874,4791
0.395311,4790
0.395748,4789
0.396174,4788
0.3966,4787
0.483003,4786
0.484181,4785
0.485287,4784
0.485762,4783
0.488684,4782
0.496574,4781
0.497096,4780
0.497613,4779
0.498085,4778
0.498563,4777
0.499077,4776
0.499522,4775
0.499956,4774
0.500382,4773
0.500873,4772
0.5014,4771
0.502075,4770
0.503599,4769
0.504035,4768
0.504512,4767
0.504945,4766
0.505372,4765
0.510456,4764
0.510936,4763
0.511594,4762
0.51222,4761
0.513085,4760
0.513539,4759
0.513969,4758
0.514396,4757
0.514821,4756
0.515245,4755
0.515786,4754
0.516265,4753
0.517039,4752
0.518072,4751
0.518593,4750
0.519027,4749
0.519465,4748
0.519895,4747
0.520323,4746
0.520789,4745
0.521414,4744
0.522013,4743
0.522444,4742
0.522906,4741
0.523363,4740
0.523795,4739
0.52422,4738
0.524644,4737
0.525067,4736
0.525491,4735
0.525931,4734
0.526362,4733
0.526785,4732
0.527208,4731
0.527632,4730
0.528053,4729
0.528475,4728
0.528934,4727
0.529355,4726
0.529807,4725
0.530229,4724
0.530651,4723
0.531102,4722
0.531539,4721
0.531967,4720
0.532417,4719
0.532842,4718
0.533278,4717
0.533708,4716
0.534134,4715
0.534557,4714
0.535069,4713
0.535582,4712
0.536017,4711
0.536442,4710
0.536904,4709
0.537331,4708
0.537756,4707
0.538218,4706
0.538649,4705
0.539077,4704
0.539516,4703
0.539976,4702
0.540459,4701
0.540941,4700
0.541372,4699
0.541796,4698
0.542219,4697
0.747916,4696
0.753286,4695
0.753756,4694
0.754185,4693
0.754611,4692
0.755036,4691
0.755461,4690
0.755883,4689
0.756305,4688
0.756724,4687
0.757146,4686
0.757566,4685
0.757992,4684
0.758413,4683
0.758835,4682
0.759256,4681
0.759676,4680
0.760098,4679
0.760519,4678
0.760938,4677
0.761378,4676
0.761801,4675
0.762222,4674
0.818551,4673
0.824356,4672
0.825158,4671
0.828469,4670
0.828919,4669
0.82937,4668
0.829794,4667
0.830217,4666
0.830717,4665
0.831139,4664
0.831559,4663
0.831983,4662
0.832403,4661
0.832825,4660
0.833244,4659
0.833666,4658
0.834085,4657
0.834506,4656
0.834923,4655
0.835344,4654
0.835764,4653
0.836524,4652
0.837014,4651
0.837447,4650
0.837868,4649
0.838289,4648
0.838714,4647
0.83914,4646
0.83956,4645
0.839981,4644
0.840399,4643
0.84082,4642
0.841238,4641
0.84166,4640
0.842079,4639
0.842501,4638
0.84292,4637
0.843343,4636
0.843764,4635
0.844182,4634
0.8446,4633
0.845019,4632
0.845436,4631
0.845855,4630
0.846273,4629
1.01724,4628
1.01877,4627
1.0192,4626
1.01962,4625
1.02005,4624
1.02047,4623
1.0209,4622
1.02132,4621
1.02174,4620
1.02216,4619
1.02258,4618
1.023,4617
1.02342,4616
1.02384,4615
1.02426,4614
1.02468,4613
1.0251,4612
1.02552,4611
1.02594,4610
1.02636,4609
1.02678,4608
1.0272,4607
1.02761,4606
1.02803,4605
1.06774,4604
1.06817,4603
1.06859,4602
1.06906,4601
1.06948,4600
1.0699,4599
1.07032,4598
1.07074,4597
1.07116,4596
1.07157,4595
1.07199,4594
1.07241,4593
1.07283,4592
1.07324,4591
1.07366,4590
1.07407,4589
1.07449,4588
1.0749,4587
1.07532,4586
1.07573,4585
1.07615,4584
1.07656,4583
1.07698,4582
1.0774,4581
1.17003,4580
1.17052,4579
1.17095,4578
1.17137,4577
1.17291,4576
1.17377,4575
1.17434,4574
1.17477,4573
1.1752,4572
1.17561,4571
1.17603,4570
1.17645,4569
1.17687,4568
1.17729,4567
1.1779,4566
1.17835,4565
1.18041,4564
1.18176,4563
1.18262,4562
1.18313,4561
1.1843,4560
1.18551,4559
1.25692,4558
1.25735,4557
1.25778,4556
1.2582,4555
1.25861,4554
1.25903,4553
1.25965,4552
1.26015,4551
1.26058,4550
1.26106,4549
1.26161,4548
1.26212,4547
1.26257,4546
1.26304,4545
1.26347,4544
1.26389,4543
1.26457,4542
1.26521,4541
1.26603,4540
1.26703,4539
1.26746,4538
1.26791,4537
1.26834,4536
1.31126,4535
1.31168,4534
1.3121,4533
1.31252,4532
1.31293,4531
1.31335,4530
1.31377,4529
1.31418,4528
1.3146,4527
1.31501,4526
1.31547,4525
1.31589,4524
1.31631,4523
1.31672,4522
1.31714,4521
1.31755,4520
1.31797,4519
1.31838,4518
1.38995,4517
1.39039,4516
1.39326,4515
1.3937,4514
1.39412,4513
1.39511,4512
1.39553,4511
1.39595,4510
1.39637,4509
1.39679,4508
1.3972,4507
1.39762,4506
1.39803,4505
1.39845,4504
1.39886,4503
1.39928,4502
1.39971,4501
1.40013,4500
1.40055,4499
1.40096,4498
1.40138,4497
1.40179,4496
1.40221,4495
1.40262,4494
1.40304,4493
1.40345,4492
1.40387,4491
1.40428,4490
1.40469,4489
1.4553,4488
1.45576,4487
1.45617,4486
1.45659,4485
1.45701,4484
1.45743,4483
1.45784,4482
1.4584,4481
1.45883,4480
1.45925,4479
1.45981,4478
1.46025,4477
1.46066,4476
1.46108,4475
1.46149,4474
1.46191,4473
1.46232,4472
1.46274,4471
1.46315,4470
1.46356,4469
1.46397,4468
1.46439,4467
1.4648,4466
1.46522,4465
1.53557,4464
1.53602,4463
1.53643,4462
1.53685,4461
1.53727,4460
1.53905,4459
1.53949,4458
1.5399,4457
1.54032,4456
1.54073,4455
1.54115,4454
1.54156,4453
1.54197,4452
1.54238,4451
1.54279,4450
1.54321,4449
1.54362,4448
1.54403,4447
1.54444,4446
1.54485,4445
1.54535,4444
1.54579,4443
1.54621,4442
1.54662,4441
1.62791,4440
1.62835,4439
1.62987,4438
1.63029,4437
1.6318,4436
1.63227,4435
1.6327,4434
1.63312,4433
1.63353,4432
1.63396,4431
1.63443,4430
1.63485,4429
1.63527,4428
1.63569,4427
1.63614,4426
1.63657,4425
1.63698,4424
1.6374,4423
1.63781,4422
1.63822,4421
1.63862,4420
1.63907,4419
1.63949,4418
1.69344,4417
1.69389,4416
1.69431,4415
1.69473,4414
1.69514,4413
1.69556,4412
1.69597,4411
1.69638,4410
1.6968,4409
1.69721,4408
1.69762,4407
1.69803,4406
1.69844,4405
1.69885,4404
1.69926,4403
1.69969,4402
1.70175,4401
1.70222,4400
1.70265,4399
1.70306,4398
1.70348,4397
1.70389,4396
1.70576,4395
1.7062,4394
1.77039,4393
1.77084,4392
1.77126,4391
1.77167,4390
1.77209,4389
1.7725,4388
1.77291,4387
1.77332,4386
1.77373,4385
1.77415,4384
1.77455,4383
1.77496,4382
1.77537,4381
1.77578,4380
1.77627,4379
1.77668,4378
1.77709,4377
1.7775,4376
1.77791,4375
1.77831,4374
1.77873,4373
1.77913,4372
1.77954,4371
1.77997,4370
1.90714,4369
1.90759,4368
1.90802,4367
1.90843,4366
1.90898,4365
1.91007,4364
1.91128,4363
1.91172,4362
1.91213,4361
1.91254,4360
1.91295,4359
1.91385,4358
1.91452,4357
1.91559,4356
1.91614,4355
1.91656,4354
1.91698,4353
1.91739,4352
1.9178,4351
1.91823,4350
1.92325,4349
1.9237,4348
1.92558,4347
1.99864,4346
2.00055,4345
2.00376,4344
2.005,4343
2.00546,4342
2.00588,4341
2.00629,4340
2.0067,4339
2.00711,4338
2.00752,4337
2.00792,4336
2.00833,4335
2.00876,4334
2.00916,4333
2.00957,4332
2.00998,4331
2.01038,4330
2.0108,4329
2.01121,4328
2.01162,4327
2.01202,4326
2.01243,4325
2.05241,4324
2.05284,4323
2.05326,4322
2.05367,4321
2.05412,4320
2.05454,4319
2.05495,4318
2.05536,4317
2.05577,4316
2.05618,4315
2.05658,4314
2.05699,4313
2.0574,4312
2.05781,4311
2.05822,4310
2.05862,4309
2.05903,4308
2.05944,4307
2.05984,4306
2.06025,4305
2.06066,4304
2.06107,4303
2.06147,4302
2.06188,4301
2.11743,4300
2.11787,4299
2.11853,4298
2.11896,4297
2.11937,4296
2.11979,4295
2.1202,4294
2.12061,4293
2.12101,4292
2.12142,4291
2.12183,4290
2.12303,4289
2.12344,4288
2.12384,4287
2.12425,4286
2.12466,4285
2.12506,4284
2.12547,4283
2.12587,4282
2.12628,4281
2.12668,4280
2.12709,4279
2.1275,4278
2.21475,4277
2.21517,4276
2.21558,4275
2.21599,4274
2.2164,4273
2.21681,4272
2.21722,4271
2.21763,4270
2.21804,4269
2.21844,4268
2.21886,4267
2.21927,4266
2.21967,4265
2.22008,4264
2.22048,4263
2.22089,4262
2.22129,4261
2.22169,4260
2.2221,4259
2.22251,4258
2.22291,4257
2.22332,4256
2.22372,4255
2.22413,4254
2.28306,4253
2.2835,4252
2.28391,4251
2.28437,4250
2.28478,4249
2.28519,4248
2.2856,4247
2.28601,4246
2.28641,4245
2.28682,4244
2.28723,4243
2.28763,4242
2.28803,4241
2.28844,4240
2.28884,4239
2.28924,4238
2.28965,4237
2.29005,4236
2.29045,4235
2.29089,4234
2.29131,4233
2.29172,4232
2.29213,4231
2.29253,4230
2.34917,4229
2.34962,4228
2.3515,4227
2.35192,4226
2.35233,4225
2.35287,4224
2.35328,4223
2.35369,4222
2.35413,4221
2.35454,4220
2.35494,4219
2.35538,4218
2.35579,4217
2.35623,4216
2.35663,4215
2.35704,4214
2.35744,4213
2.35785,4212
2.35828,4211
2.3587,4210
2.35992,4209
2.36038,4208
2.36079,4207
2.42963,4206
2.43005,4205
2.43046,4204
2.43086,4203
2.43127,4202
2.43228,4201
2.4327,4200
2.43311,4199
2.43352,4198
2.43392,4197
2.43433,4196
2.43473,4195
2.43514,4194
2.43554,4193
2.43595,4192
2.43635,4191
2.4368,4190
2.43721,4189
2.43761,4188
2.43801,4187
2.43842,4186
2.43882,4185
2.43922,4184
2.43963,4183
2.50851,4182
2.50894,4181
2.51052,4180
2.51098,4179
2.51152,4178
2.51193,4177
2.51234,4176
2.51275,4175
2.51316,4174
2.51356,4173
2.51397,4172
2.51437,4171
2.51478,4170
2.51532,4169
2.51573,4168
2.51614,4167
2.51654,4166
2.51695,4165
2.51735,4164
2.51775,4163
2.51815,4162
2.51855,4161
2.51895,4160
2.51935,4159
2.60543,4158
2.60595,4157
2.6064,4156
2.60786,4155
2.60842,4154
2.61283,4153
2.61366,4152
2.61414,4151
2.61608,4150
2.61837,4149
2.61911,4148
2.61954,4147
2.61995,4146
2.62036,4145
2.62077,4144
2.62144,4143
2.62189,4142
2.62265,4141
2.62414,4140
2.62489,4139
2.69553,4138
2.69598,4137
2.6964,4136
2.6968,4135
2.6972,4134
2.69761,4133
2.69801,4132
2.69846,4131
2.69887,4130
2.69927,4129
2.69967,4128
2.70007,4127
2.70047,4126
2.70088,4125
2.70129,4124
2.70169,4123
2.70208,4122
2.70248,4121
2.70288,4120
2.70328,4119
2.70368,4118
2.70408,4117
2.70448,4116
2.70488,4115
2.70528,4114
2.79186,4113
2.7923,4112
2.79271,4111
2.79311,4110
2.79351,4109
2.79391,4108
2.79432,4107
2.79472,4106
2.79512,4105
2.79552,4104
2.79592,4103
2.79632,4102
2.79672,4101
2.79712,4100
2.79752,4099
2.79792,4098
2.79832,4097
2.79872,4096
2.79912,4095
2.79951,4094
2.79991,4093
2.80032,4092
2.80072,4091
2.80114,4090
2.80156,4089
2.85865,4088
2.85908,4087
2.85948,4086
2.85989,4085
2.86029,4084
2.86069,4083
2.86109,4082
2.86149,4081
2.86189,4080
2.86229,4079
2.86269,4078
2.86311,4077
2.86351,4076
2.86391,4075
2.86431,4074
2.86471,4073
2.8651,4072
2.8655,4071
2.8659,4070
2.8663,4069
2.8667,4068
2.86709,4067
2.86749,4066
2.86788,4065
2.86828,4064
2.92758,4063
2.92804,4062
2.92845,4061
2.92885,4060
2.92926,4059
2.92966,4058
2.93006,4057
2.93047,4056
2.93087,4055
2.93127,4054
2.93167,4053
2.93207,4052
2.93247,4051
2.93287,4050
2.93326,4049
2.93366,4048
2.93406,4047
2.93446,4046
2.93486,4045
2.93526,4044
2.93565,4043
2.93605,4042
2.93646,4041
2.93685,4040
2.94286,4039
2.9433,4038
2.94371,4037
2.94411,4036
2.94451,4035
2.94491,4034
2.94531,4033
2.94571,4032
2.94611,4031
2.94651,4030
2.94692,4029
2.94732,4028
2.94772,4027
2.94812,4026
2.94852,4025
2.94892,4024
2.94932,4023
2.94972,4022
2.95012,4021
2.95052,4020
2.95092,4019
2.95132,4018
2.95173,4017
2.95212,4016
2.95252,4015
3.12403,4014
3.12447,4013
3.12488,4012
3.12528,4011
3.12568,4010
3.12608,4009
3.12648,4008
3.12688,4007
3.12728,4006
3.12768,4005
3.12807,4004
3.12847,4003
3.12887,4002
3.12927,4001
3.12966,4000
3.13006,3999
3.13045,3998
3.13085,3997
3.13124,3996
3.13164,3995
3.13204,3994
3.13243,3993
3.13283,3992
3.13323,3991
3.13362,3990
3.20194,3989
3.20793,3988
3.20913,3987
3.2103,3986
3.2107,3985
3.21111,3984
3.21151,3983
3.21191,3982
3.21231,3981
3.2127,3980
3.2131,3979
3.2135,3978
3.21389,3977
3.21429,3976
3.21468,3975
3.21507,3974
3.21547,3973
3.21586,3972
3.21625,3971
3.21665,3970
3.21705,3969
3.33734,3968
3.33899,3967
3.33955,3966
3.3401,3965
3.34065,3964
3.34107,3963
3.34284,3962
3.34337,3961
3.34387,3960
3.34432,3959
3.34473,3958
3.34513,3957
3.34558,3956
3.34598,3955
3.34638,3954
3.34703,3953
3.34754,3952
3.34808,3951
3.34851,3950
3.34891,3949
3.34947,3948
3.34988,3947
3.41886,3946
3.41929,3945
3.4197,3944
3.42011,3943
3.42051,3942
3.4209,3941
3.4213,3940
3.42177,3939
3.42219,3938
3.42259,3937
3.42352,3936
3.42392,3935
3.42432,3934
3.42472,3933
3.42512,3932
3.42551,3931
3.42591,3930
3.42631,3929
3.42748,3928
3.42787,3927
3.42827,3926
3.42866,3925
3.43171,3924
3.43227,3923
3.43268,3922
3.43309,3921
3.43349,3920
3.4339,3919
3.4343,3918
3.4347,3917
3.43511,3916
3.4355,3915
3.4359,3914
3.4363,3913
3.43685,3912
3.43728,3911
3.43771,3910
3.43811,3909
3.43883,3908
3.43923,3907
3.43972,3906
3.44016,3905
3.44069,3904
3.4411,3903
3.44149,3902
3.44189,3901
3.44229,3900
3.53431,3899
3.53478,3898
3.53541,3897
3.53583,3896
3.53645,3895
3.53748,3894
3.54057,3893
3.54105,3892
3.54192,3891
3.54247,3890
3.5431,3889
3.54352,3888
3.54393,3887
3.54433,3886
3.5451,3885
3.54556,3884
3.54598,3883
3.54638,3882
3.54687,3881
3.54732,3880
3.55276,3879
3.55325,3878
3.56291,3877
3.56339,3876
3.56501,3875
3.56543,3874
3.56583,3873
3.56624,3872
3.56812,3871
3.56854,3870
3.56894,3869
3.56933,3868
3.56973,3867
3.65836,3866
3.65878,3865
3.65919,3864
3.65958,3863
3.65998,3862
3.66038,3861
3.66077,3860
3.66117,3859
3.66156,3858
3.66196,3857
3.66239,3856
3.66341,3855
3.66398,3854
3.6644,3853
3.70747,3852
3.7079,3851
3.70831,3850
3.70871,3849
3.7091,3848
3.7095,3847
3.7099,3846
3.71029,3845
3.71069,3844
3.71108,3843
3.71148,3842
3.71187,3841
3.71226,3840
3.71266,3839
3.71305,3838
3.71344,3837
3.71385,3836
3.71424,3835
3.71463,3834
3.71503,3833
3.71542,3832
3.71581,3831
3.79326,3830
3.79366,3829
3.79406,3828
3.79446,3827
3.79485,3826
3.79525,3825
3.79564,3824
3.79603,3823
3.79643,3822
3.79682,3821
3.79721,3820
3.7976,3819
3.79801,3818
3.79842,3817
3.79882,3816
3.79922,3815
3.79962,3814
3.80001,3813
3.80041,3812
3.8008,3811
3.80119,3810
3.80159,3809
3.80199,3808
3.80238,3807
3.88652,3806
3.88696,3805
3.88736,3804
3.88776,3803
3.88817,3802
3.88937,3801
3.88982,3800
3.89041,3799
3.89084,3798
3.89135,3797
3.89283,3796
3.89326,3795
3.89366,3794
3.89405,3793
3.89445,3792
3.89484,3791
3.89548,3790
3.89593,3789
3.89677,3788
3.89717,3787
3.89757,3786
3.89798,3785
3.96745,3784
3.96816,3783
3.96865,3782
3.96911,3781
3.96965,3780
3.97013,3779
3.97066,3778
3.97302,3777
3.97387,3776
3.97437,3775
3.97481,3774
3.97522,3773
3.9765,3772
3.97693,3771
3.97745,3770
3.97868,3769
3.97911,3768
3.97952,3767
3.97992,3766
3.98031,3765
3.9807,3764
4.00577,3763
4.0063,3762
4.00824,3761
4.00868,3760
4.01019,3759
4.01061,3758
4.01101,3757
4.0114,3756
4.0118,3755
4.01219,3754
4.01258,3753
4.01297,3752
4.01336,3751
4.01375,3750
4.01415,3749
4.01454,3748
4.01493,3747
4.01531,3746
4.01571,3745
4.0161,3744
4.01649,3743
4.01688,3742
4.01727,3741
4.01766,3740
4.01805,3739
4.01844,3738
4.11912,3737
4.11953,3736
4.11992,3735
4.12032,3734
4.12075,3733
4.12115,3732
4.12154,3731
4.12193,3730
4.12232,3729
4.12272,3728
4.12311,3727
4.1235,3726
4.12389,3725
4.12428,3724
4.12467,3723
4.12506,3722
4.12545,3721
4.12583,3720
4.12622,3719
4.12661,3718
4.127,3717
4.12738,3716
4.12777,3715
4.12816,3714
4.12923,3713
4.14479,3712
4.14537,3711
4.14579,3710
4.14619,3709
4.14745,3708
4.14785,3707
4.14825,3706
4.14866,3705
4.14906,3704
4.14945,3703
4.14984,3702
4.15023,3701
4.15064,3700
4.15103,3699
4.15142,3698
4.15181,3697
4.1522,3696
4.15258,3695
4.153,3694
4.15344,3693
4.15384,3692
4.15423,3691
4.15463,3690
4.25109,3689
4.2515,3688
4.25189,3687
4.25228,3686
4.25267,3685
4.25307,3684
4.25346,3683
4.25385,3682
4.25426,3681
4.25466,3680
4.25504,3679
4.25543,3678
4.25582,3677
4.25621,3676
4.2566,3675
4.25698,3674
4.25737,3673
4.25776,3672
4.25814,3671
4.25854,3670
4.26051,3669
4.26092,3668
4.26132,3667
4.26171,3666
4.2621,3665
4.33592,3664
4.33636,3663
4.33675,3662
4.33715,3661
4.33754,3660
4.33793,3659
4.33832,3658
4.33873,3657
4.33916,3656
4.33956,3655
4.33995,3654
4.34034,3653
4.34073,3652
4.34113,3651
4.34152,3650
4.3419,3649
4.34229,3648
4.34343,3647
4.34382,3646
4.34421,3645
4.34459,3644
4.34497,3643
4.34536,3642
4.34575,3641
4.47381,3640
4.47424,3639
4.47466,3638
4.47506,3637
4.47547,3636
4.47587,3635
4.47626,3634
4.47666,3633
4.47705,3632
4.47744,3631
4.47783,3630
4.47821,3629
4.4786,3628
4.47974,3627
4.48013,3626
4.48051,3625
4.4809,3624
4.48128,3623
4.48167,3622
4.48206,3621
4.48244,3620
4.48283,3619
4.48321,3618
4.5449,3617
4.54555,3616
4.54595,3615
4.5467,3614
4.54751,3613
4.54797,3612
4.54836,3611
4.54875,3610
4.54914,3609
4.5503,3608
4.5507,3607
4.55124,3606
4.55165,3605
4.55239,3604
4.55279,3603
4.55318,3602
4.55358,3601
4.55396,3600
4.55435,3599
4.55474,3598
4.55513,3597
4.55551,3596
4.5559,3595
4.61602,3594
4.61659,3593
4.61699,3592
4.61979,3591
4.6202,3590
4.62059,3589
4.621,3588
4.62139,3587
4.62178,3586
4.62219,3585
4.62258,3584
4.62297,3583
4.62336,3582
4.62375,3581
4.62413,3580
4.62527,3579
4.62565,3578
4.62608,3577
4.62772,3576
4.62821,3575
4.64624,3574
4.65026,3573
4.65082,3572
4.65228,3571
4.65284,3570
4.65327,3569
4.65366,3568
4.65405,3567
4.65444,3566
4.65483,3565
4.65598,3564
4.65637,3563
4.65675,3562
4.65715,3561
4.65754,3560
4.65792,3559
4.65837,3558
4.65879,3557
4.65923,3556
4.6597,3555
4.75146,3554
4.75189,3553
4.75228,3552
4.75267,3551
4.75305,3550
4.75344,3549
4.75383,3548
4.75421,3547
4.75459,3546
4.75498,3545
4.75536,3544
4.75574,3543
4.75613,3542
4.75651,3541
4.75689,3540
4.75728,3539
4.75766,3538
4.75805,3537
4.75843,3536
4.75881,3535
4.7592,3534
4.75958,3533
4.75996,3532
4.76037,3531
4.76075,3530
4.82098,3529
4.82142,3528
4.82181,3527
4.8222,3526
4.82259,3525
4.82373,3524
4.82412,3523
4.8245,3522
4.82488,3521
4.82526,3520
4.82565,3519
4.82603,3518
4.82641,3517
4.82679,3516
4.82716,3515
4.82754,3514
4.82793,3513
4.85509,3512
4.85551,3511
4.8559,3510
4.85629,3509
4.85668,3508
4.85706,3507
4.85745,3506
4.89199,3505
4.89244,3504
4.89284,3503
4.89323,3502
4.89362,3501
4.894,3500
4.89439,3499
4.89477,3498
4.89516,3497
4.89554,3496
4.89606,3495
4.89646,3494
4.89685,3493
4.89723,3492
4.89761,3491
4.898,3490
4.89838,3489
4.89876,3488
4.89914,3487
4.89952,3486
4.8999,3485
4.90031,3484
4.90072,3483
4.9011,3482
4.90149,3481
4.9019,3480
4.9023,3479
4.90269,3478
4.90307,3477
4.90345,3476
4.90383,3475
4.90571,3474
4.90609,3473
4.90647,3472
4.90685,3471
4.90723,3470
4.90835,3469
4.90873,3468
4.90911,3467
4.90949,3466
4.90987,3465
4.91025,3464
4.91063,3463
4.911,3462
4.91138,3461
4.91176,3460
5.0343,3459
5.03472,3458
5.03511,3457
5.03549,3456
5.03589,3455
5.03724,3454
5.03763,3453
5.03802,3452
5.0384,3451
5.03878,3450
5.03999,3449
5.04039,3448
5.04079,3447
5.04117,3446
5.04156,3445
5.04198,3444
5.04237,3443
5.04276,3442
5.04315,3441
5.04353,3440
5.04391,3439
5.04429,3438
5.04468,3437
5.04506,3436
5.10111,3435
5.10151,3434
5.1019,3433
5.10377,3432
5.10416,3431
5.10454,3430
5.10493,3429
5.10531,3428
5.10569,3427
5.10607,3426
5.10645,3425
5.10683,3424
5.10721,3423
5.10759,3422
5.10797,3421
5.1091,3420
5.10948,3419
5.10985,3418
5.11023,3417
5.11061,3416
5.19066,3415
5.1911,3414
5.19151,3413
5.19191,3412
5.1923,3411
5.19269,3410
5.19373,3409
5.195,3408
5.19611,3407
5.19727,3406
5.1978,3405
5.19837,3404
5.19926,3403
5.19996,3402
5.20074,3401
5.2177,3400
5.21815,3399
5.22011,3398
5.2205,3397
5.22088,3396
5.28455,3395
5.28498,3394
5.28536,3393
5.28575,3392
5.28613,3391
5.28651,3390
5.2869,3389
5.28728,3388
5.28766,3387
5.28804,3386
5.28842,3385
5.2888,3384
5.28918,3383
5.28956,3382
5.28995,3381
5.29033,3380
5.29072,3379
5.29183,3378
5.2922,3377
5.29258,3376
5.29295,3375
5.29333,3374
5.29371,3373
5.29409,3372
5.34809,3371
5.34851,3370
5.3489,3369
5.34929,3368
5.34967,3367
5.35005,3366
5.35043,3365
5.35081,3364
5.35119,3363
5.35157,3362
5.35195,3361
5.35239,3360
5.35277,3359
5.35315,3358
5.35353,3357
5.3539,3356
5.35428,3355
5.35466,3354
5.35503,3353
5.35615,3352
5.35653,3351
5.3569,3350
5.35728,3349
5.35765,3348
5.35803,3347
5.58883,3346
5.58932,3345
5.59245,3344
5.59296,3343
5.59336,3342
5.59375,3341
5.59413,3340
5.59451,3339
5.5949,3338
5.59528,3337
5.59566,3336
5.59608,3335
5.59646,3334
5.59683,3333
5.59721,3332
5.59759,3331
5.59799,3330
5.5984,3329
5.59879,3328
5.59918,3327
5.59956,3326
5.59994,3325
5.60033,3324
5.60072,3323
5.6011,3322
5.75725,3321
5.75769,3320
5.75808,3319
5.75846,3318
5.75892,3317
5.75958,3316
5.75998,3315
5.76085,3314
5.76124,3313
5.76163,3312
5.76203,3311
5.76241,3310
5.7628,3309
5.76318,3308
5.76356,3307
5.76395,3306
5.76433,3305
5.76471,3304
5.76509,3303
5.76546,3302
5.76584,3301
5.76622,3300
5.76659,3299
5.76772,3298
5.76814,3297
5.86421,3296
5.86463,3295
5.86508,3294
5.86546,3293
5.86585,3292
5.8663,3291
5.86669,3290
5.86708,3289
5.86746,3288
5.86784,3287
5.86822,3286
5.8686,3285
5.86971,3284
5.87011,3283
5.87054,3282
5.87094,3281
5.87132,3280
5.8717,3279
5.87303,3278
5.87342,3277
5.87381,3276
5.87419,3275
5.93453,3274
5.93495,3273
5.93725,3272
5.93763,3271
5.93801,3270
5.93839,3269
5.93877,3268
5.93915,3267
5.93953,3266
5.93991,3265
5.94028,3264
5.94066,3263
5.94104,3262
5.94141,3261
5.94331,3260
5.9437,3259
5.94408,3258
5.94521,3257
6.00594,3256
6.00633,3255
6.00671,3254
6.0071,3253
6.00748,3252
6.0086,3251
6.00897,3250
6.01008,3249
6.01045,3248
6.0116,3247
6.01199,3246
6.01287,3245
6.01326,3244
6.01364,3243
6.01402,3242
6.0144,3241
6.01478,3240
6.01516,3239
6.09048,3238
6.09293,3237
6.09331,3236
6.09369,3235
6.09407,3234
6.09445,3233
6.09483,3232
6.09521,3231
6.09559,3230
6.09596,3229
6.09634,3228
6.09672,3227
6.09709,3226
6.09748,3225
6.09786,3224
6.09823,3223
6.09861,3222
6.09951,3221
6.09992,3220
6.1003,3219
6.10068,3218
6.10107,3217
6.18882,3216
6.18921,3215
6.19195,3214
6.19236,3213
6.19274,3212
6.19422,3211
6.1946,3210
6.19498,3209
6.19536,3208
6.19574,3207
6.19612,3206
6.19655,3205
6.19694,3204
6.19731,3203
6.19769,3202
6.19808,3201
6.19845,3200
6.1996,3199
6.19999,3198
6.20111,3197
6.20149,3196
6.24233,3195
6.24281,3194
6.24319,3193
6.24357,3192
6.24477,3191
6.24515,3190
6.24554,3189
6.24593,3188
6.24637,3187
6.24677,3186
6.24716,3185
6.24754,3184
6.24791,3183
6.24829,3182
6.24867,3181
6.24904,3180
6.24942,3179
6.2498,3178
6.25018,3177
6.25055,3176
6.25093,3175
6.25131,3174
6.25216,3173
6.2589,3172
6.25944,3171
6.25983,3170
6.26021,3169
6.26059,3168
6.26096,3167
6.26134,3166
6.26171,3165
6.26214,3164
6.26253,3163
6.26291,3162
6.26329,3161
6.26367,3160
6.26405,3159
6.26442,3158
6.2648,3157
6.26517,3156
6.26555,3155
6.26593,3154
6.26631,3153
6.26668,3152
6.26706,3151
6.26744,3150
6.26781,3149
6.26819,3148
6.26856,3147
6.44978,3146
6.45049,3145
6.4546,3144
6.4551,3143
6.46682,3142
6.4673,3141
6.46782,3140
6.46834,3139
6.46874,3138
6.46912,3137
6.4695,3136
6.46988,3135
6.47056,3134
6.47106,3133
6.47183,3132
6.47223,3131
6.47261,3130
6.47299,3129
6.47337,3128
6.56563,3127
6.56752,3126
6.56792,3125
6.56829,3124
6.56867,3123
6.56904,3122
6.56942,3121
6.56981,3120
6.57019,3119
6.57056,3118
6.57093,3117
6.5713,3116
6.57168,3115
6.57207,3114
6.57245,3113
6.57282,3112
6.57319,3111
6.57356,3110
6.57393,3109
6.5743,3108
6.57468,3107
6.57505,3106
6.65298,3105
6.6534,3104
6.656,3103
6.65937,3102
6.65975,3101
6.66012,3100
6.66049,3099
6.66087,3098
6.66124,3097
6.66162,3096
6.66199,3095
6.66236,3094
6.66274,3093
6.70633,3092
6.70673,3091
6.70793,3090
6.70832,3089
6.7087,3088
6.70909,3087
6.70947,3086
6.70984,3085
6.71022,3084
6.71059,3083
6.71175,3082
6.71212,3081
6.71263,3080
6.71306,3079
6.71352,3078
6.71394,3077
6.71439,3076
6.71489,3075
6.71533,3074
6.71798,3073
6.71837,3072
6.71874,3071
6.71912,3070
6.7195,3069
6.71988,3068
6.72025,3067
6.72062,3066
6.721,3065
6.89014,3064
6.89056,3063
6.89093,3062
6.89131,3061
6.89169,3060
6.89206,3059
6.89316,3058
6.89355,3057
6.89392,3056
6.89429,3055
6.89466,3054
6.89503,3053
6.8954,3052
6.89577,3051
6.89614,3050
6.89651,3049
6.89688,3048
6.89725,3047
6.89763,3046
6.89802,3045
6.89839,3044
6.89876,3043
6.89913,3042
6.89951,3041
6.96274,3040
6.96315,3039
6.96353,3038
6.9639,3037
6.96427,3036
6.96464,3035
6.96648,3034
6.96686,3033
6.96797,3032
6.96844,3031
6.96883,3030
6.96921,3029
6.96959,3028
7.04017,3027
7.04057,3026
7.04095,3025
7.04133,3024
7.0417,3023
7.04208,3022
7.04245,3021
7.04282,3020
7.04319,3019
7.04357,3018
7.04394,3017
7.04431,3016
7.0454,3015
7.04577,3014
7.04614,3013
7.04652,3012
7.04689,3011
7.04726,3010
7.04763,3009
7.048,3008
7.06557,3007
7.06598,3006
7.06636,3005
7.06721,3004
7.0676,3003
7.06798,3002
7.07129,3001
7.07239,3000
7.07276,2999
7.07314,2998
7.07352,2997
7.07532,2996
7.07569,2995
7.25135,2994
7.25182,2993
7.25221,2992
7.25265,2991
7.25304,2990
7.25356,2989
7.25485,2988
7.25525,2987
7.25564,2986
7.25602,2985
7.2566,2984
7.25711,2983
7.2575,2982
7.26133,2981
7.26173,2980
7.26212,2979
7.26249,2978
7.26286,2977
7.26323,2976
7.2636,2975
7.33009,2974
7.3305,2973
7.33088,2972
7.33127,2971
7.33166,2970
7.33276,2969
7.33314,2968
7.33351,2967
7.33387,2966
7.33424,2965
7.33461,2964
7.33498,2963
7.33535,2962
7.33571,2961
7.33608,2960
7.33716,2959
7.33753,2958
7.3379,2957
7.33828,2956
7.33864,2955
7.43812,2954
7.4385,2953
7.44175,2952
7.44212,2951
7.44249,2950
7.44359,2949
7.44397,2948
7.44434,2947
7.44471,2946
7.44651,2945
7.50017,2944
7.50057,2943
7.5024,2942
7.50278,2941
7.50315,2940
7.50352,2939
7.50389,2938
7.50426,2937
7.50463,2936
7.5058,2935
7.50618,2934
7.50657,2933
7.50693,2932
7.50731,2931
7.50768,2930
7.50805,2929
7.50842,2928
7.50879,2927
7.50916,2926
7.50952,2925
7.50989,2924
7.60431,2923
7.6047,2922
7.60507,2921
7.60545,2920
7.60582,2919
7.60619,2918
7.60656,2917
7.60709,2916
7.60747,2915
7.60855,2914
7.60892,2913
7.60929,2912
7.60966,2911
7.61627,2910
7.61669,2909
7.61709,2908
7.61747,2907
7.61786,2906
7.61899,2905
7.61937,2904
7.61975,2903
7.6906,2902
7.69099,2901
7.69136,2900
7.69173,2899
7.6921,2898
7.69247,2897
7.69284,2896
7.69321,2895
7.6943,2894
7.69467,2893
7.69503,2892
7.6954,2891
7.69577,2890
7.69614,2889
7.6965,2888
7.69686,2887
7.69723,2886
7.69759,2885
7.69867,2884
7.69903,2883
7.6994,2882
7.69977,2881
7.74906,2880
7.74945,2879
7.74982,2878
7.75019,2877
7.75056,2876
7.75093,2875
7.7513,2874
7.75168,2873
7.75205,2872
7.75315,2871
7.75352,2870
7.7539,2869
7.75426,2868
7.75464,2867
7.755,2866
7.75537,2865
7.75792,2864
7.8219,2863
7.82229,2862
7.82266,2861
7.82303,2860
7.82341,2859
7.82451,2858
7.82488,2857
7.82599,2856
7.82635,2855
7.82672,2854
7.82878,2853
7.82986,2852
7.83022,2851
7.8313,2850
7.83166,2849
7.95288,2848
7.95327,2847
7.95365,2846
7.95421,2845
7.95531,2844
7.95577,2843
7.95662,2842
7.95702,2841
7.95738,2840
7.9679,2839
7.96903,2838
7.9694,2837
7.96977,2836
7.97015,2835
7.97052,2834
7.97089,2833
7.97125,2832
7.97162,2831
7.97198,2830
8.00246,2829
8.00357,2828
8.00394,2827
8.00431,2826
8.00468,2825
8.00507,2824
8.00616,2823
8.00653,2822
8.00689,2821
8.00798,2820
8.00906,2819
8.01085,2818
8.01122,2817
8.01158,2816
8.06969,2815
8.07182,2814
8.0737,2813
8.07407,2812
8.07444,2811
8.0748,2810
8.07662,2809
8.07771,2808
8.07809,2807
8.07847,2806
8.07884,2805
8.0792,2804
8.07957,2803
8.12028,2802
8.12123,2801
8.12294,2800
8.12332,2799
8.12992,2798
8.13029,2797
8.13066,2796
8.13103,2795
8.13139,2794
8.13176,2793
8.13212,2792
8.19333,2791
8.19443,2790
8.1948,2789
8.19587,2788
8.19624,2787
8.19733,2786
8.19769,2785
8.19806,2784
8.19913,2783
8.19949,2782
8.19986,2781
8.20024,2780
8.20061,2779
8.20097,2778
8.20133,2777
8.26152,2776
8.2619,2775
8.26227,2774
8.26264,2773
8.26301,2772
8.26338,2771
8.27134,2770
8.27171,2769
8.33134,2768
8.33176,2767
8.33288,2766
8.33324,2765
8.33361,2764
8.33539,2763
8.33576,2762
8.33754,2761
8.3379,2760
8.33827,2759
8.33863,2758
8.339,2757
8.33937,2756
8.39032,2755
8.39248,2754
8.39359,2753
8.39618,2752
8.39655,2751
8.39691,2750
8.39798,2749
8.39835,2748
8.39874,2747
8.40055,2746
8.40096,2745
8.46043,2744
8.46081,2743
8.4627,2742
8.4682,2741
8.46857,2740
8.46894,2739
8.47215,2738
8.47254,2737
8.4729,2736
8.47471,2735
8.47508,2734
8.47544,2733
8.54428,2732
8.54486,2731
8.54526,2730
8.54563,2729
8.546,2728
8.54708,2727
8.54747,2726
8.54928,2725
8.54965,2724
8.55102,2723
8.55141,2722
8.55196,2721
8.55267,2720
8.55321,2719
8.61788,2718
8.61826,2717
8.61863,2716
8.619,2715
8.61963,2714
8.62004,2713
8.62206,2712
8.62245,2711
8.62313,2710
8.62871,2709
8.62992,2708
8.63221,2707
8.63855,2706
8.63893,2705
8.64207,2704
8.82902,2703
8.83014,2702
8.83051,2701
8.83088,2700
8.83197,2699
8.83376,2698
8.83414,2697
8.83452,2696
8.88258,2695
8.88296,2694
8.89623,2693
8.89694,2692
8.89733,2691
8.89986,2690
8.909,2689
8.91142,2688
9.32741,2687
9.3278,2686
9.32816,2685
9.52728,2684
9.60112,2683
9.60226,2682
9.60263,2681
9.60303,2680
9.77504,2679
9.77543,2678
9.78003,2677
9.83825,2676
9.83916,2675
9.84029,2674
9.8414,2673
9.84177,2672
9.84501,2671
9.84542,2670
9.84586,2669
9.84623,2668
9.86801,2667
9.8691,2666
9.87132,2665
10.0471,2664
10.0476,2663
10.0479,2662
10.0519,2661
10.0523,2660
10.0534,2659
10.0537,2658
10.0541,2657
10.0545,2656
10.1258,2655
10.1261,2654
10.1265,2653
10.1727,2652
10.1731,2651
10.1764,2650
10.2965,2649
10.2977,2648
10.2981,2647
10.2984,2646
10.6848,2645
10.7939,2644
10.7978,2643
10.7982,2642
10.8007,2641
10.8011,2640
10.8681,2639
10.8756,2638
10.876,2637
10.9189,2636
10.9192,2635
10.9196,2634
10.9207,2633
10.9218,2632
10.9221,2631
11.0079,2630
11.0911,2629
11.2666,2628
11.2785,2627
11.7223,2626
11.7248,2625
11.7905,2624
11.7923,2623
11.7926,2622
11.793,2621
11.7948,2620
11.7952,2619
11.7955,2618
12.3599,2617
12.3603,2616
12.3606,2615
12.3653,2614
12.3664,2613
12.3667,2612
12.3671,2611
13.0229,2610
13.0232,2609
13.0236,2608
13.0261,2607
13.0265,2606
13.0269,2605
13.0273,2604
13.0291,2603
13.3277,2602
13.3294,2601
13.3298,2600
13.3759,2599
13.3916,2598
13.392,2597
13.3925,2596
13.3929,2595
13.3932,2594
13.3936,2593
13.3941,2592
13.3952,2591
13.3955,2590
13.3974,2589
13.3985,2588
13.3989,2587
13.3993,2586
13.4004,2585
13.4936,2584
13.5003,2583
13.5007,2582
13.7782,2581
13.7786,2580
13.7789,2579
14.4784,2578
14.4788,2577
14.4791,2576
14.8745,2575
14.8778,2574
14.8789,2573
14.8793,2572
15.7378,2571
15.8281,2570
15.8285,2569
15.8289,2568
15.8292,2567
15.8346,2566
15.9028,2565
15.9044,2564
15.9048,2563
16.1226,2562
16.1233,2561
16.1237,2560
16.1272,2559
16.2006,2558
16.201,2557
16.2019,2556
16.811,2555
17.2071,2554
17.2092,2553
17.2096,2552
17.21,2551
17.2717,2550
17.2721,2549
17.2725,2548
17.275,2547
17.2754,2546
17.3331,2545
17.645,2544
17.9757,2543
17.9761,2542
17.9765,2541
17.9776,2540
18.0253,2539
18.0264,2538
18.0268,2537
18.0272,2536
18.0275,2535
18.0279,2534
18.7128,2533
18.7132,2532
18.7136,2531
18.7139,2530
19.5189,2529
19.5193,2528
19.5862,2527
19.5866,2526
19.587,2525
19.5873,2524
19.7414,2523
19.7418,2522
19.7436,2521
19.744,2520
19.7443,2519
19.7447,2518
19.7451,2517
19.7454,2516
19.7458,2515
19.7461,2514
19.7472,2513
19.7476,2512
19.8005,2511
19.8018,2510
19.8022,2509
19.8025,2508
19.8029,2507
19.8097,2506
19.81,2505
19.8688,2504
24.9884,2503
24.9887,2502
24.9891,2501
24.9895,2500
24.9931,2499
24.9949,2498
24.9953,2497
24.9957,2496
24.9984,2495
24.9988,2494
24.9991,2493
25.1805,2492
25.1809,2491
25.245,2490
25.2468,2489
25.3031,2488
25.3035,2487
25.3039,2486
25.3736,2485
26.738,2484
26.7383,2483
26.7387,2482
26.7398,2481
26.757,2480
26.7651,2479
26.845,2478
26.8455,2477
26.8458,2476
26.8462,2475
26.9039,2474
26.9658,2473
26.9662,2472
26.9665,2471
26.9669,2470
26.9673,2469
26.9676,2468
26.968,2467
26.9683,2466
30.5939,2465
30.5943,2464
30.5946,2463
30.6701,2462
30.6771,2461
30.6777,2460
30.6781,2459
32.559,2458
32.5594,2457
32.6682,2456
32.8352,2455
32.8362,2454
32.8621,2453
32.8663,2452
32.8667,2451
32.8671,2450
32.8675,2449
32.8728,2448
32.8732,2447
32.8735,2446
32.8739,2445
32.9299,2444
33.1446,2443
33.145,2442
33.1453,2441
33.1471,2440
33.1656,2439
33.1667,2438
33.9679,2437
34.103,2436
35.9107,2435
35.9118,2434
36.2429,2433
36.8275,2432
36.9727,2431
42.3656,2430
42.366,2429
42.3755,2428
42.3759,2427
42.377,2426
42.3773,2425
42.7834,2424
42.7838,2423
48.4505,2422
48.5209,2421
48.5213,2420
48.5216,2419
48.522,2418
48.5224,2417
48.5228,2416
48.5231,2415
48.6683,2414
48.6813,2413
48.6817,2412
48.6821,2411
48.6846,2410
50.6327,2409
50.6331,2408
50.7652,2407
50.7656,2406
50.7781,2405
50.7792,2404
50.7797,2403
50.839,2402
50.8408,2401
50.8412,2400
52.5125,2399
52.5129,2398
52.5133,2397
52.5151,2396
52.6994,2395
52.7837,2394
55.3386,2393
55.339,2392
55.3394,2391
55.4553,2390
55.4557,2389
55.456,2388
55.4571,2387
55.4575,2386
55.4579,2385
55.4622,2384
55.4626,2383
55.4629,2382
55.5654,2381
55.5665,2380
55.5697,2379
55.6206,2378
67.2876,2377
67.3531,2376
67.3535,2375
67.3538,2374
67.3542,2373
67.3545,2372
73.7324,2371
76.3266,2370
76.3298,2369
78.066,2368
78.0685,2367
78.0688,2366
78.13,2365
78.131,2364
78.1314,2363
78.1325,2362
78.1987,2361
78.1991,2360
78.5274,2359
78.528,2358
78.5284,2357
78.5298,2356
78.5301,2355
79.3914,2354
79.396,2353
86.0082,2352
86.1932,2351
86.1936,2350
86.25,2349
87.1062,2348
87.1066,2347
87.107,2346
87.1073,2345
87.3576,2344
87.358,2343
93.1987,2342
93.1999,2341
93.6046,2340
93.6058,2339
93.6084,2338
93.6131,2337
93.6136,2336
93.614,2335
93.6215,2334
93.7321,2333
98.9798,2332
102.296,2331
102.976,2330
102.976,2329
117.7,2328
134.186,2327
134.186,2326
134.192,2325
134.193,2324
134.197,2323
134.198,2322
134.198,2321
134.199,2320
134.199,2319
134.199,2318
134.349,2317
134.349,2316
134.349,2315
2149.31,2314
2149.32,2313
2149.32,2312
2149.33,2311
