0.000477905,4940
0.000925407,4939
0.00135877,4938
0.00179022,4937
0.0022221,4936
0.00270813,4935
0.00314018,4934
0.00357041,4933
0.00400096,4932
0.00443259,4931
0.00486295,4930
0.00529663,4929
0.00572915,4928
0.00616204,4927
0.00659377,4926
0.0344934,4925
0.0349559,4924
0.0353893,4923
0.0358214,4922
0.0362546,4921
0.0366852,4920
0.0371145,4919
0.0375482,4918
0.0379785,4917
0.0384084,4916
0.0388393,4915
0.0392949,4914
0.0397256,4913
0.040155,4912
0.0405845,4911
0.0410122,4910
0.0414425,4909
0.041871,4908
0.0423476,4907
0.0431014,4906
0.0438497,4905
0.0442862,4904
0.0447455,4903
0.0849999,4902
0.0854431,4901
0.0858745,4900
0.0863053,4899
0.0867424,4898
0.087172,4897
0.087602,4896
0.0880308,4895
0.0884599,4894
0.0888897,4893
0.0893182,4892
0.0897454,4891
0.0901738,4890
0.0906023,4889
0.0910313,4888
0.0914595,4887
0.0918871,4886
0.0923157,4885
0.092744,4884
0.0931714,4883
0.093597,4882
0.0940258,4881
0.0944526,4880
0.141819,4879
0.14227,4878
0.142705,4877
0.143136,4876
0.143566,4875
0.143999,4874
0.144431,4873
0.144909,4872
0.145342,4871
0.145772,4870
0.1462,4869
0.146631,4868
0.14706,4867
0.147529,4866
0.14796,4865
0.148392,4864
0.14882,4863
0.149251,4862
0.149683,4861
0.15011,4860
0.150536,4859
0.150964,4858
0.15139,4857
0.232551,4856
0.233009,4855
0.23344,4854
0.233871,4853
0.234301,4852
0.234732,4851
0.235161,4850
0.235589,4849
0.236016,4848
0.236442,4847
0.236868,4846
0.237295,4845
0.237722,4844
0.238151,4843
0.238602,4842
0.239032,4841
0.239458,4840
0.239885,4839
0.240311,4838
0.240736,4837
0.241162,4836
0.241588,4835
0.242013,4834
0.247635,4833
0.248095,4832
0.248532,4831
0.248965,4830
0.249395,4829
0.249828,4828
0.250302,4827
0.250737,4826
0.251168,4825
0.251599,4824
0.252027,4823
0.252455,4822
0.252882,4821
0.253307,4820
0.253734,4819
0.25416,4818
0.254587,4817
0.255014,4816
0.25544,4815
0.255864,4814
0.256289,4813
0.256714,4812
0.257139,4811
0.379739,4810
0.380764,4809
0.382822,4808
0.383282,4807
0.383732,4806
0.384179,4805
0.384613,4804
0.385058,4803
0.385494,4802
0.385927,4801
0.386372,4800
0.386805,4799
0.387238,4798
0.387671,4797
0.388115,4796
0.388557,4795
0.389001,4794
0.389432,4793
0.389863,4792
0.390294,4791
0.390726,4790
0.391158,4789
0.391602,4788
0.438804,4787
0.439634,4786
0.440131,4785
0.44057,4784
0.440998,4783
0.441426,4782
0.44185,4781
0.442458,4780
0.442928,4779
0.443822,4778
0.444577,4777
0.44508,4776
0.445521,4775
0.445949,4774
0.446376,4773
0.446802,4772
0.447226,4771
0.447734,4770
0.448228,4769
0.449199,4768
0.44979,4767
0.451252,4766
0.451695,4765
0.45212,4764
0.452544,4763
0.453188,4762
0.453632,4761
0.45448,4760
0.45493,4759
0.455356,4758
0.455871,4757
0.4577,4756
0.458136,4755
0.458562,4754
0.458988,4753
0.459411,4752
0.459835,4751
0.460359,4750
0.460905,4749
0.461388,4748
0.461962,4747
0.462417,4746
0.462861,4745
0.463315,4744
0.463805,4743
0.464249,4742
0.464691,4741
0.465119,4740
0.465543,4739
0.465971,4738
0.466473,4737
0.467101,4736
0.468311,4735
0.468859,4734
0.469291,4733
0.469719,4732
0.470197,4731
0.470623,4730
0.471047,4729
0.471489,4728
0.472028,4727
0.472616,4726
0.473084,4725
0.473512,4724
0.47394,4723
0.474364,4722
0.474787,4721
0.475284,4720
0.475742,4719
0.47636,4718
0.47693,4717
0.477492,4716
0.477974,4715
0.478404,4714
0.478828,4713
0.479251,4712
0.479674,4711
0.480137,4710
0.480769,4709
0.481508,4708
0.482156,4707
0.482692,4706
0.483161,4705
0.483605,4704
0.484031,4703
0.484454,4702
0.484877,4701
0.485408,4700
0.485877,4699
0.486651,4698
0.487087,4697
0.487554,4696
0.488108,4695
0.488541,4694
0.488965,4693
0.489387,4692
0.48981,4691
0.490231,4690
0.490653,4689
0.491106,4688
0.491541,4687
0.492017,4686
0.492441,4685
0.492862,4684
0.493341,4683
0.493778,4682
0.494214,4681
0.494642,4680
0.495076,4679
0.495508,4678
0.495937,4677
0.496368,4676
0.764037,4675
0.764498,4674
0.765662,4673
0.766228,4672
0.766662,4671
0.767478,4670
0.768819,4669
0.769251,4668
0.769674,4667
0.770099,4666
0.770522,4665
0.770952,4664
0.771374,4663
0.771796,4662
0.772216,4661
0.772635,4660
0.773056,4659
0.773476,4658
0.773895,4657
0.774314,4656
0.774734,4655
0.775153,4654
0.775573,4653
0.776105,4652
0.776537,4651
0.776975,4650
0.777396,4649
0.777815,4648
0.778234,4647
0.778653,4646
0.779072,4645
0.779489,4644
0.779907,4643
0.780325,4642
0.780743,4641
0.78116,4640
0.781578,4639
0.781997,4638
0.782415,4637
0.782835,4636
0.783252,4635
0.783669,4634
0.784086,4633
0.784504,4632
0.784923,4631
0.785339,4630
0.785756,4629
0.78646,4628
0.894638,4627
0.896479,4626
0.896906,4625
0.897327,4624
0.897746,4623
0.898164,4622
0.898583,4621
0.899001,4620
0.89942,4619
0.899839,4618
0.900257,4617
0.900676,4616
0.901095,4615
0.90153,4614
0.901951,4613
0.902369,4612
0.902791,4611
0.903208,4610
0.903625,4609
0.904041,4608
0.904455,4607
0.904873,4606
0.905291,4605
1.01024,4604
1.0107,4603
1.01112,4602
1.01154,4601
1.01197,4600
1.01239,4599
1.01281,4598
1.01323,4597
1.01365,4596
1.01407,4595
1.01449,4594
1.01495,4593
1.01539,4592
1.01582,4591
1.01626,4590
1.01669,4589
1.01711,4588
1.01805,4587
1.01848,4586
1.0189,4585
1.01932,4584
1.01974,4583
1.02016,4582
1.02058,4581
1.05855,4580
1.059,4579
1.05942,4578
1.05984,4577
1.06026,4576
1.06068,4575
1.0611,4574
1.06152,4573
1.06194,4572
1.06235,4571
1.06277,4570
1.06318,4569
1.0636,4568
1.06402,4567
1.06443,4566
1.06485,4565
1.06527,4564
1.06568,4563
1.12732,4562
1.12777,4561
1.12819,4560
1.12861,4559
1.12903,4558
1.15398,4557
1.15443,4556
1.15489,4555
1.15532,4554
1.15574,4553
1.15616,4552
1.15659,4551
1.15702,4550
1.15744,4549
1.16014,4548
1.16058,4547
1.161,4546
1.16142,4545
1.16186,4544
1.16228,4543
1.16276,4542
1.16321,4541
1.16365,4540
1.16408,4539
1.16449,4538
1.16491,4537
1.16532,4536
1.16577,4535
1.16625,4534
1.16669,4533
1.16711,4532
1.16753,4531
1.16797,4530
1.16839,4529
1.1688,4528
1.16935,4527
1.16977,4526
1.17019,4525
1.17062,4524
1.17107,4523
1.17157,4522
1.17202,4521
1.17245,4520
1.17287,4519
1.17328,4518
1.1737,4517
1.17412,4516
1.17453,4515
1.17495,4514
1.17543,4513
1.17585,4512
1.1764,4511
1.17687,4510
1.17827,4509
1.1787,4508
1.17911,4507
1.17953,4506
1.17995,4505
1.18042,4504
1.18085,4503
1.18147,4502
1.18195,4501
1.18244,4500
1.18288,4499
1.1833,4498
1.18372,4497
1.18414,4496
1.18455,4495
1.18507,4494
1.18552,4493
1.1861,4492
1.18656,4491
1.18698,4490
1.30869,4489
1.30913,4488
1.31326,4487
1.31368,4486
1.34752,4485
1.35001,4484
1.3505,4483
1.35092,4482
1.35134,4481
1.35175,4480
1.35217,4479
1.35258,4478
1.353,4477
1.35341,4476
1.35383,4475
1.35424,4474
1.35567,4473
1.3561,4472
1.35652,4471
1.35695,4470
1.35736,4469
1.35777,4468
1.35819,4467
1.40711,4466
1.40756,4465
1.40798,4464
1.40839,4463
1.40881,4462
1.40923,4461
1.40965,4460
1.41006,4459
1.41047,4458
1.41088,4457
1.4113,4456
1.41171,4455
1.41213,4454
1.41254,4453
1.41296,4452
1.41337,4451
1.41378,4450
1.41419,4449
1.41461,4448
1.41502,4447
1.41543,4446
1.41584,4445
1.41625,4444
1.41666,4443
1.41712,4442
1.41754,4441
1.41796,4440
1.41837,4439
1.41879,4438
1.4192,4437
1.42037,4436
1.42081,4435
1.42134,4434
1.42176,4433
1.42218,4432
1.42259,4431
1.42301,4430
1.42342,4429
1.42383,4428
1.42425,4427
1.42466,4426
1.42507,4425
1.42548,4424
1.42589,4423
1.4263,4422
1.42671,4421
1.42713,4420
1.42754,4419
1.50789,4418
1.50835,4417
1.51172,4416
1.51215,4415
1.51256,4414
1.51297,4413
1.51339,4412
1.5138,4411
1.51421,4410
1.51462,4409
1.51504,4408
1.51545,4407
1.51586,4406
1.51627,4405
1.5175,4404
1.51793,4403
1.51835,4402
1.51876,4401
1.51917,4400
1.52046,4399
1.52088,4398
1.52129,4397
1.59573,4396
1.59618,4395
1.5966,4394
1.59701,4393
1.59744,4392
1.59786,4391
1.59904,4390
1.60022,4389
1.60082,4388
1.60125,4387
1.60166,4386
1.60207,4385
1.60249,4384
1.6029,4383
1.60332,4382
1.60373,4381
1.60414,4380
1.60455,4379
1.60496,4378
1.60539,4377
1.6058,4376
1.60621,4375
1.60662,4374
1.60703,4373
1.67715,4372
1.67762,4371
1.67804,4370
1.67846,4369
1.67887,4368
1.67928,4367
1.6797,4366
1.68011,4365
1.68052,4364
1.68094,4363
1.68135,4362
1.68176,4361
1.68217,4360
1.68258,4359
1.68299,4358
1.6834,4357
1.68381,4356
1.68422,4355
1.68463,4354
1.68504,4353
1.68546,4352
1.68586,4351
1.68627,4350
1.68668,4349
1.72281,4348
1.72327,4347
1.7237,4346
1.72411,4345
1.72453,4344
1.72494,4343
1.72535,4342
1.72586,4341
1.72628,4340
1.72669,4339
1.72711,4338
1.72752,4337
1.74508,4336
1.74551,4335
1.74593,4334
1.74714,4333
1.74755,4332
1.74796,4331
1.74837,4330
1.74878,4329
1.74918,4328
1.74959,4327
1.75,4326
1.75041,4325
1.75081,4324
1.75122,4323
1.75163,4322
1.75203,4321
1.75244,4320
1.75285,4319
1.75325,4318
1.75366,4317
1.75407,4316
1.75448,4315
1.90638,4314
1.90683,4313
1.90755,4312
1.90838,4311
1.90895,4310
1.90943,4309
1.90984,4308
1.91026,4307
1.91067,4306
1.9112,4305
1.91164,4304
1.91239,4303
1.91286,4302
1.91373,4301
1.91415,4300
1.91584,4299
1.91643,4298
1.91702,4297
1.91765,4296
1.92164,4295
1.92208,4294
1.92302,4293
1.99806,4292
1.9985,4291
1.99892,4290
1.99933,4289
1.99974,4288
2.00015,4287
2.00056,4286
2.00097,4285
2.00137,4284
2.00178,4283
2.00219,4282
2.00259,4281
2.00301,4280
2.00346,4279
2.00387,4278
2.00427,4277
2.00468,4276
2.00509,4275
2.00549,4274
2.0059,4273
2.0063,4272
2.00671,4271
2.00712,4270
2.00752,4269
2.0434,4268
2.0486,4267
2.04904,4266
2.05029,4265
2.0507,4264
2.05111,4263
2.0523,4262
2.05273,4261
2.05315,4260
2.05356,4259
2.05397,4258
2.05438,4257
2.05478,4256
2.05519,4255
2.0556,4254
2.056,4253
2.05641,4252
2.05681,4251
2.05722,4250
2.05762,4249
2.05803,4248
2.05843,4247
2.11655,4246
2.117,4245
2.11741,4244
2.11782,4243
2.11823,4242
2.11864,4241
2.11905,4240
2.11946,4239
2.11987,4238
2.12027,4237
2.12068,4236
2.12108,4235
2.12149,4234
2.1219,4233
2.1223,4232
2.12271,4231
2.12311,4230
2.12352,4229
2.12392,4228
2.12432,4227
2.12473,4226
2.12513,4225
2.12554,4224
2.12594,4223
2.12635,4222
2.20544,4221
2.20587,4220
2.20628,4219
2.20669,4218
2.2071,4217
2.2075,4216
2.20791,4215
2.20831,4214
2.20872,4213
2.20912,4212
2.20953,4211
2.20993,4210
2.21034,4209
2.21074,4208
2.21114,4207
2.21155,4206
2.21195,4205
2.21235,4204
2.21276,4203
2.21316,4202
2.21356,4201
2.21397,4200
2.21437,4199
2.21477,4198
2.27437,4197
2.27482,4196
2.27523,4195
2.27564,4194
2.27604,4193
2.27645,4192
2.27686,4191
2.27726,4190
2.27767,4189
2.27808,4188
2.27848,4187
2.27888,4186
2.27929,4185
2.27969,4184
2.2801,4183
2.2805,4182
2.28091,4181
2.28131,4180
2.28172,4179
2.28212,4178
2.28252,4177
2.28292,4176
2.28333,4175
2.28373,4174
2.28413,4173
2.35069,4172
2.35112,4171
2.35241,4170
2.35284,4169
2.35325,4168
2.35366,4167
2.35407,4166
2.35447,4165
2.35488,4164
2.35529,4163
2.35569,4162
2.35609,4161
2.3565,4160
2.35722,4159
2.35776,4158
2.35817,4157
2.35858,4156
2.35899,4155
2.3594,4154
2.3598,4153
2.36021,4152
2.36061,4151
2.36101,4150
2.36142,4149
2.3619,4148
2.36231,4147
2.36271,4146
2.36312,4145
2.36352,4144
2.36392,4143
2.3659,4142
2.36631,4141
2.36671,4140
2.36711,4139
2.36751,4138
2.36792,4137
2.36832,4136
2.36872,4135
2.36912,4134
2.36952,4133
2.36992,4132
2.37032,4131
2.37072,4130
2.37113,4129
2.37153,4128
2.50658,4127
2.50713,4126
2.50755,4125
2.50799,4124
2.50843,4123
2.50885,4122
2.50929,4121
2.5097,4120
2.5104,4119
2.51081,4118
2.51153,4117
2.51194,4116
2.51266,4115
2.51322,4114
2.51755,4113
2.51797,4112
2.5253,4111
2.52707,4110
2.52892,4109
2.53154,4108
2.53213,4107
2.53261,4106
2.53303,4105
2.60108,4104
2.6017,4103
2.60232,4102
2.60298,4101
2.60346,4100
2.6039,4099
2.60431,4098
2.6059,4097
2.61158,4096
2.61202,4095
2.61243,4094
2.61284,4093
2.61324,4092
2.61365,4091
2.61413,4090
2.61459,4089
2.61515,4088
2.61568,4087
2.61649,4086
2.61698,4085
2.61739,4084
2.61779,4083
2.6182,4082
2.69217,4081
2.69264,4080
2.69585,4079
2.69867,4078
2.69909,4077
2.70374,4076
2.70415,4075
2.70455,4074
2.70496,4073
2.70536,4072
2.70576,4071
2.70616,4070
2.70657,4069
2.70697,4068
2.70737,4067
2.70777,4066
2.70817,4065
2.70857,4064
2.70897,4063
2.70937,4062
2.70977,4061
2.71017,4060
2.78039,4059
2.78089,4058
2.78131,4057
2.78172,4056
2.78212,4055
2.78256,4054
2.78303,4053
2.78345,4052
2.78387,4051
2.78428,4050
2.78468,4049
2.78508,4048
2.78548,4047
2.78588,4046
2.78628,4045
2.78669,4044
2.78709,4043
2.78749,4042
2.78789,4041
2.78829,4040
2.78868,4039
2.78908,4038
2.78948,4037
2.78988,4036
2.79028,4035
2.85919,4034
2.86079,4033
2.8612,4032
2.8616,4031
2.86201,4030
2.86241,4029
2.86281,4028
2.86321,4027
2.86361,4026
2.86401,4025
2.86441,4024
2.86481,4023
2.86521,4022
2.86561,4021
2.86601,4020
2.86641,4019
2.86683,4018
2.86723,4017
2.86763,4016
2.86803,4015
2.86842,4014
2.86882,4013
2.86922,4012
2.86962,4011
2.93045,4010
2.93089,4009
2.9313,4008
2.9317,4007
2.93211,4006
2.93251,4005
2.93369,4004
2.93409,4003
2.93452,4002
2.93493,4001
2.93533,4000
2.93585,3999
2.93626,3998
2.93667,3997
2.93707,3996
2.93747,3995
2.93787,3994
2.93827,3993
2.93867,3992
2.93914,3991
2.93954,3990
2.93994,3989
2.94034,3988
3.07865,3987
3.0791,3986
3.07953,3985
3.07993,3984
3.08033,3983
3.08152,3982
3.08192,3981
3.08232,3980
3.08272,3979
3.08312,3978
3.08352,3977
3.08392,3976
3.08432,3975
3.08472,3974
3.08511,3973
3.08551,3972
3.08591,3971
3.0863,3970
3.0867,3969
3.0871,3968
3.0875,3967
3.08789,3966
3.08829,3965
3.16587,3964
3.1663,3963
3.16997,3962
3.17041,3961
3.17081,3960
3.17122,3959
3.17161,3958
3.17202,3957
3.17242,3956
3.17282,3955
3.17322,3954
3.17362,3953
3.17402,3952
3.17441,3951
3.17481,3950
3.17521,3949
3.1756,3948
3.176,3947
3.1764,3946
3.17679,3945
3.17719,3944
3.17758,3943
3.17798,3942
3.17838,3941
3.17878,3940
3.22377,3939
3.22905,3938
3.22994,3937
3.23035,3936
3.23075,3935
3.23117,3934
3.23157,3933
3.232,3932
3.23241,3931
3.23297,3930
3.23338,3929
3.23378,3928
3.23418,3927
3.23458,3926
3.23498,3925
3.23538,3924
3.23578,3923
3.23825,3922
3.23889,3921
3.24143,3920
3.24213,3919
3.2448,3918
3.24529,3917
3.24604,3916
3.24677,3915
3.24789,3914
3.24832,3913
3.24899,3912
3.24998,3911
3.25099,3910
3.2533,3909
3.25427,3908
3.25519,3907
3.25659,3906
3.25869,3905
3.25938,3904
3.25991,3903
3.26033,3902
3.26084,3901
3.26141,3900
3.26264,3899
3.26443,3898
3.26775,3897
3.27351,3896
3.27409,3895
3.27539,3894
3.27584,3893
3.2764,3892
3.27714,3891
3.27758,3890
3.27923,3889
3.27965,3888
3.28005,3887
3.28045,3886
3.28096,3885
3.28146,3884
3.28214,3883
3.28255,3882
3.28294,3881
3.28334,3880
3.28374,3879
3.28415,3878
3.28464,3877
3.28504,3876
3.2859,3875
3.28675,3874
3.28729,3873
3.28771,3872
3.28811,3871
3.28852,3870
3.28891,3869
3.28931,3868
3.28971,3867
3.29015,3866
3.29057,3865
3.29115,3864
3.2916,3863
3.29206,3862
3.2925,3861
3.2929,3860
3.2933,3859
3.2937,3858
3.2941,3857
3.2945,3856
3.29495,3855
3.29534,3854
3.29586,3853
3.2963,3852
3.29671,3851
3.51666,3850
3.5182,3849
3.51864,3848
3.51906,3847
3.51947,3846
3.51989,3845
3.5203,3844
3.52071,3843
3.52112,3842
3.52154,3841
3.52197,3840
3.52237,3839
3.52277,3838
3.52317,3837
3.52357,3836
3.52396,3835
3.52436,3834
3.52475,3833
3.52515,3832
3.52554,3831
3.52593,3830
3.52633,3829
3.52674,3828
3.52716,3827
3.52759,3826
3.52799,3825
3.52838,3824
3.52878,3823
3.52918,3822
3.52957,3821
3.53001,3820
3.53042,3819
3.53082,3818
3.53121,3817
3.53161,3816
3.53201,3815
3.53241,3814
3.5328,3813
3.53479,3812
3.53527,3811
3.53568,3810
3.53608,3809
3.53648,3808
3.53689,3807
3.53728,3806
3.65431,3805
3.65548,3804
3.6559,3803
3.6563,3802
3.6567,3801
3.6571,3800
3.6575,3799
3.65789,3798
3.65828,3797
3.65868,3796
3.65908,3795
3.65947,3794
3.65991,3793
3.66167,3792
3.66286,3791
3.66327,3790
3.66366,3789
3.66405,3788
3.66445,3787
3.66484,3786
3.66523,3785
3.66562,3784
3.66601,3783
3.7301,3782
3.73128,3781
3.73585,3780
3.73628,3779
3.73668,3778
3.73707,3777
3.73747,3776
3.73787,3775
3.73826,3774
3.73866,3773
3.73905,3772
3.73944,3771
3.73983,3770
3.74022,3769
3.74061,3768
3.741,3767
3.74139,3766
3.74178,3765
3.74217,3764
3.74256,3763
3.74295,3762
3.74334,3761
3.74373,3760
3.74412,3759
3.74451,3758
3.83949,3757
3.83993,3756
3.84033,3755
3.84073,3754
3.84112,3753
3.84152,3752
3.84191,3751
3.8423,3750
3.84346,3749
3.84386,3748
3.84425,3747
3.84464,3746
3.84503,3745
3.84542,3744
3.84581,3743
3.8462,3742
3.84658,3741
3.84697,3740
3.84737,3739
3.84775,3738
3.84814,3737
3.84853,3736
3.84892,3735
3.90569,3734
3.90616,3733
3.91257,3732
3.913,3731
3.9144,3730
3.91521,3729
3.91744,3728
3.91801,3727
3.91842,3726
3.91883,3725
3.91923,3724
3.92018,3723
3.92095,3722
3.92218,3721
3.92264,3720
3.92487,3719
3.92652,3718
3.92692,3717
3.92847,3716
3.92888,3715
3.92927,3714
3.92967,3713
4.0334,3712
4.03381,3711
4.03421,3710
4.0346,3709
4.03499,3708
4.03539,3707
4.0358,3706
4.03619,3705
4.03659,3704
4.03698,3703
4.03737,3702
4.03776,3701
4.03816,3700
4.03855,3699
4.03894,3698
4.03933,3697
4.03972,3696
4.0401,3695
4.04049,3694
4.04088,3693
4.04127,3692
4.04166,3691
4.04205,3690
4.04243,3689
4.04282,3688
4.08597,3687
4.0884,3686
4.08882,3685
4.08922,3684
4.08962,3683
4.09001,3682
4.09039,3681
4.09078,3680
4.09117,3679
4.09156,3678
4.09196,3677
4.09234,3676
4.09273,3675
4.09312,3674
4.09351,3673
4.09389,3672
4.09428,3671
4.09467,3670
4.09506,3669
4.09544,3668
4.09583,3667
4.09622,3666
4.0966,3665
4.09699,3664
4.09737,3663
4.16519,3662
4.16563,3661
4.16602,3660
4.16642,3659
4.16682,3658
4.16721,3657
4.1676,3656
4.16799,3655
4.16838,3654
4.16876,3653
4.16916,3652
4.16955,3651
4.16994,3650
4.17038,3649
4.17077,3648
4.17115,3647
4.17154,3646
4.17193,3645
4.17232,3644
4.17271,3643
4.1731,3642
4.17349,3641
4.17387,3640
4.17426,3639
4.17465,3638
4.17503,3637
4.22641,3636
4.22683,3635
4.2287,3634
4.22911,3633
4.2295,3632
4.22989,3631
4.23028,3630
4.23067,3629
4.23106,3628
4.23145,3627
4.23259,3626
4.23297,3625
4.23336,3624
4.23375,3623
4.2356,3622
4.23619,3621
4.23659,3620
4.23699,3619
4.23738,3618
4.23777,3617
4.23816,3616
4.29994,3615
4.30036,3614
4.30075,3613
4.30114,3612
4.30152,3611
4.30191,3610
4.3023,3609
4.30268,3608
4.30307,3607
4.30345,3606
4.30384,3605
4.30422,3604
4.30461,3603
4.30499,3602
4.30618,3601
4.30657,3600
4.30695,3599
4.30734,3598
4.30772,3597
4.30811,3596
4.30924,3595
4.30963,3594
4.38468,3593
4.38511,3592
4.38559,3591
4.38598,3590
4.38638,3589
4.38677,3588
4.38716,3587
4.38779,3586
4.38819,3585
4.38857,3584
4.38901,3583
4.38941,3582
4.3898,3581
4.39019,3580
4.39079,3579
4.39119,3578
4.39159,3577
4.39198,3576
4.39237,3575
4.39276,3574
4.39314,3573
4.39352,3572
4.39423,3571
4.39467,3570
4.39506,3569
4.4813,3568
4.48172,3567
4.48213,3566
4.48253,3565
4.48292,3564
4.48331,3563
4.48369,3562
4.48411,3561
4.48524,3560
4.48563,3559
4.48601,3558
4.4864,3557
4.48678,3556
4.48716,3555
4.48755,3554
4.48793,3553
4.48831,3552
4.48869,3551
4.48908,3550
4.48946,3549
4.48984,3548
4.49023,3547
4.49061,3546
4.49099,3545
4.55681,3544
4.55723,3543
4.55843,3542
4.55886,3541
4.55931,3540
4.5597,3539
4.56009,3538
4.56048,3537
4.56091,3536
4.56132,3535
4.56174,3534
4.5622,3533
4.5626,3532
4.56303,3531
4.56342,3530
4.56381,3529
4.56536,3528
4.5658,3527
4.56632,3526
4.56677,3525
4.56717,3524
4.56756,3523
4.65749,3522
4.658,3521
4.65849,3520
4.65903,3519
4.65952,3518
4.65995,3517
4.66629,3516
4.66925,3515
4.66968,3514
4.67008,3513
4.67047,3512
4.67088,3511
4.67127,3510
4.67241,3509
4.67279,3508
4.67318,3507
4.67356,3506
4.67395,3505
4.67433,3504
4.67472,3503
4.6751,3502
4.67548,3501
4.67586,3500
4.71837,3499
4.71879,3498
4.71918,3497
4.7204,3496
4.72095,3495
4.72134,3494
4.72173,3493
4.72212,3492
4.7225,3491
4.72289,3490
4.72328,3489
4.72441,3488
4.7248,3487
4.72518,3486
4.72556,3485
4.72595,3484
4.72633,3483
4.72672,3482
4.7271,3481
4.72749,3480
4.72787,3479
4.72825,3478
4.78839,3477
4.78879,3476
4.78992,3475
4.79105,3474
4.79144,3473
4.79182,3472
4.7922,3471
4.79259,3470
4.79297,3469
4.79335,3468
4.79373,3467
4.79411,3466
4.79449,3465
4.79487,3464
4.79526,3463
4.79563,3462
4.82608,3461
4.82649,3460
4.82688,3459
4.82971,3458
4.83098,3457
4.83212,3456
4.83531,3455
4.83571,3454
4.83609,3453
4.83648,3452
4.83687,3451
4.83726,3450
4.83764,3449
4.83803,3448
4.8399,3447
4.84028,3446
4.84067,3445
4.84105,3444
4.84144,3443
4.84256,3442
4.90997,3441
4.91111,3440
4.9115,3439
4.91263,3438
4.9145,3437
4.91488,3436
4.91526,3435
4.91564,3434
4.91602,3433
4.91641,3432
4.91679,3431
4.91717,3430
4.91755,3429
4.91793,3428
4.91831,3427
4.91868,3426
4.91906,3425
4.91944,3424
5.01195,3423
5.01236,3422
5.01275,3421
5.01313,3420
5.01352,3419
5.0139,3418
5.01429,3417
5.01468,3416
5.01506,3415
5.01544,3414
5.01583,3413
5.01621,3412
5.01659,3411
5.01697,3410
5.01812,3409
5.01851,3408
5.01889,3407
5.01927,3406
5.01964,3405
5.02003,3404
5.02041,3403
5.02078,3402
5.02116,3401
5.02154,3400
5.08529,3399
5.08646,3398
5.08685,3397
5.08723,3396
5.08762,3395
5.088,3394
5.08838,3393
5.08876,3392
5.08914,3391
5.08952,3390
5.08991,3389
5.09028,3388
5.09067,3387
5.09105,3386
5.09143,3385
5.09181,3384
5.09218,3383
5.09258,3382
5.09296,3381
5.09333,3380
5.09371,3379
5.09409,3378
5.09447,3377
5.09485,3376
5.15765,3375
5.15807,3374
5.15879,3373
5.15945,3372
5.15985,3371
5.16023,3370
5.16065,3369
5.16104,3368
5.16145,3367
5.16184,3366
5.16222,3365
5.1626,3364
5.16298,3363
5.16336,3362
5.16373,3361
5.16411,3360
5.16449,3359
5.16488,3358
5.16525,3357
5.16564,3356
5.16602,3355
5.1664,3354
5.16681,3353
5.16721,3352
5.1676,3351
5.16799,3350
5.2593,3349
5.2597,3348
5.26009,3347
5.26049,3346
5.26088,3345
5.26151,3344
5.26191,3343
5.2623,3342
5.26269,3341
5.26307,3340
5.26345,3339
5.26383,3338
5.26421,3337
5.26459,3336
5.26497,3335
5.26535,3334
5.26646,3333
5.26684,3332
5.26722,3331
5.26835,3330
5.32188,3329
5.32228,3328
5.32266,3327
5.32304,3326
5.32343,3325
5.32381,3324
5.32419,3323
5.32457,3322
5.32495,3321
5.32534,3320
5.33286,3319
5.33327,3318
5.33674,3317
5.3419,3316
5.34231,3315
5.3427,3314
5.34308,3313
5.34346,3312
5.34459,3311
5.34497,3310
5.34535,3309
5.39709,3308
5.39756,3307
5.39882,3306
5.40269,3305
5.40311,3304
5.40655,3303
5.40699,3302
5.4074,3301
5.40779,3300
5.40818,3299
5.40856,3298
5.40894,3297
5.40932,3296
5.41043,3295
5.41081,3294
5.41119,3293
5.41156,3292
5.41194,3291
5.41231,3290
5.41269,3289
5.41306,3288
5.41344,3287
5.41381,3286
5.41419,3285
5.54462,3284
5.54504,3283
5.54544,3282
5.54582,3281
5.5462,3280
5.54658,3279
5.54696,3278
5.54734,3277
5.54772,3276
5.5481,3275
5.54848,3274
5.55003,3273
5.5505,3272
5.55288,3271
5.55364,3270
5.55404,3269
5.55517,3268
5.55556,3267
5.55605,3266
5.55643,3265
5.55907,3264
5.6812,3263
5.68162,3262
5.68201,3261
5.68371,3260
5.68481,3259
5.68552,3258
5.68623,3257
5.68862,3256
5.68913,3255
5.68962,3254
5.69004,3253
5.69044,3252
5.69082,3251
5.6912,3250
5.69158,3249
5.69196,3248
5.69234,3247
5.69271,3246
5.69309,3245
5.69347,3244
5.69497,3243
5.69643,3242
5.6978,3241
5.6982,3240
5.69859,3239
5.69898,3238
5.84671,3237
5.84783,3236
5.84823,3235
5.84861,3234
5.85158,3233
5.85198,3232
5.85295,3231
5.85335,3230
5.85373,3229
5.85411,3228
5.85448,3227
5.85554,3226
5.85605,3225
5.85644,3224
5.85683,3223
5.85794,3222
5.85832,3221
5.85944,3220
5.908,3219
5.90842,3218
5.90881,3217
5.90993,3216
5.91031,3215
5.91069,3214
5.91107,3213
5.91144,3212
5.91182,3211
5.9122,3210
5.91257,3209
5.91295,3208
5.91333,3207
5.91371,3206
5.91408,3205
5.91449,3204
5.91488,3203
5.91527,3202
5.91722,3201
5.91763,3200
5.91807,3199
5.91851,3198
6.01381,3197
6.0142,3196
6.01458,3195
6.01497,3194
6.01546,3193
6.01585,3192
6.01624,3191
6.01662,3190
6.017,3189
6.01738,3188
6.01775,3187
6.02365,3186
6.07633,3185
6.07673,3184
6.07933,3183
6.0822,3182
6.08259,3181
6.0832,3180
6.08369,3179
6.08409,3178
6.08451,3177
6.0849,3176
6.08555,3175
6.08595,3174
6.08634,3173
6.08673,3172
6.08711,3171
6.17258,3170
6.17301,3169
6.1734,3168
6.17378,3167
6.17416,3166
6.17454,3165
6.17491,3164
6.17529,3163
6.1764,3162
6.17677,3161
6.17714,3160
6.17753,3159
6.17863,3158
6.179,3157
6.17938,3156
6.17975,3155
6.18012,3154
6.1805,3153
6.18087,3152
6.18124,3151
6.1844,3150
6.1849,3149
6.19955,3148
6.19997,3147
6.20036,3146
6.20074,3145
6.26256,3144
6.26296,3143
6.26335,3142
6.26373,3141
6.26411,3140
6.26449,3139
6.26499,3138
6.26538,3137
6.26576,3136
6.26687,3135
6.26725,3134
6.26835,3133
6.26873,3132
6.2691,3131
6.26948,3130
6.27289,3129
6.27338,3128
6.2751,3127
6.33989,3126
6.34032,3125
6.3407,3124
6.34108,3123
6.34146,3122
6.34262,3121
6.343,3120
6.34339,3119
6.34378,3118
6.346,3117
6.3464,3116
6.34678,3115
6.34715,3114
6.34825,3113
6.34862,3112
6.349,3111
6.35001,3110
6.35047,3109
6.35085,3108
6.3521,3107
6.49767,3106
6.49815,3105
6.49859,3104
6.49898,3103
6.49954,3102
6.49992,3101
6.5003,3100
6.50093,3099
6.50136,3098
6.5018,3097
6.50221,3096
6.50273,3095
6.50312,3094
6.50539,3093
6.50583,3092
6.50907,3091
6.50946,3090
6.50984,3089
6.51127,3088
6.51199,3087
6.51263,3086
6.5735,3085
6.57391,3084
6.57436,3083
6.59427,3082
6.59469,3081
6.59544,3080
6.59582,3079
6.59799,3078
6.5984,3077
6.59877,3076
6.59915,3075
6.60026,3074
6.60064,3073
6.60101,3072
6.60138,3071
6.60176,3070
6.60213,3069
6.6025,3068
6.60288,3067
6.60325,3066
6.67852,3065
6.67893,3064
6.6793,3063
6.67968,3062
6.68006,3061
6.68044,3060
6.68081,3059
6.68336,3058
6.68373,3057
6.6841,3056
6.68451,3055
6.68496,3054
6.68539,3053
6.68576,3052
6.68613,3051
6.6865,3050
6.68687,3049
6.68724,3048
6.68761,3047
6.68798,3046
6.77023,3045
6.77359,3044
6.7755,3043
6.77734,3042
6.77772,3041
6.77809,3040
6.77847,3039
6.77957,3038
6.77994,3037
6.78031,3036
6.78068,3035
6.78105,3034
6.78142,3033
6.78178,3032
6.7822,3031
6.78258,3030
6.78296,3029
6.78407,3028
6.78444,3027
6.85492,3026
6.85532,3025
6.8557,3024
6.85608,3023
6.85646,3022
6.85683,3021
6.85721,3020
6.85758,3019
6.85795,3018
6.85978,3017
6.86016,3016
6.86219,3015
6.86331,3014
6.86369,3013
6.86406,3012
6.92519,3011
6.92564,3010
6.92603,3009
6.92642,3008
6.92679,3007
6.92716,3006
6.92901,3005
6.92938,3004
6.93054,3003
6.93098,3002
6.93136,3001
6.93173,3000
6.93211,2999
6.93247,2998
7.01097,2997
7.01139,2996
7.0132,2995
7.01362,2994
7.01433,2993
7.01473,2992
7.0151,2991
7.01549,2990
7.0166,2989
7.01698,2988
7.07836,2987
7.07878,2986
7.08618,2985
7.09752,2984
7.09868,2983
7.09905,2982
7.09943,2981
7.0998,2980
7.10018,2979
7.10055,2978
7.10092,2977
7.10129,2976
7.10166,2975
7.10347,2974
7.10384,2973
7.11197,2972
7.11438,2971
7.11477,2970
7.11515,2969
7.11552,2968
7.1159,2967
7.11627,2966
7.11703,2965
7.11743,2964
7.12461,2963
7.12501,2962
7.1254,2961
7.12577,2960
7.12615,2959
7.12652,2958
7.12718,2957
7.12757,2956
7.1284,2955
7.12879,2954
7.28899,2953
7.28937,2952
7.28974,2951
7.29012,2950
7.29049,2949
7.29086,2948
7.29123,2947
7.2916,2946
7.29198,2945
7.29235,2944
7.29272,2943
7.29308,2942
7.29375,2941
7.29417,2940
7.29454,2939
7.2949,2938
7.29527,2937
7.29566,2936
7.29603,2935
7.29639,2934
7.29677,2933
7.39026,2932
7.39064,2931
7.391,2930
7.39137,2929
7.39246,2928
7.39585,2927
7.397,2926
7.39741,2925
7.39778,2924
7.39815,2923
7.39852,2922
7.39911,2921
7.47464,2920
7.47731,2919
7.47769,2918
7.47807,2917
7.47844,2916
7.47881,2915
7.47919,2914
7.47957,2913
7.47994,2912
7.48031,2911
7.48068,2910
7.48394,2909
7.48431,2908
7.48468,2907
7.48504,2906
7.48541,2905
7.48578,2904
7.48615,2903
7.48652,2902
7.60272,2901
7.60315,2900
7.60352,2899
7.60462,2898
7.60572,2897
7.60609,2896
7.60646,2895
7.60683,2894
7.61024,2893
7.61067,2892
7.61105,2891
7.61143,2890
7.6118,2889
7.61217,2888
7.61366,2887
7.61413,2886
7.65589,2885
7.65631,2884
7.6567,2883
7.65707,2882
7.65744,2881
7.65781,2880
7.65818,2879
7.65855,2878
7.66108,2877
7.66215,2876
7.66327,2875
7.66436,2874
7.66472,2873
7.66509,2872
7.66545,2871
7.66582,2870
7.76681,2869
7.76719,2868
7.76756,2867
7.76793,2866
7.76836,2865
7.76946,2864
7.76982,2863
7.77019,2862
7.77055,2861
7.77092,2860
7.77201,2859
7.77238,2858
7.77274,2857
7.84325,2856
7.84391,2855
7.84434,2854
7.84474,2853
7.84512,2852
7.84549,2851
7.84587,2850
7.84624,2849
7.84663,2848
7.84723,2847
7.84764,2846
7.84832,2845
7.8487,2844
7.84907,2843
7.85113,2842
7.85152,2841
7.85189,2840
7.85371,2839
7.85408,2838
7.85581,2837
7.85625,2836
7.85744,2835
7.85786,2834
7.85829,2833
7.85868,2832
7.85906,2831
7.85944,2830
7.85996,2829
7.86043,2828
7.86084,2827
7.8617,2826
7.86287,2825
7.86326,2824
7.86365,2823
7.86403,2822
7.86549,2821
7.86667,2820
7.98857,2819
7.98971,2818
7.99008,2817
7.99415,2816
7.99596,2815
7.99704,2814
7.9974,2813
8.05806,2812
8.05848,2811
8.05895,2810
8.05933,2809
8.05969,2808
8.06006,2807
8.06044,2806
8.06082,2805
8.06118,2804
8.06227,2803
8.06263,2802
8.0637,2801
8.06622,2800
8.06782,2799
8.06846,2798
8.06962,2797
8.07,2796
8.11864,2795
8.11906,2794
8.11943,2793
8.1198,2792
8.12018,2791
8.12059,2790
8.12099,2789
8.12136,2788
8.1253,2787
8.12566,2786
8.12677,2785
8.12784,2784
8.18755,2783
8.18793,2782
8.18834,2781
8.19159,2780
8.19195,2779
8.19232,2778
8.19339,2777
8.19376,2776
8.19483,2775
8.1952,2774
8.25946,2773
8.26409,2772
8.2645,2771
8.26488,2770
8.26817,2769
8.26926,2768
8.26963,2767
8.27141,2766
8.33174,2765
8.33211,2764
8.33248,2763
8.33284,2762
8.3332,2761
8.33429,2760
8.33466,2759
8.33502,2758
8.33538,2757
8.33574,2756
8.3361,2755
8.33647,2754
8.33682,2753
8.33719,2752
8.33755,2751
8.39777,2750
8.39888,2749
8.39925,2748
8.40179,2747
8.40218,2746
8.40255,2745
8.40292,2744
8.40329,2743
8.40365,2742
8.45775,2741
8.45818,2740
8.45856,2739
8.45894,2738
8.45932,2737
8.45969,2736
8.46365,2735
8.46401,2734
8.46507,2733
8.46544,2732
8.46581,2731
8.46618,2730
8.46725,2729
8.46763,2728
8.53095,2727
8.53352,2726
8.53535,2725
8.53574,2724
8.54001,2723
8.5405,2722
8.54239,2721
8.54306,2720
8.54344,2719
8.54382,2718
8.54915,2717
8.54982,2716
8.55033,2715
8.55314,2714
8.55353,2713
8.5539,2712
8.55579,2711
8.55619,2710
8.56273,2709
8.56311,2708
8.56418,2707
8.56455,2706
8.8559,2705
8.85627,2704
9.14769,2703
9.14812,2702
9.1485,2701
9.14887,2700
9.14923,2699
9.14965,2698
9.15003,2697
9.15115,2696
9.15267,2695
9.15413,2694
9.15451,2693
9.15646,2692
9.15767,2691
9.15807,2690
9.15845,2689
9.23314,2688
9.23719,2687
9.34662,2686
9.34701,2685
9.34813,2684
9.3485,2683
9.35029,2682
9.35065,2681
9.35317,2680
9.35496,2679
9.35532,2678
9.35569,2677
9.35605,2676
9.43369,2675
9.43412,2674
9.43449,2673
9.43486,2672
9.43593,2671
9.4363,2670
9.4367,2669
9.43709,2668
9.43801,2667
9.43839,2666
9.44085,2665
9.44197,2664
9.50998,2663
9.51039,2662
9.58197,2661
9.58235,2660
9.6043,2659
9.60468,2658
9.69026,2657
9.69209,2656
9.69544,2655
9.70087,2654
9.75155,2653
9.75196,2652
9.75235,2651
9.75582,2650
9.75696,2649
9.75841,2648
9.81826,2647
9.81975,2646
9.82014,2645
9.82051,2644
9.82161,2643
9.82197,2642
9.82234,2641
9.82279,2640
9.82316,2639
9.82369,2638
9.8242,2637
9.82599,2636
9.82637,2635
9.82674,2634
9.82712,2633
9.82748,2632
9.82784,2631
9.82823,2630
9.82861,2629
9.83254,2628
9.83293,2627
9.8333,2626
9.83366,2625
9.83474,2624
9.97129,2623
9.97644,2622
9.97683,2621
9.97755,2620
10.2755,2619
10.3346,2618
10.3349,2617
10.3353,2616
10.3357,2615
11.3763,2614
11.3774,2613
11.4434,2612
11.4445,2611
11.4449,2610
11.451,2609
11.5234,2608
11.5253,2607
11.5329,2606
11.5333,2605
11.585,2604
11.5854,2603
11.5857,2602
11.5861,2601
11.6518,2600
11.653,2599
11.6534,2598
11.6545,2597
11.6556,2596
11.7797,2595
11.7808,2594
11.8378,2593
11.8384,2592
12.8625,2591
12.8692,2590
12.9414,2589
12.9418,2588
12.9429,2587
13.0817,2586
13.0821,2585
13.4304,2584
13.4315,2583
15.4971,2582
15.4975,2581
15.5028,2580
15.5077,2579
15.5877,2578
15.588,2577
15.5884,2576
15.5897,2575
15.7646,2574
16.0792,2573
16.1491,2572
16.1502,2571
16.1506,2570
17.2223,2569
17.2249,2568
17.2878,2567
17.2886,2566
17.289,2565
17.4208,2564
17.4794,2563
17.4801,2562
17.4805,2561
17.4808,2560
17.4845,2559
17.4849,2558
17.5481,2557
17.5485,2556
17.5488,2555
17.5492,2554
17.5531,2553
18.0411,2552
18.0415,2551
18.1147,2550
18.3154,2549
18.3158,2548
18.3218,2547
18.5359,2546
18.8981,2545
18.8985,2544
18.9054,2543
18.9058,2542
18.9392,2541
18.9396,2540
18.94,2539
18.9411,2538
18.9422,2537
18.9453,2536
18.9457,2535
18.9461,2534
19.027,2533
19.0306,2532
19.031,2531
19.1068,2530
19.1072,2529
19.1076,2528
19.1079,2527
19.1083,2526
19.1094,2525
19.1098,2524
19.1102,2523
21.3535,2522
21.3538,2521
21.3543,2520
21.3548,2519
21.3634,2518
21.4719,2517
21.4724,2516
21.4731,2515
21.4744,2514
21.4793,2513
21.5098,2512
21.5102,2511
22.0449,2510
22.0453,2509
22.4817,2508
22.4828,2507
22.4831,2506
22.4842,2505
22.4853,2504
22.5244,2503
22.5285,2502
22.5288,2501
25.5315,2500
25.5318,2499
25.5329,2498
25.5934,2497
25.854,2496
25.8581,2495
25.8592,2494
25.8596,2493
25.86,2492
26.095,2491
26.0954,2490
26.0957,2489
26.1527,2488
26.2716,2487
26.272,2486
26.2724,2485
26.2749,2484
26.2782,2483
26.2785,2482
26.4138,2481
26.4142,2480
27.3214,2479
27.3819,2478
29.9199,2477
30.0374,2476
30.0385,2475
30.0389,2474
30.0393,2473
30.0397,2472
30.04,2471
30.0418,2470
30.0422,2469
30.0432,2468
30.5787,2467
30.5819,2466
30.6416,2465
31.6916,2464
31.7762,2463
32.6099,2462
32.6103,2461
32.6798,2460
32.6802,2459
32.6806,2458
32.6809,2457
32.6813,2456
32.7257,2455
32.9441,2454
32.9445,2453
32.9463,2452
33.455,2451
33.4561,2450
34.0288,2449
34.0835,2448
34.0839,2447
34.0843,2446
34.0854,2445
34.0886,2444
34.4713,2443
34.4717,2442
34.4727,2441
34.4731,2440
34.5406,2439
34.541,2438
34.5436,2437
34.544,2436
34.5443,2435
34.545,2434
34.5454,2433
34.5458,2432
34.6278,2431
36.1564,2430
36.1575,2429
36.183,2428
36.1843,2427
36.1847,2426
36.185,2425
36.1854,2424
36.1865,2423
36.1869,2422
36.188,2421
36.1884,2420
39.6259,2419
39.6284,2418
39.6288,2417
39.6291,2416
39.6295,2415
39.6298,2414
40.4885,2413
40.7325,2412
40.7336,2411
40.7375,2410
40.7378,2409
40.7382,2408
40.8437,2407
40.8478,2406
40.8481,2405
40.8485,2404
46.2347,2403
46.2351,2402
46.2362,2401
46.2366,2400
46.2391,2399
49.2179,2398
49.219,2397
49.2221,2396
49.5837,2395
49.8307,2394
50.8843,2393
50.8846,2392
50.8889,2391
50.8893,2390
56.9847,2389
56.9865,2388
56.9869,2387
57.0566,2386
57.1387,2385
57.1391,2384
57.1402,2383
60.1988,2382
60.1999,2381
64.2621,2380
64.2625,2379
64.2629,2378
64.2632,2377
64.2636,2376
64.2639,2375
64.4245,2374
64.4263,2373
64.4266,2372
64.427,2371
64.428,2370
64.4291,2369
64.4295,2368
64.4866,2367
64.5463,2366
64.5481,2365
64.5492,2364
64.5517,2363
64.5535,2362
71.8091,2361
71.8766,2360
71.877,2359
71.8773,2358
73.8395,2357
73.8442,2356
73.8445,2355
73.8449,2354
73.8452,2353
73.9004,2352
73.9018,2351
73.9061,2350
73.9064,2349
73.9068,2348
73.9072,2347
73.9082,2346
73.9827,2345
75.5884,2344
75.59,2343
75.5903,2342
75.5911,2341
75.6406,2340
75.6424,2339
75.6427,2338
75.7456,2337
75.746,2336
75.7464,2335
139.965,2334
149.558,2333
149.558,2332
149.562,2331
149.567,2330
149.623,2329
149.624,2328
149.625,2327
149.625,2326
149.68,2325
225.065,2324
371.414,2323
371.415,2322
388.462,2321
388.525,2320
388.541,2319
388.541,2318
388.542,2317
388.542,2316
388.543,2315
2201.76,2314
3215.84,2313
3216.81,2312
3216.81,2311
3216.81,2310
3216.81,2309
3216.81,2308
