0.000461629,4940
0.000935041,4939
0.00138021,4938
0.00181989,4937
0.00225798,4936
0.00269773,4935
0.00313486,4934
0.00357169,4933
0.00400668,4932
0.0273379,4931
0.0277808,4930
0.0282195,4929
0.0286587,4928
0.0291414,4927
0.0295821,4926
0.0300191,4925
0.030456,4924
0.0308928,4923
0.0313279,4922
0.0317641,4921
0.032202,4920
0.0326378,4919
0.0330724,4918
0.0335108,4917
0.0339479,4916
0.0343809,4915
0.0348149,4914
0.0352505,4913
0.0356851,4912
0.0361178,4911
0.0365487,4910
0.0724914,4909
0.0761323,4908
0.076591,4907
0.0770293,4906
0.077465,4905
0.0778985,4904
0.0783339,4903
0.0787691,4902
0.0792015,4901
0.0796352,4900
0.080072,4899
0.0805091,4898
0.0809408,4897
0.0813752,4896
0.0818086,4895
0.0822405,4894
0.0826742,4893
0.0831074,4892
0.083539,4891
0.0839701,4890
0.0844066,4889
0.0848387,4888
0.130857,4887
0.134914,4886
0.135364,4885
0.135804,4884
0.136238,4883
0.136672,4882
0.137103,4881
0.137536,4880
0.13797,4879
0.138404,4878
0.138837,4877
0.139268,4876
0.139698,4875
0.140128,4874
0.140558,4873
0.14099,4872
0.141421,4871
0.14185,4870
0.14228,4869
0.142711,4868
0.143139,4867
0.143568,4866
0.144,4865
0.144429,4864
0.207914,4863
0.208389,4862
0.208825,4861
0.209258,4860
0.209691,4859
0.210125,4858
0.210556,4857
0.210987,4856
0.211416,4855
0.211848,4854
0.212277,4853
0.212708,4852
0.213138,4851
0.213568,4850
0.213998,4849
0.214428,4848
0.214858,4847
0.215286,4846
0.215713,4845
0.216142,4844
0.216569,4843
0.216999,4842
0.217427,4841
0.285215,4840
0.285686,4839
0.286118,4838
0.28655,4837
0.286981,4836
0.287409,4835
0.287837,4834
0.288268,4833
0.288698,4832
0.289127,4831
0.28962,4830
0.290052,4829
0.290485,4828
0.290915,4827
0.291344,4826
0.291773,4825
0.292202,4824
0.292632,4823
0.293062,4822
0.293491,4821
0.293922,4820
0.29435,4819
0.29478,4818
0.363087,4817
0.363546,4816
0.363987,4815
0.364424,4814
0.364856,4813
0.365286,4812
0.365714,4811
0.366143,4810
0.366573,4809
0.367003,4808
0.367429,4807
0.367856,4806
0.368284,4805
0.368713,4804
0.369142,4803
0.36957,4802
0.369997,4801
0.370424,4800
0.37085,4799
0.371276,4798
0.371707,4797
0.372133,4796
0.372563,4795
0.431037,4794
0.432229,4793
0.433264,4792
0.4337,4791
0.434131,4790
0.43456,4789
0.434989,4788
0.435419,4787
0.435852,4786
0.436282,4785
0.436713,4784
0.437141,4783
0.437569,4782
0.437995,4781
0.438423,4780
0.438853,4779
0.43928,4778
0.439707,4777
0.440134,4776
0.440559,4775
0.440987,4774
0.441413,4773
0.44184,4772
0.578359,4771
0.578916,4770
0.580024,4769
0.580473,4768
0.580999,4767
0.581482,4766
0.581971,4765
0.582547,4764
0.583002,4763
0.597586,4762
0.59804,4761
0.598479,4760
0.598917,4759
0.599357,4758
0.599853,4757
0.600333,4756
0.600763,4755
0.601192,4754
0.601621,4753
0.60205,4752
0.602481,4751
0.602906,4750
0.625634,4749
0.626105,4748
0.626537,4747
0.628,4746
0.628461,4745
0.628896,4744
0.629361,4743
0.629797,4742
0.630225,4741
0.630685,4740
0.631194,4739
0.632073,4738
0.632527,4737
0.632959,4736
0.633387,4735
0.633816,4734
0.634243,4733
0.63467,4732
0.635097,4731
0.635523,4730
0.63613,4729
0.63657,4728
0.637005,4727
0.691859,4726
0.693795,4725
0.69424,4724
0.695684,4723
0.696194,4722
0.696628,4721
0.697055,4720
0.697484,4719
0.697911,4718
0.698338,4717
0.698764,4716
0.699191,4715
0.699618,4714
0.700043,4713
0.700469,4712
0.700895,4711
0.701319,4710
0.701744,4709
0.702167,4708
0.702591,4707
0.703013,4706
0.70344,4705
0.703868,4704
0.777941,4703
0.779953,4702
0.7804,4701
0.78083,4700
0.781258,4699
0.781683,4698
0.782109,4697
0.782535,4696
0.782961,4695
0.783385,4694
0.783811,4693
0.784236,4692
0.784733,4691
0.785159,4690
0.785584,4689
0.786404,4688
0.786839,4687
0.787266,4686
0.787693,4685
0.788118,4684
0.788544,4683
0.788967,4682
0.789392,4681
0.857005,4680
0.861984,4679
0.862436,4678
0.862872,4677
0.863308,4676
0.863742,4675
0.864175,4674
0.864608,4673
0.865039,4672
0.865462,4671
0.866729,4670
0.867156,4669
0.867579,4668
0.868002,4667
0.868425,4666
0.868847,4665
0.869269,4664
0.869692,4663
0.870115,4662
0.870537,4661
0.870958,4660
0.87138,4659
0.958288,4658
0.958716,4657
0.959143,4656
0.959568,4655
0.959993,4654
0.960417,4653
0.960842,4652
0.961275,4651
0.966416,4650
0.96686,4649
0.968833,4648
0.96927,4647
0.97346,4646
0.97392,4645
0.976136,4644
0.976625,4643
0.977073,4642
0.977501,4641
0.977927,4640
0.978353,4639
0.978777,4638
0.9792,4637
1.04595,4636
1.04641,4635
1.04685,4634
1.04727,4633
1.0477,4632
1.04812,4631
1.04855,4630
1.04897,4629
1.0494,4628
1.04982,4627
1.05024,4626
1.05067,4625
1.05109,4624
1.05151,4623
1.05193,4622
1.05235,4621
1.05277,4620
1.0532,4619
1.05362,4618
1.05404,4617
1.05446,4616
1.05488,4615
1.0553,4614
1.05572,4613
1.09694,4612
1.09986,4611
1.10034,4610
1.10265,4609
1.10664,4608
1.10709,4607
1.10752,4606
1.10794,4605
1.10836,4604
1.10879,4603
1.10921,4602
1.10963,4601
1.11005,4600
1.11047,4599
1.11089,4598
1.11131,4597
1.11173,4596
1.11215,4595
1.11258,4594
1.113,4593
1.11368,4592
1.11411,4591
1.11453,4590
1.22515,4589
1.22561,4588
1.22604,4587
1.22715,4586
1.22824,4585
1.23089,4584
1.23134,4583
1.2337,4582
1.23541,4581
1.23605,4580
1.23648,4579
1.2369,4578
1.23733,4577
1.23776,4576
1.23833,4575
1.23879,4574
1.23957,4573
1.24,4572
1.24043,4571
1.24085,4570
1.24127,4569
1.24169,4568
1.32691,4567
1.32804,4566
1.32848,4565
1.3289,4564
1.32933,4563
1.32975,4562
1.33017,4561
1.33059,4560
1.33101,4559
1.33143,4558
1.33185,4557
1.33227,4556
1.33269,4555
1.3331,4554
1.33353,4553
1.33395,4552
1.33436,4551
1.33478,4550
1.3352,4549
1.33562,4548
1.33604,4547
1.33646,4546
1.33688,4545
1.3811,4544
1.40297,4543
1.4034,4542
1.40382,4541
1.40425,4540
1.40467,4539
1.40509,4538
1.40551,4537
1.40593,4536
1.40635,4535
1.40677,4534
1.40733,4533
1.40781,4532
1.40825,4531
1.40868,4530
1.4091,4529
1.40952,4528
1.40994,4527
1.41036,4526
1.41078,4525
1.41119,4524
1.41161,4523
1.41203,4522
1.41245,4521
1.46054,4520
1.46101,4519
1.46143,4518
1.46185,4517
1.46227,4516
1.46269,4515
1.46311,4514
1.46353,4513
1.46395,4512
1.46436,4511
1.46478,4510
1.4652,4509
1.46561,4508
1.46603,4507
1.46645,4506
1.46686,4505
1.46729,4504
1.46771,4503
1.46812,4502
1.46854,4501
1.46895,4500
1.46942,4499
1.46985,4498
1.47027,4497
1.53522,4496
1.53594,4495
1.53638,4494
1.53694,4493
1.53738,4492
1.53848,4491
1.53892,4490
1.53939,4489
1.53982,4488
1.54192,4487
1.54235,4486
1.54277,4485
1.54319,4484
1.54361,4483
1.54402,4482
1.54444,4481
1.54486,4480
1.54528,4479
1.54569,4478
1.54611,4477
1.54652,4476
1.54694,4475
1.54737,4474
1.61572,4473
1.61748,4472
1.61791,4471
1.61833,4470
1.61875,4469
1.61917,4468
1.6196,4467
1.62001,4466
1.62043,4465
1.62086,4464
1.62127,4463
1.62169,4462
1.62211,4461
1.62252,4460
1.62294,4459
1.62335,4458
1.62377,4457
1.62419,4456
1.6246,4455
1.62502,4454
1.62549,4453
1.6259,4452
1.62632,4451
1.62673,4450
1.69494,4449
1.6954,4448
1.69624,4447
1.69667,4446
1.69731,4445
1.69774,4444
1.69822,4443
1.69864,4442
1.69907,4441
1.69948,4440
1.6999,4439
1.70033,4438
1.70075,4437
1.70116,4436
1.70158,4435
1.702,4434
1.70241,4433
1.70282,4432
1.70324,4431
1.70365,4430
1.70407,4429
1.70448,4428
1.7049,4427
1.70531,4426
1.74328,4425
1.74372,4424
1.74414,4423
1.74456,4422
1.74498,4421
1.74539,4420
1.74585,4419
1.74627,4418
1.74668,4417
1.7471,4416
1.74752,4415
1.74794,4414
1.74921,4413
1.74963,4412
1.75011,4411
1.75053,4410
1.75094,4409
1.75139,4408
1.7518,4407
1.75222,4406
1.75263,4405
1.81269,4404
1.81317,4403
1.81786,4402
1.82025,4401
1.82068,4400
1.8211,4399
1.82152,4398
1.82193,4397
1.82235,4396
1.82277,4395
1.82318,4394
1.8236,4393
1.82401,4392
1.82442,4391
1.82484,4390
1.82525,4389
1.82566,4388
1.82613,4387
1.82654,4386
1.82698,4385
1.82739,4384
1.82782,4383
1.82824,4382
1.8287,4381
1.99051,4380
1.99096,4379
1.99138,4378
1.99184,4377
1.99226,4376
1.9927,4375
1.99312,4374
1.99755,4373
1.99904,4372
1.99948,4371
1.9999,4370
2.00032,4369
2.00074,4368
2.00116,4367
2.00157,4366
2.00199,4365
2.0024,4364
2.00282,4363
2.00323,4362
2.00365,4361
2.00406,4360
2.00451,4359
2.00494,4358
2.00536,4357
2.04998,4356
2.05057,4355
2.051,4354
2.05142,4353
2.05183,4352
2.05225,4351
2.05266,4350
2.05308,4349
2.05349,4348
2.0539,4347
2.05432,4346
2.05473,4345
2.05514,4344
2.05556,4343
2.05597,4342
2.05638,4341
2.05679,4340
2.0572,4339
2.05761,4338
2.05802,4337
2.05843,4336
2.05884,4335
2.05925,4334
2.05966,4333
2.08732,4332
2.08841,4331
2.09184,4330
2.09728,4329
2.09772,4328
2.09814,4327
2.09856,4326
2.09897,4325
2.09939,4324
2.0998,4323
2.10021,4322
2.10062,4321
2.10104,4320
2.10145,4319
2.10266,4318
2.10308,4317
2.10349,4316
2.1039,4315
2.10431,4314
2.10472,4313
2.10513,4312
2.17696,4311
2.17741,4310
2.18505,4309
2.18551,4308
2.18593,4307
2.18634,4306
2.18676,4305
2.18717,4304
2.18759,4303
2.188,4302
2.18927,4301
2.18969,4300
2.19011,4299
2.19052,4298
2.19093,4297
2.19135,4296
2.19176,4295
2.19217,4294
2.19258,4293
2.19299,4292
2.1934,4291
2.19381,4290
2.19422,4289
2.19463,4288
2.27137,4287
2.27185,4286
2.27228,4285
2.2727,4284
2.27311,4283
2.27352,4282
2.27394,4281
2.27435,4280
2.27476,4279
2.27517,4278
2.27558,4277
2.276,4276
2.27641,4275
2.27682,4274
2.27723,4273
2.27764,4272
2.27814,4271
2.27856,4270
2.27897,4269
2.27939,4268
2.2798,4267
2.28021,4266
2.28063,4265
2.28104,4264
2.33753,4263
2.33798,4262
2.3384,4261
2.33881,4260
2.33922,4259
2.33964,4258
2.34007,4257
2.34049,4256
2.3409,4255
2.34131,4254
2.34172,4253
2.34213,4252
2.34255,4251
2.34296,4250
2.34337,4249
2.3438,4248
2.34423,4247
2.3478,4246
2.34823,4245
2.34864,4244
2.34906,4243
2.34947,4242
2.34988,4241
2.35029,4240
2.43203,4239
2.43248,4238
2.43303,4237
2.43346,4236
2.43388,4235
2.43594,4234
2.43639,4233
2.43681,4232
2.43722,4231
2.43763,4230
2.43804,4229
2.43845,4228
2.43889,4227
2.43933,4226
2.43975,4225
2.44016,4224
2.44057,4223
2.44098,4222
2.44139,4221
2.4418,4220
2.4422,4219
2.44261,4218
2.44302,4217
2.44343,4216
2.51661,4215
2.51704,4214
2.51746,4213
2.51787,4212
2.51828,4211
2.51871,4210
2.51912,4209
2.51953,4208
2.51993,4207
2.52034,4206
2.52079,4205
2.5212,4204
2.52161,4203
2.52202,4202
2.52243,4201
2.52283,4200
2.52324,4199
2.52365,4198
2.52405,4197
2.52446,4196
2.52487,4195
2.52528,4194
2.52579,4193
2.5262,4192
2.63403,4191
2.6347,4190
2.63605,4189
2.63714,4188
2.63756,4187
2.63798,4186
2.63839,4185
2.6388,4184
2.63931,4183
2.63976,4182
2.64116,4181
2.64185,4180
2.64228,4179
2.64269,4178
2.6431,4177
2.64351,4176
2.64392,4175
2.64433,4174
2.64474,4173
2.64515,4172
2.64575,4171
2.6462,4170
2.64723,4169
2.70878,4168
2.70923,4167
2.71032,4166
2.71076,4165
2.71118,4164
2.7116,4163
2.71207,4162
2.71249,4161
2.7129,4160
2.71331,4159
2.71451,4158
2.71492,4157
2.71532,4156
2.7235,4155
2.72394,4154
2.72437,4153
2.72479,4152
2.72521,4151
2.72563,4150
2.72605,4149
2.72646,4148
2.72687,4147
2.77077,4146
2.773,4145
2.7828,4144
2.7842,4143
2.78591,4142
2.78874,4141
2.7892,4140
2.79114,4139
2.79157,4138
2.79481,4137
2.79589,4136
2.79632,4135
2.79674,4134
2.79714,4133
2.79755,4132
2.79796,4131
2.79837,4130
2.79878,4129
2.79918,4128
2.79959,4127
2.8,4126
2.8004,4125
2.80081,4124
2.85073,4123
2.85116,4122
2.85678,4121
2.85798,4120
2.86082,4119
2.86124,4118
2.86166,4117
2.86207,4116
2.86248,4115
2.86289,4114
2.86329,4113
2.8637,4112
2.8641,4111
2.86451,4110
2.86491,4109
2.86534,4108
2.86588,4107
2.86631,4106
2.86672,4105
2.86712,4104
2.86753,4103
2.86793,4102
2.86834,4101
2.86874,4100
2.93698,4099
2.93742,4098
2.93784,4097
2.93825,4096
2.93865,4095
2.93906,4094
2.93946,4093
2.93987,4092
2.94027,4091
2.94068,4090
2.94109,4089
2.94149,4088
2.94189,4087
2.9423,4086
2.9427,4085
2.9431,4084
2.9435,4083
2.94391,4082
2.94431,4081
2.94471,4080
2.94511,4079
2.94551,4078
2.94591,4077
2.94632,4076
3.06526,4075
3.06581,4074
3.06624,4073
3.06665,4072
3.06705,4071
3.06746,4070
3.06787,4069
3.06827,4068
3.06868,4067
3.06975,4066
3.07029,4065
3.0707,4064
3.07127,4063
3.07168,4062
3.07209,4061
3.0725,4060
3.07291,4059
3.07331,4058
3.07372,4057
3.07413,4056
3.07453,4055
3.07493,4054
3.07533,4053
3.07574,4052
3.15759,4051
3.15805,4050
3.15846,4049
3.15887,4048
3.15927,4047
3.15968,4046
3.16009,4045
3.16049,4044
3.1609,4043
3.16208,4042
3.16249,4041
3.16289,4040
3.16329,4039
3.16369,4038
3.1641,4037
3.1645,4036
3.1649,4035
3.16531,4034
3.16571,4033
3.16611,4032
3.16651,4031
3.16691,4030
3.16732,4029
3.21876,4028
3.21919,4027
3.2196,4026
3.22,4025
3.22041,4024
3.22082,4023
3.22122,4022
3.22162,4021
3.22203,4020
3.22243,4019
3.22283,4018
3.22324,4017
3.22364,4016
3.22404,4015
3.22444,4014
3.22484,4013
3.22526,4012
3.22566,4011
3.22606,4010
3.22646,4009
3.22686,4008
3.22726,4007
3.22766,4006
3.22806,4005
3.22846,4004
3.37176,4003
3.37218,4002
3.37307,4001
3.37348,4000
3.37407,3999
3.3745,3998
3.37508,3997
3.37567,3996
3.37609,3995
3.37653,3994
3.37709,3993
3.3775,3992
3.37793,3991
3.37833,3990
3.37873,3989
3.37919,3988
3.37963,3987
3.38067,3986
3.38109,3985
3.38149,3984
3.38193,3983
3.38234,3982
3.38274,3981
3.38314,3980
3.44664,3979
3.44808,3978
3.45531,3977
3.45573,3976
3.45613,3975
3.45654,3974
3.45701,3973
3.45746,3972
3.45794,3971
3.45842,3970
3.45884,3969
3.45925,3968
3.45966,3967
3.46006,3966
3.46048,3965
3.46089,3964
3.4613,3963
3.46194,3962
3.46236,3961
3.46356,3960
3.46402,3959
3.46444,3958
3.46485,3957
3.53882,3956
3.53926,3955
3.53969,3954
3.54012,3953
3.54114,3952
3.54157,3951
3.54203,3950
3.54251,3949
3.54294,3948
3.54335,3947
3.54376,3946
3.54417,3945
3.54457,3944
3.54498,3943
3.54538,3942
3.54578,3941
3.54618,3940
3.54659,3939
3.54699,3938
3.5474,3937
3.5478,3936
3.5482,3935
3.5486,3934
3.549,3933
3.5494,3932
3.6161,3931
3.61652,3930
3.61693,3929
3.61733,3928
3.61773,3927
3.61813,3926
3.61853,3925
3.61893,3924
3.61933,3923
3.61973,3922
3.62013,3921
3.62053,3920
3.62093,3919
3.6214,3918
3.62182,3917
3.62222,3916
3.62263,3915
3.62303,3914
3.62343,3913
3.62383,3912
3.62423,3911
3.62463,3910
3.62503,3909
3.62543,3908
3.71133,3907
3.71177,3906
3.71603,3905
3.71648,3904
3.71689,3903
3.71729,3902
3.71769,3901
3.71809,3900
3.71849,3899
3.71889,3898
3.71929,3897
3.71969,3896
3.72009,3895
3.72049,3894
3.72088,3893
3.72128,3892
3.72168,3891
3.72208,3890
3.72248,3889
3.72288,3888
3.72327,3887
3.72444,3886
3.72484,3885
3.79701,3884
3.79748,3883
3.79922,3882
3.80494,3881
3.80685,3880
3.80979,3879
3.81023,3878
3.81291,3877
3.81333,3876
3.81373,3875
3.81414,3874
3.81454,3873
3.81494,3872
3.81534,3871
3.81574,3870
3.81619,3869
3.8166,3868
3.81701,3867
3.81741,3866
3.8178,3865
3.8182,3864
3.8186,3863
3.819,3862
3.8194,3861
3.86992,3860
3.87447,3859
3.87491,3858
3.87532,3857
3.87572,3856
3.87614,3855
3.87682,3854
3.87724,3853
3.87764,3852
3.87804,3851
3.87844,3850
3.87884,3849
3.87924,3848
3.87964,3847
3.88003,3846
3.88043,3845
3.88083,3844
3.88122,3843
3.88162,3842
3.88201,3841
3.88241,3840
3.88281,3839
3.8832,3838
3.8836,3837
3.88399,3836
4.01123,3835
4.01167,3834
4.01209,3833
4.01249,3832
4.0129,3831
4.01331,3830
4.01372,3829
4.01412,3828
4.01452,3827
4.01495,3826
4.01536,3825
4.01578,3824
4.0162,3823
4.01661,3822
4.01724,3821
4.01764,3820
4.01821,3819
4.01867,3818
4.01914,3817
4.01956,3816
4.02098,3815
4.02142,3814
4.0367,3813
4.03711,3812
4.03751,3811
4.03791,3810
4.03831,3809
4.03871,3808
4.03911,3807
4.03951,3806
4.03991,3805
4.04031,3804
4.0407,3803
4.0411,3802
4.0423,3801
4.04269,3800
4.04309,3799
4.04349,3798
4.04388,3797
4.04428,3796
4.04467,3795
4.04507,3794
4.04546,3793
4.04586,3792
4.0463,3791
4.15836,3790
4.15879,3789
4.15919,3788
4.15959,3787
4.15999,3786
4.16038,3785
4.16078,3784
4.16118,3783
4.16158,3782
4.16198,3781
4.16238,3780
4.16278,3779
4.16322,3778
4.16364,3777
4.16439,3776
4.1648,3775
4.16625,3774
4.16667,3773
4.16708,3772
4.16747,3771
4.16788,3770
4.16828,3769
4.16867,3768
4.16908,3767
4.22434,3766
4.22478,3765
4.22518,3764
4.22558,3763
4.22597,3762
4.22637,3761
4.22677,3760
4.22717,3759
4.22756,3758
4.22796,3757
4.22835,3756
4.22875,3755
4.22914,3754
4.22954,3753
4.22993,3752
4.23032,3751
4.23072,3750
4.23111,3749
4.2315,3748
4.2319,3747
4.23306,3746
4.23345,3745
4.23384,3744
4.23424,3743
4.29544,3742
4.29585,3741
4.29663,3740
4.29703,3739
4.30202,3738
4.30243,3737
4.30283,3736
4.30323,3735
4.30362,3734
4.30402,3733
4.30442,3732
4.30481,3731
4.30521,3730
4.3056,3729
4.306,3728
4.30641,3727
4.3068,3726
4.30719,3725
4.30759,3724
4.30875,3723
4.30914,3722
4.30953,3721
4.30992,3720
4.36463,3719
4.36504,3718
4.36671,3717
4.36712,3716
4.36752,3715
4.36792,3714
4.36831,3713
4.36871,3712
4.36988,3711
4.37027,3710
4.37066,3709
4.37105,3708
4.37144,3707
4.37183,3706
4.37223,3705
4.3734,3704
4.3738,3703
4.3742,3702
4.37459,3701
4.37498,3700
4.37537,3699
4.47049,3698
4.47219,3697
4.47264,3696
4.47306,3695
4.47349,3694
4.47391,3693
4.47432,3692
4.47472,3691
4.47681,3690
4.47729,3689
4.48151,3688
4.48305,3687
4.48347,3686
4.48388,3685
4.48429,3684
4.48492,3683
4.48533,3682
4.48573,3681
4.48613,3680
4.48652,3679
4.48695,3678
4.48949,3677
4.48989,3676
4.49029,3675
4.55316,3674
4.55368,3673
4.55413,3672
4.55454,3671
4.55495,3670
4.55534,3669
4.55574,3668
4.55616,3667
4.55675,3666
4.5572,3665
4.55792,3664
4.55866,3663
4.5592,3662
4.5596,3661
4.56,3660
4.56039,3659
4.56079,3658
4.56118,3657
4.56158,3656
4.56212,3655
4.56261,3654
4.62484,3653
4.6253,3652
4.62921,3651
4.62963,3650
4.63118,3649
4.6316,3648
4.6332,3647
4.63368,3646
4.63409,3645
4.63449,3644
4.63488,3643
4.63528,3642
4.63569,3641
4.63643,3640
4.63702,3639
4.63832,3638
4.64068,3637
4.64111,3636
4.64159,3635
4.642,3634
4.64286,3633
4.64326,3632
4.71849,3631
4.71892,3630
4.71933,3629
4.71977,3628
4.72017,3627
4.72056,3626
4.72096,3625
4.72135,3624
4.72175,3623
4.72214,3622
4.72253,3621
4.72292,3620
4.72331,3619
4.7237,3618
4.72409,3617
4.72448,3616
4.7283,3615
4.72957,3614
4.72997,3613
4.73036,3612
4.73076,3611
4.73115,3610
4.73154,3609
4.78837,3608
4.78877,3607
4.78916,3606
4.78955,3605
4.78995,3604
4.79034,3603
4.79073,3602
4.79112,3601
4.79151,3600
4.79265,3599
4.79304,3598
4.79343,3597
4.79457,3596
4.79496,3595
4.79535,3594
4.79574,3593
4.79612,3592
4.79727,3591
4.85562,3590
4.85891,3589
4.85931,3588
4.85971,3587
4.86011,3586
4.8605,3585
4.86089,3584
4.86128,3583
4.86167,3582
4.86206,3581
4.86245,3580
4.86284,3579
4.86323,3578
4.86362,3577
4.86401,3576
4.8644,3575
4.86479,3574
4.86517,3573
4.86556,3572
4.86595,3571
4.86634,3570
4.86672,3569
4.86711,3568
4.8675,3567
4.86789,3566
4.93227,3565
4.93269,3564
4.93309,3563
4.93348,3562
4.93387,3561
4.93426,3560
4.93466,3559
4.93505,3558
4.93545,3557
4.93584,3556
4.93699,3555
4.93738,3554
4.93777,3553
4.93816,3552
4.93854,3551
4.93893,3550
4.93932,3549
4.93971,3548
4.9401,3547
4.94049,3546
4.94087,3545
4.94126,3544
4.94165,3543
4.94203,3542
4.99589,3541
4.99631,3540
4.99672,3539
4.9973,3538
4.9977,3537
5.00168,3536
5.00217,3535
5.00258,3534
5.00298,3533
5.00337,3532
5.00377,3531
5.00416,3530
5.00456,3529
5.00495,3528
5.00534,3527
5.00574,3526
5.0069,3525
5.00729,3524
5.00768,3523
5.00807,3522
5.00846,3521
5.00885,3520
5.00924,3519
5.08399,3518
5.08439,3517
5.08478,3516
5.08518,3515
5.08557,3514
5.08596,3513
5.08635,3512
5.08674,3511
5.08713,3510
5.08751,3509
5.0879,3508
5.08829,3507
5.08868,3506
5.08906,3505
5.08945,3504
5.08984,3503
5.09022,3502
5.09061,3501
5.09099,3500
5.09137,3499
5.09251,3498
5.0929,3497
5.09328,3496
5.14862,3495
5.14906,3494
5.14946,3493
5.14985,3492
5.15024,3491
5.15063,3490
5.15101,3489
5.1514,3488
5.15254,3487
5.15292,3486
5.1533,3485
5.15369,3484
5.15407,3483
5.15463,3482
5.15503,3481
5.15542,3480
5.15581,3479
5.1562,3478
5.15659,3477
5.15698,3476
5.15737,3475
5.15775,3474
5.15814,3473
5.23955,3472
5.23995,3471
5.24034,3470
5.24073,3469
5.24111,3468
5.2415,3467
5.24189,3466
5.24228,3465
5.24266,3464
5.24305,3463
5.24344,3462
5.24383,3461
5.24421,3460
5.2446,3459
5.24498,3458
5.24537,3457
5.24575,3456
5.24613,3455
5.24652,3454
5.2469,3453
5.24728,3452
5.24767,3451
5.24805,3450
5.32259,3449
5.32299,3448
5.32695,3447
5.32736,3446
5.32775,3445
5.32814,3444
5.32853,3443
5.32891,3442
5.3293,3441
5.32968,3440
5.33007,3439
5.33045,3438
5.33084,3437
5.33197,3436
5.33236,3435
5.3335,3434
5.33388,3433
5.37725,3432
5.37844,3431
5.37883,3430
5.37922,3429
5.37961,3428
5.38,3427
5.38039,3426
5.38079,3425
5.38118,3424
5.38156,3423
5.38195,3422
5.38234,3421
5.38272,3420
5.38311,3419
5.38349,3418
5.38388,3417
5.38426,3416
5.38464,3415
5.38503,3414
5.38615,3413
5.38654,3412
5.38692,3411
5.65266,3410
5.65309,3409
5.65348,3408
5.65387,3407
5.65426,3406
5.65464,3405
5.65578,3404
5.65616,3403
5.65655,3402
5.65693,3401
5.65731,3400
5.6577,3399
5.65808,3398
5.65847,3397
5.65885,3396
5.65923,3395
5.65962,3394
5.66001,3393
5.66039,3392
5.6608,3391
5.66119,3390
5.66232,3389
5.74844,3388
5.74935,3387
5.74977,3386
5.75016,3385
5.75055,3384
5.75094,3383
5.75154,3382
5.75197,3381
5.75251,3380
5.75301,3379
5.75348,3378
5.75396,3377
5.7544,3376
5.75482,3375
5.75523,3374
5.75562,3373
5.75601,3372
5.75669,3371
5.7573,3370
5.75782,3369
5.75833,3368
5.75884,3367
5.75924,3366
5.75964,3365
5.78994,3364
5.79252,3363
5.79292,3362
5.7934,3361
5.79379,3360
5.79418,3359
5.79466,3358
5.79561,3357
5.79618,3356
5.79658,3355
5.79696,3354
5.79735,3353
5.79775,3352
5.79883,3351
5.79926,3350
5.8002,3349
5.8009,3348
5.80334,3347
5.80429,3346
5.80486,3345
5.81995,3344
5.82036,3343
5.82075,3342
5.82161,3341
5.82206,3340
5.8225,3339
5.82296,3338
5.82341,3337
5.82625,3336
5.83022,3335
5.83141,3334
5.8318,3333
5.83218,3332
5.83257,3331
5.83295,3330
5.83333,3329
5.83371,3328
5.8341,3327
5.83448,3326
5.83486,3325
5.83524,3324
5.96374,3323
5.98409,3322
5.98455,3321
5.98494,3320
5.98533,3319
5.98583,3318
5.98622,3317
5.98718,3316
5.98757,3315
5.98796,3314
5.98835,3313
5.98874,3312
5.98912,3311
5.98951,3310
5.99138,3309
5.99176,3308
5.99217,3307
5.99256,3306
5.99295,3305
5.99334,3304
5.99373,3303
6.0808,3302
6.08123,3301
6.08163,3300
6.08216,3299
6.08267,3298
6.08307,3297
6.08426,3296
6.08466,3295
6.08507,3294
6.08547,3293
6.08586,3292
6.08625,3291
6.08663,3290
6.08702,3289
6.0874,3288
6.08779,3287
6.08818,3286
6.08856,3285
6.08894,3284
6.08933,3283
6.09048,3282
6.16065,3281
6.16124,3280
6.16164,3279
6.16203,3278
6.16242,3277
6.16281,3276
6.1632,3275
6.16358,3274
6.16397,3273
6.16435,3272
6.16473,3271
6.16511,3270
6.16553,3269
6.16592,3268
6.1663,3267
6.16668,3266
6.16706,3265
6.16744,3264
6.16782,3263
6.16819,3262
6.17179,3261
6.17224,3260
6.17271,3259
6.17311,3258
6.1735,3257
6.17389,3256
6.17427,3255
6.17466,3254
6.17504,3253
6.17542,3252
6.17655,3251
6.17694,3250
6.17732,3249
6.1777,3248
6.17807,3247
6.1792,3246
6.17957,3245
6.17995,3244
6.18033,3243
6.18071,3242
6.18109,3241
6.18147,3240
6.29034,3239
6.29074,3238
6.29113,3237
6.29152,3236
6.29191,3235
6.29229,3234
6.29268,3233
6.29312,3232
6.29351,3231
6.29391,3230
6.2943,3229
6.29468,3228
6.29507,3227
6.29545,3226
6.29584,3225
6.29622,3224
6.29661,3223
6.29699,3222
6.29737,3221
6.29776,3220
6.29814,3219
6.29853,3218
6.2989,3217
6.29928,3216
6.40332,3215
6.40397,3214
6.40438,3213
6.40609,3212
6.4065,3211
6.40689,3210
6.40918,3209
6.41049,3208
6.41129,3207
6.4117,3206
6.4121,3205
6.41249,3204
6.41369,3203
6.41409,3202
6.41512,3201
6.41554,3200
6.41827,3199
6.4195,3198
6.49643,3197
6.49688,3196
6.49806,3195
6.50202,3194
6.50243,3193
6.50314,3192
6.50393,3191
6.50668,3190
6.50711,3189
6.50757,3188
6.50798,3187
6.50837,3186
6.50878,3185
6.50971,3184
6.51026,3183
6.51081,3182
6.51123,3181
6.51164,3180
6.51203,3179
6.5132,3178
6.58648,3177
6.58883,3176
6.59213,3175
6.5933,3174
6.59371,3173
6.5941,3172
6.59448,3171
6.59486,3170
6.59524,3169
6.59563,3168
6.59601,3167
6.59639,3166
6.59678,3165
6.59716,3164
6.59754,3163
6.59792,3162
6.5983,3161
6.59868,3160
6.59978,3159
6.60016,3158
6.60055,3157
6.65307,3156
6.67867,3155
6.6798,3154
6.68018,3153
6.68056,3152
6.68094,3151
6.68131,3150
6.68169,3149
6.68206,3148
6.68244,3147
6.68282,3146
6.68467,3145
6.68578,3144
6.68616,3143
6.68654,3142
6.68691,3141
6.75009,3140
6.75051,3139
6.7509,3138
6.75129,3137
6.75168,3136
6.75206,3135
6.75244,3134
6.75282,3133
6.7532,3132
6.75358,3131
6.75397,3130
6.75435,3129
6.75472,3128
6.7551,3127
6.75548,3126
6.75585,3125
6.75623,3124
6.75817,3123
6.75855,3122
6.75894,3121
6.75932,3120
6.84268,3119
6.84312,3118
6.84364,3117
6.84403,3116
6.84515,3115
6.84557,3114
6.84595,3113
6.84634,3112
6.84674,3111
6.88092,3110
6.88136,3109
6.88176,3108
6.88215,3107
6.88253,3106
6.88292,3105
6.8833,3104
6.88368,3103
6.88406,3102
6.88444,3101
6.88481,3100
6.88592,3099
6.8863,3098
6.91822,3097
6.91863,3096
6.91901,3095
6.91939,3094
6.91977,3093
6.92015,3092
6.92053,3091
6.92091,3090
6.92129,3089
6.92242,3088
6.9228,3087
6.92317,3086
6.92355,3085
6.92392,3084
6.9243,3083
6.92467,3082
6.92505,3081
6.92694,3080
6.92731,3079
6.99939,3078
7.00128,3077
7.0026,3076
7.00299,3075
7.00371,3074
7.00411,3073
7.0045,3072
7.00488,3071
7.00527,3070
7.0058,3069
7.00696,3068
7.00734,3067
7.00773,3066
7.00811,3065
7.00849,3064
7.00888,3063
7.00926,3062
7.01157,3061
7.01197,3060
7.01237,3059
7.01275,3058
7.01313,3057
7.09943,3056
7.10057,3055
7.10168,3054
7.10206,3053
7.10243,3052
7.10281,3051
7.10318,3050
7.10357,3049
7.10394,3048
7.10431,3047
7.10469,3046
7.10507,3045
7.10544,3044
7.10654,3043
7.10692,3042
7.10729,3041
7.10845,3040
7.10885,3039
7.10998,3038
7.11037,3037
7.11075,3036
7.11113,3035
7.11151,3034
7.11188,3033
7.11372,3032
7.1141,3031
7.11448,3030
7.11485,3029
7.11595,3028
7.11632,3027
7.1167,3026
7.11781,3025
7.11818,3024
7.11858,3023
7.11896,3022
7.11934,3021
7.12194,3020
7.12232,3019
7.12343,3018
7.12381,3017
7.12419,3016
7.12533,3015
7.1257,3014
7.12608,3013
7.12701,3012
7.12766,3011
7.12805,3010
7.12843,3009
7.12881,3008
7.38293,3007
7.38333,3006
7.38371,3005
7.3841,3004
7.38449,3003
7.38487,3002
7.38526,3001
7.38563,3000
7.38601,2999
7.38713,2998
7.38751,2997
7.38789,2996
7.38826,2995
7.38863,2994
7.38901,2993
7.39011,2992
7.39123,2991
7.39161,2990
7.47932,2989
7.47971,2988
7.4801,2987
7.48048,2986
7.48085,2985
7.48123,2984
7.48161,2983
7.48198,2982
7.48235,2981
7.48273,2980
7.4831,2979
7.48496,2978
7.48534,2977
7.48571,2976
7.48609,2975
7.48646,2974
7.48684,2973
7.48721,2972
7.48758,2971
7.55751,2970
7.55791,2969
7.55829,2968
7.55867,2967
7.55904,2966
7.56174,2965
7.56215,2964
7.56252,2963
7.5629,2962
7.56327,2961
7.56365,2960
7.56402,2959
7.5644,2958
7.5655,2957
7.66238,2956
7.66281,2955
7.66319,2954
7.66357,2953
7.66396,2952
7.66435,2951
7.66472,2950
7.66512,2949
7.6655,2948
7.66735,2947
7.66774,2946
7.66812,2945
7.66849,2944
7.66886,2943
7.66924,2942
7.66962,2941
7.66999,2940
7.6711,2939
7.67147,2938
7.67185,2937
7.74666,2936
7.74709,2935
7.75466,2934
7.75507,2933
7.75545,2932
7.75583,2931
7.75622,2930
7.7566,2929
7.75698,2928
7.75736,2927
7.75773,2926
7.75811,2925
7.75849,2924
7.75887,2923
7.75925,2922
7.75963,2921
7.76257,2920
7.76296,2919
7.76358,2918
7.76396,2917
7.76434,2916
7.76617,2915
7.81525,2914
7.81567,2913
7.81606,2912
7.81649,2911
7.81687,2910
7.81724,2909
7.81835,2908
7.81873,2907
7.8191,2906
7.81947,2905
7.81998,2904
7.82038,2903
7.82076,2902
7.82114,2901
7.82152,2900
7.82409,2899
7.82448,2898
7.82484,2897
7.82521,2896
7.94995,2895
7.9504,2894
7.95105,2893
7.95146,2892
7.95234,2891
7.95275,2890
7.95318,2889
7.95378,2888
7.95495,2887
7.95549,2886
7.95587,2885
7.95824,2884
7.96002,2883
7.9616,2882
7.96203,2881
7.96256,2880
7.96389,2879
7.96464,2878
7.96508,2877
7.99574,2876
7.99762,2875
7.998,2874
7.99838,2873
8.00095,2872
8.00134,2871
8.00171,2870
8.00209,2869
8.00249,2868
8.00287,2867
8.00324,2866
8.05767,2865
8.06184,2864
8.06223,2863
8.0626,2862
8.06297,2861
8.06552,2860
8.06592,2859
8.06629,2858
8.06666,2857
8.12778,2856
8.12825,2855
8.12864,2854
8.12902,2853
8.1294,2852
8.12977,2851
8.13014,2850
8.13051,2849
8.13089,2848
8.13126,2847
8.13163,2846
8.13201,2845
8.13238,2844
8.13275,2843
8.13312,2842
8.13349,2841
8.13388,2840
8.13429,2839
8.13538,2838
8.13577,2837
8.13688,2836
8.19543,2835
8.19675,2834
8.19715,2833
8.20044,2832
8.20081,2831
8.20118,2830
8.20156,2829
8.20267,2828
8.20377,2827
8.20414,2826
8.20451,2825
8.2056,2824
8.248,2823
8.2484,2822
8.24929,2821
8.2497,2820
8.25008,2819
8.25046,2818
8.25084,2817
8.25122,2816
8.2516,2815
8.25197,2814
8.25236,2813
8.2528,2812
8.25317,2811
8.25716,2810
8.25754,2809
8.32311,2808
8.3235,2807
8.32388,2806
8.32426,2805
8.32464,2804
8.32723,2803
8.32762,2802
8.32799,2801
8.32914,2800
8.33025,2799
8.33063,2798
8.331,2797
8.33137,2796
8.33175,2795
8.33211,2794
8.38813,2793
8.38853,2792
8.38892,2791
8.38929,2790
8.38966,2789
8.39004,2788
8.39041,2787
8.39078,2786
8.39264,2785
8.39301,2784
8.39338,2783
8.39448,2782
8.39485,2781
8.39521,2780
8.39558,2779
8.39595,2778
8.39631,2777
8.39668,2776
8.39705,2775
8.46784,2774
8.46824,2773
8.46862,2772
8.469,2771
8.47012,2770
8.47049,2769
8.53021,2768
8.53061,2767
8.54482,2766
8.54522,2765
8.54852,2764
8.54905,2763
8.55026,2762
8.55064,2761
8.55109,2760
8.55267,2759
8.5532,2758
8.55368,2757
8.55488,2756
8.55525,2755
8.60462,2754
8.60526,2753
8.60605,2752
8.61084,2751
8.61523,2750
8.61838,2749
8.62065,2748
8.62106,2747
8.62299,2746
8.62343,2745
8.62391,2744
8.6243,2743
8.62475,2742
8.62516,2741
8.62555,2740
8.62594,2739
8.62933,2738
8.63041,2737
8.63083,2736
8.82303,2735
8.82341,2734
8.82378,2733
8.82415,2732
8.82525,2731
8.82563,2730
8.82622,2729
8.82669,2728
8.82709,2727
8.82748,2726
8.82785,2725
8.82822,2724
8.82859,2723
8.88502,2722
9.1148,2721
9.11532,2720
9.11596,2719
9.11634,2718
9.11967,2717
9.24353,2716
9.24646,2715
9.24798,2714
9.24837,2713
9.25128,2712
9.26325,2711
9.26364,2710
9.26411,2709
9.26458,2708
9.26632,2707
9.26672,2706
9.2671,2705
9.26863,2704
9.26906,2703
9.28795,2702
9.47593,2701
9.47635,2700
9.47676,2699
9.47714,2698
9.48047,2697
9.48304,2696
9.4834,2695
9.48378,2694
9.48415,2693
9.48452,2692
9.48489,2691
9.48526,2690
9.48564,2689
9.48601,2688
9.48639,2687
9.48679,2686
9.55661,2685
9.55699,2684
9.55737,2683
9.60873,2682
9.60915,2681
9.61029,2680
9.61069,2679
9.61107,2678
9.61364,2677
9.61404,2676
9.61516,2675
9.61553,2674
9.6159,2673
9.62533,2672
9.62657,2671
9.62966,2670
9.64366,2669
9.64405,2668
9.64443,2667
9.64484,2666
9.6611,2665
9.6615,2664
9.66188,2663
9.66519,2662
9.85033,2661
9.85231,2660
9.85344,2659
9.85381,2658
10.0703,2657
10.0706,2656
10.071,2655
10.0714,2654
10.0718,2653
10.0722,2652
10.0725,2651
10.0772,2650
10.1267,2649
10.4124,2648
10.4128,2647
10.4132,2646
10.4136,2645
10.4139,2644
10.4143,2643
10.4147,2642
10.4151,2641
10.4154,2640
10.5134,2639
10.5138,2638
10.5142,2637
10.5146,2636
10.6251,2635
10.6255,2634
10.6258,2633
10.6262,2632
10.831,2631
10.8314,2630
10.8318,2629
10.8336,2628
10.8673,2627
10.9441,2626
11.0663,2625
11.0682,2624
11.0686,2623
11.1252,2622
11.131,2621
11.1314,2620
11.1318,2619
11.1524,2618
11.1528,2617
11.1532,2616
11.1564,2615
11.2839,2614
11.4593,2613
11.4597,2612
11.4637,2611
11.464,2610
11.5485,2609
11.5496,2608
11.5499,2607
11.5517,2606
11.5521,2605
11.5532,2604
11.5535,2603
11.5539,2602
11.555,2601
11.6061,2600
11.6065,2599
11.6098,2598
11.6102,2597
11.6121,2596
11.6676,2595
11.671,2594
12.2537,2593
12.2541,2592
12.2545,2591
12.2548,2590
12.395,2589
12.3961,2588
12.4913,2587
12.4953,2586
13.8469,2585
13.8473,2584
13.9523,2583
13.9527,2582
13.9535,2581
13.9547,2580
13.9551,2579
13.9598,2578
14.1853,2577
14.1864,2576
14.1868,2575
14.1871,2574
14.1875,2573
14.1879,2572
14.1904,2571
14.1908,2570
14.2011,2569
14.2015,2568
14.2033,2567
14.2037,2566
14.36,2565
14.3604,2564
14.3608,2563
14.3612,2562
14.9112,2561
14.9138,2560
14.9142,2559
14.9153,2558
14.9811,2557
14.9905,2556
14.9909,2555
14.9917,2554
14.9928,2553
14.9932,2552
15.7649,2551
15.7653,2550
15.7657,2549
15.8619,2548
15.8623,2547
15.8634,2546
16.0232,2545
16.0236,2544
16.024,2543
16.0282,2542
17.1809,2541
17.1836,2540
17.1845,2539
17.2615,2538
17.262,2537
17.2623,2536
17.2627,2535
17.2631,2534
19.055,2533
19.0553,2532
19.0557,2531
19.0568,2530
19.0601,2529
19.0612,2528
19.0631,2527
19.1841,2526
19.4588,2525
19.4592,2524
19.4596,2523
19.4599,2522
19.4603,2521
19.4607,2520
19.8354,2519
19.8358,2518
19.8362,2517
19.8387,2516
19.839,2515
19.9598,2514
19.9637,2513
19.9641,2512
19.9645,2511
20.1692,2510
20.1696,2509
20.17,2508
20.2515,2507
20.2833,2506
20.4354,2505
20.4379,2504
20.4404,2503
20.5004,2502
20.5095,2501
21.3618,2500
21.3621,2499
21.3926,2498
21.393,2497
21.4004,2496
21.4012,2495
21.4058,2494
21.5015,2493
21.5026,2492
21.5036,2491
21.504,2490
21.5088,2489
21.5093,2488
21.5224,2487
21.7591,2486
21.8081,2485
21.8777,2484
21.8788,2483
23.029,2482
23.4565,2481
23.4592,2480
23.4596,2479
25.5589,2478
25.5615,2477
25.5988,2476
25.6021,2475
25.6985,2474
25.6989,2473
25.7031,2472
25.7056,2471
25.7062,2470
25.7077,2469
26.8413,2468
26.8424,2467
26.8435,2466
26.8438,2465
26.8442,2464
26.8879,2463
27.5492,2462
27.5497,2461
27.5501,2460
27.5522,2459
27.5525,2458
27.6148,2457
29.0299,2456
29.1732,2455
29.1736,2454
29.174,2453
29.2117,2452
29.2128,2451
29.2131,2450
31.1427,2449
31.1431,2448
31.1435,2447
31.1931,2446
31.1934,2445
31.2574,2444
31.2627,2443
31.3284,2442
31.3288,2441
31.3291,2440
31.3295,2439
31.332,2438
31.3323,2437
31.3334,2436
31.4909,2435
31.492,2434
31.4923,2433
31.4927,2432
31.4931,2431
31.5525,2430
31.5529,2429
31.5533,2428
31.5544,2427
32.6165,2426
32.6169,2425
32.6173,2424
32.6177,2423
32.6181,2422
32.6214,2421
32.6232,2420
33.8804,2419
34.1406,2418
34.1409,2417
34.2958,2416
38.2855,2415
41.5431,2414
45.861,2413
45.9875,2412
45.988,2411
45.9884,2410
46.2929,2409
46.294,2408
46.2944,2407
46.3881,2406
46.392,2405
46.4283,2404
46.4287,2403
46.4298,2402
46.4359,2401
46.4362,2400
50.0257,2399
50.6006,2398
50.601,2397
52.1541,2396
52.1552,2395
52.1556,2394
52.1561,2393
52.1564,2392
52.1603,2391
52.1607,2390
52.1613,2389
52.163,2388
52.6238,2387
52.7068,2386
52.7072,2385
52.7076,2384
52.7101,2383
68.6717,2382
68.7365,2381
68.7397,2380
68.7421,2379
68.75,2378
79.1893,2377
79.1912,2376
79.1922,2375
79.2522,2374
79.2526,2373
83.5962,2372
88.0566,2371
88.057,2370
88.0574,2369
88.0577,2368
88.0581,2367
95.9693,2366
96.0215,2365
96.022,2364
96.0238,2363
97.9319,2362
97.9339,2361
97.9346,2360
97.935,2359
99.9219,2358
99.9271,2357
99.9276,2356
99.9422,2355
100.397,2354
100.403,2353
100.403,2352
100.403,2351
100.404,2350
100.405,2349
100.45,2348
100.45,2347
100.451,2346
100.451,2345
100.451,2344
144.144,2343
144.146,2342
159.346,2341
160.042,2340
160.043,2339
160.043,2338
166.32,2337
166.39,2336
166.452,2335
166.452,2334
262.01,2333
262.012,2332
280.92,2331
280.921,2330
280.921,2329
328.609,2328
408.121,2327
408.122,2326
408.244,2325
408.247,2324
408.25,2323
408.251,2322
1287.12,2321
1287.13,2320
1287.13,2319
1287.13,2318
1287.13,2317
1556.91,2316
1556.91,2315
1556.92,2314
1557.06,2313
3517.27,2312
3518.14,2311
3518.14,2310
3518.14,2309
3518.14,2308
3518.14,2307
