0.00350276,11022
0.00662941,11021
0.0297139,11020
0.0328928,11019
0.0359897,11018
0.048015,11017
0.0511475,11016
0.054281,11015
0.0944855,11014
0.0976602,11013
0.100797,11012
0.180337,11011
0.183513,11010
0.1867,11009
0.189832,11008
0.203053,11007
0.206201,11006
0.209325,11005
0.215802,11004
0.218947,11003
0.222126,11002
0.253603,11001
0.256729,11000
0.259848,10999
0.298236,10998
0.301392,10997
0.304657,10996
0.332845,10995
0.361022,10994
0.365546,10993
0.438048,10992
0.441278,10991
0.445294,10990
0.473253,10989
0.476492,10988
0.479808,10987
0.482922,10986
0.506228,10985
0.509452,10984
0.51265,10983
0.545993,10982
0.549102,10981
0.552245,10980
0.573942,10979
0.57707,10978
0.580182,10977
0.597781,10976
0.600911,10975
0.604011,10974
0.626058,10973
0.62919,10972
0.632299,10971
0.635415,10970
0.665632,10969
0.668749,10968
0.671847,10967
0.695248,10966
0.698445,10965
0.701594,10964
0.72879,10963
0.735963,10962
0.739335,10961
0.780407,10960
0.783521,10959
0.786739,10958
0.810063,10957
0.813182,10956
0.816288,10955
0.86115,10954
0.864483,10953
0.86763,10952
0.87079,10951
0.900906,10950
0.904636,10949
0.907768,10948
0.960139,10947
0.963416,10946
0.966573,10945
0.989377,10944
0.992537,10943
0.995779,10942
1.03794,10941
1.04106,10940
1.04416,10939
1.08477,10938
1.08798,10937
1.10969,10936
1.13951,10935
1.1471,10934
1.15826,10933
1.16569,10932
1.19102,10931
1.1945,10930
1.19814,10929
1.23835,10928
1.24152,10927
1.24468,10926
1.27171,10925
1.27482,10924
1.27858,10923
1.30623,10922
1.31177,10921
1.3162,10920
1.47327,10919
1.47641,10918
1.47952,10917
1.49472,10916
1.49786,10915
1.50098,10914
1.56534,10913
1.58208,10912
1.58713,10911
1.62305,10910
1.62697,10909
1.63186,10908
1.63511,10907
1.72028,10906
1.72341,10905
1.72657,10904
1.74462,10903
1.7482,10902
1.75136,10901
1.76801,10900
1.77116,10899
1.77509,10898
1.79767,10897
1.80111,10896
1.80425,10895
1.83063,10894
1.83415,10893
1.83729,10892
1.84279,10891
1.84591,10890
1.85011,10889
1.88131,10888
1.89055,10887
1.89493,10886
1.8987,10885
1.92402,10884
1.92717,10883
1.93028,10882
1.95019,10881
1.95329,10880
1.95644,10879
1.96207,10878
1.96556,10877
2.03685,10876
2.07497,10875
2.07983,10874
2.08343,10873
2.12116,10872
2.12498,10871
2.12817,10870
2.13585,10869
2.13915,10868
2.14232,10867
2.183,10866
2.18615,10865
2.18926,10864
2.19239,10863
2.23268,10862
2.23579,10861
2.2389,10860
2.26311,10859
2.26625,10858
2.26942,10857
2.29323,10856
2.29644,10855
2.29965,10854
2.32326,10853
2.32642,10852
2.32978,10851
2.34345,10850
2.34657,10849
2.34988,10848
2.37658,10847
2.38027,10846
2.38369,10845
2.38685,10844
2.41974,10843
2.42285,10842
2.42599,10841
2.44688,10840
2.45005,10839
2.45318,10838
2.4952,10837
2.50036,10836
2.53154,10835
2.55766,10834
2.56079,10833
2.5639,10832
2.58994,10831
2.59351,10830
2.5967,10829
2.62166,10828
2.62477,10827
2.62837,10826
2.63148,10825
2.65927,10824
2.66326,10823
2.66637,10822
2.69412,10821
2.69725,10820
2.70043,10819
2.72611,10818
2.72924,10817
2.73234,10816
2.79803,10815
2.80119,10814
2.80429,10813
2.82128,10812
2.82439,10811
2.82842,10810
2.8316,10809
2.85066,10808
2.86768,10807
2.87083,10806
2.87634,10805
2.87982,10804
2.88294,10803
2.90615,10802
2.94558,10801
2.9487,10800
2.95179,10799
2.97538,10798
2.97926,10797
2.98397,10796
3.03016,10795
3.03327,10794
3.03647,10793
3.03973,10792
3.06604,10791
3.06916,10790
3.07235,10789
3.09669,10788
3.09983,10787
3.10306,10786
3.12983,10785
3.13296,10784
3.13609,10783
3.15261,10782
3.15598,10781
3.15911,10780
3.18231,10779
3.18606,10778
3.18919,10777
3.19229,10776
3.22085,10775
3.22396,10774
3.22707,10773
3.23265,10772
3.23574,10771
3.23904,10770
3.2779,10769
3.282,10768
3.28511,10767
3.30825,10766
3.31143,10765
3.31454,10764
3.34243,10763
3.34563,10762
3.34873,10761
3.35182,10760
3.37141,10759
3.37452,10758
3.37763,10757
3.40046,10756
3.4037,10755
3.4068,10754
3.44003,10753
3.44318,10752
3.44629,10751
3.4695,10750
3.47265,10749
3.47575,10748
3.48648,10747
3.48962,10746
3.49275,10745
3.51139,10744
3.5163,10743
3.51941,10742
3.52253,10741
3.53151,10740
3.53461,10739
3.5377,10738
3.57839,10737
3.58177,10736
3.58488,10735
3.601,10734
3.60449,10733
3.62343,10732
3.64784,10731
3.65102,10730
3.65413,10729
3.6778,10728
3.68103,10727
3.68412,10726
3.68724,10725
3.71069,10724
3.71426,10723
3.71736,10722
3.7516,10721
3.75471,10720
3.75786,10719
3.761,10718
3.76408,10717
3.76715,10716
3.80048,10715
3.80364,10714
3.80674,10713
3.82998,10712
3.83307,10711
3.83663,10710
3.83974,10709
3.87828,10708
3.88138,10707
3.88445,10706
3.89711,10705
3.90022,10704
3.9033,10703
3.92709,10702
3.93027,10701
3.93336,10700
3.96125,10699
3.96437,10698
3.96751,10697
3.9706,10696
3.99881,10695
4.0019,10694
4.00504,10693
4.03439,10692
4.03756,10691
4.04065,10690
4.04375,10689
4.04685,10688
4.04993,10687
4.07512,10686
4.07829,10685
4.08137,10684
4.12268,10683
4.12585,10682
4.12899,10681
4.13209,10680
4.16135,10679
4.16445,10678
4.16753,10677
4.19087,10676
4.19402,10675
4.19711,10674
4.21618,10673
4.21935,10672
4.22247,10671
4.25578,10670
4.25894,10669
4.26205,10668
4.2864,10667
4.28953,10666
4.29269,10665
4.29578,10664
4.31972,10663
4.32283,10662
4.32595,10661
4.35022,10660
4.35343,10659
4.35657,10658
4.36372,10657
4.36693,10656
4.37009,10655
4.40322,10654
4.4064,10653
4.40951,10652
4.43272,10651
4.43584,10650
4.43894,10649
4.44203,10648
4.46734,10647
4.47047,10646
4.47358,10645
4.50731,10644
4.51046,10643
4.51552,10642
4.53941,10641
4.54253,10640
4.54563,10639
4.57279,10638
4.5759,10637
4.57898,10636
4.60282,10635
4.60594,10634
4.60903,10633
4.61213,10632
4.62379,10631
4.62691,10630
4.63009,10629
4.66734,10628
4.67044,10627
4.67351,10626
4.68776,10625
4.69092,10624
4.69399,10623
4.71838,10622
4.72182,10621
4.72505,10620
4.72845,10619
4.75501,10618
4.75814,10617
4.76122,10616
4.83469,10615
4.83777,10614
4.84083,10613
4.86919,10612
4.87228,10611
4.87539,10610
4.90908,10609
4.91229,10608
4.9154,10607
4.95135,10606
4.95471,10605
4.95781,10604
4.96089,10603
4.98527,10602
4.98837,10601
4.99146,10600
5.02601,10599
5.03032,10598
5.03401,10597
5.09077,10596
5.09388,10595
5.09713,10594
5.10037,10593
5.10349,10592
5.1066,10591
5.13967,10590
5.14325,10589
5.14798,10588
5.15109,10587
5.17477,10586
5.17789,10585
5.18099,10584
5.21104,10583
5.21616,10582
5.21924,10581
5.24604,10580
5.26721,10579
5.27047,10578
5.27442,10577
5.27756,10576
5.28076,10575
5.33284,10574
5.33597,10573
5.33911,10572
5.34229,10571
5.36768,10570
5.37197,10569
5.37506,10568
5.39907,10567
5.40222,10566
5.40536,10565
5.43701,10564
5.44015,10563
5.44326,10562
5.46815,10561
5.4714,10560
5.47452,10559
5.53778,10558
5.54089,10557
5.54405,10556
5.5475,10555
5.56669,10554
5.5698,10553
5.5729,10552
5.59047,10551
5.59355,10550
5.59665,10549
5.63087,10548
5.634,10547
5.6371,10546
5.66565,10545
5.67016,10544
5.67346,10543
5.69974,10542
5.70299,10541
5.70609,10540
5.70916,10539
5.7344,10538
5.73767,10537
5.74076,10536
5.75439,10535
5.75748,10534
5.76054,10533
5.80709,10532
5.81019,10531
5.81343,10530
5.83654,10529
5.83964,10528
5.84278,10527
5.84587,10526
5.90153,10525
5.90478,10524
5.90788,10523
5.94264,10522
5.94577,10521
5.94887,10520
5.9597,10519
5.96312,10518
5.96622,10517
5.98991,10516
5.99302,10515
5.99609,10514
6.0195,10513
6.02258,10512
6.02564,10511
6.0287,10510
6.05096,10509
6.05403,10508
6.05714,10507
6.10586,10506
6.10901,10505
6.11219,10504
6.13814,10503
6.14131,10502
6.14461,10501
6.17566,10500
6.17875,10499
6.18202,10498
6.2054,10497
6.2085,10496
6.21162,10495
6.21472,10494
6.23806,10493
6.24114,10492
6.24421,10491
6.26581,10490
6.26896,10489
6.27201,10488
6.29335,10487
6.2989,10486
6.30245,10485
6.34365,10484
6.34675,10483
6.34982,10482
6.3529,10481
6.37135,10480
6.37472,10479
6.37782,10478
6.39841,10477
6.40205,10476
6.40596,10475
6.43542,10474
6.4386,10473
6.44175,10472
6.46492,10471
6.468,10470
6.47108,10469
6.49589,10468
6.49907,10467
6.50216,10466
6.5055,10465
6.52804,10464
6.5311,10463
6.53422,10462
6.55754,10461
6.56061,10460
6.56367,10459
6.58686,10458
6.58996,10457
6.59304,10456
6.61778,10455
6.62088,10454
6.62419,10453
6.62802,10452
6.64365,10451
6.64983,10450
6.66193,10449
6.67986,10448
6.68304,10447
6.68612,10446
6.73406,10445
6.73723,10444
6.74036,10443
6.77437,10442
6.77748,10441
6.78055,10440
6.79825,10439
6.80136,10438
6.80445,10437
6.82774,10436
6.83156,10435
6.83464,10434
6.83772,10433
6.86068,10432
6.86376,10431
6.86685,10430
6.88106,10429
6.88421,10428
6.88732,10427
6.9101,10426
6.9132,10425
6.91691,10424
6.95119,10423
6.9611,10422
6.96424,10421
6.96731,10420
6.99073,10419
6.99383,10418
6.99691,10417
7.02429,10416
7.02737,10415
7.03045,10414
7.05528,10413
7.05837,10412
7.06145,10411
7.0847,10410
7.0878,10409
7.09092,10408
7.11519,10407
7.11831,10406
7.1214,10405
7.12448,10404
7.13885,10403
7.14203,10402
7.14512,10401
7.18466,10400
7.18837,10399
7.19151,10398
7.21518,10397
7.21835,10396
7.22146,10395
7.24614,10394
7.24924,10393
7.25233,10392
7.27014,10391
7.27326,10390
7.27632,10389
7.27937,10388
7.31309,10387
7.3165,10386
7.32007,10385
7.34439,10384
7.34753,10383
7.35066,10382
7.37554,10381
7.37865,10380
7.38212,10379
7.45897,10378
7.46208,10377
7.46518,10376
7.46827,10375
7.49629,10374
7.49939,10373
7.50374,10372
7.51448,10371
7.51757,10370
7.52101,10369
7.53036,10368
7.53348,10367
7.53662,10366
7.57635,10365
7.57942,10364
7.58423,10363
7.61281,10362
7.61602,10361
7.61908,10360
7.68083,10359
7.68393,10358
7.68703,10357
7.69012,10356
7.71333,10355
7.71642,10354
7.71998,10353
7.74489,10352
7.74801,10351
7.75122,10350
7.7639,10349
7.76709,10348
7.77019,10347
7.7931,10346
7.79618,10345
7.79923,10344
7.80237,10343
7.82391,10342
7.82698,10341
7.83004,10340
7.85363,10339
7.85669,10338
7.85975,10337
7.91043,10336
7.91352,10335
7.91662,10334
7.92063,10333
7.92397,10332
7.92705,10331
7.9301,10330
7.95451,10329
7.95757,10328
7.98842,10327
7.99147,10326
8.02714,10325
8.03026,10324
8.03334,10323
8.06685,10322
8.06995,10321
8.07304,10320
8.07609,10319
8.10932,10318
8.11239,10317
8.11544,10316
8.14374,10315
8.14678,10314
8.14983,10313
8.1844,10312
8.18792,10311
8.19101,10310
8.22421,10309
8.2273,10308
8.23041,10307
8.23566,10306
8.28883,10305
8.29775,10304
8.30082,10303
8.30386,10302
8.33306,10301
8.33614,10300
8.33939,10299
8.37195,10298
8.37509,10297
8.40672,10296
8.40989,10295
8.41297,10294
8.44447,10293
8.44758,10292
8.45066,10291
8.47555,10290
8.47861,10289
8.48345,10288
8.50802,10287
8.5111,10286
8.51415,10285
8.53108,10284
8.53489,10283
8.53794,10282
8.54098,10281
8.57914,10280
8.58221,10279
8.58525,10278
8.61111,10277
8.61429,10276
8.61734,10275
8.64188,10274
8.64496,10273
8.66155,10272
8.67536,10271
8.67891,10270
8.68202,10269
8.68509,10268
8.71377,10267
8.71792,10266
8.72103,10265
8.74643,10264
8.74957,10263
8.75264,10262
8.80125,10261
8.80441,10260
8.80752,10259
8.83065,10258
8.83372,10257
8.83676,10256
8.83982,10255
8.85538,10254
8.8585,10253
8.86156,10252
8.89443,10251
8.89751,10250
8.90061,10249
8.92887,10248
8.93206,10247
8.93513,10246
8.98992,10245
8.99317,10244
8.99623,10243
8.99938,10242
9.01393,10241
9.01698,10240
9.02002,10239
9.06092,10238
9.06406,10237
9.06712,10236
9.09838,10235
9.10148,10234
9.10455,10233
9.1333,10232
9.13643,10231
9.13948,10230
9.14251,10229
9.19825,10228
9.20131,10227
9.20436,10226
9.22796,10225
9.23102,10224
9.23408,10223
9.26081,10222
9.26388,10221
9.26692,10220
9.29442,10219
9.29756,10218
9.30072,10217
9.30394,10216
9.35367,10215
9.35673,10214
9.35982,10213
9.38793,10212
9.39099,10211
9.39414,10210
9.40483,10209
9.40808,10208
9.41114,10207
9.44032,10206
9.44402,10205
9.44708,10204
9.45014,10203
9.47946,10202
9.48251,10201
9.48555,10200
9.50999,10199
9.51304,10198
9.51608,10197
9.56463,10196
9.56965,10195
9.57293,10194
9.6075,10193
9.61059,10192
9.61368,10191
9.63684,10190
9.63993,10189
9.643,10188
9.64604,10187
9.68975,10186
9.69297,10185
9.69604,10184
9.71508,10183
9.71815,10182
9.72122,10181
9.73857,10180
9.74173,10179
9.7448,10178
9.76794,10177
9.77101,10176
9.77408,10175
9.77723,10174
9.7974,10173
9.80048,10172
9.80354,10171
9.83916,10170
9.84227,10169
9.84534,10168
9.87047,10167
9.87356,10166
9.87664,10165
9.89999,10164
9.9032,10163
9.90631,10162
9.94297,10161
9.9475,10160
9.95054,10159
9.95358,10158
9.97684,10157
9.97992,10156
9.98297,10155
10.0071,10154
10.0102,10153
10.0133,10152
10.0346,10151
10.0377,10150
10.041,10149
10.0441,10148
10.0802,10147
10.0833,10146
10.0863,10145
10.0997,10144
10.1028,10143
10.1058,10142
10.1293,10141
10.1323,10140
10.1358,10139
10.1723,10138
10.1755,10137
10.1785,10136
10.1817,10135
10.1971,10134
10.2002,10133
10.2032,10132
10.2311,10131
10.2342,10130
10.2373,10129
10.2612,10128
10.2656,10127
10.2687,10126
10.3039,10125
10.307,10124
10.3101,10123
10.3132,10122
10.3349,10121
10.338,10120
10.3411,10119
10.3543,10118
10.3574,10117
10.3843,10116
10.3874,10115
10.4146,10114
10.4177,10113
10.4208,10112
10.4238,10111
10.4473,10110
10.4504,10109
10.4535,10108
10.4756,10107
10.4786,10106
10.4817,10105
10.5048,10104
10.5078,10103
10.511,10102
10.557,10101
10.5617,10100
10.5648,10099
10.5691,10098
10.5989,10097
10.6037,10096
10.6068,10095
10.6612,10094
10.6643,10093
10.6673,10092
10.7087,10091
10.7118,10090
10.7148,10089
10.7434,10088
10.7465,10087
10.7496,10086
10.7528,10085
10.776,10084
10.7793,10083
10.7823,10082
10.8029,10081
10.8064,10080
10.8096,10079
10.8134,10078
10.8173,10077
10.8205,10076
10.8815,10075
10.8845,10074
10.8876,10073
10.9695,10072
10.9728,10071
10.976,10070
10.9791,10069
11.0143,10068
11.0182,10067
11.0213,10066
11.0415,10065
11.0458,10064
11.049,10063
11.0856,10062
11.0897,10061
11.0928,10060
11.1226,10059
11.1259,10058
11.1292,10057
11.1672,10056
11.1703,10055
11.1734,10054
11.1764,10053
11.1975,10052
11.2006,10051
11.2041,10050
11.2218,10049
11.2248,10048
11.2279,10047
11.2466,10046
11.2497,10045
11.2528,10044
11.2718,10043
11.2749,10042
11.278,10041
11.281,10040
11.3017,10039
11.3061,10038
11.3106,10037
11.3191,10036
11.3222,10035
11.3253,10034
11.3572,10033
11.3602,10032
11.3633,10031
11.3848,10030
11.3887,10029
11.3918,10028
11.395,10027
11.447,10026
11.4506,10025
11.4538,10024
11.4754,10023
11.4785,10022
11.4816,10021
11.4987,10020
11.5018,10019
11.505,10018
11.5224,10017
11.526,10016
11.5295,10015
11.5327,10014
11.5575,10013
11.5606,10012
11.5636,10011
11.5833,10010
11.5865,10009
11.5896,10008
11.6095,10007
11.6229,10006
11.6263,10005
11.6611,10004
11.6663,10003
11.7005,10002
11.7077,10001
11.7125,10000
11.7155,9999
11.7193,9998
11.7225,9997
11.726,9996
11.7294,9995
11.7329,9994
11.7366,9993
11.7402,9992
11.7435,9991
11.747,9990
11.75,9989
11.8172,9988
11.8202,9987
11.8233,9986
11.8469,9985
11.8515,9984
11.8546,9983
11.8747,9982
11.878,9981
11.8815,9980
11.8846,9979
11.9156,9978
11.9187,9977
11.9217,9976
11.9493,9975
11.9523,9974
11.9554,9973
11.9863,9972
11.9897,9971
11.9928,9970
12.0159,9969
12.0189,9968
12.0228,9967
12.0477,9966
12.051,9965
12.0541,9964
12.0572,9963
12.0735,9962
12.0767,9961
12.0797,9960
12.0829,9959
12.0859,9958
12.089,9957
12.135,9956
12.1381,9955
12.1412,9954
12.1442,9953
12.1847,9952
12.1878,9951
12.1908,9950
12.214,9949
12.217,9948
12.2201,9947
12.2346,9946
12.2376,9945
12.2407,9944
12.2637,9943
12.2668,9942
12.2699,9941
12.2729,9940
12.2949,9939
12.3181,9938
12.3212,9937
12.3254,9936
12.3285,9935
12.3315,9934
12.3445,9933
12.3476,9932
12.3511,9931
12.3588,9930
12.5055,9929
12.5087,9928
12.5118,9927
12.5234,9926
12.5265,9925
12.5296,9924
12.5461,9923
12.562,9922
12.5651,9921
12.5864,9920
12.5895,9919
12.5925,9918
12.5956,9917
12.6164,9916
12.6195,9915
12.6225,9914
12.6412,9913
12.6443,9912
12.6475,9911
12.686,9910
12.6895,9909
12.6925,9908
12.6956,9907
12.6987,9906
12.7018,9905
12.7357,9904
12.7388,9903
12.7419,9902
12.7449,9901
12.7808,9900
12.7839,9899
12.7878,9898
12.8018,9897
12.8049,9896
12.8079,9895
12.8546,9894
12.8578,9893
12.8612,9892
12.8847,9891
12.8878,9890
12.8913,9889
12.8944,9888
12.9204,9887
12.9235,9886
12.9322,9885
12.958,9884
12.9611,9883
12.9642,9882
12.9877,9881
12.9909,9880
12.9939,9879
13.0171,9878
13.0205,9877
13.0235,9876
13.0266,9875
13.0741,9874
13.0776,9873
13.0806,9872
13.0871,9871
13.0906,9870
13.0936,9869
13.1502,9868
13.1533,9867
13.1563,9866
13.1594,9865
13.18,9864
13.183,9863
13.186,9862
13.2242,9861
13.2272,9860
13.2303,9859
13.2535,9858
13.2566,9857
13.2596,9856
13.2894,9855
13.2925,9854
13.2956,9853
13.2987,9852
13.3294,9851
13.3324,9850
13.3355,9849
13.3601,9848
13.3631,9847
13.3662,9846
13.3878,9845
13.391,9844
13.3942,9843
13.4289,9842
13.4383,9841
13.4414,9840
13.4447,9839
13.4483,9838
13.4523,9837
13.4555,9836
13.4808,9835
13.4839,9834
13.4875,9833
13.5133,9832
13.5164,9831
13.5194,9830
13.5428,9829
13.5458,9828
13.5489,9827
13.5519,9826
13.5936,9825
13.597,9824
13.6024,9823
13.6313,9822
13.6343,9821
13.6374,9820
13.6668,9819
13.6699,9818
13.673,9817
13.6894,9816
13.6925,9815
13.6955,9814
13.6995,9813
13.7256,9812
13.7286,9811
13.7317,9810
13.7649,9809
13.7681,9808
13.7712,9807
13.8025,9806
13.827,9805
13.8301,9804
13.8517,9803
13.8551,9802
13.8581,9801
13.8612,9800
13.8955,9799
13.8985,9798
13.9016,9797
13.9247,9796
13.9278,9795
13.9348,9794
13.9613,9793
13.9644,9792
13.9675,9791
13.9708,9790
13.974,9789
13.977,9788
14.0352,9787
14.0602,9786
14.0632,9785
14.0663,9784
14.0963,9783
14.112,9782
14.1155,9781
14.1192,9780
14.1435,9779
14.1534,9778
14.1925,9777
14.1956,9776
14.1987,9775
14.2198,9774
14.2229,9773
14.2259,9772
14.2391,9771
14.2423,9770
14.2453,9769
14.2627,9768
14.2657,9767
14.2693,9766
14.273,9765
14.2908,9764
14.2939,9763
14.297,9762
14.3203,9761
14.3242,9760
14.3273,9759
14.3464,9758
14.3495,9757
14.3526,9756
14.3763,9755
14.3794,9754
14.3825,9753
14.3856,9752
14.4032,9751
14.4063,9750
14.4093,9749
14.4236,9748
14.4267,9747
14.4297,9746
14.435,9745
14.438,9744
14.4412,9743
14.4543,9742
14.4574,9741
14.4605,9740
14.4635,9739
14.5028,9738
14.5167,9737
14.5198,9736
14.5229,9735
14.5582,9734
14.5613,9733
14.5644,9732
14.5674,9731
14.5908,9730
14.594,9729
14.5971,9728
14.6275,9727
14.6305,9726
14.6336,9725
14.6528,9724
14.656,9723
14.6591,9722
14.7034,9721
14.7064,9720
14.7095,9719
14.7125,9718
14.7325,9717
14.7355,9716
14.7385,9715
14.7547,9714
14.7577,9713
14.7608,9712
14.7768,9711
14.78,9710
14.7831,9709
14.8033,9708
14.8063,9707
14.8093,9706
14.8124,9705
14.8254,9704
14.8285,9703
14.8315,9702
14.8477,9701
14.8507,9700
14.8538,9699
14.8739,9698
14.8769,9697
14.88,9696
14.883,9695
14.8961,9694
14.8991,9693
14.9021,9692
14.9195,9691
14.9225,9690
14.9255,9689
14.9487,9688
14.9518,9687
14.9548,9686
14.9578,9685
14.9699,9684
14.973,9683
14.976,9682
14.9925,9681
14.9955,9680
15.0001,9679
15.0275,9678
15.0306,9677
15.0337,9676
15.0571,9675
15.0601,9674
15.0733,9673
15.0763,9672
15.085,9671
15.088,9670
15.0912,9669
15.1112,9668
15.1153,9667
15.1199,9666
15.1403,9665
15.1434,9664
15.1465,9663
15.17,9662
15.173,9661
15.1762,9660
15.1792,9659
15.2014,9658
15.2044,9657
15.2075,9656
15.2141,9655
15.2171,9654
15.2201,9653
15.2378,9652
15.2443,9651
15.2474,9650
15.271,9649
15.2742,9648
15.2772,9647
15.2802,9646
15.3015,9645
15.3045,9644
15.3076,9643
15.3297,9642
15.3328,9641
15.3358,9640
15.3523,9639
15.3554,9638
15.3584,9637
15.3614,9636
15.3816,9635
15.3846,9634
15.3877,9633
15.4028,9632
15.406,9631
15.4091,9630
15.4311,9629
15.4342,9628
15.4373,9627
15.4569,9626
15.46,9625
15.463,9624
15.466,9623
15.48,9622
15.483,9621
15.486,9620
15.5077,9619
15.5108,9618
15.5138,9617
15.5293,9616
15.5323,9615
15.5354,9614
15.5384,9613
15.5591,9612
15.5621,9611
15.5752,9610
15.5834,9609
15.5864,9608
15.5894,9607
15.6053,9606
15.6083,9605
15.6113,9604
15.6322,9603
15.6353,9602
15.6384,9601
15.6414,9600
15.657,9599
15.6601,9598
15.6632,9597
15.6839,9596
15.687,9595
15.69,9594
15.7055,9593
15.7086,9592
15.7116,9591
15.7146,9590
15.7356,9589
15.7387,9588
15.7417,9587
15.7569,9586
15.7827,9585
15.7858,9584
15.7888,9583
15.7918,9582
15.8092,9581
15.8122,9580
15.8152,9579
15.8182,9578
15.8212,9577
15.8243,9576
15.8585,9575
15.8615,9574
15.8646,9573
15.8835,9572
15.8866,9571
15.8896,9570
15.8926,9569
15.9146,9568
15.9176,9567
15.9207,9566
15.9489,9565
15.9519,9564
15.9549,9563
15.9735,9562
15.9766,9561
15.9796,9560
15.9827,9559
16.0057,9558
16.0087,9557
16.0118,9556
16.0308,9555
16.0338,9554
16.0368,9553
16.0496,9552
16.0527,9551
16.0557,9550
16.0588,9549
16.0709,9548
16.1015,9547
16.1046,9546
16.109,9545
16.132,9544
16.1351,9543
16.1381,9542
16.1576,9541
16.1606,9540
16.1639,9539
16.1669,9538
16.182,9537
16.185,9536
16.188,9535
16.2062,9534
16.2093,9533
16.2123,9532
16.2373,9531
16.2404,9530
16.2627,9529
16.2657,9528
16.2687,9527
16.286,9526
16.289,9525
16.292,9524
16.3044,9523
16.3074,9522
16.3104,9521
16.3134,9520
16.3545,9519
16.3579,9518
16.361,9517
16.3642,9516
16.3672,9515
16.3703,9514
16.3982,9513
16.4013,9512
16.4043,9511
16.4193,9510
16.4224,9509
16.4254,9508
16.4284,9507
16.4636,9506
16.4666,9505
16.4696,9504
16.4752,9503
16.4783,9502
16.485,9501
16.4949,9500
16.4983,9499
16.5013,9498
16.505,9497
16.5272,9496
16.5302,9495
16.5332,9494
16.5507,9493
16.5537,9492
16.5567,9491
16.5851,9490
16.5881,9489
16.5911,9488
16.6078,9487
16.6108,9486
16.6138,9485
16.6168,9484
16.6363,9483
16.6393,9482
16.6424,9481
16.6604,9480
16.6635,9479
16.6665,9478
16.694,9477
16.697,9476
16.7,9475
16.703,9474
16.7167,9473
16.7197,9472
16.7487,9471
16.7517,9470
16.7648,9469
16.7678,9468
16.7708,9467
16.7738,9466
16.7888,9465
16.7919,9464
16.7949,9463
16.8162,9462
16.8192,9461
16.8222,9460
16.8372,9459
16.8403,9458
16.8433,9457
16.8564,9456
16.8594,9455
16.8624,9454
16.8655,9453
16.8945,9452
16.9156,9451
16.9187,9450
16.9217,9449
16.9391,9448
16.943,9447
16.946,9446
16.949,9445
16.9729,9444
16.9759,9443
16.979,9442
16.992,9441
16.9951,9440
16.9981,9439
17.0192,9438
17.0223,9437
17.0254,9436
17.0284,9435
17.0463,9434
17.0496,9433
17.0527,9432
17.0759,9431
17.0789,9430
17.0819,9429
17.0881,9428
17.0912,9427
17.0942,9426
17.1172,9425
17.1202,9424
17.1232,9423
17.1263,9422
17.1493,9421
17.1523,9420
17.1577,9419
17.1897,9418
17.1928,9417
17.1957,9416
17.2259,9415
17.2289,9414
17.2319,9413
17.2349,9412
17.2558,9411
17.2588,9410
17.2622,9409
17.3015,9408
17.3046,9407
17.3097,9406
17.3243,9405
17.3275,9404
17.3305,9403
17.3808,9402
17.3838,9401
17.3868,9400
17.3899,9399
17.4019,9398
17.4049,9397
17.4078,9396
17.4301,9395
17.4331,9394
17.4361,9393
17.4543,9392
17.4573,9391
17.4605,9390
17.4635,9389
17.4723,9388
17.4753,9387
17.4783,9386
17.4939,9385
17.4969,9384
17.4999,9383
17.5265,9382
17.531,9381
17.5341,9380
17.5576,9379
17.5607,9378
17.5638,9377
17.5669,9376
17.5921,9375
17.5951,9374
17.639,9373
17.6521,9372
17.6558,9371
17.6588,9370
17.6737,9369
17.6767,9368
17.6798,9367
17.6829,9366
17.7063,9365
17.7096,9364
17.7126,9363
17.7237,9362
17.7268,9361
17.7297,9360
17.7547,9359
17.7577,9358
17.7622,9357
17.7655,9356
17.7868,9355
17.7898,9354
17.7928,9353
17.8395,9352
17.8454,9351
17.8637,9350
17.9015,9349
17.9045,9348
17.9076,9347
17.9328,9346
17.941,9345
17.9453,9344
17.9768,9343
17.9799,9342
17.9844,9341
17.9896,9340
18.0044,9339
18.0085,9338
18.0115,9337
18.0389,9336
18.042,9335
18.045,9334
18.0681,9333
18.0711,9332
18.0741,9331
18.0772,9330
18.0969,9329
18.1228,9328
18.144,9327
18.147,9326
18.1894,9325
18.1925,9324
18.1955,9323
18.2185,9322
18.2215,9321
18.2247,9320
18.2277,9319
18.258,9318
18.2611,9317
18.2641,9316
18.283,9315
18.286,9314
18.289,9313
18.3158,9312
18.3188,9311
18.3344,9310
18.3374,9309
18.3404,9308
18.3606,9307
18.3637,9306
18.3667,9305
18.4487,9304
18.4518,9303
18.4548,9302
18.4579,9301
18.4774,9300
18.4975,9299
18.5005,9298
18.5039,9297
18.519,9296
18.5225,9295
18.5257,9294
18.5489,9293
18.552,9292
18.5551,9291
18.5581,9290
18.5804,9289
18.601,9288
18.604,9287
18.6071,9286
18.6201,9285
18.6232,9284
18.6262,9283
18.6292,9282
18.6559,9281
18.6618,9280
18.6713,9279
18.6746,9278
18.6802,9277
18.6849,9276
18.6922,9275
18.6959,9274
18.6989,9273
18.7473,9272
18.7503,9271
18.7533,9270
18.7723,9269
18.7754,9268
18.7784,9267
18.7814,9266
18.8028,9265
18.8058,9264
18.8088,9263
18.8273,9262
18.8305,9261
18.8334,9260
18.8566,9259
18.8596,9258
18.8626,9257
18.8656,9256
18.8846,9255
18.8876,9254
18.8906,9253
18.9224,9252
18.9273,9251
18.9304,9250
18.9472,9249
18.9503,9248
18.9548,9247
18.9579,9246
18.9795,9245
18.9825,9244
18.9855,9243
19.0002,9242
19.0032,9241
19.0062,9240
19.0278,9239
19.0308,9238
19.0338,9237
19.0368,9236
19.0579,9235
19.0609,9234
19.0639,9233
19.0789,9232
19.0819,9231
19.0849,9230
19.1128,9229
19.1158,9228
19.1188,9227
19.1218,9226
19.1345,9225
19.141,9224
19.1456,9223
19.1697,9222
19.1727,9221
19.1757,9220
19.1944,9219
19.1974,9218
19.2004,9217
19.2233,9216
19.2263,9215
19.2293,9214
19.2325,9213
19.2523,9212
19.2556,9211
19.2587,9210
19.2966,9209
19.2996,9208
19.3028,9207
19.3248,9206
19.328,9205
19.331,9204
19.334,9203
19.3472,9202
19.3503,9201
19.3533,9200
19.3755,9199
19.3785,9198
19.3815,9197
19.397,9196
19.4001,9195
19.4031,9194
19.4242,9193
19.4272,9192
19.4302,9191
19.4332,9190
19.4473,9189
19.4503,9188
19.4533,9187
19.4782,9186
19.4812,9185
19.4842,9184
19.4975,9183
19.5063,9182
19.5094,9181
19.5124,9180
19.5681,9179
19.5711,9178
19.5741,9177
19.5831,9176
19.5861,9175
19.5891,9174
19.6118,9173
19.6148,9172
19.6178,9171
19.6208,9170
19.6356,9169
19.6385,9168
19.6415,9167
19.6578,9166
19.6608,9165
19.6638,9164
19.6821,9163
19.6852,9162
19.6882,9161
19.6912,9160
19.709,9159
19.712,9158
19.715,9157
19.7516,9156
19.7546,9155
19.7576,9154
19.7896,9153
19.7929,9152
19.7962,9151
19.8236,9150
19.8266,9149
19.8296,9148
19.8326,9147
19.8479,9146
19.8509,9145
19.8539,9144
19.862,9143
19.865,9142
19.868,9141
19.8876,9140
19.8906,9139
19.8936,9138
19.8966,9137
19.913,9136
19.916,9135
19.919,9134
19.9402,9133
19.9433,9132
19.9463,9131
19.9626,9130
19.9656,9129
19.9686,9128
19.9715,9127
20.0016,9126
20.0048,9125
20.009,9124
20.0121,9123
20.0489,9122
20.052,9121
20.055,9120
20.058,9119
20.0811,9118
20.0841,9117
20.0871,9116
20.1085,9115
20.1115,9114
20.1145,9113
20.1297,9112
20.1327,9111
20.1357,9110
20.1387,9109
20.1598,9108
20.1628,9107
20.1658,9106
20.1808,9105
20.1838,9104
20.1868,9103
20.2081,9102
20.2111,9101
20.2141,9100
20.2172,9099
20.2529,9098
20.256,9097
20.259,9096
20.2637,9095
20.2667,9094
20.2698,9093
20.29,9092
20.293,9091
20.296,9090
20.299,9089
20.3162,9088
20.3191,9087
20.3221,9086
20.3414,9085
20.3447,9084
20.3478,9083
20.3646,9082
20.3676,9081
20.3706,9080
20.3784,9079
20.3955,9078
20.3985,9077
20.4015,9076
20.4247,9075
20.4277,9074
20.4307,9073
20.4451,9072
20.4481,9071
20.4511,9070
20.4541,9069
20.4707,9068
20.4738,9067
20.4768,9066
20.4963,9065
20.4993,9064
20.5022,9063
20.5202,9062
20.5232,9061
20.5262,9060
20.5292,9059
20.5497,9058
20.5527,9057
20.5556,9056
20.5715,9055
20.5745,9054
20.5775,9053
20.6234,9052
20.6265,9051
20.6295,9050
20.6325,9049
20.6426,9048
20.6457,9047
20.6487,9046
20.6698,9045
20.6728,9044
20.6967,9043
20.6997,9042
20.7026,9041
20.7218,9040
20.7248,9039
20.7278,9038
20.7448,9037
20.7478,9036
20.7508,9035
20.7699,9034
20.773,9033
20.776,9032
20.779,9031
20.7975,9030
20.8396,9029
20.85,9028
20.853,9027
20.8658,9026
20.8688,9025
20.8718,9024
20.8925,9023
20.8955,9022
20.8985,9021
20.9015,9020
20.9167,9019
20.9196,9018
20.9226,9017
20.9455,9016
20.9485,9015
20.9515,9014
20.9668,9013
20.9698,9012
20.9727,9011
20.9757,9010
20.9894,9009
20.9925,9008
20.9959,9007
21.0075,9006
21.0105,9005
21.0139,9004
21.0369,9003
21.0399,9002
21.0429,9001
21.0459,9000
21.0816,8999
21.0886,8998
21.0921,8997
21.1123,8996
21.1153,8995
21.1184,8994
21.1349,8993
21.1439,8992
21.1704,8991
21.1874,8990
21.1904,8989
21.1966,8988
21.2165,8987
21.2195,8986
21.2226,8985
21.2256,8984
21.2495,8983
21.2787,8982
21.2817,8981
21.2847,8980
21.3342,8979
21.3372,8978
21.3402,8977
21.3433,8976
21.3667,8975
21.3697,8974
21.3726,8973
21.4051,8972
21.4081,8971
21.4111,8970
21.4266,8969
21.4296,8968
21.4326,8967
21.4356,8966
21.4575,8965
21.4605,8964
21.4635,8963
21.486,8962
21.489,8961
21.5247,8960
21.5277,8959
21.5307,8958
21.5539,8957
21.5569,8956
21.5599,8955
21.5829,8954
21.5859,8953
21.5889,8952
21.632,8951
21.635,8950
21.6386,8949
21.6416,8948
21.6598,8947
21.6628,8946
21.6657,8945
21.6875,8944
21.6905,8943
21.6934,8942
21.7925,8941
21.8533,8940
21.8569,8939
21.8849,8938
21.8879,8937
21.8908,8936
21.9145,8935
21.9305,8934
21.9378,8933
21.942,8932
21.9706,8931
21.974,8930
21.9773,8929
22.0095,8928
22.0338,8927
22.0368,8926
22.0495,8925
22.0525,8924
22.0555,8923
22.0585,8922
22.0854,8921
22.0885,8920
22.0917,8919
22.135,8918
22.1382,8917
22.1412,8916
22.1659,8915
22.1693,8914
22.1727,8913
22.176,8912
22.1943,8911
22.1973,8910
22.2002,8909
22.2475,8908
22.2531,8907
22.2582,8906
22.2908,8905
22.295,8904
22.3248,8903
22.3278,8902
22.3307,8901
22.3599,8900
22.3628,8899
22.3659,8898
22.3867,8897
22.3897,8896
22.3927,8895
22.4195,8894
22.4226,8893
22.4256,8892
22.4289,8891
22.4518,8890
22.4548,8889
22.4577,8888
22.4732,8887
22.4763,8886
22.4794,8885
22.4967,8884
22.5,8883
22.503,8882
22.5232,8881
22.5262,8880
22.5291,8879
22.5463,8878
22.5493,8877
22.5523,8876
22.5753,8875
22.5785,8874
22.5816,8873
22.5845,8872
22.6035,8871
22.6065,8870
22.6287,8869
22.6317,8868
22.6346,8867
22.6477,8866
22.6512,8865
22.6542,8864
22.6689,8863
22.6952,8862
22.6982,8861
22.7013,8860
22.7043,8859
22.7202,8858
22.724,8857
22.727,8856
22.7449,8855
22.748,8854
22.751,8853
22.7797,8852
22.7827,8851
22.7857,8850
22.7886,8849
22.8062,8848
22.8093,8847
22.8122,8846
22.8312,8845
22.8342,8844
22.8371,8843
22.8544,8842
22.8574,8841
22.8604,8840
22.8634,8839
22.8888,8838
22.8918,8837
22.8948,8836
22.9015,8835
22.9045,8834
22.9076,8833
22.9223,8832
22.9253,8831
22.9283,8830
22.9315,8829
22.9555,8828
22.9584,8827
22.9614,8826
22.982,8825
22.985,8824
22.9879,8823
23.0215,8822
23.0246,8821
23.0277,8820
23.031,8819
23.0452,8818
23.0482,8817
23.0512,8816
23.0754,8815
23.0784,8814
23.0814,8813
23.1004,8812
23.1034,8811
23.1063,8810
23.1093,8809
23.1264,8808
23.1294,8807
23.1324,8806
23.1593,8805
23.1623,8804
23.1654,8803
23.1875,8802
23.1904,8801
23.1934,8800
23.1964,8799
23.2138,8798
23.2168,8797
23.2198,8796
23.2454,8795
23.2665,8794
23.2694,8793
23.2806,8792
23.3029,8791
23.3059,8790
23.3089,8789
23.3289,8788
23.3319,8787
23.3349,8786
23.3378,8785
23.361,8784
23.364,8783
23.3671,8782
23.3901,8781
23.3931,8780
23.3962,8779
23.4099,8778
23.4129,8777
23.4158,8776
23.4188,8775
23.4418,8774
23.4447,8773
23.4477,8772
23.4667,8771
23.4697,8770
23.4727,8769
23.4756,8768
23.4932,8767
23.4961,8766
23.4991,8765
23.5183,8764
23.5213,8763
23.5242,8762
23.5373,8761
23.5403,8760
23.5433,8759
23.5463,8758
23.5676,8757
23.5706,8756
23.5736,8755
23.5968,8754
23.6,8753
23.603,8752
23.6162,8751
23.6193,8750
23.6224,8749
23.6253,8748
23.6438,8747
23.6467,8746
23.6497,8745
23.6729,8744
23.6758,8743
23.6788,8742
23.6961,8741
23.6991,8740
23.7021,8739
23.7051,8738
23.7275,8737
23.7304,8736
23.7507,8735
23.7537,8734
23.7743,8733
23.7773,8732
23.7803,8731
23.7833,8730
23.7958,8729
23.8189,8728
23.8219,8727
23.8248,8726
23.8436,8725
23.8468,8724
23.8498,8723
23.8528,8722
23.8677,8721
23.8706,8720
23.8736,8719
23.8947,8718
23.8977,8717
23.9007,8716
23.9041,8715
23.9172,8714
23.9201,8713
23.9231,8712
23.954,8711
23.9829,8710
23.9859,8709
24.0059,8708
24.0089,8707
24.012,8706
24.0343,8705
24.0374,8704
24.0403,8703
24.0565,8702
24.0595,8701
24.0627,8700
24.0656,8699
24.0889,8698
24.0919,8697
24.0949,8696
24.1091,8695
24.1121,8694
24.1152,8693
24.1401,8692
24.1647,8691
24.1677,8690
24.1857,8689
24.1887,8688
24.1916,8687
24.2106,8686
24.2136,8685
24.2166,8684
24.2195,8683
24.2372,8682
24.2401,8681
24.2431,8680
24.2561,8679
24.2591,8678
24.2621,8677
24.2824,8676
24.2854,8675
24.309,8674
24.312,8673
24.315,8672
24.3337,8671
24.3367,8670
24.3396,8669
24.3427,8668
24.3604,8667
24.3889,8666
24.3919,8665
24.3956,8664
24.4178,8663
24.4435,8662
24.47,8661
24.473,8660
24.4895,8659
24.5222,8658
24.5255,8657
24.5451,8656
24.5481,8655
24.5511,8654
24.5654,8653
24.5684,8652
24.5714,8651
24.5743,8650
24.5977,8649
24.6007,8648
24.6037,8647
24.6232,8646
24.6263,8645
24.6292,8644
24.6446,8643
24.6475,8642
24.6505,8641
24.6537,8640
24.671,8639
24.674,8638
24.677,8637
24.6986,8636
24.7019,8635
24.7049,8634
24.7274,8633
24.7315,8632
24.7513,8631
24.7543,8630
24.7573,8629
24.7761,8628
24.7791,8627
24.7822,8626
24.8073,8625
24.8163,8624
24.8296,8623
24.8326,8622
24.8356,8621
24.857,8620
24.8603,8619
24.8633,8618
24.8827,8617
24.8865,8616
24.8898,8615
24.8927,8614
24.8957,8613
24.925,8612
24.9281,8611
24.9311,8610
24.9596,8609
24.9627,8608
24.9657,8607
24.9686,8606
24.9863,8605
25.012,8604
25.015,8603
25.018,8602
25.0488,8601
25.0518,8600
25.0548,8599
25.0578,8598
25.0767,8597
25.0797,8596
25.0826,8595
25.1142,8594
25.1317,8593
25.1347,8592
25.1376,8591
25.1406,8590
25.1557,8589
25.1744,8588
25.1774,8587
25.1803,8586
25.1859,8585
25.1889,8584
25.1919,8583
25.1948,8582
25.2055,8581
25.2085,8580
25.2121,8579
25.2324,8578
25.2507,8577
25.2658,8576
25.3028,8575
25.3058,8574
25.3088,8573
25.3371,8572
25.3401,8571
25.3431,8570
25.3461,8569
25.3712,8568
25.3884,8567
25.4212,8566
25.4242,8565
25.4271,8564
25.439,8563
25.442,8562
25.445,8561
25.4594,8560
25.4623,8559
25.4753,8558
25.4787,8557
25.4817,8556
25.5058,8555
25.5088,8554
25.5148,8553
25.5306,8552
25.5337,8551
25.5367,8550
25.5396,8549
25.5549,8548
25.5579,8547
25.585,8546
25.5879,8545
25.6118,8544
25.615,8543
25.618,8542
25.6436,8541
25.6465,8540
25.6645,8539
25.6675,8538
25.6704,8537
25.7078,8536
25.7108,8535
25.7138,8534
25.7287,8533
25.7632,8532
25.7662,8531
25.7898,8530
25.7929,8529
25.7959,8528
25.7989,8527
25.8059,8526
25.8089,8525
25.8118,8524
25.8354,8523
25.8384,8522
25.8413,8521
25.8652,8520
25.8682,8519
25.8711,8518
25.8741,8517
25.8965,8516
25.8995,8515
25.9024,8514
25.9254,8513
25.9284,8512
25.9314,8511
25.9343,8510
25.961,8509
25.964,8508
25.967,8507
26.0173,8506
26.0203,8505
26.0281,8504
26.0488,8503
26.0518,8502
26.0548,8501
26.0578,8500
26.0664,8499
26.0694,8498
26.0723,8497
26.0953,8496
26.0984,8495
26.1014,8494
26.1236,8493
26.16,8492
26.1634,8491
26.2067,8490
26.2298,8489
26.2327,8488
26.2359,8487
26.2389,8486
26.2546,8485
26.2576,8484
26.2605,8483
26.2806,8482
26.2837,8481
26.2867,8480
26.2897,8479
26.3055,8478
26.3085,8477
26.3114,8476
26.3316,8475
26.3346,8474
26.3376,8473
26.3535,8472
26.3565,8471
26.3595,8470
26.3624,8469
26.3827,8468
26.3857,8467
26.3887,8466
26.4046,8465
26.4076,8464
26.4105,8463
26.4308,8462
26.4338,8461
26.4368,8460
26.4579,8459
26.4608,8458
26.4837,8457
26.4868,8456
26.4898,8455
26.4927,8454
26.509,8453
26.5119,8452
26.5149,8451
26.5358,8450
26.5388,8449
26.5418,8448
26.5588,8447
26.5618,8446
26.5648,8445
26.5677,8444
26.5867,8443
26.5897,8442
26.5927,8441
26.6156,8440
26.6345,8439
26.6375,8438
26.6405,8437
26.6434,8436
26.6609,8435
26.6638,8434
26.6943,8433
26.6994,8432
26.7023,8431
26.7053,8430
26.7204,8429
26.7234,8428
26.7264,8427
26.7498,8426
26.7528,8425
26.7558,8424
26.7587,8423
26.7795,8422
26.7824,8421
26.7854,8420
26.8007,8419
26.8037,8418
26.8067,8417
26.8298,8416
26.8327,8415
26.8357,8414
26.8386,8413
26.8568,8412
26.8598,8411
26.8627,8410
26.8803,8409
26.8833,8408
26.8863,8407
26.8893,8406
26.8925,8405
26.8955,8404
26.8984,8403
26.9292,8402
26.9322,8401
26.9352,8400
26.955,8399
26.9638,8398
26.9918,8397
26.9948,8396
26.9978,8395
27.0125,8394
27.0214,8393
27.0427,8392
27.0457,8391
27.0486,8390
27.0635,8389
27.0664,8388
27.0694,8387
27.1044,8386
27.1074,8385
27.1104,8384
27.1263,8383
27.1292,8382
27.1322,8381
27.1523,8380
27.1553,8379
27.1582,8378
27.1612,8377
27.1771,8376
27.2137,8375
27.2167,8374
27.2196,8373
27.2225,8372
27.2385,8371
27.2414,8370
27.2444,8369
27.2645,8368
27.2675,8367
27.2705,8366
27.2868,8365
27.2899,8364
27.2929,8363
27.2958,8362
27.3221,8361
27.3276,8360
27.3306,8359
27.3335,8358
27.3364,8357
27.3575,8356
27.3604,8355
27.3634,8354
27.3792,8353
27.3823,8352
27.3852,8351
27.4054,8350
27.4084,8349
27.4114,8348
27.4143,8347
27.434,8346
27.4369,8345
27.4398,8344
27.4727,8343
27.4919,8342
27.4948,8341
27.4978,8340
27.5007,8339
27.5188,8338
27.5218,8337
27.5247,8336
27.5483,8335
27.5513,8334
27.5543,8333
27.5572,8332
27.5722,8331
27.5752,8330
27.5781,8329
27.5971,8328
27.6001,8327
27.603,8326
27.6262,8325
27.6291,8324
27.6482,8323
27.6512,8322
27.6541,8321
27.6711,8320
27.6964,8319
27.6995,8318
27.7024,8317
27.7053,8316
27.7221,8315
27.725,8314
27.728,8313
27.7484,8312
27.7514,8311
27.7543,8310
27.7573,8309
27.8052,8308
27.8081,8307
27.8275,8306
27.8304,8305
27.8765,8304
27.8804,8303
27.8834,8302
27.898,8301
27.9009,8300
27.9039,8299
27.9276,8298
27.9306,8297
27.9338,8296
27.9539,8295
27.964,8294
27.967,8293
27.9699,8292
27.9892,8291
27.9922,8290
27.9951,8289
28.0082,8288
28.0112,8287
28.0141,8286
28.0379,8285
28.0408,8284
28.0594,8283
28.0623,8282
28.0652,8281
28.0824,8280
28.0854,8279
28.0884,8278
28.0924,8277
28.112,8276
28.1367,8275
28.1445,8274
28.1475,8273
28.1504,8272
28.1644,8271
28.1674,8270
28.1751,8269
28.1781,8268
28.1811,8267
28.184,8266
28.1923,8265
28.1953,8264
28.2326,8263
28.2356,8262
28.2387,8261
28.2488,8260
28.2518,8259
28.2547,8258
28.2577,8257
28.2666,8256
28.2695,8255
28.2724,8254
28.2811,8253
28.284,8252
28.287,8251
28.2899,8250
28.7562,8249
28.76,8248
28.7636,8247
28.7847,8246
28.7887,8245
28.7927,8244
28.8178,8243
28.8208,8242
28.8238,8241
28.8367,8240
28.8397,8239
28.8426,8238
28.8617,8237
28.8666,8236
28.8696,8235
28.8725,8234
28.8864,8233
28.8893,8232
28.8923,8231
28.8952,8230
28.9232,8229
28.9388,8228
28.9418,8227
28.9708,8226
29.0036,8225
29.0068,8224
29.0098,8223
29.0128,8222
29.043,8221
29.0459,8220
29.0488,8219
29.0518,8218
29.0722,8217
29.0751,8216
29.0781,8215
29.0937,8214
29.0966,8213
29.1279,8212
29.1576,8211
29.1868,8210
29.1898,8209
29.1927,8208
29.1957,8207
29.2274,8206
29.2885,8205
29.2917,8204
29.3167,8203
29.3303,8202
29.3332,8201
29.3707,8200
29.3741,8199
29.3771,8198
29.3921,8197
29.4212,8196
29.4241,8195
29.4445,8194
29.4475,8193
29.4505,8192
29.4739,8191
29.4769,8190
29.4798,8189
29.4827,8188
29.5407,8187
29.5579,8186
29.5608,8185
29.5638,8184
29.5667,8183
29.5859,8182
29.6105,8181
29.6137,8180
29.6368,8179
29.6398,8178
29.6427,8177
29.6631,8176
29.6902,8175
29.6932,8174
29.6961,8173
29.6991,8172
29.7222,8171
29.7251,8170
29.728,8169
29.792,8168
29.8088,8167
29.8175,8166
29.8205,8165
29.8235,8164
29.8441,8163
29.8471,8162
29.85,8161
29.8621,8160
29.8652,8159
29.8681,8158
29.8711,8157
29.9041,8156
29.907,8155
29.91,8154
29.9422,8153
29.9652,8152
29.9741,8151
30.0166,8150
30.0196,8149
30.0226,8148
30.0404,8147
30.0433,8146
30.0622,8145
30.0651,8144
30.0681,8143
30.0914,8142
30.0944,8141
30.1268,8140
30.1297,8139
30.1326,8138
30.156,8137
30.1589,8136
30.1619,8135
30.1837,8134
30.1866,8133
30.1993,8132
30.2023,8131
30.277,8130
30.28,8129
30.2981,8128
30.3011,8127
30.3318,8126
30.3493,8125
30.3523,8124
30.3744,8123
30.3779,8122
30.4264,8121
30.4293,8120
30.4566,8119
30.4596,8118
30.5094,8117
30.5123,8116
30.5153,8115
30.5306,8114
30.5335,8113
30.5365,8112
30.5394,8111
30.5618,8110
30.5653,8109
30.5682,8108
30.5851,8107
30.5881,8106
30.5918,8105
30.6189,8104
30.6218,8103
30.6427,8102
30.6457,8101
30.6487,8100
30.698,8099
30.7136,8098
30.7584,8097
30.7613,8096
30.7665,8095
30.7699,8094
30.7729,8093
30.7927,8092
30.7957,8091
30.7987,8090
30.8016,8089
30.8181,8088
30.821,8087
30.8476,8086
30.8656,8085
30.8686,8084
30.8715,8083
30.8959,8082
30.8989,8081
30.9018,8080
30.9212,8079
30.9513,8078
30.9543,8077
30.9728,8076
30.9758,8075
30.9787,8074
31.0007,8073
31.0036,8072
31.0421,8071
31.045,8070
31.048,8069
31.0806,8068
31.1,8067
31.103,8066
31.107,8065
31.126,8064
31.1831,8063
31.1861,8062
31.2109,8061
31.2138,8060
31.2168,8059
31.2378,8058
31.2408,8057
31.2437,8056
31.264,8055
31.2675,8054
31.2704,8053
31.2733,8052
31.2908,8051
31.2937,8050
31.2968,8049
31.3157,8048
31.3186,8047
31.3216,8046
31.3766,8045
31.3924,8044
31.3953,8043
31.3982,8042
31.4263,8041
31.4294,8040
31.4482,8039
31.4575,8038
31.4797,8037
31.4827,8036
31.4856,8035
31.4978,8034
31.501,8033
31.504,8032
31.5555,8031
31.5585,8030
31.5614,8029
31.5905,8028
31.5934,8027
31.624,8026
31.6271,8025
31.6304,8024
31.6438,8023
31.6467,8022
31.6757,8021
31.6786,8020
31.6815,8019
31.7009,8018
31.7038,8017
31.7068,8016
31.725,8015
31.7356,8014
31.7548,8013
31.7577,8012
31.7606,8011
31.7793,8010
31.7822,8009
31.7851,8008
31.8003,8007
31.8599,8006
31.8636,8005
31.8824,8004
31.9121,8003
31.9361,8002
31.9391,8001
31.9651,8000
32.0137,7999
32.0177,7998
32.0209,7997
32.0699,7996
32.0874,7995
32.0904,7994
32.1177,7993
32.1206,7992
32.1235,7991
32.1402,7990
32.1942,7989
32.1974,7988
32.2295,7987
32.2596,7986
32.2625,7985
32.2655,7984
32.2793,7983
32.2823,7982
32.2852,7981
32.2881,7980
32.3059,7979
32.3089,7978
32.3118,7977
32.326,7976
32.3294,7975
32.3324,7974
32.3355,7973
32.3384,7972
32.3413,7971
32.3443,7970
32.3942,7969
32.4176,7968
32.4206,7967
32.4236,7966
32.4424,7965
32.4459,7964
32.4489,7963
32.4518,7962
32.4685,7961
32.4715,7960
32.4745,7959
32.4967,7958
32.4997,7957
32.5027,7956
32.5289,7955
32.5318,7954
32.5493,7953
32.5523,7952
32.5552,7951
32.5702,7950
32.5789,7949
32.5983,7948
32.6014,7947
32.6043,7946
32.6267,7945
32.6296,7944
32.6327,7943
32.6357,7942
32.6499,7941
32.6802,7940
32.6831,7939
32.7055,7938
32.7382,7937
32.7778,7936
32.7822,7935
32.7913,7934
32.8335,7933
32.8365,7932
32.8394,7931
32.8547,7930
32.8577,7929
32.883,7928
32.8876,7927
32.8906,7926
32.9098,7925
32.9333,7924
32.9957,7923
32.9987,7922
33.0017,7921
33.0047,7920
33.0178,7919
33.0207,7918
33.0665,7917
33.0762,7916
33.0992,7915
33.1021,7914
33.1214,7913
33.1243,7912
33.1709,7911
33.1969,7910
33.1999,7909
33.2028,7908
33.2436,7907
33.2465,7906
33.2561,7905
33.259,7904
33.2619,7903
33.3041,7902
33.3071,7901
33.3362,7900
33.3744,7899
33.3773,7898
33.3853,7897
33.4127,7896
33.4159,7895
33.4201,7894
33.4231,7893
33.4474,7892
33.4792,7891
33.4822,7890
33.5065,7889
33.5094,7888
33.5426,7887
33.5456,7886
33.5797,7885
33.634,7884
33.6914,7883
33.7176,7882
33.7208,7881
33.7237,7880
33.7267,7879
33.748,7878
33.7509,7877
33.7539,7876
33.7639,7875
33.7669,7874
33.7698,7873
33.7727,7872
33.8395,7871
33.869,7870
33.8719,7869
33.9445,7868
33.9474,7867
33.9504,7866
33.9809,7865
33.9838,7864
33.9867,7863
34.0335,7862
34.0379,7861
34.0605,7860
34.0635,7859
34.0664,7858
34.0881,7857
34.097,7856
34.1171,7855
34.12,7854
34.1575,7853
34.1604,7852
34.1633,7851
34.1866,7850
34.1897,7849
34.1926,7848
34.2174,7847
34.2204,7846
34.2244,7845
34.2564,7844
34.2593,7843
34.2623,7842
34.2652,7841
34.27,7840
34.273,7839
34.2759,7838
34.2946,7837
34.2975,7836
34.3004,7835
34.3224,7834
34.3255,7833
34.3461,7832
34.365,7831
34.368,7830
34.3709,7829
34.3738,7828
34.406,7827
34.4659,7826
34.4871,7825
34.5101,7824
34.5134,7823
34.5164,7822
34.5194,7821
34.546,7820
34.5489,7819
34.5518,7818
34.6289,7817
34.6318,7816
34.6447,7815
34.6489,7814
34.6518,7813
34.6801,7812
34.683,7811
34.7027,7810
34.7064,7809
34.7093,7808
34.7122,7807
34.7365,7806
34.763,7805
34.777,7804
34.7799,7803
34.8077,7802
34.8107,7801
34.8136,7800
34.8165,7799
34.8252,7798
34.851,7797
34.8541,7796
34.8576,7795
34.878,7794
34.881,7793
34.8839,7792
34.8868,7791
34.9176,7790
34.9339,7789
34.9563,7788
35.053,7787
35.0725,7786
35.0754,7785
35.0983,7784
35.1014,7783
35.1043,7782
35.1315,7781
35.1606,7780
35.2599,7779
35.2628,7778
35.2764,7777
35.3135,7776
35.3486,7775
35.3626,7774
35.3655,7773
35.3684,7772
35.3916,7771
35.402,7770
35.4252,7769
35.4504,7768
35.4533,7767
35.4735,7766
35.4764,7765
35.5003,7764
35.5291,7763
35.5322,7762
35.5351,7761
35.5499,7760
35.6051,7759
35.6081,7758
35.611,7757
35.6684,7756
35.7306,7755
35.7335,7754
35.7365,7753
35.7394,7752
35.7424,7751
35.7452,7750
35.7852,7749
35.8853,7748
35.9633,7747
35.9836,7746
35.9866,7745
35.9901,7744
35.9933,7743
36.0135,7742
36.0169,7741
36.0198,7740
36.0511,7739
36.4401,7738
36.4431,7737
36.4541,7736
36.4572,7735
36.4606,7734
36.4955,7733
36.4984,7732
36.5014,7731
36.5388,7730
36.5476,7729
36.5639,7728
36.5933,7727
36.9475,7726
37.0015,7725
37.0044,7724
37.0192,7723
37.0223,7722
37.0259,7721
37.792,7720
37.795,7719
37.8518,7718
37.8547,7717
37.8577,7716
37.8782,7715
38.0025,7714
38.0251,7713
38.028,7712
38.2954,7711
38.2983,7710
38.3311,7709
38.334,7708
38.3369,7707
38.3864,7706
38.4052,7705
38.4447,7704
38.491,7703
38.4939,7702
38.5137,7701
38.6724,7700
38.6753,7699
38.6782,7698
38.7755,7697
38.7843,7696
38.8028,7695
39.488,7694
39.5063,7693
39.6806,7692
39.7171,7691
39.7631,7690
39.9782,7689
39.9812,7688
40.0074,7687
40.0229,7686
40.0259,7685
40.1863,7684
40.1892,7683
40.2121,7682
40.218,7681
40.2565,7680
40.2604,7679
40.2633,7678
40.2766,7677
40.3055,7676
40.3085,7675
40.3556,7674
40.3858,7673
40.4012,7672
40.4101,7671
44.6036,7670
44.6146,7669
44.6596,7668
44.7907,7667
45.0726,7666
45.0756,7665
45.0921,7664
45.6815,7663
45.6845,7662
46.7625,7661
46.9431,7660
46.9692,7659
47.0245,7658
47.0274,7657
47.0449,7656
47.2319,7655
47.2526,7654
47.5395,7653
47.5425,7652
48.1659,7651
48.1688,7650
48.1717,7649
48.1928,7648
48.1958,7647
48.2315,7646
48.2752,7645
48.3462,7644
48.405,7643
48.408,7642
48.411,7641
48.4139,7640
48.4369,7639
48.6534,7638
48.6622,7637
48.7216,7636
48.7245,7635
48.8007,7634
49.4092,7633
49.4122,7632
49.446,7631
49.4492,7630
49.5943,7629
49.5972,7628
49.8619,7627
50.554,7626
50.5767,7625
50.5796,7624
50.5826,7623
50.5855,7622
50.6023,7621
50.6053,7620
50.6305,7619
65.2246,7618
65.2275,7617
65.2609,7616
65.6379,7615
65.7721,7614
67.0807,7613
67.7722,7612
67.8725,7611
68.0048,7610
68.0607,7609
68.0637,7608
68.0666,7607
68.0861,7606
68.3051,7605
69.7067,7604
69.7155,7603
71.6558,7602
71.6587,7601
71.6616,7600
71.6852,7599
71.6884,7598
71.7176,7597
71.7497,7596
71.7527,7595
71.7777,7594
71.8103,7593
71.8132,7592
72.0817,7591
72.1464,7590
72.1711,7589
72.2366,7588
76.8324,7587
76.8353,7586
76.8529,7585
76.8771,7584
77.5701,7583
79.8507,7582
79.8537,7581
79.8566,7580
79.8735,7579
79.8765,7578
79.8794,7577
88.1052,7576
105.101,7575
105.104,7574
105.121,7573
105.124,7572
105.128,7571
105.13,7570
105.149,7569
105.154,7568
105.324,7567
105.328,7566
105.348,7565
105.37,7564
108.466,7563
108.469,7562
108.472,7561
110.964,7560
111.128,7559
111.135,7558
111.138,7557
111.141,7556
111.162,7555
111.164,7554
116.31,7553
116.546,7552
116.549,7551
116.599,7550
116.69,7549
116.693,7548
116.739,7547
116.742,7546
116.799,7545
116.814,7544
119.673,7543
121.896,7542
131.026,7541
131.047,7540
131.551,7539
132.094,7538
132.574,7537
132.905,7536
136.239,7535
136.242,7534
136.264,7533
136.688,7532
136.739,7531
136.742,7530
144.655,7529
144.658,7528
144.676,7527
144.728,7526
144.75,7525
144.753,7524
145.604,7523
145.607,7522
161.191,7521
161.257,7520
161.259,7519
161.262,7518
161.287,7517
161.533,7516
161.558,7515
161.561,7514
161.912,7513
161.943,7512
161.959,7511
161.962,7510
162.04,7509
164.358,7508
164.372,7507
164.375,7506
164.378,7505
164.399,7504
164.432,7503
164.435,7502
164.46,7501
177.804,7500
177.823,7499
177.924,7498
177.942,7497
181.081,7496
181.102,7495
197.276,7494
197.279,7493
208.754,7492
208.757,7491
208.784,7490
208.911,7489
217.06,7488
238.428,7487
238.446,7486
238.449,7485
238.451,7484
238.471,7483
238.527,7482
239.319,7481
239.322,7480
239.343,7479
239.502,7478
239.543,7477
239.546,7476
239.549,7475
239.569,7474
278.726,7473
278.748,7472
282.783,7471
283.86,7470
283.88,7469
283.883,7468
283.886,7467
283.909,7466
286.649,7465
286.88,7464
288.653,7463
288.703,7462
288.705,7461
288.708,7460
288.725,7459
288.788,7458
288.791,7457
288.826,7456
288.829,7455
288.861,7454
288.864,7453
387.983,7452
407.288,7451
407.384,7450
407.405,7449
407.427,7448
407.431,7447
407.514,7446
419.175,7445
419.255,7444
419.269,7443
419.578,7442
419.626,7441
419.629,7440
419.664,7439
419.823,7438
420.092,7437
420.29,7436
420.312,7435
420.314,7434
420.444,7433
420.459,7432
420.492,7431
679.887,7430
679.932,7429
696.911,7428
696.932,7427
697.356,7426
697.362,7425
698.226,7424
698.394,7423
703.278,7422
703.281,7421
703.455,7420
703.515,7419
703.538,7418
703.565,7417
703.568,7416
703.591,7415
745.482,7414
745.485,7413
745.749,7412
770.524,7411
770.542,7410
770.574,7409
770.576,7408
770.592,7407
770.601,7406
772.088,7405
772.102,7404
909.19,7403
909.53,7402
966.731,7401
966.749,7400
966.797,7399
966.8,7398
1608.51,7397
1608.57,7396
1623.23,7395
1623.24,7394
1623.56,7393
1623.59,7392
2001.23,7391
2001.48,7390
2001.49,7389
2059.7,7388
2059.7,7387
2059.71,7386
2059.73,7385
2059.73,7384
2199.15,7383
2199.29,7382
2199.78,7381
2203.31,7380
2653.27,7379
2653.32,7378
2653.32,7377
2653.5,7376
2653.5,7375
2793.79,7374
3165.15,7373
3165.16,7372
3426.58,7371
3492.39,7370
3492.42,7369
3492.43,7368
3498.99,7367
3533.63,7366
3533.63,7365
3533.76,7364
3533.82,7363
3533.92,7362
3533.94,7361
3533.95,7360
3533.97,7359
3534.43,7358
3582.92,7357
3582.96,7356
3582.96,7355
3582.97,7354
3582.99,7353
3582.99,7352
3583,7351
3583.02,7350
4438.91,7349
4439.78,7348
4439.96,7347
6946.79,7346
7218.01,7345
7338.02,7344
7338.04,7343
7338.06,7342
7338.06,7341
7338.06,7340
7338.08,7339
7338.13,7338
7338.22,7337
7377.05,7336
7377.05,7335
7377.05,7334
7378.71,7333
7378.71,7332
8448.64,7331
8448.65,7330
8448.65,7329
8448.65,7328
8448.68,7327
8448.71,7326
8448.72,7325
10989.6,7324
11026.4,7323
11026.4,7322
11026.4,7321
11026.4,7320
11886.2,7319
12034.7,7318
12034.7,7317
12034.8,7316
12054.9,7315
12054.9,7314
12054.9,7313
21827,7312
21827,7311
