0.00339349,11022
0.00668833,11021
0.0303397,11020
0.0334498,11019
0.0366892,11018
0.0626152,11017
0.0658614,11016
0.0691337,11015
0.0918673,11014
0.0949882,11013
0.0980971,11012
0.135228,11011
0.138948,11010
0.147373,11009
0.150834,11008
0.155933,11007
0.180693,11006
0.18519,11005
0.189321,11004
0.19288,11003
0.242823,11002
0.246059,11001
0.250123,11000
0.276588,10999
0.279718,10998
0.282853,10997
0.28814,10996
0.332388,10995
0.3355,10994
0.33872,10993
0.355043,10992
0.358509,10991
0.361621,10990
0.376245,10989
0.379965,10988
0.384888,10987
0.463467,10986
0.466736,10985
0.470687,10984
0.512739,10983
0.516173,10982
0.519306,10981
0.543157,10980
0.546378,10979
0.549545,10978
0.55276,10977
0.578692,10976
0.581813,10975
0.584916,10974
0.626638,10973
0.629768,10972
0.632869,10971
0.649162,10970
0.652346,10969
0.655503,10968
0.680235,10967
0.68336,10966
0.686469,10965
0.710154,10964
0.713295,10963
0.716522,10962
0.719635,10961
0.762494,10960
0.765725,10959
0.768839,10958
0.782067,10957
0.785301,10956
0.790925,10955
0.815511,10954
0.818614,10953
0.823381,10952
0.854301,10951
0.85763,10950
0.86126,10949
0.899659,10948
0.902797,10947
0.906715,10946
0.961225,10945
0.964373,10944
0.96752,10943
0.971202,10942
0.990696,10941
0.993838,10940
0.997051,10939
1.00269,10938
1.00583,10937
1.00919,10936
1.09029,10935
1.097,10934
1.10065,10933
1.17901,10932
1.18484,10931
1.19255,10930
1.22829,10929
1.23152,10928
1.23483,10927
1.23817,10926
1.24143,10925
1.24458,10924
1.29201,10923
1.29515,10922
1.29828,10921
1.3014,10920
1.3268,10919
1.33017,10918
1.33328,10917
1.48658,10916
1.48973,10915
1.49284,10914
1.51803,10913
1.52117,10912
1.52668,10911
1.53025,10910
1.53488,10909
1.53855,10908
1.54303,10907
1.54849,10906
1.55202,10905
1.70342,10904
1.70796,10903
1.72793,10902
1.74241,10901
1.74558,10900
1.749,10899
1.76648,10898
1.77024,10897
1.77404,10896
1.77721,10895
1.79739,10894
1.80054,10893
1.80372,10892
1.82478,10891
1.82858,10890
1.83198,10889
1.83526,10888
1.83837,10887
1.84148,10886
1.86686,10885
1.87009,10884
1.87322,10883
1.91139,10882
1.91503,10881
1.91975,10880
1.9415,10879
1.94462,10878
1.95039,10877
1.95351,10876
1.97286,10875
1.97601,10874
1.98663,10873
2.04959,10872
2.0529,10871
2.05671,10870
2.11196,10869
2.11547,10868
2.11913,10867
2.14937,10866
2.15272,10865
2.1564,10864
2.1863,10863
2.19007,10862
2.19319,10861
2.21828,10860
2.2214,10859
2.22449,10858
2.24744,10857
2.2506,10856
2.25371,10855
2.25681,10854
2.28567,10853
2.28879,10852
2.29188,10851
2.31563,10850
2.3188,10849
2.32219,10848
2.34585,10847
2.34902,10846
2.35219,10845
2.36577,10844
2.36889,10843
2.374,10842
2.41908,10841
2.42254,10840
2.42567,10839
2.44898,10838
2.45221,10837
2.45539,10836
2.45851,10835
2.47638,10834
2.47949,10833
2.48259,10832
2.54486,10831
2.5482,10830
2.56745,10829
2.59902,10828
2.60223,10827
2.60535,10826
2.63257,10825
2.63569,10824
2.6388,10823
2.66242,10822
2.66558,10821
2.66875,10820
2.67189,10819
2.69878,10818
2.70196,10817
2.7051,10816
2.73273,10815
2.73586,10814
2.74501,10813
2.77291,10812
2.77883,10811
2.78487,10810
2.80029,10809
2.80371,10808
2.80694,10807
2.84493,10806
2.84805,10805
2.85115,10804
2.88409,10803
2.88731,10802
2.89043,10801
2.89354,10800
2.91684,10799
2.91999,10798
2.9231,10797
2.9492,10796
2.95234,10795
2.95546,10794
2.97912,10793
2.98225,10792
2.98537,10791
3.03321,10790
3.03638,10789
3.03971,10788
3.06368,10787
3.06682,10786
3.06998,10785
3.09577,10784
3.0989,10783
3.10208,10782
3.10532,10781
3.12894,10780
3.13204,10779
3.13519,10778
3.15244,10777
3.15555,10776
3.15862,10775
3.19073,10774
3.19405,10773
3.19729,10772
3.22057,10771
3.22368,10770
3.22683,10769
3.25056,10768
3.2538,10767
3.2569,10766
3.26003,10765
3.28054,10764
3.28375,10763
3.28689,10762
3.31581,10761
3.31894,10760
3.32212,10759
3.34601,10758
3.34911,10757
3.35272,10756
3.37067,10755
3.37378,10754
3.37689,10753
3.40095,10752
3.4041,10751
3.40719,10750
3.41027,10749
3.43613,10748
3.43923,10747
3.44236,10746
3.44554,10745
3.44863,10744
3.45176,10743
3.4919,10742
3.49502,10741
3.4981,10740
3.52107,10739
3.52418,10738
3.52729,10737
3.55106,10736
3.55425,10735
3.55734,10734
3.56047,10733
3.58364,10732
3.58675,10731
3.58984,10730
3.62546,10729
3.63069,10728
3.63383,10727
3.654,10726
3.65709,10725
3.66023,10724
3.68589,10723
3.68898,10722
3.69253,10721
3.71587,10720
3.71897,10719
3.72219,10718
3.72529,10717
3.76547,10716
3.76867,10715
3.77176,10714
3.78866,10713
3.79177,10712
3.79488,10711
3.81876,10710
3.82197,10709
3.82508,10708
3.84829,10707
3.85143,10706
3.85453,10705
3.88457,10704
3.88778,10703
3.89089,10702
3.89398,10701
3.90065,10700
3.90398,10699
3.90704,10698
3.91027,10697
3.91334,10696
3.9164,10695
3.96792,10694
3.97149,10693
3.9749,10692
4.01229,10691
4.01543,10690
4.01852,10689
4.0216,10688
4.0472,10687
4.05028,10686
4.05336,10685
4.07833,10684
4.08143,10683
4.08452,10682
4.10586,10681
4.10898,10680
4.11206,10679
4.12517,10678
4.12834,10677
4.13145,10676
4.16063,10675
4.16374,10674
4.16686,10673
4.17006,10672
4.19338,10671
4.19662,10670
4.19972,10669
4.21845,10668
4.22194,10667
4.22507,10666
4.24823,10665
4.25409,10664
4.25723,10663
4.28356,10662
4.28667,10661
4.28987,10660
4.31477,10659
4.31786,10658
4.3213,10657
4.3244,10656
4.34885,10655
4.35211,10654
4.35538,10653
4.38657,10652
4.39045,10651
4.39361,10650
4.41841,10649
4.42156,10648
4.42485,10647
4.44858,10646
4.45177,10645
4.45485,10644
4.47076,10643
4.47389,10642
4.47697,10641
4.48004,10640
4.52961,10639
4.53292,10638
4.53636,10637
4.56023,10636
4.56338,10635
4.56648,10634
4.58988,10633
4.59299,10632
4.5966,10631
4.62054,10630
4.62369,10629
4.62795,10628
4.64575,10627
4.64884,10626
4.6519,10625
4.65528,10624
4.66879,10623
4.67191,10622
4.67499,10621
4.70013,10620
4.7033,10619
4.70636,10618
4.73045,10617
4.73392,10616
4.7372,10615
4.78742,10614
4.79229,10613
4.79544,10612
4.80084,10611
4.80596,10610
4.81477,10609
4.81788,10608
4.86798,10607
4.87107,10606
4.87631,10605
4.91235,10604
4.91583,10603
4.91906,10602
4.9548,10601
4.95788,10600
4.96097,10599
4.98779,10598
4.99099,10597
4.99406,10596
5.0113,10595
5.01439,10594
5.01747,10593
5.02052,10592
5.08963,10591
5.09294,10590
5.09603,10589
5.13052,10588
5.1336,10587
5.1395,10586
5.16737,10585
5.1705,10584
5.17359,10583
5.19472,10582
5.19781,10581
5.20088,10580
5.21601,10579
5.21911,10578
5.22218,10577
5.22653,10576
5.2586,10575
5.26589,10574
5.26905,10573
5.31615,10572
5.32224,10571
5.32652,10570
5.35623,10569
5.35938,10568
5.36245,10567
5.38885,10566
5.39195,10565
5.39502,10564
5.41922,10563
5.4226,10562
5.4257,10561
5.42881,10560
5.46066,10559
5.46384,10558
5.46694,10557
5.49148,10556
5.49461,10555
5.49771,10554
5.53114,10553
5.54252,10552
5.55075,10551
5.59038,10550
5.59348,10549
5.59655,10548
5.62071,10547
5.62427,10546
5.62736,10545
5.63044,10544
5.63384,10543
5.6369,10542
5.63996,10541
5.66416,10540
5.66775,10539
5.67095,10538
5.70062,10537
5.70404,10536
5.7072,10535
5.73265,10534
5.73574,10533
5.73881,10532
5.77645,10531
5.77956,10530
5.78276,10529
5.78586,10528
5.81616,10527
5.81925,10526
5.82231,10525
5.84936,10524
5.85244,10523
5.85552,10522
5.87936,10521
5.88245,10520
5.88553,10519
5.88866,10518
5.91931,10517
5.92241,10516
5.92552,10515
5.96535,10514
5.96845,10513
5.97155,10512
5.993,10511
5.99621,10510
5.99929,10509
6.01908,10508
6.02216,10507
6.02533,10506
6.05092,10505
6.05406,10504
6.05722,10503
6.11349,10502
6.11661,10501
6.1324,10500
6.13585,10499
6.13895,10498
6.16229,10497
6.16568,10496
6.16891,10495
6.19439,10494
6.19767,10493
6.20105,10492
6.22516,10491
6.22825,10490
6.23131,10489
6.25479,10488
6.25797,10487
6.26105,10486
6.26412,10485
6.26798,10484
6.27156,10483
6.27473,10482
6.28882,10481
6.29189,10480
6.29496,10479
6.35773,10478
6.36085,10477
6.36441,10476
6.39586,10475
6.39902,10474
6.40215,10473
6.40524,10472
6.43344,10471
6.43653,10470
6.43962,10469
6.46533,10468
6.46844,10467
6.47152,10466
6.49524,10465
6.49858,10464
6.50189,10463
6.51865,10462
6.5218,10461
6.52489,10460
6.54742,10459
6.55058,10458
6.55372,10457
6.55685,10456
6.58704,10455
6.5901,10454
6.59318,10453
6.61922,10452
6.6223,10451
6.62536,10450
6.67592,10449
6.68719,10448
6.69045,10447
6.7168,10446
6.71997,10445
6.72305,10444
6.73619,10443
6.73976,10442
6.74464,10441
6.74773,10440
6.76869,10439
6.77183,10438
6.77493,10437
6.80053,10436
6.80417,10435
6.80725,10434
6.8309,10433
6.83401,10432
6.83709,10431
6.86094,10430
6.86403,10429
6.86727,10428
6.90126,10427
6.90435,10426
6.90742,10425
6.9105,10424
6.93385,10423
6.93693,10422
6.94004,10421
6.98102,10420
6.98413,10419
7.00776,10418
7.01085,10417
7.02995,10416
7.03303,10415
7.03612,10414
7.0392,10413
7.06262,10412
7.06571,10411
7.06877,10410
7.09197,10409
7.09507,10408
7.09821,10407
7.12136,10406
7.12445,10405
7.12756,10404
7.15693,10403
7.1601,10402
7.16346,10401
7.16655,10400
7.20271,10399
7.2058,10398
7.209,10397
7.23406,10396
7.2378,10395
7.24095,10394
7.26557,10393
7.26868,10392
7.27175,10391
7.30299,10390
7.30614,10389
7.30928,10388
7.33351,10387
7.33667,10386
7.33984,10385
7.34401,10384
7.36597,10383
7.36906,10382
7.37212,10381
7.3901,10380
7.39594,10379
7.42858,10378
7.43286,10377
7.43798,10376
7.44115,10375
7.4615,10374
7.4646,10373
7.46768,10372
7.49097,10371
7.49446,10370
7.49762,10369
7.50382,10368
7.55639,10367
7.55952,10366
7.56268,10365
7.58589,10364
7.58898,10363
7.59205,10362
7.61559,10361
7.61867,10360
7.62174,10359
7.67365,10358
7.68033,10357
7.68433,10356
7.70815,10355
7.71209,10354
7.71523,10353
7.71827,10352
7.74318,10351
7.74633,10350
7.74946,10349
7.77261,10348
7.77573,10347
7.77883,10346
7.79616,10345
7.79927,10344
7.80235,10343
7.82781,10342
7.83096,10341
7.83402,10340
7.85712,10339
7.86022,10338
7.86328,10337
7.86634,10336
7.90222,10335
7.90537,10334
7.90845,10333
7.93685,10332
7.93993,10331
7.94299,10330
7.96618,10329
7.96925,10328
7.97231,10327
7.99472,10326
7.9978,10325
8.00086,10324
8.00391,10323
8.04599,10322
8.04907,10321
8.05214,10320
8.05838,10319
8.06145,10318
8.06448,10317
8.09079,10316
8.09393,10315
8.09697,10314
8.13136,10313
8.13447,10312
8.13798,10311
8.14139,10310
8.18353,10309
8.18659,10308
8.18963,10307
8.22309,10306
8.22616,10305
8.22927,10304
8.26248,10303
8.26556,10302
8.26863,10301
8.27853,10300
8.28172,10299
8.28478,10298
8.28783,10297
8.33099,10296
8.33406,10295
8.33711,10294
8.36265,10293
8.36574,10292
8.3688,10291
8.40036,10290
8.40343,10289
8.42058,10288
8.43286,10287
8.43602,10286
8.43907,10285
8.44211,10284
8.47094,10283
8.474,10282
8.47706,10281
8.50363,10280
8.50668,10279
8.51647,10278
8.53141,10277
8.5345,10276
8.53763,10275
8.58062,10274
8.58383,10273
8.58704,10272
8.59046,10271
8.61399,10270
8.61705,10269
8.6201,10268
8.64469,10267
8.64777,10266
8.6509,10265
8.68036,10264
8.68343,10263
8.68649,10262
8.71659,10261
8.71966,10260
8.72271,10259
8.72577,10258
8.75135,10257
8.75441,10256
8.75747,10255
8.78335,10254
8.78643,10253
8.78949,10252
8.8232,10251
8.82628,10250
8.82935,10249
8.85475,10248
8.85801,10247
8.86108,10246
8.86417,10245
8.89305,10244
8.89619,10243
8.89926,10242
8.91811,10241
8.92671,10240
8.93016,10239
8.97487,10238
8.97792,10237
8.98397,10236
9.00126,10235
9.0044,10234
9.00747,10233
9.05949,10232
9.06262,10231
9.06567,10230
9.06871,10229
9.10116,10228
9.10427,10227
9.1074,10226
9.13957,10225
9.14264,10224
9.1457,10223
9.17529,10222
9.17838,10221
9.18142,10220
9.22768,10219
9.23088,10218
9.23399,10217
9.23702,10216
9.26368,10215
9.26675,10214
9.26992,10213
9.32237,10212
9.32553,10211
9.32862,10210
9.35275,10209
9.35584,10208
9.35893,10207
9.39503,10206
9.3982,10205
9.40128,10204
9.4044,10203
9.4211,10202
9.4242,10201
9.42726,10200
9.46076,10199
9.46383,10198
9.46698,10197
9.49247,10196
9.49554,10195
9.49861,10194
9.52314,10193
9.52623,10192
9.52929,10191
9.5324,10190
9.56654,10189
9.57099,10188
9.57414,10187
9.60869,10186
9.63324,10185
9.63633,10184
9.63943,10183
9.66306,10182
9.66616,10181
9.66933,10180
9.70604,10179
9.7123,10178
9.71536,10177
9.71841,10176
9.74031,10175
9.74337,10174
9.74642,10173
9.76956,10172
9.77261,10171
9.77567,10170
9.79573,10169
9.79883,10168
9.80188,10167
9.80491,10166
9.84124,10165
9.84432,10164
9.84738,10163
9.87277,10162
9.87588,10161
9.87893,10160
9.90121,10159
9.90429,10158
9.90735,10157
9.94584,10156
9.94892,10155
9.95333,10154
9.95642,10153
9.97838,10152
9.98147,10151
9.98452,10150
10.0091,10149
10.0129,10148
10.016,10147
10.0394,10146
10.0425,10145
10.0618,10144
10.085,10143
10.0881,10142
10.0912,10141
10.0943,10140
10.1175,10139
10.1206,10138
10.1237,10137
10.1425,10136
10.1455,10135
10.1486,10134
10.171,10133
10.174,10132
10.1771,10131
10.202,10130
10.2051,10129
10.2082,10128
10.2112,10127
10.2366,10126
10.2396,10125
10.2427,10124
10.2637,10123
10.2672,10122
10.2703,10121
10.2892,10120
10.2923,10119
10.2953,10118
10.3192,10117
10.3223,10116
10.3254,10115
10.3475,10114
10.3534,10113
10.3565,10112
10.3595,10111
10.3831,10110
10.3862,10109
10.3893,10108
10.413,10107
10.4161,10106
10.4192,10105
10.4369,10104
10.4399,10103
10.4432,10102
10.4666,10101
10.4697,10100
10.4728,10099
10.4759,10098
10.498,10097
10.501,10096
10.5041,10095
10.5287,10094
10.5338,10093
10.5374,10092
10.5495,10091
10.5526,10090
10.5558,10089
10.6298,10088
10.6329,10087
10.6359,10086
10.639,10085
10.6916,10084
10.6946,10083
10.6977,10082
10.7355,10081
10.7385,10080
10.7416,10079
10.7661,10078
10.7692,10077
10.7723,10076
10.809,10075
10.8121,10074
10.8152,10073
10.8183,10072
10.8478,10071
10.8511,10070
10.8542,10069
10.9039,10068
10.907,10067
10.9103,10066
10.9767,10065
10.9812,10064
10.9845,10063
11.017,10062
11.0628,10061
11.0659,10060
11.069,10059
11.0721,10058
11.1068,10057
11.11,10056
11.1152,10055
11.1433,10054
11.1466,10053
11.1497,10052
11.1806,10051
11.1837,10050
11.1867,10049
11.2013,10048
11.2047,10047
11.2078,10046
11.2109,10045
11.2303,10044
11.2334,10043
11.2364,10042
11.2545,10041
11.2576,10040
11.2606,10039
11.2806,10038
11.2837,10037
11.3214,10036
11.3255,10035
11.3297,10034
11.3345,10033
11.3375,10032
11.3406,10031
11.376,10030
11.3791,10029
11.3821,10028
11.4005,10027
11.4036,10026
11.4075,10025
11.4261,10024
11.4292,10023
11.4325,10022
11.4721,10021
11.4752,10020
11.4785,10019
11.4815,10018
11.4979,10017
11.501,10016
11.5041,10015
11.5241,10014
11.5276,10013
11.5307,10012
11.5587,10011
11.5621,10010
11.5652,10009
11.5876,10008
11.5909,10007
11.594,10006
11.5971,10005
11.6147,10004
11.6177,10003
11.6209,10002
11.6496,10001
11.6529,10000
11.6684,9999
11.7165,9998
11.7209,9997
11.7257,9996
11.768,9995
11.7719,9994
11.7785,9993
11.8081,9992
11.8115,9991
11.8146,9990
11.8267,9989
11.8298,9988
11.8328,9987
11.8541,9986
11.8572,9985
11.8603,9984
11.8635,9983
11.8798,9982
11.8829,9981
11.8863,9980
11.9157,9979
11.9192,9978
11.9224,9977
11.955,9976
11.9581,9975
11.9611,9974
11.9642,9973
11.9818,9972
11.9851,9971
11.9885,9970
12.0185,9969
12.0216,9968
12.0247,9967
12.046,9966
12.0492,9965
12.0525,9964
12.083,9963
12.0861,9962
12.0891,9961
12.0922,9960
12.1156,9959
12.1187,9958
12.1217,9957
12.1449,9956
12.148,9955
12.151,9954
12.1782,9953
12.1815,9952
12.1948,9951
12.2138,9950
12.2169,9949
12.2199,9948
12.223,9947
12.2375,9946
12.2406,9945
12.2437,9944
12.2654,9943
12.2685,9942
12.2717,9941
12.2948,9940
12.2979,9939
12.301,9938
12.3216,9937
12.3247,9936
12.3277,9935
12.3309,9934
12.3477,9933
12.3507,9932
12.3538,9931
12.3682,9930
12.4249,9929
12.4281,9928
12.4317,9927
12.435,9926
12.4382,9925
12.4412,9924
12.4442,9923
12.4476,9922
12.4508,9921
12.4541,9920
12.4572,9919
12.4602,9918
12.4633,9917
12.4663,9916
12.4694,9915
12.4724,9914
12.4753,9913
12.4841,9912
12.4871,9911
12.4901,9910
12.5751,9909
12.5781,9908
12.5819,9907
12.6067,9906
12.6097,9905
12.6128,9904
12.6317,9903
12.6355,9902
12.6386,9901
12.6595,9900
12.6637,9899
12.6674,9898
12.6861,9897
12.6903,9896
12.6935,9895
12.697,9894
12.7063,9893
12.7093,9892
12.7124,9891
12.7605,9890
12.7635,9889
12.7666,9888
12.7966,9887
12.7998,9886
12.8032,9885
12.83,9884
12.8332,9883
12.8364,9882
12.8397,9881
12.8697,9880
12.8728,9879
12.8759,9878
12.9048,9877
12.908,9876
12.9111,9875
12.9387,9874
12.9418,9873
12.9449,9872
12.9793,9871
12.9824,9870
12.9855,9869
13.009,9868
13.0121,9867
13.0151,9866
13.0182,9865
13.0417,9864
13.0451,9863
13.0537,9862
13.0649,9861
13.068,9860
13.0712,9859
13.0904,9858
13.0938,9857
13.0969,9856
13.1557,9855
13.1588,9854
13.162,9853
13.165,9852
13.2163,9851
13.2194,9850
13.2224,9849
13.2502,9848
13.2533,9847
13.2563,9846
13.2738,9845
13.2772,9844
13.2806,9843
13.3042,9842
13.3076,9841
13.3107,9840
13.3137,9839
13.3413,9838
13.3444,9837
13.3475,9836
13.3507,9835
13.3537,9834
13.3568,9833
13.3864,9832
13.3898,9831
13.3928,9830
13.4062,9829
13.4094,9828
13.4125,9827
13.4155,9826
13.4187,9825
13.4218,9824
13.4845,9823
13.4876,9822
13.5123,9821
13.5155,9820
13.5186,9819
13.5436,9818
13.5466,9817
13.5497,9816
13.5529,9815
13.5963,9814
13.5994,9813
13.6025,9812
13.6389,9811
13.642,9810
13.645,9809
13.6725,9808
13.6755,9807
13.6786,9806
13.6998,9805
13.7031,9804
13.7061,9803
13.7093,9802
13.735,9801
13.738,9800
13.7411,9799
13.773,9798
13.7761,9797
13.7792,9796
13.8072,9795
13.8102,9794
13.8132,9793
13.8542,9792
13.8591,9791
13.8622,9790
13.8654,9789
13.8919,9788
13.895,9787
13.898,9786
13.9212,9785
13.9242,9784
13.9272,9783
13.9615,9782
13.9646,9781
13.9676,9780
13.988,9779
13.991,9778
13.9941,9777
13.9971,9776
14.029,9775
14.0323,9774
14.0354,9773
14.0384,9772
14.0658,9771
14.0689,9770
14.0724,9769
14.0996,9768
14.1027,9767
14.1058,9766
14.1233,9765
14.1264,9764
14.1294,9763
14.1325,9762
14.1571,9761
14.1602,9760
14.1636,9759
14.2048,9758
14.2079,9757
14.211,9756
14.2332,9755
14.2362,9754
14.2392,9753
14.2525,9752
14.2561,9751
14.2597,9750
14.2627,9749
14.2782,9748
14.2813,9747
14.2844,9746
14.305,9745
14.308,9744
14.311,9743
14.3296,9742
14.3327,9741
14.3359,9740
14.3546,9739
14.3584,9738
14.3621,9737
14.3652,9736
14.3888,9735
14.3919,9734
14.3949,9733
14.3981,9732
14.4011,9731
14.4042,9730
14.4237,9729
14.4274,9728
14.431,9727
14.4506,9726
14.4537,9725
14.4574,9724
14.4605,9723
14.4879,9722
14.4912,9721
14.4943,9720
14.5181,9719
14.5215,9718
14.5246,9717
14.5516,9716
14.5547,9715
14.5577,9714
14.5697,9713
14.5728,9712
14.5758,9711
14.5789,9710
14.6009,9709
14.6317,9708
14.6349,9707
14.6379,9706
14.6627,9705
14.6708,9704
14.6738,9703
14.6837,9702
14.6868,9701
14.6898,9700
14.6928,9699
14.6995,9698
14.7026,9697
14.7057,9696
14.7258,9695
14.7288,9694
14.7319,9693
14.748,9692
14.7511,9691
14.7541,9690
14.7571,9689
14.7777,9688
14.7808,9687
14.7838,9686
14.8,9685
14.8031,9684
14.8061,9683
14.8393,9682
14.8424,9681
14.8455,9680
14.8667,9679
14.8698,9678
14.8729,9677
14.8759,9676
14.8947,9675
14.8978,9674
14.9008,9673
14.9193,9672
14.9228,9671
14.9258,9670
14.9435,9669
14.9469,9668
14.9525,9667
14.9698,9666
14.9728,9665
14.9759,9664
14.9789,9663
14.9978,9662
15.0009,9661
15.0039,9660
15.0304,9659
15.0335,9658
15.0365,9657
15.0589,9656
15.062,9655
15.0651,9654
15.0681,9653
15.0915,9652
15.0946,9651
15.0976,9650
15.1215,9649
15.1247,9648
15.1278,9647
15.1434,9646
15.1465,9645
15.1495,9644
15.1713,9643
15.1745,9642
15.1775,9641
15.1807,9640
15.198,9639
15.2011,9638
15.2041,9637
15.2225,9636
15.2256,9635
15.2286,9634
15.2476,9633
15.2551,9632
15.2582,9631
15.2612,9630
15.2794,9629
15.2824,9628
15.2855,9627
15.3036,9626
15.3066,9625
15.3097,9624
15.3249,9623
15.328,9622
15.331,9621
15.3612,9620
15.3642,9619
15.3673,9618
15.3703,9617
15.3853,9616
15.3884,9615
15.3915,9614
15.4127,9613
15.4158,9612
15.4188,9611
15.4381,9610
15.4411,9609
15.4442,9608
15.4472,9607
15.4545,9606
15.4576,9605
15.4606,9604
15.4788,9603
15.4818,9602
15.4848,9601
15.5015,9600
15.5045,9599
15.5075,9598
15.5291,9597
15.5339,9596
15.537,9595
15.5401,9594
15.5632,9593
15.5663,9592
15.5693,9591
15.588,9590
15.5911,9589
15.5941,9588
15.6162,9587
15.6192,9586
15.6222,9585
15.6252,9584
15.639,9583
15.642,9582
15.645,9581
15.6659,9580
15.6877,9579
15.6907,9578
15.6937,9577
15.6967,9576
15.709,9575
15.7121,9574
15.7152,9573
15.7341,9572
15.7371,9571
15.7668,9570
15.7698,9569
15.7882,9568
15.7912,9567
15.7942,9566
15.7972,9565
15.8146,9564
15.8177,9563
15.8207,9562
15.8356,9561
15.8387,9560
15.8417,9559
15.8606,9558
15.8657,9557
15.8688,9556
15.8851,9555
15.8882,9554
15.8912,9553
15.8942,9552
15.9152,9551
15.9183,9550
15.9214,9549
15.9505,9548
15.9536,9547
15.9782,9546
15.9814,9545
15.9844,9544
16.0063,9543
16.0094,9542
16.0125,9541
16.0301,9540
16.0331,9539
16.0364,9538
16.0605,9537
16.0636,9536
16.0666,9535
16.0697,9534
16.0728,9533
16.0758,9532
16.0788,9531
16.1031,9530
16.1066,9529
16.1096,9528
16.1274,9527
16.1304,9526
16.1335,9525
16.1366,9524
16.1396,9523
16.1426,9522
16.1456,9521
16.1621,9520
16.1651,9519
16.1682,9518
16.2035,9517
16.227,9516
16.23,9515
16.2332,9514
16.2362,9513
16.2392,9512
16.2529,9511
16.2559,9510
16.2589,9509
16.2619,9508
16.2799,9507
16.2829,9506
16.286,9505
16.2995,9504
16.3026,9503
16.3056,9502
16.3184,9501
16.3215,9500
16.3247,9499
16.3278,9498
16.3401,9497
16.3466,9496
16.3556,9495
16.3586,9494
16.3616,9493
16.4021,9492
16.4052,9491
16.4082,9490
16.4385,9489
16.4415,9488
16.4446,9487
16.4724,9486
16.4959,9485
16.4989,9484
16.5019,9483
16.5175,9482
16.5209,9481
16.5239,9480
16.5392,9479
16.5662,9478
16.5693,9477
16.5724,9476
16.5755,9475
16.5948,9474
16.5979,9473
16.6009,9472
16.6179,9471
16.6209,9470
16.6239,9469
16.6453,9468
16.6484,9467
16.6514,9466
16.6662,9465
16.6693,9464
16.6724,9463
16.6754,9462
16.6974,9461
16.7008,9460
16.7054,9459
16.7169,9458
16.72,9457
16.7231,9456
16.7462,9455
16.7493,9454
16.7523,9453
16.7553,9452
16.7691,9451
16.7721,9450
16.7751,9449
16.7982,9448
16.8013,9447
16.8044,9446
16.827,9445
16.8301,9444
16.8331,9443
16.8562,9442
16.8592,9441
16.8622,9440
16.8653,9439
16.8783,9438
16.8814,9437
16.8844,9436
16.9075,9435
16.9105,9434
16.9136,9433
16.929,9432
16.9321,9431
16.9351,9430
16.9381,9429
16.9623,9428
16.9653,9427
16.9684,9426
16.9815,9425
16.9845,9424
17.0041,9423
17.0071,9422
17.0101,9421
17.0252,9420
17.0282,9419
17.0312,9418
17.0545,9417
17.0575,9416
17.0607,9415
17.0838,9414
17.0868,9413
17.0899,9412
17.099,9411
17.1021,9410
17.1051,9409
17.1081,9408
17.1312,9407
17.1342,9406
17.1373,9405
17.1576,9404
17.1607,9403
17.1638,9402
17.1907,9401
17.1937,9400
17.1967,9399
17.1997,9398
17.2242,9397
17.2272,9396
17.2302,9395
17.2568,9394
17.2599,9393
17.2629,9392
17.2965,9391
17.2995,9390
17.3025,9389
17.3056,9388
17.3086,9387
17.3116,9386
17.3145,9385
17.3651,9384
17.3681,9383
17.3713,9382
17.4109,9381
17.414,9380
17.417,9379
17.4336,9378
17.4367,9377
17.4397,9376
17.4427,9375
17.4642,9374
17.4672,9373
17.4702,9372
17.4836,9371
17.4867,9370
17.4897,9369
17.5128,9368
17.5159,9367
17.5189,9366
17.5228,9365
17.5466,9364
17.5497,9363
17.5528,9362
17.5732,9361
17.5763,9360
17.5794,9359
17.6034,9358
17.6065,9357
17.6522,9356
17.6652,9355
17.6683,9354
17.6713,9353
17.6743,9352
17.6897,9351
17.6927,9350
17.6957,9349
17.7087,9348
17.7118,9347
17.7148,9346
17.7405,9345
17.7435,9344
17.7776,9343
17.7806,9342
17.7836,9341
17.8007,9340
17.8037,9339
17.8067,9338
17.8191,9337
17.8222,9336
17.8253,9335
17.8284,9334
17.8322,9333
17.8353,9332
17.8383,9331
17.8795,9330
17.8854,9329
17.8885,9328
17.9169,9327
17.9199,9326
17.9242,9325
17.9609,9324
17.9677,9323
17.9718,9322
17.9753,9321
18.0417,9320
18.0447,9319
18.0477,9318
18.0707,9317
18.0738,9316
18.0769,9315
18.0964,9314
18.0995,9313
18.1027,9312
18.1293,9311
18.1324,9310
18.1354,9309
18.1388,9308
18.197,9307
18.2001,9306
18.2031,9305
18.2112,9304
18.2143,9303
18.2172,9302
18.2408,9301
18.2438,9300
18.2468,9299
18.2498,9298
18.2802,9297
18.2832,9296
18.2862,9295
18.3035,9294
18.3065,9293
18.3095,9292
18.3285,9291
18.3316,9290
18.3346,9289
18.3376,9288
18.3541,9287
18.3571,9286
18.3601,9285
18.3769,9284
18.3799,9283
18.3829,9282
18.4668,9281
18.4702,9280
18.4732,9279
18.4903,9278
18.4936,9277
18.4969,9276
18.4999,9275
18.5217,9274
18.5248,9273
18.5278,9272
18.5484,9271
18.5515,9270
18.5545,9269
18.5714,9268
18.5771,9267
18.5801,9266
18.5832,9265
18.6016,9264
18.6047,9263
18.6078,9262
18.6133,9261
18.6163,9260
18.6194,9259
18.6399,9258
18.6429,9257
18.7162,9256
18.7192,9255
18.7222,9254
18.7334,9253
18.7365,9252
18.7395,9251
18.7525,9250
18.7556,9249
18.7586,9248
18.7781,9247
18.7812,9246
18.7842,9245
18.7873,9244
18.8063,9243
18.8093,9242
18.8124,9241
18.8298,9240
18.8341,9239
18.8372,9238
18.8585,9237
18.8615,9236
18.8645,9235
18.8676,9234
18.8833,9233
18.8863,9232
18.8893,9231
18.9122,9230
18.9184,9229
18.9309,9228
18.9588,9227
18.9619,9226
18.9654,9225
18.9805,9224
18.9835,9223
18.9865,9222
19.0143,9221
19.0173,9220
19.0322,9219
19.0595,9218
19.0625,9217
19.0655,9216
19.0685,9215
19.0834,9214
19.0867,9213
19.0897,9212
19.1108,9211
19.1339,9210
19.1405,9209
19.1438,9208
19.1474,9207
19.1515,9206
19.1704,9205
19.1735,9204
19.1765,9203
19.1795,9202
19.2017,9201
19.2047,9200
19.2077,9199
19.2217,9198
19.2247,9197
19.2277,9196
19.2311,9195
19.2354,9194
19.2384,9193
19.2414,9192
19.2677,9191
19.2711,9190
19.2747,9189
19.326,9188
19.3311,9187
19.3345,9186
19.3455,9185
19.3485,9184
19.3516,9183
19.3746,9182
19.3777,9181
19.3807,9180
19.3838,9179
19.3983,9178
19.4013,9177
19.4043,9176
19.4201,9175
19.4232,9174
19.4263,9173
19.447,9172
19.45,9171
19.4529,9170
19.4559,9169
19.4678,9168
19.4708,9167
19.4737,9166
19.5011,9165
19.5041,9164
19.5071,9163
19.5382,9162
19.5415,9161
19.5466,9160
19.5932,9159
19.5962,9158
19.5992,9157
19.6021,9156
19.6099,9155
19.613,9154
19.616,9153
19.636,9152
19.6391,9151
19.6421,9150
19.6583,9149
19.6613,9148
19.6643,9147
19.6673,9146
19.6857,9145
19.6887,9144
19.6917,9143
19.7095,9142
19.7125,9141
19.7155,9140
19.7341,9139
19.7372,9138
19.7403,9137
19.7433,9136
19.7535,9135
19.7566,9134
19.7596,9133
19.7733,9132
19.7764,9131
19.7794,9130
19.815,9129
19.8186,9128
19.8228,9127
19.8455,9126
19.8485,9125
19.8517,9124
19.8547,9123
19.87,9122
19.8877,9121
19.8908,9120
19.9041,9119
19.9071,9118
19.9101,9117
19.9231,9116
19.9261,9115
19.9291,9114
19.9321,9113
19.9561,9112
19.9591,9111
19.962,9110
19.9758,9109
19.9789,9108
19.9819,9107
20.0016,9106
20.0046,9105
20.0076,9104
20.0106,9103
20.0506,9102
20.0536,9101
20.0566,9100
20.0718,9099
20.0749,9098
20.0779,9097
20.0942,9096
20.0972,9095
20.1002,9094
20.1032,9093
20.1223,9092
20.1253,9091
20.1283,9090
20.1504,9089
20.1534,9088
20.1564,9087
20.1709,9086
20.1739,9085
20.1769,9084
20.1799,9083
20.2019,9082
20.2049,9081
20.2079,9080
20.2225,9079
20.2255,9078
20.2285,9077
20.252,9076
20.2697,9075
20.2727,9074
20.2757,9073
20.2786,9072
20.2817,9071
20.2847,9070
20.2877,9069
20.2907,9068
20.3077,9067
20.3108,9066
20.3139,9065
20.333,9064
20.3626,9063
20.3658,9062
20.3688,9061
20.3718,9060
20.3983,9059
20.4013,9058
20.4043,9057
20.4265,9056
20.4296,9055
20.4327,9054
20.4503,9053
20.4533,9052
20.4563,9051
20.4593,9050
20.4778,9049
20.4808,9048
20.4838,9047
20.5016,9046
20.5046,9045
20.5076,9044
20.5273,9043
20.5303,9042
20.5333,9041
20.5363,9040
20.5545,9039
20.5575,9038
20.5604,9037
20.5788,9036
20.5818,9035
20.6102,9034
20.6142,9033
20.6354,9032
20.6384,9031
20.6415,9030
20.6445,9029
20.6641,9028
20.6671,9027
20.6701,9026
20.686,9025
20.689,9024
20.692,9023
20.7102,9022
20.7132,9021
20.7162,9020
20.7192,9019
20.7371,9018
20.7401,9017
20.7432,9016
20.7623,9015
20.7653,9014
20.7683,9013
20.7862,9012
20.7958,9011
20.8139,9010
20.8171,9009
20.8233,9008
20.8642,9007
20.8673,9006
20.8703,9005
20.8869,9004
20.8899,9003
20.8929,9002
20.8961,9001
20.9092,9000
20.9122,8999
20.9151,8998
20.936,8997
20.939,8996
20.942,8995
20.9671,8994
20.9701,8993
20.9731,8992
20.9761,8991
20.9892,8990
20.9922,8989
20.9951,8988
21.0173,8987
21.0394,8986
21.0424,8985
21.0453,8984
21.0483,8983
21.079,8982
21.0834,8981
21.0867,8980
21.091,8979
21.0941,8978
21.1254,8977
21.1284,8976
21.1533,8975
21.1563,8974
21.1594,8973
21.1624,8972
21.18,8971
21.1832,8970
21.1862,8969
21.2121,8968
21.2151,8967
21.218,8966
21.2379,8965
21.241,8964
21.244,8963
21.2474,8962
21.2711,8961
21.2741,8960
21.2872,8959
21.3027,8958
21.3107,8957
21.3317,8956
21.3564,8955
21.3594,8954
21.3624,8953
21.3959,8952
21.3992,8951
21.4021,8950
21.4053,8949
21.4279,8948
21.4309,8947
21.4338,8946
21.4563,8945
21.4592,8944
21.4622,8943
21.4652,8942
21.4807,8941
21.4837,8940
21.4868,8939
21.5106,8938
21.5136,8937
21.5178,8936
21.5338,8935
21.5369,8934
21.5759,8933
21.5789,8932
21.5819,8931
21.6083,8930
21.6112,8929
21.6142,8928
21.6495,8927
21.6584,8926
21.6816,8925
21.6847,8924
21.6876,8923
21.7093,8922
21.7123,8921
21.8762,8920
21.8792,8919
21.8822,8918
21.9193,8917
21.9223,8916
21.9253,8915
21.9771,8914
21.9801,8913
21.9832,8912
22.0048,8911
22.0094,8910
22.0131,8909
22.0243,8908
22.0274,8907
22.0306,8906
22.0336,8905
22.1046,8904
22.1166,8903
22.1695,8902
22.1726,8901
22.1756,8900
22.1994,8899
22.2024,8898
22.2054,8897
22.2084,8896
22.2279,8895
22.2328,8894
22.2385,8893
22.2808,8892
22.2842,8891
22.2901,8890
22.3144,8889
22.3177,8888
22.3225,8887
22.3466,8886
22.3499,8885
22.3562,8884
22.3594,8883
22.3899,8882
22.4118,8881
22.4149,8880
22.4178,8879
22.4507,8878
22.4537,8877
22.4567,8876
22.4596,8875
22.4814,8874
22.5027,8873
22.5078,8872
22.5108,8871
22.5367,8870
22.5397,8869
22.5427,8868
22.5457,8867
22.5655,8866
22.5685,8865
22.5715,8864
22.5846,8863
22.5878,8862
22.5908,8861
22.607,8860
22.61,8859
22.613,8858
22.616,8857
22.6358,8856
22.6388,8855
22.6418,8854
22.6658,8853
22.6688,8852
22.6717,8851
22.6865,8850
22.6895,8849
22.6925,8848
22.6955,8847
22.7116,8846
22.7146,8845
22.7176,8844
22.7414,8843
22.7447,8842
22.7477,8841
22.7609,8840
22.7639,8839
22.767,8838
22.77,8837
22.7875,8836
22.7906,8835
22.7935,8834
22.8156,8833
22.8186,8832
22.8217,8831
22.8412,8830
22.8502,8829
22.8668,8828
22.8699,8827
22.8728,8826
22.8929,8825
22.9127,8824
22.9157,8823
22.9189,8822
22.9219,8821
22.9406,8820
22.9439,8819
22.9486,8818
22.9696,8817
22.9726,8816
22.9756,8815
22.9947,8814
22.9977,8813
23.0007,8812
23.0037,8811
23.046,8810
23.049,8809
23.052,8808
23.0652,8807
23.094,8806
23.097,8805
23.0999,8804
23.1029,8803
23.1193,8802
23.1222,8801
23.1252,8800
23.1451,8799
23.1481,8798
23.1511,8797
23.1633,8796
23.1663,8795
23.1692,8794
23.1722,8793
23.1923,8792
23.1953,8791
23.1983,8790
23.2203,8789
23.2233,8788
23.2263,8787
23.2414,8786
23.2444,8785
23.2473,8784
23.2504,8783
23.2658,8782
23.2687,8781
23.2717,8780
23.294,8779
23.297,8778
23.3001,8777
23.321,8776
23.324,8775
23.327,8774
23.33,8773
23.346,8772
23.349,8771
23.352,8770
23.3746,8769
23.3784,8768
23.3814,8767
23.4019,8766
23.4049,8765
23.4079,8764
23.4109,8763
23.4232,8762
23.4262,8761
23.4293,8760
23.4547,8759
23.4738,8758
23.4828,8757
23.5039,8756
23.5069,8755
23.5099,8754
23.5134,8753
23.5165,8752
23.5196,8751
23.5585,8750
23.5615,8749
23.5889,8748
23.592,8747
23.595,8746
23.6138,8745
23.6373,8744
23.6403,8743
23.6432,8742
23.6462,8741
23.6631,8740
23.6661,8739
23.6691,8738
23.675,8737
23.678,8736
23.6809,8735
23.6839,8734
23.7061,8733
23.7091,8732
23.7121,8731
23.73,8730
23.733,8729
23.7361,8728
23.7551,8727
23.7581,8726
23.7612,8725
23.7641,8724
23.7812,8723
23.7849,8722
23.788,8721
23.8135,8720
23.8362,8719
23.8391,8718
23.8422,8717
23.8452,8716
23.8627,8715
23.8656,8714
23.8686,8713
23.8933,8712
23.9084,8711
23.9114,8710
23.9149,8709
23.9179,8708
23.9267,8707
23.9297,8706
23.9327,8705
23.9571,8704
23.96,8703
23.9647,8702
23.9856,8701
23.9886,8700
23.9915,8699
23.9945,8698
24.0109,8697
24.0139,8696
24.0169,8695
24.0374,8694
24.0405,8693
24.0435,8692
24.0582,8691
24.0612,8690
24.0642,8689
24.0673,8688
24.0911,8687
24.0942,8686
24.0972,8685
24.1166,8684
24.1197,8683
24.1227,8682
24.1401,8681
24.1431,8680
24.1462,8679
24.1491,8678
24.1685,8677
24.1716,8676
24.1746,8675
24.1826,8674
24.1856,8673
24.1885,8672
24.2118,8671
24.2153,8670
24.2183,8669
24.2213,8668
24.2389,8667
24.2419,8666
24.2449,8665
24.2638,8664
24.2668,8663
24.2698,8662
24.288,8661
24.2915,8660
24.2945,8659
24.2975,8658
24.318,8657
24.3212,8656
24.3242,8655
24.3448,8654
24.3478,8653
24.3507,8652
24.3662,8651
24.3702,8650
24.3734,8649
24.4026,8648
24.4056,8647
24.423,8646
24.4516,8645
24.4546,8644
24.4763,8643
24.4793,8642
24.5015,8641
24.5046,8640
24.5076,8639
24.5311,8638
24.5341,8637
24.5373,8636
24.5508,8635
24.5538,8634
24.5694,8633
24.5844,8632
24.5874,8631
24.5904,8630
24.5934,8629
24.6066,8628
24.6096,8627
24.6126,8626
24.629,8625
24.632,8624
24.635,8623
24.6615,8622
24.6645,8621
24.6833,8620
24.6863,8619
24.6892,8618
24.7093,8617
24.7123,8616
24.735,8615
24.7379,8614
24.7412,8613
24.7611,8612
24.7641,8611
24.7671,8610
24.7849,8609
24.7879,8608
24.7909,8607
24.8216,8606
24.8246,8605
24.8276,8604
24.8479,8603
24.8509,8602
24.8642,8601
24.8672,8600
24.8902,8599
24.8932,8598
24.9002,8597
24.9268,8596
24.9298,8595
24.9328,8594
24.9584,8593
24.9614,8592
24.9644,8591
24.9809,8590
24.9839,8589
24.9869,8588
24.9899,8587
25.0078,8586
25.0109,8585
25.0142,8584
25.0334,8583
25.0365,8582
25.0396,8581
25.0705,8580
25.0735,8579
25.0764,8578
25.0797,8577
25.1027,8576
25.1238,8575
25.1268,8574
25.1298,8573
25.1473,8572
25.1503,8571
25.1532,8570
25.229,8569
25.232,8568
25.235,8567
25.2379,8566
25.2409,8565
25.2438,8564
25.2468,8563
25.2507,8562
25.2537,8561
25.2567,8560
25.2596,8559
25.2625,8558
25.2655,8557
25.2685,8556
25.2715,8555
25.2877,8554
25.2908,8553
25.2938,8552
25.2968,8551
25.2998,8550
25.3028,8549
25.3061,8548
25.3355,8547
25.3386,8546
25.3418,8545
25.3588,8544
25.3618,8543
25.3649,8542
25.3679,8541
25.387,8540
25.39,8539
25.3929,8538
25.4088,8537
25.4118,8536
25.4154,8535
25.4442,8534
25.4538,8533
25.4568,8532
25.4868,8531
25.4907,8530
25.4939,8529
25.5261,8528
25.5291,8527
25.5321,8526
25.5352,8525
25.5482,8524
25.5512,8523
25.5542,8522
25.5752,8521
25.5782,8520
25.5811,8519
25.6028,8518
25.6061,8517
25.609,8516
25.612,8515
25.6255,8514
25.6284,8513
25.6314,8512
25.6535,8511
25.6564,8510
25.6594,8509
25.6636,8508
25.6785,8507
25.7168,8506
25.7198,8505
25.7229,8504
25.7358,8503
25.7388,8502
25.7418,8501
25.7449,8500
25.7743,8499
25.7775,8498
25.7806,8497
25.8049,8496
25.8079,8495
25.8111,8494
25.8162,8493
25.8192,8492
25.8487,8491
25.8517,8490
25.8547,8489
25.8779,8488
25.8808,8487
25.8838,8486
25.9067,8485
25.9097,8484
25.9126,8483
25.9155,8482
25.9358,8481
25.9388,8480
25.9417,8479
25.9696,8478
25.973,8477
25.9763,8476
26.027,8475
26.0301,8474
26.033,8473
26.0389,8472
26.066,8471
26.0805,8470
26.0834,8469
26.0864,8468
26.1064,8467
26.1094,8466
26.1124,8465
26.1413,8464
26.1448,8463
26.1711,8462
26.1741,8461
26.1771,8460
26.2092,8459
26.2122,8458
26.2151,8457
26.2181,8456
26.2401,8455
26.2431,8454
26.2463,8453
26.2642,8452
26.2672,8451
26.2702,8450
26.2883,8449
26.2914,8448
26.2945,8447
26.2976,8446
26.3151,8445
26.3181,8444
26.321,8443
26.3401,8442
26.3491,8441
26.366,8440
26.369,8439
26.3719,8438
26.3914,8437
26.3945,8436
26.3975,8435
26.4142,8434
26.4172,8433
26.4201,8432
26.4231,8431
26.4428,8430
26.4749,8429
26.4888,8428
26.4918,8427
26.4948,8426
26.4977,8425
26.518,8424
26.521,8423
26.5239,8422
26.5401,8421
26.5431,8420
26.546,8419
26.5669,8418
26.5699,8417
26.5728,8416
26.5758,8415
26.5919,8414
26.595,8413
26.5979,8412
26.618,8411
26.621,8410
26.6239,8409
26.6269,8408
26.643,8407
26.646,8406
26.649,8405
26.6694,8404
26.6725,8403
26.6754,8402
26.6911,8401
26.6941,8400
26.6971,8399
26.7159,8398
26.7189,8397
26.7436,8396
26.7726,8395
26.7959,8394
26.7989,8393
26.8175,8392
26.8205,8391
26.8234,8390
26.8264,8389
26.8429,8388
26.8458,8387
26.8488,8386
26.863,8385
26.866,8384
26.869,8383
26.8896,8382
26.8926,8381
26.8956,8380
26.9508,8379
26.954,8378
26.9569,8377
26.9657,8376
26.9687,8375
26.9948,8374
27.0171,8373
27.0202,8372
27.0231,8371
27.026,8370
27.0459,8369
27.0489,8368
27.0518,8367
27.0747,8366
27.0776,8365
27.0806,8364
27.0935,8363
27.0965,8362
27.0995,8361
27.1024,8360
27.1188,8359
27.1218,8358
27.1248,8357
27.1449,8356
27.1479,8355
27.1509,8354
27.1957,8353
27.218,8352
27.221,8351
27.2471,8350
27.25,8349
27.253,8348
27.2691,8347
27.2721,8346
27.275,8345
27.2951,8344
27.2982,8343
27.3015,8342
27.3044,8341
27.3204,8340
27.3233,8339
27.3497,8338
27.3527,8337
27.3981,8336
27.4011,8335
27.4041,8334
27.4199,8333
27.423,8332
27.4259,8331
27.4289,8330
27.4556,8329
27.4703,8328
27.4946,8327
27.4975,8326
27.5005,8325
27.5035,8324
27.5226,8323
27.5261,8322
27.5291,8321
27.5583,8320
27.5612,8319
27.5642,8318
27.5671,8317
27.5822,8316
27.5852,8315
27.5881,8314
27.5911,8313
27.594,8312
27.5969,8311
27.6178,8310
27.6208,8309
27.6237,8308
27.6267,8307
27.644,8306
27.6469,8305
27.6499,8304
27.6719,8303
27.6749,8302
27.6779,8301
27.6978,8300
27.7008,8299
27.7037,8298
27.7067,8297
27.7297,8296
27.7327,8295
27.7356,8294
27.7531,8293
27.7561,8292
27.759,8291
27.762,8290
27.7823,8289
27.8179,8288
27.8336,8287
27.8365,8286
27.8395,8285
27.866,8284
27.8689,8283
27.8854,8282
27.8884,8281
27.8928,8280
27.8958,8279
27.9186,8278
27.9215,8277
27.9245,8276
27.941,8275
27.944,8274
27.9721,8273
27.9751,8272
27.978,8271
27.9912,8270
27.9942,8269
27.9971,8268
28.0001,8267
28.003,8266
28.0059,8265
28.0391,8264
28.0422,8263
28.0451,8262
28.0689,8261
28.0718,8260
28.1078,8259
28.1108,8258
28.1174,8257
28.1203,8256
28.1233,8255
28.1368,8254
28.1399,8253
28.1429,8252
28.156,8251
28.6723,8250
28.6754,8249
28.6784,8248
28.6815,8247
28.6845,8246
28.6875,8245
28.6963,8244
28.6992,8243
28.7022,8242
28.7052,8241
28.7118,8240
28.7177,8239
28.7216,8238
28.7248,8237
28.7309,8236
28.7338,8235
28.7774,8234
28.7803,8233
28.8076,8232
28.8107,8231
28.8212,8230
28.8242,8229
28.8271,8228
28.8544,8227
28.8575,8226
28.8606,8225
28.8775,8224
28.8805,8223
28.8997,8222
28.9027,8221
28.9057,8220
28.9611,8219
28.964,8218
28.9669,8217
28.9902,8216
28.9931,8215
28.9961,8214
29.042,8213
29.045,8212
29.0672,8211
29.0702,8210
29.1208,8209
29.1238,8208
29.1479,8207
29.151,8206
29.1545,8205
29.1792,8204
29.1822,8203
29.1852,8202
29.2084,8201
29.2173,8200
29.2592,8199
29.2963,8198
29.2993,8197
29.3023,8196
29.3386,8195
29.3416,8194
29.3445,8193
29.3475,8192
29.4051,8191
29.4363,8190
29.44,8189
29.4679,8188
29.4931,8187
29.533,8186
29.5379,8185
29.5489,8184
29.5518,8183
29.5547,8182
29.5744,8181
29.5773,8180
29.5803,8179
29.5987,8178
29.6018,8177
29.6257,8176
29.6304,8175
29.6627,8174
29.6823,8173
29.6858,8172
29.6887,8171
29.719,8170
29.7409,8169
29.7899,8168
29.7929,8167
29.8186,8166
29.8219,8165
29.8274,8164
29.8304,8163
29.8333,8162
29.8604,8161
29.8634,8160
29.8663,8159
29.8692,8158
29.8956,8157
29.9212,8156
29.9242,8155
29.9272,8154
29.9548,8153
29.9578,8152
29.9608,8151
29.9643,8150
29.9792,8149
29.9823,8148
29.9853,8147
30.0245,8146
30.0275,8145
30.031,8144
30.0339,8143
30.0569,8142
30.0829,8141
30.0858,8140
30.0888,8139
30.0918,8138
30.1277,8137
30.1309,8136
30.1738,8135
30.1768,8134
30.1798,8133
30.1981,8132
30.2498,8131
30.2528,8130
30.2557,8129
30.2587,8128
30.29,8127
30.293,8126
30.2959,8125
30.3146,8124
30.3177,8123
30.3456,8122
30.3649,8121
30.3679,8120
30.3708,8119
30.4159,8118
30.4476,8117
30.4506,8116
30.4535,8115
30.4746,8114
30.4776,8113
30.5119,8112
30.5149,8111
30.5179,8110
30.5416,8109
30.5445,8108
30.5475,8107
30.564,8106
30.5669,8105
30.5963,8104
30.5993,8103
30.6026,8102
30.6184,8101
30.6213,8100
30.6478,8099
30.6508,8098
30.6538,8097
30.6689,8096
30.6719,8095
30.6748,8094
30.6858,8093
30.6945,8092
30.714,8091
30.7175,8090
30.7204,8089
30.7374,8088
30.7404,8087
30.765,8086
30.7947,8085
30.8373,8084
30.8404,8083
30.8433,8082
30.865,8081
30.868,8080
30.8888,8079
30.8917,8078
30.8947,8077
30.9081,8076
30.911,8075
30.914,8074
30.9366,8073
30.9456,8072
30.9608,8071
30.9902,8070
30.9931,8069
30.9961,8068
31.0168,8067
31.0197,8066
31.0366,8065
31.0395,8064
31.0425,8063
31.0646,8062
31.0735,8061
31.0933,8060
31.1143,8059
31.1183,8058
31.1213,8057
31.1343,8056
31.1431,8055
31.1621,8054
31.1652,8053
31.2148,8052
31.2179,8051
31.2208,8050
31.2237,8049
31.2462,8048
31.25,8047
31.2529,8046
31.2628,8045
31.2657,8044
31.2687,8043
31.2717,8042
31.2991,8041
31.3023,8040
31.3052,8039
31.3231,8038
31.3261,8037
31.3293,8036
31.3481,8035
31.378,8034
31.3921,8033
31.4094,8032
31.4123,8031
31.4153,8030
31.4601,8029
31.4838,8028
31.4868,8027
31.4897,8026
31.4927,8025
31.5109,8024
31.5424,8023
31.5457,8022
31.5486,8021
31.5649,8020
31.5679,8019
31.5708,8018
31.5739,8017
31.5887,8016
31.5917,8015
31.5946,8014
31.6255,8013
31.6324,8012
31.6353,8011
31.6383,8010
31.6551,8009
31.6765,8008
31.6795,8007
31.7041,8006
31.728,8005
31.7312,8004
31.7342,8003
31.761,8002
31.7872,8001
31.7901,8000
31.8044,7999
31.8074,7998
31.8104,7997
31.8339,7996
31.8383,7995
31.8413,7994
31.8442,7993
31.8581,7992
31.861,7991
31.864,7990
31.8975,7989
31.9009,7988
31.9039,7987
31.917,7986
31.9199,7985
31.9229,7984
31.993,7983
31.9963,7982
31.9996,7981
32.0331,7980
32.0361,7979
32.039,7978
32.0666,7977
32.0696,7976
32.0959,7975
32.0989,7974
32.1018,7973
32.119,7972
32.1381,7971
32.1412,7970
32.1442,7969
32.1472,7968
32.1807,7967
32.2028,7966
32.2058,7965
32.2088,7964
32.23,7963
32.2388,7962
32.2614,7961
32.2644,7960
32.3161,7959
32.3191,7958
32.3497,7957
32.3526,7956
32.3557,7955
32.3687,7954
32.3775,7953
32.4184,7952
32.4441,7951
32.5059,7950
32.5089,7949
32.5119,7948
32.5198,7947
32.5228,7946
32.5257,7945
32.552,7944
32.555,7943
32.5742,7942
32.5771,7941
32.65,7940
32.6529,7939
32.6559,7938
32.6801,7937
32.6831,7936
32.686,7935
32.6889,7934
32.7046,7933
32.7348,7932
32.738,7931
32.7413,7930
32.745,7929
32.7487,7928
32.752,7927
32.8036,7926
32.8846,7925
32.9041,7924
32.907,7923
32.9338,7922
32.9367,7921
32.9397,7920
32.9575,7919
32.9605,7918
32.9634,7917
32.9923,7916
33.0394,7915
33.0423,7914
33.0453,7913
33.0625,7912
33.0942,7911
33.1394,7910
33.1425,7909
33.1454,7908
33.1484,7907
33.1644,7906
33.1674,7905
33.1703,7904
33.197,7903
33.2,7902
33.2167,7901
33.2196,7900
33.2231,7899
33.2549,7898
33.2579,7897
33.2608,7896
33.2865,7895
33.2896,7894
33.2925,7893
33.2956,7892
33.2987,7891
33.3016,7890
33.3045,7889
33.4146,7888
33.4181,7887
33.4211,7886
33.45,7885
33.4712,7884
33.507,7883
33.5099,7882
33.5973,7881
33.6003,7880
33.6246,7879
33.6275,7878
33.6557,7877
33.6811,7876
33.7439,7875
33.7468,7874
33.7498,7873
33.8334,7872
33.8364,7871
33.8393,7870
33.8623,7869
33.8653,7868
33.8682,7867
33.8894,7866
33.8924,7865
33.8954,7864
33.9071,7863
33.9822,7862
33.9852,7861
33.9881,7860
34.0146,7859
34.0175,7858
34.0306,7857
34.0669,7856
34.0698,7855
34.0928,7854
34.0958,7853
34.0987,7852
34.1268,7851
34.1321,7850
34.1658,7849
34.1862,7848
34.2209,7847
34.2262,7846
34.2615,7845
34.3082,7844
34.3111,7843
34.3385,7842
34.3414,7841
34.3443,7840
34.3605,7839
34.3946,7838
34.3977,7837
34.4259,7836
34.4495,7835
34.4651,7834
34.4681,7833
34.4917,7832
34.4947,7831
34.4976,7830
34.547,7829
34.5678,7828
34.5709,7827
34.5738,7826
34.5892,7825
34.5925,7824
34.6215,7823
34.6244,7822
34.6958,7821
34.6988,7820
34.8738,7819
34.9421,7818
34.9643,7817
35.0077,7816
35.0107,7815
35.0143,7814
35.0476,7813
35.0505,7812
35.0698,7811
35.121,7810
35.2532,7809
35.2562,7808
35.2591,7807
35.2796,7806
35.2827,7805
35.3096,7804
35.3298,7803
35.3328,7802
35.3357,7801
35.3449,7800
35.3789,7799
35.3819,7798
35.3854,7797
35.3885,7796
35.4151,7795
35.4404,7794
35.4713,7793
35.4742,7792
35.4994,7791
35.6309,7790
35.6649,7789
35.668,7788
35.695,7787
35.7265,7786
35.7319,7785
35.7354,7784
35.8077,7783
35.8106,7782
35.8454,7781
35.8483,7780
35.8512,7779
35.8781,7778
35.881,7777
35.9118,7776
35.9215,7775
35.9882,7774
36.3349,7773
36.3512,7772
36.3541,7771
36.3571,7770
36.36,7769
36.3758,7768
36.3788,7767
36.3818,7766
36.4085,7765
36.4418,7764
36.475,7763
36.5925,7762
36.6158,7761
36.6187,7760
36.6216,7759
36.6413,7758
36.6443,7757
36.6474,7756
36.6921,7755
36.6954,7754
36.7543,7753
36.7771,7752
36.8527,7751
36.8557,7750
36.8586,7749
36.8848,7748
36.8939,7747
36.9167,7746
36.921,7745
36.926,7744
36.9814,7743
37.1033,7742
37.1197,7741
37.1226,7740
37.1256,7739
37.1464,7738
37.1493,7737
37.1522,7736
37.1883,7735
37.2909,7734
37.3918,7733
37.4248,7732
37.4857,7731
37.5215,7730
37.5668,7729
37.7221,7728
37.7251,7727
37.728,7726
37.7472,7725
38.183,7724
38.2633,7723
38.2663,7722
38.2913,7721
38.2942,7720
38.3347,7719
38.3531,7718
38.356,7717
38.432,7716
38.435,7715
38.5571,7714
38.56,7713
39.0906,7712
39.1211,7711
39.1383,7710
39.1412,7709
39.1442,7708
39.1471,7707
39.3351,7706
39.3381,7705
39.341,7704
39.3439,7703
39.3599,7702
39.3846,7701
39.3876,7700
39.458,7699
39.461,7698
39.4853,7697
39.4883,7696
39.5985,7695
39.6679,7694
39.73,7693
39.7389,7692
39.7418,7691
39.7868,7690
39.7897,7689
39.9252,7688
39.9281,7687
39.931,7686
39.9553,7685
39.9781,7684
40.0092,7683
40.0597,7682
40.1639,7681
40.1912,7680
40.2092,7679
40.216,7678
40.2189,7677
40.3517,7676
40.4035,7675
40.4068,7674
40.5795,7673
40.5825,7672
40.5854,7671
40.5883,7670
40.6045,7669
40.6811,7668
40.7062,7667
41.1428,7666
41.77,7665
41.7991,7664
41.802,7663
41.8215,7662
41.8701,7661
41.8831,7660
41.8861,7659
42.0316,7658
47.3671,7657
47.6238,7656
47.6268,7655
47.6981,7654
47.7146,7653
47.7398,7652
47.7428,7651
47.896,7650
48.1816,7649
48.197,7648
48.1999,7647
48.3382,7646
48.3412,7645
48.3929,7644
48.4726,7643
52.3223,7642
54.3517,7641
54.3546,7640
54.3675,7639
58.432,7638
58.5307,7637
58.5521,7636
58.5551,7635
58.5872,7634
58.6033,7633
58.6062,7632
58.6091,7631
58.6178,7630
59.0272,7629
66.1606,7628
66.5143,7627
66.5474,7626
67.0174,7625
67.0372,7624
67.0401,7623
67.3143,7622
68.5158,7621
68.7435,7620
69.0426,7619
69.0455,7618
69.0484,7617
69.0673,7616
69.0906,7615
69.7525,7614
69.7555,7613
69.7586,7612
69.7617,7611
69.778,7610
69.8046,7609
69.8076,7608
69.8315,7607
69.8348,7606
69.8436,7605
69.8753,7604
69.9104,7603
69.9135,7602
69.9477,7601
71.0494,7600
71.075,7599
71.078,7598
71.0809,7597
71.0839,7596
71.1216,7595
71.1794,7594
71.2828,7593
71.2857,7592
71.3132,7591
71.3162,7590
71.6009,7589
71.6038,7588
71.683,7587
84.109,7586
84.1119,7585
84.2935,7584
84.2965,7583
84.748,7582
84.7509,7581
84.766,7580
84.7689,7579
90.0745,7578
90.0774,7577
90.1049,7576
90.1078,7575
90.1239,7574
90.516,7573
90.52,7572
90.523,7571
90.5771,7570
90.5801,7569
90.6937,7568
90.7314,7567
90.7571,7566
90.7951,7565
98.7678,7564
98.7708,7563
99.022,7562
107.061,7561
107.174,7560
107.194,7559
108.136,7558
108.159,7557
108.162,7556
108.165,7555
108.417,7554
108.42,7553
108.423,7552
112.443,7551
112.511,7550
115.958,7549
115.973,7548
115.976,7547
116.009,7546
116.101,7545
116.103,7544
127.645,7543
127.675,7542
133.735,7541
133.851,7540
133.854,7539
139.28,7538
139.306,7537
139.341,7536
139.368,7535
141.726,7534
141.778,7533
141.794,7532
141.797,7531
141.847,7530
141.926,7529
141.957,7528
141.96,7527
153.732,7526
162.77,7525
162.794,7524
162.798,7523
162.801,7522
162.92,7521
164.174,7520
164.197,7519
164.269,7518
164.272,7517
164.294,7516
164.297,7515
164.3,7514
164.304,7513
164.416,7512
164.893,7511
165.027,7510
165.03,7509
165.061,7508
165.065,7507
165.088,7506
171.859,7505
171.862,7504
171.974,7503
171.977,7502
171.994,7501
171.997,7500
172,7499
172.268,7498
172.271,7497
172.431,7496
215.657,7495
215.66,7494
215.688,7493
215.69,7492
216.084,7491
216.342,7490
216.345,7489
216.348,7488
218.445,7487
218.449,7486
218.475,7485
218.533,7484
218.536,7483
218.553,7482
219.353,7481
219.356,7480
219.369,7479
247.055,7478
247.087,7477
247.09,7476
247.112,7475
247.116,7474
247.177,7473
247.22,7472
247.223,7471
247.225,7470
247.228,7469
247.252,7468
247.507,7467
263.28,7466
263.306,7465
263.312,7464
263.371,7463
263.387,7462
263.413,7461
263.416,7460
317.962,7459
317.966,7458
318.215,7457
318.397,7456
329.754,7455
329.771,7454
329.774,7453
329.777,7452
348.322,7451
348.336,7450
349.901,7449
349.904,7448
349.907,7447
390.948,7446
391.034,7445
391.037,7444
391.04,7443
391.046,7442
391.056,7441
391.142,7440
436.145,7439
436.165,7438
436.605,7437
436.971,7436
436.999,7435
437.123,7434
437.272,7433
521.605,7432
521.697,7431
521.722,7430
589.636,7429
589.639,7428
589.642,7427
589.675,7426
589.678,7425
590.191,7424
590.194,7423
590.219,7422
590.303,7421
590.367,7420
590.389,7419
611.451,7418
611.471,7417
611.48,7416
611.99,7415
740.508,7414
740.51,7413
740.513,7412
756.017,7411
756.04,7410
756.043,7409
756.046,7408
756.065,7407
756.093,7406
1063.71,7405
1063.82,7404
1063.82,7403
1063.84,7402
1229.57,7401
1229.57,7400
1229.67,7399
1229.68,7398
1230.04,7397
1237.58,7396
1237.59,7395
1238.02,7394
1238.05,7393
1238.06,7392
1238.07,7391
1289.31,7390
1289.36,7389
1289.36,7388
1289.39,7387
1312.3,7386
1312.32,7385
1312.56,7384
1312.56,7383
1312.56,7382
1312.81,7381
1312.82,7380
1312.85,7379
1850.86,7378
1850.88,7377
1925.84,7376
1925.84,7375
1968.94,7374
1969.56,7373
1969.58,7372
1969.59,7371
1969.62,7370
2035.26,7369
2035.29,7368
2035.31,7367
2035.37,7366
2035.37,7365
2035.37,7364
2158.48,7363
2158.52,7362
2158.52,7361
2158.52,7360
2158.53,7359
2158.59,7358
2158.62,7357
2158.66,7356
2158.66,7355
2436.71,7354
2449.28,7353
2449.3,7352
2449.3,7351
2449.3,7350
2449.39,7349
2452.41,7348
2452.43,7347
2452.44,7346
2452.44,7345
2452.44,7344
2452.92,7343
2452.95,7342
2452.95,7341
6271.89,7340
6272.38,7339
6481.54,7338
6481.56,7337
6630.56,7336
6630.56,7335
6630.56,7334
6630.6,7333
6789.4,7332
6789.41,7331
6789.42,7330
6789.44,7329
6789.45,7328
6789.69,7327
6789.7,7326
6798.81,7325
6798.82,7324
16465,7323
17185.3,7322
17185.3,7321
17185.4,7320
20487.1,7319
20487.9,7318
20487.9,7317
22054.3,7316
