0.00342088,11022
0.00655124,11021
0.0320207,11020
0.0352625,11019
0.0383626,11018
0.0638872,11017
0.0670245,11016
0.0702441,11015
0.0877029,11014
0.0913713,11013
0.0945187,11012
0.115859,11011
0.131973,11010
0.138212,11009
0.194171,11008
0.197312,11007
0.200417,11006
0.225712,11005
0.228895,11004
0.232008,11003
0.264696,11002
0.267869,11001
0.270976,11000
0.274071,10999
0.292258,10998
0.295514,10997
0.298625,10996
0.33302,10995
0.336675,10994
0.410463,10993
0.420854,10992
0.432373,10991
0.435716,10990
0.485915,10989
0.489029,10988
0.492165,10987
0.514602,10986
0.51774,10985
0.520847,10984
0.537046,10983
0.540199,10982
0.543395,10981
0.546524,10980
0.57255,10979
0.575685,10978
0.578797,10977
0.612174,10976
0.615487,10975
0.618626,10974
0.639149,10973
0.642326,10972
0.645448,10971
0.670787,10970
0.673905,10969
0.677004,10968
0.700999,10967
0.70423,10966
0.707379,10965
0.725064,10964
0.733136,10963
0.73692,10962
0.752083,10961
0.784858,10960
0.788042,10959
0.791138,10958
0.814485,10957
0.817604,10956
0.820697,10955
0.844174,10954
0.848653,10953
0.851973,10952
0.887846,10951
0.891047,10950
0.89417,10949
0.917074,10948
0.926678,10947
0.93031,10946
0.981097,10945
0.984285,10944
0.987471,10943
0.990659,10942
1.03013,10941
1.03664,10940
1.03982,10939
1.08865,10938
1.0922,10937
1.09544,10936
1.11326,10935
1.11652,10934
1.11967,10933
1.21904,10932
1.22219,10931
1.22537,10930
1.22866,10929
1.23189,10928
1.23505,10927
1.2838,10926
1.2883,10925
1.29176,10924
1.29489,10923
1.32655,10922
1.32976,10921
1.33306,10920
1.44297,10919
1.46724,10918
1.4868,10917
1.50434,10916
1.5075,10915
1.51064,10914
1.59424,10913
1.59883,10912
1.60219,10911
1.6751,10910
1.6836,10909
1.68759,10908
1.72032,10907
1.72345,10906
1.727,10905
1.73021,10904
1.73346,10903
1.73661,10902
1.77531,10901
1.77846,10900
1.7816,10899
1.78471,10898
1.80589,10897
1.80946,10896
1.81261,10895
1.83638,10894
1.83953,10893
1.84265,10892
1.85769,10891
1.86085,10890
1.86397,10889
1.88973,10888
1.89287,10887
1.89761,10886
1.92102,10885
1.92643,10884
1.92958,10883
1.95069,10882
1.9544,10881
1.95759,10880
1.96074,10879
1.98585,10878
1.99009,10877
1.99318,10876
2.04595,10875
2.05086,10874
2.05718,10873
2.11938,10872
2.12254,10871
2.12575,10870
2.15886,10869
2.16219,10868
2.1655,10867
2.19081,10866
2.19391,10865
2.19712,10864
2.23403,10863
2.2372,10862
2.2403,10861
2.24338,10860
2.26931,10859
2.27284,10858
2.27598,10857
2.29935,10856
2.30252,10855
2.30564,10854
2.32913,10853
2.33235,10852
2.33547,10851
2.35848,10850
2.36158,10849
2.36472,10848
2.40447,10847
2.4076,10846
2.41071,10845
2.43007,10844
2.43318,10843
2.43627,10842
2.43959,10841
2.4603,10840
2.46342,10839
2.46655,10838
2.4782,10837
2.48239,10836
2.49047,10835
2.5712,10834
2.57451,10833
2.57763,10832
2.61434,10831
2.61746,10830
2.62056,10829
2.65361,10828
2.65682,10827
2.65994,10826
2.68342,10825
2.68655,10824
2.6897,10823
2.69282,10822
2.72003,10821
2.72319,10820
2.72635,10819
2.75696,10818
2.76048,10817
2.76688,10816
2.8148,10815
2.8186,10814
2.82174,10813
2.8456,10812
2.84875,10811
2.85185,10810
2.87477,10809
2.87789,10808
2.88099,10807
2.90414,10806
2.90727,10805
2.91038,10804
2.91347,10803
2.93979,10802
2.94293,10801
2.94606,10800
2.96696,10799
2.97013,10798
2.97325,10797
2.9858,10796
2.9892,10795
2.99231,10794
3.03392,10793
3.03718,10792
3.04046,10791
3.06665,10790
3.06999,10789
3.07347,10788
3.07663,10787
3.10194,10786
3.10549,10785
3.13077,10784
3.13439,10783
3.13752,10782
3.14065,10781
3.16412,10780
3.16725,10779
3.17038,10778
3.19189,10777
3.195,10776
3.1981,10775
3.2247,10774
3.22787,10773
3.23097,10772
3.25871,10771
3.26181,10770
3.2649,10769
3.26798,10768
3.28708,10767
3.29018,10766
3.29326,10765
3.31708,10764
3.32021,10763
3.3233,10762
3.34879,10761
3.35193,10760
3.35506,10759
3.37016,10758
3.37339,10757
3.37651,10756
3.39966,10755
3.40328,10754
3.40643,10753
3.40954,10752
3.44268,10751
3.44583,10750
3.45069,10749
3.4739,10748
3.477,10747
3.48009,10746
3.48638,10745
3.48949,10744
3.4926,10743
3.53697,10742
3.54008,10741
3.54317,10740
3.54625,10739
3.56805,10738
3.57125,10737
3.57436,10736
3.60003,10735
3.60321,10734
3.60636,10733
3.63124,10732
3.63458,10731
3.63798,10730
3.66154,10729
3.66486,10728
3.66805,10727
3.69136,10726
3.69449,10725
3.69759,10724
3.72144,10723
3.72458,10722
3.72784,10721
3.73096,10720
3.74515,10719
3.7483,10718
3.7514,10717
3.78532,10716
3.78846,10715
3.79158,10714
3.81739,10713
3.82066,10712
3.82377,10711
3.84713,10710
3.85023,10709
3.85333,10708
3.86718,10707
3.87034,10706
3.87347,10705
3.87658,10704
3.91153,10703
3.9147,10702
3.91778,10701
3.9455,10700
3.94866,10699
3.95181,10698
3.9752,10697
3.9783,10696
3.9814,10695
3.98955,10694
3.99268,10693
3.9958,10692
4.02499,10691
4.02811,10690
4.03121,10689
4.0344,10688
4.05795,10687
4.06105,10686
4.06413,10685
4.09813,10684
4.10133,10683
4.10448,10682
4.11582,10681
4.11898,10680
4.12209,10679
4.15093,10678
4.15404,10677
4.15715,10676
4.1811,10675
4.18423,10674
4.18739,10673
4.19049,10672
4.22632,10671
4.22946,10670
4.23255,10669
4.25071,10668
4.2542,10667
4.25858,10666
4.28374,10665
4.28685,10664
4.29004,10663
4.31676,10662
4.31991,10661
4.32307,10660
4.34908,10659
4.35223,10658
4.35535,10657
4.3585,10656
4.37457,10655
4.37769,10654
4.38079,10653
4.38748,10652
4.39056,10651
4.39365,10650
4.42996,10649
4.43334,10648
4.43643,10647
4.4665,10646
4.46968,10645
4.4728,10644
4.51403,10643
4.51783,10642
4.52119,10641
4.52484,10640
4.55034,10639
4.55348,10638
4.55657,10637
4.58045,10636
4.58354,10635
4.58667,10634
4.61225,10633
4.61539,10632
4.62441,10631
4.64794,10630
4.65293,10629
4.65633,10628
4.68089,10627
4.68405,10626
4.68713,10625
4.69021,10624
4.72142,10623
4.72454,10622
4.72764,10621
4.74389,10620
4.74801,10619
4.75155,10618
4.78719,10617
4.80741,10616
4.81135,10615
4.82662,10614
4.82978,10613
4.83286,10612
4.8893,10611
4.8925,10610
4.89564,10609
4.92163,10608
4.92473,10607
4.9279,10606
4.93097,10605
4.96691,10604
4.97011,10603
4.97319,10602
4.99714,10601
5.00036,10600
5.00343,10599
5.04836,10598
5.07282,10597
5.07605,10596
5.09913,10595
5.1025,10594
5.1059,10593
5.10913,10592
5.11254,10591
5.11565,10590
5.11874,10589
5.16689,10588
5.16997,10587
5.17306,10586
5.19623,10585
5.19933,10584
5.20244,10583
5.22927,10582
5.23235,10581
5.23541,10580
5.26154,10579
5.2647,10578
5.26778,10577
5.27138,10576
5.33021,10575
5.33331,10574
5.33643,10573
5.36239,10572
5.36777,10571
5.37088,10570
5.38041,10569
5.3836,10568
5.38667,10567
5.42087,10566
5.42447,10565
5.4298,10564
5.45902,10563
5.46211,10562
5.46529,10561
5.46836,10560
5.49289,10559
5.496,10558
5.49916,10557
5.50586,10556
5.50902,10555
5.51213,10554
5.57237,10553
5.57548,10552
5.57859,10551
5.6046,10550
5.60775,10549
5.6109,10548
5.64078,10547
5.6439,10546
5.64699,10545
5.65085,10544
5.68618,10543
5.68934,10542
5.69243,10541
5.71617,10540
5.71937,10539
5.72242,10538
5.74589,10537
5.74899,10536
5.75217,10535
5.78679,10534
5.78995,10533
5.79304,10532
5.79615,10531
5.82745,10530
5.83053,10529
5.83359,10528
5.85683,10527
5.85993,10526
5.863,10525
5.88571,10524
5.88891,10523
5.89211,10522
5.91963,10521
5.9233,10520
5.92644,10519
5.94868,10518
5.9518,10517
5.95493,10516
5.95801,10515
5.98943,10514
5.99251,10513
5.99563,10512
6.03073,10511
6.03382,10510
6.03689,10509
6.05679,10508
6.05992,10507
6.06301,10506
6.1096,10505
6.11274,10504
6.11611,10503
6.1192,10502
6.14056,10501
6.14367,10500
6.14684,10499
6.17395,10498
6.17708,10497
6.18014,10496
6.20527,10495
6.20834,10494
6.2115,10493
6.23548,10492
6.23858,10491
6.24168,10490
6.27512,10489
6.27822,10488
6.28129,10487
6.28435,10486
6.30891,10485
6.31279,10484
6.31586,10483
6.35786,10482
6.36093,10481
6.36397,10480
6.37963,10479
6.38293,10478
6.38633,10477
6.41894,10476
6.42205,10475
6.42529,10474
6.42836,10473
6.45277,10472
6.45586,10471
6.45897,10470
6.48212,10469
6.48522,10468
6.48829,10467
6.51947,10466
6.52255,10465
6.5256,10464
6.54584,10463
6.54901,10462
6.5521,10461
6.5698,10460
6.57288,10459
6.57597,10458
6.57905,10457
6.60325,10456
6.60649,10455
6.60972,10454
6.63339,10453
6.6369,10452
6.64013,10451
6.69596,10450
6.69913,10449
6.70223,10448
6.71927,10447
6.72242,10446
6.72549,10445
6.72867,10444
6.7318,10443
6.73489,10442
6.73797,10441
6.78098,10440
6.78408,10439
6.78716,10438
6.81059,10437
6.81366,10436
6.81673,10435
6.84145,10434
6.84453,10433
6.84758,10432
6.85062,10431
6.87415,10430
6.87728,10429
6.88047,10428
6.90125,10427
6.90432,10426
6.90736,10425
6.93048,10424
6.93454,10423
6.93899,10422
6.9738,10421
6.97689,10420
6.98014,10419
7.00137,10418
7.00447,10417
7.00755,10416
7.0106,10415
7.03761,10414
7.0407,10413
7.04375,10412
7.06858,10411
7.07165,10410
7.0747,10409
7.10227,10408
7.10543,10407
7.10851,10406
7.12864,10405
7.13171,10404
7.13477,10403
7.13976,10402
7.16095,10401
7.16402,10400
7.16774,10399
7.17225,10398
7.17546,10397
7.17963,10396
7.19008,10395
7.21518,10394
7.21833,10393
7.22417,10392
7.24826,10391
7.25135,10390
7.25442,10389
7.30335,10388
7.30648,10387
7.30955,10386
7.31265,10385
7.33665,10384
7.33972,10383
7.34277,10382
7.36874,10381
7.37201,10380
7.37521,10379
7.40974,10378
7.414,10377
7.42194,10376
7.45085,10375
7.45403,10374
7.4571,10373
7.48121,10372
7.48653,10371
7.48968,10370
7.49277,10369
7.54956,10368
7.55268,10367
7.55582,10366
7.57668,10365
7.57978,10364
7.58286,10363
7.59599,10362
7.59914,10361
7.60223,10360
7.63209,10359
7.63759,10358
7.6856,10357
7.68868,10356
7.69182,10355
7.69488,10354
7.69794,10353
7.72297,10352
7.72696,10351
7.73005,10350
7.7557,10349
7.75878,10348
7.76184,10347
7.76492,10346
7.78482,10345
7.7879,10344
7.79095,10343
7.81012,10342
7.81322,10341
7.81635,10340
7.83884,10339
7.84191,10338
7.84498,10337
7.87293,10336
7.87672,10335
7.87993,10334
7.88318,10333
7.88986,10332
7.92725,10331
7.93037,10330
7.94771,10329
7.9508,10328
7.95404,10327
7.97731,10326
7.98037,10325
7.98342,10324
8.00621,10323
8.00927,10322
8.01231,10321
8.01536,10320
8.03992,10319
8.0431,10318
8.04615,10317
8.07195,10316
8.07501,10315
8.07819,10314
8.11269,10313
8.11576,10312
8.11881,10311
8.14216,10310
8.14521,10309
8.14825,10308
8.15128,10307
8.18453,10306
8.18772,10305
8.19088,10304
8.22423,10303
8.22741,10302
8.23046,10301
8.29019,10300
8.29327,10299
8.29632,10298
8.3146,10297
8.31768,10296
8.32076,10295
8.32383,10294
8.34232,10293
8.34544,10292
8.34853,10291
8.37998,10290
8.38315,10289
8.38838,10288
8.41559,10287
8.41878,10286
8.42185,10285
8.45315,10284
8.45624,10283
8.4593,10282
8.46235,10281
8.48818,10280
8.49125,10279
8.49431,10278
8.52208,10277
8.52518,10276
8.5318,10275
8.56064,10274
8.56377,10273
8.56683,10272
8.59236,10271
8.59628,10270
8.59944,10269
8.60251,10268
8.62565,10267
8.62872,10266
8.63179,10265
8.65215,10264
8.65521,10263
8.65831,10262
8.66153,10261
8.66462,10260
8.66768,10259
8.69778,10258
8.70089,10257
8.70399,10256
8.70703,10255
8.73187,10254
8.73577,10253
8.73884,10252
8.76379,10251
8.76684,10250
8.77154,10249
8.82305,10248
8.82612,10247
8.82919,10246
8.85382,10245
8.85689,10244
8.85994,10243
8.88649,10242
8.88957,10241
8.89261,10240
8.89566,10239
8.93722,10238
8.94467,10237
8.94806,10236
8.98215,10235
8.98694,10234
8.9902,10233
9.04149,10232
9.04463,10231
9.04768,10230
9.07195,10229
9.07502,10228
9.07806,10227
9.08109,10226
9.10744,10225
9.11049,10224
9.11354,10223
9.14679,10222
9.14985,10221
9.15289,10220
9.18888,10219
9.19199,10218
9.19503,10217
9.19805,10216
9.23182,10215
9.23634,10214
9.23942,10213
9.27534,10212
9.27848,10211
9.2925,10210
9.32674,10209
9.32987,10208
9.33295,10207
9.35738,10206
9.36047,10205
9.3636,10204
9.39601,10203
9.39917,10202
9.40227,10201
9.40536,10200
9.43185,10199
9.43492,10198
9.43798,10197
9.46181,10196
9.4649,10195
9.46804,10194
9.49048,10193
9.49358,10192
9.49663,10191
9.52099,10190
9.52412,10189
9.52731,10188
9.53046,10187
9.54736,10186
9.55043,10185
9.5535,10184
9.60417,10183
9.6074,10182
9.61048,10181
9.63362,10180
9.63672,10179
9.63979,10178
9.68259,10177
9.68576,10176
9.68887,10175
9.69196,10174
9.71335,10173
9.71646,10172
9.71954,10171
9.73856,10170
9.74181,10169
9.7449,10168
9.76888,10167
9.77195,10166
9.775,10165
9.80854,10164
9.81179,10163
9.81526,10162
9.82352,10161
9.82659,10160
9.82965,10159
9.83272,10158
9.86272,10157
9.8658,10156
9.86886,10155
9.89568,10154
9.89875,10153
9.9018,10152
9.93219,10151
9.93577,10150
9.93883,10149
9.97653,10148
9.97962,10147
9.9827,10146
9.98576,10145
10.0089,10144
10.012,10143
10.015,10142
10.0442,10141
10.0473,10140
10.0504,10139
10.087,10138
10.0901,10137
10.0932,10136
10.1156,10135
10.1251,10134
10.1438,10133
10.1469,10132
10.1499,10131
10.1731,10130
10.1762,10129
10.1792,10128
10.1958,10127
10.1989,10126
10.202,10125
10.2274,10124
10.2307,10123
10.2342,10122
10.2373,10121
10.261,10120
10.2641,10119
10.2673,10118
10.2762,10117
10.2793,10116
10.2824,10115
10.3189,10114
10.3224,10113
10.3255,10112
10.3452,10111
10.3484,10110
10.3514,10109
10.3545,10108
10.3747,10107
10.3778,10106
10.3808,10105
10.4087,10104
10.4119,10103
10.425,10102
10.4498,10101
10.4529,10100
10.4559,10099
10.4776,10098
10.4807,10097
10.4838,10096
10.4868,10095
10.5094,10094
10.5125,10093
10.5183,10092
10.5409,10091
10.544,10090
10.5471,10089
10.59,10088
10.5934,10087
10.5964,10086
10.6315,10085
10.6345,10084
10.6375,10083
10.6406,10082
10.6955,10081
10.6986,10080
10.7016,10079
10.7438,10078
10.747,10077
10.7501,10076
10.777,10075
10.7801,10074
10.7831,10073
10.8101,10072
10.8132,10071
10.8175,10070
10.8552,10069
10.8621,10068
10.8655,10067
10.8689,10066
10.9545,10065
10.9576,10064
10.961,10063
10.9882,10062
10.9912,10061
10.9943,10060
11.0342,10059
11.0636,10058
11.0731,10057
11.1117,10056
11.1148,10055
11.1196,10054
11.1475,10053
11.1507,10052
11.1554,10051
11.1788,10050
11.1819,10049
11.1849,10048
11.2013,10047
11.2043,10046
11.2074,10045
11.2254,10044
11.2284,10043
11.2315,10042
11.2346,10041
11.2535,10040
11.2566,10039
11.2597,10038
11.2788,10037
11.2819,10036
11.2849,10035
11.3017,10034
11.3052,10033
11.3089,10032
11.3136,10031
11.3176,10030
11.3208,10029
11.3566,10028
11.3598,10027
11.3629,10026
11.366,10025
11.3891,10024
11.3922,10023
11.3952,10022
11.4077,10021
11.4107,10020
11.4138,10019
11.4625,10018
11.4656,10017
11.4687,10016
11.4832,10015
11.4864,10014
11.4895,10013
11.4926,10012
11.5137,10011
11.5169,10010
11.5199,10009
11.5507,10008
11.5538,10007
11.5577,10006
11.5817,10005
11.6047,10004
11.6077,10003
11.6108,10002
11.6138,10001
11.6615,10000
11.6692,9999
11.711,9998
11.716,9997
11.7191,9996
11.7224,9995
11.7258,9994
11.7303,9993
11.7339,9992
11.7379,9991
11.7411,9990
11.745,9989
11.7483,9988
11.7515,9987
11.7545,9986
11.8232,9985
11.8263,9984
11.8294,9983
11.8476,9982
11.8506,9981
11.8545,9980
11.8576,9979
11.8794,9978
11.8824,9977
11.8855,9976
11.9117,9975
11.9148,9974
11.9178,9973
11.9343,9972
11.9374,9971
11.9424,9970
11.9811,9969
11.9843,9968
11.9876,9967
11.9908,9966
12.0139,9965
12.0169,9964
12.02,9963
12.0631,9962
12.0662,9961
12.0704,9960
12.0852,9959
12.0883,9958
12.0914,9957
12.1149,9956
12.1181,9955
12.1212,9954
12.1242,9953
12.1503,9952
12.1543,9951
12.1573,9950
12.1768,9949
12.1799,9948
12.183,9947
12.207,9946
12.2101,9945
12.2132,9944
12.2301,9943
12.2333,9942
12.2364,9941
12.2568,9940
12.26,9939
12.2636,9938
12.2668,9937
12.2886,9936
12.2916,9935
12.2946,9934
12.3117,9933
12.3148,9932
12.3178,9931
12.3411,9930
12.3443,9929
12.3473,9928
12.3504,9927
12.3615,9926
12.5088,9925
12.5119,9924
12.515,9923
12.5288,9922
12.5318,9921
12.535,9920
12.5636,9919
12.5666,9918
12.5697,9917
12.6,9916
12.6035,9915
12.6068,9914
12.6287,9913
12.6322,9912
12.6353,9911
12.6384,9910
12.6646,9909
12.6678,9908
12.6709,9907
12.6998,9906
12.7029,9905
12.706,9904
12.7289,9903
12.7321,9902
12.7364,9901
12.7663,9900
12.7697,9899
12.7728,9898
12.7758,9897
12.8024,9896
12.8055,9895
12.809,9894
12.8434,9893
12.8465,9892
12.8725,9891
12.8756,9890
12.9007,9889
12.9043,9888
12.9074,9887
12.9107,9886
12.9413,9885
12.9445,9884
12.9476,9883
12.9743,9882
12.9774,9881
12.9805,9880
13.0072,9879
13.0102,9878
13.0133,9877
13.0367,9876
13.0405,9875
13.0435,9874
13.0918,9873
13.0949,9872
13.098,9871
13.1011,9870
13.1256,9869
13.1298,9868
13.1337,9867
13.1709,9866
13.1739,9865
13.1774,9864
13.2104,9863
13.2134,9862
13.2165,9861
13.2403,9860
13.2434,9859
13.2464,9858
13.2495,9857
13.2749,9856
13.2779,9855
13.281,9854
13.307,9853
13.3101,9852
13.3131,9851
13.3405,9850
13.344,9849
13.347,9848
13.3501,9847
13.3722,9846
13.3758,9845
13.3789,9844
13.4219,9843
13.4254,9842
13.4285,9841
13.4615,9840
13.4646,9839
13.4677,9838
13.4909,9837
13.4976,9836
13.5007,9835
13.5037,9834
13.5272,9833
13.5303,9832
13.5333,9831
13.5569,9830
13.5601,9829
13.5634,9828
13.5954,9827
13.6013,9826
13.6401,9825
13.6432,9824
13.6537,9823
13.6569,9822
13.7012,9821
13.7328,9820
13.7359,9819
13.7389,9818
13.7419,9817
13.7692,9816
13.7723,9815
13.7757,9814
13.8067,9813
13.8098,9812
13.8128,9811
13.8582,9810
13.8613,9809
13.8643,9808
13.8907,9807
13.8938,9806
13.8968,9805
13.8998,9804
13.9188,9803
13.9218,9802
13.925,9801
13.9434,9800
13.9919,9799
13.9962,9798
13.9993,9797
14.0024,9796
14.0211,9795
14.0242,9794
14.0273,9793
14.0501,9792
14.0534,9791
14.0811,9790
14.0942,9789
14.0973,9788
14.1004,9787
14.1226,9786
14.1257,9785
14.1288,9784
14.1319,9783
14.145,9782
14.1481,9781
14.1514,9780
14.1841,9779
14.1872,9778
14.1903,9777
14.2123,9776
14.2159,9775
14.219,9774
14.2226,9773
14.2384,9772
14.2422,9771
14.2453,9770
14.2661,9769
14.2691,9768
14.2722,9767
14.2893,9766
14.2928,9765
14.2964,9764
14.3246,9763
14.3277,9762
14.3308,9761
14.3338,9760
14.353,9759
14.3561,9758
14.3591,9757
14.369,9756
14.3721,9755
14.3751,9754
14.3945,9753
14.3977,9752
14.4007,9751
14.4212,9750
14.4243,9749
14.4273,9748
14.4304,9747
14.4409,9746
14.444,9745
14.4471,9744
14.4693,9743
14.4724,9742
14.4754,9741
14.4785,9740
14.4815,9739
14.4845,9738
14.5265,9737
14.5304,9736
14.5336,9735
14.5367,9734
14.563,9733
14.5662,9732
14.5694,9731
14.5991,9730
14.6023,9729
14.6053,9728
14.6307,9727
14.6337,9726
14.6369,9725
14.6601,9724
14.6633,9723
14.6663,9722
14.6694,9721
14.7047,9720
14.7077,9719
14.7107,9718
14.7273,9717
14.7303,9716
14.7334,9715
14.7534,9714
14.7565,9713
14.7595,9712
14.7626,9711
14.7801,9710
14.7832,9709
14.7863,9708
14.805,9707
14.808,9706
14.8111,9705
14.8173,9704
14.8203,9703
14.8425,9702
14.8455,9701
14.8485,9700
14.8686,9699
14.8718,9698
14.8748,9697
14.8915,9696
14.8945,9695
14.8976,9694
14.9176,9693
14.9206,9692
14.9237,9691
14.9267,9690
14.9594,9689
14.9624,9688
14.9654,9687
14.9752,9686
14.9782,9685
14.9813,9684
15.0059,9683
15.009,9682
15.0122,9681
15.0353,9680
15.0383,9679
15.0414,9678
15.0445,9677
15.0771,9676
15.0801,9675
15.0831,9674
15.0915,9673
15.0947,9672
15.0978,9671
15.1241,9670
15.1272,9669
15.1302,9668
15.1496,9667
15.1527,9666
15.1558,9665
15.1588,9664
15.1777,9663
15.1809,9662
15.1839,9661
15.1979,9660
15.201,9659
15.2041,9658
15.2258,9657
15.2288,9656
15.2319,9655
15.2349,9654
15.2584,9653
15.2632,9652
15.2662,9651
15.2843,9650
15.2874,9649
15.2904,9648
15.3122,9647
15.3154,9646
15.3184,9645
15.333,9644
15.3361,9643
15.3391,9642
15.3422,9641
15.3641,9640
15.3671,9639
15.3701,9638
15.3853,9637
15.3884,9636
15.3915,9635
15.4127,9634
15.4157,9633
15.4187,9632
15.4218,9631
15.454,9630
15.4571,9629
15.46,9628
15.4796,9627
15.4826,9626
15.4857,9625
15.4916,9624
15.4947,9623
15.4977,9622
15.5193,9621
15.5224,9620
15.5254,9619
15.5285,9618
15.5441,9617
15.5471,9616
15.5501,9615
15.5689,9614
15.572,9613
15.575,9612
15.587,9611
15.59,9610
15.5932,9609
15.5962,9608
15.62,9607
15.6231,9606
15.6261,9605
15.647,9604
15.65,9603
15.653,9602
15.6694,9601
15.6724,9600
15.6754,9599
15.7054,9598
15.7086,9597
15.7116,9596
15.7146,9595
15.7352,9594
15.7382,9593
15.7412,9592
15.7493,9591
15.7523,9590
15.7553,9589
15.7743,9588
15.7774,9587
15.7804,9586
15.7834,9585
15.8014,9584
15.8044,9583
15.8075,9582
15.8366,9581
15.8397,9580
15.8427,9579
15.8569,9578
15.8659,9577
15.8833,9576
15.8863,9575
15.8905,9574
15.9082,9573
15.9112,9572
15.9144,9571
15.928,9570
15.931,9569
15.9342,9568
15.9651,9567
15.9681,9566
15.9909,9565
15.9945,9564
15.9976,9563
16.0175,9562
16.0206,9561
16.0236,9560
16.0427,9559
16.0457,9558
16.0488,9557
16.0787,9556
16.0818,9555
16.0848,9554
16.0878,9553
16.1011,9552
16.1042,9551
16.1072,9550
16.1194,9549
16.1224,9548
16.1254,9547
16.1474,9546
16.1514,9545
16.1546,9544
16.1576,9543
16.1753,9542
16.1783,9541
16.1814,9540
16.1985,9539
16.2015,9538
16.205,9537
16.2242,9536
16.2517,9535
16.2548,9534
16.258,9533
16.2611,9532
16.2741,9531
16.2772,9530
16.2806,9529
16.2987,9528
16.3017,9527
16.3047,9526
16.3169,9525
16.3199,9524
16.323,9523
16.326,9522
16.3351,9521
16.3381,9520
16.369,9519
16.3722,9518
16.3754,9517
16.4035,9516
16.4065,9515
16.4096,9514
16.4266,9513
16.4297,9512
16.4327,9511
16.4639,9510
16.4889,9509
16.4919,9508
16.495,9507
16.5137,9506
16.5168,9505
16.5198,9504
16.5385,9503
16.5415,9502
16.5445,9501
16.5633,9500
16.5664,9499
16.5696,9498
16.5727,9497
16.5796,9496
16.5826,9495
16.5856,9494
16.5988,9493
16.6018,9492
16.6049,9491
16.6262,9490
16.6292,9489
16.6322,9488
16.6352,9487
16.6501,9486
16.6531,9485
16.6561,9484
16.6838,9483
16.6868,9482
16.6901,9481
16.708,9480
16.7111,9479
16.7141,9478
16.7332,9477
16.7362,9476
16.7392,9475
16.7422,9474
16.7452,9473
16.7787,9472
16.7817,9471
16.7847,9470
16.8072,9469
16.8103,9468
16.8133,9467
16.8163,9466
16.8316,9465
16.8346,9464
16.8377,9463
16.8587,9462
16.8617,9461
16.8648,9460
16.8799,9459
16.8829,9458
16.886,9457
16.889,9456
16.9101,9455
16.9131,9454
16.9162,9453
16.9338,9452
16.9398,9451
16.943,9450
16.9622,9449
16.9653,9448
16.9684,9447
16.986,9446
16.989,9445
16.992,9444
16.9951,9443
17.0141,9442
17.0171,9441
17.0202,9440
17.0434,9439
17.0464,9438
17.0494,9437
17.0638,9436
17.0668,9435
17.1075,9434
17.1119,9433
17.1149,9432
17.1179,9431
17.1408,9430
17.1438,9429
17.1468,9428
17.1711,9427
17.1742,9426
17.1772,9425
17.1803,9424
17.2052,9423
17.2083,9422
17.2113,9421
17.2396,9420
17.2427,9419
17.2456,9418
17.277,9417
17.28,9416
17.283,9415
17.286,9414
17.3189,9413
17.3247,9412
17.3303,9411
17.3503,9410
17.3534,9409
17.3977,9408
17.4009,9407
17.4218,9406
17.4249,9405
17.4279,9404
17.4309,9403
17.449,9402
17.452,9401
17.4551,9400
17.4841,9399
17.4874,9398
17.4905,9397
17.5152,9396
17.5182,9395
17.5229,9394
17.5452,9393
17.5483,9392
17.5513,9391
17.5543,9390
17.5748,9389
17.5783,9388
17.5813,9387
17.6275,9386
17.6323,9385
17.6353,9384
17.6486,9383
17.6516,9382
17.6546,9381
17.6576,9380
17.6775,9379
17.6807,9378
17.6837,9377
17.7068,9376
17.7098,9375
17.7128,9374
17.7459,9373
17.749,9372
17.752,9371
17.7549,9370
17.7792,9369
17.7822,9368
17.7852,9367
17.8022,9366
17.8051,9365
17.8111,9364
17.855,9363
17.8585,9362
17.8615,9361
17.8878,9360
17.8914,9359
17.8946,9358
17.8977,9357
17.9206,9356
17.9306,9355
17.9341,9354
17.9695,9353
18.0251,9352
18.0283,9351
18.0337,9350
18.0367,9349
18.0397,9348
18.0609,9347
18.0639,9346
18.0669,9345
18.0699,9344
18.0928,9343
18.0959,9342
18.0989,9341
18.1146,9340
18.1176,9339
18.1208,9338
18.1879,9337
18.1961,9336
18.1991,9335
18.2021,9334
18.2051,9333
18.2396,9332
18.2427,9331
18.2457,9330
18.2731,9329
18.2762,9328
18.2792,9327
18.2947,9326
18.2977,9325
18.3007,9324
18.3037,9323
18.3245,9322
18.3275,9321
18.3305,9320
18.3447,9319
18.3477,9318
18.3507,9317
18.3705,9316
18.3736,9315
18.3767,9314
18.3797,9313
18.4636,9312
18.4666,9311
18.4696,9310
18.479,9309
18.482,9308
18.4854,9307
18.5101,9306
18.5132,9305
18.5162,9304
18.5192,9303
18.5344,9302
18.5374,9301
18.5404,9300
18.5639,9299
18.5669,9298
18.57,9297
18.586,9296
18.589,9295
18.5921,9294
18.605,9293
18.608,9292
18.611,9291
18.614,9290
18.6348,9289
18.6378,9288
18.6409,9287
18.708,9286
18.711,9285
18.714,9284
18.725,9283
18.728,9282
18.731,9281
18.734,9280
18.7471,9279
18.7501,9278
18.7531,9277
18.7747,9276
18.7778,9275
18.7808,9274
18.7984,9273
18.8014,9272
18.8044,9271
18.8074,9270
18.827,9269
18.83,9268
18.833,9267
18.8533,9266
18.8563,9265
18.8596,9264
18.8757,9263
18.8788,9262
18.8817,9261
18.8847,9260
18.9066,9259
18.9164,9258
18.9226,9257
18.9489,9256
18.952,9255
18.955,9254
18.9712,9253
18.9742,9252
18.9773,9251
18.9804,9250
18.9834,9249
18.9863,9248
18.9893,9247
19.0143,9246
19.0477,9245
19.0712,9244
19.0743,9243
19.0775,9242
19.0805,9241
19.1013,9240
19.1044,9239
19.1076,9238
19.1277,9237
19.1323,9236
19.1354,9235
19.1619,9234
19.1649,9233
19.1679,9232
19.1866,9231
19.1896,9230
19.1926,9229
19.1957,9228
19.2133,9227
19.2164,9226
19.2194,9225
19.2345,9224
19.2376,9223
19.2406,9222
19.2631,9221
19.2684,9220
19.2729,9219
19.2862,9218
19.2898,9217
19.2929,9216
19.2959,9215
19.3396,9214
19.3426,9213
19.3456,9212
19.3588,9211
19.3619,9210
19.3653,9209
19.3971,9208
19.4001,9207
19.4033,9206
19.4063,9205
19.4207,9204
19.4237,9203
19.4267,9202
19.4488,9201
19.4518,9200
19.4548,9199
19.4709,9198
19.4739,9197
19.477,9196
19.4802,9195
19.505,9194
19.5096,9193
19.5127,9192
19.5384,9191
19.5418,9190
19.5482,9189
19.557,9188
19.5692,9187
19.5723,9186
19.6052,9185
19.6083,9184
19.6113,9183
19.629,9182
19.6322,9181
19.6352,9180
19.6382,9179
19.6566,9178
19.6596,9177
19.6626,9176
19.6804,9175
19.6834,9174
19.6863,9173
19.7125,9172
19.7154,9171
19.7674,9170
19.7704,9169
19.8055,9168
19.8089,9167
19.8131,9166
19.8364,9165
19.8394,9164
19.8425,9163
19.8455,9162
19.8606,9161
19.8636,9160
19.8666,9159
19.8816,9158
19.8846,9157
19.8876,9156
19.904,9155
19.907,9154
19.91,9153
19.913,9152
19.9361,9151
19.9406,9150
19.9436,9149
19.9634,9148
19.9665,9147
19.9695,9146
19.9929,9145
19.9959,9144
19.9989,9143
20.0019,9142
20.0264,9141
20.0349,9140
20.0379,9139
20.0583,9138
20.0613,9137
20.0643,9136
20.0774,9135
20.0806,9134
20.0836,9133
20.0866,9132
20.1045,9131
20.1075,9130
20.1106,9129
20.1322,9128
20.1352,9127
20.1382,9126
20.1533,9125
20.1563,9124
20.1593,9123
20.1623,9122
20.1834,9121
20.2045,9120
20.2075,9119
20.2105,9118
20.2316,9117
20.2346,9116
20.2376,9115
20.2408,9114
20.2438,9113
20.2645,9112
20.2676,9111
20.2842,9110
20.2872,9109
20.2902,9108
20.3075,9107
20.3106,9106
20.3136,9105
20.3326,9104
20.3358,9103
20.3388,9102
20.3418,9101
20.359,9100
20.362,9099
20.3651,9098
20.3722,9097
20.3752,9096
20.3783,9095
20.3972,9094
20.4004,9093
20.4033,9092
20.4063,9091
20.4329,9090
20.436,9089
20.439,9088
20.4575,9087
20.4605,9086
20.4635,9085
20.4813,9084
20.4843,9083
20.4873,9082
20.4903,9081
20.51,9080
20.5131,9079
20.5161,9078
20.5342,9077
20.5604,9076
20.5634,9075
20.5852,9074
20.5882,9073
20.5912,9072
20.6317,9071
20.6349,9070
20.6379,9069
20.6563,9068
20.6593,9067
20.6623,9066
20.6652,9065
20.6798,9064
20.6828,9063
20.6857,9062
20.7044,9061
20.7074,9060
20.7104,9059
20.728,9058
20.731,9057
20.734,9056
20.737,9055
20.7601,9054
20.7631,9053
20.7661,9052
20.7859,9051
20.789,9050
20.8187,9049
20.8221,9048
20.826,9047
20.8589,9046
20.8619,9045
20.8822,9044
20.8855,9043
20.906,9042
20.909,9041
20.912,9040
20.9149,9039
20.9303,9038
20.9333,9037
20.9364,9036
20.9611,9035
20.9809,9034
20.9839,9033
20.9869,9032
20.9899,9031
21.0035,9030
21.0065,9029
21.0346,9028
21.0376,9027
21.0691,9026
21.0736,9025
21.077,9024
21.0956,9023
21.0988,9022
21.1019,9021
21.1049,9020
21.125,9019
21.128,9018
21.131,9017
21.1441,9016
21.1472,9015
21.1502,9014
21.1674,9013
21.1704,9012
21.1738,9011
21.1768,9010
21.2019,9009
21.2049,9008
21.2078,9007
21.2236,9006
21.2266,9005
21.2296,9004
21.2781,9003
21.2811,9002
21.3047,9001
21.3079,9000
21.3113,8999
21.3269,8998
21.3299,8997
21.3329,8996
21.3886,8995
21.3916,8994
21.3946,8993
21.3977,8992
21.4196,8991
21.4227,8990
21.4257,8989
21.4481,8988
21.4511,8987
21.4541,8986
21.4768,8985
21.4798,8984
21.5025,8983
21.5055,8982
21.5086,8981
21.535,8980
21.538,8979
21.541,8978
21.5673,8977
21.5703,8976
21.5733,8975
21.5763,8974
21.6001,8973
21.603,8972
21.606,8971
21.6507,8970
21.6538,8969
21.6568,8968
21.6776,8967
21.6806,8966
21.7068,8965
21.7098,8964
21.7128,8963
21.864,8962
21.8687,8961
21.8718,8960
21.9046,8959
21.9076,8958
21.9106,8957
21.9589,8956
21.9621,8955
21.9792,8954
21.9855,8953
21.9885,8952
22.0324,8951
22.0357,8950
22.0386,8949
22.0416,8948
22.0653,8947
22.0683,8946
22.0727,8945
22.1167,8944
22.1197,8943
22.1236,8942
22.1476,8941
22.1506,8940
22.1536,8939
22.1565,8938
22.182,8937
22.186,8936
22.189,8935
22.2323,8934
22.2354,8933
22.2405,8932
22.2676,8931
22.2711,8930
22.2745,8929
22.2834,8928
22.2889,8927
22.2936,8926
22.3336,8925
22.3374,8924
22.3405,8923
22.3438,8922
22.3705,8921
22.3736,8920
22.3771,8919
22.4073,8918
22.4102,8917
22.4132,8916
22.4429,8915
22.4467,8914
22.4746,8913
22.4776,8912
22.4806,8911
22.495,8910
22.5081,8909
22.5112,8908
22.5221,8907
22.5251,8906
22.5281,8905
22.531,8904
22.5557,8903
22.5696,8902
22.5726,8901
22.5755,8900
22.5973,8899
22.6003,8898
22.6032,8897
22.6062,8896
22.6207,8895
22.6237,8894
22.6267,8893
22.6584,8892
22.6614,8891
22.6644,8890
22.6845,8889
22.6874,8888
22.7076,8887
22.7106,8886
22.7136,8885
22.7363,8884
22.7393,8883
22.7423,8882
22.7562,8881
22.7593,8880
22.7623,8879
22.7652,8878
22.7742,8877
22.7772,8876
22.7801,8875
22.8028,8874
22.8058,8873
22.8088,8872
22.8254,8871
22.8284,8870
22.8314,8869
22.8344,8868
22.854,8867
22.857,8866
22.86,8865
22.882,8864
22.8856,8863
22.8886,8862
22.9041,8861
22.9071,8860
22.9101,8859
22.9131,8858
22.9351,8857
22.9397,8856
22.9428,8855
22.9641,8854
22.9671,8853
22.9701,8852
22.9856,8851
22.9887,8850
22.9916,8849
22.9947,8848
23.0362,8847
23.0392,8846
23.0421,8845
23.0551,8844
23.0585,8843
23.0636,8842
23.0813,8841
23.0843,8840
23.0873,8839
23.0903,8838
23.1088,8837
23.1118,8836
23.1147,8835
23.1336,8834
23.1656,8833
23.1686,8832
23.186,8831
23.189,8830
23.1919,8829
23.2127,8828
23.2157,8827
23.2187,8826
23.2457,8825
23.2487,8824
23.2628,8823
23.2662,8822
23.2692,8821
23.2823,8820
23.2853,8819
23.2883,8818
23.2914,8817
23.2944,8816
23.2973,8815
23.3003,8814
23.3329,8813
23.3359,8812
23.3389,8811
23.3555,8810
23.3587,8809
23.3617,8808
23.3648,8807
23.3887,8806
23.3917,8805
23.3946,8804
23.4245,8803
23.4275,8802
23.4522,8801
23.4552,8800
23.4581,8799
23.4756,8798
23.4786,8797
23.4816,8796
23.5005,8795
23.5035,8794
23.5068,8793
23.5256,8792
23.5286,8791
23.5316,8790
23.5346,8789
23.5401,8788
23.543,8787
23.546,8786
23.5627,8785
23.5657,8784
23.5687,8783
23.5885,8782
23.5917,8781
23.6163,8780
23.6192,8779
23.6788,8778
23.6818,8777
23.6848,8776
23.6877,8775
23.7074,8774
23.7104,8773
23.7134,8772
23.7164,8771
23.7194,8770
23.7223,8769
23.7379,8768
23.741,8767
23.7439,8766
23.7469,8765
23.7689,8764
23.7719,8763
23.8045,8762
23.8075,8761
23.8104,8760
23.8336,8759
23.8366,8758
23.8396,8757
23.8585,8756
23.8615,8755
23.8644,8754
23.8794,8753
23.8824,8752
23.8854,8751
23.8883,8750
23.9097,8749
23.9128,8748
23.9158,8747
23.935,8746
23.938,8745
23.9423,8744
23.9588,8743
23.9618,8742
23.9648,8741
23.9687,8740
23.9887,8739
23.9917,8738
23.9947,8737
24.0164,8736
24.0198,8735
24.0228,8734
24.0384,8733
24.0461,8732
24.0491,8731
24.0521,8730
24.0772,8729
24.0979,8728
24.1009,8727
24.1039,8726
24.1202,8725
24.1233,8724
24.1262,8723
24.1292,8722
24.1452,8721
24.1484,8720
24.1718,8719
24.1748,8718
24.1929,8717
24.1958,8716
24.199,8715
24.202,8714
24.2199,8713
24.2231,8712
24.226,8711
24.2448,8710
24.2478,8709
24.2508,8708
24.269,8707
24.2719,8706
24.2752,8705
24.2781,8704
24.3078,8703
24.3108,8702
24.314,8701
24.3284,8700
24.3314,8699
24.3344,8698
24.3475,8697
24.3504,8696
24.3534,8695
24.3563,8694
24.3774,8693
24.3804,8692
24.3834,8691
24.3864,8690
24.3894,8689
24.3923,8688
24.3953,8687
24.4363,8686
24.4557,8685
24.4587,8684
24.4618,8683
24.4826,8682
24.4856,8681
24.4886,8680
24.4915,8679
24.5101,8678
24.5136,8677
24.5167,8676
24.5388,8675
24.5418,8674
24.5448,8673
24.5611,8672
24.5641,8671
24.5675,8670
24.5704,8669
24.5897,8668
24.5927,8667
24.6159,8666
24.6189,8665
24.6379,8664
24.6409,8663
24.6655,8662
24.669,8661
24.6948,8660
24.6977,8659
24.7144,8658
24.7472,8657
24.7502,8656
24.7688,8655
24.7717,8654
24.7955,8653
24.7984,8652
24.8014,8651
24.8206,8650
24.8237,8649
24.8267,8648
24.8457,8647
24.8681,8646
24.8711,8645
24.8741,8644
24.877,8643
24.9024,8642
24.9088,8641
24.9123,8640
24.9267,8639
24.93,8638
24.9329,8637
24.9552,8636
24.9583,8635
24.9612,8634
24.965,8633
24.9898,8632
25.0084,8631
25.0114,8630
25.0146,8629
25.0176,8628
25.0433,8627
25.0463,8626
25.0499,8625
25.053,8624
25.0559,8623
25.0596,8622
25.0959,8621
25.099,8620
25.1228,8619
25.1258,8618
25.1293,8617
25.1459,8616
25.1489,8615
25.152,8614
25.1666,8613
25.1696,8612
25.1725,8611
25.1755,8610
25.1812,8609
25.1841,8608
25.1871,8607
25.1975,8606
25.2005,8605
25.2035,8604
25.2218,8603
25.2251,8602
25.228,8601
25.231,8600
25.2695,8599
25.2726,8598
25.2756,8597
25.2902,8596
25.2933,8595
25.3013,8594
25.3226,8593
25.3256,8592
25.3285,8591
25.3315,8590
25.3496,8589
25.3526,8588
25.3556,8587
25.3744,8586
25.3774,8585
25.3805,8584
25.3936,8583
25.3967,8582
25.3997,8581
25.4027,8580
25.4202,8579
25.4249,8578
25.4279,8577
25.4421,8576
25.4453,8575
25.4483,8574
25.4513,8573
25.4732,8572
25.4762,8571
25.4792,8570
25.4952,8569
25.4984,8568
25.5308,8567
25.5337,8566
25.5881,8565
25.5911,8564
25.5941,8563
25.5972,8562
25.6002,8561
25.6031,8560
25.6062,8559
25.6091,8558
25.6121,8557
25.6335,8556
25.6366,8555
25.6396,8554
25.6434,8553
25.6675,8552
25.6705,8551
25.695,8550
25.6981,8549
25.717,8548
25.7202,8547
25.7232,8546
25.7261,8545
25.7517,8544
25.7557,8543
25.7588,8542
25.7841,8541
25.7876,8540
25.7908,8539
25.818,8538
25.821,8537
25.824,8536
25.8471,8535
25.8502,8534
25.8531,8533
25.856,8532
25.8793,8531
25.8823,8530
25.8852,8529
25.9081,8528
25.9111,8527
25.9567,8526
25.9598,8525
25.9628,8524
26.0058,8523
26.0123,8522
26.0155,8521
26.0311,8520
26.0402,8519
26.0686,8518
26.092,8517
26.1177,8516
26.1207,8515
26.1236,8514
26.1266,8513
26.1516,8512
26.1547,8511
26.1577,8510
26.1828,8509
26.1858,8508
26.1995,8507
26.219,8506
26.2221,8505
26.2254,8504
26.2284,8503
26.2453,8502
26.2483,8501
26.2513,8500
26.267,8499
26.27,8498
26.273,8497
26.2946,8496
26.2975,8495
26.3005,8494
26.3035,8493
26.3165,8492
26.3194,8491
26.3224,8490
26.344,8489
26.3471,8488
26.3501,8487
26.3719,8486
26.3748,8485
26.3952,8484
26.3982,8483
26.4011,8482
26.4221,8481
26.4252,8480
26.4281,8479
26.4311,8478
26.4414,8477
26.4443,8476
26.4472,8475
26.4673,8474
26.4703,8473
26.4733,8472
26.486,8471
26.4949,8470
26.5214,8469
26.5243,8468
26.5273,8467
26.5482,8466
26.5512,8465
26.5541,8464
26.5781,8463
26.5811,8462
26.5841,8461
26.587,8460
26.6092,8459
26.6121,8458
26.6151,8457
26.6322,8456
26.6352,8455
26.6382,8454
26.6412,8453
26.6576,8452
26.679,8451
26.682,8450
26.685,8449
26.7101,8448
26.7131,8447
26.7161,8446
26.7191,8445
26.7342,8444
26.7372,8443
26.7401,8442
26.7512,8441
26.7542,8440
26.7572,8439
26.7725,8438
26.7756,8437
26.7785,8436
26.7816,8435
26.8022,8434
26.8051,8433
26.8081,8432
26.8412,8431
26.8441,8430
26.8471,8429
26.8682,8428
26.8711,8427
26.8896,8426
26.8928,8425
26.8958,8424
26.8988,8423
26.9017,8422
26.9046,8421
26.9076,8420
26.9252,8419
26.9281,8418
26.9682,8417
26.9711,8416
27.012,8415
27.0349,8414
27.038,8413
27.0409,8412
27.0439,8411
27.0602,8410
27.0631,8409
27.0889,8408
27.0918,8407
27.1136,8406
27.1166,8405
27.1196,8404
27.1225,8403
27.1396,8402
27.1426,8401
27.1455,8400
27.1645,8399
27.1733,8398
27.1907,8397
27.1936,8396
27.1966,8395
27.2096,8394
27.2126,8393
27.2155,8392
27.2342,8391
27.2371,8390
27.2401,8389
27.2431,8388
27.2607,8387
27.2636,8386
27.2665,8385
27.2851,8384
27.2881,8383
27.2911,8382
27.3087,8381
27.3176,8380
27.3407,8379
27.3436,8378
27.3466,8377
27.3654,8376
27.3684,8375
27.3714,8374
27.3743,8373
27.3921,8372
27.4165,8371
27.4194,8370
27.4433,8369
27.4462,8368
27.4634,8367
27.4664,8366
27.4855,8365
27.4885,8364
27.4915,8363
27.5096,8362
27.5126,8361
27.5155,8360
27.5185,8359
27.5378,8358
27.5408,8357
27.5438,8356
27.5631,8355
27.5661,8354
27.569,8353
27.572,8352
27.5909,8351
27.5939,8350
27.5969,8349
27.6199,8348
27.6229,8347
27.6259,8346
27.6414,8345
27.6503,8344
27.6708,8343
27.6739,8342
27.6769,8341
27.7,8340
27.713,8339
27.7218,8338
27.7425,8337
27.7454,8336
27.7484,8335
27.764,8334
27.767,8333
27.77,8332
27.7729,8331
27.7962,8330
27.8232,8329
27.8261,8328
27.8291,8327
27.8346,8326
27.8379,8325
27.8409,8324
27.8438,8323
27.8674,8322
27.8953,8321
27.9044,8320
27.9219,8319
27.9251,8318
27.9281,8317
27.9548,8316
27.9578,8315
27.971,8314
27.9909,8313
27.9939,8312
28.0125,8311
28.0155,8310
28.0184,8309
28.0314,8308
28.0344,8307
28.0373,8306
28.0551,8305
28.0582,8304
28.0611,8303
28.0641,8302
28.0826,8301
28.086,8300
28.0891,8299
28.1065,8298
28.1095,8297
28.1124,8296
28.1255,8295
28.1285,8294
28.1314,8293
28.1344,8292
28.1474,8291
28.1503,8290
28.1533,8289
28.161,8288
28.164,8287
28.1669,8286
28.1698,8285
28.1781,8284
28.1811,8283
28.1841,8282
28.1918,8281
28.1947,8280
28.1977,8279
28.2062,8278
28.2091,8277
28.2188,8276
28.2217,8275
28.2309,8274
28.2412,8273
28.2441,8272
28.2616,8271
28.2646,8270
28.2675,8269
28.2704,8268
28.2791,8267
28.282,8266
28.2849,8265
28.2879,8264
28.2964,8263
28.2993,8262
28.3022,8261
28.305,8260
28.3078,8259
28.3106,8258
28.3134,8257
28.3162,8256
28.319,8255
28.3218,8254
28.3246,8253
28.3329,8252
28.3357,8251
28.3385,8250
28.3469,8249
28.3497,8248
28.7861,8247
28.7892,8246
28.7929,8245
28.7961,8244
28.7991,8243
28.802,8242
28.8366,8241
28.8396,8240
28.8507,8239
28.8798,8238
28.8828,8237
28.8857,8236
28.9079,8235
28.9108,8234
28.9138,8233
28.9167,8232
28.942,8231
28.9615,8230
28.9644,8229
28.9674,8228
28.9934,8227
28.9971,8226
29.0034,8225
29.0064,8224
29.0442,8223
29.0662,8222
29.0692,8221
29.0722,8220
29.0993,8219
29.1035,8218
29.1167,8217
29.1197,8216
29.1227,8215
29.1376,8214
29.1405,8213
29.1449,8212
29.1479,8211
29.1738,8210
29.1768,8209
29.1797,8208
29.2135,8207
29.2383,8206
29.2434,8205
29.2592,8204
29.2661,8203
29.3194,8202
29.3225,8201
29.3255,8200
29.3388,8199
29.3417,8198
29.3447,8197
29.3595,8196
29.3625,8195
29.3655,8194
29.4076,8193
29.4106,8192
29.4308,8191
29.4337,8190
29.4367,8189
29.4396,8188
29.4615,8187
29.4644,8186
29.4674,8185
29.504,8184
29.5072,8183
29.5126,8182
29.5406,8181
29.5436,8180
29.5466,8179
29.5495,8178
29.5703,8177
29.5732,8176
29.5762,8175
29.5957,8174
29.5987,8173
29.6016,8172
29.6268,8171
29.6298,8170
29.6328,8169
29.6819,8168
29.6849,8167
29.6878,8166
29.6907,8165
29.7121,8164
29.7151,8163
29.7181,8162
29.7702,8161
29.7753,8160
29.7787,8159
29.7835,8158
29.7865,8157
29.7895,8156
29.7924,8155
29.8333,8154
29.8362,8153
29.8392,8152
29.8582,8151
29.8612,8150
29.8816,8149
29.8912,8148
29.8942,8147
29.8971,8146
29.9001,8145
29.9265,8144
29.9294,8143
29.9516,8142
29.9546,8141
29.9576,8140
29.98,8139
29.983,8138
29.9859,8137
29.9922,8136
30.0019,8135
30.005,8134
30.05,8133
30.0552,8132
30.0756,8131
30.0786,8130
30.1096,8129
30.1129,8128
30.1385,8127
30.1415,8126
30.1448,8125
30.1717,8124
30.1747,8123
30.1964,8122
30.1994,8121
30.2023,8120
30.2052,8119
30.2327,8118
30.2358,8117
30.239,8116
30.2653,8115
30.2682,8114
30.2712,8113
30.2875,8112
30.2904,8111
30.2933,8110
30.2962,8109
30.3163,8108
30.3193,8107
30.3223,8106
30.3448,8105
30.3666,8104
30.3695,8103
30.3724,8102
30.3754,8101
30.4063,8100
30.4093,8099
30.4122,8098
30.4175,8097
30.4205,8096
30.4234,8095
30.4263,8094
30.472,8093
30.475,8092
30.4916,8091
30.4946,8090
30.529,8089
30.5453,8088
30.5483,8087
30.5513,8086
30.5542,8085
30.5775,8084
30.5804,8083
30.5837,8082
30.5998,8081
30.6028,8080
30.6057,8079
30.6253,8078
30.6283,8077
30.656,8076
30.6893,8075
30.6922,8074
30.709,8073
30.7119,8072
30.7148,8071
30.7316,8070
30.7405,8069
30.7434,8068
30.7463,8067
30.7493,8066
30.7796,8065
30.7963,8064
30.7993,8063
30.8023,8062
30.8053,8061
30.8432,8060
30.8901,8059
30.893,8058
30.896,8057
30.9092,8056
30.9122,8055
30.9151,8054
30.9332,8053
30.9859,8052
30.9888,8051
31.0406,8050
31.0436,8049
31.0634,8048
31.0663,8047
31.0693,8046
31.1223,8045
31.14,8044
31.1435,8043
31.1468,8042
31.1706,8041
31.1736,8040
31.1943,8039
31.1973,8038
31.2526,8037
31.2556,8036
31.2721,8035
31.2751,8034
31.278,8033
31.303,8032
31.306,8031
31.33,8030
31.3511,8029
31.354,8028
31.357,8027
31.36,8026
31.3838,8025
31.406,8024
31.409,8023
31.4386,8022
31.4576,8021
31.4605,8020
31.4635,8019
31.4877,8018
31.5118,8017
31.5179,8016
31.549,8015
31.5519,8014
31.5699,8013
31.5729,8012
31.6555,8011
31.6585,8010
31.6615,8009
31.6774,8008
31.6803,8007
31.7075,8006
31.7104,8005
31.7581,8004
31.761,8003
31.7653,8002
31.7683,8001
31.7712,8000
31.8034,7999
31.8674,7998
31.8704,7997
31.8733,7996
31.8979,7995
31.9068,7994
31.9198,7993
31.9228,7992
31.9257,7991
31.9404,7990
31.9435,7989
31.9777,7988
32.0039,7987
32.0075,7986
32.0112,7985
32.0346,7984
32.0443,7983
32.0629,7982
32.0658,7981
32.0687,7980
32.0955,7979
32.119,7978
32.1221,7977
32.1508,7976
32.1538,7975
32.1567,7974
32.1738,7973
32.1813,7972
32.1842,7971
32.1871,7970
32.2051,7969
32.208,7968
32.211,7967
32.2322,7966
32.2538,7965
32.2567,7964
32.2857,7963
32.2886,7962
32.3157,7961
32.319,7960
32.3268,7959
32.3523,7958
32.3553,7957
32.3583,7956
32.3797,7955
32.3918,7954
32.3948,7953
32.4105,7952
32.488,7951
32.5079,7950
32.5109,7949
32.5357,7948
32.5387,7947
32.5417,7946
32.5609,7945
32.5638,7944
32.5904,7943
32.5934,7942
32.5963,7941
32.6142,7940
32.6415,7939
32.6733,7938
32.6763,7937
32.6792,7936
32.6821,7935
32.7031,7934
32.7164,7933
32.7193,7932
32.7223,7931
32.7252,7930
32.7596,7929
32.7629,7928
32.7661,7927
32.7696,7926
32.7729,7925
32.776,7924
32.7793,7923
32.7823,7922
32.7856,7921
32.8443,7920
32.8753,7919
32.8784,7918
32.8934,7917
32.8964,7916
32.8993,7915
32.9022,7914
32.9163,7913
32.9192,7912
32.9532,7911
32.9562,7910
32.9592,7909
32.9622,7908
32.9651,7907
32.968,7906
33.0097,7905
33.0127,7904
33.0156,7903
33.0289,7902
33.0319,7901
33.0604,7900
33.0633,7899
33.0662,7898
33.0866,7897
33.0895,7896
33.1615,7895
33.1645,7894
33.1674,7893
33.1943,7892
33.2244,7891
33.2626,7890
33.2989,7889
33.3642,7888
33.3672,7887
33.3701,7886
33.4015,7885
33.4044,7884
33.4293,7883
33.4323,7882
33.4353,7881
33.4557,7880
33.4587,7879
33.4617,7878
33.4912,7877
33.4941,7876
33.5282,7875
33.5312,7874
33.5341,7873
33.5616,7872
33.5646,7871
33.5675,7870
33.5705,7869
33.6333,7868
33.6518,7867
33.6814,7866
33.6844,7865
33.6873,7864
33.7029,7863
33.7067,7862
33.7096,7861
33.7126,7860
33.7361,7859
33.7407,7858
33.7437,7857
33.8091,7856
33.8121,7855
33.815,7854
33.8325,7853
33.8354,7852
33.8383,7851
33.8672,7850
33.8701,7849
33.8731,7848
33.9371,7847
33.9885,7846
33.9988,7845
34.0176,7844
34.0206,7843
34.0236,7842
34.0519,7841
34.0548,7840
34.0578,7839
34.0752,7838
34.1735,7837
34.1956,7836
34.1988,7835
34.2018,7834
34.2299,7833
34.2335,7832
34.2369,7831
34.318,7830
34.3456,7829
34.3675,7828
34.4898,7827
34.501,7826
34.504,7825
34.5069,7824
34.5376,7823
34.5891,7822
34.5921,7821
34.595,7820
34.6198,7819
34.6227,7818
34.6433,7817
34.6463,7816
34.6667,7815
34.6696,7814
34.6941,7813
34.6971,7812
34.7,7811
34.742,7810
34.7449,7809
34.7478,7808
34.7744,7807
34.7773,7806
34.7957,7805
34.7987,7804
34.8018,7803
34.8219,7802
34.8249,7801
34.8278,7800
34.8307,7799
34.8483,7798
34.8512,7797
34.8542,7796
35.0707,7795
35.0736,7794
35.1207,7793
35.1475,7792
35.1973,7791
35.226,7790
35.2289,7789
35.2318,7788
35.2463,7787
35.2493,7786
35.2747,7785
35.2776,7784
35.2806,7783
35.3317,7782
35.3855,7781
35.4169,7780
35.4198,7779
35.4396,7778
35.4426,7777
35.4572,7776
35.4606,7775
35.4635,7774
35.4904,7773
35.4933,7772
35.524,7771
35.527,7770
35.5359,7769
35.5389,7768
35.544,7767
35.5718,7766
35.5749,7765
35.5778,7764
35.5951,7763
35.5982,7762
35.6011,7761
35.604,7760
35.6211,7759
35.6241,7758
35.6541,7757
35.6855,7756
35.7069,7755
35.7098,7754
35.7127,7753
35.7184,7752
35.7233,7751
35.7265,7750
35.7668,7749
35.7768,7748
35.9541,7747
35.9571,7746
36.0132,7745
36.2626,7744
36.3273,7743
36.8174,7742
36.9503,7741
36.9997,7740
37.0027,7739
37.0056,7738
37.0086,7737
37.1222,7736
37.1382,7735
37.1412,7734
37.1441,7733
37.1471,7732
37.8153,7731
37.8443,7730
37.8474,7729
37.8503,7728
37.8532,7727
37.874,7726
37.877,7725
37.88,7724
38.1066,7723
38.1914,7722
38.1943,7721
38.2307,7720
38.264,7719
38.267,7718
38.2929,7717
38.296,7716
38.2989,7715
38.3432,7714
38.3647,7713
38.4378,7712
38.4408,7711
38.5006,7710
38.52,7709
38.5229,7708
38.5258,7707
38.5288,7706
38.548,7705
38.551,7704
38.5735,7703
38.6364,7702
38.9544,7701
38.9723,7700
39.1366,7699
39.1564,7698
39.1593,7697
39.3263,7696
39.3293,7695
39.3482,7694
39.7565,7693
39.7767,7692
39.7798,7691
39.9111,7690
39.914,7689
39.9794,7688
39.9823,7687
39.9852,7686
39.9882,7685
40.0132,7684
40.0262,7683
40.0905,7682
40.165,7681
40.2206,7680
40.2235,7679
40.2265,7678
41.4802,7677
42.4315,7676
42.4349,7675
42.439,7674
42.4424,7673
42.4453,7672
42.4487,7671
42.4587,7670
42.4618,7669
42.4657,7668
42.5396,7667
42.5425,7666
42.5565,7665
44.1669,7664
44.2923,7663
44.2953,7662
44.2982,7661
44.316,7660
44.3267,7659
44.3493,7658
44.3524,7657
44.3902,7656
44.4229,7655
44.4608,7654
44.4637,7653
44.4667,7652
44.4869,7651
44.4899,7650
44.5298,7649
45.0005,7648
45.0034,7647
45.0878,7646
45.6791,7645
45.6821,7644
45.6982,7643
45.7298,7642
45.7623,7641
45.7653,7640
47.9333,7639
47.9596,7638
47.9983,7637
48.3735,7636
48.3924,7635
48.4237,7634
50.5306,7633
50.5457,7632
50.5486,7631
50.7363,7630
50.781,7629
50.9041,7628
59.0382,7627
59.0412,7626
59.0441,7625
59.0638,7624
59.0669,7623
59.5696,7622
59.7527,7621
59.7557,7620
59.8108,7619
63.7834,7618
63.8707,7617
63.955,7616
63.9944,7615
63.999,7614
64.041,7613
64.7222,7612
64.7252,7611
64.7281,7610
64.7933,7609
65.3772,7608
69.5357,7607
69.6797,7606
69.6827,7605
88.5955,7604
88.5985,7603
88.6014,7602
89.166,7601
89.169,7600
89.1722,7599
90.2202,7598
90.2396,7597
90.2994,7596
90.3203,7595
90.3491,7594
90.3578,7593
94.3343,7592
94.3631,7591
94.3901,7590
101.797,7589
101.825,7588
101.847,7587
101.85,7586
101.853,7585
101.856,7584
102.526,7583
102.529,7582
109.82,7581
109.925,7580
109.928,7579
109.931,7578
109.934,7577
115.47,7576
115.49,7575
115.518,7574
115.522,7573
119.578,7572
119.581,7571
124.646,7570
124.649,7569
125.041,7568
125.136,7567
131.387,7566
131.391,7565
131.417,7564
137.744,7563
137.749,7562
137.787,7561
138.022,7560
150.98,7559
151.002,7558
151.093,7557
151.096,7556
151.127,7555
167.589,7554
167.636,7553
173.131,7552
173.134,7551
173.137,7550
173.308,7549
173.311,7548
181.891,7547
181.919,7546
182.988,7545
189.844,7544
189.879,7543
189.903,7542
189.927,7541
189.93,7540
193.261,7539
193.685,7538
193.731,7537
193.74,7536
193.766,7535
193.791,7534
193.794,7533
193.797,7532
193.8,7531
193.898,7530
193.927,7529
193.963,7528
193.986,7527
205.745,7526
205.748,7525
205.771,7524
205.774,7523
205.797,7522
205.8,7521
227.933,7520
228.485,7519
228.626,7518
228.715,7517
231.116,7516
231.628,7515
231.871,7514
231.874,7513
231.965,7512
232.163,7511
232.166,7510
240.518,7509
240.584,7508
240.587,7507
240.621,7506
240.656,7505
240.689,7504
240.692,7503
240.695,7502
240.721,7501
240.753,7500
240.814,7499
251.408,7498
261.597,7497
261.6,7496
265.175,7495
265.348,7494
265.372,7493
265.375,7492
265.378,7491
265.4,7490
265.411,7489
265.441,7488
265.88,7487
265.895,7486
266.145,7485
266.174,7484
266.177,7483
277.951,7482
278.027,7481
278.03,7480
278.047,7479
278.05,7478
278.053,7477
278.097,7476
278.106,7475
278.131,7474
278.156,7473
278.233,7472
278.249,7471
327.956,7470
327.97,7469
327.973,7468
328.146,7467
403.588,7466
403.667,7465
403.67,7464
403.673,7463
403.716,7462
403.727,7461
404.179,7460
406.538,7459
406.541,7458
407.48,7457
407.483,7456
407.807,7455
407.859,7454
407.872,7453
409.463,7452
409.488,7451
409.491,7450
409.494,7449
409.559,7448
409.562,7447
409.582,7446
464.559,7445
464.562,7444
464.631,7443
464.649,7442
464.658,7441
464.68,7440
593.867,7439
593.884,7438
593.909,7437
594.032,7436
594.035,7435
680.188,7434
705.621,7433
705.624,7432
721.556,7431
721.578,7430
721.603,7429
721.606,7428
721.609,7427
721.612,7426
721.657,7425
721.733,7424
804.7,7423
804.723,7422
804.726,7421
804.729,7420
804.766,7419
811.067,7418
811.07,7417
811.221,7416
811.225,7415
811.258,7414
877.179,7413
877.219,7412
877.251,7411
877.266,7410
877.269,7409
877.325,7408
877.344,7407
877.347,7406
877.35,7405
877.374,7404
1092.84,7403
1092.97,7402
1177.39,7401
1177.53,7400
1177.8,7399
1374.22,7398
1374.32,7397
1410.64,7396
1410.67,7395
1410.82,7394
1418.47,7393
1418.68,7392
1418.69,7391
1418.74,7390
1419.52,7389
1439.02,7388
1439.02,7387
1439.03,7386
1439.03,7385
1439.05,7384
1439.05,7383
1439.05,7382
1439.07,7381
1439.07,7380
1749.21,7379
1749.22,7378
1749.22,7377
1862.85,7376
1869.35,7375
1869.36,7374
1869.45,7373
1887.75,7372
1887.75,7371
1888.07,7370
1888.16,7369
1888.18,7368
1888.18,7367
1888.61,7366
1935.59,7365
1935.59,7364
1935.65,7363
1935.67,7362
1981.02,7361
2569.03,7360
2569.12,7359
3534.03,7358
3534.15,7357
3534.17,7356
3534.17,7355
3534.2,7354
3540.12,7353
3668.69,7352
3668.71,7351
4081.65,7350
4081.73,7349
7545.09,7348
7545.51,7347
7545.51,7346
7545.52,7345
7545.54,7344
8069.44,7343
8069.46,7342
8069.48,7341
8069.49,7340
9391.68,7339
9391.69,7338
9391.69,7337
9391.76,7336
9391.77,7335
9391.77,7334
9391.79,7333
9391.82,7332
9391.82,7331
16121.6,7330
16121.6,7329
16622.4,7328
16726.7,7327
16726.7,7326
16726.7,7325
17343.9,7324
17344,7323
17386.6,7322
17386.6,7321
17386.6,7320
17386.6,7319
23557.1,7318
