0.00341569,11022
0.00656023,11021
0.03349,11020
0.0368253,11019
0.0404551,11018
0.0617724,11017
0.0651748,11016
0.0683583,11015
0.0918988,11014
0.0950647,11013
0.0992257,11012
0.168005,11011
0.171277,11010
0.17443,11009
0.177564,11008
0.197347,11007
0.200492,11006
0.203614,11005
0.224612,11004
0.227946,11003
0.231574,11002
0.264981,11001
0.268162,11000
0.271367,10999
0.308535,10998
0.311742,10997
0.314863,10996
0.360355,10995
0.375247,10994
0.391559,10993
0.402387,10992
0.411193,10991
0.415604,10990
0.446695,10989
0.481899,10988
0.485013,10987
0.505853,10986
0.509002,10985
0.512135,10984
0.536349,10983
0.539553,10982
0.542664,10981
0.545772,10980
0.568091,10979
0.571223,10978
0.574361,10977
0.601959,10976
0.605067,10975
0.608162,10974
0.632955,10973
0.63607,10972
0.639159,10971
0.662318,10970
0.665462,10969
0.668575,10968
0.696074,10967
0.699261,10966
0.702361,10965
0.705447,10964
0.744638,10963
0.747759,10962
0.750871,10961
0.777695,10960
0.780843,10959
0.78395,10958
0.80912,10957
0.81224,10956
0.815381,10955
0.818656,10954
0.821784,10953
0.824906,10952
0.867869,10951
0.871298,10950
0.874425,10949
0.883471,10948
0.887419,10947
0.890568,10946
0.894961,10945
0.942083,10944
0.945451,10943
0.981838,10942
1.0163,10941
1.01941,10940
1.02253,10939
1.05201,10938
1.05675,10937
1.06071,10936
1.07542,10935
1.07867,10934
1.08187,10933
1.10134,10932
1.10446,10931
1.10792,10930
1.11132,10929
1.11466,10928
1.1184,10927
1.12293,10926
1.12633,10925
1.13006,10924
1.1335,10923
1.13731,10922
1.14097,10921
1.14431,10920
1.14827,10919
1.15207,10918
1.1569,10917
1.1618,10916
1.16506,10915
1.16867,10914
1.17201,10913
1.17522,10912
1.17839,10911
1.18168,10910
1.18499,10909
1.18916,10908
1.286,10907
1.29001,10906
1.29321,10905
1.47536,10904
1.47973,10903
1.48284,10902
1.54601,10901
1.54918,10900
1.55288,10899
1.56415,10898
1.56879,10897
1.57209,10896
1.65678,10895
1.67136,10894
1.67551,10893
1.67939,10892
1.68263,10891
1.68632,10890
1.6949,10889
1.69874,10888
1.70188,10887
1.73505,10886
1.75252,10885
1.75608,10884
1.75923,10883
1.7794,10882
1.78277,10881
1.7861,10880
1.80869,10879
1.81204,10878
1.81517,10877
1.82799,10876
1.8311,10875
1.83421,10874
1.85973,10873
1.86305,10872
1.86675,10871
1.89314,10870
1.89772,10869
1.90096,10868
1.92177,10867
1.92491,10866
1.92805,10865
1.93117,10864
2.00153,10863
2.00596,10862
2.00915,10861
2.04712,10860
2.05029,10859
2.05605,10858
2.1105,10857
2.11447,10856
2.11802,10855
2.14826,10854
2.1514,10853
2.15469,10852
2.18057,10851
2.18373,10850
2.18689,10849
2.20199,10848
2.20571,10847
2.20987,10846
2.23445,10845
2.23764,10844
2.24075,10843
2.24383,10842
2.26777,10841
2.27111,10840
2.27419,10839
2.2979,10838
2.30117,10837
2.30427,10836
2.3278,10835
2.33099,10834
2.3346,10833
2.3705,10832
2.37363,10831
2.37683,10830
2.40409,10829
2.40722,10828
2.41032,10827
2.4134,10826
2.4341,10825
2.43724,10824
2.44034,10823
2.47839,10822
2.48451,10821
2.51078,10820
2.54234,10819
2.54545,10818
2.54855,10817
2.5764,10816
2.57952,10815
2.58272,10814
2.6167,10813
2.61998,10812
2.62313,10811
2.64464,10810
2.64777,10809
2.65087,10808
2.65396,10807
2.68086,10806
2.68398,10805
2.68712,10804
2.70885,10803
2.71196,10802
2.71506,10801
2.7803,10800
2.78346,10799
2.78655,10798
2.80547,10797
2.80859,10796
2.81171,10795
2.82974,10794
2.83285,10793
2.83595,10792
2.85602,10791
2.86784,10790
2.87097,10789
2.87406,10788
2.89128,10787
2.89525,10786
2.89836,10785
2.92553,10784
2.9303,10783
2.93341,10782
2.9569,10781
2.96185,10780
2.96498,10779
3.01237,10778
3.01555,10777
3.01867,10776
3.02177,10775
3.04646,10774
3.04967,10773
3.05281,10772
3.07615,10771
3.07969,10770
3.08283,10769
3.0894,10768
3.09353,10767
3.09661,10766
3.13337,10765
3.13662,10764
3.14002,10763
3.16363,10762
3.16679,10761
3.16992,10760
3.17305,10759
3.19688,10758
3.20038,10757
3.20363,10756
3.222,10755
3.22511,10754
3.22819,10753
3.23421,10752
3.23733,10751
3.24043,10750
3.28223,10749
3.28533,10748
3.28842,10747
3.31596,10746
3.3191,10745
3.3226,10744
3.32574,10743
3.36392,10742
3.36701,10741
3.37008,10740
3.39332,10739
3.39643,10738
3.39952,10737
3.41362,10736
3.4168,10735
3.41989,10734
3.44389,10733
3.44708,10732
3.45016,10731
3.47502,10730
3.47817,10729
3.48142,10728
3.48453,10727
3.50512,10726
3.50831,10725
3.51148,10724
3.5353,10723
3.53841,10722
3.54463,10721
3.56814,10720
3.57171,10719
3.57515,10718
3.61713,10717
3.62024,10716
3.62414,10715
3.64804,10714
3.65117,10713
3.65429,10712
3.67771,10711
3.68091,10710
3.68402,10709
3.68718,10708
3.71131,10707
3.71447,10706
3.71758,10705
3.74139,10704
3.74457,10703
3.74765,10702
3.75073,10701
3.77592,10700
3.779,10699
3.78207,10698
3.8053,10697
3.80846,10696
3.81164,10695
3.83657,10694
3.83972,10693
3.84279,10692
3.86691,10691
3.87001,10690
3.87311,10689
3.87619,10688
3.90197,10687
3.90505,10686
3.90812,10685
3.9348,10684
3.9379,10683
3.94098,10682
3.96463,10681
3.96775,10680
3.97093,10679
3.99443,10678
3.99753,10677
4.00062,10676
4.00368,10675
4.02888,10674
4.03196,10673
4.03503,10672
4.05852,10671
4.06161,10670
4.06468,10669
4.08784,10668
4.09093,10667
4.094,10666
4.11728,10665
4.12038,10664
4.12344,10663
4.12648,10662
4.14971,10661
4.15279,10660
4.15585,10659
4.18078,10658
4.18387,10657
4.18693,10656
4.21042,10655
4.21352,10654
4.21659,10653
4.22675,10652
4.23118,10651
4.2346,10650
4.26061,10649
4.26388,10648
4.26704,10647
4.29047,10646
4.29366,10645
4.29735,10644
4.30047,10643
4.32377,10642
4.32778,10641
4.3311,10640
4.3694,10639
4.37283,10638
4.37591,10637
4.39793,10636
4.40104,10635
4.40415,10634
4.4273,10633
4.43041,10632
4.43351,10631
4.43658,10630
4.46157,10629
4.46469,10628
4.4678,10627
4.48579,10626
4.48926,10625
4.49378,10624
4.52042,10623
4.52357,10622
4.52672,10621
4.55055,10620
4.55419,10619
4.55729,10618
4.58249,10617
4.58561,10616
4.58918,10615
4.60796,10614
4.6111,10613
4.61421,10612
4.61728,10611
4.65284,10610
4.65591,10609
4.65942,10608
4.67369,10607
4.67677,10606
4.67982,10605
4.71128,10604
4.71438,10603
4.71753,10602
4.73613,10601
4.73929,10600
4.7424,10599
4.81313,10598
4.8163,10597
4.8194,10596
4.82246,10595
4.86107,10594
4.86421,10593
4.86729,10592
4.89431,10591
4.89747,10590
4.90056,10589
4.93619,10588
4.9394,10587
4.94249,10586
4.96958,10585
4.9727,10584
4.99645,10583
4.99955,10582
5.02422,10581
5.02881,10580
5.03414,10579
5.03785,10578
5.04352,10577
5.04723,10576
5.05134,10575
5.05474,10574
5.05782,10573
5.12977,10572
5.13288,10571
5.136,10570
5.1592,10569
5.16229,10568
5.16539,10567
5.1984,10566
5.20155,10565
5.20463,10564
5.2169,10563
5.2201,10562
5.2232,10561
5.22628,10560
5.27233,10559
5.27683,10558
5.28193,10557
5.28719,10556
5.29047,10555
5.29471,10554
5.29823,10553
5.30134,10552
5.30442,10551
5.32958,10550
5.3327,10549
5.33579,10548
5.38903,10547
5.39231,10546
5.39567,10545
5.39877,10544
5.42644,10543
5.42958,10542
5.43277,10541
5.45813,10540
5.46122,10539
5.46429,10538
5.50726,10537
5.51055,10536
5.51386,10535
5.5589,10534
5.56202,10533
5.56511,10532
5.59189,10531
5.59499,10530
5.59808,10529
5.60116,10528
5.6262,10527
5.62927,10526
5.63236,10525
5.65404,10524
5.65715,10523
5.66025,10522
5.68666,10521
5.68977,10520
5.69284,10519
5.71658,10518
5.71966,10517
5.72275,10516
5.76137,10515
5.76644,10514
5.76956,10513
5.77266,10512
5.80608,10511
5.80929,10510
5.81237,10509
5.83558,10508
5.83868,10507
5.84177,10506
5.87251,10505
5.8756,10504
5.87867,10503
5.91047,10502
5.91363,10501
5.91682,10500
5.94758,10499
5.95068,10498
5.95377,10497
5.95684,10496
5.98187,10495
5.98495,10494
5.98802,10493
6.01365,10492
6.01673,10491
6.01981,10490
6.04162,10489
6.04476,10488
6.0484,10487
6.05417,10486
6.05945,10485
6.06343,10484
6.06811,10483
6.07159,10482
6.07505,10481
6.14204,10480
6.14523,10479
6.14865,10478
6.15182,10477
6.17705,10476
6.18012,10475
6.18341,10474
6.20737,10473
6.21045,10472
6.21359,10471
6.23718,10470
6.24029,10469
6.24338,10468
6.26961,10467
6.27276,10466
6.27633,10465
6.27944,10464
6.32832,10463
6.3314,10462
6.33446,10461
6.34829,10460
6.3514,10459
6.35449,10458
6.37727,10457
6.38062,10456
6.38371,10455
6.41063,10454
6.4149,10453
6.41809,10452
6.44129,10451
6.4444,10450
6.44749,10449
6.45055,10448
6.47372,10447
6.4768,10446
6.47986,10445
6.48974,10444
6.49338,10443
6.49787,10442
6.53008,10441
6.53534,10440
6.56462,10439
6.56773,10438
6.57083,10437
6.59534,10436
6.59857,10435
6.60166,10434
6.64864,10433
6.65235,10432
6.65648,10431
6.66701,10430
6.6701,10429
6.67531,10428
6.71794,10427
6.72103,10426
6.72411,10425
6.75092,10424
6.754,10423
6.75709,10422
6.78157,10421
6.78466,10420
6.78774,10419
6.79081,10418
6.81289,10417
6.81598,10416
6.81905,10415
6.84224,10414
6.84532,10413
6.84839,10412
6.86481,10411
6.86795,10410
6.87105,10409
6.89431,10408
6.89751,10407
6.90071,10406
6.9038,10405
6.94402,10404
6.94711,10403
6.95046,10402
6.97382,10401
6.97704,10400
6.98013,10399
7.01365,10398
7.01673,10397
7.01979,10396
7.04337,10395
7.04645,10394
7.04952,10393
7.07277,10392
7.07586,10391
7.07892,10390
7.08198,10389
7.10516,10388
7.10824,10387
7.11129,10386
7.12055,10385
7.12384,10384
7.12706,10383
7.15678,10382
7.16415,10381
7.16926,10380
7.1951,10379
7.19829,10378
7.20153,10377
7.22705,10376
7.23014,10375
7.23324,10374
7.26004,10373
7.26313,10372
7.26621,10371
7.26944,10370
7.28306,10369
7.31921,10368
7.32241,10367
7.32552,10366
7.35007,10365
7.35372,10364
7.35689,10363
7.41546,10362
7.41862,10361
7.42175,10360
7.42528,10359
7.4488,10358
7.45191,10357
7.45498,10356
7.48834,10355
7.49143,10354
7.49452,10353
7.51699,10352
7.52025,10351
7.52336,10350
7.54699,10349
7.55012,10348
7.5532,10347
7.57937,10346
7.58423,10345
7.5874,10344
7.59047,10343
7.62951,10342
7.63301,10341
7.63676,10340
7.67425,10339
7.67734,10338
7.6804,10337
7.70783,10336
7.71092,10335
7.74106,10334
7.74414,10333
7.7677,10332
7.77079,10331
7.77387,10330
7.77694,10329
7.79773,10328
7.80082,10327
7.80387,10326
7.82748,10325
7.83055,10324
7.83362,10323
7.86051,10322
7.86401,10321
7.86769,10320
7.87511,10319
7.87823,10318
7.8813,10317
7.88441,10316
7.93322,10315
7.9363,10314
7.93937,10313
7.96256,10312
7.96563,10311
7.9687,10310
7.99184,10309
7.99493,10308
7.99798,10307
8.02039,10306
8.02348,10305
8.02653,10304
8.02958,10303
8.06315,10302
8.0662,10301
8.06923,10300
8.1024,10299
8.10545,10298
8.10853,10297
8.14205,10296
8.14512,10295
8.1483,10294
8.17788,10293
8.18095,10292
8.1841,10291
8.18714,10290
8.2228,10289
8.22588,10288
8.22892,10287
8.26229,10286
8.2654,10285
8.26843,10284
8.29061,10283
8.29369,10282
8.2968,10281
8.32598,10280
8.33046,10279
8.33355,10278
8.33661,10277
8.3639,10276
8.367,10275
8.37011,10274
8.3957,10273
8.39883,10272
8.4019,10271
8.43158,10270
8.43467,10269
8.43774,10268
8.46428,10267
8.46739,10266
8.47047,10265
8.47352,10264
8.50345,10263
8.50653,10262
8.50964,10261
8.54126,10260
8.54486,10259
8.54794,10258
8.55307,10257
8.55614,10256
8.55918,10255
8.61175,10254
8.61483,10253
8.61884,10252
8.6219,10251
8.6507,10250
8.65376,10249
8.6568,10248
8.68375,10247
8.68693,10246
8.68999,10245
8.71843,10244
8.72152,10243
8.72458,10242
8.75158,10241
8.75467,10240
8.75774,10239
8.76078,10238
8.76424,10237
8.76729,10236
8.77031,10235
8.82321,10234
8.82631,10233
8.82936,10232
8.85526,10231
8.85841,10230
8.86146,10229
8.90417,10228
8.90726,10227
8.91033,10226
8.9134,10225
8.96344,10224
8.96649,10223
8.97125,10222
9.00716,10221
9.01049,10220
9.02382,10219
9.04211,10218
9.04523,10217
9.04829,10216
9.07487,10215
9.0798,10214
9.08288,10213
9.08595,10212
9.11904,10211
9.1221,10210
9.12514,10209
9.14052,10208
9.14356,10207
9.14659,10206
9.20114,10205
9.20421,10204
9.20726,10203
9.23749,10202
9.24056,10201
9.24368,10200
9.24676,10199
9.29095,10198
9.2941,10197
9.29718,10196
9.32166,10195
9.32481,10194
9.32788,10193
9.36265,10192
9.36574,10191
9.36886,10190
9.39764,10189
9.40073,10188
9.40624,10187
9.40965,10186
9.43743,10185
9.44056,10184
9.44378,10183
9.47263,10182
9.47578,10181
9.47882,10180
9.50356,10179
9.50669,10178
9.51118,10177
9.51461,10176
9.51957,10175
9.52277,10174
9.583,10173
9.58618,10172
9.58924,10171
9.59231,10170
9.61555,10169
9.61952,10168
9.62308,10167
9.64474,10166
9.64784,10165
9.6527,10164
9.68794,10163
9.69104,10162
9.69414,10161
9.7163,10160
9.71939,10159
9.72259,10158
9.72569,10157
9.75046,10156
9.75353,10155
9.75657,10154
9.80009,10153
9.8032,10152
9.80625,10151
9.83196,10150
9.83685,10149
9.83993,10148
9.86383,10147
9.86697,10146
9.87002,10145
9.8732,10144
9.90522,10143
9.90831,10142
9.91136,10141
9.93925,10140
9.94234,10139
9.94539,10138
9.97011,10137
9.97318,10136
9.97623,10135
10.0004,10134
10.0035,10133
10.0066,10132
10.0097,10131
10.0455,10130
10.0488,10129
10.0522,10128
10.0787,10127
10.0818,10126
10.0849,10125
10.1082,10124
10.1113,10123
10.1144,10122
10.1331,10121
10.1362,10120
10.1393,10119
10.1423,10118
10.1454,10117
10.1485,10116
10.1515,10115
10.1904,10114
10.1935,10113
10.1967,10112
10.2175,10111
10.2207,10110
10.2237,10109
10.2298,10108
10.2329,10107
10.236,10106
10.2394,10105
10.2918,10104
10.2949,10103
10.298,10102
10.3202,10101
10.3233,10100
10.3264,10099
10.3475,10098
10.3506,10097
10.3538,10096
10.3785,10095
10.3815,10094
10.3848,10093
10.4079,10092
10.4109,10091
10.414,10090
10.4171,10089
10.4345,10088
10.4376,10087
10.4406,10086
10.4612,10085
10.4642,10084
10.4673,10083
10.4893,10082
10.4924,10081
10.4955,10080
10.4987,10079
10.544,10078
10.547,10077
10.5528,10076
10.604,10075
10.607,10074
10.6101,10073
10.652,10072
10.6551,10071
10.6582,10070
10.703,10069
10.7061,10068
10.7092,10067
10.7122,10066
10.739,10065
10.742,10064
10.7451,10063
10.7765,10062
10.7796,10061
10.7826,10060
10.813,10059
10.8163,10058
10.8199,10057
10.8235,10056
10.8266,10055
10.8297,10054
10.8334,10053
10.8873,10052
10.8905,10051
10.8937,10050
10.9598,10049
10.9629,10048
10.9661,10047
11.0151,10046
11.0182,10045
11.0215,10044
11.0586,10043
11.0617,10042
11.0648,10041
11.0966,10040
11.0997,10039
11.1028,10038
11.1059,10037
11.1382,10036
11.1413,10035
11.1443,10034
11.155,10033
11.1581,10032
11.1611,10031
11.1875,10030
11.1906,10029
11.1937,10028
11.2123,10027
11.2159,10026
11.2189,10025
11.222,10024
11.2398,10023
11.2429,10022
11.2468,10021
11.265,10020
11.268,10019
11.2711,10018
11.2776,10017
11.2807,10016
11.2838,10015
11.3168,10014
11.32,10013
11.3231,10012
11.3473,10011
11.3504,10010
11.3535,10009
11.3566,10008
11.3793,10007
11.3824,10006
11.3854,10005
11.4205,10004
11.4272,10003
11.4307,10002
11.4551,10001
11.4582,10000
11.4612,9999
11.4775,9998
11.4808,9997
11.4838,9996
11.4869,9995
11.5073,9994
11.5104,9993
11.5135,9992
11.5418,9991
11.5449,9990
11.548,9989
11.5703,9988
11.5735,9987
11.5767,9986
11.5942,9985
11.5986,9984
11.6033,9983
11.6402,9982
11.6459,9981
11.6492,9980
11.6918,9979
11.701,9978
11.7043,9977
11.7076,9976
11.7117,9975
11.7154,9974
11.7199,9973
11.7812,9972
11.7843,9971
11.7874,9970
11.8059,9969
11.809,9968
11.8125,9967
11.8159,9966
11.819,9965
11.822,9964
11.8251,9963
11.8601,9962
11.8632,9961
11.8662,9960
11.8887,9959
11.8918,9958
11.9251,9957
11.9281,9956
11.9475,9955
11.951,9954
11.9542,9953
11.961,9952
11.9854,9951
11.9885,9950
11.9915,9949
12.0178,9948
12.022,9947
12.029,9946
12.0563,9945
12.0593,9944
12.0624,9943
12.0853,9942
12.0884,9941
12.0914,9940
12.0951,9939
12.1184,9938
12.1214,9937
12.1244,9936
12.148,9935
12.1511,9934
12.1543,9933
12.1779,9932
12.181,9931
12.1841,9930
12.2063,9929
12.2094,9928
12.2125,9927
12.2156,9926
12.2389,9925
12.242,9924
12.2452,9923
12.2608,9922
12.2638,9921
12.2669,9920
12.2825,9919
12.2856,9918
12.2887,9917
12.3168,9916
12.3954,9915
12.3985,9914
12.4017,9913
12.4047,9912
12.4078,9911
12.4109,9910
12.4138,9909
12.4167,9908
12.4198,9907
12.4229,9906
12.4259,9905
12.4289,9904
12.4319,9903
12.4349,9902
12.4438,9901
12.4467,9900
12.4496,9899
12.4526,9898
12.4554,9897
12.4584,9896
12.4613,9895
12.4644,9894
12.4674,9893
12.4704,9892
12.4736,9891
12.4767,9890
12.4798,9889
12.4829,9888
12.5064,9887
12.5094,9886
12.5125,9885
12.5269,9884
12.53,9883
12.533,9882
12.5543,9881
12.5574,9880
12.5604,9879
12.5801,9878
12.5831,9877
12.5862,9876
12.5892,9875
12.6112,9874
12.6143,9873
12.6174,9872
12.6412,9871
12.6443,9870
12.6474,9869
12.6591,9868
12.6623,9867
12.6654,9866
12.7015,9865
12.7046,9864
12.7076,9863
12.7107,9862
12.7423,9861
12.7454,9860
12.7484,9859
12.7803,9858
12.7948,9857
12.7979,9856
12.8131,9855
12.8165,9854
12.8197,9853
12.8491,9852
12.8522,9851
12.8553,9850
12.8584,9849
12.8821,9848
12.8852,9847
12.8882,9846
12.9225,9845
12.9258,9844
12.9289,9843
12.9548,9842
12.9579,9841
12.9614,9840
12.9917,9839
12.9947,9838
12.9978,9837
13.027,9836
13.031,9835
13.0341,9834
13.0607,9833
13.0857,9832
13.0887,9831
13.0918,9830
13.1177,9829
13.1551,9828
13.1582,9827
13.1612,9826
13.1913,9825
13.1943,9824
13.1974,9823
13.2004,9822
13.2247,9821
13.2278,9820
13.2308,9819
13.2539,9818
13.2575,9817
13.2605,9816
13.2837,9815
13.2867,9814
13.2897,9813
13.2928,9812
13.3184,9811
13.3216,9810
13.3246,9809
13.3488,9808
13.3527,9807
13.3557,9806
13.3829,9805
13.387,9804
13.3909,9803
13.441,9802
13.4441,9801
13.4471,9800
13.4502,9799
13.4667,9798
13.4698,9797
13.4733,9796
13.498,9795
13.501,9794
13.5041,9793
13.5277,9792
13.5308,9791
13.5338,9790
13.5686,9789
13.5716,9788
13.5748,9787
13.5778,9786
13.6107,9785
13.6137,9784
13.6167,9783
13.643,9782
13.6461,9781
13.6491,9780
13.6623,9779
13.6653,9778
13.6684,9777
13.6953,9776
13.6985,9775
13.7016,9774
13.7046,9773
13.7355,9772
13.7386,9771
13.7416,9770
13.777,9769
13.7801,9768
13.7831,9767
13.819,9766
13.8221,9765
13.8261,9764
13.8567,9763
13.8598,9762
13.8628,9761
13.8663,9760
13.8895,9759
13.8925,9758
13.9388,9757
13.9419,9756
13.9625,9755
13.9655,9754
13.9686,9753
13.9716,9752
14.0021,9751
14.0053,9750
14.0084,9749
14.0114,9748
14.054,9747
14.0572,9746
14.0603,9745
14.0752,9744
14.0783,9743
14.0814,9742
14.101,9741
14.1041,9740
14.1072,9739
14.1102,9738
14.1349,9737
14.1389,9736
14.1419,9735
14.1495,9734
14.1526,9733
14.1557,9732
14.183,9731
14.1865,9730
14.1896,9729
14.2143,9728
14.2177,9727
14.2208,9726
14.224,9725
14.2303,9724
14.2334,9723
14.2364,9722
14.2597,9721
14.2633,9720
14.2668,9719
14.2893,9718
14.2929,9717
14.296,9716
14.3138,9715
14.3168,9714
14.3199,9713
14.3229,9712
14.3426,9711
14.3456,9710
14.3487,9709
14.3517,9708
14.3548,9707
14.3578,9706
14.3892,9705
14.3923,9704
14.3954,9703
14.4294,9702
14.4325,9701
14.4355,9700
14.4386,9699
14.456,9698
14.4591,9697
14.4621,9696
14.4727,9695
14.4764,9694
14.4795,9693
14.5132,9692
14.5163,9691
14.5194,9690
14.5225,9689
14.5533,9688
14.5564,9687
14.5594,9686
14.5705,9685
14.5735,9684
14.5766,9683
14.6081,9682
14.6297,9681
14.6339,9680
14.6369,9679
14.64,9678
14.6693,9677
14.6724,9676
14.6754,9675
14.6952,9674
14.6982,9673
14.7013,9672
14.7179,9671
14.7209,9670
14.7239,9669
14.7439,9668
14.7469,9667
14.75,9666
14.7531,9665
14.7708,9664
14.7738,9663
14.7768,9662
14.7955,9661
14.7985,9660
14.8015,9659
14.819,9658
14.8221,9657
14.8251,9656
14.8282,9655
14.8468,9654
14.8499,9653
14.8529,9652
14.8716,9651
14.8746,9650
14.8776,9649
14.8957,9648
14.8987,9647
14.9018,9646
14.9202,9645
14.924,9644
14.9466,9643
14.9723,9642
14.9754,9641
14.9784,9640
14.9814,9639
14.9845,9638
14.9875,9637
14.9905,9636
15.038,9635
15.0411,9634
15.0441,9633
15.0575,9632
15.0606,9631
15.064,9630
15.0859,9629
15.0905,9628
15.0947,9627
15.116,9626
15.119,9625
15.122,9624
15.1251,9623
15.1467,9622
15.1497,9621
15.1529,9620
15.1742,9619
15.2015,9618
15.2046,9617
15.2076,9616
15.2106,9615
15.2324,9614
15.2354,9613
15.2384,9612
15.2554,9611
15.2584,9610
15.2615,9609
15.2835,9608
15.2865,9607
15.2895,9606
15.3129,9605
15.3159,9604
15.319,9603
15.322,9602
15.335,9601
15.3381,9600
15.3411,9599
15.3572,9598
15.3606,9597
15.3638,9596
15.3837,9595
15.3868,9594
15.3899,9593
15.399,9592
15.402,9591
15.4234,9590
15.4264,9589
15.4295,9588
15.4618,9587
15.4648,9586
15.4678,9585
15.4886,9584
15.4916,9583
15.5148,9582
15.5178,9581
15.521,9580
15.5346,9579
15.5376,9578
15.5406,9577
15.5587,9576
15.5618,9575
15.5648,9574
15.5678,9573
15.5882,9572
15.5912,9571
15.5942,9570
15.6105,9569
15.6135,9568
15.6166,9567
15.6385,9566
15.6416,9565
15.6446,9564
15.6476,9563
15.6624,9562
15.6654,9561
15.6684,9560
15.6784,9559
15.6815,9558
15.6845,9557
15.7001,9556
15.7032,9555
15.7062,9554
15.7343,9553
15.7374,9552
15.7404,9551
15.7434,9550
15.7594,9549
15.7624,9548
15.7918,9547
15.7948,9546
15.8048,9545
15.8079,9544
15.8116,9543
15.8174,9542
15.8473,9541
15.8503,9540
15.8533,9539
15.8692,9538
15.8723,9537
15.8753,9536
15.896,9535
15.8991,9534
15.9021,9533
15.9232,9532
15.9379,9531
15.9431,9530
15.9461,9529
15.9635,9528
15.9675,9527
15.9705,9526
15.9815,9525
15.9845,9524
15.9875,9523
16.0075,9522
16.0106,9521
16.0138,9520
16.0326,9519
16.0524,9518
16.0555,9517
16.0585,9516
16.0719,9515
16.075,9514
16.0781,9513
16.096,9512
16.0991,9511
16.1021,9510
16.1196,9509
16.1226,9508
16.1257,9507
16.1287,9506
16.1454,9505
16.1485,9504
16.1517,9503
16.1652,9502
16.1682,9501
16.1713,9500
16.1889,9499
16.192,9498
16.195,9497
16.2167,9496
16.2197,9495
16.2447,9494
16.2477,9493
16.2508,9492
16.2651,9491
16.2682,9490
16.2712,9489
16.2845,9488
16.2876,9487
16.2906,9486
16.2936,9485
16.3026,9484
16.3096,9483
16.3126,9482
16.3158,9481
16.3189,9480
16.3219,9479
16.3249,9478
16.3279,9477
16.3309,9476
16.3339,9475
16.3948,9474
16.3979,9473
16.4011,9472
16.4269,9471
16.4341,9470
16.4401,9469
16.4432,9468
16.4462,9467
16.4585,9466
16.4615,9465
16.4765,9464
16.4994,9463
16.5025,9462
16.5055,9461
16.5207,9460
16.5237,9459
16.5267,9458
16.5297,9457
16.5509,9456
16.554,9455
16.557,9454
16.5702,9453
16.5732,9452
16.5762,9451
16.5992,9450
16.6022,9449
16.6053,9448
16.6223,9447
16.6253,9446
16.6284,9445
16.6314,9444
16.6506,9443
16.6537,9442
16.6567,9441
16.6602,9440
16.6632,9439
16.6662,9438
16.6999,9437
16.703,9436
16.706,9435
16.7288,9434
16.7319,9433
16.7349,9432
16.7501,9431
16.7531,9430
16.7561,9429
16.7591,9428
16.7804,9427
16.7835,9426
16.7865,9425
16.8018,9424
16.8048,9423
16.8078,9422
16.8186,9421
16.8217,9420
16.8247,9419
16.8277,9418
16.8608,9417
16.8638,9416
16.8668,9415
16.882,9414
16.8851,9413
16.8881,9412
16.9091,9411
16.9121,9410
16.9152,9409
16.92,9408
16.9388,9407
16.9418,9406
16.9451,9405
16.964,9404
16.967,9403
16.9701,9402
16.9877,9401
16.9907,9400
16.9941,9399
17.0128,9398
17.0158,9397
17.0189,9396
17.0219,9395
17.0399,9394
17.0429,9393
17.046,9392
17.0654,9391
17.0685,9390
17.0715,9389
17.0901,9388
17.0931,9387
17.0961,9386
17.0991,9385
17.1136,9384
17.1167,9383
17.1197,9382
17.1446,9381
17.1476,9380
17.151,9379
17.1832,9378
17.1862,9377
17.1893,9376
17.2023,9375
17.2053,9374
17.2084,9373
17.2114,9372
17.2316,9371
17.2346,9370
17.2376,9369
17.2808,9368
17.2838,9367
17.2868,9366
17.3405,9365
17.3437,9364
17.3468,9363
17.3499,9362
17.3566,9361
17.3596,9360
17.3627,9359
17.3936,9358
17.3967,9357
17.3997,9356
17.4248,9355
17.4278,9354
17.4308,9353
17.4338,9352
17.4676,9351
17.4709,9350
17.4745,9349
17.4997,9348
17.5049,9347
17.5079,9346
17.5326,9345
17.5357,9344
17.5388,9343
17.5602,9342
17.5633,9341
17.5664,9340
17.5695,9339
17.5827,9338
17.5858,9337
17.5895,9336
17.629,9335
17.632,9334
17.635,9333
17.6563,9332
17.6594,9331
17.6625,9330
17.6655,9329
17.6886,9328
17.6917,9327
17.6947,9326
17.7082,9325
17.7112,9324
17.7142,9323
17.7409,9322
17.7451,9321
17.7485,9320
17.77,9319
17.7731,9318
17.7761,9317
17.7791,9316
17.8399,9315
17.8431,9314
17.8463,9313
17.876,9312
17.8791,9311
17.884,9310
17.915,9309
17.9264,9308
17.9294,9307
17.9613,9306
17.9647,9305
17.9685,9304
17.9766,9303
17.9819,9302
17.9871,9301
17.9916,9300
18.023,9299
18.0261,9298
18.029,9297
18.0488,9296
18.0519,9295
18.0549,9294
18.0741,9293
18.0772,9292
18.0803,9291
18.0833,9290
18.1387,9289
18.1436,9288
18.1481,9287
18.1537,9286
18.1571,9285
18.1602,9284
18.1931,9283
18.1962,9282
18.1992,9281
18.2227,9280
18.2258,9279
18.2288,9278
18.2319,9277
18.2565,9276
18.2595,9275
18.2625,9274
18.2846,9273
18.2879,9272
18.2909,9271
18.3065,9270
18.3095,9269
18.3125,9268
18.3155,9267
18.3365,9266
18.3395,9265
18.3425,9264
18.4399,9263
18.4492,9262
18.4523,9261
18.4555,9260
18.4666,9259
18.4698,9258
18.4728,9257
18.4777,9256
18.5013,9255
18.5043,9254
18.5073,9253
18.5229,9252
18.5259,9251
18.5291,9250
18.5461,9249
18.5493,9248
18.5523,9247
18.5553,9246
18.576,9245
18.579,9244
18.5822,9243
18.6001,9242
18.6032,9241
18.6061,9240
18.6244,9239
18.6274,9238
18.6364,9237
18.6438,9236
18.6985,9235
18.7015,9234
18.7045,9233
18.7156,9232
18.7186,9231
18.7216,9230
18.7393,9229
18.7423,9228
18.7455,9227
18.7644,9226
18.7674,9225
18.7704,9224
18.7735,9223
18.7911,9222
18.7942,9221
18.7972,9220
18.8167,9219
18.82,9218
18.823,9217
18.8261,9216
18.829,9215
18.832,9214
18.835,9213
18.8622,9212
18.8652,9211
18.8682,9210
18.9057,9209
18.911,9208
18.914,9207
18.9306,9206
18.9336,9205
18.9366,9204
18.94,9203
18.9613,9202
18.9643,9201
18.9674,9200
18.9828,9199
18.9859,9198
18.9888,9197
19.0098,9196
19.0128,9195
19.0158,9194
19.0188,9193
19.0342,9192
19.0372,9191
19.0403,9190
19.0614,9189
19.0644,9188
19.0674,9187
19.1011,9186
19.1041,9185
19.1076,9184
19.1261,9183
19.1301,9182
19.1332,9181
19.1362,9180
19.1495,9179
19.1525,9178
19.1555,9177
19.1733,9176
19.1763,9175
19.1793,9174
19.1978,9173
19.2009,9172
19.2078,9171
19.2108,9170
19.2282,9169
19.2322,9168
19.2352,9167
19.2799,9166
19.2829,9165
19.286,9164
19.307,9163
19.3101,9162
19.3131,9161
19.3262,9160
19.3292,9159
19.3323,9158
19.3354,9157
19.3588,9156
19.3618,9155
19.3648,9154
19.3678,9153
19.3709,9152
19.3738,9151
19.3768,9150
19.3798,9149
19.3828,9148
19.3858,9147
19.4292,9146
19.4322,9145
19.4352,9144
19.4511,9143
19.4541,9142
19.4571,9141
19.4792,9140
19.4824,9139
19.4889,9138
19.4919,9137
19.5173,9136
19.522,9135
19.5279,9134
19.5322,9133
19.5392,9132
19.5481,9131
19.583,9130
19.586,9129
19.5979,9128
19.6163,9127
19.6194,9126
19.6224,9125
19.637,9124
19.646,9123
19.6623,9122
19.6653,9121
19.6683,9120
19.6813,9119
19.6843,9118
19.6875,9117
19.7105,9116
19.7222,9115
19.738,9114
19.741,9113
19.744,9112
19.7757,9111
19.7795,9110
19.7856,9109
19.8095,9108
19.8125,9107
19.8155,9106
19.8185,9105
19.8403,9104
19.8433,9103
19.8572,9102
19.8665,9101
19.8696,9100
19.8725,9099
19.8859,9098
19.8889,9097
19.8919,9096
19.8949,9095
19.9146,9094
19.9177,9093
19.9221,9092
19.9384,9091
19.9414,9090
19.9444,9089
19.9676,9088
19.9706,9087
19.9865,9086
19.9905,9085
19.9935,9084
19.9968,9083
20.0002,9082
20.0033,9081
20.0063,9080
20.0195,9079
20.0225,9078
20.0767,9077
20.0797,9076
20.1037,9075
20.1067,9074
20.1096,9073
20.1329,9072
20.1359,9071
20.1389,9070
20.1539,9069
20.1569,9068
20.1599,9067
20.1628,9066
20.184,9065
20.187,9064
20.19,9063
20.2118,9062
20.2148,9061
20.2178,9060
20.231,9059
20.234,9058
20.237,9057
20.24,9056
20.2585,9055
20.2614,9054
20.2644,9053
20.283,9052
20.2862,9051
20.2892,9050
20.3076,9049
20.3107,9048
20.3137,9047
20.3168,9046
20.3399,9045
20.3429,9044
20.3463,9043
20.3672,9042
20.3714,9041
20.3744,9040
20.3947,9039
20.3977,9038
20.421,9037
20.424,9036
20.4269,9035
20.4434,9034
20.4464,9033
20.4495,9032
20.4751,9031
20.4781,9030
20.4845,9029
20.4886,9028
20.4916,9027
20.5167,9026
20.5405,9025
20.5667,9024
20.5697,9023
20.6185,9022
20.6215,9021
20.6245,9020
20.6426,9019
20.6456,9018
20.6486,9017
20.6696,9016
20.6725,9015
20.69,9014
20.693,9013
20.6962,9012
20.715,9011
20.718,9010
20.721,9009
20.724,9008
20.737,9007
20.74,9006
20.7431,9005
20.7641,9004
20.7672,9003
20.7702,9002
20.7863,9001
20.7896,9000
20.7945,8999
20.7984,8998
20.8036,8997
20.8073,8996
20.8103,8995
20.852,8994
20.855,8993
20.858,8992
20.8795,8991
20.8825,8990
20.8856,8989
20.8992,8988
20.9022,8987
20.9052,8986
20.9082,8985
20.9325,8984
20.9355,8983
20.9385,8982
20.9519,8981
20.9549,8980
20.9579,8979
20.9815,8978
20.9845,8977
20.9875,8976
20.9905,8975
21.0045,8974
21.0074,8973
21.0105,8972
21.0324,8971
21.0364,8970
21.0395,8969
21.0745,8968
21.0781,8967
21.0811,8966
21.1038,8965
21.1068,8964
21.1286,8963
21.1317,8962
21.1347,8961
21.1563,8960
21.1593,8959
21.1622,8958
21.1652,8957
21.188,8956
21.2059,8955
21.2089,8954
21.2119,8953
21.2373,8952
21.2403,8951
21.2433,8950
21.2462,8949
21.2732,8948
21.2762,8947
21.3319,8946
21.3349,8945
21.3585,8944
21.3617,8943
21.3646,8942
21.3676,8941
21.3803,8940
21.3833,8939
21.3865,8938
21.4088,8937
21.4118,8936
21.4148,8935
21.4303,8934
21.4333,8933
21.4363,8932
21.4392,8931
21.4613,8930
21.4642,8929
21.4672,8928
21.4907,8927
21.4937,8926
21.5067,8925
21.5322,8924
21.5352,8923
21.5382,8922
21.5412,8921
21.5642,8920
21.5672,8919
21.5702,8918
21.59,8917
21.5951,8916
21.5995,8915
21.6098,8914
21.6135,8913
21.6168,8912
21.6459,8911
21.649,8910
21.652,8909
21.655,8908
21.6781,8907
21.6811,8906
21.6841,8905
21.8555,8904
21.8585,8903
21.8615,8902
21.8783,8901
21.8816,8900
21.8846,8899
21.8875,8898
21.9367,8897
21.9397,8896
21.9426,8895
21.9649,8894
21.9713,8893
21.9743,8892
22.0073,8891
22.0103,8890
22.0133,8889
22.0166,8888
22.0434,8887
22.0464,8886
22.0495,8885
22.0859,8884
22.0942,8883
22.0976,8882
22.139,8881
22.142,8880
22.145,8879
22.165,8878
22.1687,8877
22.1717,8876
22.1747,8875
22.1944,8874
22.1985,8873
22.2036,8872
22.2465,8871
22.2638,8870
22.2691,8869
22.2955,8868
22.2986,8867
22.3015,8866
22.3218,8865
22.325,8864
22.3282,8863
22.3318,8862
22.3548,8861
22.358,8860
22.3938,8859
22.3967,8858
22.4138,8857
22.4168,8856
22.4198,8855
22.4227,8854
22.4454,8853
22.4484,8852
22.4514,8851
22.4658,8850
22.4688,8849
22.4718,8848
22.495,8847
22.498,8846
22.5011,8845
22.5041,8844
22.5299,8843
22.533,8842
22.536,8841
22.5555,8840
22.5585,8839
22.5615,8838
22.5645,8837
22.5674,8836
22.6005,8835
22.6035,8834
22.6065,8833
22.6272,8832
22.6302,8831
22.6332,8830
22.6361,8829
22.652,8828
22.6549,8827
22.6581,8826
22.6782,8825
22.6812,8824
22.6842,8823
22.7004,8822
22.7034,8821
22.7087,8820
22.7118,8819
22.7353,8818
22.7383,8817
22.7412,8816
22.7649,8815
22.7679,8814
22.7708,8813
22.778,8812
22.781,8811
22.784,8810
22.8089,8809
22.8118,8808
22.829,8807
22.8322,8806
22.8352,8805
22.8539,8804
22.8632,8803
22.8962,8802
22.8992,8801
22.9022,8800
22.917,8799
22.9246,8798
22.9276,8797
22.947,8796
22.9501,8795
22.953,8794
22.956,8793
22.9766,8792
22.9795,8791
22.9825,8790
22.9958,8789
22.9994,8788
23.0028,8787
23.0168,8786
23.0198,8785
23.0228,8784
23.0258,8783
23.051,8782
23.0768,8781
23.0799,8780
23.0829,8779
23.104,8778
23.107,8777
23.11,8776
23.1129,8775
23.1389,8774
23.1562,8773
23.1592,8772
23.1624,8771
23.1821,8770
23.1852,8769
23.1882,8768
23.1911,8767
23.2075,8766
23.2105,8765
23.2135,8764
23.2332,8763
23.2362,8762
23.2392,8761
23.2542,8760
23.2578,8759
23.2608,8758
23.2637,8757
23.2869,8756
23.29,8755
23.293,8754
23.3068,8753
23.3098,8752
23.3128,8751
23.3328,8750
23.3358,8749
23.3387,8748
23.3417,8747
23.3648,8746
23.3678,8745
23.3709,8744
23.3847,8743
23.3877,8742
23.3907,8741
23.3936,8740
23.4166,8739
23.4196,8738
23.4226,8737
23.4376,8736
23.4406,8735
23.4436,8734
23.4647,8733
23.4677,8732
23.4707,8731
23.4737,8730
23.4932,8729
23.4962,8728
23.4991,8727
23.5162,8726
23.5192,8725
23.5222,8724
23.5652,8723
23.5682,8722
23.5711,8721
23.5741,8720
23.5771,8719
23.58,8718
23.613,8717
23.616,8716
23.6189,8715
23.6219,8714
23.6516,8713
23.6674,8712
23.6704,8711
23.6734,8710
23.6898,8709
23.6929,8708
23.6964,8707
23.6994,8706
23.7187,8705
23.7476,8704
23.7506,8703
23.7536,8702
23.783,8701
23.7861,8700
23.789,8699
23.792,8698
23.795,8697
23.798,8696
23.8009,8695
23.8039,8694
23.8069,8693
23.8304,8692
23.8637,8691
23.8667,8690
23.8697,8689
23.8896,8688
23.8926,8687
23.8955,8686
23.9108,8685
23.9181,8684
23.9226,8683
23.9453,8682
23.9485,8681
23.9686,8680
23.9716,8679
23.9746,8678
23.9776,8677
23.9987,8676
24.0017,8675
24.0047,8674
24.0211,8673
24.0241,8672
24.027,8671
24.0438,8670
24.049,8669
24.052,8668
24.055,8667
24.0752,8666
24.0781,8665
24.0811,8664
24.0987,8663
24.1228,8662
24.1258,8661
24.1288,8660
24.1317,8659
24.1533,8658
24.1563,8657
24.1592,8656
24.1753,8655
24.1784,8654
24.1813,8653
24.2014,8652
24.2045,8651
24.2075,8650
24.2105,8649
24.2292,8648
24.2322,8647
24.2352,8646
24.2557,8645
24.2587,8644
24.2618,8643
24.2651,8642
24.2882,8641
24.3085,8640
24.3115,8639
24.3144,8638
24.3275,8637
24.3305,8636
24.3334,8635
24.3364,8634
24.3542,8633
24.3572,8632
24.3604,8631
24.3856,8630
24.3887,8629
24.3918,8628
24.4122,8627
24.4152,8626
24.4183,8625
24.4213,8624
24.4345,8623
24.4376,8622
24.4408,8621
24.4608,8620
24.4641,8619
24.4671,8618
24.4874,8617
24.4906,8616
24.4936,8615
24.4967,8614
24.5135,8613
24.529,8612
24.5321,8611
24.5352,8610
24.5583,8609
24.5614,8608
24.5643,8607
24.5673,8606
24.5883,8605
24.5912,8604
24.6138,8603
24.6168,8602
24.6388,8601
24.6418,8600
24.6607,8599
24.6637,8598
24.6666,8597
24.693,8596
24.696,8595
24.699,8594
24.7165,8593
24.7195,8592
24.7226,8591
24.7259,8590
24.7454,8589
24.7484,8588
24.7737,8587
24.7767,8586
24.7812,8585
24.7842,8584
24.8173,8583
24.8207,8582
24.8237,8581
24.8427,8580
24.8457,8579
24.8491,8578
24.87,8577
24.873,8576
24.8759,8575
24.8981,8574
24.9011,8573
24.904,8572
24.9181,8571
24.9227,8570
24.95,8569
24.9815,8568
24.9995,8567
25.0025,8566
25.0057,8565
25.0087,8564
25.0142,8563
25.0171,8562
25.0594,8561
25.0624,8560
25.0878,8559
25.0908,8558
25.0937,8557
25.0967,8556
25.1157,8555
25.1187,8554
25.1217,8553
25.1347,8552
25.1377,8551
25.1407,8550
25.1494,8549
25.1534,8548
25.1564,8547
25.1728,8546
25.1758,8545
25.1814,8544
25.1894,8543
25.1924,8542
25.1956,8541
25.1986,8540
25.2015,8539
25.2048,8538
25.2615,8537
25.2646,8536
25.2979,8535
25.3009,8534
25.3106,8533
25.3137,8532
25.341,8531
25.344,8530
25.3469,8529
25.3658,8528
25.3689,8527
25.3719,8526
25.3895,8525
25.3984,8524
25.4131,8523
25.4161,8522
25.419,8521
25.4384,8520
25.4415,8519
25.4445,8518
25.4475,8517
25.4653,8516
25.4683,8515
25.4713,8514
25.5277,8513
25.5306,8512
25.5336,8511
25.5482,8510
25.5512,8509
25.5542,8508
25.581,8507
25.6106,8506
25.6136,8505
25.6168,8504
25.6199,8503
25.6396,8502
25.6426,8501
25.6948,8500
25.6978,8499
25.7009,8498
25.7039,8497
25.7202,8496
25.7231,8495
25.7261,8494
25.7558,8493
25.8082,8492
25.8113,8491
25.8142,8490
25.8172,8489
25.8407,8488
25.8437,8487
25.8466,8486
25.8668,8485
25.8698,8484
25.8728,8483
25.8896,8482
25.8925,8481
25.8955,8480
25.8984,8479
25.9327,8478
25.9356,8477
25.9386,8476
25.9627,8475
25.9657,8474
25.9687,8473
25.9716,8472
25.9748,8471
26.0513,8470
26.0543,8469
26.0572,8468
26.0797,8467
26.0827,8466
26.0858,8465
26.1031,8464
26.106,8463
26.109,8462
26.1323,8461
26.1353,8460
26.1383,8459
26.1413,8458
26.192,8457
26.195,8456
26.198,8455
26.2161,8454
26.2195,8453
26.2224,8452
26.2406,8451
26.2435,8450
26.2465,8449
26.2494,8448
26.2673,8447
26.2918,8446
26.2948,8445
26.2983,8444
26.3212,8443
26.3242,8442
26.3432,8441
26.3462,8440
26.3492,8439
26.3664,8438
26.3694,8437
26.3724,8436
26.3754,8435
26.397,8434
26.4,8433
26.4207,8432
26.4236,8431
26.441,8430
26.4499,8429
26.472,8428
26.475,8427
26.478,8426
26.4991,8425
26.5021,8424
26.5221,8423
26.5251,8422
26.528,8421
26.5443,8420
26.5473,8419
26.5502,8418
26.5702,8417
26.5791,8416
26.5951,8415
26.5981,8414
26.601,8413
26.624,8412
26.627,8411
26.6519,8410
26.6728,8409
26.6758,8408
26.6787,8407
26.6939,8406
26.6969,8405
26.6999,8404
26.7207,8403
26.7238,8402
26.7267,8401
26.7297,8400
26.7453,8399
26.7483,8398
26.7748,8397
26.7778,8396
26.7807,8395
26.8021,8394
26.8051,8393
26.808,8392
26.8477,8391
26.8507,8390
26.8536,8389
26.8738,8388
26.8767,8387
26.8797,8386
26.8958,8385
26.8988,8384
26.9017,8383
26.9047,8382
26.9278,8381
26.9308,8380
26.9338,8379
26.9504,8378
26.9533,8377
26.9563,8376
26.9759,8375
26.9789,8374
26.9819,8373
26.9848,8372
27.0012,8371
27.0042,8370
27.0298,8369
27.0327,8368
27.049,8367
27.0519,8366
27.0548,8365
27.0578,8364
27.1028,8363
27.1057,8362
27.1086,8361
27.1288,8360
27.1317,8359
27.1346,8358
27.1506,8357
27.1536,8356
27.1566,8355
27.1771,8354
27.1801,8353
27.183,8352
27.186,8351
27.2019,8350
27.2048,8349
27.2078,8348
27.2279,8347
27.2309,8346
27.2339,8345
27.2499,8344
27.2529,8343
27.2559,8342
27.2588,8341
27.2793,8340
27.2823,8339
27.2852,8338
27.3011,8337
27.3041,8336
27.307,8335
27.31,8334
27.3305,8333
27.3334,8332
27.3364,8331
27.3524,8330
27.3558,8329
27.3587,8328
27.379,8327
27.382,8326
27.385,8325
27.3879,8324
27.4071,8323
27.41,8322
27.413,8321
27.4304,8320
27.4334,8319
27.4364,8318
27.4555,8317
27.4585,8316
27.4615,8315
27.4644,8314
27.4813,8313
27.4843,8312
27.4872,8311
27.5078,8310
27.5108,8309
27.5138,8308
27.5167,8307
27.5361,8306
27.5391,8305
27.542,8304
27.5609,8303
27.5638,8302
27.5668,8301
27.5825,8300
27.5854,8299
27.5884,8298
27.5913,8297
27.6117,8296
27.6147,8295
27.6176,8294
27.6332,8293
27.6362,8292
27.6396,8291
27.6597,8290
27.6887,8289
27.6917,8288
27.7106,8287
27.7135,8286
27.7165,8285
27.7883,8284
27.7912,8283
27.7942,8282
27.8148,8281
27.8177,8280
27.8206,8279
27.8366,8278
27.8396,8277
27.8431,8276
27.8461,8275
27.868,8274
27.8713,8273
27.8743,8272
27.8911,8271
27.8942,8270
27.9243,8269
27.9279,8268
27.9309,8267
27.9433,8266
27.9463,8265
27.9493,8264
27.976,8263
27.979,8262
27.982,8261
28.0236,8260
28.0265,8259
28.0295,8258
28.0473,8257
28.0503,8256
28.0533,8255
28.0828,8254
28.0858,8253
28.1035,8252
28.1065,8251
28.1094,8250
28.1225,8249
28.1254,8248
28.1284,8247
28.1314,8246
28.6441,8245
28.6473,8244
28.6503,8243
28.6535,8242
28.6684,8241
28.6714,8240
28.6744,8239
28.7076,8238
28.7404,8237
28.7435,8236
28.7464,8235
28.7855,8234
28.8014,8233
28.8045,8232
28.8077,8231
28.8106,8230
28.842,8229
28.8599,8228
28.8628,8227
28.8825,8226
28.8855,8225
28.8885,8224
28.9169,8223
28.9322,8222
28.9352,8221
28.9657,8220
28.9686,8219
28.9719,8218
29.0159,8217
29.0214,8216
29.0244,8215
29.0447,8214
29.0477,8213
29.0506,8212
29.0536,8211
29.0686,8210
29.0717,8209
29.0906,8208
29.0936,8207
29.1634,8206
29.219,8205
29.2245,8204
29.2283,8203
29.2631,8202
29.2671,8201
29.2701,8200
29.31,8199
29.313,8198
29.3159,8197
29.324,8196
29.327,8195
29.3299,8194
29.3328,8193
29.3673,8192
29.3702,8191
29.3732,8190
29.3946,8189
29.3976,8188
29.4005,8187
29.4035,8186
29.4237,8185
29.4266,8184
29.4295,8183
29.5158,8182
29.5188,8181
29.5219,8180
29.5391,8179
29.5421,8178
29.5711,8177
29.5978,8176
29.6007,8175
29.6037,8174
29.6224,8173
29.6253,8172
29.6283,8171
29.6515,8170
29.6545,8169
29.6582,8168
29.6611,8167
29.6823,8166
29.6853,8165
29.7117,8164
29.778,8163
29.781,8162
29.784,8161
29.787,8160
29.7899,8159
29.8209,8158
29.8239,8157
29.8268,8156
29.8297,8155
29.8575,8154
29.8605,8153
29.8634,8152
29.8766,8151
29.8795,8150
29.8825,8149
29.9153,8148
29.9188,8147
29.9218,8146
29.9259,8145
29.9501,8144
29.977,8143
29.98,8142
29.9832,8141
29.9869,8140
29.9898,8139
29.9958,8138
29.9989,8137
30.0019,8136
30.0744,8135
30.0774,8134
30.0808,8133
30.0837,8132
30.1076,8131
30.1106,8130
30.1135,8129
30.1369,8128
30.1399,8127
30.1428,8126
30.1653,8125
30.1684,8124
30.1713,8123
30.1743,8122
30.1978,8121
30.2026,8120
30.2056,8119
30.2326,8118
30.2362,8117
30.2391,8116
30.2485,8115
30.2528,8114
30.2557,8113
30.2587,8112
30.2798,8111
30.2833,8110
30.2863,8109
30.3117,8108
30.3147,8107
30.3314,8106
30.3562,8105
30.3758,8104
30.3788,8103
30.3818,8102
30.3848,8101
30.408,8100
30.4299,8099
30.4329,8098
30.4359,8097
30.4566,8096
30.5254,8095
30.5283,8094
30.5318,8093
30.5542,8092
30.5772,8091
30.586,8090
30.6091,8089
30.67,8088
30.6729,8087
30.6758,8086
30.6957,8085
30.6987,8084
30.7016,8083
30.7186,8082
30.7216,8081
30.7476,8080
30.7506,8079
30.7731,8078
30.776,8077
30.779,8076
30.799,8075
30.8019,8074
30.8049,8073
30.8214,8072
30.8244,8071
30.8498,8070
30.8527,8069
30.8557,8068
30.8704,8067
30.8735,8066
30.8764,8065
30.8991,8064
30.902,8063
30.922,8062
30.9262,8061
30.9292,8060
30.9518,8059
30.9557,8058
30.9772,8057
30.9802,8056
30.9831,8055
31.0052,8054
31.0083,8053
31.0112,8052
31.0338,8051
31.0368,8050
31.0397,8049
31.0537,8048
31.0567,8047
31.0596,8046
31.0626,8045
31.0802,8044
31.0831,8043
31.086,8042
31.1157,8041
31.1188,8040
31.1218,8039
31.1248,8038
31.1439,8037
31.1469,8036
31.1499,8035
31.1581,8034
31.1611,8033
31.1641,8032
31.1852,8031
31.1882,8030
31.1911,8029
31.1941,8028
31.216,8027
31.2382,8026
31.2412,8025
31.2441,8024
31.2477,8023
31.2679,8022
31.2878,8021
31.2909,8020
31.2938,8019
31.3103,8018
31.3673,8017
31.3837,8016
31.3926,8015
31.4159,8014
31.4192,8013
31.4446,8012
31.4753,8011
31.4783,8010
31.4946,8009
31.5047,8008
31.5076,8007
31.5106,8006
31.5882,8005
31.5985,8004
31.6018,8003
31.6047,8002
31.6286,8001
31.6529,8000
31.6558,7999
31.6588,7998
31.682,7997
31.6854,7996
31.7042,7995
31.7071,7994
31.7101,7993
31.743,7992
31.7465,7991
31.7654,7990
31.7683,7989
31.7712,7988
31.7935,7987
31.8025,7986
31.842,7985
31.8938,7984
31.9499,7983
31.9529,7982
31.9852,7981
31.9906,7980
31.9957,7979
31.9989,7978
32.0081,7977
32.0423,7976
32.0455,7975
32.0484,7974
32.0685,7973
32.0732,7972
32.0762,7971
32.0791,7970
32.1273,7969
32.1628,7968
32.1819,7967
32.1848,7966
32.1897,7965
32.205,7964
32.2334,7963
32.2438,7962
32.2467,7961
32.2497,7960
32.2636,7959
32.2665,7958
32.2694,7957
32.2926,7956
32.2956,7955
32.3374,7954
32.3505,7953
32.3535,7952
32.3769,7951
32.3798,7950
32.3827,7949
32.3984,7948
32.4244,7947
32.4274,7946
32.4304,7945
32.4333,7944
32.4508,7943
32.4538,7942
32.4567,7941
32.486,7940
32.5021,7939
32.5051,7938
32.5082,7937
32.5112,7936
32.5299,7935
32.5328,7934
32.5358,7933
32.5537,7932
32.5778,7931
32.5808,7930
32.5838,7929
32.5873,7928
32.6084,7927
32.6113,7926
32.632,7925
32.6349,7924
32.6378,7923
32.7618,7922
32.7718,7921
32.8155,7920
32.8184,7919
32.8214,7918
32.8243,7917
32.8387,7916
32.8416,7915
32.8446,7914
32.8627,7913
32.8657,7912
32.8686,7911
32.89,7910
32.8929,7909
32.9137,7908
32.9167,7907
32.9224,7906
32.9406,7905
32.9436,7904
32.9465,7903
32.9495,7902
32.9693,7901
32.9723,7900
32.9757,7899
33.0003,7898
33.0036,7897
33.0066,7896
33.0095,7895
33.0268,7894
33.0488,7893
33.0715,7892
33.0744,7891
33.0994,7890
33.1285,7889
33.1314,7888
33.1553,7887
33.1582,7886
33.3028,7885
33.3058,7884
33.3727,7883
33.3926,7882
33.4198,7881
33.4229,7880
33.4287,7879
33.4324,7878
33.4566,7877
33.4596,7876
33.5251,7875
33.5598,7874
33.5628,7873
33.5807,7872
33.5839,7871
33.5869,7870
33.5899,7869
33.6454,7868
33.6483,7867
33.6713,7866
33.6744,7865
33.6773,7864
33.6803,7863
33.7006,7862
33.7035,7861
33.7065,7860
33.8951,7859
33.8981,7858
33.9488,7857
33.9519,7856
33.9786,7855
33.9815,7854
34.0214,7853
34.0304,7852
34.0552,7851
34.0822,7850
34.0921,7849
34.1114,7848
34.1143,7847
34.1173,7846
34.1273,7845
34.1303,7844
34.1834,7843
34.1863,7842
34.2235,7841
34.2265,7840
34.2522,7839
34.2727,7838
34.2757,7837
34.2977,7836
34.309,7835
34.318,7834
34.3704,7833
34.3803,7832
34.3832,7831
34.4123,7830
34.4669,7829
34.4698,7828
34.5222,7827
34.5252,7826
34.5281,7825
34.5557,7824
34.5586,7823
34.5743,7822
34.5772,7821
34.5802,7820
34.6023,7819
34.6052,7818
34.6082,7817
34.6286,7816
34.7372,7815
34.773,7814
34.7943,7813
34.8211,7812
34.824,7811
34.8275,7810
34.8304,7809
34.8461,7808
34.85,7807
34.8921,7806
34.8952,7805
34.9178,7804
34.9471,7803
34.9501,7802
34.953,7801
34.9559,7800
35.0337,7799
35.0367,7798
35.1148,7797
35.1178,7796
35.1444,7795
35.1484,7794
35.1513,7793
35.1542,7792
35.1675,7791
35.1927,7790
35.2164,7789
35.2194,7788
35.2957,7787
35.2988,7786
35.3272,7785
35.3435,7784
35.3464,7783
35.3753,7782
35.4061,7781
35.4333,7780
35.4362,7779
35.4497,7778
35.4527,7777
35.4807,7776
35.4838,7775
35.5126,7774
35.5278,7773
35.5995,7772
35.6174,7771
35.6204,7770
35.6248,7769
35.7314,7768
35.7973,7767
35.8002,7766
35.8031,7765
35.8259,7764
35.8788,7763
35.8818,7762
35.9055,7761
35.9186,7760
36.0974,7759
36.1158,7758
36.1187,7757
36.1217,7756
36.1452,7755
36.1695,7754
36.2496,7753
36.2526,7752
36.2726,7751
36.3175,7750
36.3206,7749
36.3677,7748
36.3708,7747
36.3989,7746
36.4019,7745
36.4047,7744
36.4535,7743
36.4604,7742
36.4633,7741
36.4662,7740
36.4767,7739
36.5374,7738
36.5443,7737
36.5473,7736
36.6311,7735
36.6342,7734
36.7338,7733
36.9458,7732
37.4753,7731
37.5743,7730
37.5773,7729
37.6431,7728
37.6466,7727
37.6495,7726
37.6524,7725
37.6743,7724
37.7063,7723
38.0652,7722
38.0682,7721
38.0711,7720
38.074,7719
38.1028,7718
38.1059,7717
38.1088,7716
38.1378,7715
38.1408,7714
38.1617,7713
38.1647,7712
38.1676,7711
38.2285,7710
38.2593,7709
38.3159,7708
38.3188,7707
38.3217,7706
38.3447,7705
38.3703,7704
38.3732,7703
38.3963,7702
38.4193,7701
38.4223,7700
38.4252,7699
38.4282,7698
38.4385,7697
38.4664,7696
38.4758,7695
38.4953,7694
38.4982,7693
38.5011,7692
38.5843,7691
38.5873,7690
38.6027,7689
38.6057,7688
38.6086,7687
38.6116,7686
38.6289,7685
38.6602,7684
38.7285,7683
38.8143,7682
38.8172,7681
38.8351,7680
38.8381,7679
38.841,7678
42.637,7677
42.6582,7676
42.6612,7675
42.9702,7674
46.5928,7673
46.5958,7672
47.0269,7671
47.0477,7670
47.075,7669
47.3347,7668
47.353,7667
47.3568,7666
47.434,7665
47.4369,7664
47.4398,7663
47.4845,7662
47.4875,7661
47.9414,7660
47.9443,7659
47.9793,7658
48.0107,7657
48.1144,7656
48.1184,7655
48.1214,7654
51.101,7653
51.104,7652
51.1562,7651
51.3376,7650
51.3864,7649
51.3894,7648
51.4118,7647
51.4383,7646
51.7382,7645
51.7889,7644
56.5754,7643
56.5922,7642
56.6192,7641
56.6933,7640
56.7213,7639
56.7243,7638
56.7272,7637
56.7318,7636
60.9301,7635
61.1645,7634
61.1674,7633
61.1844,7632
61.2141,7631
61.2172,7630
61.2204,7629
61.3456,7628
67.074,7627
67.0915,7626
67.0946,7625
67.2445,7624
67.2475,7623
67.2932,7622
67.2962,7621
67.3265,7620
67.3432,7619
67.3462,7618
67.3855,7617
67.7784,7616
67.8576,7615
67.9563,7614
68.86,7613
68.8833,7612
70.0033,7611
71.4608,7610
71.4637,7609
71.4845,7608
71.4874,7607
71.4904,7606
72.8685,7605
72.8714,7604
77.2114,7603
77.5621,7602
77.5796,7601
77.5827,7600
77.6068,7599
77.6098,7598
77.793,7597
78.0688,7596
78.0717,7595
78.1195,7594
78.1403,7593
78.1433,7592
78.1461,7591
78.1709,7590
78.1738,7589
78.7646,7588
85.0089,7587
85.0258,7586
85.0825,7585
85.1373,7584
85.1473,7583
85.1503,7582
85.2023,7581
85.2098,7580
86.3529,7579
86.4246,7578
86.443,7577
86.4461,7576
86.4492,7575
88.8344,7574
101.231,7573
101.234,7572
101.253,7571
101.256,7570
109.914,7569
109.917,7568
110.832,7567
110.835,7566
110.928,7565
112.002,7564
112.005,7563
118.482,7562
118.544,7561
119.44,7560
119.461,7559
119.464,7558
119.655,7557
119.722,7556
119.745,7555
119.768,7554
139.885,7553
139.901,7552
139.931,7551
139.94,7550
139.97,7549
139.992,7548
140.916,7547
140.942,7546
140.944,7545
140.947,7544
141.618,7543
141.692,7542
141.716,7541
142.071,7540
142.098,7539
142.234,7538
142.308,7537
142.331,7536
142.397,7535
142.406,7534
142.415,7533
142.437,7532
142.469,7531
142.473,7530
152.307,7529
152.341,7528
152.356,7527
152.359,7526
152.387,7525
174.94,7524
174.944,7523
174.98,7522
174.983,7521
175.02,7520
175.051,7519
182.056,7518
182.072,7517
182.075,7516
182.078,7515
182.106,7514
182.13,7513
182.133,7512
188.037,7511
188.435,7510
188.458,7509
190.185,7508
190.223,7507
190.29,7506
190.409,7505
190.446,7504
190.536,7503
190.545,7502
190.548,7501
190.572,7500
190.575,7499
190.578,7498
190.581,7497
190.617,7496
191.308,7495
191.403,7494
191.485,7493
191.582,7492
208.698,7491
208.701,7490
240.11,7489
240.152,7488
240.165,7487
240.168,7486
240.195,7485
258.512,7484
258.515,7483
261.642,7482
261.666,7481
261.726,7480
261.75,7479
261.774,7478
261.845,7477
271.152,7476
271.203,7475
271.231,7474
271.281,7473
271.301,7472
271.463,7471
271.484,7470
271.493,7469
271.508,7468
271.514,7467
271.517,7466
342.9,7465
343.714,7464
343.843,7463
344.021,7462
344.046,7461
344.062,7460
344.065,7459
345.311,7458
345.412,7457
392.309,7456
392.318,7455
392.346,7454
392.349,7453
392.352,7452
392.474,7451
427.745,7450
427.748,7449
428.52,7448
428.523,7447
465.312,7446
465.315,7445
465.475,7444
465.489,7443
478.281,7442
478.284,7441
482.609,7440
482.612,7439
482.791,7438
482.916,7437
513.404,7436
513.407,7435
529.902,7434
529.905,7433
533.349,7432
533.369,7431
533.372,7430
556.893,7429
559.141,7428
560.238,7427
560.241,7426
631.959,7425
631.998,7424
632.007,7423
632.041,7422
632.044,7421
632.047,7420
632.076,7419
643.095,7418
643.098,7417
643.126,7416
907.655,7415
907.676,7414
907.751,7413
924.835,7412
924.86,7411
924.863,7410
924.866,7409
1079.97,7408
1079.99,7407
1080.02,7406
1080.4,7405
1080.64,7404
1080.76,7403
1080.77,7402
1080.89,7401
1125.77,7400
1125.77,7399
1243.49,7398
1243.82,7397
1243.84,7396
1486.48,7395
1486.51,7394
1486.64,7393
1486.64,7392
1486.65,7391
1486.67,7390
1486.67,7389
1486.68,7388
1636.43,7387
1636.43,7386
1636.45,7385
1636.48,7384
1636.53,7383
1636.54,7382
1636.55,7381
1636.59,7380
2064.13,7379
2064.3,7378
2064.3,7377
2115.7,7376
2116.22,7375
2116.24,7374
2116.25,7373
2116.29,7372
2116.29,7371
2116.29,7370
2116.79,7369
2116.79,7368
2175.08,7367
2175.12,7366
2175.12,7365
2175.2,7364
2175.93,7363
2175.93,7362
2176.1,7361
2176.1,7360
2443.68,7359
2957.36,7358
2961.78,7357
2961.85,7356
2961.85,7355
2961.85,7354
2961.89,7353
2961.92,7352
2961.92,7351
2961.93,7350
2961.93,7349
3133.95,7348
3134.18,7347
3391.98,7346
3392.04,7345
3392.2,7344
3392.23,7343
3392.41,7342
3528.88,7341
3528.99,7340
3529,7339
3529.02,7338
4048.34,7337
4048.36,7336
4048.36,7335
4475.72,7334
4475.74,7333
4475.98,7332
4476.04,7331
4476.05,7330
4476.05,7329
4502.06,7328
4502.11,7327
4502.45,7326
4502.56,7325
4502.6,7324
4502.66,7323
4502.66,7322
5159.84,7321
5159.89,7320
5249.08,7319
5249.1,7318
5249.11,7317
5249.13,7316
5249.46,7315
5346.84,7314
5346.87,7313
6081.49,7312
6081.64,7311
7605.3,7310
7605.51,7309
7605.52,7308
7605.57,7307
9054.66,7306
9054.69,7305
9054.69,7304
10409.3,7303
21194.1,7302
21194.1,7301
21194.1,7300
21194.4,7299
23178.2,7298
23178.2,7297
23178.3,7296
