0.00334703,11022
0.00654501,11021
0.037747,11020
0.0409936,11019
0.0441135,11018
0.0602966,11017
0.0634275,11016
0.078585,11015
0.105395,11014
0.112663,11013
0.117085,11012
0.120458,11011
0.128462,11010
0.142581,11009
0.190858,11008
0.194015,11007
0.197139,11006
0.200253,11005
0.231706,11004
0.234894,11003
0.238004,11002
0.264505,11001
0.267729,11000
0.270827,10999
0.274046,10998
0.27714,10997
0.280223,10996
0.359114,10995
0.37037,10994
0.391295,10993
0.439905,10992
0.443049,10991
0.446204,10990
0.464308,10989
0.467464,10988
0.471017,10987
0.502768,10986
0.50773,10985
0.510884,10984
0.514055,10983
0.537371,10982
0.542279,10981
0.545401,10980
0.566906,10979
0.57004,10978
0.574197,10977
0.604294,10976
0.60741,10975
0.6105,10974
0.633735,10973
0.636949,10972
0.640106,10971
0.663345,10970
0.666594,10969
0.669718,10968
0.672818,10967
0.731062,10966
0.734276,10965
0.737386,10964
0.75115,10963
0.754397,10962
0.758018,10961
0.778839,10960
0.781973,10959
0.7851,10958
0.810767,10957
0.815074,10956
0.818203,10955
0.853787,10954
0.857321,10953
0.860471,10952
0.925232,10951
0.928429,10950
0.9317,10949
0.945296,10948
0.948455,10947
0.951564,10946
0.954728,10945
1.00405,10944
1.00724,10943
1.01045,10942
1.04113,10941
1.04637,10940
1.05155,10939
1.07432,10938
1.07753,10937
1.08144,10936
1.09835,10935
1.10146,10934
1.10484,10933
1.10868,10932
1.11197,10931
1.11564,10930
1.22657,10929
1.22969,10928
1.23281,10927
1.26788,10926
1.27114,10925
1.27429,10924
1.27745,10923
1.30517,10922
1.30829,10921
1.31149,10920
1.46255,10919
1.46567,10918
1.46877,10917
1.49373,10916
1.49711,10915
1.50022,10914
1.57382,10913
1.57893,10912
1.58247,10911
1.59342,10910
1.69993,10909
1.70353,10908
1.70727,10907
1.73226,10906
1.7354,10905
1.73875,10904
1.75657,10903
1.75971,10902
1.76319,10901
1.7663,10900
1.78639,10899
1.78965,10898
1.7928,10897
1.81507,10896
1.81817,10895
1.82127,10894
1.8446,10893
1.84774,10892
1.8509,10891
1.87552,10890
1.88034,10889
1.88349,10888
1.90419,10887
1.90877,10886
1.91187,10885
1.91758,10884
1.93814,10883
1.94131,10882
1.94442,10881
2.00143,10880
2.00467,10879
2.0081,10878
2.0378,10877
2.06394,10876
2.06742,10875
2.07079,10874
2.07404,10873
2.07715,10872
2.12245,10871
2.12672,10870
2.12991,10869
2.13317,10868
2.13646,10867
2.13958,10866
2.1655,10865
2.16864,10864
2.17178,10863
2.175,10862
2.2234,10861
2.2265,10860
2.2296,10859
2.25558,10858
2.2588,10857
2.2619,10856
2.28524,10855
2.28839,10854
2.29166,10853
2.31521,10852
2.31923,10851
2.32248,10850
2.34654,10849
2.34965,10848
2.35275,10847
2.35599,10846
2.39233,10845
2.39548,10844
2.39857,10843
2.42276,10842
2.42708,10841
2.4302,10840
2.44881,10839
2.45273,10838
2.45586,10837
2.54086,10836
2.54399,10835
2.5473,10834
2.57659,10833
2.59352,10832
2.59662,10831
2.59972,10830
2.61303,10829
2.61625,10828
2.61943,10827
2.64239,10826
2.64554,10825
2.64864,10824
2.67219,10823
2.67531,10822
2.6784,10821
2.70319,10820
2.70634,10819
2.70945,10818
2.77019,10817
2.77413,10816
2.7774,10815
2.78063,10814
2.7997,10813
2.80281,10812
2.80591,10811
2.8247,10810
2.8278,10809
2.8309,10808
2.8659,10807
2.86899,10806
2.87207,10805
2.89218,10804
2.89531,10803
2.89844,10802
2.92091,10801
2.92404,10800
2.92716,10799
2.93025,10798
2.95357,10797
2.95673,10796
2.95985,10795
3.00478,10794
3.00942,10793
3.01253,10792
3.03919,10791
3.04234,10790
3.04583,10789
3.06953,10788
3.07275,10787
3.07594,10786
3.08543,10785
3.08856,10784
3.09171,10783
3.12885,10782
3.13201,10781
3.13544,10780
3.13855,10779
3.16345,10778
3.16657,10777
3.16969,10776
3.19285,10775
3.19597,10774
3.19907,10773
3.21232,10772
3.21542,10771
3.2187,10770
3.2426,10769
3.24579,10768
3.24891,10767
3.28009,10766
3.2832,10765
3.28631,10764
3.29171,10763
3.31506,10762
3.31817,10761
3.32134,10760
3.35874,10759
3.36186,10758
3.36493,10757
3.37994,10756
3.38305,10755
3.38614,10754
3.40778,10753
3.41094,10752
3.41412,10751
3.41722,10750
3.44222,10749
3.44534,10748
3.44841,10747
3.47536,10746
3.47859,10745
3.48173,10744
3.50067,10743
3.50383,10742
3.50698,10741
3.53525,10740
3.53888,10739
3.54365,10738
3.56802,10737
3.57158,10736
3.57469,10735
3.58138,10734
3.5845,10733
3.60496,10732
3.60969,10731
3.6334,10730
3.63664,10729
3.63976,10728
3.66578,10727
3.66889,10726
3.67198,10725
3.69591,10724
3.69923,10723
3.70266,10722
3.72174,10721
3.7251,10720
3.72821,10719
3.74816,10718
3.75127,10717
3.7549,10716
3.75998,10715
3.78784,10714
3.79108,10713
3.79419,10712
3.81736,10711
3.82047,10710
3.82355,10709
3.85576,10708
3.8597,10707
3.86282,10706
3.87372,10705
3.87723,10704
3.88033,10703
3.9057,10702
3.91086,10701
3.91706,10700
3.92024,10699
3.94483,10698
3.94799,10697
3.95107,10696
3.97719,10695
3.98028,10694
3.98342,10693
4.01353,10692
4.0167,10691
4.01979,10690
4.04322,10689
4.04635,10688
4.04952,10687
4.0667,10686
4.0698,10685
4.07288,10684
4.07598,10683
4.10398,10682
4.10707,10681
4.11015,10680
4.13469,10679
4.13781,10678
4.14092,10677
4.16578,10676
4.16888,10675
4.17201,10674
4.18685,10673
4.19036,10672
4.19348,10671
4.24333,10670
4.24645,10669
4.24954,10668
4.25301,10667
4.2782,10666
4.28157,10665
4.28468,10664
4.3079,10663
4.31099,10662
4.31411,10661
4.33913,10660
4.34222,10659
4.34539,10658
4.36443,10657
4.36754,10656
4.371,10655
4.37408,10654
4.39821,10653
4.40136,10652
4.40443,10651
4.43085,10650
4.43405,10649
4.43716,10648
4.4605,10647
4.46361,10646
4.46672,10645
4.49847,10644
4.50176,10643
4.50498,10642
4.5286,10641
4.5318,10640
4.5349,10639
4.539,10638
4.56491,10637
4.56821,10636
4.57132,10635
4.59513,10634
4.59826,10633
4.60136,10632
4.62539,10631
4.6285,10630
4.63253,10629
4.63823,10628
4.64133,10627
4.64458,10626
4.68727,10625
4.6908,10624
4.69389,10623
4.69696,10622
4.74613,10621
4.7501,10620
4.75318,10619
4.80119,10618
4.80429,10617
4.80741,10616
4.83062,10615
4.8337,10614
4.83678,10613
4.8658,10612
4.86891,10611
4.87208,10610
4.87627,10609
4.9099,10608
4.913,10607
4.9201,10606
4.947,10605
4.9501,10604
4.95318,10603
4.99138,10602
4.99455,10601
4.99859,10600
5.05698,10599
5.0601,10598
5.06317,10597
5.07641,10596
5.07998,10595
5.08337,10594
5.08663,10593
5.08989,10592
5.09298,10591
5.09607,10590
5.13956,10589
5.1427,10588
5.14581,10587
5.17058,10586
5.17368,10585
5.17678,10584
5.20518,10583
5.20826,10582
5.21131,10581
5.23966,10580
5.24288,10579
5.24599,10578
5.24906,10577
5.25326,10576
5.25653,10575
5.25969,10574
5.30906,10573
5.31286,10572
5.31595,10571
5.34558,10570
5.34934,10569
5.35259,10568
5.38477,10567
5.38789,10566
5.39101,10565
5.41772,10564
5.42083,10563
5.42392,10562
5.42704,10561
5.45292,10560
5.456,10559
5.45908,10558
5.51805,10557
5.52124,10556
5.5245,10555
5.54217,10554
5.54523,10553
5.54829,10552
5.57874,10551
5.58183,10550
5.58491,10549
5.6081,10548
5.6112,10547
5.61428,10546
5.61736,10545
5.64396,10544
5.6471,10543
5.65055,10542
5.6799,10541
5.68306,10540
5.68615,10539
5.71157,10538
5.71473,10537
5.71783,10536
5.73538,10535
5.73847,10534
5.74154,10533
5.78988,10532
5.79306,10531
5.79615,10530
5.79923,10529
5.82246,10528
5.82556,10527
5.82866,10526
5.87903,10525
5.88212,10524
5.88528,10523
5.91748,10522
5.92225,10521
5.92542,10520
5.93637,10519
5.93949,10518
5.94257,10517
5.96585,10516
5.96895,10515
5.97202,10514
5.97508,10513
6.00504,10512
6.00813,10511
6.0112,10510
6.03225,10509
6.03533,10508
6.03839,10507
6.08559,10506
6.08869,10505
6.09184,10504
6.11511,10503
6.11846,10502
6.12164,10501
6.12485,10500
6.15316,10499
6.15622,10498
6.15928,10497
6.18341,10496
6.18647,10495
6.18954,10494
6.21391,10493
6.217,10492
6.22014,10491
6.24533,10490
6.24848,10489
6.25154,10488
6.25469,10487
6.27855,10486
6.28233,10485
6.28545,10484
6.28958,10483
6.29266,10482
6.29573,10481
6.29983,10480
6.30321,10479
6.30735,10478
6.38362,10477
6.38681,10476
6.3901,10475
6.39322,10474
6.39638,10473
6.39947,10472
6.42398,10471
6.42711,10470
6.43019,10469
6.43327,10468
6.45646,10467
6.46125,10466
6.46435,10465
6.50641,10464
6.50951,10463
6.51258,10462
6.53372,10461
6.53682,10460
6.53989,10459
6.56335,10458
6.56659,10457
6.56969,10456
6.57277,10455
6.59832,10454
6.60142,10453
6.60456,10452
6.63285,10451
6.64154,10450
6.6449,10449
6.67739,10448
6.68047,10447
6.68358,10446
6.71784,10445
6.72094,10444
6.72402,10443
6.7271,10442
6.73016,10441
6.73322,10440
6.75581,10439
6.76588,10438
6.76897,10437
6.77209,10436
6.79554,10435
6.79869,10434
6.8018,10433
6.82796,10432
6.83104,10431
6.83415,10430
6.85804,10429
6.86124,10428
6.86443,10427
6.88648,10426
6.88956,10425
6.89263,10424
6.8957,10423
6.9235,10422
6.92661,10421
6.92971,10420
6.95993,10419
6.96328,10418
6.9664,10417
6.98922,10416
6.99228,10415
6.99547,10414
7.02272,10413
7.02583,10412
7.03063,10411
7.03378,10410
7.05725,10409
7.06034,10408
7.0634,10407
7.07167,10406
7.07474,10405
7.07779,10404
7.12809,10403
7.13133,10402
7.13442,10401
7.17138,10400
7.17502,10399
7.17811,10398
7.20406,10397
7.20736,10396
7.21152,10395
7.21466,10394
7.23859,10393
7.24187,10392
7.24609,10391
7.26216,10390
7.26535,10389
7.26864,10388
7.29413,10387
7.29783,10386
7.30091,10385
7.32491,10384
7.32804,10383
7.33125,10382
7.33433,10381
7.37963,10380
7.38302,10379
7.38706,10378
7.42746,10377
7.43061,10376
7.43373,10375
7.45699,10374
7.4601,10373
7.46336,10372
7.49378,10371
7.49697,10370
7.50943,10369
7.53502,10368
7.53809,10367
7.54113,10366
7.54419,10365
7.57484,10364
7.578,10363
7.58108,10362
7.60743,10361
7.61062,10360
7.61388,10359
7.61714,10358
7.62022,10357
7.66247,10356
7.68776,10355
7.69085,10354
7.69398,10353
7.7189,10352
7.72198,10351
7.72507,10350
7.72813,10349
7.75131,10348
7.7544,10347
7.75745,10346
7.77762,10345
7.78074,10344
7.7838,10343
7.80537,10342
7.80844,10341
7.8115,10340
7.83465,10339
7.83773,10338
7.8408,10337
7.84386,10336
7.89083,10335
7.89389,10334
7.89694,10333
7.9236,10332
7.92668,10331
7.92977,10330
7.9404,10329
7.94357,10328
7.94664,10327
7.97147,10326
7.97458,10325
7.97766,10324
7.98074,10323
8.00609,10322
8.00916,10321
8.01224,10320
8.03776,10319
8.04128,10318
8.04437,10317
8.08064,10316
8.08369,10315
8.08673,10314
8.10961,10313
8.1127,10312
8.11577,10311
8.11883,10310
8.14581,10309
8.14889,10308
8.15196,10307
8.18583,10306
8.18888,10305
8.19194,10304
8.22759,10303
8.23074,10302
8.23381,10301
8.24705,10300
8.25021,10299
8.25327,10298
8.25631,10297
8.29986,10296
8.30293,10295
8.30599,10294
8.33535,10293
8.33841,10292
8.34152,10291
8.37088,10290
8.38409,10289
8.38746,10288
8.39928,10287
8.40238,10286
8.40543,10285
8.40847,10284
8.43688,10283
8.43996,10282
8.443,10281
8.46897,10280
8.47204,10279
8.47508,10278
8.52765,10277
8.53093,10276
8.53399,10275
8.5673,10274
8.57037,10273
8.57348,10272
8.57656,10271
8.58502,10270
8.58812,10269
8.59121,10268
8.6204,10267
8.62347,10266
8.63775,10265
8.652,10264
8.65508,10263
8.65815,10262
8.68651,10261
8.6896,10260
8.69266,10259
8.69571,10258
8.72039,10257
8.72346,10256
8.72654,10255
8.75252,10254
8.75557,10253
8.75861,10252
8.79237,10251
8.79707,10250
8.80015,10249
8.82809,10248
8.83183,10247
8.83491,10246
8.86105,10245
8.86573,10244
8.86879,10243
8.87185,10242
8.92341,10241
8.92647,10240
8.92957,10239
8.96659,10238
8.96969,10237
8.97274,10236
9.00654,10235
9.02088,10234
9.02393,10233
9.03919,10232
9.04271,10231
9.08318,10230
9.08624,10229
9.08927,10228
9.11502,10227
9.1181,10226
9.12115,10225
9.176,10224
9.18081,10223
9.18387,10222
9.18698,10221
9.2102,10220
9.21335,10219
9.21641,10218
9.24546,10217
9.2485,10216
9.25171,10215
9.27274,10214
9.27583,10213
9.2789,10212
9.32654,10211
9.33084,10210
9.33398,10209
9.36417,10208
9.36725,10207
9.37033,10206
9.37346,10205
9.38711,10204
9.39017,10203
9.39334,10202
9.42861,10201
9.43169,10200
9.43487,10199
9.45755,10198
9.46062,10197
9.46367,10196
9.48801,10195
9.49109,10194
9.49414,10193
9.49719,10192
9.54076,10191
9.54382,10190
9.54687,10189
9.58158,10188
9.5847,10187
9.58785,10186
9.61106,10185
9.61414,10184
9.61721,10183
9.6611,10182
9.66595,10181
9.66906,10180
9.67221,10179
9.69471,10178
9.69778,10177
9.70085,10176
9.71818,10175
9.72127,10174
9.72433,10173
9.74748,10172
9.75055,10171
9.75399,10170
9.78378,10169
9.78741,10168
9.82271,10167
9.82578,10166
9.82901,10165
9.85244,10164
9.85552,10163
9.85861,10162
9.88353,10161
9.88664,10160
9.90942,10159
9.93544,10158
9.93852,10157
9.94159,10156
9.94481,10155
9.97104,10154
9.98963,10153
9.9927,10152
9.99576,10151
10.0154,10150
10.0185,10149
10.0263,10148
10.0632,10147
10.0663,10146
10.0694,10145
10.0724,10144
10.0908,10143
10.0938,10142
10.0969,10141
10.1209,10140
10.1243,10139
10.1274,10138
10.1492,10137
10.1522,10136
10.1553,10135
10.1903,10134
10.1938,10133
10.1987,10132
10.2193,10131
10.2225,10130
10.2256,10129
10.2286,10128
10.248,10127
10.2511,10126
10.2542,10125
10.2763,10124
10.2794,10123
10.2826,10122
10.3091,10121
10.3122,10120
10.3153,10119
10.3285,10118
10.3316,10117
10.3347,10116
10.3378,10115
10.36,10114
10.366,10113
10.3691,10112
10.3956,10111
10.3987,10110
10.4017,10109
10.4224,10108
10.4254,10107
10.4285,10106
10.4486,10105
10.4517,10104
10.4548,10103
10.4578,10102
10.4833,10101
10.4866,10100
10.4897,10099
10.5094,10098
10.5521,10097
10.5551,10096
10.5784,10095
10.5814,10094
10.5845,10093
10.6373,10092
10.6404,10091
10.6434,10090
10.6464,10089
10.6837,10088
10.6867,10087
10.6898,10086
10.6933,10085
10.6964,10084
10.6995,10083
10.744,10082
10.7471,10081
10.7502,10080
10.7856,10079
10.7905,10078
10.7952,10077
10.7988,10076
10.86,10075
10.8634,10074
10.8665,10073
10.9168,10072
10.9199,10071
10.923,10070
10.9615,10069
10.9646,10068
10.9678,10067
11.0093,10066
11.0125,10065
11.0157,10064
11.0389,10063
11.042,10062
11.0452,10061
11.0484,10060
11.0846,10059
11.0878,10058
11.091,10057
11.1209,10056
11.1253,10055
11.1294,10054
11.159,10053
11.162,10052
11.1651,10051
11.1863,10050
11.1893,10049
11.1924,10048
11.1955,10047
11.2135,10046
11.2166,10045
11.2196,10044
11.2394,10043
11.2425,10042
11.2455,10041
11.2631,10040
11.2662,10039
11.2692,10038
11.2938,10037
11.2975,10036
11.3014,10035
11.3228,10034
11.3259,10033
11.33,10032
11.3332,10031
11.3546,10030
11.3577,10029
11.3608,10028
11.381,10027
11.3841,10026
11.3872,10025
11.4057,10024
11.4089,10023
11.4121,10022
11.4457,10021
11.4496,10020
11.4527,10019
11.4558,10018
11.4718,10017
11.4961,10016
11.5005,10015
11.5036,10014
11.5395,10013
11.5426,10012
11.5456,10011
11.5694,10010
11.5733,10009
11.5764,10008
11.5795,10007
11.6054,10006
11.6099,10005
11.6141,10004
11.6553,10003
11.6612,10002
11.665,10001
11.721,10000
11.7251,9999
11.7322,9998
11.7541,9997
11.7604,9996
11.7848,9995
11.7879,9994
11.8046,9993
11.8077,9992
11.8108,9991
11.814,9990
11.8351,9989
11.8381,9988
11.8412,9987
11.858,9986
11.8611,9985
11.8642,9984
11.8683,9983
11.8714,9982
11.8744,9981
11.9118,9980
11.915,9979
11.9196,9978
11.9583,9977
11.9614,9976
11.9646,9975
11.9677,9974
11.9974,9973
12.0396,9972
12.0427,9971
12.0457,9970
12.0588,9969
12.0621,9968
12.0652,9967
12.0824,9966
12.0862,9965
12.0894,9964
12.093,9963
12.1238,9962
12.1269,9961
12.1303,9960
12.1537,9959
12.1568,9958
12.1599,9957
12.1874,9956
12.1905,9955
12.1935,9954
12.213,9953
12.2161,9952
12.2191,9951
12.2221,9950
12.2445,9949
12.2475,9948
12.2506,9947
12.2735,9946
12.2766,9945
12.2797,9944
12.2982,9943
12.3012,9942
12.3043,9941
12.3073,9940
12.3259,9939
12.329,9938
12.332,9937
12.3386,9936
12.4861,9935
12.4892,9934
12.4923,9933
12.5121,9932
12.5152,9931
12.5183,9930
12.5326,9929
12.5358,9928
12.5394,9927
12.5631,9926
12.5662,9925
12.5694,9924
12.5948,9923
12.5978,9922
12.6009,9921
12.6039,9920
12.6267,9919
12.6298,9918
12.633,9917
12.6669,9916
12.67,9915
12.673,9914
12.6962,9913
12.6992,9912
12.7023,9911
12.7053,9910
12.7287,9909
12.7318,9908
12.7348,9907
12.7622,9906
12.7653,9905
12.7688,9904
12.7809,9903
12.7839,9902
12.787,9901
12.8339,9900
12.837,9899
12.84,9898
12.8431,9897
12.8634,9896
12.8666,9895
12.8697,9894
12.8973,9893
12.9005,9892
12.9035,9891
12.9379,9890
12.9412,9889
12.9443,9888
12.9713,9887
12.9745,9886
12.9778,9885
12.9808,9884
13.004,9883
13.0071,9882
13.0101,9881
13.045,9880
13.048,9879
13.0519,9878
13.0906,9877
13.0942,9876
13.0973,9875
13.1328,9874
13.1359,9873
13.139,9872
13.142,9871
13.1582,9870
13.1613,9869
13.1644,9868
13.1994,9867
13.2024,9866
13.2055,9865
13.2285,9864
13.2316,9863
13.2346,9862
13.2593,9861
13.2625,9860
13.2655,9859
13.2686,9858
13.2934,9857
13.2964,9856
13.2997,9855
13.329,9854
13.3324,9853
13.3354,9852
13.3578,9851
13.3609,9850
13.4223,9849
13.4258,9848
13.4289,9847
13.459,9846
13.4621,9845
13.4652,9844
13.4862,9843
13.4894,9842
13.4924,9841
13.5155,9840
13.5186,9839
13.523,9838
13.5458,9837
13.5539,9836
13.5569,9835
13.56,9834
13.5903,9833
13.5947,9832
13.5978,9831
13.6211,9830
13.6241,9829
13.6272,9828
13.6551,9827
13.6582,9826
13.6612,9825
13.6801,9824
13.6831,9823
13.6861,9822
13.6892,9821
13.7152,9820
13.7183,9819
13.7215,9818
13.7553,9817
13.7583,9816
13.7618,9815
13.795,9814
13.798,9813
13.8011,9812
13.8042,9811
13.8454,9810
13.8485,9809
13.8516,9808
13.8622,9807
13.8652,9806
13.8683,9805
13.9016,9804
13.9047,9803
13.9077,9802
13.9436,9801
13.9513,9800
13.9545,9799
13.9576,9798
13.9832,9797
13.9864,9796
13.9902,9795
13.9932,9794
13.9963,9793
14.0277,9792
14.0308,9791
14.0338,9790
14.062,9789
14.0652,9788
14.0683,9787
14.0907,9786
14.0937,9785
14.0968,9784
14.1174,9783
14.1211,9782
14.1242,9781
14.1272,9780
14.1575,9779
14.1607,9778
14.1643,9777
14.1814,9776
14.1845,9775
14.1875,9774
14.2016,9773
14.2052,9772
14.2087,9771
14.2118,9770
14.2411,9769
14.2442,9768
14.2473,9767
14.2632,9766
14.2663,9765
14.2693,9764
14.2896,9763
14.2926,9762
14.2957,9761
14.3159,9760
14.319,9759
14.322,9758
14.3251,9757
14.3426,9756
14.3457,9755
14.3488,9754
14.368,9753
14.3716,9752
14.3748,9751
14.3926,9750
14.3971,9749
14.4001,9748
14.4245,9747
14.4276,9746
14.4306,9745
14.4337,9744
14.4379,9743
14.4409,9742
14.4439,9741
14.4779,9740
14.481,9739
14.4874,9738
14.5153,9737
14.5184,9736
14.5214,9735
14.5378,9734
14.5409,9733
14.544,9732
14.5472,9731
14.579,9730
14.5821,9729
14.5852,9728
14.6097,9727
14.6128,9726
14.6158,9725
14.6278,9724
14.631,9723
14.634,9722
14.6371,9721
14.6854,9720
14.6884,9719
14.6914,9718
14.7136,9717
14.7337,9716
14.7386,9715
14.7416,9714
14.7604,9713
14.7636,9712
14.7666,9711
14.7697,9710
14.7872,9709
14.7902,9708
14.7932,9707
14.8119,9706
14.815,9705
14.818,9704
14.8342,9703
14.8372,9702
14.8402,9701
14.8432,9700
14.8601,9699
14.8632,9698
14.8662,9697
14.8858,9696
14.8888,9695
14.8923,9694
14.9091,9693
14.9122,9692
14.9152,9691
14.9374,9690
14.9405,9689
14.9435,9688
14.9465,9687
14.963,9686
14.9661,9685
14.9691,9684
14.9976,9683
15.0006,9682
15.0037,9681
15.0232,9680
15.0263,9679
15.0293,9678
15.0417,9677
15.0448,9676
15.0479,9675
15.0509,9674
15.075,9673
15.0802,9672
15.0865,9671
15.1106,9670
15.1136,9669
15.1167,9668
15.1326,9667
15.1356,9666
15.1387,9665
15.1418,9664
15.1637,9663
15.1857,9662
15.1888,9661
15.1919,9660
15.2102,9659
15.2133,9658
15.2163,9657
15.2397,9656
15.2428,9655
15.2458,9654
15.2488,9653
15.267,9652
15.27,9651
15.273,9650
15.3003,9649
15.3033,9648
15.3064,9647
15.3206,9646
15.3236,9645
15.3267,9644
15.3298,9643
15.3517,9642
15.3548,9641
15.3578,9640
15.373,9639
15.376,9638
15.3791,9637
15.4004,9636
15.4034,9635
15.4064,9634
15.427,9633
15.43,9632
15.433,9631
15.436,9630
15.45,9629
15.453,9628
15.4561,9627
15.4782,9626
15.4813,9625
15.4845,9624
15.4996,9623
15.5026,9622
15.5057,9621
15.5088,9620
15.5293,9619
15.5323,9618
15.5353,9617
15.5461,9616
15.5491,9615
15.5522,9614
15.5753,9613
15.5784,9612
15.5814,9611
15.5844,9610
15.6053,9609
15.6083,9608
15.6113,9607
15.627,9606
15.63,9605
15.633,9604
15.6363,9603
15.6393,9602
15.6423,9601
15.6665,9600
15.6695,9599
15.6869,9598
15.6899,9597
15.7075,9596
15.7106,9595
15.7136,9594
15.7246,9593
15.7276,9592
15.7306,9591
15.7508,9590
15.7539,9589
15.7569,9588
15.76,9587
15.7761,9586
15.7792,9585
15.7822,9584
15.8141,9583
15.8172,9582
15.8202,9581
15.8343,9580
15.8374,9579
15.8404,9578
15.8613,9577
15.8643,9576
15.8674,9575
15.8704,9574
15.8858,9573
15.8888,9572
15.8924,9571
15.9063,9570
15.9121,9569
15.9197,9568
15.9399,9567
15.943,9566
15.9484,9565
15.9514,9564
15.9661,9563
15.9692,9562
15.9722,9561
15.991,9560
15.9941,9559
15.9972,9558
16.0161,9557
16.0191,9556
16.0222,9555
16.0436,9554
16.0592,9553
16.0623,9552
16.0653,9551
16.0785,9550
16.0816,9549
16.0846,9548
16.098,9547
16.101,9546
16.104,9545
16.1261,9544
16.1328,9543
16.1359,9542
16.1389,9541
16.1585,9540
16.1616,9539
16.1646,9538
16.1779,9537
16.1809,9536
16.1842,9535
16.206,9534
16.2091,9533
16.2121,9532
16.2301,9531
16.2332,9530
16.2364,9529
16.2394,9528
16.2525,9527
16.2555,9526
16.2587,9525
16.2777,9524
16.2807,9523
16.2837,9522
16.295,9521
16.2981,9520
16.3011,9519
16.3041,9518
16.3131,9517
16.3551,9516
16.3581,9515
16.3611,9514
16.3643,9513
16.3674,9512
16.3704,9511
16.3969,9510
16.3999,9509
16.403,9508
16.4195,9507
16.4226,9506
16.4256,9505
16.4286,9504
16.4454,9503
16.4484,9502
16.452,9501
16.4747,9500
16.4777,9499
16.4807,9498
16.4967,9497
16.4998,9496
16.5028,9495
16.5058,9494
16.5268,9493
16.5298,9492
16.5525,9491
16.5555,9490
16.5734,9489
16.5764,9488
16.5795,9487
16.6004,9486
16.6034,9485
16.6247,9484
16.6278,9483
16.6308,9482
16.6457,9481
16.6487,9480
16.6517,9479
16.6755,9478
16.6788,9477
16.6818,9476
16.6849,9475
16.7065,9474
16.7095,9473
16.7125,9472
16.7353,9471
16.7384,9470
16.7414,9469
16.7548,9468
16.7578,9467
16.7608,9466
16.7638,9465
16.7788,9464
16.7819,9463
16.7849,9462
16.8061,9461
16.8091,9460
16.8121,9459
16.8274,9458
16.8304,9457
16.8335,9456
16.8365,9455
16.8574,9454
16.8604,9453
16.8634,9452
16.8786,9451
16.8816,9450
16.8846,9449
16.9058,9448
16.9088,9447
16.9119,9446
16.9308,9445
16.9338,9444
16.9368,9443
16.9399,9442
16.9429,9441
16.9459,9440
16.9489,9439
16.9802,9438
16.9833,9437
16.9863,9436
17.0039,9435
17.0069,9434
17.01,9433
17.013,9432
17.0161,9431
17.0192,9430
17.0222,9429
17.0519,9428
17.0697,9427
17.0727,9426
17.0758,9425
17.0788,9424
17.1072,9423
17.1102,9422
17.1133,9421
17.1293,9420
17.1324,9419
17.1362,9418
17.1607,9417
17.1638,9416
17.1667,9415
17.1905,9414
17.1935,9413
17.2196,9412
17.2226,9411
17.2422,9410
17.2452,9409
17.2482,9408
17.267,9407
17.2701,9406
17.2731,9405
17.3192,9404
17.3247,9403
17.3278,9402
17.3308,9401
17.3653,9400
17.3683,9399
17.3714,9398
17.3935,9397
17.3967,9396
17.3998,9395
17.4199,9394
17.4229,9393
17.4259,9392
17.4442,9391
17.4651,9390
17.4681,9389
17.4713,9388
17.4961,9387
17.501,9386
17.504,9385
17.5262,9384
17.5292,9383
17.5322,9382
17.5559,9381
17.559,9380
17.562,9379
17.5651,9378
17.5792,9377
17.5824,9376
17.5863,9375
17.5901,9374
17.5954,9373
17.5988,9372
17.6031,9371
17.6065,9370
17.6099,9369
17.6732,9368
17.6762,9367
17.6793,9366
17.7123,9365
17.7154,9364
17.7185,9363
17.7215,9362
17.7541,9361
17.7746,9360
17.7777,9359
17.7807,9358
17.808,9357
17.8134,9356
17.8188,9355
17.8221,9354
17.8262,9353
17.8465,9352
17.8496,9351
17.8839,9350
17.8869,9349
17.8899,9348
17.9222,9347
17.9255,9346
17.9285,9345
18.0024,9344
18.0055,9343
18.0085,9342
18.0115,9341
18.0301,9340
18.0333,9339
18.0364,9338
18.0592,9337
18.0622,9336
18.0652,9335
18.0883,9334
18.0914,9333
18.0944,9332
18.1414,9331
18.1447,9330
18.1486,9329
18.1586,9328
18.1616,9327
18.1945,9326
18.1976,9325
18.2006,9324
18.2254,9323
18.2285,9322
18.2316,9321
18.2356,9320
18.2587,9319
18.2618,9318
18.2647,9317
18.2839,9316
18.2869,9315
18.29,9314
18.3105,9313
18.3135,9312
18.3165,9311
18.3289,9310
18.3379,9309
18.3604,9308
18.4224,9307
18.4266,9306
18.4399,9305
18.443,9304
18.446,9303
18.4655,9302
18.4686,9301
18.4725,9300
18.4757,9299
18.4994,9298
18.5026,9297
18.5056,9296
18.5208,9295
18.5238,9294
18.5269,9293
18.5474,9292
18.5505,9291
18.5535,9290
18.572,9289
18.5751,9288
18.5782,9287
18.5813,9286
18.5995,9285
18.6025,9284
18.6055,9283
18.6212,9282
18.6242,9281
18.6336,9280
18.6902,9279
18.6932,9278
18.6962,9277
18.6993,9276
18.7145,9275
18.7175,9274
18.7205,9273
18.738,9272
18.741,9271
18.744,9270
18.7631,9269
18.7661,9268
18.7691,9267
18.7721,9266
18.7896,9265
18.7926,9264
18.7956,9263
18.8179,9262
18.8209,9261
18.8239,9260
18.8329,9259
18.836,9258
18.839,9257
18.8564,9256
18.8594,9255
18.8624,9254
18.8655,9253
18.9118,9252
18.9212,9251
18.9243,9250
18.938,9249
18.941,9248
18.9443,9247
18.9735,9246
18.9766,9245
18.9936,9244
19.0105,9243
19.0135,9242
19.0471,9241
19.0618,9240
19.0648,9239
19.0679,9238
19.0937,9237
19.0968,9236
19.0998,9235
19.1382,9234
19.1413,9233
19.1443,9232
19.1473,9231
19.1613,9230
19.1643,9229
19.1673,9228
19.1803,9227
19.2079,9226
19.2109,9225
19.2139,9224
19.2168,9223
19.2411,9222
19.2447,9221
19.2496,9220
19.2587,9219
19.2638,9218
19.2669,9217
19.3137,9216
19.3167,9215
19.3197,9214
19.3364,9213
19.3394,9212
19.3424,9211
19.3454,9210
19.3585,9209
19.3616,9208
19.3647,9207
19.3868,9206
19.3898,9205
19.3929,9204
19.4137,9203
19.4168,9202
19.4198,9201
19.4228,9200
19.4399,9199
19.4432,9198
19.4463,9197
19.4593,9196
19.4623,9195
19.4928,9194
19.4958,9193
19.5507,9192
19.554,9191
19.5572,9190
19.5603,9189
19.5691,9188
19.5723,9187
19.5753,9186
19.5974,9185
19.6005,9184
19.6035,9183
19.6219,9182
19.625,9181
19.628,9180
19.631,9179
19.6547,9178
19.6731,9177
19.6761,9176
19.6791,9175
19.6969,9174
19.7,9173
19.7221,9172
19.7251,9171
19.7281,9170
19.7434,9169
19.7464,9168
19.7494,9167
19.7906,9166
19.8002,9165
19.8178,9164
19.8211,9163
19.8241,9162
19.853,9161
19.856,9160
19.859,9159
19.8818,9158
19.8848,9157
19.8878,9156
19.9012,9155
19.9042,9154
19.9072,9153
19.9101,9152
19.9342,9151
19.9372,9150
19.9402,9149
19.9544,9148
19.9574,9147
19.9604,9146
19.9708,9145
19.9738,9144
19.9768,9143
19.9798,9142
20.0209,9141
20.0239,9140
20.0269,9139
20.0452,9138
20.0482,9137
20.0512,9136
20.0678,9135
20.0708,9134
20.0738,9133
20.0768,9132
20.1015,9131
20.1045,9130
20.1076,9129
20.1211,9128
20.1241,9127
20.1271,9126
20.1481,9125
20.1512,9124
20.1542,9123
20.1572,9122
20.1716,9121
20.1746,9120
20.1777,9119
20.1994,9118
20.2024,9117
20.2054,9116
20.2329,9115
20.236,9114
20.239,9113
20.242,9112
20.2592,9111
20.2622,9110
20.2652,9109
20.285,9108
20.2882,9107
20.2912,9106
20.3148,9105
20.3178,9104
20.331,9103
20.334,9102
20.337,9101
20.3523,9100
20.3554,9099
20.3584,9098
20.381,9097
20.384,9096
20.3871,9095
20.4078,9094
20.4109,9093
20.4139,9092
20.4169,9091
20.4367,9090
20.4397,9089
20.4427,9088
20.4594,9087
20.4624,9086
20.4654,9085
20.4784,9084
20.4814,9083
20.4846,9082
20.4877,9081
20.5089,9080
20.5123,9079
20.5153,9078
20.5365,9077
20.5395,9076
20.5425,9075
20.5602,9074
20.5632,9073
20.5663,9072
20.6153,9071
20.6183,9070
20.6358,9069
20.6388,9068
20.6614,9067
20.6644,9066
20.6884,9065
20.6914,9064
20.7105,9063
20.7135,9062
20.7165,9061
20.7335,9060
20.7365,9059
20.7396,9058
20.7426,9057
20.7619,9056
20.7945,9055
20.8336,9054
20.8366,9053
20.8396,9052
20.8617,9051
20.8647,9050
20.8862,9049
20.8892,9048
20.8922,9047
20.9059,9046
20.9089,9045
20.9119,9044
20.9165,9043
20.9394,9042
20.9424,9041
20.9454,9040
20.9662,9039
20.9695,9038
20.9725,9037
20.9979,9036
21.0009,9035
21.0039,9034
21.0068,9033
21.0113,9032
21.0143,9031
21.067,9030
21.0706,9029
21.082,9028
21.085,9027
21.0881,9026
21.1047,9025
21.1077,9024
21.1107,9023
21.1137,9022
21.1335,9021
21.1365,9020
21.1402,9019
21.1573,9018
21.1604,9017
21.1902,9016
21.1933,9015
21.1963,9014
21.2164,9013
21.2195,9012
21.2234,9011
21.2467,9010
21.3039,9009
21.307,9008
21.3099,9007
21.3129,9006
21.3355,9005
21.3384,9004
21.3414,9003
21.3447,9002
21.3477,9001
21.3506,9000
21.3537,8999
21.3566,8998
21.3595,8997
21.3625,8996
21.3654,8995
21.3684,8994
21.3714,8993
21.3943,8992
21.3973,8991
21.4003,8990
21.4033,8989
21.4189,8988
21.4218,8987
21.4249,8986
21.4467,8985
21.4497,8984
21.4527,8983
21.4763,8982
21.4794,8981
21.4823,8980
21.5143,8979
21.5173,8978
21.5499,8977
21.5529,8976
21.5558,8975
21.572,8974
21.575,8973
21.578,8972
21.581,8971
21.6371,8970
21.6403,8969
21.6434,8968
21.6665,8967
21.6695,8966
21.6724,8965
21.6878,8964
21.6908,8963
21.6956,8962
21.6992,8961
21.8566,8960
21.8596,8959
21.8628,8958
21.8733,8957
21.8766,8956
21.9323,8955
21.9874,8954
21.9904,8953
21.9938,8952
22.022,8951
22.025,8950
22.0281,8949
22.0557,8948
22.0597,8947
22.0629,8946
22.1108,8945
22.1139,8944
22.1173,8943
22.1464,8942
22.1495,8941
22.1525,8940
22.1555,8939
22.1795,8938
22.1828,8937
22.1858,8936
22.1959,8935
22.2007,8934
22.205,8933
22.2087,8932
22.2117,8931
22.2147,8930
22.2179,8929
22.3036,8928
22.3066,8927
22.3095,8926
22.3277,8925
22.3628,8924
22.3659,8923
22.3786,8922
22.3816,8921
22.3846,8920
22.4137,8919
22.4167,8918
22.4197,8917
22.4415,8916
22.4446,8915
22.4476,8914
22.4506,8913
22.4642,8912
22.4671,8911
22.4701,8910
22.4964,8909
22.4993,8908
22.5023,8907
22.5153,8906
22.5184,8905
22.5213,8904
22.5243,8903
22.5469,8902
22.5498,8901
22.5528,8900
22.5734,8899
22.5763,8898
22.5793,8897
22.5949,8896
22.5979,8895
22.6009,8894
22.6039,8893
22.6197,8892
22.6226,8891
22.6256,8890
22.646,8889
22.6678,8888
22.6708,8887
22.6738,8886
22.6768,8885
22.6971,8884
22.7001,8883
22.7033,8882
22.724,8881
22.727,8880
22.73,8879
22.7495,8878
22.7525,8877
22.7555,8876
22.7584,8875
22.775,8874
22.778,8873
22.781,8872
22.8006,8871
22.8036,8870
22.8066,8869
22.8232,8868
22.8262,8867
22.8292,8866
22.8322,8865
22.8518,8864
22.8548,8863
22.858,8862
22.8923,8861
22.8953,8860
22.9234,8859
22.9265,8858
22.9294,8857
22.9348,8856
22.9378,8855
22.9407,8854
22.958,8853
22.9611,8852
22.9641,8851
22.9896,8850
22.9941,8849
23.0217,8848
23.0248,8847
23.0278,8846
23.0498,8845
23.0528,8844
23.0558,8843
23.0743,8842
23.0773,8841
23.0803,8840
23.0833,8839
23.0974,8838
23.1004,8837
23.1034,8836
23.1253,8835
23.1426,8834
23.1457,8833
23.1486,8832
23.1517,8831
23.1547,8830
23.1577,8829
23.1788,8828
23.1818,8827
23.1848,8826
23.1999,8825
23.2029,8824
23.2059,8823
23.2089,8822
23.231,8821
23.234,8820
23.237,8819
23.2535,8818
23.2565,8817
23.2595,8816
23.2795,8815
23.2825,8814
23.2854,8813
23.2884,8812
23.3037,8811
23.3068,8810
23.3098,8809
23.3302,8808
23.3332,8807
23.3362,8806
23.3588,8805
23.3618,8804
23.3647,8803
23.3677,8802
23.4102,8801
23.4132,8800
23.4305,8799
23.4335,8798
23.4584,8797
23.4877,8796
23.4907,8795
23.4937,8794
23.5069,8793
23.5099,8792
23.5129,8791
23.5159,8790
23.5374,8789
23.5405,8788
23.5435,8787
23.5623,8786
23.5653,8785
23.5683,8784
23.5859,8783
23.589,8782
23.592,8781
23.5949,8780
23.6238,8779
23.6368,8778
23.6398,8777
23.6429,8776
23.6616,8775
23.6647,8774
23.6676,8773
23.6706,8772
23.687,8771
23.69,8770
23.6931,8769
23.7137,8768
23.7167,8767
23.7197,8766
23.7371,8765
23.7401,8764
23.7431,8763
23.7461,8762
23.7659,8761
23.7689,8760
23.772,8759
23.7889,8758
23.7918,8757
23.7948,8756
23.8137,8755
23.8168,8754
23.8197,8753
23.8227,8752
23.8402,8751
23.8433,8750
23.8463,8749
23.8649,8748
23.8679,8747
23.9034,8746
23.9064,8745
23.9094,8744
23.9142,8743
23.9186,8742
23.9217,8741
23.945,8740
23.9482,8739
23.9511,8738
23.9541,8737
23.9708,8736
23.9761,8735
23.979,8734
23.9972,8733
24.0006,8732
24.0038,8731
24.0354,8730
24.0384,8729
24.042,8728
24.0519,8727
24.055,8726
24.0579,8725
24.0611,8724
24.0798,8723
24.0827,8722
24.0857,8721
24.1048,8720
24.1077,8719
24.1107,8718
24.1137,8717
24.1298,8716
24.1328,8715
24.1358,8714
24.152,8713
24.155,8712
24.158,8711
24.1753,8710
24.1783,8709
24.1813,8708
24.1843,8707
24.2054,8706
24.2091,8705
24.2121,8704
24.231,8703
24.234,8702
24.2369,8701
24.2604,8700
24.2633,8699
24.2765,8698
24.2794,8697
24.3017,8696
24.3047,8695
24.328,8694
24.331,8693
24.3339,8692
24.3849,8691
24.3879,8690
24.3909,8689
24.4015,8688
24.4045,8687
24.4075,8686
24.4106,8685
24.4444,8684
24.4474,8683
24.4504,8682
24.4642,8681
24.4906,8680
24.4951,8679
24.519,8678
24.522,8677
24.5353,8676
24.5491,8675
24.5521,8674
24.5551,8673
24.5681,8672
24.5711,8671
24.5741,8670
24.5771,8669
24.5962,8668
24.5992,8667
24.6021,8666
24.6194,8665
24.6236,8664
24.6265,8663
24.6295,8662
24.648,8661
24.6511,8660
24.6542,8659
24.6728,8658
24.6758,8657
24.6788,8656
24.6989,8655
24.702,8654
24.7049,8653
24.7079,8652
24.7263,8651
24.7292,8650
24.7322,8649
24.7513,8648
24.7542,8647
24.7572,8646
24.7765,8645
24.7794,8644
24.7824,8643
24.7854,8642
24.8035,8641
24.8065,8640
24.8095,8639
24.8294,8638
24.8324,8637
24.8354,8636
24.8519,8635
24.855,8634
24.858,8633
24.8609,8632
24.89,8631
24.894,8630
24.897,8629
24.915,8628
24.9268,8627
24.9298,8626
24.9465,8625
24.9495,8624
24.9524,8623
24.9554,8622
24.9684,8621
24.9714,8620
24.9743,8619
24.9957,8618
24.9987,8617
25.0019,8616
25.0287,8615
25.0317,8614
25.0347,8613
25.0377,8612
25.0707,8611
25.09,8610
25.093,8609
25.096,8608
25.0993,8607
25.1023,8606
25.1053,8605
25.1082,8604
25.1351,8603
25.1381,8602
25.141,8601
25.1477,8600
25.1506,8599
25.1545,8598
25.1634,8597
25.1666,8596
25.1696,8595
25.1725,8594
25.1797,8593
25.2099,8592
25.2129,8591
25.227,8590
25.2299,8589
25.259,8588
25.2621,8587
25.265,8586
25.2816,8585
25.2847,8584
25.2876,8583
25.3134,8582
25.3164,8581
25.3194,8580
25.3224,8579
25.3395,8578
25.3425,8577
25.3455,8576
25.3645,8575
25.3675,8574
25.3705,8573
25.3896,8572
25.3927,8571
25.3957,8570
25.3989,8569
25.4023,8568
25.4053,8567
25.4082,8566
25.4303,8565
25.4335,8564
25.4759,8563
25.4851,8562
25.488,8561
25.4918,8560
25.5052,8559
25.5082,8558
25.5112,8557
25.5142,8556
25.5251,8555
25.5281,8554
25.531,8553
25.541,8552
25.5441,8551
25.5472,8550
25.5613,8549
25.5708,8548
25.6044,8547
25.6073,8546
25.6103,8545
25.6301,8544
25.6335,8543
25.6364,8542
25.6555,8541
25.6735,8540
25.6765,8539
25.6795,8538
25.7003,8537
25.7033,8536
25.7538,8535
25.7568,8534
25.8291,8533
25.8321,8532
25.8351,8531
25.8583,8530
25.8612,8529
25.8642,8528
25.8866,8527
25.8896,8526
25.8926,8525
25.9289,8524
25.9319,8523
25.9348,8522
25.9783,8521
25.9845,8520
26.0053,8519
26.0094,8518
26.0129,8517
26.0341,8516
26.0372,8515
26.0402,8514
26.0951,8513
26.098,8512
26.101,8511
26.1639,8510
26.1912,8509
26.1942,8508
26.1971,8507
26.2422,8506
26.2452,8505
26.2481,8504
26.2639,8503
26.2669,8502
26.2699,8501
26.2728,8500
26.2958,8499
26.2988,8498
26.3017,8497
26.3148,8496
26.3409,8495
26.3438,8494
26.3468,8493
26.3497,8492
26.3706,8491
26.3737,8490
26.3963,8489
26.3993,8488
26.417,8487
26.42,8486
26.423,8485
26.4259,8484
26.4446,8483
26.4475,8482
26.4505,8481
26.4679,8480
26.4711,8479
26.4978,8478
26.5008,8477
26.5037,8476
26.5203,8475
26.5233,8474
26.5262,8473
26.559,8472
26.5678,8471
26.5707,8470
26.5737,8469
26.5766,8468
26.5955,8467
26.5985,8466
26.6015,8465
26.6188,8464
26.6217,8463
26.6248,8462
26.6277,8461
26.6507,8460
26.6537,8459
26.6566,8458
26.6754,8457
26.6784,8456
26.6814,8455
26.6843,8454
26.7015,8453
26.7045,8452
26.7495,8451
26.7526,8450
26.7556,8449
26.7585,8448
26.7773,8447
26.7803,8446
26.7832,8445
26.8007,8444
26.8037,8443
26.8066,8442
26.8252,8441
26.8282,8440
26.8311,8439
26.8545,8438
26.8575,8437
26.8808,8436
26.8838,8435
26.8868,8434
26.8897,8433
26.9036,8432
26.9066,8431
26.9095,8430
26.9428,8429
26.9458,8428
26.9488,8427
26.9552,8426
26.9582,8425
26.9611,8424
26.964,8423
26.9821,8422
26.985,8421
26.988,8420
27.006,8419
27.0089,8418
27.0346,8417
27.0375,8416
27.0405,8415
27.0537,8414
27.0739,8413
27.0769,8412
27.0798,8411
27.0829,8410
27.0859,8409
27.1087,8408
27.1116,8407
27.1146,8406
27.1337,8405
27.1367,8404
27.1396,8403
27.1566,8402
27.1596,8401
27.1629,8400
27.1959,8399
27.1989,8398
27.2294,8397
27.2469,8396
27.2499,8395
27.253,8394
27.2715,8393
27.2745,8392
27.2774,8391
27.2804,8390
27.2981,8389
27.301,8388
27.304,8387
27.307,8386
27.3099,8385
27.3129,8384
27.3158,8383
27.3341,8382
27.3583,8381
27.3614,8380
27.3643,8379
27.3828,8378
27.3857,8377
27.3887,8376
27.3917,8375
27.4095,8374
27.4126,8373
27.4469,8372
27.4499,8371
27.4677,8370
27.4707,8369
27.4736,8368
27.4765,8367
27.4972,8366
27.5002,8365
27.5031,8364
27.5182,8363
27.5212,8362
27.5241,8361
27.551,8360
27.5541,8359
27.5671,8358
27.5701,8357
27.5731,8356
27.5903,8355
27.5932,8354
27.6184,8353
27.6213,8352
27.6243,8351
27.6372,8350
27.6405,8349
27.6435,8348
27.6602,8347
27.6632,8346
27.6661,8345
27.6691,8344
27.7045,8343
27.7651,8342
27.768,8341
27.7912,8340
27.7942,8339
27.8237,8338
27.8267,8337
27.8296,8336
27.8526,8335
27.8556,8334
27.8603,8333
27.8636,8332
27.8845,8331
27.8875,8330
27.9434,8329
27.9463,8328
27.9627,8327
27.9658,8326
27.9688,8325
27.9919,8324
27.9953,8323
27.9983,8322
28.0174,8321
28.0203,8320
28.0233,8319
28.0262,8318
28.0441,8317
28.0471,8316
28.05,8315
28.0627,8314
28.0725,8313
28.0906,8312
28.0935,8311
28.0965,8310
28.1094,8309
28.1124,8308
28.1154,8307
28.1302,8306
28.1331,8305
28.1361,8304
28.139,8303
28.1468,8302
28.1609,8301
28.1639,8300
28.1669,8299
28.1745,8298
28.1777,8297
28.1806,8296
28.1928,8295
28.1957,8294
28.2087,8293
28.2117,8292
28.2146,8291
28.2176,8290
28.2234,8289
28.2263,8288
28.2292,8287
28.2326,8286
28.2355,8285
28.2386,8284
28.2474,8283
28.2503,8282
28.2532,8281
28.2561,8280
28.2593,8279
28.2622,8278
28.2651,8277
28.2681,8276
28.2711,8275
28.2739,8274
28.2825,8273
28.2853,8272
28.2881,8271
28.2909,8270
28.2937,8269
28.2965,8268
28.2994,8267
28.3021,8266
28.3049,8265
28.3077,8264
28.3106,8263
28.3134,8262
28.3162,8261
28.319,8260
28.3218,8259
28.3246,8258
28.3274,8257
28.3301,8256
28.3329,8255
28.3355,8254
28.3382,8253
28.3409,8252
28.3487,8251
28.3513,8250
28.354,8249
28.3567,8248
28.3593,8247
28.7473,8246
28.8104,8245
28.8133,8244
28.8163,8243
28.828,8242
28.8572,8241
28.8858,8240
28.8888,8239
28.8917,8238
28.8946,8237
28.908,8236
28.9109,8235
28.9139,8234
28.9374,8233
28.9405,8232
28.9434,8231
28.957,8230
28.96,8229
28.9698,8228
28.9729,8227
28.9759,8226
29.0208,8225
29.0238,8224
29.0267,8223
29.0296,8222
29.0527,8221
29.0557,8220
29.0587,8219
29.0738,8218
29.0767,8217
29.0797,8216
29.094,8215
29.0976,8214
29.1005,8213
29.1035,8212
29.1309,8211
29.1339,8210
29.1369,8209
29.1645,8208
29.1675,8207
29.1706,8206
29.1975,8205
29.2005,8204
29.2034,8203
29.2063,8202
29.2753,8201
29.291,8200
29.2939,8199
29.3273,8198
29.3302,8197
29.3331,8196
29.3521,8195
29.3556,8194
29.3585,8193
29.3818,8192
29.3849,8191
29.3879,8190
29.3909,8189
29.4154,8188
29.4184,8187
29.4213,8186
29.4444,8185
29.4477,8184
29.4507,8183
29.4536,8182
29.465,8181
29.5019,8180
29.5052,8179
29.5083,8178
29.5113,8177
29.5143,8176
29.6109,8175
29.6138,8174
29.6342,8173
29.6923,8172
29.6953,8171
29.6982,8170
29.7011,8169
29.7465,8168
29.7562,8167
29.7591,8166
29.7766,8165
29.7796,8164
29.7826,8163
29.8146,8162
29.8175,8161
29.8546,8160
29.8576,8159
29.8764,8158
29.8793,8157
30.0056,8156
30.0385,8155
30.0652,8154
30.0683,8153
30.0713,8152
30.0919,8151
30.0949,8150
30.1272,8149
30.1304,8148
30.1334,8147
30.1547,8146
30.1577,8145
30.1606,8144
30.1869,8143
30.1898,8142
30.1928,8141
30.2341,8140
30.2371,8139
30.24,8138
30.243,8137
30.2569,8136
30.2707,8135
30.2737,8134
30.2766,8133
30.2796,8132
30.2974,8131
30.3003,8130
30.3032,8129
30.3226,8128
30.3256,8127
30.3285,8126
30.3401,8125
30.3431,8124
30.346,8123
30.3489,8122
30.3853,8121
30.3883,8120
30.3912,8119
30.4087,8118
30.4116,8117
30.429,8116
30.432,8115
30.435,8114
30.4565,8113
30.4595,8112
30.4624,8111
30.4679,8110
30.4709,8109
30.4739,8108
30.4768,8107
30.4902,8106
30.4931,8105
30.4961,8104
30.513,8103
30.5159,8102
30.5189,8101
30.5402,8100
30.5441,8099
30.5733,8098
30.6059,8097
30.6089,8096
30.6178,8095
30.6569,8094
30.6599,8093
30.6629,8092
30.6826,8091
30.6856,8090
30.6885,8089
30.7155,8088
30.7184,8087
30.735,8086
30.7672,8085
30.7701,8084
30.8238,8083
30.8479,8082
30.8508,8081
30.8537,8080
30.8676,8079
30.8769,8078
30.9256,8077
30.9286,8076
30.9539,8075
30.9568,8074
30.9707,8073
30.9736,8072
30.9766,8071
30.9993,8070
31.0022,8069
31.0052,8068
31.0082,8067
31.0259,8066
31.0289,8065
31.0318,8064
31.0502,8063
31.0741,8062
31.0828,8061
31.1088,8060
31.1118,8059
31.1148,8058
31.1391,8057
31.1422,8056
31.1552,8055
31.1582,8054
31.1611,8053
31.18,8052
31.1831,8051
31.186,8050
31.2063,8049
31.2093,8048
31.2127,8047
31.2157,8046
31.2435,8045
31.26,8044
31.2629,8043
31.2658,8042
31.2689,8041
31.2879,8040
31.2909,8039
31.2938,8038
31.3118,8037
31.3148,8036
31.3177,8035
31.3388,8034
31.3419,8033
31.3449,8032
31.3478,8031
31.3646,8030
31.3676,8029
31.4427,8028
31.4457,8027
31.4487,8026
31.4734,8025
31.4763,8024
31.4895,8023
31.4924,8022
31.5117,8021
31.5147,8020
31.5176,8019
31.5305,8018
31.5335,8017
31.5364,8016
31.5394,8015
31.5636,8014
31.5726,8013
31.6124,8012
31.6212,8011
31.6448,8010
31.6477,8009
31.6507,8008
31.6664,8007
31.6693,8006
31.7245,8005
31.7275,8004
31.7782,8003
31.8061,8002
31.829,8001
31.8319,8000
31.8649,7999
31.8678,7998
31.8708,7997
31.8851,7996
31.8881,7995
31.891,7994
31.91,7993
31.9129,7992
31.9299,7991
31.9347,7990
31.9377,7989
31.9406,7988
31.9625,7987
31.9786,7986
32.026,7985
32.029,7984
32.0321,7983
32.0351,7982
32.0658,7981
32.0852,7980
32.0881,7979
32.091,7978
32.1065,7977
32.1095,7976
32.1146,7975
32.1187,7974
32.144,7973
32.1595,7972
32.1684,7971
32.1858,7970
32.1888,7969
32.1918,7968
32.2115,7967
32.2144,7966
32.2174,7965
32.2478,7964
32.2508,7963
32.2797,7962
32.2945,7961
32.2988,7960
32.3024,7959
32.3059,7958
32.3093,7957
32.3123,7956
32.3155,7955
32.3515,7954
32.3544,7953
32.3696,7952
32.3872,7951
32.3901,7950
32.3931,7949
32.396,7948
32.4049,7947
32.4367,7946
32.4541,7945
32.4573,7944
32.4602,7943
32.4652,7942
32.4689,7941
32.4971,7940
32.5025,7939
32.5054,7938
32.5084,7937
32.5267,7936
32.5297,7935
32.5343,7934
32.5816,7933
32.5846,7932
32.6119,7931
32.638,7930
32.641,7929
32.6818,7928
32.6853,7927
32.6882,7926
32.6911,7925
32.7142,7924
32.7207,7923
32.7262,7922
32.7319,7921
32.7699,7920
32.7735,7919
32.7982,7918
32.8031,7917
32.8061,7916
32.814,7915
32.8228,7914
32.8392,7913
32.8421,7912
32.845,7911
32.861,7910
32.864,7909
32.8669,7908
32.8698,7907
32.8835,7906
32.8865,7905
32.8894,7904
32.9124,7903
32.9683,7902
32.9713,7901
32.9746,7900
32.996,7899
33.0052,7898
33.0275,7897
33.0304,7896
33.0335,7895
33.0545,7894
33.0574,7893
33.0603,7892
33.0772,7891
33.0802,7890
33.0832,7889
33.0862,7888
33.1056,7887
33.1114,7886
33.1143,7885
33.1173,7884
33.1202,7883
33.2201,7882
33.223,7881
33.2374,7880
33.2403,7879
33.2432,7878
33.2857,7877
33.2888,7876
33.2918,7875
33.2948,7874
33.3247,7873
33.3506,7872
33.3537,7871
33.4622,7870
33.4652,7869
33.4885,7868
33.4914,7867
33.4943,7866
33.5254,7865
33.5285,7864
33.5599,7863
33.5857,7862
33.5887,7861
33.6157,7860
33.6194,7859
33.6409,7858
33.6438,7857
33.6467,7856
33.6497,7855
33.6736,7854
33.708,7853
33.7337,7852
33.7366,7851
33.7659,7850
33.7942,7849
33.8031,7848
33.8205,7847
33.8234,7846
33.9101,7845
33.9131,7844
33.9159,7843
33.9592,7842
33.9621,7841
34.015,7840
34.018,7839
34.0447,7838
34.134,7837
34.1375,7836
34.1658,7835
34.1687,7834
34.2011,7833
34.2048,7832
34.2292,7831
34.284,7830
34.3038,7829
34.3073,7828
34.3102,7827
34.3131,7826
34.3296,7825
34.3326,7824
34.3355,7823
34.3563,7822
34.3593,7821
34.4369,7820
34.4413,7819
34.4443,7818
34.4472,7817
34.4694,7816
34.6487,7815
34.6518,7814
34.7624,7813
34.7653,7812
34.8004,7811
34.8194,7810
34.8223,7809
34.8253,7808
34.85,7807
34.8529,7806
34.9109,7805
34.9278,7804
34.9307,7803
35.1338,7802
35.1367,7801
35.1663,7800
35.1692,7799
35.189,7798
35.2124,7797
35.2153,7796
35.2461,7795
35.2697,7794
35.2726,7793
35.2755,7792
35.2785,7791
35.3551,7790
35.358,7789
35.3825,7788
35.3854,7787
35.4373,7786
35.4402,7785
35.4571,7784
35.4661,7783
35.4984,7782
35.5168,7781
35.5555,7780
35.5584,7779
35.5763,7778
35.5792,7777
35.5821,7776
35.5992,7775
35.6021,7774
35.605,7773
35.7274,7772
35.7304,7771
35.7678,7770
35.7708,7769
35.7914,7768
35.9231,7767
35.926,7766
35.9289,7765
35.9729,7764
35.9763,7763
36.0229,7762
36.0847,7761
36.0876,7760
36.0906,7759
36.0935,7758
36.1128,7757
36.1986,7756
36.2161,7755
36.2356,7754
36.3681,7753
36.371,7752
36.399,7751
36.4461,7750
36.4556,7749
36.4585,7748
36.4614,7747
36.4736,7746
36.4946,7745
36.5115,7744
37.0078,7743
37.0108,7742
37.0231,7741
37.026,7740
37.0813,7739
37.0843,7738
37.1067,7737
37.1097,7736
37.1126,7735
37.1463,7734
37.1789,7733
37.1828,7732
37.1858,7731
37.2306,7730
37.2603,7729
37.2826,7728
37.2855,7727
37.2902,7726
37.2931,7725
37.4339,7724
37.4386,7723
37.4634,7722
37.4664,7721
37.4693,7720
37.6935,7719
37.7521,7718
38.1812,7717
38.1933,7716
38.215,7715
38.2239,7714
38.2429,7713
38.2459,7712
38.3937,7711
38.3966,7710
38.4218,7709
38.4248,7708
38.4701,7707
38.4897,7706
39.3105,7705
39.4136,7704
39.4166,7703
39.4195,7702
39.44,7701
39.443,7700
39.5123,7699
39.5152,7698
39.5397,7697
39.5426,7696
39.5766,7695
39.5796,7694
39.5973,7693
39.6973,7692
39.7004,7691
39.7131,7690
39.7516,7689
39.8934,7688
39.8963,7687
39.9164,7686
39.9194,7685
39.9227,7684
39.9256,7683
39.9452,7682
39.9682,7681
39.9928,7680
39.9957,7679
39.9986,7678
40.1808,7677
40.2062,7676
40.7288,7675
41.0898,7674
41.1102,7673
41.1132,7672
41.4141,7671
41.6771,7670
41.6858,7669
41.7092,7668
41.7705,7667
41.9567,7666
41.9597,7665
41.9626,7664
41.9656,7663
41.9684,7662
41.9713,7661
42.0043,7660
42.0072,7659
42.0102,7658
42.0324,7657
42.0353,7656
42.0382,7655
43.3139,7654
43.317,7653
43.3633,7652
43.4123,7651
43.4334,7650
43.4365,7649
43.4394,7648
43.4424,7647
43.5986,7646
43.6824,7645
43.7054,7644
43.7084,7643
43.7328,7642
43.8093,7641
43.8543,7640
43.8572,7639
44.1226,7638
45.6821,7637
45.717,7636
45.7294,7635
45.7382,7634
45.9844,7633
46.0524,7632
46.1046,7631
46.1075,7630
46.1186,7629
46.1511,7628
46.1712,7627
46.2112,7626
46.2976,7625
46.3005,7624
46.3371,7623
56.6266,7622
56.6353,7621
56.705,7620
56.708,7619
56.729,7618
56.8067,7617
56.8096,7616
57.0021,7615
59.3557,7614
59.3587,7613
59.414,7612
59.4335,7611
59.4364,7610
59.4599,7609
59.5386,7608
59.5415,7607
59.5584,7606
59.5614,7605
59.5644,7604
59.7011,7603
59.704,7602
59.7271,7601
59.8333,7600
59.942,7599
59.9593,7598
59.9933,7597
60.0088,7596
60.0177,7595
60.1577,7594
61.9872,7593
62.0757,7592
62.0787,7591
62.1034,7590
62.1064,7589
63.8576,7588
78.141,7587
78.1559,7586
78.1642,7585
78.19,7584
78.1929,7583
78.1958,7582
78.2096,7581
80.2353,7580
80.2641,7579
80.267,7578
88.5709,7577
89.9091,7576
94.4164,7575
94.4392,7574
94.4479,7573
94.4624,7572
94.4655,7571
94.4684,7570
94.4914,7569
95.5221,7568
95.5449,7567
95.5759,7566
95.5789,7565
95.598,7564
98.5064,7563
98.6574,7562
98.6605,7561
98.6756,7560
99.451,7559
99.5304,7558
99.9436,7557
99.9709,7556
99.9738,7555
99.9936,7554
99.9968,7553
99.9997,7552
107.794,7551
111.453,7550
111.456,7549
111.831,7548
112.155,7547
114.258,7546
114.261,7545
114.263,7544
114.266,7543
114.269,7542
114.342,7541
115.381,7540
119.029,7539
119.156,7538
121.053,7537
121.077,7536
121.08,7535
121.129,7534
121.151,7533
121.154,7532
121.157,7531
121.181,7530
121.201,7529
121.299,7528
121.331,7527
161.556,7526
161.559,7525
161.588,7524
164.262,7523
164.268,7522
164.286,7521
164.29,7520
186.806,7519
186.809,7518
187.098,7517
187.136,7516
187.235,7515
187.238,7514
187.243,7513
187.246,7512
187.274,7511
187.278,7510
187.282,7509
187.328,7508
205.345,7507
205.367,7506
205.37,7505
205.373,7504
205.393,7503
205.426,7502
205.445,7501
205.591,7500
205.61,7499
205.639,7498
205.642,7497
205.695,7496
205.765,7495
205.768,7494
205.771,7493
206.02,7492
206.219,7491
206.247,7490
206.86,7489
206.965,7488
206.968,7487
211.867,7486
212.013,7485
243.603,7484
243.627,7483
243.705,7482
243.885,7481
243.888,7480
262.015,7479
318.402,7478
318.421,7477
318.424,7476
318.475,7475
318.532,7474
318.68,7473
318.683,7472
318.701,7471
318.704,7470
318.707,7469
318.735,7468
318.744,7467
318.881,7466
318.93,7465
318.986,7464
319.034,7463
319.037,7462
319.371,7461
319.376,7460
319.379,7459
400.155,7458
400.208,7457
400.228,7456
400.313,7455
400.316,7454
400.318,7453
400.357,7452
400.361,7451
400.416,7450
400.492,7449
400.582,7448
400.585,7447
400.603,7446
400.633,7445
457.777,7444
461.339,7443
461.376,7442
461.681,7441
461.712,7440
461.73,7439
461.739,7438
461.758,7437
463.01,7436
463.243,7435
463.269,7434
463.337,7433
463.35,7432
490.008,7431
490.033,7430
559.478,7429
559.481,7428
559.527,7427
571.393,7426
575.7,7425
575.784,7424
575.814,7423
575.822,7422
576.041,7421
633.001,7420
633.022,7419
641.208,7418
641.23,7417
641.233,7416
641.252,7415
643.229,7414
649.546,7413
649.647,7412
649.66,7411
668.1,7410
668.155,7409
668.438,7408
668.488,7407
668.491,7406
668.494,7405
668.589,7404
686.575,7403
686.578,7402
786.143,7401
786.619,7400
892.565,7399
892.618,7398
892.816,7397
892.841,7396
903.809,7395
937.019,7394
937.041,7393
970.875,7392
1097.26,7391
1097.5,7390
1097.53,7389
1098.21,7388
1098.36,7387
1100.99,7386
1252.37,7385
1252.37,7384
1252.42,7383
1252.44,7382
1310.23,7381
1310.25,7380
1310.26,7379
1310.65,7378
1778.77,7377
1778.88,7376
1779.02,7375
1779.04,7374
2080.69,7373
2810.06,7372
2810.14,7371
3029.21,7370
4022.19,7369
4077.7,7368
4077.71,7367
4077.71,7366
4815.09,7365
4815.09,7364
4815.09,7363
4815.13,7362
4815.17,7361
4815.17,7360
4815.19,7359
4815.2,7358
4832.12,7357
4832.14,7356
4832.14,7355
4832.14,7354
4840.4,7353
4840.4,7352
4840.4,7351
4840.41,7350
6276.34,7349
6276.59,7348
6276.6,7347
6377.94,7346
6377.97,7345
6377.99,7344
6378.03,7343
6378.03,7342
6378.03,7341
6932.65,7340
6932.7,7339
6932.71,7338
14844.3,7337
14844.3,7336
14844.5,7335
14844.5,7334
14844.5,7333
17714.2,7332
17714.2,7331
18910.9,7330
18910.9,7329
18910.9,7328
18910.9,7327
18910.9,7326
18911,7325
18911,7324
18911,7323
