0.00345916,11022
0.00660752,11021
0.0298973,11020
0.0330781,11019
0.0362949,11018
0.0587041,11017
0.0619006,11016
0.0650296,11015
0.06816,11014
0.0802026,11013
0.0833669,11012
0.0865007,11011
0.0896812,11010
0.0928244,11009
0.0959592,11008
0.185651,11007
0.188818,11006
0.19205,11005
0.205486,11004
0.208637,11003
0.211769,11002
0.221391,11001
0.224544,11000
0.227995,10999
0.281064,10998
0.284656,10997
0.287817,10996
0.304475,10995
0.307635,10994
0.310768,10993
0.313882,10992
0.429707,10991
0.432876,10990
0.436051,10989
0.47026,10988
0.473379,10987
0.476478,10986
0.484964,10985
0.488179,10984
0.491303,10983
0.516377,10982
0.519569,10981
0.522694,10980
0.554328,10979
0.557481,10978
0.560806,10977
0.563929,10976
0.607827,10975
0.610951,10974
0.614046,10973
0.631587,10972
0.634713,10971
0.637923,10970
0.6665,10969
0.669676,10968
0.672828,10967
0.69625,10966
0.699387,10965
0.702633,10964
0.747088,10963
0.750215,10962
0.753353,10961
0.778596,10960
0.781744,10959
0.785205,10958
0.788339,10957
0.811558,10956
0.814689,10955
0.817808,10954
0.847231,10953
0.850384,10952
0.853508,10951
0.888207,10950
0.891567,10949
0.904174,10948
0.908036,10947
0.911944,10946
0.915416,10945
0.95428,10944
0.957452,10943
0.990046,10942
1.02622,10941
1.02942,10940
1.03254,10939
1.06159,10938
1.06796,10937
1.07262,10936
1.07584,10935
1.11906,10934
1.12389,10933
1.15853,10932
1.18025,10931
1.18401,10930
1.18844,10929
1.23031,10928
1.23369,10927
1.23687,10926
1.24986,10925
1.25617,10924
1.25932,10923
1.28665,10922
1.29068,10921
1.29382,10920
1.32508,10919
1.33081,10918
1.4605,10917
1.48253,10916
1.48569,10915
1.48882,10914
1.54243,10913
1.54695,10912
1.55386,10911
1.58949,10910
1.59528,10909
1.6027,10908
1.60673,10907
1.61069,10906
1.61482,10905
1.71905,10904
1.72223,10903
1.7256,10902
1.72979,10901
1.74705,10900
1.75284,10899
1.75653,10898
1.77078,10897
1.774,10896
1.77713,10895
1.80116,10894
1.80467,10893
1.80791,10892
1.83366,10891
1.83681,10890
1.83994,10889
1.85667,10888
1.85987,10887
1.86745,10886
1.89173,10885
1.89895,10884
1.90209,10883
1.92897,10882
1.93216,10881
1.9355,10880
1.93865,10879
1.9655,10878
1.96921,10877
1.97346,10876
1.97741,10875
1.98053,10874
1.98371,10873
2.0874,10872
2.0906,10871
2.09376,10870
2.10382,10869
2.10695,10868
2.11007,10867
2.16954,10866
2.17282,10865
2.1762,10864
2.19982,10863
2.20295,10862
2.20605,10861
2.23928,10860
2.24239,10859
2.24552,10858
2.24863,10857
2.27234,10856
2.27547,10855
2.27858,10854
2.3018,10853
2.30503,10852
2.30907,10851
2.33326,10850
2.33645,10849
2.34001,10848
2.35762,10847
2.36073,10846
2.36385,10845
2.40568,10844
2.40881,10843
2.41195,10842
2.42327,10841
2.42641,10840
2.42977,10839
2.4329,10838
2.45903,10837
2.46216,10836
2.55114,10835
2.55426,10834
2.55794,10833
2.56107,10832
2.56419,10831
2.58972,10830
2.61163,10829
2.61477,10828
2.62801,10827
2.63116,10826
2.63427,10825
2.63737,10824
2.66447,10823
2.66757,10822
2.67065,10821
2.69563,10820
2.69885,10819
2.70195,10818
2.74014,10817
2.74697,10816
2.7558,10815
2.8037,10814
2.80689,10813
2.81006,10812
2.8199,10811
2.82306,10810
2.82618,10809
2.84652,10808
2.84966,10807
2.85276,10806
2.85587,10805
2.88836,10804
2.89145,10803
2.89451,10802
2.91795,10801
2.92106,10800
2.92413,10799
2.94754,10798
2.95065,10797
2.95373,10796
2.97567,10795
2.97883,10794
2.98228,10793
2.99312,10792
2.99645,10791
2.99996,10790
3.01069,10789
3.04136,10788
3.04449,10787
3.04764,10786
3.07205,10785
3.07528,10784
3.07839,10783
3.11814,10782
3.12131,10781
3.12442,10780
3.15141,10779
3.15658,10778
3.15978,10777
3.18133,10776
3.1849,10775
3.18803,10774
3.19113,10773
3.21504,10772
3.21817,10771
3.22128,10770
3.24531,10769
3.24844,10768
3.25156,10767
3.27341,10766
3.27655,10765
3.27966,10764
3.30446,10763
3.30758,10762
3.31069,10761
3.33547,10760
3.33864,10759
3.34175,10758
3.34485,10757
3.36259,10756
3.36573,10755
3.36885,10754
3.39124,10753
3.39443,10752
3.39755,10751
3.42197,10750
3.42562,10749
3.4288,10748
3.45526,10747
3.45838,10746
3.46151,10745
3.48079,10744
3.48393,10743
3.48713,10742
3.50897,10741
3.5122,10740
3.51539,10739
3.51854,10738
3.5435,10737
3.54662,10736
3.5498,10735
3.57312,10734
3.57625,10733
3.58099,10732
3.62352,10731
3.62673,10730
3.63032,10729
3.65586,10728
3.65921,10727
3.6626,10726
3.68625,10725
3.68944,10724
3.69256,10723
3.71684,10722
3.71999,10721
3.7231,10720
3.72619,10719
3.74978,10718
3.75293,10717
3.75603,10716
3.77918,10715
3.78228,10714
3.78536,10713
3.80873,10712
3.81185,10711
3.81494,10710
3.83806,10709
3.84119,10708
3.84431,10707
3.85124,10706
3.85437,10705
3.8577,10704
3.8608,10703
3.89733,10702
3.90044,10701
3.90528,10700
3.92024,10699
3.92335,10698
3.93045,10697
3.95874,10696
3.96185,10695
3.96497,10694
3.98334,10693
3.9874,10692
3.99052,10691
4.0179,10690
4.02103,10689
4.02417,10688
4.02728,10687
4.05669,10686
4.05988,10685
4.06297,10684
4.0897,10683
4.09287,10682
4.09601,10681
4.10438,10680
4.10772,10679
4.11085,10678
4.13632,10677
4.1399,10676
4.14302,10675
4.1678,10674
4.171,10673
4.17412,10672
4.17758,10671
4.21325,10670
4.21636,10669
4.21946,10668
4.24244,10667
4.24766,10666
4.25078,10665
4.27473,10664
4.27829,10663
4.28142,10662
4.30643,10661
4.30973,10660
4.31319,10659
4.3391,10658
4.34244,10657
4.34593,10656
4.36085,10655
4.36398,10654
4.36711,10653
4.37022,10652
4.39897,10651
4.4021,10650
4.40712,10649
4.43254,10648
4.43564,10647
4.43874,10646
4.4622,10645
4.46545,10644
4.46861,10643
4.49703,10642
4.50021,10641
4.50346,10640
4.52812,10639
4.53132,10638
4.53469,10637
4.55843,10636
4.56163,10635
4.56475,10634
4.56785,10633
4.59225,10632
4.59546,10631
4.59856,10630
4.61759,10629
4.62069,10628
4.62377,10627
4.66767,10626
4.67261,10625
4.67572,10624
4.6891,10623
4.69225,10622
4.69536,10621
4.72005,10620
4.72323,10619
4.72634,10618
4.72999,10617
4.73314,10616
4.73964,10615
4.7428,10614
4.82108,10613
4.8244,10612
4.8275,10611
4.85251,10610
4.85567,10609
4.882,10608
4.88544,10607
4.88863,10606
4.89174,10605
4.91939,10604
4.92316,10603
4.93018,10602
4.93336,10601
4.95952,10600
4.96263,10599
4.96571,10598
4.99668,10597
4.99976,10596
5.00283,10595
5.07855,10594
5.08167,10593
5.08477,10592
5.10941,10591
5.11251,10590
5.11574,10589
5.14352,10588
5.14672,10587
5.14987,10586
5.15297,10585
5.1733,10584
5.17645,10583
5.17955,10582
5.20925,10581
5.21235,10580
5.21549,10579
5.24269,10578
5.24596,10577
5.24907,10576
5.30699,10575
5.31025,10574
5.31345,10573
5.33765,10572
5.34076,10571
5.34386,10570
5.36721,10569
5.37041,10568
5.37352,10567
5.37659,10566
5.39993,10565
5.40312,10564
5.40623,10563
5.43444,10562
5.43758,10561
5.44071,10560
5.46929,10559
5.4724,10558
5.47553,10557
5.52084,10556
5.54201,10555
5.54519,10554
5.54831,10553
5.55138,10552
5.58846,10551
5.59155,10550
5.5947,10549
5.61137,10548
5.61445,10547
5.61751,10546
5.65074,10545
5.65388,10544
5.65701,10543
5.68338,10542
5.6865,10541
5.6896,10540
5.71369,10539
5.71679,10538
5.71986,10537
5.72294,10536
5.75721,10535
5.76031,10534
5.76351,10533
5.79303,10532
5.79621,10531
5.79929,10530
5.82454,10529
5.82763,10528
5.83071,10527
5.85832,10526
5.86142,10525
5.86451,10524
5.86768,10523
5.9005,10522
5.90362,10521
5.90674,10520
5.94766,10519
5.95078,10518
5.95388,10517
5.97464,10516
5.97786,10515
5.98096,10514
5.99498,10513
5.99808,10512
6.00115,10511
6.02795,10510
6.03107,10509
6.03418,10508
6.03733,10507
6.08915,10506
6.09225,10505
6.09547,10504
6.11048,10503
6.11367,10502
6.11694,10501
6.14118,10500
6.14446,10499
6.14757,10498
6.17328,10497
6.17638,10496
6.1796,10495
6.20304,10494
6.20688,10493
6.20997,10492
6.21305,10491
6.23688,10490
6.24011,10489
6.24323,10488
6.25084,10487
6.25398,10486
6.25717,10485
6.30334,10484
6.30701,10483
6.31247,10482
6.32621,10481
6.32974,10480
6.33287,10479
6.37738,10478
6.38059,10477
6.38368,10476
6.41456,10475
6.41765,10474
6.42206,10473
6.44536,10472
6.44851,10471
6.45161,10470
6.45471,10469
6.47958,10468
6.4827,10467
6.48577,10466
6.49727,10465
6.50036,10464
6.50351,10463
6.52716,10462
6.53038,10461
6.53391,10460
6.56275,10459
6.56604,10458
6.56913,10457
6.57299,10456
6.59776,10455
6.60084,10454
6.60391,10453
6.66234,10452
6.66785,10451
6.67095,10450
6.69544,10449
6.69863,10448
6.70174,10447
6.71502,10446
6.71818,10445
6.7213,10444
6.74641,10443
6.74957,10442
6.75271,10441
6.7558,10440
6.78081,10439
6.78409,10438
6.78717,10437
6.8116,10436
6.81493,10435
6.81803,10434
6.8413,10433
6.84482,10432
6.84792,10431
6.88249,10430
6.88559,10429
6.88866,10428
6.91201,10427
6.9151,10426
6.91825,10425
6.92132,10424
6.96223,10423
6.96533,10422
6.96842,10421
6.99105,10420
6.99415,10419
6.99722,10418
7.01073,10417
7.01383,10416
7.01692,10415
7.04043,10414
7.04366,10413
7.04675,10412
7.07001,10411
7.0738,10410
7.07689,10409
7.07997,10408
7.10376,10407
7.10689,10406
7.11,10405
7.13107,10404
7.13419,10403
7.13736,10402
7.14894,10401
7.15204,10400
7.15542,10399
7.19944,10398
7.22441,10397
7.22762,10396
7.23074,10395
7.23382,10394
7.27416,10393
7.27736,10392
7.28058,10391
7.30393,10390
7.30715,10389
7.31026,10388
7.33434,10387
7.33744,10386
7.34062,10385
7.36426,10384
7.36741,10383
7.37052,10382
7.37651,10381
7.42085,10380
7.42404,10379
7.42715,10378
7.44896,10377
7.45202,10376
7.45516,10375
7.47865,10374
7.48177,10373
7.48486,10372
7.53422,10371
7.54033,10370
7.54344,10369
7.5666,10368
7.56969,10367
7.57277,10366
7.57585,10365
7.60108,10364
7.60415,10363
7.6072,10362
7.63077,10361
7.63386,10360
7.63704,10359
7.6783,10358
7.68189,10357
7.68499,10356
7.70954,10355
7.71315,10354
7.71701,10353
7.74035,10352
7.74347,10351
7.74656,10350
7.74964,10349
7.76724,10348
7.77063,10347
7.77384,10346
7.7977,10345
7.80085,10344
7.80446,10343
7.82914,10342
7.83242,10341
7.83557,10340
7.86625,10339
7.86959,10338
7.87275,10337
7.88586,10336
7.88908,10335
7.89238,10334
7.89545,10333
7.90941,10332
7.91382,10331
7.91692,10330
7.95552,10329
7.95909,10328
7.96219,10327
7.99625,10326
7.99934,10325
8.00242,10324
8.0274,10323
8.03051,10322
8.03358,10321
8.03663,10320
8.06215,10319
8.06528,10318
8.06834,10317
8.10291,10316
8.10597,10315
8.10902,10314
8.15196,10313
8.15503,10312
8.15813,10311
8.19089,10310
8.19399,10309
8.19705,10308
8.20009,10307
8.23404,10306
8.2371,10305
8.24015,10304
8.27018,10303
8.27345,10302
8.2772,10301
8.29943,10300
8.30299,10299
8.30608,10298
8.33731,10297
8.34042,10296
8.34349,10295
8.34657,10294
8.37408,10293
8.3773,10292
8.38038,10291
8.40187,10290
8.40496,10289
8.40805,10288
8.43553,10287
8.43869,10286
8.44343,10285
8.46943,10284
8.47253,10283
8.47563,10282
8.50133,10281
8.50441,10280
8.50746,10279
8.54389,10278
8.54699,10277
8.55009,10276
8.55318,10275
8.55624,10274
8.55935,10273
8.5989,10272
8.60201,10271
8.60517,10270
8.60826,10269
8.63419,10268
8.63728,10267
8.64041,10266
8.66748,10265
8.671,10264
8.6741,10263
8.7007,10262
8.70379,10261
8.70685,10260
8.73534,10259
8.73847,10258
8.74789,10257
8.75104,10256
8.7907,10255
8.82109,10254
8.82418,10253
8.82725,10252
8.84385,10251
8.84694,10250
8.85004,10249
8.88266,10248
8.88574,10247
8.88882,10246
8.8919,10245
8.92451,10244
8.92772,10243
8.93186,10242
8.98893,10241
8.99308,10240
8.99616,10239
9.02269,10238
9.02577,10237
9.02882,10236
9.0695,10235
9.0726,10234
9.07568,10233
9.10344,10232
9.10664,10231
9.10983,10230
9.11292,10229
9.14039,10228
9.14347,10227
9.17486,10226
9.19628,10225
9.19941,10224
9.20248,10223
9.23013,10222
9.23328,10221
9.23633,10220
9.2701,10219
9.27338,10218
9.27643,10217
9.27964,10216
9.31409,10215
9.31718,10214
9.32028,10213
9.35561,10212
9.35871,10211
9.36177,10210
9.38866,10209
9.39185,10208
9.39517,10207
9.4189,10206
9.42205,10205
9.42535,10204
9.42844,10203
9.45997,10202
9.46306,10201
9.46622,10200
9.49054,10199
9.49371,10198
9.49807,10197
9.52148,10196
9.52469,10195
9.52779,10194
9.5703,10193
9.57378,10192
9.57688,10191
9.60185,10190
9.60495,10189
9.60803,10188
9.61115,10187
9.63475,10186
9.6378,10185
9.64084,10184
9.66264,10183
9.66573,10182
9.66881,10181
9.70719,10180
9.71213,10179
9.71521,10178
9.73835,10177
9.74145,10176
9.74454,10175
9.74761,10174
9.77121,10173
9.77428,10172
9.81114,10171
9.81811,10170
9.82119,10169
9.82427,10168
9.84376,10167
9.84683,10166
9.84989,10165
9.87303,10164
9.87617,10163
9.87923,10162
9.88246,10161
9.90317,10160
9.90628,10159
9.90939,10158
9.94905,10157
9.9521,10156
9.95593,10155
9.98066,10154
9.98374,10153
9.98686,10152
10.01,10151
10.0131,10150
10.0163,10149
10.0442,10148
10.0479,10147
10.051,10146
10.0542,10145
10.08,10144
10.083,10143
10.0861,10142
10.1116,10141
10.1148,10140
10.1179,10139
10.1404,10138
10.1436,10137
10.1467,10136
10.1809,10135
10.184,10134
10.1871,10133
10.1901,10132
10.2137,10131
10.2168,10130
10.2199,10129
10.2361,10128
10.2391,10127
10.2426,10126
10.2663,10125
10.2694,10124
10.2725,10123
10.2786,10122
10.2819,10121
10.2851,10120
10.3161,10119
10.3192,10118
10.3222,10117
10.3253,10116
10.3529,10115
10.356,10114
10.3591,10113
10.3834,10112
10.3865,10111
10.3896,10110
10.4271,10109
10.4302,10108
10.4334,10107
10.4538,10106
10.4569,10105
10.4617,10104
10.4648,10103
10.483,10102
10.4865,10101
10.4896,10100
10.5104,10099
10.5135,10098
10.5166,10097
10.5392,10096
10.5423,10095
10.5453,10094
10.61,10093
10.613,10092
10.6161,10091
10.6191,10090
10.6634,10089
10.6665,10088
10.6695,10087
10.7178,10086
10.7223,10085
10.7254,10084
10.7529,10083
10.756,10082
10.7591,10081
10.7791,10080
10.7822,10079
10.7874,10078
10.8172,10077
10.8203,10076
10.8239,10075
10.8272,10074
10.882,10073
10.8851,10072
10.8882,10071
10.9646,10070
10.9677,10069
10.9708,10068
11.0018,10067
11.0049,10066
11.008,10065
11.0338,10064
11.037,10063
11.0403,10062
11.0823,10061
11.0854,10060
11.0894,10059
11.0926,10058
11.1226,10057
11.1258,10056
11.1524,10055
11.1579,10054
11.1807,10053
11.1838,10052
11.1868,10051
11.2048,10050
11.2079,10049
11.211,10048
11.23,10047
11.2332,10046
11.2363,10045
11.2394,10044
11.258,10043
11.2613,10042
11.2644,10041
11.2822,10040
11.2853,10039
11.2884,10038
11.3221,10037
11.3252,10036
11.3283,10035
11.3454,10034
11.3485,10033
11.3516,10032
11.3547,10031
11.3766,10030
11.3797,10029
11.3827,10028
11.403,10027
11.4061,10026
11.4092,10025
11.4419,10024
11.4458,10023
11.4488,10022
11.4714,10021
11.4745,10020
11.4775,10019
11.4806,10018
11.4987,10017
11.5018,10016
11.5049,10015
11.5422,10014
11.5454,10013
11.5486,10012
11.5724,10011
11.5754,10010
11.5785,10009
11.5987,10008
11.6018,10007
11.6102,10006
11.6448,10005
11.6526,10004
11.6581,10003
11.6806,10002
11.6852,10001
11.6903,10000
11.6941,9999
11.6974,9998
11.7008,9997
11.7041,9996
11.7836,9995
11.7881,9994
11.7947,9993
11.8044,9992
11.8075,9991
11.8106,9990
11.8274,9989
11.8304,9988
11.8337,9987
11.8497,9986
11.8528,9985
11.8558,9984
11.8791,9983
11.8827,9982
11.8861,9981
11.8893,9980
11.9072,9979
11.9103,9978
11.9134,9977
11.9469,9976
11.9501,9975
11.9531,9974
11.9809,9973
11.984,9972
11.9871,9971
12.0087,9970
12.0122,9969
12.0177,9968
12.0383,9967
12.0457,9966
12.0488,9965
12.0519,9964
12.085,9963
12.088,9962
12.0911,9961
12.1147,9960
12.1178,9959
12.1208,9958
12.1441,9957
12.1472,9956
12.1503,9955
12.1835,9954
12.1866,9953
12.1897,9952
12.1927,9951
12.2105,9950
12.2135,9949
12.2166,9948
12.2299,9947
12.233,9946
12.236,9945
12.2571,9944
12.2602,9943
12.2632,9942
12.2662,9941
12.288,9940
12.3112,9939
12.3142,9938
12.3214,9937
12.3245,9936
12.3275,9935
12.3407,9934
12.3438,9933
12.3468,9932
12.4733,9931
12.4765,9930
12.4796,9929
12.4829,9928
12.4859,9927
12.4889,9926
12.4923,9925
12.5043,9924
12.5074,9923
12.5232,9922
12.5264,9921
12.5294,9920
12.5325,9919
12.5436,9918
12.5467,9917
12.5499,9916
12.5647,9915
12.5677,9914
12.5712,9913
12.5962,9912
12.6215,9911
12.6246,9910
12.6277,9909
12.6571,9908
12.6601,9907
12.6639,9906
12.6805,9905
12.699,9904
12.7021,9903
12.7051,9902
12.7187,9901
12.7221,9900
12.7252,9899
12.7584,9898
12.7615,9897
12.7652,9896
12.8022,9895
12.8053,9894
12.8084,9893
12.8114,9892
12.8433,9891
12.8463,9890
12.8494,9889
12.8693,9888
12.8723,9887
12.8754,9886
12.9007,9885
12.9039,9884
12.9071,9883
12.9365,9882
12.9397,9881
12.9427,9880
12.9459,9879
12.9712,9878
12.9744,9877
12.9775,9876
13.0048,9875
13.0079,9874
13.0109,9873
13.0367,9872
13.0403,9871
13.0436,9870
13.0467,9869
13.0503,9868
13.0536,9867
13.0764,9866
13.0804,9865
13.0836,9864
13.1576,9863
13.1611,9862
13.1641,9861
13.1838,9860
13.1873,9859
13.1903,9858
13.1937,9857
13.2221,9856
13.2251,9855
13.2282,9854
13.2614,9853
13.2648,9852
13.2678,9851
13.2871,9850
13.2902,9849
13.2932,9848
13.324,9847
13.3275,9846
13.3306,9845
13.3555,9844
13.3586,9843
13.3618,9842
13.3649,9841
13.4013,9840
13.405,9839
13.4081,9838
13.4212,9837
13.4246,9836
13.4285,9835
13.4615,9834
13.4645,9833
13.4677,9832
13.4926,9831
13.4969,9830
13.5001,9829
13.5033,9828
13.5267,9827
13.5298,9826
13.5334,9825
13.568,9824
13.571,9823
13.5744,9822
13.6101,9821
13.6132,9820
13.6163,9819
13.6464,9818
13.6495,9817
13.6526,9816
13.6556,9815
13.6702,9814
13.6732,9813
13.6763,9812
13.6951,9811
13.6982,9810
13.7012,9809
13.7321,9808
13.7352,9807
13.7383,9806
13.7739,9805
13.777,9804
13.78,9803
13.7831,9802
13.805,9801
13.8081,9800
13.8111,9799
13.86,9798
13.8861,9797
13.8892,9796
13.8923,9795
13.9155,9794
13.9186,9793
13.9514,9792
13.9545,9791
13.9667,9790
13.9698,9789
13.9728,9788
13.9947,9787
13.998,9786
14.0028,9785
14.006,9784
14.0364,9783
14.0395,9782
14.0425,9781
14.0708,9780
14.076,9779
14.0792,9778
14.0988,9777
14.1241,9776
14.1274,9775
14.1305,9774
14.1335,9773
14.1678,9772
14.1709,9771
14.1875,9770
14.1943,9769
14.1973,9768
14.2004,9767
14.2206,9766
14.2454,9765
14.2485,9764
14.2516,9763
14.2546,9762
14.2724,9761
14.2755,9760
14.2785,9759
14.2944,9758
14.2975,9757
14.3006,9756
14.3193,9755
14.3229,9754
14.326,9753
14.3455,9752
14.3486,9751
14.3517,9750
14.3547,9749
14.3741,9748
14.3772,9747
14.3803,9746
14.4007,9745
14.4037,9744
14.4073,9743
14.4246,9742
14.4278,9741
14.4308,9740
14.4552,9739
14.4583,9738
14.4614,9737
14.4644,9736
14.4786,9735
14.4832,9734
14.4863,9733
14.5132,9732
14.5167,9731
14.5197,9730
14.5484,9729
14.5618,9728
14.5649,9727
14.5692,9726
14.5724,9725
14.5757,9724
14.5788,9723
14.6092,9722
14.6123,9721
14.6154,9720
14.6327,9719
14.636,9718
14.6392,9717
14.6697,9716
14.6729,9715
14.6775,9714
14.6971,9713
14.7002,9712
14.7032,9711
14.7062,9710
14.7263,9709
14.7293,9708
14.7323,9707
14.7486,9706
14.7519,9705
14.7549,9704
14.7754,9703
14.7785,9702
14.7815,9701
14.7846,9700
14.8007,9699
14.8037,9698
14.8068,9697
14.8268,9696
14.8299,9695
14.8329,9694
14.8495,9693
14.8526,9692
14.8556,9691
14.8754,9690
14.8784,9689
14.8815,9688
14.8845,9687
14.9015,9686
14.9049,9685
14.908,9684
14.9312,9683
14.9343,9682
14.9373,9681
14.9562,9680
14.9593,9679
14.9624,9678
14.9797,9677
14.9828,9676
14.9858,9675
14.9889,9674
15.016,9673
15.019,9672
15.0221,9671
15.0448,9670
15.0478,9669
15.0509,9668
15.0692,9667
15.0723,9666
15.0754,9665
15.0784,9664
15.1047,9663
15.108,9662
15.1111,9661
15.1305,9660
15.1336,9659
15.1366,9658
15.1549,9657
15.158,9656
15.1611,9655
15.1788,9654
15.1819,9653
15.185,9652
15.188,9651
15.2094,9650
15.2125,9649
15.2155,9648
15.2365,9647
15.2395,9646
15.2426,9645
15.259,9644
15.2622,9643
15.2653,9642
15.2898,9641
15.2935,9640
15.2966,9639
15.2997,9638
15.3042,9637
15.3073,9636
15.3103,9635
15.3319,9634
15.335,9633
15.338,9632
15.3534,9631
15.3564,9630
15.3596,9629
15.3808,9628
15.3839,9627
15.387,9626
15.3901,9625
15.4132,9624
15.4162,9623
15.4193,9622
15.4407,9621
15.444,9620
15.447,9619
15.4607,9618
15.4637,9617
15.4668,9616
15.4698,9615
15.4923,9614
15.4953,9613
15.4985,9612
15.52,9611
15.5231,9610
15.5261,9609
15.5415,9608
15.5446,9607
15.5476,9606
15.5562,9605
15.5592,9604
15.5623,9603
15.5654,9602
15.5889,9601
15.5919,9600
15.595,9599
15.617,9598
15.6201,9597
15.6231,9596
15.6373,9595
15.6403,9594
15.6434,9593
15.6464,9592
15.6685,9591
15.6715,9590
15.6745,9589
15.6885,9588
15.6917,9587
15.6947,9586
15.7134,9585
15.7164,9584
15.7195,9583
15.7226,9582
15.7316,9581
15.7593,9580
15.763,9579
15.7661,9578
15.7852,9577
15.7883,9576
15.7914,9575
15.8187,9574
15.8219,9573
15.825,9572
15.8391,9571
15.8421,9570
15.8451,9569
15.8482,9568
15.8671,9567
15.8701,9566
15.8732,9565
15.8918,9564
15.8948,9563
15.898,9562
15.9237,9561
15.9319,9560
15.9453,9559
15.9483,9558
15.9658,9557
15.9689,9556
15.972,9555
15.9867,9554
15.9897,9553
16.0147,9552
16.0177,9551
16.0402,9550
16.0433,9549
16.0463,9548
16.0494,9547
16.0627,9546
16.0658,9545
16.0892,9544
16.0923,9543
16.1186,9542
16.1218,9541
16.1249,9540
16.128,9539
16.1495,9538
16.1526,9537
16.1556,9536
16.1721,9535
16.1751,9534
16.1781,9533
16.1989,9532
16.2019,9531
16.2049,9530
16.2268,9529
16.23,9528
16.2331,9527
16.2361,9526
16.2499,9525
16.2529,9524
16.256,9523
16.2726,9522
16.2757,9521
16.3462,9520
16.3492,9519
16.3522,9518
16.3571,9517
16.3643,9516
16.3673,9515
16.3705,9514
16.3737,9513
16.3767,9512
16.3797,9511
16.3964,9510
16.3997,9509
16.4027,9508
16.4057,9507
16.4088,9506
16.4118,9505
16.4307,9504
16.4338,9503
16.4368,9502
16.4399,9501
16.4564,9500
16.4866,9499
16.4897,9498
16.4927,9497
16.5115,9496
16.5145,9495
16.5175,9494
16.5362,9493
16.5393,9492
16.5423,9491
16.5453,9490
16.5643,9489
16.5674,9488
16.5704,9487
16.5873,9486
16.5903,9485
16.5933,9484
16.61,9483
16.6131,9482
16.6387,9481
16.6417,9480
16.6447,9479
16.6627,9478
16.6657,9477
16.6687,9476
16.7063,9475
16.7093,9474
16.7123,9473
16.7172,9472
16.7203,9471
16.7233,9470
16.7263,9469
16.748,9468
16.751,9467
16.7541,9466
16.7689,9465
16.7719,9464
16.7749,9463
16.7963,9462
16.7993,9461
16.8023,9460
16.8054,9459
16.8207,9458
16.8237,9457
16.8268,9456
16.8477,9455
16.8507,9454
16.8537,9453
16.869,9452
16.872,9451
16.8751,9450
16.8781,9449
16.8991,9448
16.9021,9447
16.9052,9446
16.9207,9445
16.9237,9444
16.9288,9443
16.951,9442
16.9541,9441
16.9572,9440
16.9727,9439
16.9757,9438
16.9787,9437
16.9817,9436
17.0029,9435
17.0059,9434
17.0089,9433
17.0322,9432
17.0352,9431
17.0383,9430
17.0514,9429
17.0545,9428
17.0757,9427
17.092,9426
17.0951,9425
17.101,9424
17.104,9423
17.107,9422
17.1274,9421
17.1304,9420
17.1335,9419
17.1515,9418
17.1545,9417
17.1581,9416
17.1611,9415
17.1942,9414
17.1972,9413
17.2119,9412
17.215,9411
17.2624,9410
17.2655,9409
17.2685,9408
17.2715,9407
17.2995,9406
17.3188,9405
17.3219,9404
17.3249,9403
17.3731,9402
17.3761,9401
17.3791,9400
17.3822,9399
17.3852,9398
17.3882,9397
17.4214,9396
17.4244,9395
17.446,9394
17.449,9393
17.4522,9392
17.4624,9391
17.4657,9390
17.4687,9389
17.4924,9388
17.4955,9387
17.502,9386
17.505,9385
17.5333,9384
17.5364,9383
17.5394,9382
17.5613,9381
17.5645,9380
17.5677,9379
17.6188,9378
17.6226,9377
17.6256,9376
17.6539,9375
17.663,9374
17.6796,9373
17.6826,9372
17.6856,9371
17.7072,9370
17.7103,9369
17.7133,9368
17.7382,9367
17.7412,9366
17.7442,9365
17.7472,9364
17.7717,9363
17.7747,9362
17.7777,9361
17.8036,9360
17.8067,9359
17.8152,9358
17.8189,9357
17.8235,9356
17.8266,9355
17.8656,9354
17.8686,9353
17.8786,9352
17.8817,9351
17.906,9350
17.909,9349
17.9134,9348
17.9429,9347
17.9468,9346
17.95,9345
18.0165,9344
18.0199,9343
18.0229,9342
18.0422,9341
18.0452,9340
18.0483,9339
18.0691,9338
18.0722,9337
18.0752,9336
18.0782,9335
18.0937,9334
18.0967,9333
18.0997,9332
18.1705,9331
18.1736,9330
18.1768,9329
18.1849,9328
18.1879,9327
18.191,9326
18.194,9325
18.2122,9324
18.2153,9323
18.2184,9322
18.2418,9321
18.2456,9320
18.2487,9319
18.2727,9318
18.2758,9317
18.2788,9316
18.2976,9315
18.3007,9314
18.3038,9313
18.3068,9312
18.3242,9311
18.3274,9310
18.3304,9309
18.3525,9308
18.3556,9307
18.3586,9306
18.3616,9305
18.3647,9304
18.3677,9303
18.3707,9302
18.4627,9301
18.4658,9300
18.4688,9299
18.4881,9298
18.4911,9297
18.4943,9296
18.5101,9295
18.5132,9294
18.5162,9293
18.5368,9292
18.5402,9291
18.5439,9290
18.547,9289
18.5657,9288
18.5687,9287
18.5717,9286
18.5901,9285
18.5932,9284
18.5962,9283
18.6118,9282
18.6148,9281
18.6179,9280
18.6209,9279
18.6453,9278
18.6513,9277
18.6609,9276
18.7077,9275
18.7108,9274
18.7139,9273
18.719,9272
18.722,9271
18.725,9270
18.7438,9269
18.7468,9268
18.7502,9267
18.7533,9266
18.7706,9265
18.7737,9264
18.7767,9263
18.7955,9262
18.7986,9261
18.8016,9260
18.8204,9259
18.8239,9258
18.8271,9257
18.8475,9256
18.8505,9255
18.8535,9254
18.8566,9253
18.8727,9252
18.8758,9251
18.8788,9250
18.9284,9249
18.9315,9248
18.9345,9247
18.9485,9246
18.9515,9245
18.9545,9244
18.9576,9243
18.9825,9242
18.9856,9241
18.9888,9240
19.0003,9239
19.0034,9238
19.0063,9237
19.0275,9236
19.0305,9235
19.0335,9234
19.0366,9233
19.0534,9232
19.0564,9231
19.0594,9230
19.0792,9229
19.0822,9228
19.0852,9227
19.0983,9226
19.1013,9225
19.1048,9224
19.1444,9223
19.1475,9222
19.1506,9221
19.1538,9220
19.1716,9219
19.1746,9218
19.1776,9217
19.1907,9216
19.1937,9215
19.1967,9214
19.2291,9213
19.2321,9212
19.2352,9211
19.2382,9210
19.2413,9209
19.2443,9208
19.2475,9207
19.2974,9206
19.3013,9205
19.3052,9204
19.3088,9203
19.3127,9202
19.3161,9201
19.357,9200
19.36,9199
19.363,9198
19.3661,9197
19.3792,9196
19.3822,9195
19.3852,9194
19.4059,9193
19.409,9192
19.412,9191
19.415,9190
19.418,9189
19.421,9188
19.424,9187
19.4487,9186
19.4807,9185
19.4837,9184
19.4868,9183
19.5114,9182
19.5199,9181
19.5229,9180
19.5687,9179
19.5718,9178
19.5748,9177
19.5779,9176
19.5859,9175
19.5889,9174
19.5919,9173
19.6091,9172
19.6122,9171
19.6153,9170
19.6284,9169
19.6314,9168
19.6345,9167
19.6376,9166
19.6559,9165
19.6589,9164
19.6619,9163
19.6798,9162
19.6829,9161
19.6859,9160
19.7059,9159
19.7089,9158
19.712,9157
19.733,9156
19.7364,9155
19.7395,9154
19.7425,9153
19.7675,9152
19.7708,9151
19.7741,9150
19.8066,9149
19.8096,9148
19.8128,9147
19.8277,9146
19.8311,9145
19.8341,9144
19.8371,9143
19.8652,9142
19.8682,9141
19.8712,9140
19.8909,9139
19.8939,9138
19.8969,9137
19.9134,9136
19.9164,9135
19.9194,9134
19.9224,9133
19.9436,9132
19.9466,9131
19.9496,9130
19.966,9129
19.9691,9128
19.9721,9127
19.9751,9126
19.9782,9125
19.9812,9124
20.0254,9123
20.0284,9122
20.0315,9121
20.0345,9120
20.0511,9119
20.0541,9118
20.0571,9117
20.0702,9116
20.0733,9115
20.0763,9114
20.0989,9113
20.102,9112
20.1271,9111
20.1417,9110
20.1447,9109
20.1477,9108
20.1696,9107
20.1727,9106
20.1757,9105
20.1962,9104
20.1992,9103
20.2208,9102
20.2238,9101
20.2268,9100
20.2343,9099
20.2374,9098
20.2404,9097
20.2434,9096
20.2764,9095
20.2807,9094
20.2837,9093
20.3029,9092
20.306,9091
20.309,9090
20.3261,9089
20.3291,9088
20.3321,9087
20.3352,9086
20.3548,9085
20.3578,9084
20.3608,9083
20.3775,9082
20.3805,9081
20.3835,9080
20.4069,9079
20.4099,9078
20.4129,9077
20.4294,9076
20.4325,9075
20.4355,9074
20.4384,9073
20.4582,9072
20.4809,9071
20.484,9070
20.4869,9069
20.5083,9068
20.5113,9067
20.5144,9066
20.5174,9065
20.5337,9064
20.5367,9063
20.5397,9062
20.5598,9061
20.5629,9060
20.5659,9059
20.5821,9058
20.5873,9057
20.5913,9056
20.6001,9055
20.6037,9054
20.6073,9053
20.6107,9052
20.6278,9051
20.6309,9050
20.6339,9049
20.6573,9048
20.6603,9047
20.6633,9046
20.682,9045
20.685,9044
20.688,9043
20.691,9042
20.7086,9041
20.7116,9040
20.7146,9039
20.7335,9038
20.7365,9037
20.7395,9036
20.7569,9035
20.7601,9034
20.7633,9033
20.7663,9032
20.7858,9031
20.7889,9030
20.8234,9029
20.8564,9028
20.8594,9027
20.8762,9026
20.8792,9025
20.8822,9024
20.8851,9023
20.906,9022
20.909,9021
20.912,9020
20.929,9019
20.9321,9018
20.9351,9017
20.9384,9016
20.9414,9015
20.9443,9014
20.9473,9013
20.9706,9012
20.9736,9011
20.9766,9010
20.9997,9009
21.0027,9008
21.0057,9007
21.0087,9006
21.0324,9005
21.0354,9004
21.0519,9003
21.0566,9002
21.0972,9001
21.1003,9000
21.1033,8999
21.1229,8998
21.1259,8997
21.129,8996
21.132,8995
21.1486,8994
21.1528,8993
21.1558,8992
21.175,8991
21.178,8990
21.181,8989
21.201,8988
21.2041,8987
21.2071,8986
21.2101,8985
21.2328,8984
21.2775,8983
21.2805,8982
21.2835,8981
21.2886,8980
21.2917,8979
21.2948,8978
21.2979,8977
21.301,8976
21.3997,8975
21.4027,8974
21.4057,8973
21.4276,8972
21.4306,8971
21.4336,8970
21.4561,8969
21.4591,8968
21.4622,8967
21.4652,8966
21.4882,8965
21.4913,8964
21.4943,8963
21.5038,8962
21.5069,8961
21.5098,8960
21.53,8959
21.533,8958
21.536,8957
21.539,8956
21.5652,8955
21.5682,8954
21.5713,8953
21.6242,8952
21.6273,8951
21.6307,8950
21.6439,8949
21.6469,8948
21.6499,8947
21.653,8946
21.6762,8945
21.6792,8944
21.6822,8943
21.7188,8942
21.845,8941
21.8486,8940
21.8745,8939
21.8775,8938
21.8805,8937
21.914,8936
21.9172,8935
21.9204,8934
21.9238,8933
21.9321,8932
21.9377,8931
21.9415,8930
21.9976,8929
22.0006,8928
22.0036,8927
22.0326,8926
22.0356,8925
22.0386,8924
22.0629,8923
22.0661,8922
22.0703,8921
22.0741,8920
22.1171,8919
22.1236,8918
22.1266,8917
22.131,8916
22.1341,8915
22.1371,8914
22.184,8913
22.187,8912
22.1899,8911
22.1929,8910
22.2394,8909
22.244,8908
22.2479,8907
22.2513,8906
22.2546,8905
22.2774,8904
22.3049,8903
22.3079,8902
22.3108,8901
22.3157,8900
22.3187,8899
22.3216,8898
22.3246,8897
22.3597,8896
22.3627,8895
22.3658,8894
22.3818,8893
22.3849,8892
22.3879,8891
22.4218,8890
22.4248,8889
22.4278,8888
22.4308,8887
22.4528,8886
22.4874,8885
22.4906,8884
22.4936,8883
22.5083,8882
22.5112,8881
22.5142,8880
22.528,8879
22.531,8878
22.534,8877
22.5531,8876
22.5561,8875
22.5591,8874
22.5621,8873
22.5794,8872
22.5824,8871
22.5854,8870
22.6044,8869
22.6074,8868
22.6104,8867
22.626,8866
22.6291,8865
22.6321,8864
22.635,8863
22.6509,8862
22.6539,8861
22.6569,8860
22.6772,8859
22.6802,8858
22.7022,8857
22.7052,8856
22.7082,8855
22.7325,8854
22.7355,8853
22.7385,8852
22.7561,8851
22.7591,8850
22.7621,8849
22.7811,8848
22.7841,8847
22.7871,8846
22.79,8845
22.8073,8844
22.8103,8843
22.8133,8842
22.8323,8841
22.8354,8840
22.8383,8839
22.8556,8838
22.8586,8837
22.8616,8836
22.8646,8835
22.8899,8834
22.8931,8833
22.8961,8832
22.9137,8831
22.9167,8830
22.9197,8829
22.9419,8828
22.9449,8827
22.9479,8826
22.9508,8825
22.9667,8824
22.9697,8823
22.9727,8822
22.9932,8821
22.9963,8820
22.9992,8819
23.0333,8818
23.0363,8817
23.0393,8816
23.0423,8815
23.0575,8814
23.0813,8813
23.0844,8812
23.0875,8811
23.1058,8810
23.1088,8809
23.1118,8808
23.1148,8807
23.1348,8806
23.1609,8805
23.1639,8804
23.1669,8803
23.1833,8802
23.1862,8801
23.1892,8800
23.1922,8799
23.2179,8798
23.2344,8797
23.2374,8796
23.2405,8795
23.2604,8794
23.3117,8793
23.3147,8792
23.3177,8791
23.3337,8790
23.337,8789
23.34,8788
23.3429,8787
23.363,8786
23.3914,8785
23.3944,8784
23.3974,8783
23.4134,8782
23.4225,8781
23.4439,8780
23.4469,8779
23.4498,8778
23.4648,8777
23.4678,8776
23.4708,8775
23.4919,8774
23.495,8773
23.4981,8772
23.5011,8771
23.5206,8770
23.5236,8769
23.5267,8768
23.5438,8767
23.5469,8766
23.5499,8765
23.5672,8764
23.5703,8763
23.5734,8762
23.5763,8761
23.5995,8760
23.6026,8759
23.6056,8758
23.6243,8757
23.6273,8756
23.6302,8755
23.6433,8754
23.6463,8753
23.6493,8752
23.6523,8751
23.6554,8750
23.6583,8749
23.6613,8748
23.6786,8747
23.6816,8746
23.6846,8745
23.7069,8744
23.7099,8743
23.713,8742
23.7161,8741
23.7505,8740
23.7535,8739
23.7565,8738
23.7703,8737
23.7733,8736
23.7762,8735
23.7958,8734
23.7988,8733
23.8018,8732
23.8047,8731
23.8274,8730
23.8303,8729
23.8333,8728
23.8485,8727
23.8515,8726
23.8545,8725
23.8755,8724
23.8785,8723
23.8815,8722
23.8844,8721
23.9001,8720
23.9031,8719
23.9609,8718
23.9639,8717
23.9802,8716
23.9833,8715
23.9863,8714
24.0068,8713
24.0098,8712
24.0331,8711
24.0361,8710
24.0391,8709
24.0602,8708
24.0632,8707
24.0663,8706
24.0894,8705
24.0925,8704
24.0955,8703
24.1097,8702
24.1128,8701
24.1157,8700
24.1187,8699
24.138,8698
24.141,8697
24.144,8696
24.1672,8695
24.1702,8694
24.1921,8693
24.1952,8692
24.1982,8691
24.2142,8690
24.2172,8689
24.2202,8688
24.2377,8687
24.2407,8686
24.2437,8685
24.2467,8684
24.2669,8683
24.2699,8682
24.2731,8681
24.2904,8680
24.2935,8679
24.3175,8678
24.3204,8677
24.3234,8676
24.3464,8675
24.3494,8674
24.3524,8673
24.3691,8672
24.3721,8671
24.3752,8670
24.3929,8669
24.396,8668
24.3992,8667
24.4022,8666
24.4183,8665
24.4213,8664
24.4244,8663
24.4345,8662
24.4376,8661
24.4406,8660
24.4654,8659
24.4684,8658
24.4715,8657
24.491,8656
24.495,8655
24.507,8654
24.51,8653
24.513,8652
24.5388,8651
24.5418,8650
24.5448,8649
24.5734,8648
24.5764,8647
24.5794,8646
24.5826,8645
24.5991,8644
24.6022,8643
24.6051,8642
24.6258,8641
24.6288,8640
24.6318,8639
24.6499,8638
24.6529,8637
24.6564,8636
24.6594,8635
24.6783,8634
24.6826,8633
24.6855,8632
24.7022,8631
24.7052,8630
24.7313,8629
24.7343,8628
24.7373,8627
24.7551,8626
24.7581,8625
24.7611,8624
24.7796,8623
24.7826,8622
24.7855,8621
24.7885,8620
24.805,8619
24.808,8618
24.811,8617
24.8343,8616
24.8373,8615
24.8403,8614
24.8546,8613
24.8579,8612
24.8609,8611
24.8638,8610
24.8835,8609
24.8865,8608
24.8895,8607
24.9162,8606
24.9193,8605
24.9223,8604
24.9476,8603
24.9506,8602
24.954,8601
24.957,8600
24.9776,8599
25.0035,8598
25.0066,8597
25.0095,8596
25.0348,8595
25.038,8594
25.041,8593
25.044,8592
25.0569,8591
25.0604,8590
25.0633,8589
25.0884,8588
25.0929,8587
25.0958,8586
25.1133,8585
25.1226,8584
25.138,8583
25.141,8582
25.144,8581
25.1633,8580
25.1696,8579
25.1725,8578
25.1755,8577
25.1785,8576
25.1876,8575
25.1906,8574
25.1936,8573
25.2144,8572
25.2175,8571
25.2205,8570
25.2592,8569
25.2622,8568
25.2942,8567
25.2971,8566
25.3001,8565
25.3081,8564
25.3112,8563
25.3141,8562
25.3321,8561
25.3351,8560
25.3381,8559
25.3411,8558
25.3592,8557
25.3626,8556
25.3658,8555
25.382,8554
25.3851,8553
25.388,8552
25.4034,8551
25.4066,8550
25.4095,8549
25.4134,8548
25.4402,8547
25.4561,8546
25.4591,8545
25.4621,8544
25.4808,8543
25.4838,8542
25.4889,8541
25.492,8540
25.4964,8539
25.4994,8538
25.5029,8537
25.5436,8536
25.5466,8535
25.5495,8534
25.5643,8533
25.5673,8532
25.5704,8531
25.5734,8530
25.6005,8529
25.6037,8528
25.6287,8527
25.6321,8526
25.6523,8525
25.6553,8524
25.6874,8523
25.6903,8522
25.6933,8521
25.6964,8520
25.6993,8519
25.7023,8518
25.7339,8517
25.7485,8516
25.7514,8515
25.7544,8514
25.7781,8513
25.7811,8512
25.7842,8511
25.7979,8510
25.8009,8509
25.8039,8508
25.8274,8507
25.8304,8506
25.8334,8505
25.8363,8504
25.8718,8503
25.8887,8502
25.8917,8501
25.8946,8500
25.9175,8499
25.9205,8498
25.9235,8497
25.9264,8496
25.9559,8495
25.9589,8494
25.9619,8493
26.0103,8492
26.0353,8491
26.0383,8490
26.0413,8489
26.0443,8488
26.0672,8487
26.0702,8486
26.0733,8485
26.0907,8484
26.0937,8483
26.1194,8482
26.1223,8481
26.1535,8480
26.1566,8479
26.1775,8478
26.1805,8477
26.1836,8476
26.2113,8475
26.2175,8474
26.2205,8473
26.2235,8472
26.2442,8471
26.2471,8470
26.2501,8469
26.2659,8468
26.2688,8467
26.3009,8466
26.3139,8465
26.3169,8464
26.3199,8463
26.3359,8462
26.3679,8461
26.3709,8460
26.3918,8459
26.3948,8458
26.3978,8457
26.4131,8456
26.4162,8455
26.4191,8454
26.4221,8453
26.4402,8452
26.4432,8451
26.4462,8450
26.4658,8449
26.4687,8448
26.4718,8447
26.4953,8446
26.4984,8445
26.5191,8444
26.5221,8443
26.525,8442
26.5475,8441
26.5571,8440
26.5601,8439
26.5881,8438
26.5911,8437
26.5941,8436
26.6111,8435
26.6141,8434
26.6171,8433
26.6464,8432
26.6494,8431
26.6581,8430
26.661,8429
26.664,8428
26.6812,8427
26.6842,8426
26.709,8425
26.712,8424
26.7149,8423
26.7321,8422
26.7629,8421
26.7659,8420
26.7833,8419
26.8138,8418
26.8313,8417
26.8343,8416
26.8373,8415
26.8402,8414
26.8587,8413
26.8832,8412
26.8862,8411
26.8892,8410
26.8921,8409
26.9099,8408
26.9129,8407
26.9158,8406
26.9414,8405
26.9634,8404
26.9665,8403
26.9694,8402
26.9724,8401
26.9888,8400
26.9918,8399
26.9947,8398
27.0207,8397
27.0368,8396
27.0398,8395
27.0427,8394
27.0685,8393
27.0715,8392
27.0875,8391
27.0905,8390
27.0936,8389
27.1138,8388
27.1168,8387
27.1198,8386
27.1227,8385
27.1387,8384
27.1417,8383
27.1676,8382
27.1706,8381
27.1736,8380
27.1901,8379
27.193,8378
27.2381,8377
27.2411,8376
27.244,8375
27.247,8374
27.267,8373
27.2702,8372
27.2732,8371
27.2895,8370
27.2925,8369
27.2954,8368
27.3158,8367
27.3188,8366
27.3218,8365
27.3248,8364
27.3403,8363
27.3433,8362
27.3467,8361
27.3674,8360
27.3704,8359
27.3733,8358
27.4183,8357
27.4439,8356
27.4469,8355
27.4498,8354
27.4528,8353
27.4697,8352
27.4726,8351
27.4756,8350
27.4948,8349
27.5249,8348
27.5278,8347
27.5494,8346
27.5524,8345
27.5553,8344
27.5883,8343
27.5913,8342
27.5946,8341
27.5976,8340
27.6005,8339
27.6034,8338
27.6064,8337
27.6217,8336
27.6247,8335
27.6276,8334
27.6481,8333
27.6511,8332
27.6541,8331
27.6571,8330
27.6743,8329
27.6773,8328
27.6802,8327
27.7134,8326
27.7164,8325
27.7193,8324
27.7223,8323
27.7253,8322
27.7282,8321
27.7312,8320
27.7501,8319
27.7531,8318
27.7561,8317
27.78,8316
27.8008,8315
27.8038,8314
27.8416,8313
27.8519,8312
27.861,8311
27.8799,8310
27.883,8309
27.886,8308
27.899,8307
27.9358,8306
27.9389,8305
27.9418,8304
27.9448,8303
27.961,8302
27.964,8301
28.0091,8300
28.0121,8299
28.0151,8298
28.0181,8297
28.036,8296
28.0389,8295
28.042,8294
28.0605,8293
28.0636,8292
28.0665,8291
28.0884,8290
28.0913,8289
28.119,8288
28.1321,8287
28.1409,8286
28.1487,8285
28.1794,8284
28.1824,8283
28.1853,8282
28.1943,8281
28.2106,8280
28.222,8279
28.2249,8278
28.2279,8277
28.2308,8276
28.2346,8275
28.2375,8274
28.2404,8273
28.2545,8272
28.2574,8271
28.2604,8270
28.2633,8269
28.2662,8268
28.2692,8267
28.2721,8266
28.275,8265
28.2779,8264
28.2809,8263
28.2838,8262
28.2867,8261
28.2951,8260
28.2979,8259
28.312,8258
28.3203,8257
28.3231,8256
28.3259,8255
28.3287,8254
28.3315,8253
28.3343,8252
28.3426,8251
28.7586,8250
28.7616,8249
28.7649,8248
28.8,8247
28.8029,8246
28.8059,8245
28.8233,8244
28.8263,8243
28.8292,8242
28.8321,8241
28.8392,8240
28.8422,8239
28.8451,8238
28.8683,8237
28.8713,8236
28.8742,8235
28.8876,8234
28.8906,8233
28.8936,8232
28.8966,8231
28.9194,8230
28.9224,8229
28.9253,8228
28.9403,8227
28.9433,8226
28.9611,8225
28.9641,8224
28.967,8223
29.0026,8222
29.0127,8221
29.0193,8220
29.0421,8219
29.045,8218
29.0667,8217
29.0697,8216
29.0726,8215
29.1004,8214
29.1153,8213
29.1183,8212
29.1212,8211
29.143,8210
29.146,8209
29.149,8208
29.152,8207
29.173,8206
29.1761,8205
29.179,8204
29.2064,8203
29.2107,8202
29.2137,8201
29.2914,8200
29.2943,8199
29.2979,8198
29.3009,8197
29.3038,8196
29.337,8195
29.34,8194
29.3441,8193
29.3471,8192
29.3702,8191
29.3732,8190
29.3762,8189
29.3987,8188
29.4019,8187
29.4048,8186
29.4225,8185
29.4265,8184
29.4294,8183
29.4324,8182
29.4555,8181
29.4584,8180
29.4614,8179
29.4831,8178
29.4864,8177
29.4902,8176
29.5386,8175
29.5416,8174
29.5666,8173
29.5697,8172
29.5726,8171
29.5893,8170
29.5923,8169
29.5953,8168
29.6176,8167
29.6211,8166
29.6241,8165
29.627,8164
29.65,8163
29.653,8162
29.6808,8161
29.6837,8160
29.6867,8159
29.7073,8158
29.7103,8157
29.7132,8156
29.7321,8155
29.7391,8154
29.751,8153
29.7715,8152
29.7745,8151
29.7775,8150
29.7804,8149
29.8182,8148
29.8216,8147
29.8262,8146
29.8448,8145
29.8477,8144
29.8507,8143
29.8737,8142
29.8767,8141
29.9114,8140
29.9144,8139
29.9174,8138
29.9368,8137
29.9398,8136
29.9689,8135
29.9718,8134
29.9748,8133
30.0211,8132
30.047,8131
30.05,8130
30.068,8129
30.0931,8128
30.0961,8127
30.0991,8126
30.1021,8125
30.1277,8124
30.1306,8123
30.1336,8122
30.186,8121
30.1889,8120
30.2209,8119
30.2239,8118
30.2273,8117
30.2303,8116
30.2333,8115
30.2657,8114
30.2686,8113
30.2716,8112
30.2745,8111
30.3005,8110
30.3245,8109
30.329,8108
30.332,8107
30.3349,8106
30.351,8105
30.359,8104
30.362,8103
30.3745,8102
30.3775,8101
30.3804,8100
30.4055,8099
30.4084,8098
30.4113,8097
30.4143,8096
30.4362,8095
30.4571,8094
30.4604,8093
30.4634,8092
30.4894,8091
30.4924,8090
30.4953,8089
30.4985,8088
30.5154,8087
30.5184,8086
30.5214,8085
30.5424,8084
30.5454,8083
30.5487,8082
30.5517,8081
30.5678,8080
30.6023,8079
30.6187,8078
30.6216,8077
30.6246,8076
30.6488,8075
30.6518,8074
30.6608,8073
30.6638,8072
30.6668,8071
30.6852,8070
30.6882,8069
30.6911,8068
30.6941,8067
30.714,8066
30.717,8065
30.7199,8064
30.7351,8063
30.738,8062
30.741,8061
30.7439,8060
30.767,8059
30.7699,8058
30.7729,8057
30.7947,8056
30.7977,8055
30.8006,8054
30.8143,8053
30.8174,8052
30.8208,8051
30.8238,8050
30.8399,8049
30.8429,8048
30.8963,8047
30.8992,8046
30.9177,8045
30.9208,8044
30.9237,8043
30.9494,8042
30.9524,8041
30.9717,8040
30.9749,8039
30.9786,8038
30.99,8037
30.993,8036
30.9959,8035
31.0124,8034
31.0154,8033
31.0183,8032
31.0212,8031
31.0432,8030
31.1041,8029
31.1071,8028
31.1109,8027
31.129,8026
31.1603,8025
31.1633,8024
31.1821,8023
31.1851,8022
31.188,8021
31.2098,8020
31.2151,8019
31.2182,8018
31.2212,8017
31.2412,8016
31.2441,8015
31.2666,8014
31.2696,8013
31.2879,8012
31.2968,8011
31.3165,8010
31.3196,8009
31.3226,8008
31.3408,8007
31.3601,8006
31.3634,8005
31.4482,8004
31.4512,8003
31.4604,8002
31.4633,8001
31.4662,8000
31.5067,7999
31.51,7998
31.5131,7997
31.516,7996
31.6255,7995
31.6288,7994
31.6317,7993
31.645,7992
31.648,7991
31.6513,7990
31.6543,7989
31.6747,7988
31.6777,7987
31.6806,7986
31.7042,7985
31.7237,7984
31.7267,7983
31.7296,7982
31.7326,7981
31.7436,7980
31.7863,7979
31.7892,7978
31.8051,7977
31.8081,7976
31.8113,7975
31.8322,7974
31.8353,7973
31.8383,7972
31.8557,7971
31.8915,7970
31.9105,7969
31.9404,7968
32.0047,7967
32.0291,7966
32.0321,7965
32.0356,7964
32.06,7963
32.0894,7962
32.1328,7961
32.177,7960
32.18,7959
32.2009,7958
32.2039,7957
32.2068,7956
32.2287,7955
32.2316,7954
32.2624,7953
32.2653,7952
32.2683,7951
32.2846,7950
32.2875,7949
32.3641,7948
32.3837,7947
32.3866,7946
32.4126,7945
32.4348,7944
32.4378,7943
32.4408,7942
32.4451,7941
32.4696,7940
32.4903,7939
32.4934,7938
32.5065,7937
32.5155,7936
32.5185,7935
32.5214,7934
32.5244,7933
32.5434,7932
32.5464,7931
32.5494,7930
32.5691,7929
32.5779,7928
32.5969,7927
32.5999,7926
32.6028,7925
32.6355,7924
32.6384,7923
32.6414,7922
32.6496,7921
32.6584,7920
32.6753,7919
32.6783,7918
32.6812,7917
32.704,7916
32.707,7915
32.71,7914
32.7129,7913
32.7441,7912
32.7486,7911
32.7945,7910
32.7981,7909
32.8021,7908
32.8055,7907
32.8086,7906
32.8115,7905
32.8146,7904
32.8571,7903
32.8601,7902
32.863,7901
32.8838,7900
32.8867,7899
32.8897,7898
32.9178,7897
32.9207,7896
32.9456,7895
32.9658,7894
32.9692,7893
32.9909,7892
32.9939,7891
32.997,7890
33.018,7889
33.021,7888
33.0404,7887
33.0434,7886
33.072,7885
33.0749,7884
33.128,7883
33.1553,7882
33.1713,7881
33.1742,7880
33.1772,7879
33.1802,7878
33.2005,7877
33.246,7876
33.2657,7875
33.2719,7874
33.2749,7873
33.2782,7872
33.3123,7871
33.3155,7870
33.3444,7869
33.3474,7868
33.4178,7867
33.4209,7866
33.4239,7865
33.4486,7864
33.4516,7863
33.4762,7862
33.4809,7861
33.4838,7860
33.5208,7859
33.5237,7858
33.5492,7857
33.5522,7856
33.5611,7855
33.564,7854
33.6081,7853
33.611,7852
33.6274,7851
33.679,7850
33.7013,7849
33.7043,7848
33.7231,7847
33.726,7846
33.7532,7845
33.7768,7844
33.7818,7843
33.7847,7842
33.8065,7841
33.8161,7840
33.8397,7839
33.8427,7838
33.9076,7837
33.9515,7836
33.9545,7835
33.9578,7834
33.9607,7833
34.022,7832
34.0579,7831
34.0756,7830
34.0786,7829
34.0816,7828
34.1587,7827
34.1932,7826
34.2213,7825
34.2243,7824
34.2272,7823
34.3092,7822
34.3121,7821
34.3946,7820
34.4156,7819
34.4185,7818
34.4228,7817
34.4383,7816
34.4413,7815
34.4442,7814
34.4471,7813
34.4501,7812
34.4907,7811
34.5152,7810
34.5248,7809
34.5479,7808
34.5747,7807
34.6019,7806
34.6048,7805
34.6215,7804
34.6245,7803
34.6274,7802
34.6863,7801
34.7315,7800
34.7345,7799
34.7622,7798
34.7651,7797
34.78,7796
34.7829,7795
34.7858,7794
34.789,7793
34.8348,7792
34.8378,7791
34.8586,7790
34.8615,7789
34.8645,7788
34.8674,7787
34.887,7786
34.8899,7785
34.8929,7784
34.9147,7783
34.9177,7782
34.9207,7781
34.9236,7780
34.9465,7779
34.9495,7778
34.9524,7777
34.9664,7776
34.9921,7775
34.9951,7774
34.9981,7773
35.001,7772
35.023,7771
35.043,7770
35.0461,7769
35.0491,7768
35.3427,7767
35.3456,7766
35.3689,7765
35.3718,7764
35.3807,7763
35.4104,7762
35.5578,7761
35.7248,7760
35.7496,7759
35.7545,7758
35.7576,7757
35.7614,7756
35.7645,7755
35.8049,7754
35.8221,7753
35.825,7752
35.828,7751
35.9138,7750
35.9167,7749
35.9197,7748
35.9339,7747
35.9369,7746
36.1963,7745
36.2377,7744
36.2407,7743
36.2437,7742
36.3304,7741
36.3461,7740
36.3789,7739
36.4021,7738
36.5776,7737
36.9785,7736
36.9999,7735
37.0203,7734
37.029,7733
37.0342,7732
37.1917,7731
37.4084,7730
37.4114,7729
37.4307,7728
37.4337,7727
37.4366,7726
37.46,7725
38.039,7724
38.077,7723
38.1035,7722
38.1065,7721
38.1415,7720
38.1663,7719
38.1693,7718
38.3052,7717
38.3437,7716
38.3732,7715
38.382,7714
38.4419,7713
38.4449,7712
38.4478,7711
38.4512,7710
38.4659,7709
38.4689,7708
38.5527,7707
38.5701,7706
38.5731,7705
38.6062,7704
39.7997,7703
40.365,7702
40.3943,7701
41.0577,7700
41.0808,7699
41.483,7698
41.4859,7697
41.5252,7696
41.6083,7695
41.6112,7694
41.6141,7693
41.6602,7692
41.6632,7691
41.6661,7690
41.6877,7689
41.7765,7688
41.8112,7687
41.8979,7686
41.9008,7685
41.9236,7684
42.065,7683
42.068,7682
42.071,7681
42.1043,7680
42.188,7679
42.3896,7678
42.3936,7677
42.4914,7676
42.6562,7675
42.676,7674
42.679,7673
42.7067,7672
42.7096,7671
42.7125,7670
42.7269,7669
42.7526,7668
42.7748,7667
42.7777,7666
42.7807,7665
42.7836,7664
42.8032,7663
42.8061,7662
42.8091,7661
42.8263,7660
42.8385,7659
42.861,7658
43.0425,7657
43.0454,7656
43.196,7655
43.2521,7654
43.2672,7653
43.2707,7652
43.2745,7651
43.3173,7650
43.3205,7649
43.3237,7648
43.3519,7647
43.3821,7646
43.3852,7645
43.4373,7644
43.4578,7643
43.4607,7642
43.4795,7641
43.4825,7640
43.5054,7639
43.5375,7638
43.7669,7637
43.7698,7636
43.803,7635
43.806,7634
43.8089,7633
43.8754,7632
43.8784,7631
43.8813,7630
44.0557,7629
44.0725,7628
44.0975,7627
44.1006,7626
44.1036,7625
44.1065,7624
44.1289,7623
44.1484,7622
44.1513,7621
44.1737,7620
57.9791,7619
66.0276,7618
66.1038,7617
66.168,7616
67.589,7615
67.6051,7614
67.8699,7613
68.3544,7612
68.3951,7611
68.3981,7610
68.4067,7609
68.446,7608
68.4764,7607
73.1373,7606
73.1757,7605
73.2174,7604
73.2437,7603
74.3695,7602
74.8386,7601
74.8667,7600
74.8701,7599
74.873,7598
74.8759,7597
80.0656,7596
80.1305,7595
80.1334,7594
80.1599,7593
87.7083,7592
87.7273,7591
87.7302,7590
87.7331,7589
87.76,7588
87.763,7587
88.3163,7586
88.3193,7585
88.4151,7584
88.4458,7583
88.4487,7582
88.5484,7581
88.5738,7580
104.512,7579
104.515,7578
104.53,7577
104.551,7576
105.007,7575
105.01,7574
105.013,7573
105.033,7572
105.058,7571
105.134,7570
123.389,7569
123.397,7568
123.411,7567
123.414,7566
123.417,7565
123.519,7564
124.153,7563
124.192,7562
124.229,7561
125.354,7560
125.359,7559
125.362,7558
130.073,7557
130.201,7556
130.206,7555
130.241,7554
130.244,7553
133.536,7552
133.539,7551
133.558,7550
133.56,7549
133.563,7548
133.627,7547
133.719,7546
133.722,7545
133.729,7544
133.782,7543
173.743,7542
173.746,7541
173.867,7540
173.876,7539
173.949,7538
173.952,7537
173.973,7536
174,7535
174.003,7534
174.651,7533
175.027,7532
175.078,7531
197.551,7530
197.702,7529
211.62,7528
211.623,7527
211.626,7526
211.646,7525
211.649,7524
212.22,7523
212.223,7522
229.747,7521
229.75,7520
229.769,7519
229.814,7518
229.822,7517
229.846,7516
241.971,7515
241.974,7514
242.278,7513
242.281,7512
242.424,7511
242.427,7510
242.476,7509
242.479,7508
242.525,7507
242.528,7506
242.556,7505
242.584,7504
242.587,7503
242.591,7502
242.659,7501
242.662,7500
267.378,7499
267.44,7498
267.475,7497
267.478,7496
267.481,7495
267.531,7494
268.781,7493
268.79,7492
268.813,7491
291.239,7490
292.814,7489
298.308,7488
298.327,7487
298.33,7486
319.979,7485
319.998,7484
320.001,7483
330.594,7482
330.643,7481
330.667,7480
330.67,7479
330.673,7478
330.686,7477
349.019,7476
349.881,7475
349.884,7474
349.925,7473
354.463,7472
371.071,7471
371.621,7470
371.668,7469
371.698,7468
371.701,7467
371.73,7466
395.759,7465
395.762,7464
395.793,7463
395.796,7462
399.284,7461
444.462,7460
444.465,7459
456.067,7458
456.07,7457
456.093,7456
456.096,7455
467.424,7454
472.318,7453
472.34,7452
472.349,7451
472.364,7450
472.367,7449
472.44,7448
512.685,7447
512.688,7446
546.962,7445
546.991,7444
547.091,7443
547.148,7442
562.429,7441
562.971,7440
562.975,7439
562.978,7438
585.74,7437
613.341,7436
613.454,7435
613.468,7434
613.471,7433
613.496,7432
613.499,7431
613.764,7430
665.539,7429
666.001,7428
666.086,7427
666.106,7426
666.109,7425
666.132,7424
666.16,7423
666.163,7422
666.166,7421
666.232,7420
666.261,7419
666.312,7418
666.419,7417
668.734,7416
668.826,7415
668.9,7414
668.902,7413
668.905,7412
668.908,7411
668.926,7410
688.441,7409
688.488,7408
688.497,7407
688.519,7406
688.912,7405
688.915,7404
688.94,7403
1153.42,7402
1182.13,7401
1183.53,7400
1184.29,7399
1184.3,7398
1184.3,7397
1184.35,7396
1184.55,7395
1184.55,7394
1184.56,7393
1184.75,7392
1184.83,7391
1225.45,7390
1225.47,7389
1225.51,7388
1348.85,7387
1349.41,7386
1349.48,7385
1349.48,7384
1349.53,7383
1374.65,7382
1374.65,7381
1572.19,7380
1600.04,7379
1600.04,7378
1600.07,7377
1600.07,7376
1600.07,7375
1600.09,7374
1600.1,7373
3243.34,7372
3243.38,7371
3490.35,7370
3490.38,7369
3518.11,7368
3518.14,7367
3518.14,7366
3518.15,7365
3518.15,7364
3518.17,7363
3518.17,7362
3518.23,7361
3896.24,7360
3896.58,7359
3896.63,7358
3896.65,7357
3896.65,7356
3896.66,7355
3896.66,7354
3896.67,7353
3896.67,7352
4410.61,7351
4410.71,7350
4410.83,7349
4410.83,7348
4410.98,7347
4410.99,7346
4411.02,7345
7729.32,7344
7729.33,7343
7729.36,7342
7729.4,7341
8110.88,7340
8145.69,7339
8178.45,7338
8178.49,7337
8178.49,7336
8334.2,7335
8334.44,7334
10122.6,7333
10126.4,7332
10126.4,7331
10126.4,7330
10169.7,7329
10169.8,7328
10169.9,7327
10169.9,7326
10169.9,7325
10303.9,7324
10304,7323
10304.2,7322
13460.1,7321
13460.3,7320
13460.3,7319
13651.3,7318
13651.4,7317
13651.5,7316
13651.6,7315
13651.7,7314
13651.7,7313
17055,7312
17055.1,7311
18072.6,7310
19171.3,7309
19171.5,7308
