0.00365606,11022
0.00686929,11021
0.0303367,11020
0.0334796,11019
0.036651,11018
0.0524463,11017
0.0557833,11016
0.0588859,11015
0.0619831,11014
0.0853209,11013
0.0884572,11012
0.0915731,11011
0.164208,11010
0.17091,11009
0.174933,11008
0.188789,11007
0.192113,11006
0.19531,11005
0.214761,11004
0.217943,11003
0.221112,11002
0.248213,11001
0.251339,11000
0.254621,10999
0.292498,10998
0.295692,10997
0.298948,10996
0.303747,10995
0.345023,10994
0.348849,10993
0.354279,10992
0.362345,10991
0.365585,10990
0.36928,10989
0.451805,10988
0.454944,10987
0.49153,10986
0.505482,10985
0.508625,10984
0.511748,10983
0.528363,10982
0.53155,10981
0.534717,10980
0.56458,10979
0.567728,10978
0.570839,10977
0.573945,10976
0.60159,10975
0.604702,10974
0.60784,10973
0.627832,10972
0.630938,10971
0.634061,10970
0.650484,10969
0.653613,10968
0.656717,10967
0.679895,10966
0.683039,10965
0.68814,10964
0.724191,10963
0.728184,10962
0.731452,10961
0.757521,10960
0.760778,10959
0.764027,10958
0.767686,10957
0.795008,10956
0.798131,10955
0.801232,10954
0.824568,10953
0.828371,10952
0.831515,10951
0.866966,10950
0.871626,10949
0.874879,10948
0.939378,10947
0.942663,10946
0.945795,10945
0.971124,10944
0.974307,10943
0.977527,10942
1.00725,10941
1.01046,10940
1.01404,10939
1.01719,10938
1.04963,10937
1.05474,10936
1.06167,10935
1.06878,10934
1.07202,10933
1.07526,10932
1.19014,10931
1.19408,10930
1.20202,10929
1.21317,10928
1.21683,10927
1.22189,10926
1.24707,10925
1.25027,10924
1.25339,10923
1.28353,10922
1.28709,10921
1.29042,10920
1.32448,10919
1.33212,10918
1.46164,10917
1.47608,10916
1.47926,10915
1.48235,10914
1.48543,10913
1.54424,10912
1.55003,10911
1.55484,10910
1.59994,10909
1.60922,10908
1.61288,10907
1.69091,10906
1.69992,10905
1.7091,10904
1.72393,10903
1.7316,10902
1.73475,10901
1.75592,10900
1.75904,10899
1.76217,10898
1.77843,10897
1.78161,10896
1.78474,10895
1.78789,10894
1.80754,10893
1.81074,10892
1.814,10891
1.83648,10890
1.83958,10889
1.84268,10888
1.86646,10887
1.86982,10886
1.87426,10885
1.87797,10884
1.88107,10883
1.88418,10882
1.9247,10881
1.93062,10880
1.93387,10879
1.95545,10878
2.01339,10877
2.01679,10876
2.02613,10875
2.03329,10874
2.03656,10873
2.04002,10872
2.08791,10871
2.09186,10870
2.09504,10869
2.10324,10868
2.10638,10867
2.1095,10866
2.16826,10865
2.1723,10864
2.17628,10863
2.19967,10862
2.20278,10861
2.20588,10860
2.23365,10859
2.23676,10858
2.23986,10857
2.2638,10856
2.26755,10855
2.27065,10854
2.27375,10853
2.29732,10852
2.30056,10851
2.30375,10850
2.32902,10849
2.33228,10848
2.35728,10847
2.36975,10846
2.37294,10845
2.37614,10844
2.40492,10843
2.40805,10842
2.41115,10841
2.4347,10840
2.43785,10839
2.44096,10838
2.44406,10837
2.46698,10836
2.47009,10835
2.47487,10834
2.56119,10833
2.56446,10832
2.56794,10831
2.60423,10830
2.60735,10829
2.61045,10828
2.6236,10827
2.6269,10826
2.63002,10825
2.66049,10824
2.66361,10823
2.66673,10822
2.6698,10821
2.69617,10820
2.70036,10819
2.70347,10818
2.74445,10817
2.75304,10816
2.75865,10815
2.7794,10814
2.7829,10813
2.78602,10812
2.80948,10811
2.81274,10810
2.81585,10809
2.85499,10808
2.85815,10807
2.86128,10806
2.86604,10805
2.86977,10804
2.87457,10803
2.87767,10802
2.90759,10801
2.91079,10800
2.91394,10799
2.93997,10798
2.94307,10797
2.94615,10796
2.99104,10795
2.99501,10794
2.99837,10793
3.03439,10792
3.03808,10791
3.04128,10790
3.06704,10789
3.07017,10788
3.07333,10787
3.07641,10786
3.11092,10785
3.11408,10784
3.11717,10783
3.13642,10782
3.13951,10781
3.14257,10780
3.16527,10779
3.16835,10778
3.1714,10777
3.19815,10776
3.20136,10775
3.20445,10774
3.2077,10773
3.21079,10772
3.21395,10771
3.21705,10770
3.24667,10769
3.24981,10768
3.25294,10767
3.28212,10766
3.28522,10765
3.28828,10764
3.31143,10763
3.31454,10762
3.3177,10761
3.34102,10760
3.34412,10759
3.34721,10758
3.35027,10757
3.37375,10756
3.37684,10755
3.37992,10754
3.40335,10753
3.40645,10752
3.40962,10751
3.43594,10750
3.43907,10749
3.44216,10748
3.46607,10747
3.46918,10746
3.4723,10745
3.49412,10744
3.49771,10743
3.5008,10742
3.50387,10741
3.53411,10740
3.53719,10739
3.54026,10738
3.56104,10737
3.56416,10736
3.56723,10735
3.59197,10734
3.59511,10733
3.5982,10732
3.63628,10731
3.63942,10730
3.64295,10729
3.64606,10728
3.66945,10727
3.67276,10726
3.67586,10725
3.69926,10724
3.70287,10723
3.70616,10722
3.72881,10721
3.73189,10720
3.73499,10719
3.75939,10718
3.76249,10717
3.76557,10716
3.78807,10715
3.7912,10714
3.79426,10713
3.79737,10712
3.82062,10711
3.82369,10710
3.82675,10709
3.85042,10708
3.85355,10707
3.85663,10706
3.87994,10705
3.88307,10704
3.88618,10703
3.91005,10702
3.91315,10701
3.91623,10700
3.91929,10699
3.94649,10698
3.94958,10697
3.95269,10696
3.97709,10695
4.00048,10694
4.00356,10693
4.01035,10692
4.01358,10691
4.01672,10690
4.0399,10689
4.04305,10688
4.04616,10687
4.06934,10686
4.07259,10685
4.07565,10684
4.07878,10683
4.10144,10682
4.12552,10681
4.12862,10680
4.13171,10679
4.13476,10678
4.13781,10677
4.14091,10676
4.16418,10675
4.16724,10674
4.17029,10673
4.19362,10672
4.19669,10671
4.19975,10670
4.22573,10669
4.22883,10668
4.23457,10667
4.2608,10666
4.26399,10665
4.26707,10664
4.27014,10663
4.29708,10662
4.30015,10661
4.30338,10660
4.32853,10659
4.33218,10658
4.33525,10657
4.36829,10656
4.37141,10655
4.37457,10654
4.38803,10653
4.39189,10652
4.39497,10651
4.41933,10650
4.42464,10649
4.42774,10648
4.43085,10647
4.45198,10646
4.45675,10645
4.45986,10644
4.51097,10643
4.51427,10642
4.51789,10641
4.54247,10640
4.54605,10639
4.54919,10638
4.57287,10637
4.57606,10636
4.57927,10635
4.6033,10634
4.60748,10633
4.61059,10632
4.61372,10631
4.63717,10630
4.64028,10629
4.64341,10628
4.65044,10627
4.65355,10626
4.65667,10625
4.70046,10624
4.70409,10623
4.70717,10622
4.731,10621
4.73413,10620
4.7415,10619
4.76559,10618
4.7687,10617
4.77178,10616
4.77486,10615
4.8387,10614
4.84185,10613
4.84494,10612
4.87054,10611
4.87364,10610
4.87671,10609
4.91082,10608
4.9139,10607
4.91705,10606
4.94789,10605
4.951,10604
4.95408,10603
4.95715,10602
4.98277,10601
4.98585,10600
4.99089,10599
5.02835,10598
5.03207,10597
5.03538,10596
5.09011,10595
5.12767,10594
5.13082,10593
5.13393,10592
5.15715,10591
5.16028,10590
5.16337,10589
5.16646,10588
5.18966,10587
5.19275,10586
5.19582,10585
5.22935,10584
5.23243,10583
5.23553,10582
5.27427,10581
5.27778,10580
5.28091,10579
5.2841,10578
5.28728,10577
5.29067,10576
5.32772,10575
5.33083,10574
5.33448,10573
5.33761,10572
5.36552,10571
5.39048,10570
5.394,10569
5.41056,10568
5.41367,10567
5.41866,10566
5.44523,10565
5.44833,10564
5.45141,10563
5.47975,10562
5.48286,10561
5.48596,10560
5.48904,10559
5.49992,10558
5.50306,10557
5.51009,10556
5.54358,10555
5.54671,10554
5.54979,10553
5.58586,10552
5.58898,10551
5.59206,10550
5.64164,10549
5.64477,10548
5.64787,10547
5.66478,10546
5.66791,10545
5.67099,10544
5.67407,10543
5.70334,10542
5.70644,10541
5.70951,10540
5.73497,10539
5.73809,10538
5.74126,10537
5.76786,10536
5.77096,10535
5.77406,10534
5.80841,10533
5.81151,10532
5.81459,10531
5.83859,10530
5.84171,10529
5.84481,10528
5.84788,10527
5.88691,10526
5.88999,10525
5.89308,10524
5.92354,10523
5.92668,10522
5.9298,10521
5.96249,10520
5.96559,10519
5.9687,10518
5.99232,10517
5.99542,10516
5.99848,10515
6.0119,10514
6.02844,10513
6.03154,10512
6.03463,10511
6.05569,10510
6.06028,10509
6.06622,10508
6.10891,10507
6.11202,10506
6.11509,10505
6.12198,10504
6.12521,10503
6.12829,10502
6.15768,10501
6.16149,10500
6.16462,10499
6.16769,10498
6.19108,10497
6.19424,10496
6.19731,10495
6.22049,10494
6.22376,10493
6.2269,10492
6.26859,10491
6.27167,10490
6.27474,10489
6.27786,10488
6.28094,10487
6.28399,10486
6.3413,10485
6.34438,10484
6.34752,10483
6.35058,10482
6.36837,10481
6.37147,10480
6.40334,10479
6.40642,10478
6.43094,10477
6.43411,10476
6.43718,10475
6.46029,10474
6.46336,10473
6.46644,10472
6.46952,10471
6.49287,10470
6.50903,10469
6.51211,10468
6.52523,10467
6.52834,10466
6.53144,10465
6.5547,10464
6.55778,10463
6.56084,10462
6.58503,10461
6.5891,10460
6.59219,10459
6.59525,10458
6.62151,10457
6.67051,10456
6.67491,10455
6.678,10454
6.70021,10453
6.70348,10452
6.70658,10451
6.73577,10450
6.73885,10449
6.74193,10448
6.75824,10447
6.76136,10446
6.76484,10445
6.76791,10444
6.79158,10443
6.79466,10442
6.79773,10441
6.82795,10440
6.83105,10439
6.8341,10438
6.85245,10437
6.85553,10436
6.85914,10435
6.87247,10434
6.8756,10433
6.87916,10432
6.88225,10431
6.91165,10430
6.91473,10429
6.91784,10428
6.95463,10427
6.95781,10426
6.96086,10425
6.99184,10424
6.99494,10423
6.99801,10422
7.02118,10421
7.02427,10420
7.02732,10419
7.03047,10418
7.05372,10417
7.05678,10416
7.05982,10415
7.08612,10414
7.08922,10413
7.09227,10412
7.1136,10411
7.11668,10410
7.11973,10409
7.15035,10408
7.15354,10407
7.16061,10406
7.16458,10405
7.19919,10404
7.20225,10403
7.20538,10402
7.22999,10401
7.23337,10400
7.23643,10399
7.2599,10398
7.26307,10397
7.26614,10396
7.29379,10395
7.29687,10394
7.29993,10393
7.30298,10392
7.32309,10391
7.32618,10390
7.32925,10389
7.34955,10388
7.35267,10387
7.35577,10386
7.38762,10385
7.39314,10384
7.3969,10383
7.43553,10382
7.43861,10381
7.44169,10380
7.46505,10379
7.46819,10378
7.47131,10377
7.47561,10376
7.50108,10375
7.50418,10374
7.54359,10373
7.55652,10372
7.55962,10371
7.56268,10370
7.57861,10369
7.58172,10368
7.58475,10367
7.60997,10366
7.61305,10365
7.61635,10364
7.6223,10363
7.62616,10362
7.6294,10361
7.67987,10360
7.70363,10359
7.70671,10358
7.70983,10357
7.73738,10356
7.74045,10355
7.74371,10354
7.75582,10353
7.75891,10352
7.76197,10351
7.78393,10350
7.78702,10349
7.79008,10348
7.79313,10347
7.81117,10346
7.81424,10345
7.81729,10344
7.84246,10343
7.84566,10342
7.8487,10341
7.88138,10340
7.88604,10339
7.88923,10338
7.91964,10337
7.92271,10336
7.92578,10335
7.92931,10334
7.95191,10333
7.95497,10332
7.95802,10331
7.98122,10330
7.98429,10329
7.98737,10328
8.01732,10327
8.0204,10326
8.02366,10325
8.04912,10324
8.05225,10323
8.05535,10322
8.0584,10321
8.09197,10320
8.09504,10319
8.09808,10318
8.12126,10317
8.12469,10316
8.12776,10315
8.16102,10314
8.16411,10313
8.16716,10312
8.20191,10311
8.20501,10310
8.20808,10309
8.21168,10308
8.24253,10307
8.2456,10306
8.24865,10305
8.26104,10304
8.2641,10303
8.26714,10302
8.30742,10301
8.31147,10300
8.31453,10299
8.34007,10298
8.34318,10297
8.34624,10296
8.3493,10295
8.38281,10294
8.38584,10293
8.41008,10292
8.41624,10291
8.41929,10290
8.42232,10289
8.45364,10288
8.45671,10287
8.45996,10286
8.48567,10285
8.48873,10284
8.49194,10283
8.49687,10282
8.52067,10281
8.52376,10280
8.5268,10279
8.56691,10278
8.57015,10277
8.57325,10276
8.59382,10275
8.59687,10274
8.59994,10273
8.62651,10272
8.62959,10271
8.63268,10270
8.63574,10269
8.66056,10268
8.66361,10267
8.66666,10266
8.69574,10265
8.69879,10264
8.70185,10263
8.72829,10262
8.73136,10261
8.73442,10260
8.76049,10259
8.76357,10258
8.76663,10257
8.76967,10256
8.80392,10255
8.80699,10254
8.81007,10253
8.83523,10252
8.83831,10251
8.84149,10250
8.86673,10249
8.86981,10248
8.87284,10247
8.89702,10246
8.90189,10245
8.90499,10244
8.90878,10243
8.95466,10242
8.95771,10241
8.9609,10240
9.00813,10239
9.0112,10238
9.01422,10237
9.04192,10236
9.04504,10235
9.04814,10234
9.08203,10233
9.08523,10232
9.08836,10231
9.09145,10230
9.11758,10229
9.12063,10228
9.12367,10227
9.15981,10226
9.16287,10225
9.1659,10224
9.21091,10223
9.21397,10222
9.21701,10221
9.22004,10220
9.25353,10219
9.25658,10218
9.25961,10217
9.29726,10216
9.30037,10215
9.30366,10214
9.32681,10213
9.33004,10212
9.33363,10211
9.36938,10210
9.37246,10209
9.37562,10208
9.40666,10207
9.40976,10206
9.41282,10205
9.41587,10204
9.44397,10203
9.44716,10202
9.45022,10201
9.48017,10200
9.48324,10199
9.48629,10198
9.50935,10197
9.51369,10196
9.51682,10195
9.53998,10194
9.54309,10193
9.54614,10192
9.57512,10191
9.5782,10190
9.61416,10189
9.61725,10188
9.62034,10187
9.64411,10186
9.64719,10185
9.65026,10184
9.68754,10183
9.69059,10182
9.69364,10181
9.69669,10180
9.71894,10179
9.72201,10178
9.72506,10177
9.74911,10176
9.75215,10175
9.75519,10174
9.77876,10173
9.78183,10172
9.78487,10171
9.82292,10170
9.82602,10169
9.82908,10168
9.83219,10167
9.85554,10166
9.85862,10165
9.86185,10164
9.88421,10163
9.88725,10162
9.89028,10161
9.92603,10160
9.92911,10159
9.93484,10158
9.93793,10157
9.96094,10156
9.964,10155
9.96703,10154
9.99267,10153
9.99573,10152
9.99877,10151
10.022,10150
10.025,10149
10.065,10148
10.0681,10147
10.0712,10146
10.0743,10145
10.0773,10144
10.0987,10143
10.1019,10142
10.1049,10141
10.1278,10140
10.1308,10139
10.1339,10138
10.1723,10137
10.1754,10136
10.1785,10135
10.1916,10134
10.1947,10133
10.1977,10132
10.2008,10131
10.2173,10130
10.2205,10129
10.2236,10128
10.2473,10127
10.2504,10126
10.2535,10125
10.2769,10124
10.2801,10123
10.2833,10122
10.3112,10121
10.3143,10120
10.3175,10119
10.3205,10118
10.3396,10117
10.3427,10116
10.3457,10115
10.3671,10114
10.3702,10113
10.3732,10112
10.4033,10111
10.4086,10110
10.4117,10109
10.4288,10108
10.4319,10107
10.435,10106
10.4381,10105
10.4599,10104
10.463,10103
10.466,10102
10.4881,10101
10.4912,10100
10.4942,10099
10.5199,10098
10.5274,10097
10.5757,10096
10.6007,10095
10.6038,10094
10.6069,10093
10.6099,10092
10.6334,10091
10.6364,10090
10.6395,10089
10.6739,10088
10.6786,10087
10.6816,10086
10.6909,10085
10.694,10084
10.697,10083
10.7554,10082
10.7584,10081
10.7615,10080
10.7645,10079
10.7751,10078
10.7782,10077
10.8149,10076
10.831,10075
10.8346,10074
10.8376,10073
10.8931,10072
10.8965,10071
10.8995,10070
10.9528,10069
10.9566,10068
10.9597,10067
10.9628,10066
11.0034,10065
11.0066,10064
11.0097,10063
11.0432,10062
11.0468,10061
11.0507,10060
11.0846,10059
11.0877,10058
11.0909,10057
11.1176,10056
11.1229,10055
11.126,10054
11.1292,10053
11.1495,10052
11.1526,10051
11.156,10050
11.1798,10049
11.183,10048
11.1861,10047
11.2041,10046
11.2071,10045
11.2102,10044
11.2288,10043
11.2319,10042
11.2349,10041
11.238,10040
11.2568,10039
11.2598,10038
11.2631,10037
11.2825,10036
11.2856,10035
11.2887,10034
11.3181,10033
11.3227,10032
11.3258,10031
11.3432,10030
11.348,10029
11.351,10028
11.3541,10027
11.3723,10026
11.3753,10025
11.3785,10024
11.4025,10023
11.4056,10022
11.4091,10021
11.4122,10020
11.4152,10019
11.4184,10018
11.4693,10017
11.4727,10016
11.4757,10015
11.4796,10014
11.4965,10013
11.4999,10012
11.503,10011
11.5238,10010
11.5326,10009
11.5358,10008
11.5615,10007
11.5685,10006
11.5716,10005
11.5914,10004
11.5944,10003
11.5975,10002
11.6006,10001
11.6305,10000
11.6348,9999
11.6482,9998
11.6683,9997
11.6785,9996
11.684,9995
11.688,9994
11.6917,9993
11.6954,9992
11.7844,9991
11.7876,9990
11.7913,9989
11.7999,9988
11.8031,9987
11.8061,9986
11.8258,9985
11.8289,9984
11.8324,9983
11.8485,9982
11.8516,9981
11.8546,9980
11.8577,9979
11.8827,9978
11.8862,9977
11.8932,9976
11.9119,9975
11.9166,9974
11.9197,9973
11.9475,9972
11.9505,9971
11.9535,9970
11.982,9969
11.9851,9968
11.9882,9967
11.9912,9966
12.0168,9965
12.0222,9964
12.0255,9963
12.0425,9962
12.0455,9961
12.0486,9960
12.0828,9959
12.0858,9958
12.0889,9957
12.1073,9956
12.1105,9955
12.1136,9954
12.1166,9953
12.1477,9952
12.151,9951
12.154,9950
12.1813,9949
12.1844,9948
12.1875,9947
12.2075,9946
12.2106,9945
12.2136,9944
12.2366,9943
12.2398,9942
12.2434,9941
12.2466,9940
12.269,9939
12.2721,9938
12.2751,9937
12.2922,9936
12.2952,9935
12.2983,9934
12.3139,9933
12.3169,9932
12.32,9931
12.3438,9930
12.3469,9929
12.4747,9928
12.4779,9927
12.4811,9926
12.4942,9925
12.5087,9924
12.5125,9923
12.5291,9922
12.5322,9921
12.5352,9920
12.5425,9919
12.5456,9918
12.5486,9917
12.5518,9916
12.5654,9915
12.5684,9914
12.5751,9913
12.5999,9912
12.6029,9911
12.606,9910
12.6291,9909
12.6322,9908
12.6353,9907
12.6637,9906
12.6669,9905
12.6701,9904
12.6737,9903
12.6915,9902
12.6961,9901
12.6992,9900
12.7318,9899
12.7349,9898
12.738,9897
12.768,9896
12.7711,9895
12.7742,9894
12.7944,9893
12.7974,9892
12.8005,9891
12.8035,9890
12.8357,9889
12.8388,9888
12.8419,9887
12.8653,9886
12.8684,9885
12.872,9884
12.8952,9883
12.8989,9882
12.902,9881
12.9361,9880
12.9392,9879
12.9423,9878
12.9458,9877
12.9724,9876
12.9756,9875
12.9788,9874
13.0023,9873
13.0054,9872
13.0084,9871
13.09,9870
13.093,9869
13.0961,9868
13.0991,9867
13.1021,9866
13.1296,9865
13.1326,9864
13.1357,9863
13.1817,9862
13.1847,9861
13.1878,9860
13.2109,9859
13.214,9858
13.2432,9857
13.2462,9856
13.2492,9855
13.2734,9854
13.2765,9853
13.2799,9852
13.3114,9851
13.3145,9850
13.3175,9849
13.3476,9848
13.3506,9847
13.3537,9846
13.3567,9845
13.3802,9844
13.3834,9843
13.3865,9842
13.3925,9841
13.3956,9840
13.3987,9839
13.4518,9838
13.4548,9837
13.4584,9836
13.4817,9835
13.4848,9834
13.4878,9833
13.5077,9832
13.5107,9831
13.5138,9830
13.5169,9829
13.5414,9828
13.5444,9827
13.5475,9826
13.5903,9825
13.5935,9824
13.5966,9823
13.6207,9822
13.6238,9821
13.6268,9820
13.6299,9819
13.66,9818
13.663,9817
13.6661,9816
13.6826,9815
13.6857,9814
13.6887,9813
13.7121,9812
13.7164,9811
13.7195,9810
13.7465,9809
13.7496,9808
13.7526,9807
13.7558,9806
13.7896,9805
13.7926,9804
13.7956,9803
13.8445,9802
13.8476,9801
13.8507,9800
13.8772,9799
13.8802,9798
13.8833,9797
13.9062,9796
13.9092,9795
13.9123,9794
13.9154,9793
13.9357,9792
13.9389,9791
13.942,9790
13.9858,9789
13.9889,9788
13.992,9787
14.0211,9786
14.0241,9785
14.0272,9784
14.0303,9783
14.0333,9782
14.0623,9781
14.0654,9780
14.0684,9779
14.0948,9778
14.0978,9777
14.101,9776
14.1232,9775
14.1262,9774
14.1294,9773
14.1324,9772
14.1499,9771
14.1536,9770
14.1567,9769
14.181,9768
14.1841,9767
14.1877,9766
14.2048,9765
14.2078,9764
14.2109,9763
14.2435,9762
14.2466,9761
14.2496,9760
14.2526,9759
14.2664,9758
14.2694,9757
14.2725,9756
14.2911,9755
14.2941,9754
14.2972,9753
14.3048,9752
14.3078,9751
14.3109,9750
14.3139,9749
14.3331,9748
14.3361,9747
14.3391,9746
14.3635,9745
14.3671,9744
14.3703,9743
14.3885,9742
14.3916,9741
14.3947,9740
14.4168,9739
14.4199,9738
14.4234,9737
14.4266,9736
14.4447,9735
14.4478,9734
14.4508,9733
14.4719,9732
14.4751,9731
14.4781,9730
14.5022,9729
14.5053,9728
14.5084,9727
14.5448,9726
14.548,9725
14.5655,9724
14.5686,9723
14.5716,9722
14.5989,9721
14.6021,9720
14.6051,9719
14.6289,9718
14.6319,9717
14.635,9716
14.638,9715
14.6573,9714
14.6604,9713
14.6634,9712
14.6892,9711
14.6922,9710
14.6953,9709
14.7134,9708
14.7164,9707
14.7195,9706
14.736,9705
14.7391,9704
14.7421,9703
14.7451,9702
14.7652,9701
14.7682,9700
14.7713,9699
14.7889,9698
14.7919,9697
14.795,9696
14.8098,9695
14.8128,9694
14.8389,9693
14.8419,9692
14.8449,9691
14.8617,9690
14.8648,9689
14.8678,9688
14.8896,9687
14.8926,9686
14.8956,9685
14.8986,9684
14.9168,9683
14.9198,9682
14.9228,9681
14.942,9680
14.945,9679
14.948,9678
14.9721,9677
14.9751,9676
14.9783,9675
15.0053,9674
15.0084,9673
15.0115,9672
15.0145,9671
15.0367,9670
15.0398,9669
15.0428,9668
15.0563,9667
15.0594,9666
15.0624,9665
15.0754,9664
15.0785,9663
15.0815,9662
15.1114,9661
15.1148,9660
15.1179,9659
15.1209,9658
15.137,9657
15.1648,9656
15.1679,9655
15.1711,9654
15.1901,9653
15.1933,9652
15.1963,9651
15.1993,9650
15.2206,9649
15.2236,9648
15.2266,9647
15.2504,9646
15.254,9645
15.257,9644
15.2749,9643
15.2779,9642
15.2811,9641
15.2841,9640
15.3047,9639
15.3078,9638
15.3108,9637
15.3268,9636
15.353,9635
15.3561,9634
15.3591,9633
15.3756,9632
15.3788,9631
15.3819,9630
15.3849,9629
15.4066,9628
15.4097,9627
15.4127,9626
15.4312,9625
15.4343,9624
15.4373,9623
15.4519,9622
15.4549,9621
15.4579,9620
15.4609,9619
15.4825,9618
15.4855,9617
15.4885,9616
15.5033,9615
15.5063,9614
15.5093,9613
15.5325,9612
15.5355,9611
15.5385,9610
15.5416,9609
15.5552,9608
15.5705,9607
15.5736,9606
15.5799,9605
15.583,9604
15.586,9603
15.6065,9602
15.6095,9601
15.6125,9600
15.6283,9599
15.6313,9598
15.6344,9597
15.6374,9596
15.6604,9595
15.6635,9594
15.6664,9593
15.6845,9592
15.6876,9591
15.6906,9590
15.7063,9589
15.7096,9588
15.7126,9587
15.7157,9586
15.7364,9585
15.7395,9584
15.7425,9583
15.758,9582
15.761,9581
15.764,9580
15.7844,9579
15.7874,9578
15.7904,9577
15.8065,9576
15.8095,9575
15.8126,9574
15.8271,9573
15.8385,9572
15.8416,9571
15.8446,9570
15.8619,9569
15.8649,9568
15.8679,9567
15.8868,9566
15.8898,9565
15.8929,9564
15.8959,9563
15.9179,9562
15.9209,9561
15.9239,9560
15.9366,9559
15.9425,9558
15.9458,9557
15.9727,9556
15.9758,9555
15.979,9554
15.9994,9553
16.0025,9552
16.0055,9551
16.0085,9550
16.028,9549
16.0311,9548
16.0341,9547
16.0532,9546
16.0562,9545
16.0593,9544
16.0789,9543
16.0821,9542
16.0851,9541
16.0882,9540
16.1016,9539
16.1047,9538
16.1077,9537
16.137,9536
16.1591,9535
16.1622,9534
16.1652,9533
16.1682,9532
16.1841,9531
16.1871,9530
16.1901,9529
16.2096,9528
16.2126,9527
16.2157,9526
16.2386,9525
16.2538,9524
16.2568,9523
16.353,9522
16.3566,9521
16.3597,9520
16.3627,9519
16.3676,9518
16.3706,9517
16.3736,9516
16.3766,9515
16.3797,9514
16.3827,9513
16.3857,9512
16.3887,9511
16.3917,9510
16.3947,9509
16.4126,9508
16.4156,9507
16.4186,9506
16.4492,9505
16.4575,9504
16.4605,9503
16.4897,9502
16.4927,9501
16.4957,9500
16.5187,9499
16.5217,9498
16.5247,9497
16.5398,9496
16.5429,9495
16.5459,9494
16.567,9493
16.57,9492
16.573,9491
16.5761,9490
16.5926,9489
16.5958,9488
16.5988,9487
16.6183,9486
16.6213,9485
16.6243,9484
16.6414,9483
16.6445,9482
16.6475,9481
16.6505,9480
16.6693,9479
16.6723,9478
16.6754,9477
16.6998,9476
16.7028,9475
16.7059,9474
16.729,9473
16.7321,9472
16.7351,9471
16.7381,9470
16.7593,9469
16.7623,9468
16.7653,9467
16.7787,9466
16.7818,9465
16.7848,9464
16.7998,9463
16.8029,9462
16.806,9461
16.8091,9460
16.8422,9459
16.8453,9458
16.8483,9457
16.8614,9456
16.8644,9455
16.8674,9454
16.8784,9453
16.8814,9452
16.8844,9451
16.8996,9450
16.9026,9449
16.9058,9448
16.9088,9447
16.9332,9446
16.9362,9445
16.9392,9444
16.9728,9443
16.9759,9442
16.9789,9441
16.9919,9440
16.995,9439
16.998,9438
17.001,9437
17.0161,9436
17.0192,9435
17.0222,9434
17.0436,9433
17.0467,9432
17.0497,9431
17.0575,9430
17.0605,9429
17.0636,9428
17.0666,9427
17.0928,9426
17.0958,9425
17.0988,9424
17.1091,9423
17.1121,9422
17.1151,9421
17.1311,9420
17.1342,9419
17.1373,9418
17.1622,9417
17.1653,9416
17.1685,9415
17.1716,9414
17.2035,9413
17.2065,9412
17.2095,9411
17.234,9410
17.237,9409
17.24,9408
17.273,9407
17.2761,9406
17.279,9405
17.282,9404
17.2851,9403
17.2882,9402
17.2911,9401
17.3496,9400
17.3538,9399
17.3569,9398
17.3716,9397
17.3746,9396
17.4083,9395
17.4119,9394
17.415,9393
17.4362,9392
17.4392,9391
17.4422,9390
17.4731,9389
17.4762,9388
17.4794,9387
17.4826,9386
17.4981,9385
17.5032,9384
17.5062,9383
17.5322,9382
17.5354,9381
17.5385,9380
17.5597,9379
17.5628,9378
17.5659,9377
17.6252,9376
17.6282,9375
17.6313,9374
17.6343,9373
17.6473,9372
17.6504,9371
17.6533,9370
17.6761,9369
17.6791,9368
17.6821,9367
17.699,9366
17.702,9365
17.705,9364
17.708,9363
17.7314,9362
17.7344,9361
17.7375,9360
17.7679,9359
17.7709,9358
17.7739,9357
17.7894,9356
17.7925,9355
17.7955,9354
17.8001,9353
17.8352,9352
17.8586,9351
17.8617,9350
17.8652,9349
17.8682,9348
17.8712,9347
17.8775,9346
17.8808,9345
17.8839,9344
17.9112,9343
17.9157,9342
17.9191,9341
17.9568,9340
17.9601,9339
18.0261,9338
18.0291,9337
18.0488,9336
18.0518,9335
18.0548,9334
18.074,9333
18.077,9332
18.0801,9331
18.0907,9330
18.0937,9329
18.0967,9328
18.0997,9327
18.1497,9326
18.1554,9325
18.1588,9324
18.1675,9323
18.1707,9322
18.1736,9321
18.2021,9320
18.2051,9319
18.2082,9318
18.2112,9317
18.2343,9316
18.2374,9315
18.2405,9314
18.2666,9313
18.2696,9312
18.2726,9311
18.2941,9310
18.2972,9309
18.3002,9308
18.3192,9307
18.3222,9306
18.3252,9305
18.3282,9304
18.3447,9303
18.3478,9302
18.3508,9301
18.4384,9300
18.4416,9299
18.4446,9298
18.4556,9297
18.4586,9296
18.4618,9295
18.4649,9294
18.4785,9293
18.4815,9292
18.4856,9291
18.5028,9290
18.506,9289
18.509,9288
18.5307,9287
18.534,9286
18.5371,9285
18.5623,9284
18.5655,9283
18.5685,9282
18.5717,9281
18.5874,9280
18.5905,9279
18.6059,9278
18.619,9277
18.622,9276
18.625,9275
18.6509,9274
18.6555,9273
18.664,9272
18.6675,9271
18.6746,9270
18.6787,9269
18.6853,9268
18.6887,9267
18.6918,9266
18.6948,9265
18.7447,9264
18.7477,9263
18.7511,9262
18.7685,9261
18.7715,9260
18.7746,9259
18.7897,9258
18.7927,9257
18.7957,9256
18.7987,9255
18.8181,9254
18.8213,9253
18.8244,9252
18.8534,9251
18.8564,9250
18.8594,9249
18.8794,9248
18.8824,9247
18.8854,9246
18.8904,9245
18.9251,9244
18.9309,9243
18.9339,9242
18.9494,9241
18.9525,9240
18.9555,9239
18.9888,9238
18.9919,9237
18.9949,9236
19.0001,9235
19.0031,9234
19.0061,9233
19.009,9232
19.0221,9231
19.0251,9230
19.0281,9229
19.057,9228
19.06,9227
19.0737,9226
19.0767,9225
19.0798,9224
19.1069,9223
19.1099,9222
19.1129,9221
19.1214,9220
19.1316,9219
19.1356,9218
19.1609,9217
19.1639,9216
19.1669,9215
19.1699,9214
19.1839,9213
19.1869,9212
19.1899,9211
19.2158,9210
19.2189,9209
19.2219,9208
19.2368,9207
19.2404,9206
19.2434,9205
19.2465,9204
19.2965,9203
19.3006,9202
19.3054,9201
19.3222,9200
19.3252,9199
19.3282,9198
19.3412,9197
19.3442,9196
19.3472,9195
19.3682,9194
19.3712,9193
19.3742,9192
19.3772,9191
19.398,9190
19.401,9189
19.404,9188
19.4195,9187
19.4226,9186
19.4256,9185
19.4405,9184
19.4435,9183
19.4464,9182
19.4495,9181
19.4829,9180
19.4859,9179
19.4888,9178
19.4983,9177
19.5028,9176
19.5059,9175
19.5602,9174
19.5633,9173
19.5663,9172
19.5693,9171
19.5814,9170
19.5845,9169
19.5875,9168
19.6006,9167
19.6036,9166
19.6065,9165
19.6587,9164
19.6617,9163
19.6646,9162
19.6778,9161
19.6809,9160
19.6839,9159
19.7002,9158
19.7032,9157
19.7062,9156
19.7091,9155
19.7451,9154
19.7481,9153
19.7511,9152
19.7711,9151
19.7745,9150
19.7805,9149
19.8172,9148
19.8202,9147
19.8232,9146
19.8445,9145
19.8474,9144
19.8558,9143
19.8588,9142
19.8618,9141
19.8748,9140
19.8779,9139
19.8809,9138
19.8839,9137
19.9067,9136
19.9097,9135
19.9127,9134
19.9261,9133
19.9307,9132
19.9338,9131
19.9562,9130
19.9592,9129
19.9622,9128
19.9927,9127
19.9957,9126
20.0001,9125
20.0035,9124
20.039,9123
20.042,9122
20.045,9121
20.0561,9120
20.0591,9119
20.0622,9118
20.0773,9117
20.0804,9116
20.0834,9115
20.0864,9114
20.1043,9113
20.1073,9112
20.1103,9111
20.1318,9110
20.1349,9109
20.1379,9108
20.1529,9107
20.1559,9106
20.1589,9105
20.1619,9104
20.1831,9103
20.1861,9102
20.1891,9101
20.2042,9100
20.2072,9099
20.2103,9098
20.2356,9097
20.2386,9096
20.2416,9095
20.2446,9094
20.2617,9093
20.2647,9092
20.2678,9091
20.2877,9090
20.2906,9089
20.2936,9088
20.3113,9087
20.3143,9086
20.3173,9085
20.3203,9084
20.3389,9083
20.342,9082
20.3449,9081
20.3684,9080
20.3714,9079
20.3745,9078
20.3873,9077
20.3904,9076
20.3934,9075
20.3964,9074
20.42,9073
20.423,9072
20.4261,9071
20.4425,9070
20.4455,9069
20.4484,9068
20.4668,9067
20.4704,9066
20.4761,9065
20.4792,9064
20.5022,9063
20.5052,9062
20.5082,9061
20.5246,9060
20.5276,9059
20.5306,9058
20.5435,9057
20.5465,9056
20.5495,9055
20.5738,9054
20.5768,9053
20.6145,9052
20.6176,9051
20.6205,9050
20.6476,9049
20.6505,9048
20.6655,9047
20.6685,9046
20.6715,9045
20.689,9044
20.692,9043
20.717,9042
20.7199,9041
20.7229,9040
20.7402,9039
20.7432,9038
20.7462,9037
20.7658,9036
20.7692,9035
20.7722,9034
20.7922,9033
20.7952,9032
20.7982,9031
20.802,9030
20.8354,9029
20.8396,9028
20.8429,9027
20.8591,9026
20.8621,9025
20.8651,9024
20.8787,9023
20.8817,9022
20.8847,9021
20.8983,9020
20.9013,9019
20.9043,9018
20.9073,9017
20.9314,9016
20.9345,9015
20.9375,9014
20.9607,9013
20.9637,9012
20.9666,9011
20.9895,9010
20.9926,9009
20.9955,9008
20.9985,9007
21.0129,9006
21.0159,9005
21.0189,9004
21.044,9003
21.0471,9002
21.0533,9001
21.0823,9000
21.0856,8999
21.0886,8998
21.0916,8997
21.1084,8996
21.1114,8995
21.1144,8994
21.1274,8993
21.1304,8992
21.1334,8991
21.1549,8990
21.1578,8989
21.1609,8988
21.1642,8987
21.1801,8986
21.1831,8985
21.1906,8984
21.2113,8983
21.2148,8982
21.2178,8981
21.2427,8980
21.2457,8979
21.2487,8978
21.2517,8977
21.2697,8976
21.2727,8975
21.2757,8974
21.3375,8973
21.3405,8972
21.3705,8971
21.3735,8970
21.3765,8969
21.3899,8968
21.3929,8967
21.3959,8966
21.4185,8965
21.4215,8964
21.4244,8963
21.4468,8962
21.4498,8961
21.4529,8960
21.4559,8959
21.4715,8958
21.4745,8957
21.4774,8956
21.5019,8955
21.5252,8954
21.5282,8953
21.5512,8952
21.5542,8951
21.5572,8950
21.5601,8949
21.5799,8948
21.5829,8947
21.5863,8946
21.6121,8945
21.6164,8944
21.6203,8943
21.6353,8942
21.6383,8941
21.6412,8940
21.6443,8939
21.6714,8938
21.6743,8937
21.6773,8936
21.6994,8935
21.7024,8934
21.7098,8933
21.8655,8932
21.8686,8931
21.8716,8930
21.8746,8929
21.8874,8928
21.8906,8927
21.8936,8926
21.9067,8925
21.9097,8924
21.9128,8923
21.9892,8922
21.9948,8921
21.9986,8920
22.0324,8919
22.0355,8918
22.0384,8917
22.0414,8916
22.0551,8915
22.0581,8914
22.0631,8913
22.1129,8912
22.1159,8911
22.1189,8910
22.1222,8909
22.1253,8908
22.1282,8907
22.1578,8906
22.1632,8905
22.1665,8904
22.1696,8903
22.1961,8902
22.1992,8901
22.2031,8900
22.2168,8899
22.2203,8898
22.2233,8897
22.2263,8896
22.2294,8895
22.2324,8894
22.2354,8893
22.3081,8892
22.311,8891
22.314,8890
22.3373,8889
22.3421,8888
22.3451,8887
22.3505,8886
22.3741,8885
22.3877,8884
22.3907,8883
22.3937,8882
22.4023,8881
22.4053,8880
22.4144,8879
22.4174,8878
22.4204,8877
22.4365,8876
22.4394,8875
22.4425,8874
22.4644,8873
22.4733,8872
22.4959,8871
22.503,8870
22.506,8869
22.5552,8868
22.575,8867
22.578,8866
22.581,8865
22.584,8864
22.5997,8863
22.6026,8862
22.6056,8861
22.6201,8860
22.6231,8859
22.6261,8858
22.6376,8857
22.6407,8856
22.6437,8855
22.6467,8854
22.6724,8853
22.6754,8852
22.6783,8851
22.6987,8850
22.7017,8849
22.7047,8848
22.7263,8847
22.7293,8846
22.7323,8845
22.7353,8844
22.7604,8843
22.7766,8842
22.7796,8841
22.7825,8840
22.802,8839
22.805,8838
22.808,8837
22.811,8836
22.8276,8835
22.8306,8834
22.8337,8833
22.8533,8832
22.8563,8831
22.885,8830
22.8879,8829
22.8915,8828
22.9065,8827
22.9094,8826
22.9391,8825
22.9421,8824
22.9451,8823
22.9623,8822
22.9653,8821
22.9683,8820
22.9873,8819
22.9903,8818
22.9932,8817
23.0159,8816
23.0189,8815
23.0222,8814
23.0251,8813
23.057,8812
23.0602,8811
23.0631,8810
23.0793,8809
23.0823,8808
23.0853,8807
23.1052,8806
23.1082,8805
23.1112,8804
23.1141,8803
23.1417,8802
23.1613,8801
23.1642,8800
23.1672,8799
23.1822,8798
23.1852,8797
23.1882,8796
23.1913,8795
23.2123,8794
23.2153,8793
23.2183,8792
23.2342,8791
23.2371,8790
23.2644,8789
23.2674,8788
23.2703,8787
23.286,8786
23.2889,8785
23.2919,8784
23.3057,8783
23.3087,8782
23.3117,8781
23.3146,8780
23.3405,8779
23.357,8778
23.3604,8777
23.3634,8776
23.3664,8775
23.3694,8774
23.3725,8773
23.3755,8772
23.404,8771
23.407,8770
23.4101,8769
23.4262,8768
23.4292,8767
23.4322,8766
23.4537,8765
23.4567,8764
23.4597,8763
23.4627,8762
23.4814,8761
23.5106,8760
23.5136,8759
23.5167,8758
23.5338,8757
23.5368,8756
23.5398,8755
23.5427,8754
23.5602,8753
23.5632,8752
23.5662,8751
23.5896,8750
23.5927,8749
23.5956,8748
23.6117,8747
23.6147,8746
23.6177,8745
23.6206,8744
23.6405,8743
23.6435,8742
23.6464,8741
23.6633,8740
23.6663,8739
23.6693,8738
23.6723,8737
23.6906,8736
23.6936,8735
23.6965,8734
23.7172,8733
23.7202,8732
23.7232,8731
23.7387,8730
23.7419,8729
23.7448,8728
23.7478,8727
23.7693,8726
23.7724,8725
23.7753,8724
23.7836,8723
23.7866,8722
23.7895,8721
23.8169,8720
23.8199,8719
23.8229,8718
23.8259,8717
23.841,8716
23.844,8715
23.8469,8714
23.8625,8713
23.8654,8712
23.8685,8711
23.887,8710
23.9106,8709
23.9136,8708
23.9402,8707
23.9438,8706
23.9468,8705
23.9671,8704
23.9701,8703
23.973,8702
23.9978,8701
24.0008,8700
24.0194,8699
24.0225,8698
24.0255,8697
24.0285,8696
24.0399,8695
24.0429,8694
24.0459,8693
24.0703,8692
24.0738,8691
24.0769,8690
24.0927,8689
24.0957,8688
24.099,8687
24.1019,8686
24.1223,8685
24.1253,8684
24.1283,8683
24.1445,8682
24.1475,8681
24.1504,8680
24.1709,8679
24.1739,8678
24.1769,8677
24.1798,8676
24.196,8675
24.199,8674
24.202,8673
24.2222,8672
24.2252,8671
24.2282,8670
24.2542,8669
24.2573,8668
24.2603,8667
24.2632,8666
24.279,8665
24.282,8664
24.285,8663
24.3061,8662
24.3091,8661
24.312,8660
24.3274,8659
24.3304,8658
24.3334,8657
24.3365,8656
24.3574,8655
24.3604,8654
24.3633,8653
24.39,8652
24.4124,8651
24.4155,8650
24.4367,8649
24.4401,8648
24.4431,8647
24.4626,8646
24.4656,8645
24.4887,8644
24.4916,8643
24.4946,8642
24.5165,8641
24.5198,8640
24.5228,8639
24.5371,8638
24.5401,8637
24.5431,8636
24.546,8635
24.5593,8634
24.5623,8633
24.5653,8632
24.5885,8631
24.5914,8630
24.5944,8629
24.6116,8628
24.6146,8627
24.6175,8626
24.6205,8625
24.6426,8624
24.6464,8623
24.6493,8622
24.6729,8621
24.6759,8620
24.6789,8619
24.6938,8618
24.7028,8617
24.721,8616
24.7248,8615
24.7277,8614
24.7449,8613
24.7479,8612
24.751,8611
24.7545,8610
24.7788,8609
24.8003,8608
24.8033,8607
24.8063,8606
24.8194,8605
24.8224,8604
24.8254,8603
24.8284,8602
24.8374,8601
24.8732,8600
24.8865,8599
24.8895,8598
24.8925,8597
24.8956,8596
24.9282,8595
24.933,8594
24.936,8593
24.9572,8592
24.9605,8591
24.9635,8590
24.9864,8589
24.9907,8588
24.9937,8587
24.9967,8586
25.0156,8585
25.0186,8584
25.0248,8583
25.0584,8582
25.062,8581
25.0845,8580
25.0875,8579
25.0905,8578
25.1079,8577
25.1109,8576
25.1358,8575
25.1387,8574
25.1417,8573
25.1547,8572
25.1579,8571
25.2309,8570
25.2339,8569
25.2368,8568
25.2398,8567
25.2427,8566
25.2456,8565
25.2486,8564
25.2515,8563
25.2544,8562
25.2574,8561
25.2603,8560
25.2633,8559
25.2662,8558
25.2794,8557
25.2824,8556
25.2857,8555
25.293,8554
25.2961,8553
25.2991,8552
25.302,8551
25.3297,8550
25.3535,8549
25.3565,8548
25.3595,8547
25.3624,8546
25.3812,8545
25.3842,8544
25.3871,8543
25.4036,8542
25.4066,8541
25.4096,8540
25.4408,8539
25.4497,8538
25.4591,8537
25.4621,8536
25.465,8535
25.4849,8534
25.5146,8533
25.5176,8532
25.5206,8531
25.5235,8530
25.5365,8529
25.5395,8528
25.5425,8527
25.5854,8526
25.5884,8525
25.5913,8524
25.6162,8523
25.6192,8522
25.6221,8521
25.6514,8520
25.6543,8519
25.6884,8518
25.6914,8517
25.6944,8516
25.7144,8515
25.7174,8514
25.7418,8513
25.7452,8512
25.7482,8511
25.7512,8510
25.8187,8509
25.8217,8508
25.8247,8507
25.8476,8506
25.8506,8505
25.8535,8504
25.8565,8503
25.8796,8502
25.8826,8501
25.8855,8500
25.9057,8499
25.9087,8498
25.9117,8497
25.9146,8496
25.9364,8495
25.9402,8494
25.9431,8493
25.984,8492
25.9877,8491
25.9907,8490
25.9997,8489
26.0029,8488
26.0369,8487
26.0399,8486
26.0429,8485
26.0504,8484
26.0837,8483
26.0867,8482
26.1097,8481
26.1126,8480
26.1156,8479
26.1393,8478
26.1423,8477
26.1452,8476
26.1699,8475
26.1729,8474
26.1759,8473
26.1895,8472
26.204,8471
26.207,8470
26.2099,8469
26.2305,8468
26.2335,8467
26.2364,8466
26.2543,8465
26.2573,8464
26.2603,8463
26.2632,8462
26.2849,8461
26.2878,8460
26.2908,8459
26.3038,8458
26.3067,8457
26.3097,8456
26.3126,8455
26.3331,8454
26.3361,8453
26.3391,8452
26.356,8451
26.359,8450
26.3619,8449
26.3853,8448
26.3883,8447
26.3913,8446
26.3942,8445
26.4036,8444
26.4066,8443
26.4494,8442
26.4523,8441
26.4688,8440
26.4718,8439
26.4747,8438
26.4776,8437
26.4874,8436
26.4904,8435
26.4933,8434
26.5108,8433
26.5138,8432
26.5168,8431
26.5197,8430
26.5406,8429
26.5435,8428
26.5464,8427
26.5684,8426
26.5715,8425
26.5744,8424
26.5917,8423
26.5947,8422
26.5976,8421
26.6005,8420
26.6205,8419
26.6235,8418
26.6265,8417
26.6382,8416
26.647,8415
26.6644,8414
26.6674,8413
26.6703,8412
26.7034,8411
26.7063,8410
26.7093,8409
26.7282,8408
26.7311,8407
26.7341,8406
26.737,8405
26.7442,8404
26.7472,8403
26.7501,8402
26.769,8401
26.772,8400
26.775,8399
26.7923,8398
26.7953,8397
26.7982,8396
26.8013,8395
26.8298,8394
26.8328,8393
26.854,8392
26.857,8391
26.8599,8390
26.8761,8389
26.8791,8388
26.882,8387
26.9043,8386
26.9073,8385
26.9102,8384
26.9187,8383
26.9217,8382
26.9247,8381
26.9565,8380
26.9595,8379
26.9652,8378
26.9683,8377
26.9713,8376
26.9742,8375
26.9971,8374
27.0002,8373
27.0031,8372
27.0245,8371
27.0275,8370
27.0305,8369
27.0453,8368
27.0483,8367
27.0512,8366
27.0542,8365
27.0799,8364
27.0828,8363
27.0858,8362
27.1064,8361
27.1094,8360
27.1123,8359
27.1282,8358
27.1312,8357
27.1342,8356
27.1372,8355
27.1572,8354
27.1602,8353
27.1631,8352
27.1796,8351
27.1825,8350
27.2044,8349
27.2202,8348
27.2232,8347
27.2261,8346
27.2464,8345
27.2493,8344
27.2523,8343
27.2552,8342
27.2716,8341
27.2746,8340
27.2775,8339
27.2977,8338
27.3295,8337
27.3325,8336
27.3354,8335
27.3383,8334
27.3593,8333
27.3623,8332
27.3653,8331
27.3811,8330
27.3841,8329
27.3871,8328
27.39,8327
27.4102,8326
27.4133,8325
27.4163,8324
27.4359,8323
27.4389,8322
27.4418,8321
27.4457,8320
27.4487,8319
27.4516,8318
27.4751,8317
27.4781,8316
27.4964,8315
27.5009,8314
27.5038,8313
27.5068,8312
27.5249,8311
27.5279,8310
27.5308,8309
27.552,8308
27.5549,8307
27.5579,8306
27.5874,8305
27.5903,8304
27.6111,8303
27.6141,8302
27.617,8301
27.6339,8300
27.6368,8299
27.6397,8298
27.6651,8297
27.6681,8296
27.6847,8295
27.6877,8294
27.6907,8293
27.7059,8292
27.7088,8291
27.7313,8290
27.7543,8289
27.7574,8288
27.7603,8287
27.7835,8286
27.7867,8285
27.7897,8284
27.7927,8283
27.8062,8282
27.8092,8281
27.8376,8280
27.8406,8279
27.8435,8278
27.8653,8277
27.8896,8276
27.8925,8275
27.8954,8274
27.915,8273
27.9239,8272
27.9347,8271
27.9381,8270
27.9637,8269
27.9926,8268
27.9956,8267
27.9986,8266
28.0164,8265
28.0193,8264
28.0223,8263
28.0408,8262
28.0437,8261
28.0467,8260
28.0703,8259
28.0733,8258
28.0935,8257
28.0965,8256
28.0994,8255
28.1155,8254
28.6531,8253
28.6562,8252
28.6592,8251
28.6627,8250
28.6656,8249
28.6686,8248
28.6715,8247
28.6745,8246
28.6774,8245
28.6804,8244
28.6834,8243
28.7061,8242
28.713,8241
28.722,8240
28.7408,8239
28.7682,8238
28.7715,8237
28.7755,8236
28.8155,8235
28.8185,8234
28.8214,8233
28.8486,8232
28.8516,8231
28.8545,8230
28.8636,8229
28.8666,8228
28.8892,8227
28.8922,8226
28.9115,8225
28.9145,8224
28.9174,8223
28.9415,8222
28.9445,8221
28.9474,8220
29.0403,8219
29.0544,8218
29.0574,8217
29.0603,8216
29.0759,8215
29.0789,8214
29.0971,8213
29.1001,8212
29.103,8211
29.1231,8210
29.1261,8209
29.129,8208
29.1334,8207
29.1478,8206
29.1943,8205
29.1973,8204
29.2002,8203
29.2351,8202
29.2381,8201
29.241,8200
29.2576,8199
29.3101,8198
29.3132,8197
29.3162,8196
29.3293,8195
29.3322,8194
29.3351,8193
29.3492,8192
29.3581,8191
29.3916,8190
29.395,8189
29.3981,8188
29.4256,8187
29.4286,8186
29.4491,8185
29.4521,8184
29.4551,8183
29.5022,8182
29.5369,8181
29.5398,8180
29.5427,8179
29.5657,8178
29.5687,8177
29.5879,8176
29.5909,8175
29.5938,8174
29.6141,8173
29.6171,8172
29.62,8171
29.6231,8170
29.6476,8169
29.6695,8168
29.6725,8167
29.6754,8166
29.6784,8165
29.699,8164
29.702,8163
29.7049,8162
29.7631,8161
29.7674,8160
29.7704,8159
29.7847,8158
29.7876,8157
29.7907,8156
29.8304,8155
29.8333,8154
29.8508,8153
29.8904,8152
29.8933,8151
29.9172,8150
29.9201,8149
29.9231,8148
29.9388,8147
29.9418,8146
29.9449,8145
29.974,8144
29.977,8143
30.0205,8142
30.0234,8141
30.0263,8140
30.0431,8139
30.0461,8138
30.0491,8137
30.0521,8136
30.0743,8135
30.0777,8134
30.0806,8133
30.0987,8132
30.1017,8131
30.1351,8130
30.138,8129
30.141,8128
30.1602,8127
30.1631,8126
30.1665,8125
30.1944,8124
30.1978,8123
30.2008,8122
30.2038,8121
30.2289,8120
30.2319,8119
30.2348,8118
30.2639,8117
30.2787,8116
30.2875,8115
30.3065,8114
30.3096,8113
30.3125,8112
30.3359,8111
30.3388,8110
30.3552,8109
30.3582,8108
30.3618,8107
30.4039,8106
30.4162,8105
30.4191,8104
30.4446,8103
30.4671,8102
30.4704,8101
30.483,8100
30.486,8099
30.4889,8098
30.5125,8097
30.5155,8096
30.5184,8095
30.539,8094
30.5419,8093
30.5647,8092
30.5884,8091
30.5913,8090
30.6162,8089
30.6409,8088
30.6447,8087
30.7032,8086
30.7061,8085
30.7259,8084
30.7289,8083
30.7318,8082
30.7347,8081
30.7526,8080
30.7555,8079
30.7584,8078
30.7766,8077
30.7795,8076
30.7825,8075
30.7854,8074
30.8012,8073
30.8041,8072
30.807,8071
30.8278,8070
30.8776,8069
30.9027,8068
30.9058,8067
30.9087,8066
30.9116,8065
30.9302,8064
30.934,8063
30.9848,8062
30.9878,8061
30.9907,8060
30.9936,8059
31.0374,8058
31.0404,8057
31.0623,8056
31.0652,8055
31.0854,8054
31.0883,8053
31.0913,8052
31.1092,8051
31.1122,8050
31.1151,8049
31.118,8048
31.1372,8047
31.1401,8046
31.143,8045
31.1622,8044
31.1654,8043
31.1684,8042
31.1713,8041
31.1946,8040
31.2076,8039
31.2105,8038
31.2135,8037
31.25,8036
31.253,8035
31.2567,8034
31.2597,8033
31.2756,8032
31.2785,8031
31.2815,8030
31.3057,8029
31.3086,8028
31.3285,8027
31.3314,8026
31.3347,8025
31.3535,8024
31.3564,8023
31.3593,8022
31.3799,8021
31.3887,8020
31.4067,8019
31.4096,8018
31.4126,8017
31.4594,8016
31.4623,8015
31.4652,8014
31.4972,8013
31.5167,8012
31.5197,8011
31.5226,8010
31.5256,8009
31.5387,8008
31.5416,8007
31.5446,8006
31.5673,8005
31.5704,8004
31.5733,8003
31.594,8002
31.5972,8001
31.6007,8000
31.6047,7999
31.6169,7998
31.62,7997
31.6574,7996
31.6603,7995
31.6633,7994
31.6782,7993
31.6812,7992
31.6841,7991
31.7035,7990
31.7064,7989
31.7093,7988
31.7322,7987
31.7351,7986
31.7381,7985
31.741,7984
31.7688,7983
31.7833,7982
31.7863,7981
31.807,7980
31.8099,7979
31.8128,7978
31.8602,7977
31.8631,7976
31.8913,7975
31.914,7974
31.9419,7973
31.9449,7972
31.9478,7971
31.971,7970
32.0405,7969
32.0733,7968
32.0763,7967
32.0973,7966
32.1209,7965
32.149,7964
32.1519,7963
32.1803,7962
32.1832,7961
32.1862,7960
32.2036,7959
32.2065,7958
32.2094,7957
32.2123,7956
32.2297,7955
32.2326,7954
32.2355,7953
32.2553,7952
32.2582,7951
32.3243,7950
32.3294,7949
32.3547,7948
32.3577,7947
32.3751,7946
32.3781,7945
32.381,7944
32.3941,7943
32.4314,7942
32.4344,7941
32.481,7940
32.484,7939
32.5119,7938
32.5148,7937
32.5323,7936
32.5353,7935
32.5382,7934
32.559,7933
32.5624,7932
32.5655,7931
32.5684,7930
32.5857,7929
32.5887,7928
32.5916,7927
32.6105,7926
32.6195,7925
32.624,7924
32.6271,7923
32.63,7922
32.6555,7921
32.6585,7920
32.6614,7919
32.7184,7918
32.7363,7917
32.7395,7916
32.8211,7915
32.8508,7914
32.8537,7913
32.8888,7912
32.9254,7911
33.0391,7910
33.042,7909
33.0449,7908
33.0481,7907
33.1324,7906
33.1353,7905
33.1382,7904
33.1644,7903
33.1674,7902
33.1703,7901
33.1732,7900
33.1937,7899
33.1966,7898
33.3083,7897
33.3323,7896
33.3352,7895
33.3381,7894
33.3412,7893
33.3667,7892
33.3698,7891
33.3728,7890
33.4303,7889
33.4634,7888
33.4696,7887
33.4725,7886
33.5272,7885
33.5302,7884
33.5652,7883
33.5884,7882
33.5914,7881
33.5943,7880
33.6178,7879
33.6266,7878
33.6317,7877
33.6349,7876
33.6378,7875
33.6654,7874
33.6684,7873
33.6713,7872
33.7037,7871
33.7066,7870
33.7096,7869
33.7124,7868
33.7326,7867
33.7355,7866
33.7384,7865
33.7725,7864
33.7755,7863
33.7909,7862
33.7939,7861
33.9684,7860
33.9714,7859
33.9743,7858
33.9772,7857
34.0077,7856
34.0394,7855
34.0607,7854
34.0694,7853
34.0888,7852
34.0917,7851
34.0946,7850
34.1145,7849
34.1238,7848
34.1377,7847
34.1406,7846
34.1435,7845
34.1654,7844
34.1684,7843
34.1713,7842
34.1743,7841
34.1915,7840
34.1944,7839
34.1973,7838
34.2324,7837
34.2355,7836
34.2385,7835
34.2713,7834
34.2742,7833
34.2771,7832
34.2801,7831
34.581,7830
34.5867,7829
34.5897,7828
34.6161,7827
34.6198,7826
34.6397,7825
34.6426,7824
34.6455,7823
34.663,7822
34.6681,7821
34.671,7820
34.674,7819
34.6916,7818
34.717,7817
34.7199,7816
34.7229,7815
34.7458,7814
34.7488,7813
34.7719,7812
34.7915,7811
34.7944,7810
34.7973,7809
34.8246,7808
34.8275,7807
34.843,7806
34.8467,7805
34.8496,7804
34.8526,7803
34.8749,7802
34.8778,7801
34.9366,7800
34.9396,7799
34.9426,7798
34.9772,7797
34.986,7796
35.009,7795
35.0597,7794
35.0627,7793
35.0656,7792
35.0858,7791
35.2163,7790
35.253,7789
35.2559,7788
35.2737,7787
35.3252,7786
35.3567,7785
35.3596,7784
35.3808,7783
35.3837,7782
35.3866,7781
35.3965,7780
35.433,7779
35.436,7778
35.4632,7777
35.5392,7776
35.5454,7775
35.5708,7774
35.5737,7773
35.6008,7772
35.6197,7771
35.6227,7770
35.6256,7769
35.7162,7768
35.8693,7767
35.8722,7766
35.9154,7765
35.9183,7764
35.9344,7763
35.9374,7762
36.1259,7761
36.1438,7760
36.1469,7759
36.1498,7758
36.1527,7757
36.205,7756
36.2086,7755
36.214,7754
36.2567,7753
36.2596,7752
36.3052,7751
36.3081,7750
36.3315,7749
36.3613,7748
36.3874,7747
36.4092,7746
36.4122,7745
36.4684,7744
36.4714,7743
36.4743,7742
36.4772,7741
36.4925,7740
36.6353,7739
36.6572,7738
36.6603,7737
36.6632,7736
36.7232,7735
36.7262,7734
36.7291,7733
36.7416,7732
36.7446,7731
36.7588,7730
36.7618,7729
36.8002,7728
36.8032,7727
37.0526,7726
37.0661,7725
37.069,7724
37.1131,7723
37.2473,7722
37.2503,7721
37.2798,7720
37.2827,7719
37.2856,7718
37.3132,7717
37.3163,7716
37.3416,7715
37.436,7714
37.439,7713
37.4559,7712
37.459,7711
37.4618,7710
37.4853,7709
37.4882,7708
37.4911,7707
37.6027,7706
37.6081,7705
37.6111,7704
37.6218,7703
37.625,7702
37.7151,7701
37.7179,7700
37.7388,7699
37.7485,7698
37.7694,7697
37.7723,7696
37.7752,7695
37.8145,7694
37.8174,7693
38.0275,7692
38.0304,7691
38.0578,7690
38.0608,7689
38.0924,7688
38.7576,7687
38.7606,7686
39.1194,7685
39.7195,7684
39.7386,7683
39.7416,7682
39.7632,7681
39.7661,7680
39.7689,7679
39.7893,7678
39.9105,7677
39.9134,7676
39.9333,7675
39.9562,7674
40.4194,7673
40.4799,7672
40.5825,7671
41.1215,7670
41.1245,7669
41.1274,7668
42.0442,7667
42.3056,7666
42.3086,7665
42.3308,7664
42.3337,7663
42.6105,7662
42.6135,7661
42.6355,7660
44.6626,7659
45.5951,7658
45.6319,7657
45.7781,7656
45.8301,7655
45.8388,7654
45.8547,7653
45.8577,7652
45.8606,7651
45.8802,7650
46.4855,7649
46.4892,7648
46.5095,7647
46.5446,7646
46.5685,7645
46.5864,7644
46.5953,7643
46.6132,7642
46.6161,7641
46.6191,7640
46.6407,7639
46.6437,7638
52.4993,7637
52.5185,7636
52.5214,7635
52.5502,7634
52.5692,7633
52.6478,7632
53.3322,7631
53.3351,7630
53.338,7629
53.3654,7628
53.3685,7627
53.3715,7626
53.4009,7625
53.4039,7624
61.1517,7623
61.3001,7622
61.8328,7621
61.8358,7620
62.0259,7619
62.0291,7618
62.083,7617
62.0876,7616
62.1477,7615
62.1516,7614
62.1987,7613
62.2016,7612
62.2045,7611
63.1813,7610
63.2651,7609
68.5297,7608
68.5527,7607
68.5752,7606
68.5782,7605
68.6282,7604
68.8516,7603
69.0621,7602
79.6602,7601
79.6634,7600
79.6663,7599
80.058,7598
80.0609,7597
80.0843,7596
80.3843,7595
80.456,7594
80.4848,7593
80.5055,7592
80.5084,7591
80.5114,7590
80.53,7589
80.533,7588
89.7185,7587
89.7214,7586
89.7243,7585
89.7449,7584
92.1829,7583
92.2052,7582
92.2819,7581
92.5748,7580
92.6458,7579
92.669,7578
93.9334,7577
97.4238,7576
97.447,7575
97.5018,7574
97.5048,7573
97.604,7572
97.6069,7571
97.697,7570
97.7276,7569
97.7306,7568
97.7829,7567
97.7858,7566
102.035,7565
102.038,7564
102.061,7563
102.064,7562
102.067,7561
105.004,7560
105.046,7559
105.081,7558
105.084,7557
105.087,7556
123.066,7555
124.138,7554
124.14,7553
124.143,7552
124.312,7551
124.315,7550
124.35,7549
124.371,7548
124.374,7547
124.377,7546
124.478,7545
124.505,7544
124.508,7543
135.433,7542
135.436,7541
135.503,7540
135.81,7539
135.904,7538
136.671,7537
136.674,7536
136.709,7535
136.735,7534
138.288,7533
138.305,7532
138.359,7531
138.402,7530
138.412,7529
139.881,7528
149.673,7527
149.706,7526
149.709,7525
149.85,7524
154.633,7523
154.682,7522
154.705,7521
154.776,7520
154.81,7519
154.813,7518
154.849,7517
154.879,7516
156.949,7515
160.381,7514
160.384,7513
160.387,7512
160.408,7511
160.436,7510
160.462,7509
192.376,7508
194.641,7507
194.665,7506
194.667,7505
194.695,7504
194.883,7503
194.934,7502
194.937,7501
194.94,7500
194.949,7499
197.477,7498
197.48,7497
197.549,7496
208.391,7495
210.41,7494
210.423,7493
231.891,7492
231.894,7491
232.064,7490
232.099,7489
232.932,7488
239.693,7487
239.715,7486
239.849,7485
273.542,7484
273.545,7483
273.604,7482
273.787,7481
273.79,7480
273.809,7479
273.817,7478
273.863,7477
273.883,7476
273.886,7475
273.889,7474
273.906,7473
284.269,7472
284.296,7471
284.317,7470
285.524,7469
285.527,7468
285.547,7467
324.487,7466
324.49,7465
326.953,7464
326.956,7463
327,7462
327.136,7461
327.309,7460
327.353,7459
327.356,7458
327.375,7457
327.378,7456
327.381,7455
327.401,7454
327.409,7453
327.424,7452
449.319,7451
449.322,7450
449.325,7449
449.369,7448
449.372,7447
449.403,7446
449.42,7445
449.447,7444
470.23,7443
470.233,7442
470.236,7441
478.402,7440
555.719,7439
555.722,7438
556.849,7437
556.864,7436
557.403,7435
592.282,7434
592.284,7433
592.316,7432
592.325,7431
592.571,7430
592.574,7429
592.624,7428
613.757,7427
613.76,7426
613.781,7425
621.79,7424
621.793,7423
621.797,7422
621.841,7421
622.356,7420
622.359,7419
622.362,7418
623.133,7417
623.161,7416
630.01,7415
662.15,7414
694.7,7413
694.709,7412
694.748,7411
694.866,7410
694.869,7409
839.714,7408
852.967,7407
891.499,7406
891.518,7405
898.044,7404
898.067,7403
898.086,7402
932.963,7401
932.966,7400
932.984,7399
932.987,7398
933.067,7397
933.175,7396
933.306,7395
933.309,7394
933.357,7393
933.36,7392
933.363,7391
933.366,7390
933.543,7389
933.558,7388
933.587,7387
933.589,7386
933.592,7385
933.596,7384
933.612,7383
933.615,7382
933.634,7381
933.751,7380
933.911,7379
933.914,7378
934.115,7377
1234.19,7376
1234.19,7375
1248.04,7374
1248.05,7373
1288.63,7372
1288.64,7371
1288.64,7370
1288.64,7369
1288.71,7368
1560.29,7367
1560.33,7366
1627,7365
1627.15,7364
1627.41,7363
1627.42,7362
1627.43,7361
1627.43,7360
1627.43,7359
1627.54,7358
3290.77,7357
3290.95,7356
3291.02,7355
3291.03,7354
4103.72,7353
4103.77,7352
4103.8,7351
4103.8,7350
4104.48,7349
4104.54,7348
4216.36,7347
4216.39,7346
4216.4,7345
4216.4,7344
4216.52,7343
4216.54,7342
6000.92,7341
6312.67,7340
7604.16,7339
7613.93,7338
7613.95,7337
7613.95,7336
7613.96,7335
7665.23,7334
7665.27,7333
7665.27,7332
7665.27,7331
7665.29,7330
7665.3,7329
7989.97,7328
7989.98,7327
7990.36,7326
8094.18,7325
8094.2,7324
8094.2,7323
8094.2,7322
21583.4,7321
21583.5,7320
21583.6,7319
23899.5,7318
