0.00331392,11022
0.00644285,11021
0.00953166,11020
0.0329823,11019
0.0360907,11018
0.0394073,11017
0.0529423,11016
0.0560672,11015
0.0592263,11014
0.0837922,11013
0.0871886,11012
0.0904308,11011
0.115672,11010
0.118797,11009
0.121894,11008
0.196464,11007
0.199703,11006
0.202986,11005
0.21679,11004
0.219919,11003
0.223328,11002
0.243627,11001
0.259932,11000
0.263072,10999
0.26622,10998
0.291775,10997
0.294877,10996
0.297971,10995
0.336309,10994
0.33951,10993
0.34274,10992
0.349657,10991
0.357942,10990
0.361171,10989
0.458663,10988
0.462663,10987
0.465797,10986
0.468884,10985
0.479899,10984
0.483759,10983
0.486938,10982
0.52903,10981
0.532167,10980
0.535317,10979
0.565972,10978
0.569144,10977
0.572239,10976
0.590827,10975
0.593937,10974
0.597108,10973
0.606237,10972
0.609386,10971
0.612473,10970
0.615541,10969
0.661174,10968
0.664308,10967
0.667375,10966
0.691458,10965
0.694573,10964
0.697672,10963
0.722461,10962
0.725674,10961
0.729178,10960
0.771956,10959
0.775285,10958
0.778435,10957
0.802785,10956
0.806055,10955
0.809178,10954
0.832457,10953
0.835661,10952
0.838771,10951
0.841862,10950
0.866625,10949
0.869764,10948
0.872887,10947
0.940644,10946
0.943758,10945
0.956464,10944
0.982511,10943
0.985642,10942
0.988852,10941
1.01256,10940
1.01569,10939
1.01879,10938
1.05314,10937
1.05626,10936
1.06293,10935
1.07363,10934
1.11007,10933
1.11336,10932
1.11704,10931
1.22168,10930
1.22506,10929
1.22826,10928
1.24624,10927
1.24944,10926
1.25254,10925
1.27336,10924
1.27649,10923
1.27967,10922
1.30359,10921
1.30689,10920
1.31018,10919
1.34103,10918
1.34416,10917
1.35032,10916
1.49288,10915
1.49766,10914
1.50076,10913
1.50385,10912
1.55372,10911
1.55832,10910
1.5616,10909
1.56549,10908
1.56863,10907
1.57178,10906
1.64125,10905
1.64651,10904
1.7342,10903
1.73731,10902
1.75707,10901
1.76084,10900
1.76414,10899
1.78778,10898
1.79111,10897
1.79422,10896
1.79731,10895
1.81687,10894
1.82013,10893
1.82326,10892
1.84641,10891
1.84965,10890
1.85275,10889
1.86647,10888
1.86965,10887
1.8747,10886
1.8779,10885
1.88419,10884
1.88737,10883
1.92084,10882
1.92593,10881
1.92921,10880
1.95691,10879
1.96019,10878
1.96388,10877
1.96698,10876
1.99599,10875
2.00565,10874
2.00878,10873
2.0366,10872
2.03983,10871
2.04549,10870
2.13032,10869
2.13349,10868
2.13673,10867
2.1697,10866
2.17427,10865
2.17743,10864
2.20793,10863
2.21111,10862
2.21421,10861
2.2417,10860
2.245,10859
2.24809,10858
2.25122,10857
2.27628,10856
2.2794,10855
2.28253,10854
2.30679,10853
2.30989,10852
2.313,10851
2.33674,10850
2.34173,10849
2.34485,10848
2.36665,10847
2.36978,10846
2.37295,10845
2.41236,10844
2.41564,10843
2.41877,10842
2.42184,10841
2.43861,10840
2.44169,10839
2.44476,10838
2.46651,10837
2.46961,10836
2.4727,10835
2.49857,10834
2.50407,10833
2.50844,10832
2.54724,10831
2.55038,10830
2.5692,10829
2.60063,10828
2.60379,10827
2.60688,10826
2.61,10825
2.63583,10824
2.63893,10823
2.64211,10822
2.66909,10821
2.67231,10820
2.67551,10819
2.70256,10818
2.70584,10817
2.70894,10816
2.74078,10815
2.74393,10814
2.74703,10813
2.81307,10812
2.81617,10811
2.81926,10810
2.82253,10809
2.84093,10808
2.84407,10807
2.84716,10806
2.87799,10805
2.88112,10804
2.88423,10803
2.89626,10802
2.89937,10801
2.90246,10800
2.92811,10799
2.93142,10798
2.93456,10797
2.96371,10796
2.96682,10795
2.96988,10794
2.97303,10793
3.03329,10792
3.03646,10791
3.03967,10790
3.06387,10789
3.06696,10788
3.07004,10787
3.0942,10786
3.09729,10785
3.1004,10784
3.11749,10783
3.12062,10782
3.12372,10781
3.14388,10780
3.14727,10779
3.15039,10778
3.15348,10777
3.17737,10776
3.18054,10775
3.18363,10774
3.21441,10773
3.21767,10772
3.22081,10771
3.25521,10770
3.2584,10769
3.26149,10768
3.2848,10767
3.28796,10766
3.29107,10765
3.29421,10764
3.30792,10763
3.31098,10762
3.31403,10761
3.34226,10760
3.34534,10759
3.34843,10758
3.37084,10757
3.37393,10756
3.37701,10755
3.40137,10754
3.40458,10753
3.40766,10752
3.41073,10751
3.43425,10750
3.43735,10749
3.44042,10748
3.46415,10747
3.46722,10746
3.47026,10745
3.51302,10744
3.51612,10743
3.5192,10742
3.54205,10741
3.54516,10740
3.54824,10739
3.56133,10738
3.56446,10737
3.56754,10736
3.57066,10735
3.59409,10734
3.59721,10733
3.60055,10732
3.63673,10731
3.63989,10730
3.64307,10729
3.66755,10728
3.67073,10727
3.67395,10726
3.69733,10725
3.70057,10724
3.70365,10723
3.7277,10722
3.73088,10721
3.73398,10720
3.73724,10719
3.76018,10718
3.76327,10717
3.76637,10716
3.78425,10715
3.78741,10714
3.7905,10713
3.81447,10712
3.81811,10711
3.82121,10710
3.84664,10709
3.84982,10708
3.85291,10707
3.856,10706
3.88571,10705
3.88887,10704
3.89197,10703
3.93001,10702
3.9331,10701
3.93617,10700
3.95938,10699
3.96251,10698
3.96558,10697
3.98567,10696
3.98878,10695
3.99186,10694
3.99782,10693
4.00098,10692
4.00414,10691
4.00722,10690
4.03579,10689
4.03888,10688
4.04373,10687
4.06766,10686
4.07077,10685
4.07518,10684
4.09653,10683
4.10011,10682
4.10318,10681
4.13495,10680
4.1381,10679
4.14118,10678
4.14425,10677
4.17,10676
4.17472,10675
4.17783,10674
4.20131,10673
4.2044,10672
4.20751,10671
4.22278,10670
4.22591,10669
4.22907,10668
4.27439,10667
4.27768,10666
4.28079,10665
4.30509,10664
4.30823,10663
4.31137,10662
4.31497,10661
4.33953,10660
4.3426,10659
4.34592,10658
4.3719,10657
4.37498,10656
4.3946,10655
4.40807,10654
4.41115,10653
4.41421,10652
4.43622,10651
4.43932,10650
4.4424,10649
4.46556,10648
4.46864,10647
4.47176,10646
4.47486,10645
4.49982,10644
4.50293,10643
4.50605,10642
4.53682,10641
4.53994,10640
4.54509,10639
4.56903,10638
4.57218,10637
4.57527,10636
4.59901,10635
4.60211,10634
4.60518,10633
4.62637,10632
4.62947,10631
4.63256,10630
4.63562,10629
4.65922,10628
4.6623,10627
4.66579,10626
4.67067,10625
4.67377,10624
4.67686,10623
4.72061,10622
4.72494,10621
4.72801,10620
4.77525,10619
4.77835,10618
4.78181,10617
4.7849,10616
4.83293,10615
4.83602,10614
4.83917,10613
4.86273,10612
4.86583,10611
4.8689,10610
4.8997,10609
4.90284,10608
4.90638,10607
4.93198,10606
4.93507,10605
4.93865,10604
4.97519,10603
4.97828,10602
4.98136,10601
4.98443,10600
5.02784,10599
5.03251,10598
5.03559,10597
5.09397,10596
5.09709,10595
5.1002,10594
5.11992,10593
5.12307,10592
5.12617,10591
5.14274,10590
5.14582,10589
5.14887,10588
5.15199,10587
5.1828,10586
5.18596,10585
5.18903,10584
5.21682,10583
5.2199,10582
5.22296,10581
5.25542,10580
5.25852,10579
5.26564,10578
5.30044,10577
5.30529,10576
5.30936,10575
5.31652,10574
5.32022,10573
5.32379,10572
5.35064,10571
5.35372,10570
5.41022,10569
5.41332,10568
5.41641,10567
5.44408,10566
5.44734,10565
5.45078,10564
5.47606,10563
5.47913,10562
5.48218,10561
5.51112,10560
5.55564,10559
5.55995,10558
5.57121,10557
5.57429,10556
5.57733,10555
5.58039,10554
5.60284,10553
5.60592,10552
5.60899,10551
5.64096,10550
5.64413,10549
5.64722,10548
5.67398,10547
5.6771,10546
5.68022,10545
5.70476,10544
5.70787,10543
5.71094,10542
5.71401,10541
5.74324,10540
5.74633,10539
5.74947,10538
5.77504,10537
5.77818,10536
5.78126,10535
5.82593,10534
5.82901,10533
5.83208,10532
5.85534,10531
5.85846,10530
5.86156,10529
5.88343,10528
5.88654,10527
5.88963,10526
5.8927,10525
5.92391,10524
5.92702,10523
5.93011,10522
5.93327,10521
5.93639,10520
5.9395,10519
5.98949,10518
5.99264,10517
5.99587,10516
6.02077,10515
6.02385,10514
6.02704,10513
6.03034,10512
6.05486,10511
6.05934,10510
6.06242,10509
6.1108,10508
6.11392,10507
6.11712,10506
6.13836,10505
6.14145,10504
6.14454,10503
6.16736,10502
6.17053,10501
6.17362,10500
6.19789,10499
6.20112,10498
6.20422,10497
6.20732,10496
6.23052,10495
6.2336,10494
6.23667,10493
6.26065,10492
6.26374,10491
6.26714,10490
6.29588,10489
6.29917,10488
6.30224,10487
6.34301,10486
6.34757,10485
6.35112,10484
6.37122,10483
6.37434,10482
6.37743,10481
6.38052,10480
6.39502,10479
6.39822,10478
6.40131,10477
6.43122,10476
6.43446,10475
6.43754,10474
6.4639,10473
6.46698,10472
6.47007,10471
6.49428,10470
6.49758,10469
6.50073,10468
6.50381,10467
6.5277,10466
6.53079,10465
6.53383,10464
6.56028,10463
6.56336,10462
6.56643,10461
6.58957,10460
6.59264,10459
6.59571,10458
6.62029,10457
6.62338,10456
6.62646,10455
6.62953,10454
6.67998,10453
6.68467,10452
6.68921,10451
6.71667,10450
6.71987,10449
6.72295,10448
6.73657,10447
6.73971,10446
6.74277,10445
6.76933,10444
6.77291,10443
6.77602,10442
6.80635,10441
6.80943,10440
6.81264,10439
6.83602,10438
6.83915,10437
6.84232,10436
6.84539,10435
6.86851,10434
6.87159,10433
6.8747,10432
6.90173,10431
6.90482,10430
6.90789,10429
6.93178,10428
6.93488,10427
6.93798,10426
6.98001,10425
6.9832,10424
6.98627,10423
6.98934,10422
7.00353,10421
7.00661,10420
7.00967,10419
7.03468,10418
7.03777,10417
7.04088,10416
7.06519,10415
7.06828,10414
7.07135,10413
7.09451,10412
7.09762,10411
7.1007,10410
7.10378,10409
7.12868,10408
7.13178,10407
7.13485,10406
7.14956,10405
7.15359,10404
7.15704,10403
7.18466,10402
7.19085,10401
7.20128,10400
7.22607,10399
7.2293,10398
7.23265,10397
7.25621,10396
7.25931,10395
7.26238,10394
7.26545,10393
7.28783,10392
7.29089,10391
7.29394,10390
7.32195,10389
7.32509,10388
7.32834,10387
7.33151,10386
7.33456,10385
7.33764,10384
7.37496,10383
7.37816,10382
7.38142,10381
7.38449,10380
7.45053,10379
7.45361,10378
7.45687,10377
7.47998,10376
7.48306,10375
7.48615,10374
7.50963,10373
7.51273,10372
7.51611,10371
7.54604,10370
7.54921,10369
7.5523,10368
7.57757,10367
7.58064,10366
7.58369,10365
7.58676,10364
7.61197,10363
7.61504,10362
7.61812,10361
7.66172,10360
7.66536,10359
7.67086,10358
7.67408,10357
7.67795,10356
7.68132,10355
7.68459,10354
7.68768,10353
7.69071,10352
7.71085,10351
7.71395,10350
7.717,10349
7.72004,10348
7.7473,10347
7.7504,10346
7.7535,10345
7.80016,10344
7.80335,10343
7.80643,10342
7.83905,10341
7.84216,10340
7.84521,10339
7.86829,10338
7.87137,10337
7.87442,10336
7.87755,10335
7.91988,10334
7.92294,10333
7.926,10332
7.95297,10331
7.95612,10330
7.9592,10329
7.98643,10328
7.9895,10327
7.99254,10326
8.01415,10325
8.01721,10324
8.02026,10323
8.02331,10322
8.02855,10321
8.03159,10320
8.03469,10319
8.06008,10318
8.06323,10317
8.06626,10316
8.10018,10315
8.10325,10314
8.10633,10313
8.14303,10312
8.14786,10311
8.15092,10310
8.15395,10309
8.18821,10308
8.19126,10307
8.19462,10306
8.22819,10305
8.23137,10304
8.23446,10303
8.26396,10302
8.26705,10301
8.27012,10300
8.30454,10299
8.30768,10298
8.31078,10297
8.31383,10296
8.33992,10295
8.34327,10294
8.3463,10293
8.37142,10292
8.37455,10291
8.37773,10290
8.40712,10289
8.41026,10288
8.41334,10287
8.44152,10286
8.44459,10285
8.44886,10284
8.45198,10283
8.47747,10282
8.48088,10281
8.48395,10280
8.51063,10279
8.51374,10278
8.51694,10277
8.55916,10276
8.56224,10275
8.56536,10274
8.59554,10273
8.59861,10272
8.60174,10271
8.60479,10270
8.63261,10269
8.66094,10268
8.664,10267
8.66704,10266
8.69463,10265
8.69771,10264
8.7008,10263
8.72748,10262
8.73058,10261
8.73366,10260
8.7367,10259
8.76249,10258
8.76555,10257
8.76858,10256
8.81212,10255
8.81528,10254
8.81836,10253
8.84237,10252
8.84545,10251
8.84851,10250
8.88093,10249
8.88409,10248
8.88762,10247
8.89067,10246
8.91563,10245
8.92092,10244
8.92411,10243
8.96584,10242
8.9689,10241
8.97227,10240
9.02011,10239
9.02472,10238
9.02786,10237
9.05502,10236
9.05809,10235
9.06113,10234
9.0642,10233
9.09599,10232
9.09904,10231
9.10209,10230
9.13195,10229
9.135,10228
9.13805,10227
9.18914,10226
9.1922,10225
9.19523,10224
9.22013,10223
9.22327,10222
9.22636,10221
9.22942,10220
9.26289,10219
9.26595,10218
9.26899,10217
9.28366,10216
9.28673,10215
9.28977,10214
9.34374,10213
9.34683,10212
9.34989,10211
9.3785,10210
9.38161,10209
9.38473,10208
9.3878,10207
9.41846,10206
9.42152,10205
9.42456,10204
9.44188,10203
9.44504,10202
9.44874,10201
9.47629,10200
9.48361,10199
9.48673,10198
9.51036,10197
9.51412,10196
9.51718,10195
9.5203,10194
9.55214,10193
9.55523,10192
9.55829,10191
9.60347,10190
9.60653,10189
9.60958,10188
9.63089,10187
9.63401,10186
9.63708,10185
9.66019,10184
9.66379,10183
9.66695,10182
9.67003,10181
9.70878,10180
9.71182,10179
9.71486,10178
9.73705,10177
9.7401,10176
9.74313,10175
9.76655,10174
9.76963,10173
9.77266,10172
9.80655,10171
9.80965,10170
9.81272,10169
9.81577,10168
9.84623,10167
9.84929,10166
9.85237,10165
9.87552,10164
9.87858,10163
9.88169,10162
9.90497,10161
9.90803,10160
9.91107,10159
9.95509,10158
9.95817,10157
9.96122,10156
9.96425,10155
9.98289,10154
9.98594,10153
9.98897,10152
10.0166,10151
10.0197,10150
10.0228,10149
10.0626,10148
10.0658,10147
10.0689,10146
10.0866,10145
10.0897,10144
10.0928,10143
10.0958,10142
10.1229,10141
10.1259,10140
10.1291,10139
10.1523,10138
10.1554,10137
10.1584,10136
10.1916,10135
10.1952,10134
10.1997,10133
10.2128,10132
10.2159,10131
10.2189,10130
10.222,10129
10.2474,10128
10.2505,10127
10.2535,10126
10.2771,10125
10.2802,10124
10.2833,10123
10.2986,10122
10.3017,10121
10.3048,10120
10.3354,10119
10.3386,10118
10.3416,10117
10.3447,10116
10.3647,10115
10.3677,10114
10.3708,10113
10.3938,10112
10.3973,10111
10.4004,10110
10.4148,10109
10.4178,10108
10.4209,10107
10.4373,10106
10.4404,10105
10.448,10104
10.4687,10103
10.4717,10102
10.4748,10101
10.4779,10100
10.4996,10099
10.5027,10098
10.506,10097
10.5303,10096
10.5334,10095
10.5365,10094
10.5907,10093
10.5937,10092
10.5968,10091
10.6402,10090
10.6433,10089
10.6463,10088
10.6493,10087
10.7059,10086
10.709,10085
10.712,10084
10.7428,10083
10.7468,10082
10.7499,10081
10.7831,10080
10.7863,10079
10.7893,10078
10.7924,10077
10.8109,10076
10.8141,10075
10.8172,10074
10.864,10073
10.8714,10072
10.8758,10071
10.9575,10070
10.9606,10069
10.9637,10068
10.9943,10067
10.9974,10066
11.0005,10065
11.0314,10064
11.0345,10063
11.0376,10062
11.0407,10061
11.0859,10060
11.089,10059
11.0921,10058
11.1237,10057
11.1268,10056
11.1299,10055
11.1591,10054
11.1625,10053
11.1656,10052
11.1774,10051
11.1805,10050
11.1835,10049
11.1866,10048
11.2072,10047
11.2103,10046
11.2139,10045
11.2325,10044
11.2356,10043
11.2387,10042
11.2563,10041
11.2594,10040
11.2624,10039
11.2816,10038
11.2847,10037
11.288,10036
11.2911,10035
11.3191,10034
11.3244,10033
11.3284,10032
11.355,10031
11.3581,10030
11.3613,10029
11.3808,10028
11.3839,10027
11.387,10026
11.4114,10025
11.4145,10024
11.4176,10023
11.4465,10022
11.4499,10021
11.4532,10020
11.4563,10019
11.4845,10018
11.4876,10017
11.4906,10016
11.505,10015
11.5082,10014
11.5113,10013
11.5327,10012
11.5358,10011
11.539,10010
11.5698,10009
11.5733,10008
11.5764,10007
11.5794,10006
11.603,10005
11.6061,10004
11.6092,10003
11.6269,10002
11.6348,10001
11.6414,10000
11.6969,9999
11.703,9998
11.7707,9997
11.774,9996
11.7779,9995
11.7812,9994
11.7852,9993
11.7894,9992
11.7934,9991
11.7966,9990
11.7997,9989
11.8029,9988
11.806,9987
11.8433,9986
11.8507,9985
11.8543,9984
11.8574,9983
11.877,9982
11.8801,9981
11.8831,9980
11.9109,9979
11.914,9978
11.917,9977
11.9342,9976
11.9373,9975
11.9403,9974
11.9435,9973
11.9729,9972
11.976,9971
11.9791,9970
12.0099,9969
12.013,9968
12.016,9967
12.0334,9966
12.038,9965
12.042,9964
12.0814,9963
12.0845,9962
12.0875,9961
12.0906,9960
12.1078,9959
12.1109,9958
12.1141,9957
12.1364,9956
12.1395,9955
12.1426,9954
12.1695,9953
12.1726,9952
12.1757,9951
12.1958,9950
12.1989,9949
12.202,9948
12.205,9947
12.2086,9946
12.2117,9945
12.2147,9944
12.2565,9943
12.2596,9942
12.2626,9941
12.2859,9940
12.289,9939
12.292,9938
12.3079,9937
12.3156,9936
12.3187,9935
12.3218,9934
12.3376,9933
12.3406,9932
12.3437,9931
12.3674,9930
12.4248,9929
12.4284,9928
12.4319,9927
12.4351,9926
12.4381,9925
12.4412,9924
12.4441,9923
12.447,9922
12.4502,9921
12.4533,9920
12.4563,9919
12.4592,9918
12.4622,9917
12.4652,9916
12.4681,9915
12.4711,9914
12.4741,9913
12.477,9912
12.48,9911
12.4829,9910
12.4857,9909
12.4887,9908
12.4916,9907
12.5048,9906
12.5078,9905
12.5109,9904
12.528,9903
12.5314,9902
12.5348,9901
12.554,9900
12.5571,9899
12.5601,9898
12.5783,9897
12.5815,9896
12.5847,9895
12.5877,9894
12.6091,9893
12.6122,9892
12.6153,9891
12.6387,9890
12.6417,9889
12.6448,9888
12.6682,9887
12.6726,9886
12.6757,9885
12.6875,9884
12.6908,9883
12.6939,9882
12.697,9881
12.7384,9880
12.7415,9879
12.7471,9878
12.7717,9877
12.7747,9876
12.7781,9875
12.8035,9874
12.8067,9873
12.8097,9872
12.8306,9871
12.8349,9870
12.8381,9869
12.8442,9868
12.8489,9867
12.8528,9866
12.8559,9865
12.9022,9864
12.9053,9863
12.9087,9862
12.9432,9861
12.9466,9860
12.951,9859
12.9808,9858
12.9839,9857
12.9869,9856
13.0141,9855
13.0171,9854
13.0202,9853
13.0233,9852
13.0478,9851
13.0517,9850
13.0548,9849
13.0827,9848
13.1335,9847
13.1366,9846
13.1397,9845
13.1683,9844
13.1714,9843
13.1756,9842
13.1787,9841
13.2121,9840
13.2433,9839
13.2712,9838
13.2744,9837
13.2777,9836
13.3029,9835
13.3062,9834
13.3092,9833
13.3127,9832
13.3369,9831
13.34,9830
13.3431,9829
13.3698,9828
13.3734,9827
13.3764,9826
13.3983,9825
13.4036,9824
13.4067,9823
13.4411,9822
13.4491,9821
13.4522,9820
13.4553,9819
13.4857,9818
13.4889,9817
13.4919,9816
13.517,9815
13.5201,9814
13.5231,9813
13.5463,9812
13.5494,9811
13.5525,9810
13.5941,9809
13.5973,9808
13.6004,9807
13.6034,9806
13.6348,9805
13.6379,9804
13.6409,9803
13.6704,9802
13.6735,9801
13.6765,9800
13.6935,9799
13.6965,9798
13.6996,9797
13.7251,9796
13.7283,9795
13.7314,9794
13.7345,9793
13.7684,9792
13.7715,9791
13.7745,9790
13.8063,9789
13.8094,9788
13.8124,9787
13.8471,9786
13.8501,9785
13.8538,9784
13.886,9783
13.8891,9782
13.8921,9781
13.8952,9780
13.9183,9779
13.9214,9778
13.9245,9777
13.9649,9776
13.968,9775
13.9711,9774
13.9964,9773
13.9995,9772
14.0031,9771
14.0369,9770
14.0399,9769
14.043,9768
14.0506,9767
14.0537,9766
14.0568,9765
14.0681,9764
14.0765,9763
14.0796,9762
14.1121,9761
14.1157,9760
14.1192,9759
14.1223,9758
14.1423,9757
14.1454,9756
14.1491,9755
14.1844,9754
14.1882,9753
14.1918,9752
14.2121,9751
14.2152,9750
14.2182,9749
14.2332,9748
14.2364,9747
14.2394,9746
14.2425,9745
14.2673,9744
14.271,9743
14.2741,9742
14.2882,9741
14.2913,9740
14.2943,9739
14.3122,9738
14.3152,9737
14.3183,9736
14.3385,9735
14.3415,9734
14.3446,9733
14.3476,9732
14.3647,9731
14.3683,9730
14.3713,9729
14.3942,9728
14.3978,9727
14.4008,9726
14.4146,9725
14.4182,9724
14.4212,9723
14.4243,9722
14.4436,9721
14.4467,9720
14.4499,9719
14.4746,9718
14.4777,9717
14.4807,9716
14.4978,9715
14.5009,9714
14.5039,9713
14.5316,9712
14.5347,9711
14.5379,9710
14.541,9709
14.5642,9708
14.5673,9707
14.5819,9706
14.5911,9705
14.5941,9704
14.5972,9703
14.6219,9702
14.625,9701
14.628,9700
14.6512,9699
14.6543,9698
14.6573,9697
14.6604,9696
14.6867,9695
14.6897,9694
14.6927,9693
14.7031,9692
14.7061,9691
14.7097,9690
14.7263,9689
14.7354,9688
14.7554,9687
14.7585,9686
14.7615,9685
14.779,9684
14.7821,9683
14.7851,9682
14.8039,9681
14.807,9680
14.81,9679
14.8375,9678
14.8406,9677
14.8436,9676
14.8467,9675
14.8653,9674
14.8684,9673
14.8714,9672
14.89,9671
14.893,9670
14.8961,9669
14.9137,9668
14.9168,9667
14.9198,9666
14.9229,9665
14.9418,9664
14.9448,9663
14.9479,9662
14.9551,9661
14.9581,9660
14.9611,9659
14.9876,9658
14.9906,9657
14.9937,9656
15.0185,9655
15.0218,9654
15.0249,9653
15.0279,9652
15.0517,9651
15.0548,9650
15.0578,9649
15.0761,9648
15.0792,9647
15.0823,9646
15.1116,9645
15.1147,9644
15.1177,9643
15.1454,9642
15.1484,9641
15.165,9640
15.1681,9639
15.1711,9638
15.1936,9637
15.1968,9636
15.1999,9635
15.22,9634
15.223,9633
15.2261,9632
15.2291,9631
15.2476,9630
15.2506,9629
15.257,9628
15.2754,9627
15.2784,9626
15.2814,9625
15.2998,9624
15.3029,9623
15.3059,9622
15.3089,9621
15.334,9620
15.337,9619
15.3401,9618
15.3536,9617
15.3566,9616
15.3597,9615
15.3758,9614
15.3788,9613
15.3818,9612
15.4021,9611
15.4052,9610
15.4082,9609
15.4113,9608
15.4303,9607
15.4333,9606
15.4363,9605
15.444,9604
15.447,9603
15.45,9602
15.4682,9601
15.4713,9600
15.4743,9599
15.4773,9598
15.4939,9597
15.4969,9596
15.5,9595
15.5216,9594
15.5246,9593
15.5276,9592
15.55,9591
15.5531,9590
15.5561,9589
15.5591,9588
15.5747,9587
15.5878,9586
15.5909,9585
15.5992,9584
15.6023,9583
15.6053,9582
15.6188,9581
15.6218,9580
15.6248,9579
15.6475,9578
15.6508,9577
15.6539,9576
15.657,9575
15.6793,9574
15.6824,9573
15.6854,9572
15.6994,9571
15.7024,9570
15.7054,9569
15.7241,9568
15.7271,9567
15.7301,9566
15.7332,9565
15.7557,9564
15.7588,9563
15.7618,9562
15.7748,9561
15.7779,9560
15.7809,9559
15.797,9558
15.8,9557
15.8031,9556
15.8232,9555
15.8263,9554
15.8293,9553
15.8323,9552
15.8499,9551
15.853,9550
15.8573,9549
15.8776,9548
15.8807,9547
15.8837,9546
15.9047,9545
15.9077,9544
15.9107,9543
15.9137,9542
15.9366,9541
15.9396,9540
15.9426,9539
15.9567,9538
15.9597,9537
15.9627,9536
15.9801,9535
15.984,9534
15.987,9533
16.0118,9532
16.0148,9531
16.0179,9530
16.0209,9529
16.0392,9528
16.0424,9527
16.0454,9526
16.0673,9525
16.0704,9524
16.0737,9523
16.0924,9522
16.0954,9521
16.1206,9520
16.1236,9519
16.1266,9518
16.1357,9517
16.1388,9516
16.1418,9515
16.1549,9514
16.1579,9513
16.1609,9512
16.1811,9511
16.1844,9510
16.1875,9509
16.1905,9508
16.2049,9507
16.2121,9506
16.2153,9505
16.2184,9504
16.2214,9503
16.2244,9502
16.2531,9501
16.2561,9500
16.2593,9499
16.2825,9498
16.2855,9497
16.3006,9496
16.3037,9495
16.3067,9494
16.318,9493
16.3211,9492
16.324,9491
16.327,9490
16.3362,9489
16.3393,9488
16.3522,9487
16.3552,9486
16.3582,9485
16.3612,9484
16.4054,9483
16.4092,9482
16.4146,9481
16.4457,9480
16.4499,9479
16.4732,9478
16.4987,9477
16.5017,9476
16.5048,9475
16.5191,9474
16.5224,9473
16.5254,9472
16.5429,9471
16.5459,9470
16.5491,9469
16.5677,9468
16.5739,9467
16.577,9466
16.58,9465
16.5931,9464
16.5961,9463
16.5992,9462
16.6171,9461
16.6202,9460
16.6232,9459
16.6415,9458
16.6445,9457
16.648,9456
16.6671,9455
16.6703,9454
16.6733,9453
16.6763,9452
16.7088,9451
16.7118,9450
16.7148,9449
16.7296,9448
16.7326,9447
16.7357,9446
16.7576,9445
16.7606,9444
16.7636,9443
16.7666,9442
16.7798,9441
16.7828,9440
16.7858,9439
16.8082,9438
16.8113,9437
16.8143,9436
16.8298,9435
16.8328,9434
16.8358,9433
16.8388,9432
16.852,9431
16.855,9430
16.858,9429
16.8711,9428
16.9001,9427
16.9031,9426
16.9061,9425
16.9091,9424
16.9301,9423
16.9332,9422
16.9362,9421
16.9567,9420
16.9597,9419
16.9628,9418
16.982,9417
16.9851,9416
16.9881,9415
17.0015,9414
17.0045,9413
17.0075,9412
17.0106,9411
17.0283,9410
17.0313,9409
17.0343,9408
17.0447,9407
17.0478,9406
17.0508,9405
17.082,9404
17.085,9403
17.0881,9402
17.0912,9401
17.1056,9400
17.1087,9399
17.1117,9398
17.1414,9397
17.1444,9396
17.1474,9395
17.161,9394
17.164,9393
17.1673,9392
17.1717,9391
17.1955,9390
17.1985,9389
17.2015,9388
17.243,9387
17.246,9386
17.249,9385
17.2692,9384
17.2722,9383
17.2752,9382
17.2783,9381
17.2812,9380
17.2842,9379
17.2872,9378
17.3489,9377
17.352,9376
17.3808,9375
17.3918,9374
17.3949,9373
17.3979,9372
17.4224,9371
17.4254,9370
17.4285,9369
17.4319,9368
17.4488,9367
17.4518,9366
17.4548,9365
17.4764,9364
17.4794,9363
17.4849,9362
17.5049,9361
17.5084,9360
17.5114,9359
17.5144,9358
17.5412,9357
17.5455,9356
17.5486,9355
17.5765,9354
17.5993,9353
17.6058,9352
17.6088,9351
17.6539,9350
17.657,9349
17.66,9348
17.6629,9347
17.6785,9346
17.6816,9345
17.6846,9344
17.706,9343
17.709,9342
17.7319,9341
17.7451,9340
17.7481,9339
17.7674,9338
17.7704,9337
17.7746,9336
17.798,9335
17.801,9334
17.804,9333
17.8337,9332
17.8398,9331
17.843,9330
17.8751,9329
17.8782,9328
17.8812,9327
17.8845,9326
17.9177,9325
17.9207,9324
17.9239,9323
17.9611,9322
18.0214,9321
18.0245,9320
18.0279,9319
18.0566,9318
18.0596,9317
18.0626,9316
18.0657,9315
18.0849,9314
18.0879,9313
18.0909,9312
18.1216,9311
18.1248,9310
18.184,9309
18.1873,9308
18.1903,9307
18.2037,9306
18.2067,9305
18.2097,9304
18.228,9303
18.2311,9302
18.2341,9301
18.2625,9300
18.2662,9299
18.2693,9298
18.2923,9297
18.2953,9296
18.2983,9295
18.3013,9294
18.3111,9293
18.3141,9292
18.3172,9291
18.3347,9290
18.3377,9289
18.3407,9288
18.3594,9287
18.3625,9286
18.3663,9285
18.3694,9284
18.3849,9283
18.3879,9282
18.3909,9281
18.3946,9280
18.4334,9279
18.4396,9278
18.4519,9277
18.4557,9276
18.4589,9275
18.519,9274
18.522,9273
18.525,9272
18.5466,9271
18.5496,9270
18.5773,9269
18.5959,9268
18.5989,9267
18.6019,9266
18.6203,9265
18.6233,9264
18.6263,9263
18.6293,9262
18.645,9261
18.648,9260
18.6511,9259
18.72,9258
18.7231,9257
18.7261,9256
18.7376,9255
18.7406,9254
18.7436,9253
18.7466,9252
18.7597,9251
18.7628,9250
18.7658,9249
18.7789,9248
18.7819,9247
18.785,9246
18.804,9245
18.807,9244
18.81,9243
18.8131,9242
18.8306,9241
18.8345,9240
18.8375,9239
18.8606,9238
18.8636,9237
18.8666,9236
18.88,9235
18.883,9234
18.8861,9233
18.9106,9232
18.9142,9231
18.9176,9230
18.9265,9229
18.9338,9228
18.9375,9227
18.9408,9226
18.9727,9225
18.9758,9224
18.9788,9223
19.0004,9222
19.0034,9221
19.0065,9220
19.0096,9219
19.0329,9218
19.0359,9217
19.0389,9216
19.0599,9215
19.063,9214
19.066,9213
19.081,9212
19.084,9211
19.087,9210
19.1021,9209
19.1051,9208
19.1081,9207
19.1112,9206
19.1169,9205
19.12,9204
19.123,9203
19.1608,9202
19.1642,9201
19.1847,9200
19.1877,9199
19.1907,9198
19.2184,9197
19.2214,9196
19.2244,9195
19.2475,9194
19.2506,9193
19.2536,9192
19.2838,9191
19.2894,9190
19.2929,9189
19.3237,9188
19.3269,9187
19.3309,9186
19.3341,9185
19.3374,9184
19.3405,9183
19.3435,9182
19.3768,9181
19.3798,9180
19.3827,9179
19.4083,9178
19.4114,9177
19.4144,9176
19.4174,9175
19.4321,9174
19.4351,9173
19.4381,9172
19.4515,9171
19.4545,9170
19.4575,9169
19.4778,9168
19.4809,9167
19.4839,9166
19.4869,9165
19.49,9164
19.5034,9163
19.5065,9162
19.53,9161
19.5333,9160
19.5398,9159
19.5897,9158
19.5928,9157
19.5958,9156
19.6042,9155
19.6072,9154
19.6103,9153
19.6133,9152
19.6181,9151
19.6211,9150
19.624,9149
19.6271,9148
19.6301,9147
19.6331,9146
19.6693,9145
19.6723,9144
19.6753,9143
19.6783,9142
19.7014,9141
19.7045,9140
19.7075,9139
19.7261,9138
19.7291,9137
19.7321,9136
19.7625,9135
19.7655,9134
19.7685,9133
19.7714,9132
19.7899,9131
19.793,9130
19.7963,9129
19.8286,9128
19.8316,9127
19.8351,9126
19.8572,9125
19.8603,9124
19.8633,9123
19.8663,9122
19.8813,9121
19.8843,9120
19.8873,9119
19.9057,9118
19.9087,9117
19.9117,9116
19.9345,9115
19.9436,9114
19.9586,9113
19.9872,9112
19.9902,9111
19.9932,9110
19.9963,9109
20.0266,9108
20.0303,9107
20.0352,9106
20.0459,9105
20.0664,9104
20.0694,9103
20.0725,9102
20.0862,9101
20.0893,9100
20.0924,9099
20.1107,9098
20.1137,9097
20.1438,9096
20.1468,9095
20.1499,9094
20.1716,9093
20.1746,9092
20.1776,9091
20.1921,9090
20.1951,9089
20.1981,9088
20.2011,9087
20.223,9086
20.226,9085
20.229,9084
20.2509,9083
20.2541,9082
20.2572,9081
20.2756,9080
20.2786,9079
20.2816,9078
20.2846,9077
20.3032,9076
20.3062,9075
20.3092,9074
20.3278,9073
20.3308,9072
20.3338,9071
20.3515,9070
20.3545,9069
20.3576,9068
20.3606,9067
20.3795,9066
20.3825,9065
20.3855,9064
20.4045,9063
20.4076,9062
20.4106,9061
20.4311,9060
20.4342,9059
20.4372,9058
20.4559,9057
20.4648,9056
20.4827,9055
20.4857,9054
20.4887,9053
20.5103,9052
20.5133,9051
20.5163,9050
20.5193,9049
20.5355,9048
20.5385,9047
20.5415,9046
20.5599,9045
20.5629,9044
20.5659,9043
20.5837,9042
20.5867,9041
20.5897,9040
20.6301,9039
20.6331,9038
20.6361,9037
20.6392,9036
20.6525,9035
20.6556,9034
20.6589,9033
20.674,9032
20.677,9031
20.68,9030
20.6974,9029
20.7005,9028
20.7035,9027
20.7065,9026
20.7254,9025
20.7284,9024
20.7518,9023
20.7548,9022
20.7738,9021
20.777,9020
20.7801,9019
20.7832,9018
20.7998,9017
20.8029,9016
20.8059,9015
20.8375,9014
20.8437,9013
20.8478,9012
20.8564,9011
20.8599,9010
20.8635,9009
20.9017,9008
20.9046,9007
20.9198,9006
20.9228,9005
20.9258,9004
20.9487,9003
20.9518,9002
20.9548,9001
20.9701,9000
20.9731,8999
20.9761,8998
20.9791,8997
21.0023,8996
21.0054,8995
21.0088,8994
21.0311,8993
21.0341,8992
21.0371,8991
21.0411,8990
21.0441,8989
21.0471,8988
21.05,8987
21.0924,8986
21.0961,8985
21.1007,8984
21.114,8983
21.117,8982
21.12,8981
21.1368,8980
21.1398,8979
21.1428,8978
21.1457,8977
21.1603,8976
21.1633,8975
21.1663,8974
21.1868,8973
21.1898,8972
21.1928,8971
21.2129,8970
21.216,8969
21.219,8968
21.2401,8967
21.2431,8966
21.2468,8965
21.2505,8964
21.278,8963
21.281,8962
21.2839,8961
21.3374,8960
21.3405,8959
21.3434,8958
21.3664,8957
21.3694,8956
21.3724,8955
21.4219,8954
21.4249,8953
21.4473,8952
21.4503,8951
21.4533,8950
21.4687,8949
21.4717,8948
21.4747,8947
21.4777,8946
21.4997,8945
21.5026,8944
21.5056,8943
21.5246,8942
21.5277,8941
21.5306,8940
21.5336,8939
21.566,8938
21.5894,8937
21.5924,8936
21.5954,8935
21.6149,8934
21.618,8933
21.6245,8932
21.636,8931
21.6453,8930
21.6483,8929
21.6665,8928
21.6871,8927
21.6901,8926
21.6931,8925
21.7112,8924
21.7142,8923
21.7172,8922
21.8734,8921
21.8764,8920
21.8794,8919
21.8825,8918
21.9269,8917
21.9299,8916
21.9329,8915
21.9777,8914
21.982,8913
21.9849,8912
22.004,8911
22.0078,8910
22.0131,8909
22.0165,8908
22.0306,8907
22.0337,8906
22.0376,8905
22.0649,8904
22.0679,8903
22.0709,8902
22.1064,8901
22.1177,8900
22.1256,8899
22.1614,8898
22.1644,8897
22.1674,8896
22.1704,8895
22.1974,8894
22.247,8893
22.2507,8892
22.2544,8891
22.2779,8890
22.2828,8889
22.2866,8888
22.3138,8887
22.3173,8886
22.321,8885
22.3444,8884
22.3493,8883
22.3526,8882
22.3559,8881
22.3831,8880
22.3863,8879
22.3893,8878
22.4131,8877
22.4162,8876
22.4192,8875
22.4526,8874
22.4556,8873
22.4586,8872
22.4616,8871
22.477,8870
22.5035,8869
22.5086,8868
22.5116,8867
22.5383,8866
22.5413,8865
22.5443,8864
22.5473,8863
22.5691,8862
22.5721,8861
22.5751,8860
22.5882,8859
22.5912,8858
22.5942,8857
22.6087,8856
22.6117,8855
22.6147,8854
22.6176,8853
22.6392,8852
22.6422,8851
22.6451,8850
22.661,8849
22.664,8848
22.667,8847
22.6856,8846
22.6886,8845
22.6916,8844
22.6946,8843
22.7108,8842
22.7138,8841
22.7168,8840
22.7422,8839
22.7457,8838
22.7487,8837
22.7654,8836
22.7684,8835
22.7714,8834
22.7744,8833
22.7874,8832
22.7904,8831
22.8163,8830
22.8193,8829
22.8365,8828
22.8395,8827
22.8425,8826
22.8454,8825
22.8644,8824
22.8674,8823
22.8705,8822
22.8928,8821
22.8958,8820
22.8989,8819
22.9193,8818
22.9223,8817
22.9459,8816
22.9505,8815
22.9536,8814
22.9764,8813
22.9795,8812
22.9825,8811
22.9998,8810
23.0027,8809
23.0057,8808
23.0087,8807
23.0443,8806
23.0473,8805
23.0502,8804
23.0633,8803
23.0663,8802
23.0712,8801
23.0881,8800
23.0911,8799
23.0941,8798
23.0971,8797
23.117,8796
23.12,8795
23.123,8794
23.1431,8793
23.1461,8792
23.1491,8791
23.1643,8790
23.1674,8789
23.1703,8788
23.1734,8787
23.1942,8786
23.1971,8785
23.2002,8784
23.2223,8783
23.2253,8782
23.2283,8781
23.2507,8780
23.2536,8779
23.2734,8778
23.2764,8777
23.2794,8776
23.295,8775
23.298,8774
23.301,8773
23.3216,8772
23.3246,8771
23.3276,8770
23.3305,8769
23.3464,8768
23.3493,8767
23.3523,8766
23.373,8765
23.376,8764
23.379,8763
23.4013,8762
23.4044,8761
23.4074,8760
23.4379,8759
23.4409,8758
23.4558,8757
23.4587,8756
23.4618,8755
23.483,8754
23.486,8753
23.5074,8752
23.5104,8751
23.5375,8750
23.5405,8749
23.5495,8748
23.5525,8747
23.5555,8746
23.5585,8745
23.5757,8744
23.5787,8743
23.5817,8742
23.6048,8741
23.6078,8740
23.6108,8739
23.6283,8738
23.6313,8737
23.6343,8736
23.6373,8735
23.6542,8734
23.6572,8733
23.6602,8732
23.6862,8731
23.6892,8730
23.6922,8729
23.7143,8728
23.7174,8727
23.7203,8726
23.7233,8725
23.7472,8724
23.7663,8723
23.7693,8722
23.7723,8721
23.7899,8720
23.7929,8719
23.7959,8718
23.7988,8717
23.8018,8716
23.8048,8715
23.8078,8714
23.8276,8713
23.8306,8712
23.8336,8711
23.8366,8710
23.8593,8709
23.8623,8708
23.8653,8707
23.8785,8706
23.8815,8705
23.8844,8704
23.902,8703
23.9049,8702
23.9079,8701
23.9109,8700
23.9377,8699
23.9407,8698
23.9437,8697
23.9679,8696
23.9711,8695
23.9742,8694
23.991,8693
24,8692
24.0198,8691
24.0485,8690
24.0515,8689
24.0544,8688
24.0717,8687
24.0748,8686
24.1027,8685
24.1057,8684
24.1087,8683
24.1236,8682
24.1266,8681
24.1296,8680
24.1499,8679
24.153,8678
24.156,8677
24.159,8676
24.1752,8675
24.1782,8674
24.1812,8673
24.2016,8672
24.2046,8671
24.2076,8670
24.2237,8669
24.2267,8668
24.2297,8667
24.2327,8666
24.2543,8665
24.2572,8664
24.2602,8663
24.2774,8662
24.2804,8661
24.2834,8660
24.3103,8659
24.3133,8658
24.3291,8657
24.3321,8656
24.3351,8655
24.3557,8654
24.3587,8653
24.3813,8652
24.3843,8651
24.3872,8650
24.412,8649
24.415,8648
24.4181,8647
24.4452,8646
24.4484,8645
24.4514,8644
24.4544,8643
24.4741,8642
24.4927,8641
24.5096,8640
24.5126,8639
24.5157,8638
24.5187,8637
24.5423,8636
24.5453,8635
24.5483,8634
24.5682,8633
24.5887,8632
24.5918,8631
24.5948,8630
24.5977,8629
24.6197,8628
24.6226,8627
24.6256,8626
24.6429,8625
24.6459,8624
24.6488,8623
24.6668,8622
24.6698,8621
24.6728,8620
24.6757,8619
24.6906,8618
24.6936,8617
24.6966,8616
24.7136,8615
24.7168,8614
24.7198,8613
24.7423,8612
24.7454,8611
24.7484,8610
24.7514,8609
24.7687,8608
24.7717,8607
24.7748,8606
24.7961,8605
24.7996,8604
24.8028,8603
24.8127,8602
24.8158,8601
24.8529,8600
24.8559,8599
24.8589,8598
24.8754,8597
24.8965,8596
24.9069,8595
24.9336,8594
24.9366,8593
24.9397,8592
24.9666,8591
24.989,8590
24.9919,8589
24.9949,8588
24.9978,8587
25.0192,8586
25.0222,8585
25.0252,8584
25.0504,8583
25.0534,8582
25.0564,8581
25.0765,8580
25.0799,8579
25.0829,8578
25.0859,8577
25.1136,8576
25.1165,8575
25.1195,8574
25.1373,8573
25.1406,8572
25.1436,8571
25.1542,8570
25.1572,8569
25.1602,8568
25.1632,8567
25.2506,8566
25.2536,8565
25.2566,8564
25.2654,8563
25.2683,8562
25.2713,8561
25.2742,8560
25.2772,8559
25.2801,8558
25.2831,8557
25.2861,8556
25.2951,8555
25.2981,8554
25.3011,8553
25.3042,8552
25.3073,8551
25.3103,8550
25.3249,8549
25.3314,8548
25.3344,8547
25.3373,8546
25.3565,8545
25.3595,8544
25.3826,8543
25.3856,8542
25.3886,8541
25.4101,8540
25.4131,8539
25.4161,8538
25.4358,8537
25.4387,8536
25.4417,8535
25.4447,8534
25.4656,8533
25.4686,8532
25.4716,8531
25.4847,8530
25.4877,8529
25.4911,8528
25.5143,8527
25.5721,8526
25.5859,8525
25.5889,8524
25.5919,8523
25.5951,8522
25.6253,8521
25.6283,8520
25.6312,8519
25.6536,8518
25.6754,8517
25.6784,8516
25.7051,8515
25.7277,8514
25.731,8513
25.734,8512
25.7573,8511
25.7929,8510
25.7968,8509
25.8,8508
25.803,8507
25.8285,8506
25.8315,8505
25.8345,8504
25.8579,8503
25.8609,8502
25.8638,8501
25.8668,8500
25.8901,8499
25.893,8498
25.896,8497
25.9162,8496
25.9192,8495
25.9222,8494
25.9389,8493
25.9419,8492
25.9448,8491
25.9478,8490
25.9832,8489
25.9862,8488
25.9959,8487
25.9989,8486
26.0451,8485
26.0921,8484
26.0953,8483
26.1184,8482
26.1474,8481
26.1508,8480
26.1549,8479
26.1584,8478
26.183,8477
26.186,8476
26.189,8475
26.1981,8474
26.2318,8473
26.2359,8472
26.239,8471
26.2419,8470
26.2578,8469
26.2608,8468
26.2638,8467
26.2841,8466
26.2871,8465
26.2901,8464
26.3,8463
26.3089,8462
26.3378,8461
26.3407,8460
26.3437,8459
26.3639,8458
26.3669,8457
26.3698,8456
26.3728,8455
26.3887,8454
26.3917,8453
26.3946,8452
26.4151,8451
26.4181,8450
26.4211,8449
26.4354,8448
26.4383,8447
26.4413,8446
26.4443,8445
26.4582,8444
26.4611,8443
26.484,8442
26.4869,8441
26.5091,8440
26.5121,8439
26.515,8438
26.5182,8437
26.5391,8436
26.5421,8435
26.545,8434
26.5621,8433
26.5651,8432
26.584,8431
26.587,8430
26.6131,8429
26.616,8428
26.6321,8427
26.635,8426
26.638,8425
26.641,8424
26.6511,8423
26.654,8422
26.657,8421
26.6808,8420
26.6838,8419
26.6867,8418
26.7021,8417
26.7051,8416
26.708,8415
26.711,8414
26.7319,8413
26.7348,8412
26.7378,8411
26.7534,8410
26.7564,8409
26.7593,8408
26.7801,8407
26.783,8406
26.8339,8405
26.8369,8404
26.8398,8403
26.8553,8402
26.8583,8401
26.8613,8400
26.882,8399
26.885,8398
26.8879,8397
26.9111,8396
26.9141,8395
26.9171,8394
26.92,8393
26.9331,8392
26.936,8391
26.939,8390
26.9588,8389
26.9617,8388
26.9856,8387
26.9886,8386
26.9916,8385
27.0062,8384
27.0092,8383
27.0122,8382
27.0335,8381
27.0365,8380
27.0395,8379
27.0424,8378
27.0573,8377
27.0602,8376
27.0631,8375
27.1108,8374
27.1137,8373
27.1167,8372
27.1358,8371
27.1387,8370
27.1417,8369
27.1588,8368
27.1617,8367
27.1647,8366
27.1836,8365
27.1866,8364
27.1895,8363
27.1925,8362
27.2099,8361
27.2883,8360
27.2914,8359
27.3091,8358
27.3393,8357
27.3422,8356
27.3599,8355
27.3629,8354
27.3659,8353
27.3907,8352
27.3937,8351
27.4115,8350
27.4145,8349
27.4174,8348
27.436,8347
27.439,8346
27.4419,8345
27.4449,8344
27.4626,8343
27.4655,8342
27.4685,8341
27.4928,8340
27.5106,8339
27.5136,8338
27.5178,8337
27.5209,8336
27.5403,8335
27.5433,8334
27.5462,8333
27.5694,8332
27.5724,8331
27.5753,8330
27.5884,8329
27.5913,8328
27.6144,8327
27.6174,8326
27.6203,8325
27.6396,8324
27.6484,8323
27.6652,8322
27.6682,8321
27.6712,8320
27.6907,8319
27.6937,8318
27.6966,8317
27.7133,8316
27.7163,8315
27.7416,8314
27.7446,8313
27.7475,8312
27.7643,8311
27.7673,8310
27.7703,8309
27.7732,8308
27.7939,8307
27.8158,8306
27.8189,8305
27.8533,8304
27.8675,8303
27.871,8302
27.8741,8301
27.8984,8300
27.9251,8299
27.9342,8298
27.9645,8297
27.9845,8296
27.9875,8295
27.9905,8294
28.0045,8293
28.0076,8292
28.0105,8291
28.0135,8290
28.0321,8289
28.035,8288
28.038,8287
28.0558,8286
28.0588,8285
28.0832,8284
28.0862,8283
28.0891,8282
28.1071,8281
28.11,8280
28.113,8279
28.1263,8278
28.1292,8277
28.1322,8276
28.1351,8275
28.149,8274
28.152,8273
28.155,8272
28.1728,8271
28.1805,8270
28.1836,8269
28.1865,8268
28.1895,8267
28.1979,8266
28.2009,8265
28.2038,8264
28.2116,8263
28.2146,8262
28.2175,8261
28.2204,8260
28.2234,8259
28.2264,8258
28.2293,8257
28.2423,8256
28.2453,8255
28.2482,8254
28.2536,8253
28.2566,8252
28.2595,8251
28.2625,8250
28.2658,8249
28.2691,8248
28.7551,8247
28.7593,8246
28.7623,8245
28.7862,8244
28.7892,8243
28.7933,8242
28.8254,8241
28.8283,8240
28.8313,8239
28.8457,8238
28.8486,8237
28.8516,8236
28.8545,8235
28.8717,8234
28.8981,8233
28.901,8232
28.904,8231
28.907,8230
28.9209,8229
28.9238,8228
28.9433,8227
28.9462,8226
28.9701,8225
28.9731,8224
28.976,8223
28.979,8222
28.9878,8221
29.0397,8220
29.0627,8219
29.0656,8218
29.0691,8217
29.1232,8216
29.1263,8215
29.1293,8214
29.1357,8213
29.1387,8212
29.1416,8211
29.1446,8210
29.1794,8209
29.203,8208
29.206,8207
29.2091,8206
29.2121,8205
29.3117,8204
29.3146,8203
29.3328,8202
29.3358,8201
29.3389,8200
29.3647,8199
29.3676,8198
29.3932,8197
29.3963,8196
29.3992,8195
29.4022,8194
29.4229,8193
29.4259,8192
29.4288,8191
29.4506,8190
29.4535,8189
29.4565,8188
29.481,8187
29.4839,8186
29.5097,8185
29.5588,8184
29.5618,8183
29.5648,8182
29.5844,8181
29.5875,8180
29.5904,8179
29.5934,8178
29.6164,8177
29.6327,8176
29.6357,8175
29.6577,8174
29.6844,8173
29.6874,8172
29.7472,8171
29.7574,8170
29.7635,8169
29.7682,8168
29.8166,8167
29.8196,8166
29.8278,8165
29.8309,8164
29.8339,8163
29.8832,8162
29.8862,8161
29.9198,8160
29.9227,8159
29.9257,8158
29.9287,8157
29.9316,8156
29.9345,8155
29.9691,8154
29.9721,8153
29.975,8152
30.034,8151
30.0369,8150
30.0399,8149
30.057,8148
30.06,8147
30.063,8146
30.0659,8145
30.0791,8144
30.082,8143
30.1113,8142
30.1142,8141
30.1172,8140
30.128,8139
30.1317,8138
30.1346,8137
30.16,8136
30.1869,8135
30.1958,8134
30.2103,8133
30.2132,8132
30.2162,8131
30.2583,8130
30.2614,8129
30.2643,8128
30.2983,8127
30.3218,8126
30.3249,8125
30.3392,8124
30.3485,8123
30.3688,8122
30.3889,8121
30.3919,8120
30.4019,8119
30.4246,8118
30.4276,8117
30.4305,8116
30.4334,8115
30.4496,8114
30.4526,8113
30.516,8112
30.5191,8111
30.5344,8110
30.5374,8109
30.571,8108
30.5875,8107
30.5906,8106
30.5937,8105
30.6148,8104
30.6177,8103
30.6207,8102
30.634,8101
30.6612,8100
30.6642,8099
30.6793,8098
30.6822,8097
30.6852,8096
30.6882,8095
30.708,8094
30.711,8093
30.7139,8092
30.7377,8091
30.7608,8090
30.7637,8089
30.7666,8088
30.7696,8087
30.8,8086
30.8171,8085
30.82,8084
30.8229,8083
30.8259,8082
30.9035,8081
30.9065,8080
30.9196,8079
30.9225,8078
30.9255,8077
30.9485,8076
30.9515,8075
30.9557,8074
30.9744,8073
30.9774,8072
30.9803,8071
30.9834,8070
31.0019,8069
31.0049,8068
31.0079,8067
31.0303,8066
31.0576,8065
31.0606,8064
31.0764,8063
31.0794,8062
31.0824,8061
31.1022,8060
31.1052,8059
31.1082,8058
31.1111,8057
31.1314,8056
31.1552,8055
31.1639,8054
31.1897,8053
31.2072,8052
31.2105,8051
31.2135,8050
31.2353,8049
31.2444,8048
31.2586,8047
31.2615,8046
31.2645,8045
31.2886,8044
31.312,8043
31.3157,8042
31.3186,8041
31.3216,8040
31.3402,8039
31.3442,8038
31.3489,8037
31.3667,8036
31.3697,8035
31.3727,8034
31.3756,8033
31.3945,8032
31.3977,8031
31.4011,8030
31.4209,8029
31.4238,8028
31.4541,8027
31.4733,8026
31.4763,8025
31.4793,8024
31.5018,8023
31.5312,8022
31.5342,8021
31.5539,8020
31.6064,8019
31.6094,8018
31.6124,8017
31.6507,8016
31.6656,8015
31.6686,8014
31.6717,8013
31.6746,8012
31.694,8011
31.697,8010
31.6999,8009
31.7237,8008
31.7267,8007
31.7449,8006
31.7479,8005
31.7508,8004
31.7636,8003
31.7665,8002
31.7694,8001
31.7998,8000
31.8029,7999
31.8256,7998
31.8477,7997
31.8507,7996
31.8536,7995
31.8759,7994
31.8849,7993
31.9093,7992
31.9123,7991
31.9152,7990
31.9282,7989
31.9313,7988
31.9343,7987
31.9372,7986
31.9541,7985
31.9805,7984
32.0121,7983
32.0186,7982
32.0221,7981
32.0327,7980
32.0357,7979
32.0662,7978
32.0713,7977
32.0775,7976
32.1055,7975
32.1086,7974
32.1115,7973
32.1156,7972
32.1387,7971
32.16,7970
32.2395,7969
32.2425,7968
32.2455,7967
32.2658,7966
32.2687,7965
32.2717,7964
32.3011,7963
32.3326,7962
32.3374,7961
32.3636,7960
32.3667,7959
32.3696,7958
32.3894,7957
32.3925,7956
32.3962,7955
32.409,7954
32.412,7953
32.415,7952
32.4179,7951
32.4344,7950
32.4373,7949
32.4403,7948
32.4947,7947
32.515,7946
32.5526,7945
32.5757,7944
32.6242,7943
32.6271,7942
32.6342,7941
32.6372,7940
32.6402,7939
32.6603,7938
32.668,7937
32.6709,7936
32.6739,7935
32.7006,7934
32.721,7933
32.724,7932
32.7659,7931
32.7899,7930
32.7938,7929
32.8549,7928
32.8578,7927
32.8756,7926
32.8844,7925
32.9012,7924
32.957,7923
32.96,7922
32.9629,7921
32.9812,7920
32.9841,7919
32.9871,7918
33.0085,7917
33.0257,7916
33.0287,7915
33.0499,7914
33.0528,7913
33.0828,7912
33.0859,7911
33.0889,7910
33.1103,7909
33.1138,7908
33.1184,7907
33.1938,7906
33.2162,7905
33.2191,7904
33.2221,7903
33.2258,7902
33.2287,7901
33.2985,7900
33.3312,7899
33.3342,7898
33.3371,7897
33.3538,7896
33.3935,7895
33.4177,7894
33.4207,7893
33.4755,7892
33.4785,7891
33.4814,7890
33.4843,7889
33.508,7888
33.5109,7887
33.5138,7886
33.5271,7885
33.53,7884
33.5613,7883
33.5999,7882
33.6177,7881
33.6207,7880
33.6237,7879
33.6266,7878
33.6645,7877
33.6675,7876
33.6704,7875
33.7166,7874
33.742,7873
33.7652,7872
33.7757,7871
33.8036,7870
33.8065,7869
33.8331,7868
33.836,7867
33.8571,7866
33.8862,7865
34.0058,7864
34.0983,7863
34.1012,7862
34.1471,7861
34.151,7860
34.192,7859
34.1949,7858
34.2583,7857
34.2613,7856
34.2644,7855
34.2799,7854
34.3354,7853
34.3563,7852
34.3593,7851
34.3623,7850
34.386,7849
34.3894,7848
34.4241,7847
34.4458,7846
34.4488,7845
34.4518,7844
34.4547,7843
34.4797,7842
34.4849,7841
34.4879,7840
34.5081,7839
34.518,7838
34.5211,7837
34.5373,7836
34.5643,7835
34.5673,7834
34.5951,7833
34.6436,7832
34.6762,7831
34.6988,7830
34.7018,7829
34.7049,7828
34.7308,7827
34.7337,7826
34.7568,7825
34.8456,7824
34.8618,7823
34.8648,7822
34.8874,7821
34.9139,7820
34.9385,7819
34.942,7818
34.9517,7817
34.9547,7816
34.9576,7815
34.9906,7814
34.9936,7813
34.9965,7812
35.0228,7811
35.0431,7810
35.0461,7809
35.0743,7808
35.0775,7807
35.1003,7806
35.1264,7805
35.1532,7804
35.1619,7803
35.1807,7802
35.1854,7801
35.2083,7800
35.2344,7799
35.2374,7798
35.2403,7797
35.2632,7796
35.2886,7795
35.2916,7794
35.2951,7793
35.3168,7792
35.3198,7791
35.3437,7790
35.3466,7789
35.3496,7788
35.3635,7787
35.3725,7786
35.6552,7785
35.6884,7784
35.7181,7783
35.721,7782
35.7897,7781
35.7934,7780
35.7963,7779
35.8139,7778
35.8651,7777
35.9168,7776
35.9415,7775
35.9648,7774
35.9677,7773
35.9706,7772
36.0544,7771
36.0719,7770
36.0749,7769
36.0778,7768
36.3216,7767
36.3346,7766
36.3376,7765
36.3405,7764
36.3434,7763
36.3639,7762
36.3668,7761
36.3698,7760
36.4151,7759
36.4361,7758
36.439,7757
36.4419,7756
36.4583,7755
36.468,7754
36.4722,7753
36.4766,7752
36.5464,7751
36.6097,7750
36.6126,7749
36.6292,7748
36.6326,7747
36.6607,7746
36.8714,7745
36.9454,7744
36.9824,7743
37.0044,7742
37.0074,7741
37.028,7740
37.0853,7739
37.1711,7738
37.2677,7737
37.2706,7736
37.3005,7735
37.3488,7734
37.3592,7733
37.455,7732
37.4922,7731
37.5131,7730
37.6162,7729
37.9003,7728
37.9969,7727
38.0262,7726
38.0529,7725
38.0616,7724
38.0753,7723
38.1057,7722
38.1087,7721
38.1116,7720
38.1347,7719
38.1377,7718
38.1667,7717
38.513,7716
38.5325,7715
38.5354,7714
38.5589,7713
38.5618,7712
38.5648,7711
39.2167,7710
39.2675,7709
39.3975,7708
39.4005,7707
39.4375,7706
39.4778,7705
39.4807,7704
39.5076,7703
39.5105,7702
39.5258,7701
39.5533,7700
39.5563,7699
39.5592,7698
39.5622,7697
39.6868,7696
39.697,7695
39.7572,7694
39.7819,7693
39.7849,7692
39.8006,7691
39.8326,7690
39.8594,7689
39.8635,7688
39.8967,7687
39.8997,7686
39.9027,7685
40.7746,7684
40.7968,7683
40.8913,7682
40.8942,7681
40.9179,7680
40.9495,7679
40.9917,7678
40.9946,7677
40.9976,7676
41.017,7675
41.0382,7674
41.0647,7673
41.0676,7672
41.0706,7671
41.0859,7670
41.1643,7669
41.2858,7668
41.2959,7667
41.3645,7666
41.3675,7665
43.7097,7664
43.7127,7663
44.4648,7662
44.5527,7661
44.5557,7660
44.5586,7659
44.5758,7658
44.6286,7657
44.6315,7656
44.6344,7655
44.6592,7654
44.6622,7653
44.6828,7652
44.6857,7651
44.6886,7650
44.7158,7649
44.7188,7648
44.7388,7647
44.7621,7646
45.3032,7645
45.3062,7644
45.8601,7643
45.8815,7642
45.8844,7641
46.1027,7640
46.1196,7639
46.1226,7638
46.1256,7637
46.1285,7636
46.2232,7635
48.3086,7634
48.3116,7633
48.335,7632
48.338,7631
59.6184,7630
59.6213,7629
59.6243,7628
59.6272,7627
59.6969,7626
59.6998,7625
59.7197,7624
59.7473,7623
59.7502,7622
59.7531,7621
59.756,7620
59.7768,7619
68.6094,7618
68.6124,7617
68.6358,7616
68.6387,7615
68.6685,7614
68.6714,7613
72.317,7612
72.3261,7611
72.5484,7610
72.5687,7609
75.7588,7608
75.7618,7607
77.1289,7606
77.1319,7605
77.1407,7604
77.1952,7603
77.1982,7602
88.7799,7601
88.7828,7600
88.8434,7599
88.9059,7598
88.9088,7597
88.9117,7596
88.9235,7595
88.9265,7594
89.5332,7593
89.7587,7592
89.7807,7591
90.2508,7590
90.405,7589
90.4087,7588
90.4118,7587
90.4147,7586
90.4276,7585
90.4306,7584
90.5134,7583
90.5163,7582
90.5889,7581
90.5977,7580
90.6208,7579
90.7462,7578
91.0666,7577
99.424,7576
99.4333,7575
99.4363,7574
99.4393,7573
99.6084,7572
99.6129,7571
99.7173,7570
99.7742,7569
99.7772,7568
108.04,7567
108.049,7566
108.27,7565
108.283,7564
108.407,7563
108.41,7562
108.441,7561
108.469,7560
108.492,7559
108.495,7558
108.498,7557
119.966,7556
119.991,7555
120.018,7554
120.047,7553
120.05,7552
120.056,7551
125.533,7550
127.915,7549
131.863,7548
131.892,7547
131.964,7546
132.072,7545
132.206,7544
132.225,7543
132.258,7542
132.262,7541
132.298,7540
132.365,7539
132.368,7538
134.628,7537
134.718,7536
134.782,7535
134.785,7534
135.267,7533
143.739,7532
143.826,7531
143.909,7530
146.322,7529
146.502,7528
146.525,7527
146.565,7526
146.568,7525
146.581,7524
146.778,7523
146.817,7522
146.883,7521
146.886,7520
170.236,7519
173.66,7518
173.663,7517
173.677,7516
173.686,7515
173.702,7514
173.705,7513
173.882,7512
174.531,7511
174.534,7510
174.559,7509
174.62,7508
174.623,7507
177.404,7506
177.407,7505
177.437,7504
177.44,7503
201.958,7502
201.982,7501
201.985,7500
202.002,7499
202.005,7498
208.491,7497
208.504,7496
208.507,7495
208.51,7494
213.271,7493
213.274,7492
213.295,7491
213.317,7490
213.321,7489
213.327,7488
214.162,7487
214.271,7486
214.293,7485
214.296,7484
214.317,7483
214.711,7482
217.406,7481
278.9,7480
299.319,7479
299.328,7478
299.331,7477
299.334,7476
299.339,7475
299.342,7474
299.345,7473
299.402,7472
304.744,7471
304.801,7470
309.133,7469
309.136,7468
313.684,7467
313.698,7466
313.701,7465
313.737,7464
313.74,7463
313.851,7462
313.854,7461
313.984,7460
342.657,7459
342.66,7458
404.069,7457
404.087,7456
404.43,7455
404.447,7454
404.45,7453
404.453,7452
404.522,7451
404.712,7450
404.715,7449
526.126,7448
526.175,7447
526.231,7446
526.288,7445
526.312,7444
565.942,7443
571.554,7442
571.578,7441
571.581,7440
571.606,7439
571.742,7438
589.904,7437
589.931,7436
589.934,7435
589.968,7434
589.991,7433
590.017,7432
590.027,7431
664.651,7430
664.693,7429
664.696,7428
664.698,7427
664.707,7426
664.716,7425
718.54,7424
718.55,7423
718.572,7422
718.58,7421
718.596,7420
718.628,7419
838.609,7418
838.612,7417
838.627,7416
838.63,7415
909.538,7414
963.225,7413
963.235,7412
963.259,7411
963.262,7410
963.265,7409
963.328,7408
963.46,7407
963.494,7406
1089,7405
1089,7404
1182.7,7403
1182.75,7402
1182.75,7401
1182.78,7400
1182.86,7399
1182.86,7398
1241.86,7397
1241.88,7396
1244.13,7395
1244.14,7394
1276.53,7393
1276.54,7392
1276.55,7391
1276.86,7390
1276.88,7389
1276.94,7388
1277.01,7387
1277.25,7386
1863.36,7385
1863.36,7384
1863.36,7383
1863.36,7382
1863.39,7381
1863.42,7380
1863.43,7379
1863.52,7378
1879.69,7377
1879.74,7376
1941.83,7375
1950.66,7374
2177.58,7373
2177.67,7372
2177.7,7371
2712.03,7370
2712.09,7369
2712.12,7368
2712.17,7367
2712.45,7366
2712.47,7365
2712.57,7364
2712.57,7363
2712.58,7362
3467.62,7361
3911.69,7360
3911.71,7359
3911.92,7358
3911.93,7357
3953.39,7356
3953.42,7355
3972.58,7354
3972.61,7353
3972.62,7352
3972.67,7351
3972.67,7350
4968.46,7349
5041.61,7348
5041.67,7347
5070.35,7346
5080.83,7345
5080.93,7344
5080.94,7343
5080.96,7342
5080.96,7341
5080.99,7340
5129.03,7339
5129.04,7338
5129.19,7337
5129.3,7336
5129.32,7335
5129.4,7334
5129.42,7333
5129.64,7332
5129.65,7331
5129.65,7330
5129.66,7329
5129.68,7328
14004.7,7327
15482.5,7326
15589.9,7325
15589.9,7324
15589.9,7323
15692.2,7322
15692.2,7321
15692.2,7320
15692.2,7319
15692.2,7318
15692.2,7317
17489.7,7316
17489.7,7315
17489.7,7314
17489.7,7313
17489.8,7312
17489.8,7311
19186.4,7310
19186.4,7309
19186.4,7308
19186.4,7307
23351.5,7306
23351.5,7305
23351.6,7304
