0.00333972,11022
0.00795942,11021
0.0111936,11020
0.0143146,11019
0.0174321,11018
0.0447074,11017
0.0478579,11016
0.0509698,11015
0.0705227,11014
0.0736542,11013
0.0768032,11012
0.0800276,11011
0.0831549,11010
0.0924033,11009
0.172514,11008
0.175728,11007
0.178977,11006
0.201275,11005
0.206143,11004
0.209281,11003
0.238012,11002
0.241145,11001
0.244359,11000
0.247475,10999
0.278994,10998
0.282916,10997
0.28604,10996
0.322409,10995
0.325962,10994
0.330418,10993
0.419615,10992
0.422796,10991
0.425909,10990
0.433573,10989
0.436759,10988
0.440073,10987
0.481397,10986
0.484664,10985
0.487838,10984
0.514011,10983
0.51713,10982
0.520225,10981
0.523437,10980
0.546069,10979
0.549209,10978
0.552313,10977
0.567061,10976
0.570178,10975
0.573281,10974
0.616644,10973
0.619784,10972
0.622878,10971
0.647304,10970
0.650475,10969
0.653615,10968
0.656736,10967
0.680575,10966
0.690112,10965
0.696622,10964
0.730396,10963
0.733559,10962
0.736666,10961
0.760904,10960
0.764027,10959
0.767134,10958
0.790424,10957
0.793545,10956
0.796669,10955
0.836319,10954
0.839591,10953
0.842809,10952
0.900419,10951
0.911338,10950
0.914951,10949
0.93695,10948
0.940153,10947
0.943332,10946
0.946452,10945
0.970645,10944
0.97374,10943
0.976813,10942
1.00923,10941
1.01235,10940
1.01638,10939
1.07535,10938
1.08527,10937
1.08846,10936
1.179,10935
1.18291,10934
1.20202,10933
1.20525,10932
1.20839,10931
1.21151,10930
1.21464,10929
1.24231,10928
1.24542,10927
1.24856,10926
1.27206,10925
1.27528,10924
1.27848,10923
1.30412,10922
1.44355,10921
1.4467,10920
1.46298,10919
1.46612,10918
1.46923,10917
1.53331,10916
1.53642,10915
1.54193,10914
1.58789,10913
1.59184,10912
1.59734,10911
1.60122,10910
1.60448,10909
1.60784,10908
1.61145,10907
1.61495,10906
1.6192,10905
1.62292,10904
1.62657,10903
1.63072,10902
1.63451,10901
1.63949,10900
1.6436,10899
1.64818,10898
1.6522,10897
1.65586,10896
1.65942,10895
1.66271,10894
1.66618,10893
1.66929,10892
1.67368,10891
1.67905,10890
1.68234,10889
1.78791,10888
1.79168,10887
1.79718,10886
1.83194,10885
1.83508,10884
1.8382,10883
1.86426,10882
1.86762,10881
1.87073,10880
1.89305,10879
1.89749,10878
1.90061,10877
1.90634,10876
1.92448,10875
1.92759,10874
1.93073,10873
1.95257,10872
1.96533,10871
1.98567,10870
2.05731,10869
2.06427,10868
2.0674,10867
2.07536,10866
2.0787,10865
2.08185,10864
2.14331,10863
2.14675,10862
2.14989,10861
2.17469,10860
2.1778,10859
2.1809,10858
2.20858,10857
2.21171,10856
2.21481,10855
2.21791,10854
2.23995,10853
2.2431,10852
2.2462,10851
2.2694,10850
2.27253,10849
2.27567,10848
2.30015,10847
2.30335,10846
2.30705,10845
2.32333,10844
2.32645,10843
2.32956,10842
2.36562,10841
2.36881,10840
2.37193,10839
2.37508,10838
2.40646,10837
2.40959,10836
2.41274,10835
2.43368,10834
2.4368,10833
2.43991,10832
2.47516,10831
2.49518,10830
2.499,10829
2.54846,10828
2.55166,10827
2.5551,10826
2.57064,10825
2.57375,10824
2.57683,10823
2.61053,10822
2.61364,10821
2.61672,10820
2.64363,10819
2.64674,10818
2.6498,10817
2.65289,10816
2.68399,10815
2.68711,10814
2.69028,10813
2.70415,10812
2.70736,10811
2.71042,10810
2.77141,10809
2.77452,10808
2.77762,10807
2.80541,10806
2.80852,10805
2.8116,10804
2.81476,10803
2.82349,10802
2.8266,10801
2.82967,10800
2.85673,10799
2.85983,10798
2.86291,10797
2.88738,10796
2.8905,10795
2.89358,10794
2.93473,10793
2.93835,10792
2.94145,10791
2.98973,10790
2.99294,10789
2.99611,10788
2.99924,10787
3.0254,10786
3.02861,10785
3.03211,10784
3.05589,10783
3.05949,10782
3.06267,10781
3.0773,10780
3.08042,10779
3.08352,10778
3.09171,10777
3.09484,10776
3.09793,10775
3.12518,10774
3.12844,10773
3.13174,10772
3.16707,10771
3.17018,10770
3.17339,10769
3.17646,10768
3.2176,10767
3.2207,10766
3.22382,10765
3.24337,10764
3.24657,10763
3.24968,10762
3.27291,10761
3.27605,10760
3.27929,10759
3.30761,10758
3.31078,10757
3.3139,10756
3.32529,10755
3.32845,10754
3.33155,10753
3.33462,10752
3.35894,10751
3.36212,10750
3.36521,10749
3.39559,10748
3.422,10747
3.42517,10746
3.42833,10745
3.46793,10744
3.47107,10743
3.47434,10742
3.47743,10741
3.49581,10740
3.49897,10739
3.50209,10738
3.53024,10737
3.53335,10736
3.53651,10735
3.56029,10734
3.56343,10733
3.56669,10732
3.58553,10731
3.59176,10730
3.5949,10729
3.61857,10728
3.62168,10727
3.6248,10726
3.62796,10725
3.65222,10724
3.65533,10723
3.65842,10722
3.68586,10721
3.689,10720
3.69215,10719
3.7166,10718
3.71971,10717
3.72281,10716
3.75541,10715
3.75861,10714
3.7617,10713
3.78495,10712
3.78807,10711
3.79117,10710
3.79426,10709
3.81789,10708
3.82115,10707
3.82425,10706
3.83439,10705
3.83749,10704
3.84063,10703
3.8764,10702
3.87955,10701
3.88271,10700
3.90938,10699
3.91252,10698
3.9157,10697
3.93938,10696
3.9425,10695
3.94561,10694
3.9487,10693
3.96199,10692
3.96546,10691
3.96858,10690
3.99418,10689
3.99728,10688
4.00044,10687
4.0274,10686
4.03051,10685
4.03361,10684
4.0548,10683
4.0579,10682
4.06096,10681
4.09123,10680
4.09437,10679
4.09824,10678
4.10134,10677
4.12953,10676
4.13263,10675
4.13572,10674
4.15962,10673
4.1628,10672
4.16589,10671
4.18164,10670
4.18475,10669
4.18784,10668
4.22747,10667
4.25883,10666
4.26363,10665
4.26672,10664
4.27008,10663
4.29499,10662
4.29813,10661
4.30121,10660
4.32726,10659
4.33035,10658
4.34984,10657
4.36307,10656
4.3662,10655
4.36929,10654
4.38603,10653
4.3892,10652
4.39232,10651
4.3954,10650
4.41819,10649
4.42128,10648
4.42435,10647
4.44967,10646
4.45282,10645
4.45593,10644
4.46215,10643
4.46668,10642
4.47261,10641
4.49738,10640
4.5018,10639
4.50493,10638
4.52869,10637
4.53199,10636
4.53512,10635
4.55893,10634
4.56205,10633
4.56517,10632
4.5689,10631
4.60361,10630
4.60669,10629
4.60974,10628
4.64691,10627
4.65008,10626
4.65317,10625
4.66706,10624
4.67058,10623
4.67371,10622
4.6987,10621
4.70184,10620
4.70501,10619
4.73102,10618
4.73411,10617
4.73801,10616
4.74111,10615
4.8093,10614
4.81238,10613
4.81547,10612
4.8368,10611
4.83991,10610
4.84298,10609
4.87708,10608
4.88081,10607
4.88422,10606
4.91443,10605
4.91756,10604
4.92065,10603
4.95135,10602
4.95452,10601
4.95765,10600
4.96074,10599
4.99002,10598
4.99312,10597
4.9962,10596
5.05705,10595
5.06017,10594
5.06326,10593
5.09442,10592
5.09753,10591
5.10059,10590
5.1314,10589
5.13451,10588
5.13759,10587
5.14066,10586
5.16425,10585
5.16733,10584
5.17043,10583
5.20245,10582
5.20564,10581
5.20874,10580
5.22596,10579
5.22904,10578
5.23215,10577
5.29431,10576
5.29747,10575
5.30056,10574
5.32472,10573
5.32786,10572
5.33093,10571
5.33416,10570
5.35744,10569
5.36102,10568
5.36411,10567
5.39661,10566
5.39972,10565
5.4028,10564
5.42775,10563
5.43091,10562
5.43399,10561
5.45973,10560
5.46285,10559
5.466,10558
5.46916,10557
5.51991,10556
5.52305,10555
5.52614,10554
5.54995,10553
5.55303,10552
5.55617,10551
5.58264,10550
5.58573,10549
5.58958,10548
5.60672,10547
5.60995,10546
5.61311,10545
5.64755,10544
5.65203,10543
5.65538,10542
5.65847,10541
5.68403,10540
5.6871,10539
5.69015,10538
5.71972,10537
5.74198,10536
5.7451,10535
5.76018,10534
5.76342,10533
5.76657,10532
5.79512,10531
5.79889,10530
5.80195,10529
5.82576,10528
5.82885,10527
5.83192,10526
5.83498,10525
5.84872,10524
5.85179,10523
5.85483,10522
5.91873,10521
5.92219,10520
5.92533,10519
5.94411,10518
5.94725,10517
5.95033,10516
5.98233,10515
5.98547,10514
5.98859,10513
5.99165,10512
6.01485,10511
6.01798,10510
6.02106,10509
6.04954,10508
6.05752,10507
6.06187,10506
6.06535,10505
6.06846,10504
6.07155,10503
6.11694,10502
6.12029,10501
6.12432,10500
6.12825,10499
6.13135,10498
6.13452,10497
6.15782,10496
6.16099,10495
6.16421,10494
6.16734,10493
6.19101,10492
6.1941,10491
6.19769,10490
6.24689,10489
6.24999,10488
6.25308,10487
6.28935,10486
6.29659,10485
6.30018,10484
6.30519,10483
6.30876,10482
6.31185,10481
6.33464,10480
6.33818,10479
6.34127,10478
6.37736,10477
6.38066,10476
6.38461,10475
6.38771,10474
6.41221,10473
6.41528,10472
6.4184,10471
6.44169,10470
6.44477,10469
6.44793,10468
6.47279,10467
6.47603,10466
6.47913,10465
6.50226,10464
6.50566,10463
6.50876,10462
6.53196,10461
6.53505,10460
6.53811,10459
6.54119,10458
6.56714,10457
6.57022,10456
6.57332,10455
6.59916,10454
6.60859,10453
6.61251,10452
6.65729,10451
6.66504,10450
6.66814,10449
6.6842,10448
6.68728,10447
6.69035,10446
6.69346,10445
6.73531,10444
6.7384,10443
6.74148,10442
6.74827,10441
6.75138,10440
6.75446,10439
6.7786,10438
6.78172,10437
6.78482,10436
6.81359,10435
6.81667,10434
6.81974,10433
6.84434,10432
6.84748,10431
6.86086,10430
6.86398,10429
6.88004,10428
6.88314,10427
6.88626,10426
6.91205,10425
6.91521,10424
6.91856,10423
6.95251,10422
6.95573,10421
6.95882,10420
6.97729,10419
6.98039,10418
6.98347,10417
7.01676,10416
7.01986,10415
7.04307,10414
7.04614,10413
7.04922,10412
7.07521,10411
7.07835,10410
7.08143,10409
7.11603,10408
7.11919,10407
7.12228,10406
7.15846,10405
7.16156,10404
7.16483,10403
7.16968,10402
7.19472,10401
7.1978,10400
7.20087,10399
7.22411,10398
7.22719,10397
7.23738,10396
7.2527,10395
7.25588,10394
7.25909,10393
7.26222,10392
7.26532,10391
7.26843,10390
7.27149,10389
7.30946,10388
7.31259,10387
7.3157,10386
7.33937,10385
7.34251,10384
7.34562,10383
7.39743,10382
7.40072,10381
7.40385,10380
7.42751,10379
7.43059,10378
7.43381,10377
7.43689,10376
7.46456,10375
7.46764,10374
7.47075,10373
7.50989,10372
7.51307,10371
7.5162,10370
7.53589,10369
7.53897,10368
7.54204,10367
7.57222,10366
7.60671,10365
7.60989,10364
7.6131,10363
7.61658,10362
7.6199,10361
7.62377,10360
7.62896,10359
7.66235,10358
7.66543,10357
7.66865,10356
7.69374,10355
7.69685,10354
7.69998,10353
7.72356,10352
7.72665,10351
7.72972,10350
7.77236,10349
7.77556,10348
7.77864,10347
7.78171,10346
7.80608,10345
7.80923,10344
7.81232,10343
7.83558,10342
7.83988,10341
7.84307,10340
7.86875,10339
7.87185,10338
7.87494,10337
7.89865,10336
7.90173,10335
7.90479,10334
7.90786,10333
7.93543,10332
7.93864,10331
7.94169,10330
7.96402,10329
7.9671,10328
7.97072,10327
7.99225,10326
7.99534,10325
7.99841,10324
8.02465,10323
8.0278,10322
8.03345,10321
8.06811,10320
8.07121,10319
8.07426,10318
8.07729,10317
8.11863,10316
8.12169,10315
8.12478,10314
8.15807,10313
8.16115,10312
8.16425,10311
8.19954,10310
8.20265,10309
8.20576,10308
8.2292,10307
8.23229,10306
8.23535,10305
8.26199,10304
8.27355,10303
8.27662,10302
8.27967,10301
8.30788,10300
8.31095,10299
8.31438,10298
8.33943,10297
8.34261,10296
8.34615,10295
8.36712,10294
8.37021,10293
8.37381,10292
8.37705,10291
8.41211,10290
8.41516,10289
8.41821,10288
8.44394,10287
8.44702,10286
8.45015,10285
8.47741,10284
8.48049,10283
8.48353,10282
8.50514,10281
8.50821,10280
8.51129,10279
8.51434,10278
8.55005,10277
8.5531,10276
8.55627,10275
8.5813,10274
8.58438,10273
8.58745,10272
8.61405,10271
8.62767,10270
8.63079,10269
8.66085,10268
8.66393,10267
8.667,10266
8.67015,10265
8.6967,10264
8.69981,10263
8.7029,10262
8.72893,10261
8.73211,10260
8.73515,10259
8.75054,10258
8.75431,10257
8.75737,10256
8.79015,10255
8.79323,10254
8.79629,10253
8.79939,10252
8.83305,10251
8.83612,10250
8.83918,10249
8.86997,10248
8.87305,10247
8.8997,10246
8.9275,10245
8.9306,10244
8.93366,10243
8.93675,10242
8.93979,10241
8.94282,10240
8.94584,10239
9.01903,10238
9.02209,10237
9.02513,10236
9.05029,10235
9.05335,10234
9.0564,10233
9.0826,10232
9.08575,10231
9.08881,10230
9.12225,10229
9.12546,10228
9.12851,10227
9.13154,10226
9.17795,10225
9.18101,10224
9.18407,10223
9.21446,10222
9.21756,10221
9.22065,10220
9.28207,10219
9.28515,10218
9.28823,10217
9.31181,10216
9.31493,10215
9.31799,10214
9.32105,10213
9.3394,10212
9.34267,10211
9.34572,10210
9.38804,10209
9.39117,10208
9.3943,10207
9.40774,10206
9.4108,10205
9.41386,10204
9.44552,10203
9.4486,10202
9.45165,10201
9.45469,10200
9.4778,10199
9.48087,10198
9.48391,10197
9.53985,10196
9.54298,10195
9.54605,10194
9.56752,10193
9.57063,10192
9.5737,10191
9.59686,10190
9.59997,10189
9.60305,10188
9.60611,10187
9.63163,10186
9.63469,10185
9.63775,10184
9.67369,10183
9.67676,10182
9.67986,10181
9.69849,10180
9.70159,10179
9.70468,10178
9.728,10177
9.73107,10176
9.73412,10175
9.73717,10174
9.78899,10173
9.79204,10172
9.79509,10171
9.81921,10170
9.8223,10169
9.82537,10168
9.84858,10167
9.85178,10166
9.85484,10165
9.87832,10164
9.88148,10163
9.88457,10162
9.91452,10161
9.91761,10160
9.92065,10159
9.92373,10158
9.94921,10157
9.95227,10156
9.95532,10155
9.983,10154
9.98618,10153
9.98925,10152
10.0377,10151
10.0408,10150
10.0439,10149
10.065,10148
10.0681,10147
10.073,10146
10.0761,10145
10.0894,10144
10.0924,10143
10.0955,10142
10.1144,10141
10.1175,10140
10.1213,10139
10.1323,10138
10.1354,10137
10.1385,10136
10.1783,10135
10.1818,10134
10.1849,10133
10.188,10132
10.2071,10131
10.2102,10130
10.2132,10129
10.2342,10128
10.2374,10127
10.2405,10126
10.2669,10125
10.2701,10124
10.2732,10123
10.2819,10122
10.285,10121
10.2881,10120
10.2912,10119
10.3267,10118
10.3298,10117
10.3328,10116
10.3599,10115
10.3632,10114
10.3662,10113
10.3845,10112
10.3876,10111
10.3907,10110
10.4082,10109
10.4114,10108
10.4145,10107
10.4176,10106
10.4382,10105
10.4413,10104
10.4443,10103
10.4664,10102
10.4694,10101
10.4725,10100
10.4975,10099
10.5035,10098
10.5495,10097
10.5775,10096
10.5806,10095
10.5837,10094
10.6069,10093
10.6103,10092
10.6133,10091
10.6166,10090
10.6588,10089
10.6619,10088
10.6649,10087
10.7032,10086
10.7066,10085
10.7098,10084
10.7413,10083
10.7444,10082
10.7474,10081
10.7506,10080
10.7536,10079
10.79,10078
10.7931,10077
10.8343,10076
10.8384,10075
10.8423,10074
10.8828,10073
10.886,10072
10.889,10071
10.9456,10070
10.9507,10069
10.9538,10068
10.9883,10067
10.9915,10066
10.9946,10065
11.0392,10064
11.0424,10063
11.0778,10062
11.081,10061
11.084,10060
11.1117,10059
11.1162,10058
11.1197,10057
11.1488,10056
11.1519,10055
11.155,10054
11.1695,10053
11.173,10052
11.176,10051
11.1951,10050
11.1981,10049
11.2012,10048
11.2043,10047
11.2231,10046
11.2262,10045
11.2292,10044
11.2488,10043
11.2519,10042
11.2549,10041
11.2644,10040
11.2675,10039
11.2707,10038
11.3052,10037
11.3083,10036
11.3114,10035
11.3145,10034
11.3358,10033
11.3389,10032
11.3419,10031
11.345,10030
11.3481,10029
11.3511,10028
11.3849,10027
11.3879,10026
11.3911,10025
11.4319,10024
11.4354,10023
11.4386,10022
11.4416,10021
11.4592,10020
11.4825,10019
11.4856,10018
11.4891,10017
11.5349,10016
11.538,10015
11.5433,10014
11.5613,10013
11.5643,10012
11.5675,10011
11.5705,10010
11.6018,10009
11.6048,10008
11.6081,10007
11.6405,10006
11.6436,10005
11.6468,10004
11.6911,10003
11.7035,10002
11.7114,10001
11.7257,10000
11.7399,9999
11.7456,9998
11.75,9997
11.7533,9996
11.757,9995
11.7754,9994
11.7797,9993
11.7854,9992
11.811,9991
11.814,9990
11.8171,9989
11.8202,9988
11.8345,9987
11.8378,9986
11.8409,9985
11.8718,9984
11.8749,9983
11.8779,9982
11.9128,9981
11.9159,9980
11.9191,9979
11.9328,9978
11.9359,9977
11.9391,9976
11.9422,9975
11.9697,9974
11.9728,9973
11.9758,9972
12.0135,9971
12.0314,9970
12.0348,9969
12.0379,9968
12.0608,9967
12.0639,9966
12.0669,9965
12.0703,9964
12.096,9963
12.0995,9962
12.1026,9961
12.1331,9960
12.1361,9959
12.1392,9958
12.153,9957
12.1561,9956
12.1596,9955
12.1825,9954
12.1856,9953
12.1887,9952
12.1917,9951
12.2149,9950
12.2179,9949
12.221,9948
12.2433,9947
12.2464,9946
12.2494,9945
12.2676,9944
12.2707,9943
12.2737,9942
12.2993,9941
12.3025,9940
12.3055,9939
12.3086,9938
12.3258,9937
12.4612,9936
12.4643,9935
12.4674,9934
12.4713,9933
12.485,9932
12.4881,9931
12.5023,9930
12.5055,9929
12.5085,9928
12.5269,9927
12.5446,9926
12.5482,9925
12.5514,9924
12.5545,9923
12.5776,9922
12.5806,9921
12.5837,9920
12.6074,9919
12.6109,9918
12.614,9917
12.6364,9916
12.6396,9915
12.6431,9914
12.6767,9913
12.6798,9912
12.6829,9911
12.6859,9910
12.7151,9909
12.7181,9908
12.7212,9907
12.7479,9906
12.751,9905
12.7541,9904
12.7777,9903
12.7809,9902
12.7844,9901
12.8132,9900
12.8163,9899
12.8199,9898
12.8233,9897
12.8469,9896
12.85,9895
12.8531,9894
12.8766,9893
12.8801,9892
12.8832,9891
12.9163,9890
12.9194,9889
12.9225,9888
12.9491,9887
12.9522,9886
12.9559,9885
12.9598,9884
12.985,9883
12.9881,9882
12.9911,9881
13.0445,9880
13.0476,9879
13.0506,9878
13.08,9877
13.0832,9876
13.0864,9875
13.1123,9874
13.1153,9873
13.1184,9872
13.1214,9871
13.1517,9870
13.1548,9869
13.1578,9868
13.1981,9867
13.2012,9866
13.2043,9865
13.2274,9864
13.2304,9863
13.2338,9862
13.252,9861
13.2551,9860
13.2583,9859
13.2613,9858
13.2759,9857
13.3133,9856
13.3172,9855
13.3213,9854
13.3447,9853
13.3481,9852
13.3511,9851
13.4126,9850
13.4193,9849
13.4224,9848
13.4255,9847
13.45,9846
13.4531,9845
13.4561,9844
13.4809,9843
13.484,9842
13.487,9841
13.5122,9840
13.5152,9839
13.5183,9838
13.5333,9837
13.5365,9836
13.5397,9835
13.5434,9834
13.5784,9833
13.5815,9832
13.6117,9831
13.6148,9830
13.6402,9829
13.6433,9828
13.6463,9827
13.6677,9826
13.6708,9825
13.6739,9824
13.6769,9823
13.7025,9822
13.7055,9821
13.7086,9820
13.7406,9819
13.7436,9818
13.7467,9817
13.7936,9816
13.7967,9815
13.7998,9814
13.8394,9813
13.8425,9812
13.8455,9811
13.8486,9810
13.8719,9809
13.875,9808
13.8781,9807
13.9213,9806
13.9244,9805
13.9275,9804
13.951,9803
13.954,9802
13.9573,9801
13.9625,9800
13.9656,9799
13.9687,9798
14.0041,9797
14.0072,9796
14.0103,9795
14.0365,9794
14.0397,9793
14.0427,9792
14.0701,9791
14.0732,9790
14.0763,9789
14.0801,9788
14.1046,9787
14.1076,9786
14.1107,9785
14.1305,9784
14.1337,9783
14.1374,9782
14.1508,9781
14.1539,9780
14.1571,9779
14.1801,9778
14.1832,9777
14.1862,9776
14.2176,9775
14.2207,9774
14.2238,9773
14.2268,9772
14.2399,9771
14.243,9770
14.246,9769
14.2645,9768
14.2676,9767
14.2706,9766
14.2852,9765
14.2884,9764
14.2915,9763
14.2947,9762
14.3118,9761
14.3148,9760
14.3179,9759
14.3415,9758
14.3446,9757
14.3477,9756
14.3674,9755
14.3705,9754
14.3736,9753
14.3946,9752
14.3976,9751
14.4007,9750
14.4043,9749
14.4255,9748
14.4285,9747
14.4316,9746
14.451,9745
14.4546,9744
14.4576,9743
14.4802,9742
14.4832,9741
14.4863,9740
14.5182,9739
14.5213,9738
14.5244,9737
14.5377,9736
14.5481,9735
14.5511,9734
14.5542,9733
14.5778,9732
14.5808,9731
14.5839,9730
14.6071,9729
14.6102,9728
14.6132,9727
14.6163,9726
14.6396,9725
14.6427,9724
14.6457,9723
14.6643,9722
14.6674,9721
14.6705,9720
14.6861,9719
14.6892,9718
14.6922,9717
14.7122,9716
14.7153,9715
14.7183,9714
14.7214,9713
14.738,9712
14.7411,9711
14.7441,9710
14.7644,9709
14.7675,9708
14.7705,9707
14.7904,9706
14.7935,9705
14.7965,9704
14.814,9703
14.8171,9702
14.8201,9701
14.8231,9700
14.8418,9699
14.8449,9698
14.8479,9697
14.8679,9696
14.871,9695
14.874,9694
14.894,9693
14.897,9692
14.9,9691
14.903,9690
14.9157,9689
14.9188,9688
14.9218,9687
14.9482,9686
14.9512,9685
14.9542,9684
14.9775,9683
14.9806,9682
14.9837,9681
15.0067,9680
15.0098,9679
15.0129,9678
15.016,9677
15.0334,9676
15.0365,9675
15.0396,9674
15.0655,9673
15.0697,9672
15.0727,9671
15.0918,9670
15.0949,9669
15.0979,9668
15.1009,9667
15.1213,9666
15.1244,9665
15.1274,9664
15.1475,9663
15.1505,9662
15.1541,9661
15.1625,9660
15.1656,9659
15.1686,9658
15.1887,9657
15.1917,9656
15.1947,9655
15.1978,9654
15.2226,9653
15.2257,9652
15.2288,9651
15.2473,9650
15.2503,9649
15.2533,9648
15.2899,9647
15.293,9646
15.296,9645
15.299,9644
15.314,9643
15.3171,9642
15.3201,9641
15.3402,9640
15.3433,9639
15.3464,9638
15.3631,9637
15.3662,9636
15.3692,9635
15.3909,9634
15.3939,9633
15.397,9632
15.4002,9631
15.412,9630
15.4151,9629
15.4181,9628
15.4378,9627
15.4408,9626
15.4438,9625
15.4653,9624
15.4684,9623
15.4714,9622
15.4755,9621
15.4908,9620
15.4938,9619
15.4969,9618
15.5106,9617
15.5136,9616
15.5166,9615
15.5347,9614
15.5378,9613
15.5408,9612
15.5633,9611
15.5663,9610
15.5693,9609
15.5723,9608
15.5865,9607
15.5896,9606
15.5926,9605
15.6146,9604
15.6176,9603
15.6206,9602
15.6424,9601
15.6454,9600
15.6485,9599
15.6515,9598
15.672,9597
15.6751,9596
15.6781,9595
15.6941,9594
15.6972,9593
15.7002,9592
15.7233,9591
15.7264,9590
15.7294,9589
15.7497,9588
15.7527,9587
15.7558,9586
15.7588,9585
15.7736,9584
15.7766,9583
15.7797,9582
15.7928,9581
15.7958,9580
15.7989,9579
15.8125,9578
15.816,9577
15.8192,9576
15.8223,9575
15.8426,9574
15.8456,9573
15.8493,9572
15.8646,9571
15.8676,9570
15.8707,9569
15.884,9568
15.8871,9567
15.8904,9566
15.9267,9565
15.9303,9564
15.9344,9563
15.9374,9562
15.9601,9561
15.9635,9560
15.9666,9559
15.984,9558
15.9871,9557
15.9901,9556
16.0106,9555
16.0149,9554
16.018,9553
16.021,9552
16.0413,9551
16.0443,9550
16.0474,9549
16.0504,9548
16.0534,9547
16.0564,9546
16.0954,9545
16.0985,9544
16.1015,9543
16.1161,9542
16.12,9541
16.123,9540
16.1261,9539
16.1414,9538
16.1445,9537
16.1475,9536
16.1645,9535
16.1675,9534
16.1706,9533
16.1861,9532
16.1896,9531
16.1926,9530
16.1956,9529
16.2173,9528
16.2203,9527
16.2234,9526
16.2473,9525
16.2507,9524
16.2537,9523
16.2668,9522
16.2699,9521
16.2729,9520
16.3249,9519
16.3279,9518
16.331,9517
16.35,9516
16.3531,9515
16.3561,9514
16.3592,9513
16.375,9512
16.3781,9511
16.3811,9510
16.3842,9509
16.401,9508
16.4041,9507
16.4071,9506
16.4248,9505
16.4278,9504
16.4309,9503
16.4435,9502
16.4466,9501
16.4577,9500
16.4608,9499
16.4783,9498
16.4814,9497
16.4844,9496
16.5055,9495
16.5085,9494
16.5115,9493
16.5267,9492
16.53,9491
16.533,9490
16.5575,9489
16.5606,9488
16.5636,9487
16.5666,9486
16.5845,9485
16.5876,9484
16.5906,9483
16.6055,9482
16.6085,9481
16.6115,9480
16.6329,9479
16.636,9478
16.639,9477
16.6634,9476
16.6665,9475
16.6696,9474
16.6726,9473
16.6953,9472
16.6983,9471
16.7013,9470
16.7163,9469
16.7193,9468
16.7223,9467
16.7435,9466
16.7466,9465
16.7496,9464
16.7526,9463
16.7726,9462
16.7951,9461
16.7982,9460
16.8012,9459
16.8043,9458
16.8073,9457
16.8103,9456
16.8133,9455
16.8386,9454
16.8416,9453
16.8447,9452
16.8716,9451
16.8869,9450
16.89,9449
16.893,9448
16.896,9447
16.9205,9446
16.9235,9445
16.9265,9444
16.9339,9443
16.9369,9442
16.9399,9441
16.971,9440
16.974,9439
16.977,9438
16.9982,9437
17.0013,9436
17.0043,9435
17.0073,9434
17.0227,9433
17.0257,9432
17.0287,9431
17.0497,9430
17.0528,9429
17.0558,9428
17.0742,9427
17.0772,9426
17.0802,9425
17.0832,9424
17.0992,9423
17.1022,9422
17.1052,9421
17.1291,9420
17.1321,9419
17.1355,9418
17.1603,9417
17.1633,9416
17.1921,9415
17.1952,9414
17.1982,9413
17.2213,9412
17.2243,9411
17.2273,9410
17.2344,9409
17.2374,9408
17.2404,9407
17.3029,9406
17.3061,9405
17.3311,9404
17.3341,9403
17.3393,9402
17.3427,9401
17.3458,9400
17.3739,9399
17.3769,9398
17.38,9397
17.4019,9396
17.4049,9395
17.4079,9394
17.411,9393
17.4324,9392
17.4354,9391
17.4649,9390
17.4679,9389
17.4935,9388
17.4966,9387
17.501,9386
17.5241,9385
17.5272,9384
17.5303,9383
17.5333,9382
17.5523,9381
17.5554,9380
17.562,9379
17.5706,9378
17.5839,9377
17.5911,9376
17.6322,9375
17.6352,9374
17.6383,9373
17.6533,9372
17.6563,9371
17.6593,9370
17.6623,9369
17.6841,9368
17.6871,9367
17.6901,9366
17.7151,9365
17.7181,9364
17.7211,9363
17.7457,9362
17.7488,9361
17.7518,9360
17.7548,9359
17.7809,9358
17.7839,9357
17.7909,9356
17.824,9355
17.8272,9354
17.8319,9353
17.8638,9352
17.8669,9351
17.8705,9350
17.9021,9349
17.9092,9348
17.9126,9347
17.9156,9346
17.9798,9345
17.983,9344
17.9865,9343
18.0108,9342
18.0139,9341
18.0169,9340
18.0381,9339
18.0411,9338
18.0442,9337
18.0671,9336
18.0701,9335
18.0731,9334
18.0762,9333
18.1071,9332
18.1187,9331
18.122,9330
18.1545,9329
18.1577,9328
18.1607,9327
18.1737,9326
18.1767,9325
18.1797,9324
18.1928,9323
18.1959,9322
18.1989,9321
18.2033,9320
18.2308,9319
18.2339,9318
18.2369,9317
18.2566,9316
18.2598,9315
18.2628,9314
18.2802,9313
18.2833,9312
18.2863,9311
18.2893,9310
18.314,9309
18.3171,9308
18.3313,9307
18.3445,9306
18.3475,9305
18.3512,9304
18.3947,9303
18.4015,9302
18.4155,9301
18.4686,9300
18.4732,9299
18.4763,9298
18.4984,9297
18.5014,9296
18.5044,9295
18.5224,9294
18.5254,9293
18.5284,9292
18.5493,9291
18.5524,9290
18.5817,9289
18.5847,9288
18.5876,9287
18.6055,9286
18.6085,9285
18.6115,9284
18.6404,9283
18.645,9282
18.6646,9281
18.6687,9280
18.672,9279
18.675,9278
18.678,9277
18.7076,9276
18.7106,9275
18.7137,9274
18.7327,9273
18.7358,9272
18.7388,9271
18.7561,9270
18.7593,9269
18.7623,9268
18.7654,9267
18.784,9266
18.787,9265
18.7903,9264
18.8095,9263
18.8126,9262
18.8156,9261
18.8318,9260
18.835,9259
18.838,9258
18.8411,9257
18.8584,9256
18.8615,9255
18.8676,9254
18.9072,9253
18.9103,9252
18.9133,9251
18.9371,9250
18.9402,9249
18.9432,9248
18.948,9247
18.951,9246
18.954,9245
18.957,9244
18.9868,9243
18.9899,9242
18.9929,9241
19.0081,9240
19.0111,9239
19.0141,9238
19.0351,9237
19.0385,9236
19.0416,9235
19.0446,9234
19.06,9233
19.063,9232
19.066,9231
19.0731,9230
19.0761,9229
19.0791,9228
19.1165,9227
19.1205,9226
19.1235,9225
19.1267,9224
19.1452,9223
19.1484,9222
19.1514,9221
19.179,9220
19.182,9219
19.185,9218
19.2017,9217
19.2048,9216
19.2078,9215
19.2332,9214
19.2373,9213
19.2412,9212
19.245,9211
19.257,9210
19.2601,9209
19.2632,9208
19.3082,9207
19.3112,9206
19.3142,9205
19.3224,9204
19.3255,9203
19.3285,9202
19.3612,9201
19.3643,9200
19.3852,9199
19.3885,9198
19.3915,9197
19.4056,9196
19.4086,9195
19.4116,9194
19.4146,9193
19.4354,9192
19.4384,9191
19.4414,9190
19.4488,9189
19.4518,9188
19.4549,9187
19.4812,9186
19.4843,9185
19.4873,9184
19.5059,9183
19.5181,9182
19.5329,9181
19.5362,9180
19.5392,9179
19.5929,9178
19.596,9177
19.599,9176
19.6137,9175
19.6167,9174
19.6197,9173
19.6359,9172
19.639,9171
19.642,9170
19.6679,9169
19.6709,9168
19.6872,9167
19.6902,9166
19.6936,9165
19.7097,9164
19.7127,9163
19.7157,9162
19.7187,9161
19.7437,9160
19.7594,9159
19.7627,9158
19.7854,9157
19.7884,9156
19.7924,9155
19.8141,9154
19.8171,9153
19.8201,9152
19.8231,9151
19.8332,9150
19.8362,9149
19.8392,9148
19.8621,9147
19.8651,9146
19.8681,9145
19.888,9144
19.8911,9143
19.8941,9142
19.8972,9141
19.9148,9140
19.9178,9139
19.9208,9138
19.9406,9137
19.9437,9136
19.9659,9135
19.9689,9134
20.0105,9133
20.0135,9132
20.0166,9131
20.0197,9130
20.0388,9129
20.0419,9128
20.0449,9127
20.0595,9126
20.0625,9125
20.0655,9124
20.0878,9123
20.0908,9122
20.0938,9121
20.0968,9120
20.1104,9119
20.1134,9118
20.1164,9117
20.138,9116
20.1411,9115
20.144,9114
20.1593,9113
20.1627,9112
20.1657,9111
20.1687,9110
20.1898,9109
20.1928,9108
20.1958,9107
20.2231,9106
20.2261,9105
20.2291,9104
20.2422,9103
20.2452,9102
20.2715,9101
20.2746,9100
20.2776,9099
20.2947,9098
20.2978,9097
20.3008,9096
20.3139,9095
20.317,9094
20.3199,9093
20.3229,9092
20.3457,9091
20.3487,9090
20.3519,9089
20.3741,9088
20.3817,9087
20.3848,9086
20.388,9085
20.391,9084
20.394,9083
20.397,9082
20.4202,9081
20.4232,9080
20.4262,9079
20.446,9078
20.449,9077
20.452,9076
20.4799,9075
20.4829,9074
20.4859,9073
20.4889,9072
20.5075,9071
20.5105,9070
20.5135,9069
20.5312,9068
20.5342,9067
20.5372,9066
20.5556,9065
20.5586,9064
20.5622,9063
20.5687,9062
20.5723,9061
20.5767,9060
20.5803,9059
20.5849,9058
20.5883,9057
20.5913,9056
20.6159,9055
20.619,9054
20.622,9053
20.6597,9052
20.6778,9051
20.6808,9050
20.6838,9049
20.6868,9048
20.7048,9047
20.7077,9046
20.7371,9045
20.7403,9044
20.7582,9043
20.7613,9042
20.7642,9041
20.7672,9040
20.786,9039
20.7891,9038
20.7922,9037
20.8259,9036
20.8291,9035
20.8322,9034
20.8444,9033
20.8474,9032
20.8504,9031
20.8534,9030
20.867,9029
20.8701,9028
20.8732,9027
20.8957,9026
20.9345,9025
20.9376,9024
20.9406,9023
20.9435,9022
20.9593,9021
20.9623,9020
20.9659,9019
20.9787,9018
20.9816,9017
20.9846,9016
21.0087,9015
21.0117,9014
21.0147,9013
21.0286,9012
21.0317,9011
21.035,9010
21.0382,9009
21.0654,9008
21.0686,9007
21.0717,9006
21.0914,9005
21.0944,9004
21.0974,9003
21.1004,9002
21.1226,9001
21.1256,9000
21.1301,8999
21.1463,8998
21.1493,8997
21.1523,8996
21.1762,8995
21.1792,8994
21.1822,8993
21.1991,8992
21.2051,8991
21.2082,8990
21.2112,8989
21.2417,8988
21.3096,8987
21.3232,8986
21.3262,8985
21.3291,8984
21.3321,8983
21.3762,8982
21.3792,8981
21.3821,8980
21.4047,8979
21.4077,8978
21.4107,8977
21.4331,8976
21.4361,8975
21.4393,8974
21.4423,8973
21.4579,8972
21.4609,8971
21.4639,8970
21.4814,8969
21.4844,8968
21.4874,8967
21.5107,8966
21.5137,8965
21.5167,8964
21.5196,8963
21.546,8962
21.549,8961
21.552,8960
21.5687,8959
21.5717,8958
21.5747,8957
21.5898,8956
21.5932,8955
21.5971,8954
21.634,8953
21.637,8952
21.64,8951
21.643,8950
21.6661,8949
21.6691,8948
21.672,8947
21.8312,8946
21.8343,8945
21.8373,8944
21.8711,8943
21.8741,8942
21.8772,8941
21.8801,8940
21.9301,8939
21.9349,8938
21.9379,8937
21.9551,8936
21.9581,8935
21.9611,8934
21.9912,8933
21.9971,8932
22.0007,8931
22.0037,8930
22.0315,8929
22.0345,8928
22.0432,8927
22.0915,8926
22.0945,8925
22.0976,8924
22.117,8923
22.12,8922
22.1231,8921
22.1459,8920
22.1561,8919
22.1734,8918
22.177,8917
22.1807,8916
22.2171,8915
22.2248,8914
22.2308,8913
22.2664,8912
22.2708,8911
22.2742,8910
22.2817,8909
22.2847,8908
22.2877,8907
22.2907,8906
22.3267,8905
22.3297,8904
22.3327,8903
22.3596,8902
22.3627,8901
22.3657,8900
22.398,8899
22.401,8898
22.404,8897
22.407,8896
22.4235,8895
22.4265,8894
22.4294,8893
22.45,8892
22.453,8891
22.456,8890
22.4782,8889
22.4813,8888
22.4843,8887
22.4872,8886
22.5026,8885
22.5057,8884
22.5087,8883
22.5117,8882
22.5206,8881
22.5565,8880
22.5595,8879
22.5625,8878
22.5761,8877
22.5791,8876
22.5821,8875
22.6019,8874
22.6049,8873
22.6079,8872
22.6109,8871
22.6277,8870
22.6307,8869
22.6337,8868
22.654,8867
22.657,8866
22.66,8865
22.6761,8864
22.6791,8863
22.6821,8862
22.6851,8861
22.711,8860
22.714,8859
22.7169,8858
22.7337,8857
22.7367,8856
22.7397,8855
22.7592,8854
22.7623,8853
22.7653,8852
22.7682,8851
22.7849,8850
22.7879,8849
22.7909,8848
22.8105,8847
22.8135,8846
22.8164,8845
22.8331,8844
22.8361,8843
22.8391,8842
22.8421,8841
22.8627,8840
22.8657,8839
22.8695,8838
22.8912,8837
22.8942,8836
22.8972,8835
22.9166,8834
22.9196,8833
22.9226,8832
22.9256,8831
22.9448,8830
22.9478,8829
22.9508,8828
22.9679,8827
22.9709,8826
22.9739,8825
22.9917,8824
22.9948,8823
22.9979,8822
23.0011,8821
23.0304,8820
23.0334,8819
23.0366,8818
23.0552,8817
23.0582,8816
23.0611,8815
23.0801,8814
23.0831,8813
23.086,8812
23.089,8811
23.1061,8810
23.1091,8809
23.1121,8808
23.1189,8807
23.122,8806
23.125,8805
23.1471,8804
23.1501,8803
23.1531,8802
23.1992,8801
23.2022,8800
23.2052,8799
23.2318,8798
23.2348,8797
23.2378,8796
23.2409,8795
23.2639,8794
23.2669,8793
23.2698,8792
23.2895,8791
23.2925,8790
23.2955,8789
23.3113,8788
23.3143,8787
23.3173,8786
23.3203,8785
23.3409,8784
23.344,8783
23.347,8782
23.3643,8781
23.3673,8780
23.3703,8779
23.3784,8778
23.3814,8777
23.3844,8776
23.3874,8775
23.4021,8774
23.4051,8773
23.4081,8772
23.431,8771
23.434,8770
23.437,8769
23.4523,8768
23.4553,8767
23.4583,8766
23.4613,8765
23.4842,8764
23.4872,8763
23.4902,8762
23.5158,8761
23.5188,8760
23.5414,8759
23.5445,8758
23.5737,8757
23.5767,8756
23.592,8755
23.595,8754
23.598,8753
23.6159,8752
23.6189,8751
23.6221,8750
23.6252,8749
23.6375,8748
23.6404,8747
23.6434,8746
23.663,8745
23.6661,8744
23.6691,8743
23.6921,8742
23.6951,8741
23.6981,8740
23.701,8739
23.7155,8738
23.7185,8737
23.7215,8736
23.7376,8735
23.7406,8734
23.7437,8733
23.7667,8732
23.7697,8731
23.7727,8730
23.7757,8729
23.7955,8728
23.7985,8727
23.8014,8726
23.8241,8725
23.827,8724
23.83,8723
23.833,8722
23.8462,8721
23.8492,8720
23.8522,8719
23.8697,8718
23.8729,8717
23.876,8716
23.8826,8715
23.8856,8714
23.8885,8713
23.8915,8712
23.9217,8711
23.9385,8710
23.9417,8709
23.9448,8708
23.9647,8707
23.9677,8706
23.9708,8705
23.9737,8704
23.9947,8703
23.9979,8702
24.0009,8701
24.0195,8700
24.0226,8699
24.0565,8698
24.0595,8697
24.0625,8696
24.0788,8695
24.0818,8694
24.0848,8693
24.1007,8692
24.1038,8691
24.1069,8690
24.127,8689
24.1305,8688
24.1335,8687
24.1364,8686
24.1523,8685
24.1555,8684
24.1585,8683
24.1787,8682
24.1817,8681
24.1846,8680
24.2034,8679
24.2064,8678
24.2094,8677
24.2124,8676
24.2343,8675
24.2373,8674
24.2403,8673
24.2577,8672
24.2607,8671
24.2637,8670
24.2828,8669
24.2858,8668
24.2888,8667
24.2917,8666
24.3094,8665
24.3124,8664
24.3154,8663
24.334,8662
24.3374,8661
24.3404,8660
24.3629,8659
24.366,8658
24.3689,8657
24.3719,8656
24.3894,8655
24.3924,8654
24.3953,8653
24.4213,8652
24.4243,8651
24.4273,8650
24.4309,8649
24.4339,8648
24.4641,8647
24.4674,8646
24.4711,8645
24.4944,8644
24.4979,8643
24.5008,8642
24.5233,8641
24.5263,8640
24.5295,8639
24.5336,8638
24.5496,8637
24.5525,8636
24.5555,8635
24.5686,8634
24.5717,8633
24.5747,8632
24.5935,8631
24.6027,8630
24.6209,8629
24.6245,8628
24.6274,8627
24.6491,8626
24.6584,8625
24.6782,8624
24.6812,8623
24.6842,8622
24.7078,8621
24.7271,8620
24.736,8619
24.7515,8618
24.7545,8617
24.7575,8616
24.772,8615
24.775,8614
24.778,8613
24.7875,8612
24.7906,8611
24.7936,8610
24.7965,8609
24.8302,8608
24.8477,8607
24.8507,8606
24.854,8605
24.8648,8604
24.8679,8603
24.8711,8602
24.8741,8601
24.9004,8600
24.9034,8599
24.9161,8598
24.9504,8597
24.9701,8596
24.9731,8595
24.9761,8594
24.979,8593
24.9964,8592
24.9994,8591
25.0024,8590
25.0239,8589
25.0269,8588
25.0302,8587
25.0495,8586
25.0526,8585
25.0557,8584
25.0588,8583
25.0623,8582
25.0653,8581
25.0682,8580
25.1046,8579
25.1076,8578
25.1106,8577
25.1237,8576
25.1267,8575
25.1296,8574
25.1326,8573
25.1509,8572
25.158,8571
25.1772,8570
25.1812,8569
25.1843,8568
25.1873,8567
25.2337,8566
25.2633,8565
25.2662,8564
25.2693,8563
25.2835,8562
25.2867,8561
25.2897,8560
25.3,8559
25.303,8558
25.3249,8557
25.3279,8556
25.3308,8555
25.348,8554
25.351,8553
25.354,8552
25.3711,8551
25.3741,8550
25.3771,8549
25.3801,8548
25.4004,8547
25.4034,8546
25.4064,8545
25.4284,8544
25.4313,8543
25.4343,8542
25.4504,8541
25.4535,8540
25.4564,8539
25.4889,8538
25.4919,8537
25.503,8536
25.506,8535
25.509,8534
25.539,8533
25.5422,8532
25.5452,8531
25.5482,8530
25.5716,8529
25.5745,8528
25.5775,8527
25.5868,8526
25.5898,8525
25.5927,8524
25.6121,8523
25.6215,8522
25.6437,8521
25.6681,8520
25.6712,8519
25.6742,8518
25.6973,8517
25.7007,8516
25.704,8515
25.7069,8514
25.7348,8513
25.7705,8512
25.8246,8511
25.8334,8510
25.856,8509
25.859,8508
25.862,8507
25.8851,8506
25.8881,8505
25.891,8504
25.9114,8503
25.9147,8502
25.9396,8501
25.9427,8500
25.9457,8499
25.9522,8498
25.9552,8497
25.9583,8496
25.962,8495
26.0072,8494
26.0109,8493
26.0139,8492
26.045,8491
26.0479,8490
26.051,8489
26.0735,8488
26.0765,8487
26.0794,8486
26.0824,8485
26.0997,8484
26.103,8483
26.106,8482
26.1364,8481
26.1394,8480
26.1424,8479
26.1541,8478
26.1571,8477
26.1601,8476
26.1639,8475
26.199,8474
26.2175,8473
26.2205,8472
26.2234,8471
26.2413,8470
26.2443,8469
26.2472,8468
26.2502,8467
26.2689,8466
26.2718,8465
26.2748,8464
26.298,8463
26.3172,8462
26.3202,8461
26.3231,8460
26.3261,8459
26.3432,8458
26.3462,8457
26.3491,8456
26.3535,8455
26.3565,8454
26.3595,8453
26.3625,8452
26.3856,8451
26.3885,8450
26.3915,8449
26.4179,8448
26.4208,8447
26.4238,8446
26.4428,8445
26.4458,8444
26.4488,8443
26.4517,8442
26.4751,8441
26.478,8440
26.481,8439
26.4971,8438
26.5,8437
26.5031,8436
26.5416,8435
26.5588,8434
26.5618,8433
26.5648,8432
26.5678,8431
26.5936,8430
26.6197,8429
26.6228,8428
26.6257,8427
26.6465,8426
26.6495,8425
26.6526,8424
26.6556,8423
26.6765,8422
26.6795,8421
26.6825,8420
26.6997,8419
26.7026,8418
26.7055,8417
26.7286,8416
26.7316,8415
26.7347,8414
26.7594,8413
26.7624,8412
26.7798,8411
26.7828,8410
26.7857,8409
26.7887,8408
26.7972,8407
26.8002,8406
26.8031,8405
26.8185,8404
26.8215,8403
26.8244,8402
26.8406,8401
26.8435,8400
26.8465,8399
26.8495,8398
26.8725,8397
26.8756,8396
26.8787,8395
26.9008,8394
26.9038,8393
26.9089,8392
26.9209,8391
26.9238,8390
26.9268,8389
26.9297,8388
26.9563,8387
26.9592,8386
26.9621,8385
26.9819,8384
26.9848,8383
26.9878,8382
26.9908,8381
27.0071,8380
27.0101,8379
27.013,8378
27.0328,8377
27.0358,8376
27.0387,8375
27.0447,8374
27.0478,8373
27.0507,8372
27.1014,8371
27.1044,8370
27.1073,8369
27.1244,8368
27.1274,8367
27.1303,8366
27.1333,8365
27.1523,8364
27.1552,8363
27.1582,8362
27.1812,8361
27.1842,8360
27.1872,8359
27.1901,8358
27.2134,8357
27.2321,8356
27.2351,8355
27.238,8354
27.2559,8353
27.2589,8352
27.2618,8351
27.2648,8350
27.2831,8349
27.2861,8348
27.289,8347
27.3021,8346
27.305,8345
27.308,8344
27.332,8343
27.3349,8342
27.3534,8341
27.3565,8340
27.3594,8339
27.3772,8338
27.3802,8337
27.3832,8336
27.3862,8335
27.4047,8334
27.4077,8333
27.4106,8332
27.4327,8331
27.4357,8330
27.4386,8329
27.4555,8328
27.4585,8327
27.4614,8326
27.4644,8325
27.4849,8324
27.4879,8323
27.4908,8322
27.5059,8321
27.509,8320
27.5119,8319
27.515,8318
27.5179,8317
27.5209,8316
27.5641,8315
27.5671,8314
27.5885,8313
27.5915,8312
27.6177,8311
27.6207,8310
27.6237,8309
27.6408,8308
27.6658,8307
27.6688,8306
27.6717,8305
27.6747,8304
27.6776,8303
27.6806,8302
27.6835,8301
27.7009,8300
27.7272,8299
27.7302,8298
27.7332,8297
27.7361,8296
27.7598,8295
27.7629,8294
27.7659,8293
27.7816,8292
27.7846,8291
27.7876,8290
27.7905,8289
27.811,8288
27.814,8287
27.817,8286
27.8336,8285
27.8637,8284
27.8667,8283
27.8696,8282
27.8725,8281
27.8952,8280
27.924,8279
27.927,8278
27.93,8277
27.9463,8276
27.9493,8275
27.9523,8274
27.9552,8273
27.9729,8272
27.976,8271
27.9789,8270
28.0023,8269
28.0052,8268
28.0082,8267
28.0111,8266
28.0296,8265
28.053,8264
28.056,8263
28.1075,8262
28.1104,8261
28.1182,8260
28.1211,8259
28.1352,8258
28.1488,8257
28.1518,8256
28.1547,8255
28.1631,8254
28.1852,8253
28.1882,8252
28.1912,8251
28.1941,8250
28.197,8249
28.2075,8248
28.2105,8247
28.6983,8246
28.7103,8245
28.7676,8244
28.7712,8243
28.7742,8242
28.7772,8241
28.7802,8240
28.8086,8239
28.8115,8238
28.832,8237
28.8417,8236
28.8639,8235
28.8727,8234
28.8923,8233
28.9073,8232
28.9436,8231
28.9465,8230
28.976,8229
28.9792,8228
28.983,8227
28.9871,8226
28.9903,8225
29.0069,8224
29.0209,8223
29.0239,8222
29.0269,8221
29.05,8220
29.0529,8219
29.0559,8218
29.0589,8217
29.0959,8216
29.0988,8215
29.102,8214
29.1319,8213
29.135,8212
29.1379,8211
29.1631,8210
29.166,8209
29.1691,8208
29.172,8207
29.2786,8206
29.2816,8205
29.2994,8204
29.3024,8203
29.3055,8202
29.335,8201
29.338,8200
29.3566,8199
29.3596,8198
29.3626,8197
29.3657,8196
29.4213,8195
29.4243,8194
29.4277,8193
29.4307,8192
29.4336,8191
29.4365,8190
29.4931,8189
29.497,8188
29.5288,8187
29.5317,8186
29.5512,8185
29.5542,8184
29.5572,8183
29.5601,8182
29.5816,8181
29.5846,8180
29.5875,8179
29.6131,8178
29.6348,8177
29.6378,8176
29.6707,8175
29.6917,8174
29.6946,8173
29.6976,8172
29.7006,8171
29.7532,8170
29.7562,8169
29.7591,8168
29.7759,8167
29.7858,8166
29.7889,8165
29.8078,8164
29.8166,8163
29.833,8162
29.8368,8161
29.8398,8160
29.8728,8159
29.8817,8158
29.929,8157
29.9319,8156
29.9893,8155
30.0147,8154
30.0176,8153
30.0307,8152
30.0337,8151
30.0366,8150
30.0617,8149
30.0647,8148
30.0676,8147
30.0705,8146
30.097,8145
30.1209,8144
30.1238,8143
30.1268,8142
30.1297,8141
30.148,8140
30.151,8139
30.154,8138
30.1772,8137
30.1865,8136
30.1896,8135
30.2203,8134
30.2232,8133
30.2262,8132
30.2292,8131
30.2522,8130
30.3091,8129
30.3258,8128
30.3288,8127
30.3318,8126
30.3502,8125
30.3533,8124
30.3643,8123
30.3964,8122
30.3994,8121
30.4265,8120
30.4294,8119
30.4324,8118
30.4689,8117
30.4725,8116
30.4765,8115
30.4986,8114
30.5016,8113
30.5046,8112
30.5077,8111
30.5236,8110
30.5266,8109
30.5296,8108
30.5514,8107
30.5544,8106
30.5573,8105
30.575,8104
30.5779,8103
30.5809,8102
30.5839,8101
30.6027,8100
30.624,8099
30.627,8098
30.6299,8097
30.6418,8096
30.6447,8095
30.6669,8094
30.6698,8093
30.6954,8092
30.6983,8091
30.7423,8090
30.7453,8089
30.7482,8088
30.7511,8087
30.7678,8086
30.7709,8085
30.7739,8084
30.793,8083
30.7961,8082
30.7991,8081
30.8149,8080
30.8238,8079
30.8462,8078
30.8491,8077
30.8777,8076
30.8806,8075
30.8941,8074
30.8971,8073
30.9,8072
30.9029,8071
30.933,8070
30.9499,8069
30.9529,8068
30.9559,8067
30.9588,8066
30.9792,8065
30.9821,8064
30.9851,8063
31.0015,8062
31.0045,8061
31.0074,8060
31.0283,8059
31.0373,8058
31.0794,8057
31.0823,8056
31.1071,8055
31.1102,8054
31.1292,8053
31.1323,8052
31.1352,8051
31.1585,8050
31.1856,8049
31.1885,8048
31.2103,8047
31.2133,8046
31.2163,8045
31.2194,8044
31.2376,8043
31.2405,8042
31.2435,8041
31.2616,8040
31.265,8039
31.268,8038
31.2858,8037
31.2888,8036
31.2917,8035
31.2946,8034
31.3148,8033
31.3177,8032
31.3207,8031
31.3393,8030
31.3591,8029
31.3622,8028
31.3651,8027
31.3681,8026
31.3914,8025
31.4154,8024
31.426,8023
31.4455,8022
31.4485,8021
31.4516,8020
31.4674,8019
31.5234,8018
31.5264,8017
31.5293,8016
31.5509,8015
31.5539,8014
31.5569,8013
31.613,8012
31.6159,8011
31.6188,8010
31.6404,8009
31.6434,8008
31.6463,8007
31.6492,8006
31.6669,8005
31.6982,8004
31.7012,8003
31.7312,8002
31.7342,8001
31.7371,8000
31.7504,7999
31.7534,7998
31.7563,7997
31.7707,7996
31.7737,7995
31.7767,7994
31.7796,7993
31.7923,7992
31.7954,7991
31.7984,7990
31.8235,7989
31.8438,7988
31.8468,7987
31.8497,7986
31.8526,7985
31.8557,7984
31.8586,7983
31.8983,7982
31.9013,7981
31.9979,7980
32.0008,7979
32.0038,7978
32.0128,7977
32.0529,7976
32.0559,7975
32.0588,7974
32.0618,7973
32.0796,7972
32.0826,7971
32.0855,7970
32.097,7969
32.0999,7968
32.1028,7967
32.1193,7966
32.1222,7965
32.1252,7964
32.1285,7963
32.1547,7962
32.1856,7961
32.1886,7960
32.22,7959
32.2421,7958
32.245,7957
32.2794,7956
32.3102,7955
32.3132,7954
32.3162,7953
32.3293,7952
32.338,7951
32.3501,7950
32.373,7949
32.3759,7948
32.3788,7947
32.4064,7946
32.4094,7945
32.4123,7944
32.4381,7943
32.441,7942
32.4566,7941
32.4595,7940
32.4625,7939
32.4654,7938
32.5082,7937
32.5112,7936
32.5335,7935
32.5365,7934
32.5602,7933
32.5632,7932
32.5661,7931
32.5865,7930
32.5954,7929
32.6104,7928
32.6339,7927
32.6369,7926
32.6403,7925
32.6575,7924
32.6604,7923
32.6635,7922
32.6725,7921
32.7805,7920
32.7847,7919
32.8756,7918
32.8973,7917
32.9002,7916
32.9249,7915
32.9279,7914
32.9308,7913
32.9472,7912
32.9502,7911
32.9778,7910
32.9807,7909
32.9836,7908
33.0064,7907
33.0094,7906
33.0123,7905
33.0268,7904
33.0298,7903
33.0328,7902
33.0358,7901
33.0576,7900
33.0605,7899
33.0634,7898
33.0785,7897
33.0814,7896
33.132,7895
33.135,7894
33.1574,7893
33.1604,7892
33.1842,7891
33.1872,7890
33.1901,7889
33.2083,7888
33.3299,7887
33.366,7886
33.3955,7885
33.3986,7884
33.4017,7883
33.4252,7882
33.4283,7881
33.4312,7880
33.4385,7879
33.4634,7878
33.4664,7877
33.4694,7876
33.485,7875
33.4879,7874
33.4934,7873
33.4964,7872
33.5252,7871
33.5282,7870
33.5311,7869
33.5868,7868
33.6238,7867
33.6731,7866
33.7518,7865
33.7693,7864
33.7722,7863
33.7752,7862
33.7959,7861
33.7989,7860
33.8018,7859
33.8048,7858
33.8359,7857
33.8637,7856
33.8666,7855
33.8978,7854
33.9008,7853
34.0148,7852
34.0177,7851
34.0207,7850
34.0417,7849
34.0454,7848
34.0484,7847
34.0764,7846
34.0994,7845
34.1024,7844
34.1053,7843
34.1552,7842
34.1583,7841
34.1613,7840
34.1649,7839
34.1916,7838
34.198,7837
34.201,7836
34.2288,7835
34.251,7834
34.2612,7833
34.276,7832
34.279,7831
34.2819,7830
34.3045,7829
34.3326,7828
34.3355,7827
34.3587,7826
34.3616,7825
34.3767,7824
34.3839,7823
34.3869,7822
34.3899,7821
34.3928,7820
34.4077,7819
34.411,7818
34.4139,7817
34.4359,7816
34.4389,7815
34.4418,7814
34.4506,7813
34.4535,7812
34.4804,7811
34.4833,7810
34.4863,7809
34.4985,7808
34.5019,7807
34.5177,7806
34.5848,7805
34.6021,7804
34.605,7803
34.6667,7802
34.67,7801
34.7155,7800
34.7184,7799
34.7214,7798
34.9879,7797
34.9908,7796
35.0113,7795
35.0202,7794
35.0432,7793
35.0628,7792
35.0658,7791
35.0687,7790
35.1499,7789
35.1958,7788
35.1988,7787
35.2178,7786
35.2213,7785
35.2243,7784
35.2755,7783
35.321,7782
35.3258,7781
35.3288,7780
35.3513,7779
35.3546,7778
35.3786,7777
35.3815,7776
35.3845,7775
35.4089,7774
35.4119,7773
35.4359,7772
35.4394,7771
35.4909,7770
35.606,7769
35.609,7768
35.612,7767
35.6155,7766
35.6781,7765
35.7084,7764
35.7114,7763
35.7143,7762
35.7414,7761
35.7448,7760
35.7485,7759
35.7705,7758
35.7735,7757
35.7936,7756
35.7965,7755
35.7994,7754
35.8164,7753
35.8193,7752
35.893,7751
35.9017,7750
36.0093,7749
36.4795,7748
36.4931,7747
36.4961,7746
36.4991,7745
36.5089,7744
36.5119,7743
36.5458,7742
36.5696,7741
36.5725,7740
36.5754,7739
36.5924,7738
36.5953,7737
36.5985,7736
37.0933,7735
37.1786,7734
37.1815,7733
37.2101,7732
37.2331,7731
37.2361,7730
37.2393,7729
37.2773,7728
37.3892,7727
37.3922,7726
37.4262,7725
37.449,7724
37.452,7723
37.4748,7722
37.4999,7721
37.6261,7720
37.6883,7719
37.6912,7718
37.7091,7717
37.712,7716
37.7149,7715
37.7181,7714
37.7211,7713
37.8067,7712
37.8277,7711
38.0201,7710
38.0467,7709
38.2058,7708
38.3019,7707
38.3763,7706
38.3792,7705
38.3956,7704
38.3985,7703
38.4269,7702
38.4493,7701
38.6143,7700
38.6638,7699
38.6668,7698
38.6697,7697
38.6917,7696
38.6947,7695
39.3085,7694
39.3436,7693
39.3465,7692
39.3552,7691
39.3581,7690
39.4801,7689
39.502,7688
39.5049,7687
39.9575,7686
40.075,7685
40.078,7684
40.0933,7683
40.1497,7682
40.1861,7681
40.189,7680
40.192,7679
40.1951,7678
40.231,7677
40.234,7676
41.5604,7675
41.6606,7674
41.6829,7673
41.7157,7672
41.7186,7671
41.7388,7670
41.7613,7669
41.8165,7668
42.6425,7667
42.6454,7666
42.6652,7665
42.7446,7664
42.7951,7663
42.8566,7662
42.8596,7661
42.8626,7660
42.8655,7659
43.7529,7658
43.9431,7657
46.1538,7656
48.7464,7655
48.8071,7654
48.8221,7653
48.825,7652
48.828,7651
48.8718,7650
49.0509,7649
51.2275,7648
51.273,7647
51.324,7646
51.3269,7645
51.3518,7644
53.2614,7643
53.3186,7642
55.9749,7641
55.9779,7640
59.0268,7639
59.0457,7638
59.0829,7637
59.0858,7636
59.1084,7635
59.1351,7634
59.1543,7633
59.1575,7632
59.1619,7631
59.1649,7630
59.2632,7629
60.8553,7628
60.8895,7627
60.8925,7626
62.8104,7625
65.3605,7624
65.4133,7623
65.5034,7622
65.5064,7621
65.5094,7620
65.5487,7619
65.5516,7618
65.5545,7617
65.61,7616
65.7004,7615
66.1271,7614
67.1246,7613
67.1275,7612
67.1496,7611
76.4716,7610
77.2649,7609
77.2678,7608
77.2708,7607
77.3001,7606
77.3031,7605
77.3059,7604
77.3229,7603
77.3259,7602
77.4305,7601
77.7423,7600
77.7837,7599
77.79,7598
89.7663,7597
89.802,7596
89.9031,7595
89.9077,7594
89.9107,7593
90.4037,7592
90.508,7591
91.1128,7590
91.1158,7589
91.2857,7588
91.4336,7587
97.4283,7586
97.4319,7585
97.4406,7584
97.4649,7583
97.4983,7582
100.437,7581
100.868,7580
103.42,7579
104.258,7578
114.757,7577
114.76,7576
114.773,7575
114.837,7574
114.84,7573
114.982,7572
118.438,7571
118.827,7570
118.856,7569
120.034,7568
120.037,7567
120.059,7566
120.062,7565
120.107,7564
120.19,7563
122.263,7562
123.825,7561
123.909,7560
123.912,7559
123.915,7558
123.918,7557
123.947,7556
124.013,7555
127.714,7554
127.723,7553
127.726,7552
129.869,7551
129.916,7550
136.63,7549
141.791,7548
141.805,7547
141.808,7546
141.839,7545
141.859,7544
141.861,7543
146.183,7542
146.186,7541
146.206,7540
146.209,7539
146.212,7538
146.229,7537
148.283,7536
148.287,7535
148.492,7534
148.522,7533
148.595,7532
148.598,7531
149.33,7530
149.979,7529
150.017,7528
180.234,7527
180.237,7526
180.257,7525
180.26,7524
180.263,7523
185.587,7522
195.592,7521
195.655,7520
200.906,7519
200.91,7518
201.009,7517
201.012,7516
201.033,7515
201.091,7514
201.178,7513
201.2,7512
202.11,7511
202.128,7510
202.131,7509
202.155,7508
202.179,7507
202.182,7506
202.184,7505
207.552,7504
207.561,7503
217.163,7502
217.191,7501
223.398,7500
223.495,7499
225.998,7498
226.001,7497
226.016,7496
226.019,7495
226.022,7494
226.043,7493
226.3,7492
239.671,7491
239.699,7490
244.097,7489
245.09,7488
245.093,7487
245.549,7486
245.564,7485
245.567,7484
245.569,7483
245.616,7482
272.154,7481
286.258,7480
286.273,7479
338.611,7478
338.633,7477
338.636,7476
338.681,7475
338.684,7474
338.712,7473
370.768,7472
370.991,7471
371.022,7470
371.025,7469
371.028,7468
376.729,7467
377.331,7466
424.467,7465
433.317,7464
433.401,7463
433.514,7462
433.668,7461
433.671,7460
433.674,7459
433.713,7458
433.719,7457
433.795,7456
456.596,7455
456.617,7454
456.62,7453
462.113,7452
462.116,7451
462.119,7450
462.141,7449
462.198,7448
462.201,7447
524.952,7446
524.954,7445
525.023,7444
525.107,7443
525.165,7442
525.174,7441
525.193,7440
525.529,7439
525.532,7438
525.552,7437
599.558,7436
599.605,7435
599.67,7434
599.76,7433
599.889,7432
599.907,7431
599.917,7430
600.622,7429
600.717,7428
600.721,7427
600.723,7426
600.726,7425
600.749,7424
600.752,7423
674.084,7422
693.577,7421
693.596,7420
693.62,7419
693.623,7418
693.679,7417
693.724,7416
693.727,7415
693.73,7414
693.775,7413
710.198,7412
710.452,7411
710.455,7410
710.458,7409
710.503,7408
836.317,7407
836.36,7406
836.362,7405
836.371,7404
836.391,7403
874.959,7402
874.984,7401
874.987,7400
875.01,7399
875.522,7398
875.525,7397
875.546,7396
890.734,7395
890.737,7394
893.732,7393
893.735,7392
893.738,7391
893.775,7390
893.778,7389
896.167,7388
896.224,7387
896.241,7386
896.244,7385
896.247,7384
896.292,7383
896.301,7382
896.319,7381
896.322,7380
896.325,7379
896.376,7378
896.398,7377
896.401,7376
896.606,7375
896.609,7374
916.897,7373
916.9,7372
916.903,7371
916.906,7370
916.927,7369
916.949,7368
1155.44,7367
1449.33,7366
1449.33,7365
1451.39,7364
2187.42,7363
2546.61,7362
2546.63,7361
2648.58,7360
2648.58,7359
2648.58,7358
2648.71,7357
2649.25,7356
2649.26,7355
2649.38,7354
2826.52,7353
2827.21,7352
2827.21,7351
4188.99,7350
4951.5,7349
4951.52,7348
4951.68,7347
4973.78,7346
4973.78,7345
5296.4,7344
5585.36,7343
5585.38,7342
5585.45,7341
5585.54,7340
5670.17,7339
5813.58,7338
5813.58,7337
5813.64,7336
5813.64,7335
9663.28,7334
9663.35,7333
9663.36,7332
9748.34,7331
9748.34,7330
9748.35,7329
9902.28,7328
12130.2,7327
12131.1,7326
14283,7325
16789.6,7324
18110.2,7323
18600.7,7322
19511.1,7321
19511.2,7320
19511.3,7319
19511.4,7318
19511.4,7317
19675.6,7316
19675.7,7315
19768.8,7314
19768.8,7313
19768.8,7312
23648.7,7311
23648.7,7310
