0.00359341,11022
0.00676666,11021
0.0388095,11020
0.0419326,11019
0.0450601,11018
0.0595729,11017
0.0626863,11016
0.065791,11015
0.0937743,11014
0.0969042,11013
0.100021,11012
0.10314,11011
0.172949,11010
0.176119,11009
0.179267,11008
0.195675,11007
0.198914,11006
0.217123,11005
0.233206,11004
0.236612,11003
0.239762,11002
0.263102,11001
0.26633,11000
0.269439,10999
0.302689,10998
0.305822,10997
0.308916,10996
0.33615,10995
0.339307,10994
0.342421,10993
0.354144,10992
0.357455,10991
0.360564,10990
0.363903,10989
0.367672,10988
0.370904,10987
0.381349,10986
0.449391,10985
0.494303,10984
0.49742,10983
0.522306,10982
0.525423,10981
0.528555,10980
0.531725,10979
0.534823,10978
0.537913,10977
0.576667,10976
0.579816,10975
0.582953,10974
0.586057,10973
0.616126,10972
0.619252,10971
0.622435,10970
0.64684,10969
0.651644,10968
0.654755,10967
0.678479,10966
0.681581,10965
0.684836,10964
0.73814,10963
0.7414,10962
0.74454,10961
0.757847,10960
0.761012,10959
0.764708,10958
0.768439,10957
0.792093,10956
0.79522,10955
0.798325,10954
0.83472,10953
0.838224,10952
0.841353,10951
0.88623,10950
0.889449,10949
0.89344,10948
0.945654,10947
0.94885,10946
0.952335,10945
0.976382,10944
0.979735,10943
0.983582,10942
1.01457,10941
1.0197,10940
1.02299,10939
1.0261,10938
1.07398,10937
1.07718,10936
1.10949,10935
1.13747,10934
1.14279,10933
1.14768,10932
1.2066,10931
1.21133,10930
1.21937,10929
1.23696,10928
1.24006,10927
1.24314,10926
1.27082,10925
1.27396,10924
1.2771,10923
1.30813,10922
1.31126,10921
1.31441,10920
1.31757,10919
1.46586,10918
1.46901,10917
1.47216,10916
1.49765,10915
1.50081,10914
1.5045,10913
1.5082,10912
1.51284,10911
1.51642,10910
1.6248,10909
1.62963,10908
1.63532,10907
1.64024,10906
1.64677,10905
1.65912,10904
1.72946,10903
1.73308,10902
1.73619,10901
1.75253,10900
1.75844,10899
1.76164,10898
1.77669,10897
1.77987,10896
1.78301,10895
1.78614,10894
1.81348,10893
1.8166,10892
1.8198,10891
1.84282,10890
1.84594,10889
1.84904,10888
1.86996,10887
1.87321,10886
1.87633,10885
1.9022,10884
1.90677,10883
1.91059,10882
1.93236,10881
1.93553,10880
1.93862,10879
1.9417,10878
1.98562,10877
2.00415,10876
2.00938,10875
2.03854,10874
2.04284,10873
2.04752,10872
2.12329,10871
2.12646,10870
2.12958,10869
2.15785,10868
2.16113,10867
2.1643,10866
2.18801,10865
2.19122,10864
2.19431,10863
2.20794,10862
2.21242,10861
2.21768,10860
2.24056,10859
2.24416,10858
2.24726,10857
2.25185,10856
2.27645,10855
2.27954,10854
2.28262,10853
2.30616,10852
2.30926,10851
2.31232,10850
2.35426,10849
2.35736,10848
2.36043,10847
2.3939,10846
2.39702,10845
2.40016,10844
2.41961,10843
2.42271,10842
2.42628,10841
2.42939,10840
2.44965,10839
2.45274,10838
2.45585,10837
2.46571,10836
2.47631,10835
2.48088,10834
2.56154,10833
2.56467,10832
2.56779,10831
2.59931,10830
2.60243,10829
2.60552,10828
2.63642,10827
2.6395,10826
2.6426,10825
2.64569,10824
2.67274,10823
2.67588,10822
2.67907,10821
2.70362,10820
2.70671,10819
2.70981,10818
2.72577,10817
2.72886,10816
2.7319,10815
2.75717,10814
2.76407,10813
2.77327,10812
2.78039,10811
2.78359,10810
2.7867,10809
2.85177,10808
2.85491,10807
2.85803,10806
2.86114,10805
2.88765,10804
2.89071,10803
2.89382,10802
2.91828,10801
2.92134,10800
2.92813,10799
2.95184,10798
2.95494,10797
2.95809,10796
2.97357,10795
2.9767,10794
2.97979,10793
3.02372,10792
3.02695,10791
3.03011,10790
3.03334,10789
3.06006,10788
3.06331,10787
3.06638,10786
3.09002,10785
3.0932,10784
3.1085,10783
3.12592,10782
3.12914,10781
3.13222,10780
3.15766,10779
3.16079,10778
3.16386,10777
3.16691,10776
3.18351,10775
3.18662,10774
3.18971,10773
3.21821,10772
3.22132,10771
3.2244,10770
3.2528,10769
3.25589,10768
3.25897,10767
3.27268,10766
3.27586,10765
3.27896,10764
3.30222,10763
3.30532,10762
3.30841,10761
3.3115,10760
3.31463,10759
3.31769,10758
3.32074,10757
3.35736,10756
3.36086,10755
3.36398,10754
3.39814,10753
3.40143,10752
3.40452,10751
3.42913,10750
3.43228,10749
3.43539,10748
3.4385,10747
3.46181,10746
3.4649,10745
3.46974,10744
3.47288,10743
3.47597,10742
3.47905,10741
3.52028,10740
3.52338,10739
3.52645,10738
3.54959,10737
3.55275,10736
3.5559,10735
3.58075,10734
3.58389,10733
3.58724,10732
3.59046,10731
3.62054,10730
3.62367,10729
3.62689,10728
3.65059,10727
3.65387,10726
3.65699,10725
3.68099,10724
3.68642,10723
3.68974,10722
3.71496,10721
3.71808,10720
3.72123,10719
3.72513,10718
3.72819,10717
3.73137,10716
3.73447,10715
3.77217,10714
3.77543,10713
3.77854,10712
3.80176,10711
3.80486,10710
3.80798,10709
3.83159,10708
3.83607,10707
3.83917,10706
3.85622,10705
3.85931,10704
3.86243,10703
3.8964,10702
3.89951,10701
3.90268,10700
3.90579,10699
3.93292,10698
3.93612,10697
3.93925,10696
3.96746,10695
3.97062,10694
3.97374,10693
3.99694,10692
4.00003,10691
4.0031,10690
4.02643,10689
4.02953,10688
4.03262,10687
4.0357,10686
4.05893,10685
4.06203,10684
4.06511,10683
4.08848,10682
4.0916,10681
4.09469,10680
4.10256,10679
4.10569,10678
4.10879,10677
4.1333,10676
4.13649,10675
4.13959,10674
4.1627,10673
4.16578,10672
4.17058,10671
4.17371,10670
4.20927,10669
4.21248,10668
4.21563,10667
4.24507,10666
4.2482,10665
4.2513,10664
4.27508,10663
4.27825,10662
4.28135,10661
4.30647,10660
4.30963,10659
4.31273,10658
4.33687,10657
4.34,10656
4.34403,10655
4.34714,10654
4.35618,10653
4.35935,10652
4.36244,10651
4.39567,10650
4.39878,10649
4.40187,10648
4.42513,10647
4.42863,10646
4.43172,10645
4.45838,10644
4.4615,10643
4.46458,10642
4.46772,10641
4.49813,10640
4.50174,10639
4.5051,10638
4.53026,10637
4.53348,10636
4.53658,10635
4.56078,10634
4.56387,10633
4.56695,10632
4.59083,10631
4.59435,10630
4.59743,10629
4.61323,10628
4.61638,10627
4.62024,10626
4.62334,10625
4.66016,10624
4.66325,10623
4.66648,10622
4.68816,10621
4.69126,10620
4.69433,10619
4.71869,10618
4.72191,10617
4.725,10616
4.7632,10615
4.76629,10614
4.76938,10613
4.82922,10612
4.83231,10611
4.83539,10610
4.8385,10609
4.8569,10608
4.85999,10607
4.86305,10606
4.89833,10605
4.90143,10604
4.90456,10603
4.93498,10602
4.93809,10601
4.94117,10600
4.96728,10599
4.97039,10598
4.97347,10597
4.97656,10596
5.01312,10595
5.01621,10594
5.02016,10593
5.07721,10592
5.08034,10591
5.08343,10590
5.10791,10589
5.111,10588
5.11411,10587
5.14208,10586
5.14527,10585
5.14839,10584
5.17152,10583
5.17461,10582
5.17768,10581
5.18074,10580
5.21317,10579
5.21634,10578
5.2194,10577
5.24145,10576
5.24455,10575
5.24763,10574
5.31183,10573
5.33784,10572
5.34093,10571
5.34405,10570
5.34711,10569
5.37906,10568
5.38214,10567
5.3853,10566
5.40706,10565
5.41015,10564
5.41517,10563
5.44114,10562
5.44424,10561
5.44733,10560
5.47308,10559
5.47617,10558
5.47926,10557
5.49827,10556
5.5018,10555
5.50795,10554
5.51107,10553
5.56282,10552
5.56608,10551
5.56989,10550
5.59641,10549
5.59949,10548
5.60441,10547
5.63391,10546
5.63701,10545
5.64011,10544
5.66065,10543
5.66415,10542
5.66723,10541
5.69139,10540
5.69455,10539
5.69761,10538
5.70068,10537
5.72987,10536
5.733,10535
5.7361,10534
5.76603,10533
5.76912,10532
5.77222,10531
5.8068,10530
5.80988,10529
5.81294,10528
5.83609,10527
5.8392,10526
5.84228,10525
5.84535,10524
5.88309,10523
5.88616,10522
5.88925,10521
5.91806,10520
5.92321,10519
5.92647,10518
5.95681,10517
5.95989,10516
5.96296,10515
5.98621,10514
5.98929,10513
6.0028,10512
6.01896,10511
6.02204,10510
6.02512,10509
6.0282,10508
6.05048,10507
6.05359,10506
6.0578,10505
6.06518,10504
6.06882,10503
6.07389,10502
6.11614,10501
6.11928,10500
6.12234,10499
6.14936,10498
6.154,10497
6.15734,10496
6.18137,10495
6.1846,10494
6.1878,10493
6.19099,10492
6.21511,10491
6.21823,10490
6.22148,10489
6.24472,10488
6.24785,10487
6.25098,10486
6.27661,10485
6.27968,10484
6.28283,10483
6.32819,10482
6.33192,10481
6.33503,10480
6.35495,10479
6.35827,10478
6.36139,10477
6.36477,10476
6.38776,10475
6.39096,10474
6.39423,10473
6.41854,10472
6.42466,10471
6.42814,10470
6.45249,10469
6.45557,10468
6.45863,10467
6.48262,10466
6.48569,10465
6.48886,10464
6.51016,10463
6.51324,10462
6.51634,10461
6.51939,10460
6.54268,10459
6.54574,10458
6.54881,10457
6.57296,10456
6.57615,10455
6.57924,10454
6.60544,10453
6.60854,10452
6.61164,10451
6.63486,10450
6.64006,10449
6.64413,10448
6.65244,10447
6.68622,10446
6.69007,10445
6.69321,10444
6.72832,10443
6.73139,10442
6.73445,10441
6.73756,10440
6.7406,10439
6.74367,10438
6.77658,10437
6.77968,10436
6.78279,10435
6.80614,10434
6.80924,10433
6.81236,10432
6.81544,10431
6.82014,10430
6.82319,10429
6.82623,10428
6.85609,10427
6.85935,10426
6.8624,10425
6.88974,10424
6.8928,10423
6.89583,10422
6.91952,10421
6.92913,10420
6.93405,10419
6.93945,10418
6.9702,10417
6.97329,10416
6.97635,10415
7.00374,10414
7.00682,10413
7.00988,10412
7.0289,10411
7.03202,10410
7.03507,10409
7.05823,10408
7.0615,10407
7.06457,10406
7.06762,10405
7.09439,10404
7.09749,10403
7.10057,10402
7.12124,10401
7.14214,10400
7.14546,10399
7.19003,10398
7.19329,10397
7.1967,10396
7.22222,10395
7.22564,10394
7.22888,10393
7.24977,10392
7.25284,10391
7.25591,10390
7.25896,10389
7.28904,10388
7.29217,10387
7.29526,10386
7.31466,10385
7.3179,10384
7.32097,10383
7.34344,10382
7.34657,10381
7.34964,10380
7.3762,10379
7.37974,10378
7.38359,10377
7.3875,10376
7.42959,10375
7.43273,10374
7.43579,10373
7.46009,10372
7.46321,10371
7.46627,10370
7.5023,10369
7.50553,10368
7.5086,10367
7.54212,10366
7.54525,10365
7.54839,10364
7.55141,10363
7.57899,10362
7.58203,10361
7.58521,10360
7.60862,10359
7.61168,10358
7.61824,10357
7.66273,10356
7.66587,10355
7.6689,10354
7.69113,10353
7.69419,10352
7.69724,10351
7.70029,10350
7.72556,10349
7.72872,10348
7.73176,10347
7.76389,10346
7.76697,10345
7.77005,10344
7.79209,10343
7.79523,10342
7.79831,10341
7.82153,10340
7.8246,10339
7.82766,10338
7.83071,10337
7.85433,10336
7.85957,10335
7.86277,10334
7.89129,10333
7.89438,10332
7.89744,10331
7.93026,10330
7.95704,10329
7.96014,10328
7.96319,10327
7.96624,10326
7.98603,10325
7.98914,10324
7.99224,10323
8.00779,10322
8.01083,10321
8.01387,10320
8.04261,10319
8.04567,10318
8.04875,10317
8.07819,10316
8.08125,10315
8.08477,10314
8.0887,10313
8.14162,10312
8.14471,10311
8.14774,10310
8.18115,10309
8.18419,10308
8.18723,10307
8.22073,10306
8.22381,10305
8.2272,10304
8.25031,10303
8.25339,10302
8.27783,10301
8.28089,10300
8.28889,10299
8.29193,10298
8.295,10297
8.32656,10296
8.32964,10295
8.33278,10294
8.35799,10293
8.36106,10292
8.3643,10291
8.38739,10290
8.39049,10289
8.39355,10288
8.39688,10287
8.42429,10286
8.42769,10285
8.43077,10284
8.45564,10283
8.45873,10282
8.46178,10281
8.48775,10280
8.491,10279
8.49429,10278
8.53193,10277
8.53502,10276
8.53809,10275
8.54126,10274
8.58056,10273
8.58377,10272
8.58685,10271
8.61132,10270
8.61484,10269
8.61798,10268
8.64114,10267
8.64444,10266
8.64767,10265
8.67621,10264
8.67927,10263
8.68232,10262
8.68536,10261
8.71476,10260
8.71783,10259
8.72091,10258
8.74885,10257
8.75198,10256
8.75502,10255
8.77848,10254
8.78156,10253
8.78459,10252
8.81261,10251
8.81567,10250
8.81873,10249
8.82177,10248
8.85509,10247
8.85824,10246
8.86129,10245
8.87174,10244
8.87487,10243
8.87793,10242
8.93977,10241
8.94294,10240
8.94597,10239
8.99092,10238
8.99399,10237
8.99706,10236
9.0001,10235
9.01981,10234
9.02287,10233
9.02588,10232
9.0608,10231
9.06475,10230
9.0678,10229
9.09754,10228
9.1006,10227
9.10369,10226
9.10682,10225
9.13552,10224
9.13858,10223
9.1416,10222
9.17703,10221
9.18008,10220
9.18343,10219
9.22703,10218
9.23016,10217
9.23322,10216
9.26355,10215
9.26662,10214
9.28014,10213
9.28344,10212
9.31811,10211
9.32115,10210
9.3242,10209
9.34874,10208
9.35194,10207
9.35498,10206
9.38509,10205
9.38815,10204
9.39118,10203
9.41687,10202
9.41994,10201
9.42306,10200
9.42611,10199
9.4514,10198
9.45488,10197
9.45802,10196
9.48118,10195
9.48424,10194
9.48735,10193
9.5118,10192
9.51496,10191
9.51807,10190
9.5684,10189
9.57177,10188
9.57485,10187
9.578,10186
9.60162,10185
9.60468,10184
9.60772,10183
9.63124,10182
9.63427,10181
9.63729,10180
9.66172,10179
9.6648,10178
9.66785,10177
9.69435,10176
9.69742,10175
9.70049,10174
9.70372,10173
9.73606,10172
9.73986,10171
9.74291,10170
9.76648,10169
9.76957,10168
9.77262,10167
9.81068,10166
9.81374,10165
9.81681,10164
9.84011,10163
9.84319,10162
9.84623,10161
9.84928,10160
9.87338,10159
9.87644,10158
9.87965,10157
9.90963,10156
9.91272,10155
9.91581,10154
9.94261,10153
9.9458,10152
9.94885,10151
9.97353,10150
9.97665,10149
9.9797,10148
9.98273,10147
10.0061,10146
10.0092,10145
10.0123,10144
10.0609,10143
10.0842,10142
10.0872,10141
10.0903,10140
10.1175,10139
10.1205,10138
10.1236,10137
10.1266,10136
10.1442,10135
10.1472,10134
10.1503,10133
10.1734,10132
10.1765,10131
10.1795,10130
10.205,10129
10.2081,10128
10.2112,10127
10.2317,10126
10.2349,10125
10.2379,10124
10.241,10123
10.2649,10122
10.2679,10121
10.271,10120
10.2846,10119
10.2878,10118
10.2909,10117
10.3161,10116
10.3191,10115
10.3222,10114
10.3486,10113
10.3517,10112
10.3547,10111
10.3578,10110
10.3824,10109
10.3855,10108
10.3886,10107
10.4154,10106
10.4185,10105
10.4215,10104
10.4417,10103
10.4447,10102
10.4478,10101
10.4508,10100
10.4711,10099
10.4742,10098
10.4772,10097
10.5029,10096
10.506,10095
10.5091,10094
10.5378,10093
10.5409,10092
10.5439,10091
10.5602,10090
10.5633,10089
10.5663,10088
10.5693,10087
10.6426,10086
10.6461,10085
10.6491,10084
10.6915,10083
10.695,10082
10.698,10081
10.7328,10080
10.7359,10079
10.739,10078
10.7746,10077
10.7778,10076
10.7815,10075
10.7846,10074
10.8136,10073
10.8167,10072
10.8197,10071
10.8753,10070
10.8785,10069
10.8818,10068
10.9121,10067
10.9152,10066
10.9184,10065
10.9809,10064
10.9851,10063
10.9969,10062
11,10061
11.0301,10060
11.0332,10059
11.0363,10058
11.0709,10057
11.0744,10056
11.0774,10055
11.1084,10054
11.1117,10053
11.1148,10052
11.1421,10051
11.1451,10050
11.1482,10049
11.1512,10048
11.1716,10047
11.1754,10046
11.1785,10045
11.1992,10044
11.2027,10043
11.2057,10042
11.2233,10041
11.2264,10040
11.2294,10039
11.2483,10038
11.2514,10037
11.2544,10036
11.2574,10035
11.2765,10034
11.2796,10033
11.2827,10032
11.3138,10031
11.3169,10030
11.32,10029
11.3365,10028
11.3396,10027
11.3428,10026
11.3637,10025
11.3667,10024
11.3698,10023
11.3735,10022
11.3969,10021
11.4,10020
11.403,10019
11.4152,10018
11.4183,10017
11.4214,10016
11.4456,10015
11.4491,10014
11.4522,10013
11.4893,10012
11.4924,10011
11.4966,10010
11.4997,10009
11.5181,10008
11.5212,10007
11.5258,10006
11.5581,10005
11.5638,10004
11.5672,10003
11.5873,10002
11.5903,10001
11.5933,10000
11.6198,9999
11.6243,9998
11.6277,9997
11.6332,9996
11.6674,9995
11.6714,9994
11.6766,9993
11.738,9992
11.7412,9991
11.7449,9990
11.7481,9989
11.7515,9988
11.7554,9987
11.7955,9986
11.7985,9985
11.8016,9984
11.8158,9983
11.8189,9982
11.8219,9981
11.8422,9980
11.8454,9979
11.8484,9978
11.8519,9977
11.8765,9976
11.8795,9975
11.8826,9974
11.9024,9973
11.9055,9972
11.9086,9971
11.9137,9970
11.9167,9969
11.9218,9968
11.9664,9967
11.9699,9966
11.973,9965
11.9763,9964
11.9978,9963
12.0009,9962
12.004,9961
12.0522,9960
12.0553,9959
12.0584,9958
12.0718,9957
12.0748,9956
12.0779,9955
12.1013,9954
12.1044,9953
12.1075,9952
12.1105,9951
12.1337,9950
12.1368,9949
12.1399,9948
12.1636,9947
12.1667,9946
12.1699,9945
12.1938,9944
12.197,9943
12.2001,9942
12.2218,9941
12.2248,9940
12.2279,9939
12.2309,9938
12.2542,9937
12.2572,9936
12.2603,9935
12.2762,9934
12.2793,9933
12.2823,9932
12.2978,9931
12.3008,9930
12.3039,9929
12.307,9928
12.3331,9927
12.3363,9926
12.3393,9925
12.3483,9924
12.4718,9923
12.4748,9922
12.4778,9921
12.4907,9920
12.496,9919
12.4991,9918
12.5117,9917
12.5148,9916
12.5179,9915
12.5318,9914
12.5348,9913
12.5379,9912
12.5787,9911
12.5818,9910
12.5992,9909
12.6022,9908
12.6053,9907
12.6254,9906
12.6285,9905
12.6315,9904
12.6558,9903
12.66,9902
12.6633,9901
12.6819,9900
12.698,9899
12.701,9898
12.704,9897
12.7189,9896
12.728,9895
12.7311,9894
12.7579,9893
12.7623,9892
12.7654,9891
12.7999,9890
12.803,9889
12.8061,9888
12.8091,9887
12.8361,9886
12.8393,9885
12.8424,9884
12.8659,9883
12.869,9882
12.8721,9881
12.896,9880
12.8991,9879
12.9021,9878
12.9365,9877
12.9396,9876
12.9427,9875
12.9457,9874
12.9789,9873
12.982,9872
12.985,9871
13.0085,9870
13.0116,9869
13.0146,9868
13.0535,9867
13.0566,9866
13.0597,9865
13.0937,9864
13.0973,9863
13.1004,9862
13.1035,9861
13.1316,9860
13.1347,9859
13.1377,9858
13.177,9857
13.18,9856
13.1831,9855
13.2024,9854
13.2054,9853
13.2084,9852
13.2115,9851
13.2347,9850
13.2377,9849
13.2408,9848
13.2636,9847
13.2668,9846
13.2699,9845
13.3064,9844
13.3095,9843
13.3126,9842
13.3373,9841
13.3435,9840
13.3489,9839
13.352,9838
13.3714,9837
13.3745,9836
13.3775,9835
13.4149,9834
13.4445,9833
13.4477,9832
13.4574,9831
13.4605,9830
13.4635,9829
13.4805,9828
13.4836,9827
13.4866,9826
13.4897,9825
13.5143,9824
13.5174,9823
13.5205,9822
13.5471,9821
13.5502,9820
13.5533,9819
13.5944,9818
13.5975,9817
13.6006,9816
13.625,9815
13.628,9814
13.6311,9813
13.6342,9812
13.6395,9811
13.6426,9810
13.6456,9809
13.6889,9808
13.692,9807
13.695,9806
13.7207,9805
13.7237,9804
13.7268,9803
13.7325,9802
13.766,9801
13.7691,9800
13.7722,9799
13.8123,9798
13.8155,9797
13.8186,9796
13.8583,9795
13.8613,9794
13.8643,9793
13.8874,9792
13.8905,9791
13.8936,9790
13.8966,9789
13.9196,9788
13.9227,9787
13.926,9786
13.9535,9785
13.9566,9784
13.9596,9783
13.9905,9782
13.9994,9781
14.0025,9780
14.0211,9779
14.0281,9778
14.0314,9777
14.0345,9776
14.0472,9775
14.0503,9774
14.0535,9773
14.0653,9772
14.0683,9771
14.0714,9770
14.1118,9769
14.1148,9768
14.1185,9767
14.122,9766
14.1459,9765
14.149,9764
14.1521,9763
14.1571,9762
14.1602,9761
14.1633,9760
14.1991,9759
14.2022,9758
14.2052,9757
14.2203,9756
14.2237,9755
14.2267,9754
14.2298,9753
14.233,9752
14.2753,9751
14.2784,9750
14.2814,9749
14.2976,9748
14.3006,9747
14.3036,9746
14.3212,9745
14.3248,9744
14.3278,9743
14.3315,9742
14.3501,9741
14.3531,9740
14.3564,9739
14.3815,9738
14.3853,9737
14.3884,9736
14.4053,9735
14.4085,9734
14.4115,9733
14.4319,9732
14.4351,9731
14.4387,9730
14.4417,9729
14.4581,9728
14.4611,9727
14.4647,9726
14.4893,9725
14.4924,9724
14.4958,9723
14.521,9722
14.5242,9721
14.5273,9720
14.5574,9719
14.5605,9718
14.5635,9717
14.5665,9716
14.5901,9715
14.5931,9714
14.5961,9713
14.6206,9712
14.6237,9711
14.6267,9710
14.649,9709
14.6549,9708
14.6581,9707
14.6611,9706
14.6881,9705
14.6912,9704
14.6942,9703
14.7142,9702
14.7173,9701
14.7203,9700
14.7365,9699
14.7395,9698
14.7425,9697
14.7631,9696
14.7661,9695
14.7694,9694
14.7724,9693
14.7886,9692
14.7916,9691
14.7946,9690
14.8059,9689
14.8089,9688
14.8336,9687
14.8367,9686
14.8397,9685
14.8583,9684
14.8613,9683
14.8644,9682
14.882,9681
14.885,9680
14.8881,9679
14.907,9678
14.91,9677
14.9131,9676
14.9403,9675
14.9433,9674
14.9463,9673
14.9493,9672
14.96,9671
14.963,9670
14.966,9669
14.9849,9668
14.9898,9667
14.9928,9666
15.0175,9665
15.0205,9664
15.0236,9663
15.0266,9662
15.0492,9661
15.0624,9660
15.0836,9659
15.0866,9658
15.1063,9657
15.1105,9656
15.1136,9655
15.1303,9654
15.1333,9653
15.1363,9652
15.1394,9651
15.149,9650
15.1521,9649
15.1551,9648
15.1931,9647
15.1961,9646
15.1995,9645
15.2172,9644
15.2202,9643
15.2232,9642
15.2262,9641
15.2417,9640
15.2447,9639
15.2478,9638
15.266,9637
15.269,9636
15.272,9635
15.2901,9634
15.2931,9633
15.2961,9632
15.2994,9631
15.3144,9630
15.3174,9629
15.3204,9628
15.3418,9627
15.3455,9626
15.3486,9625
15.3698,9624
15.3729,9623
15.376,9622
15.3926,9621
15.3957,9620
15.3988,9619
15.4018,9618
15.4236,9617
15.4401,9616
15.4431,9615
15.449,9614
15.452,9613
15.455,9612
15.4756,9611
15.4787,9610
15.4817,9609
15.4847,9608
15.5004,9607
15.5035,9606
15.5065,9605
15.5207,9604
15.5237,9603
15.5269,9602
15.5494,9601
15.5525,9600
15.5705,9599
15.5815,9598
15.5845,9597
15.5875,9596
15.5905,9595
15.6058,9594
15.6088,9593
15.6118,9592
15.6249,9591
15.6279,9590
15.631,9589
15.6526,9588
15.6558,9587
15.6588,9586
15.6618,9585
15.6764,9584
15.6794,9583
15.6825,9582
15.7015,9581
15.7046,9580
15.7076,9579
15.7257,9578
15.7287,9577
15.7317,9576
15.7347,9575
15.7537,9574
15.7568,9573
15.7598,9572
15.7777,9571
15.7809,9570
15.7839,9569
15.8029,9568
15.806,9567
15.809,9566
15.8264,9565
15.8296,9564
15.8328,9563
15.8359,9562
15.8555,9561
15.8585,9560
15.883,9559
15.886,9558
15.905,9557
15.908,9556
15.9111,9555
15.9143,9554
15.9346,9553
15.9377,9552
15.9407,9551
15.9604,9550
15.9635,9549
15.9665,9548
15.9927,9547
15.9964,9546
15.9994,9545
16.0168,9544
16.0203,9543
16.0233,9542
16.0263,9541
16.0504,9540
16.0534,9539
16.0566,9538
16.0737,9537
16.0767,9536
16.0798,9535
16.0931,9534
16.0972,9533
16.1002,9532
16.1032,9531
16.1262,9530
16.1292,9529
16.1322,9528
16.1486,9527
16.1517,9526
16.1571,9525
16.1761,9524
16.1793,9523
16.1824,9522
16.1854,9521
16.2069,9520
16.2099,9519
16.2224,9518
16.2254,9517
16.2285,9516
16.2426,9515
16.2457,9514
16.2487,9513
16.265,9512
16.2681,9511
16.2711,9510
16.2805,9509
16.2835,9508
16.2866,9507
16.2896,9506
16.3027,9505
16.3058,9504
16.3088,9503
16.3157,9502
16.3188,9501
16.3218,9500
16.3258,9499
16.3288,9498
16.3318,9497
16.3348,9496
16.3383,9495
16.3823,9494
16.3855,9493
16.3987,9492
16.4017,9491
16.4047,9490
16.4231,9489
16.4261,9488
16.4291,9487
16.4321,9486
16.4447,9485
16.4635,9484
16.4666,9483
16.4823,9482
16.5053,9481
16.5084,9480
16.5114,9479
16.5288,9478
16.5319,9477
16.5349,9476
16.5379,9475
16.5583,9474
16.5613,9473
16.5805,9472
16.5954,9471
16.5985,9470
16.6015,9469
16.6145,9468
16.6176,9467
16.6206,9466
16.6236,9465
16.6449,9464
16.6479,9463
16.6509,9462
16.6718,9461
16.6749,9460
16.6784,9459
16.6944,9458
16.6974,9457
16.7005,9456
16.7035,9455
16.727,9454
16.7301,9453
16.7331,9452
16.7477,9451
16.7507,9450
16.7777,9449
16.7807,9448
16.796,9447
16.799,9446
16.8022,9445
16.8054,9444
16.8362,9443
16.8393,9442
16.8423,9441
16.8553,9440
16.8584,9439
16.8614,9438
16.8744,9437
16.8775,9436
16.8805,9435
16.8835,9434
16.8987,9433
16.9017,9432
16.905,9431
16.9291,9430
16.9323,9429
16.9353,9428
16.9627,9427
16.9657,9426
16.9691,9425
16.9721,9424
16.9852,9423
16.9883,9422
16.9913,9421
17.0102,9420
17.0133,9419
17.0163,9418
17.0392,9417
17.0423,9416
17.0453,9415
17.0483,9414
17.0536,9413
17.0566,9412
17.0596,9411
17.0888,9410
17.0918,9409
17.0948,9408
17.1065,9407
17.1095,9406
17.1125,9405
17.1155,9404
17.1302,9403
17.1332,9402
17.1364,9401
17.1617,9400
17.1648,9399
17.168,9398
17.1807,9397
17.1838,9396
17.1868,9395
17.2199,9394
17.2229,9393
17.2259,9392
17.2289,9391
17.2678,9390
17.2708,9389
17.2737,9388
17.3196,9387
17.3348,9386
17.3383,9385
17.3413,9384
17.345,9383
17.3849,9382
17.3883,9381
17.3913,9380
17.4115,9379
17.4145,9378
17.4175,9377
17.4394,9376
17.4425,9375
17.4455,9374
17.4485,9373
17.4673,9372
17.4703,9371
17.4733,9370
17.4949,9369
17.4983,9368
17.5017,9367
17.5256,9366
17.5286,9365
17.5317,9364
17.5545,9363
17.5577,9362
17.5607,9361
17.5644,9360
17.6274,9359
17.6304,9358
17.6334,9357
17.6465,9356
17.6495,9355
17.6525,9354
17.6726,9353
17.6756,9352
17.6786,9351
17.6816,9350
17.7043,9349
17.7073,9348
17.7103,9347
17.7257,9346
17.7287,9345
17.7317,9344
17.7579,9343
17.7609,9342
17.7639,9341
17.7669,9340
17.7876,9339
17.7907,9338
17.7963,9337
17.8437,9336
17.8467,9335
17.85,9334
17.8815,9333
17.8854,9332
17.8888,9331
17.9152,9330
17.9193,9329
17.9235,9328
17.9559,9327
18.0004,9326
18.0113,9325
18.0144,9324
18.0174,9323
18.0382,9322
18.0412,9321
18.0443,9320
18.0639,9319
18.0669,9318
18.0699,9317
18.0729,9316
18.1101,9315
18.1131,9314
18.1162,9313
18.132,9312
18.1351,9311
18.138,9310
18.1887,9309
18.1917,9308
18.1947,9307
18.1977,9306
18.2208,9305
18.2239,9304
18.2269,9303
18.2507,9302
18.2797,9301
18.2827,9300
18.2857,9299
18.2887,9298
18.3045,9297
18.3074,9296
18.3105,9295
18.3276,9294
18.3307,9293
18.3337,9292
18.3476,9291
18.3509,9290
18.3539,9289
18.3569,9288
18.4446,9287
18.4478,9286
18.4509,9285
18.4642,9284
18.4672,9283
18.4702,9282
18.487,9281
18.49,9280
18.4935,9279
18.5151,9278
18.5181,9277
18.5213,9276
18.5243,9275
18.5471,9274
18.5683,9273
18.5713,9272
18.5743,9271
18.5999,9270
18.6029,9269
18.6059,9268
18.6089,9267
18.6294,9266
18.6324,9265
18.6364,9264
18.6869,9263
18.6901,9262
18.6932,9261
18.7124,9260
18.7155,9259
18.7268,9258
18.7517,9257
18.7547,9256
18.7576,9255
18.7749,9254
18.7784,9253
18.7814,9252
18.7845,9251
18.803,9250
18.8062,9249
18.8091,9248
18.8277,9247
18.8308,9246
18.8338,9245
18.8565,9244
18.8595,9243
18.8625,9242
18.8655,9241
18.8818,9240
18.8899,9239
18.907,9238
18.911,9237
18.9147,9236
18.9178,9235
18.9559,9234
18.9749,9233
18.9779,9232
18.981,9231
18.984,9230
19.0094,9229
19.0124,9228
19.0154,9227
19.0301,9226
19.0332,9225
19.0362,9224
19.0392,9223
19.0422,9222
19.0451,9221
19.0481,9220
19.0794,9219
19.0824,9218
19.0854,9217
19.0932,9216
19.0962,9215
19.0992,9214
19.1385,9213
19.1415,9212
19.1445,9211
19.1476,9210
19.1699,9209
19.1728,9208
19.1758,9207
19.1889,9206
19.1919,9205
19.1949,9204
19.2302,9203
19.2332,9202
19.2363,9201
19.2393,9200
19.2653,9199
19.2685,9198
19.2735,9197
19.2811,9196
19.2841,9195
19.2871,9194
19.3329,9193
19.3359,9192
19.3389,9191
19.3419,9190
19.3449,9189
19.3479,9188
19.3509,9187
19.3576,9186
19.3606,9185
19.3636,9184
19.3946,9183
19.3977,9182
19.4007,9181
19.4165,9180
19.4195,9179
19.4228,9178
19.426,9177
19.4474,9176
19.4504,9175
19.4535,9174
19.4686,9173
19.4716,9172
19.4747,9171
19.5032,9170
19.5062,9169
19.5092,9168
19.5162,9167
19.5637,9166
19.5669,9165
19.5699,9164
19.5931,9163
19.5961,9162
19.5991,9161
19.6163,9160
19.6194,9159
19.6224,9158
19.6254,9157
19.6386,9156
19.6416,9155
19.6446,9154
19.6645,9153
19.6676,9152
19.6705,9151
19.6919,9150
19.6953,9149
19.6983,9148
19.7012,9147
19.7189,9146
19.7219,9145
19.7274,9144
19.7508,9143
19.7538,9142
19.7568,9141
19.7857,9140
19.7891,9139
19.7954,9138
19.8155,9137
19.8185,9136
19.8215,9135
19.8245,9134
19.846,9133
19.8489,9132
19.8656,9131
19.872,9130
19.8977,9129
19.9007,9128
19.9037,9127
19.9067,9126
19.923,9125
19.9272,9124
19.947,9123
19.95,9122
19.9735,9121
19.9765,9120
19.9905,9119
19.9935,9118
20.0138,9117
20.0238,9116
20.0415,9115
20.0444,9114
20.0591,9113
20.0621,9112
20.0651,9111
20.0681,9110
20.0863,9109
20.0893,9108
20.0923,9107
20.1083,9106
20.1113,9105
20.1143,9104
20.1374,9103
20.1405,9102
20.1435,9101
20.1464,9100
20.161,9099
20.164,9098
20.167,9097
20.1891,9096
20.1921,9095
20.195,9094
20.2168,9093
20.2198,9092
20.2227,9091
20.2257,9090
20.2351,9089
20.2381,9088
20.2411,9087
20.274,9086
20.277,9085
20.2805,9084
20.2982,9083
20.3012,9082
20.3042,9081
20.3072,9080
20.3258,9079
20.3288,9078
20.3317,9077
20.3495,9076
20.3525,9075
20.3555,9074
20.3763,9073
20.3793,9072
20.3963,9071
20.3993,9070
20.4023,9069
20.4246,9068
20.4276,9067
20.4305,9066
20.4483,9065
20.4574,9064
20.479,9063
20.482,9062
20.485,9061
20.5012,9060
20.5042,9059
20.5071,9058
20.5274,9057
20.5304,9056
20.5334,9055
20.5364,9054
20.5523,9053
20.5553,9052
20.5583,9051
20.5785,9050
20.5882,9049
20.6004,9048
20.6042,9047
20.6076,9046
20.6106,9045
20.6328,9044
20.6418,9043
20.6549,9042
20.6579,9041
20.6608,9040
20.6791,9039
20.682,9038
20.685,9037
20.7029,9036
20.7059,9035
20.7089,9034
20.7118,9033
20.731,9032
20.734,9031
20.7369,9030
20.75,9029
20.753,9028
20.756,9027
20.7793,9026
20.7823,9025
20.7854,9024
20.7883,9023
20.8159,9022
20.8205,9021
20.8242,9020
20.8334,9019
20.8371,9018
20.8404,9017
20.8754,9016
20.8785,9015
20.8814,9014
20.8844,9013
20.907,9012
20.91,9011
20.913,9010
20.9282,9009
20.9312,9008
20.9342,9007
20.9373,9006
20.9402,9005
20.9432,9004
20.9461,9003
20.9695,9002
20.9725,9001
20.9754,9000
20.9983,8999
21.0013,8998
21.0043,8997
21.0333,8996
21.0363,8995
21.0434,8994
21.0464,8993
21.0511,8992
21.0943,8991
21.0973,8990
21.1003,8989
21.1203,8988
21.1234,8987
21.1264,8986
21.1294,8985
21.1455,8984
21.1497,8983
21.1527,8982
21.1733,8981
21.1764,8980
21.1794,8979
21.1996,8978
21.2026,8977
21.2056,8976
21.2086,8975
21.2355,8974
21.2385,8973
21.2415,8972
21.2708,8971
21.2738,8970
21.2767,8969
21.324,8968
21.327,8967
21.33,8966
21.333,8965
21.3563,8964
21.3593,8963
21.3622,8962
21.3871,8961
21.3901,8960
21.3931,8959
21.4151,8958
21.4181,8957
21.4211,8956
21.424,8955
21.4464,8954
21.4495,8953
21.4525,8952
21.4752,8951
21.4783,8950
21.4813,8949
21.4984,8948
21.5176,8947
21.5206,8946
21.5236,8945
21.5467,8944
21.5497,8943
21.5526,8942
21.5757,8941
21.5787,8940
21.5816,8939
21.6075,8938
21.6373,8937
21.6406,8936
21.6685,8935
21.6715,8934
21.6745,8933
21.6962,8932
21.6992,8931
21.7025,8930
21.7092,8929
21.8638,8928
21.8668,8927
21.8698,8926
21.8732,8925
21.8762,8924
21.8791,8923
21.906,8922
21.9116,8921
21.9148,8920
21.9637,8919
21.9698,8918
21.9738,8917
21.9784,8916
21.986,8915
21.9897,8914
21.9929,8913
22.0278,8912
22.0731,8911
22.0769,8910
22.0801,8909
22.0831,8908
22.1288,8907
22.1318,8906
22.1348,8905
22.1589,8904
22.1622,8903
22.1657,8902
22.1942,8901
22.1975,8900
22.2083,8899
22.2123,8898
22.2158,8897
22.2813,8896
22.2853,8895
22.2885,8894
22.2915,8893
22.2945,8892
22.2974,8891
22.3394,8890
22.348,8889
22.351,8888
22.3539,8887
22.371,8886
22.3741,8885
22.3772,8884
22.4106,8883
22.4136,8882
22.4166,8881
22.4385,8880
22.4475,8879
22.4633,8878
22.4662,8877
22.4692,8876
22.494,8875
22.4972,8874
22.502,8873
22.5194,8872
22.5224,8871
22.5254,8870
22.5283,8869
22.5313,8868
22.546,8867
22.549,8866
22.5521,8865
22.5551,8864
22.5774,8863
22.5804,8862
22.5835,8861
22.5973,8860
22.6003,8859
22.6033,8858
22.6255,8857
22.6285,8856
22.6314,8855
22.6344,8854
22.6552,8853
22.6582,8852
22.6611,8851
22.677,8850
22.7031,8849
22.7061,8848
22.709,8847
22.712,8846
22.7152,8845
22.7181,8844
22.7211,8843
22.75,8842
22.7532,8841
22.7561,8840
22.7736,8839
22.7827,8838
22.8015,8837
22.8046,8836
22.8075,8835
22.8248,8834
22.8278,8833
22.8309,8832
22.8498,8831
22.8528,8830
22.8557,8829
22.8587,8828
22.8813,8827
22.8843,8826
22.8873,8825
22.9075,8824
22.9105,8823
22.9135,8822
22.9326,8821
22.9356,8820
22.9387,8819
22.9416,8818
22.9623,8817
22.9838,8816
22.9868,8815
22.9898,8814
22.9928,8813
22.9958,8812
22.9987,8811
23.0018,8810
23.0338,8809
23.0367,8808
23.0398,8807
23.0683,8806
23.0845,8805
23.0876,8804
23.0906,8803
23.0936,8802
23.1134,8801
23.1164,8800
23.1194,8799
23.1517,8798
23.1777,8797
23.1806,8796
23.1836,8795
23.1866,8794
23.1906,8793
23.1936,8792
23.1965,8791
23.2176,8790
23.2205,8789
23.2235,8788
23.2264,8787
23.2424,8786
23.2453,8785
23.2483,8784
23.2797,8783
23.2827,8782
23.2856,8781
23.3072,8780
23.3101,8779
23.3306,8778
23.3336,8777
23.3366,8776
23.3424,8775
23.3454,8774
23.3484,8773
23.3692,8772
23.3723,8771
23.3757,8770
23.3787,8769
23.3952,8768
23.4309,8767
23.4339,8766
23.4369,8765
23.4455,8764
23.4485,8763
23.4515,8762
23.4544,8761
23.4721,8760
23.475,8759
23.478,8758
23.5011,8757
23.5041,8756
23.507,8755
23.51,8754
23.5374,8753
23.5624,8752
23.5654,8751
23.5684,8750
23.5756,8749
23.5787,8748
23.5817,8747
23.6042,8746
23.6072,8745
23.6172,8744
23.6202,8743
23.6232,8742
23.6466,8741
23.6495,8740
23.6698,8739
23.6729,8738
23.6759,8737
23.6788,8736
23.7054,8735
23.7084,8734
23.7114,8733
23.7284,8732
23.7314,8731
23.7343,8730
23.7448,8729
23.7478,8728
23.7508,8727
23.7537,8726
23.7768,8725
23.798,8724
23.801,8723
23.804,8722
23.807,8721
23.8264,8720
23.8294,8719
23.8324,8718
23.855,8717
23.858,8716
23.861,8715
23.8761,8714
23.8792,8713
23.8822,8712
23.8851,8711
23.9145,8710
23.9175,8709
23.9204,8708
23.9329,8707
23.9359,8706
23.9389,8705
23.9562,8704
23.9592,8703
23.9624,8702
23.9654,8701
23.9853,8700
23.9883,8699
23.9914,8698
24.0131,8697
24.0161,8696
24.0423,8695
24.0454,8694
24.0483,8693
24.0604,8692
24.0634,8691
24.0664,8690
24.0696,8689
24.0726,8688
24.0755,8687
24.0785,8686
24.112,8685
24.1151,8684
24.118,8683
24.1402,8682
24.1432,8681
24.1465,8680
24.17,8679
24.1729,8678
24.176,8677
24.1789,8676
24.1969,8675
24.1999,8674
24.2248,8673
24.2279,8672
24.2436,8671
24.2466,8670
24.2496,8669
24.2526,8668
24.2735,8667
24.2766,8666
24.2795,8665
24.2837,8664
24.2867,8663
24.2897,8662
24.3172,8661
24.3202,8660
24.3234,8659
24.3264,8658
24.3449,8657
24.3481,8656
24.3511,8655
24.3689,8654
24.3719,8653
24.375,8652
24.3974,8651
24.4005,8650
24.4124,8649
24.4154,8648
24.4183,8647
24.4493,8646
24.4525,8645
24.4555,8644
24.4585,8643
24.4748,8642
24.4779,8641
24.4808,8640
24.498,8639
24.501,8638
24.5041,8637
24.5261,8636
24.5292,8635
24.5322,8634
24.5357,8633
24.5543,8632
24.5573,8631
24.5602,8630
24.5768,8629
24.5798,8628
24.5829,8627
24.6024,8626
24.6054,8625
24.6084,8624
24.6113,8623
24.6357,8622
24.6556,8621
24.6587,8620
24.6619,8619
24.6795,8618
24.6825,8617
24.6855,8616
24.6885,8615
24.7082,8614
24.7112,8613
24.7141,8612
24.7317,8611
24.735,8610
24.7381,8609
24.757,8608
24.7659,8607
24.7844,8606
24.7874,8605
24.7903,8604
24.8122,8603
24.8151,8602
24.8181,8601
24.821,8600
24.8387,8599
24.8417,8598
24.8446,8597
24.8582,8596
24.8612,8595
24.8642,8594
24.8898,8593
24.8968,8592
24.8998,8591
24.9029,8590
24.9059,8589
24.9088,8588
24.9117,8587
24.9402,8586
24.9431,8585
24.9462,8584
24.964,8583
24.973,8582
24.9923,8581
24.9954,8580
24.9984,8579
25.0276,8578
25.0306,8577
25.0335,8576
25.0589,8575
25.0618,8574
25.065,8573
25.068,8572
25.0924,8571
25.0954,8570
25.0984,8569
25.1189,8568
25.1219,8567
25.1249,8566
25.1913,8565
25.1942,8564
25.1972,8563
25.2002,8562
25.2033,8561
25.2063,8560
25.2092,8559
25.2122,8558
25.2151,8557
25.2239,8556
25.2277,8555
25.2308,8554
25.2337,8553
25.2616,8552
25.2646,8551
25.2676,8550
25.2857,8549
25.2887,8548
25.302,8547
25.3049,8546
25.3165,8545
25.3195,8544
25.3224,8543
25.3403,8542
25.3434,8541
25.3464,8540
25.3493,8539
25.368,8538
25.371,8537
25.374,8536
25.3902,8535
25.3932,8534
25.3962,8533
25.42,8532
25.423,8531
25.4259,8530
25.4289,8529
25.4523,8528
25.4553,8527
25.4582,8526
25.4742,8525
25.4772,8524
25.492,8523
25.5234,8522
25.5264,8521
25.5294,8520
25.5609,8519
25.5641,8518
25.5671,8517
25.5701,8516
25.594,8515
25.5969,8514
25.5999,8513
25.6114,8512
25.6144,8511
25.6173,8510
25.6336,8509
25.6365,8508
25.6401,8507
25.6432,8506
25.6662,8505
25.6773,8504
25.6811,8503
25.6914,8502
25.6944,8501
25.6974,8500
25.7217,8499
25.725,8498
25.728,8497
25.731,8496
25.7615,8495
25.7646,8494
25.7675,8493
25.8161,8492
25.8191,8491
25.8576,8490
25.8605,8489
25.8868,8488
25.8897,8487
25.9064,8486
25.9094,8485
25.9124,8484
25.9336,8483
25.937,8482
25.9636,8481
25.9666,8480
25.9697,8479
26.0185,8478
26.0411,8477
26.044,8476
26.047,8475
26.05,8474
26.075,8473
26.0779,8472
26.0809,8471
26.0982,8470
26.1012,8469
26.1041,8468
26.1071,8467
26.1272,8466
26.1304,8465
26.1339,8464
26.158,8463
26.161,8462
26.1639,8461
26.1853,8460
26.1883,8459
26.1912,8458
26.1942,8457
26.2014,8456
26.2044,8455
26.2353,8454
26.2653,8453
26.2846,8452
26.2876,8451
26.2905,8450
26.3081,8449
26.3111,8448
26.314,8447
26.317,8446
26.334,8445
26.337,8444
26.3399,8443
26.359,8442
26.3624,8441
26.3653,8440
26.3836,8439
26.3865,8438
26.3895,8437
26.3924,8436
26.4164,8435
26.4194,8434
26.4224,8433
26.4333,8432
26.4363,8431
26.4392,8430
26.4556,8429
26.4587,8428
26.4616,8427
26.4874,8426
26.4904,8425
26.4977,8424
26.5006,8423
26.5035,8422
26.5065,8421
26.5295,8420
26.5325,8419
26.5355,8418
26.5653,8417
26.5884,8416
26.5913,8415
26.5943,8414
26.5972,8413
26.6162,8412
26.6191,8411
26.6221,8410
26.6451,8409
26.648,8408
26.651,8407
26.654,8406
26.6772,8405
26.6902,8404
26.6932,8403
26.6961,8402
26.7169,8401
26.7199,8400
26.7229,8399
26.7258,8398
26.7492,8397
26.7705,8396
26.7735,8395
26.7764,8394
26.797,8393
26.8,8392
26.8029,8391
26.8059,8390
26.8189,8389
26.8219,8388
26.8248,8387
26.84,8386
26.843,8385
26.8672,8384
26.8702,8383
26.8732,8382
26.8966,8381
26.8996,8380
26.9025,8379
26.9209,8378
26.9239,8377
26.9306,8376
26.9336,8375
26.975,8374
26.978,8373
26.9809,8372
27.0023,8371
27.0052,8370
27.0082,8369
27.0129,8368
27.0159,8367
27.0188,8366
27.0419,8365
27.0449,8364
27.0478,8363
27.0508,8362
27.0769,8361
27.1056,8360
27.1085,8359
27.1115,8358
27.1304,8357
27.1393,8356
27.1564,8355
27.1593,8354
27.1622,8353
27.1812,8352
27.1842,8351
27.1871,8350
27.19,8349
27.193,8348
27.1959,8347
27.1989,8346
27.2163,8345
27.2192,8344
27.2437,8343
27.2467,8342
27.2497,8341
27.2676,8340
27.2705,8339
27.2735,8338
27.2918,8337
27.2947,8336
27.2977,8335
27.3006,8334
27.3337,8333
27.3366,8332
27.3396,8331
27.3577,8330
27.3608,8329
27.3638,8328
27.3822,8327
27.3852,8326
27.3882,8325
27.4119,8324
27.4148,8323
27.4333,8322
27.4363,8321
27.4393,8320
27.4422,8319
27.4598,8318
27.4628,8317
27.4657,8316
27.4842,8315
27.4871,8314
27.4901,8313
27.5097,8312
27.5126,8311
27.5156,8310
27.5185,8309
27.5315,8308
27.5346,8307
27.5376,8306
27.5565,8305
27.5595,8304
27.5624,8303
27.5694,8302
27.5724,8301
27.5998,8300
27.6028,8299
27.6057,8298
27.6261,8297
27.629,8296
27.632,8295
27.6776,8294
27.6806,8293
27.6835,8292
27.7002,8291
27.7031,8290
27.7061,8289
27.709,8288
27.7319,8287
27.7349,8286
27.7597,8285
27.7626,8284
27.7656,8283
27.7896,8282
27.8122,8281
27.8152,8280
27.8181,8279
27.8534,8278
27.8563,8277
27.8596,8276
27.8761,8275
27.8791,8274
27.8821,8273
27.9058,8272
27.9089,8271
27.9119,8270
27.9148,8269
27.9388,8268
27.9418,8267
27.9447,8266
27.9618,8265
27.9647,8264
27.9677,8263
27.9706,8262
27.9928,8261
27.9959,8260
27.9988,8259
28.0133,8258
28.0162,8257
28.0405,8256
28.0435,8255
28.0465,8254
28.0642,8253
28.0671,8252
28.07,8251
28.0914,8250
28.0944,8249
28.0973,8248
28.65,8247
28.6531,8246
28.6679,8245
28.6709,8244
28.6738,8243
28.6767,8242
28.6796,8241
28.6825,8240
28.6886,8239
28.6923,8238
28.6985,8237
28.7193,8236
28.7222,8235
28.7323,8234
28.7568,8233
28.7597,8232
28.7633,8231
28.8022,8230
28.8052,8229
28.8081,8228
28.8117,8227
28.8147,8226
28.8176,8225
28.8205,8224
28.8788,8223
28.8982,8222
28.9011,8221
28.9743,8220
29.0205,8219
29.0236,8218
29.0265,8217
29.0572,8216
29.0846,8215
29.0875,8214
29.1031,8213
29.106,8212
29.109,8211
29.1119,8210
29.1332,8209
29.1361,8208
29.1703,8207
29.1733,8206
29.1996,8205
29.2026,8204
29.2056,8203
29.2085,8202
29.2191,8201
29.2244,8200
29.2274,8199
29.2687,8198
29.2743,8197
29.2773,8196
29.2803,8195
29.2833,8194
29.3424,8193
29.3453,8192
29.3483,8191
29.3763,8190
29.3792,8189
29.3822,8188
29.3851,8187
29.4044,8186
29.4073,8185
29.4102,8184
29.4388,8183
29.4618,8182
29.4649,8181
29.4679,8180
29.4708,8179
29.5189,8178
29.5218,8177
29.5248,8176
29.542,8175
29.545,8174
29.548,8173
29.5646,8172
29.5677,8171
29.5711,8170
29.5754,8169
29.6408,8168
29.6437,8167
29.6467,8166
29.67,8165
29.6747,8164
29.6776,8163
29.7008,8162
29.7037,8161
29.7066,8160
29.724,8159
29.7284,8158
29.7331,8157
29.7362,8156
29.7409,8155
29.7448,8154
29.8159,8153
29.8189,8152
29.8337,8151
29.8367,8150
29.873,8149
29.8759,8148
29.8788,8147
29.9018,8146
29.9048,8145
29.9077,8144
30.0032,8143
30.026,8142
30.029,8141
30.032,8140
30.0655,8139
30.0685,8138
30.0926,8137
30.0955,8136
30.0984,8135
30.1225,8134
30.1254,8133
30.1283,8132
30.1459,8131
30.1489,8130
30.1518,8129
30.1547,8128
30.1771,8127
30.1801,8126
30.1831,8125
30.207,8124
30.21,8123
30.2137,8122
30.2336,8121
30.2366,8120
30.2396,8119
30.2425,8118
30.2497,8117
30.2526,8116
30.2555,8115
30.2811,8114
30.2842,8113
30.2871,8112
30.2901,8111
30.3081,8110
30.3111,8109
30.3374,8108
30.3405,8107
30.3617,8106
30.3646,8105
30.3676,8104
30.3868,8103
30.3914,8102
30.4224,8101
30.4315,8100
30.4473,8099
30.4502,8098
30.4532,8097
30.4693,8096
30.4724,8095
30.4755,8094
30.4979,8093
30.5008,8092
30.5038,8091
30.5092,8090
30.5368,8089
30.559,8088
30.5619,8087
30.5832,8086
30.6022,8085
30.6052,8084
30.6081,8083
30.6267,8082
30.6301,8081
30.6538,8080
30.6568,8079
30.6597,8078
30.6765,8077
30.6795,8076
30.6824,8075
30.6853,8074
30.7063,8073
30.7092,8072
30.7122,8071
30.7428,8070
30.7528,8069
30.7558,8068
30.7588,8067
30.7617,8066
30.7877,8065
30.8584,8064
30.8613,8063
30.8843,8062
30.8932,8061
30.9113,8060
30.9142,8059
30.9392,8058
30.9423,8057
30.9452,8056
30.9956,8055
30.9985,8054
31.0189,8053
31.0218,8052
31.0247,8051
31.0277,8050
31.045,8049
31.048,8048
31.0511,8047
31.0702,8046
31.0732,8045
31.0762,8044
31.0792,8043
31.0983,8042
31.1012,8041
31.115,8040
31.1729,8039
31.1759,8038
31.1934,8037
31.1964,8036
31.1993,8035
31.2022,8034
31.2275,8033
31.2305,8032
31.2543,8031
31.2574,8030
31.2753,8029
31.2786,8028
31.2816,8027
31.2846,8026
31.3043,8025
31.3287,8024
31.3318,8023
31.3347,8022
31.3377,8021
31.3555,8020
31.3607,8019
31.3637,8018
31.3806,8017
31.3836,8016
31.3865,8015
31.4026,8014
31.4057,8013
31.4396,8012
31.4623,8011
31.4653,8010
31.4682,8009
31.4712,8008
31.4752,8007
31.4782,8006
31.4811,8005
31.5197,8004
31.5329,8003
31.5359,8002
31.5389,8001
31.5419,8000
31.5685,7999
31.6039,7998
31.6383,7997
31.6423,7996
31.6452,7995
31.6484,7994
31.6514,7993
31.6543,7992
31.6572,7991
31.6826,7990
31.6855,7989
31.6884,7988
31.7087,7987
31.7677,7986
31.7881,7985
31.7915,7984
31.7945,7983
31.7974,7982
31.821,7981
31.824,7980
31.8466,7979
31.8495,7978
31.8817,7977
32.0151,7976
32.0186,7975
32.0216,7974
32.0245,7973
32.0276,7972
32.0305,7971
32.0335,7970
32.0943,7969
32.1339,7968
32.1503,7967
32.1596,7966
32.181,7965
32.2043,7964
32.2073,7963
32.2367,7962
32.2525,7961
32.2554,7960
32.2583,7959
32.2849,7958
32.2878,7957
32.3308,7956
32.3339,7955
32.3368,7954
32.3397,7953
32.3591,7952
32.4043,7951
32.4072,7950
32.4257,7949
32.4286,7948
32.4462,7947
32.4492,7946
32.4521,7945
32.4707,7944
32.4737,7943
32.4766,7942
32.4934,7941
32.4964,7940
32.5256,7939
32.544,7938
32.547,7937
32.55,7936
32.5529,7935
32.5724,7934
32.5977,7933
32.6344,7932
32.6373,7931
32.6629,7930
32.69,7929
32.693,7928
32.706,7927
32.709,7926
32.7119,7925
32.7448,7924
32.7481,7923
32.7865,7922
32.7899,7921
32.794,7920
32.8045,7919
32.8352,7918
32.8381,7917
32.8654,7916
32.8683,7915
32.8833,7914
32.8921,7913
32.895,7912
32.8979,7911
32.9195,7910
32.9225,7909
32.9707,7908
32.9736,7907
32.995,7906
32.998,7905
33.0009,7904
33.0464,7903
33.0554,7902
33.0812,7901
33.0985,7900
33.1015,7899
33.1044,7898
33.1877,7897
33.2134,7896
33.2163,7895
33.2193,7894
33.2938,7893
33.3208,7892
33.3238,7891
33.3267,7890
33.3515,7889
33.3545,7888
33.3574,7887
33.3603,7886
33.3818,7885
33.4101,7884
33.4138,7883
33.4167,7882
33.4196,7881
33.4416,7880
33.4446,7879
33.4475,7878
33.4735,7877
33.4764,7876
33.5263,7875
33.5907,7874
33.615,7873
33.6329,7872
33.6358,7871
33.6387,7870
33.6645,7869
33.6733,7868
33.703,7867
33.9961,7866
34.0092,7865
34.0121,7864
34.015,7863
34.0533,7862
34.0564,7861
34.0594,7860
34.0807,7859
34.0837,7858
34.0867,7857
34.0896,7856
34.1424,7855
34.1651,7854
34.168,7853
34.1709,7852
34.1931,7851
34.196,7850
34.199,7849
34.3457,7848
34.3487,7847
34.3779,7846
34.3853,7845
34.3883,7844
34.3912,7843
34.4003,7842
34.4415,7841
34.4445,7840
34.4591,7839
34.4621,7838
34.505,7837
34.5084,7836
34.5114,7835
34.5411,7834
34.5556,7833
34.5647,7832
34.5865,7831
34.6177,7830
34.6388,7829
34.6419,7828
34.6448,7827
34.6478,7826
34.6677,7825
34.7186,7824
34.7216,7823
34.7245,7822
34.7464,7821
34.7494,7820
34.7523,7819
34.7553,7818
34.7799,7817
34.7992,7816
34.8235,7815
34.8514,7814
34.8759,7813
34.8958,7812
34.9477,7811
34.9506,7810
34.9539,7809
34.9778,7808
34.9807,7807
35.0113,7806
35.0144,7805
35.0387,7804
35.0418,7803
35.062,7802
35.0708,7801
35.0875,7800
35.0905,7799
35.1453,7798
35.1483,7797
35.1687,7796
35.1716,7795
35.3598,7794
35.4104,7793
35.4383,7792
35.4681,7791
35.6864,7790
35.6893,7789
35.7227,7788
35.8361,7787
35.8391,7786
35.8538,7785
35.8568,7784
35.8597,7783
35.8626,7782
35.882,7781
36.0267,7780
36.0427,7779
36.0456,7778
36.0486,7777
36.0515,7776
36.069,7775
36.072,7774
36.1016,7773
36.1045,7772
36.1076,7771
36.3823,7770
36.5345,7769
36.557,7768
36.5871,7767
36.6122,7766
36.6367,7765
36.6396,7764
36.6425,7763
36.6702,7762
36.678,7761
36.6898,7760
36.7343,7759
36.7373,7758
36.7543,7757
36.7573,7756
36.7601,7755
36.8113,7754
36.8142,7753
37.0418,7752
37.0703,7751
37.1874,7750
37.1903,7749
37.1933,7748
37.1962,7747
37.2902,7746
37.2931,7745
37.412,7744
37.4446,7743
37.4741,7742
37.7519,7741
37.8943,7740
37.9606,7739
37.9637,7738
38.0185,7737
38.0214,7736
38.0243,7735
38.0956,7734
38.2441,7733
38.2631,7732
38.3644,7731
38.3674,7730
38.4452,7729
38.4926,7728
38.4956,7727
38.5445,7726
38.6436,7725
38.6466,7724
38.742,7723
38.7513,7722
38.7814,7721
38.8125,7720
38.8154,7719
38.8401,7718
39.0705,7717
39.0878,7716
39.1117,7715
39.1146,7714
39.2161,7713
39.2191,7712
39.2221,7711
39.225,7710
39.2399,7709
39.2614,7708
39.2876,7707
39.3582,7706
39.4877,7705
39.5126,7704
39.5155,7703
39.5318,7702
39.5351,7701
41.1632,7700
41.2096,7699
41.2405,7698
41.2434,7697
41.2597,7696
41.2626,7695
41.2655,7694
41.3083,7693
41.3416,7692
41.3771,7691
41.4569,7690
41.4656,7689
41.522,7688
41.5509,7687
42.3201,7686
42.3234,7685
42.3605,7684
42.4254,7683
42.4292,7682
42.5827,7681
42.6756,7680
42.6785,7679
42.8918,7678
42.9384,7677
42.9413,7676
42.9707,7675
43.0447,7674
43.0477,7673
43.0506,7672
43.0732,7671
43.1036,7670
43.1776,7669
43.196,7668
43.1989,7667
43.7548,7666
44.2803,7665
48.8887,7664
48.9722,7663
49.0187,7662
49.0599,7661
49.4478,7660
49.4754,7659
49.4783,7658
49.5034,7657
49.5063,7656
49.6958,7655
51.6116,7654
52.3275,7653
52.3304,7652
54.2797,7651
54.3012,7650
54.3041,7649
54.307,7648
54.3291,7647
54.3321,7646
54.335,7645
54.3378,7644
54.9269,7643
54.9518,7642
54.9605,7641
54.9889,7640
55.018,7639
55.0474,7638
55.0504,7637
55.0686,7636
55.0773,7635
55.0964,7634
55.1118,7633
55.1148,7632
55.1184,7631
55.1468,7630
56.4144,7629
68.2247,7628
68.2477,7627
68.2783,7626
68.3072,7625
68.3101,7624
68.3346,7623
73.682,7622
73.6849,7621
73.6878,7620
77.9313,7619
77.9489,7618
77.9519,7617
77.9548,7616
78.029,7615
78.0734,7614
78.0763,7613
78.6354,7612
79.6287,7611
79.65,7610
81.0695,7609
81.0724,7608
81.0864,7607
81.3514,7606
81.3543,7605
81.3897,7604
81.7044,7603
81.7198,7602
81.7227,7601
81.7256,7600
81.7462,7599
81.7549,7598
86.8058,7597
86.8094,7596
87.2776,7595
87.437,7594
87.4654,7593
87.4685,7592
87.8494,7591
87.858,7590
87.8718,7589
87.8961,7588
87.9193,7587
89.8719,7586
89.8918,7585
90.1423,7584
90.1879,7583
90.3159,7582
90.3369,7581
100.676,7580
101.563,7579
101.585,7578
101.587,7577
101.59,7576
101.985,7575
101.988,7574
103.047,7573
103.209,7572
103.465,7571
103.805,7570
103.969,7569
104.029,7568
104.082,7567
104.135,7566
111.154,7565
111.187,7564
111.205,7563
111.208,7562
111.211,7561
111.214,7560
111.236,7559
111.312,7558
111.315,7557
111.318,7556
111.337,7555
111.536,7554
111.539,7553
111.645,7552
111.648,7551
124.299,7550
124.322,7549
124.991,7548
125.128,7547
125.205,7546
125.208,7545
125.27,7544
125.533,7543
125.542,7542
125.915,7541
126.073,7540
126.1,7539
126.459,7538
127.204,7537
127.239,7536
127.273,7535
127.308,7534
135.392,7533
135.484,7532
140.437,7531
140.55,7530
141.531,7529
141.538,7528
141.541,7527
143.208,7526
143.211,7525
143.235,7524
143.295,7523
150.018,7522
150.066,7521
150.305,7520
150.332,7519
150.335,7518
150.365,7517
156.03,7516
156.033,7515
168.049,7514
168.084,7513
168.087,7512
168.107,7511
168.11,7510
168.113,7509
168.127,7508
199.276,7507
199.34,7506
199.343,7505
199.399,7504
199.433,7503
199.533,7502
199.536,7501
199.554,7500
199.582,7499
199.645,7498
199.648,7497
226.543,7496
226.563,7495
227.061,7494
227.063,7493
227.09,7492
227.116,7491
227.541,7490
232.021,7489
233.378,7488
233.422,7487
233.462,7486
233.465,7485
234.245,7484
234.271,7483
234.322,7482
237.837,7481
237.851,7480
237.859,7479
237.883,7478
251.992,7477
252.014,7476
252.017,7475
288.182,7474
288.185,7473
291.177,7472
291.18,7471
291.185,7470
291.188,7469
314.996,7468
314.999,7467
315.002,7466
315.027,7465
315.38,7464
315.409,7463
315.466,7462
316.665,7461
316.668,7460
324.686,7459
326.596,7458
326.599,7457
326.687,7456
326.69,7455
326.693,7454
326.783,7453
326.791,7452
326.794,7451
326.819,7450
326.864,7449
326.867,7448
326.87,7447
326.888,7446
326.891,7445
327.072,7444
370.585,7443
370.588,7442
372.196,7441
430.476,7440
468.386,7439
482.99,7438
482.993,7437
482.996,7436
483.022,7435
483.025,7434
483.049,7433
516.488,7432
516.591,7431
516.594,7430
521.861,7429
521.864,7428
521.868,7427
521.89,7426
521.893,7425
521.915,7424
521.918,7423
521.921,7422
521.942,7421
711.27,7420
711.285,7419
711.288,7418
711.671,7417
712.21,7416
712.213,7415
712.215,7414
712.309,7413
760.512,7412
760.585,7411
760.588,7410
761.234,7409
761.257,7408
761.26,7407
761.263,7406
761.266,7405
761.284,7404
761.287,7403
761.348,7402
761.351,7401
786.351,7400
786.506,7399
786.533,7398
786.683,7397
1155.08,7396
1155.1,7395
1193.44,7394
1193.46,7393
1193.46,7392
1287.04,7391
1287.07,7390
1287.07,7389
1287.08,7388
1287.09,7387
1287.13,7386
1393.38,7385
1393.4,7384
1393.46,7383
1393.47,7382
1393.48,7381
1393.48,7380
1688.93,7379
1688.94,7378
1688.97,7377
1688.97,7376
1689.09,7375
1689.12,7374
1931.21,7373
1931.26,7372
2365.12,7371
2365.25,7370
2380.15,7369
2421.71,7368
2421.72,7367
2544.55,7366
2544.73,7365
2546.74,7364
2546.8,7363
2546.82,7362
2546.83,7361
2546.85,7360
2546.95,7359
2755.92,7358
2786.93,7357
2786.94,7356
2786.99,7355
2787,7354
2923.28,7353
2923.37,7352
2923.38,7351
3585.76,7350
5023.65,7349
5023.67,7348
5023.68,7347
5023.7,7346
5030.61,7345
5030.61,7344
5030.63,7343
5030.64,7342
5032.76,7341
5032.8,7340
5070.76,7339
5070.77,7338
5071.22,7337
5071.23,7336
5071.23,7335
6052.07,7334
6052.17,7333
6052.18,7332
6907.85,7331
10453,7330
10453.1,7329
10453.2,7328
10453.2,7327
10453.2,7326
10453.2,7325
10453.2,7324
10453.2,7323
10453.2,7322
10453.3,7321
10453.3,7320
10453.3,7319
10453.3,7318
19582.1,7317
19582.1,7316
