0.150809,1023
0.208795,1022
0.292897,1021
0.352767,1020
0.434952,1019
0.509058,1018
0.587336,1017
0.634735,1015
0.705736,1014
0.759415,1013
0.839118,1011
0.895496,1010
0.972365,1009
1.01837,1006
1.09093,1005
1.15272,1004
1.22339,1003
1.28627,999
1.35485,998
1.41831,997
1.50604,995
1.59038,992
1.68064,990
1.73879,989
1.81395,987
1.88024,985
1.98168,983
2.04869,981
2.13286,980
2.18409,979
2.25535,977
2.3106,976
2.38498,975
2.4402,974
2.52578,973
2.57089,971
2.62599,968
2.69923,966
2.75699,965
2.82714,962
2.88107,960
2.94816,959
3.00325,958
3.07759,957
3.14414,956
3.20993,954
3.27159,953
3.33628,950
3.39157,949
3.46191,948
3.5228,946
3.59445,945
3.65516,944
3.7232,943
3.78299,942
3.85608,940
3.90601,938
3.98143,937
4.03672,936
4.12251,935
4.18485,934
4.24074,933
4.31973,932
4.36774,931
4.4426,930
4.49931,929
4.58249,928
4.63023,927
4.70662,925
4.76178,924
4.82323,923
4.88445,920
4.94156,919
5.01256,918
5.05846,916
5.15247,915
5.23293,914
5.32187,913
5.38128,912
5.47781,911
5.53368,910
5.6224,909
5.68949,908
5.77092,907
5.83166,905
5.90564,904
5.97384,902
6.10484,901
6.15855,899
6.36945,894
6.73931,893
7.01387,892
7.08527,890
7.32859,889
7.69689,888
7.81309,887
7.8761,886
7.93319,885
8.01739,882
8.06613,881
8.41528,880
8.5872,879
8.64726,877
8.78334,876
8.95281,874
9.02729,873
9.1167,872
9.27528,871
9.63024,870
9.68615,869
10.1478,868
10.2593,867
10.5159,865
10.5896,864
10.6453,862
11.2077,861
11.2619,860
11.3952,859
11.9486,857
12.4378,853
12.5932,852
14.2903,851
14.4723,848
14.9232,847
14.9963,845
15.3588,844
15.427,843
15.4881,842
15.5508,841
15.9346,840
16.0647,839
16.1231,838
16.2301,837
16.3704,836
16.4572,835
16.6985,833
17.1757,832
17.2355,831
17.5435,830
17.6097,829
18.1065,828
18.3674,826
18.8217,824
19.4484,823
19.6828,822
19.7372,821
21.2851,820
21.4068,819
23.8222,818
24.5376,816
25.4117,815
25.6622,813
25.7279,812
26.6433,811
27.1255,810
28.4352,809
28.8093,808
29.2298,807
29.4827,806
29.6139,804
31.8508,803
32.9486,802
33.6934,800
33.9939,799
34.1364,798
36.4721,797
36.7895,796
40.5485,795
40.7904,792
44.6068,791
45.2503,789
45.3961,788
47.8176,786
86.3567,785
87.7835,783
88.4933,780
93.2113,779
187.148,778
188.33,777
188.899,776
189.352,775
190.302,774
190.712,773
226.31,772
227.263,771
229.195,770
280.255,769
281.507,768
281.751,767
330.712,766
356.145,765
356.386,764
357.171,763
816.533,762
818.877,761
1074.89,759
1542.96,758
1543.03,757
1665.63,756
1665.7,755
2374.12,754
2374.35,753
2374.54,752
2375.18,751
2375.31,750
