0.140038,1023
0.205696,1022
0.285285,1021
0.347642,1020
0.430023,1019
0.493913,1018
0.560247,1017
0.626407,1016
0.70081,1015
0.755827,1013
0.827792,1012
0.891148,1011
0.942502,1009
0.99614,1008
1.08105,1007
1.14522,1006
1.22063,1004
1.25338,1003
1.33177,1002
1.40481,1000
1.47973,998
1.55703,997
1.65077,996
1.71646,995
1.80163,994
1.86061,991
1.96026,988
2.01767,986
2.10453,984
2.15226,983
2.23519,982
2.27833,981
2.3663,980
2.4223,979
2.4916,978
2.55131,977
2.62248,976
2.66595,974
2.73756,973
2.80983,969
2.8631,968
2.94494,967
2.99421,966
3.06507,963
3.11411,962
3.19232,960
3.2531,957
3.32461,955
3.38251,954
3.4474,952
3.51114,951
3.58918,950
3.64578,949
3.72146,947
3.77976,946
3.84491,943
3.9048,942
3.97897,941
4.02679,939
4.07515,938
4.18383,936
4.23309,934
4.3046,933
4.36696,931
4.43485,930
4.48455,929
4.56007,927
4.60619,926
4.69485,925
4.75005,923
4.80573,922
4.87445,921
4.92999,920
4.99856,919
5.05404,918
5.14013,917
5.21032,916
5.32494,915
5.38686,914
5.45748,913
5.53442,911
5.62367,910
5.68283,908
5.75282,907
5.81253,906
5.90507,905
5.97969,904
6.03032,903
6.10507,902
6.16191,901
6.23805,899
6.42686,897
6.48503,896
6.55862,895
6.61814,894
6.86572,893
6.96236,892
7.01767,891
7.14959,890
7.20368,889
7.29157,888
7.4206,887
7.47439,886
7.56121,885
7.61693,884
7.92994,883
7.99742,882
8.04096,881
8.12237,880
8.24626,879
8.36549,878
8.49965,877
8.57083,876
8.75307,875
8.81863,873
8.92015,872
9.08172,871
9.15538,870
9.2147,869
9.29107,868
9.51711,867
9.59887,866
9.65106,865
9.77468,864
10.2913,863
10.4022,862
10.484,861
10.5378,860
10.6099,857
10.7388,856
10.7937,855
10.9741,851
11.099,850
12.3976,848
12.9027,845
13.0517,844
13.6193,842
13.7418,841
14.3595,839
14.4941,838
14.6169,837
14.8572,836
14.933,835
15.5496,834
15.7405,833
15.7919,832
16.5281,831
17.0395,830
17.1676,829
17.3653,828
17.7245,827
17.8548,826
17.9118,825
17.9751,824
18.0317,823
19.4345,822
21.8387,821
22.3255,820
22.5783,819
22.6353,818
22.8788,817
23.2707,816
23.4619,815
23.6201,814
24.2463,813
24.9066,812
25.2627,810
25.9754,809
27.7558,808
28.4282,807
29.6245,806
30.263,805
32.5403,804
33.3397,803
34.0307,802
34.4909,801
39.6566,800
43.3813,799
43.7548,798
43.9369,797
44.6231,796
46.3125,794
47.3264,793
50.4721,791
55.2866,790
55.3621,789
55.5407,788
56.3249,787
75.7049,785
83.1919,781
83.2676,780
100.212,778
100.284,777
116.348,776
116.591,775
116.941,774
135.146,773
140.251,772
279.34,770
281.218,769
281.271,768
281.743,767
298.245,766
299.338,765
299.95,764
300.13,763
304.006,761
319.213,760
319.277,759
319.396,756
890.687,755
892.69,754
1107.58,753
1909.32,752
3798.99,751
