0.105707,1023
0.181634,1022
0.247593,1021
0.328848,1020
0.387309,1019
0.474591,1018
0.538999,1017
0.615839,1016
0.673382,1015
0.746544,1014
0.801705,1013
0.872224,1012
0.929445,1011
0.988479,1010
1.06317,1008
1.12396,1005
1.19372,1003
1.25044,1001
1.32496,1000
1.39503,999
1.485,998
1.56756,997
1.65023,994
1.7108,993
1.78856,992
1.85948,991
1.93403,990
2.00953,989
2.09831,987
2.15272,986
2.21908,985
2.25348,984
2.35078,983
2.40969,982
2.4846,981
2.5402,977
2.60985,976
2.66316,974
2.736,972
2.79126,971
2.86734,964
2.919,963
2.99082,962
3.04831,960
3.119,957
3.17693,956
3.25183,954
3.30551,953
3.38092,952
3.43073,951
3.50625,950
3.54512,948
3.62978,947
3.68721,946
3.76534,945
3.82182,944
3.89125,943
3.95084,942
4.00613,941
4.08672,940
4.15004,938
4.20765,936
4.27178,935
4.33479,934
4.40341,933
4.47256,932
4.51849,931
4.5988,930
4.64897,929
4.70365,928
4.77119,927
4.83693,926
4.89409,925
4.95599,924
5.02117,923
5.09835,922
5.20818,921
5.28091,920
5.36144,919
5.43793,918
5.50282,917
5.57056,915
5.61682,914
5.70412,913
5.79857,912
5.87287,911
5.92827,910
5.9944,909
6.05841,908
6.12653,907
6.19121,906
6.25839,905
6.31525,904
6.44233,900
6.76074,899
6.82895,898
6.90638,897
6.97684,896
7.15558,895
7.23595,893
7.30338,892
7.35568,890
7.42715,889
7.54193,888
7.61881,887
7.66711,883
7.94,882
8.13888,881
8.2934,880
8.40588,879
8.67351,876
8.81848,875
8.87634,874
8.98187,873
9.28943,869
9.57244,868
9.63819,867
9.69032,866
9.82069,865
10.1346,864
10.1925,862
10.3338,861
10.4323,860
10.5222,858
10.8297,857
10.8843,856
11.0096,855
11.0709,854
11.4394,853
11.5075,852
11.7489,851
11.8731,850
11.9971,849
12.0525,848
12.3094,847
12.3745,846
12.429,845
13.2945,844
13.3493,843
13.6017,842
13.6571,841
14.6052,839
14.7346,836
14.7912,835
15.4801,834
15.6089,833
15.7515,832
15.7971,831
15.8667,830
16.0099,829
16.0685,828
17.1912,827
17.6734,826
17.7288,825
18.1066,824
18.2938,823
18.3687,821
18.8339,819
19.5634,818
20.1425,817
20.2718,816
21.3307,815
21.566,814
22.1715,813
22.2962,812
22.4184,811
22.9141,810
23.0336,809
23.2036,808
26.0637,807
26.2445,805
27.8842,802
27.9358,801
28.0792,800
28.1539,799
29.0218,798
29.7947,797
30.0449,796
30.7734,795
32.8346,794
37.5087,793
37.5797,792
37.6278,791
40.0549,790
40.7977,789
40.9734,788
48.6547,787
48.8422,785
52.9217,784
57.8736,783
58.3044,782
59.9198,781
60.4777,780
62.8789,779
88.006,778
93.1668,777
132.55,775
132.673,774
137.773,773
147.772,772
169.892,771
172,769
380.874,768
382.93,767
522.4,766
528.241,765
574.411,764
575.202,763
575.902,762
576.65,761
577.228,760
614.086,759
648.996,758
649.391,757
649.792,756
918.036,755
1205.15,754
1212.23,753
1234.46,752
1244.73,751
1250.4,750
1251.4,749
1252.29,748
1252.41,747
