0.149572,1023
0.205407,1022
0.286144,1021
0.347705,1020
0.430067,1019
0.512247,1018
0.57186,1017
0.624198,1016
0.704533,1014
0.760218,1012
0.82851,1010
0.888843,1009
0.961978,1008
1.02254,1007
1.09114,1005
1.14546,1004
1.21806,1003
1.27649,1002
1.35152,999
1.41185,998
1.51369,997
1.57944,996
1.6715,995
1.73333,993
1.82445,991
1.9056,990
1.99175,989
2.04967,986
2.14614,983
2.19469,979
2.26483,977
2.33099,976
2.39784,975
2.45359,974
2.5176,969
2.57867,968
2.64804,967
2.70897,966
2.77425,965
2.82317,964
2.91126,963
2.96706,961
3.02267,960
3.08783,957
3.16449,953
3.21957,952
3.29607,951
3.35387,950
3.42698,949
3.48254,948
3.56521,947
3.6221,946
3.67788,945
3.74673,944
3.8035,943
3.8816,941
3.93467,940
4.00403,939
4.06658,937
4.14336,936
4.21045,935
4.28357,934
4.33945,933
4.4105,932
4.4659,930
4.53934,929
4.59924,928
4.66473,926
4.72206,925
4.80144,924
4.85383,923
4.90927,922
4.97803,920
5.03537,919
5.12695,918
5.19182,917
5.29021,916
5.37345,915
5.45292,914
5.51314,913
5.60524,912
5.66721,911
5.73202,910
5.80686,909
5.88434,908
5.96027,907
5.99832,906
6.09348,905
6.14861,904
6.21928,903
6.27735,902
6.3549,901
6.40947,900
6.46671,899
6.54394,898
6.59342,897
6.67145,896
6.72187,895
6.79927,894
6.85333,893
6.89754,891
6.97565,890
7.04927,889
7.15943,887
7.36978,886
7.4246,885
7.48921,883
7.63268,882
7.68551,881
7.74787,880
7.99932,878
8.08099,877
8.3506,874
8.60549,871
9.05125,869
9.13369,868
9.36347,866
9.51776,864
9.69997,863
9.88883,862
10.0156,861
10.0717,858
10.1413,857
10.1968,855
12.2007,854
12.3236,853
12.3743,852
12.8291,851
13.0968,850
13.3096,849
13.8529,848
13.9751,847
15.1046,846
15.1508,844
15.7803,843
16.215,842
17.5113,841
17.8151,840
18.0152,839
18.0746,838
18.6058,837
18.7352,836
18.8026,835
18.8642,834
19.355,833
19.54,832
19.9395,831
20.0164,830
20.1656,829
20.7737,828
22.8579,826
22.9831,825
23.3151,823
26.3865,822
27.4444,821
28.0995,820
28.1559,819
29.1003,818
29.8764,815
33.263,813
33.6497,812
34.5404,811
34.5926,810
34.6739,809
36.5137,808
38.3054,807
38.6792,805
40.3936,804
43.9628,803
45.484,802
45.8989,801
53.191,800
54.3565,799
56.0537,798
57.2735,797
57.9096,796
58.7845,795
59.0348,793
59.4549,792
60.6249,791
62.9928,789
82.0326,788
85.189,787
111.754,786
114.157,785
117.843,784
123.101,783
128.922,782
130.204,781
130.327,780
130.983,779
131.231,778
132.565,777
132.807,776
136.276,775
136.757,774
137.898,773
142.243,771
525.128,770
525.686,769
527.065,768
527.194,766
527.391,765
530.888,764
566.766,763
569.219,762
570.287,761
571.806,760
690.131,759
767.986,757
1017.02,756
1018.07,755
1018.18,754
1028.26,753
1029.34,750
1031.38,749
