0.103741,1023
0.162117,1022
0.253774,1021
0.315337,1020
0.394764,1019
0.47106,1018
0.536335,1017
0.602717,1016
0.671132,1015
0.716695,1014
0.794119,1013
0.859592,1011
0.926651,1009
0.999219,1008
1.06987,1006
1.1182,1005
1.19471,1003
1.26008,1002
1.32884,1001
1.36583,999
1.48792,998
1.56263,997
1.64771,996
1.70748,994
1.79688,991
1.86101,990
1.93488,987
2.0029,986
2.09108,982
2.14386,978
2.21506,974
2.27381,973
2.33976,971
2.39575,970
2.46965,969
2.52457,966
2.5957,964
2.65875,958
2.72803,957
2.78636,955
2.8417,954
2.91537,952
2.97019,951
3.03839,949
3.10387,948
3.16888,947
3.22994,945
3.29668,942
3.35395,941
3.429,938
3.49749,937
3.56027,935
3.60251,934
3.68292,933
3.74111,932
3.79703,930
3.87317,929
3.92856,927
4.01516,926
4.06286,925
4.14837,924
4.20316,923
4.2751,922
4.33455,921
4.40093,920
4.45997,919
4.54159,918
4.59839,917
4.64626,916
4.71681,915
4.77873,914
4.84848,913
4.90722,912
4.9798,911
5.0351,910
5.13848,909
5.20611,908
5.29132,907
5.35054,906
5.42865,905
5.51006,904
5.57497,902
5.66517,901
5.7245,900
5.8041,899
5.87888,898
5.94205,897
6.00582,895
6.05634,894
6.13661,891
6.39786,890
6.45334,889
6.65783,888
6.7136,886
6.76958,885
6.91786,884
6.98074,883
7.03831,882
7.11411,881
7.17636,880
7.31001,878
7.683,877
7.75992,876
7.88946,875
7.94693,874
8.02094,872
8.23007,870
8.29068,869
8.96783,868
9.43708,867
9.58655,866
9.63412,865
9.69552,864
10.082,863
10.1313,862
10.2613,860
10.6275,859
10.758,858
10.8872,857
11.1294,856
11.2622,855
11.3281,854
11.5117,853
11.5665,852
11.7531,851
11.8126,850
11.87,849
12.1247,847
12.371,846
12.6604,845
12.721,844
12.8056,843
12.8758,842
12.9445,841
13.0081,840
13.1545,839
13.4603,838
13.5842,837
13.6438,836
13.7097,834
14.8475,833
15.0978,832
15.2077,831
15.2762,830
15.3307,828
15.4028,826
15.7777,825
15.9634,824
16.0461,823
16.1805,822
16.6804,821
17.6318,819
18.3963,817
18.5532,816
19.6138,815
20.1004,814
20.333,813
20.3915,812
20.4482,811
20.5961,810
20.6542,809
22.9908,808
25.2592,807
25.3537,806
25.4759,805
26.0383,804
26.7902,803
26.8959,802
28.8892,801
30.0147,800
31.4379,799
38.8479,798
39.2079,797
41.6441,796
46.843,795
47.9244,793
48.3975,792
49.1232,790
49.8103,789
55.4066,788
63.2998,787
63.8384,786
63.8945,785
64.0211,784
78.8508,783
80.805,782
80.9861,781
81.0432,780
91.2351,779
174.829,778
185.816,777
192.349,776
195.097,775
198.036,774
213.199,773
231.255,772
232.191,770
232.296,769
238.087,768
240.208,767
240.392,766
334.801,765
342.36,763
496.887,762
498.429,761
546.952,760
548.659,759
549.203,758
569.415,757
635.675,756
652.371,753
1960.76,752
2009.87,751
2010.98,750
2116.39,748
2116.59,747
