0.139241,1023
0.208938,1022
0.289489,1021
0.349578,1020
0.42634,1019
0.491742,1018
0.567766,1017
0.633016,1016
0.698913,1015
0.766555,1014
0.839658,1013
0.889471,1011
0.96522,1010
1.02939,1009
1.09916,1008
1.16833,1007
1.23165,1006
1.2901,1005
1.3605,1004
1.43574,1003
1.50736,1002
1.5923,997
1.68538,995
1.7504,993
1.83636,992
1.90816,990
1.98518,989
2.05028,988
2.13982,986
2.19495,985
2.27729,982
2.33514,980
2.40474,978
2.46022,975
2.5198,973
2.58099,972
2.65608,968
2.71617,967
2.7739,966
2.84116,965
2.91468,964
2.9702,963
3.02818,962
3.09937,960
3.12425,958
3.21773,956
3.28842,955
3.35221,954
3.40827,953
3.47755,951
3.53658,950
3.61318,946
3.67149,945
3.73637,944
3.79401,943
3.8653,942
3.92683,939
4.00412,938
4.04314,937
4.13677,936
4.20228,934
4.27605,933
4.3256,932
4.38671,931
4.45502,929
4.51509,927
4.58988,924
4.64594,923
4.72077,922
4.77183,921
4.84416,920
4.90103,919
4.96638,918
5.021,917
5.09878,916
5.17506,914
5.22011,912
5.32231,911
5.38395,910
5.48306,909
5.5403,907
5.62346,906
5.69524,905
5.77632,904
5.84667,903
5.92054,902
5.97714,901
6.11147,900
6.16538,899
6.23219,897
6.2891,896
6.35592,895
6.41197,894
6.49113,893
6.54276,892
6.94856,891
7.11778,890
7.24211,888
7.33326,887
7.44678,886
7.65965,885
7.73208,884
7.78364,883
7.85587,880
8.03674,879
8.11047,878
8.26071,876
8.36571,875
8.50372,874
8.70324,873
9.07061,872
9.12909,870
9.20553,869
9.37982,868
9.44653,867
9.53333,866
9.59288,865
9.64837,864
9.72508,863
10.0245,862
10.087,861
10.1621,860
10.346,858
10.5376,857
10.8548,856
10.9124,854
10.9741,853
11.0439,850
12.2277,849
12.3398,848
12.7153,847
13.0675,846
13.1296,844
13.3862,843
13.4441,841
14.2539,840
14.3125,838
14.3637,837
14.4869,836
14.5586,835
14.735,834
14.8663,833
15.0437,832
15.098,828
15.2936,827
15.9269,826
16.1205,823
16.8479,822
18.5477,821
18.6139,819
19.0368,818
20.9535,817
21.0797,816
21.3933,815
21.5144,811
22.7197,810
22.7766,809
22.8426,808
23.8831,807
24.1872,806
24.8969,805
25.953,804
26.0838,803
26.1332,801
26.6875,800
36.2923,799
36.6046,798
37.0341,797
37.8978,796
39.1282,795
40.7912,794
41.6519,793
43.3789,791
43.5215,790
44.6652,789
46.9773,788
47.0566,787
47.3199,786
47.5275,785
47.6008,783
50.3904,782
64.4166,781
93.3297,780
93.3837,779
118.123,778
122.846,777
124.347,775
125.296,774
132.005,773
132.375,772
132.444,769
147.625,768
147.835,767
231.419,766
892.633,765
892.97,764
893.594,763
893.653,761
1061.36,760
1061.85,759
1062.33,758
1062.56,757
1062.96,756
2508.01,755
