0.121208,1023
0.198673,1022
0.290163,1021
0.345629,1020
0.423974,1019
0.485895,1018
0.563637,1017
0.629356,1016
0.695073,1015
0.753051,1014
0.825997,1012
0.882136,1010
0.961221,1009
1.01256,1008
1.09078,1007
1.13934,1006
1.21796,1004
1.27622,1002
1.34443,1001
1.39893,998
1.50337,997
1.57786,995
1.672,994
1.7372,992
1.81623,991
1.88146,988
1.96034,985
2.01753,984
2.12365,976
2.17451,974
2.2457,972
2.31065,968
2.37606,967
2.43412,966
2.50342,965
2.56582,963
2.63138,962
2.69535,960
2.74721,959
2.80623,957
2.87288,956
2.94075,955
3.00162,954
3.07454,953
3.13371,952
3.20643,951
3.26244,950
3.32868,949
3.38435,948
3.4566,946
3.51441,944
3.58923,942
3.65124,940
3.71176,939
3.7805,938
3.85082,936
3.90561,935
3.97791,934
4.03483,933
4.12235,931
4.17435,930
4.2401,927
4.29852,926
4.36385,924
4.43058,923
4.49901,922
4.57075,919
4.62842,918
4.69645,917
4.75134,916
4.82893,915
4.88478,914
4.95207,912
5.01019,911
5.06181,910
5.16376,909
5.23597,908
5.3074,907
5.36953,906
5.45462,905
5.51483,904
5.61308,903
5.6713,902
5.75585,901
5.83103,900
5.91669,899
5.96475,898
6.02074,897
6.09384,896
6.15072,895
6.22206,894
6.2751,893
6.35695,892
6.41288,891
6.48595,890
6.54195,889
6.60096,888
6.67385,887
6.8618,885
6.94434,883
7.07953,882
7.13572,881
7.18467,880
7.27905,878
7.52717,876
7.65695,875
7.83992,874
7.89704,873
8.01949,872
8.15613,868
8.61221,865
8.68519,863
10.2059,862
10.3957,861
10.5331,860
10.5893,859
10.7102,858
10.7725,857
10.9569,856
11.0267,854
11.2135,853
11.4588,852
11.7013,851
11.954,849
12.7579,848
12.8122,846
13.1674,845
13.2948,843
13.3624,842
13.6602,841
13.9718,840
14.7274,839
14.9236,837
15.1021,836
15.862,835
16.1284,834
16.854,833
17.0205,832
17.1452,831
17.3516,830
17.4605,829
17.5317,827
18.5566,826
18.623,825
18.881,824
19.3118,823
19.5116,822
20.6001,821
20.7811,819
20.905,818
21.0412,816
21.3991,815
21.5346,814
21.7836,813
23.3972,812
24.2582,811
24.3127,810
24.5191,809
24.5708,808
24.6508,807
25.2548,806
27.6038,805
28.59,804
30.0504,802
31.6852,801
32.1465,799
32.2681,798
33.7412,796
39.1975,795
64.372,794
64.445,793
65.1715,791
66.8471,790
68.2755,789
87.9759,788
94.9451,787
97.2531,786
97.621,785
156.733,784
159.163,782
159.22,781
160.364,780
160.499,779
160.808,777
163.083,776
163.127,775
206.763,774
207.258,773
208.066,772
269.532,770
272.981,769
300.236,768
300.416,767
392.359,766
393.32,765
395.829,764
397.227,762
447.507,760
453.305,759
756.357,756
1586.66,755
2069.69,754
2070.12,751
2073.59,750
