0.154006,1023
0.209899,1022
0.297287,1021
0.356913,1020
0.435594,1019
0.509622,1018
0.586325,1017
0.640861,1016
0.713117,1015
0.770479,1013
0.827794,1012
0.899036,1011
0.97163,1010
1.03606,1009
1.10595,1008
1.15788,1006
1.23667,1005
1.28985,1004
1.36407,1003
1.43055,1002
1.53456,998
1.60719,997
1.69359,996
1.75181,995
1.82451,994
1.90724,993
1.98366,992
2.05889,986
2.10748,983
2.19239,982
2.27617,980
2.32393,979
2.40871,978
2.44925,977
2.52416,975
2.58531,974
2.66095,973
2.70648,972
2.78118,970
2.84178,969
2.90303,966
2.95957,963
3.02903,960
3.09598,958
3.17078,956
3.23093,954
3.2898,953
3.34523,951
3.41692,950
3.47386,949
3.53458,947
3.60852,946
3.66006,945
3.73744,943
3.80261,942
3.87362,941
3.918,939
3.99252,938
4.04965,935
4.12941,934
4.18788,932
4.27229,931
4.32928,930
4.40887,929
4.46375,927
4.53616,926
4.59458,925
4.64938,924
4.71998,923
4.7759,922
4.85266,921
4.90261,920
4.97562,919
5.03052,918
5.1205,916
5.18766,915
5.28412,914
5.32724,913
5.40583,912
5.47205,911
5.55555,910
5.64948,909
5.71417,908
5.79817,906
5.87602,905
5.931,904
5.9979,903
6.07558,902
6.13304,901
6.20832,900
6.26408,898
6.39547,897
6.46656,896
6.52609,895
6.58264,894
6.78114,893
6.83703,892
6.89782,891
6.98333,890
7.05636,889
7.11193,888
7.18304,887
7.26132,886
7.43493,885
7.50807,884
7.64701,883
7.82903,882
7.8847,881
7.95089,880
8.08063,879
8.22709,878
8.28536,877
8.42566,875
8.50047,873
8.61371,872
8.89819,871
9.13713,870
9.2316,869
9.29372,868
9.72218,867
10.0309,866
10.0861,865
10.1541,864
10.21,863
10.2796,862
10.3407,861
10.4101,860
10.6531,859
10.7219,857
10.9161,856
11.0924,854
11.1656,852
11.4764,850
11.7857,849
11.9661,848
12.2158,845
12.9745,844
13.1158,843
13.4344,842
14.5555,841
14.8623,840
15.3081,839
15.409,838
15.6799,837
15.8027,836
16.2396,835
16.7139,832
17.6797,831
17.9911,830
18.1161,829
18.3127,827
18.9042,825
18.9577,824
22.6386,823
22.708,822
22.8845,821
23.5738,820
24.3225,819
25.1992,818
25.2657,817
25.6124,816
25.7508,815
27.3275,814
27.9091,813
29.2004,812
30.0311,811
31.4869,810
33.0601,809
33.1194,808
33.5062,807
33.6846,806
35.4197,805
36.2405,804
36.6154,803
36.9772,802
37.1668,801
39.4804,800
41.2629,798
41.438,796
46.6782,795
48.1135,794
48.2317,793
50.061,792
58.1139,791
59.378,790
59.5834,789
59.9019,788
62.0843,787
62.7056,786
64.7406,785
108.139,784
108.449,781
110.299,780
112.689,779
112.744,778
116.142,777
121.431,776
126.397,774
134.917,772
137.665,771
175.634,769
182.544,768
182.684,767
183.719,765
474.799,764
474.927,763
475.158,762
483.519,761
509.926,760
580.834,759
1316.03,758
1564.22,757
1573.62,756
1573.74,755
1574.39,754
1574.46,753
1640.8,752
2206.64,751
2207.24,750
