0.134367,1023
0.196598,1022
0.276803,1021
0.342126,1020
0.420522,1019
0.481716,1018
0.55258,1017
0.619459,1016
0.695516,1015
0.752688,1014
0.821034,1013
0.87817,1012
0.952666,1010
1.01362,1009
1.08251,1008
1.14593,1005
1.21355,1004
1.26857,1003
1.34312,1002
1.40322,1001
1.50327,1000
1.57561,998
1.66864,997
1.73015,995
1.82701,993
1.87987,990
1.96196,988
2.02763,987
2.12488,986
2.17129,985
2.24634,981
2.31149,980
2.37657,979
2.42174,978
2.50681,970
2.56225,968
2.63254,967
2.68831,965
2.76008,964
2.81712,962
2.87225,960
2.94512,959
3.00114,958
3.07095,956
3.13044,953
3.20183,951
3.25729,950
3.32972,949
3.38597,948
3.46098,947
3.51698,946
3.58958,943
3.6558,940
3.72305,939
3.78108,938
3.85492,937
3.91269,936
3.98955,935
4.05058,934
4.11461,933
4.19831,932
4.24684,931
4.33133,930
4.37805,929
4.45318,928
4.50973,927
4.56641,926
4.63151,925
4.70654,924
4.76132,923
4.82962,922
4.88693,921
4.96607,920
5.02294,918
5.07875,917
5.17557,916
5.25037,915
5.32846,913
5.39125,912
5.49116,911
5.56793,910
5.6364,909
5.70106,908
5.7829,906
5.85356,905
5.94088,904
5.99286,903
6.052,902
6.11987,899
6.17563,898
6.31652,897
6.44357,894
6.96955,890
7.02125,889
7.14817,888
7.21884,887
7.55433,886
7.60977,885
7.67992,884
7.82453,881
7.86937,878
7.94267,877
7.9979,876
8.05373,875
8.34342,874
8.46931,872
8.52937,870
8.86712,865
9.17816,863
9.28163,862
9.33977,860
10.1262,858
10.3315,856
10.4553,855
10.513,854
10.8202,853
10.9483,851
11.5181,850
11.5724,849
11.7374,848
11.8154,847
12.251,846
12.3054,845
12.3694,844
12.8636,841
13.0847,840
13.8901,839
13.9615,838
14.3917,837
15.3214,836
15.837,835
16.0183,834
16.0752,833
16.1777,832
16.243,831
16.6128,829
17.2533,828
17.4924,827
17.7993,826
18.6535,824
18.7171,823
19.1575,821
19.4726,820
20.8828,819
21.3219,817
21.5099,816
21.581,815
21.7587,812
26.2058,811
26.8239,809
27.9778,808
28.0468,807
28.9273,806
29.6423,805
30.1315,804
30.2652,803
32.6195,801
33.1164,800
40.8711,799
41.9735,798
43.1309,797
45.0445,796
53.1658,795
54.0743,794
55.1753,793
55.4826,792
55.5454,791
58.0453,790
58.3781,789
62.0685,788
73.1573,787
73.8439,786
80.0077,785
93.7267,784
95.9436,783
97.86,782
100.812,781
104.291,780
104.545,779
105.347,778
141.037,777
141.588,776
141.879,775
143.033,773
183.006,772
184.845,771
251.165,770
251.757,769
251.815,768
253.245,767
254.826,766
370.558,765
465.103,764
469.026,763
469.31,762
469.637,761
470.283,760
473.738,759
476.327,758
476.989,757
936.925,756
937.57,755
937.676,754
938.106,752
938.21,751
