0.118365,1023
0.176824,1022
0.260634,1021
0.320462,1020
0.402431,1019
0.466242,1018
0.54724,1017
0.604869,1016
0.679293,1015
0.740102,1014
0.813587,1013
0.865954,1012
0.937711,1009
1.0047,1008
1.06422,1006
1.12148,1005
1.19629,1004
1.25503,1003
1.32337,997
1.38474,993
1.50084,992
1.55647,991
1.63972,989
1.69772,988
1.78165,987
1.84991,986
1.91951,985
1.98526,983
2.0753,982
2.13882,981
2.20637,980
2.26901,979
2.33703,977
2.39486,976
2.47015,975
2.52552,974
2.59797,973
2.63476,972
2.72204,971
2.79281,966
2.85266,965
2.91483,962
2.98309,959
3.02924,957
3.10076,955
3.17046,953
3.2477,949
3.30133,948
3.37506,947
3.43109,946
3.50178,945
3.56502,944
3.62524,943
3.69157,942
3.73682,941
3.82015,940
3.88467,939
3.95134,938
4.00595,937
4.06368,936
4.15441,935
4.23106,933
4.28941,929
4.35771,928
4.41751,926
4.49029,925
4.55266,924
4.61891,923
4.67895,922
4.73152,921
4.79958,920
4.85634,919
4.92906,918
5.05326,916
5.32009,915
5.39897,914
5.559,913
5.61378,912
5.69148,911
5.75803,910
5.81667,907
6.03234,905
6.085,904
6.22354,903
6.31312,902
6.35816,901
6.48927,900
6.55549,899
6.66533,897
6.79976,896
6.90206,893
7.07285,892
7.28836,887
7.99955,885
8.1782,883
8.25608,882
9.33737,881
9.54436,878
9.93492,877
10.1887,876
10.2527,875
10.3196,874
10.5653,872
10.7644,871
10.9436,870
10.9986,869
11.0767,868
11.1317,866
11.3852,862
11.5114,861
11.8666,860
12.0679,859
12.1717,858
12.5014,857
12.6325,856
12.7962,855
13.1696,854
13.2358,853
13.2922,852
13.469,850
14.2978,849
14.3531,848
14.3991,847
14.7165,846
15.0989,844
15.4819,842
16.1506,841
16.4759,840
16.533,839
17.3042,838
17.3693,836
18.1221,835
18.1904,834
18.3178,833
18.3725,831
18.462,830
18.4935,829
19.2781,828
19.3386,827
19.4765,826
20.2853,825
20.5144,824
20.64,822
21.5102,821
21.7628,820
21.9945,819
22.2028,818
22.2544,815
23.8386,814
24.4712,813
25.5609,812
26.8392,810
27.2693,809
27.4025,808
27.4836,807
27.6504,806
27.8524,801
33.461,800
33.8938,799
34.0307,797
37.0672,795
38.2923,794
40.1299,793
40.4926,792
43.6129,791
43.7444,790
43.8758,789
44.6956,788
46.3336,787
46.6691,786
46.8587,785
86.5483,784
122.122,783
141.278,782
141.406,781
141.589,780
142.91,779
143.314,778
148.841,777
151.587,776
182.001,775
182.236,774
196.01,773
198.292,772
281.073,770
283.049,768
288.958,767
628.866,766
643.216,765
643.614,764
903.088,762
903.944,761
908.925,760
1199.41,759
1199.77,758
1238.3,757
1246.69,756
1247.67,755
1544.49,753
1545.27,752
1545.75,751
1686.13,750
1758.67,749
1760.09,748
1762.11,747
