0.211653,1132
0.346753,1131
0.446469,1130
0.579338,1129
0.708956,1128
0.811578,1127
0.915169,1126
1.00267,1125
1.08811,1124
1.19638,1123
1.2789,1122
1.3815,1121
1.49914,1120
1.59024,1118
1.69896,1115
1.7888,1114
1.86986,1113
1.97134,1112
2.06194,1110
2.14998,1108
2.25978,1107
2.36087,1106
2.47562,1101
2.57084,1100
2.68096,1098
2.78665,1096
2.86926,1093
2.973,1092
3.07396,1091
3.1603,1089
3.26237,1087
3.35065,1084
3.45352,1083
3.55394,1082
3.63132,1080
3.73165,1079
3.90362,1078
4.02268,1076
4.12009,1075
4.23433,1074
4.4698,1073
4.62754,1072
4.71148,1071
4.81843,1070
4.89638,1068
4.97541,1067
5.08381,1065
5.1907,1064
5.27951,1061
5.37595,1060
5.48331,1059
5.56035,1057
5.65328,1056
5.73918,1055
5.84029,1054
5.92311,1053
6.00425,1052
6.12305,1051
6.21489,1050
6.32752,1049
6.42944,1047
6.51018,1045
6.62645,1044
6.70324,1043
6.80035,1042
6.88229,1040
6.97652,1039
7.10127,1035
7.18318,1034
7.27297,1033
7.35977,1032
7.45908,1030
7.53242,1029
7.64925,1027
7.7708,1026
7.8903,1024
8.04569,1023
8.1525,1022
8.29907,1020
8.39685,1019
8.50118,1018
8.61338,1017
8.71124,1016
8.83628,1015
8.93624,1014
9.04863,1011
9.14343,1010
9.2534,1009
9.36285,1006
9.52055,1004
9.63281,1003
9.7601,1001
9.87362,999
9.96236,997
10.1144,996
10.2189,995
10.3298,994
10.4067,993
10.5811,991
10.7375,990
10.8378,989
10.9346,988
11.0412,987
11.2118,986
11.3335,984
11.4676,983
11.653,982
11.7705,981
11.9327,980
12.0908,979
12.2205,978
12.3016,977
12.493,976
12.6319,975
12.7256,973
12.8472,970
12.9737,969
13.0802,968
13.1698,966
13.2906,965
13.3835,964
13.4872,963
13.5893,962
13.6964,961
13.8095,960
13.9068,959
14.043,958
14.127,957
14.2244,956
14.3748,955
14.4843,954
14.58,953
14.6996,952
14.8007,951
14.9332,950
15.018,949
15.1567,948
15.2626,947
15.3809,946
15.4811,945
15.6002,944
15.7491,942
15.8979,941
16.0173,940
16.114,939
16.234,938
16.343,937
16.456,936
16.5453,935
16.6478,934
16.7656,933
16.8822,931
17.0511,930
17.1579,929
17.2697,928
17.352,927
17.4443,926
17.5366,925
17.6348,924
17.7054,923
17.8417,922
17.9173,921
18.0109,920
18.1058,918
18.1964,917
18.2899,916
18.3963,915
18.4741,914
18.5701,912
18.8294,911
19.015,910
19.1457,909
19.2525,907
19.3683,905
20.0264,904
20.126,903
20.203,902
20.3065,901
20.3974,899
20.4949,898
20.6714,897
20.7493,896
20.93,895
21.1986,894
21.5671,893
21.6521,892
21.7578,891
21.828,890
21.9241,889
22.0195,888
22.4801,887
22.7042,885
22.9126,883
23.2144,882
23.4954,881
23.6806,880
23.7564,878
23.8544,877
23.9212,875
24.5631,873
24.8114,872
24.9066,871
24.9877,867
25.7961,866
25.9731,865
26.0513,863
26.352,862
26.6738,860
26.7618,859
26.8808,857
27.159,856
27.2618,855
27.3509,853
27.4524,852
28.1857,851
28.8176,849
28.9126,848
28.9897,847
29.2601,846
29.4288,845
29.5301,844
29.8177,842
30.2462,841
30.4556,840
30.5484,839
30.9009,838
30.9959,837
31.1157,836
31.1989,835
31.2973,834
31.4871,833
31.5589,832
31.6694,831
31.7453,830
31.9303,829
32.1294,828
32.3161,827
32.5958,826
32.7787,825
33.0724,824
33.1531,823
33.2731,822
33.353,821
33.4483,820
33.656,819
33.9181,818
34.1227,817
34.8147,816
35.0189,815
35.2017,814
35.2827,813
35.3939,812
35.4665,811
35.8193,810
36.3785,809
36.4484,808
36.7284,807
37.1729,806
37.2707,805
37.4786,804
38.1178,803
38.2063,802
38.3079,800
38.589,799
39.6731,798
39.7591,795
39.9372,793
40.1089,792
40.184,790
40.8107,789
40.9166,788
41.0978,787
41.3289,786
41.9101,785
42.2132,784
42.3044,783
42.3941,782
42.4759,780
42.8695,779
43.027,778
43.6235,777
44.6614,776
44.9894,775
45.1634,772
45.3757,771
45.4588,769
47.4711,768
48.4366,767
48.8067,766
48.9213,765
49.2485,763
50.2428,759
50.3225,758
50.4178,757
52.6478,754
52.8278,753
54.4488,752
55.4267,751
60.8225,750
64.4059,749
64.7685,748
66.1797,746
67.145,745
67.8719,744
68.4452,743
69.4363,742
71.0088,740
72.0259,739
72.2416,738
72.3317,737
74.1269,736
74.4436,735
75.2419,734
76.2516,732
76.9058,731
79.6018,730
79.7597,727
80.6534,726
81.1083,725
85.992,724
86.2983,723
87.2018,721
87.5637,720
88.4374,719
88.6152,717
91.9925,715
94.2572,713
100.111,712
102.298,708
104.028,707
107.255,706
107.33,705
107.506,701
107.591,700
135.51,699
136.958,698
137.043,697
143.704,696
144.215,695
146.343,694
157.76,693
158.914,692
159.355,691
160.297,690
173.721,689
179.396,688
179.644,687
215.366,686
216.972,685
220.446,684
224.672,683
269.906,682
270,681
271.557,680
323.096,679
335.627,678
335.814,677
336.424,676
344.724,675
521.051,674
531.386,673
533.533,672
535.605,671
624.856,670
743.516,669
743.672,668
744.99,667
748.421,666
749.088,665
759.301,664
761.846,663
762.044,662
762.485,660
764.976,658
765.248,657
1022.55,655
1022.82,654
1730.01,653
1813.93,651
1814.25,650
1814.55,648
2592.05,647
2592.15,646
