0.210634,1132
0.348592,1131
0.474389,1130
0.579003,1129
0.709638,1128
0.809755,1127
0.916778,1126
1.00943,1124
1.09386,1123
1.19599,1122
1.28897,1121
1.38747,1120
1.49048,1119
1.58753,1118
1.6697,1116
1.78171,1114
1.8619,1113
1.94975,1112
2.05449,1110
2.1442,1109
2.25548,1106
2.33849,1103
2.45668,1102
2.55389,1101
2.67425,1100
2.75899,1096
2.84877,1093
2.96121,1092
3.04159,1091
3.14431,1088
3.24452,1085
3.34285,1084
3.44538,1083
3.5283,1081
3.62767,1077
3.71175,1075
3.90205,1074
4.00271,1073
4.10991,1071
4.22138,1069
4.44944,1067
4.62205,1066
4.72293,1065
4.8102,1063
4.90044,1062
4.98561,1060
5.09264,1059
5.19281,1058
5.27774,1055
5.37945,1052
5.46639,1051
5.56205,1050
5.64389,1048
5.74247,1047
5.83997,1046
5.92152,1045
6.02264,1044
6.09377,1043
6.22518,1041
6.32405,1040
6.41578,1039
6.53646,1038
6.61605,1036
6.73246,1035
6.80614,1034
6.90175,1033
6.99286,1032
7.10368,1030
7.19746,1029
7.29291,1028
7.37966,1022
7.46328,1021
7.56401,1020
7.65065,1019
7.80109,1018
7.91023,1017
8.05053,1016
8.16567,1015
8.30527,1014
8.41756,1013
8.51227,1012
8.62592,1011
8.71413,1010
8.83851,1009
8.97992,1008
9.06296,1006
9.17285,1005
9.27214,1004
9.39393,1003
9.54521,1002
9.65114,1001
9.7903,999
9.90384,998
10.0106,997
10.1505,996
10.2717,995
10.3583,994
10.5213,993
10.6321,992
10.7705,991
10.8606,990
10.9721,989
11.1099,987
11.2449,986
11.378,984
11.4948,983
11.6826,982
11.774,980
12.0015,979
12.1036,978
12.2324,977
12.4077,976
12.509,975
12.6473,974
12.739,973
12.8957,972
12.9898,971
13.0952,970
13.1871,969
13.306,968
13.4047,967
13.4923,966
13.6106,963
13.755,962
13.8476,961
13.9565,960
14.0587,959
14.1467,958
14.2646,957
14.4143,956
14.5148,955
14.6283,954
14.7176,953
14.8398,952
14.9479,951
15.049,950
15.1027,949
15.3202,948
15.4454,947
15.5677,946
15.6656,945
15.8493,944
15.9615,943
16.0857,942
16.1819,941
16.2646,940
16.4051,939
16.5054,938
16.6069,936
16.6945,935
16.8383,934
16.9733,933
17.1155,932
17.2267,931
17.3177,929
17.4145,928
17.7945,927
17.985,926
18.0758,925
18.3696,923
18.5514,922
18.6313,920
18.7297,919
18.81,917
18.9057,916
18.9889,914
19.123,913
19.3517,911
19.4372,910
19.8244,909
20.0036,908
20.0988,907
20.1892,905
20.469,903
20.8169,902
21.0751,900
21.3492,899
21.4329,898
21.5303,897
21.6173,896
21.7127,895
21.786,894
21.8932,893
21.9744,892
22.0777,891
22.1565,888
22.3514,887
22.449,885
22.6252,882
23.4545,881
23.636,880
23.714,877
23.7974,876
24.4294,874
24.5055,873
24.7369,871
25.2922,870
25.3717,868
25.7349,867
25.823,866
25.9135,865
26.0111,864
26.0993,863
26.1989,862
26.2763,861
26.4031,859
27.0234,857
27.4748,856
27.6792,855
27.7541,853
27.8338,852
28.0964,851
28.2024,850
28.5611,849
28.7385,848
29.0043,847
29.0974,846
29.3811,845
29.474,844
29.567,843
29.7468,841
30.8102,840
30.9259,839
31.1678,837
32.6475,835
32.9335,834
33.5659,833
33.6902,832
33.7888,829
34.0444,828
34.36,826
34.6522,824
35.9399,823
36.0366,820
36.1186,819
36.4005,817
36.4764,816
36.6604,814
36.8472,813
36.9281,812
37.8582,811
37.9607,809
39.0919,808
39.4495,807
40.2501,806
40.3334,805
40.6984,804
40.7733,803
40.873,802
41.2793,801
41.5687,800
41.6737,799
41.8745,797
42.0507,796
43.3854,794
43.6661,793
44.8097,792
45.138,791
45.4462,790
45.7467,789
45.8224,788
46.4853,787
46.5642,786
46.66,785
46.821,784
46.989,783
47.0844,782
47.174,781
47.9758,779
48.1554,778
48.321,777
48.798,776
49.6365,775
49.8954,774
50.2508,773
50.3305,769
51.2967,766
51.48,765
52.4436,764
54.1902,763
54.6601,762
55.302,760
55.396,759
58.2382,758
58.7319,757
62.8227,756
62.9754,755
63.0816,754
63.1719,753
63.2647,752
63.4698,750
64.0764,749
64.98,747
65.2114,746
66.9388,745
67.0389,743
70.2363,742
70.4268,741
70.5205,740
71.5195,738
71.9975,737
72.4134,736
72.9776,735
73.082,734
73.3547,733
73.5558,732
73.9387,731
75.6477,729
76.9917,728
77.2894,727
77.9053,726
80.0479,725
80.415,724
81.7444,723
81.9264,722
83.963,721
84.1359,720
85.0965,719
86.9103,718
102.623,716
107.325,715
108.194,714
108.381,713
108.488,712
109.003,711
117.387,710
128.18,709
128.555,708
128.67,706
137.632,705
138.307,704
139.141,703
139.329,702
140.636,701
142.078,699
144.97,698
155.04,697
156.418,696
158.43,695
159.037,694
159.121,693
161.19,692
161.989,691
163.326,690
163.933,689
164.24,688
176.108,687
290.356,685
297.199,684
302.132,683
303.816,682
306.747,680
314.865,679
315.187,678
317.312,677
318.347,676
318.428,674
318.598,673
323.225,672
323.397,671
325.711,670
328.631,669
493.771,668
497.771,667
579.604,666
584.888,664
584.969,663
585.066,662
710.953,659
786.671,657
788.026,656
788.388,655
1060.44,654
1062.02,653
1063.58,652
1174.04,649
1876.05,648
1982.84,647
2002.4,646
2003.34,645
2003.42,643
2007.97,641
