0.216835,1132
0.346823,1131
0.476422,1130
0.57363,1129
0.678038,1128
0.795367,1127
0.897031,1126
0.994396,1125
1.0798,1124
1.1799,1122
1.28076,1121
1.37398,1120
1.48874,1117
1.5588,1115
1.67348,1113
1.76821,1112
1.84597,1111
1.9525,1110
2.0279,1108
2.14205,1106
2.24718,1105
2.34906,1102
2.4651,1100
2.56145,1098
2.67294,1092
2.78578,1090
2.86305,1086
2.97128,1084
3.0719,1083
3.16124,1081
3.26968,1080
3.35701,1079
3.45379,1078
3.53813,1075
3.6404,1073
3.74988,1072
3.87954,1070
4.02643,1069
4.12238,1067
4.2299,1066
4.49278,1064
4.61824,1062
4.72224,1061
4.83569,1058
4.91275,1055
5.02096,1054
5.11537,1053
5.19662,1052
5.31104,1049
5.39729,1048
5.49549,1047
5.5795,1045
5.6837,1044
5.7564,1043
5.86638,1041
5.93798,1037
6.03233,1035
6.13314,1033
6.23091,1031
6.34987,1030
6.42872,1029
6.53975,1028
6.64137,1027
6.72757,1026
6.82041,1024
6.91076,1023
7.00928,1022
7.1004,1021
7.1962,1020
7.31046,1019
7.38885,1018
7.48606,1016
7.57026,1015
7.69871,1013
7.80062,1012
7.92022,1010
8.06968,1006
8.16899,1005
8.32874,1003
8.42592,1001
8.53922,1000
8.63771,999
8.72877,998
8.86785,997
8.98338,995
9.08418,992
9.18376,990
9.32586,989
9.39599,988
9.56921,986
9.64612,985
9.80872,984
9.89212,983
9.99767,982
10.164,981
10.253,980
10.3793,977
10.5293,976
10.6581,975
10.7712,974
10.8771,973
10.9497,972
11.1201,971
11.2862,970
11.3987,969
11.5386,968
11.6627,967
11.7813,966
12.0091,964
12.1212,963
12.2461,962
12.3907,961
12.5393,960
12.6616,959
12.7708,958
12.9085,957
13.0304,956
13.1268,955
13.2336,954
13.3357,953
13.4212,952
13.5335,951
13.6203,950
13.7657,949
13.8491,948
13.9543,947
14.0697,946
14.1752,945
14.2694,944
14.4102,943
14.5207,942
14.6181,941
14.743,940
14.8247,939
14.9621,938
15.0638,937
15.1732,936
15.3441,935
15.4667,934
15.5932,933
15.6862,932
15.8746,931
15.9659,930
16.0674,929
16.19,928
16.3094,927
16.4073,926
16.5084,925
16.6241,924
16.7076,923
16.7996,922
16.9163,921
17.0811,920
17.1985,919
17.3755,918
17.489,917
17.5709,916
17.6585,915
17.9584,914
18.0625,913
18.1385,912
18.2507,911
18.3327,910
18.4409,909
18.5346,908
18.6143,907
18.6981,906
18.7856,905
18.8742,904
18.96,903
19.2049,902
19.3242,900
19.41,898
19.6256,897
19.8079,896
20.1017,895
20.1801,894
20.2739,893
20.3581,891
20.6383,890
20.7164,889
20.8087,888
20.8973,884
20.9835,882
21.0632,880
21.1605,878
21.8931,877
21.9784,874
22.0809,873
22.3534,871
22.544,870
22.728,869
22.8485,867
23.0337,866
23.1498,865
23.5443,863
23.7994,862
23.982,857
24.0732,854
26.0113,852
27.1201,851
27.2244,849
27.3229,844
27.4093,842
27.8001,841
28.2461,839
28.3421,837
28.8847,836
28.9502,835
29.2549,834
29.5903,833
29.7899,832
29.8859,831
29.9834,830
30.1464,826
30.4402,825
30.8956,824
31.0043,818
31.8403,817
31.9237,816
32.7914,814
32.9799,813
33.3347,812
33.4348,810
33.6046,809
34.0984,808
34.307,807
34.5836,805
34.6824,804
35.039,803
36.0424,800
36.2234,799
36.9656,798
37.3475,796
38.0938,794
38.2871,793
38.4203,792
38.7584,791
39.0536,789
39.5671,788
40.1072,787
40.1927,786
40.6419,785
41.0922,784
41.2113,783
42.0011,782
42.0912,781
42.2018,779
42.8517,778
42.9733,777
43.1554,776
44.0006,774
44.4828,772
45.6037,771
46.256,769
46.3507,766
48.103,765
48.6257,763
49.1776,762
49.2802,761
49.7439,760
50.4317,759
50.6984,757
51.394,756
52.0946,755
52.1904,754
52.6955,753
53.3962,752
53.7635,751
54.1205,749
56.899,747
56.9848,745
58.7052,744
62.6068,742
62.6937,740
64.7882,739
64.8483,738
66.446,737
68.0989,736
70.2419,735
70.73,734
70.8436,733
70.9679,732
71.1826,731
72.0919,729
72.5111,728
72.7038,727
73.7626,726
73.8486,725
73.9319,724
74.041,723
74.4211,722
75.4396,721
75.9392,719
79.5265,718
81.4657,717
81.5611,715
82.127,714
95.6413,713
96.1483,712
96.698,711
98.9584,710
101.744,708
101.846,707
102.652,706
104.037,705
105.198,701
107.892,700
109.257,699
109.627,698
117.546,696
129.495,695
129.977,692
141.753,690
141.846,688
183.265,687
189.791,686
192.365,684
266.483,683
282.429,682
285.701,681
286.758,680
290.435,679
290.683,678
290.766,677
294.322,676
299.656,675
311.835,674
313.709,673
315.264,672
321.388,671
327.669,670
328.753,669
330.027,668
337.584,667
338.227,666
416.564,665
417.077,664
436.259,663
438.136,661
473.74,659
1139.04,658
1146.36,656
1441.98,655
1465.78,654
1793.7,653
1816.91,652
1818.56,651
1818.67,650
3027.51,649
3047.37,648
3273.89,647
3276.09,646
