0.211015,1132
0.3482,1131
0.470898,1130
0.563063,1129
0.691154,1128
0.797731,1127
0.903994,1126
0.995542,1125
1.08095,1124
1.18236,1123
1.28468,1122
1.36973,1119
1.46861,1118
1.57247,1116
1.6708,1115
1.76927,1114
1.84702,1112
1.94646,1111
2.02973,1110
2.13354,1109
2.24342,1108
2.33179,1107
2.45879,1106
2.55104,1102
2.6496,1100
2.75801,1098
2.85759,1097
2.95415,1095
3.0534,1093
3.1346,1092
3.22393,1091
3.34829,1090
3.43514,1087
3.52721,1085
3.60519,1082
3.70529,1077
3.8336,1076
3.98392,1075
4.08391,1073
4.18463,1071
4.30008,1070
4.60226,1069
4.69088,1068
4.7789,1064
4.88751,1063
4.95743,1061
5.07976,1060
5.16645,1059
5.26079,1057
5.35018,1056
5.45032,1055
5.54822,1053
5.63782,1051
5.7314,1050
5.79772,1049
5.91205,1048
5.98954,1046
6.0882,1044
6.19792,1043
6.29644,1041
6.39231,1040
6.47652,1039
6.58677,1038
6.68798,1037
6.76291,1036
6.85662,1033
6.95097,1032
7.03077,1030
7.13557,1029
7.23837,1027
7.34176,1026
7.41962,1025
7.51628,1024
7.60003,1023
7.72489,1022
7.83288,1021
7.95366,1020
8.06279,1019
8.15053,1018
8.31912,1017
8.42745,1015
8.53554,1013
8.62006,1011
8.75099,1008
8.8356,1006
8.9473,1003
9.06368,1001
9.15841,1000
9.27742,999
9.39582,998
9.56028,997
9.64977,996
9.7913,995
9.90213,994
9.99463,993
10.1649,992
10.2467,991
10.3535,990
10.4488,989
10.6201,987
10.7549,985
10.832,984
10.9601,983
11.0923,982
11.2264,981
11.3549,980
11.4985,979
11.5635,978
11.761,977
11.9216,976
12.0862,975
12.2128,974
12.3084,973
12.4948,972
12.6283,971
12.747,970
12.845,968
13.0017,967
13.0874,966
13.1991,965
13.3045,964
13.4086,963
13.5124,962
13.608,961
13.7543,960
13.848,958
13.9342,957
14.1725,954
14.5207,953
14.6469,952
14.7441,951
14.9003,949
14.9661,948
15.1118,947
15.2076,946
15.4823,945
15.5916,944
15.7476,943
15.8724,942
16.0878,941
16.2282,940
16.4245,939
16.5245,938
16.6392,936
16.7237,935
17.1463,934
17.2701,933
17.4469,932
17.5389,931
17.6371,930
17.7276,929
17.827,928
17.9196,926
18.1035,924
18.2189,923
18.4846,921
18.5803,918
19.1477,917
19.2546,916
19.3489,915
19.8421,913
19.9378,911
20.033,908
20.2946,907
20.3846,906
20.4885,904
20.9217,901
21.0173,900
21.0936,899
21.4606,897
22.0006,895
22.2867,892
22.5451,891
22.6401,890
23.2879,889
23.4692,888
23.5579,887
23.6662,885
23.8259,884
23.9158,882
24.1948,880
24.2747,879
24.5323,878
24.9841,876
25.505,875
25.6082,874
25.6796,873
25.8626,872
25.9411,870
27.0666,869
27.1498,868
27.2579,867
27.4531,866
27.6557,865
27.7418,864
27.8487,863
28.2852,862
28.3881,860
28.539,858
28.6446,856
28.828,855
29.7472,853
29.9269,851
30.0226,850
30.2686,849
30.7035,845
31.059,844
31.3394,843
32.068,842
33.2931,841
33.3795,840
33.7878,837
33.9601,836
34.0524,835
34.17,834
34.4644,833
34.74,832
35.0084,830
35.566,829
35.6479,828
35.745,827
35.8299,826
35.9226,825
36.0052,824
37.7122,823
37.8198,822
37.9195,821
38.6256,820
39.062,819
39.6174,818
39.7152,817
39.971,816
40.8519,814
41.2532,812
42.7164,811
43.7754,810
43.9508,809
44.6152,808
44.722,806
45.8348,805
46.0123,804
46.305,803
46.4014,802
47.1106,801
47.2103,800
47.2875,798
49.2744,797
49.7324,795
49.9075,792
52.3745,791
52.492,787
53.0213,786
53.22,785
53.6716,784
53.8531,783
53.9325,781
55.1533,780
55.8377,777
60.5628,776
60.7348,775
61.4966,774
61.6621,773
61.7637,772
61.8533,771
62.0347,770
62.1396,768
62.5739,767
66.901,766
67.5094,765
67.6056,763
67.8942,761
68.1561,760
68.9025,759
69.7653,758
69.9688,757
70.1071,756
71.376,755
72.3868,754
72.6829,751
72.9422,750
74.4229,749
74.5133,747
74.6105,746
75.3599,745
75.6345,743
76.4103,742
76.6086,741
77.7328,740
79.5254,739
80.1346,738
80.9551,736
84.2283,735
84.3189,734
84.4145,733
85.1039,732
85.2014,731
86.5281,730
87.0553,728
88.6457,726
92.7712,725
92.8514,724
92.9489,723
101.419,721
103.72,720
104.08,717
106.11,716
110.911,715
116.585,714
117.038,713
117.155,712
117.789,710
117.871,709
118.665,708
118.741,706
121.242,702
124.05,701
133.19,700
134.489,697
137.103,696
137.386,695
137.503,694
142.041,693
205.586,692
211.543,691
211.625,690
211.793,689
212.665,688
235.361,686
235.438,685
235.717,684
299.946,683
317.582,682
332.165,681
333.727,680
390.585,679
391.064,678
646.837,677
648.001,676
649.127,675
659.094,674
659.404,673
663.142,672
664.206,671
664.301,670
664.786,668
667.817,667
696.299,666
706.986,665
707.529,664
711.175,663
713.649,662
721.638,661
726.055,660
727.311,659
897.753,656
971.191,655
972.286,654
972.469,653
979.927,652
980.835,650
987.408,649
993.061,648
1872.16,647
1872.6,643
