0.245365,1132
0.371722,1131
0.488004,1130
0.588117,1129
0.729054,1128
0.828415,1127
0.905902,1126
1.00318,1125
1.09245,1124
1.19676,1123
1.29682,1122
1.37659,1121
1.49818,1120
1.59829,1118
1.68222,1117
1.78219,1116
1.86187,1112
1.95946,1109
2.06746,1107
2.17528,1105
2.28839,1104
2.36599,1103
2.48781,1100
2.60197,1099
2.69105,1098
2.79477,1097
2.90098,1096
2.9878,1095
3.08688,1094
3.18055,1093
3.2798,1092
3.38814,1089
3.46566,1087
3.56838,1085
3.64735,1082
3.82823,1081
3.95427,1080
4.0442,1079
4.16641,1076
4.38926,1075
4.57177,1074
4.66442,1071
4.72941,1070
4.84426,1069
4.93621,1068
5.03657,1067
5.13707,1065
5.22804,1064
5.32623,1063
5.41172,1062
5.50332,1061
5.60132,1060
5.67499,1058
5.78914,1056
5.86883,1053
5.96717,1052
6.05143,1050
6.15225,1049
6.28293,1047
6.36449,1046
6.46524,1042
6.56578,1041
6.64971,1037
6.74565,1036
6.82915,1034
6.92633,1033
7.01451,1032
7.12654,1031
7.21205,1030
7.30886,1029
7.40927,1026
7.49187,1023
7.61135,1021
7.72089,1019
7.84117,1018
7.96348,1017
8.08817,1014
8.2367,1010
8.33963,1006
8.45294,1005
8.55032,1004
8.66171,1002
8.7497,1001
8.91524,1000
8.98276,999
9.09202,998
9.2023,997
9.31129,996
9.47244,995
9.5713,993
9.72732,992
9.81009,991
9.92069,989
10.0715,988
10.1919,987
10.2895,986
10.3823,985
10.5671,984
10.685,983
10.7984,982
10.8837,981
11.0386,980
11.1268,979
11.2833,978
11.4335,977
11.5763,976
11.6953,975
11.8918,974
12.0337,973
12.1396,972
12.2677,971
12.441,970
12.572,969
12.6785,968
12.7844,967
12.924,966
13.0128,965
13.1106,964
13.2225,963
13.3545,962
13.442,961
13.5401,960
13.6437,959
13.7693,958
13.8657,957
13.9861,956
14.0912,955
14.1813,954
14.3166,953
14.4082,952
14.5354,951
14.6271,950
14.7341,949
14.8565,948
14.9579,947
15.099,946
15.2119,945
15.3645,944
15.4688,943
15.5951,942
15.6568,941
15.8558,940
15.9732,939
16.0806,938
16.1896,937
16.2984,935
16.7097,934
17.3092,933
17.4045,932
17.5069,930
17.9909,927
18.3581,926
18.6195,925
18.7187,918
18.9987,917
19.2324,915
19.7446,913
19.8256,911
20.007,910
20.6451,909
20.7274,908
21.0842,906
21.1809,903
21.6445,902
21.7232,900
21.8304,898
22.3853,896
22.4639,895
22.5591,893
22.9953,891
23.0629,890
23.287,887
23.8254,886
23.9218,885
23.987,884
24.0967,882
24.1841,879
25.4264,878
25.52,877
25.6015,876
25.7746,875
25.8774,874
25.9604,873
26.1466,872
26.2287,871
26.6574,870
26.7508,868
26.9599,867
27.3347,866
27.8175,865
27.8941,864
28.0711,863
28.4326,861
29.0543,860
29.2419,859
29.6077,855
29.7351,854
30.5441,853
30.7827,852
31.0086,850
31.3041,846
32.0449,845
32.1269,844
32.2336,843
32.4297,841
32.6164,840
32.8851,839
34.4258,835
34.78,834
34.9874,833
35.1042,832
35.1797,831
35.2612,830
35.7062,829
36.1563,828
36.4272,827
36.5244,826
36.6257,825
37.326,824
37.4609,823
37.5669,822
37.6818,821
38.678,820
39.221,818
39.3054,817
39.7448,816
39.8444,813
40.1926,812
40.287,811
40.3684,807
40.4529,805
40.5586,804
40.9058,801
42.2109,800
43.0785,799
43.1788,798
43.361,796
43.6477,795
43.7858,793
46.7359,791
47.0989,790
47.2068,789
47.2866,788
47.895,787
48.0705,786
48.1452,784
48.9135,783
49.3706,781
49.796,780
50.2274,779
50.932,778
51.1096,777
51.6084,775
52.2402,773
53.7096,771
54.9108,769
55.9663,768
56.19,766
57.8468,765
57.9274,764
59.4656,762
60.0912,761
61.2491,760
61.356,759
61.6208,758
62.6218,757
63.5614,756
64.2573,755
64.3541,753
64.979,752
65.9399,749
69.0377,747
70.002,746
72.4197,745
75.4709,744
75.9658,743
76.1589,741
78.695,740
78.7927,738
82.1093,737
82.2158,736
82.3314,735
88.0253,734
89.0071,733
89.1919,732
93.7969,731
94.6158,728
102.995,727
103.269,726
105.12,725
105.228,722
106.276,720
106.361,719
107.552,717
108.807,716
108.903,715
108.971,714
109.676,713
109.85,712
114.417,710
114.736,709
117.759,708
121.117,707
136.656,706
136.934,705
137.694,704
137.988,703
167.08,702
167.2,699
167.722,698
199.524,696
203.26,693
214.443,692
216.468,691
218.443,690
219.415,689
221.467,688
221.825,687
229.966,685
230.133,684
233.135,683
233.565,682
234.587,681
271.3,680
271.51,678
274.576,677
278.418,676
279.611,675
280.13,674
280.672,673
281.371,672
426.846,670
427.941,669
438.4,668
440.544,666
452.142,665
452.432,664
453.369,662
460.828,660
561.356,659
565.615,658
634.203,656
1282.37,655
1324.98,654
1961.69,653
1965.08,652
2067.9,651
2072.71,650
3881.48,649
