0.23583,1132
0.370807,1131
0.45858,1130
0.588915,1129
0.702656,1128
0.802434,1127
0.900316,1126
0.983074,1125
1.08283,1124
1.16634,1123
1.26712,1122
1.38221,1121
1.47642,1120
1.57908,1117
1.66627,1114
1.76327,1113
1.86015,1112
1.95711,1110
2.04897,1108
2.14401,1107
2.23838,1105
2.33404,1104
2.45935,1102
2.55386,1101
2.66289,1100
2.76124,1098
2.85811,1097
2.9585,1096
3.04176,1095
3.15013,1094
3.25263,1093
3.33867,1092
3.43747,1091
3.53026,1081
3.61937,1079
3.80988,1078
3.90153,1077
4.02273,1076
4.11526,1075
4.22831,1074
4.51488,1072
4.61656,1071
4.71489,1069
4.81257,1068
4.89694,1064
5.00604,1063
5.10055,1062
5.19646,1060
5.29722,1059
5.38733,1058
5.47501,1057
5.55968,1054
5.6681,1053
5.74608,1052
5.83961,1051
5.9373,1050
6.02143,1049
6.13997,1048
6.24036,1047
6.34273,1046
6.45209,1045
6.54329,1044
6.63553,1042
6.7169,1041
6.81523,1040
6.89931,1038
7.00946,1037
7.11068,1036
7.19627,1035
7.2932,1033
7.37656,1030
7.47444,1029
7.57196,1028
7.70095,1027
7.82382,1026
7.92662,1025
8.07411,1024
8.18094,1023
8.31287,1022
8.43956,1021
8.52515,1019
8.62964,1018
8.72499,1017
8.86923,1016
8.95503,1013
9.05977,1012
9.17743,1011
9.28703,1010
9.44611,1009
9.53499,1008
9.68023,1007
9.76129,1006
9.88692,1004
9.98175,1003
10.124,1002
10.237,1000
10.3298,999
10.4879,998
10.6247,997
10.7357,996
10.8412,995
10.9977,994
11.0802,993
11.2303,992
11.3524,991
11.479,989
11.6465,988
11.8281,987
11.9627,986
12.1007,985
12.2073,984
12.3806,983
12.5165,982
12.5965,981
12.7313,979
12.8742,978
12.9617,977
13.0743,976
13.1815,975
13.2786,974
13.3574,972
13.4659,969
13.6198,968
13.7083,967
13.7951,966
13.939,965
14.0159,964
14.1158,963
14.2702,961
14.3857,960
14.4757,958
14.5852,957
14.7047,955
14.7998,954
14.922,953
15.0518,952
15.1706,951
15.2886,950
15.4208,948
15.5374,947
15.6569,946
15.8179,945
15.9425,944
16.0551,943
16.1337,942
16.2696,941
16.3649,940
16.4825,939
16.5686,938
16.6843,937
16.8086,935
16.96,934
17.0948,933
17.1816,932
17.2781,931
17.3618,929
17.4685,927
17.5497,925
17.6554,924
17.7564,923
17.9306,922
18.0329,921
18.1331,920
18.2227,919
18.3097,916
18.4045,915
18.9666,914
19.0619,913
19.1953,910
19.5998,909
19.7785,908
20.4854,907
20.5889,905
21.0908,903
21.1891,902
21.2785,901
21.3826,900
21.4577,898
21.5489,897
21.6397,895
21.9878,894
22.1145,893
22.184,892
22.4581,891
22.5417,890
22.6446,889
22.7561,887
23.0863,886
23.5485,885
23.7366,884
23.8223,883
24.0084,882
24.0792,881
24.187,880
24.2647,879
24.349,878
24.4447,877
24.6873,876
24.8875,875
25.2466,874
25.4975,869
25.9628,868
26.1315,867
26.2108,866
26.3433,865
26.7389,863
27.2351,861
27.8673,860
28.2331,859
28.3287,858
28.6812,856
28.7565,855
29.1226,854
29.4848,853
29.7561,852
29.9641,850
30.4991,848
30.608,847
30.9553,846
31.0513,844
32.1602,843
32.5546,842
32.7363,841
32.8222,840
32.9111,839
33.1104,837
33.4874,836
34.2682,835
34.4574,834
34.6329,833
35.206,832
35.2862,831
35.3813,830
35.5575,829
35.6414,828
35.8319,827
36.2037,826
36.3923,825
36.9292,824
37.2843,822
37.7267,821
37.84,820
37.9158,818
38.0378,817
38.2371,816
38.4399,813
38.801,812
39.4971,811
39.5883,810
39.8464,806
40.6513,805
40.9167,804
41.0087,803
41.2471,802
41.6558,800
41.8483,799
41.9314,798
41.9973,797
43.7864,796
43.8636,795
44.0782,794
44.1726,792
44.9805,791
45.1201,790
45.5145,789
45.7322,788
45.8977,787
46.4675,786
46.628,785
46.9837,784
47.2725,782
49.6992,778
49.793,777
49.9735,776
50.7474,775
50.8324,774
50.9144,773
51.1909,772
51.5363,771
51.6321,770
52.5807,766
52.6758,764
54.0893,763
55.3604,762
55.7978,761
55.9732,760
56.3048,759
60.8449,758
61.334,757
61.5119,755
61.9548,754
63.196,753
63.7105,752
64.5589,751
64.8215,750
64.9176,749
66.1317,748
67.2665,746
67.6871,745
68.6967,744
69.1829,743
69.3612,742
69.7566,741
69.8653,740
70.3722,739
80.2337,738
80.489,737
80.9516,736
81.2084,735
84.2183,734
84.4945,733
85.556,732
96.4165,731
99.8266,730
100.006,728
100.61,727
100.829,726
101.1,725
101.651,724
104.76,723
106.351,722
106.827,721
107.372,720
120.008,719
129.815,718
130.468,717
131.592,716
131.683,715
133.615,713
151.466,712
153.568,711
168.398,710
168.475,708
169.851,705
171.695,704
171.865,703
172.039,702
172.685,701
173.099,700
173.376,699
173.55,698
173.814,697
174.166,695
180.221,694
183.003,693
196.375,692
196.567,691
196.748,690
233.434,689
233.689,688
238.2,686
238.392,685
242.607,683
246.347,682
391.5,680
411.983,678
439.997,674
523.552,673
540.89,672
541.686,671
548.526,670
560.678,669
561.107,668
852.646,666
1031.54,665
1127.04,664
1127.23,663
1127.38,662
1127.95,661
1257.58,660
1257.69,658
1262.31,656
1938.8,654
1968.71,653
2719.97,651
3205.65,650
3207.5,649
3212.63,647
