0.192559,1132
0.33667,1131
0.463494,1130
0.565705,1129
0.688468,1128
0.778909,1127
0.877757,1126
0.965095,1125
1.06248,1124
1.15475,1123
1.25132,1122
1.33988,1121
1.46595,1120
1.5611,1118
1.64133,1117
1.74071,1115
1.83759,1114
1.92337,1113
2.02796,1111
2.12166,1109
2.2231,1108
2.32463,1100
2.42671,1099
2.54008,1096
2.6246,1094
2.72158,1093
2.8292,1091
2.89907,1084
3.01865,1083
3.12699,1082
3.21854,1080
3.31445,1079
3.39693,1078
3.50711,1077
3.58405,1076
3.70675,1075
3.8772,1074
3.99499,1073
4.09213,1072
4.19091,1070
4.44105,1068
4.59031,1067
4.67623,1063
4.77338,1062
4.87351,1061
4.97049,1060
5.06626,1059
5.15557,1058
5.26103,1054
5.33964,1053
5.43725,1051
5.52292,1049
5.626,1047
5.718,1046
5.78284,1045
5.90038,1044
5.98208,1042
6.08806,1041
6.22107,1039
6.30271,1038
6.39917,1037
6.5025,1035
6.59265,1033
6.67878,1032
6.77514,1031
6.87138,1030
6.95079,1029
7.04616,1027
7.14797,1025
7.23079,1024
7.31189,1023
7.42099,1022
7.49126,1021
7.63266,1020
7.75203,1019
7.86582,1017
8.00817,1016
8.10822,1014
8.24107,1013
8.34648,1012
8.45437,1011
8.55851,1010
8.63476,1009
8.78918,1008
8.88507,1007
8.97898,1006
9.06849,1005
9.18313,1003
9.30776,1002
9.43738,1001
9.56072,999
9.69859,998
9.79133,996
9.90479,995
10.0452,994
10.1468,993
10.2479,992
10.3584,991
10.512,990
10.6541,989
10.7514,988
10.8636,987
11.0042,986
11.1092,985
11.2714,984
11.3878,983
11.5601,982
11.6592,981
11.8859,980
11.9786,979
12.1054,978
12.202,977
12.3908,976
12.5394,975
12.6275,973
12.7504,972
12.8761,971
12.9871,970
13.0727,969
13.1973,968
13.2837,967
13.4017,966
13.4886,965
13.6062,964
13.7077,963
13.8142,962
13.9363,961
14.0423,960
14.1298,959
14.3072,958
14.4034,957
14.5054,956
14.597,955
14.6859,952
14.8358,950
14.9167,949
15.0544,948
15.1766,947
15.3403,946
15.5527,944
15.6991,942
15.9546,941
16.0632,940
16.171,938
16.287,937
16.3608,935
16.4966,934
16.7383,933
16.8894,932
17.1164,931
17.2012,929
17.3074,928
17.3966,927
17.6777,926
17.7774,925
17.9466,924
18.057,922
18.4242,921
18.6782,920
18.7736,919
18.8522,918
19.0861,917
19.1966,916
19.2919,914
19.6139,913
19.6803,912
19.785,911
19.8695,910
19.9644,909
20.0497,908
20.3316,907
20.419,906
20.5883,905
20.688,903
21.0504,902
21.1277,901
21.2322,899
21.4112,898
21.48,897
22.1274,896
22.226,895
22.3943,894
22.6243,893
22.7201,891
22.8168,890
23.2301,888
23.7606,886
23.8359,885
24.1949,884
24.3662,883
24.7347,882
24.9012,881
25.0016,880
25.3553,879
25.6083,877
26.0711,876
26.1499,875
26.3642,874
26.4749,871
26.5881,870
26.9921,869
27.5727,868
27.9291,866
28.8326,865
29.2878,864
29.7598,863
29.954,862
30.1075,860
30.1931,859
30.4195,858
30.5331,857
31.0792,856
31.4337,855
31.5169,853
31.6165,852
31.705,849
32.7583,848
33.2236,847
33.4941,846
33.7262,845
33.9854,844
34.3906,843
34.497,842
34.585,841
34.6628,840
35.0352,839
35.1355,837
35.2238,836
35.4931,835
35.5758,834
36.2348,832
36.416,831
36.5948,830
36.77,829
36.8673,828
37.6604,826
38.3667,824
38.466,823
38.5601,822
39.5439,821
39.8082,818
41.7986,817
42.1988,816
42.2884,813
42.9544,811
43.3091,810
44.1808,809
44.6297,807
45.6645,806
45.9225,803
46.2095,802
46.5661,800
46.7381,798
47.5567,797
47.907,796
47.9852,795
48.2605,794
48.7293,792
49.3769,790
49.6371,789
50.2478,788
50.4247,787
50.6808,786
50.8562,782
52.698,781
53.1262,780
53.1954,779
54.3055,778
54.4863,777
56.41,776
56.7168,775
57.7716,774
58.5337,773
58.8141,772
59.6321,771
60.0891,770
60.9474,768
61.5196,767
61.6956,766
61.9686,765
62.6076,763
62.7697,762
63.8523,761
64.6884,760
65.5658,759
65.7471,758
67.539,756
67.8217,755
68.5263,754
70.7066,753
72.6773,752
73.0606,751
73.157,750
74.8751,749
75.2117,747
79.3057,746
79.5741,744
83.8349,743
90.0789,742
93.7115,741
94.781,740
95.1451,739
95.4036,738
97.6664,736
97.7512,734
103.54,733
103.648,732
111.757,730
112.645,729
119.571,728
120.635,727
127.531,726
131.632,725
131.926,724
132.126,723
136.383,722
136.749,721
137.778,719
138.579,718
149.654,717
150.546,716
151.66,715
153.401,714
153.566,713
154.272,712
154.524,711
154.617,710
155.056,709
156.88,708
157.469,705
177.328,704
182.249,703
184.044,702
184.126,701
184.642,700
265.901,699
274.003,698
275.464,697
280.042,695
283.001,694
285.902,692
308.247,690
309.365,689
330.871,688
330.979,684
400.511,683
404.598,682
405.747,681
408.086,678
413.096,677
462.703,676
475.176,675
489.577,674
489.672,673
499.269,672
502.019,671
502.351,670
578.03,669
695.479,668
698.155,667
698.285,665
699.865,664
703.63,662
1270.54,661
1271.65,660
1273.08,658
1351.19,657
1367.31,656
1388.81,655
1402.71,654
1412.88,653
2713.21,652
2719.09,650
2721.04,649
2807.52,648
2807.63,646
