0.191203,1132
0.31518,1131
0.441849,1130
0.542443,1129
0.67765,1128
0.778576,1127
0.866509,1126
0.953153,1125
1.04177,1124
1.13188,1123
1.24398,1120
1.34485,1118
1.46241,1117
1.53956,1116
1.63157,1113
1.73331,1112
1.81545,1111
1.91409,1109
2.02037,1108
2.12196,1107
2.2144,1103
2.34784,1102
2.41674,1100
2.53509,1098
2.64063,1097
2.74694,1095
2.83363,1094
2.92269,1092
3.0273,1090
3.11533,1089
3.22161,1087
3.30919,1085
3.40207,1084
3.50444,1083
3.58818,1082
3.75702,1080
3.87558,1079
3.98352,1077
4.10054,1075
4.19763,1074
4.46473,1069
4.60217,1067
4.67892,1063
4.76726,1062
4.8793,1061
4.9769,1060
5.06696,1059
5.16068,1058
5.2617,1056
5.34179,1054
5.43695,1051
5.53444,1048
5.60566,1046
5.71567,1044
5.7995,1043
5.89503,1042
5.97712,1041
6.06604,1040
6.18337,1038
6.27571,1037
6.37932,1036
6.4792,1033
6.56916,1031
6.67561,1030
6.74755,1029
6.85265,1028
6.92386,1026
7.05258,1025
7.13683,1024
7.22078,1023
7.31844,1022
7.41453,1019
7.52259,1018
7.64212,1017
7.7482,1016
7.86387,1015
7.98355,1014
8.08784,1013
8.24145,1011
8.35948,1009
8.46167,1008
8.56741,1007
8.6548,1006
8.79828,1005
8.8866,1003
8.99551,1002
9.10704,1001
9.20385,1000
9.30891,999
9.46876,998
9.57448,995
9.70702,994
9.80992,991
9.92972,989
10.0629,988
10.1655,987
10.2622,986
10.4146,985
10.5115,984
10.6575,982
10.7495,981
10.8711,980
11.0063,979
11.1536,978
11.2587,977
11.377,975
11.5581,974
11.6675,973
11.8847,972
11.9849,971
12.1114,969
12.2025,968
12.3856,967
12.5303,966
12.6259,964
12.7433,963
12.8699,962
12.9708,961
13.0636,960
13.1868,959
13.2744,958
13.3904,957
13.4661,956
13.6023,955
13.6953,954
13.7952,953
13.9255,952
14.0215,951
14.1351,950
14.2568,949
14.3835,947
14.4748,946
14.5744,945
14.6629,944
14.8018,943
14.8849,942
15.0336,941
15.1205,940
15.2649,939
15.3769,938
15.5049,937
15.6838,936
15.8044,935
15.9304,934
16.0227,933
16.1404,932
16.2395,931
16.3717,930
16.4507,929
16.5574,928
16.6499,926
16.7994,925
16.9432,924
17.0578,923
17.1735,922
17.2559,921
17.3668,920
17.444,919
17.542,918
17.6113,916
17.8169,914
18.0116,913
18.1183,912
18.1991,910
18.3881,909
18.5687,908
18.7423,906
18.842,905
19.0518,904
19.1521,903
19.2636,902
19.3489,901
19.5558,900
19.6508,899
19.7386,898
19.8309,897
19.9156,896
20.1925,895
20.2766,894
20.3822,893
20.5497,892
20.9126,891
20.9917,890
21.1718,888
21.3572,884
21.5272,882
22.0788,881
22.2615,879
22.3553,878
22.4386,875
23.4579,873
24.7079,872
24.7866,871
24.9585,870
25.0569,869
25.3267,868
25.4067,867
25.6774,864
25.7608,863
25.9463,861
26.3262,860
26.4699,859
26.5549,858
26.6721,857
27.0638,856
27.1524,855
27.5353,854
27.6464,853
27.8258,852
28.0071,851
28.0835,850
28.43,847
28.5287,846
28.7843,845
29.0338,844
29.3979,843
29.6813,840
31.1107,839
31.1923,838
31.3665,837
31.5562,835
31.8423,834
32.1203,833
32.399,832
32.5048,831
32.583,829
32.7713,828
32.957,827
33.2341,826
33.4437,825
34.2281,823
34.4072,822
34.5877,820
36.05,819
36.3716,817
36.5345,816
36.9845,815
38.3238,814
38.4134,813
38.5141,811
38.949,810
39.1325,808
39.5712,807
39.8435,806
39.9305,805
40.0372,803
41.2567,802
41.3506,801
41.467,800
41.761,799
41.937,798
42.3328,796
43.763,793
43.9629,792
44.2343,791
44.509,789
44.5988,788
45.3339,786
45.4231,784
45.5417,783
45.821,782
45.9162,781
46.2855,779
47.4334,778
47.5337,777
47.7919,776
48.241,775
48.3238,774
48.7063,773
48.9081,771
49.0321,770
49.1608,769
49.5326,768
50.2311,767
50.4057,766
50.7508,765
50.8397,764
50.9281,763
51.7935,760
51.8802,759
54.7219,758
54.9013,757
57.207,756
59.3972,755
59.4729,754
59.5633,753
61.0565,752
61.1669,751
61.6145,750
61.6988,749
61.881,748
62.803,746
64.815,745
64.892,744
65.9436,743
66.0269,742
66.7271,741
68.2445,738
69.5398,737
69.6334,736
69.7399,735
70.4462,731
72.3334,730
79.6135,729
80.0451,728
80.142,727
80.5987,726
81.4707,725
82.4689,724
85.6848,723
86.4757,722
86.8143,721
86.8988,720
87.7851,719
87.8799,718
88.2226,717
88.3986,716
93.1311,714
99.7896,713
103.233,712
103.399,711
103.837,710
104.232,709
109.683,708
110.118,707
112.467,705
116.054,704
141.08,703
147.317,700
147.592,699
149.267,698
149.503,697
149.622,695
152.546,693
153.693,690
179.554,688
182.239,687
183.316,686
184.893,685
190.831,684
192.523,683
193.783,681
196.673,680
196.845,679
458.085,678
463.053,677
464.173,675
464.865,674
470.355,673
470.61,672
476.523,670
489.109,668
489.626,667
619.224,665
619.518,663
620.22,662
620.976,661
622.188,660
693.308,659
741.405,658
773.915,656
774.098,655
774.35,654
908.066,653
1110.83,651
1533.74,649
1533.83,648
