0.205076,1132
0.34599,1131
0.449082,1130
0.571513,1129
0.712053,1128
0.80741,1127
0.906215,1126
1.00397,1125
1.08864,1124
1.18679,1123
1.27085,1122
1.37267,1121
1.49531,1118
1.58178,1117
1.68226,1116
1.7761,1114
1.85871,1112
1.95655,1111
2.05504,1110
2.14336,1109
2.26176,1106
2.34267,1103
2.48466,1101
2.56465,1099
2.68405,1098
2.78951,1097
2.87446,1096
2.96464,1095
3.06393,1094
3.17173,1092
3.27436,1091
3.36313,1089
3.46012,1088
3.54325,1086
3.64581,1085
3.75057,1083
3.89675,1076
4.0314,1073
4.12584,1072
4.24789,1070
4.50092,1066
4.64642,1065
4.73181,1063
4.83343,1062
4.92058,1061
5.02465,1059
5.12138,1058
5.20507,1057
5.30458,1056
5.40531,1055
5.50381,1054
5.5856,1053
5.68948,1051
5.76116,1050
5.86155,1049
5.94714,1048
6.04812,1047
6.14262,1045
6.27622,1044
6.3671,1043
6.44394,1040
6.55677,1038
6.65591,1037
6.72705,1035
6.83355,1034
6.91916,1033
7.01158,1032
7.119,1031
7.21542,1030
7.29141,1029
7.39567,1026
7.48329,1022
7.56926,1020
7.66964,1019
7.79639,1018
7.91064,1017
8.00374,1016
8.14755,1012
8.29342,1011
8.40393,1010
8.50772,1009
8.60089,1008
8.70967,1007
8.79841,1006
8.93415,1005
9.02705,1003
9.11928,1002
9.22978,1001
9.34895,1000
9.45088,999
9.61058,998
9.70321,997
9.85691,996
9.95232,995
10.0457,994
10.2061,993
10.3202,992
10.4039,991
10.5646,989
10.7028,988
10.8107,987
10.9021,985
11.0234,983
11.15,982
11.3306,981
11.4635,980
11.5798,979
11.7474,978
11.907,977
12.0519,976
12.1615,975
12.285,974
12.4771,973
12.6094,970
12.7147,969
12.8222,968
12.9638,967
13.0544,965
13.1524,964
13.2616,963
13.3675,962
13.4394,961
13.5551,959
13.7017,958
13.7898,957
13.888,956
14.0341,955
14.1159,954
14.2173,953
14.3873,951
14.477,950
14.579,949
14.6974,948
14.7855,947
14.922,946
15.0095,945
15.1515,944
15.2624,943
15.4162,942
15.5387,941
15.6306,940
15.8203,938
15.9296,937
16.072,936
16.1543,935
16.276,934
16.3653,933
16.5729,932
16.681,931
16.7832,930
16.9358,928
17.098,927
17.3786,926
17.5683,925
17.7622,924
17.8657,923
17.9635,922
18.0492,921
18.1218,920
18.2217,919
18.3016,915
18.4107,912
18.86,911
19.5911,910
19.6905,909
19.8704,907
20.1502,906
20.2311,905
20.3341,903
20.6712,902
20.7441,901
20.9296,899
21.0161,898
21.206,896
21.6545,893
22.1075,892
22.5683,891
22.6415,890
22.7557,889
22.8749,888
22.9921,887
23.0888,886
23.2063,885
23.3996,884
23.4908,883
23.5713,882
23.675,881
23.7557,880
23.9312,877
24.3067,876
24.384,875
24.5601,874
24.7794,873
24.9131,871
25.2665,870
25.347,868
25.4425,867
25.5255,866
25.6186,865
25.6998,864
25.873,862
25.9821,861
26.1627,860
26.888,859
26.9909,858
27.0868,857
27.1729,856
27.2734,855
27.3632,854
27.4424,853
27.534,852
27.6267,851
27.7519,850
27.9303,848
28.0268,847
29.0085,846
29.1039,844
29.3783,843
29.7621,842
29.8394,840
30.2647,839
30.4748,838
30.5852,836
31.21,834
31.3081,830
32.3302,829
32.4447,828
32.5239,827
32.607,826
32.7919,825
32.8987,824
33.1698,823
33.4541,820
34.5993,818
34.9775,816
35.8161,815
35.8814,814
36.0701,813
36.2424,812
36.9859,811
37.3769,809
38.0436,807
38.2262,806
38.7091,805
38.8907,804
39.0679,803
40.4702,802
41.0166,801
41.4325,800
42.2364,799
42.3217,798
42.8221,797
43.6537,796
43.7401,795
44.0261,793
44.5229,792
44.78,791
45.8214,790
45.9266,789
46.6419,788
46.8097,787
46.9943,784
48.5182,783
49.3087,781
49.693,780
50.1248,779
50.5619,777
50.9144,776
52.8592,774
52.9697,772
53.9743,770
54.0534,769
57.027,768
57.0964,767
57.2069,766
57.374,765
58.5625,764
58.659,761
61.0913,760
61.301,759
61.386,758
61.477,755
61.9357,754
62.0978,753
65.5172,751
65.7087,750
65.8899,749
66.2518,747
69.5491,744
71.0241,743
72.3427,742
73.3914,741
74.6825,740
75.5898,739
75.7005,738
75.8817,737
76.2773,735
77.7768,734
78.7261,732
80.0656,730
80.9785,729
81.3132,728
81.4823,727
82.0188,726
82.2449,725
82.35,724
82.6477,722
83.9512,719
85.1943,718
97.2178,715
97.9423,713
98.3965,712
105.817,711
106.003,706
106.929,705
113.133,704
117.305,703
119.063,702
119.489,701
119.856,700
131.747,699
144.447,698
151.013,697
151.638,696
151.712,695
156.999,694
157.099,693
157.762,692
157.858,691
167.317,690
167.402,689
167.843,688
170.101,687
170.173,686
170.347,685
170.429,684
170.516,683
302.384,682
302.657,681
302.827,680
343.506,679
352.767,678
356.607,677
356.783,676
357.223,675
357.799,674
358.701,671
358.779,670
358.908,668
364.05,667
452.462,666
454.68,665
454.938,664
455.113,663
455.571,662
455.871,661
578.529,660
742.354,658
757.988,657
759.854,653
1109.31,650
1229.33,649
1232.24,648
1255.4,647
2339.69,646
2340.9,645
