0.189353,1132
0.318991,1131
0.453525,1130
0.553351,1129
0.657779,1128
0.774633,1127
0.853652,1125
0.953329,1124
1.03398,1123
1.1442,1121
1.24514,1120
1.3168,1119
1.43538,1118
1.54365,1117
1.62035,1116
1.72018,1114
1.80614,1112
1.90528,1107
2.00118,1106
2.10301,1104
2.19527,1100
2.2981,1098
2.42841,1097
2.54648,1096
2.61619,1094
2.72702,1093
2.82802,1091
2.91317,1090
3.02431,1089
3.10325,1086
3.21734,1084
3.3188,1083
3.39199,1082
3.48857,1080
3.58045,1077
3.6823,1076
3.85653,1070
3.9641,1068
4.07495,1067
4.17304,1066
4.47301,1065
4.58761,1064
4.67347,1062
4.77341,1060
4.85047,1059
4.9758,1057
5.0663,1055
5.16156,1052
5.25391,1051
5.33971,1049
5.43894,1048
5.53958,1047
5.61798,1046
5.7211,1045
5.80556,1043
5.90867,1041
5.98573,1040
6.09069,1038
6.21212,1037
6.29004,1036
6.40055,1035
6.4924,1034
6.58986,1033
6.69033,1032
6.76875,1031
6.87537,1030
6.96098,1029
7.07194,1028
7.15828,1027
7.25231,1026
7.33004,1025
7.43752,1024
7.5249,1023
7.66404,1022
7.78711,1020
7.93614,1018
8.05034,1017
8.17537,1013
8.30384,1012
8.39911,1011
8.51425,1010
8.61107,1008
8.70582,1007
8.77988,1006
8.81511,1005
8.98547,1004
9.08671,1003
9.22708,1002
9.3259,1001
9.489,997
9.5909,996
9.72744,994
9.83707,993
9.92338,992
10.0651,990
10.1863,989
10.2678,987
10.4335,986
10.5454,984
10.6856,983
10.7791,982
10.9123,981
11.0376,980
11.1596,979
11.302,978
11.4086,977
11.6115,976
11.7085,975
11.8755,974
12.0179,973
12.1391,972
12.3362,971
12.4302,970
12.5736,968
12.6593,966
12.8176,965
12.9051,964
13.0147,963
13.1049,962
13.2314,961
13.3489,960
13.4459,959
13.5729,958
13.6579,957
13.7734,956
13.9067,955
14.0024,954
14.0941,953
14.2612,951
14.3497,950
14.4821,948
14.571,947
14.9005,946
15.0322,944
15.3998,943
15.6798,942
15.8019,941
15.9268,940
16.0392,938
16.2598,937
16.3713,936
16.5653,934
17.0865,933
17.1803,930
17.3562,929
17.4614,928
17.5458,927
17.7681,925
17.9462,924
18.0276,923
18.2164,922
18.3223,921
18.4031,919
18.5014,918
18.5796,916
18.6732,915
19.1833,911
19.2851,909
19.8773,908
19.9534,907
20.1326,906
20.2341,905
20.3072,904
20.3934,903
20.478,902
20.8272,901
21.0144,900
21.101,899
21.2832,898
21.6542,896
22.2083,894
22.2789,893
22.5643,891
22.793,890
23.2198,889
23.3022,888
23.3972,887
23.4775,886
23.5749,885
23.7589,884
24.0161,883
24.1947,881
24.6977,880
25.1787,879
25.2603,878
25.3556,877
25.4362,873
25.5313,872
25.7068,871
25.7932,870
25.9767,869
26.5657,868
26.6832,867
26.7795,866
26.8822,863
27.7506,862
27.8364,861
28.0948,860
28.2759,859
28.3748,857
28.4553,854
28.9946,853
29.5504,851
29.6579,850
29.9834,849
30.2001,847
30.3041,846
31.6935,845
31.7829,843
31.8804,841
31.9658,840
32.075,839
32.6441,836
33.8815,835
34.1968,834
34.2948,832
34.5769,831
34.6693,830
35.0553,827
35.6876,825
35.8639,824
36.0442,823
36.312,822
36.7763,821
36.852,820
37.2209,819
37.4405,816
37.9965,815
38.0823,814
39.261,812
39.7978,811
39.8866,810
40.0601,809
40.1647,808
40.2364,802
41.9603,800
42.1776,799
42.4728,798
42.6404,797
43.1138,796
44.093,795
44.2894,794
44.4673,793
44.6288,792
44.71,791
45.3422,787
45.7335,786
45.9173,785
46.2107,784
46.3905,783
46.8291,781
47.2008,780
47.9783,779
48.0488,778
48.1578,777
49.8666,774
50.3018,772
51.4189,771
51.5987,770
52.8662,769
53.1592,768
56.702,767
56.7885,765
57.9563,764
58.6191,763
58.8998,762
59.2738,760
59.5481,759
61.2608,758
61.3653,756
62.2661,755
62.6971,753
65.6615,751
66.462,750
66.8183,748
69.9475,747
75.3103,746
75.3975,745
75.7617,744
75.8677,743
76.6331,741
77.0264,738
83.4783,737
84.5166,736
88.3519,735
88.6864,733
92.2807,732
92.3677,731
92.637,730
93.3585,728
96.3993,726
97.9439,724
98.3089,723
99.6313,722
100.47,721
100.979,719
101.443,718
101.544,717
101.987,715
139.56,714
140.088,713
140.17,712
140.863,711
142.924,710
143.101,708
143.456,707
149.627,706
175.666,705
196.47,704
199.805,702
208.465,701
209.469,700
210.415,699
210.859,698
213.323,696
216.014,695
219.042,694
221.37,693
223.495,692
223.599,691
224.245,690
225.006,689
225.096,688
225.865,687
227.257,686
227.459,685
235.238,684
285.431,683
393.468,681
395.719,680
442.332,679
442.589,678
449.526,676
470.694,675
472.309,673
473.572,672
475.166,671
475.372,670
495.178,669
497.132,668
497.886,667
498.886,666
499.146,664
607.473,663
609.57,662
610.722,661
611.659,660
613.443,658
858.21,657
858.329,655
911.08,654
912.73,652
913.032,649
1044.64,648
1045.74,647
1049.78,646
2087.83,645
2088.1,644
2102.04,642
