0.859696,8360
1.34906,8359
1.76456,8358
2.1968,8357
2.66865,8356
3.12607,8355
3.65153,8354
4.35531,8352
4.89168,8351
5.42027,8350
5.89197,8348
6.53153,8346
6.9444,8345
7.37926,8342
7.80834,8340
8.31513,8337
8.79778,8336
9.24347,8334
9.66201,8331
10.1026,8330
10.5241,8325
10.9606,8324
11.4155,8322
11.8755,8317
12.3911,8315
12.8328,8313
13.2828,8310
13.6931,8309
14.1143,8307
14.527,8306
14.9563,8303
15.3851,8302
15.8918,8300
16.3619,8296
16.7842,8295
17.2119,8291
17.6426,8289
18.0504,8287
18.4809,8286
18.8889,8278
19.332,8277
19.8467,8275
20.2696,8272
20.6921,8269
21.1133,8266
21.522,8264
21.981,8257
22.4366,8253
22.8738,8252
23.3691,8250
23.8231,8246
24.2434,8244
24.6445,8240
25.0643,8237
25.4772,8234
25.8933,8232
26.4381,8225
26.9649,8223
27.4541,8222
27.8788,8215
28.2745,8213
28.6983,8211
29.1021,8209
29.5471,8208
29.9864,8204
30.4061,8201
31.0169,8200
31.4644,8199
31.8957,8198
32.3118,8196
32.7498,8188
33.1987,8185
33.6472,8183
34.0478,8176
34.5389,8174
35.0413,8173
35.4547,8169
35.8734,8165
36.2816,8158
36.7074,8156
37.1236,8154
37.5535,8153
37.9859,8149
38.491,8146
38.9502,8145
39.3673,8144
39.7944,8143
40.2236,8139
40.6465,8136
41.0584,8135
41.4893,8134
41.9655,8132
42.4548,8128
42.8744,8122
43.2883,8112
43.7306,8111
44.1546,8104
44.5642,8102
44.9592,8099
45.3705,8098
45.8712,8097
46.3644,8094
47.0274,8093
47.4827,8086
47.9168,8085
48.3358,8079
48.7527,8077
49.1609,8076
49.645,8069
50.1073,8068
50.5352,8066
50.9584,8064
51.3631,8062
51.7809,8061
52.1841,8060
52.6419,8058
53.1282,8056
53.5993,8055
54.0541,8048
54.4941,8045
54.9156,8042
55.3982,8041
55.8426,8034
56.2916,8033
56.8023,8030
57.3479,8027
57.8259,8026
58.2693,8025
58.713,8023
59.1708,8022
59.6431,8018
60.0787,8014
60.5914,8009
61.1597,8007
61.6491,8002
62.1188,7999
62.6104,7995
63.0913,7992
63.521,7990
63.9242,7989
64.4723,7983
64.9297,7982
65.3717,7980
65.7742,7979
66.197,7974
66.6071,7969
67.2253,7966
67.6433,7963
68.0883,7962
68.5827,7961
69.0225,7960
69.4684,7959
69.8862,7956
70.3034,7954
70.7353,7952
71.1434,7948
71.5748,7947
72.0522,7941
72.529,7940
72.951,7939
73.3834,7938
73.7983,7937
74.2089,7936
74.6237,7933
75.0206,7931
75.457,7930
75.9668,7929
76.4417,7925
76.8493,7924
77.2446,7922
77.6803,7921
78.0996,7916
78.5094,7915
78.9187,7914
79.3714,7907
79.8487,7899
80.2968,7894
80.7055,7893
81.1259,7892
81.5319,7891
81.9444,7889
82.3434,7887
82.7658,7881
83.2416,7879
83.7288,7878
84.1298,7876
84.5298,7871
84.9341,7870
85.3301,7869
85.7433,7867
86.1645,7865
86.5712,7864
87.2122,7862
87.7322,7861
88.1438,7860
88.5699,7858
88.9821,7857
89.3962,7855
89.8024,7853
90.2182,7850
90.6815,7849
91.157,7847
91.6134,7843
92.0728,7838
92.5128,7836
92.9423,7831
93.359,7830
93.7732,7826
94.1765,7824
94.7017,7823
95.1673,7822
95.5797,7819
95.9993,7818
96.4011,7817
96.8412,7812
97.2563,7809
97.7055,7808
98.1602,7806
98.6633,7804
99.0892,7803
99.504,7802
99.9271,7801
100.351,7797
100.759,7794
101.183,7791
101.604,7786
102.101,7785
102.549,7782
102.988,7780
103.395,7779
103.798,7778
104.218,7774
104.607,7768
105.016,7767
105.422,7764
105.917,7763
106.389,7761
106.813,7760
107.252,7759
107.877,7758
108.326,7757
108.777,7756
109.164,7755
109.661,7751
110.127,7750
110.531,7749
110.933,7748
111.345,7743
111.764,7740
112.16,7736
112.591,7734
113.026,7733
113.512,7732
113.999,7731
114.403,7730
114.875,7728
115.318,7727
115.819,7720
116.256,7716
116.727,7715
117.258,7714
117.736,7713
118.212,7712
118.672,7711
119.109,7705
119.563,7704
120.021,7703
120.479,7700
121.028,7697
121.496,7696
121.982,7695
122.496,7694
122.97,7692
123.453,7688
123.872,7686
124.312,7684
124.813,7677
125.24,7676
125.689,7675
126.089,7674
126.509,7671
126.94,7668
127.386,7666
128,7664
128.491,7663
128.951,7662
129.409,7661
129.822,7660
130.238,7659
130.655,7657
131.063,7654
131.486,7652
131.971,7650
132.459,7648
132.867,7646
133.296,7639
133.688,7638
134.114,7637
134.503,7634
134.909,7632
135.339,7630
135.813,7629
136.283,7628
136.683,7625
137.083,7622
137.529,7621
137.936,7620
138.345,7617
138.743,7616
139.147,7613
139.635,7607
140.133,7606
140.541,7605
140.928,7603
141.342,7599
141.76,7598
142.158,7597
142.576,7594
143.002,7593
143.491,7591
143.918,7588
144.321,7586
144.724,7584
145.132,7583
145.536,7582
145.938,7581
146.345,7580
146.785,7579
147.262,7578
147.711,7575
148.432,7573
148.96,7571
149.587,7570
150.112,7569
150.737,7566
151.306,7565
151.767,7561
152.265,7560
152.797,7559
153.29,7557
153.696,7555
154.129,7552
154.647,7545
155.196,7544
155.742,7543
156.239,7542
156.687,7541
157.185,7540
157.657,7539
158.133,7538
158.696,7537
159.211,7535
159.693,7533
160.171,7532
160.656,7531
161.134,7530
161.613,7528
162.024,7527
162.552,7526
163.047,7524
163.493,7521
163.912,7520
164.308,7514
164.724,7513
165.143,7508
165.539,7505
165.954,7502
166.46,7500
166.901,7498
167.294,7497
167.771,7496
168.348,7495
168.806,7493
169.255,7492
169.669,7491
170.179,7487
170.628,7486
171.037,7485
171.472,7481
171.879,7480
172.287,7478
172.746,7477
173.143,7475
173.615,7469
174.071,7466
174.513,7465
174.91,7462
175.334,7460
175.781,7458
176.259,7457
176.696,7456
177.147,7453
177.691,7452
178.192,7451
178.62,7450
179.106,7448
179.594,7446
180.067,7440
180.553,7439
181.123,7437
181.684,7435
182.187,7431
182.714,7430
183.239,7429
183.698,7427
184.119,7425
184.538,7420
184.996,7419
185.478,7418
185.912,7414
186.325,7413
186.729,7411
187.135,7410
187.538,7409
187.996,7407
188.496,7406
189.073,7404
189.52,7402
189.967,7399
190.369,7397
190.784,7395
191.217,7394
191.64,7393
192.038,7392
192.572,7391
193.04,7390
193.472,7389
193.885,7388
194.286,7386
194.699,7384
195.106,7383
195.498,7377
195.903,7376
196.342,7374
196.825,7373
197.25,7372
197.674,7371
198.093,7370
198.54,7369
198.985,7368
199.401,7367
199.801,7365
200.304,7364
200.757,7362
201.174,7359
201.601,7355
202.023,7354
202.466,7353
202.892,7352
203.373,7347
203.875,7344
204.347,7342
204.773,7341
205.208,7340
205.663,7339
206.065,7336
206.456,7334
206.868,7332
207.282,7330
207.811,7329
208.304,7328
208.747,7327
209.373,7325
209.786,7324
210.289,7323
210.764,7322
211.235,7320
211.808,7318
212.241,7317
212.665,7316
213.141,7314
213.61,7313
214.065,7310
214.491,7309
214.946,7306
215.444,7305
215.901,7301
216.35,7299
216.768,7296
217.236,7295
217.668,7293
218.068,7292
218.476,7291
218.954,7290
219.42,7289
219.843,7285
220.261,7284
220.671,7280
221.079,7278
221.504,7277
221.904,7275
222.368,7274
222.984,7273
223.494,7270
223.944,7268
224.35,7267
224.778,7265
225.178,7264
225.574,7262
225.978,7259
226.375,7257
226.876,7255
227.314,7254
227.745,7253
228.189,7252
228.629,7251
229.053,7249
229.72,7248
230.199,7246
230.746,7244
231.201,7243
231.625,7242
232.064,7241
232.484,7240
232.896,7239
233.317,7238
233.707,7235
234.17,7234
234.657,7233
235.104,7232
235.53,7228
235.969,7226
236.436,7225
236.869,7224
237.312,7223
237.767,7221
238.309,7219
238.764,7217
239.23,7216
239.653,7215
240.094,7214
240.544,7211
240.984,7208
241.434,7207
241.972,7206
242.456,7204
242.926,7203
243.447,7202
243.901,7201
244.322,7200
244.746,7199
245.175,7197
245.67,7196
246.14,7190
246.551,7186
246.984,7185
247.415,7184
247.84,7182
248.26,7180
248.694,7179
249.138,7178
249.8,7177
250.243,7176
250.656,7175
251.069,7174
251.5,7173
251.914,7172
252.316,7171
252.708,7170
253.216,7168
253.697,7163
254.14,7162
254.571,7161
254.989,7160
255.4,7155
255.85,7153
256.3,7152
256.714,7151
257.213,7149
257.668,7148
258.071,7147
258.477,7146
258.906,7145
259.309,7142
259.725,7140
260.123,7139
260.582,7137
261.047,7134
261.476,7133
261.881,7130
262.287,7129
262.681,7127
263.099,7126
263.521,7124
263.914,7122
264.395,7120
264.833,7119
265.224,7118
265.633,7117
266.025,7116
266.434,7112
266.822,7111
267.248,7110
267.688,7109
268.146,7108
268.609,7107
269.021,7106
269.407,7104
269.984,7103
270.409,7102
270.817,7101
271.226,7100
271.691,7099
272.296,7098
272.815,7096
273.268,7095
273.844,7094
274.337,7091
274.784,7090
275.195,7089
275.69,7086
276.165,7085
276.558,7080
276.971,7079
277.4,7076
277.856,7074
278.267,7072
278.676,7071
279.09,7070
279.63,7068
280.115,7067
280.554,7066
281.027,7065
281.454,7064
281.937,7063
282.365,7062
282.827,7061
283.348,7060
283.812,7059
284.224,7058
284.624,7057
284.995,7055
285.418,7054
285.835,7053
286.23,7052
286.634,7051
287.121,7049
287.58,7048
287.991,7047
288.444,7046
288.828,7043
289.253,7042
289.686,7040
290.1,7037
290.562,7036
291.085,7035
291.506,7034
291.927,7032
292.347,7029
292.778,7028
293.179,7026
293.584,7025
293.989,7024
294.475,7023
294.936,7022
295.509,7021
295.921,7019
296.406,7018
296.846,7017
297.284,7016
297.723,7015
298.245,7012
298.793,7010
299.224,7009
299.674,7008
300.136,7007
300.58,7006
301.008,7005
301.452,7004
301.969,7000
302.485,6999
302.954,6996
303.465,6993
304.126,6992
304.642,6991
305.111,6988
305.644,6987
306.148,6986
306.6,6985
306.995,6984
307.399,6983
307.831,6982
308.243,6981
308.636,6979
309.061,6977
309.553,6976
310.031,6974
310.459,6970
310.856,6969
311.279,6968
311.699,6967
312.111,6966
312.506,6963
312.934,6962
313.45,6961
313.907,6960
314.307,6958
314.717,6957
315.131,6956
315.688,6955
316.075,6954
316.479,6953
316.923,6952
317.365,6951
317.798,6950
318.233,6949
318.611,6948
319.013,6947
319.418,6945
319.859,6943
320.285,6941
320.749,6940
321.222,6939
321.637,6938
322.073,6937
322.462,6936
322.887,6935
323.297,6934
323.697,6933
324.089,6932
324.552,6931
325.021,6930
325.44,6928
325.832,6927
326.237,6926
326.635,6925
327.024,6923
327.427,6922
327.855,6921
328.328,6920
328.773,6919
329.188,6917
329.595,6916
329.979,6915
330.397,6914
330.806,6912
331.249,6908
331.637,6907
332.122,6906
332.569,6905
332.99,6902
333.39,6901
333.814,6900
334.234,6898
334.688,6897
335.112,6896
335.749,6895
336.203,6894
336.646,6893
337.051,6892
337.447,6891
337.88,6890
338.29,6889
338.696,6888
339.093,6885
339.544,6884
340.055,6883
340.481,6881
340.877,6880
341.294,6879
341.748,6878
342.168,6877
342.555,6876
342.977,6875
343.468,6874
343.941,6873
344.342,6871
344.728,6870
345.16,6869
345.558,6867
345.952,6866
346.35,6865
346.75,6862
347.227,6860
347.662,6858
348.069,6857
348.481,6856
348.865,6855
349.276,6854
349.678,6853
350.108,6852
350.561,6851
351.101,6850
351.533,6848
351.966,6847
352.405,6846
352.831,6845
353.236,6843
353.621,6842
354.024,6841
354.481,6840
354.954,6839
355.377,6838
355.753,6832
356.154,6831
356.631,6830
357.079,6829
357.531,6828
357.988,6827
358.504,6826
358.976,6823
359.417,6822
359.873,6821
360.303,6819
360.871,6817
361.358,6816
361.816,6815
362.333,6814
362.844,6813
363.299,6812
363.808,6811
364.241,6809
364.666,6808
365.107,6807
365.546,6806
366.04,6805
366.469,6803
366.884,6802
367.293,6801
367.712,6800
368.124,6799
368.547,6797
368.955,6796
369.383,6795
369.869,6794
370.314,6793
370.721,6792
371.133,6791
371.542,6789
371.964,6788
372.368,6787
372.771,6786
373.276,6784
373.752,6783
374.172,6782
374.583,6781
374.975,6779
375.382,6778
375.793,6777
376.178,6776
376.588,6774
377.058,6773
377.496,6772
377.925,6771
378.331,6770
378.718,6769
379.13,6767
379.542,6766
379.923,6764
380.349,6763
380.823,6762
381.453,6761
381.847,6760
382.248,6759
382.635,6758
383.058,6757
383.457,6756
383.883,6755
384.287,6754
384.764,6752
385.223,6751
385.62,6749
386.002,6747
386.411,6746
386.822,6745
387.201,6742
387.615,6741
388.034,6740
388.508,6739
388.955,6738
389.366,6737
389.773,6735
390.161,6734
390.561,6733
390.955,6732
391.368,6731
391.743,6730
392.254,6728
392.704,6727
393.127,6726
393.519,6725
393.924,6724
394.326,6722
394.753,6721
395.237,6719
395.703,6718
396.135,6717
396.605,6716
397.027,6715
397.435,6713
397.837,6712
398.253,6711
398.665,6710
399.076,6709
399.533,6708
400.021,6707
400.424,6706
400.829,6705
401.379,6704
401.834,6703
402.245,6701
402.635,6700
403.089,6699
403.579,6698
404.005,6697
404.387,6696
404.797,6694
405.224,6693
405.656,6692
406.075,6690
406.445,6689
406.908,6688
407.377,6687
407.779,6686
408.192,6685
408.587,6684
408.974,6683
409.376,6681
409.803,6680
410.23,6679
410.719,6678
411.267,6677
411.711,6676
412.097,6675
412.542,6673
412.975,6672
413.401,6671
413.81,6670
414.237,6669
414.81,6668
415.258,6667
415.657,6666
416.088,6664
416.491,6662
416.919,6661
417.397,6660
417.841,6659
418.342,6658
418.864,6657
419.311,6656
419.732,6655
420.165,6653
420.618,6650
421.049,6648
421.491,6647
422.172,6646
422.647,6645
423.097,6644
423.545,6643
424.006,6642
424.455,6641
424.892,6640
425.278,6638
425.798,6637
426.353,6636
426.812,6635
427.245,6634
427.658,6633
428.079,6632
428.476,6631
428.899,6630
429.3,6629
429.757,6628
430.239,6626
430.642,6624
431.069,6623
431.464,6622
431.875,6621
432.3,6620
432.696,6619
433.118,6618
433.601,6617
434.045,6616
434.459,6613
434.857,6612
435.261,6610
435.653,6609
436.082,6608
436.466,6607
436.853,6606
437.384,6605
437.824,6604
438.237,6603
438.632,6602
439.019,6601
439.432,6600
439.836,6599
440.226,6598
440.626,6597
441.154,6596
441.573,6595
442.147,6594
442.562,6593
442.952,6591
443.361,6589
443.753,6588
444.151,6586
444.619,6585
445.078,6584
445.481,6583
445.881,6582
446.27,6581
446.668,6580
447.058,6579
447.453,6578
447.881,6577
448.467,6574
449.027,6573
449.487,6572
450.054,6571
450.534,6570
451.067,6569
451.572,6568
452.156,6567
452.827,6566
453.384,6565
453.886,6564
454.306,6563
454.707,6562
455.16,6561
455.669,6560
456.272,6559
456.89,6558
457.401,6557
457.924,6556
458.428,6555
458.907,6554
459.285,6553
459.72,6552
460.254,6551
460.784,6550
461.244,6549
461.71,6547
462.317,6546
462.775,6545
463.21,6543
463.651,6542
464.142,6541
464.597,6540
465.019,6539
465.427,6538
465.837,6537
466.238,6536
466.624,6535
467.021,6534
467.403,6533
467.852,6532
468.308,6531
468.746,6530
469.187,6529
469.573,6528
469.983,6526
470.383,6525
470.767,6524
471.176,6523
471.667,6522
472.141,6521
472.632,6519
473.062,6518
473.466,6517
473.867,6516
474.264,6515
474.674,6514
475.075,6513
475.533,6512
475.992,6510
476.376,6509
476.767,6508
477.233,6507
477.68,6506
478.128,6505
478.576,6504
479.014,6503
479.558,6502
480.051,6500
480.536,6499
481.028,6497
481.476,6496
481.969,6494
482.646,6493
483.151,6491
483.661,6490
484.101,6489
484.566,6488
485.018,6487
485.45,6486
485.836,6485
486.286,6484
486.72,6483
487.195,6481
487.652,6480
488.051,6479
488.464,6478
488.839,6477
489.264,6476
489.685,6474
490.125,6472
490.579,6471
491.059,6470
491.513,6469
491.896,6468
492.296,6467
492.706,6466
493.119,6465
493.528,6464
493.918,6462
494.399,6461
494.865,6460
495.286,6459
495.681,6458
496.096,6457
496.472,6456
496.887,6455
497.295,6454
497.679,6453
498.163,6452
498.635,6451
499.017,6450
499.412,6449
499.81,6448
500.24,6446
500.636,6445
501.109,6444
501.53,6443
502.015,6442
502.677,6441
503.177,6440
503.573,6439
503.981,6438
505.226,6437
505.715,6436
506.207,6434
506.598,6433
507,6432
507.386,6430
508.205,6428
508.601,6426
510.337,6425
510.728,6424
511.128,6423
511.529,6421
511.944,6418
512.717,6416
513.22,6414
514.481,6410
515.699,6407
517.041,6404
518.363,6403
519.16,6401
519.981,6399
520.388,6398
520.882,6397
521.339,6396
521.746,6395
522.592,6392
524.213,6391
525.17,6389
525.579,6388
525.963,6387
526.37,6386
526.777,6384
527.168,6383
527.569,6382
528.457,6381
528.899,6380
529.743,6379
530.148,6378
530.613,6377
531.019,6376
531.446,6375
531.959,6374
532.497,6372
533.437,6371
533.85,6370
534.295,6369
534.688,6368
535.094,6367
535.962,6366
536.41,6364
536.791,6363
537.201,6362
538.078,6361
538.534,6360
538.958,6359
539.438,6358
539.928,6357
540.405,6355
542.586,6354
543.022,6352
543.746,6351
544.23,6350
544.659,6349
545.129,6347
546.391,6346
547.314,6344
547.771,6342
548.583,6341
549.415,6340
550.225,6339
550.622,6338
551.092,6337
551.569,6334
551.983,6333
554.028,6332
554.525,6331
555.024,6330
555.454,6329
555.883,6328
556.316,6327
556.692,6326
557.113,6325
557.916,6324
558.339,6323
558.807,6320
559.62,6317
560.813,6314
562.52,6312
562.968,6311
563.943,6310
564.355,6309
564.74,6300
565.163,6299
566.019,6298
566.481,6297
566.869,6296
567.666,6295
568.078,6294
568.884,6293
570.206,6292
570.589,6291
570.99,6290
571.38,6289
571.818,6288
572.291,6287
572.713,6286
573.259,6285
573.865,6284
574.315,6282
575.528,6281
575.985,6280
576.385,6279
577.757,6276
579.009,6275
579.405,6274
579.842,6273
580.653,6272
581.224,6271
581.737,6270
583.01,6268
583.437,6267
584.454,6266
584.907,6265
585.367,6264
585.783,6263
586.205,6262
586.639,6261
587.056,6260
587.451,6258
587.867,6257
588.268,6256
588.738,6255
589.197,6253
589.99,6252
590.388,6251
590.776,6250
591.544,6249
591.95,6248
592.393,6247
592.9,6245
593.372,6244
594.227,6243
594.648,6242
595.069,6240
595.876,6239
596.341,6238
596.803,6237
597.608,6235
598.045,6233
599.394,6232
601.265,6230
602.137,6229
602.578,6226
603.489,6225
604.221,6224
604.848,6223
605.442,6222
605.91,6221
606.85,6220
607.238,6218
607.811,6215
609.497,6213
609.91,6212
610.282,6211
611.583,6208
612.065,6206
612.48,6205
612.884,6200
613.294,6199
614.103,6198
614.493,6194
614.901,6192
615.372,6189
620.352,6187
621.137,6186
623.728,6185
624.12,6184
624.529,6182
625.304,6180
625.688,6179
626.094,6178
626.568,6177
627.013,6176
628.596,6169
632.044,6168
632.449,6166
634.141,6165
634.564,6164
634.97,6163
635.352,6162
635.742,6161
636.149,6160
636.546,6159
636.985,6158
637.396,6157
637.866,6156
638.409,6155
638.788,6154
639.207,6150
639.643,6149
640.029,6148
640.428,6147
640.837,6146
641.257,6145
641.743,6144
642.198,6143
642.595,6142
645.012,6137
648.787,6136
649.248,6134
649.827,6133
650.249,6131
651.025,6127
651.405,6126
652.197,6125
652.65,6124
655.248,6123
655.676,6122
656.153,6118
657,6116
660.574,6115
660.994,6114
661.435,6113
663.674,6112
664.176,6110
664.595,6109
665.05,6108
665.52,6107
665.958,6106
666.359,6105
666.755,6104
668.543,6103
668.949,6102
669.912,6100
670.33,6099
670.711,6097
672.495,6096
672.916,6093
675.006,6092
675.863,6091
676.269,6090
676.667,6089
677.882,6087
679.616,6086
680.798,6084
681.183,6083
681.575,6082
681.992,6081
682.489,6077
683.716,6076
684.113,6075
684.517,6074
685.298,6073
685.684,6072
686.168,6071
686.594,6070
686.988,6068
687.382,6067
687.78,6066
688.185,6065
688.577,6064
688.965,6063
689.358,6061
689.958,6060
690.462,6059
690.858,6057
691.244,6055
691.644,6054
692.467,6053
693.263,6052
694.239,6051
695.143,6050
695.59,6045
699.448,6044
699.86,6043
700.263,6042
701.16,6041
701.601,6040
702.006,6039
702.414,6038
702.799,6037
703.252,6036
703.656,6034
704.936,6033
705.355,6027
709.135,6026
711.262,6025
711.644,6024
712.551,6023
712.967,6022
714.24,6021
714.691,6020
715.618,6019
716.14,6018
716.57,6017
716.969,6016
717.356,6015
717.741,6014
718.147,6013
718.596,6012
720.041,6008
720.928,6007
721.782,6004
724.564,6003
725.008,6002
726.803,6001
727.261,6000
727.753,5999
728.142,5998
728.551,5997
728.915,5996
729.397,5995
729.801,5994
730.216,5993
730.831,5992
731.291,5991
731.735,5989
732.149,5988
732.555,5987
732.977,5986
733.404,5985
733.788,5983
734.194,5982
734.637,5981
735.11,5980
735.932,5979
736.348,5975
739.291,5974
739.704,5973
740.092,5972
740.505,5969
740.887,5967
741.293,5966
743.833,5965
744.632,5964
745.428,5963
745.876,5962
746.325,5961
746.758,5960
747.16,5956
747.938,5955
751.835,5954
752.299,5950
755.084,5946
755.507,5945
757.471,5943
759.959,5942
760.889,5941
761.871,5939
762.305,5938
763.183,5937
764.85,5935
765.777,5934
766.588,5933
767.019,5932
767.403,5931
769.948,5930
770.344,5929
770.74,5928
771.32,5927
771.71,5925
772.09,5924
772.584,5922
773.857,5920
774.261,5918
775.111,5917
776.461,5916
776.912,5912
777.721,5911
778.524,5908
779.01,5907
779.916,5906
780.433,5905
780.938,5904
786.921,5903
787.832,5902
789.094,5901
789.48,5900
792.655,5897
793.08,5896
793.497,5895
795.139,5894
796.026,5893
796.814,5892
797.22,5891
797.617,5890
798.007,5889
798.443,5888
798.918,5887
799.378,5886
799.821,5884
800.221,5883
803.675,5882
804.487,5880
804.908,5879
807.037,5878
807.456,5877
807.842,5876
808.245,5875
808.642,5874
809.027,5873
809.459,5872
809.839,5869
811.735,5868
812.145,5867
812.919,5866
814.213,5865
814.626,5864
815.423,5863
815.798,5862
818.715,5861
819.152,5860
819.545,5857
820.441,5855
823.113,5854
823.628,5853
824.071,5852
824.486,5849
824.876,5848
825.386,5845
827.148,5844
828.003,5843
828.459,5842
828.973,5841
829.456,5840
829.937,5839
830.391,5836
830.865,5834
832.1,5833
833.514,5831
834.308,5830
835.122,5829
835.956,5828
836.397,5827
837.109,5826
837.513,5824
838.334,5822
840.025,5821
840.543,5820
841.036,5817
845.144,5814
846.918,5813
847.689,5812
848.236,5811
849.046,5810
849.833,5809
850.217,5807
851.491,5806
851.986,5805
852.848,5803
855.404,5801
856.368,5800
857.755,5798
858.158,5797
859.444,5794
860.72,5792
861.521,5791
861.927,5790
863.671,5789
864.043,5788
865.239,5787
865.618,5785
866.896,5780
867.749,5778
870.143,5777
871.063,5776
871.442,5773
871.881,5770
872.345,5769
873.804,5767
876.361,5765
877.322,5764
878.169,5763
878.612,5762
879.008,5761
879.405,5760
879.862,5759
880.769,5758
881.71,5757
882.223,5755
882.687,5754
885.227,5753
886.172,5752
887.363,5751
887.765,5750
888.976,5749
889.417,5748
889.894,5747
892.658,5746
894.835,5745
895.233,5744
896.003,5743
896.423,5740
898.819,5739
899.206,5737
901.059,5736
902.821,5735
903.267,5732
903.694,5731
904.21,5729
905.453,5727
906.445,5726
909.131,5724
910.324,5723
911.15,5722
912.004,5721
912.494,5720
914.914,5719
916.28,5717
916.685,5716
918.876,5715
920.21,5711
922.992,5710
923.968,5706
925.956,5704
926.777,5703
927.234,5702
928.479,5701
929.268,5700
929.646,5699
930.055,5698
930.434,5697
930.864,5696
932.129,5695
934.154,5694
935.054,5693
935.48,5692
935.866,5691
936.325,5687
937.193,5686
937.695,5685
939.618,5683
940.439,5682
940.834,5681
942.181,5680
945.944,5678
946.775,5676
947.991,5675
948.412,5674
950.104,5673
951.319,5670
953.403,5666
955.838,5665
957.126,5663
961.78,5662
962.23,5661
963.936,5660
964.4,5659
967.959,5657
968.436,5656
969.733,5655
970.111,5652
972.204,5651
973.069,5650
973.905,5648
974.709,5645
975.976,5644
979.06,5643
979.525,5642
980.017,5640
980.848,5639
982.476,5638
983.342,5637
985.794,5636
987.049,5635
987.902,5634
988.701,5632
992,5629
993.57,5628
993.98,5627
994.404,5622
998.027,5621
1001.14,5619
1001.53,5617
1002.93,5616
1003.76,5613
1005.82,5612
1007.47,5611
1009.49,5610
1009.97,5608
1010.38,5607
1011.56,5606
1012.4,5605
1012.81,5604
1013.3,5603
1014.54,5602
1014.99,5601
1015.42,5600
1015.85,5598
1016.23,5596
1018.4,5593
1019.88,5592
1022.17,5590
1022.62,5589
1023.06,5588
1025.77,5587
1028.07,5586
1029.81,5584
1030.57,5583
1031.39,5581
1032.78,5580
1034.02,5579
1034.42,5578
1034.81,5577
1035.21,5576
1036.12,5575
1036.54,5574
1040.4,5573
1040.79,5572
1043.22,5571
1045.72,5570
1046.47,5569
1046.88,5568
1047.37,5566
1048.28,5564
1050.78,5563
1052.3,5561
1052.71,5560
1054.55,5558
1055.48,5557
1059.9,5555
1060.85,5553
1063.68,5552
1064.51,5549
1064.95,5548
1066.2,5547
1067.84,5543
1069.05,5542
1070.78,5539
1071.57,5538
1071.97,5535
1075.76,5534
1076.14,5532
1078.69,5531
1079.09,5529
1079.95,5528
1083.98,5526
1085.84,5524
1086.29,5522
1086.7,5520
1090.59,5517
1097.34,5516
1098.94,5514
1101.29,5513
1101.71,5512
1102.56,5510
1103.44,5509
1106.86,5508
1110.22,5507
1110.62,5506
1111.01,5505
1111.45,5503
1112.72,5502
1114,5501
1114.4,5500
1116.28,5497
1119.62,5495
1120.42,5494
1121.39,5493
1122.22,5492
1132.8,5490
1136.13,5489
1140.38,5488
1140.84,5487
1141.47,5485
1141.99,5484
1142.47,5482
1142.9,5481
1143.31,5480
1144.65,5478
1146.92,5477
1147.79,5474
1151.23,5473
1152.01,5472
1156.28,5471
1158.01,5466
1158.41,5465
1159.62,5464
1160.02,5463
1164.85,5461
1165.25,5460
1165.65,5459
1166.01,5458
1166.43,5455
1168.46,5452
1168.87,5451
1170.07,5450
1172.28,5448
1172.76,5447
1173.72,5442
1181.07,5439
1182.09,5436
1185.65,5435
1189.35,5434
1189.76,5433
1191.03,5431
1192.27,5429
1194.31,5428
1195.28,5427
1196.45,5426
1197.22,5425
1199.7,5423
1202.24,5422
1203.65,5419
1206.84,5418
1207.31,5417
1208.17,5415
1209.1,5414
1212.45,5413
1212.82,5412
1213.22,5410
1215.44,5405
1222.1,5403
1225.7,5401
1226.88,5400
1228.03,5399
1230.53,5398
1232.09,5397
1234.97,5394
1236.68,5393
1237.84,5391
1239.03,5390
1240.73,5388
1243.27,5387
1243.75,5386
1245.87,5385
1249.26,5384
1251.36,5383
1251.78,5382
1253.38,5380
1256.32,5378
1257.88,5376
1258.3,5375
1259.61,5372
1263.86,5371
1268.81,5370
1270.06,5369
1272.52,5368
1272.9,5367
1273.74,5366
1274.17,5364
1276.24,5363
1276.61,5361
1277.47,5360
1279.59,5359
1280.78,5358
1281.68,5357
1282.49,5355
1283.02,5354
1284.24,5353
1284.65,5352
1285.55,5351
1285.97,5350
1286.74,5349
1288.77,5347
1289.19,5345
1289.6,5344
1290.01,5342
1296.52,5341
1298.48,5340
1301.43,5339
1301.82,5337
1306.51,5336
1306.92,5334
1307.38,5332
1309.91,5331
1312.04,5330
1312.44,5329
1312.85,5328
1316.31,5326
1324.71,5324
1326,5323
1330.14,5322
1332.22,5320
1332.59,5319
1335.83,5318
1337.51,5317
1340.35,5316
1344.92,5315
1345.8,5313
1346.19,5311
1349.4,5310
1351.58,5307
1354.01,5306
1354.39,5305
1354.78,5304
1355.16,5303
1355.6,5301
1356.04,5300
1356.61,5298
1357.17,5297
1357.58,5296
1359.89,5295
1360.36,5293
1364.75,5292
1365.52,5290
1366.84,5288
1371.2,5286
1371.63,5284
1372.93,5281
1376.32,5279
1378.66,5278
1380.75,5275
1382.1,5272
1382.6,5271
1387.34,5265
1394.25,5264
1395.1,5262
1403.93,5261
1406.2,5260
1406.63,5259
1407.79,5258
1408.97,5257
1413.65,5254
1416,5253
1417.34,5252
1418.12,5251
1421.68,5249
1422.08,5248
1422.46,5247
1422.84,5246
1423.34,5244
1428.62,5241
1429.48,5240
1430.91,5238
1432.3,5236
1436.9,5235
1437.29,5234
1439.8,5233
1441.35,5231
1450.76,5230
1455,5227
1464.56,5226
1464.97,5225
1471.77,5224
1473.6,5223
1475.08,5222
1475.51,5220
1477.22,5219
1477.63,5218
1481.96,5217
1485.81,5215
1492.69,5214
1493.1,5212
1493.51,5211
1493.9,5210
1494.31,5209
1495.1,5207
1499.63,5203
1504.53,5202
1505.01,5201
1507.15,5200
1508.06,5196
1515.52,5195
1518.32,5194
1519.24,5193
1519.62,5191
1520.42,5188
1530.85,5187
1531.8,5186
1532.2,5185
1532.59,5183
1533.47,5182
1540.3,5180
1540.71,5178
1547.26,5177
1547.66,5176
1548.59,5175
1550.24,5174
1552.07,5173
1555.02,5172
1556.7,5168
1571.82,5167
1572.63,5166
1573,5165
1577.46,5164
1577.83,5163
1578.26,5162
1579.19,5161
1579.99,5159
1581.17,5158
1584.49,5157
1590.3,5155
1612.1,5153
1612.56,5152
1613.77,5150
1615.42,5149
1619.34,5148
1631.11,5147
1631.58,5146
1632.76,5145
1633.54,5143
1634.77,5142
1635.24,5141
1649,5140
1650.16,5138
1651.26,5137
1651.74,5136
1652.21,5135
1652.63,5133
1654.53,5132
1655.39,5131
1655.8,5130
1656.82,5129
1657.28,5128
1658.46,5127
1659.81,5126
1668.24,5123
1674.56,5122
1674.96,5121
1675.36,5119
1677.05,5118
1679.26,5117
1680.62,5116
1681.07,5115
1681.46,5114
1682.78,5113
1684.22,5111
1685.59,5110
1691.96,5109
1695.64,5107
1696.44,5105
1699.87,5104
1700.31,5103
1701.55,5100
1702.39,5099
1702.86,5098
1706.82,5097
1707.66,5092
1713.67,5090
1715.43,5088
1715.8,5087
1723.06,5086
1727.47,5084
1731.76,5083
1732.63,5081
1738.05,5080
1739.24,5078
1741.72,5077
1743.97,5076
1745.34,5075
1745.79,5074
1746.28,5071
1753.83,5066
1768.53,5065
1769.35,5064
1777.17,5063
1777.55,5062
1791.09,5061
1791.5,5060
1794.02,5059
1796.93,5058
1798.54,5057
1802.66,5056
1812.34,5055
1822.52,5054
1824.82,5052
1825.23,5051
1829.29,5050
1829.71,5048
1831.82,5046
1832.58,5045
1849,5044
1849.47,5043
1850.9,5042
1852.61,5041
1854.35,5040
1859.96,5039
1860.35,5038
1860.79,5037
1861.24,5036
1861.67,5035
1866.8,5033
1868.74,5032
1870.68,5030
1873.74,5029
1878.16,5028
1878.56,5026
1879.81,5025
1880.63,5024
1884.34,5023
1885.17,5022
1890.05,5021
1891.95,5020
1892.74,5019
1895.22,5018
1896.42,5017
1900.03,5016
1903.25,5014
1904.55,5013
1909.11,5012
1911.4,5011
1913.6,5009
1915.3,5008
1916.51,5006
1927.49,5005
1928,5004
1931.77,5003
1935.14,5002
1936.44,5001
1936.84,4999
1938.01,4998
1939.17,4997
1943.78,4996
1945.78,4995
1946.56,4994
1948.24,4993
1948.67,4992
1951.5,4991
1956.12,4990
1959.43,4989
1967.94,4988
1983.65,4987
1994.14,4986
1994.54,4985
1995.31,4979
2002.69,4978
2007.94,4977
2012.74,4974
2020.3,4973
2021.91,4971
2036.54,4970
2036.95,4969
2037.33,4968
2038.21,4967
2039.46,4965
2046.66,4964
2054.59,4963
2055.39,4962
2060.72,4961
2061.18,4959
2072.65,4958
2093.95,4956
2094.46,4955
2100.4,4954
2100.78,4953
2105.09,4952
2105.56,4951
2115.24,4950
2115.62,4949
2123.28,4947
2144.17,4946
2144.55,4945
2157.16,4944
2169.1,4943
2171,4942
2173.27,4940
2174.23,4939
2188.47,4938
2190.56,4937
2190.95,4936
2192.11,4935
2194.24,4934
2195.46,4933
2208.26,4932
2211.87,4930
2215.33,4927
2219.05,4925
2221.83,4924
2222.29,4923
2223.14,4921
2228.52,4920
2231.23,4919
2231.74,4918
2233.1,4917
2250.05,4916
2255.69,4912
2259.95,4911
2262.26,4910
2263.91,4909
2265.22,4907
2268.73,4905
2269.54,4904
2273.2,4903
2273.58,4902
2278.93,4901
2284.56,4900
2290.93,4899
2291.44,4898
2306.62,4896
2307.1,4894
2355.74,4893
2357.4,4891
2361.05,4890
2365.91,4887
2366.38,4886
2369.36,4885
2371.86,4884
2374.09,4883
2377.28,4880
2377.73,4879
2378.15,4877
2385.18,4876
2386.87,4874
2407.41,4873
2409.46,4870
2421.47,4867
2422.65,4866
2435.97,4865
2453.87,4864
2455.82,4861
2464.93,4860
2465.33,4859
2465.71,4858
2466.91,4857
2469.39,4854
2471.68,4852
2472.54,4851
2476.98,4850
2503.21,4849
2505.61,4848
2518.4,4845
2523.87,4844
2541.59,4843
2552.72,4842
2559.31,4841
2560.68,4840
2562.11,4838
2572.61,4836
2573.08,4835
2579.57,4834
2580.95,4833
2581.33,4829
2584.83,4825
2585.23,4823
2614.59,4822
2617.85,4819
2630.64,4818
2632.56,4817
2634.7,4816
2635.9,4815
2637.98,4814
2641.74,4813
2642.13,4812
2661.32,4811
2663.66,4809
2666.86,4808
2672.8,4807
2676.16,4804
2683.33,4803
2683.71,4802
2694.16,4800
2694.6,4799
2695.03,4798
2695.88,4797
2699.75,4796
2703.87,4795
2709.47,4793
2748.04,4792
2748.42,4791
2754.17,4790
2755.5,4789
2761.91,4788
2768.04,4787
2774.97,4786
2777.65,4785
2783.71,4784
2790.55,4782
2797.29,4781
2797.68,4780
2798.1,4779
2820.35,4777
2821.57,4776
2835.62,4775
2880.52,4772
2888.9,4771
2890.79,4770
2891.69,4769
2895.71,4767
2896.16,4765
2905.79,4764
2907.74,4762
2913.06,4760
2939.23,4759
2943.05,4755
2943.86,4754
2946.38,4753
2971.14,4752
2971.92,4749
2998.03,4748
3001.42,4747
3002.6,4746
3003.06,4745
3017.92,4743
3020,4742
3050.57,4741
3062.34,4740
3066.41,4739
3074.76,4738
3076.11,4737
3100.44,4735
3100.89,4734
3101.38,4732
3111.61,4731
3114.64,4729
3154.82,4728
3158.49,4724
3168.75,4723
3175.07,4722
3184.07,4721
3193.91,4720
3194.75,4719
3197.04,4716
3197.48,4715
3223.17,4714
3224.53,4713
3234.39,4712
3240.85,4711
3243.58,4710
3262.73,4709
3277.67,4708
3278.06,4707
3279.8,4706
3284.03,4705
3299.39,4704
3302.24,4703
3303,4702
3324.9,4701
3337.3,4700
3338.51,4699
3347.33,4698
3354.59,4697
3357.69,4696
3358.09,4695
3382.14,4694
3392.54,4693
3407,4692
3407.39,4690
3448.1,4689
3449.7,4688
3454.65,4687
3458.57,4685
3479.62,4684
3485.43,4683
3491.24,4682
3536.05,4681
3538.1,4680
3549.22,4679
3720.9,4678
3722.2,4677
3723.76,4676
3729.11,4675
3729.49,4674
3729.87,4673
3735.69,4672
3757.05,4671
3759.73,4670
3762.36,4669
3765.41,4668
3768.01,4667
3792.04,4666
3792.46,4665
3793.85,4664
3810.46,4663
3810.88,4662
3811.29,4661
3812.27,4658
3812.7,4657
3841.96,4656
3859.61,4653
3860.96,4650
3948.69,4648
3978.5,4647
3979.08,4646
3980.82,4645
3981.26,4644
4045.32,4641
4047.36,4639
4087.45,4638
4089.02,4637
4268.86,4636
4338.11,4635
4338.98,4634
4344.56,4633
4345.35,4632
4358.28,4631
4361.51,4630
4362.48,4629
4363.36,4628
4377.29,4627
4377.75,4624
4380.53,4623
4398.48,4622
4398.9,4621
4399.76,4620
4403.49,4619
4405.92,4618
4409.05,4616
4434.6,4615
4450.97,4614
4451.75,4612
4466.44,4611
4468.11,4610
4471.47,4608
4704.43,4607
4707.29,4606
4708.12,4604
4720.09,4603
4768.58,4602
4775.26,4601
4786.88,4599
4787.31,4598
4790.65,4597
5089.27,4596
5090.65,4595
5091.06,4594
5098.37,4593
5121.41,4591
5125.96,4590
5126.39,4589
5132.5,4586
5140.61,4585
5145.56,4584
5209.33,4581
5297.42,4580
5301.53,4579
5569.1,4578
5570.37,4577
5592.2,4576
5593.38,4575
5695.43,4574
5733.49,4572
5851.73,4571
5853.35,4570
5911.26,4569
5915.09,4568
5959.15,4567
6029.87,4566
6042.68,4565
6044.95,4564
6045.77,4563
6047.35,4562
6050.97,4561
6690.6,4558
6953.75,4556
6964.69,4555
7018.02,4552
7032.62,4551
7085.75,4550
8491.86,4549
8502.34,4548
8514.28,4547
8601.36,4546
8602.91,4545
8657.7,4544
8691.29,4543
8719.1,4542
8721.06,4541
8722.36,4539
8773.46,4538
8774.78,4537
8775.21,4536
8779.3,4535
8785.03,4534
8785.43,4533
8797.51,4532
8921.16,4531
8937.66,4530
9551.89,4529
9557.64,4527
9560.01,4526
9911.89,4524
9921.34,4523
9923.38,4522
9925.32,4521
9926.15,4520
9930.33,4519
9938.28,4514
9938.64,4513
10122.7,4511
10129.5,4510
10137.2,4509
10148.3,4508
10150.4,4507
10166.6,4506
11086.6,4505
11087,4503
11093.7,4502
11094.6,4501
11099.1,4500
11100.2,4498
11114.3,4497
11119.7,4496
11122.1,4495
11169.5,4493
11177.6,4492
11182,4491
11196.1,4490
11202.5,4489
11223.8,4486
11690.7,4485
11889.2,4484
11928.7,4483
11933.1,4482
11934.7,4479
15173.3,4478
15181,4477
15187.5,4476
15189.9,4475
15190.2,4473
15212.2,4472
15226.5,4470
15227.8,4469
15234.2,4467
15234.7,4466
15235.2,4465
15255,4463
15259.5,4462
15261.6,4458
15424.8,4456
15682.1,4455
15684.7,4453
15717.5,4452
15721.5,4451
15740.9,4450
15976.3,4449
15982.3,4447
15987.5,4446
15994.2,4445
15997.1,4444
15997.5,4443
15998.3,4440
16003.2,4439
16010.4,4438
16018.4,4437
16019.6,4436
16040.4,4435
16040.9,4434
16047,4433
16056.8,4431
17106.2,4430
17107,4429
17140.3,4427
17149.1,4426
17156.5,4425
17160.9,4424
17177.3,4423
17177.7,4422
17511.1,4421
17709.4,4420
17753.3,4417
17754.8,4416
17760.1,4415
17760.5,4414
17811.5,4413
17817.8,4412
17820.3,4411
17820.7,4410
17821.1,4409
17826.7,4408
18002.8,4407
18004,4405
18013.3,4404
18014.4,4403
18015.2,4402
18079.6,4401
21582.1,4400
21641.9,4398
21645.4,4397
21651.5,4396
21651.9,4395
21721.5,4394
21725.5,4393
21785.3,4392
21788.5,4391
21790.2,4390
21791.3,4388
21878.5,4387
21882,4386
22101.9,4385
30741.7,4384
32267.4,4383
32273.2,4382
32278.3,4380
32354.4,4379
32356,4378
32374.2,4377
32374.6,4376
32375,4375
32392.2,4374
32401.8,4371
36911.6,4369
36930.8,4368
36931.2,4366
37018.6,4365
37019.1,4364
37020.1,4362
37073.9,4361
