0.876085,8360
1.3502,8359
1.76867,8358
2.25204,8357
2.69712,8356
3.14634,8355
3.71281,8354
4.40585,8353
4.92267,8351
5.41056,8350
5.87555,8349
6.52934,8348
6.95276,8345
7.39941,8341
7.81608,8340
8.31413,8339
8.79583,8338
9.2434,8332
9.6697,8331
10.0985,8329
10.5242,8328
10.9474,8319
11.4003,8317
11.8537,8314
12.3658,8311
12.7996,8310
13.2499,8308
13.6613,8307
14.0829,8306
14.4859,8301
14.9207,8300
15.326,8298
15.8623,8294
16.3197,8293
16.7238,8291
17.1621,8288
17.5928,8287
18.011,8286
18.4205,8281
18.8484,8280
19.2891,8278
19.7866,8277
20.2473,8272
20.6658,8270
21.1102,8263
21.5321,8261
21.9674,8259
22.4417,8254
22.8542,8252
23.3747,8249
23.8217,8248
24.2465,8243
24.6671,8241
25.0728,8238
25.4897,8237
25.9085,8234
26.5202,8230
27.0146,8227
27.4866,8225
27.9098,8223
28.3211,8222
28.7334,8218
29.1516,8216
29.5834,8215
30.0196,8211
30.4567,8205
31.0552,8204
31.5121,8202
31.9224,8201
32.3698,8200
32.7991,8197
33.2519,8193
33.6921,8192
34.1048,8188
34.6017,8185
35.0837,8183
35.5097,8178
35.9188,8176
36.3308,8171
36.737,8165
37.1723,8164
37.6027,8162
38.0563,8158
38.5443,8157
38.99,8152
39.4166,8151
39.8512,8150
40.271,8148
40.6989,8143
41.1569,8142
41.5746,8141
42.0469,8139
42.533,8136
42.9634,8130
43.3783,8129
43.8006,8127
44.2243,8123
44.6301,8121
45.0427,8119
45.4918,8115
45.978,8113
46.4783,8112
47.1175,8105
47.5992,8103
48.013,8102
48.4212,8100
48.8295,8099
49.2813,8098
49.7748,8089
50.214,8086
50.6081,8084
51.0241,8080
51.4338,8079
51.8406,8078
52.258,8075
52.7193,8074
53.2132,8068
53.6713,8064
54.1164,8062
54.5324,8060
54.9537,8056
55.4415,8049
55.9127,8046
56.3598,8044
56.8573,8043
57.3693,8042
57.8143,8038
58.293,8037
58.7292,8035
59.1823,8034
59.6278,8033
60.0857,8031
60.5713,8026
61.1618,8024
61.633,8022
62.1403,8020
62.6122,8016
63.0851,8015
63.486,8014
63.9018,8012
64.3922,8010
64.8824,8006
65.3194,8002
65.7299,8001
66.1465,7998
66.5479,7993
67.1823,7990
67.6088,7989
68.0212,7988
68.5396,7985
68.993,7982
69.4293,7981
69.8457,7971
70.2674,7969
70.6758,7965
71.1,7964
71.5182,7962
72.0188,7960
72.4752,7959
72.9002,7957
73.3372,7952
73.7453,7950
74.1575,7949
74.5596,7946
74.9529,7945
75.3941,7944
75.884,7940
76.3405,7938
76.7681,7934
77.1721,7933
77.6009,7932
78.0051,7930
78.4146,7927
78.8138,7926
79.2206,7924
79.714,7923
80.1711,7920
80.5878,7919
80.998,7917
81.3983,7916
81.8069,7915
82.2128,7914
82.6378,7913
83.0795,7911
83.5761,7910
84.0066,7908
84.4144,7905
84.8096,7901
85.2254,7900
85.6463,7899
86.0839,7889
86.4777,7888
86.9644,7886
87.6322,7885
88.0383,7883
88.4459,7880
88.8521,7871
89.2562,7866
89.6648,7864
90.0687,7862
90.5032,7860
91.0176,7859
91.5186,7857
91.9644,7851
92.3825,7848
92.8186,7846
93.2492,7845
93.6516,7842
94.0595,7841
94.5588,7840
95.0159,7838
95.4466,7836
95.8647,7833
96.2968,7831
96.7325,7829
97.1462,7828
97.567,7826
97.9863,7825
98.4914,7824
98.9277,7820
99.3644,7816
99.7861,7815
100.198,7814
100.607,7812
101.029,7811
101.461,7807
101.929,7806
102.406,7802
102.844,7798
103.263,7794
103.66,7792
104.078,7791
104.481,7787
104.868,7786
105.277,7785
105.723,7783
106.214,7781
106.626,7780
107.063,7779
107.691,7776
108.164,7775
108.573,7772
108.997,7769
109.453,7768
109.919,7767
110.347,7766
110.748,7763
111.155,7755
111.57,7752
111.963,7751
112.391,7749
112.813,7746
113.293,7743
113.76,7741
114.188,7740
114.658,7739
115.088,7738
115.548,7735
116.02,7734
116.461,7732
116.975,7726
117.499,7724
117.938,7723
118.427,7719
118.882,7717
119.328,7715
119.772,7714
120.216,7711
120.746,7710
121.258,7709
121.762,7705
122.219,7703
122.746,7702
123.189,7701
123.621,7699
124.036,7696
124.531,7695
125.019,7691
125.42,7690
125.884,7686
126.29,7685
126.69,7682
127.161,7680
127.603,7675
128.285,7674
128.793,7672
129.205,7670
129.662,7667
130.079,7665
130.495,7663
130.902,7662
131.33,7660
131.799,7659
132.291,7658
132.734,7656
133.162,7654
133.568,7651
133.977,7647
134.396,7645
134.793,7643
135.197,7640
135.661,7639
136.106,7637
136.545,7636
136.954,7634
137.377,7632
137.805,7631
138.214,7630
138.62,7628
139.037,7624
139.507,7621
140.023,7620
140.444,7619
140.835,7616
141.242,7613
141.654,7612
142.055,7611
142.48,7610
142.886,7608
143.379,7607
143.826,7606
144.237,7604
144.649,7602
145.058,7601
145.454,7597
145.858,7595
146.265,7591
146.673,7586
147.174,7583
147.624,7580
148.337,7579
148.893,7577
149.501,7575
150.077,7572
150.687,7570
151.234,7568
151.747,7567
152.237,7566
152.799,7564
153.29,7563
153.706,7560
154.114,7557
154.618,7555
155.144,7554
155.691,7549
156.214,7548
156.635,7547
157.072,7546
157.549,7545
158.054,7544
158.582,7542
159.112,7541
159.565,7535
160.066,7527
160.536,7525
160.995,7524
161.504,7520
161.915,7519
162.421,7518
162.929,7517
163.365,7516
163.782,7514
164.175,7512
164.579,7510
164.985,7509
165.389,7507
165.793,7506
166.26,7505
166.721,7504
167.128,7503
167.556,7500
167.985,7499
168.625,7497
169.09,7493
169.511,7492
169.998,7490
170.471,7487
170.873,7485
171.314,7483
171.713,7481
172.124,7480
172.54,7478
172.989,7475
173.403,7473
173.894,7472
174.329,7471
174.752,7469
175.147,7468
175.564,7466
176.032,7465
176.481,7464
176.928,7460
177.445,7459
177.958,7457
178.421,7454
178.884,7453
179.381,7452
179.865,7450
180.301,7449
180.792,7448
181.408,7441
181.957,7438
182.411,7436
182.966,7434
183.436,7433
183.887,7432
184.298,7430
184.71,7429
185.208,7427
185.672,7426
186.083,7425
186.51,7423
186.908,7422
187.302,7418
187.741,7416
188.15,7414
188.761,7413
189.248,7412
189.684,7411
190.106,7410
190.527,7409
190.926,7406
191.365,7405
191.795,7404
192.209,7403
192.711,7402
193.196,7400
193.602,7397
194.012,7396
194.422,7393
194.828,7392
195.229,7390
195.649,7386
196.055,7383
196.539,7381
196.99,7380
197.395,7379
197.827,7377
198.247,7375
198.7,7372
199.124,7371
199.556,7370
200.022,7368
200.488,7366
200.912,7365
201.343,7363
201.783,7360
202.207,7358
202.623,7356
203.048,7354
203.503,7353
204.035,7352
204.509,7351
204.936,7348
205.384,7347
205.803,7345
206.218,7344
206.604,7343
207.033,7342
207.465,7340
208.021,7338
208.492,7337
208.92,7336
209.547,7333
210.005,7330
210.52,7325
210.962,7322
211.483,7321
212.023,7319
212.449,7318
212.892,7317
213.372,7315
213.846,7313
214.297,7312
214.742,7311
215.227,7310
215.701,7309
216.133,7307
216.582,7306
217.06,7305
217.474,7300
217.925,7297
218.329,7295
218.734,7292
219.234,7289
219.677,7283
220.112,7281
220.513,7277
220.925,7276
221.353,7275
221.762,7273
222.204,7271
222.783,7270
223.342,7269
223.797,7268
224.225,7267
224.656,7266
225.044,7265
225.432,7264
225.855,7263
226.263,7262
226.734,7259
227.19,7258
227.609,7257
228.022,7254
228.471,7253
228.911,7251
229.54,7250
230.01,7248
230.49,7246
231.03,7243
231.44,7241
231.87,7238
232.296,7237
232.717,7234
233.165,7233
233.57,7232
233.991,7231
234.507,7229
234.987,7227
235.409,7226
235.814,7225
236.299,7223
236.717,7222
237.167,7221
237.608,7220
238.175,7219
238.667,7218
239.122,7216
239.546,7211
239.993,7210
240.453,7209
240.898,7205
241.356,7204
241.872,7202
242.357,7201
242.817,7199
243.346,7196
243.819,7195
244.225,7193
244.644,7192
245.064,7191
245.611,7188
246.073,7187
246.488,7186
246.898,7185
247.328,7184
247.769,7182
248.2,7181
248.625,7180
249.05,7179
249.716,7178
250.174,7176
250.585,7175
250.996,7173
251.404,7172
251.829,7170
252.252,7169
252.666,7168
253.142,7167
253.636,7166
254.066,7165
254.499,7164
254.913,7163
255.341,7158
255.776,7157
256.22,7155
256.638,7152
257.104,7149
257.553,7148
257.961,7147
258.365,7144
258.796,7143
259.193,7140
259.585,7139
260.003,7138
260.416,7137
260.912,7136
261.34,7135
261.758,7134
262.15,7132
262.569,7131
262.971,7130
263.387,7128
263.794,7127
264.237,7126
264.712,7125
265.118,7123
265.529,7122
265.921,7121
266.34,7119
266.75,7118
267.182,7117
267.574,7116
268.038,7115
268.512,7113
268.937,7112
269.328,7106
269.714,7104
270.293,7103
270.715,7102
271.12,7101
271.567,7099
272.124,7098
272.576,7096
273.104,7095
273.593,7093
274.095,7092
274.587,7087
274.999,7085
275.454,7084
275.922,7082
276.373,7080
276.796,7078
277.205,7076
277.625,7075
278.059,7074
278.47,7073
278.871,7070
279.354,7069
279.859,7068
280.307,7067
280.767,7065
281.209,7064
281.68,7063
282.119,7062
282.563,7060
283.124,7059
283.588,7054
283.994,7052
284.407,7051
284.809,7050
285.217,7049
285.599,7048
286.014,7043
286.416,7042
286.896,7039
287.354,7038
287.767,7037
288.163,7036
288.582,7033
288.997,7030
289.417,7029
289.843,7027
290.266,7026
290.766,7025
291.26,7024
291.655,7023
292.074,7022
292.5,7021
292.961,7020
293.361,7019
293.779,7018
294.188,7016
294.683,7014
295.308,7013
295.698,7012
296.112,7011
296.596,7010
297.029,7008
297.483,7007
297.98,7005
298.492,7003
298.977,7002
299.399,7001
299.857,6996
300.296,6994
300.745,6992
301.183,6990
301.608,6987
302.123,6986
302.642,6985
303.172,6984
303.677,6981
304.356,6980
304.836,6979
305.295,6978
305.895,6977
306.344,6976
306.781,6974
307.19,6972
307.597,6971
308.022,6970
308.432,6967
308.85,6964
309.262,6962
309.792,6961
310.256,6960
310.648,6959
311.058,6958
311.493,6956
311.909,6955
312.323,6954
312.749,6953
313.179,6952
313.646,6951
314.096,6949
314.511,6947
314.904,6946
315.455,6945
315.892,6944
316.303,6943
316.693,6942
317.185,6941
317.627,6940
318.04,6939
318.458,6938
318.844,6937
319.248,6936
319.676,6935
320.115,6934
320.54,6933
321.014,6932
321.462,6931
321.9,6930
322.314,6925
322.727,6924
323.147,6921
323.538,6920
323.948,6919
324.37,6916
324.862,6915
325.28,6914
325.697,6913
326.092,6912
326.497,6909
326.876,6905
327.274,6903
327.683,6902
328.091,6901
328.579,6900
329.01,6899
329.395,6898
329.801,6897
330.204,6896
330.619,6895
331.041,6894
331.448,6893
331.887,6892
332.365,6891
332.797,6888
333.194,6886
333.605,6885
334.041,6884
334.476,6883
334.91,6882
335.318,6881
335.986,6880
336.446,6878
336.839,6877
337.253,6876
337.643,6875
338.089,6874
338.478,6872
338.883,6871
339.293,6870
339.808,6869
340.234,6868
340.659,6866
341.078,6865
341.488,6862
341.896,6861
342.311,6857
342.738,6856
343.194,6855
343.667,6853
344.086,6852
344.499,6850
344.893,6849
345.299,6848
345.711,6847
346.104,6846
346.504,6845
346.937,6844
347.404,6843
347.842,6842
348.236,6840
348.636,6839
349.022,6838
349.429,6835
349.833,6834
350.281,6833
350.808,6832
351.264,6831
351.697,6828
352.111,6826
352.542,6825
352.97,6824
353.365,6822
353.773,6821
354.181,6820
354.656,6819
355.125,6818
355.532,6814
355.93,6813
356.333,6812
356.812,6811
357.271,6810
357.7,6809
358.214,6808
358.713,6806
359.169,6805
359.595,6804
360.047,6803
360.494,6802
361.108,6801
361.537,6799
362.047,6798
362.549,6797
363.005,6796
363.48,6795
363.958,6794
364.409,6793
364.82,6792
365.267,6790
365.749,6789
366.223,6788
366.628,6787
367.047,6786
367.457,6784
367.871,6783
368.277,6781
368.685,6780
369.066,6779
369.535,6778
370.005,6777
370.424,6776
370.847,6775
371.251,6774
371.663,6773
372.074,6772
372.488,6771
372.922,6770
373.451,6769
373.893,6768
374.302,6767
374.706,6766
375.108,6764
375.507,6762
375.912,6761
376.302,6759
376.706,6758
377.202,6755
377.635,6752
378.058,6750
378.466,6749
378.843,6748
379.26,6747
379.663,6746
380.062,6745
380.477,6743
380.969,6742
381.544,6740
381.927,6739
382.327,6738
382.739,6737
383.128,6736
383.544,6735
383.96,6734
384.39,6733
384.881,6731
385.312,6730
385.719,6729
386.103,6728
386.505,6727
386.91,6725
387.298,6724
387.69,6723
388.1,6722
388.592,6721
389.053,6720
389.441,6719
389.852,6718
390.242,6716
390.642,6714
391.048,6713
391.435,6712
391.848,6711
392.367,6710
392.793,6709
393.208,6708
393.608,6707
394.005,6706
394.424,6705
394.882,6704
395.357,6703
395.818,6700
396.294,6699
396.694,6698
397.091,6695
397.52,6694
397.966,6693
398.359,6692
398.754,6691
399.159,6689
399.648,6688
400.114,6687
400.524,6686
400.934,6685
401.536,6684
401.939,6683
402.357,6682
402.767,6681
403.216,6680
403.688,6679
404.102,6678
404.503,6677
404.903,6676
405.35,6675
405.763,6674
406.162,6673
406.559,6672
407.026,6670
407.473,6669
407.877,6668
408.281,6667
408.67,6666
409.071,6665
409.48,6664
409.895,6662
410.317,6661
410.873,6660
411.357,6659
411.808,6658
412.239,6656
412.635,6655
413.071,6654
413.506,6653
413.935,6651
414.44,6650
414.942,6649
415.378,6648
415.773,6647
416.205,6646
416.599,6645
417.098,6643
417.526,6642
417.978,6641
418.507,6640
418.995,6639
419.442,6638
419.911,6637
420.318,6636
420.775,6635
421.223,6634
421.825,6633
422.371,6632
422.828,6631
423.27,6630
423.738,6629
424.228,6628
424.667,6627
425.083,6626
425.507,6625
426.065,6624
426.586,6623
427.034,6622
427.464,6621
427.87,6620
428.289,6619
428.689,6618
429.092,6617
429.544,6616
430.018,6615
430.431,6614
430.85,6613
431.274,6612
431.671,6611
432.089,6610
432.511,6609
432.918,6608
433.384,6607
433.835,6606
434.266,6605
434.664,6604
435.07,6603
435.469,6602
435.876,6601
436.288,6600
436.673,6599
437.167,6598
437.654,6597
438.062,6596
438.465,6595
438.877,6593
439.254,6592
439.661,6591
440.046,6590
440.439,6589
440.925,6588
441.396,6587
441.935,6586
442.349,6584
442.742,6583
443.145,6581
443.549,6580
443.951,6579
444.343,6578
444.833,6577
445.277,6576
445.667,6575
446.058,6574
446.464,6573
446.846,6572
447.265,6571
447.672,6570
448.238,6569
448.737,6568
449.28,6567
449.774,6566
450.327,6565
450.783,6564
451.276,6563
451.813,6562
452.393,6561
453.042,6560
453.521,6559
454.037,6557
454.447,6555
454.922,6554
455.381,6553
455.916,6552
456.576,6551
457.097,6549
457.613,6548
458.091,6547
458.6,6546
459.037,6545
459.478,6544
459.932,6543
460.476,6542
460.973,6541
461.447,6540
461.888,6538
462.474,6537
462.902,6536
463.349,6535
463.799,6534
464.261,6533
464.679,6532
465.099,6531
465.509,6530
465.911,6528
466.33,6526
466.738,6524
467.125,6523
467.532,6522
468.015,6521
468.5,6520
468.92,6519
469.331,6518
469.734,6517
470.141,6516
470.53,6515
470.926,6514
471.347,6513
471.816,6512
472.322,6511
472.774,6510
473.213,6509
473.61,6508
474.021,6507
474.437,6506
474.834,6505
475.256,6503
475.727,6502
476.161,6501
476.563,6500
476.988,6499
477.438,6498
477.903,6497
478.342,6496
478.766,6494
479.287,6493
479.815,6492
480.255,6491
480.698,6490
481.195,6489
481.673,6488
482.141,6487
482.767,6486
483.303,6485
483.797,6484
484.245,6481
484.696,6480
485.15,6479
485.566,6478
485.949,6477
486.417,6476
486.872,6475
487.368,6474
487.762,6473
488.19,6472
488.582,6471
489.003,6469
489.4,6468
489.818,6467
490.255,6466
490.72,6464
491.199,6463
491.61,6462
492.018,6461
492.431,6460
492.826,6459
493.247,6458
493.656,6457
494.047,6456
494.54,6455
494.977,6454
495.389,6453
495.796,6451
496.196,6450
496.606,6449
496.984,6448
497.39,6446
497.79,6445
498.276,6444
498.729,6443
499.913,6442
500.336,6440
500.771,6439
502.168,6438
502.873,6436
504.544,6435
505.865,6434
506.329,6433
506.722,6432
507.118,6431
507.508,6430
507.929,6429
508.313,6428
508.719,6427
509.129,6426
509.597,6425
510.444,6424
510.848,6423
512.075,6422
512.459,6421
512.89,6420
513.368,6419
514.228,6416
515.058,6415
515.465,6414
517.232,6412
518.076,6411
518.501,6410
518.898,6405
519.319,6403
522.327,6402
522.735,6401
523.457,6400
523.874,6399
524.394,6398
524.911,6397
525.314,6396
525.725,6395
526.136,6394
526.527,6392
527.319,6391
527.724,6390
528.2,6389
528.631,6388
529.082,6387
529.478,6386
529.903,6385
530.325,6384
530.74,6383
531.166,6382
531.588,6381
532.137,6380
532.655,6379
533.152,6378
533.564,6377
533.967,6376
534.4,6375
534.786,6374
535.203,6373
535.598,6372
536.078,6371
536.518,6367
536.892,6366
539.062,6365
539.542,6364
540.053,6363
540.934,6360
541.38,6359
541.814,6358
542.25,6357
542.66,6356
543.286,6355
543.823,6354
544.265,6353
544.744,6352
545.178,6349
545.63,6348
546.034,6347
546.416,6345
546.856,6343
547.357,6342
547.836,6338
548.255,6337
549.473,6336
549.882,6335
550.291,6334
550.69,6333
551.187,6332
552.456,6331
553.285,6330
553.723,6329
554.138,6327
554.649,6326
555.116,6325
555.57,6324
556,6323
556.413,6322
557.23,6319
557.635,6316
558.955,6315
559.754,6314
560.536,6313
560.927,6312
561.332,6311
561.719,6310
562.196,6309
563.055,6308
563.639,6307
564.024,6306
564.437,6305
564.826,6304
565.259,6303
565.662,6302
566.136,6301
566.579,6300
566.958,6299
567.357,6298
567.754,6297
568.18,6295
569.84,6294
570.296,6293
570.685,6292
571.082,6291
571.893,6290
572.355,6289
572.823,6288
573.352,6287
573.948,6282
574.383,6280
574.801,6279
575.227,6276
576.493,6275
577.896,6273
578.728,6271
579.139,6269
579.96,6268
580.381,6267
582.661,6266
583.104,6262
585.033,6260
586.361,6259
587.581,6256
587.982,6255
588.864,6254
589.321,6253
589.716,6252
590.901,6251
591.31,6250
591.693,6249
592.082,6248
592.552,6247
593.08,6246
593.504,6244
593.972,6242
594.388,6241
596.067,6240
596.956,6239
597.36,6238
598.232,6237
598.666,6236
599.111,6235
599.538,6234
600.056,6231
600.992,6230
601.437,6227
602.306,6226
602.732,6223
603.179,6222
605.571,6221
606.14,6220
606.567,6219
606.997,6217
607.455,6216
608.045,6214
613.458,6213
613.848,6212
614.254,6210
615.098,6209
615.56,6208
616.778,6207
617.567,6206
618,6204
618.433,6203
619.353,6202
620.157,6201
620.554,6200
620.952,6199
621.753,6198
622.134,6195
623.553,6194
623.958,6193
624.739,6192
625.552,6190
625.935,6189
626.833,6188
627.258,6187
628.453,6186
629.839,6185
630.317,6181
630.757,6179
632.337,6178
633.159,6177
635.259,6176
635.667,6175
636.049,6174
636.463,6173
636.844,6172
637.725,6171
638.284,6170
638.689,6169
639.102,6168
639.537,6167
639.949,6166
640.364,6164
640.754,6163
641.166,6160
642.511,6159
642.922,6158
643.334,6157
643.738,6154
644.926,6153
645.435,6152
645.895,6151
646.284,6150
646.686,6148
647.078,6146
647.876,6145
648.298,6144
648.695,6143
649.179,6142
649.762,6140
650.178,6139
650.585,6137
651.374,6136
651.749,6134
653.044,6133
653.473,6132
653.9,6131
654.351,6130
654.792,6129
655.198,6128
655.631,6127
656.531,6126
656.931,6125
657.713,6124
659.045,6123
659.466,6122
661.368,6121
662.246,6120
664.568,6119
664.981,6118
665.431,6112
667.565,6110
668.438,6108
668.866,6107
669.826,6106
670.219,6105
670.623,6104
672.006,6103
672.404,6101
672.797,6097
674.427,6095
674.882,6093
676.56,6091
677.759,6090
678.193,6089
678.682,6088
679.117,6087
680.316,6086
680.704,6085
681.499,6084
681.93,6082
682.411,6081
682.849,6080
683.661,6079
684.076,6075
684.459,6074
684.865,6072
686.953,6071
688.142,6070
688.535,6069
688.924,6068
691.206,6067
691.588,6066
692.006,6064
692.445,6057
695.105,6056
695.995,6055
696.407,6054
696.811,6053
697.31,6052
698.574,6051
701.584,6050
702.013,6049
702.405,6044
702.802,6042
706.588,6041
707.392,6039
708.226,6038
708.663,6034
709.143,6033
709.921,6032
710.492,6031
710.904,6030
711.693,6029
712.116,6028
712.597,6027
713.005,6026
713.424,6025
713.882,6024
714.299,6023
714.748,6022
715.267,6021
715.676,6019
716.199,6018
716.627,6017
717.015,6016
717.408,6012
717.81,6010
723.707,6008
725.559,6007
727.857,6006
728.247,6004
729.516,6002
729.92,6001
730.42,6000
730.914,5999
731.381,5998
731.817,5997
732.215,5996
732.637,5995
733.039,5994
733.457,5993
733.846,5992
735.203,5991
736.424,5990
736.81,5989
737.228,5988
738.478,5987
738.945,5986
739.779,5985
740.183,5984
740.575,5983
740.971,5982
741.354,5981
741.766,5979
742.204,5978
742.688,5977
743.096,5975
743.514,5974
743.916,5973
745.533,5972
745.997,5970
746.461,5969
746.86,5968
747.251,5966
747.623,5965
750.934,5964
751.887,5963
752.342,5961
754.64,5960
755.087,5958
756.473,5957
756.943,5956
757.459,5955
757.997,5952
761.912,5951
762.311,5948
766.139,5946
766.542,5945
767.766,5942
768.177,5941
769.524,5940
769.931,5939
770.733,5938
771.67,5934
772.066,5933
775.448,5929
777.683,5928
778.068,5927
778.48,5923
782.339,5922
783.666,5921
784.168,5920
784.644,5919
785.97,5918
787.251,5916
788.576,5915
788.978,5914
789.369,5913
789.796,5911
790.219,5910
790.601,5909
791.028,5908
792.14,5907
792.533,5905
793.353,5902
793.758,5901
794.555,5899
796.28,5898
798.743,5897
799.226,5896
801.326,5895
801.726,5893
802.134,5892
802.607,5890
803.085,5889
803.536,5888
803.959,5885
805.599,5884
806.484,5883
806.908,5882
807.336,5881
807.724,5880
808.131,5879
808.524,5878
808.926,5877
809.352,5876
809.756,5875
810.176,5874
810.646,5873
811.051,5872
811.63,5871
812.03,5870
812.425,5869
812.812,5868
813.222,5867
813.619,5866
814.097,5865
814.534,5863
815.718,5861
816.1,5860
816.5,5859
816.883,5858
817.282,5857
818.189,5855
819.008,5852
821.203,5850
821.697,5849
822.552,5848
822.975,5847
823.554,5844
825.771,5843
826.655,5841
828.365,5839
830.291,5838
830.743,5837
831.168,5835
831.596,5834
835.86,5833
836.997,5829
837.441,5828
838.626,5827
839.046,5826
839.923,5825
843.98,5824
844.542,5821
845.415,5820
845.868,5819
846.323,5818
847.173,5817
847.569,5816
848.534,5814
848.922,5813
849.302,5812
850.536,5808
850.951,5807
853.597,5804
855.779,5801
858.409,5799
859.247,5798
859.713,5797
861.342,5795
862.519,5794
864.266,5791
866.245,5790
867.93,5787
868.746,5786
870.793,5785
871.213,5781
872.037,5780
873.981,5779
874.517,5778
874.965,5777
875.369,5776
875.741,5774
880.088,5773
881.044,5772
881.442,5771
882.01,5770
882.489,5767
883.802,5766
886.789,5764
887.962,5763
888.377,5762
888.779,5761
889.184,5760
889.644,5759
890.076,5756
890.499,5754
892.486,5753
893.375,5752
895.059,5751
895.444,5750
896.264,5749
896.726,5748
897.203,5746
897.851,5745
898.671,5744
899.54,5743
900.887,5742
902.244,5741
903.992,5740
904.574,5735
905.192,5732
905.801,5730
908.077,5729
910.993,5728
913.643,5727
914.026,5725
914.439,5723
914.833,5722
916.587,5721
917.946,5720
918.757,5719
919.142,5716
919.605,5714
923.818,5713
924.639,5712
925.026,5709
927.507,5708
927.938,5707
928.344,5706
929.118,5705
930.28,5704
930.683,5701
931.176,5700
931.598,5699
933.615,5698
936.164,5696
936.613,5695
937.046,5693
938.599,5691
939.062,5690
940.3,5689
941.099,5686
944.942,5685
945.368,5684
946.291,5683
946.696,5682
947.085,5681
947.895,5680
948.33,5679
948.735,5678
949.594,5677
950.059,5673
950.475,5672
955.787,5671
956.172,5670
958.516,5669
959.373,5668
960.769,5667
961.277,5662
963.445,5659
966.168,5658
967.469,5657
968.777,5656
971.192,5655
971.572,5654
972.104,5653
972.984,5652
974.592,5649
977.95,5648
979.364,5645
980.33,5642
982.786,5641
983.213,5640
985.67,5639
986.064,5637
986.46,5636
986.84,5633
988.562,5632
990.553,5631
991.025,5629
991.468,5628
991.862,5627
993.016,5626
993.454,5625
997.458,5624
997.86,5623
999.359,5618
1002.4,5615
1003.23,5613
1004.84,5612
1007.35,5611
1007.73,5609
1012.27,5608
1013.13,5605
1016.07,5603
1016.45,5602
1019.11,5601
1019.69,5600
1020.66,5599
1021.59,5598
1022.92,5597
1023.35,5595
1024.23,5594
1025.18,5592
1027.47,5591
1030.43,5588
1035.9,5587
1036.74,5586
1040.23,5585
1046.33,5584
1046.7,5582
1048.02,5581
1050.07,5580
1051.72,5579
1052.17,5578
1052.58,5577
1053.06,5575
1053.95,5573
1055.77,5572
1056.72,5571
1057.14,5570
1057.64,5569
1059.59,5568
1060.21,5567
1061.59,5566
1062.02,5565
1063.96,5564
1065.24,5563
1066.56,5562
1068.58,5561
1069.82,5560
1071.49,5559
1072.29,5558
1072.68,5556
1073.09,5555
1073.54,5554
1074.01,5553
1074.45,5551
1075.22,5549
1078.06,5547
1080.23,5545
1080.87,5543
1087.8,5542
1089.19,5541
1089.6,5540
1090.39,5539
1092.38,5538
1092.84,5537
1093.35,5536
1093.77,5534
1094.59,5533
1094.98,5532
1098.71,5530
1099.1,5527
1099.52,5525
1101.05,5524
1101.47,5522
1103.99,5521
1105.37,5520
1108.73,5518
1110.27,5517
1111.98,5516
1112.38,5513
1116.35,5512
1116.73,5511
1118.01,5508
1118.39,5507
1119.29,5506
1125.63,5505
1126.02,5504
1126.41,5502
1127.34,5501
1134.64,5500
1135.45,5499
1137.01,5498
1137.41,5497
1138.27,5496
1138.72,5495
1139.11,5493
1139.99,5492
1142.56,5490
1142.99,5489
1143.44,5488
1143.9,5487
1144.32,5485
1144.75,5484
1145.18,5483
1147.01,5482
1150.53,5481
1150.9,5480
1151.68,5478
1156.39,5477
1157.28,5475
1157.71,5474
1158.48,5473
1159.68,5472
1161.03,5471
1161.63,5470
1162.79,5469
1164.49,5468
1165.3,5467
1165.71,5465
1166.87,5463
1172.89,5461
1173.38,5460
1173.88,5459
1177.18,5458
1177.56,5456
1180.33,5455
1181.18,5454
1181.58,5453
1187.43,5452
1188.24,5450
1191.93,5449
1193.19,5447
1193.59,5446
1194,5445
1194.4,5444
1196.49,5443
1197.28,5442
1198.04,5437
1199.76,5435
1205.26,5433
1206.87,5432
1207.33,5431
1208.19,5430
1209.13,5429
1212.02,5428
1212.42,5427
1214.97,5426
1216.19,5425
1217.43,5424
1217.89,5422
1219.11,5420
1222.01,5418
1223.01,5416
1228.81,5415
1230.86,5414
1232.01,5413
1233.34,5412
1236.18,5409
1241.87,5408
1247.09,5407
1250,5405
1251.29,5404
1253.32,5403
1255.05,5402
1256.63,5401
1257.05,5400
1259.91,5399
1260.3,5398
1262.22,5397
1263.79,5396
1264.25,5395
1271.31,5393
1275.83,5392
1277.01,5390
1277.91,5389
1280.35,5387
1280.75,5386
1281.16,5382
1287.48,5381
1287.89,5379
1291.59,5377
1293.28,5375
1294.87,5374
1295.25,5373
1296.51,5371
1297.31,5370
1298.89,5369
1299.74,5368
1304.85,5367
1305.67,5365
1306.11,5364
1307.37,5362
1308.24,5361
1311.99,5360
1315.45,5359
1315.85,5358
1316.24,5357
1316.61,5355
1317.02,5354
1319.48,5353
1321.59,5352
1322.1,5350
1324.6,5349
1325.02,5348
1325.9,5347
1326.9,5345
1327.34,5344
1334.51,5342
1336.54,5341
1337.37,5337
1343.6,5336
1347.66,5335
1348.06,5331
1349.22,5330
1354.22,5329
1356.45,5328
1357.41,5326
1358.34,5324
1358.84,5323
1367.52,5322
1369.04,5321
1370.26,5320
1371.91,5319
1372.78,5316
1381.01,5315
1384.05,5314
1384.93,5313
1385.79,5312
1387.18,5311
1392.15,5309
1394.56,5308
1394.99,5307
1395.77,5306
1396.16,5305
1397.78,5303
1399.9,5302
1400.31,5301
1405.07,5299
1406.05,5298
1411.1,5297
1411.5,5296
1411.89,5294
1412.27,5293
1413.09,5291
1418.37,5290
1419.54,5289
1422.68,5288
1423.62,5287
1424.21,5286
1424.69,5284
1428.02,5280
1430.34,5278
1430.8,5277
1431.19,5276
1432.6,5275
1433.46,5274
1436.77,5273
1437.17,5272
1438.73,5271
1439.21,5270
1447.73,5269
1449.06,5268
1449.52,5267
1449.96,5266
1451.06,5265
1452.24,5264
1453.02,5263
1453.41,5262
1455.61,5261
1457.65,5259
1468.05,5257
1468.43,5256
1472.77,5255
1475.21,5252
1478.18,5250
1478.96,5248
1482.99,5247
1483.78,5246
1485.16,5244
1487.54,5243
1488.04,5242
1491.97,5241
1493.65,5239
1494.05,5237
1497.39,5235
1501.04,5234
1502.71,5233
1503.28,5232
1507.9,5231
1509.23,5230
1514.49,5229
1515,5228
1516.2,5227
1516.58,5225
1517.35,5224
1521.09,5221
1523.32,5220
1524.54,5219
1529.04,5218
1529.43,5216
1537.83,5215
1539.8,5214
1540.19,5212
1542.68,5211
1546.4,5210
1547.97,5209
1550.2,5208
1551.59,5207
1552.53,5206
1553.74,5204
1554.57,5203
1556.74,5202
1557.92,5201
1558.3,5200
1559.55,5199
1561.97,5198
1564.87,5194
1565.8,5191
1567.15,5190
1580.51,5189
1582.13,5188
1584.62,5187
1585.87,5185
1597.5,5184
1599.5,5183
1600.25,5182
1604.3,5181
1608.93,5179
1611.76,5177
1614.34,5176
1615.64,5174
1619.15,5173
1621.24,5170
1633,5169
1633.79,5166
1636.25,5165
1637.6,5164
1637.98,5163
1641.78,5162
1642.26,5160
1648.8,5158
1649.28,5156
1650.57,5155
1661.4,5154
1662.42,5153
1662.83,5152
1663.35,5149
1665.88,5148
1666.25,5147
1670.89,5143
1678.51,5142
1686.63,5141
1687.06,5140
1690.72,5138
1693.68,5135
1700.44,5134
1700.85,5133
1705.63,5132
1706.46,5131
1712.26,5130
1712.64,5127
1718.77,5126
1720.7,5125
1721.56,5124
1723.2,5123
1724.33,5122
1724.81,5121
1725.24,5118
1725.68,5115
1736.64,5114
1739.05,5113
1741.93,5112
1743.71,5111
1747.03,5108
1751.55,5107
1752.04,5106
1755.79,5104
1757.43,5103
1759.97,5101
1765.43,5099
1775.63,5097
1778.65,5095
1779.44,5093
1788.33,5092
1792.5,5087
1796.21,5086
1797.91,5084
1806.96,5082
1811.2,5081
1815.38,5080
1815.77,5076
1832.45,5075
1834.44,5072
1841.67,5071
1842.62,5070
1846.66,5069
1848.18,5068
1859.15,5067
1859.55,5066
1859.94,5064
1865,5063
1865.46,5060
1870,5058
1880.58,5057
1889.58,5056
1891.88,5055
1892.29,5054
1892.67,5053
1893.82,5052
1894.22,5051
1894.7,5050
1902.8,5049
1903.57,5048
1906.69,5047
1908.24,5046
1918.52,5043
1926.99,5042
1927.45,5041
1929.02,5040
1930.34,5039
1935.17,5038
1936,5037
1936.44,5035
1941.28,5033
1953.05,5031
1953.55,5029
1958.48,5027
1968.77,5026
1969.16,5022
1971.87,5021
1991.87,5020
1992.46,5019
1992.95,5018
1993.38,5013
1994.93,5011
1995.31,5009
2014.73,5008
2015.11,5007
2023.61,5006
2025.75,5005
2027.42,5003
2035.64,5002
2039.34,5001
2039.74,5000
2042.22,4998
2047.78,4997
2048.62,4995
2049.1,4994
2051.06,4993
2051.5,4992
2057.22,4991
2057.64,4990
2059.6,4988
2060,4987
2062.06,4986
2072.75,4983
2080.77,4982
2084.17,4981
2091.58,4980
2100.02,4979
2107.67,4978
2117.38,4977
2117.82,4976
2126.21,4974
2127.75,4973
2128.14,4972
2128.6,4971
2129.06,4970
2132.31,4969
2132.76,4968
2138.39,4967
2140.09,4965
2146,4964
2147.31,4963
2148.58,4962
2149.76,4961
2153.09,4960
2153.48,4959
2174.76,4957
2176.69,4956
2181.16,4955
2181.59,4954
2187.86,4951
2189.57,4949
2190.75,4946
2204.84,4945
2206.36,4942
2208.42,4939
2237.01,4938
2239.44,4937
2243.46,4935
2246.96,4934
2248.14,4933
2249.63,4932
2252.18,4931
2254.64,4930
2256.9,4929
2257.46,4928
2261.13,4927
2272.95,4926
2273.71,4925
2276.25,4922
2280.01,4921
2288.38,4920
2299.81,4919
2300.61,4917
2308.81,4914
2316.17,4913
2316.58,4912
2318.65,4911
2319.42,4910
2321.94,4909
2322.34,4908
2337.92,4907
2340.42,4906
2340.82,4905
2342.81,4903
2352.21,4901
2355.96,4900
2357.97,4899
2361.59,4898
2362.42,4897
2363.66,4893
2367.46,4892
2372.75,4891
2393.58,4888
2405.28,4886
2411.62,4885
2412.52,4883
2422.52,4882
2424.97,4881
2430.61,4880
2431.84,4878
2432.6,4877
2433.78,4876
2434.29,4875
2435.12,4874
2458.27,4873
2462.01,4872
2466.08,4871
2466.49,4870
2466.89,4869
2471.64,4868
2472.13,4867
2474.32,4865
2491,4864
2522.12,4863
2528.12,4862
2531.89,4861
2532.32,4860
2541.2,4859
2541.99,4857
2556.01,4856
2562.18,4852
2562.58,4851
2563.41,4850
2570.18,4849
2582.21,4848
2589.15,4847
2589.57,4846
2596.51,4845
2602.33,4844
2610.24,4843
2610.86,4842
2628.64,4841
2634.29,4840
2635.49,4839
2640.34,4838
2658.75,4837
2659.14,4836
2661.63,4835
2663.55,4834
2668.45,4833
2668.84,4832
2669.22,4831
2669.99,4829
2711.23,4827
2716.81,4826
2724.16,4825
2728.3,4822
2728.73,4821
2744.79,4819
2745.99,4818
2747.67,4816
2748.06,4815
2795.32,4814
2796.22,4813
2800.7,4812
2808.42,4811
2810.43,4810
2818.86,4809
2819.62,4807
2823.73,4806
2824.14,4805
2830.17,4804
2832.83,4803
2833.37,4801
2833.96,4800
2843.3,4799
2847.27,4798
2895.93,4797
2901.7,4796
2903.76,4795
2930.35,4794
2932.1,4793
2935.83,4791
2949.57,4790
2954.7,4789
2955.14,4787
2964.18,4786
2964.57,4785
2967.38,4784
2969.81,4783
2970.21,4781
2972.14,4779
2973.42,4778
2978.77,4777
2990.62,4776
2994.66,4774
2995.98,4773
3013.38,4772
3016.54,4771
3019.51,4770
3034.44,4769
3034.82,4768
3037.75,4767
3053.71,4765
3057.76,4764
3061.89,4763
3070.65,4762
3072.49,4760
3126.66,4759
3127.14,4757
3166.16,4756
3170.32,4754
3177.52,4753
3182.85,4752
3188.05,4751
3274.92,4750
3281.79,4749
3282.74,4748
3285.73,4746
3289.58,4745
3290.03,4743
3292.41,4742
3295.29,4740
3296.45,4739
3354.98,4738
3360.42,4737
3367.08,4736
3377.55,4734
3378.48,4733
3384.3,4732
3389.03,4731
3389.41,4730
3425.79,4729
3426.18,4728
3430.11,4727
3445.99,4726
3446.41,4725
3455.08,4723
3457.23,4720
3457.66,4719
3500.71,4718
3501.54,4717
3501.92,4716
3509.42,4715
3523.66,4714
3527.87,4713
3536.44,4712
3545.35,4711
3587.74,4709
3589.99,4706
3590.47,4705
3596.53,4704
3624.2,4699
3624.63,4698
3640.92,4697
3645.43,4692
3675.33,4691
3677.6,4690
3688.1,4688
3707.6,4686
3727.74,4684
3729.83,4681
3735.42,4680
3803.3,4679
3804.73,4677
3808.94,4675
3810.47,4674
3835.24,4673
4016.4,4672
4035.38,4668
4036.24,4666
4079.1,4665
4080.17,4664
4138.65,4663
4148.21,4662
4149.01,4660
4181.22,4659
4195.14,4658
4256.42,4656
5321.74,4655
5324.6,4654
5345.5,4653
5347,4652
5347.8,4651
5359.16,4650
5360.69,4649
5475.12,4648
5477.79,4647
5480.25,4645
5491.16,4644
5493.58,4643
5497.24,4642
5563.45,4641
5626.93,4640
5627.33,4639
5645.87,4638
5653.98,4636
5658.82,4635
5660.11,4634
5662.43,4633
5666.49,4631
5683.74,4630
5687.91,4628
5689.05,4627
5690.04,4626
5692.89,4625
5693.44,4624
5702.21,4623
5704.17,4622
5706,4620
5724.41,4618
5726.72,4617
5750.31,4616
5750.7,4615
5765.69,4614
5796.75,4613
5798.31,4612
5815.67,4611
5827.52,4609
5828.9,4606
5887.69,4605
5894.32,4604
5909.98,4603
5948.38,4602
5959.14,4599
6399.08,4598
6409.48,4597
6411.48,4596
6412.24,4595
6644.06,4593
6645.65,4592
6727.32,4590
7310.82,4589
7311.2,4588
7316.16,4587
7316.67,4586
7317.88,4583
7320.72,4582
7323.03,4581
7323.86,4580
7324.72,4579
7325.52,4578
7335.12,4577
7341.39,4576
7342.16,4575
7343.44,4573
7343.83,4570
7387.96,4568
7388.84,4567
7390.83,4566
7398.47,4565
7401.69,4564
7406.75,4562
7418.17,4561
7419.55,4560
7419.97,4558
7428.95,4557
7583.48,4556
7595.97,4554
7616.89,4553
7618.15,4549
7622.62,4546
7863.84,4545
7864.23,4544
7876.97,4543
7897.56,4542
8007.4,4541
8017.4,4540
8017.89,4539
8046.16,4538
8046.55,4537
8051.45,4536
8070.33,4535
8074.67,4534
8075.92,4533
8076.7,4532
8141.61,4531
8145.87,4530
8592.13,4529
8592.51,4528
8593.15,4527
8593.98,4526
8594.79,4525
8597.76,4524
8696.93,4522
10313.4,4521
10313.8,4517
10403.5,4516
10405,4515
10417.4,4514
10452.8,4513
10618.8,4510
11277.3,4509
11302.3,4508
11315.4,4507
11329.4,4506
11331.1,4505
11359.1,4504
11362.8,4501
11363.7,4500
11364.5,4499
11371.2,4498
11374.7,4497
11416.6,4496
11932.6,4495
11936.7,4494
11943.4,4493
11943.9,4492
11951.2,4491
11966.2,4490
11966.7,4489
11978.3,4488
11980.8,4487
11994.3,4486
13294.5,4484
13297.5,4483
13845,4481
13859.7,4480
13875.5,4479
13925.8,4478
13955.5,4477
13966.1,4476
13968.4,4474
14042.6,4472
14043.8,4471
14184.3,4470
14199.9,4469
14211.9,4468
14233.4,4467
14236.5,4464
15353.5,4463
15358.1,4462
15359.6,4461
15361.6,4460
15362.5,4459
15572.1,4458
15572.5,4456
15587.1,4455
15588.8,4454
15589.6,4453
16146.1,4452
16147.7,4449
16170,4446
16211.3,4444
16222.5,4443
16242.7,4442
16243.1,4441
21556,4440
21560.4,4439
21567.8,4438
21579.1,4437
21603.1,4435
21660.3,4433
21693.3,4432
21706.1,4431
21706.6,4430
21710.5,4427
21752.6,4426
21756.2,4425
22609.6,4424
22682.9,4423
22683.8,4422
22741.5,4421
22742.3,4419
22869,4418
22873.5,4417
22883.4,4416
22884.3,4415
23570.4,4414
23578.7,4412
23582,4411
23664.2,4410
23685,4409
23692,4408
23702.5,4407
23705.1,4406
23705.5,4405
23711.9,4403
23714.4,4401
24031.9,4399
24074.7,4398
24389.4,4397
29354.4,4396
29357.7,4393
29401.7,4392
29402.1,4391
29404.3,4390
29409.4,4389
29411.7,4388
29412.9,4387
32273.1,4386
32313.9,4385
32321.4,4384
32323.2,4381
32369.9,4380
32370.3,4379
32370.7,4375
32377.5,4374
32379.2,4373
33359.5,4372
33361.4,4371
33440.4,4369
33545.7,4368
34257.9,4364
34260.5,4363
39586,4361
39598.1,4360
39598.5,4359
39617.1,4358
39625.8,4357
39636.4,4356
39672.9,4354
39726.5,4352
39733.6,4350
