0.860153,8360
1.32146,8359
1.74178,8358
2.17201,8357
2.6576,8356
3.09653,8355
3.60865,8354
4.29319,8353
4.80176,8351
5.30088,8350
5.78166,8348
6.40764,8347
6.85258,8346
7.27966,8345
7.72958,8344
8.19875,8342
8.70931,8341
9.15214,8340
9.59304,8339
9.99998,8331
10.4324,8329
10.8423,8328
11.2949,8325
11.7465,8324
12.2437,8322
12.7143,8319
13.1424,8316
13.5709,8312
13.9796,8311
14.4001,8309
14.8165,8308
15.2357,8307
15.7303,8306
16.2181,8302
16.6392,8299
17.0498,8298
17.4587,8294
17.8897,8290
18.3117,8289
18.7132,8286
19.1124,8282
19.6088,8278
20.0919,8270
20.5094,8267
20.9227,8264
21.3559,8262
21.8279,8261
22.2905,8258
22.7307,8250
23.2251,8248
23.6951,8246
24.101,8243
24.5351,8240
24.9383,8238
25.3424,8235
25.7486,8232
26.1828,8231
26.7919,8230
27.2978,8226
27.7444,8225
28.1573,8223
28.5842,8222
28.9941,8221
29.4347,8218
29.8638,8214
30.2782,8203
30.852,8202
31.342,8200
31.7594,8197
32.1623,8194
32.6252,8192
33.0683,8191
33.4843,8189
33.9279,8186
34.3815,8182
34.8731,8180
35.3027,8179
35.7121,8176
36.1506,8175
36.5725,8170
36.9848,8169
37.3957,8161
37.8481,8159
38.3276,8156
38.8145,8151
39.2395,8150
39.6729,8147
40.0919,8146
40.5076,8143
40.9195,8139
41.3481,8134
41.774,8132
42.2698,8127
42.7162,8124
43.1351,8123
43.5708,8120
43.9873,8116
44.3985,8114
44.8156,8112
45.2326,8111
45.7039,8110
46.1931,8108
46.7863,8106
47.278,8103
47.7217,8098
48.1537,8094
48.5557,8090
48.9665,8088
49.4222,8085
49.924,8084
50.3283,8082
50.7613,8081
51.164,8079
51.5718,8073
51.969,8069
52.406,8067
52.8546,8066
53.3444,8064
53.8029,8060
54.2477,8058
54.6989,8057
55.1458,8050
55.6226,8048
56.076,8046
56.5205,8045
57.0579,8041
57.5948,8038
58.04,8033
58.4864,8031
58.9395,8029
59.3903,8027
59.8344,8026
60.2821,8025
60.8383,8023
61.3986,8017
61.8783,8014
62.3644,8012
62.843,8011
63.2978,8005
63.7118,7996
64.1289,7995
64.647,7994
65.1269,7993
65.5467,7989
65.9577,7986
66.3637,7983
66.923,7979
67.4124,7978
67.8444,7973
68.3303,7968
68.8098,7967
69.2273,7966
69.6471,7965
70.0677,7964
70.4786,7963
70.8969,7959
71.3204,7956
71.7601,7953
72.2599,7952
72.7118,7949
73.1449,7948
73.5379,7947
73.9675,7943
74.3833,7941
74.7931,7940
75.2327,7939
75.6826,7938
76.165,7936
76.6132,7932
77.0226,7925
77.4435,7924
77.8561,7923
78.2669,7922
78.6733,7919
79.0809,7917
79.5602,7916
80.0479,7915
80.4657,7913
80.8659,7912
81.278,7911
81.6817,7910
82.0751,7902
82.5095,7901
82.9242,7898
83.4141,7894
83.8651,7893
84.2855,7890
84.6839,7889
85.0847,7887
85.5122,7885
85.9251,7882
86.3549,7879
86.7865,7876
87.5034,7874
87.9195,7873
88.34,7871
88.7438,7870
89.1396,7869
89.559,7868
89.9798,7866
90.3888,7860
90.8856,7856
91.3626,7853
91.8243,7850
92.2549,7849
92.6981,7848
93.1174,7846
93.531,7843
93.9484,7841
94.3816,7840
94.8796,7836
95.3211,7833
95.7529,7831
96.1845,7830
96.6021,7829
97.0356,7827
97.4523,7825
97.8784,7824
98.363,7823
98.8363,7822
99.2533,7820
99.675,7819
100.085,7814
100.5,7811
100.933,7810
101.352,7807
101.773,7805
102.27,7803
102.735,7802
103.156,7800
103.568,7799
103.964,7797
104.38,7796
104.795,7795
105.192,7794
105.631,7793
106.123,7788
106.542,7786
106.975,7784
107.569,7779
108.077,7778
108.493,7777
108.928,7775
109.352,7774
109.842,7773
110.282,7772
110.675,7767
111.093,7765
111.498,7764
111.912,7763
112.325,7759
112.76,7755
113.254,7754
113.729,7749
114.158,7743
114.62,7741
115.057,7738
115.535,7737
116.004,7735
116.45,7734
116.968,7732
117.479,7730
117.945,7729
118.397,7728
118.872,7726
119.34,7725
119.777,7724
120.228,7719
120.736,7716
121.269,7715
121.726,7712
122.216,7710
122.746,7705
123.202,7703
123.635,7700
124.056,7698
124.545,7697
124.992,7696
125.426,7693
125.888,7691
126.295,7690
126.741,7689
127.173,7687
127.607,7685
128.276,7683
128.773,7681
129.202,7680
129.636,7678
130.047,7676
130.464,7675
130.875,7673
131.296,7672
131.707,7671
132.215,7668
132.662,7667
133.103,7663
133.513,7662
133.922,7661
134.324,7660
134.717,7658
135.137,7655
135.579,7654
136.059,7653
136.504,7652
136.899,7650
137.33,7649
137.758,7647
138.171,7640
138.579,7638
138.981,7637
139.463,7635
139.991,7634
140.419,7633
140.82,7629
141.219,7624
141.622,7622
142.031,7616
142.439,7614
142.853,7613
143.33,7611
143.816,7609
144.226,7607
144.62,7604
145.037,7603
145.443,7602
145.841,7601
146.244,7598
146.65,7597
147.152,7594
147.632,7593
148.327,7591
148.851,7589
149.458,7588
150.061,7587
150.68,7586
151.253,7585
151.768,7584
152.255,7583
152.87,7582
153.308,7580
153.751,7578
154.179,7577
154.69,7569
155.272,7566
155.817,7564
156.293,7560
156.716,7556
157.208,7554
157.668,7553
158.144,7552
158.717,7551
159.252,7550
159.751,7546
160.248,7545
160.693,7544
161.186,7543
161.622,7536
162.032,7535
162.571,7534
163.074,7533
163.528,7532
163.936,7529
164.347,7527
164.745,7525
165.147,7523
165.549,7521
165.954,7518
166.44,7516
166.893,7514
167.311,7512
167.757,7509
168.363,7507
168.84,7506
169.258,7505
169.69,7504
170.213,7503
170.648,7502
171.056,7501
171.492,7500
171.899,7497
172.311,7495
172.751,7492
173.142,7491
173.62,7490
174.088,7489
174.515,7487
174.929,7486
175.348,7481
175.803,7480
176.274,7479
176.722,7478
177.186,7477
177.716,7476
178.207,7471
178.624,7468
179.094,7464
179.592,7463
180.067,7462
180.551,7461
181.099,7459
181.637,7458
182.174,7457
182.663,7455
183.202,7453
183.656,7452
184.087,7451
184.502,7449
184.97,7448
185.459,7447
185.914,7446
186.335,7443
186.743,7441
187.156,7440
187.57,7439
187.991,7436
188.383,7435
189.047,7434
189.513,7433
189.939,7430
190.363,7429
190.779,7425
191.213,7423
191.612,7415
192.064,7413
192.588,7412
193.052,7411
193.487,7410
193.917,7409
194.315,7408
194.726,7407
195.145,7405
195.531,7404
195.945,7402
196.422,7401
196.88,7400
197.302,7399
197.724,7396
198.154,7394
198.602,7393
199.031,7391
199.458,7388
199.892,7385
200.376,7382
200.827,7381
201.25,7380
201.678,7379
202.108,7378
202.519,7377
202.974,7374
203.403,7372
203.915,7371
204.384,7370
204.811,7369
205.234,7367
205.684,7366
206.094,7365
206.505,7364
206.914,7361
207.323,7360
207.864,7357
208.343,7354
208.767,7353
209.412,7352
209.825,7351
210.35,7350
210.814,7348
211.3,7347
211.848,7346
212.303,7343
212.739,7342
213.25,7341
213.707,7339
214.188,7338
214.618,7336
215.086,7335
215.569,7334
216.035,7333
216.487,7332
216.941,7329
217.379,7326
217.818,7322
218.23,7321
218.644,7320
219.114,7319
219.586,7318
220.023,7315
220.423,7313
220.832,7311
221.252,7309
221.669,7307
222.116,7306
222.641,7305
223.201,7303
223.705,7302
224.135,7301
224.547,7299
224.963,7297
225.354,7295
225.755,7294
226.157,7293
226.619,7291
227.07,7290
227.502,7289
227.945,7288
228.351,7287
228.802,7285
229.235,7284
229.917,7283
230.447,7282
230.93,7281
231.351,7278
231.78,7277
232.214,7276
232.662,7273
233.087,7271
233.498,7270
233.907,7269
234.405,7265
234.915,7264
235.33,7259
235.726,7258
236.19,7257
236.619,7253
237.067,7252
237.504,7251
238.052,7249
238.555,7245
239.01,7242
239.463,7241
239.886,7240
240.326,7239
240.792,7237
241.241,7236
241.751,7235
242.256,7234
242.734,7233
243.276,7232
243.746,7231
244.17,7230
244.57,7228
244.995,7227
245.496,7224
245.99,7223
246.408,7222
246.838,7220
247.24,7219
247.679,7217
248.112,7214
248.538,7210
248.953,7207
249.464,7204
250.089,7203
250.508,7201
250.917,7198
251.323,7196
251.744,7194
252.174,7193
252.572,7192
253.047,7190
253.554,7189
254.006,7187
254.467,7186
254.856,7182
255.274,7180
255.691,7178
256.144,7177
256.552,7175
257.033,7174
257.482,7173
257.897,7172
258.294,7171
258.716,7170
259.128,7167
259.542,7166
259.955,7164
260.365,7163
260.825,7161
261.282,7159
261.691,7157
262.085,7156
262.493,7155
262.926,7154
263.313,7153
263.717,7151
264.141,7150
264.624,7149
265.064,7148
265.464,7146
265.858,7145
266.259,7144
266.661,7143
267.086,7142
267.492,7139
267.973,7138
268.427,7137
268.837,7135
269.239,7134
269.639,7133
270.232,7132
270.657,7131
271.059,7130
271.493,7129
271.96,7128
272.533,7127
273.056,7125
273.553,7124
274.062,7123
274.541,7122
274.961,7119
275.404,7116
275.901,7113
276.329,7111
276.737,7109
277.168,7108
277.565,7106
278.01,7104
278.424,7103
278.836,7102
279.312,7100
279.811,7098
280.256,7096
280.691,7095
281.174,7093
281.612,7092
282.092,7090
282.52,7089
283.038,7088
283.546,7086
283.983,7083
284.397,7082
284.791,7081
285.178,7080
285.589,7079
286.005,7078
286.407,7077
286.887,7076
287.331,7075
287.754,7073
288.178,7072
288.602,7071
289.013,7067
289.432,7066
289.857,7064
290.29,7063
290.841,7062
291.282,7061
291.688,7060
292.106,7059
292.53,7058
292.996,7057
293.392,7056
293.801,7055
294.252,7054
294.714,7052
295.365,7049
295.75,7048
296.182,7047
296.661,7046
297.088,7045
297.532,7044
298.052,7043
298.526,7042
299.034,7041
299.467,7038
299.927,7037
300.351,7035
300.816,7034
301.244,7033
301.702,7030
302.239,7028
302.752,7025
303.272,7024
303.811,7019
304.49,7017
304.935,7016
305.404,7014
305.98,7013
306.481,7012
306.889,7010
307.296,7009
307.716,7008
308.134,7007
308.543,7005
308.943,7004
309.425,7003
309.907,7001
310.34,6999
310.739,6996
311.191,6995
311.601,6994
312.013,6993
312.421,6992
312.853,6991
313.336,6990
313.788,6989
314.206,6988
314.604,6987
315.002,6985
315.585,6984
315.968,6983
316.374,6982
316.79,6980
317.279,6975
317.709,6973
318.118,6972
318.527,6971
318.904,6970
319.318,6968
319.743,6965
320.181,6963
320.628,6962
321.089,6957
321.541,6956
321.96,6955
322.38,6952
322.784,6951
323.205,6948
323.608,6947
324.015,6946
324.477,6945
324.922,6943
325.344,6941
325.761,6940
326.164,6939
326.565,6938
326.956,6937
327.36,6936
327.784,6935
328.256,6932
328.701,6930
329.127,6929
329.537,6927
329.929,6926
330.329,6925
330.731,6923
331.152,6922
331.567,6921
332.011,6920
332.498,6919
332.915,6918
333.32,6915
333.737,6914
334.148,6913
334.619,6912
335.038,6911
335.474,6910
336.142,6909
336.572,6908
336.971,6907
337.386,6906
337.801,6905
338.193,6902
338.61,6901
339.02,6900
339.477,6898
339.946,6895
340.357,6894
340.773,6892
341.195,6891
341.647,6890
342.063,6888
342.47,6887
342.878,6881
343.359,6880
343.811,6879
344.24,6878
344.642,6877
345.018,6876
345.441,6875
345.847,6874
346.235,6871
346.634,6870
347.104,6869
347.568,6868
347.978,6867
348.36,6866
348.762,6865
349.17,6864
349.554,6863
349.992,6862
350.422,6861
350.964,6859
351.439,6858
351.872,6857
352.278,6856
352.717,6855
353.149,6854
353.548,6852
353.935,6851
354.379,6849
354.851,6848
355.281,6847
355.679,6846
356.081,6844
356.53,6843
356.957,6841
357.424,6840
357.87,6839
358.404,6838
358.878,6836
359.327,6835
359.806,6834
360.217,6833
360.666,6832
361.276,6830
361.713,6829
362.23,6828
362.735,6827
363.219,6826
363.694,6825
364.16,6823
364.59,6822
365.043,6821
365.439,6820
365.965,6819
366.403,6818
366.822,6817
367.227,6815
367.639,6814
368.054,6813
368.463,6812
368.881,6810
369.293,6809
369.775,6808
370.229,6807
370.657,6806
371.081,6805
371.483,6804
371.902,6803
372.32,6802
372.761,6801
373.241,6799
373.709,6798
374.143,6797
374.552,6796
374.94,6795
375.353,6794
375.747,6793
376.132,6792
376.54,6791
376.988,6789
377.428,6787
377.861,6785
378.278,6784
378.676,6783
379.065,6782
379.478,6781
379.88,6780
380.285,6779
380.754,6778
381.391,6777
381.792,6776
382.189,6775
382.573,6774
382.999,6773
383.399,6772
383.803,6771
384.232,6770
384.726,6769
385.159,6768
385.563,6766
385.957,6765
386.356,6763
386.747,6762
387.146,6761
387.535,6760
387.956,6757
388.447,6755
388.889,6754
389.292,6753
389.706,6752
390.097,6751
390.488,6750
390.897,6749
391.293,6748
391.685,6747
392.17,6746
392.64,6745
393.059,6744
393.449,6743
393.852,6742
394.247,6741
394.702,6740
395.174,6739
395.609,6738
396.095,6737
396.536,6736
396.952,6735
397.374,6734
397.779,6733
398.173,6728
398.581,6727
398.959,6726
399.418,6724
399.915,6723
400.321,6722
400.722,6721
401.146,6720
401.72,6719
402.109,6718
402.522,6717
402.943,6716
403.423,6715
403.881,6714
404.289,6713
404.664,6712
405.102,6711
405.516,6710
405.933,6709
406.311,6708
406.735,6707
407.22,6706
407.647,6705
408.068,6704
408.479,6703
408.868,6702
409.285,6701
409.704,6700
410.117,6699
410.574,6698
411.125,6696
411.55,6695
412.007,6694
412.424,6693
412.865,6692
413.286,6691
413.691,6690
414.108,6689
414.638,6688
415.133,6687
415.539,6686
415.943,6685
416.372,6684
416.798,6683
417.261,6682
417.701,6681
418.181,6680
418.701,6677
419.172,6676
419.595,6675
420.053,6674
420.495,6673
420.923,6672
421.378,6671
422.036,6669
422.529,6666
423.013,6665
423.497,6662
423.953,6661
424.395,6659
424.843,6657
425.249,6656
425.749,6655
426.237,6654
426.769,6653
427.22,6652
427.613,6651
428.053,6650
428.469,6649
428.873,6648
429.262,6647
429.741,6646
430.214,6645
430.596,6642
431.019,6641
431.421,6638
431.826,6637
432.265,6636
432.656,6635
433.09,6634
433.584,6633
434.008,6632
434.425,6631
434.829,6629
435.237,6628
435.635,6627
436.038,6626
436.44,6625
436.835,6624
437.336,6623
437.811,6622
438.2,6621
438.608,6620
439.009,6619
439.392,6618
439.795,6617
440.184,6616
440.587,6615
441.096,6614
441.517,6613
442.092,6612
442.5,6611
442.926,6610
443.313,6609
443.711,6608
444.119,6607
444.561,6606
445.03,6605
445.441,6604
445.843,6603
446.227,6602
446.622,6601
447.027,6600
447.42,6598
447.86,6597
448.461,6596
449.015,6595
449.481,6593
450.046,6592
450.516,6591
450.967,6590
451.521,6588
452.019,6587
452.716,6586
453.293,6585
453.784,6584
454.221,6583
454.612,6580
455.065,6579
455.538,6578
456.092,6577
456.822,6576
457.306,6575
457.798,6574
458.298,6573
458.785,6572
459.234,6571
459.684,6570
460.107,6569
460.68,6568
461.188,6567
461.595,6566
462.16,6565
462.634,6564
463.092,6563
463.55,6561
464.01,6559
464.484,6558
464.942,6557
465.355,6556
465.747,6555
466.148,6554
466.552,6553
466.951,6552
467.353,6551
467.763,6550
468.243,6549
468.673,6548
469.112,6547
469.508,6546
469.908,6545
470.313,6544
470.714,6542
471.11,6540
471.591,6539
472.064,6538
472.561,6537
472.996,6536
473.41,6535
473.813,6533
474.227,6532
474.622,6531
475.033,6530
475.519,6529
475.949,6528
476.346,6527
476.738,6526
477.193,6524
477.655,6522
478.106,6521
478.533,6520
478.994,6519
479.516,6518
480.002,6517
480.469,6516
480.919,6515
481.405,6514
481.881,6513
482.53,6512
483.04,6511
483.546,6510
484.01,6509
484.487,6508
484.935,6507
485.394,6506
485.793,6504
486.2,6501
486.689,6500
487.13,6499
487.584,6498
488.02,6497
488.42,6496
488.821,6495
489.24,6494
489.629,6492
490.076,6491
490.545,6490
491.015,6489
491.449,6488
491.854,6487
492.262,6485
492.653,6484
493.082,6483
493.491,6482
493.855,6480
494.34,6479
494.838,6478
495.245,6477
495.666,6476
496.066,6472
496.456,6471
496.856,6469
497.246,6468
497.637,6466
498.993,6465
499.398,6463
499.783,6462
500.183,6461
500.62,6460
501.485,6459
501.988,6458
502.488,6456
503.955,6455
504.795,6454
505.189,6453
505.677,6452
506.151,6451
506.583,6450
506.967,6448
507.36,6447
507.775,6446
508.182,6445
508.582,6444
508.963,6443
509.433,6442
509.904,6440
510.296,6439
510.699,6438
511.106,6436
511.529,6435
511.923,6434
512.331,6432
512.709,6431
513.185,6430
513.644,6428
514.061,6427
514.483,6426
514.881,6424
515.301,6423
515.703,6421
516.09,6420
516.523,6418
517.025,6416
517.495,6415
518.346,6414
519.157,6413
519.954,6412
520.375,6411
521.314,6410
521.744,6409
523.243,6408
523.692,6407
524.199,6406
524.717,6405
525.177,6404
525.566,6403
525.969,6402
526.379,6400
526.774,6397
527.566,6394
527.992,6393
528.879,6390
530.568,6389
531.009,6387
531.936,6386
532.985,6385
534.686,6383
535.099,6382
535.971,6380
536.415,6379
536.805,6378
537.627,6377
538.099,6376
538.566,6375
538.98,6373
539.476,6372
539.973,6371
540.432,6370
540.856,6369
541.295,6368
541.733,6367
542.167,6366
542.597,6365
543.042,6364
544.634,6363
545.096,6362
545.559,6361
545.977,6360
546.361,6359
546.767,6357
547.313,6356
547.78,6354
548.193,6351
548.598,6350
549.816,6349
550.207,6348
551.086,6347
552.009,6346
553.205,6345
553.635,6343
555.036,6342
556.761,6341
557.153,6339
557.556,6337
559.688,6336
560.075,6334
560.474,6333
561.264,6332
561.677,6331
562.091,6330
562.59,6329
563.015,6328
564.392,6327
564.803,6326
565.208,6325
565.609,6323
566.529,6321
567.331,6320
568.126,6319
568.54,6318
568.94,6317
569.336,6316
569.813,6315
570.258,6314
570.666,6313
571.077,6312
571.468,6311
571.891,6310
572.354,6309
572.829,6308
573.381,6302
573.953,6301
578.723,6299
579.527,6297
579.944,6293
581.88,6292
582.703,6291
583.166,6290
583.822,6288
584.625,6287
585.575,6286
585.986,6282
589.809,6281
591,6280
591.783,6277
594.085,6276
594.495,6275
594.921,6274
595.718,6270
596.658,6269
597.483,6268
598.344,6267
598.785,6266
599.22,6265
599.661,6259
600.666,6258
601.107,6256
601.966,6255
602.408,6251
606.202,6249
608.089,6247
608.51,6245
608.922,6243
609.317,6242
609.733,6239
611.9,6237
612.696,6236
613.115,6235
613.53,6234
613.932,6233
614.339,6231
614.735,6230
615.193,6226
615.639,6225
616.068,6224
616.45,6223
616.851,6222
617.254,6221
617.662,6220
618.108,6218
618.51,6217
618.979,6216
619.821,6215
620.209,6211
620.61,6209
622.188,6208
622.661,6206
623.156,6203
624.403,6202
625.197,6201
625.601,6200
626.459,6199
626.897,6198
627.685,6197
628.498,6196
628.912,6194
629.859,6192
630.345,6190
630.788,6189
631.595,6188
631.993,6187
632.373,6185
633.181,6182
633.587,6181
634.04,6180
634.899,6179
635.694,6174
638.322,6173
639.145,6167
640.79,6166
641.204,6164
645.912,6163
646.311,6162
646.722,6161
647.125,6160
647.522,6159
647.917,6158
648.33,6157
648.755,6156
649.231,6155
649.825,6154
650.241,6153
652.22,6152
652.644,6151
653.096,6150
653.528,6149
653.968,6148
654.427,6147
655.268,6145
656.998,6144
657.411,6143
657.784,6142
658.246,6141
658.688,6140
659.114,6139
659.593,6138
660.096,6137
660.606,6136
661.044,6135
661.482,6134
661.918,6132
662.778,6131
663.219,6130
664.663,6129
665.592,6128
666.435,6127
667.291,6125
670.449,6124
670.89,6123
671.391,6121
672.258,6119
673.077,6118
673.898,6117
674.785,6116
675.673,6115
676.48,6114
676.859,6113
677.273,6112
677.686,6111
678.093,6109
678.547,6108
678.994,6107
679.41,6106
679.803,6103
680.999,6102
681.407,6101
681.812,6098
682.294,6097
682.723,6096
684.736,6095
685.126,6093
685.979,6092
686.449,6091
686.827,6090
687.243,6089
687.626,6088
688.042,6086
688.449,6085
688.831,6083
689.225,6082
689.678,6081
690.312,6080
690.699,6079
691.108,6076
691.891,6075
692.705,6073
693.561,6072
694.056,6071
694.509,6067
695.844,6066
696.253,6065
696.662,6064
697.081,6062
697.581,6061
698.005,6060
698.436,6059
699.295,6058
700.971,6054
702.663,6050
703.11,6049
704.778,6048
705.653,6047
706.04,6046
707.637,6044
708.04,6043
709.383,6042
710.361,6041
710.741,6040
711.147,6039
711.528,6038
712.39,6037
712.835,6036
713.266,6034
714.114,6032
714.574,6030
715.475,6029
715.964,6028
716.445,6027
717.605,6026
718.003,6025
718.436,6024
719.823,6023
720.324,6022
720.743,6019
721.195,6018
722.485,6017
723.911,6014
724.375,6013
726.17,6012
727.018,6011
728.374,6010
729.214,6009
729.621,6006
730.023,6005
731.946,6003
733.213,6002
733.609,5999
734.415,5998
734.939,5996
736.578,5995
736.973,5993
737.387,5990
738.21,5989
739.123,5988
739.509,5987
739.91,5986
740.3,5985
741.093,5984
741.869,5983
743.181,5982
743.584,5980
746.922,5978
747.298,5977
747.696,5976
748.669,5975
749.727,5974
751.993,5973
752.433,5967
752.923,5966
760.07,5964
761.009,5963
762.856,5962
764.566,5961
765.014,5960
765.472,5959
767.913,5958
768.793,5956
769.674,5955
772.224,5954
772.726,5952
773.159,5951
773.543,5950
773.95,5949
774.752,5948
775.197,5947
775.609,5946
776.109,5945
776.588,5944
777.851,5942
779.11,5941
780.028,5940
780.606,5939
782.028,5937
782.912,5935
783.378,5933
785.266,5931
786.154,5930
787.446,5928
787.909,5927
789.573,5926
790.438,5925
793.602,5924
794.017,5922
794.414,5921
795.773,5920
796.958,5918
797.765,5917
798.144,5916
799.537,5915
799.96,5912
802.955,5911
803.868,5910
804.289,5909
804.668,5908
805.096,5906
807.662,5905
808.845,5902
812.339,5901
813.1,5899
813.519,5895
813.967,5894
815.974,5893
816.379,5892
816.758,5891
817.153,5889
817.587,5888
818.043,5886
819.34,5885
820.624,5884
821.05,5883
821.513,5882
821.969,5881
823.306,5880
823.802,5878
824.198,5876
827.276,5875
827.702,5874
828.133,5872
830.016,5870
833.587,5869
833.98,5867
837.609,5866
838.004,5864
838.418,5863
839.294,5859
839.722,5857
840.677,5856
842.032,5855
842.897,5854
847.805,5853
849.12,5852
849.512,5851
850.313,5850
850.775,5849
851.176,5847
851.624,5845
853.389,5842
858.692,5841
859.08,5840
860.431,5839
860.839,5838
861.617,5837
862.029,5833
867.849,5832
868.265,5831
868.662,5829
869.042,5828
872.446,5826
877.44,5825
879.166,5822
880.482,5821
881.931,5819
882.416,5818
883.773,5817
884.194,5815
884.609,5813
887.135,5812
887.544,5810
887.943,5809
888.332,5808
889.138,5807
889.631,5806
890.062,5805
890.47,5804
890.874,5803
893.353,5801
895,5799
896.199,5798
896.616,5797
897.777,5796
898.2,5795
898.604,5794
899.01,5793
900.841,5792
901.779,5791
902.641,5790
903.068,5789
903.518,5787
903.991,5784
904.576,5780
908.073,5779
908.544,5777
909.021,5776
911.846,5775
913.203,5774
913.627,5773
914.827,5771
916.982,5770
917.931,5767
919.608,5766
922.059,5764
922.458,5763
923.781,5762
925.007,5761
926.188,5760
926.621,5759
927.039,5758
927.508,5757
927.936,5756
928.347,5755
928.73,5748
934.372,5747
935.312,5744
936.148,5743
938.148,5742
939.489,5741
940.313,5738
942.015,5733
944.605,5732
947.121,5730
947.518,5729
947.941,5726
949.145,5725
949.622,5724
952.451,5722
952.848,5721
954.568,5719
954.972,5717
958.502,5716
960.254,5714
961.202,5713
965.271,5712
965.684,5711
966.587,5707
969.189,5705
972.979,5704
973.807,5703
974.206,5702
974.589,5701
974.985,5695
975.831,5693
979.358,5691
980.332,5690
987.354,5689
988.955,5688
989.341,5685
991.455,5684
991.862,5683
992.617,5680
997.067,5679
998.294,5678
998.752,5677
999.735,5676
1000.55,5675
1000.95,5674
1001.35,5673
1001.76,5670
1002.75,5668
1003.15,5667
1003.99,5666
1006.09,5665
1008.91,5664
1009.79,5663
1010.64,5662
1011.06,5661
1011.89,5660
1013.12,5658
1013.59,5657
1014.03,5655
1014.84,5654
1015.28,5653
1016.11,5652
1017.37,5651
1017.82,5649
1019.11,5648
1019.72,5647
1022.48,5646
1022.95,5645
1023.38,5644
1026.12,5642
1027.48,5640
1027.94,5639
1028.41,5638
1031.66,5636
1034.27,5635
1035.46,5634
1036.77,5633
1037.57,5632
1037.97,5630
1038.36,5629
1038.77,5627
1039.16,5625
1040.27,5624
1042.64,5622
1043.05,5621
1044.4,5620
1046.75,5619
1047.24,5617
1048.66,5615
1053.11,5614
1058.73,5613
1061.61,5612
1064.46,5611
1066.15,5609
1067.41,5608
1067.79,5607
1068.2,5606
1068.61,5605
1072.75,5604
1073.15,5603
1073.58,5601
1074.46,5600
1078.6,5599
1079,5597
1079.44,5596
1081.04,5595
1081.57,5594
1083.84,5592
1084.73,5591
1085.24,5589
1089.31,5587
1090.12,5586
1090.5,5585
1092.11,5584
1093.48,5583
1093.9,5582
1094.7,5581
1095.09,5580
1098.03,5579
1099.62,5576
1102.9,5575
1103.77,5573
1106.77,5572
1108.05,5570
1110.09,5569
1110.49,5568
1110.88,5566
1114.65,5564
1115.62,5563
1116.12,5561
1116.52,5560
1118.17,5559
1118.58,5558
1119,5557
1119.48,5554
1119.92,5553
1123.58,5551
1128.78,5550
1129.18,5549
1129.58,5548
1131,5547
1131.41,5546
1131.82,5545
1133.51,5544
1136.39,5543
1136.8,5542
1137.55,5541
1139.76,5539
1141.77,5538
1142.26,5537
1143.6,5536
1144.04,5535
1144.91,5534
1145.33,5533
1145.84,5532
1146.74,5531
1148.05,5530
1148.89,5529
1149.84,5528
1150.24,5527
1151.04,5525
1151.86,5524
1152.65,5523
1155.67,5522
1156.09,5521
1156.52,5517
1161.2,5515
1161.78,5514
1163.38,5513
1163.79,5512
1164.21,5510
1166.29,5509
1176.96,5508
1180.14,5507
1180.52,5506
1180.96,5504
1184.29,5503
1185.58,5502
1189.7,5501
1191.8,5500
1192.22,5498
1193.46,5497
1195.23,5495
1195.62,5494
1196,5492
1196.4,5491
1197.93,5490
1198.85,5489
1200.51,5487
1204.08,5485
1204.65,5480
1206.82,5478
1207.72,5477
1209.95,5475
1210.4,5473
1210.84,5471
1211.24,5469
1212.79,5466
1213.19,5464
1217.45,5463
1218.73,5462
1219.15,5461
1220.33,5460
1223.05,5458
1223.88,5456
1224.3,5454
1227.99,5452
1229.7,5451
1230.08,5450
1230.5,5449
1231.67,5447
1233.73,5446
1234.13,5445
1234.52,5444
1234.91,5443
1235.71,5442
1237.42,5441
1237.8,5440
1238.18,5438
1238.57,5437
1242.27,5435
1245.43,5433
1247.09,5431
1248,5430
1248.41,5429
1249.2,5428
1249.61,5426
1257.05,5424
1257.82,5422
1258.22,5421
1259.12,5419
1260.73,5418
1261.72,5417
1265.08,5416
1266.43,5415
1267.82,5412
1270.49,5410
1270.89,5408
1271.27,5406
1279.58,5405
1280,5404
1280.39,5403
1281.69,5402
1282.11,5401
1282.51,5400
1284.27,5399
1284.66,5398
1285.12,5397
1285.6,5396
1286.39,5394
1286.77,5392
1289.65,5391
1290.04,5390
1290.85,5389
1291.62,5386
1297.35,5383
1299.76,5382
1300.25,5381
1300.65,5379
1306.55,5378
1306.96,5376
1307.42,5375
1309.96,5373
1310.34,5372
1311.22,5371
1314.51,5370
1315.92,5369
1320.03,5368
1322.32,5367
1323.91,5366
1330.72,5365
1332.74,5363
1336.03,5362
1340.98,5360
1345.61,5359
1346.03,5358
1349.59,5357
1350.24,5356
1350.82,5354
1352.21,5352
1352.76,5351
1357.87,5350
1358.36,5349
1361.15,5348
1361.93,5346
1367.45,5345
1368.86,5343
1369.47,5342
1369.86,5341
1370.26,5340
1370.65,5338
1371.04,5337
1371.46,5336
1372.39,5335
1373.61,5334
1374.04,5332
1381.05,5331
1381.51,5330
1386.78,5329
1387.27,5328
1388.57,5327
1389.04,5326
1390.06,5325
1392.18,5324
1393.76,5323
1395.88,5322
1396.68,5320
1398.8,5319
1399.23,5318
1399.62,5317
1400.01,5316
1403.5,5314
1406.94,5313
1408.1,5312
1408.48,5310
1408.9,5309
1411.93,5308
1414.37,5307
1415.15,5306
1416.85,5305
1417.27,5302
1418.43,5300
1418.84,5299
1419.23,5298
1421.09,5297
1425.49,5296
1425.91,5295
1426.3,5294
1429.88,5293
1431.2,5292
1435.07,5290
1437.2,5289
1438.8,5288
1439.27,5287
1440.11,5285
1443.65,5283
1446,5282
1446.42,5281
1446.93,5280
1447.83,5279
1450.71,5278
1455.28,5277
1457.73,5274
1459.52,5272
1460.34,5271
1460.75,5270
1461.58,5269
1465.75,5268
1466.18,5266
1466.57,5265
1467.75,5264
1469.86,5263
1470.83,5256
1472.02,5253
1494.84,5251
1498.51,5250
1498.92,5249
1500.22,5248
1500.6,5247
1501.75,5246
1503.17,5243
1504.21,5242
1507.83,5241
1508.66,5240
1509.55,5239
1510.4,5237
1511.97,5236
1512.36,5235
1515.64,5234
1516.02,5233
1516.8,5232
1520.52,5231
1521.68,5229
1522.57,5228
1523.04,5227
1523.47,5226
1523.88,5223
1524.33,5222
1524.72,5220
1527.62,5219
1533.49,5218
1540.35,5217
1550.7,5216
1552.11,5214
1552.59,5213
1554.64,5211
1556.38,5210
1556.79,5208
1557.98,5207
1558.77,5206
1565.79,5205
1567.1,5204
1568.04,5203
1569.35,5202
1570.35,5199
1572.3,5197
1573.47,5195
1577.92,5194
1578.36,5193
1578.86,5191
1579.7,5190
1588.73,5188
1589.16,5187
1592.02,5186
1592.4,5185
1593.67,5184
1594.1,5183
1594.49,5182
1597.9,5181
1601.95,5180
1604.31,5178
1605.24,5177
1608,5176
1609.4,5174
1613.97,5173
1614.37,5172
1614.82,5171
1618.72,5169
1622.42,5168
1624.76,5167
1625.65,5166
1626.17,5164
1632.66,5163
1633.44,5159
1637.04,5157
1640.59,5156
1643.09,5155
1643.88,5154
1645.48,5153
1651.52,5152
1652.06,5151
1654.42,5150
1654.86,5149
1655.25,5148
1660.55,5146
1664.36,5143
1680.49,5141
1683.15,5140
1683.6,5137
1687.29,5134
1687.77,5132
1693.48,5131
1699.25,5130
1700.17,5129
1700.57,5128
1702.68,5127
1709.11,5126
1711.19,5125
1711.58,5124
1711.98,5123
1712.36,5122
1716.8,5121
1717.18,5120
1718.04,5117
1726.23,5116
1726.61,5115
1739.54,5114
1741.26,5112
1744.8,5109
1752.15,5108
1753.74,5107
1754.14,5106
1756.31,5105
1757.91,5104
1760.97,5103
1762.25,5101
1764.19,5100
1766.21,5098
1773.21,5097
1778.23,5096
1779.05,5093
1785.05,5092
1787.11,5091
1792.09,5090
1792.51,5089
1795.86,5088
1796.24,5087
1800.39,5086
1802.06,5085
1805.92,5084
1806.46,5081
1806.94,5080
1807.46,5079
1807.95,5078
1817,5077
1818.16,5076
1821.49,5075
1824.43,5074
1825.83,5073
1826.6,5071
1832.46,5070
1832.85,5067
1833.62,5066
1837.67,5064
1841.32,5063
1841.7,5062
1842.16,5060
1844.97,5059
1846.62,5058
1848.18,5057
1848.93,5055
1849.38,5054
1855.06,5051
1857.94,5050
1862.39,5049
1864.02,5046
1866.72,5044
1881.78,5043
1892.34,5042
1893.51,5041
1894.27,5039
1907.97,5038
1908.37,5037
1908.74,5036
1912.67,5035
1914.46,5033
1915.69,5032
1916.53,5029
1923.9,5028
1924.42,5027
1925.36,5025
1926.22,5022
1935.76,5018
1940.7,5017
1943.11,5016
1944.01,5014
1966.52,5013
1970.22,5012
1971.03,5011
1972.83,5010
1973.29,5008
1974.19,5007
1985.71,5006
1993.58,5004
2018.21,5002
2021.21,5001
2033.64,5000
2036.59,4999
2037.78,4998
2039.9,4995
2066.18,4994
2066.95,4991
2083.24,4990
2084.15,4989
2090.25,4988
2093.19,4987
2095.4,4986
2097.39,4985
2101.21,4984
2101.6,4983
2102.05,4980
2109.02,4977
2118.58,4976
2120.57,4974
2123.03,4972
2123.97,4969
2143.26,4966
2154.67,4965
2157.23,4963
2158,4962
2166.67,4961
2179.9,4960
2189.07,4959
2207.03,4958
2207.93,4957
2214.97,4956
2218.7,4955
2219.12,4953
2221.52,4952
2227.79,4951
2233.78,4949
2241.91,4948
2247.37,4946
2262.85,4945
2263.65,4944
2265.95,4943
2281.33,4942
2282.21,4941
2284.41,4940
2288.92,4939
2289.36,4938
2291.68,4937
2299.08,4936
2301.53,4935
2307.74,4934
2315.13,4933
2318.37,4931
2322.46,4930
2342.92,4928
2360.49,4927
2362.51,4926
2376.24,4924
2377.59,4923
2379.57,4921
2425.44,4920
2426.24,4919
2438.14,4918
2439.34,4917
2450.74,4916
2453.24,4914
2459.38,4913
2461.08,4912
2465.93,4911
2469.65,4910
2470.09,4909
2474.62,4908
2481.3,4906
2482.94,4905
2483.36,4904
2484.55,4903
2492.9,4902
2493.71,4901
2497.37,4900
2503.18,4899
2505.17,4898
2506.34,4895
2513,4892
2513.39,4891
2539.6,4890
2544.41,4889
2551.24,4888
2554.21,4887
2556.88,4885
2579.18,4883
2579.58,4882
2597.03,4881
2605.42,4880
2607.96,4879
2609.47,4878
2613.37,4876
2613.75,4875
2615.46,4872
2620.76,4871
2625.62,4870
2628.65,4867
2634.63,4864
2636.58,4863
2639.89,4862
2642.04,4861
2643.6,4860
2647.3,4859
2664.09,4858
2672.05,4857
2674.1,4856
2676.11,4854
2676.99,4853
2680.34,4852
2687.62,4851
2691.78,4850
2692.99,4849
2694.26,4848
2698.61,4846
2725.73,4845
2729.77,4844
2732.82,4843
2740.64,4842
2755.4,4841
2755.81,4839
2761.43,4838
2791.87,4837
2797.41,4836
2798.99,4834
2804.79,4831
2821.69,4830
2857.51,4829
2860.84,4828
2861.74,4827
2865.61,4825
2874.46,4823
2875.38,4822
2875.77,4821
2876.91,4820
2877.3,4819
2877.68,4818
2906.89,4816
2908.06,4815
2912.05,4814
2912.51,4813
2929.6,4809
2993.07,4808
2998.24,4807
3000.32,4803
3004.55,4802
3015.57,4801
3016.9,4800
3022.98,4799
3023.77,4797
3026.22,4796
3053.7,4795
3071.61,4794
3073.33,4793
3076.55,4792
3080.31,4791
3081.5,4789
3084.3,4785
3084.69,4784
3114.19,4783
3116.51,4782
3118.09,4781
3136.05,4780
3138.69,4779
3151.85,4778
3153.23,4776
3162.97,4775
3164.01,4774
3173.65,4773
3184.41,4772
3184.83,4771
3216.85,4770
3217.65,4769
3241.71,4768
3242.1,4767
3242.89,4766
3243.27,4765
3270.55,4762
3296.72,4760
3297.19,4759
3326.01,4757
3360.59,4756
3380.43,4753
3386.7,4751
3411.76,4750
3420.64,4748
3466.31,4747
3466.76,4746
3493.23,4745
3496.81,4744
3497.26,4742
3497.69,4741
3499.01,4740
3517.19,4739
3520.4,4737
3520.77,4736
3529.83,4733
3567.86,4731
3568.95,4729
3573.38,4728
3661.97,4727
3663.49,4725
3692.72,4723
3695.72,4720
3700.98,4719
3702.17,4718
3707.2,4717
3707.59,4716
3708.74,4715
3776.24,4714
3777.89,4713
3835.74,4710
3847.59,4709
3849.14,4708
3850.8,4707
3854.34,4706
3857.37,4705
3859.57,4702
3863.92,4701
3871.57,4700
3956.57,4699
3976.73,4698
3980.93,4697
3982.85,4696
3983.62,4695
3986.03,4694
3990.86,4693
4016.63,4692
4048.75,4690
4097.22,4689
4101.42,4688
4105.46,4686
4154.5,4685
4159.5,4684
4178.65,4683
4179.44,4682
4190.09,4681
4190.89,4680
4193.85,4679
4295.96,4678
4300.11,4677
4302.57,4676
4304.45,4675
4308.56,4672
4308.94,4671
4309.41,4669
4309.84,4668
4461.86,4667
4471.26,4664
4527.3,4663
4565.08,4662
4567.76,4661
4568.15,4660
4589.31,4659
4590.84,4658
4600.72,4656
4602.34,4654
4626.75,4653
4629.53,4652
4632.51,4651
4669.44,4650
4694.34,4649
4695.9,4647
4710.79,4646
4711.17,4645
4714.62,4644
4717.86,4643
4782.81,4642
4783.64,4640
4834.38,4639
4837.33,4638
4839.65,4637
5283.89,4636
5469.62,4634
5477.96,4633
5480.41,4631
5600.67,4630
5625.25,4628
5628.18,4627
5629.16,4626
5629.61,4625
5630.41,4624
5630.78,4622
5641.7,4621
5646.24,4619
5646.67,4616
5652.82,4615
5654.75,4614
5655.12,4613
5655.56,4611
5686.5,4608
5736.22,4607
5736.59,4606
5740.27,4605
5998.3,4604
6002.3,4603
6005.69,4602
6008.48,4601
6010.43,4600
6041.83,4599
6138.32,4598
6140.25,4597
6142.33,4596
6384.07,4595
6385.24,4594
6398.66,4592
6418.99,4591
6849.28,4589
6932.33,4588
6948.22,4587
6948.6,4586
6949.78,4582
7185.62,4581
7186.4,4580
7196.75,4579
7205.3,4577
7205.66,4575
7238.21,4574
7262.96,4572
7264.22,4569
7265.03,4567
7284.77,4565
7941.7,4564
7942.15,4562
7945.24,4561
8037,4560
8038.55,4558
8167.58,4557
8178.52,4556
8213.83,4552
8218.3,4550
8226.73,4547
8235.85,4546
8242.21,4544
8251.99,4543
8252.37,4542
8261.7,4541
8273.94,4540
8283.92,4539
8299.21,4538
9587.14,4537
9633.94,4536
9636.99,4533
9641.42,4532
9887.75,4529
9890.45,4528
9902.92,4527
9906.18,4526
9909.01,4524
9917.48,4523
9967.53,4521
9976,4520
9986.57,4519
9991.42,4518
9991.78,4517
10030.8,4515
10226.9,4514
12490.4,4513
12500.3,4512
12500.7,4510
12514.6,4508
12940,4507
12940.4,4505
12940.8,4504
12991.6,4503
12992,4502
12992.4,4500
12992.7,4499
12993.1,4498
13287,4497
14558,4494
14569.4,4493
14585.8,4492
14586.2,4491
14591.1,4490
14593.4,4489
15012.3,4488
15026.7,4487
15029.4,4486
15029.8,4485
15046.7,4483
15078,4482
16322.4,4481
16344.4,4479
16344.8,4477
16346.4,4476
16375.7,4473
16376.1,4472
16421.7,4471
16796.1,4470
16846.3,4469
16847.1,4468
16859,4467
16863.8,4466
16865.6,4465
16940.5,4463
17027.5,4462
17031.8,4460
17085.4,4459
17142.3,4458
17145.6,4457
17316.3,4456
17317.2,4455
17353.9,4454
17354.7,4453
17357,4452
17357.7,4451
17376.7,4450
17377.5,4449
17530.9,4448
17537.4,4447
17544.2,4446
17566.8,4445
17567.3,4444
17572.5,4443
17575.9,4439
17609.2,4438
17611.5,4436
17613.3,4435
17614.2,4434
17627.1,4433
17640.3,4431
20421.4,4430
21261.8,4429
21276.4,4428
21318.1,4427
21814.9,4426
21828.4,4425
21834,4424
21837.7,4423
26886.9,4422
29001.1,4420
29032.2,4419
29035.1,4417
29036.4,4416
29037.6,4415
29053.5,4414
29053.9,4413
29055.6,4412
29056.1,4411
29058.3,4409
29058.7,4408
32076.4,4406
32079,4405
32080.8,4403
32083.9,4402
32180.9,4400
32183.4,4398
32256.4,4396
37674.6,4394
37693.7,4393
38876.1,4392
39019.1,4391
39021.6,4389
39770,4388
39976.5,4387
