0.878316,8360
1.34637,8359
1.7624,8358
2.21163,8357
2.70119,8356
3.16156,8355
3.63147,8354
4.34867,8353
4.87508,8352
5.381,8351
5.85717,8350
6.48898,8347
6.92144,8346
7.34748,8345
7.81179,8344
8.28364,8341
8.80537,8340
9.24443,8339
9.65136,8335
10.0871,8330
10.503,8328
10.9415,8325
11.3633,8324
11.8405,8323
12.334,8321
12.7997,8320
13.2156,8319
13.6535,8313
14.0623,8308
14.487,8305
14.8991,8304
15.3445,8300
15.8336,8298
16.3205,8295
16.7425,8294
17.1541,8291
17.6007,8290
18.0106,8287
18.4343,8286
18.8547,8281
19.2886,8277
19.7953,8276
20.2469,8274
20.6559,8273
21.0611,8267
21.5172,8260
21.9534,8256
22.4529,8255
22.8655,8254
23.3634,8253
23.81,8251
24.2275,8248
24.6459,8243
25.0413,8240
25.455,8239
25.8905,8237
26.2854,8234
26.9451,8231
27.4601,8230
27.8666,8225
28.3014,8224
28.7082,8222
29.1121,8220
29.5599,8211
29.9896,8210
30.4032,8209
31.0233,8207
31.485,8203
31.8845,8197
32.3241,8196
32.7364,8192
33.1904,8189
33.6284,8187
34.0261,8186
34.5097,8183
35.0211,8180
35.4426,8179
35.8413,8178
36.2607,8170
36.7001,8169
37.1116,8162
37.5531,8160
37.9726,8155
38.4731,8154
38.9344,8150
39.3545,8149
39.7856,8143
40.2243,8141
40.6404,8136
41.0695,8132
41.5007,8129
41.9761,8124
42.4259,8123
42.8774,8122
43.3111,8121
43.7324,8118
44.1397,8117
44.5586,8113
44.9617,8112
45.3759,8110
45.8765,8108
46.3919,8105
47.0136,8102
47.4679,8099
47.9164,8098
48.3303,8094
48.7398,8088
49.1452,8084
49.6491,8081
50.1062,8080
50.539,8072
50.9483,8070
51.3531,8069
51.7692,8067
52.1968,8066
52.6146,8061
53.093,8060
53.563,8055
54.0286,8051
54.4551,8050
54.8617,8048
55.3433,8047
55.8042,8046
56.2569,8043
56.7333,8041
57.2798,8040
57.7359,8037
58.2041,8035
58.6503,8028
59.0949,8023
59.532,8022
59.987,8021
60.4488,8018
61.0114,8017
61.5342,8014
62.0028,8011
62.4908,8009
62.9762,8008
63.4199,8004
63.8313,8001
64.2841,7999
64.7922,7998
65.2491,7997
65.642,7994
66.0538,7992
66.4698,7990
67.0866,7988
67.509,7986
67.9288,7984
68.4074,7978
68.8961,7973
69.3215,7970
69.7374,7967
70.1634,7966
70.5754,7965
70.9995,7964
71.4356,7962
71.8619,7955
72.3468,7954
72.7984,7952
73.2253,7949
73.6255,7948
74.0189,7947
74.4439,7944
74.8636,7943
75.3042,7942
75.7658,7941
76.2449,7937
76.6712,7936
77.065,7933
77.4812,7928
77.9097,7927
78.3192,7925
78.7435,7922
79.1556,7918
79.6205,7917
80.0899,7916
80.5136,7911
80.9135,7908
81.3199,7907
81.7248,7905
82.1338,7904
82.5732,7902
82.9931,7901
83.4763,7900
83.9199,7899
84.3364,7898
84.7377,7896
85.1577,7894
85.5753,7889
86.0055,7887
86.3993,7884
86.8869,7883
87.56,7880
87.9722,7874
88.3976,7872
88.8005,7870
89.2249,7867
89.6044,7866
90.0247,7865
90.4361,7856
90.9281,7855
91.443,7853
91.8974,7851
92.328,7850
92.7523,7845
93.1925,7844
93.5995,7841
94.0097,7837
94.4863,7835
94.9681,7834
95.3961,7833
95.8345,7831
96.2508,7827
96.6792,7826
97.0957,7824
97.5146,7820
97.9333,7816
98.433,7814
98.8985,7812
99.317,7809
99.7353,7808
100.157,7806
100.58,7804
100.991,7803
101.414,7801
101.87,7799
102.348,7798
102.792,7795
103.212,7794
103.62,7792
104.029,7785
104.441,7784
104.838,7780
105.252,7778
105.727,7777
106.205,7775
106.623,7772
107.038,7768
107.678,7767
108.143,7766
108.574,7765
108.997,7764
109.446,7763
109.93,7759
110.353,7758
110.759,7753
111.163,7752
111.572,7751
111.991,7748
112.397,7747
112.833,7743
113.324,7741
113.808,7739
114.209,7737
114.662,7733
115.112,7732
115.597,7730
116.048,7729
116.508,7728
117.019,7727
117.54,7726
117.99,7723
118.457,7721
118.933,7718
119.381,7717
119.824,7716
120.273,7712
120.764,7711
121.291,7710
121.771,7709
122.267,7705
122.819,7704
123.269,7702
123.693,7700
124.093,7694
124.602,7693
125.084,7692
125.488,7690
125.919,7688
126.341,7683
126.776,7678
127.203,7674
127.892,7673
128.359,7672
128.846,7671
129.282,7670
129.696,7667
130.111,7666
130.527,7665
130.932,7664
131.355,7662
131.794,7658
132.301,7656
132.745,7653
133.188,7651
133.578,7650
133.996,7648
134.408,7645
134.812,7644
135.233,7643
135.694,7641
136.155,7640
136.569,7639
136.971,7637
137.39,7636
137.813,7635
138.211,7634
138.616,7632
139.016,7627
139.505,7625
139.997,7623
140.404,7621
140.821,7620
141.207,7618
141.612,7617
142.019,7615
142.425,7614
142.851,7612
143.329,7609
143.789,7608
144.202,7607
144.607,7605
145.017,7602
145.426,7601
145.827,7600
146.231,7598
146.639,7595
147.119,7594
147.593,7593
148.288,7592
148.824,7591
149.49,7589
150.037,7588
150.656,7586
151.223,7585
151.734,7581
152.196,7579
152.743,7577
153.219,7574
153.651,7571
154.062,7570
154.547,7568
155.07,7567
155.611,7565
156.109,7560
156.565,7557
156.988,7556
157.446,7555
157.915,7553
158.491,7552
159.019,7545
159.458,7544
159.911,7543
160.385,7542
160.882,7540
161.369,7539
161.795,7537
162.256,7536
162.805,7535
163.265,7533
163.687,7530
164.095,7529
164.515,7526
164.928,7525
165.344,7523
165.737,7521
166.213,7517
166.667,7516
167.092,7514
167.504,7512
167.962,7509
168.556,7508
169.02,7507
169.441,7505
169.916,7503
170.387,7502
170.809,7501
171.234,7500
171.64,7499
172.061,7494
172.468,7493
172.911,7492
173.315,7491
173.796,7490
174.25,7489
174.648,7486
175.063,7485
175.474,7483
175.954,7482
176.406,7481
176.856,7477
177.355,7475
177.866,7473
178.323,7469
178.902,7468
179.332,7465
179.794,7464
180.264,7463
180.753,7461
181.364,7460
181.84,7459
182.352,7458
182.915,7456
183.373,7454
183.836,7453
184.25,7451
184.661,7449
185.157,7445
185.633,7443
186.036,7440
186.451,7437
186.863,7436
187.272,7435
187.703,7434
188.113,7432
188.62,7431
189.205,7430
189.647,7429
190.065,7428
190.485,7426
190.904,7425
191.324,7424
191.751,7423
192.188,7420
192.702,7418
193.185,7417
193.592,7414
194.013,7413
194.413,7412
194.828,7411
195.243,7410
195.64,7409
196.045,7408
196.512,7407
196.972,7406
197.385,7405
197.792,7403
198.237,7400
198.683,7399
199.103,7394
199.526,7392
199.974,7389
200.47,7387
200.883,7386
201.306,7381
201.735,7376
202.191,7375
202.612,7374
203.044,7373
203.506,7372
204.032,7369
204.533,7368
204.945,7367
205.381,7366
205.804,7365
206.204,7364
206.612,7361
207.03,7359
207.451,7358
207.998,7357
208.483,7356
208.895,7350
209.506,7349
209.983,7348
210.473,7345
210.925,7344
211.417,7343
211.973,7342
212.419,7340
212.843,7339
213.358,7333
213.802,7330
214.292,7329
214.691,7327
215.211,7326
215.68,7325
216.114,7322
216.574,7316
217.035,7312
217.472,7311
217.893,7310
218.309,7309
218.713,7307
219.225,7306
219.678,7305
220.101,7302
220.513,7301
220.919,7300
221.342,7298
221.761,7294
222.183,7293
222.758,7291
223.31,7289
223.786,7288
224.207,7285
224.649,7284
225.042,7283
225.445,7281
225.837,7280
226.239,7279
226.707,7278
227.174,7277
227.581,7273
227.991,7270
228.428,7269
228.874,7268
229.457,7265
229.992,7260
230.52,7257
231.028,7255
231.424,7254
231.861,7252
232.308,7250
232.749,7249
233.155,7247
233.554,7245
233.976,7243
234.468,7242
234.969,7241
235.384,7239
235.788,7237
236.262,7236
236.701,7235
237.155,7234
237.583,7233
238.115,7231
238.609,7230
239.063,7229
239.497,7228
239.942,7226
240.399,7225
240.836,7224
241.268,7223
241.777,7222
242.299,7220
242.736,7218
243.269,7216
243.76,7215
244.182,7212
244.591,7210
245.019,7208
245.559,7205
246.01,7202
246.425,7201
246.848,7199
247.272,7198
247.685,7197
248.121,7195
248.541,7193
248.946,7192
249.441,7187
250.074,7185
250.478,7184
250.897,7183
251.313,7182
251.726,7181
252.153,7180
252.563,7179
253.016,7178
253.535,7177
253.997,7176
254.417,7175
254.844,7174
255.253,7173
255.681,7172
256.093,7171
256.539,7170
256.969,7169
257.471,7165
257.876,7164
258.288,7163
258.703,7162
259.115,7161
259.52,7158
259.94,7156
260.349,7155
260.824,7154
261.296,7153
261.681,7150
262.085,7149
262.489,7148
262.928,7147
263.312,7146
263.716,7144
264.129,7143
264.617,7142
265.053,7140
265.464,7137
265.855,7136
266.258,7135
266.68,7133
267.095,7132
267.498,7130
267.938,7128
268.416,7127
268.836,7126
269.248,7125
269.656,7124
270.24,7122
270.652,7121
271.056,7120
271.499,7119
271.974,7118
272.545,7116
273.056,7115
273.543,7114
274.062,7112
274.557,7111
274.987,7109
275.421,7108
275.912,7106
276.347,7105
276.772,7104
277.196,7102
277.603,7101
278.059,7099
278.471,7098
278.866,7096
279.325,7095
279.85,7093
280.294,7092
280.739,7091
281.202,7089
281.665,7088
282.127,7084
282.569,7083
283.059,7082
283.562,7081
283.996,7080
284.396,7078
284.789,7074
285.211,7072
285.616,7070
286.017,7069
286.425,7068
286.874,7067
287.345,7065
287.768,7064
288.17,7063
288.602,7062
289.002,7061
289.445,7059
289.859,7058
290.299,7057
290.781,7056
291.292,7054
291.701,7053
292.102,7052
292.526,7051
292.974,7050
293.371,7049
293.78,7047
294.207,7044
294.697,7043
295.308,7037
295.719,7035
296.111,7034
296.584,7032
297.047,7030
297.492,7029
297.982,7028
298.468,7024
298.986,7023
299.446,7022
299.861,7021
300.318,7020
300.773,7018
301.196,7017
301.648,7016
302.185,7015
302.693,7013
303.2,7012
303.759,7010
304.399,7007
304.878,7005
305.354,7004
305.929,7002
306.429,7001
306.828,7000
307.242,6999
307.643,6998
308.073,6997
308.487,6995
308.907,6993
309.359,6992
309.856,6990
310.3,6988
310.699,6985
311.107,6983
311.514,6982
311.93,6980
312.349,6979
312.755,6978
313.242,6977
313.723,6976
314.151,6975
314.556,6974
314.963,6973
315.547,6968
315.937,6965
316.342,6962
316.74,6960
317.254,6959
317.703,6957
318.095,6956
318.511,6955
318.922,6954
319.331,6952
319.743,6951
320.172,6950
320.605,6948
321.109,6947
321.534,6946
321.959,6945
322.364,6942
322.801,6938
323.196,6937
323.598,6935
324.007,6934
324.445,6929
324.915,6928
325.347,6927
325.749,6925
326.165,6924
326.543,6923
326.938,6922
327.347,6921
327.771,6920
328.222,6919
328.676,6918
329.099,6917
329.507,6916
329.924,6914
330.301,6912
330.71,6911
331.141,6910
331.554,6909
332.024,6908
332.459,6906
332.875,6905
333.303,6904
333.716,6903
334.121,6902
334.583,6900
335.026,6899
335.42,6895
336.101,6894
336.544,6892
336.951,6891
337.347,6890
337.756,6889
338.168,6888
338.582,6886
338.99,6885
339.4,6883
339.912,6881
340.344,6880
340.764,6879
341.166,6878
341.575,6877
342.016,6876
342.423,6874
342.857,6870
343.311,6869
343.811,6868
344.205,6867
344.61,6866
345.003,6865
345.41,6864
345.808,6863
346.198,6862
346.602,6861
347.063,6860
347.538,6859
347.944,6858
348.357,6857
348.761,6856
349.16,6855
349.544,6854
349.975,6853
350.423,6852
350.962,6851
351.436,6849
351.87,6848
352.258,6846
352.688,6845
353.122,6844
353.495,6843
353.912,6840
354.335,6839
354.83,6838
355.271,6837
355.649,6836
356.05,6834
356.491,6833
356.969,6832
357.387,6830
357.825,6829
358.352,6828
358.855,6827
359.282,6826
359.746,6825
360.189,6824
360.643,6823
361.249,6822
361.68,6820
362.205,6819
362.749,6818
363.212,6817
363.639,6816
364.099,6814
364.542,6813
364.995,6812
365.408,6809
365.897,6807
366.375,6806
366.764,6805
367.189,6804
367.59,6803
367.995,6802
368.398,6801
368.785,6800
369.205,6799
369.688,6798
370.162,6797
370.56,6796
370.977,6795
371.387,6793
371.802,6792
372.215,6791
372.63,6789
373.081,6787
373.594,6786
374.027,6785
374.426,6783
374.832,6782
375.24,6781
375.624,6780
376.032,6779
376.452,6778
376.834,6777
377.33,6776
377.767,6775
378.179,6774
378.578,6772
378.981,6770
379.362,6769
379.775,6768
380.183,6767
380.604,6766
381.264,6765
381.675,6764
382.073,6763
382.46,6761
382.895,6759
383.293,6758
383.683,6757
384.104,6756
384.559,6755
385.024,6754
385.432,6753
385.822,6752
386.223,6751
386.608,6750
387.018,6749
387.418,6748
387.823,6747
388.274,6746
388.743,6744
389.145,6743
389.551,6741
389.951,6740
390.371,6739
390.763,6738
391.151,6737
391.559,6736
392.008,6735
392.48,6734
392.9,6733
393.314,6732
393.7,6731
394.105,6730
394.521,6729
394.98,6728
395.437,6727
395.93,6724
396.395,6722
396.815,6720
397.208,6718
397.627,6715
398.038,6714
398.462,6711
398.855,6709
399.27,6708
399.771,6707
400.218,6706
400.623,6699
401.046,6698
401.634,6697
402.051,6696
402.469,6694
402.875,6693
403.351,6691
403.815,6690
404.218,6689
404.612,6688
405.032,6687
405.486,6686
405.9,6685
406.301,6684
406.707,6683
407.19,6682
407.635,6681
408.039,6679
408.431,6678
408.848,6677
409.244,6676
409.657,6675
410.069,6674
410.556,6673
411.092,6672
411.531,6669
412.006,6668
412.419,6667
412.855,6666
413.287,6665
413.674,6664
414.119,6663
414.641,6662
415.167,6661
415.565,6660
415.968,6658
416.401,6654
416.817,6653
417.31,6652
417.731,6651
418.22,6649
418.755,6648
419.217,6647
419.639,6646
420.086,6645
420.535,6644
420.959,6642
421.411,6641
422.064,6640
422.548,6638
423.022,6637
423.468,6636
423.951,6635
424.394,6634
424.854,6632
425.251,6631
425.757,6630
426.239,6627
426.746,6626
427.217,6625
427.605,6624
428.024,6623
428.435,6622
428.829,6621
429.239,6620
429.713,6619
430.152,6618
430.579,6617
430.996,6616
431.402,6615
431.814,6614
432.244,6613
432.638,6611
433.073,6610
433.534,6608
434.003,6607
434.417,6606
434.806,6605
435.216,6604
435.63,6603
436.029,6602
436.435,6601
436.84,6600
437.326,6599
437.774,6598
438.219,6597
438.609,6596
439.006,6595
439.391,6594
439.795,6593
440.199,6592
440.59,6591
441.099,6590
441.535,6589
442.091,6588
442.494,6587
442.906,6586
443.294,6585
443.708,6584
444.094,6583
444.531,6582
444.998,6581
445.421,6580
445.813,6579
446.214,6578
446.594,6577
446.996,6575
447.405,6574
447.821,6573
448.424,6572
448.987,6570
449.463,6569
449.925,6568
450.472,6567
450.914,6566
451.475,6565
451.95,6564
452.655,6563
453.269,6562
453.798,6561
454.211,6560
454.616,6559
455.065,6556
455.538,6555
456.093,6553
456.783,6552
457.305,6551
457.798,6550
458.288,6549
458.781,6548
459.21,6547
459.677,6546
460.114,6545
460.7,6544
461.182,6543
461.611,6542
462.254,6541
462.669,6540
463.161,6539
463.589,6538
464.056,6537
464.523,6536
464.962,6535
465.383,6534
465.771,6533
466.178,6532
466.575,6531
466.975,6530
467.367,6529
467.768,6528
468.292,6527
468.713,6526
469.125,6525
469.524,6524
469.929,6523
470.314,6522
470.72,6521
471.106,6520
471.581,6519
472.076,6518
472.578,6517
473.02,6515
473.439,6514
473.846,6513
474.244,6512
474.654,6511
475.054,6510
475.525,6509
475.974,6508
476.378,6507
476.765,6506
477.226,6505
477.68,6504
478.127,6503
478.569,6502
479.043,6501
479.533,6500
480.027,6499
480.491,6497
480.947,6496
481.454,6495
481.939,6494
482.583,6493
483.085,6492
483.594,6491
484.036,6490
484.513,6488
484.948,6487
485.411,6486
485.798,6485
486.226,6484
486.705,6483
487.174,6482
487.615,6481
488.049,6480
488.437,6479
488.844,6478
489.247,6477
489.653,6476
490.078,6475
490.505,6474
490.978,6473
491.445,6472
491.859,6471
492.254,6470
492.665,6469
493.092,6468
493.486,6467
493.89,6466
494.346,6465
494.796,6464
495.239,6463
495.649,6462
496.041,6461
496.441,6460
496.849,6459
497.247,6457
497.626,6455
498.105,6454
498.557,6453
498.982,6452
499.391,6449
500.212,6448
500.616,6447
501.033,6446
501.992,6445
502.477,6444
503.126,6442
503.559,6441
503.964,6440
504.4,6439
504.822,6438
505.239,6437
505.687,6436
506.176,6435
506.595,6434
507.381,6433
507.768,6431
508.173,6430
508.557,6429
508.957,6427
509.417,6426
510.292,6425
510.683,6424
511.09,6423
511.53,6422
511.921,6421
512.323,6420
512.711,6419
513.196,6417
513.652,6416
514.06,6415
514.895,6414
516.507,6413
517.03,6412
517.508,6411
517.913,6410
518.339,6409
518.745,6408
519.135,6407
519.552,6406
519.956,6405
520.369,6404
520.881,6403
521.342,6401
521.751,6400
522.16,6399
522.602,6398
523.269,6397
523.707,6396
524.195,6394
524.719,6392
525.163,6389
525.985,6388
526.389,6387
526.801,6385
527.182,6384
527.571,6383
527.979,6381
528.5,6380
529.771,6379
530.167,6378
530.591,6377
530.999,6376
531.948,6375
532.508,6374
533.846,6370
534.68,6367
537.186,6366
537.598,6364
538.068,6363
538.537,6362
538.96,6361
539.924,6360
540.401,6359
540.855,6358
541.277,6357
541.714,6356
542.141,6354
542.577,6352
543.193,6351
543.726,6349
544.233,6348
544.653,6347
545.133,6346
545.591,6344
546.001,6343
546.792,6342
547.354,6341
547.816,6337
548.628,6335
549.027,6334
549.868,6333
551.13,6332
551.605,6331
553.246,6330
553.658,6329
554.075,6328
554.587,6327
555.059,6325
555.514,6324
556.379,6322
556.787,6319
557.198,6317
558.441,6316
558.906,6314
560.118,6313
560.511,6312
560.922,6311
561.71,6310
562.156,6309
563.051,6308
564.414,6307
564.799,6306
565.223,6305
565.611,6304
566.539,6303
566.947,6302
567.324,6301
567.727,6298
568.536,6297
568.944,6296
569.819,6294
571.456,6293
571.88,6291
572.359,6289
574.381,6288
575.205,6287
576.074,6286
576.468,6285
576.869,6284
577.369,6283
577.86,6282
578.28,6281
578.727,6280
579.104,6279
579.958,6278
580.37,6277
580.79,6276
581.349,6275
581.86,6274
582.246,6273
582.668,6272
583.108,6271
583.538,6270
584.157,6269
584.568,6268
585.024,6267
585.5,6266
585.912,6265
586.341,6264
586.762,6263
587.166,6262
587.572,6261
587.98,6260
588.357,6259
588.843,6258
589.281,6257
589.685,6255
590.074,6253
590.479,6251
590.875,6249
591.281,6247
591.679,6244
592.548,6242
593.485,6241
594.77,6238
596.902,6236
597.721,6235
598.193,6233
599.981,6231
600.461,6230
602.214,6228
602.647,6226
603.537,6225
604.902,6224
605.487,6223
605.971,6222
606.463,6221
606.891,6219
607.295,6218
607.853,6216
609.943,6214
610.76,6213
611.161,6212
611.651,6210
613.33,6209
614.541,6208
615.44,6207
615.862,6205
616.667,6204
618.356,6203
620.059,6200
621.253,6199
621.644,6198
622.021,6197
622.915,6196
623.435,6195
624.256,6194
624.637,6193
625.036,6191
625.426,6190
625.824,6188
626.235,6187
626.695,6186
627.138,6185
627.52,6183
627.913,6182
628.322,6181
628.711,6179
629.259,6178
629.698,6177
630.116,6176
630.579,6175
630.987,6174
631.767,6173
632.555,6172
632.972,6171
633.371,6170
633.808,6168
634.707,6167
635.106,6166
635.486,6165
635.883,6164
636.294,6163
636.687,6160
638.926,6159
639.349,6154
640.58,6152
640.966,6151
641.902,6150
642.325,6149
642.71,6148
643.128,6147
643.54,6146
643.936,6145
644.345,6144
644.74,6143
645.198,6141
646.067,6140
646.463,6138
646.871,6137
647.28,6136
648.958,6135
649.55,6133
650.791,6132
651.579,6131
651.976,6129
652.369,6127
655.863,6126
656.334,6125
656.744,6124
657.934,6122
659.766,6120
661.594,6119
662.03,6118
662.459,6117
662.893,6116
663.88,6115
664.349,6114
665.686,6113
666.146,6112
668.28,6111
669.547,6110
670.12,6107
671.014,6106
671.477,6105
672.739,6103
673.137,6102
673.551,6101
673.937,6100
675.299,6099
675.731,6098
676.12,6097
676.529,6096
676.931,6094
678.161,6093
678.618,6092
679.103,6090
681.09,6089
681.498,6088
681.903,6087
682.374,6086
682.817,6085
683.24,6084
683.622,6083
684.031,6082
684.828,6081
686.522,6080
686.917,6079
687.321,6078
687.693,6077
688.103,6075
688.53,6074
688.913,6073
689.326,6071
689.801,6069
691.223,6068
692,6065
692.814,6063
693.229,6062
693.718,6061
694.201,6060
696.39,6059
696.809,6058
697.281,6057
698.158,6056
698.588,6055
699.869,6054
700.675,6053
701.139,6051
701.603,6049
703.292,6048
703.708,6044
705.431,6041
706.614,6037
708.196,6036
708.688,6035
709.144,6034
709.941,6031
710.511,6029
713.87,6028
714.751,6026
715.219,6025
715.678,6023
716.192,6022
717.025,6021
717.422,6019
718.677,6018
720.575,6016
721.042,6015
721.457,6013
724.208,6012
725.581,6011
726.052,6010
727.88,6009
728.692,6008
729.116,6007
729.553,6006
729.945,6005
730.49,6003
730.972,6002
731.434,6000
731.864,5999
732.277,5998
732.692,5994
733.932,5991
734.798,5988
739.039,5987
739.439,5986
739.858,5983
741.416,5981
742.74,5980
743.964,5979
744.768,5977
745.6,5976
746.512,5975
746.897,5974
747.288,5973
747.681,5972
748.165,5971
748.687,5969
749.227,5968
749.739,5967
751.534,5965
751.949,5964
752.412,5959
752.902,5958
755.158,5956
759.601,5954
760.463,5952
761.461,5951
761.968,5950
762.382,5949
763.696,5948
764.123,5947
764.52,5946
765.431,5943
766.656,5942
767.105,5941
768.311,5940
768.778,5939
770.039,5938
770.445,5937
770.97,5936
772.189,5933
773.131,5932
775.605,5931
776.079,5930
776.991,5929
777.803,5928
778.198,5925
780.02,5924
781.025,5921
784.349,5920
784.793,5919
786.126,5918
786.588,5917
787.412,5914
789.554,5911
790.015,5910
792.368,5909
792.774,5908
793.578,5907
793.984,5906
794.404,5905
794.79,5903
797.722,5902
799.025,5900
799.894,5896
801.146,5894
804.633,5893
805.036,5892
805.454,5891
805.869,5890
806.3,5889
806.766,5888
807.203,5887
807.594,5886
807.993,5885
808.784,5884
809.17,5883
811.869,5881
812.658,5879
813.462,5877
817.114,5876
817.51,5875
818.001,5873
818.439,5871
818.857,5870
819.293,5869
819.716,5868
820.177,5867
821.005,5866
821.487,5865
821.949,5863
822.348,5862
822.753,5861
823.294,5860
824.194,5859
824.6,5858
825.506,5857
826.429,5855
826.857,5854
828.111,5850
829.066,5848
831.717,5847
832.151,5845
832.614,5844
833.111,5843
833.571,5842
833.969,5840
834.35,5839
834.777,5837
835.168,5836
838.399,5835
839.231,5833
840.619,5832
841.107,5831
841.997,5830
842.855,5829
843.287,5826
848.676,5825
849.453,5823
851.102,5822
851.544,5820
853.749,5819
854.173,5817
854.6,5816
857.362,5813
858.984,5812
859.45,5811
859.915,5810
861.119,5808
862.324,5807
863.198,5803
866.043,5802
866.873,5801
867.344,5799
867.72,5798
868.118,5797
868.516,5796
868.919,5794
870.104,5791
870.55,5790
871.014,5788
872.74,5787
873.213,5786
874.732,5783
875.134,5782
875.916,5781
876.302,5780
876.705,5778
878.977,5777
880.25,5776
880.725,5775
882.151,5772
883.063,5771
883.956,5770
884.402,5769
885.648,5766
886.128,5765
886.538,5764
888.531,5763
889.88,5761
894.804,5760
895.61,5759
895.993,5758
896.898,5757
897.567,5756
897.993,5755
898.433,5754
899.2,5753
901.944,5752
903.244,5751
903.692,5750
904.191,5749
907.362,5748
907.824,5747
908.238,5746
908.728,5745
909.16,5744
909.569,5743
909.957,5742
911.18,5741
912.515,5740
913.372,5739
913.801,5737
920.296,5736
921.488,5735
921.869,5734
922.271,5732
924.082,5730
924.851,5729
926.044,5728
927.784,5726
928.17,5725
928.588,5724
929.377,5723
929.753,5719
930.55,5718
935.992,5716
936.904,5711
940.551,5710
940.958,5709
942.327,5706
943.19,5705
943.585,5703
944.399,5701
944.797,5700
945.185,5699
946.061,5698
946.926,5697
947.731,5696
948.148,5695
949.865,5694
951.115,5691
951.903,5690
953.114,5688
954.024,5687
956.407,5685
960.124,5684
960.551,5683
961.985,5682
962.829,5681
964.14,5680
964.626,5678
970.695,5677
971.085,5675
973.283,5673
974.492,5672
974.912,5671
975.317,5670
976.642,5668
980.25,5667
984.024,5666
984.414,5665
984.811,5664
985.202,5663
985.618,5662
987.25,5660
987.689,5659
988.088,5656
992.552,5653
993.759,5652
994.616,5650
995.058,5649
995.852,5648
999.318,5646
1000.55,5645
1000.95,5642
1004.38,5640
1007.3,5639
1007.68,5638
1009.27,5635
1011.02,5634
1011.85,5633
1013.09,5632
1016.49,5631
1016.93,5630
1017.39,5627
1018.71,5625
1022.01,5624
1022.45,5623
1023.34,5621
1027.94,5620
1028.86,5618
1029.29,5615
1031.27,5614
1032.15,5609
1037.2,5608
1037.97,5605
1039.19,5604
1039.86,5603
1041.1,5602
1042.28,5600
1042.69,5599
1044.42,5598
1045.21,5597
1045.59,5596
1045.99,5595
1048.1,5592
1049.58,5591
1050.12,5590
1051.73,5589
1052.21,5588
1052.63,5587
1053.1,5586
1053.61,5585
1054,5584
1054.43,5583
1056.76,5582
1057.18,5580
1059.2,5579
1059.62,5577
1061.16,5576
1062.54,5575
1070.24,5574
1070.68,5573
1071.07,5572
1074.84,5571
1075.25,5569
1076.44,5568
1076.84,5566
1082.56,5562
1083.01,5561
1089.73,5559
1090.13,5557
1091.38,5556
1091.77,5555
1092.17,5554
1092.61,5552
1094.77,5551
1095.58,5549
1096.88,5548
1097.32,5547
1097.7,5545
1098.09,5544
1098.51,5542
1102.95,5541
1105.18,5540
1105.59,5537
1105.97,5534
1106.41,5533
1112.24,5532
1112.64,5531
1113.46,5530
1118.64,5527
1119.06,5526
1121.28,5525
1122.09,5524
1122.5,5523
1124.17,5520
1125.77,5519
1126.17,5518
1127.06,5516
1127.51,5515
1128.75,5513
1129.58,5511
1131.42,5509
1132.69,5508
1133.9,5507
1135.63,5505
1136.81,5504
1145.87,5500
1147.63,5499
1148.1,5496
1148.54,5495
1150.71,5493
1151.1,5492
1151.51,5491
1154.51,5488
1159.56,5487
1160.36,5486
1161.32,5485
1162.28,5484
1165.62,5483
1166.78,5482
1167.17,5481
1167.55,5480
1167.98,5479
1168.43,5477
1168.87,5476
1169.66,5475
1170.06,5474
1170.83,5473
1171.61,5469
1173.2,5468
1175.81,5466
1178.78,5465
1179.22,5464
1180.22,5462
1180.64,5461
1181.04,5460
1182.95,5459
1184.36,5458
1184.86,5457
1185.27,5452
1185.67,5450
1191.04,5449
1191.51,5448
1192.71,5447
1193.15,5446
1193.54,5445
1193.95,5443
1194.36,5442
1195.33,5440
1197.27,5439
1198.49,5438
1198.95,5437
1201.1,5436
1202.25,5435
1202.72,5434
1203.68,5433
1204.11,5431
1210.08,5430
1212.14,5428
1212.53,5426
1219.29,5423
1220.47,5422
1222.75,5418
1228.99,5417
1229.41,5416
1229.82,5415
1230.22,5413
1238.72,5412
1239.51,5411
1242.59,5410
1243.01,5409
1244.7,5407
1245.14,5406
1245.58,5405
1246.43,5404
1246.82,5403
1248.95,5400
1250.54,5399
1251.44,5397
1251.88,5395
1253.91,5394
1254.76,5392
1255.21,5390
1255.63,5388
1256.85,5387
1259.72,5386
1260.09,5385
1264.45,5384
1264.87,5382
1267.58,5381
1268.93,5380
1269.34,5379
1270.19,5378
1273.05,5377
1273.9,5374
1277.18,5373
1279.75,5372
1280.56,5370
1283.27,5368
1284.06,5367
1285.34,5366
1286.97,5365
1288.12,5363
1288.57,5361
1290.65,5360
1296.76,5359
1298.7,5358
1299.52,5357
1299.98,5356
1300.44,5355
1300.84,5351
1301.61,5350
1302,5349
1302.78,5348
1303.32,5346
1307.62,5345
1309.67,5343
1313.01,5342
1314.67,5341
1317.22,5340
1320.1,5339
1320.49,5337
1326.19,5335
1329.8,5334
1330.3,5333
1334.83,5330
1336.46,5329
1338.56,5327
1343.5,5326
1346.8,5325
1349.09,5324
1349.59,5323
1350.21,5321
1355.9,5320
1357.83,5318
1358.78,5317
1361.15,5316
1361.92,5315
1364.52,5312
1366.67,5311
1372.43,5310
1374.48,5308
1377.76,5307
1378.14,5305
1379.44,5304
1380.27,5302
1380.69,5301
1382.04,5300
1383.65,5299
1384.57,5298
1387.7,5297
1388.12,5296
1389.02,5294
1392.58,5293
1393.34,5292
1394.65,5291
1395.48,5290
1396.26,5288
1401.73,5287
1403.04,5286
1407.38,5284
1410.01,5283
1412.37,5281
1413.61,5280
1414.02,5279
1415.97,5278
1417.69,5276
1421.16,5275
1421.99,5274
1424.7,5273
1429.35,5271
1429.95,5270
1430.81,5269
1431.23,5268
1433.9,5267
1439.3,5266
1439.76,5265
1440.91,5264
1448.3,5262
1451.6,5261
1454.47,5259
1454.95,5258
1455.34,5257
1459.13,5255
1460.78,5254
1461.17,5253
1462.51,5252
1468.97,5251
1469.48,5249
1470.9,5248
1477.52,5247
1477.89,5246
1478.28,5245
1478.68,5243
1479.11,5242
1482.23,5239
1486.07,5238
1489.85,5237
1490.26,5236
1492.11,5235
1492.55,5234
1495.37,5233
1496.67,5232
1497.06,5231
1497.46,5230
1498.24,5229
1499.92,5227
1501.48,5226
1503.34,5225
1504.37,5224
1504.89,5222
1505.38,5220
1510.63,5219
1512.96,5218
1514.16,5217
1514.59,5215
1515.42,5214
1519.95,5212
1520.34,5211
1520.73,5209
1523.33,5208
1524.56,5207
1525.76,5206
1527.47,5205
1527.86,5204
1529.07,5203
1529.46,5202
1529.93,5201
1531.32,5199
1531.69,5195
1532.09,5194
1534.62,5193
1536.15,5192
1537.41,5190
1542.27,5189
1542.65,5187
1544.68,5186
1545.12,5184
1546.33,5183
1549.71,5179
1556.13,5176
1562.15,5175
1565.45,5174
1565.92,5173
1566.35,5172
1567.29,5171
1568.17,5170
1570.93,5169
1572.01,5168
1573.19,5167
1573.58,5166
1575.29,5165
1580.58,5164
1581.75,5163
1588.01,5162
1597.56,5160
1599.92,5159
1600.31,5157
1603.56,5156
1604.36,5154
1607.25,5151
1613.17,5149
1619.12,5148
1619.61,5147
1623.33,5145
1627.73,5144
1628.16,5143
1630.82,5142
1631.37,5141
1632.96,5139
1634.15,5134
1636.59,5132
1649.76,5131
1651.92,5130
1655.98,5129
1659.09,5128
1667.11,5126
1667.52,5125
1669.23,5124
1669.68,5123
1670.51,5122
1675.11,5121
1678.19,5120
1678.95,5119
1680.24,5118
1682.06,5117
1684.4,5114
1684.86,5112
1691.64,5110
1692.08,5109
1698.3,5107
1699.58,5106
1701.27,5105
1701.73,5104
1704.84,5103
1705.25,5100
1707.8,5099
1711.48,5098
1711.85,5097
1713.03,5096
1719.58,5095
1721.58,5090
1723.2,5089
1733.68,5088
1734.88,5085
1737.4,5084
1738.2,5082
1738.59,5080
1740.25,5079
1743.46,5078
1744.66,5077
1745.08,5075
1748.39,5074
1751.02,5073
1751.47,5072
1756.95,5070
1758.13,5069
1760.71,5068
1765.69,5067
1766.46,5065
1768.61,5062
1786.69,5061
1787.08,5060
1787.46,5059
1787.84,5058
1788.23,5056
1788.61,5054
1799.48,5053
1804.01,5052
1804.81,5051
1809.33,5049
1812.45,5048
1822.98,5046
1824.94,5045
1825.75,5044
1829.02,5043
1829.81,5042
1831.93,5041
1839.61,5040
1839.98,5037
1844.44,5036
1846.1,5035
1846.51,5034
1846.9,5033
1852.35,5032
1860.57,5029
1862.66,5028
1863.05,5027
1868.46,5026
1869.42,5025
1875.12,5024
1875.51,5023
1878.37,5022
1879.13,5021
1882,5018
1886.98,5017
1889.03,5016
1893.27,5015
1896.17,5013
1897.33,5012
1898.12,5011
1899.03,5010
1900.19,5009
1900.97,5008
1903.88,5007
1905.72,5006
1914.21,5005
1914.63,5003
1915.48,5002
1919.62,5001
1920,4999
1920.9,4998
1932.71,4997
1933.07,4995
1937.5,4994
1937.91,4993
1938.68,4992
1939.06,4991
1941.53,4990
1954.19,4989
1962.35,4986
1963.69,4985
1964.1,4984
1969.38,4981
1984.69,4979
1986.97,4978
1993.93,4976
1994.32,4975
1996.74,4973
1998.7,4969
1999.1,4968
2013.21,4967
2016.5,4966
2016.88,4965
2018.53,4964
2025.11,4963
2027.17,4962
2033.17,4961
2033.63,4959
2041.91,4958
2043.93,4957
2047.92,4956
2049.3,4953
2060.65,4952
2066.81,4950
2076.01,4949
2078.09,4947
2078.88,4946
2079.3,4945
2080.24,4944
2082.66,4943
2084.04,4941
2105.47,4940
2114.37,4939
2114.77,4938
2115.17,4935
2161.88,4933
2168.52,4930
2176.84,4929
2191.25,4928
2192.04,4926
2196.64,4924
2202.24,4919
2263,4918
2263.39,4917
2271.47,4916
2273.55,4915
2293.69,4914
2301.65,4913
2302.57,4911
2304.65,4909
2305.48,4908
2305.95,4907
2311.98,4906
2323.05,4905
2327.07,4904
2332.16,4902
2335.96,4900
2339.43,4899
2345.62,4898
2346.46,4897
2353.46,4896
2353.97,4895
2359.49,4894
2359.9,4893
2360.67,4892
2361.07,4891
2363.14,4890
2363.91,4889
2364.3,4887
2388.98,4886
2392.24,4885
2393.95,4881
2398.5,4880
2401,4879
2401.42,4878
2401.81,4877
2402.18,4875
2414.27,4874
2417.71,4873
2418.86,4872
2419.79,4870
2420.19,4869
2436.67,4868
2440.71,4867
2442,4866
2442.39,4865
2442.77,4864
2443.15,4862
2455.02,4861
2457.47,4860
2458.28,4859
2460.87,4858
2461.27,4856
2462.85,4855
2469.42,4854
2476.24,4853
2486.24,4852
2487.87,4849
2508.02,4847
2508.48,4846
2511.04,4844
2542.13,4843
2557.99,4841
2581.91,4840
2583.2,4837
2584.51,4835
2593.87,4834
2613.17,4832
2638.62,4830
2640.59,4829
2643.53,4827
2655.95,4824
2661.13,4823
2677.6,4822
2682.64,4821
2709.81,4820
2714.92,4819
2715.81,4818
2737.08,4817
2743.66,4815
2759.56,4814
2762.45,4813
2763.3,4812
2764.45,4811
2774.26,4810
2785.16,4809
2785.94,4807
2786.33,4806
2790.36,4804
2792.39,4803
2803.31,4802
2806.92,4800
2807.39,4798
2821.81,4797
2861.92,4796
2863.69,4795
2868.68,4794
2869.5,4793
2869.92,4792
2873.39,4791
2874.22,4790
2874.64,4789
2876.33,4788
2881.73,4787
2885.7,4785
2887.79,4784
2898.85,4783
2904.56,4782
2920.51,4781
2924.72,4778
2944.09,4777
2952.37,4776
2957.45,4775
2959.17,4774
2959.94,4773
2960.41,4771
2971.55,4770
2974.05,4769
2974.53,4767
2998.88,4764
3022.44,4763
3022.9,4761
3026.11,4760
3027.75,4758
3031.72,4757
3035.35,4755
3035.71,4754
3078.52,4753
3079.34,4750
3083.65,4749
3094.52,4748
3096.86,4747
3130.34,4746
3131.78,4744
3152.97,4743
3159.48,4742
3183.15,4741
3183.78,4740
3184.27,4739
3185.09,4734
3211.92,4733
3219.24,4732
3221.22,4731
3228.21,4730
3249.82,4728
3296.06,4726
3302.51,4724
3312.8,4722
3342.87,4719
3354.04,4718
3359.88,4717
3363.52,4716
3363.91,4715
3368.96,4714
3372.45,4712
3372.91,4711
3373.34,4709
3399.95,4708
3405.28,4707
3408.37,4705
3414.9,4704
3415.35,4703
3417.84,4702
3418.62,4701
3432.41,4700
3445.21,4699
3449.15,4697
3479.6,4694
3485.79,4693
3490.81,4691
3576.77,4690
3615.15,4689
3673.09,4687
3675.97,4686
3676.46,4685
3685.41,4682
3698.12,4681
3703.57,4679
3716.13,4678
3719.76,4677
3721.43,4676
3721.83,4674
3737.56,4673
3773.98,4671
3779.87,4670
3794.89,4669
3819.87,4668
3822.59,4666
3823.04,4665
3857,4664
3867.49,4663
3869.17,4662
3871.5,4661
3871.91,4660
3878.45,4659
3887.6,4658
3897.12,4657
3949.23,4654
3962.87,4653
3963.69,4652
3964.07,4651
3965.23,4648
4004.62,4647
4013.32,4645
4021.75,4644
4031.89,4643
4037.01,4641
4047.26,4640
4047.66,4639
4048.04,4638
4055.66,4637
4074.91,4636
4082.95,4635
4084.39,4634
4084.82,4633
4094.89,4632
4153.06,4631
4156.93,4630
4163.42,4627
4380.75,4626
4403.23,4624
4406.9,4622
4408.66,4621
4420.67,4620
4422.23,4618
4738.81,4617
4754.09,4616
4759.17,4615
4775.55,4614
4777.99,4613
4781.77,4612
4783.89,4611
4793.39,4610
4820.1,4609
5026.37,4608
5038.62,4607
5045.02,4606
5096.01,4604
5122.36,4603
5440.85,4602
5441.36,4601
5446.04,4599
5448.25,4598
5471.67,4597
5481.64,4596
5482.6,4595
5496.42,4594
5496.8,4593
5500.08,4592
5508.25,4591
5509.49,4590
5697.4,4589
5803.24,4587
5870.94,4585
5874.8,4584
5934.32,4582
6057.75,4581
6061.42,4579
6850.5,4576
6971.73,4575
6979.79,4574
6988.59,4573
6997.22,4572
7011.45,4569
7057.99,4568
7061.76,4565
7107.38,4564
7200.84,4563
7203.63,4562
7205.43,4560
8918.82,4558
9601.39,4556
9601.88,4553
9614.18,4552
9645.95,4551
9683.62,4550
9684.5,4548
9692.47,4545
9712.43,4543
9713.29,4542
9713.73,4541
9722.96,4539
9733.17,4538
9733.66,4537
9754.08,4536
9762.3,4535
9888.32,4534
9979.04,4533
9994.01,4532
10007,4531
10011.7,4530
10030.4,4529
10043.6,4528
10044.7,4527
10141.9,4526
10142.3,4525
10142.7,4524
10304.9,4523
10311.4,4522
10885.7,4521
10933.1,4518
10942.2,4517
11013.5,4516
11023.1,4515
11026.9,4514
12479.7,4513
12481.8,4512
12482.6,4511
12629.8,4509
12678.5,4506
12696.2,4505
12707.2,4504
12708,4503
12708.8,4502
12721.2,4501
12724.4,4498
13232.3,4495
13238.8,4494
14784.1,4493
14784.9,4492
14785.7,4491
14787.8,4490
14792.2,4489
14795.5,4488
14797.5,4487
14798.3,4486
14799.9,4485
14804.1,4484
15527.5,4483
15602.3,4482
15602.7,4480
15641.5,4479
15641.9,4478
15642.8,4476
15675.9,4475
15679.8,4470
15767.6,4469
15890.4,4468
15892.7,4466
15899.4,4465
15926,4464
15973.1,4462
17094.5,4461
17116.3,4459
17118.8,4457
17121.8,4456
17122.7,4454
17124,4452
17125.6,4451
17126.1,4450
22724.1,4448
22724.5,4447
22727.7,4446
22728.6,4445
22768.2,4444
22773.3,4442
22922.8,4440
22931.6,4438
23053.6,4437
23254.8,4436
23260.3,4435
23280.9,4431
23282.3,4430
24006.5,4428
24156.5,4427
24158.1,4426
24178.9,4425
24193.2,4422
24934.4,4420
24940.7,4419
26032.3,4417
26043.5,4416
26064.3,4415
26065.5,4414
28411.4,4413
28415.2,4412
28419.7,4411
28426.9,4409
28427.3,4408
28427.7,4407
28458.9,4405
28459.3,4404
28832.5,4403
28833.4,4402
28845.7,4401
28846.2,4400
28850.6,4399
28851.4,4398
28870,4396
29547.6,4395
29548,4394
29569.2,4393
29571.2,4392
29575,4391
29697.1,4390
33044.5,4389
33050.7,4388
33054.3,4387
33065.8,4386
33464.8,4385
33467.9,4384
33468.7,4383
37583.7,4382
37641.8,4380
37657.8,4379
37697.5,4377
37702,4376
37765.9,4375
37803.3,4374
37818.6,4373
37826.5,4372
37839.5,4371
37840.4,4370
37845,4369
37949,4368
38056.1,4366
