0.914022,8360
1.38402,8359
1.79929,8358
2.28563,8357
2.73324,8356
3.18467,8355
3.70305,8354
4.41509,8353
4.93344,8352
5.4566,8351
5.89939,8350
6.48851,8349
6.93301,8348
7.37408,8347
7.83396,8346
8.31248,8342
8.80654,8341
9.23592,8340
9.68047,8336
10.0966,8333
10.5297,8332
10.9386,8331
11.3787,8325
11.8189,8324
12.3438,8323
12.7978,8319
13.2547,8317
13.6523,8311
14.0784,8308
14.4849,8304
14.8977,8303
15.3224,8300
15.8412,8299
16.308,8297
16.7375,8295
17.1778,8291
17.6081,8290
18.0372,8289
18.4413,8287
18.8534,8283
19.2916,8281
19.7859,8280
20.2531,8277
20.6614,8276
21.0639,8274
21.5109,8269
21.9467,8268
22.4321,8265
22.8581,8261
23.3589,8257
23.8268,8256
24.2471,8248
24.6517,8244
25.0726,8243
25.4749,8235
25.9036,8231
26.3109,8230
26.976,8228
27.4924,8223
27.888,8222
28.3158,8221
28.7352,8217
29.1338,8210
29.5834,8209
30.0152,8207
30.4295,8206
31.0418,8204
31.5096,8196
31.9289,8192
32.3702,8190
32.7998,8189
33.2537,8184
33.6962,8182
34.1042,8180
34.5836,8177
35.0817,8172
35.5022,8170
35.9255,8168
36.329,8165
36.7516,8159
37.1465,8157
37.5974,8153
38.0197,8152
38.5245,8151
38.9807,8150
39.4178,8149
39.8314,8140
40.2587,8139
40.7014,8137
41.1105,8136
41.5396,8132
42.0373,8130
42.509,8128
42.935,8125
43.353,8124
43.7952,8122
44.2048,8121
44.6269,8116
45.0393,8110
45.443,8109
45.9382,8107
46.4501,8106
47.081,8105
47.5436,8104
47.9755,8103
48.3992,8101
48.8145,8099
49.2251,8092
49.7253,8090
50.1817,8089
50.6179,8086
51.0278,8085
51.4379,8084
51.8445,8083
52.28,8076
52.7183,8075
53.1854,8072
53.682,8071
54.1266,8070
54.5556,8062
54.9731,8059
55.4625,8057
55.919,8056
56.3668,8052
56.8737,8049
57.4116,8047
57.8898,8045
58.3459,8042
58.7958,8039
59.2441,8038
59.6963,8033
60.1604,8032
60.661,8031
61.2214,8030
61.7095,8029
62.1676,8027
62.6975,8025
63.1446,8022
63.555,8020
63.9748,8017
64.4837,8016
64.9792,8015
65.3962,8009
65.8078,8001
66.2111,7998
66.6343,7997
67.2583,7996
67.678,7995
68.1238,7993
68.6277,7990
69.0919,7984
69.5157,7983
69.9295,7980
70.3529,7979
70.7608,7977
71.1999,7974
71.6212,7971
72.0942,7969
72.5499,7968
72.9813,7964
73.4199,7963
73.8186,7961
74.25,7959
74.6324,7957
75.0735,7956
75.4986,7954
76,7951
76.4434,7949
76.8816,7946
77.294,7945
77.7234,7944
78.1414,7939
78.5413,7934
78.9439,7933
79.3841,7930
79.8835,7929
80.3086,7928
80.7078,7927
81.1213,7920
81.5343,7919
81.9398,7918
82.3473,7917
82.775,7907
83.2389,7906
83.6847,7905
84.1244,7903
84.5417,7902
84.9448,7898
85.3405,7894
85.7559,7892
86.2055,7890
86.6017,7887
87.0828,7883
87.747,7882
88.1314,7880
88.5729,7878
88.9857,7875
89.4061,7872
89.8216,7871
90.2214,7869
90.6932,7864
91.1958,7863
91.6793,7862
92.1245,7861
92.549,7855
92.9737,7852
93.3909,7849
93.7901,7845
94.2119,7844
94.7141,7838
95.1786,7836
95.6177,7835
96.0306,7832
96.4444,7830
96.885,7826
97.2947,7819
97.7231,7818
98.1615,7817
98.6574,7813
99.109,7811
99.5196,7810
99.9331,7808
100.353,7802
100.778,7801
101.197,7800
101.612,7797
102.092,7795
102.573,7793
102.988,7791
103.407,7790
103.814,7788
104.225,7787
104.643,7785
105.05,7784
105.449,7783
105.944,7781
106.4,7780
106.824,7777
107.252,7776
107.897,7775
108.333,7774
108.747,7773
109.174,7772
109.667,7767
110.121,7765
110.529,7763
110.929,7762
111.337,7761
111.71,7757
112.149,7753
112.591,7752
113.011,7751
113.522,7747
113.987,7735
114.414,7734
114.835,7733
115.297,7731
115.756,7730
116.224,7728
116.656,7725
117.209,7723
117.707,7721
118.179,7718
118.655,7716
119.093,7715
119.548,7714
120.002,7713
120.446,7712
120.989,7711
121.501,7708
122.019,7706
122.501,7705
122.983,7701
123.462,7700
123.88,7697
124.304,7695
124.815,7693
125.258,7692
125.676,7686
126.097,7685
126.519,7683
126.968,7682
127.416,7680
128.065,7678
128.558,7677
129.025,7675
129.474,7671
129.891,7669
130.315,7667
130.724,7665
131.138,7664
131.554,7663
132.032,7661
132.518,7659
132.923,7658
133.346,7657
133.74,7655
134.155,7652
134.561,7651
134.966,7649
135.372,7646
135.856,7644
136.315,7642
136.736,7640
137.127,7637
137.571,7635
137.981,7630
138.39,7628
138.797,7626
139.214,7624
139.688,7620
140.176,7617
140.578,7616
140.986,7615
141.393,7611
141.804,7608
142.202,7607
142.624,7605
143.053,7603
143.539,7602
143.983,7601
144.395,7600
144.801,7599
145.208,7597
145.622,7594
146.025,7593
146.441,7590
146.896,7589
147.363,7587
147.799,7586
148.54,7579
149.121,7578
149.739,7575
150.283,7573
150.95,7572
151.451,7568
151.939,7562
152.492,7561
153.037,7560
153.469,7558
153.896,7555
154.308,7553
154.833,7548
155.401,7545
155.913,7544
156.41,7543
156.861,7542
157.324,7541
157.79,7540
158.251,7537
158.846,7534
159.328,7533
159.802,7531
160.294,7530
160.755,7529
161.264,7528
161.703,7527
162.14,7526
162.669,7525
163.152,7521
163.602,7519
164.009,7516
164.414,7515
164.803,7512
165.228,7510
165.64,7508
166.047,7507
166.536,7505
166.985,7502
167.386,7500
167.823,7499
168.463,7498
168.898,7496
169.336,7495
169.764,7493
170.266,7491
170.702,7489
171.128,7488
171.547,7486
171.952,7484
172.374,7483
172.814,7482
173.22,7481
173.694,7478
174.145,7477
174.581,7475
174.989,7471
175.376,7470
175.819,7469
176.281,7467
176.738,7466
177.189,7465
177.724,7463
178.241,7462
178.692,7460
179.155,7458
179.649,7455
180.127,7454
180.603,7453
181.165,7452
181.724,7451
182.233,7449
182.756,7445
183.28,7443
183.738,7441
184.169,7440
184.566,7435
185.022,7434
185.51,7428
185.948,7427
186.354,7422
186.777,7420
187.207,7416
187.627,7414
188.064,7412
188.562,7411
189.141,7410
189.591,7408
190.011,7405
190.426,7404
190.823,7403
191.273,7401
191.694,7400
192.12,7399
192.656,7397
193.125,7395
193.549,7393
193.977,7392
194.387,7391
194.775,7389
195.172,7385
195.583,7384
195.983,7382
196.46,7381
196.919,7380
197.317,7378
197.739,7377
198.181,7376
198.621,7374
199.057,7373
199.483,7372
199.928,7371
200.406,7368
200.835,7366
201.255,7364
201.686,7363
202.105,7362
202.54,7361
202.958,7360
203.452,7358
203.926,7357
204.422,7356
204.837,7355
205.265,7354
205.671,7353
206.112,7349
206.517,7347
206.929,7346
207.34,7345
207.884,7343
208.369,7342
208.806,7341
209.406,7339
209.834,7338
210.297,7334
210.797,7332
211.29,7331
211.845,7330
212.295,7329
212.712,7327
213.166,7326
213.672,7325
214.159,7324
214.575,7323
215.028,7322
215.529,7315
215.974,7314
216.412,7313
216.852,7310
217.314,7309
217.739,7308
218.153,7305
218.562,7302
219.036,7300
219.511,7299
219.933,7295
220.336,7294
220.726,7291
221.14,7290
221.569,7288
221.979,7287
222.441,7286
223.054,7285
223.565,7283
224.007,7282
224.431,7277
224.847,7276
225.246,7274
225.655,7273
226.054,7272
226.468,7271
226.965,7269
227.391,7268
227.809,7265
228.184,7264
228.655,7262
229.081,7261
229.682,7259
230.159,7258
230.714,7257
231.171,7255
231.592,7253
232.019,7252
232.454,7249
232.89,7247
233.315,7244
233.724,7242
234.161,7241
234.643,7239
235.103,7237
235.517,7236
235.927,7234
236.412,7233
236.857,7232
237.302,7231
237.792,7230
238.278,7229
238.771,7227
239.224,7224
239.67,7223
240.115,7221
240.56,7220
240.983,7218
241.438,7217
241.964,7216
242.461,7214
242.94,7213
243.477,7212
243.919,7211
244.327,7210
244.74,7207
245.18,7206
245.7,7202
246.163,7201
246.576,7199
246.999,7198
247.429,7196
247.847,7194
248.274,7193
248.705,7192
249.131,7191
249.729,7190
250.233,7189
250.642,7188
251.053,7184
251.461,7182
251.881,7180
252.299,7179
252.738,7178
253.217,7177
253.706,7176
254.157,7174
254.592,7172
255.01,7171
255.421,7170
255.884,7169
256.294,7165
256.693,7159
257.158,7158
257.623,7156
258.042,7153
258.452,7152
258.871,7151
259.289,7150
259.695,7149
260.086,7148
260.502,7146
260.99,7145
261.43,7144
261.835,7143
262.227,7142
262.64,7141
263.046,7139
263.46,7137
263.865,7136
264.285,7133
264.77,7129
265.171,7128
265.594,7126
266.007,7125
266.392,7121
266.8,7120
267.247,7118
267.654,7116
268.139,7115
268.58,7114
269,7113
269.4,7111
269.916,7110
270.397,7109
270.784,7108
271.183,7107
271.641,7105
272.191,7104
272.675,7103
273.203,7101
273.71,7098
274.237,7097
274.669,7096
275.083,7095
275.523,7094
276.013,7093
276.465,7092
276.868,7091
277.277,7089
277.703,7088
278.134,7087
278.552,7086
278.941,7084
279.43,7080
279.94,7079
280.429,7078
280.862,7076
281.285,7072
281.757,7071
282.215,7067
282.649,7066
283.155,7065
283.641,7064
284.085,7062
284.509,7060
284.892,7057
285.304,7056
285.695,7055
286.107,7054
286.496,7050
286.984,7049
287.435,7048
287.86,7047
288.257,7046
288.685,7045
289.102,7044
289.525,7041
289.945,7036
290.357,7035
290.915,7034
291.371,7033
291.765,7032
292.189,7030
292.618,7028
293.059,7026
293.452,7025
293.849,7024
294.307,7023
294.794,7022
295.392,7021
295.818,7020
296.244,7019
296.708,7018
297.14,7017
297.6,7016
298.112,7014
298.599,7013
299.072,7012
299.525,7010
299.968,7007
300.407,7006
300.843,7004
301.296,7003
301.745,7001
302.249,7000
302.761,6999
303.251,6993
303.804,6992
304.497,6991
304.945,6990
305.412,6989
306.003,6988
306.473,6987
306.885,6986
307.311,6985
307.729,6984
308.125,6983
308.526,6982
308.961,6981
309.378,6980
309.898,6978
310.347,6977
310.756,6975
311.154,6973
311.588,6972
311.981,6970
312.407,6969
312.824,6967
313.288,6965
313.77,6962
314.19,6961
314.596,6957
314.979,6955
315.536,6954
315.942,6953
316.354,6952
316.754,6951
317.235,6950
317.679,6949
318.104,6948
318.509,6944
318.918,6943
319.316,6942
319.738,6939
320.169,6938
320.619,6936
321.093,6934
321.545,6933
321.964,6932
322.403,6930
322.794,6929
323.209,6927
323.606,6926
324.006,6925
324.449,6924
324.909,6923
325.324,6922
325.74,6918
326.139,6916
326.525,6914
326.922,6913
327.32,6912
327.742,6911
328.179,6908
328.657,6907
329.078,6906
329.493,6904
329.873,6902
330.272,6899
330.688,6898
331.076,6896
331.483,6895
331.948,6894
332.416,6893
332.837,6892
333.268,6891
333.678,6888
334.108,6887
334.553,6886
334.977,6885
335.386,6884
336.031,6883
336.494,6882
336.894,6881
337.309,6880
337.715,6878
338.135,6877
338.549,6876
338.961,6875
339.37,6874
339.876,6872
340.316,6871
340.729,6870
341.151,6869
341.563,6868
342.007,6867
342.42,6866
342.843,6865
343.317,6863
343.757,6862
344.195,6860
344.597,6859
345.016,6858
345.416,6855
345.822,6854
346.225,6852
346.609,6851
347.084,6850
347.554,6849
347.951,6848
348.364,6847
348.765,6846
349.174,6844
349.558,6843
349.981,6842
350.439,6841
350.974,6840
351.426,6839
351.869,6835
352.27,6833
352.704,6831
353.133,6830
353.522,6829
353.921,6828
354.353,6826
354.86,6825
355.285,6824
355.699,6822
356.073,6818
356.52,6817
357.004,6816
357.443,6815
357.881,6814
358.4,6813
358.888,6811
359.339,6810
359.794,6809
360.228,6808
360.684,6807
361.306,6806
361.725,6805
362.287,6804
362.782,6802
363.224,6800
363.71,6799
364.187,6796
364.614,6795
365.065,6794
365.472,6793
365.974,6791
366.431,6789
366.836,6788
367.243,6787
367.652,6786
368.072,6785
368.48,6784
368.899,6783
369.294,6782
369.799,6781
370.258,6780
370.67,6779
371.069,6778
371.496,6777
371.911,6776
372.318,6775
372.712,6774
373.213,6773
373.694,6772
374.111,6771
374.523,6769
374.937,6768
375.328,6767
375.728,6766
376.141,6765
376.533,6763
376.957,6762
377.451,6761
377.878,6760
378.259,6759
378.664,6757
379.066,6756
379.467,6753
379.867,6752
380.289,6750
380.722,6749
381.343,6748
381.773,6747
382.165,6746
382.558,6745
382.975,6744
383.361,6742
383.77,6741
384.2,6740
384.669,6738
385.107,6737
385.518,6735
385.913,6734
386.296,6733
386.709,6731
387.078,6730
387.485,6728
387.906,6727
388.366,6726
388.828,6725
389.244,6724
389.635,6723
390.031,6722
390.441,6721
390.824,6720
391.235,6719
391.634,6718
392.063,6716
392.55,6714
392.981,6713
393.364,6712
393.75,6711
394.151,6710
394.563,6709
395.022,6708
395.5,6707
395.989,6705
396.413,6704
396.836,6702
397.269,6701
397.64,6700
398.081,6699
398.492,6698
398.879,6697
399.29,6696
399.789,6693
400.245,6692
400.643,6691
401.054,6689
401.641,6688
402.036,6687
402.466,6686
402.881,6685
403.363,6684
403.822,6683
404.233,6681
404.64,6679
405.053,6677
405.502,6676
405.91,6675
406.312,6674
406.708,6673
407.198,6672
407.65,6671
408.058,6670
408.457,6669
408.848,6668
409.255,6667
409.664,6666
410.078,6665
410.54,6664
411.101,6663
411.533,6662
411.971,6661
412.387,6660
412.834,6659
413.237,6658
413.66,6657
414.097,6656
414.598,6654
415.112,6653
415.493,6652
415.899,6651
416.334,6650
416.757,6649
417.209,6646
417.657,6645
418.131,6644
418.639,6643
419.126,6642
419.555,6641
420.013,6640
420.456,6639
420.884,6638
421.333,6637
421.956,6636
422.476,6635
422.929,6634
423.383,6633
423.846,6632
424.32,6630
424.762,6629
425.162,6628
425.602,6627
426.165,6624
426.686,6623
427.121,6622
427.537,6621
427.956,6620
428.373,6619
428.769,6618
429.17,6617
429.565,6616
430.08,6615
430.513,6614
430.909,6613
431.331,6612
431.746,6610
432.146,6609
432.557,6608
432.984,6607
433.436,6604
433.915,6603
434.321,6601
434.727,6600
435.126,6599
435.535,6597
435.941,6596
436.342,6595
436.746,6594
437.255,6593
437.672,6592
438.125,6591
438.537,6590
438.924,6589
439.33,6588
439.717,6587
440.119,6586
440.52,6582
440.992,6579
441.453,6578
441.976,6576
442.374,6575
442.781,6574
443.194,6573
443.594,6572
444.002,6571
444.387,6569
444.877,6567
445.321,6566
445.711,6565
446.106,6563
446.512,6562
446.894,6561
447.304,6560
447.741,6559
448.308,6557
448.81,6556
449.36,6555
449.834,6554
450.368,6553
450.95,6551
451.379,6550
451.905,6549
452.519,6548
453.14,6546
453.624,6545
454.123,6544
454.536,6543
454.976,6542
455.431,6539
455.977,6538
456.625,6537
457.188,6536
457.688,6535
458.156,6534
458.655,6533
459.091,6532
459.531,6531
459.999,6530
460.557,6529
461.042,6528
461.492,6526
461.929,6525
462.532,6524
462.968,6523
463.419,6522
463.867,6521
464.347,6520
464.778,6518
465.2,6517
465.606,6516
465.981,6515
466.405,6514
466.814,6513
467.202,6512
467.591,6511
468.078,6510
468.548,6509
468.945,6508
469.348,6507
469.751,6505
470.155,6504
470.54,6503
470.935,6501
471.358,6500
471.831,6499
472.341,6497
472.808,6496
473.235,6495
473.632,6494
474.045,6493
474.436,6492
474.847,6490
475.24,6489
475.737,6488
476.154,6487
476.563,6485
476.984,6484
477.448,6483
477.875,6481
478.306,6480
478.778,6479
479.283,6478
479.813,6477
480.259,6476
480.74,6475
481.224,6474
481.668,6473
482.174,6472
482.795,6471
483.348,6470
483.843,6469
484.27,6468
484.784,6467
485.227,6466
485.621,6464
486.018,6462
486.457,6461
486.946,6459
487.423,6457
487.817,6456
488.232,6454
488.633,6453
489.043,6452
489.456,6451
489.857,6450
490.299,6449
490.779,6448
491.229,6447
491.67,6446
492.054,6445
492.475,6444
492.901,6443
493.28,6442
493.693,6441
494.084,6440
494.577,6439
495.027,6438
495.424,6436
495.84,6435
496.233,6434
496.633,6433
497.036,6432
497.422,6431
497.824,6430
498.312,6429
498.761,6428
499.147,6427
499.534,6426
499.94,6425
500.353,6424
500.766,6423
501.22,6422
501.643,6421
502.2,6420
502.897,6419
503.285,6417
504.125,6413
504.562,6412
505.888,6410
506.735,6408
507.133,6407
507.526,6406
507.945,6404
508.343,6400
508.737,6399
509.122,6398
510.873,6397
511.255,6396
511.694,6395
512.099,6394
512.483,6393
512.902,6392
513.38,6387
515.483,6386
515.883,6385
516.281,6383
518.094,6382
518.522,6381
518.928,6380
519.34,6378
519.737,6377
520.143,6376
520.618,6375
521.079,6374
521.522,6373
521.94,6372
522.362,6371
522.773,6370
523.501,6369
523.921,6368
524.468,6367
524.954,6366
525.383,6365
525.773,6363
526.587,6361
526.982,6360
527.754,6359
528.259,6355
529.979,6353
530.403,6347
532.246,6346
533.256,6344
533.68,6343
534.494,6342
534.889,6341
535.303,6338
535.703,6337
536.62,6335
537.018,6334
537.453,6333
537.859,6326
540.636,6325
541.089,6319
546.183,6316
547.041,6315
547.543,6314
547.979,6313
548.397,6311
550.42,6309
551.795,6307
553.413,6305
553.833,6304
554.767,6300
556.529,6299
557.728,6298
558.129,6296
559.053,6293
559.844,6292
560.252,6289
560.639,6288
561.042,6287
562.299,6286
562.758,6285
564.145,6284
565.798,6283
566.282,6282
566.694,6281
567.101,6280
567.478,6278
567.877,6277
568.29,6276
569.069,6275
569.482,6274
569.96,6273
570.398,6272
570.808,6271
571.183,6270
571.603,6269
572.01,6268
572.984,6267
574.074,6266
574.533,6265
574.914,6263
575.331,6262
576.19,6261
576.992,6258
578.822,6257
579.618,6254
580.035,6252
580.451,6250
581.93,6247
582.739,6246
583.193,6245
584.631,6244
585.106,6242
586.405,6241
586.797,6240
587.231,6239
587.628,6238
588.448,6237
589.368,6236
589.775,6234
590.953,6233
591.35,6232
591.738,6231
592.137,6229
593.566,6228
594.026,6227
594.417,6226
594.855,6225
595.269,6224
595.652,6223
596.096,6221
596.562,6220
596.977,6219
597.408,6217
597.786,6216
598.279,6213
600.114,6212
601.044,6211
601.461,6210
602.328,6207
603.692,6206
604.474,6203
605.546,6201
607.891,6200
608.799,6195
609.194,6194
610.393,6192
611.219,6190
611.707,6188
612.183,6187
612.576,6183
616.724,6182
617.956,6181
618.412,6179
618.834,6177
619.309,6176
620.113,6175
620.506,6174
620.903,6171
621.299,6170
622.076,6169
622.504,6167
622.958,6165
623.866,6164
624.275,6162
625.062,6159
625.456,6158
625.846,6157
628.374,6153
631.047,6151
631.83,6150
633.02,6149
633.406,6148
633.841,6147
634.719,6146
635.109,6144
635.516,6143
635.899,6142
636.322,6141
636.706,6139
637.558,6137
639.815,6135
640.621,6134
641.021,6133
641.474,6132
642.352,6130
643.957,6129
644.386,6127
646.09,6126
646.498,6124
647.704,6123
648.119,6122
648.522,6119
649.989,6118
650.412,6117
650.803,6116
651.198,6115
651.594,6114
651.992,6113
652.377,6109
653.25,6108
654.585,6107
655.014,6106
655.427,6105
655.813,6104
657.525,6102
658.356,6101
659.243,6100
659.747,6096
660.731,6095
662.021,6094
663.873,6093
665.701,6091
666.543,6090
666.929,6085
667.821,6084
668.277,6083
669.557,6082
670.102,6081
671,6080
671.448,6079
671.922,6078
672.727,6077
674.36,6076
674.841,6074
676.112,6072
676.511,6071
678.114,6069
679.037,6068
679.454,6067
680.636,6066
681.041,6065
681.845,6064
682.312,6063
683.573,6062
684.372,6060
685.543,6059
685.998,6058
686.449,6057
686.852,6054
687.644,6053
688.029,6052
688.443,6051
689.224,6049
690.304,6048
690.703,6047
692.305,6046
693.602,6045
694.078,6044
694.558,6043
694.972,6039
698.494,6038
698.941,6037
700.159,6036
701.477,6035
701.904,6034
702.298,6033
702.716,6032
703.558,6031
703.936,6030
704.365,6029
704.818,6028
705.286,6027
705.68,6026
706.087,6025
706.474,6024
707.289,6023
708.084,6022
709.436,6021
709.839,6020
710.425,6019
710.806,6017
711.221,6015
711.603,6013
712.01,6012
712.501,6010
713.779,6008
714.228,6006
716.575,6005
719.51,6004
720,6003
720.483,5999
721.768,5998
722.2,5996
723.076,5995
723.579,5991
726.407,5990
726.838,5989
728.18,5988
728.594,5987
728.985,5985
729.451,5984
730.255,5982
730.836,5981
731.757,5979
732.163,5978
733.397,5977
734.194,5976
734.596,5974
735.555,5971
737.572,5970
737.958,5967
740.483,5966
741.261,5964
741.674,5961
744.172,5960
744.595,5957
746.699,5956
747.107,5954
747.495,5953
748.415,5952
749.436,5951
750.061,5949
750.759,5948
751.798,5944
754.564,5943
758.845,5941
760.726,5940
761.715,5939
763.443,5937
764.314,5935
764.722,5934
766.845,5932
767.653,5931
768.045,5930
768.471,5929
768.924,5928
769.803,5927
770.199,5926
771.139,5925
771.929,5923
772.34,5922
772.811,5921
773.263,5919
773.664,5918
774.063,5917
774.461,5914
777.937,5913
778.335,5912
779.205,5910
780.116,5909
782.561,5908
782.994,5907
783.436,5906
784.467,5905
785.314,5904
786.211,5903
787.078,5902
787.966,5901
788.862,5899
789.258,5897
790.504,5895
790.9,5894
792.427,5893
793.23,5890
794.423,5888
795.272,5886
796.948,5885
797.345,5884
797.758,5883
798.589,5882
800.77,5880
801.191,5879
801.591,5878
802.02,5875
805.542,5871
805.946,5870
807.686,5868
808.868,5867
809.698,5864
811.987,5863
812.786,5860
813.176,5856
813.593,5855
815.277,5853
815.677,5852
816.849,5851
821.171,5849
822.509,5847
824.35,5846
824.761,5845
825.204,5843
827.42,5842
827.851,5841
828.314,5840
828.711,5838
829.706,5837
830.147,5836
830.596,5835
831.057,5833
832.29,5832
832.794,5830
833.284,5829
833.715,5828
834.091,5827
834.529,5826
834.919,5825
835.315,5824
835.719,5821
837.701,5820
838.081,5819
839.354,5818
839.798,5817
840.258,5816
841.228,5813
841.703,5812
848.765,5810
851.178,5808
851.626,5807
852.997,5806
853.413,5802
854.675,5801
855.598,5800
856.515,5799
857.501,5798
858.307,5797
858.721,5796
864.201,5795
865.372,5794
865.787,5791
866.58,5786
869.452,5784
869.837,5782
871.163,5781
872.863,5780
873.316,5778
873.862,5776
874.389,5774
874.851,5773
875.644,5772
879.118,5771
879.513,5770
879.972,5769
880.41,5768
882.303,5766
882.766,5764
884.105,5763
884.534,5762
888.237,5761
888.658,5760
889.046,5759
889.488,5757
889.983,5756
890.789,5755
891.19,5754
891.575,5753
891.985,5752
896.542,5751
897.051,5750
898.127,5747
901.216,5746
902.955,5745
903.41,5744
905.063,5743
905.66,5742
906.656,5741
907.117,5740
907.975,5738
910.096,5736
910.887,5734
913.084,5733
913.895,5732
917.809,5730
918.209,5728
919.022,5726
919.416,5725
919.91,5724
920.349,5723
920.745,5722
921.152,5721
922.324,5720
924.538,5719
924.936,5718
925.319,5717
926.105,5715
926.952,5714
928.662,5713
929.045,5712
930.216,5710
930.602,5708
931.525,5707
931.914,5705
932.712,5703
933.511,5701
936.033,5700
938.574,5699
939.023,5698
940.253,5697
940.665,5696
941.057,5695
941.512,5693
942.427,5692
943.304,5690
946.614,5689
947.002,5688
948.233,5687
948.634,5686
949.936,5685
951.525,5684
953.131,5683
955.674,5682
956.055,5681
956.432,5680
956.883,5679
957.37,5678
958.405,5677
958.856,5676
959.255,5675
959.718,5674
960.162,5673
962.02,5670
968.155,5668
970.705,5667
971.112,5666
971.921,5665
972.439,5664
973.293,5662
973.701,5661
978.677,5660
979.261,5659
979.772,5658
980.226,5657
980.638,5656
981.035,5655
981.435,5654
981.854,5651
985.209,5649
985.598,5646
988.067,5641
992.146,5640
993.321,5639
993.722,5636
994.102,5635
994.999,5634
995.802,5632
996.57,5631
996.972,5630
997.352,5627
1000.88,5626
1001.3,5625
1001.7,5624
1002.22,5623
1003.11,5622
1003.94,5621
1004.73,5620
1005.12,5619
1007.23,5617
1007.63,5613
1008.85,5612
1012.19,5609
1012.61,5608
1015.57,5607
1016.41,5606
1016.78,5605
1017.29,5603
1017.74,5602
1018.62,5601
1021.06,5600
1021.49,5599
1022.36,5598
1023.69,5596
1025.11,5595
1025.99,5594
1027.82,5592
1028.28,5591
1028.77,5590
1030.76,5589
1031.55,5588
1032.03,5586
1034.56,5585
1034.95,5584
1036.26,5583
1036.65,5582
1037.04,5578
1038.66,5577
1039.71,5576
1040.14,5575
1041.34,5573
1042.13,5572
1044.27,5571
1044.65,5569
1045.03,5568
1049.88,5567
1050.39,5566
1050.99,5565
1051.51,5564
1052.41,5563
1052.88,5560
1054.23,5559
1054.67,5556
1061.75,5555
1062.7,5552
1064.55,5551
1064.96,5550
1066.23,5548
1072.4,5547
1073.21,5546
1074.13,5544
1074.55,5543
1074.94,5542
1075.36,5541
1075.76,5540
1077.35,5538
1079.93,5536
1080.64,5535
1081.11,5534
1082.14,5532
1083.48,5531
1083.89,5529
1085.28,5528
1087.52,5527
1087.93,5526
1088.37,5525
1088.87,5524
1089.34,5522
1089.75,5521
1090.15,5519
1094.31,5518
1096.34,5517
1096.82,5515
1097.61,5514
1098.4,5512
1099.21,5511
1101.96,5508
1102.36,5507
1105.02,5506
1107.03,5504
1112.01,5503
1112.43,5502
1112.81,5499
1114.52,5498
1115.46,5497
1118.8,5496
1120.1,5495
1122.29,5493
1124.79,5492
1125.18,5490
1127.67,5489
1128.94,5487
1129.74,5486
1130.2,5483
1132,5482
1135.01,5480
1136.58,5479
1139.55,5478
1139.94,5476
1140.42,5474
1143.83,5473
1144.24,5472
1144.65,5471
1145.09,5468
1150.83,5467
1151.64,5466
1152.42,5465
1154.2,5462
1155.06,5461
1155.46,5460
1156.73,5459
1157.21,5458
1157.62,5456
1158.43,5455
1159.64,5454
1160.03,5453
1160.92,5452
1164.39,5451
1165.26,5450
1166.03,5449
1167.98,5448
1169.7,5447
1170.46,5446
1174.52,5445
1174.92,5443
1176.62,5442
1177.77,5440
1179.1,5439
1180.12,5438
1181.35,5437
1181.94,5436
1183.75,5434
1187.08,5432
1187.97,5430
1190.35,5429
1190.79,5428
1191.66,5427
1193.28,5426
1195,5425
1195.84,5424
1196.23,5423
1196.61,5422
1197,5421
1197.4,5420
1197.78,5418
1198.16,5417
1198.66,5416
1199.11,5415
1199.5,5414
1205.87,5413
1207,5412
1207.43,5411
1209.23,5410
1210.09,5409
1210.96,5408
1211.36,5407
1213.32,5406
1215.05,5405
1215.87,5404
1216.28,5403
1218.38,5402
1220.4,5401
1220.8,5399
1223.11,5398
1225.71,5394
1226.49,5393
1227.27,5387
1233.01,5386
1233.4,5385
1233.79,5384
1234.97,5381
1241.06,5379
1241.46,5378
1244.52,5376
1247.91,5374
1249.9,5373
1250.7,5371
1252.01,5364
1258.12,5362
1258.58,5361
1259.44,5360
1259.82,5359
1260.63,5358
1262.55,5357
1263.19,5356
1264.93,5355
1265.78,5354
1266.76,5353
1268.12,5352
1268.58,5351
1269.44,5350
1271.92,5349
1274.41,5348
1275.2,5347
1276.04,5345
1278.13,5344
1278.96,5342
1279.76,5341
1282.29,5340
1284.82,5339
1285.35,5338
1286.56,5337
1291.03,5335
1291.79,5334
1292.19,5333
1293.46,5332
1293.89,5331
1294.27,5330
1294.66,5329
1295.05,5328
1295.42,5327
1296.69,5326
1297.49,5325
1297.88,5324
1298.29,5323
1298.67,5322
1301.17,5321
1301.96,5320
1302.36,5317
1304.22,5316
1306.69,5315
1308.03,5314
1309.6,5313
1310.02,5312
1311.7,5310
1312.49,5309
1314.56,5308
1316.35,5307
1316.74,5306
1317.14,5303
1319.2,5302
1320.81,5301
1321.24,5300
1321.7,5299
1322.2,5298
1322.73,5297
1323.77,5296
1324.24,5295
1324.69,5294
1327.49,5293
1328.8,5292
1330.15,5291
1330.58,5290
1335.48,5289
1337.59,5287
1343.31,5286
1344.13,5285
1345.83,5284
1346.62,5283
1349.36,5281
1354.41,5280
1354.81,5279
1356.09,5278
1357.14,5277
1362.06,5276
1363.24,5275
1363.63,5274
1366.64,5273
1367.03,5272
1367.86,5271
1368.34,5270
1369.38,5269
1369.79,5267
1372.28,5266
1373.9,5265
1374.72,5263
1376.05,5259
1381.34,5258
1382.38,5257
1385.22,5256
1391.19,5255
1392.75,5254
1396.83,5253
1397.23,5251
1399.75,5249
1400.55,5248
1404.47,5247
1410.55,5246
1410.94,5245
1411.33,5243
1413.75,5242
1417.81,5241
1419.82,5240
1421.76,5238
1422.53,5237
1426.85,5236
1427.75,5235
1430.94,5232
1434.45,5231
1434.85,5230
1435.24,5229
1441.41,5225
1447.55,5223
1452.9,5221
1462.66,5220
1463.84,5219
1465.03,5217
1468.7,5216
1471.01,5215
1471.41,5214
1473.6,5212
1475.9,5208
1478.43,5207
1484.56,5206
1485,5204
1487.01,5203
1487.42,5202
1488.34,5201
1489.22,5200
1490.01,5199
1493.12,5197
1503.45,5196
1506.49,5195
1507.05,5193
1518.79,5192
1519.22,5189
1525.84,5187
1526.75,5186
1529.52,5185
1530,5181
1536.62,5180
1541.55,5179
1542.73,5178
1543.53,5177
1546.04,5176
1548,5175
1549.01,5174
1549.4,5173
1556.65,5172
1559.41,5171
1561.86,5170
1566.43,5167
1567.37,5166
1572.08,5165
1572.48,5163
1580.26,5160
1583.16,5159
1583.55,5155
1585.53,5153
1586.46,5152
1589.27,5151
1593.34,5149
1594.6,5148
1596.54,5147
1600.38,5146
1601.26,5145
1602.09,5144
1602.86,5143
1603.65,5142
1604.9,5141
1606.1,5140
1606.49,5139
1607.69,5138
1608.08,5137
1608.56,5136
1609.02,5135
1609.84,5134
1616.19,5133
1617.01,5132
1617.59,5131
1620.9,5128
1625.69,5127
1630.03,5125
1630.43,5124
1631.46,5123
1635.89,5122
1636.26,5121
1642.64,5120
1643.45,5118
1643.84,5117
1654.67,5116
1655.51,5115
1655.97,5114
1656.58,5113
1657.49,5111
1658.63,5109
1660.44,5107
1675.81,5105
1676.19,5103
1676.68,5102
1677.12,5101
1677.52,5100
1690.71,5099
1691.64,5098
1692.9,5097
1694.5,5095
1698.66,5091
1703.04,5090
1707.8,5089
1710.65,5088
1711.07,5087
1713.37,5086
1714.24,5085
1716.69,5083
1717.9,5082
1718.34,5081
1727.96,5079
1728.76,5076
1731.49,5075
1735.28,5074
1735.69,5073
1737.78,5072
1738.95,5068
1750.94,5066
1754.33,5065
1755.65,5064
1756.09,5063
1758.49,5062
1759.34,5061
1759.8,5059
1767.7,5058
1769.32,5057
1774.88,5056
1779.18,5055
1779.6,5054
1779.99,5053
1781.19,5052
1783.81,5051
1786.9,5050
1788.83,5049
1789.76,5048
1790.6,5047
1794.34,5046
1798.81,5045
1801.76,5044
1802.13,5043
1802.53,5041
1804.96,5039
1806.02,5038
1806.59,5036
1811.28,5035
1813.51,5034
1813.88,5032
1822.78,5031
1823.17,5030
1825.11,5029
1825.54,5027
1827.16,5026
1828.02,5024
1834.05,5022
1837.66,5021
1840.12,5020
1840.87,5019
1842.59,5017
1845.31,5016
1848.12,5015
1856.18,5010
1856.94,5009
1862.34,5008
1869.89,5006
1871.79,5005
1873.16,5004
1873.96,5003
1876.44,5002
1877.23,5001
1877.61,5000
1879.14,4999
1880.46,4998
1881.23,4997
1882.84,4996
1886.93,4994
1887.4,4993
1889.82,4991
1891.31,4990
1893.63,4988
1895.76,4987
1896.14,4984
1898.08,4982
1900.95,4980
1905.63,4979
1907.67,4978
1908.46,4977
1910.53,4975
1913.23,4974
1913.67,4973
1914.53,4972
1914.94,4971
1915.39,4969
1915.79,4967
1935.29,4965
1945.47,4962
1952.62,4961
1954.87,4960
1955.76,4958
1960.82,4956
1967.57,4954
1971.27,4953
1979.73,4952
1985.42,4951
1986.33,4950
1988.46,4948
1998.14,4947
1998.52,4946
1998.92,4945
1999.72,4944
2004.55,4943
2008.31,4942
2009.54,4941
2009.92,4940
2023.94,4938
2028.06,4937
2034.73,4934
2039.62,4933
2040.01,4930
2056.65,4929
2066.85,4928
2074.52,4927
2079.8,4926
2091.46,4925
2093.83,4921
2094.27,4920
2099.92,4919
2104.8,4918
2105.92,4917
2106.49,4915
2110.7,4913
2114.31,4912
2114.69,4911
2119.9,4910
2120.67,4907
2122.71,4906
2123.1,4905
2124.98,4904
2129.12,4903
2129.57,4901
2156.42,4900
2158.82,4898
2164.75,4896
2175.82,4895
2177.4,4894
2183.05,4893
2186.15,4892
2209.4,4891
2211.87,4889
2212.25,4888
2213.04,4887
2215.69,4885
2232.55,4884
2236.37,4883
2238.42,4882
2240.76,4881
2241.65,4880
2250.3,4879
2252.89,4878
2258.46,4877
2259.3,4876
2259.75,4873
2262.51,4872
2270.59,4869
2271.36,4867
2275.06,4866
2284.8,4864
2285.58,4862
2292.99,4861
2293.49,4860
2295.68,4858
2307.95,4856
2310.06,4855
2310.46,4854
2317.38,4853
2318.18,4849
2335.45,4846
2342.58,4844
2344.74,4843
2347.48,4842
2388.2,4841
2388.62,4840
2398.63,4839
2409.83,4838
2437.4,4835
2443.12,4834
2444.32,4833
2447.89,4832
2448.41,4829
2448.84,4828
2470.94,4827
2475.62,4825
2476.05,4824
2498.92,4823
2502.22,4821
2502.62,4820
2527.9,4819
2528.76,4818
2529.37,4817
2542.7,4816
2543.09,4815
2550.45,4814
2551.07,4813
2555.37,4812
2557.62,4811
2565.11,4810
2568.04,4809
2568.46,4807
2580.59,4806
2581.08,4805
2581.48,4803
2586.98,4802
2587.38,4801
2601.99,4799
2604.97,4798
2606.58,4797
2613.8,4795
2617.06,4794
2644.41,4792
2644.86,4791
2646.52,4790
2651.51,4789
2652.92,4788
2654.7,4787
2655.19,4786
2658.72,4784
2662.37,4783
2663.52,4780
2667.14,4779
2681.82,4777
2695.64,4775
2696.5,4774
2721.56,4772
2726.78,4771
2727.2,4770
2737.19,4769
2737.56,4768
2755.61,4767
2759.23,4766
2763.69,4765
2766.18,4764
2774.68,4763
2787.09,4761
2787.48,4760
2817.94,4759
2835.68,4758
2890.88,4757
2896.61,4755
2904.44,4752
2913.82,4751
2916.39,4750
2916.8,4748
2934.64,4747
2963.59,4746
2966.76,4744
2971.19,4743
2978.57,4742
2998.83,4741
3002.62,4740
3008.58,4739
3038.11,4738
3044.8,4737
3083.39,4735
3215.77,4733
3217.72,4732
3219.05,4731
3359.73,4729
3367.95,4727
3412.76,4725
3432.81,4724
3486.2,4723
3505.36,4722
3506.2,4720
3506.58,4719
3574.31,4718
3594.35,4716
3624.76,4715
3646.38,4711
3677.2,4710
3685.68,4707
3702.03,4706
3717.01,4705
3730.36,4704
3732.89,4703
3737.17,4701
3737.98,4700
3787.42,4697
3791.54,4696
3800.62,4695
3802.82,4692
3821.09,4691
3822.65,4688
3923.23,4687
3925.7,4684
3927.43,4683
3933.99,4682
3990.78,4679
4005.54,4678
4006.71,4676
4014.39,4675
4016.95,4674
4018.5,4673
4022.76,4669
4092.38,4668
4134.97,4667
4153.77,4666
4157.75,4665
4199.03,4664
4200.28,4663
4228.71,4662
4231.96,4661
4512.32,4660
4520.14,4658
4536.11,4657
4537.01,4656
4537.44,4653
4564.19,4651
4599.09,4650
4649.98,4649
4650.87,4647
4733.11,4645
4760.37,4644
4885.47,4643
4885.91,4642
4890.27,4641
4917.81,4640
4918.61,4639
4928.96,4638
4933.36,4637
4954.26,4636
4954.74,4634
4971.57,4633
4972.42,4632
4972.82,4631
5047.06,4630
5078.41,4629
5078.94,4628
5080.54,4627
5084.91,4626
5116.71,4625
5233.08,4624
5263.23,4620
5302.2,4619
5318.68,4618
5321.56,4615
5322.76,4612
5348.5,4611
5351.8,4610
5363.41,4609
5363.84,4608
5369.77,4607
5373.5,4606
5429.04,4605
5430.07,4604
5437.88,4603
5438.3,4602
5442.14,4599
5461.93,4595
5642.29,4594
5658.03,4591
6255.94,4590
6266.52,4589
6269.07,4588
6288.65,4587
6294.76,4586
6296.36,4584
6296.81,4583
6311.5,4582
6312.57,4581
6312.96,4579
6370.37,4577
6439.15,4576
6442.37,4575
6442.83,4574
6453.67,4573
6461.83,4572
6462.31,4571
6505.65,4570
6506.9,4567
6552.4,4566
6557.92,4565
6560.82,4564
6564.85,4563
6567.21,4561
6646.18,4557
6647.43,4556
6691.47,4555
6696.78,4554
6699.21,4552
6723.87,4551
6742.06,4550
6772.31,4549
6778.3,4548
6779.56,4547
6779.95,4546
7169.27,4545
7175.82,4544
7201.8,4543
7209.6,4542
7227.26,4541
7229.46,4540
7395.12,4539
7396.82,4538
7397.58,4537
7397.96,4536
7400.82,4533
8588.66,4532
8604.52,4531
8605.74,4530
8610.27,4529
9039.28,4527
9055.25,4526
9056.44,4525
9233.08,4524
9233.5,4523
9235.22,4522
9246.05,4521
9251.06,4520
9252.42,4518
9257.61,4517
9258.53,4516
9304.75,4515
9817.85,4512
9822.41,4511
9822.78,4509
10199.6,4507
10204.4,4506
10223.9,4505
10245.8,4503
10248.4,4502
10630.7,4501
10733.2,4500
10740.6,4499
11313.8,4498
11322.8,4497
11323.5,4496
11346.4,4492
11388.6,4491
11389,4490
12571.7,4489
12645.4,4488
12654.1,4487
12678.6,4486
12711.7,4485
12713.4,4484
12713.8,4482
12754.1,4480
12793.2,4479
12794.4,4477
12819.2,4476
12865.9,4475
12899.1,4473
12899.5,4471
12929.9,4470
12930.3,4469
12931.9,4467
13002.1,4466
13007.6,4463
13056.2,4462
13058.2,4461
13061.8,4459
13075.3,4458
13087.7,4457
13088.6,4456
13089.9,4455
13092.6,4454
13111.7,4453
13114.4,4452
13116.1,4451
13130.8,4449
13132.7,4448
13133.1,4447
13135.1,4446
13135.6,4445
13136,4444
13139.7,4443
13144.1,4440
13876.2,4439
13877.4,4438
13880.8,4437
13899.9,4436
17357.2,4434
21184.6,4431
21185.5,4430
21229.7,4429
21375.8,4427
23316.9,4426
23331.2,4425
23432.3,4424
24264,4423
24273.4,4421
24276.2,4420
24404.6,4419
24405,4418
24604.4,4417
24617,4416
24630.3,4415
24721.9,4414
24722.8,4413
24767.2,4412
24767.6,4411
24782.9,4410
26990.5,4409
26990.9,4408
27032.1,4407
27034.2,4405
27970.9,4403
27976.2,4402
27978.9,4401
28000.6,4400
28010.1,4399
28011.5,4397
28013.5,4396
28026.9,4395
28033,4394
28036.1,4392
28041.5,4391
28660.1,4388
31197.4,4387
31198.2,4386
