0.864929,8360
1.31769,8359
1.75037,8358
2.22249,8357
2.64564,8356
3.11451,8355
3.6748,8354
4.349,8353
4.87731,8352
5.36213,8350
5.85897,8349
6.49014,8348
6.9213,8347
7.37635,8345
7.79397,8342
8.27435,8341
8.76387,8339
9.21281,8338
9.65168,8337
10.0663,8335
10.5049,8333
10.9404,8332
11.3764,8326
11.8508,8325
12.3392,8323
12.791,8322
13.2304,8320
13.659,8316
14.0625,8309
14.4794,8304
14.8947,8301
15.329,8296
15.8464,8294
16.3246,8292
16.7294,8291
17.1439,8289
17.5742,8284
17.9752,8281
18.4118,8280
18.8248,8278
19.2479,8274
19.7679,8268
20.208,8266
20.6324,8257
21.0696,8256
21.4772,8254
21.8942,8250
22.3684,8248
22.7948,8245
23.2649,8244
23.755,8240
24.1736,8239
24.5802,8238
24.9993,8231
25.4158,8230
25.8299,8227
26.255,8225
26.9243,8224
27.3987,8223
27.8352,8221
28.2416,8220
28.6534,8219
29.0582,8218
29.4764,8215
29.9182,8213
30.3638,8212
30.9404,8211
31.4186,8209
31.8487,8208
32.2624,8206
32.6931,8205
33.1553,8204
33.5901,8197
34.0078,8192
34.4798,8191
34.9596,8190
35.4067,8188
35.8153,8184
36.2332,8183
36.6703,8178
37.0812,8175
37.5128,8171
37.9326,8165
38.4516,8163
38.9281,8159
39.3493,8155
39.7714,8154
40.2057,8151
40.6302,8148
41.0435,8143
41.4727,8142
41.939,8141
42.4342,8138
42.8211,8131
43.2518,8130
43.6847,8126
44.0909,8125
44.5116,8122
44.9242,8121
45.3331,8120
45.8347,8118
46.3401,8116
46.9669,8112
47.4068,8111
47.8635,8108
48.2835,8105
48.6763,8103
49.0775,8101
49.5712,8098
50.0371,8091
50.4818,8087
50.8966,8085
51.2941,8084
51.7148,8083
52.1197,8080
52.5481,8071
53.0176,8070
53.5063,8068
53.9655,8064
54.3953,8063
54.8099,8054
55.2963,8049
55.7454,8048
56.2078,8046
56.6801,8043
57.19,8041
57.6926,8039
58.1303,8037
58.5855,8035
59.047,8033
59.4953,8032
59.9454,8029
60.3786,8028
60.9462,8027
61.499,8026
61.9774,8024
62.4632,8023
62.9718,8021
63.3801,8019
63.796,8017
64.2157,8014
64.7608,8012
65.2102,8011
65.6218,8009
66.0307,8006
66.4436,8004
67.0637,8002
67.4798,7998
67.8948,7995
68.4054,7994
68.8721,7986
69.2863,7985
69.7086,7983
70.1301,7978
70.5347,7975
70.9601,7973
71.386,7971
71.823,7970
72.3187,7969
72.7714,7966
73.2013,7965
73.6177,7964
74.0197,7963
74.4336,7961
74.8433,7960
75.2953,7959
75.7601,7951
76.2362,7947
76.6724,7946
77.0864,7945
77.4917,7943
77.9116,7940
78.3314,7939
78.7389,7938
79.1456,7936
79.6436,7935
80.0965,7933
80.5071,7931
80.922,7926
81.3275,7923
81.745,7919
82.1473,7917
82.5783,7916
83.0173,7913
83.4941,7911
83.9467,7907
84.362,7903
84.7774,7902
85.1824,7900
85.5873,7899
86.0326,7897
86.443,7891
86.9015,7890
87.6005,7889
88.0166,7888
88.4238,7885
88.8476,7884
89.2577,7880
89.6657,7877
90.0725,7875
90.4921,7870
91.0063,7868
91.5086,7865
91.9524,7860
92.3673,7858
92.8086,7856
93.2426,7851
93.6657,7849
94.083,7846
94.5628,7845
95.0564,7844
95.4674,7842
95.8884,7838
96.3147,7836
96.7391,7833
97.1429,7832
97.5784,7830
97.9903,7828
98.493,7827
98.9513,7826
99.3613,7825
99.7713,7824
100.18,7822
100.601,7821
101.019,7817
101.442,7816
101.871,7815
102.367,7814
102.812,7813
103.234,7802
103.642,7800
104.04,7798
104.461,7795
104.868,7791
105.27,7790
105.717,7789
106.186,7788
106.607,7787
107.041,7786
107.669,7784
108.151,7782
108.585,7780
108.999,7778
109.458,7777
109.931,7776
110.337,7775
110.748,7771
111.156,7770
111.554,7769
111.963,7766
112.389,7765
112.826,7764
113.318,7761
113.789,7754
114.219,7753
114.658,7752
115.112,7750
115.586,7748
116.051,7747
116.494,7741
117.01,7737
117.525,7735
117.974,7733
118.443,7731
118.901,7730
119.338,7728
119.781,7727
120.225,7724
120.751,7722
121.267,7721
121.757,7718
122.232,7715
122.727,7714
123.204,7711
123.621,7708
124.037,7706
124.529,7705
125.015,7704
125.428,7703
125.857,7702
126.285,7697
126.725,7696
127.179,7694
127.766,7692
128.326,7689
128.8,7688
129.246,7687
129.687,7683
130.094,7682
130.52,7681
130.924,7678
131.344,7676
131.79,7672
132.277,7669
132.714,7666
133.145,7665
133.565,7664
133.973,7661
134.379,7660
134.782,7656
135.195,7655
135.629,7651
136.131,7647
136.548,7646
136.953,7641
137.39,7638
137.805,7636
138.232,7635
138.643,7634
139.052,7633
139.542,7632
140.033,7631
140.444,7630
140.834,7627
141.251,7626
141.655,7624
142.061,7620
142.468,7619
142.895,7616
143.387,7615
143.824,7609
144.248,7607
144.651,7605
145.058,7602
145.465,7601
145.865,7597
146.272,7593
146.681,7592
147.184,7591
147.637,7589
148.339,7585
148.88,7583
149.528,7581
150.077,7579
150.681,7577
151.263,7575
151.795,7573
152.275,7572
152.891,7570
153.344,7567
153.767,7566
154.18,7561
154.718,7559
155.263,7557
155.797,7556
156.272,7554
156.734,7553
157.205,7551
157.663,7550
158.151,7548
158.729,7547
159.248,7546
159.721,7545
160.234,7542
160.664,7541
161.166,7540
161.622,7539
162.031,7537
162.553,7536
163.054,7534
163.494,7530
163.896,7526
164.304,7525
164.712,7524
165.126,7521
165.519,7519
165.922,7516
166.418,7514
166.885,7513
167.299,7512
167.75,7510
168.346,7507
168.824,7505
169.256,7503
169.667,7501
170.187,7500
170.624,7498
171.035,7494
171.455,7489
171.879,7488
172.291,7484
172.718,7483
173.139,7481
173.591,7480
174.067,7479
174.509,7478
174.928,7477
175.332,7473
175.781,7470
176.246,7469
176.71,7466
177.168,7465
177.706,7463
178.162,7459
178.628,7457
179.105,7455
179.595,7454
180.035,7452
180.53,7451
181.065,7448
181.611,7447
182.133,7446
182.628,7445
183.171,7442
183.61,7439
184.045,7437
184.457,7433
184.888,7432
185.401,7427
185.841,7422
186.243,7421
186.653,7419
187.069,7417
187.478,7416
187.921,7414
188.315,7413
189.003,7411
189.454,7410
189.873,7409
190.3,7406
190.715,7404
191.136,7401
191.558,7400
191.982,7399
192.421,7398
192.963,7397
193.409,7396
193.814,7395
194.215,7394
194.617,7393
195.027,7392
195.43,7389
195.827,7388
196.298,7387
196.773,7386
197.2,7385
197.61,7384
198.027,7382
198.473,7381
198.883,7380
199.324,7379
199.718,7377
200.22,7372
200.685,7370
201.112,7367
201.512,7366
201.937,7365
202.372,7364
202.809,7362
203.252,7360
203.694,7359
204.225,7358
204.673,7357
205.107,7356
205.526,7355
205.966,7351
206.342,7350
206.753,7349
207.167,7346
207.661,7345
208.188,7344
208.631,7342
209.262,7340
209.679,7339
210.165,7335
210.671,7333
211.114,7329
211.699,7328
212.174,7327
212.598,7326
213.051,7324
213.558,7323
214.052,7318
214.468,7316
214.92,7315
215.423,7313
215.875,7312
216.335,7308
216.757,7304
217.22,7303
217.642,7301
218.053,7299
218.459,7298
218.917,7297
219.396,7296
219.819,7295
220.248,7293
220.656,7291
221.068,7289
221.486,7288
221.91,7287
222.336,7286
222.984,7285
223.47,7284
223.93,7283
224.348,7282
224.764,7279
225.168,7278
225.57,7277
225.975,7275
226.395,7274
226.857,7273
227.31,7272
227.716,7271
228.159,7269
228.588,7268
229.025,7266
229.692,7265
230.174,7263
230.727,7261
231.192,7260
231.601,7259
232.029,7256
232.472,7254
232.914,7252
233.312,7250
233.735,7249
234.215,7246
234.674,7244
235.138,7242
235.544,7239
235.986,7237
236.465,7235
236.901,7234
237.342,7233
237.84,7232
238.337,7231
238.814,7227
239.269,7226
239.713,7225
240.16,7224
240.618,7223
241.049,7222
241.484,7220
242.026,7218
242.523,7217
243.015,7216
243.549,7215
243.972,7213
244.38,7212
244.8,7211
245.241,7207
245.774,7205
246.23,7204
246.646,7202
247.083,7201
247.495,7199
247.926,7197
248.366,7196
248.795,7191
249.265,7190
249.916,7187
250.342,7185
250.757,7184
251.171,7182
251.589,7181
251.994,7180
252.406,7179
252.832,7178
253.337,7177
253.824,7175
254.271,7174
254.671,7173
255.065,7170
255.473,7169
255.917,7167
256.36,7166
256.795,7165
257.279,7163
257.713,7162
258.137,7161
258.544,7160
258.956,7158
259.357,7157
259.764,7155
260.174,7154
260.633,7153
261.092,7152
261.497,7149
261.9,7147
262.311,7143
262.724,7142
263.119,7141
263.511,7140
263.937,7138
264.42,7137
264.871,7136
265.285,7135
265.68,7134
266.076,7133
266.483,7132
266.881,7131
267.31,7130
267.728,7129
268.216,7127
268.649,7126
269.062,7123
269.469,7122
270.043,7120
270.469,7118
270.883,7116
271.289,7114
271.79,7112
272.33,7111
272.838,7110
273.347,7109
273.892,7108
274.378,7107
274.8,7106
275.214,7105
275.685,7100
276.173,7098
276.594,7096
277.001,7094
277.419,7092
277.868,7088
278.291,7087
278.684,7086
279.093,7085
279.643,7084
280.133,7083
280.574,7080
281.04,7077
281.477,7076
281.967,7075
282.384,7074
282.847,7073
283.36,7072
283.835,7071
284.237,7070
284.609,7069
285.033,7068
285.438,7066
285.855,7065
286.267,7062
286.684,7060
287.181,7059
287.62,7058
288.049,7056
288.486,7055
288.868,7053
289.304,7052
289.732,7051
290.155,7050
290.637,7049
291.176,7043
291.566,7041
292.001,7039
292.419,7038
292.838,7036
293.247,7035
293.642,7034
294.06,7033
294.565,7032
295.18,7030
295.616,7029
296.002,7028
296.492,7027
296.928,7026
297.356,7025
297.806,7024
298.335,7023
298.843,7020
299.29,7019
299.722,7017
300.174,7016
300.617,7013
301.065,7012
301.49,7010
302.012,7008
302.533,7007
303.059,7006
303.538,7005
304.248,7003
304.721,7002
305.193,7001
305.709,6999
306.262,6998
306.682,6997
307.083,6996
307.496,6995
307.92,6993
308.333,6992
308.748,6991
309.147,6989
309.659,6988
310.12,6987
310.546,6986
310.952,6985
311.392,6983
311.799,6982
312.207,6980
312.618,6976
313.062,6975
313.558,6974
314.004,6972
314.414,6970
314.818,6969
315.2,6968
315.784,6967
316.192,6966
316.576,6964
317.051,6963
317.517,6962
317.92,6961
318.349,6960
318.752,6958
319.167,6957
319.571,6956
319.992,6954
320.423,6950
320.896,6948
321.395,6947
321.814,6946
322.235,6944
322.633,6942
323.058,6941
323.47,6940
323.874,6939
324.262,6937
324.736,6936
325.202,6935
325.608,6934
325.993,6933
326.403,6932
326.802,6931
327.192,6930
327.589,6929
328.007,6927
328.468,6926
328.921,6925
329.327,6924
329.732,6923
330.115,6922
330.515,6921
330.95,6920
331.372,6919
331.767,6918
332.258,6917
332.708,6914
333.11,6912
333.527,6911
333.955,6910
334.351,6909
334.832,6908
335.245,6907
335.899,6906
336.373,6904
336.772,6903
337.171,6901
337.581,6900
337.999,6899
338.383,6898
338.801,6897
339.211,6896
339.693,6894
340.148,6893
340.568,6891
340.979,6889
341.412,6888
341.829,6887
342.236,6886
342.642,6885
343.103,6884
343.582,6882
344.01,6881
344.424,6880
344.832,6879
345.227,6878
345.62,6877
346.032,6876
346.421,6874
346.831,6873
347.329,6872
347.747,6871
348.175,6870
348.575,6868
348.97,6866
349.359,6865
349.751,6861
350.201,6857
350.707,6856
351.221,6854
351.625,6851
352.055,6850
352.486,6849
352.912,6848
353.323,6846
353.719,6844
354.113,6843
354.601,6841
355.056,6840
355.472,6839
355.871,6838
356.291,6836
356.756,6834
357.188,6833
357.644,6832
358.129,6831
358.649,6830
359.096,6829
359.537,6828
359.976,6827
360.401,6826
361.021,6824
361.454,6823
361.936,6821
362.433,6820
362.938,6819
363.403,6817
363.88,6816
364.329,6815
364.743,6814
365.226,6813
365.632,6812
366.1,6811
366.551,6809
366.957,6808
367.344,6806
367.781,6805
368.196,6804
368.586,6802
368.994,6801
369.466,6799
369.943,6796
370.357,6795
370.779,6794
371.204,6793
371.611,6791
372.025,6788
372.427,6787
372.863,6783
373.352,6782
373.808,6781
374.233,6780
374.626,6773
375.031,6770
375.445,6769
375.834,6768
376.231,6767
376.624,6766
377.102,6765
377.55,6764
377.957,6763
378.368,6761
378.767,6760
379.168,6759
379.556,6758
379.951,6757
380.373,6756
380.867,6755
381.491,6754
381.881,6753
382.283,6751
382.683,6750
383.083,6749
383.481,6748
383.891,6747
384.314,6745
384.767,6744
385.229,6743
385.629,6742
386.027,6741
386.414,6740
386.818,6739
387.228,6738
387.606,6737
388.008,6734
388.495,6733
388.925,6732
389.334,6731
389.736,6729
390.131,6728
390.54,6727
390.95,6726
391.337,6725
391.751,6724
392.248,6723
392.694,6722
393.113,6721
393.507,6720
393.91,6719
394.325,6718
394.785,6717
395.24,6716
395.72,6714
396.19,6712
396.624,6711
397.016,6708
397.437,6707
397.88,6705
398.278,6703
398.682,6700
399.108,6699
399.559,6698
400.038,6697
400.462,6696
400.872,6695
401.464,6694
401.842,6693
402.252,6692
402.637,6691
403.097,6689
403.592,6688
404.019,6687
404.411,6686
404.833,6685
405.249,6684
405.642,6683
406.066,6682
406.484,6681
406.924,6679
407.385,6678
407.805,6677
408.203,6676
408.603,6675
409.012,6673
409.397,6672
409.819,6671
410.247,6670
410.764,6669
411.283,6668
411.727,6667
412.161,6666
412.574,6665
413.002,6664
413.434,6663
413.868,6662
414.292,6660
414.837,6659
415.286,6658
415.703,6657
416.117,6656
416.535,6655
417.001,6654
417.418,6653
417.854,6652
418.376,6650
418.876,6649
419.325,6648
419.762,6647
420.194,6646
420.649,6645
421.071,6644
421.675,6643
422.232,6641
422.717,6640
423.156,6634
423.611,6633
424.079,6632
424.533,6631
424.97,6629
425.353,6628
425.895,6626
426.408,6625
426.889,6624
427.324,6623
427.702,6621
428.143,6620
428.558,6619
428.945,6618
429.373,6617
429.867,6616
430.325,6615
430.721,6614
431.14,6613
431.554,6611
431.963,6610
432.375,6609
432.803,6608
433.219,6607
433.709,6606
434.157,6605
434.54,6604
434.953,6603
435.371,6600
435.786,6599
436.183,6595
436.584,6594
437.061,6593
437.523,6592
437.954,6591
438.366,6590
438.746,6589
439.152,6588
439.544,6586
439.94,6585
440.329,6584
440.738,6583
441.246,6582
441.683,6581
442.229,6580
442.625,6579
443.06,6578
443.468,6577
443.868,6576
444.263,6575
444.737,6574
445.184,6573
445.591,6572
446.008,6571
446.372,6570
446.782,6569
447.188,6567
447.575,6566
448.121,6565
448.691,6564
449.243,6563
449.738,6561
450.294,6560
450.757,6559
451.263,6558
451.759,6557
452.363,6556
453.009,6555
453.507,6554
453.974,6553
454.375,6552
454.817,6551
455.257,6550
455.743,6549
456.474,6548
457.007,6547
457.502,6546
458.045,6545
458.569,6544
459.021,6543
459.462,6542
459.939,6541
460.506,6540
461.007,6538
461.465,6537
461.92,6536
462.53,6535
462.97,6534
463.398,6533
463.856,6532
464.34,6531
464.793,6530
465.204,6529
465.609,6528
466.026,6527
466.404,6526
466.813,6524
467.196,6523
467.591,6522
468.081,6521
468.552,6520
468.981,6519
469.395,6518
469.809,6517
470.204,6516
470.605,6515
470.992,6514
471.415,6513
471.938,6512
472.44,6511
472.893,6510
473.299,6509
473.718,6508
474.101,6507
474.513,6506
474.919,6505
475.346,6504
475.827,6503
476.253,6502
476.639,6501
477.079,6500
477.525,6499
477.995,6498
478.439,6497
478.854,6496
479.401,6495
479.915,6494
480.37,6492
480.852,6491
481.311,6490
481.815,6489
482.47,6488
482.982,6487
483.477,6485
483.943,6484
484.402,6483
484.862,6482
485.317,6481
485.722,6480
486.092,6479
486.578,6478
487.06,6477
487.515,6476
487.945,6475
488.34,6474
488.743,6473
489.149,6471
489.544,6470
490.001,6469
490.446,6468
490.894,6467
491.366,6466
491.757,6465
492.165,6464
492.572,6463
492.993,6462
493.401,6461
493.806,6460
494.221,6459
494.718,6458
495.161,6457
495.548,6456
495.946,6455
496.344,6454
496.751,6452
497.148,6451
497.545,6450
497.994,6449
498.444,6448
498.874,6447
499.264,6446
499.67,6445
500.06,6442
500.499,6441
500.908,6440
501.363,6439
501.853,6438
502.357,6437
503.007,6436
503.413,6435
503.817,6434
504.222,6433
504.652,6431
505.049,6430
505.486,6429
506.012,6428
506.443,6427
506.819,6426
507.227,6425
507.614,6424
508.032,6423
508.422,6421
508.82,6420
509.229,6419
509.738,6418
510.148,6415
510.952,6414
511.334,6413
512.152,6412
513.458,6411
513.869,6410
514.298,6409
514.715,6407
515.119,6406
515.528,6404
516.315,6403
516.826,6402
517.29,6401
518.531,6400
520.167,6399
520.634,6398
521.108,6397
521.531,6396
521.948,6395
522.391,6394
523.026,6393
523.497,6391
523.957,6390
524.478,6389
524.96,6387
525.387,6386
526.179,6385
526.563,6383
526.97,6382
528.721,6381
529.134,6380
529.533,6379
529.982,6377
530.416,6375
532.777,6374
533.271,6373
533.686,6372
534.084,6371
534.5,6370
534.918,6369
535.327,6368
535.76,6367
536.24,6366
536.635,6364
537.033,6360
539.232,6359
539.735,6358
540.23,6357
540.654,6356
541.079,6355
541.514,6354
541.957,6353
542.4,6352
542.833,6351
543.512,6350
544.007,6349
544.45,6348
544.915,6347
545.381,6346
545.821,6345
546.217,6344
546.62,6343
547.107,6339
548.877,6338
549.271,6335
550.085,6334
550.487,6332
550.934,6330
551.385,6329
551.843,6326
555.322,6325
555.754,6324
556.194,6323
556.99,6322
557.787,6321
558.703,6320
559.534,6318
559.925,6317
560.321,6316
560.702,6313
561.104,6312
561.883,6311
562.394,6310
562.836,6308
563.253,6304
565.896,6303
566.347,6302
566.76,6301
567.538,6300
567.913,6296
568.318,6295
568.716,6293
569.526,6289
569.999,6288
572.058,6286
573.049,6284
573.62,6283
574.156,6281
578.437,6280
578.835,6276
579.652,6274
580.532,6273
580.965,6272
581.466,6270
581.925,6268
583.806,6266
584.213,6265
584.623,6264
585.579,6263
586.421,6262
586.837,6261
587.646,6260
589.78,6258
590.194,6255
592.157,6253
592.681,6249
593.588,6248
594.031,6245
594.426,6244
596.127,6241
597.783,6240
598.281,6238
598.717,6237
599.174,6236
600.627,6233
601.05,6232
601.501,6231
601.911,6229
602.354,6228
602.772,6226
603.226,6225
603.725,6224
608.064,6223
608.905,6220
610.513,6219
611.351,6218
611.847,6217
612.266,6216
612.67,6215
613.088,6213
614.282,6210
616.013,6207
616.405,6205
617.223,6202
618.044,6201
618.473,6200
619.37,6199
621.76,6198
622.149,6197
623.105,6196
623.536,6195
623.961,6194
624.365,6192
624.746,6190
625.146,6189
625.538,6183
625.945,6182
626.816,6180
628.848,6179
630.722,6178
631.1,6176
632.283,6172
633.488,6171
635.585,6170
635.964,6169
636.4,6168
636.797,6167
637.691,6166
638.229,6165
638.644,6164
639.061,6163
639.506,6162
640.314,6161
640.714,6160
641.132,6159
641.598,6158
642.076,6157
642.487,6156
642.877,6152
643.298,6151
644.112,6150
644.5,6149
645.835,6148
646.643,6145
647.422,6144
647.822,6143
649.147,6142
650.536,6141
650.94,6140
651.708,6138
652.52,6137
653.393,6136
653.827,6135
654.267,6134
654.731,6132
655.566,6129
656.007,6128
657.271,6123
658.532,6122
658.974,6121
660.394,6112
664.45,6111
666.201,6110
666.603,6108
666.987,6107
667.481,6106
667.916,6105
668.327,6104
668.783,6102
669.195,6100
669.718,6099
670.565,6098
671.534,6097
671.97,6096
672.387,6095
672.779,6093
673.594,6092
674.011,6091
674.402,6090
674.884,6089
675.343,6087
675.752,6086
676.97,6084
677.36,6082
677.764,6080
678.184,6073
679.106,6072
684.056,6068
688.108,6067
688.533,6066
688.915,6065
689.312,6064
689.762,6063
690.392,6061
690.776,6060
691.177,6059
691.558,6058
691.96,6057
692.366,6056
692.757,6055
693.178,6054
694.16,6053
694.606,6052
695.049,6051
695.492,6050
695.946,6048
696.754,6047
697.222,6046
697.651,6044
698.989,6043
699.394,6042
700.193,6041
700.598,6039
701.954,6037
702.355,6036
703.189,6035
703.585,6034
703.971,6033
704.38,6032
706.116,6030
706.892,6029
708.113,6027
708.614,6025
710.859,6024
712.041,6023
712.545,6021
712.954,6020
715.632,6019
716.991,6016
717.78,6014
719.061,6013
720.031,6012
720.505,6010
720.93,6008
722.663,6007
723.11,6006
723.605,5999
728.545,5997
728.941,5996
731.286,5995
731.715,5994
732.113,5993
732.526,5990
733.774,5987
736.738,5986
738.37,5985
738.829,5984
739.276,5983
739.682,5982
740.482,5981
741.277,5980
741.68,5978
742.087,5975
742.578,5973
748.997,5972
749.464,5971
750.678,5968
752.649,5967
753.11,5966
753.663,5965
754.108,5964
754.534,5962
754.959,5961
756.378,5958
757.294,5956
759.346,5954
761.741,5952
762.621,5950
764.342,5949
764.757,5948
766.083,5946
766.496,5945
766.873,5944
768.089,5943
768.509,5942
769.84,5941
770.243,5940
771.579,5939
772.429,5938
772.911,5936
773.737,5931
774.952,5930
775.358,5929
776.794,5928
778.843,5925
780.257,5924
780.771,5923
781.26,5922
782.223,5921
783.138,5919
784.125,5918
785.003,5916
785.443,5915
786.349,5913
788.96,5911
789.356,5910
790.212,5909
790.599,5907
792.154,5903
792.536,5902
796.686,5901
797.896,5899
799.645,5898
800.075,5897
800.493,5894
802.647,5893
803.965,5892
805.219,5891
806.046,5890
806.539,5889
806.984,5886
809.818,5885
810.271,5884
811.135,5883
812.481,5882
812.854,5881
813.265,5880
813.674,5878
814.587,5877
814.958,5876
815.364,5875
815.75,5874
816.539,5872
818.246,5871
819.899,5870
820.799,5869
821.229,5867
822.976,5866
823.977,5865
824.408,5862
827.473,5861
827.921,5859
830.217,5857
831.539,5856
831.934,5854
832.379,5853
832.869,5851
833.362,5849
835.356,5848
835.803,5847
837.366,5845
837.762,5843
838.95,5842
839.425,5841
840.823,5840
841.75,5839
842.171,5838
842.617,5836
843.025,5835
846.252,5834
846.68,5832
847.486,5831
848.4,5830
848.826,5827
850.853,5825
851.707,5824
852.191,5822
854.724,5820
855.596,5819
856.51,5817
857.085,5816
859.087,5815
860.019,5814
860.433,5813
861.248,5812
861.62,5811
862.421,5806
864.96,5805
865.788,5804
866.156,5803
866.565,5802
867.032,5801
867.477,5800
867.859,5797
873.425,5795
874.434,5793
874.89,5792
875.277,5791
875.675,5789
876.462,5788
876.859,5787
877.805,5786
878.294,5785
881.874,5784
882.793,5783
883.279,5782
883.699,5781
884.168,5778
885.851,5777
887.85,5774
888.266,5772
889.554,5771
892.015,5769
892.395,5767
893.279,5766
894.533,5765
895.35,5764
898.11,5760
899.825,5758
900.25,5757
900.735,5750
901.247,5749
906.552,5745
910.808,5744
914.241,5743
914.65,5742
915.461,5740
915.948,5738
918.151,5735
918.969,5733
920.324,5732
922.293,5731
923.096,5730
924.043,5727
924.837,5726
925.223,5725
927.74,5724
928.915,5723
929.312,5722
930.955,5718
933.013,5716
936.884,5715
937.346,5714
937.906,5713
938.457,5711
938.922,5710
939.74,5709
940.573,5708
940.972,5706
942.326,5705
946.1,5704
947.717,5703
948.963,5702
950.292,5698
950.699,5697
951.108,5696
952.295,5694
952.688,5693
955.99,5691
957.345,5690
958.353,5689
958.795,5688
959.212,5687
959.627,5685
960.51,5683
968.591,5681
969.055,5680
969.867,5679
970.251,5678
972.834,5677
973.243,5676
973.654,5673
976.987,5671
977.408,5670
978.21,5669
978.747,5667
981.425,5665
981.83,5664
982.656,5662
983.062,5661
984.778,5659
986.347,5658
988.063,5654
992.895,5652
993.298,5651
995.399,5648
997.329,5647
998.152,5646
999.615,5644
1001.29,5642
1001.68,5641
1007.24,5640
1008.83,5639
1009.24,5638
1009.72,5636
1010.97,5635
1011.36,5634
1011.75,5632
1013.49,5631
1015.23,5630
1016.03,5629
1016.44,5627
1018.19,5626
1019.04,5625
1019.64,5624
1021.05,5623
1021.51,5622
1024.16,5621
1024.64,5620
1025.54,5619
1026.46,5618
1031.16,5617
1032.01,5615
1032.92,5614
1033.39,5613
1033.8,5612
1034.2,5610
1034.6,5609
1038.29,5607
1041.01,5606
1041.8,5605
1043.5,5603
1043.95,5602
1045.51,5601
1046.68,5598
1050.02,5597
1052.52,5596
1053.06,5595
1053.94,5594
1055.32,5592
1055.75,5590
1057.56,5589
1058.05,5588
1062.9,5586
1066.37,5585
1066.79,5584
1067.99,5583
1069.58,5580
1070.5,5579
1072.91,5578
1073.33,5576
1074.27,5575
1078.01,5574
1078.88,5573
1079.71,5572
1081.89,5570
1082.83,5569
1083.28,5567
1087.74,5566
1088.61,5565
1089.53,5564
1091.12,5563
1091.53,5562
1094.09,5561
1095.29,5560
1095.68,5559
1096.06,5557
1098.62,5556
1099.79,5555
1100.96,5554
1101.4,5552
1104.88,5551
1105.27,5550
1106.09,5549
1106.52,5548
1106.92,5546
1107.77,5545
1108.67,5544
1110.2,5543
1111,5542
1111.4,5541
1111.89,5540
1113.11,5539
1113.54,5538
1113.99,5537
1114.38,5534
1115.34,5533
1116.27,5530
1118.73,5526
1121.35,5524
1121.79,5523
1125.49,5522
1125.9,5521
1126.29,5519
1128.41,5518
1135.74,5517
1139.02,5516
1139.88,5515
1140.35,5514
1142.44,5513
1145.56,5512
1146.02,5510
1147.33,5509
1149.53,5508
1151.19,5507
1151.99,5506
1153.69,5505
1154.58,5504
1155.41,5503
1157.15,5501
1157.58,5498
1159.57,5497
1160.41,5496
1161.91,5494
1163.53,5491
1164.85,5490
1165.25,5487
1165.64,5485
1170.9,5484
1173.3,5483
1174.21,5482
1174.62,5481
1175.01,5480
1175.4,5477
1176.3,5476
1177.07,5473
1179.23,5472
1180.24,5471
1187.73,5469
1191.45,5465
1195.63,5464
1196.01,5463
1196.39,5462
1197.18,5461
1197.57,5459
1198.85,5458
1200.09,5457
1201.53,5453
1207.25,5452
1208.56,5451
1209.85,5450
1210.32,5449
1210.74,5447
1211.16,5446
1212.33,5445
1212.72,5444
1213.11,5442
1214.01,5441
1214.47,5440
1222.54,5437
1226,5436
1226.79,5435
1228.33,5433
1229.25,5432
1229.67,5429
1237.8,5427
1238.19,5426
1240.26,5424
1240.67,5423
1245.44,5422
1245.88,5421
1246.3,5420
1248.03,5419
1248.42,5416
1250.44,5415
1251.34,5413
1252.99,5411
1253.38,5410
1254.2,5408
1255.12,5406
1257.51,5404
1258.26,5401
1258.75,5400
1259.2,5399
1270.55,5398
1271.74,5396
1273.69,5395
1276.25,5394
1277.04,5391
1281.23,5389
1281.71,5388
1282.11,5385
1285.14,5384
1287.17,5382
1289.67,5381
1291.66,5380
1292.05,5379
1293.37,5378
1298.53,5376
1300.69,5375
1301.89,5374
1308.78,5373
1309.56,5372
1310.79,5371
1315.55,5370
1318.79,5369
1320.43,5368
1320.84,5367
1321.31,5364
1324.78,5363
1327.07,5362
1331.46,5360
1331.85,5359
1335.5,5358
1337.12,5355
1342.2,5354
1344.6,5351
1345.51,5350
1346.3,5349
1348.95,5346
1354.12,5345
1356.78,5344
1357.29,5343
1365.31,5342
1370.59,5340
1372.33,5337
1374.38,5334
1375.18,5333
1375.65,5332
1376.1,5330
1390.84,5329
1391.67,5328
1394.05,5327
1395.37,5326
1395.75,5325
1396.98,5324
1397.39,5323
1398.26,5321
1399.5,5320
1399.91,5319
1400.3,5318
1400.71,5317
1401.62,5316
1404.63,5314
1407.7,5313
1411.53,5308
1416.35,5307
1416.79,5305
1421.01,5304
1423.15,5303
1425.46,5302
1425.86,5301
1430.32,5299
1430.76,5298
1431.18,5297
1435.06,5296
1438.35,5295
1439.21,5294
1439.67,5293
1440.06,5292
1440.43,5291
1443.53,5290
1447.71,5289
1448.15,5288
1448.62,5285
1449.05,5284
1450.6,5283
1453.41,5282
1455.97,5281
1456.38,5280
1457.17,5279
1458.54,5278
1460.59,5277
1461.03,5276
1461.9,5275
1466.5,5274
1466.89,5273
1467.27,5272
1468.83,5271
1475.65,5270
1476.04,5268
1476.94,5265
1477.77,5264
1479.81,5263
1491.96,5262
1493.65,5261
1494.08,5260
1494.48,5258
1498.56,5257
1501.87,5256
1504.32,5255
1504.86,5254
1505.35,5250
1509.29,5249
1509.74,5248
1510.14,5247
1511.74,5246
1512.14,5240
1518.74,5239
1524.6,5238
1525,5234
1530.81,5233
1531.36,5232
1531.76,5231
1534.31,5230
1536.25,5229
1537.94,5228
1541.17,5227
1542,5226
1542.38,5225
1542.76,5224
1544.41,5222
1544.86,5221
1545.29,5220
1548.08,5216
1556.77,5215
1557.56,5214
1557.96,5213
1559.17,5212
1559.61,5211
1560.07,5209
1562.41,5208
1562.87,5207
1563.38,5204
1565.79,5203
1567.14,5202
1568.06,5200
1572.67,5199
1573.06,5198
1577.91,5197
1578.36,5196
1578.85,5193
1583.81,5190
1585.85,5189
1591.19,5188
1592.73,5187
1595.62,5184
1601.09,5183
1607.19,5182
1609.37,5181
1610.17,5179
1610.94,5177
1614.28,5173
1624.29,5172
1626.11,5171
1629.42,5170
1629.88,5169
1630.74,5168
1631.75,5166
1632.14,5164
1632.52,5163
1634.07,5162
1636.16,5161
1641.61,5159
1644.11,5158
1646.99,5157
1647.4,5156
1649.07,5155
1651.72,5153
1655.4,5152
1656.35,5151
1658.5,5150
1658.92,5149
1659.4,5148
1668.66,5147
1669.16,5146
1669.59,5143
1673.82,5141
1674.24,5140
1696.12,5137
1702.5,5132
1704.76,5131
1705.19,5130
1705.59,5128
1708.55,5126
1709.34,5124
1714.71,5123
1715.11,5122
1716.66,5121
1717.45,5120
1717.88,5119
1718.72,5117
1720.69,5116
1724.29,5114
1740.24,5113
1741.48,5111
1742.27,5109
1743.03,5108
1745.5,5107
1746.44,5106
1749.62,5105
1750.47,5104
1753.93,5103
1764.01,5102
1764.9,5101
1765.68,5099
1766.49,5096
1773.1,5095
1773.5,5093
1781.74,5090
1782.22,5089
1782.66,5088
1786.25,5087
1788.56,5086
1788.97,5084
1793.67,5083
1798.19,5082
1798.59,5081
1798.98,5080
1799.4,5078
1800.69,5074
1806.76,5072
1812.41,5071
1815.21,5067
1827.4,5066
1829.79,5065
1831.94,5063
1840,5062
1840.76,5060
1841.2,5059
1848.44,5058
1851.94,5057
1853.65,5055
1861.82,5054
1866.55,5053
1867.41,5052
1870.85,5051
1872.22,5050
1873.86,5049
1874.68,5048
1881.14,5046
1886.06,5045
1886.46,5044
1886.84,5043
1887.34,5042
1887.75,5041
1898.03,5040
1898.93,5039
1899.73,5038
1900.11,5037
1900.51,5036
1903.77,5035
1904.26,5034
1908.45,5033
1909.24,5032
1909.7,5030
1914.95,5028
1924.52,5027
1927.7,5026
1934.25,5023
1942.3,5022
1945.26,5021
1949.53,5020
1950.5,5019
1955.96,5017
1958.24,5016
1959.34,5015
1966.98,5014
1976.29,5013
1976.68,5012
1983.11,5011
1985.73,5010
1986.57,5009
1994.01,5007
1995.57,5006
1995.95,5005
1998.4,5002
2004.84,5000
2005.26,4999
2006.04,4998
2011.88,4997
2012.5,4996
2015.81,4995
2017.34,4994
2017.8,4992
2018.21,4991
2018.65,4990
2020.43,4989
2022.04,4988
2024.25,4987
2024.75,4986
2025.95,4985
2027.25,4983
2035.49,4982
2037.87,4980
2041.13,4979
2041.53,4977
2042.42,4976
2049.38,4975
2050.38,4974
2059.48,4973
2059.87,4971
2060.7,4970
2061.92,4969
2073.01,4968
2075.02,4967
2079.78,4965
2080.24,4964
2082.66,4963
2083.16,4961
2084.9,4960
2086.48,4959
2087.81,4958
2088.59,4957
2097.61,4956
2099.89,4955
2101.48,4954
2105.44,4953
2108.42,4952
2110.3,4951
2126.42,4950
2134.97,4949
2138.56,4948
2154.42,4947
2155.8,4945
2156.2,4944
2166.29,4941
2167.6,4940
2176.35,4939
2177.12,4938
2190.35,4937
2191.13,4936
2191.53,4935
2192.84,4934
2195.62,4933
2196.5,4932
2198.44,4928
2201.35,4926
2203.79,4925
2209.19,4922
2219.64,4921
2221.22,4919
2221.59,4918
2227.43,4917
2237.07,4916
2237.53,4915
2238.35,4914
2244.71,4913
2246.61,4910
2257.93,4908
2259.75,4907
2266.77,4905
2275.51,4903
2277.19,4902
2277.97,4901
2280.12,4900
2280.51,4898
2291.77,4897
2296.21,4896
2298.33,4895
2298.74,4894
2305.9,4893
2308.18,4892
2311.48,4891
2311.87,4890
2312.68,4889
2313.55,4888
2314.78,4887
2316.72,4886
2323.61,4885
2323.98,4881
2327.26,4880
2330.59,4878
2336.69,4877
2341.25,4876
2348.63,4874
2353.6,4873
2355.53,4872
2359.97,4871
2376.98,4868
2421.99,4866
2423.29,4865
2427.36,4863
2427.75,4861
2429.18,4859
2430.42,4858
2432.04,4857
2439.4,4856
2444.22,4855
2444.99,4854
2447.05,4853
2450.83,4851
2470.16,4847
2477.61,4845
2477.99,4844
2479.25,4843
2496.92,4842
2506.2,4841
2506.6,4840
2510.76,4837
2530.69,4836
2531.21,4834
2534.79,4833
2535.81,4832
2536.22,4831
2539.07,4830
2542.23,4829
2546.74,4828
2547.51,4826
2559.14,4825
2567.3,4822
2568.11,4821
2568.53,4820
2597.56,4819
2608.5,4817
2611.13,4816
2619.39,4815
2620.56,4814
2621.77,4812
2629.79,4811
2642.99,4810
2645.47,4809
2645.86,4807
2660.6,4806
2661.37,4805
2668.57,4804
2669.36,4803
2669.72,4802
2671.35,4801
2672.84,4800
2692.22,4799
2696.05,4797
2702.85,4796
2707.36,4795
2714.78,4792
2720.74,4791
2726.06,4790
2730.53,4789
2730.91,4788
2738.9,4787
2740.62,4786
2741.41,4785
2742.21,4784
2749.05,4783
2749.83,4782
2761.3,4781
2779.62,4779
2782.86,4778
2791.66,4777
2801.29,4772
2836.72,4771
2872.28,4769
2877.63,4768
2878.89,4767
2943.14,4764
2954.46,4763
2954.94,4762
2956.27,4760
2959.71,4758
2961.11,4757
2977.91,4756
2979.05,4755
2994.15,4754
3006.38,4753
3015.03,4752
3031.38,4751
3051.03,4750
3060.37,4749
3061.16,4748
3069.87,4747
3086.47,4746
3086.86,4745
3097.34,4744
3103.27,4742
3123.23,4741
3127.48,4740
3128.32,4739
3137.99,4738
3139.35,4737
3154.96,4736
3158.63,4735
3159.05,4734
3189.49,4732
3190.34,4731
3211.41,4730
3215.03,4729
3222.01,4728
3223.59,4727
3224.57,4726
3296.15,4725
3296.96,4724
3303.39,4722
3307.15,4721
3312.95,4719
3348.42,4718
3363.66,4716
3364.94,4715
3367.87,4714
3368.33,4713
3555.13,4712
3555.56,4711
3563,4710
3565.07,4709
3566.61,4708
3567.38,4707
3573.36,4706
3582.33,4705
3586.62,4704
3602.65,4703
3609.46,4702
3613.27,4700
3660.29,4699
3997.52,4698
3998.68,4697
4001.33,4691
4004.55,4690
4016.3,4689
4017.85,4688
4025.32,4687
4026.11,4686
4026.59,4684
4054.83,4683
4064.33,4681
4073.35,4680
4074.94,4679
4075.35,4676
4086.53,4675
4087.8,4674
4090.11,4673
4095.56,4671
4112.89,4670
4125.15,4668
4125.75,4667
4126.13,4666
4126.53,4665
4146.46,4664
4148.96,4663
4149.34,4662
4149.72,4661
4152.53,4659
4152.93,4658
4176.86,4657
4187.54,4656
4363.18,4654
4365.2,4650
4386.71,4649
4388.78,4648
4393.35,4646
4393.74,4645
4396.51,4644
4426.79,4643
4430.04,4642
4435.62,4641
4443.69,4639
4451.06,4638
4455.11,4637
4462.17,4636
4463.09,4633
4493.82,4632
4494.22,4631
4506.48,4629
4506.89,4628
4592.4,4627
4592.84,4626
4593.25,4625
4639.18,4624
4744.92,4623
6136.09,4621
6138.15,4620
6143.8,4619
6147.29,4618
6148.7,4617
6149.19,4616
6177.93,4615
6178.36,4614
6188.9,4613
6195.48,4612
6195.88,4611
6213.22,4610
6230.06,4609
6348.75,4608
6349.67,4607
6351.62,4605
6407.09,4602
6410.86,4601
6780.5,4600
6829.13,4599
6834.05,4598
6837.4,4597
6843.1,4596
6927.04,4595
6928.61,4594
6932.52,4593
7211.06,4592
7262.41,4591
7406.43,4590
7438.49,4589
7448.1,4588
7455.28,4587
7510.28,4586
7517.75,4585
7521.75,4584
7522.12,4583
7525.36,4581
7780.7,4580
7782.03,4578
8250.8,4577
8311.31,4576
8311.77,4575
8329.85,4574
8343.87,4573
8356.18,4572
8357.07,4571
8358.76,4570
8362.41,4569
8364.45,4568
8365.35,4565
8405.25,4564
8408.09,4563
8472.44,4561
8473.29,4560
8474.17,4559
8482.61,4558
8484.62,4557
8488.38,4556
8496.5,4555
8592.44,4553
8594.74,4551
8628.59,4550
8628.99,4549
8649.66,4548
8700.38,4547
8734.35,4545
8754.52,4544
8797.79,4543
8836.41,4542
8836.81,4541
8844.66,4540
8880.89,4539
8885.9,4538
8886.29,4537
8892.12,4534
8900.46,4533
8903.13,4531
8915.48,4530
8915.89,4529
10388.8,4528
10399.1,4527
10724.7,4525
10725.1,4524
10729.3,4521
10743.8,4520
10745,4519
10753.7,4517
10754.9,4516
10759.6,4514
10767.4,4512
10804.2,4511
10807.9,4509
10808.3,4508
10834,4507
10859.5,4506
11165.2,4505
11300.7,4504
12144.4,4502
12146.3,4501
12163.5,4500
12172,4499
12174.1,4498
12642.9,4497
12678.5,4494
12765.3,4492
13844.1,4491
13870.5,4490
13894.5,4489
13903,4488
13908.3,4487
15295.6,4486
15296,4485
15479,4484
15481.5,4483
15486.8,4481
15651.9,4480
15672.2,4479
15673.9,4478
15681.4,4476
15686.7,4474
15687.9,4473
15689.1,4472
15692.3,4471
15693.9,4468
15812.8,4466
15818.6,4463
15819,4462
15819.8,4461
15821.1,4459
16779.1,4457
16800,4456
16802.1,4455
16802.4,4454
16985.2,4452
16996.1,4451
16998.2,4450
17000.9,4449
17009.3,4448
17010.6,4446
17011.1,4445
17266.9,4443
17284.3,4442
17305.9,4441
17306.8,4440
17356.2,4439
17359.8,4436
18979,4435
19016.8,4434
20074.1,4433
20087.1,4432
20358.3,4431
20359.8,4430
20366.9,4428
20370.3,4427
20374.9,4426
20427.9,4425
20429.9,4424
20434.9,4422
20439.3,4421
20488.7,4420
20496.9,4419
22601.2,4418
22604.4,4417
22609.8,4416
22652.5,4415
22689.9,4414
22694.9,4413
22695.3,4412
22695.7,4411
24739.4,4410
24763.7,4409
24766,4408
24766.8,4407
24768,4406
24769.2,4403
24770,4402
24909.5,4401
24913.4,4399
24916.3,4398
24918.7,4396
25003.9,4395
25066.1,4394
25067.3,4393
25080.5,4392
25098.4,4391
25100.9,4389
25102.4,4388
25128,4387
25129.4,4386
25129.8,4384
