0.86476,8360
1.33534,8359
1.7598,8358
2.2192,8357
2.68114,8356
3.12022,8355
3.63842,8354
4.32284,8352
4.83189,8351
5.31828,8349
5.82748,8346
6.42828,8345
6.86876,8340
7.29494,8338
7.75695,8337
8.20453,8333
8.71823,8330
9.16716,8329
9.59927,8328
10.031,8327
10.451,8326
10.867,8325
11.3023,8324
11.7425,8322
12.2439,8319
12.7226,8318
13.1462,8315
13.5807,8313
13.999,8303
14.3949,8298
14.8312,8297
15.2428,8293
15.7136,8292
16.2131,8291
16.6456,8288
17.0587,8286
17.5124,8279
17.9148,8278
18.329,8276
18.7471,8271
19.1596,8270
19.648,8267
20.1155,8266
20.5269,8265
20.9363,8263
21.3633,8261
21.8247,8260
22.2767,8258
22.6929,8255
23.1985,8253
23.6769,8251
24.0885,8250
24.5004,8247
24.9225,8244
25.3323,8241
25.7378,8240
26.1398,8239
26.799,8236
27.2888,8231
27.7375,8229
28.1508,8227
28.5768,8223
28.9776,8218
29.3997,8216
29.8336,8213
30.2501,8211
30.8184,8209
31.3342,8203
31.7425,8201
32.1548,8199
32.5949,8198
33.0514,8195
33.4758,8190
33.8921,8189
34.3484,8186
34.8586,8184
35.2955,8179
35.7105,8178
36.1179,8177
36.5529,8175
36.9634,8174
37.372,8172
37.8198,8170
38.3125,8164
38.7986,8162
39.2168,8160
39.6297,8153
40.0573,8152
40.4724,8151
40.8993,8147
41.3445,8143
41.7726,8142
42.2563,8140
42.7127,8138
43.1459,8134
43.5791,8133
43.9936,8130
44.3989,8122
44.8076,8118
45.2169,8116
45.6963,8114
46.2015,8113
46.8372,8111
47.2954,8109
47.7212,8106
48.1551,8103
48.5685,8102
48.9818,8095
49.4594,8092
49.891,8090
50.3433,8089
50.7657,8087
51.1911,8084
51.5891,8081
52.0004,8077
52.4118,8073
52.8439,8072
53.3408,8069
53.8283,8067
54.2761,8066
54.6876,8059
55.1563,8058
55.615,8054
56.0748,8053
56.5196,8050
57.037,8047
57.5566,8046
58.023,8045
58.4876,8044
58.9368,8043
59.3795,8041
59.8377,8038
60.2719,8037
60.8022,8036
61.3688,8031
61.8481,8027
62.3485,8022
62.8335,8019
63.2757,8017
63.6963,8016
64.13,8011
64.6569,8005
65.1214,8004
65.5356,8002
65.9619,8000
66.3878,7995
66.9127,7993
67.3753,7991
67.8195,7988
68.3162,7984
68.7875,7981
69.2177,7979
69.6455,7976
70.056,7970
70.466,7969
70.8915,7965
71.3155,7962
71.7327,7960
72.2443,7955
72.7013,7952
73.1304,7951
73.5526,7950
73.9749,7948
74.3761,7947
74.7932,7946
75.2286,7945
75.7069,7943
76.1611,7942
76.6032,7940
76.9999,7938
77.4069,7936
77.8187,7932
78.2294,7931
78.6411,7926
79.0432,7924
79.5313,7921
79.9994,7920
80.4352,7919
80.8409,7917
81.2493,7916
81.6517,7915
82.0477,7914
82.4854,7911
82.8989,7903
83.3833,7899
83.8385,7895
84.2582,7894
84.6575,7892
85.0754,7886
85.4833,7885
85.9219,7880
86.3461,7879
86.7841,7877
87.5102,7874
87.9266,7873
88.3323,7871
88.7592,7869
89.1572,7867
89.5765,7863
89.9835,7862
90.4143,7860
90.926,7858
91.4168,7855
91.862,7854
92.2961,7853
92.7226,7852
93.1286,7851
93.5527,7846
93.98,7845
94.4558,7843
94.922,7840
95.3739,7836
95.7899,7835
96.2107,7834
96.6255,7833
97.0484,7826
97.4764,7825
97.917,7820
98.4092,7815
98.8784,7810
99.2936,7809
99.7061,7808
100.128,7805
100.54,7804
100.941,7803
101.374,7801
101.828,7797
102.3,7796
102.756,7793
103.168,7790
103.574,7789
103.983,7787
104.389,7786
104.783,7783
105.201,7781
105.661,7780
106.129,7779
106.569,7775
106.995,7773
107.612,7771
108.089,7770
108.514,7769
108.928,7768
109.399,7764
109.88,7763
110.296,7762
110.71,7760
111.112,7757
111.522,7755
111.933,7754
112.338,7753
112.779,7749
113.239,7746
113.725,7743
114.169,7742
114.61,7741
115.054,7740
115.528,7739
115.992,7737
116.435,7736
116.935,7733
117.431,7731
117.911,7730
118.364,7726
118.839,7724
119.282,7723
119.761,7721
120.21,7718
120.73,7717
121.247,7716
121.747,7715
122.224,7714
122.749,7713
123.216,7712
123.653,7711
124.071,7709
124.572,7708
125.041,7704
125.464,7702
125.899,7695
126.313,7693
126.757,7691
127.187,7689
127.778,7688
128.325,7686
128.796,7683
129.236,7681
129.655,7678
130.066,7677
130.481,7674
130.895,7672
131.325,7667
131.745,7665
132.258,7663
132.708,7662
133.128,7661
133.528,7658
133.929,7657
134.338,7654
134.744,7653
135.156,7650
135.599,7647
136.067,7646
136.491,7645
136.906,7642
137.34,7640
137.756,7638
138.147,7632
138.557,7628
138.952,7627
139.424,7625
139.952,7624
140.366,7623
140.77,7622
141.172,7621
141.562,7619
141.964,7613
142.383,7610
142.813,7609
143.286,7608
143.763,7605
144.17,7603
144.574,7601
144.977,7600
145.378,7598
145.784,7595
146.197,7594
146.603,7593
147.092,7591
147.564,7588
148.257,7585
148.795,7582
149.431,7581
150.017,7580
150.506,7579
151.177,7578
151.635,7576
152.158,7575
152.724,7574
153.16,7573
153.61,7572
154.02,7570
154.474,7566
155.015,7565
155.562,7561
156.063,7560
156.547,7559
157.004,7558
157.455,7555
157.937,7552
158.498,7546
159.039,7545
159.492,7544
160.009,7542
160.454,7540
160.93,7539
161.415,7538
161.85,7537
162.313,7536
162.829,7535
163.31,7534
163.732,7531
164.132,7530
164.541,7528
164.959,7527
165.358,7526
165.767,7525
166.24,7524
166.713,7522
167.119,7521
167.549,7520
167.998,7519
168.62,7518
169.087,7516
169.496,7514
169.981,7513
170.453,7511
170.869,7510
171.287,7509
171.71,7508
172.115,7507
172.539,7506
172.967,7505
173.383,7500
173.873,7495
174.329,7493
174.749,7492
175.131,7491
175.546,7490
176.031,7485
176.48,7483
176.927,7482
177.435,7480
177.966,7479
178.404,7478
178.882,7477
179.372,7476
179.861,7472
180.295,7471
180.769,7469
181.38,7463
181.913,7460
182.384,7454
182.939,7453
183.411,7452
183.86,7451
184.271,7450
184.697,7449
185.177,7448
185.623,7444
186.053,7442
186.463,7440
186.859,7437
187.29,7435
187.718,7432
188.134,7429
188.782,7427
189.264,7426
189.69,7425
190.108,7424
190.524,7423
190.932,7421
191.377,7417
191.807,7416
192.232,7415
192.739,7412
193.227,7411
193.623,7408
194.051,7407
194.45,7403
194.863,7401
195.261,7400
195.662,7399
196.076,7398
196.556,7397
197.01,7393
197.417,7392
197.826,7390
198.264,7389
198.714,7386
199.131,7382
199.573,7381
200.025,7378
200.526,7377
200.965,7376
201.374,7375
201.81,7374
202.243,7372
202.674,7371
203.104,7370
203.59,7364
204.023,7363
204.524,7360
204.923,7358
205.372,7356
205.792,7355
206.209,7353
206.615,7352
207.024,7351
207.445,7350
207.973,7345
208.473,7342
208.898,7340
209.536,7339
210.023,7334
210.52,7333
210.963,7332
211.485,7331
212.037,7330
212.449,7329
212.908,7326
213.414,7324
213.844,7322
214.303,7321
214.754,7319
215.22,7318
215.673,7316
216.123,7313
216.577,7312
217.032,7311
217.471,7310
217.9,7308
218.304,7307
218.706,7306
219.218,7305
219.672,7301
220.084,7297
220.503,7293
220.914,7292
221.325,7291
221.749,7290
222.191,7289
222.76,7288
223.312,7287
223.77,7285
224.186,7284
224.617,7283
225.013,7280
225.417,7277
225.831,7276
226.224,7275
226.706,7272
227.161,7271
227.579,7270
227.999,7267
228.448,7266
228.892,7265
229.524,7264
230,7261
230.494,7260
231.024,7258
231.45,7256
231.87,7254
232.296,7253
232.737,7252
233.16,7250
233.564,7249
233.975,7247
234.499,7246
234.966,7244
235.394,7243
235.788,7242
236.265,7240
236.721,7239
237.169,7236
237.607,7235
238.147,7233
238.654,7232
239.07,7231
239.534,7230
239.977,7229
240.428,7228
240.867,7226
241.325,7225
241.815,7223
242.303,7221
242.786,7220
243.308,7219
243.812,7218
244.231,7217
244.644,7216
245.083,7211
245.54,7210
246.042,7208
246.455,7206
246.878,7203
247.291,7199
247.721,7197
248.152,7196
248.587,7195
249,7194
249.494,7193
250.14,7192
250.552,7191
250.958,7188
251.367,7187
251.792,7186
252.212,7184
252.665,7182
253.131,7181
253.627,7180
254.095,7179
254.518,7178
254.918,7177
255.335,7175
255.769,7174
256.22,7173
256.62,7171
257.09,7170
257.54,7169
257.965,7168
258.373,7167
258.795,7166
259.214,7165
259.606,7163
259.995,7161
260.404,7159
260.902,7156
261.318,7153
261.731,7151
262.114,7149
262.527,7148
262.946,7147
263.354,7146
263.754,7145
264.189,7141
264.665,7139
265.084,7134
265.488,7131
265.893,7127
266.288,7126
266.683,7125
267.119,7124
267.51,7123
267.945,7121
268.438,7120
268.864,7118
269.274,7115
269.666,7113
270.257,7112
270.669,7111
271.074,7110
271.51,7109
271.96,7108
272.53,7107
273.044,7106
273.526,7104
274.047,7103
274.537,7100
274.964,7098
275.349,7094
275.85,7092
276.305,7090
276.726,7089
277.12,7088
277.547,7087
277.996,7083
278.411,7082
278.815,7078
279.286,7077
279.772,7075
280.255,7074
280.693,7073
281.171,7071
281.633,7069
282.082,7068
282.534,7066
283.011,7065
283.489,7064
283.923,7063
284.334,7062
284.729,7060
285.14,7057
285.547,7056
285.946,7055
286.356,7054
286.814,7053
287.29,7050
287.713,7048
288.126,7047
288.551,7045
288.944,7042
289.38,7041
289.815,7039
290.236,7038
290.767,7036
291.261,7033
291.669,7032
292.08,7031
292.507,7030
292.932,7029
293.354,7027
293.756,7025
294.183,7024
294.674,7023
295.301,7022
295.713,7021
296.139,7020
296.591,7018
297.033,7014
297.468,7013
297.934,7012
298.454,7007
298.959,7005
299.417,7001
299.872,7000
300.303,6998
300.747,6997
301.187,6996
301.622,6994
302.161,6992
302.685,6990
303.204,6989
303.752,6988
304.41,6986
304.866,6985
305.315,6984
305.859,6983
306.388,6982
306.806,6981
307.227,6980
307.638,6979
308.065,6978
308.462,6977
308.879,6975
309.333,6973
309.824,6971
310.289,6970
310.699,6968
311.103,6967
311.494,6965
311.916,6964
312.334,6963
312.746,6961
313.217,6957
313.671,6955
314.104,6954
314.514,6952
314.927,6951
315.477,6950
315.887,6949
316.281,6948
316.682,6946
317.173,6945
317.617,6944
318.023,6943
318.434,6942
318.83,6941
319.244,6939
319.665,6938
320.052,6937
320.516,6936
321.004,6934
321.463,6932
321.87,6931
322.302,6930
322.727,6929
323.128,6928
323.52,6925
323.937,6923
324.34,6922
324.815,6921
325.256,6920
325.657,6917
326.046,6916
326.456,6915
326.838,6914
327.251,6912
327.638,6911
328.074,6910
328.568,6909
329.007,6908
329.405,6907
329.783,6906
330.194,6905
330.599,6904
331.028,6902
331.44,6901
331.874,6900
332.351,6899
332.79,6898
333.209,6897
333.6,6895
334.012,6894
334.451,6893
334.901,6892
335.295,6891
335.975,6890
336.426,6889
336.835,6888
337.225,6886
337.641,6885
338.071,6884
338.484,6882
338.882,6879
339.289,6876
339.778,6874
340.244,6872
340.649,6871
341.06,6870
341.47,6869
341.916,6868
342.297,6866
342.727,6865
343.197,6864
343.671,6863
344.084,6862
344.494,6861
344.877,6860
345.296,6858
345.699,6855
346.09,6853
346.49,6852
346.931,6851
347.385,6850
347.846,6849
348.248,6848
348.629,6847
349.048,6846
349.451,6845
349.851,6844
350.3,6843
350.817,6841
351.327,6840
351.719,6838
352.148,6836
352.59,6835
353.016,6834
353.408,6833
353.813,6831
354.218,6830
354.708,6829
355.173,6828
355.56,6826
355.97,6825
356.372,6824
356.842,6822
357.279,6821
357.729,6819
358.194,6818
358.7,6815
359.173,6813
359.604,6812
360.057,6811
360.503,6810
361.123,6809
361.564,6808
362.085,6807
362.594,6804
363.043,6803
363.526,6802
364.015,6801
364.46,6799
364.903,6796
365.332,6795
365.805,6793
366.25,6791
366.646,6790
367.061,6787
367.458,6786
367.867,6784
368.275,6783
368.671,6782
369.088,6781
369.551,6780
370.031,6779
370.463,6774
370.843,6771
371.276,6770
371.699,6769
372.106,6768
372.5,6767
372.941,6766
373.455,6765
373.928,6764
374.337,6763
374.739,6762
375.137,6761
375.545,6760
375.958,6759
376.34,6758
376.746,6757
377.242,6756
377.671,6755
378.075,6754
378.486,6752
378.881,6751
379.29,6749
379.694,6748
380.077,6747
380.506,6746
381.029,6744
381.615,6742
381.993,6740
382.398,6737
382.835,6735
383.214,6731
383.627,6728
384.06,6727
384.5,6726
384.949,6725
385.38,6724
385.796,6723
386.182,6721
386.578,6720
386.978,6719
387.367,6718
387.778,6717
388.22,6716
388.668,6715
389.102,6714
389.512,6713
389.902,6712
390.309,6711
390.719,6710
391.105,6709
391.512,6708
391.953,6707
392.424,6706
392.871,6705
393.268,6702
393.654,6700
394.067,6699
394.473,6698
394.909,6697
395.348,6696
395.837,6694
396.316,6693
396.707,6692
397.123,6691
397.536,6690
397.961,6688
398.362,6687
398.765,6686
399.167,6685
399.68,6684
400.123,6683
400.537,6682
400.96,6681
401.552,6680
401.97,6679
402.382,6678
402.779,6677
403.26,6676
403.733,6675
404.124,6674
404.537,6673
404.955,6672
405.35,6671
405.773,6670
406.178,6669
406.591,6668
407.037,6667
407.498,6666
407.918,6665
408.303,6663
408.706,6661
409.096,6660
409.502,6659
409.921,6658
410.348,6657
410.905,6655
411.356,6654
411.802,6653
412.233,6652
412.673,6651
413.081,6650
413.504,6649
413.949,6648
414.443,6647
414.931,6646
415.382,6645
415.751,6644
416.195,6643
416.585,6642
417.077,6641
417.499,6640
417.956,6639
418.492,6638
418.971,6637
419.419,6636
419.885,6635
420.305,6634
420.738,6633
421.19,6632
421.809,6631
422.319,6630
422.814,6629
423.263,6628
423.68,6627
424.189,6626
424.622,6625
425.051,6624
425.451,6621
426.012,6620
426.524,6619
426.987,6618
427.41,6617
427.794,6616
428.24,6615
428.649,6614
429.033,6613
429.449,6611
429.945,6610
430.397,6609
430.797,6608
431.209,6607
431.619,6606
432.012,6605
432.441,6604
432.846,6603
433.275,6602
433.76,6601
434.202,6600
434.591,6599
435.001,6598
435.414,6597
435.798,6596
436.215,6594
436.62,6593
437.093,6590
437.533,6589
437.973,6588
438.375,6587
438.785,6586
439.184,6585
439.573,6584
439.966,6583
440.387,6582
440.802,6581
441.296,6580
441.713,6579
442.258,6577
442.661,6576
443.069,6575
443.473,6574
443.867,6573
444.265,6572
444.735,6570
445.189,6569
445.589,6568
445.972,6567
446.375,6566
446.766,6565
447.156,6563
447.57,6562
448.089,6561
448.636,6560
449.148,6559
449.718,6558
450.208,6557
450.706,6556
451.188,6555
451.768,6553
452.347,6552
452.998,6551
453.52,6550
453.998,6549
454.4,6547
454.828,6546
455.339,6545
455.853,6544
456.497,6543
457.051,6542
457.51,6541
458.061,6540
458.58,6539
459.021,6538
459.459,6537
459.928,6536
460.456,6534
460.973,6533
461.421,6532
461.886,6531
462.484,6530
462.924,6529
463.363,6528
463.801,6527
464.29,6526
464.764,6525
465.163,6523
465.572,6522
465.985,6521
466.374,6519
466.763,6518
467.159,6517
467.557,6516
468.042,6515
468.519,6514
468.919,6509
469.334,6508
469.727,6507
470.126,6506
470.526,6505
470.917,6504
471.324,6503
471.834,6502
472.34,6501
472.789,6500
473.22,6499
473.632,6498
474.038,6497
474.453,6496
474.844,6495
475.243,6494
475.743,6493
476.157,6492
476.56,6491
476.995,6490
477.448,6489
477.905,6488
478.32,6486
478.773,6485
479.299,6484
479.823,6482
480.26,6481
480.746,6480
481.216,6479
481.727,6478
482.232,6477
482.865,6476
483.368,6475
483.865,6474
484.322,6472
484.814,6471
485.248,6470
485.632,6468
486.047,6467
486.525,6466
486.998,6465
487.467,6464
487.896,6462
488.284,6461
488.693,6460
489.087,6459
489.504,6458
489.942,6457
490.356,6456
490.815,6455
491.319,6454
491.722,6453
492.142,6452
492.524,6450
492.94,6449
493.339,6448
493.74,6447
494.148,6446
494.614,6445
495.093,6444
495.506,6443
495.899,6440
496.306,6439
496.699,6438
497.1,6436
497.489,6435
497.908,6434
498.4,6433
498.827,6432
499.225,6431
499.626,6430
500.021,6429
500.445,6428
500.89,6427
501.31,6426
501.822,6425
502.326,6424
502.984,6423
503.37,6422
503.755,6421
504.193,6420
504.611,6419
505.004,6418
505.401,6417
505.931,6416
506.365,6415
506.769,6414
507.15,6413
507.545,6412
507.956,6411
508.348,6410
508.751,6409
509.153,6408
509.632,6407
510.072,6406
510.462,6405
510.862,6403
511.266,6402
511.689,6401
512.088,6400
512.493,6399
512.924,6398
513.389,6397
513.824,6396
514.245,6395
514.639,6394
515.074,6393
515.474,6392
515.862,6391
516.263,6390
516.705,6389
517.223,6388
517.642,6387
518.074,6386
518.495,6385
518.893,6384
519.307,6383
519.721,6382
520.12,6381
520.588,6380
521.052,6379
521.486,6378
521.898,6376
522.335,6375
522.731,6374
523.383,6373
523.891,6372
524.429,6371
524.897,6370
525.333,6369
525.732,6368
526.142,6366
526.536,6365
526.933,6363
527.339,6362
527.723,6361
528.21,6360
528.65,6359
529.073,6358
529.484,6357
529.903,6356
530.339,6355
530.747,6354
531.172,6353
531.611,6352
532.123,6348
534.006,6347
534.425,6346
534.813,6345
535.632,6344
536.124,6343
536.537,6342
536.93,6340
538.669,6339
540.983,6338
541.445,6337
541.88,6336
542.34,6335
542.755,6334
543.393,6333
543.922,6332
544.373,6331
544.828,6330
545.285,6328
546.134,6327
546.522,6326
546.979,6325
547.494,6324
547.948,6323
548.345,6322
548.764,6321
549.161,6320
549.578,6319
549.967,6318
550.382,6317
550.78,6316
551.297,6315
551.742,6314
552.16,6313
552.552,6312
552.978,6311
553.375,6310
553.798,6309
554.234,6308
554.749,6307
555.201,6306
555.651,6304
556.065,6303
556.481,6302
556.903,6300
557.287,6299
558.561,6298
559.413,6297
559.8,6296
560.589,6294
561.378,6293
561.788,6291
562.231,6288
564.106,6287
564.49,6285
564.901,6284
565.319,6283
566.183,6282
566.622,6281
567.022,6280
567.407,6279
567.806,6278
568.596,6277
569.389,6276
569.855,6275
570.309,6274
570.704,6273
571.104,6272
571.516,6271
571.887,6270
572.396,6269
572.873,6268
573.405,6267
573.99,6266
574.405,6265
574.823,6264
575.24,6263
575.65,6262
576.092,6261
576.492,6260
576.891,6259
577.402,6258
578.289,6257
578.721,6256
579.145,6255
579.534,6253
579.952,6252
580.357,6251
580.783,6250
581.349,6248
581.858,6247
582.276,6246
582.678,6245
583.126,6243
583.569,6241
584.576,6240
585.073,6239
585.921,6238
586.366,6237
586.766,6235
587.181,6233
588.416,6232
588.861,6230
589.306,6229
589.714,6228
590.125,6227
590.509,6226
590.9,6223
591.29,6222
593.954,6221
594.383,6220
595.201,6219
595.587,6218
596.477,6217
596.922,6216
597.337,6215
598.218,6214
599.094,6212
599.513,6210
600.029,6209
600.971,6207
601.386,6206
601.822,6205
602.251,6202
604.32,6200
605.962,6199
606.441,6198
607.808,6197
608.291,6196
608.683,6195
609.091,6194
609.504,6192
609.893,6191
610.302,6190
611.107,6189
612.043,6188
612.456,6184
615.339,6183
615.795,6182
616.204,6181
616.592,6180
617,6179
617.397,6178
617.8,6177
618.253,6176
618.639,6175
619.541,6174
619.952,6173
620.745,6172
621.125,6171
621.517,6170
623.299,6169
623.719,6168
624.112,6167
624.516,6166
624.889,6165
625.294,6164
625.67,6163
626.074,6162
626.537,6159
628.206,6158
629.019,6157
630.487,6156
631.309,6155
631.694,6154
632.081,6153
632.483,6152
632.884,6151
633.286,6150
633.7,6149
634.176,6148
634.619,6147
635.006,6146
635.408,6145
635.793,6144
636.213,6142
636.59,6141
637.011,6140
637.453,6139
637.911,6136
638.444,6133
639.261,6131
639.702,6130
640.502,6129
640.897,6126
641.346,6125
643.052,6124
643.875,6123
644.278,6122
644.672,6121
645.113,6120
645.57,6119
646.428,6118
646.818,6117
647.228,6116
647.62,6115
648.039,6114
649.937,6113
650.327,6112
650.726,6111
651.106,6109
651.506,6108
652.303,6106
653.203,6105
653.612,6102
654.018,6101
654.485,6100
655.727,6099
656.2,6097
657.819,6095
658.248,6094
658.711,6093
659.149,6092
659.654,6091
660.622,6090
661.499,6088
662.365,6084
662.787,6082
664.252,6077
666.448,6076
666.852,6075
670.022,6074
670.409,6073
670.88,6072
671.838,6071
672.239,6069
672.655,6068
673.054,6066
673.47,6064
673.858,6062
674.282,6061
674.719,6060
675.625,6059
676.804,6058
677.215,6057
677.617,6055
678.029,6053
678.474,6051
680.94,6047
681.335,6046
681.746,6045
682.204,6044
682.647,6042
683.085,6041
683.476,6040
683.88,6039
685.062,6036
685.881,6035
687.15,6032
689.583,6031
690.61,6030
690.997,6029
691.401,6023
692.196,6019
695.305,6018
696.576,6017
696.987,6016
697.496,6015
698.351,6014
699.222,6013
700.438,6012
700.877,6011
701.34,6010
701.804,6008
702.179,6007
702.606,6006
703.001,6004
703.847,6003
704.257,6000
705.176,5998
705.973,5997
708.893,5996
709.713,5995
710.262,5993
711.065,5992
711.826,5991
713.184,5990
716.37,5989
716.773,5988
717.167,5987
717.548,5986
717.945,5985
718.343,5984
718.819,5983
719.231,5981
721.085,5980
722.366,5978
724.254,5977
725.617,5976
726.528,5974
728.651,5972
729.898,5971
730.413,5970
730.871,5969
731.81,5968
732.229,5966
733.861,5965
734.267,5964
734.711,5963
735.209,5962
735.61,5961
735.999,5958
736.414,5957
738.939,5956
739.365,5955
740.171,5954
740.962,5951
741.361,5950
742.646,5948
743.065,5947
744.248,5941
744.672,5940
745.058,5939
745.463,5938
745.913,5937
751.803,5935
752.233,5934
753.2,5933
753.672,5932
754.965,5930
755.418,5928
755.871,5927
757.283,5926
758.843,5924
760.731,5920
762.155,5918
764.332,5916
766.051,5915
766.443,5914
768.919,5911
769.384,5910
770.587,5909
771.945,5906
774.048,5905
774.874,5904
776.239,5902
776.702,5901
777.127,5898
777.519,5894
780.696,5893
784.94,5892
785.372,5890
786.266,5889
786.704,5887
787.12,5884
788.008,5883
789.243,5882
792.072,5880
793.269,5879
793.68,5878
795.819,5876
796.208,5872
796.612,5869
804.312,5868
805.158,5867
805.573,5864
807.311,5863
808.496,5862
809.293,5861
809.706,5860
810.134,5858
810.586,5857
811.012,5856
811.962,5852
813.986,5850
814.463,5849
814.852,5848
816.017,5847
818.061,5844
819.349,5843
819.759,5842
820.242,5841
824.225,5840
824.62,5839
825.531,5838
826.021,5835
826.448,5833
826.874,5830
830.467,5829
831.321,5828
832.148,5825
832.599,5824
838.393,5823
839.247,5820
840.635,5818
842.439,5815
844.294,5814
846.1,5813
846.54,5812
846.979,5811
847.363,5810
847.753,5809
848.699,5808
849.1,5806
849.893,5805
850.275,5803
851.599,5802
852.087,5801
852.94,5799
855.037,5798
858.185,5797
858.611,5796
859.007,5794
860.753,5792
861.913,5790
862.321,5788
863.671,5787
865.249,5786
866.455,5785
866.901,5784
867.367,5783
867.748,5782
869.321,5781
871.815,5780
872.314,5779
872.73,5778
873.25,5776
873.768,5775
874.312,5774
874.781,5772
875.179,5771
875.583,5770
875.961,5769
876.363,5768
876.747,5766
879.012,5765
879.385,5762
881.685,5760
883.065,5759
884.414,5758
884.803,5757
885.203,5756
885.642,5754
888.116,5751
890.674,5750
891.059,5749
891.833,5747
893.083,5746
893.969,5744
894.364,5743
894.783,5742
895.579,5741
898.388,5736
909.597,5735
910.759,5734
911.226,5733
911.639,5732
913.406,5731
915.395,5729
916.731,5727
917.525,5724
918.9,5723
921.028,5722
921.441,5721
921.836,5720
922.225,5719
923.024,5718
923.551,5715
924.002,5714
924.41,5712
924.787,5710
925.595,5709
925.975,5708
928.903,5707
931.764,5706
932.163,5703
933.765,5702
935.056,5701
935.861,5700
936.347,5697
938.344,5695
941.717,5694
943.053,5693
943.492,5692
944.275,5691
945.078,5690
945.492,5689
946.409,5688
947.609,5687
950.989,5686
951.401,5685
951.789,5682
953.46,5680
956.704,5679
957.229,5678
958.276,5677
960.419,5675
961.424,5674
963.573,5672
964.006,5671
967.154,5670
967.613,5669
969.766,5668
970.14,5667
970.55,5665
971.357,5663
973.958,5662
974.353,5660
974.769,5659
979.537,5658
980.061,5656
980.461,5655
981.251,5654
981.646,5653
982.093,5652
982.506,5650
983.349,5649
985.759,5648
986.155,5647
986.554,5646
986.959,5642
991.972,5641
993.14,5640
993.553,5639
993.948,5636
996.049,5635
996.836,5633
997.221,5632
998.008,5630
1000.35,5628
1006.72,5627
1008.31,5626
1009.1,5625
1009.57,5624
1010.02,5622
1011.23,5621
1012.06,5620
1012.87,5617
1013.34,5615
1013.81,5613
1016.31,5612
1016.68,5611
1018.07,5608
1019.52,5607
1021.82,5606
1022.7,5603
1028.64,5601
1029.49,5600
1029.88,5599
1030.67,5597
1031.48,5594
1033.27,5593
1036.6,5592
1037,5591
1037.4,5588
1038.19,5587
1039.59,5586
1040.1,5585
1040.5,5584
1043.83,5583
1044.63,5582
1048.39,5581
1049.4,5580
1049.86,5579
1051,5578
1051.52,5577
1051.99,5576
1054.22,5575
1054.65,5574
1056.02,5571
1057.91,5570
1058.5,5569
1059.45,5568
1060.53,5567
1064.67,5565
1065.92,5564
1067.6,5563
1070.53,5561
1071.33,5560
1071.72,5558
1074.29,5556
1076.68,5555
1077.98,5554
1079.28,5553
1082.82,5552
1083.69,5550
1088.2,5549
1088.64,5548
1089.15,5546
1089.58,5544
1095.73,5543
1096.12,5542
1096.6,5541
1099.04,5540
1099.44,5539
1102.68,5538
1103.51,5537
1103.95,5535
1105.31,5534
1106.52,5533
1107.74,5532
1108.22,5530
1111.02,5529
1113.96,5527
1114.78,5524
1115.29,5523
1123.08,5522
1125.46,5520
1130.53,5519
1131.01,5518
1131.85,5517
1133.14,5516
1136.84,5512
1137.22,5511
1138.91,5510
1139.78,5509
1140.22,5507
1141.8,5505
1142.3,5504
1150.66,5503
1151.06,5502
1152.64,5501
1153.07,5499
1158.68,5498
1159.46,5496
1160.72,5493
1165.1,5492
1165.5,5491
1165.9,5490
1166.28,5489
1169.94,5487
1171.5,5486
1173.1,5485
1174.83,5484
1176.11,5483
1176.54,5482
1176.93,5481
1177.7,5480
1178.15,5479
1179.59,5478
1180.92,5477
1181.95,5475
1184.71,5474
1186.72,5473
1188.42,5472
1188.85,5471
1189.25,5467
1193.39,5464
1196.33,5463
1197.88,5462
1199.17,5460
1199.57,5459
1207.46,5458
1208.86,5456
1209.69,5455
1212.57,5453
1213.36,5452
1213.83,5449
1215.19,5448
1215.96,5446
1216.37,5445
1216.76,5444
1220.06,5443
1220.45,5442
1220.85,5441
1221.32,5439
1221.77,5437
1222.32,5436
1225.36,5435
1226.17,5434
1233.1,5432
1233.48,5431
1233.9,5430
1235.88,5429
1236.34,5428
1237.53,5427
1240.4,5426
1241.6,5425
1241.98,5422
1245.1,5421
1248.94,5420
1249.74,5419
1250.52,5416
1251,5413
1253.88,5411
1254.75,5410
1256.41,5409
1256.82,5408
1257.23,5407
1257.61,5406
1259.29,5405
1263.98,5404
1264.84,5403
1266.13,5402
1267.98,5401
1270.2,5399
1272.22,5398
1274.71,5397
1278.04,5396
1279.3,5390
1279.71,5389
1280.1,5388
1285.76,5387
1286.95,5384
1287.7,5383
1288.1,5382
1288.51,5381
1289.42,5379
1289.81,5378
1290.22,5377
1290.6,5376
1292.63,5375
1294.27,5372
1297.5,5370
1298.28,5369
1299.5,5367
1301.96,5366
1304.23,5364
1312.16,5363
1314.17,5362
1315.58,5360
1316.78,5359
1317.16,5358
1322.35,5357
1326.17,5356
1327.16,5355
1327.58,5354
1328.01,5350
1330.25,5348
1331.09,5347
1331.91,5346
1332.71,5345
1333.07,5343
1337.64,5342
1338.91,5341
1343.4,5338
1344.21,5336
1350.12,5335
1351.74,5334
1352.14,5333
1359.58,5329
1367.84,5328
1370.61,5327
1371.01,5326
1371.39,5325
1373.17,5323
1373.56,5322
1373.98,5321
1374.4,5320
1374.79,5319
1375.68,5318
1378.44,5315
1378.86,5314
1380.98,5313
1383,5311
1388.43,5307
1394.02,5306
1396.49,5304
1397.35,5302
1397.74,5301
1398.21,5298
1403.31,5296
1407.6,5293
1409.81,5292
1412.17,5291
1413.8,5290
1414.19,5289
1417.46,5288
1418.23,5284
1419.39,5283
1421.74,5282
1422.91,5281
1423.39,5278
1426.47,5277
1431.9,5276
1432.38,5275
1435.74,5273
1440.62,5272
1441.82,5270
1453.26,5266
1460.46,5264
1462.63,5263
1463.4,5262
1463.82,5261
1467.1,5260
1467.91,5259
1469.54,5257
1471.72,5256
1472.52,5255
1474.94,5254
1478.72,5253
1483.98,5252
1486.54,5251
1488.65,5250
1489.07,5249
1489.45,5248
1495.34,5247
1503.33,5246
1503.83,5243
1509.63,5242
1511.67,5241
1512.09,5240
1512.48,5236
1520.65,5235
1521.04,5233
1524.83,5232
1525.25,5231
1526.93,5230
1527.73,5229
1528.11,5228
1530.97,5226
1534.03,5225
1536.77,5224
1538.03,5223
1544.47,5221
1548.64,5220
1549.09,5219
1549.87,5218
1552.1,5216
1552.99,5215
1555.45,5213
1556.35,5212
1557.57,5209
1560.43,5206
1565.74,5205
1568.88,5202
1569.34,5200
1570.28,5199
1572.64,5197
1588.58,5196
1588.97,5194
1591.06,5193
1596.67,5192
1598.13,5191
1599.29,5190
1599.67,5189
1600.91,5188
1605.03,5185
1610.04,5183
1612.06,5182
1612.52,5181
1612.94,5180
1617.32,5177
1625.42,5176
1627.98,5174
1631.12,5172
1636.01,5169
1636.78,5168
1643.21,5166
1646.07,5165
1646.51,5164
1648.09,5163
1649.41,5162
1650.7,5159
1651.72,5158
1655.83,5156
1658.06,5155
1663.65,5154
1665.29,5153
1666.92,5152
1669.97,5151
1670.37,5149
1670.76,5148
1672.4,5147
1673.33,5146
1674.92,5145
1675.69,5143
1677,5141
1682.74,5138
1683.23,5137
1692.39,5136
1693.98,5135
1695.62,5134
1696.03,5133
1700.64,5131
1707.56,5130
1707.97,5129
1708.37,5128
1726.17,5127
1728.5,5126
1731.23,5125
1738.3,5124
1738.7,5123
1740.37,5121
1741.99,5120
1742.36,5119
1744.23,5118
1748.44,5117
1748.86,5116
1749.7,5115
1750.14,5114
1751.49,5113
1759.42,5112
1765.3,5111
1768.63,5110
1769.85,5107
1775.97,5106
1778.08,5105
1778.95,5104
1779.73,5103
1780.91,5101
1781.76,5100
1786.63,5099
1787.4,5098
1788.19,5097
1789.91,5096
1790.74,5095
1791.18,5094
1793.7,5093
1798.58,5091
1800.7,5090
1804.68,5089
1806.77,5088
1807.29,5087
1809.69,5086
1814.05,5085
1816.89,5084
1817.29,5083
1817.66,5080
1830.2,5078
1830.6,5076
1838.33,5075
1841.52,5074
1843.6,5073
1847.58,5072
1849.13,5071
1851.86,5070
1855.23,5069
1856.42,5068
1857.28,5067
1858.52,5066
1861.83,5065
1862.99,5064
1864.76,5063
1868.9,5062
1869.8,5061
1874.33,5060
1881.19,5059
1883.21,5057
1883.68,5056
1884.92,5055
1886.11,5053
1886.51,5050
1899.01,5049
1901.76,5048
1905.16,5047
1906.92,5044
1909.72,5043
1915.8,5040
1923.6,5039
1925.03,5034
1938.96,5032
1939.8,5031
1944.72,5030
1945.1,5029
1946.27,5027
1947.12,5026
1956.35,5025
1958.73,5024
1964.89,5022
1965.28,5021
1968.22,5020
1968.98,5019
1969.39,5018
1969.79,5017
1970.3,5016
1975.89,5015
1979.97,5014
1980.38,5013
1981.24,5012
1982.24,5011
1983.08,5010
1985.23,5009
1989.28,5007
1998.79,5006
1999.17,5005
2002.15,5004
2017.29,5002
2025.5,5001
2026.27,5000
2027.18,4999
2027.97,4998
2028.33,4997
2031.68,4996
2033.58,4995
2034.51,4994
2036.56,4993
2041.03,4991
2073.44,4990
2074.8,4987
2081.27,4986
2081.68,4985
2082.08,4983
2095.06,4982
2107.38,4980
2107.82,4979
2110.13,4978
2111.54,4976
2116.57,4975
2117.41,4974
2117.84,4972
2118.25,4971
2119.84,4970
2121.51,4969
2123.44,4968
2130.78,4966
2134.86,4965
2135.63,4961
2148.96,4960
2150.16,4959
2151.43,4958
2153.07,4954
2190.26,4953
2198,4952
2202.48,4951
2203.25,4949
2230.88,4947
2232.28,4946
2232.76,4945
2234.59,4944
2235.02,4940
2248.14,4939
2249.04,4938
2250.68,4937
2253.7,4936
2256.76,4932
2257.26,4931
2258.23,4930
2263.97,4929
2264.46,4928
2272.49,4927
2272.88,4926
2278.2,4925
2280.72,4922
2281.15,4921
2283,4920
2286.51,4919
2287.91,4918
2289.64,4917
2295.17,4915
2295.57,4914
2339.94,4913
2343.62,4912
2354.5,4910
2362.79,4909
2363.63,4908
2364.39,4906
2365.54,4905
2375.63,4904
2377.44,4903
2401.72,4901
2416.11,4900
2420.91,4899
2423.77,4897
2432.19,4894
2440.71,4890
2441.58,4889
2442.04,4888
2446.42,4887
2452.54,4885
2459.5,4884
2466.1,4882
2471.65,4881
2479.41,4880
2483.03,4877
2489.61,4876
2509.24,4875
2523.64,4874
2524.47,4873
2532.16,4869
2564.43,4868
2566.97,4866
2568.59,4864
2569.05,4863
2569.53,4862
2577.38,4860
2579.76,4858
2580.17,4856
2600.49,4855
2601.27,4853
2605.53,4852
2609.6,4851
2611.56,4849
2617.6,4847
2618,4846
2618.47,4845
2619.32,4844
2620.9,4843
2624.96,4842
2636.75,4840
2640.44,4839
2640.83,4838
2641.8,4837
2661,4836
2661.38,4834
2666.18,4833
2667.81,4832
2668.99,4831
2670.56,4830
2670.93,4829
2671.58,4828
2673.73,4826
2715.66,4824
2732.33,4823
2735.67,4821
2746.29,4820
2749.53,4819
2751.56,4818
2776.28,4817
2778.45,4816
2780.98,4815
2781.77,4814
2782.16,4813
2782.92,4812
2783.3,4811
2784.05,4809
2788.62,4808
2789.38,4806
2793.95,4805
2797.66,4803
2799.75,4802
2811.18,4800
2843.16,4799
2847.92,4797
2865.28,4795
2874.51,4794
2881.14,4793
2884.27,4792
2895.63,4790
2897.84,4789
3037.81,4788
3039.79,4785
3053.9,4784
3056.76,4783
3068.22,4782
3070.29,4780
3077.91,4779
3081.14,4778
3091.95,4777
3094.37,4776
3098.86,4775
3107.23,4774
3119.68,4772
3127.76,4771
3128.16,4770
3128.59,4769
3132.51,4767
3133.77,4766
3134.71,4763
3169.61,4762
3178.41,4761
3181.63,4760
3182.16,4759
3188.65,4758
3196.22,4757
3245.58,4755
3246.81,4754
3248.01,4753
3248.88,4752
3249.32,4750
3249.71,4749
3257.02,4748
3258.79,4747
3290.68,4746
3325.54,4745
3358.93,4744
3362.52,4742
3362.93,4741
3364.08,4740
3364.5,4739
3383.47,4738
3385.12,4734
3560.05,4733
3569.31,4732
3570.11,4730
3570.9,4729
3580.67,4726
3609.1,4725
3625.17,4724
3627.57,4723
3636.25,4722
3638.22,4721
3645.53,4720
3648.02,4719
3794.76,4717
3796.77,4716
3813.9,4714
3824.2,4713
3838.2,4712
3873.63,4711
3954.57,4710
3957.87,4709
3960.47,4708
3960.85,4707
3961.25,4704
3965.25,4703
3969.61,4702
3989.31,4701
4047.93,4700
4055.05,4699
4061.1,4698
4071.8,4697
4092.84,4696
4107.3,4695
4117.97,4694
4139.26,4693
4149.96,4692
4150.72,4691
4151.62,4689
4243.56,4688
4243.97,4687
4253.14,4686
4253.58,4684
4363.33,4683
4401.66,4679
4411.43,4678
4414.72,4676
4443.14,4675
4504.43,4674
4542.95,4673
4552.45,4672
4552.85,4671
4553.63,4670
4591.06,4669
4650.69,4668
4651.13,4666
4686.68,4665
4700.32,4664
4701.23,4663
4743.28,4662
4745.71,4661
4810.74,4660
4817.01,4659
4817.39,4658
4827.12,4657
4831.33,4656
4837.18,4655
4838.04,4654
4841.25,4653
4845.47,4652
4847.79,4649
4906.36,4648
4907.51,4647
4923.14,4646
4924.05,4645
4924.83,4643
4940.59,4642
4951.3,4641
5022.87,4640
5023.65,4639
5064.64,4638
5089.3,4637
5090.21,4636
5099.12,4635
5105.52,4633
5106.72,4631
5122.28,4629
5125.12,4628
5126.79,4627
5206.06,4624
5218.89,4623
5219.27,4622
5269.66,4621
5279.6,4620
5279.98,4618
5284.17,4617
5299.38,4615
5313.55,4613
5355.6,4612
5355.99,4610
5358.95,4608
5426.61,4607
5554.04,4606
5554.94,4604
5595.3,4603
5603.17,4601
5614.14,4600
5677.34,4598
5689.81,4597
5694.6,4596
5697.79,4595
5760.35,4594
5760.79,4592
5766.74,4591
5768.46,4589
5788.27,4588
5793.25,4587
5794.88,4586
5799.8,4585
5840.12,4584
5841.66,4583
5861.93,4582
5862.37,4581
5869.34,4580
5871.92,4579
5885.13,4578
5891.1,4576
5898.64,4574
5912.88,4571
6579.87,4569
6581.45,4568
6582.26,4567
7428.49,4565
7469.46,4564
7469.95,4563
7584.9,4562
7595.87,4561
7751.34,4558
8371.24,4557
8383.11,4556
8384.58,4555
8385.46,4553
8410.26,4552
8568.77,4551
8871.6,4549
8886.65,4548
8889.96,4547
8907.9,4546
8937.55,4545
8944.16,4544
8955.82,4543
8969.51,4542
8983.86,4539
9161.01,4538
9164.71,4537
9165.13,4536
9165.8,4535
9220.62,4532
9241.78,4531
9246.42,4527
9259.09,4526
9260.04,4524
9260.44,4522
9275.36,4520
9275.81,4519
9529.37,4518
9583.64,4517
9828.98,4516
9837.05,4515
9844.67,4514
9847.22,4513
9851.67,4511
9908.09,4510
9908.48,4509
9911.4,4508
9912.23,4507
9938.07,4506
9939.24,4504
9943.12,4503
9953.16,4501
9975.57,4500
10982.3,4499
10982.8,4497
11093.3,4495
11312.8,4494
11314.6,4492
11401.1,4491
11428.8,4490
11439.6,4489
11441.7,4488
12373.1,4486
12398.8,4485
12405.7,4484
12783.2,4483
12799.7,4481
12939.3,4480
12940,4478
12946.7,4477
12947.1,4476
12950.7,4474
12951.4,4473
12960.9,4472
12982.2,4471
18850.9,4470
18860,4469
18863.8,4468
18870,4467
18884.6,4466
18885.6,4464
19045.9,4463
19051.9,4462
19060.8,4460
19124.8,4459
19133.6,4458
19134,4456
19163,4455
19172.1,4454
19172.5,4453
19191.1,4452
19312.7,4451
19314,4450
19316.5,4449
19319.3,4448
19321.8,4447
19328.5,4446
19338.5,4444
19353.9,4442
19384.1,4441
19385.4,4439
19386.6,4438
19407.7,4437
19408.5,4436
19415.2,4435
19501.8,4434
19798.8,4432
19839.9,4431
19844.5,4430
20756.6,4429
20759.5,4428
20913.8,4427
20983.8,4425
21092,4424
21210.7,4422
21211.9,4420
21215.7,4419
21252.3,4418
21539.4,4417
21541.3,4416
21541.7,4415
21548.3,4414
21549,4413
21549.8,4412
21552.8,4411
21561.2,4410
21571.9,4409
25236.9,4408
25266,4406
25328.7,4404
25329.1,4403
25740.9,4402
25790.1,4401
25791.9,4400
25793.2,4399
25832.4,4398
25836.1,4397
25851.3,4395
25853.6,4394
25855.3,4393
25857.3,4392
25859.9,4390
25867.6,4389
25872.5,4388
25879.2,4387
25884.3,4386
25898.4,4385
25899.5,4384
25962.6,4382
26207.2,4381
26254,4379
26579.2,4378
26597.4,4376
26609.8,4375
26614.2,4374
26614.7,4373
26615.1,4372
26616.7,4371
26622.8,4368
