0.909692,8360
1.3746,8359
1.81342,8358
2.24235,8357
2.71682,8356
3.17021,8355
3.61591,8354
4.34589,8353
4.86902,8351
5.35997,8350
5.90124,8349
6.48663,8348
6.91956,8346
7.34124,8343
7.78822,8341
8.2656,8336
8.76347,8335
9.22921,8330
9.65957,8328
10.0874,8325
10.509,8324
10.9296,8321
11.3741,8319
11.8277,8318
12.3312,8317
12.8065,8316
13.2521,8314
13.6888,8311
14.0979,8306
14.5088,8305
14.9347,8301
15.3376,8299
15.8156,8298
16.3102,8291
16.7186,8289
17.1462,8282
17.5702,8281
17.9887,8280
18.4055,8279
18.8295,8277
19.2338,8275
19.7414,8274
20.1945,8267
20.6092,8264
21.0137,8261
21.4488,8260
21.8885,8258
22.358,8249
22.8068,8245
23.2642,8238
23.7453,8237
24.1737,8236
24.5838,8231
25.0035,8227
25.4122,8224
25.8275,8221
26.2218,8220
26.8656,8217
27.3086,8213
27.7881,8210
28.1871,8208
28.6041,8206
29.0058,8202
29.4213,8200
29.8754,8198
30.2947,8195
30.8474,8194
31.344,8192
31.7585,8188
32.1932,8187
32.5982,8186
33.0576,8183
33.4975,8182
33.9267,8178
34.3553,8177
34.8484,8173
35.3069,8169
35.727,8165
36.1386,8164
36.5725,8158
36.9826,8157
37.3966,8153
37.8386,8149
38.3414,8145
38.7951,8141
39.224,8138
39.64,8135
40.0615,8134
40.4827,8132
40.8843,8131
41.3419,8129
41.7475,8127
42.2367,8126
42.6985,8124
43.1241,8122
43.5438,8119
43.9922,8118
44.3954,8114
44.7998,8112
45.1933,8110
45.6472,8109
46.1633,8108
46.7487,8100
47.2702,8099
47.7122,8098
48.1424,8091
48.5538,8090
48.9628,8089
49.4404,8086
49.9304,8084
50.3548,8083
50.7876,8082
51.1816,8080
51.5986,8075
52.0163,8068
52.4329,8067
52.89,8066
53.3938,8062
53.8492,8061
54.2885,8059
54.7241,8058
55.1694,8055
55.6292,8053
56.0791,8048
56.5301,8046
57.0529,8043
57.5956,8038
58.0257,8037
58.4767,8034
58.9296,8031
59.3779,8024
59.8381,8023
60.2879,8022
60.7874,8019
61.3495,8018
61.834,8016
62.3198,8015
62.8327,8014
63.285,8013
63.6889,8012
64.1194,8011
64.6451,8006
65.1276,8004
65.5419,8003
65.9432,7993
66.3564,7992
66.7647,7990
67.3592,7988
67.7678,7981
68.2515,7980
68.7264,7978
69.1584,7972
69.5756,7967
69.999,7965
70.4306,7961
70.8546,7959
71.2732,7957
71.6983,7956
72.1789,7954
72.6631,7950
73.0988,7949
73.5113,7945
73.9205,7943
74.3344,7940
74.7421,7939
75.1383,7936
75.5994,7934
76.0784,7933
76.5344,7931
76.9437,7924
77.3558,7923
77.7614,7922
78.1704,7919
78.5668,7917
78.9814,7914
79.4307,7913
79.897,7910
80.3555,7909
80.7557,7906
81.1562,7904
81.571,7902
81.9867,7901
82.3894,7898
82.8167,7896
83.2978,7895
83.7705,7890
84.1815,7887
84.5946,7886
84.9909,7883
85.4046,7881
85.8298,7880
86.2706,7878
86.684,7875
87.4119,7871
87.8575,7869
88.2797,7868
88.687,7865
89.0918,7861
89.4912,7860
89.9005,7859
90.3135,7858
90.7974,7857
91.262,7855
91.7347,7853
92.174,7849
92.6049,7847
93.04,7846
93.4598,7843
93.8647,7837
94.3017,7836
94.7917,7834
95.2753,7832
95.6998,7829
96.1079,7827
96.5328,7821
96.978,7820
97.3777,7818
97.8084,7817
98.2781,7812
98.746,7811
99.1766,7808
99.5824,7806
100.004,7805
100.419,7803
100.83,7797
101.244,7796
101.673,7794
102.15,7791
102.632,7787
103.055,7781
103.468,7777
103.879,7776
104.278,7774
104.688,7772
105.096,7768
105.505,7767
106,7766
106.459,7764
106.881,7762
107.32,7759
107.945,7757
108.412,7756
108.839,7755
109.248,7752
109.728,7750
110.177,7749
110.584,7747
110.986,7743
111.396,7741
111.801,7739
112.208,7736
112.62,7733
113.066,7732
113.557,7728
114.021,7726
114.451,7725
114.898,7722
115.333,7719
115.815,7716
116.267,7713
116.71,7710
117.251,7709
117.739,7706
118.213,7704
118.684,7702
119.139,7701
119.577,7691
120.02,7685
120.474,7684
121.017,7683
121.503,7680
121.985,7678
122.474,7677
122.975,7675
123.443,7674
123.852,7673
124.279,7667
124.816,7665
125.251,7663
125.655,7661
126.087,7657
126.51,7656
126.942,7652
127.391,7651
128.021,7650
128.525,7648
128.974,7646
129.431,7644
129.858,7643
130.276,7642
130.682,7637
131.097,7636
131.529,7635
131.977,7634
132.445,7631
132.878,7630
133.294,7629
133.706,7628
134.098,7624
134.531,7621
134.925,7620
135.338,7618
135.797,7616
136.273,7615
136.684,7612
137.087,7611
137.505,7609
137.928,7606
138.337,7603
138.742,7602
139.153,7596
139.625,7595
140.124,7594
140.535,7590
140.935,7589
141.339,7588
141.762,7584
142.156,7583
142.571,7573
142.982,7571
143.484,7569
143.935,7568
144.346,7567
144.757,7566
145.165,7564
145.576,7558
145.972,7555
146.398,7554
146.827,7553
147.304,7552
147.752,7551
148.462,7546
149.036,7545
149.681,7544
150.202,7539
150.815,7535
151.394,7534
151.894,7533
152.405,7531
152.966,7530
153.403,7529
153.835,7528
154.258,7525
154.78,7523
155.347,7519
155.874,7516
156.357,7514
156.783,7511
157.297,7510
157.766,7508
158.219,7505
158.8,7504
159.301,7503
159.791,7502
160.289,7501
160.753,7499
161.228,7498
161.662,7496
162.101,7495
162.639,7494
163.132,7491
163.558,7488
163.96,7487
164.353,7485
164.758,7483
165.169,7481
165.572,7480
165.964,7475
166.455,7472
166.906,7471
167.306,7470
167.759,7469
168.192,7468
168.8,7467
169.245,7465
169.657,7463
170.151,7461
170.612,7460
171.028,7458
171.467,7456
171.868,7455
172.276,7454
172.688,7453
173.099,7452
173.507,7449
174.011,7445
174.446,7444
174.871,7443
175.285,7438
175.707,7437
176.168,7435
176.629,7434
177.083,7431
177.596,7430
178.071,7427
178.55,7424
179.009,7421
179.491,7420
179.976,7418
180.43,7415
180.911,7414
181.52,7413
182.049,7412
182.499,7411
183.057,7410
183.528,7409
183.976,7408
184.393,7407
184.786,7398
185.282,7396
185.728,7394
186.146,7392
186.556,7391
186.963,7390
187.384,7389
187.813,7388
188.222,7386
188.865,7383
189.354,7382
189.79,7380
190.201,7374
190.608,7373
191.027,7372
191.453,7371
191.875,7369
192.309,7367
192.838,7365
193.3,7361
193.731,7360
194.123,7359
194.538,7356
194.949,7354
195.332,7353
195.74,7352
196.127,7351
196.612,7349
197.064,7348
197.478,7347
197.9,7342
198.336,7341
198.77,7340
199.207,7338
199.624,7337
200.093,7336
200.562,7332
201,7331
201.418,7328
201.821,7327
202.273,7325
202.703,7324
203.135,7323
203.557,7322
204.085,7318
204.575,7317
204.987,7315
205.404,7314
205.826,7313
206.241,7311
206.646,7310
207.054,7309
207.469,7307
208.03,7306
208.503,7304
208.928,7303
209.559,7302
210.035,7301
210.537,7300
210.992,7299
211.518,7297
212.038,7294
212.464,7293
212.885,7291
213.405,7290
213.874,7287
214.316,7283
214.757,7281
215.242,7278
215.734,7277
216.149,7276
216.586,7275
217.053,7274
217.481,7272
217.91,7271
218.323,7270
218.742,7269
219.25,7268
219.695,7266
220.123,7265
220.539,7262
220.946,7261
221.357,7260
221.776,7258
222.21,7257
222.782,7255
223.33,7254
223.791,7253
224.216,7248
224.654,7246
225.074,7245
225.467,7242
225.867,7241
226.269,7239
226.724,7237
227.193,7236
227.601,7235
228.027,7234
228.466,7231
228.906,7229
229.52,7228
230.015,7227
230.529,7225
231.049,7224
231.452,7223
231.888,7222
232.331,7220
232.763,7219
233.183,7218
233.593,7211
233.994,7209
234.473,7208
234.968,7206
235.359,7205
235.76,7203
236.237,7201
236.687,7200
237.133,7199
237.592,7196
238.089,7195
238.592,7194
239.033,7192
239.483,7190
239.925,7189
240.344,7185
240.819,7184
241.26,7183
241.759,7181
242.227,7180
242.701,7179
243.21,7178
243.731,7176
244.155,7175
244.577,7172
244.987,7171
245.454,7169
245.972,7167
246.406,7166
246.821,7165
247.263,7161
247.679,7160
248.106,7157
248.521,7155
248.94,7154
249.418,7153
250.041,7152
250.447,7151
250.846,7150
251.27,7148
251.69,7145
252.116,7144
252.517,7143
252.938,7142
253.435,7141
253.92,7139
254.345,7138
254.746,7136
255.152,7135
255.556,7133
256.016,7132
256.463,7131
256.898,7130
257.365,7129
257.817,7128
258.228,7127
258.607,7126
259.042,7124
259.45,7122
259.867,7120
260.276,7119
260.745,7117
261.221,7116
261.607,7114
262.01,7112
262.398,7109
262.831,7108
263.232,7107
263.638,7106
264.044,7104
264.511,7103
264.964,7102
265.375,7101
265.786,7100
266.188,7099
266.576,7097
266.993,7096
267.414,7094
267.837,7093
268.327,7090
268.766,7089
269.163,7086
269.576,7084
270.148,7082
270.571,7081
270.983,7080
271.367,7079
271.876,7078
272.417,7074
272.931,7072
273.432,7071
273.971,7070
274.449,7069
274.894,7066
275.304,7065
275.773,7063
276.232,7062
276.65,7061
277.063,7060
277.475,7057
277.913,7054
278.316,7053
278.715,7052
279.125,7051
279.661,7049
280.15,7048
280.573,7047
281.022,7045
281.471,7044
281.977,7043
282.404,7042
282.814,7040
283.34,7038
283.822,7037
284.228,7036
284.635,7035
285.016,7033
285.424,7032
285.816,7030
286.215,7028
286.619,7027
287.115,7026
287.56,7024
287.971,7022
288.372,7021
288.811,7020
289.237,7019
289.654,7018
290.075,7017
290.541,7016
291.072,7015
291.503,7014
291.909,7011
292.335,7010
292.754,7008
293.166,7006
293.571,7004
293.978,7003
294.434,7002
294.924,7000
295.507,6999
295.923,6998
296.349,6997
296.825,6996
297.263,6995
297.717,6994
298.233,6993
298.737,6991
299.211,6988
299.65,6985
300.081,6983
300.503,6982
300.952,6981
301.393,6979
301.872,6978
302.417,6977
302.868,6976
303.445,6975
304.014,6974
304.637,6972
305.064,6971
305.517,6970
306.086,6969
306.556,6967
306.978,6966
307.381,6965
307.811,6964
308.233,6963
308.641,6962
309.052,6961
309.532,6960
310.013,6959
310.442,6958
310.858,6957
311.287,6956
311.673,6955
312.082,6953
312.486,6952
312.917,6951
313.354,6950
313.873,6949
314.275,6947
314.683,6942
315.095,6940
315.653,6939
316.032,6937
316.457,6936
316.882,6935
317.349,6934
317.788,6933
318.213,6931
318.601,6930
318.992,6929
319.395,6927
319.82,6926
320.251,6924
320.679,6923
321.188,6921
321.616,6920
322.063,6919
322.477,6917
322.875,6915
323.282,6914
323.678,6913
324.071,6911
324.537,6910
324.976,6908
325.414,6906
325.807,6905
326.205,6903
326.598,6902
327.001,6901
327.395,6900
327.807,6899
328.244,6898
328.714,6897
329.142,6895
329.548,6893
329.936,6892
330.338,6891
330.749,6889
331.196,6888
331.593,6887
332.055,6885
332.54,6883
332.939,6882
333.355,6881
333.769,6879
334.206,6878
334.658,6877
335.062,6875
335.475,6872
336.158,6871
336.586,6870
336.988,6869
337.4,6868
337.829,6867
338.223,6865
338.625,6864
339.046,6863
339.483,6862
339.964,6861
340.404,6860
340.828,6859
341.237,6858
341.66,6857
342.085,6856
342.499,6855
342.928,6854
343.404,6853
343.88,6852
344.289,6851
344.678,6850
345.091,6849
345.493,6848
345.903,6847
346.286,6846
346.689,6845
347.146,6844
347.602,6843
348.024,6841
348.422,6840
348.823,6838
349.222,6836
349.625,6835
350.018,6833
350.458,6830
351.004,6829
351.485,6828
351.908,6824
352.315,6822
352.729,6821
353.155,6820
353.575,6819
353.95,6817
354.377,6816
354.862,6815
355.291,6814
355.703,6813
356.099,6812
356.526,6811
357.022,6810
357.461,6807
357.918,6806
358.411,6805
358.909,6804
359.353,6803
359.789,6802
360.233,6801
360.668,6798
361.261,6797
361.683,6796
362.202,6795
362.725,6791
363.207,6790
363.663,6789
364.131,6788
364.573,6787
364.998,6786
365.408,6785
365.897,6784
366.356,6783
366.762,6781
367.168,6780
367.569,6779
368.002,6777
368.417,6776
368.811,6775
369.229,6774
369.718,6773
370.163,6772
370.582,6771
371.001,6770
371.401,6769
371.816,6768
372.239,6767
372.632,6766
373.075,6765
373.604,6764
374.05,6763
374.458,6762
374.849,6761
375.261,6760
375.682,6759
376.066,6758
376.474,6757
376.875,6756
377.363,6755
377.81,6754
378.21,6753
378.611,6752
379.016,6750
379.404,6749
379.81,6748
380.235,6747
380.658,6745
381.303,6743
381.722,6742
382.119,6741
382.517,6740
382.921,6739
383.331,6738
383.738,6737
384.171,6736
384.625,6735
385.072,6734
385.486,6733
385.901,6732
386.287,6731
386.691,6730
387.084,6729
387.48,6728
387.905,6727
388.372,6725
388.833,6724
389.249,6723
389.639,6722
390.039,6720
390.437,6719
390.836,6717
391.232,6716
391.624,6715
392.074,6714
392.556,6713
392.977,6712
393.379,6711
393.785,6710
394.18,6709
394.606,6708
395.056,6707
395.526,6706
396.014,6703
396.463,6702
396.876,6698
397.297,6697
397.688,6696
398.099,6695
398.5,6694
398.893,6693
399.299,6692
399.807,6690
400.259,6689
400.657,6688
401.089,6687
401.673,6686
402.089,6684
402.492,6683
402.918,6682
403.385,6681
403.85,6680
404.267,6679
404.674,6678
405.072,6677
405.53,6674
405.94,6672
406.344,6671
406.711,6670
407.219,6669
407.664,6668
408.067,6667
408.469,6666
408.874,6665
409.272,6664
409.677,6663
410.095,6662
410.512,6661
411.076,6660
411.518,6659
411.961,6658
412.392,6657
412.838,6656
413.246,6654
413.667,6653
414.075,6652
414.598,6651
415.097,6650
415.486,6649
415.883,6648
416.314,6647
416.731,6646
417.199,6645
417.632,6644
418.068,6643
418.597,6642
419.09,6641
419.54,6640
419.963,6639
420.405,6638
420.843,6637
421.279,6636
421.876,6635
422.39,6632
422.89,6630
423.308,6629
423.759,6627
424.266,6626
424.692,6625
425.1,6624
425.56,6623
426.063,6622
426.581,6621
427.047,6620
427.475,6619
427.891,6616
428.29,6613
428.712,6612
429.106,6611
429.499,6610
430.017,6609
430.476,6608
430.853,6607
431.286,6606
431.701,6605
432.109,6603
432.524,6602
432.947,6600
433.399,6598
433.868,6596
434.298,6595
434.685,6593
435.084,6592
435.49,6591
435.908,6590
436.303,6589
436.715,6588
437.186,6587
437.628,6586
438.077,6584
438.47,6583
438.876,6582
439.277,6581
439.665,6579
440.068,6578
440.466,6577
440.929,6576
441.386,6575
441.794,6574
442.352,6573
442.757,6572
443.171,6571
443.574,6570
443.978,6569
444.361,6568
444.835,6567
445.272,6566
445.665,6565
446.075,6564
446.44,6563
446.853,6562
447.261,6561
447.647,6560
448.049,6559
448.72,6558
449.295,6557
449.775,6556
450.252,6555
450.79,6554
451.233,6553
451.832,6552
452.37,6551
453.018,6550
453.565,6549
454.072,6548
454.469,6547
454.896,6546
455.37,6545
455.907,6544
456.55,6543
457.09,6542
457.623,6540
458.1,6539
458.619,6538
459.082,6537
459.518,6536
459.969,6535
460.512,6534
461.018,6533
461.47,6532
461.91,6531
462.527,6529
462.98,6528
463.407,6527
463.822,6526
464.316,6525
464.794,6524
465.189,6523
465.591,6522
465.982,6521
466.398,6519
466.79,6518
467.173,6514
468.522,6513
468.939,6512
469.348,6509
469.755,6507
470.945,6505
472.347,6503
473.233,6502
473.633,6499
474.443,6498
474.849,6497
476.566,6493
477.878,6492
478.757,6491
479.263,6490
479.751,6489
480.237,6488
480.743,6487
481.67,6485
482.157,6484
482.811,6483
483.365,6482
483.84,6480
484.279,6479
484.75,6477
485.598,6476
486.455,6474
486.922,6472
487.396,6471
487.823,6470
488.243,6469
488.65,6468
489.035,6467
489.445,6466
489.845,6464
490.28,6463
490.759,6461
492.846,6459
495.009,6458
495.422,6457
495.812,6456
496.217,6455
496.603,6453
497.01,6452
497.394,6451
497.803,6450
498.283,6449
498.731,6448
499.135,6447
499.53,6446
499.932,6445
500.35,6444
500.741,6442
501.191,6441
501.608,6440
502.143,6439
502.834,6438
503.265,6437
503.666,6436
504.095,6435
504.52,6433
504.903,6432
506.284,6431
506.689,6430
507.068,6429
507.478,6427
507.849,6426
508.268,6425
508.639,6424
509.04,6423
509.51,6422
509.961,6421
510.371,6420
510.759,6419
511.159,6418
511.596,6416
511.978,6415
512.38,6414
512.778,6413
513.261,6412
513.721,6411
514.109,6410
514.532,6409
514.949,6408
515.36,6406
515.771,6405
516.16,6404
516.597,6403
517.092,6402
517.562,6401
517.975,6400
518.402,6399
518.801,6398
519.196,6397
519.605,6395
520.001,6394
520.431,6393
520.93,6392
521.383,6391
521.795,6390
522.192,6389
522.626,6388
523.285,6387
523.736,6386
524.236,6385
524.749,6384
525.197,6383
525.607,6382
525.994,6381
526.403,6380
526.792,6379
527.204,6378
527.604,6377
528.009,6376
528.514,6375
528.935,6374
529.354,6373
529.749,6372
530.203,6371
530.616,6370
531.052,6368
531.477,6367
531.963,6366
532.486,6365
532.967,6363
533.854,6362
534.287,6361
534.67,6359
535.091,6356
535.484,6355
535.952,6352
536.409,6350
536.797,6349
537.616,6348
538.073,6347
538.965,6346
539.413,6345
539.931,6344
540.408,6343
540.829,6342
541.284,6341
542.569,6340
543.667,6338
544.169,6337
544.6,6336
545.523,6335
545.922,6331
550.161,6329
551.031,6328
551.487,6324
552.734,6322
553.94,6321
555.4,6317
555.83,6316
557.058,6315
557.463,6314
557.859,6313
558.275,6312
558.752,6309
560.749,6307
561.522,6306
561.932,6305
562.415,6304
562.868,6303
563.288,6299
564.222,6298
564.64,6297
565.039,6296
565.434,6295
566.313,6294
567.524,6292
569.532,6290
570.833,6289
571.224,6287
571.642,6286
572.563,6285
573.013,6284
574.125,6282
575.792,6281
576.223,6275
579.637,6272
580.486,6268
582.763,6267
583.222,6266
583.817,6265
584.274,6264
584.666,6263
585.152,6262
585.607,6261
586.46,6260
587.282,6259
588.097,6258
588.502,6257
588.962,6256
589.421,6255
589.814,6254
590.219,6253
590.621,6251
592.188,6250
593.205,6249
593.616,6248
594.075,6245
594.912,6244
595.326,6243
595.719,6242
596.181,6241
596.658,6240
597.484,6239
597.849,6238
598.775,6237
599.192,6236
600.156,6235
600.639,6234
601.071,6232
601.951,6231
602.363,6228
605.696,6224
607.551,6223
608.533,6221
608.952,6220
609.343,6217
610.943,6216
611.899,6215
613.539,6213
614.351,6211
614.737,6210
615.22,6207
616.454,6206
617.254,6204
618.939,6201
619.414,6200
619.819,6199
620.224,6198
620.994,6195
621.387,6193
624.391,6192
624.768,6191
625.178,6190
625.554,6188
628.031,6186
628.467,6185
628.871,6183
629.832,6181
630.302,6179
630.748,6178
631.939,6177
632.326,6176
633.132,6175
633.526,6173
633.984,6172
634.456,6171
634.841,6170
635.246,6168
635.629,6164
636.031,6163
636.852,6162
639.548,6161
641.163,6160
641.639,6157
642.103,6155
642.495,6154
642.898,6153
643.309,6152
643.7,6149
644.519,6148
645.834,6144
647.827,6143
648.236,6142
648.65,6139
651.313,6137
651.695,6136
654.218,6134
655.512,6132
656.829,6131
658.008,6130
658.457,6129
658.9,6126
661.243,6124
662.519,6123
663.432,6121
665.771,6120
666.211,6119
666.612,6118
666.998,6117
667.966,6116
668.347,6115
668.832,6114
669.224,6113
669.632,6111
670.188,6110
671.545,6107
672.403,6102
674.916,6101
675.346,6098
676.183,6097
676.571,6096
677.783,6095
679.149,6094
679.549,6093
680.339,6091
683.242,6088
684.46,6087
684.846,6086
685.626,6085
686.947,6084
687.717,6080
688.516,6079
691.192,6078
691.978,6076
692.782,6075
693.642,6074
694.14,6073
694.575,6072
695.026,6071
695.941,6069
696.318,6068
696.725,6065
698.074,6064
700.588,6059
703.176,6057
704.855,6056
706.128,6055
707.296,6054
707.703,6053
708.093,6052
708.591,6050
709.052,6049
709.464,6048
709.857,6047
710.427,6046
710.821,6045
711.212,6044
711.599,6043
712.006,6042
712.49,6041
712.932,6040
713.339,6039
713.737,6038
714.185,6037
714.638,6036
716.921,6035
718.547,6034
719.413,6033
720.872,6032
721.301,6030
722.143,6028
724.033,6026
726.299,6025
727.186,6024
727.66,6023
728.077,6022
728.502,6021
728.886,6020
729.325,6019
730.141,6015
730.711,6013
732.857,6012
734.481,6011
735.836,6010
736.622,6009
737.043,6006
737.433,6005
739.974,6004
740.377,6003
742.859,6002
743.264,5998
743.659,5997
744.047,5996
744.467,5995
744.862,5992
747.74,5991
748.734,5990
750.387,5989
751.112,5987
753.404,5986
753.918,5985
754.368,5984
754.769,5983
755.638,5982
756.136,5981
757.041,5980
757.592,5979
758.139,5976
760.038,5975
760.481,5974
761.47,5973
761.987,5972
762.838,5971
763.291,5970
763.726,5968
764.153,5966
764.551,5965
765.003,5963
766.284,5962
767.102,5961
768.303,5959
768.752,5957
770.049,5955
771.788,5954
772.17,5952
772.658,5950
773.521,5948
773.906,5947
776.971,5946
777.359,5945
779.48,5944
780.502,5943
781.489,5940
781.973,5935
782.885,5933
786.51,5930
787.823,5929
788.31,5928
789.11,5927
789.494,5926
789.945,5925
790.349,5924
791.383,5923
791.851,5921
792.292,5920
792.694,5918
793.095,5917
796.42,5916
797.633,5915
798.023,5914
798.464,5913
803.269,5911
804.103,5910
804.506,5909
804.926,5907
806.623,5906
808.676,5905
809.894,5904
810.798,5903
811.187,5902
811.751,5901
812.928,5900
813.332,5897
814.652,5896
815.04,5894
815.44,5893
815.824,5892
818.301,5891
819.524,5889
820.421,5888
821.28,5887
821.731,5886
822.194,5885
822.592,5884
823.013,5883
823.582,5882
824.018,5880
824.45,5879
825.324,5877
825.794,5876
826.667,5875
828.752,5871
829.322,5870
831.951,5868
833.382,5864
834.592,5863
835.815,5861
836.229,5858
836.935,5856
838.183,5851
843.911,5850
846.25,5849
846.7,5848
847.097,5847
847.921,5845
848.411,5844
848.847,5843
850.027,5842
851.278,5841
852.253,5838
855.199,5836
857.183,5832
857.954,5830
860.51,5829
860.929,5827
862.492,5824
863.855,5823
865.853,5822
866.239,5821
866.635,5820
867.941,5819
868.368,5817
869.132,5816
869.92,5815
870.317,5814
871.637,5810
872.513,5809
874.938,5808
875.336,5806
875.727,5805
878.789,5803
879.205,5801
881.965,5800
885.436,5799
885.935,5797
887.567,5796
890.091,5794
890.874,5793
891.275,5792
891.668,5791
896.652,5790
897.165,5789
898.215,5788
899.911,5787
900.345,5785
902.625,5784
903.502,5783
904.508,5782
905.133,5780
905.719,5778
906.693,5777
908.036,5775
909.369,5774
910.92,5773
911.398,5772
912.243,5771
912.712,5770
915.146,5769
915.536,5768
916.039,5767
916.484,5766
916.882,5763
917.28,5762
917.771,5761
919.423,5760
920.749,5759
921.131,5758
921.547,5757
923.121,5752
923.645,5750
928.221,5749
929.01,5747
930.571,5744
931.888,5743
933.474,5740
937.823,5738
938.465,5735
940.974,5734
942.32,5733
942.779,5731
943.197,5730
944.016,5729
944.413,5726
946.075,5725
947.313,5724
948.147,5722
948.56,5720
950.28,5719
951.07,5718
952.651,5717
953.054,5715
953.528,5714
953.965,5713
963.629,5712
964.09,5711
965.522,5710
966.842,5708
969.846,5707
971.025,5706
971.883,5705
974.428,5703
974.843,5702
976.578,5701
980.145,5700
980.571,5698
981.36,5696
983.02,5691
983.465,5689
987.064,5688
987.966,5686
991.249,5685
994.03,5682
995.746,5680
998.535,5677
999.08,5674
999.556,5671
1005.43,5670
1006.34,5668
1006.75,5667
1007.14,5665
1008.33,5663
1008.74,5662
1012.07,5661
1013.82,5659
1016.69,5658
1018.03,5657
1018.44,5656
1018.9,5655
1019.49,5654
1019.91,5653
1020.36,5652
1021.34,5651
1023.09,5650
1023.53,5649
1023.96,5648
1024.95,5646
1025.38,5645
1028.59,5641
1029.01,5640
1032.78,5638
1033.2,5637
1035.22,5635
1037.34,5634
1038.12,5632
1038.53,5631
1038.91,5630
1039.35,5628
1040.8,5626
1047.75,5625
1048.21,5624
1048.73,5623
1049.68,5622
1050.19,5620
1050.77,5619
1054.53,5617
1055.46,5616
1058.82,5614
1059.3,5612
1059.88,5611
1060.82,5610
1061.27,5609
1061.7,5607
1062.12,5606
1062.63,5605
1063.18,5604
1064.53,5603
1064.93,5602
1065.75,5601
1066.2,5600
1068.68,5599
1069.93,5598
1070.79,5597
1071.18,5596
1071.58,5595
1075.73,5594
1079.52,5593
1079.94,5592
1080.58,5590
1081.16,5588
1081.69,5587
1082.65,5586
1084.4,5585
1084.84,5584
1085.37,5583
1086.26,5582
1089.79,5581
1091,5580
1092.18,5579
1093.57,5574
1094.38,5573
1098.13,5572
1098.95,5571
1099.32,5570
1100.19,5569
1100.84,5568
1101.26,5567
1102.13,5566
1104.31,5565
1106.44,5562
1106.83,5561
1109.74,5557
1113,5556
1113.39,5555
1115.66,5554
1116.13,5552
1116.53,5551
1116.92,5549
1121.24,5548
1123.46,5547
1124.59,5541
1128.74,5540
1129.57,5539
1130,5538
1130.43,5536
1130.9,5535
1135.22,5534
1135.6,5533
1136.76,5532
1137.96,5531
1138.86,5530
1139.28,5529
1139.74,5528
1140.13,5527
1141.08,5526
1141.76,5525
1142.26,5524
1142.69,5523
1144.87,5522
1145.81,5521
1146.7,5520
1147.14,5519
1147.56,5518
1148.06,5517
1148.9,5516
1149.34,5514
1149.83,5513
1150.28,5512
1151.86,5511
1153.07,5510
1154.88,5509
1155.28,5508
1156.09,5507
1156.52,5506
1156.99,5503
1162.93,5502
1164.13,5501
1166.22,5500
1167.77,5499
1169.08,5498
1171.02,5497
1172.95,5496
1173.43,5495
1174.35,5494
1175.53,5492
1176.82,5490
1177.23,5489
1181.22,5488
1186.16,5487
1189.49,5486
1190.67,5485
1191.99,5484
1192.38,5483
1193.62,5482
1194.02,5480
1195.35,5479
1195.73,5478
1196.51,5477
1196.9,5476
1197.67,5475
1198.99,5473
1200.21,5472
1203.66,5471
1204.13,5470
1206.27,5469
1206.85,5467
1207.29,5465
1207.73,5464
1208.14,5463
1209.05,5462
1212.39,5461
1212.79,5459
1213.58,5458
1214.55,5455
1217.87,5452
1219.51,5451
1221.58,5449
1222.03,5448
1224.29,5447
1226.76,5444
1229.64,5443
1233.28,5442
1238.09,5441
1238.47,5440
1238.9,5439
1240.15,5438
1244.02,5437
1246.15,5436
1246.56,5435
1248.27,5434
1248.66,5433
1249.48,5432
1249.87,5431
1250.27,5430
1251.13,5429
1252.38,5428
1252.79,5427
1253.18,5425
1260.58,5421
1264.07,5420
1266.21,5419
1273.46,5418
1274.4,5417
1274.78,5415
1276.02,5413
1276.83,5412
1277.69,5411
1281.43,5409
1282.68,5408
1283.25,5406
1287.35,5405
1288.12,5404
1288.56,5403
1291.43,5402
1292.19,5401
1292.65,5400
1293.11,5399
1293.9,5397
1295.85,5394
1299.51,5392
1302,5391
1302.8,5388
1304.68,5387
1305.09,5386
1305.92,5381
1309.27,5380
1313.4,5378
1313.78,5376
1316.84,5375
1317.62,5374
1318.4,5372
1319.32,5371
1319.73,5369
1321.41,5367
1323.38,5366
1326.22,5365
1329.86,5364
1331.18,5361
1343.16,5360
1346.46,5357
1346.85,5355
1354.62,5354
1355.43,5352
1361.03,5351
1361.47,5350
1361.87,5349
1364.03,5348
1364.94,5347
1366.66,5346
1367.46,5345
1368.38,5344
1371.01,5341
1371.91,5339
1374.8,5335
1375.2,5334
1379.3,5333
1379.75,5332
1381.87,5331
1383.94,5328
1384.39,5326
1396.12,5325
1397.35,5323
1400.26,5321
1400.66,5320
1402.03,5319
1403.34,5318
1405.42,5316
1406.81,5315
1407.96,5314
1408.35,5313
1411.75,5310
1416.58,5309
1419.77,5308
1420.34,5307
1422.14,5306
1422.54,5305
1422.93,5304
1423.92,5303
1425.27,5300
1425.66,5298
1429.54,5297
1434.08,5296
1434.89,5295
1435.32,5294
1437.41,5293
1442.35,5291
1442.88,5290
1449.36,5287
1450.91,5283
1453.7,5282
1457.09,5279
1457.95,5278
1458.43,5276
1463.41,5275
1464.23,5274
1467.12,5273
1468.27,5271
1469.06,5270
1470.56,5268
1480.03,5264
1486.09,5263
1486.48,5260
1489.05,5259
1493.75,5258
1494.16,5256
1494.56,5255
1498.61,5253
1499.47,5252
1501.49,5249
1511.74,5241
1514.59,5240
1516.23,5238
1517.79,5237
1522.4,5236
1522.88,5235
1524.18,5234
1525.8,5233
1527.49,5232
1529.91,5231
1530.71,5230
1533.72,5229
1535.73,5228
1536.11,5227
1537.36,5226
1537.79,5225
1538.57,5224
1539.33,5223
1539.72,5222
1540.5,5219
1543.75,5218
1544.14,5217
1550,5216
1550.4,5214
1550.79,5211
1558.05,5210
1558.48,5209
1561.73,5208
1562.1,5207
1564.46,5206
1567.72,5205
1569.02,5203
1569.96,5202
1570.85,5201
1574.75,5200
1575.2,5199
1575.61,5198
1577.2,5196
1577.58,5191
1583.01,5188
1584.23,5187
1588.34,5185
1589.13,5184
1591.6,5182
1594.04,5181
1596.01,5180
1596.39,5178
1597.42,5177
1599.82,5176
1607.9,5175
1610.09,5174
1613.76,5173
1614.61,5172
1618.13,5171
1619.36,5170
1621.45,5169
1624.09,5168
1624.52,5167
1625.9,5165
1626.88,5164
1629.3,5159
1632.4,5158
1633.59,5156
1636.45,5152
1640.31,5151
1645.24,5150
1645.63,5149
1647.33,5146
1664.86,5145
1668.17,5144
1669.48,5143
1671.55,5142
1671.96,5140
1672.36,5139
1674.88,5137
1675.29,5136
1676.54,5134
1678.38,5133
1679.15,5132
1679.57,5130
1690.98,5129
1691.43,5128
1691.87,5127
1696.36,5126
1697.12,5125
1698.84,5124
1699.32,5123
1706.18,5121
1715.68,5119
1716.05,5116
1718.04,5114
1720.45,5113
1725.79,5112
1726.2,5111
1726.59,5110
1726.97,5109
1728.12,5108
1728.53,5107
1736.24,5106
1739.9,5105
1740.38,5104
1741.6,5103
1747.03,5101
1751.53,5099
1755.76,5098
1757.01,5095
1758.58,5094
1767.05,5093
1767.47,5091
1771.96,5090
1774.54,5089
1779.73,5088
1780.53,5086
1781.8,5084
1783.14,5083
1785.37,5082
1785.84,5081
1786.25,5080
1786.63,5078
1788.99,5077
1795.26,5076
1795.68,5075
1797.76,5074
1798.53,5073
1798.93,5072
1800.63,5068
1812.33,5066
1812.82,5065
1813.6,5063
1818,5061
1836.64,5058
1843.57,5057
1854.84,5054
1857.7,5053
1860.1,5052
1862.58,5051
1866.91,5050
1869.32,5049
1870.35,5048
1874.27,5047
1879.4,5046
1893.9,5044
1897.59,5043
1900.41,5042
1904.11,5041
1905.91,5040
1906.38,5039
1910.4,5038
1916.08,5037
1921.86,5035
1923.43,5032
1927.94,5031
1928.5,5030
1940.03,5029
1942,5028
1942.82,5027
1943.71,5026
1945.74,5025
1957.81,5024
1959.8,5022
1961.14,5018
1961.55,5017
1965.67,5015
1966.52,5014
1968.21,5013
1980.4,5011
1981.24,5010
1982.66,5009
1983.1,5008
1983.52,5007
1985.7,5006
1986.59,5005
1987.02,5003
1987.44,5002
1991.18,5001
1994.01,5000
1995.17,4998
1999.93,4997
2000.36,4995
2005.2,4993
2025.91,4992
2026.3,4990
2027.57,4989
2030.42,4987
2031.73,4986
2045.73,4985
2047.51,4984
2054.06,4982
2056.13,4981
2100.97,4980
2101.74,4979
2112.9,4978
2115.07,4977
2116.23,4976
2119.88,4975
2122.32,4974
2124.42,4973
2124.97,4971
2127.07,4970
2134.4,4969
2135.21,4967
2143.7,4966
2144.73,4965
2145.49,4963
2152.22,4962
2152.6,4961
2153.01,4960
2154.64,4959
2158.37,4958
2158.86,4957
2162.11,4956
2163.01,4955
2163.4,4953
2181.42,4952
2191.69,4951
2197.08,4950
2203.08,4949
2224.25,4948
2232.08,4947
2238.06,4946
2240.37,4945
2242.03,4944
2247.91,4943
2259.82,4942
2278.81,4941
2280.57,4940
2283.68,4938
2292.12,4937
2293.05,4936
2293.98,4935
2294.48,4934
2294.9,4933
2299.49,4931
2300.7,4930
2302.05,4929
2308.9,4927
2314.74,4925
2316.31,4924
2316.69,4922
2317.17,4921
2321.65,4920
2326.87,4918
2327.25,4916
2336.62,4915
2343.26,4913
2345.71,4912
2347.78,4911
2349.47,4910
2352.21,4909
2355.93,4907
2360.41,4906
2364.05,4904
2366.48,4903
2382.06,4902
2396.43,4901
2396.88,4900
2417.73,4897
2419.35,4895
2424.15,4893
2427.86,4892
2429.26,4891
2431.76,4888
2435.82,4887
2443.93,4885
2457.35,4884
2462.32,4882
2464.83,4880
2465.23,4879
2470.6,4878
2471.55,4877
2473.73,4876
2474.63,4875
2510.31,4874
2516.93,4873
2518.51,4872
2536.16,4871
2540.53,4870
2567.18,4869
2567.56,4868
2583.88,4866
2587.66,4864
2621.89,4862
2625.14,4861
2627.04,4860
2627.42,4859
2629.04,4858
2632.46,4856
2636.57,4855
2637.39,4854
2638.67,4852
2642,4850
2645.25,4849
2652.78,4847
2662.3,4846
2663.09,4845
2666.3,4844
2667.96,4842
2668.36,4841
2682.66,4839
2697.39,4838
2709.3,4837
2751.98,4836
2779.67,4834
2790.87,4832
2799.72,4831
2807.5,4830
2808.66,4829
2811.16,4828
2811.93,4827
2814.59,4826
2815.46,4825
2821.93,4824
2822.77,4823
2829.47,4822
2831.76,4821
2832.22,4820
2832.66,4819
2845.27,4818
2849.67,4817
2854.89,4816
2857.71,4815
2859.06,4814
2861.4,4813
2861.87,4812
2864.92,4811
2865.74,4810
2866.87,4809
2868.2,4808
2870.61,4807
2871.52,4806
2873.3,4805
2875.03,4804
2875.46,4802
2884.76,4801
2984.49,4800
2986.2,4799
2989.15,4798
2990.72,4797
2991.13,4795
2994.75,4794
2995.56,4793
3006.69,4792
3007.72,4788
3016.63,4787
3018.76,4786
3021.66,4785
3040.92,4784
3043.11,4782
3045.67,4781
3127.44,4780
3138.44,4779
3148.4,4778
3150.46,4777
3151.56,4775
3156.5,4774
3156.96,4772
3212.59,4770
3212.96,4769
3215.41,4768
3217.37,4767
3228.04,4765
3230.59,4764
3236.03,4763
3265.41,4762
3265.87,4761
3268.34,4760
3284.33,4759
3288.77,4755
3295.32,4754
3297.4,4753
3306.17,4752
3308.5,4751
3309.78,4750
3310.22,4749
3310.6,4748
3311.11,4746
3386.65,4743
3388.02,4742
3390.72,4740
3467.91,4738
3502.13,4736
3502.53,4735
3506.71,4734
3524.14,4733
3524.54,4730
3542.61,4727
3546.69,4726
3550.48,4725
3550.88,4724
3583.11,4721
3610.95,4720
3614.64,4719
3618.67,4718
3621.36,4716
3627.39,4715
3627.79,4714
3628.75,4713
3630.02,4712
3634.81,4711
3635.3,4710
3635.7,4709
3640.11,4708
3645.31,4707
3653.46,4706
3661.77,4705
3663.32,4704
3668.46,4703
3676.85,4702
3677.31,4701
3677.72,4700
3679.42,4699
3725.67,4697
3729.38,4696
3730.93,4694
3817.9,4693
3818.27,4692
3892.85,4691
3901.03,4690
3902.68,4689
3954.74,4688
3955.15,4687
3959.89,4685
3961.8,4684
3984.63,4683
3991.05,4682
3991.45,4681
3993.99,4680
3996.41,4678
4069.46,4677
4088.92,4676
4112.45,4674
4115.33,4673
4150.98,4672
4151.44,4671
4166.89,4670
4168.06,4669
4171.33,4668
4176.74,4666
4197.85,4665
4205.12,4664
4214.86,4663
4217.55,4662
4238.05,4661
4256.37,4659
4262.83,4658
4268.64,4657
4269.42,4656
4274.17,4655
4291.94,4654
4292.33,4653
4292.71,4652
4316.89,4651
4320.95,4649
5470.76,4648
5476.08,4646
5520.36,4645
5523.49,4643
5530.49,4642
5537.08,4641
5572.11,4640
5648.08,4639
5649.34,4637
5653.02,4635
5653.42,4634
5932.66,4633
5939.92,4631
5943.52,4630
6052.16,4629
6071.35,4628
6082.38,4627
6097.78,4626
6099.75,4625
6120.49,4624
6219.25,4622
6281.9,4621
6284.43,4620
6306.03,4618
6333.11,4615
6334.22,4612
6355.64,4610
6372.59,4609
6376.44,4608
6392.61,4607
6735.29,4606
6799.93,4605
6803.99,4604
6804.38,4603
6804.86,4602
6806.08,4601
6806.49,4600
6852.62,4598
6858.78,4597
6859.18,4596
6863.29,4595
6864.08,4594
6864.92,4591
7250.57,4589
7285.89,4588
7339.54,4586
7386.35,4585
8172.35,4584
8177.22,4581
8205,4580
8206,4579
8241.57,4577
8251.88,4576
8280.29,4575
9002.99,4574
9016.27,4572
9017.27,4571
9190.75,4570
9204.02,4569
9206.83,4567
9217.5,4566
9232.7,4565
9233.16,4564
9746.8,4562
9748.85,4561
9873.24,4560
9876.53,4559
10168.3,4557
10168.8,4556
10394.7,4554
10400.5,4553
10409.3,4552
10411.4,4550
10421.6,4549
10445.3,4547
10583.2,4545
10632.2,4544
10642.1,4543
10644.6,4541
10657.8,4540
10658.3,4539
10664.7,4538
10665.1,4537
10680.4,4536
10761.5,4535
10762.4,4533
10769.3,4532
10782.9,4529
10783.5,4528
10786,4526
11045,4525
11049,4524
11050.7,4523
11617.7,4522
12340.7,4521
12345.5,4520
12346.7,4517
12358,4516
12358.8,4515
12361.5,4514
12362.3,4513
12363.2,4512
12374.7,4511
12383.5,4510
12626.3,4508
12776.8,4504
12778.3,4502
12806.5,4500
12843.3,4499
12848.7,4498
12858.3,4496
12881.7,4494
13175.8,4493
13189.7,4492
13645.7,4491
13680.1,4490
13692.9,4489
13693.4,4488
13733.2,4487
13757.7,4486
13758.5,4485
13768.5,4483
13775.5,4482
13776.6,4481
13796.9,4480
14007,4479
14007.7,4478
14018.7,4477
14019,4476
14019.5,4475
14019.8,4474
14088.8,4473
14089.2,4470
14139,4469
14139.3,4468
14156.2,4467
14159,4466
14160.6,4465
14168.6,4464
14178,4463
14456.1,4462
14463.8,4460
14469.8,4459
14513,4458
14515.9,4457
14516.7,4456
14901.4,4455
14958,4454
14965.3,4453
14973.2,4452
14974.3,4451
14976.4,4450
14977.3,4449
14981.5,4448
14982.3,4447
14983.9,4446
14986.3,4445
15020.1,4444
15082.9,4443
15329.8,4442
15333.5,4440
15335.5,4439
15335.9,4438
15336.4,4437
21328.2,4436
21336.6,4435
21678.2,4434
21681.1,4433
21755.6,4432
21784.8,4431
21787.6,4430
21788.8,4429
21791.6,4428
22604.2,4427
22727.2,4426
23044.3,4425
23048.5,4424
23050.5,4423
23050.9,4422
23211.6,4421
23315.9,4420
23320.5,4419
23323.3,4417
23331.4,4416
23337.2,4415
23345.7,4412
23451.8,4411
23452.2,4410
23452.7,4409
23453.6,4408
23513.2,4403
27901.7,4402
27910.3,4401
31064,4400
31079.1,4398
31108.6,4397
31111.2,4396
31113.3,4394
31113.8,4393
31121.4,4392
31123.5,4391
31144.8,4390
31145.2,4389
31148.7,4388
31149.1,4386
31153.1,4383
31154.7,4381
31198.5,4380
31226.3,4379
31893.8,4378
