0.928283,8360
1.40908,8359
1.83022,8358
2.26297,8357
2.73721,8356
3.22988,8355
3.73292,8354
4.48903,8353
5.01069,8352
5.48925,8351
5.97413,8350
6.5968,8348
7.03372,8346
7.46526,8344
7.91071,8343
8.39092,8340
8.90299,8339
9.31253,8336
9.74957,8335
10.178,8332
10.604,8331
11.0258,8328
11.4932,8326
11.9432,8325
12.4551,8318
12.8929,8317
13.3488,8316
13.7522,8310
14.1762,8308
14.5878,8302
15.0144,8300
15.4293,8299
15.9556,8298
16.4147,8296
16.8526,8295
17.2594,8291
17.6946,8290
18.1212,8289
18.5275,8287
18.9395,8282
19.4032,8281
19.8833,8279
20.3329,8278
20.7378,8272
21.1608,8269
21.5988,8265
22.0302,8264
22.5101,8263
22.9226,8260
23.443,8255
23.8945,8252
24.3146,8250
24.7211,8249
25.1365,8246
25.5532,8240
25.9754,8239
26.5867,8237
27.0608,8236
27.5651,8233
27.9804,8230
28.3963,8226
28.8109,8225
29.2322,8223
29.6543,8222
30.0723,8214
30.555,8211
31.0928,8206
31.5651,8205
31.9866,8201
32.4084,8200
32.8365,8199
33.3055,8197
33.7302,8192
34.1567,8191
34.6565,8190
35.1139,8189
35.5319,8186
35.9482,8176
36.3735,8175
36.7914,8171
37.2143,8169
37.668,8167
38.113,8157
38.6099,8155
39.0631,8154
39.4863,8153
39.9222,8148
40.3541,8146
40.7499,8143
41.1682,8139
41.603,8137
42.0935,8136
42.5581,8133
42.9871,8129
43.4041,8125
43.8424,8124
44.2622,8123
44.6701,8120
45.0651,8116
45.4822,8113
45.9886,8111
46.488,8106
47.1192,8105
47.5783,8104
48.0137,8100
48.4227,8094
48.8301,8093
49.2758,8091
49.7562,8090
50.1951,8087
50.6161,8081
51.042,8079
51.449,8077
51.8649,8076
52.2797,8073
52.721,8070
53.204,8067
53.6531,8066
54.1335,8065
54.5705,8061
54.9764,8059
55.4615,8057
55.933,8055
56.3905,8054
56.8948,8053
57.4103,8052
57.8979,8051
58.3329,8046
58.808,8040
59.2585,8039
59.7064,8038
60.1486,8034
60.6578,8033
61.2516,8030
61.7154,8025
62.2217,8023
62.7301,8021
63.2191,8020
63.6143,8019
64.0289,8018
64.5675,8017
65.0341,8015
65.4587,8014
65.8729,8013
66.2952,8011
66.7198,8009
67.3237,8007
67.7483,8006
68.2458,8001
68.7332,7998
69.1682,7996
69.5832,7992
69.987,7990
70.4149,7988
70.8503,7986
71.2738,7985
71.6901,7983
72.1733,7981
72.6527,7977
73.0764,7975
73.4889,7973
73.8908,7971
74.3044,7967
74.721,7963
75.1381,7961
75.5992,7960
76.095,7959
76.5419,7946
76.9525,7945
77.3546,7943
77.7842,7939
78.2067,7938
78.6141,7936
79.0036,7935
79.4869,7931
79.9586,7928
80.3857,7926
80.7924,7923
81.217,7921
81.6225,7920
82.0255,7918
82.4332,7915
82.8527,7913
83.3654,7912
83.8231,7911
84.2316,7907
84.6409,7905
85.0449,7904
85.4578,7903
85.8669,7901
86.2826,7900
86.6919,7898
87.4119,7897
87.8732,7896
88.3001,7895
88.7032,7894
89.1099,7889
89.518,7882
89.9321,7881
90.3391,7879
90.802,7877
91.2708,7873
91.7588,7872
92.2097,7871
92.6444,7870
93.0713,7869
93.4919,7865
93.8954,7864
94.33,7863
94.8162,7861
95.262,7860
95.6886,7858
96.112,7852
96.5258,7851
96.9588,7850
97.3706,7849
97.7959,7847
98.2681,7844
98.7527,7842
99.1694,7841
99.6059,7838
100.026,7836
100.438,7835
100.856,7832
101.279,7828
101.703,7822
102.189,7821
102.654,7816
103.066,7815
103.483,7814
103.902,7811
104.314,7810
104.716,7809
105.124,7807
105.529,7806
106.017,7804
106.464,7803
106.887,7802
107.316,7801
107.995,7800
108.419,7797
108.842,7795
109.265,7793
109.76,7791
110.216,7786
110.62,7782
111.036,7780
111.441,7777
111.854,7775
112.244,7772
112.681,7769
113.143,7767
113.622,7762
114.072,7760
114.502,7759
114.965,7754
115.441,7753
115.898,7751
116.342,7745
116.818,7744
117.318,7743
117.813,7739
118.29,7736
118.76,7732
119.213,7730
119.66,7729
120.1,7728
120.593,7726
121.117,7725
121.584,7724
122.096,7723
122.576,7722
123.083,7720
123.534,7719
123.953,7715
124.412,7714
124.92,7712
125.353,7707
125.787,7705
126.202,7703
126.614,7696
127.089,7695
127.508,7694
128.177,7693
128.649,7691
129.105,7690
129.537,7689
129.98,7688
130.395,7687
130.79,7686
131.209,7685
131.623,7684
132.127,7682
132.605,7680
133.059,7677
133.449,7675
133.847,7671
134.245,7664
134.631,7659
135.042,7657
135.46,7655
135.958,7654
136.416,7653
136.813,7652
137.235,7651
137.669,7647
138.075,7646
138.478,7645
138.883,7642
139.311,7640
139.828,7639
140.261,7637
140.664,7635
141.058,7634
141.454,7633
141.871,7629
142.282,7625
142.704,7622
143.153,7621
143.631,7620
144.043,7619
144.435,7617
144.84,7616
145.247,7613
145.65,7612
146.056,7609
146.465,7608
146.937,7607
147.395,7604
147.84,7602
148.565,7601
149.217,7596
149.851,7595
150.334,7594
150.999,7593
151.518,7590
151.99,7589
152.618,7588
153.095,7580
153.561,7579
153.958,7578
154.371,7573
154.918,7572
155.51,7570
156.022,7568
156.499,7565
156.939,7563
157.405,7562
157.864,7561
158.443,7560
158.934,7559
159.441,7558
159.919,7557
160.409,7555
160.876,7549
161.353,7545
161.777,7544
162.22,7541
162.741,7540
163.223,7538
163.644,7536
164.042,7535
164.451,7533
164.862,7532
165.27,7531
165.679,7530
166.11,7529
166.59,7528
167.016,7523
167.425,7516
167.874,7513
168.505,7512
168.959,7510
169.389,7506
169.834,7504
170.322,7502
170.764,7501
171.154,7500
171.599,7499
172.003,7498
172.416,7495
172.835,7493
173.26,7492
173.731,7490
174.213,7486
174.628,7484
175.04,7479
175.453,7477
175.918,7476
176.366,7474
176.808,7473
177.282,7472
177.821,7471
178.285,7467
178.769,7466
179.204,7465
179.73,7461
180.182,7460
180.67,7459
181.204,7454
181.742,7452
182.23,7450
182.74,7449
183.253,7444
183.714,7443
184.136,7439
184.553,7438
185.011,7436
185.509,7435
185.938,7433
186.35,7432
186.762,7431
187.175,7430
187.589,7429
188.003,7428
188.502,7427
189.095,7426
189.551,7423
189.959,7422
190.376,7421
190.81,7419
191.236,7418
191.664,7417
192.09,7414
192.627,7412
193.099,7411
193.507,7410
193.936,7407
194.322,7404
194.737,7402
195.133,7399
195.551,7396
195.944,7394
196.419,7393
196.899,7390
197.301,7389
197.723,7388
198.154,7386
198.597,7384
199.039,7383
199.45,7382
199.864,7381
200.357,7380
200.805,7379
201.231,7377
201.658,7375
202.08,7374
202.504,7372
202.98,7367
203.415,7365
203.94,7360
204.427,7359
204.832,7358
205.269,7357
205.718,7356
206.137,7354
206.545,7352
206.951,7351
207.364,7350
207.92,7347
208.408,7345
208.833,7344
209.466,7341
209.958,7340
210.427,7339
210.908,7337
211.36,7336
211.89,7335
212.356,7334
212.794,7333
213.297,7332
213.737,7330
214.225,7328
214.645,7327
215.128,7326
215.623,7324
216.064,7321
216.513,7320
216.954,7319
217.389,7316
217.812,7314
218.216,7310
218.611,7308
219.104,7307
219.558,7306
219.98,7304
220.392,7303
220.797,7301
221.229,7300
221.639,7299
222.06,7298
222.567,7296
223.137,7291
223.659,7288
224.058,7285
224.472,7284
224.902,7283
225.306,7280
225.707,7277
226.111,7276
226.554,7275
227.045,7274
227.458,7273
227.873,7271
228.307,7270
228.749,7269
229.181,7268
229.859,7267
230.347,7266
230.846,7265
231.307,7264
231.703,7262
232.173,7259
232.569,7256
233.019,7253
233.438,7252
233.827,7249
234.317,7247
234.822,7245
235.255,7244
235.643,7243
236.094,7242
236.561,7238
237.005,7236
237.456,7233
237.987,7231
238.505,7228
238.963,7226
239.374,7224
239.839,7223
240.266,7222
240.721,7221
241.182,7220
241.662,7219
242.152,7218
242.633,7217
243.132,7216
243.651,7214
244.077,7213
244.501,7212
244.922,7210
245.356,7209
245.889,7208
246.327,7207
246.75,7206
247.17,7204
247.592,7203
248.029,7201
248.44,7200
248.87,7199
249.356,7198
250.005,7190
250.42,7189
250.825,7185
251.243,7183
251.638,7182
252.08,7181
252.483,7180
252.915,7178
253.428,7177
253.901,7174
254.33,7173
254.737,7172
255.149,7171
255.576,7169
256.014,7168
256.457,7167
256.898,7165
257.38,7164
257.816,7160
258.231,7159
258.621,7158
259.046,7156
259.449,7155
259.87,7152
260.274,7149
260.751,7148
261.197,7146
261.607,7145
262.017,7143
262.423,7142
262.837,7140
263.25,7139
263.642,7138
264.059,7137
264.529,7136
264.99,7135
265.384,7132
265.774,7130
266.194,7128
266.592,7127
267.027,7125
267.426,7120
267.827,7118
268.32,7114
268.751,7112
269.151,7111
269.562,7110
270.155,7109
270.571,7108
270.985,7107
271.388,7106
271.85,7105
272.429,7104
272.912,7103
273.398,7102
273.943,7101
274.441,7099
274.861,7098
275.294,7097
275.799,7096
276.266,7095
276.692,7092
277.094,7091
277.492,7090
277.968,7088
278.381,7087
278.768,7086
279.22,7085
279.748,7083
280.217,7082
280.661,7081
281.131,7080
281.591,7079
282.057,7077
282.467,7076
282.959,7075
283.487,7074
283.92,7072
284.334,7070
284.745,7068
285.131,7066
285.545,7065
285.962,7061
286.361,7060
286.79,7059
287.259,7058
287.662,7056
288.102,7050
288.545,7049
288.935,7047
289.378,7046
289.813,7045
290.21,7044
290.708,7042
291.235,7039
291.64,7038
292.052,7037
292.476,7036
292.934,7035
293.309,7034
293.739,7032
294.152,7030
294.65,7029
295.288,7027
295.681,7026
296.106,7025
296.586,7024
297.019,7023
297.451,7022
297.932,7021
298.472,7019
298.983,7018
299.416,7017
299.864,7013
300.317,7012
300.753,7009
301.195,7008
301.625,7007
302.165,7006
302.671,7005
303.193,7002
303.697,6999
304.377,6997
304.854,6995
305.312,6994
305.839,6993
306.384,6991
306.786,6989
307.209,6988
307.614,6987
308.033,6986
308.444,6985
308.838,6984
309.254,6983
309.793,6982
310.239,6979
310.651,6977
311.043,6976
311.465,6975
311.874,6974
312.277,6969
312.702,6967
313.153,6965
313.642,6964
314.073,6961
314.483,6960
314.893,6957
315.392,6955
315.859,6954
316.257,6953
316.652,6952
317.146,6951
317.578,6948
317.991,6947
318.394,6945
318.805,6944
319.192,6943
319.624,6941
320.028,6939
320.454,6937
320.941,6936
321.41,6935
321.836,6933
322.256,6932
322.654,6931
323.058,6930
323.472,6928
323.858,6927
324.252,6923
324.745,6921
325.193,6920
325.578,6919
325.981,6917
326.372,6915
326.75,6914
327.148,6913
327.554,6912
327.958,6911
328.431,6910
328.892,6909
329.272,6908
329.69,6907
330.091,6905
330.507,6903
330.872,6902
331.338,6901
331.742,6900
332.251,6899
332.67,6898
333.093,6897
333.521,6896
333.947,6895
334.351,6894
334.82,6893
335.241,6892
335.891,6891
336.347,6890
336.781,6888
337.183,6887
337.577,6886
337.979,6884
338.391,6883
338.789,6882
339.208,6881
339.672,6880
340.157,6878
340.567,6877
340.936,6874
341.372,6873
341.796,6871
342.219,6870
342.626,6869
343.028,6868
343.52,6867
343.997,6865
344.392,6864
344.802,6863
345.214,6860
345.604,6859
346.018,6858
346.427,6857
346.803,6856
347.307,6855
347.737,6854
348.159,6853
348.546,6852
348.961,6851
349.362,6850
349.744,6849
350.187,6848
350.671,6847
351.187,6845
351.638,6844
352.069,6843
352.508,6842
352.906,6841
353.331,6840
353.73,6839
354.133,6838
354.601,6837
355.072,6834
355.472,6833
355.879,6832
356.285,6831
356.77,6830
357.207,6829
357.634,6828
358.104,6827
358.639,6826
359.096,6824
359.526,6823
359.998,6822
360.421,6821
361.006,6818
361.483,6817
361.971,6816
362.483,6815
362.978,6814
363.459,6813
363.934,6812
364.355,6811
364.767,6810
365.258,6809
365.708,6808
366.179,6807
366.616,6806
367.035,6805
367.45,6804
367.859,6803
368.266,6802
368.68,6801
369.061,6800
369.532,6798
370.022,6797
370.433,6796
370.856,6795
371.261,6794
371.678,6793
372.094,6792
372.505,6791
372.949,6789
373.47,6788
373.943,6786
374.352,6785
374.775,6782
375.172,6781
375.551,6779
375.966,6778
376.372,6777
376.761,6776
377.25,6775
377.705,6774
378.105,6773
378.514,6772
378.92,6771
379.315,6770
379.711,6768
380.1,6767
380.531,6766
381.011,6765
381.615,6764
382.01,6763
382.416,6762
382.829,6761
383.208,6760
383.626,6759
384.05,6758
384.494,6757
384.962,6755
385.357,6754
385.773,6753
386.176,6751
386.562,6750
386.963,6749
387.363,6748
387.742,6747
388.166,6746
388.653,6745
389.075,6743
389.472,6742
389.873,6740
390.253,6738
390.659,6737
391.064,6736
391.474,6735
391.893,6733
392.365,6732
392.827,6731
393.247,6730
393.635,6729
394.02,6728
394.441,6727
394.897,6726
395.345,6725
395.827,6724
396.317,6723
396.709,6722
397.114,6721
397.547,6719
397.989,6718
398.374,6717
398.775,6716
399.187,6715
399.68,6713
400.143,6712
400.55,6710
400.951,6709
401.554,6708
401.972,6707
402.377,6706
402.762,6705
403.25,6704
403.727,6703
404.125,6702
404.539,6701
404.95,6700
405.337,6699
405.756,6697
406.169,6695
406.571,6694
407.029,6693
407.487,6691
407.911,6689
408.295,6688
408.709,6687
409.108,6686
409.505,6685
409.925,6683
410.346,6682
410.899,6681
411.36,6680
411.804,6679
412.223,6678
412.669,6677
413.093,6676
413.506,6675
413.941,6673
414.427,6672
414.941,6671
415.375,6670
415.787,6669
416.215,6668
416.62,6667
417.087,6666
417.537,6665
417.983,6664
418.502,6663
419.006,6662
419.449,6661
419.883,6660
420.327,6659
420.763,6657
421.196,6655
421.806,6654
422.34,6653
422.842,6652
423.28,6651
423.72,6650
424.149,6649
424.612,6648
425.034,6647
425.442,6646
425.982,6645
426.504,6644
426.972,6643
427.412,6642
427.818,6641
428.219,6640
428.63,6638
429.024,6637
429.426,6634
429.921,6633
430.38,6632
430.775,6631
431.18,6630
431.601,6629
432.014,6628
432.429,6627
432.836,6626
433.262,6625
433.754,6624
434.193,6623
434.587,6622
434.994,6621
435.406,6620
435.817,6619
436.207,6617
436.613,6616
437.074,6615
437.54,6614
437.972,6613
438.398,6609
438.785,6608
439.192,6607
439.584,6606
439.982,6605
440.385,6603
440.837,6602
441.302,6601
441.728,6600
442.287,6597
442.672,6594
443.088,6593
443.499,6592
443.888,6591
444.276,6590
444.737,6589
445.202,6588
445.598,6587
446,6586
446.413,6585
446.792,6584
447.196,6583
447.6,6582
448.071,6581
448.71,6580
449.265,6579
449.73,6578
450.271,6577
450.768,6576
451.223,6575
451.792,6574
452.353,6573
452.986,6572
453.515,6571
454.01,6570
454.425,6569
454.841,6568
455.354,6567
455.883,6566
456.547,6565
457.101,6564
457.602,6563
458.095,6562
458.617,6561
459.045,6560
459.479,6559
459.941,6558
460.5,6557
461.015,6556
461.463,6555
461.907,6553
462.517,6552
462.991,6551
463.416,6550
463.862,6549
464.359,6548
464.834,6547
465.227,6546
465.631,6545
466.053,6544
466.432,6542
466.834,6540
467.217,6539
467.622,6538
468.122,6537
468.583,6535
469.017,6534
469.425,6533
469.821,6532
470.23,6531
470.615,6530
471.008,6529
471.412,6528
471.94,6527
472.442,6526
472.889,6525
473.306,6524
473.726,6523
474.119,6522
474.527,6521
474.932,6520
475.368,6519
475.847,6518
476.239,6517
476.642,6516
477.069,6515
477.544,6514
477.988,6513
478.435,6512
478.85,6511
479.402,6510
479.914,6509
480.382,6508
480.843,6506
481.305,6505
481.811,6504
482.433,6503
482.975,6502
483.447,6501
483.937,6500
484.417,6499
484.856,6498
485.304,6497
485.682,6496
486.095,6494
486.556,6493
487.042,6492
487.509,6491
487.929,6489
488.337,6488
488.735,6487
489.127,6486
489.544,6485
489.988,6484
490.383,6483
490.91,6482
491.387,6481
491.777,6480
492.187,6479
492.58,6477
492.996,6476
493.409,6475
493.821,6474
494.242,6473
494.74,6472
495.154,6471
495.57,6470
495.976,6469
496.353,6468
496.783,6467
497.165,6466
497.568,6465
497.972,6464
498.466,6463
498.889,6462
499.278,6461
499.69,6460
500.077,6457
500.513,6456
500.939,6455
501.398,6450
504.678,6449
505.503,6447
506.027,6446
506.466,6444
506.863,6443
507.252,6442
508.053,6441
508.436,6440
508.837,6439
509.25,6438
509.711,6436
510.166,6434
510.562,6433
510.98,6432
511.357,6431
511.776,6430
512.173,6429
513.017,6428
513.473,6427
513.912,6426
514.335,6425
514.685,6423
515.136,6422
516.342,6420
516.85,6419
518.601,6418
518.983,6416
519.396,6415
519.788,6414
520.208,6413
520.691,6412
521.145,6411
521.581,6410
521.995,6409
522.419,6408
523.033,6407
523.517,6406
523.949,6405
524.49,6404
524.981,6403
525.407,6402
525.796,6401
526.206,6400
526.604,6399
527.013,6398
527.421,6397
527.806,6396
528.302,6395
528.734,6394
529.166,6393
529.557,6392
530.001,6391
530.433,6390
530.864,6389
531.26,6388
531.709,6387
532.238,6386
532.752,6385
533.248,6384
533.668,6383
534.064,6382
534.498,6381
534.906,6380
535.296,6379
535.74,6378
536.192,6377
536.62,6376
537.028,6375
537.43,6374
537.86,6373
538.308,6372
538.759,6371
539.193,6370
539.701,6369
540.201,6368
540.631,6367
541.077,6365
541.53,6364
541.945,6363
542.385,6362
542.81,6361
543.458,6360
544.008,6359
544.437,6358
544.905,6357
545.391,6356
545.792,6355
546.216,6354
546.601,6353
547.089,6352
547.593,6350
548.025,6349
548.441,6348
548.839,6347
549.241,6346
549.647,6345
550.062,6344
550.478,6343
550.914,6342
551.39,6341
551.849,6340
552.248,6339
552.653,6338
553.063,6337
553.486,6336
553.912,6335
554.344,6334
554.852,6333
555.33,6332
555.742,6331
556.16,6330
556.582,6329
556.979,6328
557.389,6327
557.776,6326
558.195,6325
558.664,6324
559.117,6323
559.506,6322
559.895,6321
560.282,6320
560.693,6319
561.082,6318
561.476,6316
561.865,6315
562.354,6314
562.809,6313
563.219,6312
563.807,6311
564.207,6310
564.612,6309
564.999,6308
565.436,6307
565.856,6306
566.329,6305
566.753,6304
567.15,6302
567.536,6301
567.949,6300
568.348,6299
568.762,6298
569.133,6297
569.558,6296
570.027,6295
570.453,6294
570.865,6293
571.69,6292
572.579,6291
573.671,6290
575.418,6289
575.873,6288
576.287,6287
576.685,6286
577.078,6281
577.623,6280
578.475,6278
578.894,6277
579.292,6276
579.712,6275
581.034,6272
582.417,6271
583.287,6268
583.903,6267
584.714,6266
585.668,6265
586.503,6264
586.911,6262
590.268,6261
590.661,6260
591.437,6258
591.834,6255
592.741,6254
593.249,6253
593.643,6252
594.938,6251
595.735,6250
596.219,6249
596.666,6247
597.07,6246
597.492,6241
597.918,6240
602.003,6239
602.456,6238
603.325,6237
604.736,6236
605.258,6234
606.266,6233
607.13,6230
608.963,6229
609.37,6228
609.763,6227
610.168,6226
610.957,6224
612.356,6223
612.731,6222
613.167,6221
613.563,6220
613.964,6217
615.235,6215
616.114,6213
617.717,6212
618.175,6211
620.266,6210
620.659,6209
621.057,6208
621.463,6206
622.25,6204
623.204,6202
623.654,6200
624.467,6198
626.495,6197
627.742,6194
628.979,6193
629.532,6192
629.919,6191
630.406,6190
631.231,6189
631.611,6188
632.016,6187
632.412,6186
632.811,6185
633.206,6184
634.093,6183
634.543,6180
634.934,6178
635.736,6177
636.543,6176
636.938,6175
637.373,6171
639.648,6170
640.039,6169
640.84,6165
641.255,6163
643.444,6161
645.056,6160
645.552,6159
645.96,6156
646.769,6154
647.178,6153
647.567,6152
647.965,6151
649.861,6147
652.237,6146
652.68,6145
653.142,6144
654.002,6143
654.441,6141
654.869,6139
655.716,6138
656.621,6136
657.428,6135
657.82,6134
658.711,6132
659.151,6131
660.131,6129
662.798,6128
663.235,6126
664.231,6125
666.067,6123
666.462,6117
668.195,6116
668.661,6115
670.043,6113
670.904,6111
671.384,6110
671.801,6109
672.246,6107
672.653,6106
673.043,6105
673.468,6099
677.217,6098
677.628,6097
678.015,6096
678.946,6095
679.365,6094
679.755,6093
680.148,6091
680.551,6090
680.934,6088
682.178,6087
682.64,6086
683.062,6085
683.445,6084
683.881,6083
684.267,6082
684.677,6081
685.042,6080
685.441,6079
685.855,6078
686.319,6077
686.748,6076
687.131,6075
687.535,6074
687.911,6073
688.314,6072
688.716,6071
689.511,6070
690.151,6069
690.582,6067
690.975,6066
691.369,6065
691.736,6064
692.144,6062
692.561,6061
693.85,6060
694.32,6058
696.51,6056
697.856,6053
698.287,6052
699.963,6051
701.714,6050
702.509,6047
702.92,6045
703.356,6044
703.778,6042
705.063,6040
708.341,6039
709.255,6037
711.385,6036
711.783,6035
712.235,6034
712.699,6033
713.117,6032
713.526,6030
713.962,6028
714.408,6026
714.858,6023
715.356,6022
715.767,6021
716.28,6020
718.293,6019
719.177,6018
719.651,6017
720.154,6013
721.898,6012
722.314,6011
723.192,6009
723.712,6008
724.208,6007
724.671,6004
726.934,6003
727.878,6002
728.268,5998
730.955,5994
733.104,5993
734.311,5992
736.865,5990
737.675,5989
738.554,5988
739.832,5986
740.608,5985
743.14,5984
743.531,5983
743.93,5982
745.115,5981
745.51,5979
746.45,5978
747.262,5976
749.194,5974
749.725,5972
750.321,5971
751.57,5968
752.441,5966
752.922,5964
755.187,5963
756.134,5962
756.653,5960
757.639,5959
758.186,5958
759.121,5957
760.535,5956
760.999,5953
763.301,5951
764.552,5950
765.459,5949
766.687,5948
769.25,5947
769.656,5946
770.466,5943
771.052,5942
771.836,5941
772.236,5940
772.72,5937
773.182,5934
776.095,5933
776.568,5932
778.632,5930
779.52,5929
780.022,5928
780.53,5927
781.085,5926
781.518,5925
782.496,5924
782.954,5921
784.847,5920
786.179,5918
786.631,5917
787.487,5916
787.957,5914
792.424,5913
794.461,5911
795.3,5910
795.772,5909
796.169,5907
796.569,5905
796.98,5900
801.645,5899
802.049,5898
802.454,5897
802.944,5896
803.422,5895
803.862,5894
804.259,5893
804.655,5891
805.478,5890
806.324,5889
806.816,5888
807.235,5887
808.027,5886
808.438,5885
809.216,5884
809.653,5883
810.052,5882
810.553,5879
810.968,5878
811.966,5877
812.343,5876
813.133,5874
813.553,5872
814.002,5871
814.845,5870
816.793,5869
817.623,5867
819.339,5866
819.772,5865
820.668,5864
821.564,5861
822.031,5859
822.455,5858
825.603,5857
826.526,5854
826.936,5850
831.433,5849
831.825,5848
832.258,5845
832.733,5844
833.211,5843
834.04,5842
834.43,5841
834.854,5840
835.25,5839
836.092,5838
836.724,5837
837.66,5833
840.176,5830
840.681,5829
842.918,5828
843.39,5827
843.816,5826
845.236,5825
846.122,5824
846.59,5823
848.322,5822
848.739,5821
849.114,5819
849.51,5818
851.163,5817
851.61,5815
852.532,5814
853.791,5812
855.98,5810
857.783,5809
858.198,5807
860.371,5804
861.139,5803
861.541,5802
861.941,5801
862.739,5800
863.208,5798
864.466,5794
866.906,5793
867.745,5791
868.132,5790
868.548,5787
871.039,5786
871.428,5785
872.321,5783
875.518,5782
878.543,5781
879.345,5780
883.476,5778
884.369,5777
885.641,5775
886.903,5773
887.302,5772
887.7,5769
889.352,5768
892.228,5767
894.361,5766
894.754,5765
895.189,5764
895.573,5763
895.984,5762
896.403,5761
896.892,5760
897.46,5759
897.976,5758
898.389,5757
898.801,5755
899.662,5754
901.947,5753
907.797,5750
908.221,5749
908.675,5748
909.172,5746
909.569,5744
912.504,5743
914.568,5742
914.975,5740
916.334,5738
920.259,5737
921.058,5736
922.237,5735
924.463,5734
925.635,5731
927.338,5729
927.794,5725
931.455,5724
935.181,5723
935.568,5722
935.982,5721
936.45,5720
936.885,5717
939.335,5716
940.154,5715
940.951,5712
942.762,5709
943.613,5708
944.016,5706
947.736,5705
950.304,5704
950.697,5703
951.869,5702
952.287,5701
953.084,5700
953.566,5699
953.996,5698
954.401,5697
955.605,5696
955.99,5695
956.388,5694
957.303,5693
958.353,5692
958.806,5691
959.205,5690
960.533,5689
961.03,5688
962.826,5687
963.262,5686
963.699,5685
964.65,5684
965.114,5683
966.874,5682
968.137,5681
969.069,5680
969.474,5679
970.255,5678
971.034,5677
971.432,5676
971.895,5674
972.381,5673
972.833,5672
973.24,5671
976.122,5670
976.972,5668
977.384,5667
978.198,5666
979.703,5664
980.173,5663
980.587,5662
983.951,5661
984.342,5660
984.747,5658
985.126,5656
986.325,5652
987.631,5651
988.027,5648
988.793,5646
990.376,5645
991.307,5644
992.478,5641
994.5,5640
994.936,5639
995.364,5638
995.75,5637
996.142,5636
996.538,5635
996.923,5633
997.325,5631
997.705,5630
998.591,5628
1000.37,5627
1000.79,5626
1002.15,5625
1005.06,5624
1005.92,5623
1006.39,5622
1006.78,5621
1007.16,5619
1007.57,5618
1009.67,5615
1010.11,5614
1010.53,5613
1011.31,5612
1013.45,5611
1015.98,5610
1018.18,5609
1019.04,5608
1020.01,5607
1020.49,5606
1021.01,5605
1021.88,5604
1022.74,5603
1024.58,5602
1025.93,5601
1026.36,5600
1026.85,5599
1027.31,5598
1028.66,5597
1029.09,5596
1029.49,5592
1030.66,5591
1031.07,5589
1034.07,5584
1036.18,5582
1036.58,5581
1039.57,5580
1040.09,5579
1041.27,5578
1042.45,5576
1043.83,5575
1044.21,5574
1044.61,5573
1045.4,5572
1047.48,5571
1047.88,5569
1048.35,5568
1049.83,5567
1051.92,5566
1052.34,5565
1053.29,5564
1053.75,5562
1058.37,5561
1059.4,5560
1059.99,5559
1060.45,5558
1060.92,5555
1063.74,5554
1064.15,5552
1066.3,5551
1067.94,5550
1068.33,5547
1073.25,5546
1074.21,5545
1074.61,5544
1075.82,5543
1078.71,5542
1079.12,5541
1079.54,5538
1082.21,5536
1088.42,5535
1089.4,5534
1089.78,5533
1090.18,5532
1090.58,5531
1093.12,5530
1094.03,5529
1094.42,5528
1094.82,5527
1097.76,5526
1100.22,5523
1101.31,5522
1110.17,5521
1110.57,5520
1110.95,5519
1111.84,5517
1113.92,5516
1114.76,5514
1115.3,5513
1115.77,5512
1116.23,5511
1116.6,5510
1119.97,5509
1120.36,5508
1120.76,5507
1122.14,5505
1124.65,5503
1126.22,5502
1127.93,5500
1128.34,5498
1130.06,5497
1132.26,5496
1135.99,5495
1136.39,5494
1137.17,5493
1139.26,5490
1139.72,5486
1143.12,5482
1146.71,5481
1148.06,5480
1148.51,5479
1149.84,5478
1150.67,5476
1151.07,5475
1151.46,5471
1157.49,5469
1160.76,5468
1161.25,5467
1164.68,5466
1165.51,5465
1165.91,5463
1168.76,5461
1169.16,5459
1172.02,5458
1174.01,5457
1174.41,5456
1175.22,5455
1176.89,5454
1179.54,5453
1180.02,5452
1183.79,5451
1184.68,5450
1185.1,5449
1185.91,5447
1186.7,5446
1190,5445
1190.85,5444
1191.7,5443
1195.08,5439
1197.8,5436
1199.92,5435
1200.33,5433
1205.43,5431
1207.03,5430
1207.46,5429
1210.98,5428
1211.37,5427
1211.76,5426
1212.16,5424
1212.93,5423
1215.97,5420
1220.47,5418
1221.79,5417
1222.31,5415
1223.18,5414
1223.6,5413
1224.05,5412
1224.94,5411
1227.34,5410
1230.27,5409
1232.23,5407
1233.15,5406
1237.2,5405
1237.98,5404
1238.37,5403
1239.15,5400
1240,5399
1246.43,5397
1248.13,5395
1249.74,5394
1250.13,5393
1251.83,5392
1252.66,5390
1255.58,5386
1262.38,5385
1269.28,5384
1270.12,5380
1279.26,5379
1279.66,5378
1280.86,5377
1281.33,5376
1283.95,5375
1284.34,5373
1286.05,5372
1286.83,5371
1287.24,5369
1291.7,5368
1292.08,5367
1297.02,5366
1298.99,5364
1299.83,5362
1304.55,5361
1305.35,5359
1307.92,5358
1309.95,5356
1310.35,5355
1314.5,5354
1318.23,5353
1318.68,5351
1319.94,5350
1320.33,5349
1322.14,5348
1325.06,5346
1326.96,5345
1327.39,5343
1327.82,5342
1329.13,5341
1330.04,5339
1332.51,5337
1339.53,5336
1339.92,5335
1344.44,5334
1344.88,5332
1346.17,5331
1346.95,5329
1349.28,5328
1350.47,5326
1357.1,5325
1361.3,5324
1361.72,5323
1362.72,5322
1365.77,5320
1366.2,5319
1372.41,5318
1374.88,5317
1375.28,5313
1382.01,5312
1385.82,5308
1391.39,5307
1395.01,5306
1395.84,5305
1397.46,5303
1400.36,5301
1401.67,5300
1403.03,5299
1403.46,5298
1403.89,5297
1405.61,5296
1406.56,5295
1407.36,5293
1407.73,5291
1408.12,5289
1411.16,5287
1411.56,5286
1415.16,5285
1415.91,5284
1416.4,5282
1416.83,5281
1417.65,5278
1421.95,5277
1422.33,5276
1423.63,5275
1424.11,5274
1425.44,5272
1429.69,5271
1430.28,5270
1430.71,5269
1431.13,5268
1431.56,5267
1432.97,5266
1440.38,5265
1441.13,5264
1441.51,5263
1443.46,5262
1443.99,5261
1444.45,5260
1445.41,5259
1445.83,5258
1449.9,5256
1451.8,5255
1452.19,5254
1452.57,5253
1453.34,5252
1453.75,5248
1455.12,5247
1456.32,5246
1458.48,5245
1458.9,5243
1459.33,5242
1459.72,5240
1462.69,5239
1463.09,5238
1463.48,5237
1464.67,5235
1465.53,5234
1465.97,5233
1473.67,5231
1474.1,5230
1475.54,5229
1475.96,5228
1476.35,5227
1478.89,5225
1484.63,5224
1485.46,5223
1488.86,5222
1491.45,5221
1495.62,5218
1496.91,5216
1502.15,5215
1503.06,5214
1503.58,5211
1505.19,5206
1521.7,5205
1522.13,5204
1522.59,5202
1523.03,5198
1523.91,5196
1530.08,5195
1534.35,5194
1534.74,5193
1535.53,5191
1538.75,5190
1541.18,5189
1544.41,5188
1544.85,5187
1545.3,5186
1545.67,5185
1549.46,5184
1549.88,5182
1550.28,5181
1550.68,5179
1554.21,5177
1554.63,5176
1555.07,5175
1555.92,5174
1556.41,5173
1558.36,5172
1560.46,5171
1561.63,5170
1562.42,5169
1565.76,5168
1566.18,5167
1567.56,5166
1569.31,5165
1571.21,5164
1573,5161
1575.86,5160
1577.05,5158
1578.21,5155
1578.73,5154
1579.98,5153
1587.39,5152
1590.26,5151
1595.46,5150
1595.84,5149
1596.21,5147
1596.6,5145
1599.27,5144
1600.87,5143
1601.32,5142
1605.77,5140
1608.66,5139
1609.13,5138
1609.54,5137
1611.14,5136
1611.96,5135
1614.49,5133
1614.94,5132
1616.7,5130
1620.97,5129
1625.37,5127
1626.83,5126
1628.8,5124
1635.62,5121
1636,5120
1646.92,5119
1650.08,5118
1656.78,5117
1659.38,5115
1661.74,5114
1666.14,5113
1667.38,5112
1667.8,5111
1677.04,5110
1677.41,5109
1679.23,5108
1684.71,5105
1688.41,5104
1693.63,5103
1694,5102
1694.39,5101
1694.8,5099
1698.98,5095
1704.3,5092
1706.38,5090
1706.89,5089
1707.72,5083
1715.05,5082
1715.46,5081
1715.85,5080
1718.67,5078
1719.05,5077
1719.44,5075
1725.08,5074
1727.51,5073
1729.2,5072
1732.21,5070
1739.28,5069
1739.68,5068
1740.98,5067
1742.52,5066
1748.62,5065
1757.94,5064
1764.23,5063
1768.02,5062
1768.43,5058
1768.82,5057
1785.55,5054
1792.15,5052
1799.17,5050
1801.71,5048
1802.1,5046
1803.67,5045
1805.47,5044
1822.76,5043
1823.15,5042
1825.52,5040
1826.29,5039
1826.68,5037
1832.92,5036
1835.02,5034
1839.84,5033
1848.25,5030
1850.91,5029
1854.36,5027
1872.53,5025
1874.57,5024
1875.32,5023
1875.71,5022
1876.63,5017
1891.89,5015
1899.55,5014
1909.48,5013
1909.93,5010
1938.9,5009
1939.31,5008
1956.23,5006
1965.48,5005
1965.87,5004
1978.58,5003
1980.59,5002
1982.88,5001
1984.53,5000
1988.53,4999
1989.05,4998
1996.55,4995
1998.93,4993
2000.11,4990
2016.74,4989
2020.21,4986
2026.95,4985
2027.36,4984
2027.74,4983
2028.93,4982
2033.77,4981
2037.94,4980
2038.4,4979
2040.41,4978
2041.18,4977
2041.58,4976
2044.48,4975
2047.63,4973
2050.45,4971
2059.88,4969
2065.24,4968
2065.69,4967
2075.51,4966
2077.73,4965
2081.47,4964
2084.46,4963
2086.07,4962
2086.83,4961
2087.77,4959
2089.32,4958
2098.01,4957
2099.5,4953
2103.93,4951
2113.47,4950
2114.39,4949
2116.35,4948
2120,4945
2121.67,4943
2122.06,4942
2122.44,4941
2123.22,4940
2163.26,4939
2163.65,4938
2166.43,4936
2167.74,4935
2171.39,4934
2172.34,4932
2177.27,4931
2183.38,4930
2205,4929
2209.39,4928
2209.78,4927
2210.17,4925
2218.13,4924
2220.65,4923
2222.77,4922
2226.35,4921
2247.35,4920
2252.72,4917
2270.48,4915
2274.95,4910
2289.7,4908
2294.82,4907
2304.41,4906
2305.72,4905
2307.23,4903
2309.17,4902
2314.21,4901
2315.02,4900
2315.4,4899
2317.05,4898
2317.5,4897
2319.41,4896
2320.65,4895
2324.79,4894
2325.3,4893
2344.86,4891
2348.56,4888
2354.52,4887
2358.23,4885
2368.28,4884
2370.78,4883
2371.56,4881
2372.37,4880
2383.49,4877
2383.93,4876
2386.95,4875
2387.34,4874
2398.41,4872
2398.8,4869
2416,4867
2418.36,4866
2419.19,4865
2420.02,4864
2420.42,4863
2421.58,4862
2430.83,4861
2432.8,4859
2438.16,4856
2462.63,4855
2463.01,4854
2464.28,4851
2464.72,4850
2465.52,4849
2481.94,4848
2487.99,4847
2497.63,4846
2498.07,4845
2505.31,4844
2526.83,4842
2533.86,4841
2534.28,4839
2536.22,4838
2547.55,4837
2549.11,4835
2569.59,4834
2583.37,4833
2585.1,4831
2585.9,4830
2594.41,4829
2595.31,4828
2598.41,4827
2611.99,4826
2616.43,4825
2616.82,4824
2645.96,4822
2653.63,4820
2656.81,4819
2657.28,4818
2660.58,4817
2675.7,4816
2676.22,4815
2676.67,4814
2683.02,4813
2683.85,4811
2710.54,4809
2714.78,4808
2727.26,4807
2736.53,4806
2737.31,4805
2745.47,4803
2782.15,4802
2788.17,4800
2806.28,4799
2807.57,4798
2811.23,4797
2812.78,4795
2827.82,4793
2834.36,4792
2855.91,4791
2875.25,4790
2876.07,4789
2879.82,4787
2880.57,4786
2904.08,4784
2906.29,4782
2929.43,4781
2930.69,4779
2977.97,4778
2980.42,4777
2986.41,4776
2987.24,4774
2990.54,4773
2990.93,4772
2996.28,4771
3002,4770
3003.7,4769
3005.41,4768
3005.94,4767
3007.02,4766
3010.05,4764
3022.06,4763
3022.5,4761
3027.41,4760
3072.43,4758
3089.77,4757
3109.13,4756
3171.83,4755
3201.51,4754
3212.36,4753
3212.76,4752
3216.76,4751
3227.86,4750
3230.85,4749
3232.06,4748
3282.26,4747
3288.35,4746
3290.02,4745
3294.08,4744
3297.3,4742
3297.72,4741
3382.5,4738
3403.48,4737
3404.28,4736
3443.39,4734
3488.95,4733
3489.74,4732
3534.62,4731
3542.24,4730
3554.64,4729
3558.72,4728
3559.18,4727
3569.35,4726
3572.22,4725
3575.65,4724
3589.04,4723
3592.78,4722
3608.27,4721
3610.45,4720
3610.84,4719
3621.72,4718
3622.11,4716
3675.13,4715
3675.55,4714
3688.37,4712
3692.92,4711
3693.33,4710
3696.33,4709
3720.56,4708
3723.01,4705
3757.32,4704
3759.98,4703
3769.97,4701
3789.09,4700
3789.58,4699
3791.96,4697
3792.37,4695
3802.86,4694
3803.66,4693
3818.74,4692
3823.25,4691
3868.01,4688
3868.44,4687
3878.92,4685
3879.31,4684
4108.5,4683
4109.67,4682
4142.9,4681
4161.7,4680
4167.49,4678
4171.97,4677
4172.36,4676
4175.6,4675
4178.99,4674
4193.36,4673
4197.4,4672
4203.42,4671
4204.68,4670
4207.8,4669
4209.2,4668
4209.61,4667
4274.76,4666
4276.98,4665
4277.4,4664
4278.27,4663
4279.7,4661
4280.97,4659
4526.68,4657
4527.07,4654
4527.85,4653
4532.14,4652
4598.85,4651
4640.09,4649
4737.21,4648
4741.58,4647
4742.37,4646
4768.85,4645
4771.29,4644
4917.18,4643
4970.48,4641
5290.18,4639
5559.14,4638
5559.94,4636
5564.71,4635
5569.12,4630
5740.73,4629
6011.04,4628
6072.77,4627
6082.51,4626
6085.51,4625
6273.87,4624
6283.42,4622
6286.35,4621
6287.9,4620
6406.48,4619
6446.95,4617
6447.72,4616
6452.56,4614
6453.65,4612
6467.84,4611
6469.63,4610
6471.68,4609
6472.09,4608
6472.53,4607
6473.02,4606
6510.13,4605
6511.5,4603
6546.93,4602
6551.26,4601
6570.69,4600
6604.58,4599
6609.43,4598
6614.59,4597
6614.96,4596
6617.01,4595
6621.88,4594
6950.31,4593
6967.13,4592
6969.19,4591
6969.57,4590
6971.25,4589
6972.56,4588
6979.74,4587
7040.33,4586
7046.02,4584
8329.74,4582
8332.72,4581
8417.22,4580
8419.24,4579
8423.2,4578
8423.59,4577
8427.71,4576
8439.87,4575
8455,4573
8679.84,4572
8683.06,4570
8690.71,4569
8691.54,4568
8728.96,4567
8823.09,4566
8826.32,4565
8831.14,4564
8833.54,4563
8833.94,4562
8836.13,4561
8837.74,4560
8852.14,4558
9040.29,4557
9042.3,4556
9077.13,4555
9077.59,4554
9077.96,4553
9104.68,4552
9106.91,4551
9225.79,4549
9240.35,4548
10050.6,4547
10061.5,4544
10109.3,4543
10120.2,4542
10121,4541
10123.5,4540
10140.7,4539
10156.3,4538
10159.1,4537
10163.6,4536
10164.9,4535
10167.7,4534
10172.7,4533
10195.3,4531
10204.3,4530
10347,4529
10347.4,4528
10380.2,4527
10381.6,4526
10382,4525
10398.4,4524
10404.4,4522
10405.2,4519
10559.8,4518
10567.2,4517
10567.6,4516
10573.1,4515
11312.8,4514
11335.4,4512
11336.3,4510
11340,4509
11342.8,4508
11349.3,4507
11355.7,4505
11379.4,4502
11522.2,4500
13177.9,4499
13180.7,4498
13190.3,4497
13191.5,4495
13203.6,4493
13210.8,4492
13213.5,4490
13217.2,4489
13219.6,4488
13220.6,4487
13226.6,4486
13406.7,4485
13410.2,4483
13427.5,4480
13529.9,4477
13926.2,4476
13926.7,4474
14534,4473
14544.4,4472
14544.8,4470
14560.7,4469
14577,4468
14579.6,4466
14593.3,4465
14595.1,4464
14595.5,4463
14680.8,4461
14693.6,4460
14770.6,4459
14818.2,4458
14834.6,4457
14835,4456
15408.1,4454
15412.6,4452
15418.1,4451
15420,4450
15429.4,4449
15430.2,4448
15430.6,4447
15438.6,4446
15466.9,4445
15479.8,4444
15487.2,4443
15488.8,4442
15543.8,4439
15550,4436
15552,4435
15588,4434
15776.5,4433
15777.4,4432
15778.7,4430
15782,4429
15785.2,4428
15785.6,4427
16126.9,4426
16128.5,4425
21035.7,4424
21094.2,4423
21144.4,4422
21144.9,4420
21181.5,4419
21194.8,4417
21232.2,4416
21232.6,4415
21372.7,4414
21376.7,4413
21377,4412
21454,4409
21526.5,4408
27321.6,4405
27324.3,4403
27401.4,4402
27425.2,4401
27982.9,4400
28014.5,4399
28030.2,4398
28068,4397
28094.7,4396
28110,4395
28198.3,4394
31275.8,4393
31363.4,4392
31367.7,4391
34754.7,4390
34765.8,4389
34816.9,4388
34860.5,4387
34864.4,4386
36869.6,4385
36877.5,4384
36886.8,4383
36890.2,4382
36896.5,4381
36899.5,4379
36915.5,4378
36916.8,4376
36917.7,4375
36928,4374
36961,4373
36961.4,4372
36961.9,4371
36966.7,4370
