0.825087,8360
1.34977,8359
1.7715,8358
2.23382,8357
2.70929,8356
3.19192,8355
3.72207,8354
4.36797,8353
4.89381,8352
5.40532,8350
5.88757,8348
6.49412,8345
6.91907,8344
7.35487,8343
7.7913,8341
8.27827,8340
8.77334,8339
9.21106,8335
9.64532,8334
10.0772,8330
10.4965,8328
10.9305,8326
11.3914,8325
11.8311,8320
12.3483,8319
12.7918,8318
13.2477,8317
13.679,8315
14.0926,8313
14.5094,8311
14.9355,8306
15.3535,8305
15.8714,8302
16.3383,8301
16.7703,8290
17.1681,8289
17.6109,8284
18.0397,8283
18.4474,8282
18.8601,8279
19.2936,8276
19.7846,8275
20.2458,8274
20.6498,8273
21.0959,8268
21.5034,8264
21.9679,8262
22.4499,8261
22.8712,8260
23.3816,8254
23.8481,8250
24.264,8248
24.6874,8247
25.1058,8242
25.5045,8241
25.9028,8238
26.5259,8234
26.996,8229
27.5038,8227
27.9074,8226
28.3161,8223
28.7472,8222
29.1739,8220
29.5989,8218
30.0267,8217
30.4839,8209
31.0633,8208
31.5045,8207
31.9397,8205
32.3549,8202
32.8024,8199
33.2564,8189
33.6814,8187
34.1103,8184
34.611,8183
35.0949,8182
35.5156,8180
35.9301,8175
36.3451,8174
36.761,8172
37.1804,8171
37.6232,8170
38.0422,8169
38.5729,8168
39.032,8164
39.4344,8159
39.8678,8152
40.2931,8147
40.7032,8143
41.1413,8142
41.5708,8141
42.0557,8140
42.5281,8138
42.9391,8137
43.3736,8130
43.817,8129
44.214,8119
44.6134,8116
45.0366,8112
45.4567,8111
45.9424,8109
46.4517,8108
47.0701,8105
47.5158,8102
47.9576,8101
48.3685,8100
48.785,8097
49.2044,8094
49.7218,8092
50.1704,8089
50.5868,8088
51.0158,8086
51.4202,8081
51.8368,8080
52.2582,8079
52.6955,8076
53.1828,8073
53.653,8072
54.0923,8067
54.5345,8066
54.9448,8065
55.4386,8062
55.905,8061
56.3578,8059
56.8654,8056
57.3788,8054
57.868,8052
58.3147,8049
58.7845,8048
59.2277,8047
59.6759,8046
60.1288,8040
60.6306,8038
61.2018,8035
61.6997,8031
62.1848,8030
62.6675,8027
63.1491,8024
63.5586,8023
63.9751,8022
64.5018,8021
64.9793,8015
65.3901,8014
65.8111,8013
66.2263,8012
66.6496,8010
67.2683,8009
67.6889,8006
68.1507,8002
68.6644,8001
69.1046,8000
69.519,7999
69.9365,7997
70.3671,7996
70.7838,7995
71.2267,7994
71.6412,7992
72.1337,7988
72.6017,7980
73.0446,7978
73.4639,7976
73.8652,7975
74.2761,7974
74.6924,7972
75.1202,7968
75.5681,7966
76.0633,7964
76.5033,7961
76.9215,7960
77.3231,7958
77.7468,7957
78.176,7956
78.5811,7955
78.997,7945
79.4417,7943
79.9252,7941
80.3399,7937
80.7471,7935
81.1415,7934
81.575,7933
81.984,7931
82.3863,7928
82.8171,7925
83.3056,7924
83.7607,7919
84.1511,7917
84.5774,7915
84.9822,7910
85.3761,7908
85.7851,7907
86.2215,7906
86.6089,7898
87.3505,7896
87.8154,7895
88.2391,7894
88.651,7890
89.0609,7889
89.4594,7888
89.8631,7883
90.2831,7882
90.7936,7880
91.2747,7878
91.7542,7877
92.1847,7876
92.6088,7875
93.0459,7872
93.463,7871
93.8766,7865
94.3297,7863
94.8349,7862
95.2813,7860
95.6981,7858
96.1106,7857
96.535,7856
96.9548,7854
97.3749,7852
97.7951,7850
98.2919,7844
98.7753,7843
99.1927,7840
99.6178,7837
100.017,7836
100.435,7835
100.847,7834
101.27,7833
101.711,7831
102.213,7829
102.653,7827
103.095,7824
103.487,7822
103.896,7820
104.321,7818
104.718,7816
105.123,7813
105.542,7812
106.029,7811
106.453,7805
106.885,7801
107.326,7799
107.979,7795
108.422,7794
108.846,7792
109.262,7790
109.754,7789
110.201,7787
110.599,7777
111.008,7774
111.415,7769
111.824,7767
112.247,7763
112.667,7762
113.126,7760
113.6,7758
114.045,7757
114.47,7755
114.959,7754
115.418,7752
115.88,7750
116.345,7749
116.833,7748
117.343,7744
117.818,7742
118.305,7740
118.788,7738
119.238,7736
119.701,7733
120.142,7729
120.65,7727
121.129,7726
121.606,7725
122.137,7724
122.6,7722
123.103,7721
123.543,7720
123.968,7719
124.429,7717
124.945,7716
125.368,7715
125.795,7710
126.217,7706
126.623,7704
127.082,7702
127.527,7701
128.169,7700
128.623,7697
129.1,7692
129.556,7691
129.974,7690
130.384,7689
130.798,7686
131.211,7683
131.626,7682
132.137,7681
132.601,7679
133.023,7677
133.441,7676
133.848,7675
134.257,7673
134.664,7672
135.059,7670
135.479,7665
135.943,7664
136.39,7663
136.817,7661
137.231,7660
137.655,7656
138.065,7655
138.473,7652
138.88,7650
139.33,7646
139.872,7643
140.279,7639
140.678,7638
141.096,7637
141.494,7634
141.902,7631
142.305,7629
142.735,7626
143.199,7625
143.7,7624
144.101,7621
144.498,7618
144.904,7617
145.305,7611
145.707,7609
146.097,7608
146.505,7605
146.991,7603
147.471,7601
147.866,7597
148.58,7596
149.269,7595
149.874,7594
150.407,7593
151.031,7591
151.528,7588
151.96,7586
152.611,7585
153.065,7584
153.53,7583
153.946,7578
154.374,7575
154.92,7574
155.495,7573
156.002,7572
156.455,7571
156.916,7570
157.379,7569
157.867,7567
158.443,7566
159,7565
159.48,7562
159.961,7561
160.422,7560
160.918,7557
161.402,7556
161.834,7555
162.296,7553
162.861,7551
163.304,7548
163.716,7546
164.137,7542
164.528,7541
164.949,7534
165.352,7532
165.756,7530
166.21,7529
166.681,7528
167.079,7524
167.5,7522
167.967,7520
168.571,7519
169.028,7516
169.456,7512
169.942,7509
170.413,7504
170.829,7502
171.235,7501
171.671,7500
172.079,7499
172.5,7498
172.92,7497
173.329,7494
173.815,7492
174.282,7491
174.697,7490
175.12,7488
175.52,7487
175.997,7486
176.452,7483
176.897,7482
177.404,7481
177.936,7480
178.376,7479
178.851,7478
179.331,7477
179.79,7476
180.256,7475
180.742,7473
181.301,7471
181.871,7468
182.33,7466
182.882,7464
183.352,7461
183.801,7459
184.232,7455
184.64,7453
185.126,7451
185.609,7449
186.012,7448
186.423,7445
186.838,7444
187.254,7442
187.668,7441
188.083,7439
188.677,7437
189.183,7436
189.612,7433
190.07,7432
190.49,7429
190.907,7428
191.337,7427
191.763,7426
192.204,7424
192.713,7421
193.192,7420
193.604,7419
194.015,7417
194.423,7411
194.825,7409
195.235,7408
195.642,7407
196.047,7406
196.541,7405
196.996,7404
197.4,7403
197.822,7402
198.251,7400
198.701,7399
199.14,7397
199.563,7396
200.042,7395
200.483,7394
200.942,7392
201.352,7390
201.794,7389
202.221,7388
202.638,7386
203.07,7383
203.548,7380
204.059,7375
204.542,7373
204.944,7372
205.402,7368
205.832,7367
206.249,7366
206.655,7364
207.072,7362
207.53,7361
208.092,7359
208.534,7358
209.092,7357
209.599,7354
210.052,7353
210.563,7348
211.01,7347
211.545,7343
212.063,7339
212.489,7338
212.954,7337
213.452,7336
213.918,7335
214.369,7333
214.817,7332
215.317,7331
215.781,7330
216.228,7329
216.615,7327
217.094,7326
217.527,7325
217.957,7324
218.364,7322
218.801,7321
219.292,7315
219.733,7314
220.159,7313
220.561,7312
220.957,7311
221.376,7310
221.797,7309
222.217,7308
222.806,7307
223.38,7306
223.816,7305
224.243,7304
224.661,7303
225.061,7301
225.464,7300
225.859,7295
226.271,7292
226.746,7291
227.208,7290
227.627,7289
228.033,7287
228.482,7286
228.924,7283
229.563,7282
230.033,7281
230.597,7280
231.079,7279
231.502,7278
231.932,7277
232.374,7276
232.816,7274
233.227,7272
233.645,7270
234.056,7269
234.552,7268
235.038,7267
235.44,7265
235.842,7263
236.323,7261
236.769,7259
237.221,7258
237.654,7257
238.215,7254
238.7,7251
239.154,7250
239.6,7249
240.046,7243
240.495,7242
240.942,7240
241.39,7239
241.907,7237
242.394,7236
242.887,7233
243.421,7229
243.885,7228
244.31,7227
244.715,7226
245.134,7225
245.669,7224
246.106,7223
246.52,7222
246.953,7221
247.378,7219
247.811,7218
248.24,7217
248.664,7216
249.095,7213
249.767,7212
250.218,7210
250.62,7208
251.029,7207
251.45,7205
251.881,7203
252.288,7202
252.707,7201
253.187,7196
253.66,7193
254.109,7192
254.56,7190
254.965,7188
255.394,7187
255.831,7184
256.279,7182
256.699,7181
257.197,7178
257.653,7177
258.055,7176
258.456,7175
258.89,7174
259.278,7171
259.696,7170
260.107,7169
260.558,7168
261.015,7167
261.443,7166
261.85,7163
262.24,7160
262.663,7159
263.071,7157
263.479,7155
263.883,7154
264.351,7153
264.831,7152
265.225,7149
265.631,7148
266.038,7146
266.451,7144
266.854,7143
267.265,7142
267.676,7141
268.162,7140
268.625,7139
269.034,7138
269.44,7137
269.93,7136
270.412,7135
270.801,7134
271.217,7133
271.712,7131
272.266,7130
272.778,7129
273.217,7128
273.79,7127
274.289,7126
274.727,7125
275.156,7124
275.612,7123
276.092,7121
276.511,7120
276.934,7119
277.342,7118
277.802,7117
278.213,7116
278.63,7115
279.027,7114
279.567,7113
280.018,7111
280.49,7109
280.97,7108
281.396,7107
281.849,7104
282.291,7102
282.723,7101
283.236,7100
283.719,7098
284.125,7097
284.544,7095
284.928,7093
285.316,7087
285.721,7086
286.129,7085
286.544,7084
287.007,7083
287.462,7082
287.899,7081
288.304,7080
288.73,7079
289.127,7078
289.566,7077
290.001,7076
290.449,7074
291.009,7073
291.418,7072
291.83,7071
292.252,7069
292.703,7068
293.13,7067
293.514,7064
293.92,7061
294.397,7059
294.854,7055
295.44,7049
295.833,7047
296.272,7046
296.721,7045
297.171,7044
297.618,7043
298.09,7042
298.598,7040
299.074,7039
299.514,7036
299.947,7033
300.39,7032
300.835,7031
301.293,7030
301.775,7029
302.283,7027
302.771,7026
303.284,7023
303.817,7022
304.497,7020
304.931,7019
305.413,7018
306.005,7017
306.483,7016
306.91,7015
307.331,7014
307.757,7013
308.169,7011
308.579,7010
308.986,7009
309.481,7008
309.938,7005
310.387,7004
310.808,7003
311.212,7001
311.62,6999
312.039,6998
312.456,6997
312.877,6996
313.341,6995
313.818,6993
314.241,6992
314.641,6991
315.041,6990
315.609,6989
316.007,6988
316.422,6987
316.843,6986
317.309,6985
317.752,6984
318.168,6982
318.571,6979
318.977,6978
319.377,6977
319.807,6976
320.211,6973
320.681,6972
321.143,6971
321.564,6970
322.003,6969
322.425,6967
322.843,6966
323.257,6963
323.647,6962
324.045,6958
324.512,6956
324.963,6955
325.386,6954
325.797,6953
326.194,6951
326.598,6950
326.969,6949
327.385,6947
327.806,6946
328.274,6944
328.697,6943
329.126,6942
329.55,6941
329.956,6940
330.356,6939
330.759,6937
331.209,6936
331.599,6934
332.08,6929
332.53,6928
332.957,6927
333.376,6925
333.8,6923
334.194,6922
334.667,6921
335.075,6919
335.686,6918
336.177,6917
336.598,6915
337.02,6911
337.428,6910
337.858,6909
338.251,6908
338.661,6907
339.069,6906
339.542,6905
340.015,6904
340.421,6903
340.829,6902
341.247,6901
341.7,6900
342.118,6898
342.511,6897
342.93,6895
343.442,6894
343.898,6893
344.293,6892
344.7,6889
345.116,6888
345.513,6887
345.907,6885
346.299,6884
346.713,6883
347.183,6881
347.63,6880
348.055,6879
348.448,6878
348.841,6877
349.247,6873
349.655,6872
350.08,6871
350.557,6870
351.077,6869
351.527,6868
351.955,6867
352.395,6865
352.821,6864
353.224,6863
353.606,6862
354.005,6860
354.484,6859
354.961,6858
355.365,6857
355.778,6856
356.179,6855
356.626,6853
357.084,6852
357.538,6851
358.004,6850
358.504,6849
358.987,6848
359.44,6847
359.888,6846
360.322,6845
360.892,6844
361.376,6842
361.848,6841
362.339,6840
362.863,6839
363.322,6838
363.819,6834
364.266,6832
364.652,6831
365.14,6830
365.548,6829
366.07,6828
366.496,6825
366.916,6824
367.327,6823
367.724,6822
368.137,6821
368.543,6820
368.96,6819
369.388,6818
369.876,6817
370.33,6816
370.73,6815
371.139,6812
371.553,6811
371.968,6810
372.384,6809
372.818,6808
373.304,6807
373.782,6806
374.196,6805
374.604,6804
374.974,6803
375.392,6802
375.797,6801
376.186,6800
376.594,6799
377.076,6797
377.528,6796
377.932,6795
378.344,6794
378.749,6792
379.141,6791
379.539,6789
379.929,6787
380.363,6786
380.816,6785
381.423,6784
381.837,6783
382.217,6781
382.609,6780
383.044,6779
383.437,6778
383.831,6776
384.258,6775
384.733,6774
385.175,6773
385.582,6771
385.974,6770
386.373,6769
386.744,6768
387.164,6766
387.563,6765
387.969,6763
388.455,6762
388.899,6761
389.301,6758
389.713,6755
390.114,6754
390.493,6753
390.903,6752
391.3,6751
391.711,6749
392.191,6748
392.649,6747
393.047,6746
393.466,6745
393.869,6744
394.284,6743
394.744,6742
395.184,6741
395.639,6740
396.149,6739
396.556,6737
396.97,6736
397.384,6735
397.808,6734
398.208,6733
398.615,6732
399.024,6731
399.474,6730
399.947,6729
400.379,6728
400.779,6727
401.195,6723
401.752,6722
402.174,6721
402.572,6720
403.003,6719
403.512,6718
403.948,6717
404.351,6715
404.743,6713
405.146,6712
405.6,6711
406.017,6710
406.4,6708
406.832,6706
407.303,6705
407.709,6704
408.124,6702
408.509,6701
408.919,6698
409.327,6696
409.733,6695
410.151,6694
410.66,6693
411.188,6692
411.602,6691
412.058,6689
412.486,6688
412.913,6687
413.337,6686
413.755,6684
414.165,6683
414.686,6682
415.184,6681
415.597,6680
416.021,6679
416.416,6678
416.869,6677
417.315,6676
417.775,6675
418.295,6674
418.775,6673
419.231,6672
419.668,6670
420.091,6669
420.54,6668
420.989,6667
421.42,6666
422.089,6665
422.592,6664
423.038,6663
423.504,6662
423.976,6661
424.433,6660
424.866,6659
425.267,6658
425.8,6657
426.338,6656
426.787,6655
427.242,6654
427.645,6650
428.06,6648
428.466,6647
428.873,6646
429.281,6645
429.745,6642
430.213,6640
431.02,6639
431.436,6638
431.843,6637
432.267,6635
432.67,6634
433.101,6633
434.03,6632
435.228,6631
435.649,6630
436.054,6629
436.446,6628
436.856,6627
437.347,6626
437.809,6625
438.239,6624
438.625,6623
439.011,6622
439.428,6621
439.82,6620
440.23,6619
441.131,6618
441.582,6617
442.137,6616
442.54,6615
442.936,6614
443.339,6613
443.738,6612
444.141,6611
444.603,6610
445.046,6609
445.468,6608
445.864,6607
446.271,6606
446.661,6605
447.067,6604
447.47,6603
447.889,6602
448.543,6601
449.049,6600
449.524,6599
450.089,6598
450.549,6597
451.07,6596
451.567,6595
452.146,6593
452.808,6592
453.376,6590
454.267,6588
454.678,6587
455.143,6584
455.568,6583
456.1,6581
457.362,6580
457.839,6579
458.372,6578
458.817,6577
459.274,6576
459.726,6573
460.206,6572
460.776,6571
461.229,6570
461.656,6565
462.675,6564
463.143,6563
464.505,6562
464.946,6561
465.334,6560
465.734,6557
466.125,6556
468.233,6555
469.087,6554
469.494,6553
469.894,6552
470.304,6551
470.69,6550
471.098,6549
471.571,6546
472.067,6545
472.538,6543
473.013,6541
474.625,6540
475.032,6539
475.473,6538
475.943,6536
477.195,6534
477.642,6533
478.108,6532
478.528,6529
480.959,6528
481.86,6527
482.484,6526
483.048,6525
483.581,6524
483.991,6523
484.471,6522
484.901,6521
485.344,6520
485.75,6519
486.159,6518
486.592,6517
487.11,6516
487.547,6515
487.974,6514
488.379,6513
488.786,6512
489.192,6511
489.599,6510
490.036,6509
490.498,6508
490.96,6507
491.427,6506
491.824,6505
492.216,6504
492.631,6503
493.058,6502
493.445,6501
493.864,6500
494.331,6499
494.796,6498
495.236,6496
495.641,6495
496.016,6494
496.428,6493
496.833,6492
497.236,6491
497.619,6490
498.074,6489
498.533,6488
498.949,6487
499.345,6486
499.743,6485
500.146,6484
500.565,6483
500.995,6482
501.432,6481
501.95,6480
502.454,6479
503.084,6478
503.466,6477
503.894,6476
504.337,6475
504.774,6474
505.162,6473
505.651,6472
506.101,6471
506.524,6469
506.918,6468
507.694,6467
508.106,6466
508.907,6465
509.831,6464
510.24,6461
511.431,6460
511.838,6459
512.232,6458
512.643,6455
513.556,6453
515.226,6452
515.618,6451
517.426,6449
518.266,6446
519.065,6445
519.472,6443
520.289,6441
521.638,6440
522.079,6439
522.514,6438
523.173,6437
523.618,6435
524.084,6434
524.629,6433
525.495,6428
528.842,6427
529.243,6426
529.675,6424
530.114,6423
530.525,6421
530.963,6419
531.813,6418
532.395,6415
532.872,6414
533.357,6411
534.193,6410
534.992,6409
535.845,6408
537.096,6407
537.502,6406
537.964,6405
538.42,6402
538.844,6401
539.294,6400
540.719,6398
542.48,6396
543.578,6394
544.116,6392
545.019,6391
546.677,6390
547.21,6383
548.515,6382
548.91,6381
552.33,6380
552.742,6379
553.161,6378
554.005,6377
554.469,6375
554.971,6373
555.844,6372
556.295,6371
556.694,6370
557.084,6366
558.806,6365
559.232,6363
560.018,6362
560.808,6360
561.211,6358
562.51,6355
562.96,6354
563.906,6352
564.309,6351
564.7,6350
565.126,6349
565.506,6347
565.982,6346
566.424,6345
566.84,6344
567.235,6343
567.64,6342
568.026,6340
568.434,6339
568.822,6338
569.227,6337
569.69,6336
570.138,6335
570.537,6334
570.927,6333
571.34,6332
571.767,6331
572.25,6330
572.652,6329
573.224,6328
573.815,6327
574.265,6326
574.682,6325
575.067,6324
575.503,6323
575.955,6322
576.351,6321
576.751,6318
577.714,6314
579.361,6313
579.782,6311
581.081,6308
582.082,6305
582.452,6303
586.957,6302
587.371,6301
587.764,6300
588.185,6299
588.612,6298
589.085,6297
589.488,6296
589.9,6295
590.297,6294
590.682,6293
591.066,6292
591.462,6290
591.851,6289
592.306,6288
593.282,6286
594.172,6283
597.146,6282
597.524,6281
597.985,6280
598.435,6279
598.877,6276
599.298,6275
599.81,6273
601.186,6272
602.032,6271
604.114,6270
604.753,6269
605.289,6268
605.841,6267
606.321,6266
606.778,6265
607.174,6263
607.726,6262
608.211,6261
608.624,6257
609.425,6256
609.841,6255
610.649,6254
611.045,6253
611.523,6252
611.995,6251
612.412,6250
612.808,6249
614.036,6248
614.433,6247
614.841,6244
616.993,6241
617.388,6240
618.656,6239
619.963,6238
620.361,6237
620.766,6236
621.13,6235
621.534,6233
621.928,6231
622.321,6229
623.356,6228
625.347,6227
625.726,6226
626.129,6225
626.608,6224
627.047,6223
627.449,6222
627.857,6221
628.254,6220
628.687,6219
629.653,6218
630.078,6217
630.528,6216
630.963,6215
631.352,6214
632.913,6213
633.345,6209
634.659,6208
635.445,6207
635.841,6206
636.25,6205
637.061,6204
637.516,6202
638.902,6201
639.319,6200
639.743,6199
640.942,6198
641.412,6197
641.894,6195
643.953,6194
645.653,6193
646.48,6190
647.277,6189
648.089,6188
650.786,6185
651.587,6184
651.972,6183
652.837,6181
653.259,6180
653.696,6179
654.105,6177
654.564,6175
657.9,6174
658.366,6173
658.818,6170
660.246,6169
662.033,6168
662.478,6167
662.893,6166
663.394,6164
664.367,6163
664.782,6162
665.255,6161
666.125,6159
666.916,6156
667.399,6155
669.56,6154
670.117,6153
671.013,6152
671.466,6149
671.917,6144
672.321,6143
676.539,6142
676.939,6138
677.344,6137
677.725,6135
678.135,6134
678.61,6133
680.644,6132
681.457,6128
681.866,6127
682.781,6126
684.024,6125
685.181,6124
687.687,6123
688.865,6122
690.769,6120
691.146,6117
691.549,6116
692.752,6113
696.358,6112
697.701,6111
698.524,6110
699.812,6109
701.532,6108
702.348,6106
704.403,6105
704.874,6104
705.325,6103
705.732,6102
706.123,6101
706.539,6100
706.912,6099
707.7,6098
708.122,6097
708.604,6096
709.068,6095
709.468,6091
709.862,6090
710.818,6088
712.515,6087
712.948,6086
713.36,6084
713.754,6083
714.23,6080
715.139,6079
715.61,6078
716.556,6076
716.937,6074
717.741,6073
719.48,6072
719.995,6071
720.449,6070
721.34,6069
722.21,6068
722.628,6067
723.578,6066
724.079,6065
724.529,6064
724.988,6061
725.44,6060
725.917,6059
727.265,6058
727.704,6057
728.149,6055
729.421,6052
730.808,6049
732.958,6048
733.776,6047
734.183,6045
735.507,6044
738.833,6042
741.251,6041
741.644,6040
742.047,6038
742.524,6035
745.81,6033
746.269,6030
747.86,6029
750.004,6028
750.478,6027
751.241,6026
752.147,6024
752.573,6023
753.039,6021
754.464,6019
754.883,6016
755.299,6014
755.779,6013
756.325,6012
756.745,6008
760.195,6007
760.66,6006
761.646,6005
762.097,6003
762.544,6002
762.987,6000
763.434,5997
764.681,5996
765.166,5995
765.616,5992
766.021,5991
766.411,5990
766.827,5989
768.461,5988
768.949,5987
769.4,5986
769.802,5985
770.208,5984
770.595,5982
771.942,5981
772.368,5978
775.746,5977
776.267,5976
776.702,5975
777.15,5974
777.539,5973
777.974,5972
778.367,5971
778.787,5970
779.235,5969
779.662,5967
780.188,5966
781.2,5965
782.184,5964
783.077,5961
783.507,5959
785.828,5958
786.286,5957
787.572,5956
788.057,5955
788.5,5954
788.903,5953
789.29,5952
789.697,5951
790.147,5950
790.554,5948
790.961,5947
791.621,5945
792.089,5944
792.511,5943
795.383,5942
798.683,5941
800.012,5940
800.44,5939
800.856,5938
801.275,5937
802.099,5936
803.507,5935
803.934,5934
804.339,5933
804.746,5931
805.162,5929
805.564,5927
808.499,5926
811.036,5925
811.614,5918
812.417,5916
815.725,5915
816.09,5914
817.269,5913
819.056,5911
819.869,5910
822.131,5909
823.993,5908
824.832,5907
825.29,5906
825.781,5905
826.247,5904
827.071,5903
827.482,5902
828.869,5901
829.832,5899
830.278,5898
831.582,5897
832.397,5895
832.886,5894
834.182,5893
834.592,5891
836.257,5889
837.416,5887
839.507,5886
839.937,5885
840.422,5883
840.932,5881
842.699,5880
843.121,5878
845.445,5877
846.353,5876
846.78,5875
848.045,5874
848.883,5873
849.297,5872
849.667,5871
850.066,5869
852.735,5868
853.143,5867
856.602,5862
857.154,5860
858.374,5859
860.526,5858
860.946,5857
862.117,5856
862.5,5855
862.968,5854
863.421,5853
863.86,5852
864.261,5851
864.664,5848
866.239,5847
866.672,5844
867.911,5843
869.883,5842
870.759,5840
871.208,5839
872.017,5838
873.037,5837
873.556,5836
874.974,5835
875.737,5834
876.134,5833
876.925,5831
878.798,5830
879.199,5829
880.046,5828
880.95,5827
881.983,5825
882.886,5820
885.459,5819
885.92,5818
886.76,5817
887.545,5816
888.355,5812
889.177,5810
896.234,5808
898.631,5807
901.714,5806
903.02,5805
904.589,5803
905.157,5802
905.749,5801
908.07,5799
908.542,5798
909.008,5797
909.398,5792
909.801,5791
912.318,5790
912.748,5789
913.176,5787
913.591,5786
914.004,5783
915.213,5781
922.067,5780
923.364,5778
923.833,5775
924.257,5773
924.67,5772
925.857,5771
926.681,5770
927.985,5769
929.163,5768
929.566,5767
930.33,5766
931.213,5765
931.638,5764
932.033,5762
932.45,5761
932.848,5760
933.626,5759
934.036,5758
934.91,5756
935.347,5754
936.179,5753
937.115,5752
938.212,5748
939.938,5746
942.067,5744
942.538,5743
944.59,5741
946.306,5740
946.715,5739
947.123,5738
947.516,5737
947.955,5735
948.367,5734
951.312,5733
952.513,5732
955.84,5731
956.22,5730
956.609,5729
957.608,5728
958.033,5727
958.572,5724
962.145,5723
962.572,5722
963.447,5721
965.326,5719
965.765,5718
966.643,5717
967.076,5716
967.515,5714
970.429,5713
970.818,5711
973.856,5710
974.255,5709
974.643,5708
975.041,5707
975.929,5706
976.783,5705
977.985,5704
978.406,5702
978.957,5701
981.172,5700
983.232,5698
987.831,5697
989.02,5696
991.531,5693
992.699,5692
993.1,5691
993.507,5690
994.316,5689
996.015,5688
996.402,5687
997.934,5686
998.428,5684
1005.77,5682
1010.74,5680
1011.53,5679
1011.97,5678
1013.24,5676
1014.12,5672
1015.83,5671
1016.6,5670
1017.97,5669
1018.83,5668
1019.88,5667
1020.84,5666
1021.32,5665
1022.19,5664
1022.65,5663
1023.52,5662
1035.77,5661
1037.01,5660
1037.42,5658
1038.6,5657
1040.09,5656
1040.88,5655
1041.28,5652
1043.33,5651
1044.6,5650
1046.54,5649
1047.01,5648
1047.46,5647
1047.88,5645
1048.88,5644
1050.39,5643
1050.97,5641
1053.83,5640
1057.02,5639
1057.5,5638
1060.55,5637
1061.02,5636
1061.43,5630
1061.85,5629
1066.34,5628
1066.79,5626
1067.58,5624
1067.97,5623
1074.27,5621
1075.88,5616
1080.14,5614
1081.87,5613
1083.69,5612
1088.17,5609
1092.34,5608
1092.82,5607
1093.32,5606
1094.55,5605
1096.13,5604
1097.08,5603
1097.49,5601
1099.07,5600
1099.44,5599
1099.85,5597
1100.36,5596
1101.46,5595
1101.87,5594
1103.16,5593
1103.6,5592
1104.06,5589
1104.53,5588
1105.35,5587
1105.75,5586
1106.15,5584
1106.56,5582
1106.94,5581
1108.27,5580
1110.28,5579
1110.66,5578
1112.38,5577
1114.03,5575
1115.93,5573
1118.39,5571
1118.79,5570
1120.5,5568
1123.93,5567
1124.4,5566
1125.58,5564
1126.84,5562
1129.38,5561
1131.14,5559
1133.23,5558
1133.65,5557
1134.98,5556
1135.77,5555
1136.15,5554
1138.63,5553
1141.97,5552
1142.88,5546
1143.74,5544
1144.2,5543
1146,5541
1154.57,5538
1158.77,5536
1163.07,5534
1163.49,5533
1166.76,5532
1167.16,5531
1167.56,5530
1167.96,5529
1169.25,5527
1169.65,5526
1170.05,5524
1173.19,5522
1178.25,5521
1179.1,5520
1180.97,5519
1181.36,5518
1181.96,5516
1182.39,5514
1184.27,5511
1185.16,5510
1187.23,5509
1188.88,5507
1189.69,5506
1192.24,5505
1193.06,5504
1193.46,5503
1194.26,5502
1199.67,5501
1200.52,5500
1201.02,5499
1201.51,5497
1204.07,5496
1204.67,5495
1206.84,5493
1209.49,5492
1210.38,5491
1212.39,5490
1215.79,5489
1217.85,5488
1218.28,5487
1218.68,5486
1219.09,5484
1220.28,5481
1221.59,5480
1226.75,5479
1227.13,5478
1227.9,5477
1229.6,5476
1230.4,5474
1236.93,5472
1238.46,5471
1240.59,5470
1240.99,5468
1243.15,5466
1244.89,5465
1246.6,5464
1247.44,5463
1247.89,5460
1248.29,5458
1248.69,5457
1251.18,5456
1253.23,5453
1256.97,5452
1257.38,5451
1257.75,5450
1258.13,5449
1258.6,5448
1259.04,5447
1259.41,5446
1260.61,5445
1269.79,5444
1270.27,5443
1271.91,5442
1272.31,5441
1273.47,5440
1275.65,5438
1278.2,5436
1279.79,5435
1280.22,5434
1280.61,5433
1281.01,5432
1281.48,5430
1284.48,5429
1285.39,5428
1286.6,5427
1286.99,5424
1287.37,5423
1291.44,5422
1294.29,5420
1295.09,5419
1295.85,5417
1296.32,5414
1296.77,5413
1298.32,5412
1307.18,5411
1307.65,5409
1310.96,5408
1312.66,5407
1313.06,5406
1313.88,5405
1314.8,5402
1316.87,5400
1318.43,5399
1320.14,5398
1320.53,5397
1322.93,5394
1326.25,5393
1326.72,5392
1327.2,5389
1330.32,5387
1331.56,5386
1331.95,5383
1335.63,5382
1336.47,5381
1336.89,5380
1337.28,5379
1337.77,5378
1338.21,5377
1343.15,5376
1344.8,5374
1347.66,5373
1349.22,5371
1356,5370
1357.07,5369
1359.78,5367
1368.06,5366
1369.56,5364
1369.96,5362
1370.77,5361
1373.33,5360
1380.76,5359
1383.24,5358
1384.65,5357
1385.92,5356
1387.76,5355
1389.04,5354
1389.65,5353
1390.54,5352
1391.41,5348
1397.13,5346
1403.93,5345
1406.19,5344
1407.01,5343
1407.39,5342
1408.18,5340
1408.57,5339
1412.38,5337
1412.75,5336
1415.96,5335
1416.9,5333
1420.18,5331
1425.94,5330
1428.13,5328
1428.57,5327
1435.13,5326
1435.6,5325
1437.25,5322
1442.6,5320
1443.7,5319
1444.17,5318
1445.98,5315
1456.91,5314
1457.35,5313
1457.75,5312
1458.68,5311
1459.1,5310
1459.54,5309
1459.94,5308
1460.36,5307
1462.05,5306
1462.49,5305
1462.9,5303
1468.16,5302
1470.86,5301
1472.07,5300
1474.95,5299
1475.44,5298
1479.21,5296
1481.5,5295
1481.93,5294
1482.77,5291
1484.02,5288
1488.26,5285
1492.18,5284
1492.62,5283
1493.03,5282
1493.42,5281
1494.24,5280
1496.35,5279
1496.74,5278
1497.15,5276
1497.53,5275
1500.79,5274
1501.58,5273
1502,5272
1507.05,5271
1508.87,5270
1509.3,5269
1512.97,5268
1513.37,5267
1516.61,5266
1517.4,5265
1519.98,5264
1520.74,5263
1521.94,5262
1523.34,5261
1523.73,5260
1525.79,5259
1529.07,5258
1532.88,5257
1533.34,5255
1534.22,5254
1535.39,5253
1536.54,5251
1539.41,5250
1540.17,5247
1542.67,5246
1547.55,5245
1549.74,5242
1552.87,5239
1559.92,5238
1561.48,5236
1565.15,5235
1566.05,5234
1569.16,5232
1569.62,5230
1571.67,5228
1576.96,5227
1577.34,5226
1579.07,5225
1580.27,5223
1583.56,5222
1584.36,5221
1585.13,5220
1588.85,5219
1590.92,5218
1591.72,5217
1592.1,5216
1592.49,5215
1595.38,5214
1595.76,5213
1598.43,5212
1601.69,5211
1604.08,5210
1604.93,5209
1606.14,5208
1607.74,5207
1609.11,5206
1616.21,5205
1617.6,5204
1617.99,5203
1621.67,5201
1624.39,5200
1625.76,5199
1628.7,5198
1629.15,5195
1639.87,5194
1640.26,5193
1640.69,5189
1641.49,5187
1643.99,5186
1654.48,5185
1654.89,5184
1655.3,5183
1655.74,5181
1659.76,5180
1664.03,5179
1664.82,5178
1666.09,5177
1668.98,5175
1670.32,5174
1671.89,5171
1677.35,5170
1677.73,5167
1678.32,5166
1680.45,5163
1685.96,5162
1687.87,5160
1692.79,5159
1696.06,5157
1696.45,5156
1699.47,5153
1703.38,5152
1704.23,5151
1704.64,5150
1705.05,5148
1709.16,5147
1709.58,5146
1710.42,5145
1710.86,5144
1711.27,5143
1712.41,5142
1713.56,5141
1728.99,5140
1729.87,5134
1730.83,5133
1732.99,5132
1736.29,5131
1736.76,5129
1742.46,5127
1743.9,5125
1744.42,5124
1760.98,5122
1761.41,5121
1761.84,5119
1763.19,5118
1763.65,5115
1776.97,5114
1778.68,5113
1781.96,5112
1786.01,5110
1788.71,5109
1793.48,5108
1810.43,5107
1811.74,5106
1816.36,5105
1817.9,5103
1822.43,5102
1825.17,5101
1825.57,5098
1839.83,5096
1841.42,5095
1850.54,5094
1851.82,5093
1852.23,5092
1862.16,5091
1863.75,5090
1864.72,5089
1865.19,5086
1868.35,5085
1868.84,5084
1869.75,5083
1870.36,5082
1872.11,5081
1873.02,5080
1895.31,5077
1896.49,5075
1902.6,5074
1910.67,5073
1911.93,5071
1914.54,5067
1934.24,5066
1935.85,5062
1937.47,5060
1944.86,5059
1947.33,5058
1947.75,5056
1953.35,5055
1957.38,5054
1964.97,5052
1968.29,5049
1975.18,5046
1984.28,5045
1984.76,5044
1986.16,5042
1989.83,5041
2013.85,5040
2016.74,5039
2017.98,5038
2022.19,5037
2029.38,5036
2029.78,5035
2031.94,5034
2032.37,5032
2036.43,5031
2036.81,5030
2037.2,5029
2037.59,5028
2038.04,5027
2039.28,5023
2044.59,5022
2049.02,5021
2055.59,5020
2058.48,5019
2063.27,5018
2065.84,5017
2066.65,5015
2067.04,5013
2072.81,5012
2078.3,5011
2079.54,5010
2080,5009
2080.43,5006
2092.04,5005
2092.86,5004
2093.67,5003
2094.6,5002
2095.47,5001
2095.87,5000
2097.46,4999
2106.85,4998
2115.88,4997
2116.26,4994
2127.14,4993
2145.28,4992
2154.4,4991
2156.62,4988
2156.99,4985
2159.09,4983
2162.83,4982
2166.4,4981
2166.87,4980
2170.86,4978
2179.26,4977
2180.07,4976
2180.45,4974
2182.13,4973
2185.16,4972
2194.22,4971
2197.47,4970
2202.76,4969
2204.43,4968
2207.39,4967
2207.84,4966
2208.62,4964
2225.68,4962
2247.16,4961
2248.32,4959
2254.81,4958
2257.6,4957
2260.86,4956
2262.57,4954
2263.37,4953
2275.63,4952
2276.5,4950
2278.08,4949
2279.85,4946
2324.11,4945
2327.35,4944
2330.26,4943
2330.67,4942
2331.1,4941
2339.31,4939
2341.83,4938
2343.95,4937
2356.54,4935
2362.58,4934
2364.57,4933
2368.06,4932
2369.22,4929
2370.97,4928
2374.43,4927
2472.26,4925
2473.12,4924
2475.5,4923
2475.95,4922
2491.54,4920
2508.01,4918
2509.08,4917
2524.44,4915
2525.63,4914
2528.36,4913
2536.65,4911
2540.65,4910
2543.89,4908
2566.25,4906
2575.79,4905
2579.89,4904
2580.85,4902
2607.34,4901
2612.07,4900
2614.4,4899
2621.39,4897
2623.48,4896
2626.03,4895
2626.97,4894
2627.36,4893
2637.8,4892
2639.82,4891
2644.29,4889
2654.66,4888
2655.14,4886
2656.05,4884
2676.93,4883
2697.17,4882
2728.45,4879
2731.58,4876
2739.61,4875
2757.17,4874
2758.83,4872
2760.82,4871
2764.92,4869
2773.95,4868
2781.62,4867
2806.98,4866
2808.17,4865
2809.78,4864
2872.44,4863
2873.8,4862
2881.62,4861
2883.07,4860
2885.18,4859
2886.47,4856
2902.33,4855
2904.81,4854
2910.18,4852
2919.56,4850
2921.98,4849
2923.15,4848
2923.56,4846
2938.36,4845
2955.39,4843
2956.3,4842
2958.13,4841
2964.43,4840
2966.1,4839
3007.66,4838
3008.89,4837
3012.53,4836
3012.98,4835
3023.94,4832
3024.69,4831
3030.03,4830
3033.63,4828
3039.31,4827
3062.75,4825
3070.22,4823
3083.21,4822
3087.29,4821
3091.67,4820
3094.9,4819
3095.28,4817
3095.69,4816
3141.35,4815
3143.2,4814
3154.07,4813
3171.39,4812
3172.22,4811
3173.51,4810
3182.36,4809
3184.69,4808
3185.11,4807
3186.3,4806
3187.07,4805
3189.21,4804
3259.55,4803
3260,4802
3260.4,4801
3268.02,4800
3271.34,4799
3304.22,4798
3306.8,4797
3318.84,4796
3320.58,4795
3322.16,4794
3332.62,4793
3333,4792
3336.6,4791
3354.37,4789
3386.68,4787
3466.89,4784
3473.34,4783
3475.02,4782
3475.4,4781
3477.38,4780
3480.6,4779
3486.09,4778
3500.93,4777
3516.04,4775
3528.96,4774
3531.23,4772
3583,4771
3586.29,4768
3587.64,4766
3662.24,4765
3664.15,4764
3666.6,4763
3696.42,4761
3707.09,4760
3708.27,4758
3709.05,4756
3719.87,4755
3754.98,4754
3756.1,4753
3757.79,4751
3787.87,4750
3794.65,4749
3803.35,4748
3826.72,4747
3840.18,4746
3852.11,4745
3875.59,4744
4008.35,4742
4023.88,4741
4024.64,4740
4025.77,4739
4027.12,4738
4028.31,4735
4080.96,4734
4082.33,4733
4093.48,4732
4099.31,4730
4099.74,4729
4100.76,4728
4103.15,4727
4113.12,4724
4120.11,4723
4126.37,4721
4193.1,4719
4215.05,4718
4322.41,4717
4322.79,4714
4344.45,4713
4400.41,4712
4404.77,4711
4405.2,4709
4405.62,4707
4406.87,4705
4410.34,4703
4418.51,4702
4425.86,4700
4645.8,4699
4663.77,4698
4665.54,4697
4666.35,4696
4675.33,4695
4676.61,4694
4678.17,4692
4678.59,4691
4688.61,4690
4691.89,4689
4696.81,4687
4704.37,4685
4813.81,4684
4820.63,4683
4830.35,4682
4832.72,4681
4843.05,4680
4843.49,4676
4895.94,4675
4914.24,4674
4916.57,4673
4917.74,4672
4920.25,4671
4992.92,4670
4993.3,4669
4994.86,4668
4996.14,4667
4997.87,4666
4998.26,4665
5000.44,4662
5129.74,4661
5132.27,4660
5164.73,4659
5184.45,4656
5193.84,4655
5194.25,4654
5212.74,4653
5217.66,4652
5236.77,4651
5239.15,4650
5263.31,4649
5273.33,4647
5294.79,4646
5298.42,4645
5298.81,4644
5302.56,4643
5351.5,4642
5357.17,4641
5359.72,4640
5904.9,4638
5914.66,4637
5917.51,4636
5918.04,4635
5921.77,4634
5941.94,4633
5945.56,4632
5980.17,4630
6058.28,4627
6059.59,4626
6117.26,4625
6118.1,4624
6121.01,4622
6144.67,4621
6149.32,4619
6150.19,4617
6169.82,4616
6171.56,4613
7214.62,4612
7250.46,4611
7252.87,4609
7253.31,4608
7266.08,4607
7266.47,4606
7334.27,4604
8015.73,4603
8017.08,4602
8022.27,4601
8042.91,4600
8228.47,4598
8231.39,4597
8236.39,4596
8243.55,4595
8245.31,4593
8245.71,4592
8616.13,4591
8659.39,4590
8660.58,4589
8666.35,4587
8667.97,4586
8694.28,4584
8713.44,4583
8720.95,4582
8721.81,4580
8766.73,4579
8871.56,4578
8874.67,4577
8892.69,4574
8904.07,4573
8915.17,4572
8915.56,4571
9007.13,4568
9010.35,4567
9015.77,4565
9016.36,4564
9041.97,4563
9046.62,4562
9048.42,4561
9151.8,4559
9159.02,4558
9366.38,4556
9370.97,4555
9373.44,4554
9375.06,4553
9425.94,4552
9446.7,4551
9450.67,4550
9468.24,4549
9468.68,4548
9505.57,4547
9511.47,4544
9665.9,4542
9668.7,4541
9671.2,4540
9742.95,4538
9763.78,4537
9778.38,4536
9779.36,4535
9779.75,4534
9780.15,4532
9781.75,4531
9803.4,4530
9855.92,4529
9901.36,4528
9917.35,4527
9920.79,4525
9921.55,4524
10247.5,4522
10291.3,4521
10298.9,4519
10299.8,4518
10359.7,4517
10372.2,4516
10373.7,4515
10390.5,4513
10401.6,4512
10422.8,4510
10440.5,4507
10515.8,4506
10516.1,4505
10517.3,4503
11485.1,4502
11491.5,4500
11525.8,4499
11539.5,4498
11640,4497
11640.9,4495
11656.5,4493
11678.6,4492
11720.5,4491
11813.2,4490
11822.9,4489
11824.3,4488
11893.4,4487
11893.8,4486
11937.2,4485
12802.5,4484
12805.4,4483
12813.9,4481
12819.1,4480
12820,4479
12877.2,4477
12877.6,4476
12879.8,4475
13024.4,4474
13031.5,4472
13628.8,4471
13630.1,4470
13636.1,4469
13704.6,4467
13740.4,4466
13772.9,4465
13864.7,4464
13896.3,4463
13904.1,4462
13913.2,4461
13916.2,4460
13916.6,4458
15550.5,4457
15553.5,4454
15696.1,4452
16941.5,4449
19994,4448
20010.8,4446
20163.1,4445
20166.3,4444
21031.2,4443
21032.3,4440
21081,4439
24023.5,4438
24023.9,4437
24024.3,4436
24024.7,4435
24041.2,4434
24097.7,4433
24119.3,4432
24154.2,4431
24193.3,4430
24193.7,4427
24197.4,4426
24205.7,4425
24280.9,4423
24365.5,4421
24376.3,4420
24416.1,4419
24419.4,4418
24420.2,4414
24499.6,4413
24939.3,4412
24947.3,4411
24949.2,4410
24958.3,4409
24958.7,4407
25665.3,4406
25800.4,4405
25922.1,4404
25934.3,4403
25939.6,4401
25990.6,4399
31130.6,4396
32776.9,4395
32779,4394
32780.6,4393
32853.2,4392
32885.3,4390
32888.1,4389
32897.3,4388
32899,4387
33008.6,4386
34537.4,4385
34551,4384
34554.2,4383
34559,4381
34563.6,4379
34566.1,4377
