0.184215,1588
0.281537,1587
0.387911,1586
0.453864,1585
0.619033,1584
0.704925,1583
1.01463,1582
1.19531,1580
1.30578,1579
1.39076,1578
1.50119,1576
1.5869,1574
1.65855,1573
1.73418,1572
1.83898,1571
1.91566,1568
2.00483,1567
2.09181,1565
2.15869,1564
2.24301,1562
2.32127,1561
2.41684,1559
2.5031,1558
2.57344,1557
2.64167,1552
2.73258,1549
2.8088,1548
2.88569,1545
2.96797,1543
3.08638,1541
3.1564,1540
3.2189,1539
3.3035,1538
3.4003,1536
3.47901,1534
3.58111,1532
3.67356,1529
3.76276,1528
3.83557,1521
3.92634,1519
4.00981,1518
4.08085,1513
4.16667,1510
4.21986,1508
4.29165,1507
4.37994,1505
4.50329,1504
4.59832,1503
4.68891,1500
4.79509,1498
4.87795,1495
4.9725,1489
5.08235,1488
5.14576,1487
5.24757,1486
5.35037,1484
5.41701,1483
5.48711,1478
5.5681,1477
5.65008,1476
5.72,1473
5.80424,1472
5.87565,1471
5.95944,1470
6.04004,1469
6.12317,1466
6.19838,1463
6.25993,1461
6.34957,1454
6.42174,1452
6.48228,1451
6.57113,1450
6.65315,1448
6.72582,1446
6.80369,1443
6.87601,1442
6.95323,1441
7.03115,1439
7.10997,1438
7.18472,1436
7.25923,1434
7.31858,1433
7.3988,1432
7.47515,1431
7.55591,1430
7.63018,1428
7.7122,1427
7.78758,1421
7.86518,1419
7.94277,1417
8.024,1415
8.11595,1413
8.22766,1411
8.31989,1409
8.3819,1408
8.47513,1406
8.54452,1403
8.63815,1402
8.73556,1400
8.80906,1399
8.88598,1398
8.9532,1396
9.04082,1395
9.11625,1394
9.19333,1391
9.26921,1389
9.34464,1388
9.40661,1387
9.48621,1386
9.57245,1384
9.64542,1383
9.71997,1382
9.79385,1381
9.87311,1380
9.95198,1379
10.0335,1378
10.1079,1377
10.1952,1374
10.2447,1373
10.3197,1372
10.3974,1368
10.4614,1367
10.5445,1364
10.6264,1363
10.7024,1362
10.762,1360
10.8459,1359
10.9301,1358
10.9909,1357
11.0681,1356
11.1473,1355
11.2402,1354
11.3144,1352
11.389,1351
11.466,1349
11.5391,1348
11.6124,1345
11.688,1344
11.75,1343
11.8504,1342
11.9521,1340
12.0371,1337
12.1038,1336
12.1906,1333
12.264,1332
12.3237,1331
12.4098,1330
12.4669,1329
12.5458,1328
12.6124,1327
12.692,1326
12.7676,1325
12.8416,1324
12.9095,1323
13.0012,1322
13.0747,1321
13.14,1320
13.2094,1319
13.278,1318
13.3489,1317
13.3966,1316
13.5005,1315
13.5759,1314
13.6493,1312
13.7249,1311
13.7973,1310
13.8562,1309
13.9362,1308
14.0112,1307
14.0853,1306
14.1552,1305
14.2334,1304
14.3114,1303
14.4105,1302
14.4703,1301
14.5412,1300
14.6181,1299
14.6954,1298
14.7763,1297
14.8497,1296
14.924,1295
15.0679,1294
15.1449,1293
15.2365,1292
15.2965,1291
15.4413,1290
15.5207,1289
15.6083,1288
15.6981,1287
15.8025,1286
15.9072,1284
15.9966,1283
16.0885,1282
16.1744,1281
16.2409,1278
16.3478,1277
16.4202,1276
16.503,1275
16.574,1274
16.6524,1273
16.729,1272
16.834,1271
16.9162,1270
17.0006,1269
17.0662,1268
17.1465,1267
17.2222,1266
17.3035,1265
17.3797,1264
17.4574,1263
17.5366,1262
17.6083,1261
17.6556,1260
17.7406,1258
17.8269,1256
17.9062,1255
17.9846,1254
18.054,1253
18.1333,1252
18.2126,1250
18.265,1249
18.3339,1248
18.4244,1247
18.4847,1246
18.5619,1245
18.6356,1243
18.7322,1242
18.8236,1241
18.8925,1240
18.9964,1239
19.0814,1238
19.1628,1237
19.2536,1236
19.3312,1235
19.4138,1234
19.4881,1233
19.5477,1232
19.619,1231
19.6902,1230
19.7621,1228
19.8413,1227
20.1269,1226
20.202,1225
20.2746,1223
20.4254,1222
20.5008,1221
20.5601,1219
20.6325,1218
20.7872,1215
20.8613,1214
20.9524,1213
21.0133,1212
21.2939,1211
21.5062,1210
21.565,1208
21.6548,1207
22.0907,1206
22.2424,1205
22.3858,1203
22.4844,1202
22.576,1201
22.665,1200
22.9011,1199
22.9878,1197
23.2177,1196
23.2859,1195
23.4958,1194
23.5716,1192
23.6494,1191
23.7286,1190
23.8726,1189
23.9341,1187
24.0874,1185
24.5163,1184
24.587,1183
24.6649,1180
25.0205,1179
25.3811,1177
25.4371,1176
25.6157,1175
25.7637,1174
25.8131,1173
25.8769,1172
25.9631,1164
26.8556,1162
27.2192,1161
27.3775,1160
27.582,1159
27.6497,1158
27.7334,1157
27.8087,1156
27.8777,1155
28.239,1152
28.7203,1151
29.2401,1150
29.3128,1149
29.5198,1148
29.5927,1144
30.5454,1143
30.6253,1142
30.7186,1139
31.165,1137
31.3173,1134
31.4547,1133
31.5356,1132
31.8375,1131
32.0614,1130
32.2033,1128
32.4846,1127
32.5665,1126
32.6981,1125
32.7638,1124
32.9992,1123
33.2953,1122
33.4418,1121
33.7354,1120
33.8186,1118
34.5279,1117
34.8169,1116
34.8929,1115
34.9686,1114
35.7204,1113
36.499,1112
37.2808,1111
37.3816,1110
37.5695,1108
37.6594,1107
37.8331,1106
37.9065,1105
38.8256,1104
39.7706,1101
39.867,1099
40.2856,1098
40.5367,1097
40.7623,1096
41.1123,1092
41.2242,1090
41.4312,1089
41.9733,1088
42.217,1087
42.3121,1086
42.4049,1084
44.0396,1083
44.3537,1081
44.4334,1080
44.5942,1076
44.7914,1075
46.3566,1074
46.4244,1073
46.4933,1072
46.5645,1071
46.623,1070
46.6939,1067
47.2726,1066
49.0582,1065
49.2497,1064
50.5342,1063
50.9703,1062
51.1436,1061
51.394,1060
51.4428,1055
53.2359,1053
53.4986,1052
53.8235,1050
54.727,1049
54.8024,1046
55.5018,1045
55.6539,1043
57.0788,1042
57.1518,1041
57.4324,1040
57.581,1039
57.659,1038
59.3381,1037
59.4261,1035
60.5923,1034
61.0471,1033
61.2307,1030
62.6966,1029
62.9519,1027
63.0195,1026
69.1618,1025
70.2488,1021
78.1033,1020
78.2727,1019
79.0759,1018
79.2321,1017
80.5159,1016
80.5876,1014
81.3318,1013
82.6373,1011
83.3716,1010
84.3163,1009
84.4497,1008
89.0586,1007
89.3588,1006
89.4447,1005
89.8789,1004
90.7236,1003
91.0045,1002
92.9068,1001
96.6157,1000
96.6927,998
98.1834,997
101.425,996
101.984,995
102.307,993
106.119,992
129.425,991
130.571,990
130.748,989
132.606,988
154.502,986
154.635,985
155.837,984
160.699,983
165.548,982
165.76,981
166.208,980
171.517,979
172.964,978
178.743,977
181.147,976
181.385,975
185.45,973
249.459,972
251.314,971
251.536,970
254.351,969
283.123,968
283.292,967
412.982,966
414.174,965
415.071,964
418.251,963
420.843,962
487.803,961
511.462,960
514.286,959
514.589,955
519.538,953
520.969,952
521.035,950
525.399,947
549.078,946
671.615,945
1303.6,944
1304.4,941
1306.01,940
