0.203334,1588
0.300804,1587
0.386552,1586
0.530759,1585
0.63879,1584
0.843039,1583
1.11759,1582
1.22263,1581
1.33123,1580
1.42233,1579
1.53077,1578
1.61414,1576
1.68618,1572
1.76532,1570
1.86963,1569
1.94011,1566
2.02127,1564
2.10272,1561
2.16713,1559
2.27196,1557
2.34722,1555
2.4298,1553
2.53812,1552
2.61078,1550
2.68573,1548
2.77427,1545
2.86236,1544
2.93349,1540
3.016,1539
3.08348,1537
3.19966,1535
3.27241,1534
3.34476,1533
3.43184,1532
3.50985,1529
3.64656,1528
3.71695,1525
3.79027,1524
3.86238,1523
3.94308,1522
4.02217,1518
4.09289,1517
4.16849,1515
4.25154,1514
4.33479,1509
4.4636,1504
4.56558,1503
4.65086,1500
4.75291,1499
4.84138,1493
4.92597,1492
5.04009,1490
5.12094,1486
5.20431,1485
5.24071,1483
5.37498,1482
5.46134,1478
5.52792,1477
5.60756,1476
5.68319,1475
5.76624,1474
5.84907,1472
5.92191,1468
5.99464,1465
6.0647,1461
6.15652,1460
6.21755,1459
6.29805,1456
6.38323,1453
6.44609,1452
6.52593,1448
6.60439,1445
6.68417,1444
6.75826,1443
6.83572,1442
6.90989,1441
6.99184,1440
7.07003,1438
7.14589,1437
7.22086,1435
7.29932,1432
7.3801,1431
7.43797,1428
7.50562,1425
7.57516,1424
7.6605,1421
7.73867,1419
7.80875,1418
7.88117,1417
7.95133,1416
8.04029,1413
8.14213,1412
8.22293,1411
8.33241,1410
8.41274,1407
8.50117,1405
8.57074,1404
8.66621,1400
8.75276,1399
8.82483,1395
8.90353,1394
8.97961,1393
9.05764,1392
9.13353,1391
9.20695,1390
9.289,1389
9.36927,1388
9.43842,1386
9.50233,1384
9.5786,1381
9.65328,1379
9.73679,1378
9.80969,1377
9.88149,1374
9.96169,1373
10.0399,1372
10.1194,1371
10.1997,1370
10.2726,1369
10.334,1368
10.4036,1367
10.4782,1366
10.5653,1365
10.6385,1364
10.717,1362
10.7925,1361
10.8721,1359
10.9493,1358
11.0196,1356
11.1078,1353
11.1704,1352
11.2672,1350
11.3406,1349
11.4138,1348
11.4908,1347
11.56,1346
11.6357,1345
11.7061,1343
11.7984,1342
11.8946,1341
12.0004,1340
12.0624,1339
12.1357,1337
12.2119,1336
12.288,1335
12.3781,1333
12.4381,1332
12.5156,1331
12.5852,1330
12.6715,1329
12.7478,1328
12.7982,1326
12.8681,1325
12.948,1324
13.0246,1323
13.0992,1322
13.1698,1321
13.2497,1320
13.3092,1319
13.4001,1318
13.4623,1317
13.5533,1315
13.6132,1314
13.6826,1313
13.7474,1312
13.8168,1311
13.9058,1310
13.9845,1309
14.0495,1308
14.1286,1307
14.1974,1306
14.275,1305
14.3365,1304
14.4089,1303
14.5191,1302
14.581,1301
14.6676,1300
14.7401,1297
14.8307,1296
14.9062,1295
14.9589,1294
15.1054,1293
15.1967,1292
15.2868,1291
15.4033,1290
15.5013,1289
15.5798,1288
15.6677,1287
15.7481,1286
15.8244,1285
15.9469,1284
16.0296,1283
16.1511,1282
16.2266,1281
16.3282,1280
16.4103,1279
16.4821,1278
16.5537,1277
16.6377,1276
16.7002,1275
16.7763,1273
16.8759,1272
16.9773,1271
17.0503,1270
17.1349,1269
17.2083,1268
17.2692,1267
17.3311,1266
17.4459,1265
17.5043,1264
17.5813,1263
17.6554,1262
17.7288,1261
17.8048,1260
17.8743,1259
17.95,1258
18.032,1257
18.1031,1256
18.1806,1255
18.2506,1254
18.3297,1253
18.4019,1252
18.4511,1251
18.5298,1250
18.6083,1249
18.689,1248
18.7712,1247
18.8543,1246
18.9412,1244
19.0197,1243
19.1091,1242
19.1982,1239
19.2875,1238
19.366,1236
19.4494,1235
19.6558,1234
19.7286,1233
19.8637,1232
19.9463,1231
20.0262,1230
20.1582,1229
20.2338,1227
20.6064,1225
20.7383,1224
20.8888,1223
20.9692,1222
21.3154,1221
21.3626,1220
21.5162,1219
21.7241,1218
21.7949,1216
21.8853,1213
22.0872,1211
22.1604,1210
22.2384,1209
22.3078,1208
22.3767,1206
22.5627,1205
22.7431,1204
23.0737,1203
23.282,1202
23.3624,1201
23.4232,1200
23.5005,1199
23.5701,1197
23.7291,1196
23.9263,1195
24.0087,1194
24.0875,1188
24.372,1187
24.5914,1186
24.6684,1185
24.8056,1184
24.8743,1183
24.9348,1182
25.0114,1181
25.0942,1180
25.3023,1179
25.4414,1178
25.5156,1177
25.5999,1174
25.7429,1172
25.7961,1170
26.6273,1167
26.79,1165
26.8658,1163
27.8103,1162
28.012,1161
28.1749,1157
28.4542,1156
28.527,1155
28.5755,1154
28.6539,1153
28.8742,1151
29.3043,1149
29.3815,1146
29.7631,1143
29.8373,1141
30.696,1140
30.7991,1138
30.8916,1137
31.0017,1136
31.0729,1135
31.1552,1134
31.299,1133
31.3707,1132
31.6059,1129
31.6702,1128
31.7488,1127
31.9009,1126
31.9761,1125
33.0672,1124
33.3005,1123
33.3801,1121
34.3052,1120
34.5139,1118
34.8269,1116
35.6321,1115
35.9581,1113
36.0279,1112
36.5542,1111
36.6333,1109
36.7227,1108
36.7958,1106
37.8929,1105
38.8087,1104
38.9928,1103
39.0537,1102
39.495,1101
39.5801,1100
39.9891,1099
40.0752,1098
41.2348,1097
41.6129,1096
41.919,1095
42.3467,1094
42.4294,1091
43.714,1090
44.3537,1089
44.7975,1088
44.8832,1087
45.9251,1086
46.01,1085
46.0893,1083
46.1801,1081
47.0903,1080
47.244,1079
47.3155,1078
48.0054,1077
48.5061,1075
49.2932,1074
49.4676,1073
49.7027,1072
50.0996,1071
50.2478,1068
52.467,1067
52.7489,1063
54.2075,1060
55.3451,1058
55.7087,1057
56.0396,1056
56.2324,1054
57.5549,1053
57.7607,1052
58.1853,1051
58.7343,1050
58.8621,1046
60.4846,1044
61.5627,1043
62.9007,1041
63.9312,1040
65.507,1039
66.6088,1037
68.8901,1036
69.2191,1035
69.294,1034
69.3685,1033
70.7466,1032
70.9095,1031
71.3232,1030
71.4208,1029
71.845,1028
72.0105,1027
72.8208,1026
73.2756,1025
74.5674,1023
75.3275,1022
75.6267,1021
75.9116,1020
75.9861,1019
76.2768,1016
76.7959,1015
78.234,1014
82.2727,1013
83.1831,1012
84.8923,1011
89.0255,1010
91.3131,1009
93.6387,1008
93.8898,1007
98.6205,1006
101.337,1005
101.506,1004
103.304,1003
103.749,1001
105.732,1000
109.383,999
110.487,998
111.002,997
111.668,996
125.207,993
136.496,992
138.095,991
138.249,989
153.902,987
157.124,986
160.282,985
160.719,984
188.925,983
190.201,982
190.287,981
190.351,980
207.746,979
208.404,977
208.719,976
209.353,975
209.704,974
210.401,973
210.548,972
210.622,970
219.938,969
220.12,967
252.304,966
252.672,965
253.754,964
255.073,963
255.355,962
255.562,960
257.327,959
348.775,958
351.362,957
352.419,956
529.685,955
529.805,954
1067.49,953
1074.32,952
1074.61,951
1074.76,950
1983.19,949
1986.04,948
1987.22,947
1987.32,944
1988.48,943
1988.69,942
3994.68,941
