0.186241,1588
0.287658,1587
0.376861,1586
0.522012,1585
0.648919,1584
0.920281,1583
1.11963,1582
1.22247,1581
1.32914,1580
1.40988,1578
1.53634,1575
1.60234,1574
1.69322,1573
1.75991,1570
1.86849,1569
1.95229,1568
2.01455,1567
2.11585,1566
2.1927,1562
2.27008,1560
2.34576,1559
2.44326,1557
2.50979,1556
2.58657,1555
2.66909,1552
2.75494,1550
2.83987,1548
2.91601,1547
2.99571,1546
3.11508,1543
3.1772,1541
3.23877,1540
3.29984,1538
3.39107,1536
3.46623,1533
3.62145,1532
3.67796,1529
3.75212,1528
3.82476,1526
3.91536,1524
3.99559,1523
4.07987,1522
4.14484,1514
4.22945,1513
4.30089,1512
4.41069,1509
4.52334,1508
4.61585,1507
4.72447,1501
4.81277,1498
4.89676,1497
4.98612,1496
5.08254,1495
5.17826,1491
5.21058,1488
5.3049,1484
5.38686,1482
5.47256,1480
5.53961,1476
5.62346,1470
5.70929,1469
5.78383,1466
5.85517,1465
5.93556,1461
6.0126,1459
6.10145,1457
6.17378,1456
6.23895,1455
6.30478,1451
6.38023,1449
6.46326,1448
6.54299,1446
6.6099,1444
6.68384,1440
6.76353,1438
6.83475,1437
6.9132,1436
6.9957,1434
7.07186,1433
7.15181,1432
7.22789,1429
7.3152,1428
7.3816,1427
7.44353,1426
7.52765,1425
7.58755,1424
7.67028,1423
7.73434,1420
7.8164,1418
7.89663,1417
7.97469,1415
8.04959,1414
8.14258,1413
8.25362,1407
8.35349,1406
8.42883,1405
8.52762,1404
8.59846,1403
8.67459,1402
8.76749,1401
8.84846,1399
8.91824,1398
8.99383,1396
9.08154,1392
9.15733,1390
9.2344,1389
9.31348,1388
9.39197,1387
9.4493,1386
9.52865,1384
9.60837,1383
9.68496,1382
9.76371,1380
9.82558,1379
9.90834,1378
9.99463,1376
10.0786,1375
10.1508,1374
10.2278,1372
10.3023,1366
10.3808,1365
10.441,1362
10.5227,1360
10.5947,1359
10.6637,1358
10.7484,1357
10.8298,1355
10.9068,1353
10.9539,1351
11.0488,1350
11.1169,1349
11.208,1348
11.2693,1347
11.3464,1346
11.4204,1344
11.5058,1343
11.5749,1342
11.6517,1341
11.7213,1340
11.8052,1339
11.9154,1338
12.007,1336
12.082,1335
12.1408,1334
12.2164,1331
12.2945,1330
12.3685,1326
12.4445,1324
12.522,1323
12.5919,1322
12.6679,1321
12.7438,1319
12.8046,1318
12.877,1317
12.9562,1316
13.0309,1314
13.1053,1313
13.1757,1312
13.2556,1311
13.3353,1310
13.3954,1309
13.4759,1308
13.5357,1307
13.615,1306
13.684,1305
13.7599,1304
13.8397,1303
13.9031,1302
13.9828,1301
14.0634,1298
14.1274,1297
14.1894,1296
14.27,1295
14.3522,1293
14.4466,1292
14.5264,1291
14.5976,1290
14.667,1289
14.7378,1288
14.8257,1287
14.8956,1285
14.9651,1284
15.0833,1282
15.181,1281
15.2668,1280
15.347,1279
15.4685,1278
15.5514,1277
15.6374,1276
15.7384,1275
15.8135,1274
15.934,1273
16.0028,1272
16.1018,1271
16.1874,1270
16.2697,1269
16.3573,1268
16.4483,1267
16.5231,1266
16.6053,1264
16.6825,1263
16.7624,1262
16.831,1261
16.9332,1260
17.0077,1259
17.0932,1258
17.167,1256
17.2427,1254
17.3277,1253
17.3991,1252
17.4633,1251
17.535,1249
17.6152,1248
17.6876,1247
17.8481,1245
17.9179,1244
18.0034,1243
18.061,1240
18.1336,1239
18.5205,1238
18.5835,1236
18.7421,1235
18.8409,1233
18.9324,1232
19.0174,1231
19.1088,1230
19.1876,1228
19.2804,1227
19.3476,1226
19.4303,1225
19.5001,1224
19.5781,1223
19.6477,1221
19.7268,1220
19.7984,1219
19.862,1218
20.0069,1216
20.0797,1212
20.1554,1211
20.5864,1207
21.0308,1206
21.3015,1205
21.4498,1203
21.5271,1202
21.5971,1201
21.6564,1199
21.882,1198
21.9634,1197
22.0337,1196
22.1702,1195
22.3196,1194
22.4014,1192
22.5774,1191
22.666,1186
23.3007,1185
23.5348,1184
23.6585,1183
23.7377,1182
23.8847,1181
24.1162,1179
24.2435,1176
24.314,1175
25.0365,1172
25.1035,1171
25.4706,1170
25.5414,1169
25.6184,1168
25.9138,1167
25.9757,1166
26.2539,1165
26.4441,1164
26.4896,1163
26.8654,1162
26.9343,1161
27.0257,1159
27.1588,1157
27.2176,1156
27.3071,1155
27.7367,1154
27.8116,1153
27.9453,1152
28.5169,1151
28.8029,1150
28.8857,1149
29.3983,1148
29.6704,1147
29.9926,1145
30.0674,1144
30.1555,1143
30.3657,1142
30.7844,1139
31.2803,1138
31.3549,1137
31.4337,1135
31.5092,1134
31.5745,1132
31.6551,1131
31.7157,1130
31.7972,1129
31.8687,1128
32.0231,1127
32.1678,1126
32.3941,1122
32.8436,1120
33.2708,1119
33.4291,1118
33.8035,1115
34.5489,1113
35.004,1111
35.4319,1110
35.517,1109
36.0207,1108
36.2081,1106
36.28,1105
36.6977,1104
36.7631,1102
36.8385,1100
38.5411,1098
39.0644,1096
39.8499,1094
41.0648,1092
41.2975,1091
42.1155,1090
43.1617,1089
43.5344,1088
44.2988,1087
44.3719,1086
44.7526,1085
44.8247,1084
45.4395,1082
45.7709,1081
46.0032,1079
46.7584,1078
46.827,1077
49.4941,1076
49.748,1075
49.8065,1074
50.7259,1073
51.0733,1071
51.1607,1070
51.2097,1069
51.2982,1068
52.0446,1067
52.4475,1066
52.5634,1065
52.8341,1064
52.9034,1063
53.0059,1062
54.3148,1061
54.8498,1060
54.9184,1059
55.2444,1058
55.3502,1057
56.3305,1056
56.8261,1055
56.9108,1054
56.9869,1053
57.0556,1052
57.3453,1051
58.2131,1050
58.8057,1049
58.8759,1048
58.9544,1047
62.0019,1043
62.0761,1042
62.5291,1041
62.6643,1040
63.3369,1039
64.3093,1037
64.6743,1036
64.7469,1034
66.4556,1033
67.1951,1032
67.3767,1031
67.5352,1030
68.1604,1029
68.2404,1028
68.6024,1026
68.8113,1025
68.9077,1024
69.714,1023
69.7792,1021
70.1468,1020
72.5237,1019
73.3612,1018
73.4804,1017
75.1492,1015
76.5225,1013
80.5076,1011
80.5926,1010
80.6508,1008
80.7166,1006
88.2855,1004
88.6466,1003
89.9391,1002
90.3832,1001
91.4787,1000
93.8286,999
93.9925,998
95.4395,997
96.7981,996
99.812,994
100.373,992
100.519,991
101.856,990
101.944,989
112.848,988
113.188,986
127.476,985
128.475,984
132.644,983
133.526,982
133.803,980
134.641,979
134.927,978
135.079,977
136.132,976
179.195,975
180.68,973
287.666,972
292.381,970
302.912,968
303.306,966
305.162,965
374.257,964
437.668,963
437.727,961
437.796,960
437.878,959
438.036,958
439.31,957
608.7,956
611.572,955
651.564,952
921.065,950
1015.86,949
1041.13,948
1042.97,947
1044.37,945
1457.95,944
