0.176794,1588
0.269544,1587
0.352678,1586
0.482495,1585
0.609663,1584
0.874292,1583
1.08469,1582
1.22363,1581
1.30753,1580
1.38023,1578
1.49874,1577
1.57155,1576
1.64907,1574
1.73012,1573
1.82866,1572
1.90977,1571
1.98519,1569
2.04979,1568
2.15304,1565
2.23457,1564
2.31402,1563
2.39905,1561
2.49746,1559
2.57938,1556
2.64661,1554
2.74308,1549
2.82041,1547
2.89566,1546
2.96367,1544
3.08715,1543
3.13766,1541
3.2288,1539
3.30197,1537
3.41223,1531
3.47605,1526
3.56237,1521
3.67883,1520
3.74891,1519
3.82592,1516
3.92275,1515
4.00589,1514
4.08464,1511
4.17221,1510
4.24599,1506
4.3617,1504
4.45877,1503
4.55876,1501
4.6768,1500
4.74077,1493
4.83626,1491
4.93644,1488
5.05159,1487
5.1154,1485
5.22383,1483
5.31685,1482
5.38686,1479
5.45387,1477
5.52842,1474
5.61457,1473
5.67843,1471
5.76286,1466
5.83244,1465
5.90852,1462
5.98932,1460
6.06049,1456
6.17514,1455
6.24459,1454
6.32049,1452
6.39666,1450
6.47149,1448
6.54852,1446
6.60839,1445
6.69796,1443
6.77254,1442
6.83345,1437
6.91561,1436
6.99396,1434
7.06988,1432
7.14471,1430
7.22194,1429
7.29815,1427
7.37428,1424
7.44964,1421
7.5251,1420
7.59957,1417
7.66285,1416
7.75551,1415
7.8304,1414
7.90484,1413
7.98495,1412
8.05499,1411
8.14739,1409
8.25311,1406
8.34687,1405
8.44019,1404
8.51505,1402
8.61675,1401
8.69776,1397
8.77667,1393
8.85011,1392
8.92398,1391
9.00561,1390
9.06643,1389
9.14437,1387
9.21878,1386
9.28216,1385
9.36541,1384
9.44641,1383
9.52158,1382
9.60485,1381
9.6626,1378
9.74268,1376
9.80802,1375
9.88416,1374
9.97084,1373
10.0433,1372
10.1219,1371
10.2036,1370
10.277,1369
10.3468,1368
10.4234,1367
10.5007,1366
10.5761,1365
10.6355,1362
10.712,1361
10.7887,1360
10.866,1359
10.9478,1358
11.0206,1357
11.1069,1356
11.1953,1355
11.2699,1354
11.3426,1352
11.4035,1351
11.4707,1349
11.5585,1348
11.6176,1347
11.696,1345
11.7903,1344
11.89,1342
11.9844,1340
12.0475,1339
12.133,1337
12.1999,1336
12.2606,1335
12.3492,1334
12.4193,1332
12.4959,1331
12.5698,1330
12.6422,1329
12.7191,1328
12.7915,1327
12.8597,1326
12.9315,1324
12.9949,1323
13.0696,1322
13.1581,1318
13.2278,1316
13.3075,1315
13.3896,1314
13.4504,1313
13.5299,1311
13.5866,1310
13.6681,1309
13.7369,1308
13.814,1307
13.8862,1305
13.9661,1304
14.0446,1303
14.1126,1302
14.1727,1301
14.2532,1300
14.3303,1299
14.4303,1298
14.5078,1297
14.5794,1295
14.639,1294
14.7241,1293
14.7842,1292
14.8575,1291
14.9551,1290
15.0654,1289
15.175,1288
15.2749,1287
15.3848,1286
15.4791,1285
15.5697,1284
15.6563,1283
15.7266,1282
15.8488,1281
15.9362,1280
16.0376,1279
16.1324,1278
16.2118,1277
16.3177,1276
16.3806,1275
16.4592,1274
16.5316,1273
16.6046,1272
16.6813,1271
16.7731,1270
16.8631,1269
16.9538,1268
17.033,1267
17.1119,1266
17.1859,1265
17.3277,1264
17.404,1263
17.4845,1262
17.6246,1259
17.7096,1258
18.0122,1257
18.0891,1256
18.1587,1255
18.2281,1254
18.3111,1253
18.3706,1251
18.4496,1248
18.6968,1247
18.8843,1246
18.949,1244
19.186,1243
19.2949,1241
19.3748,1240
19.5857,1239
19.7314,1236
20.246,1234
20.3064,1233
20.7522,1232
20.8264,1231
20.9867,1230
21.3435,1227
21.5518,1225
21.6147,1224
21.8414,1223
21.9239,1221
22.0604,1218
22.482,1217
22.8108,1214
23.0671,1213
23.2766,1212
23.3538,1211
23.4399,1210
23.5087,1208
23.5908,1207
23.6375,1205
23.8651,1204
24.1554,1199
24.5255,1198
24.5883,1196
24.8827,1195
25.0944,1194
25.1706,1192
25.3945,1191
25.4684,1190
25.5454,1189
25.7521,1188
25.8229,1187
25.8995,1186
25.9812,1184
26.4232,1183
26.7371,1182
27.0241,1181
27.2342,1180
27.2936,1179
27.3666,1178
27.5209,1177
27.7387,1175
27.8892,1174
28.0403,1173
28.3113,1171
28.3815,1170
28.4554,1169
28.5893,1168
28.6713,1167
28.7457,1166
28.8076,1165
28.8832,1164
28.9639,1163
29.0334,1160
29.1061,1159
29.5377,1158
29.9665,1157
30.3355,1156
30.5563,1155
30.9476,1153
31.0087,1152
31.1783,1150
31.2475,1149
31.3994,1148
31.5412,1147
31.6946,1145
31.9223,1144
32.0646,1143
32.1336,1142
32.725,1141
32.8599,1138
32.9419,1137
33.0179,1136
33.0933,1135
33.3043,1134
33.3813,1133
33.485,1132
33.5981,1130
33.8603,1129
34.1037,1128
34.2571,1127
34.3336,1124
34.3923,1123
34.4705,1122
34.7716,1121
34.9774,1120
35.1398,1118
35.6722,1116
35.9204,1113
35.9967,1112
36.3446,1111
36.676,1110
36.7325,1109
36.9989,1107
37.4984,1106
37.5773,1105
37.6868,1104
38.3396,1103
38.6646,1102
38.7843,1101
38.8576,1100
39.3115,1099
39.3921,1098
39.9024,1097
40.1701,1095
40.3264,1093
40.8229,1092
41.5291,1091
41.8267,1090
42.444,1087
42.5985,1086
42.9873,1085
43.6264,1084
43.7831,1082
43.8428,1081
44.5822,1080
44.7307,1079
44.8954,1078
45.2989,1077
45.457,1076
45.6574,1075
45.7155,1074
46.1793,1072
46.729,1071
47.0151,1070
47.0934,1069
47.902,1068
47.9833,1067
48.0543,1065
48.4992,1064
48.7564,1063
48.8518,1062
49.2996,1061
49.3738,1059
50.4228,1058
51.4098,1056
52.6582,1055
53.3381,1054
53.483,1053
55.1669,1051
57.4996,1050
58.3553,1049
60.5923,1048
60.804,1047
62.911,1045
62.9855,1044
63.1347,1043
63.2852,1041
66.1206,1040
66.7664,1038
68.772,1037
69.4421,1035
69.8751,1034
70.0279,1033
70.106,1031
76.5721,1030
76.9855,1028
79.2509,1027
79.3216,1026
80.8363,1025
82.9541,1024
83.3239,1023
83.8774,1021
84.0165,1020
84.7862,1018
85.5061,1017
85.6538,1016
86.7836,1013
87.7087,1011
92.239,1009
92.9152,1006
96.4104,1005
97.3019,1004
98.0466,1002
99.3055,1001
99.447,1000
100.52,999
100.641,998
101.117,996
112.16,994
118.884,993
119.963,992
120.038,991
120.093,990
129.748,989
129.969,988
135.556,986
137.305,984
138.112,983
138.272,982
153.949,980
157.931,979
164.997,978
188.928,977
189.494,976
191.285,975
191.371,974
191.804,973
205.331,972
205.404,971
206.33,970
210.21,969
215.924,968
239.02,967
291.662,966
291.735,965
384.259,964
385.677,963
387.344,961
428.95,960
429.924,959
433.508,958
433.579,957
487.481,956
523.451,955
786.565,954
787.58,953
835.245,952
835.557,950
879.734,948
879.805,947
879.937,946
880.043,945
881.303,943
