0.172517,1588
0.287062,1587
0.380926,1586
0.477748,1585
0.61461,1584
0.726648,1583
1.10987,1582
1.21486,1580
1.3261,1579
1.40892,1578
1.51799,1577
1.60421,1573
1.67618,1572
1.7544,1569
1.81639,1568
1.93532,1566
2.01673,1563
2.09178,1562
2.17739,1561
2.26178,1559
2.34305,1557
2.43669,1555
2.50725,1554
2.57158,1553
2.65389,1552
2.72045,1548
2.83101,1546
2.90276,1543
2.98619,1542
3.10486,1541
3.16449,1539
3.25566,1537
3.32961,1533
3.42149,1531
3.49715,1530
3.61568,1529
3.67735,1527
3.76029,1526
3.83676,1523
3.91418,1521
4.00553,1520
4.08922,1518
4.1661,1512
4.25086,1511
4.32307,1510
4.46014,1507
4.55333,1505
4.64406,1498
4.75684,1493
4.8442,1492
4.92028,1491
5.02943,1490
5.1256,1489
5.26076,1487
5.33156,1484
5.4091,1479
5.47471,1478
5.54532,1475
5.63045,1474
5.70682,1473
5.77066,1470
5.85304,1469
5.93189,1468
6.00585,1465
6.07882,1463
6.16118,1461
6.21694,1459
6.32986,1458
6.38952,1456
6.47587,1451
6.55155,1449
6.62908,1448
6.70768,1447
6.78158,1445
6.85274,1443
6.93338,1442
7.01349,1441
7.06835,1440
7.14346,1438
7.23023,1436
7.30269,1434
7.37713,1430
7.447,1428
7.52738,1426
7.60734,1423
7.67845,1418
7.76043,1417
7.83237,1416
7.90409,1415
7.98424,1412
8.04493,1406
8.13882,1405
8.24804,1404
8.32401,1402
8.41827,1401
8.51876,1400
8.61809,1398
8.69118,1396
8.77576,1395
8.84758,1394
8.9302,1393
9.01174,1392
9.08236,1391
9.14366,1390
9.2228,1388
9.30182,1387
9.37765,1384
9.45157,1383
9.52612,1382
9.60484,1380
9.68969,1379
9.76727,1378
9.83794,1377
9.91875,1376
9.98815,1375
10.0463,1373
10.1315,1371
10.2045,1368
10.2776,1367
10.3584,1365
10.4364,1364
10.5124,1363
10.5894,1361
10.6629,1358
10.7397,1357
10.8221,1353
10.8807,1352
10.9633,1351
11.0368,1349
11.1208,1347
11.1976,1345
11.2635,1344
11.3396,1343
11.4134,1342
11.4933,1340
11.5654,1339
11.6274,1338
11.6983,1336
11.7792,1335
11.8567,1334
11.974,1333
12.0584,1332
12.1407,1331
12.2087,1329
12.2836,1326
12.3608,1325
12.4295,1324
12.4973,1323
12.5677,1322
12.6399,1321
12.7117,1319
12.7912,1315
12.8796,1314
12.9493,1312
13.0254,1311
13.0801,1310
13.1603,1308
13.2186,1307
13.2989,1306
13.377,1305
13.4463,1304
13.5201,1303
13.6001,1301
13.6754,1300
13.7342,1299
13.807,1298
13.8832,1297
13.957,1295
14.0372,1294
14.1113,1293
14.1841,1292
14.2624,1291
14.3366,1290
14.3947,1289
14.499,1288
14.5754,1287
14.6483,1285
14.7268,1284
14.8047,1283
14.8772,1282
14.9538,1281
15.0857,1280
15.1657,1279
15.2443,1278
15.3257,1277
15.4707,1275
15.5481,1274
15.634,1273
15.7232,1272
15.8241,1271
15.9452,1270
16.0146,1269
16.1232,1268
16.2022,1267
16.2822,1266
16.3633,1265
16.4608,1264
16.5221,1263
16.606,1262
16.6783,1261
16.7528,1260
16.824,1259
16.9237,1258
17.0048,1257
17.0951,1256
17.167,1255
17.2331,1254
17.3163,1253
17.3911,1252
17.4532,1251
17.5345,1250
17.6072,1249
17.6799,1248
17.7533,1247
17.8479,1246
17.9187,1245
18.0009,1244
18.0703,1243
18.1391,1242
18.2091,1241
18.2881,1239
18.3614,1238
18.4314,1237
18.51,1236
18.5686,1235
18.6416,1234
18.7287,1233
18.835,1232
18.9271,1231
19.017,1230
19.0963,1229
19.1786,1228
19.2556,1227
19.3249,1226
19.4121,1225
19.4892,1224
19.5642,1223
19.704,1220
19.7654,1219
19.8455,1218
19.9868,1217
20.0744,1214
20.3483,1213
20.4274,1212
20.4976,1211
20.5706,1210
20.6455,1208
20.8481,1204
21.3639,1203
21.5183,1202
21.6076,1201
21.6565,1200
21.7356,1199
21.9515,1197
22.0405,1195
22.1096,1192
22.1845,1191
22.3122,1190
22.4053,1189
22.5928,1188
22.7717,1187
22.9247,1186
23.001,1185
23.2488,1183
23.4632,1182
23.5398,1181
23.6119,1180
23.6882,1179
23.7538,1178
23.7968,1177
23.8897,1175
24.0423,1174
24.1256,1173
24.4872,1172
24.7853,1170
25.0665,1169
25.2683,1168
25.3461,1167
25.4148,1166
25.4912,1165
25.6345,1164
25.6948,1163
25.7627,1162
25.843,1161
25.9203,1159
26.2806,1158
26.362,1156
26.8462,1155
26.9101,1154
26.9874,1153
27.1335,1152
27.6386,1151
27.7126,1150
27.7776,1148
28.138,1144
28.2168,1143
29.077,1142
29.3562,1141
29.491,1140
29.5596,1139
29.6361,1138
29.7034,1137
30.4348,1135
30.5134,1130
31.1682,1129
31.4739,1127
31.9244,1126
31.9844,1125
32.1356,1123
32.4938,1119
32.5728,1118
32.8625,1117
33.2126,1116
33.3721,1112
33.45,1111
34.1584,1110
34.8775,1108
34.9539,1107
35.0391,1105
35.1678,1103
35.8743,1102
35.9619,1101
36.2191,1100
36.3174,1099
36.455,1098
36.8768,1097
37.7055,1095
37.8026,1094
38.4734,1093
39.1544,1091
40.0928,1090
40.9108,1089
41.0262,1088
41.554,1086
41.6779,1085
41.7706,1084
42.3838,1083
42.7951,1082
42.8754,1081
42.9435,1080
43.1062,1079
43.207,1078
43.7253,1077
43.8709,1076
44.2377,1075
44.8226,1073
45.8395,1072
46.0482,1070
46.9536,1069
47.0234,1068
47.302,1067
47.6893,1066
47.7508,1065
47.8281,1062
48.9381,1061
51.5228,1060
51.9062,1059
52.2304,1058
52.6917,1057
52.7726,1056
53.0769,1055
53.3064,1054
53.3923,1053
54.0455,1052
54.3767,1051
54.4473,1049
54.6462,1048
54.7067,1047
55.4592,1044
55.5184,1043
56.9021,1042
57.7638,1041
61.0933,1040
62.287,1038
64.6626,1037
65.1675,1036
65.9594,1035
68.343,1034
68.4274,1033
68.7165,1032
68.7869,1031
69.4659,1030
69.6244,1029
70.4221,1028
70.4956,1027
71.57,1026
71.8119,1025
72.3905,1023
74.3579,1022
74.4149,1021
79.2007,1020
80.4979,1019
83.6049,1017
84.3943,1016
84.5283,1015
85.0361,1014
85.4634,1013
85.9302,1012
87.3902,1011
89.8229,1010
89.9808,1009
90.0599,1008
94.8185,1007
95.3966,1005
98.0069,1004
105.223,1003
105.582,1002
105.659,1001
106.966,1000
107.203,999
111.356,998
119.076,997
119.416,996
120.137,995
126.077,993
131.928,992
132.254,991
139.408,990
142.972,989
152.812,988
152.901,987
154.177,986
154.45,985
154.661,981
168.162,980
168.366,979
168.528,978
168.801,977
169.581,976
172.222,975
181.778,973
333.061,971
335.639,970
336.35,969
336.494,968
343.463,967
345.841,966
363.667,965
381.215,964
381.293,963
381.741,962
383.421,961
385.296,960
385.717,959
386.125,958
474.418,957
475.141,956
475.288,955
475.355,952
600.831,951
603.038,949
603.725,948
1741.09,947
2894.9,946
3622.88,944
