0.196519,1588
0.280506,1587
0.387464,1586
0.542101,1585
0.631863,1584
0.978975,1583
1.12799,1582
1.23498,1581
1.31865,1580
1.41168,1579
1.52232,1577
1.60434,1575
1.67464,1574
1.77535,1572
1.85569,1569
1.93791,1567
2.01237,1566
2.10058,1565
2.17949,1562
2.2612,1560
2.34542,1556
2.43662,1554
2.50712,1552
2.58424,1549
2.65989,1548
2.75907,1545
2.83165,1544
2.90895,1543
2.99817,1540
3.04317,1537
3.168,1535
3.25112,1531
3.32697,1527
3.41386,1524
3.50187,1523
3.61422,1522
3.67949,1516
3.76365,1515
3.83357,1510
3.93794,1509
4.00697,1508
4.09161,1507
4.17049,1505
4.25236,1504
4.32478,1500
4.465,1499
4.56495,1497
4.67817,1495
4.75806,1494
4.84749,1492
4.94281,1488
5.04287,1487
5.12957,1486
5.25284,1485
5.3284,1481
5.40313,1480
5.46996,1478
5.5504,1477
5.61303,1475
5.70619,1473
5.78603,1471
5.84571,1470
5.92916,1468
6.00152,1467
6.08362,1466
6.16689,1465
6.24154,1464
6.32177,1463
6.40353,1462
6.47461,1454
6.55194,1452
6.62562,1451
6.70152,1450
6.78321,1449
6.85767,1442
6.93119,1439
7.01225,1437
7.08723,1436
7.15773,1434
7.2244,1432
7.30109,1430
7.37625,1428
7.45226,1424
7.53868,1423
7.60246,1422
7.68771,1421
7.75599,1420
7.83667,1419
7.91416,1418
7.98628,1415
8.05107,1414
8.14844,1413
8.26511,1412
8.34894,1411
8.43755,1410
8.49684,1409
8.59266,1408
8.67917,1407
8.76134,1406
8.84152,1405
8.91435,1404
8.99605,1401
9.07592,1399
9.14698,1398
9.21062,1397
9.28813,1396
9.36892,1392
9.43941,1389
9.51544,1388
9.59937,1387
9.66755,1382
9.75415,1380
9.82753,1379
9.90745,1377
9.97458,1376
10.0452,1374
10.125,1372
10.1998,1370
10.2802,1369
10.3554,1368
10.446,1367
10.507,1366
10.5838,1365
10.6565,1363
10.7386,1362
10.8184,1361
10.8787,1360
10.9501,1358
11.0295,1356
11.1114,1355
11.199,1353
11.2763,1351
11.3504,1349
11.4254,1346
11.4965,1344
11.5619,1343
11.6251,1342
11.6998,1341
11.7899,1339
11.9095,1338
12.0009,1337
12.0777,1336
12.1506,1335
12.2276,1333
12.3038,1331
12.3737,1330
12.4423,1328
12.5115,1327
12.5766,1326
12.6527,1325
12.7416,1323
12.8149,1321
12.8853,1320
12.9695,1317
13.0389,1316
13.114,1313
13.172,1311
13.2524,1310
13.3235,1309
13.404,1307
13.4827,1306
13.5612,1305
13.6248,1304
13.7037,1303
13.7828,1302
13.8497,1301
13.9133,1300
13.9912,1299
14.066,1297
14.1483,1296
14.2197,1295
14.2896,1294
14.3602,1293
14.4682,1292
14.5361,1291
14.6248,1290
14.6838,1289
14.7654,1288
14.8415,1287
14.916,1286
15.0543,1285
15.1361,1284
15.2341,1283
15.3411,1282
15.449,1281
15.5329,1280
15.6163,1279
15.6899,1278
15.7748,1277
15.9183,1276
16.0047,1275
16.0871,1274
16.1788,1273
16.2753,1272
16.3569,1271
16.4304,1270
16.5169,1269
16.5861,1268
16.6528,1267
16.7176,1265
16.8119,1264
16.9012,1263
16.9886,1262
17.0733,1259
17.2773,1258
17.3598,1257
17.4403,1256
17.5127,1254
17.5792,1253
17.6585,1250
17.7296,1249
17.8157,1246
17.9034,1245
17.9713,1244
18.0485,1243
18.1197,1242
18.1887,1241
18.2553,1240
18.569,1239
18.6443,1238
18.7338,1237
18.9049,1236
18.9733,1235
19.0626,1232
19.2408,1231
19.3951,1229
19.4596,1228
19.6127,1227
19.762,1226
19.8957,1224
20.1972,1217
20.5505,1216
21.6306,1215
21.6998,1212
21.9229,1211
22.0773,1210
22.2066,1208
22.3582,1207
22.4596,1205
22.6508,1204
23.0619,1202
23.2094,1201
23.3592,1200
23.4943,1199
23.7901,1198
23.8348,1197
23.9176,1194
24.305,1193
24.3726,1192
24.4423,1191
24.5114,1188
24.5982,1186
24.7946,1185
24.867,1184
24.9444,1182
25.02,1181
25.2475,1180
25.8144,1179
25.9583,1178
26.1759,1177
26.3194,1176
26.8507,1175
26.9311,1174
26.9958,1172
27.0659,1171
27.1392,1170
27.3685,1169
27.4359,1168
27.5097,1167
28.1616,1166
28.2237,1165
28.2959,1161
28.4438,1160
28.7237,1159
28.9328,1158
29.153,1157
29.2289,1156
29.4519,1155
29.5107,1152
29.8713,1151
30.2792,1150
30.3822,1149
30.8941,1147
31.1663,1146
31.4512,1145
31.5453,1144
31.612,1143
31.6935,1142
31.7497,1141
31.9779,1140
32.0445,1139
32.1922,1138
32.2614,1136
32.3206,1134
32.6369,1133
32.9231,1132
33.0594,1131
33.1338,1130
33.2108,1129
33.3658,1128
33.4559,1126
33.5598,1125
33.7321,1124
33.8322,1123
34.3692,1121
34.528,1120
34.7205,1119
35.1022,1118
35.1785,1117
36.5654,1116
36.8194,1114
36.9742,1113
37.0427,1112
37.1477,1109
37.3542,1108
37.7158,1107
38.5547,1106
38.6517,1105
38.7512,1104
39.0828,1103
39.493,1100
40.4276,1099
40.4986,1098
40.5954,1097
40.6675,1096
41.7696,1095
41.8711,1094
41.9558,1092
42.6465,1091
42.7152,1090
43.21,1089
43.4016,1086
44.4142,1085
44.6348,1084
44.7038,1083
44.7928,1082
47.0083,1081
47.309,1080
47.9063,1079
47.9968,1077
48.0667,1075
50.126,1074
50.3075,1072
50.6912,1071
51.4371,1070
51.5073,1069
51.6001,1067
51.8935,1066
52.1416,1065
53.0064,1064
53.0709,1062
56.9353,1059
57.419,1056
59.3869,1055
59.4493,1054
60.8662,1053
60.9654,1052
61.1529,1051
62.3118,1050
63.6992,1049
63.9436,1045
65.4498,1044
65.5124,1042
67.4983,1041
67.5778,1040
68.6881,1039
69.7311,1037
70.5456,1036
70.6786,1035
70.8376,1033
71.1619,1030
71.3624,1029
75.5702,1028
75.6426,1027
75.857,1026
76.0028,1025
76.2832,1024
77.0336,1021
78.7765,1020
79.4567,1019
83.4335,1018
83.511,1017
83.6673,1016
84.5051,1015
87.3734,1014
88.6522,1013
89.9965,1012
90.5229,1011
90.6688,1010
90.7434,1009
91.2479,1007
91.3289,1006
94.4526,1004
94.5418,1003
95.616,1002
96.2744,1001
96.6656,999
97.8425,998
97.9349,997
104.452,995
105.385,994
105.809,993
109.097,991
135.402,990
143.938,989
144.084,988
145.144,987
149.587,986
149.786,984
154.241,983
154.94,981
155.091,979
159.009,978
159.641,977
167.373,975
167.879,974
168.212,973
174.313,971
175.119,970
258.886,969
260.997,968
269.787,967
433.038,966
455.98,965
456.496,964
460.97,963
464.336,962
464.552,961
464.654,960
465.049,959
529.727,958
530.829,957
537.36,956
537.8,955
540.791,953
790.337,952
796.746,951
812.129,950
812.571,949
1224.55,947
1227.02,946
1227.79,945
1528.52,943
1528.8,942
1934.07,941
