0.0793731,1588
0.109059,1587
0.139263,1586
0.169411,1585
0.415587,1584
0.537498,1583
0.645706,1582
0.987698,1580
1.13767,1578
1.25236,1577
1.33605,1576
1.4535,1574
1.5289,1573
1.59863,1572
1.67596,1570
1.78878,1568
1.85162,1567
1.93703,1566
2.01904,1565
2.10242,1563
2.17778,1560
2.26226,1558
2.37104,1557
2.44169,1556
2.52371,1554
2.70991,1549
2.73947,1547
2.81243,1545
2.88872,1544
2.95312,1543
3.01865,1542
3.13166,1540
3.20615,1539
3.2934,1537
3.39205,1533
3.46313,1527
3.55136,1526
3.6569,1524
3.73179,1522
3.80633,1519
3.90912,1518
3.97324,1517
4.06425,1515
4.15104,1514
4.2247,1510
4.33065,1504
4.43763,1503
4.5327,1502
4.6153,1499
4.73578,1497
4.82094,1496
4.92145,1495
4.99446,1492
5.0926,1489
5.21617,1487
5.29523,1484
5.48891,1482
5.51812,1481
5.57265,1480
5.64853,1478
5.72717,1477
5.78854,1473
5.88197,1472
5.96343,1471
6.04645,1469
6.11382,1468
6.19419,1465
6.27049,1463
6.34626,1462
6.42456,1461
6.49398,1458
6.57067,1457
6.628,1455
6.70405,1453
6.78583,1451
6.86025,1447
6.93539,1446
7.01567,1444
7.09119,1443
7.1701,1442
7.24429,1441
7.31998,1438
7.40803,1437
7.47541,1436
7.54519,1435
7.62598,1431
7.69837,1429
7.77076,1427
7.85044,1420
7.92821,1417
8.00204,1416
8.09672,1415
8.21295,1413
8.30491,1412
8.38247,1411
8.47523,1409
8.57177,1408
8.65371,1407
8.73374,1406
8.81257,1404
8.87176,1402
8.94552,1400
9.01639,1399
9.09629,1397
9.16969,1396
9.24856,1395
9.32044,1394
9.39283,1393
9.47294,1392
9.55802,1391
9.63401,1389
9.69784,1388
9.7813,1387
9.85106,1386
9.92797,1385
10.0092,1384
10.0836,1383
10.1611,1382
10.2438,1381
10.3169,1380
10.3939,1379
10.4692,1375
10.5487,1372
10.6101,1371
10.679,1369
10.7699,1367
10.8432,1366
10.9271,1365
10.9951,1363
11.085,1362
11.1779,1361
11.2514,1355
11.3247,1354
11.4016,1353
11.4607,1352
11.5462,1351
11.6094,1349
11.6947,1348
11.8075,1345
11.9003,1341
11.9851,1338
12.0584,1336
12.1335,1335
12.1968,1334
12.2704,1333
12.3566,1332
12.4241,1331
12.4937,1330
12.57,1329
12.6396,1328
12.7186,1327
12.8073,1326
12.8664,1325
12.9327,1324
13.0072,1323
13.0958,1322
13.146,1321
13.225,1320
13.3047,1316
13.3841,1315
13.4479,1314
13.5131,1313
13.5866,1311
13.6623,1310
13.7349,1309
13.8108,1308
13.884,1307
13.9638,1306
14.0349,1304
14.112,1302
14.1712,1301
14.2313,1299
14.3117,1298
14.4159,1295
14.493,1294
14.5661,1293
14.6319,1291
14.7179,1290
14.7926,1289
14.8516,1288
14.9248,1287
15.064,1286
15.1614,1285
15.2428,1284
15.3641,1283
15.4581,1282
15.5481,1281
15.6386,1280
15.7251,1279
15.8336,1278
15.9218,1277
15.9976,1276
16.1209,1273
16.1941,1271
16.2904,1270
16.3697,1269
16.4413,1268
16.5252,1266
16.597,1263
16.6612,1262
16.761,1261
16.8435,1260
16.924,1259
17.018,1258
17.0951,1257
17.1663,1256
17.2485,1255
17.3234,1254
17.3835,1253
17.4639,1252
17.5331,1251
17.625,1250
17.688,1249
17.7773,1248
17.8488,1247
17.9313,1245
17.9851,1244
18.0605,1243
18.1296,1241
18.2833,1240
18.4284,1239
18.5629,1238
18.6589,1237
18.7562,1236
18.853,1232
19.1276,1229
19.3518,1221
19.6583,1219
20.0901,1218
20.3732,1217
20.5323,1216
20.8305,1212
20.9634,1211
21.1867,1210
21.5202,1209
21.5957,1207
21.6684,1205
21.7389,1203
21.9573,1201
22.3171,1199
22.6968,1198
22.7805,1197
22.8676,1195
22.9448,1194
23.1707,1190
23.6148,1189
23.6919,1187
24.205,1186
24.4317,1185
24.4914,1184
24.5585,1183
24.6377,1180
24.8652,1179
25.1532,1178
25.2278,1177
25.5098,1175
25.6576,1174
25.7286,1173
26.2455,1171
26.5087,1170
26.6221,1169
26.6993,1168
26.9951,1167
27.0549,1166
27.2202,1164
27.6566,1163
27.7305,1161
27.8038,1160
28.0135,1159
28.162,1158
28.3122,1153
28.8772,1151
29.3116,1150
29.3863,1149
29.5171,1146
29.7644,1144
30.3304,1143
30.5489,1142
30.8321,1141
30.9024,1140
30.9874,1137
31.2945,1136
31.3694,1135
31.8148,1134
31.8956,1133
31.9752,1131
32.1811,1128
32.4732,1127
32.6911,1126
32.7659,1125
32.8415,1123
32.9256,1121
33.2879,1118
33.5612,1116
34.0045,1114
35.0355,1113
35.0945,1112
35.1848,1111
35.5449,1110
35.8524,1108
36.0053,1107
36.1632,1104
36.4063,1102
36.7342,1100
37.2062,1098
37.4008,1097
37.4989,1096
37.5612,1095
37.643,1094
37.7606,1093
37.8599,1092
37.9446,1091
38.0626,1090
38.1314,1089
38.2154,1088
38.5923,1087
39.023,1086
39.2438,1085
39.7622,1084
40.1822,1081
40.3524,1080
40.5078,1079
42.9455,1078
43.0239,1077
43.7097,1076
43.7902,1075
44.1486,1074
44.6912,1073
44.9576,1072
45.0463,1071
45.3305,1070
46.273,1068
46.4974,1066
47.4069,1065
47.5667,1064
47.6394,1063
48.3749,1062
48.832,1061
49.1598,1059
49.4304,1058
50.0001,1057
50.3185,1054
52.7407,1053
53.8026,1052
53.9932,1051
54.316,1050
54.4709,1048
55.2337,1047
55.8204,1046
56.2545,1045
56.5035,1043
56.978,1042
57.5245,1041
57.8927,1040
58.4864,1038
58.71,1037
58.8661,1036
58.9449,1035
59.4494,1034
59.9101,1033
60.8542,1032
63.3181,1031
63.6091,1030
63.8454,1029
64.1619,1028
64.6122,1027
64.8265,1025
66.7989,1024
68.6585,1023
69.0476,1022
69.3157,1021
69.3998,1019
69.4794,1018
70.633,1015
72.2018,1013
72.7208,1012
73.1623,1011
79.9862,1010
80.6755,1009
80.7634,1008
82.0658,1006
82.4218,1005
82.4887,1004
82.8155,1003
84.0997,1000
86.4329,999
89.3738,998
89.5667,997
90.5699,996
90.6483,995
91.3118,994
91.802,992
91.8761,991
95.4277,990
95.6377,989
96.2203,987
99.2517,986
101.193,985
102.245,983
102.702,982
106.955,980
121.579,979
122.014,978
125.714,976
128.656,975
130.597,974
130.669,972
130.757,969
195.473,968
270.496,966
271.849,965
273.012,962
273.236,960
388.312,959
389.148,958
389.379,957
390.827,955
406.554,954
406.617,953
444.123,952
444.424,951
503.148,950
520.96,949
528.708,948
533.662,947
1422.98,946
1797.09,945
1797.51,943
