0.200576,1588
0.303744,1587
0.399959,1586
0.552542,1585
0.655146,1584
0.916812,1583
1.11966,1582
1.22986,1581
1.31063,1580
1.41823,1579
1.53419,1577
1.59674,1575
1.68813,1573
1.77422,1572
1.86719,1569
1.9542,1568
2.02434,1567
2.11392,1566
2.19007,1565
2.28499,1561
2.36111,1559
2.45929,1558
2.53753,1554
2.61226,1552
2.68353,1551
2.77272,1547
2.85515,1546
2.93254,1544
3.01173,1543
3.13013,1540
3.19305,1537
3.22286,1533
3.34372,1532
3.46262,1529
3.52364,1527
3.63657,1525
3.71756,1522
3.7814,1519
3.86744,1516
3.95132,1515
4.04825,1513
4.12293,1511
4.19825,1510
4.2729,1506
4.39203,1501
4.48144,1499
4.57583,1498
4.69483,1495
4.77894,1494
4.86589,1492
4.96409,1487
5.05947,1486
5.11929,1485
5.26244,1483
5.3236,1482
5.40997,1480
5.45985,1478
5.5243,1477
5.62538,1476
5.69721,1474
5.77914,1473
5.86147,1472
5.92439,1471
6.00696,1469
6.09959,1468
6.18556,1467
6.26219,1466
6.33705,1463
6.41874,1462
6.4983,1461
6.57228,1460
6.63268,1451
6.71079,1448
6.78765,1445
6.8615,1443
6.95419,1440
7.01716,1436
7.08993,1435
7.16854,1434
7.24439,1432
7.32613,1431
7.39931,1426
7.47839,1425
7.55165,1424
7.62755,1422
7.7048,1421
7.77607,1420
7.85231,1418
7.92795,1417
8.0063,1414
8.09171,1412
8.19413,1410
8.27602,1407
8.36895,1405
8.45458,1404
8.54367,1403
8.63341,1402
8.7068,1401
8.7984,1399
8.86948,1396
8.95661,1395
9.02739,1393
9.10376,1392
9.18264,1390
9.25176,1389
9.31491,1388
9.3903,1387
9.46978,1386
9.54086,1385
9.62385,1384
9.70552,1383
9.78225,1382
9.86334,1381
9.9308,1379
10.0133,1377
10.0979,1375
10.1734,1374
10.2416,1371
10.3023,1370
10.3828,1369
10.4596,1367
10.5362,1366
10.6118,1365
10.6868,1363
10.7662,1362
10.8455,1361
10.9145,1360
10.9937,1357
11.075,1355
11.1388,1352
11.2202,1350
11.3069,1348
11.3707,1347
11.4568,1346
11.5328,1344
11.5944,1343
11.6736,1341
11.7336,1338
11.8564,1337
11.926,1336
12.021,1334
12.0942,1332
12.1698,1329
12.2465,1328
12.3197,1327
12.3962,1326
12.4733,1325
12.5437,1323
12.6193,1322
12.679,1321
12.7557,1320
12.8275,1318
12.9062,1317
12.9825,1315
13.0571,1314
13.1354,1313
13.2171,1312
13.2838,1311
13.3443,1310
13.413,1309
13.4835,1308
13.5659,1306
13.6255,1305
13.7011,1304
13.7742,1302
13.8501,1301
13.9093,1300
13.9875,1299
14.0624,1296
14.1506,1294
14.2094,1293
14.2876,1292
14.3377,1289
14.4501,1288
14.5418,1287
14.6113,1286
14.6871,1283
14.7675,1282
14.838,1281
14.9114,1280
14.9889,1278
15.0789,1275
15.2012,1274
15.2984,1272
15.4103,1271
15.5064,1270
15.6035,1269
15.69,1268
15.7956,1267
15.8858,1266
15.9783,1265
16.0668,1264
16.1495,1263
16.2245,1262
16.3077,1261
16.3918,1260
16.4736,1259
16.5643,1258
16.6352,1257
16.7135,1255
16.8074,1253
16.8763,1251
16.9573,1250
17.0473,1249
17.1158,1248
17.2154,1247
17.2909,1246
17.3655,1245
17.4363,1244
17.5073,1243
17.5804,1242
17.6556,1241
17.727,1238
17.8068,1237
17.8892,1236
17.9745,1234
18.0336,1233
18.1033,1232
18.1764,1231
18.3342,1230
18.4811,1229
18.5533,1228
18.6113,1225
18.8952,1223
18.9799,1222
19.3003,1221
19.3997,1220
19.7075,1219
19.7718,1218
19.8475,1216
19.91,1215
20.1286,1214
20.2077,1213
20.287,1211
20.4946,1210
20.5696,1209
20.6324,1207
20.7184,1206
20.9103,1205
21.0018,1204
21.2991,1203
21.3567,1202
21.5805,1201
21.6395,1200
21.8688,1198
22.0939,1197
22.2226,1196
22.3018,1195
22.4975,1194
22.5769,1193
22.674,1192
22.9121,1191
23.081,1189
23.1661,1186
23.5244,1183
24.115,1180
24.1986,1179
24.6318,1178
24.8335,1177
25.0448,1176
25.1219,1175
25.333,1174
25.4895,1173
25.6218,1172
25.7057,1164
26.9792,1163
27.1996,1162
27.4052,1158
27.8439,1157
27.9076,1156
27.982,1155
28.063,1153
28.3333,1150
28.4169,1149
28.493,1146
28.5593,1144
28.84,1143
29.5613,1142
29.6963,1141
29.8494,1139
30.0999,1138
30.27,1137
30.3699,1136
30.473,1135
30.6724,1133
30.7765,1132
30.97,1131
31.0539,1130
31.1337,1129
31.2256,1128
31.5001,1127
31.5863,1125
31.9655,1124
32.0365,1122
32.4567,1119
32.9724,1118
33.319,1117
34.2015,1116
34.409,1115
34.4777,1114
35.4184,1113
35.6154,1112
35.8777,1108
36.3893,1105
37.287,1102
39.4304,1101
39.5099,1099
40.0037,1094
40.7618,1092
41.9187,1091
42.0935,1090
42.1725,1089
42.2753,1088
42.3605,1087
42.5341,1086
42.6912,1085
42.7785,1084
42.9113,1083
44.622,1082
45.3263,1081
45.4881,1080
45.6708,1079
46.1168,1078
46.8762,1077
47.1744,1074
47.307,1072
47.6712,1070
47.9001,1068
48.1946,1067
48.4803,1065
49.169,1064
49.2787,1062
49.5105,1061
49.7533,1059
49.8892,1056
50.0804,1055
51.7839,1052
54.5003,1051
54.7471,1050
54.822,1049
55.4955,1048
55.7941,1044
55.9235,1043
56.0056,1042
57.5013,1041
57.6353,1040
57.7822,1038
57.9923,1037
59.8828,1036
60.702,1034
61.3407,1033
61.5047,1032
61.9001,1031
62.1098,1030
62.3206,1029
62.4124,1028
63.8546,1027
64.2756,1026
65.3694,1024
66.0201,1021
66.0891,1019
70.7759,1018
72.5513,1017
72.6214,1016
72.7878,1015
72.8611,1014
73.1606,1013
78.2339,1011
80.4181,1010
80.8573,1009
81.2458,1006
84.457,1004
86.1112,1003
90.8688,1002
100.316,1000
101.512,998
101.595,997
107.611,996
107.842,994
108.138,993
112.646,992
113.158,991
113.808,990
113.877,989
114.786,988
117.251,987
117.373,986
132.171,985
132.29,984
133.778,983
133.91,982
188.508,981
202.501,980
204.009,979
204.085,978
205.756,977
206.052,976
206.423,975
206.481,974
244.821,973
248.278,971
249.339,967
287.176,965
292.561,964
292.999,961
372.762,960
427.282,959
428.405,958
536.832,957
542.226,956
642.641,955
642.734,954
643.005,952
643.536,951
1003.07,950
1005.59,949
1007.92,948
1008.08,947
1008.41,946
1022.91,945
1023.06,944
1051.96,943
2699.83,940
2700.67,939
3962.22,938
3962.66,937
3962.74,936
3975.28,935
3975.54,934
3981.45,933
