0.142348,1588
0.231196,1587
0.328382,1586
0.488879,1585
0.5941,1584
0.83673,1583
1.04783,1582
1.15086,1581
1.26564,1580
1.35629,1579
1.46727,1577
1.54768,1575
1.62408,1574
1.69949,1571
1.80834,1570
1.87392,1569
1.95567,1567
2.05585,1564
2.1246,1563
2.2085,1561
2.28767,1556
2.38033,1555
2.45104,1553
2.53245,1550
2.60069,1543
2.68141,1542
2.76718,1539
2.84701,1538
2.92921,1536
3.04206,1533
3.11246,1532
3.19879,1531
3.27605,1529
3.37453,1528
3.45168,1525
3.57891,1523
3.63891,1518
3.7285,1517
3.80542,1516
3.87959,1514
3.97153,1511
4.04741,1509
4.12579,1508
4.20718,1506
4.26924,1503
4.4244,1500
4.5202,1495
4.64081,1493
4.69643,1491
4.79016,1488
4.88192,1486
4.99604,1482
5.06751,1479
5.16803,1478
5.26566,1475
5.34716,1471
5.4127,1470
5.49377,1466
5.56835,1465
5.64626,1463
5.72837,1461
5.8003,1458
5.86192,1455
5.95571,1454
6.04636,1453
6.10486,1452
6.20127,1451
6.27783,1450
6.35371,1449
6.41727,1448
6.50623,1447
6.56923,1446
6.65006,1445
6.72248,1444
6.79095,1442
6.87283,1439
6.95651,1436
7.02956,1435
7.10816,1434
7.18267,1433
7.26502,1429
7.33908,1428
7.412,1427
7.47246,1425
7.55411,1424
7.6292,1422
7.69988,1421
7.78079,1420
7.85817,1417
7.93005,1411
8.01308,1408
8.11412,1407
8.22416,1406
8.30921,1405
8.39337,1403
8.48618,1399
8.57328,1397
8.62911,1392
8.72159,1391
8.79517,1389
8.87236,1387
8.9507,1386
9.02984,1385
9.10336,1384
9.17957,1383
9.26571,1382
9.31916,1381
9.39429,1380
9.49103,1379
9.55333,1378
9.64034,1377
9.70844,1376
9.78189,1374
9.85999,1370
9.94997,1369
10.0201,1368
10.0954,1367
10.1716,1364
10.2463,1363
10.3242,1361
10.3847,1360
10.4583,1359
10.5192,1355
10.6035,1354
10.6799,1351
10.7612,1350
10.8365,1349
10.9156,1348
10.9952,1347
11.0772,1346
11.1637,1343
11.228,1342
11.3122,1341
11.3846,1340
11.4544,1339
11.5361,1338
11.6158,1337
11.6755,1335
11.7857,1334
11.8814,1333
11.9702,1332
12.0292,1331
12.1038,1330
12.1819,1329
12.2574,1327
12.3376,1326
12.4055,1325
12.4852,1324
12.5693,1323
12.6389,1321
12.7065,1320
12.7675,1319
12.8473,1318
12.9196,1317
12.9933,1316
13.0693,1315
13.1286,1314
13.2267,1313
13.2986,1312
13.376,1311
13.4365,1310
13.5092,1309
13.5882,1307
13.6636,1305
13.7371,1304
13.8233,1303
13.8878,1302
13.9766,1301
14.0414,1300
14.1047,1299
14.1739,1298
14.2643,1296
14.3445,1295
14.4219,1294
14.5059,1293
14.5792,1292
14.6558,1291
14.7394,1290
14.8157,1289
14.8747,1288
14.9723,1287
15.0846,1286
15.1874,1285
15.3171,1284
15.3815,1282
15.4901,1280
15.5761,1279
15.6662,1278
15.7669,1277
15.7999,1276
15.9154,1275
16.0075,1272
16.1049,1270
16.1662,1269
16.2802,1268
16.3513,1267
16.4258,1265
16.5083,1264
16.5879,1263
16.663,1262
16.7266,1261
16.8271,1258
16.9108,1257
16.9972,1253
17.5977,1252
17.6731,1249
17.8413,1248
18.0477,1245
18.1924,1244
18.2745,1243
18.3451,1241
18.4236,1240
18.4923,1238
18.549,1237
18.9811,1236
19.2307,1234
19.4787,1233
19.701,1232
19.835,1231
19.9102,1229
19.9881,1228
20.0672,1224
20.3542,1223
20.4148,1220
20.4803,1219
20.5791,1218
21.3531,1217
21.4217,1216
21.5015,1215
21.6292,1212
21.7043,1210
21.7743,1208
21.8639,1205
22.9097,1202
22.9999,1201
23.2715,1200
23.346,1199
23.4273,1198
23.6507,1195
23.9407,1193
24.244,1192
24.3121,1191
24.3815,1190
24.7457,1189
24.8149,1188
24.8881,1186
25.4604,1185
25.5393,1184
25.6126,1183
25.6928,1182
25.7518,1181
25.9741,1180
26.1019,1179
26.1956,1178
26.2755,1177
26.436,1175
26.8016,1174
27.0926,1173
27.1676,1172
27.2412,1171
27.3888,1170
27.5258,1169
27.5999,1163
28.0287,1162
28.384,1161
28.459,1158
28.683,1156
29.1124,1155
29.1854,1154
29.2605,1153
29.3945,1151
29.8046,1150
29.9082,1147
30.4093,1143
30.8685,1140
30.9464,1139
31.1098,1138
31.2623,1137
31.3403,1136
31.4767,1135
31.6296,1134
31.7879,1131
32.2221,1130
32.3487,1129
32.4273,1128
32.5025,1126
33.0162,1125
33.5867,1122
33.6849,1121
34.1858,1119
34.6889,1117
34.9239,1116
35.1336,1115
35.4283,1111
36.0144,1110
36.084,1109
36.5828,1108
36.8137,1107
36.9059,1106
37.85,1104
38.0562,1103
38.1474,1102
38.6719,1101
38.9236,1100
39.1031,1099
39.1854,1098
39.7882,1097
40.4316,1095
40.5089,1094
41.0748,1093
42.1585,1088
42.437,1087
42.5188,1086
42.5947,1084
42.8293,1083
43.2683,1082
43.8381,1081
44.4863,1080
44.7797,1079
44.8762,1078
45.0013,1077
45.6335,1075
46.9778,1074
47.0612,1070
47.4394,1069
47.8906,1068
47.9658,1067
48.5271,1066
49.2726,1065
50.2305,1064
50.6289,1062
50.704,1061
51.4526,1059
51.9498,1058
52.0887,1057
52.1629,1056
52.2514,1055
53.0939,1054
53.6555,1051
53.7943,1049
55.3884,1047
55.759,1046
57.5397,1045
57.612,1044
57.6868,1043
57.7457,1042
58.713,1041
60.5945,1039
62.087,1038
62.9697,1037
63.0278,1035
69.6655,1032
71.9167,1031
74.0196,1028
74.1726,1027
74.6357,1026
76.4807,1025
77.4146,1024
77.6335,1022
77.7024,1021
78.1622,1020
78.7377,1017
79.2349,1016
82.8668,1013
84.7167,1012
86.0168,1011
86.4151,1010
87.0082,1009
89.6413,1008
89.7852,1007
90.0502,1005
99.8286,1004
104.352,1003
104.6,1001
108.308,1000
108.572,999
108.811,997
118.406,996
120.814,995
120.89,994
121.174,993
121.242,992
121.315,991
122.529,990
127.486,989
135.21,988
135.969,987
136.283,986
143.94,985
144.645,984
156.734,982
174.127,981
179.04,980
179.333,978
179.403,977
190.075,976
191.419,975
191.985,974
192.906,973
195.711,972
196.923,971
342.79,970
342.88,968
343.115,967
371.766,965
372.04,964
376.295,963
381.663,962
434.304,961
480.589,960
480.66,958
510.885,955
656.472,954
658.028,953
908.309,952
987.983,951
992.931,950
993.785,949
993.93,948
1008.37,947
1428.79,946
1430.32,945
1430.4,944
1433.22,943
1513.88,942
1514.34,941
