0.190262,1588
0.271969,1587
0.349704,1586
0.52879,1585
0.623965,1584
0.981961,1583
1.13572,1582
1.20979,1581
1.32695,1580
1.40648,1579
1.51666,1578
1.59891,1575
1.67481,1574
1.78111,1573
1.84444,1571
1.92744,1570
2.00732,1568
2.10755,1565
2.18,1564
2.23497,1561
2.31224,1560
2.41348,1559
2.48572,1555
2.56318,1554
2.62413,1553
2.71023,1550
2.79794,1548
2.87377,1546
2.95554,1544
3.07147,1541
3.13216,1540
3.23489,1539
3.30081,1538
3.40142,1536
3.47552,1535
3.60372,1533
3.67671,1531
3.73752,1530
3.82495,1528
3.91885,1522
4.00487,1520
4.08552,1514
4.16291,1511
4.24961,1510
4.36,1509
4.45861,1508
4.56135,1504
4.63892,1503
4.75413,1500
4.84098,1499
4.9339,1492
5.05042,1491
5.11914,1488
5.24126,1482
5.32808,1478
5.39469,1477
5.46534,1475
5.54726,1472
5.62614,1468
5.70579,1467
5.76999,1466
5.8324,1462
5.92624,1460
6.00128,1458
6.07834,1454
6.17505,1452
6.25011,1451
6.31846,1449
6.3889,1448
6.46932,1446
6.54189,1444
6.6233,1443
6.69081,1442
6.77,1439
6.85075,1437
6.92126,1436
6.98245,1435
7.05831,1434
7.15039,1432
7.2125,1430
7.28713,1428
7.36652,1426
7.43976,1425
7.5273,1422
7.59203,1420
7.67024,1416
7.74173,1413
7.8132,1412
7.90082,1411
7.95257,1410
8.03609,1409
8.13891,1408
8.23951,1404
8.3142,1403
8.39997,1401
8.50779,1400
8.58784,1399
8.68249,1398
8.76376,1394
8.83702,1392
8.91868,1390
8.99256,1388
9.07283,1387
9.13262,1386
9.20713,1385
9.28119,1384
9.36436,1383
9.42574,1382
9.52149,1379
9.59382,1378
9.66662,1376
9.74175,1375
9.82146,1373
9.89697,1369
9.96444,1368
10.0407,1367
10.1205,1366
10.1936,1365
10.2689,1364
10.3509,1363
10.4221,1361
10.4993,1360
10.5778,1359
10.6534,1358
10.7144,1357
10.7842,1356
10.8611,1353
10.9426,1352
11.0233,1350
11.1004,1349
11.1926,1348
11.2643,1347
11.3422,1346
11.4156,1344
11.4887,1342
11.5621,1341
11.6211,1340
11.6806,1339
11.7901,1338
11.8902,1337
11.9913,1336
12.0664,1335
12.1398,1332
12.2111,1330
12.2894,1329
12.3633,1328
12.4377,1327
12.5069,1326
12.5786,1324
12.6521,1322
12.7215,1321
12.799,1320
12.8741,1319
12.948,1316
13.0244,1315
13.0796,1313
13.1698,1311
13.2393,1310
13.3172,1309
13.3985,1306
13.4601,1305
13.5395,1304
13.6188,1303
13.6946,1301
13.7437,1298
13.8229,1297
13.9039,1296
13.971,1295
14.0461,1293
14.1244,1292
14.193,1291
14.2635,1290
14.3258,1289
14.4453,1288
14.5078,1287
14.5793,1286
14.6591,1285
14.7349,1284
14.8069,1283
14.8868,1282
15.0115,1281
15.0754,1279
15.1838,1278
15.2642,1277
15.3842,1276
15.4779,1275
15.5664,1274
15.6538,1273
15.741,1272
15.8075,1271
15.921,1270
15.9836,1269
16.0946,1268
16.1823,1267
16.2864,1266
16.3675,1265
16.4412,1264
16.5224,1263
16.595,1262
16.6769,1261
16.7414,1260
16.8338,1259
16.9273,1258
17.0032,1257
17.0832,1256
17.1663,1254
17.2443,1253
17.3202,1252
17.3825,1251
17.4635,1250
17.5402,1247
17.6816,1243
18.005,1241
18.06,1240
18.1305,1238
18.2093,1236
18.2883,1232
18.5654,1230
18.6373,1225
19.0378,1222
19.1191,1221
19.3405,1220
19.5676,1219
19.7163,1216
19.7749,1214
19.8471,1212
20.1474,1210
20.2111,1209
20.2701,1208
20.3517,1207
20.4961,1206
20.5746,1205
20.6538,1203
20.7124,1201
20.8557,1200
20.9277,1199
21.1743,1197
21.5557,1196
21.7028,1195
21.7771,1194
21.9317,1193
22.0022,1191
22.061,1190
22.2097,1189
22.7171,1188
22.8824,1185
22.977,1182
23.4188,1180
23.4902,1177
23.5673,1176
23.7761,1175
23.9349,1172
25.0046,1171
25.08,1170
25.2311,1169
25.3059,1167
25.7382,1166
25.8073,1165
25.9466,1164
26.2404,1163
26.5143,1161
26.759,1160
26.8349,1159
26.9874,1158
27.1978,1157
27.4253,1156
27.5062,1153
27.5574,1152
27.87,1151
28.0039,1150
28.076,1148
28.2679,1147
28.7176,1145
28.793,1144
28.8647,1143
28.9405,1142
29.0169,1141
29.0756,1140
29.8854,1138
29.9663,1137
30.6273,1136
30.8092,1134
30.9594,1132
31.0607,1129
31.142,1128
32.9243,1127
33.2135,1126
33.3718,1123
34.3729,1122
34.5098,1121
34.584,1120
34.6614,1119
34.7359,1118
34.8232,1117
35.2572,1116
35.3337,1114
35.5505,1113
35.7031,1111
35.8038,1109
36.873,1108
38.0595,1106
38.2257,1102
39.3485,1101
39.5358,1100
40.3628,1098
40.4469,1097
42.1827,1094
43.085,1093
43.4353,1092
43.6735,1091
43.8243,1088
43.9479,1087
44.2992,1086
44.5688,1085
45.3642,1083
46.0653,1082
46.8813,1081
46.9572,1080
47.0307,1079
47.2395,1078
47.3949,1077
47.4704,1076
47.7587,1075
47.9172,1074
48.3495,1073
48.8695,1072
49.388,1071
49.4545,1070
49.7004,1069
50.1742,1068
50.6723,1067
50.7479,1065
51.2505,1063
52.7318,1062
53.0868,1060
53.9058,1059
54.4621,1058
54.7753,1057
54.8507,1056
55.2211,1055
55.3022,1053
55.6111,1052
55.8914,1050
56.7569,1049
57.0376,1048
57.6036,1047
57.6856,1046
58.1107,1040
58.9247,1039
59.1806,1038
60.768,1037
60.9107,1036
61.2549,1035
62.3276,1034
62.467,1033
62.6148,1032
62.6939,1031
66.7299,1030
68.437,1028
68.6567,1026
69.1734,1025
69.6122,1024
69.8376,1023
72.4584,1022
72.6993,1021
73.9221,1020
74.0593,1019
74.3529,1018
75.0252,1015
80.7662,1014
81.6517,1012
81.7133,1009
82.0091,1008
83.3896,1007
85.0279,1006
85.88,1005
86.9696,1004
89.8487,1003
90.9517,999
98.7804,998
98.8405,997
99.2567,996
99.7259,995
104.094,994
104.229,992
104.322,991
106.141,990
107.042,989
107.648,987
109.008,986
109.434,984
130.016,983
130.307,982
130.6,981
161.576,980
162.423,979
163.399,977
167.445,975
201.019,974
233.961,973
234.604,972
238.542,971
238.685,970
241.981,968
242.059,967
347.414,966
348.273,965
349.855,963
350.547,962
466.252,961
466.651,960
468.317,959
611.425,956
626.031,955
626.111,953
1023.01,952
1087.88,950
1737.35,949
2132.21,947
2132.81,946
2231.43,945
2977.93,944
2984.09,941
