0.540026,4940
0.802625,4939
1.06204,4938
1.33144,4937
1.5798,4936
1.79688,4935
2.06387,4934
2.27867,4933
2.51286,4931
2.7177,4929
2.96482,4927
3.18525,4926
3.39833,4925
3.66666,4924
3.88251,4922
4.17341,4921
4.49146,4918
4.7808,4911
5.07472,4910
5.33023,4909
5.55354,4906
5.82422,4905
6.03611,4901
6.32809,4900
6.59109,4899
6.81141,4896
7.09245,4895
7.31997,4894
7.54963,4893
7.78723,4892
8.08941,4886
8.39277,4883
8.66571,4879
8.902,4875
9.167,4874
9.43593,4872
9.66376,4863
9.89392,4861
10.1234,4857
10.3589,4853
10.5751,4851
10.829,4847
11.0706,4845
11.341,4844
11.571,4843
11.8088,4840
12.1511,4839
12.4117,4834
12.6433,4833
12.9164,4832
13.1454,4824
13.3751,4821
13.6317,4817
13.8425,4815
14.0845,4813
14.3609,4812
14.5683,4808
14.7804,4801
15.0243,4799
15.2389,4797
15.4452,4793
15.7573,4791
16.0467,4789
16.2871,4787
16.5476,4786
16.7609,4782
16.9953,4781
17.2187,4777
17.4241,4775
17.6827,4771
17.8995,4770
18.1423,4768
18.4341,4765
18.6711,4764
18.881,4761
19.1112,4760
19.4309,4758
19.6849,4753
19.9317,4752
20.2576,4751
20.4651,4749
20.6754,4746
20.917,4743
21.1189,4740
21.3297,4739
21.582,4734
21.7978,4730
22.0172,4728
22.266,4727
22.4829,4721
22.7087,4718
22.9946,4717
23.2066,4715
23.5299,4709
23.8281,4708
24.2196,4707
24.4502,4705
24.6539,4704
24.9273,4702
25.1466,4698
25.3562,4696
25.6197,4691
25.866,4690
26.1236,4686
26.4022,4680
26.6324,4676
26.8667,4675
27.1939,4674
27.4498,4670
27.7518,4668
28.0103,4664
28.2919,4663
28.5348,4660
28.7839,4658
29.0864,4655
29.3059,4654
29.5267,4652
29.7891,4648
30.0357,4645
30.2783,4644
30.5176,4639
30.7806,4636
31.1211,4635
31.4024,4634
31.6681,4633
31.9489,4630
32.1748,4623
32.4363,4622
32.6645,4620
32.9365,4619
33.2096,4616
33.4689,4612
33.6687,4608
33.9393,4607
34.1949,4605
34.4769,4602
34.7555,4599
35.0553,4597
35.42,4594
35.7517,4593
35.9628,4589
36.2189,4586
36.4909,4584
36.7182,4582
36.9931,4579
37.3296,4578
37.5721,4577
37.8511,4570
38.1425,4569
38.4444,4566
38.7167,4563
39.0469,4562
39.3117,4559
39.618,4558
39.8572,4556
40.1001,4554
40.3277,4552
40.6258,4551
40.8481,4550
41.0518,4546
41.3642,4545
41.5812,4544
41.8498,4543
42.08,4542
42.3454,4540
42.6202,4538
42.9092,4537
43.2288,4536
43.4676,4534
43.697,4532
43.9302,4531
44.1893,4524
44.5851,4522
44.7924,4520
45.0258,4519
45.2515,4518
45.4639,4517
45.6896,4512
45.9171,4508
46.1316,4505
46.3383,4504
46.5895,4500
46.8034,4498
46.9987,4496
47.2364,4494
47.4455,4492
47.6471,4491
47.8703,4488
48.0818,4486
48.3637,4483
48.6533,4482
48.913,4481
49.1397,4480
49.3803,4471
49.5941,4470
49.8505,4468
50.1052,4467
50.3236,4465
50.5255,4461
50.7439,4460
51.0088,4457
51.2407,4455
51.4433,4454
51.6481,4445
51.8988,4444
52.123,4443
52.4315,4442
52.6621,4441
52.8981,4440
53.1533,4438
53.3534,4437
53.5563,4435
53.7742,4434
54.0322,4433
54.245,4432
54.5282,4431
54.7116,4428
54.9553,4426
55.1872,4425
55.427,4422
55.6293,4420
55.955,4419
56.2089,4417
56.472,4416
56.7435,4415
56.944,4414
57.2055,4408
57.4716,4403
57.7033,4399
57.919,4395
58.1721,4393
58.3789,4391
58.5933,4390
58.8539,4389
59.0796,4388
59.3186,4387
59.5877,4386
59.8309,4384
60.0947,4380
60.3506,4378
60.5638,4377
60.8274,4372
61.0337,4371
61.2682,4370
61.535,4369
61.7524,4368
62.0016,4366
62.2245,4362
62.4286,4361
62.6759,4360
62.8863,4359
63.1017,4357
63.3771,4356
63.6631,4355
64.0015,4354
64.2389,4353
64.4769,4349
64.9043,4348
65.1207,4347
65.3387,4345
65.5922,4344
65.8312,4340
66.1015,4339
66.3098,4337
66.5225,4335
66.7759,4334
66.9764,4330
67.2243,4328
67.5087,4327
67.7597,4325
67.9976,4324
68.2375,4321
68.4463,4318
68.6614,4316
68.9548,4315
69.176,4314
69.3838,4313
69.6552,4312
69.891,4311
70.1208,4309
70.3863,4308
70.6026,4307
70.8456,4306
71.1671,4304
71.4291,4303
71.7333,4302
71.9654,4301
72.1933,4299
72.466,4298
72.6584,4289
72.8629,4285
73.1097,4284
73.3247,4282
73.5122,4281
73.696,4280
74.0039,4279
74.2278,4277
74.501,4276
74.6928,4275
74.9562,4273
75.2466,4271
75.4891,4270
75.7046,4268
75.9339,4265
76.1498,4264
76.3568,4263
76.5956,4262
76.8235,4261
77.0271,4258
77.2774,4257
77.4633,4251
77.6683,4247
77.8595,4242
78.0995,4241
78.33,4240
78.5499,4238
78.8347,4237
79.1049,4236
79.3298,4234
79.5374,4232
79.802,4230
80.0294,4229
80.2432,4228
80.4859,4226
80.7288,4224
80.9334,4223
81.1863,4220
81.4119,4219
81.6181,4218
81.8619,4217
82.0633,4216
82.2985,4211
82.5102,4209
82.8309,4208
83.0892,4206
83.3495,4204
83.5322,4203
83.7539,4202
83.9922,4201
84.2044,4199
84.4146,4198
84.6741,4194
85.0452,4193
85.2468,4190
85.4676,4189
85.6712,4187
85.9494,4185
86.262,4182
86.5702,4178
86.8629,4176
87.0771,4175
87.3395,4174
87.5996,4172
87.8436,4171
88.1198,4169
88.3509,4168
88.5842,4167
88.7923,4166
89.0584,4165
89.2925,4163
89.6036,4162
89.8416,4160
90.1738,4157
90.4255,4156
90.7494,4155
90.9737,4154
91.2653,4153
91.5449,4152
91.8041,4151
92.0761,4150
92.315,4149
92.6118,4148
92.8432,4147
93.0858,4144
93.3927,4143
93.6437,4142
93.966,4141
94.2544,4139
94.5305,4138
94.7876,4135
95.0441,4134
95.2719,4133
95.6093,4132
95.8197,4130
96.1388,4129
96.3795,4128
96.6264,4127
96.9076,4126
97.1272,4124
97.3706,4123
97.6314,4119
97.884,4118
98.1424,4117
98.3776,4116
98.5923,4115
98.8743,4113
99.0992,4112
99.3407,4111
99.5935,4109
99.7921,4108
99.9993,4105
100.252,4104
100.467,4103
100.708,4102
100.922,4101
101.176,4099
101.471,4098
101.711,4097
102.008,4096
102.228,4095
102.433,4094
102.683,4093
102.926,4091
103.183,4090
103.464,4089
103.657,4088
103.907,4087
104.16,4086
104.421,4085
104.644,4084
104.895,4082
105.357,4081
105.611,4080
105.842,4079
106.091,4078
106.316,4076
106.538,4074
106.754,4072
106.967,4071
107.185,4070
107.4,4069
107.632,4068
107.835,4064
108.039,4063
108.272,4062
108.489,4061
108.696,4059
108.941,4058
109.211,4057
109.45,4056
109.736,4052
109.957,4051
110.168,4050
110.464,4049
110.691,4048
110.894,4047
111.117,4045
111.326,4044
111.531,4042
111.747,4039
111.954,4038
112.18,4037
112.404,4036
112.616,4035
112.9,4034
113.136,4033
113.387,4032
113.628,4031
113.824,4030
114.043,4028
114.29,4027
114.508,4025
114.714,4023
114.975,4022
115.177,4020
115.388,4018
115.62,4017
115.822,4015
116.034,4014
116.243,4012
116.486,4011
116.761,4009
117.004,4008
117.287,4006
117.503,4004
117.745,4002
117.951,4000
118.161,3999
118.405,3997
118.615,3995
118.813,3993
119.071,3992
119.32,3991
119.54,3990
119.786,3989
119.992,3988
120.226,3987
120.564,3985
120.785,3984
121.079,3983
121.326,3982
121.556,3981
121.755,3980
122.013,3978
122.261,3977
122.478,3976
122.684,3975
122.893,3974
123.123,3973
123.367,3972
123.619,3971
123.842,3970
124.081,3969
124.431,3967
124.738,3965
125.016,3964
125.326,3963
125.692,3962
125.96,3961
126.193,3960
126.468,3959
126.816,3958
127.029,3957
127.253,3956
127.485,3955
127.704,3953
127.985,3952
128.239,3951
128.481,3950
128.755,3949
128.965,3948
129.171,3945
129.439,3944
129.653,3943
129.89,3941
130.162,3940
130.392,3939
130.615,3938
130.851,3937
131.086,3936
131.379,3934
131.588,3933
131.858,3932
132.044,3931
132.391,3930
132.621,3928
132.859,3927
133.073,3926
133.275,3924
133.55,3923
133.754,3922
133.988,3921
134.26,3920
134.477,3919
134.701,3918
134.945,3917
135.144,3916
135.355,3915
135.655,3914
135.904,3913
136.137,3912
136.389,3911
136.585,3910
136.79,3909
137.009,3908
137.228,3907
137.456,3906
137.702,3904
137.937,3903
138.138,3902
138.365,3900
138.576,3898
138.782,3897
139.007,3896
139.297,3895
139.531,3894
139.772,3893
139.982,3892
140.213,3891
140.422,3890
140.636,3888
140.865,3885
141.064,3884
141.272,3883
141.496,3882
141.713,3881
141.909,3880
142.118,3879
142.338,3878
142.548,3877
142.774,3875
143.098,3874
143.344,3873
143.632,3872
143.825,3871
144.034,3870
144.279,3869
144.516,3868
144.735,3867
144.999,3866
145.234,3865
145.452,3862
145.861,3861
146.06,3859
146.264,3858
146.556,3857
146.835,3856
147.152,3855
147.408,3854
147.63,3853
147.884,3852
148.125,3850
148.373,3849
148.645,3847
148.864,3845
149.086,3844
149.371,3843
149.641,3842
149.886,3841
150.138,3840
150.405,3839
150.726,3838
151.023,3837
151.284,3836
151.526,3835
151.798,3834
152.029,3833
152.239,3832
152.545,3831
152.786,3830
153.107,3829
153.335,3828
153.549,3827
153.901,3826
154.248,3825
154.63,3824
154.917,3823
155.308,3821
155.579,3820
155.925,3819
156.159,3818
156.415,3817
156.612,3816
156.824,3815
157.01,3814
157.267,3813
157.472,3812
157.689,3811
157.932,3810
158.151,3808
158.446,3807
158.675,3806
158.967,3804
159.266,3803
159.456,3802
159.704,3801
159.959,3800
160.175,3799
160.394,3798
160.631,3797
160.846,3796
161.063,3795
161.277,3794
161.526,3793
161.761,3792
162.012,3791
162.317,3790
162.624,3789
162.897,3788
163.135,3787
163.345,3786
163.55,3785
163.776,3783
164.036,3782
164.244,3781
164.499,3780
164.72,3779
164.936,3778
165.16,3777
165.384,3776
165.571,3775
165.837,3774
166.11,3773
166.36,3772
166.623,3771
166.814,3770
167.022,3769
167.28,3768
167.483,3767
167.672,3766
167.926,3765
168.14,3764
168.324,3763
168.536,3762
168.767,3761
168.986,3760
169.196,3759
169.43,3758
169.66,3756
169.889,3754
170.167,3753
170.406,3752
170.609,3751
170.932,3750
171.18,3749
171.44,3748
171.633,3747
171.854,3746
172.053,3745
172.256,3744
172.522,3743
172.724,3742
172.946,3741
173.172,3740
173.444,3739
173.677,3738
173.959,3737
174.183,3736
174.423,3735
174.648,3734
174.844,3733
175.052,3732
175.3,3731
175.515,3730
175.738,3729
175.953,3728
176.18,3727
176.389,3726
176.612,3725
176.816,3724
177.028,3723
177.338,3722
177.57,3721
177.785,3720
178.048,3719
178.284,3718
178.488,3717
178.74,3716
178.965,3715
179.198,3714
179.489,3713
179.747,3712
179.976,3711
180.232,3710
180.475,3709
180.672,3708
180.899,3707
181.174,3706
181.416,3705
181.697,3704
181.898,3703
182.104,3702
182.328,3701
182.545,3700
182.765,3699
183.001,3698
183.24,3696
183.448,3695
183.642,3694
183.848,3693
184.089,3692
184.302,3691
184.509,3690
184.798,3689
185.031,3688
185.281,3687
185.536,3686
185.755,3685
185.964,3684
186.196,3683
186.42,3682
186.619,3681
186.845,3680
187.048,3679
187.262,3678
187.499,3677
187.698,3676
187.913,3675
188.137,3674
188.389,3673
188.622,3672
188.88,3671
189.175,3670
189.383,3669
189.64,3668
189.834,3667
190.043,3666
190.278,3665
190.49,3663
190.703,3662
190.934,3659
191.131,3658
191.354,3656
191.747,3654
192.235,3651
192.459,3650
192.696,3649
193,3646
193.421,3645
193.855,3644
194.322,3643
194.541,3642
194.744,3641
194.952,3640
195.144,3639
195.562,3638
195.767,3637
196.032,3636
196.285,3635
196.536,3634
196.784,3633
196.988,3632
197.193,3631
197.42,3630
197.598,3629
197.798,3628
197.986,3625
198.225,3624
198.427,3623
198.632,3622
199.077,3621
199.273,3620
199.512,3616
199.735,3615
200.444,3613
201.273,3609
202.016,3608
203.282,3607
203.839,3605
204.348,3604
204.624,3602
205.052,3601
205.506,3600
206.181,3598
206.405,3596
207.372,3593
208.626,3591
209.434,3590
209.684,3589
209.926,3588
210.137,3587
210.405,3586
210.637,3585
210.845,3584
211.048,3582
211.358,3581
211.618,3580
212.588,3579
212.827,3577
213.367,3576
213.616,3575
213.837,3574
214.336,3572
214.573,3571
215.479,3569
216.91,3568
217.353,3567
217.591,3566
217.809,3565
218.025,3561
219.82,3560
220.043,3559
220.506,3558
220.726,3556
221.157,3554
221.849,3552
222.334,3547
222.747,3546
223.049,3543
223.315,3542
223.798,3541
224.679,3540
224.945,3539
225.342,3538
225.567,3537
225.785,3536
225.975,3535
226.42,3534
226.883,3533
227.414,3532
227.634,3531
227.905,3530
228.365,3528
228.794,3527
229.021,3526
229.272,3524
229.493,3523
230.397,3522
230.962,3520
231.218,3519
231.428,3518
232.213,3516
232.456,3515
232.661,3513
232.866,3512
233.963,3511
234.188,3510
234.724,3509
234.932,3507
235.204,3506
235.616,3505
235.88,3503
236.084,3501
237.448,3496
240.057,3494
240.494,3493
240.733,3492
240.945,3491
241.164,3490
241.42,3489
242.163,3488
243.035,3487
243.264,3486
243.492,3484
243.747,3483
244.236,3482
244.446,3480
244.727,3479
244.932,3478
245.131,3477
245.369,3476
245.667,3475
246.256,3474
246.53,3473
247.799,3472
248.031,3470
248.256,3467
248.461,3466
248.7,3464
248.907,3463
249.133,3462
249.371,3461
250.138,3460
250.363,3459
250.56,3457
250.784,3456
251.208,3454
251.46,3452
251.881,3448
252.761,3447
253.5,3446
253.741,3442
254.618,3441
255.269,3440
255.473,3439
255.691,3438
256.1,3437
256.321,3434
256.517,3433
256.7,3432
257.203,3431
258.969,3430
259.178,3429
259.595,3428
259.825,3427
260.031,3426
260.213,3425
260.434,3424
260.645,3423
260.891,3422
261.141,3421
261.382,3419
261.626,3416
261.83,3415
262.908,3414
263.781,3413
263.996,3411
264.221,3410
264.439,3409
264.97,3407
265.659,3405
266.253,3403
266.49,3401
268.691,3400
268.963,3398
269.891,3395
270.122,3394
270.365,3393
271.27,3391
271.973,3390
272.298,3389
272.555,3386
273.285,3385
276.45,3382
277.128,3380
278.49,3379
279.157,3378
280.177,3376
280.886,3375
281.12,3374
281.371,3373
282.268,3372
283.242,3371
283.846,3370
284.417,3369
284.634,3368
285.042,3367
285.303,3366
286.215,3365
286.418,3364
286.64,3362
286.861,3361
287.056,3359
288.727,3358
289.422,3357
289.856,3356
290.135,3355
290.331,3354
291.108,3353
292.495,3352
292.922,3351
293.551,3350
294.003,3349
294.675,3347
296.757,3346
297.178,3342
297.421,3341
298.486,3340
299.029,3339
299.936,3338
300.151,3337
300.804,3336
301.045,3335
301.98,3333
302.523,3332
303.385,3330
304.253,3329
304.705,3328
305.164,3326
305.806,3324
306.56,3322
306.758,3321
307.685,3319
307.891,3318
309.455,3317
310.02,3316
310.472,3315
310.675,3312
312.699,3310
313.382,3308
313.912,3307
314.148,3306
315.069,3305
316.279,3303
316.55,3302
316.966,3300
318.521,3299
318.72,3298
319.151,3296
319.36,3295
319.796,3294
320.004,3293
320.208,3291
320.402,3287
323.025,3285
323.636,3284
324.25,3283
324.509,3282
324.787,3281
325.009,3280
325.241,3278
325.476,3277
328.58,3275
328.839,3274
329.973,3273
331.114,3270
332.443,3269
333.206,3268
333.429,3267
333.679,3266
333.941,3265
334.177,3263
334.426,3261
335.653,3259
337.126,3258
337.426,3257
337.701,3255
338.991,3254
339.797,3252
340.127,3251
341.542,3250
342.259,3249
342.68,3248
342.922,3247
343.39,3244
345.263,3242
346.285,3241
348.708,3239
348.902,3238
349.119,3237
349.355,3233
349.761,3232
349.966,3231
352.144,3230
352.584,3229
353.857,3228
356.37,3227
356.578,3226
357.014,3225
357.226,3224
358.31,3223
360.401,3222
361.483,3221
361.873,3220
362.087,3218
367.662,3217
369.499,3216
369.932,3215
370.221,3214
370.714,3213
371.7,3212
372.113,3211
372.799,3208
373.258,3207
374.496,3206
374.937,3205
375.578,3204
376.413,3203
377.244,3201
377.448,3200
377.731,3199
377.972,3196
378.195,3195
378.67,3194
381.671,3193
382.355,3192
382.559,3189
382.749,3188
384.005,3187
385.833,3186
386.752,3184
386.946,3183
388.079,3182
389.526,3181
390.054,3179
390.268,3178
390.775,3177
390.997,3176
393.677,3175
394.613,3169
398.162,3168
398.408,3167
398.591,3165
399.028,3164
400.755,3163
401.019,3162
401.246,3160
402.096,3158
408.488,3156
412.491,3155
413.114,3154
413.349,3153
413.524,3152
413.916,3151
414.169,3150
415.527,3148
416.656,3147
417.531,3144
423.258,3143
423.48,3141
425.752,3138
426.006,3137
426.228,3136
426.74,3135
428.147,3134
428.373,3132
428.586,3131
429.436,3130
429.877,3129
430.07,3128
431.897,3127
432.164,3125
432.358,3122
437.09,3121
437.533,3119
438.432,3118
438.663,3114
438.906,3112
439.133,3111
439.336,3110
440.397,3108
440.611,3106
441.44,3105
441.648,3103
442.144,3101
442.643,3100
443.224,3099
445.337,3098
445.808,3096
447.352,3095
448.027,3093
448.968,3092
450.234,3091
450.501,3090
453.082,3089
453.829,3087
456.723,3086
457.181,3085
458.454,3084
459.776,3083
460.441,3082
460.688,3081
461.299,3080
462.928,3079
463.177,3078
463.37,3076
465.055,3075
466.453,3074
466.664,3073
467.888,3071
468.121,3070
468.509,3069
470.335,3068
470.743,3067
471.581,3066
472.02,3064
473.648,3063
476.314,3062
477.072,3060
477.764,3059
478.178,3057
479.243,3054
481.924,3053
482.568,3052
482.781,3051
483.832,3050
485.028,3048
485.635,3047
485.871,3045
488.072,3044
488.586,3043
488.832,3042
489.671,3041
489.882,3040
490.296,3039
490.557,3038
491.678,3036
492.852,3033
494.968,3031
497.021,3030
497.474,3029
499.131,3028
500.532,3027
505.3,3026
505.744,3024
506.472,3023
507.266,3022
508.745,3021
509.028,3020
510.772,3019
511.09,3018
512.56,3017
517.085,3016
517.6,3015
518.485,3014
518.964,3013
519.242,3012
525.919,3011
527.314,3008
530.647,3004
531.664,3003
531.864,3002
533.981,3001
534.196,3000
534.402,2999
534.617,2998
534.845,2997
535.247,2996
535.463,2995
542.46,2993
542.659,2992
544.865,2991
545.345,2990
547.024,2989
547.246,2988
547.504,2987
547.708,2986
547.928,2985
548.154,2984
548.626,2983
548.861,2981
550.028,2980
550.905,2976
551.21,2973
554.012,2972
564.75,2971
568.671,2970
568.88,2969
569.142,2967
572.309,2966
577.907,2965
578.126,2964
582.725,2963
584.139,2962
585.819,2961
588.591,2960
589.223,2959
589.456,2956
590.832,2954
592.495,2952
594.856,2951
595.054,2949
597.622,2948
597.867,2947
598.114,2946
598.546,2945
598.742,2944
598.973,2943
603,2942
605.63,2941
606.681,2940
606.894,2939
614.751,2938
614.985,2936
616.288,2935
617.693,2934
617.898,2933
618.312,2932
618.734,2931
619.803,2929
620.005,2927
625.242,2924
625.487,2923
627.835,2922
628.062,2920
631.116,2919
636.769,2917
640.435,2916
641.633,2915
643.809,2914
645.113,2913
646.177,2912
648.019,2911
649.921,2910
650.142,2909
650.379,2908
650.845,2907
651.077,2906
651.301,2905
659.176,2904
659.43,2903
673.762,2902
674.222,2901
675.489,2900
675.735,2899
676.135,2898
677.364,2896
680.283,2895
681.633,2894
683.665,2893
684.097,2892
689.663,2888
691.543,2887
692.615,2885
693.307,2884
693.538,2883
696.321,2882
697.109,2881
700.265,2880
702.025,2879
703.725,2877
709.334,2876
709.921,2875
717.132,2873
718.336,2872
718.989,2871
719.631,2870
720.289,2867
722.719,2866
722.949,2864
724.027,2862
728.422,2861
729.818,2860
730.918,2859
731.33,2858
775.713,2857
775.914,2854
778.524,2849
780.108,2848
781.461,2847
785.828,2846
792.603,2845
794.731,2844
795.151,2842
796.924,2841
808.365,2840
810.373,2838
810.94,2837
831.852,2836
832.039,2835
834.475,2834
834.89,2833
837.373,2832
838.946,2830
843.937,2829
881.88,2828
912.411,2827
912.87,2824
914.422,2823
927.299,2822
928.715,2820
937.192,2819
958.771,2818
960.85,2817
974.264,2814
978.618,2812
982.303,2811
982.505,2810
982.755,2809
985.572,2807
990.171,2806
996.889,2805
998.104,2804
1001.84,2803
1013.86,2802
1022.39,2801
1026.08,2800
1026.31,2798
1038.84,2797
1039.46,2796
1043.55,2794
1044.21,2791
1051.95,2790
1052.49,2789
1053.93,2788
1056.27,2786
1058.51,2785
1058.73,2784
1092.62,2783
1097.25,2781
1097.84,2779
1105.21,2778
1106.54,2777
1107.17,2776
1109.64,2774
1110.4,2773
1110.63,2772
1111.81,2771
1112.96,2770
1115.18,2769
1115.9,2768
1117.02,2765
1123.26,2764
1129.6,2763
1140.25,2762
1140.45,2761
1140.74,2760
1141.23,2757
1263.59,2756
1264.22,2755
1272.27,2754
1285.88,2753
1294.19,2751
1307.45,2750
1308.17,2749
1311.87,2748
1316.25,2747
1319.09,2744
1371.94,2743
1375.29,2742
1376.11,2740
1380.79,2738
1381.2,2737
1383.28,2736
1393.93,2735
1394.16,2734
1394.35,2732
1418.53,2731
1418.78,2730
1425.28,2729
1430.46,2728
1463.74,2727
1463.93,2725
1464.11,2724
1477.38,2722
1484.73,2721
1493.17,2719
1499.49,2718
1509.11,2717
1509.56,2716
1510.97,2715
1565.18,2714
1569.56,2710
1901.23,2708
1907.24,2705
1918.5,2704
1918.72,2703
1928.22,2702
1949.49,2701
1962.81,2699
1969.91,2698
1973.21,2697
2029.37,2696
2038.99,2694
2039.5,2691
2058.63,2690
2059.08,2689
2077.62,2688
2124.32,2685
2127.91,2684
2128.11,2683
2129.41,2680
2136.99,2679
2411.02,2678
2412.76,2676
2415.57,2675
2423.99,2674
2433.45,2671
2461.1,2670
2485.48,2669
2521.08,2668
2521.29,2667
2523.75,2665
2530.23,2664
2544.86,2663
2545.69,2659
2546.85,2658
2734.45,2656
2734.85,2655
2735.32,2654
2735.54,2652
2757.82,2651
2765.78,2650
2767.92,2649
2768.13,2648
2774.93,2647
2788.07,2646
2788.75,2644
2788.98,2641
2789.27,2640
2858.16,2639
2863.81,2638
2868.49,2637
2872.45,2635
2872.71,2634
3020.97,2632
3165.97,2631
3179.08,2629
3564.91,2628
3577.08,2625
3621.95,2622
3685.72,2618
3696.76,2617
3698.46,2616
3701.73,2613
3727.39,2612
3727.62,2609
3728,2608
3834.97,2607
3840.02,2606
3864.87,2603
3963.13,2601
4038.32,2600
4563.59,2599
4579.44,2598
4579.65,2597
4648.97,2596
4649.69,2594
4651.23,2593
4672.09,2592
4723.22,2591
4724.04,2590
4729.01,2589
4731.66,2588
4745.5,2587
4745.92,2585
4808.2,2584
4819.92,2583
4855.99,2582
4857.97,2581
4858.72,2579
4864.1,2576
4864.99,2574
6824.87,2573
6837.76,2571
6844.13,2569
6846.44,2567
6906.15,2566
6925.17,2565
6926.52,2564
6929.51,2563
6932.12,2562
7544.64,2561
7550.35,2560
7656.81,2559
7715.29,2558
7718.32,2556
7741.08,2555
7749.71,2554
7769.09,2552
7824.41,2551
8021.13,2549
8040.18,2548
9256.38,2547
9429.88,2545
9430.89,2544
9431.3,2543
9433.61,2542
9435.36,2541
9438.42,2540
9438.62,2539
9444.12,2538
12340.4,2537
12562.5,2536
12567.4,2533
12567.8,2532
13195.6,2531
13800.7,2529
13848,2528
13855.5,2526
14141.6,2523
14161.3,2522
14168,2521
14250.7,2520
14292.1,2519
14306.6,2517
14317.5,2516
14317.9,2515
14319.6,2514
14320.7,2513
14362.8,2512
14365.1,2511
14365.5,2510
14411.7,2509
