0.520029,4940
0.817289,4939
1.06778,4938
1.33981,4937
1.53619,4936
1.79867,4935
2.05242,4934
2.25473,4933
2.49035,4932
2.69684,4931
2.97894,4929
3.18309,4928
3.40354,4927
3.64943,4921
3.87709,4917
4.15837,4916
4.4928,4914
4.74233,4910
5.03861,4908
5.28942,4906
5.53524,4905
5.74039,4904
6.03783,4903
6.29406,4901
6.54961,4900
6.78515,4897
7.02415,4894
7.3063,4885
7.53131,4883
7.74316,4882
8.08241,4878
8.35294,4873
8.63574,4872
8.88989,4871
9.14614,4869
9.42925,4866
9.6368,4860
9.8675,4859
10.1443,4858
10.3634,4857
10.579,4851
10.8361,4847
11.0678,4846
11.3144,4842
11.5509,4840
11.798,4838
12.1261,4837
12.3924,4834
12.6218,4830
12.9045,4829
13.1318,4826
13.3655,4824
13.637,4820
13.8495,4818
14.0873,4812
14.3582,4810
14.5677,4809
14.7891,4806
15.0262,4802
15.2045,4800
15.4538,4799
15.735,4797
16.0145,4793
16.333,4790
16.5309,4789
16.7738,4783
17.0109,4781
17.2263,4780
17.4464,4779
17.7134,4775
17.9217,4774
18.1649,4773
18.4403,4766
18.6672,4761
18.8995,4760
19.1345,4754
19.4743,4751
19.7245,4747
19.994,4746
20.2582,4745
20.4766,4743
20.6982,4742
20.9294,4741
21.1714,4740
21.3651,4737
21.6001,4735
21.8231,4731
22.0188,4729
22.2628,4724
22.4931,4721
22.7214,4719
22.9808,4710
23.1975,4708
23.5061,4707
23.8027,4702
24.241,4701
24.4513,4699
24.6571,4698
24.9167,4697
25.1353,4696
25.3498,4695
25.558,4694
25.856,4693
26.1068,4690
26.3831,4687
26.6188,4685
26.8416,4679
27.0865,4676
27.3842,4675
27.6462,4673
27.9273,4671
28.1839,4670
28.4671,4669
28.7069,4667
28.9688,4666
29.236,4665
29.4607,4664
29.7145,4663
29.968,4657
30.209,4651
30.4598,4644
30.6881,4641
31.0715,4639
31.3664,4638
31.6725,4636
31.9073,4628
32.151,4621
32.4103,4620
32.6396,4615
32.9188,4611
33.1849,4610
33.4333,4608
33.7171,4606
33.945,4605
34.1905,4604
34.4836,4601
34.7397,4600
35.0438,4598
35.3917,4597
35.7343,4594
35.9618,4591
36.2235,4590
36.4862,4589
36.7137,4587
36.9331,4586
37.3143,4575
37.5603,4573
37.8506,4568
38.07,4566
38.3428,4565
38.6108,4563
38.8951,4561
39.2346,4560
39.5145,4559
39.7906,4555
40.005,4554
40.2177,4553
40.4939,4552
40.7684,4551
40.978,4550
41.2371,4549
41.504,4546
41.7565,4539
42.0438,4538
42.2813,4532
42.5417,4531
42.838,4528
43.142,4527
43.3987,4524
43.605,4522
43.8664,4520
44.1012,4515
44.4657,4514
44.6968,4513
44.947,4512
45.1857,4509
45.3602,4506
45.5928,4503
45.845,4499
46.053,4498
46.2602,4496
46.5072,4493
46.7325,4491
46.9401,4490
47.1997,4488
47.3864,4483
47.5915,4479
47.8038,4478
48.0446,4475
48.2833,4473
48.5619,4471
48.8248,4469
49.0699,4468
49.3144,4467
49.5325,4466
49.7761,4465
50.0507,4464
50.2643,4462
50.4807,4460
50.7023,4459
50.9222,4457
51.1841,4454
51.3982,4453
51.6071,4452
51.8458,4451
52.0937,4447
52.324,4446
52.59,4445
52.8397,4443
53.1065,4442
53.3287,4441
53.5338,4440
53.7578,4439
53.9796,4436
54.2186,4435
54.4874,4431
54.6931,4429
54.908,4425
55.1589,4424
55.3868,4422
55.5961,4420
55.8831,4414
56.1204,4412
56.4167,4411
56.6985,4410
56.8942,4409
57.1158,4405
57.387,4401
57.6244,4400
57.8374,4398
58.0803,4397
58.3017,4396
58.5178,4395
58.7769,4394
59.0086,4391
59.2411,4390
59.4738,4388
59.7513,4387
59.9855,4386
60.2718,4385
60.4894,4384
60.7197,4383
60.9781,4382
61.177,4377
61.4442,4372
61.6585,4370
61.9171,4367
62.1426,4366
62.3577,4364
62.5816,4363
62.7973,4358
63.0121,4356
63.2655,4353
63.6021,4352
63.8287,4351
64.1324,4349
64.39,4347
64.8261,4344
65.0428,4342
65.2542,4340
65.5097,4339
65.7363,4337
66.0212,4336
66.2625,4335
66.4735,4334
66.7064,4332
66.9266,4331
67.1539,4330
67.487,4329
67.7161,4327
67.9554,4326
68.2013,4325
68.4278,4323
68.6427,4321
68.8934,4319
69.1629,4318
69.3698,4317
69.6428,4316
69.8723,4314
70.0989,4313
70.3857,4312
70.5862,4311
70.8476,4310
71.1513,4309
71.4011,4304
71.63,4302
71.8943,4300
72.0997,4299
72.3154,4298
72.6017,4297
72.8176,4295
73.0572,4294
73.2668,4290
73.464,4288
73.7171,4287
73.9629,4284
74.1813,4283
74.4492,4282
74.6822,4281
74.93,4280
75.2136,4279
75.45,4278
75.6733,4276
75.9147,4274
76.1358,4273
76.3406,4272
76.5373,4270
76.7672,4269
76.973,4268
77.1642,4267
77.417,4266
77.6184,4262
77.8204,4261
78.048,4260
78.2483,4258
78.4775,4256
78.7672,4254
79.0307,4253
79.2539,4252
79.4802,4250
79.7015,4249
79.9435,4248
80.1735,4247
80.4066,4244
80.6365,4242
80.8609,4236
81.0833,4233
81.3328,4232
81.539,4231
81.7484,4230
81.9924,4229
82.2222,4228
82.4576,4227
82.7549,4226
83.0088,4225
83.2895,4224
83.4806,4223
83.6806,4222
83.9368,4221
84.1506,4220
84.361,4218
84.5976,4217
84.9175,4212
85.1791,4211
85.4096,4210
85.6273,4207
85.8483,4204
86.1886,4203
86.4893,4202
86.7612,4201
87.0112,4197
87.2395,4195
87.525,4193
87.7557,4192
88.0026,4190
88.275,4188
88.4855,4187
88.7693,4185
89.0164,4183
89.2577,4182
89.5658,4180
89.7896,4177
90.0592,4175
90.3742,4174
90.6804,4172
90.9085,4171
91.1658,4170
91.4585,4169
91.7376,4168
92.0225,4167
92.2738,4166
92.5252,4165
92.8115,4163
93.0232,4160
93.3489,4159
93.6046,4156
93.8849,4155
94.1481,4153
94.4469,4152
94.7724,4150
95.0105,4149
95.2396,4146
95.5321,4145
95.7842,4140
96.1235,4139
96.3578,4138
96.6124,4137
96.9057,4136
97.1227,4135
97.3294,4134
97.6168,4130
97.8706,4129
98.1054,4128
98.3786,4126
98.6155,4125
98.8597,4124
99.0961,4122
99.309,4121
99.5918,4120
99.7923,4119
100.01,4117
100.245,4116
100.466,4115
100.704,4114
100.957,4112
101.184,4111
101.491,4110
101.73,4109
102.032,4107
102.246,4105
102.451,4103
102.646,4101
102.962,4097
103.187,4096
103.446,4095
103.659,4094
103.885,4093
104.171,4092
104.423,4089
104.672,4086
104.914,4083
105.345,4082
105.601,4081
105.868,4080
106.116,4078
106.334,4076
106.553,4074
106.767,4073
106.985,4072
107.209,4071
107.41,4070
107.637,4069
107.84,4068
108.041,4066
108.274,4065
108.489,4064
108.701,4063
108.968,4062
109.258,4061
109.502,4060
109.774,4059
109.99,4058
110.25,4056
110.494,4053
110.727,4052
110.936,4049
111.176,4042
111.376,4040
111.58,4039
111.791,4038
111.991,4036
112.214,4035
112.423,4034
112.624,4030
112.92,4027
113.157,4025
113.436,4023
113.685,4020
113.894,4019
114.102,4018
114.34,4017
114.55,4013
114.734,4012
114.982,4011
115.209,4010
115.412,4009
115.649,4008
115.856,4007
116.062,4006
116.321,4005
116.555,4004
116.815,4003
117.06,4001
117.289,4000
117.492,3999
117.751,3998
117.959,3996
118.168,3995
118.386,3994
118.601,3993
118.812,3992
119.096,3991
119.34,3989
119.571,3988
119.817,3987
120.023,3985
120.241,3984
120.581,3983
120.814,3982
121.078,3981
121.345,3980
121.57,3976
121.789,3975
121.903,3974
122.229,3973
122.454,3972
122.663,3971
122.867,3970
123.096,3968
123.31,3967
123.571,3966
123.825,3965
124.055,3964
124.377,3963
124.704,3962
124.958,3961
125.272,3960
125.7,3959
125.948,3958
126.155,3957
126.43,3956
126.757,3955
127.007,3953
127.23,3952
127.456,3951
127.677,3949
127.95,3948
128.241,3947
128.467,3946
128.729,3945
128.945,3944
129.159,3943
129.415,3942
129.618,3940
129.851,3939
130.124,3938
130.368,3937
130.574,3935
130.807,3934
131.031,3933
131.288,3932
131.521,3931
131.774,3930
132.025,3929
132.318,3928
132.578,3927
132.804,3926
133.054,3925
133.263,3924
133.512,3923
133.742,3921
133.962,3920
134.219,3919
134.45,3918
134.68,3917
134.912,3916
135.121,3915
135.326,3914
135.63,3913
135.857,3912
136.086,3911
136.348,3910
136.555,3909
136.755,3907
136.985,3905
137.196,3904
137.413,3902
137.658,3901
137.874,3900
138.08,3899
138.297,3897
138.521,3896
138.727,3895
138.934,3894
139.221,3893
139.387,3892
139.658,3891
139.917,3890
140.133,3889
140.354,3888
140.573,3887
140.761,3886
140.999,3885
141.199,3884
141.41,3883
141.654,3882
141.861,3880
142.06,3879
142.307,3878
142.5,3877
142.718,3876
143.046,3875
143.297,3874
143.544,3873
143.787,3871
144.002,3870
144.212,3869
144.47,3868
144.686,3867
144.902,3866
145.148,3865
145.394,3863
145.723,3862
145.941,3861
146.157,3860
146.427,3859
146.73,3858
146.989,3857
147.276,3856
147.517,3855
147.739,3854
148.008,3853
148.277,3852
148.546,3851
148.753,3850
148.981,3849
149.215,3848
149.478,3847
149.744,3846
149.994,3845
150.257,3844
150.569,3843
150.84,3841
151.123,3840
151.395,3839
151.645,3838
151.893,3837
152.129,3836
152.411,3835
152.671,3834
152.915,3833
153.23,3832
153.453,3831
153.726,3830
154.022,3829
154.49,3828
154.791,3827
155.132,3826
155.446,3825
155.821,3824
156.07,3823
156.293,3822
156.537,3821
156.742,3820
156.939,3819
157.2,3818
157.414,3817
157.619,3816
157.848,3815
158.058,3814
158.308,3813
158.604,3812
158.86,3811
159.185,3810
159.378,3809
159.612,3808
159.859,3807
160.078,3806
160.297,3805
160.531,3804
160.751,3803
160.955,3802
161.174,3801
161.375,3800
161.651,3799
161.891,3798
162.142,3797
162.47,3796
162.731,3795
162.982,3794
163.227,3793
163.428,3792
163.637,3791
163.868,3790
164.126,3789
164.34,3788
164.609,3787
164.823,3786
165.036,3785
165.285,3784
165.5,3783
165.722,3782
166.005,3781
166.244,3780
166.503,3779
166.736,3778
166.94,3777
167.169,3775
167.389,3774
167.601,3773
167.801,3772
168.048,3771
168.251,3770
168.452,3769
168.676,3768
168.851,3767
169.086,3766
169.333,3765
169.534,3764
169.791,3763
170.042,3762
170.279,3761
170.497,3760
170.708,3758
171.056,3757
171.292,3756
171.536,3755
171.739,3754
171.947,3753
172.153,3752
172.374,3751
172.604,3750
172.807,3749
173.046,3748
173.279,3747
173.559,3746
173.773,3745
174.055,3743
174.512,3742
174.728,3741
174.942,3740
175.142,3739
175.388,3738
175.607,3737
175.813,3734
176.894,3733
177.099,3727
177.651,3725
178.572,3721
178.832,3720
179.618,3719
179.843,3718
180.102,3717
180.328,3716
180.543,3715
180.752,3714
181.053,3713
181.303,3712
181.567,3711
181.786,3710
181.987,3709
182.417,3707
182.88,3706
183.088,3704
183.327,3703
183.533,3702
183.752,3701
183.982,3700
184.198,3699
184.412,3698
184.614,3697
184.926,3696
185.164,3695
185.433,3694
185.645,3693
185.878,3692
186.112,3691
186.331,3688
186.521,3687
187.826,3686
188.033,3685
188.283,3684
188.514,3682
188.822,3681
189.053,3680
189.297,3679
189.509,3677
189.725,3676
189.93,3672
191.031,3666
191.222,3665
192.584,3664
193.533,3662
194.652,3661
194.846,3660
195.095,3659
195.279,3658
195.484,3656
195.693,3654
196.171,3653
196.419,3652
196.702,3647
196.904,3646
197.105,3643
199.236,3642
199.942,3641
200.418,3640
200.649,3639
200.851,3638
201.05,3637
201.278,3635
201.472,3634
202.373,3632
202.888,3631
203.461,3627
203.75,3626
203.98,3625
204.488,3624
204.975,3623
205.175,3621
205.611,3620
206.074,3619
206.635,3618
206.908,3617
207.502,3616
207.762,3615
208.984,3614
209.25,3613
209.541,3612
209.772,3611
210.014,3609
210.249,3606
210.476,3604
210.701,3603
211.178,3602
212.195,3601
212.415,3599
212.89,3598
214.423,3597
214.697,3596
214.937,3594
215.505,3593
215.769,3592
216.025,3590
216.264,3589
216.914,3588
217.597,3587
217.802,3586
218.028,3584
218.496,3583
219.807,3580
221.609,3579
222.124,3578
222.328,3576
224.014,3574
224.281,3573
224.709,3572
225.355,3571
225.812,3570
226.231,3569
227.21,3566
228.39,3564
228.612,3563
229.491,3561
229.948,3560
230.146,3559
230.403,3557
231.454,3556
232.464,3555
232.879,3553
233.527,3552
233.765,3550
234.48,3549
234.941,3545
236.561,3543
236.758,3542
236.989,3541
237.242,3540
238.449,3539
238.965,3538
239.601,3536
239.811,3535
240.041,3534
240.272,3533
241.157,3532
241.403,3531
241.581,3528
242.354,3527
242.792,3526
243.251,3525
243.709,3524
244.02,3523
244.228,3522
244.454,3521
244.724,3520
244.95,3518
245.16,3516
245.404,3515
245.674,3513
246.024,3512
246.271,3511
246.582,3510
246.831,3508
247.372,3505
248.328,3504
248.513,3502
248.973,3501
250.168,3500
250.377,3499
250.577,3498
250.793,3497
250.99,3496
251.451,3495
252.316,3489
254.389,3486
255.44,3485
255.67,3484
255.883,3482
257.623,3478
258.072,3476
259.364,3475
259.574,3472
259.803,3471
260.861,3470
261.347,3469
261.591,3468
261.805,3466
262.666,3465
263.296,3464
263.961,3463
264.178,3462
264.889,3460
265.161,3459
265.829,3458
266.033,3457
266.467,3456
266.674,3455
266.869,3454
267.177,3453
267.419,3452
267.645,3451
267.894,3449
268.418,3448
268.676,3447
268.921,3446
269.204,3444
270.391,3443
270.634,3441
271.075,3440
271.31,3438
271.779,3437
272.011,3434
273.682,3433
274.271,3432
274.545,3431
274.77,3429
275.672,3428
275.981,3425
276.735,3423
276.937,3422
279.162,3421
279.419,3420
279.642,3419
279.9,3418
280.181,3417
280.444,3416
280.701,3415
280.916,3410
282.292,3409
284.422,3408
285.135,3407
285.629,3404
286.305,3402
287.171,3401
287.454,3398
288.442,3397
288.632,3396
289.081,3395
289.276,3394
289.744,3393
289.972,3391
291.738,3388
292.398,3387
293.264,3386
293.469,3385
293.899,3384
294.117,3383
294.548,3380
296.461,3379
297.096,3377
297.288,3376
297.54,3375
297.757,3374
298.42,3373
298.664,3372
298.917,3371
299.186,3370
299.655,3369
300.05,3367
300.313,3365
300.997,3361
301.197,3360
301.426,3357
305.612,3356
305.851,3355
306.071,3354
306.571,3353
307.008,3352
308.762,3351
308.999,3350
309.205,3349
309.967,3347
311.128,3345
312.228,3341
312.432,3340
314.556,3339
315.23,3338
315.432,3337
316.253,3335
316.465,3334
316.9,3333
317.159,3332
317.411,3329
317.835,3328
318.283,3327
319.138,3326
319.526,3324
319.758,3322
319.948,3321
321.099,3320
321.322,3318
321.557,3316
323.39,3315
323.589,3314
323.803,3313
324.245,3311
325.843,3309
326.044,3308
327.091,3306
327.549,3305
327.814,3303
329.764,3300
330.897,3299
332.982,3296
334.148,3295
334.377,3294
335.429,3293
335.984,3292
337.08,3291
337.868,3289
338.272,3288
340.16,3287
340.911,3284
344.243,3283
344.662,3282
344.956,3281
346.415,3280
348.206,3279
350.523,3278
350.943,3277
351.222,3276
352.429,3275
352.644,3274
352.858,3273
353.714,3272
354.582,3268
358.836,3267
359.158,3266
359.832,3265
360.042,3264
360.872,3263
361.056,3262
361.28,3261
361.509,3260
361.709,3259
362.366,3256
362.621,3255
363.343,3253
363.946,3251
365.696,3250
367.193,3246
369.992,3244
371.03,3243
371.934,3242
372.157,3241
372.819,3240
373.027,3239
373.466,3238
375.36,3237
375.787,3236
375.991,3235
376.193,3233
376.425,3231
377.033,3230
377.464,3229
377.987,3228
381.655,3227
382.137,3226
382.547,3224
382.962,3221
386.528,3220
387.15,3219
388.542,3217
389.246,3216
389.505,3215
389.8,3214
390.027,3213
390.264,3212
390.532,3210
392.226,3209
392.447,3208
393.442,3207
393.909,3206
394.408,3205
394.923,3204
395.415,3203
396.659,3202
396.994,3200
397.714,3199
399.871,3198
400.146,3196
400.682,3195
401.188,3194
402.87,3193
403.089,3191
403.303,3189
405.035,3187
405.225,3185
406.32,3182
408.077,3181
408.934,3180
409.284,3179
409.523,3178
410.77,3177
411.017,3174
412.024,3173
412.306,3172
412.968,3171
413.185,3170
414.859,3169
415.066,3168
415.329,3167
416.144,3164
416.317,3163
416.528,3162
417.188,3161
417.384,3159
419.431,3158
419.676,3157
419.934,3152
421.407,3151
422.684,3150
422.906,3147
425.752,3146
426.444,3144
427.245,3143
428.161,3142
429.218,3141
429.432,3140
429.648,3139
429.86,3138
430.738,3137
431.227,3136
431.861,3135
432.689,3134
432.913,3133
433.136,3132
433.968,3131
434.69,3129
436.401,3128
436.621,3126
437.869,3125
438.068,3122
439.468,3121
440.506,3120
441.348,3118
441.76,3117
444.629,3116
444.873,3114
445.289,3113
445.987,3111
448.385,3110
448.651,3109
449.823,3108
450.361,3107
452.985,3106
454.302,3105
456.087,3103
456.384,3102
457.346,3101
457.919,3100
458.637,3099
458.852,3098
459.092,3097
460.419,3096
460.658,3095
461.265,3094
462.298,3093
462.714,3092
462.951,3090
464.59,3089
465.838,3088
467.367,3086
471.023,3085
472.065,3083
472.283,3082
472.514,3081
475.434,3080
475.891,3079
476.159,3078
476.359,3077
477.131,3076
477.817,3075
478.023,3073
484.886,3072
485.505,3071
486.351,3070
486.614,3069
486.855,3068
488.235,3067
490.663,3066
491.066,3064
491.807,3063
492.717,3058
494.259,3057
497.35,3055
497.747,3054
498.377,3052
498.565,3051
500.577,3050
501.213,3046
501.654,3045
506.668,3044
509.521,3043
510.251,3042
510.493,3041
511.733,3039
514.894,3038
517.023,3037
517.733,3033
519.428,3032
519.855,3030
525.222,3029
527.274,3028
528.558,3027
528.991,3026
529.887,3024
531.443,3022
532.735,3021
535.681,3020
538.927,3018
540.218,3017
541.592,3016
542.224,3015
542.673,3013
542.863,3012
543.058,3011
544.152,3010
544.361,3009
544.56,3008
544.84,3007
545.064,3005
545.745,3003
549.143,3002
551.774,3001
551.973,2999
552.525,2994
552.779,2993
561.499,2992
561.718,2991
564.153,2990
564.366,2989
567.325,2988
568.508,2987
570.169,2986
570.865,2984
574.95,2982
576.211,2981
576.781,2980
577.087,2979
579.212,2978
579.688,2977
580.782,2976
583.313,2974
584.522,2972
586.619,2969
587.843,2966
590.734,2965
591.177,2964
591.38,2962
591.576,2961
592.607,2960
595.223,2959
595.455,2958
597.016,2956
599.559,2954
610.335,2953
612.456,2952
612.979,2951
613.218,2950
613.44,2947
613.859,2946
616.273,2944
617.019,2943
619.772,2942
619.996,2940
620.719,2939
620.932,2938
622.555,2936
635.192,2933
635.528,2932
643.973,2930
644.387,2928
646.058,2927
647.274,2925
648.514,2924
652.817,2923
653.06,2922
655.208,2921
658.308,2919
662.326,2918
667.684,2917
667.904,2916
669.575,2914
673.012,2912
678.177,2911
680.243,2907
680.505,2906
682.833,2905
683.038,2904
684.535,2901
686.445,2900
687.038,2899
687.465,2898
688.157,2897
688.691,2894
690.003,2893
693.179,2892
694.347,2891
695.069,2890
697.586,2889
698.886,2888
699.695,2887
703.852,2885
704.548,2884
705.889,2883
708.624,2882
709.039,2881
711.942,2879
727.472,2878
733.749,2876
738.404,2875
740.429,2874
743.3,2873
743.524,2871
745.769,2870
784.666,2868
788.505,2867
789.361,2865
824.305,2862
829.501,2861
832.775,2860
835.624,2859
838.42,2858
838.647,2857
839.707,2856
840.298,2855
840.826,2854
841.332,2852
841.55,2851
845.713,2850
846.383,2849
846.995,2848
847.676,2847
849.735,2846
850.149,2845
852.583,2844
855.1,2843
859.108,2842
882.753,2840
887.546,2839
893.109,2836
902.268,2835
911.576,2834
925.866,2833
955.304,2829
1001.39,2828
1001.79,2827
1002.03,2826
1002.87,2825
1008.35,2823
1011.22,2822
1012.13,2820
1014.05,2819
1021.43,2817
1031.15,2813
1032.84,2812
1042.35,2811
1052.51,2809
1060.96,2807
1062.42,2806
1066.49,2805
1067.47,2804
1068.19,2802
1073.15,2801
1073.35,2800
1077.94,2799
1083.52,2798
1083.96,2797
1104.51,2796
1204.83,2795
1205.03,2793
1209.43,2792
1212.44,2790
1235.34,2789
1236.16,2788
1237.58,2787
1240.17,2785
1252.22,2784
1252.84,2783
1253.65,2780
1257.68,2778
1263.7,2777
1270.68,2773
1284.36,2772
1285.31,2771
1298.51,2770
1298.72,2768
1324.88,2766
1340.92,2765
1341.11,2764
1343.77,2763
1345.76,2761
1351.61,2760
1351.81,2759
1352.46,2756
1361.9,2755
1362.86,2754
1365.99,2753
1367.19,2752
1367.95,2751
1368.62,2750
1375.53,2749
1376.9,2748
1418.94,2746
1467.65,2745
1472.57,2742
1475,2741
1479.23,2740
1483.14,2739
1485.12,2738
1485.32,2736
1485.58,2734
1725.98,2731
1726.43,2730
1740.64,2727
1741.07,2726
1742.36,2725
1749.28,2724
1758.62,2721
1762.58,2720
2025.7,2719
2025.96,2718
2061.39,2716
2066.22,2715
2078.78,2713
2079.24,2712
2079.9,2711
2230.1,2708
2231.39,2707
2300.37,2706
2333.11,2705
2334.39,2704
2334.62,2703
2335.91,2701
2338.98,2700
2339.17,2699
2339.37,2698
2339.58,2697
2340.01,2695
2350.95,2693
2354.03,2692
2358.9,2690
2359.09,2689
2366.72,2688
2387.89,2687
2388.13,2686
2388.35,2685
2388.98,2684
2393.74,2683
2402.79,2682
2410.02,2681
2417.36,2680
2417.59,2679
2419.37,2678
2419.59,2677
2422.69,2676
2424.75,2675
2644.75,2670
2644.94,2669
2668.82,2668
2669.06,2667
2669.66,2666
2674.86,2665
2695.51,2663
2852.89,2662
2854.26,2661
2862.53,2660
2865.06,2659
2942.46,2657
2968,2655
2975.57,2652
2980.05,2651
3143.98,2650
3149.93,2648
3198.86,2647
3200.98,2645
3206.33,2643
3207.49,2642
3403.92,2641
3410.37,2640
3410.92,2639
3416.97,2638
3457.98,2637
3462.22,2635
3466.51,2634
3466.76,2633
3468.54,2632
3495.97,2629
3538.1,2628
3538.95,2627
3604.86,2626
4182.26,2625
4182.71,2624
4183.8,2622
4209.07,2620
4229.88,2619
4483.89,2618
4493.18,2617
4494.42,2616
4494.96,2615
4673.53,2614
4673.94,2613
4689.88,2612
4761.56,2610
4782.59,2609
4782.81,2608
4783.02,2605
5038.33,2604
5039.53,2603
5047.33,2602
5246.32,2601
5260.05,2600
5260.25,2599
5262.63,2596
5265.66,2595
5267.66,2593
5270.58,2592
5270.85,2591
5313.68,2590
6798.62,2589
6809.8,2586
6810.01,2585
6861.9,2583
6995.53,2582
7329.37,2581
7340.08,2580
7346.42,2579
7363.42,2578
8167.15,2576
8378.8,2574
8394.79,2573
8395.44,2572
8402.07,2571
8402.48,2570
8404.68,2569
8404.9,2568
8542.71,2567
8547.25,2566
8551.74,2565
8572.13,2564
8744.9,2563
8746.39,2561
8779.91,2560
8927.55,2559
8929.42,2558
8931.35,2557
8931.56,2556
8945.88,2555
8946.47,2552
8948.4,2551
8973.49,2549
8974.11,2548
8978.54,2546
8980.03,2545
8980.53,2544
9031.65,2543
9041.06,2541
12517.5,2540
12522.6,2539
12527.9,2538
12528.5,2534
12665.9,2531
12688.5,2530
12692.1,2529
12693.1,2528
12736,2527
12736.6,2526
12786.4,2522
13339.3,2521
13352.6,2519
13354.8,2518
13359,2517
13509.4,2516
13509.6,2515
13937.1,2514
13948.3,2513
17044.7,2512
17348.5,2511
17365,2510
19298.8,2509
