0.48073,4940
0.763528,4939
1.00576,4938
1.24347,4937
1.48285,4936
1.73278,4935
1.97515,4934
2.19337,4933
2.42471,4932
2.63529,4931
2.89955,4929
3.11777,4927
3.32229,4926
3.5717,4925
3.79491,4924
4.09136,4923
4.41734,4920
4.69406,4917
4.98181,4915
5.22347,4913
5.4534,4908
5.64752,4907
5.94929,4906
6.19882,4901
6.45645,4895
6.69735,4894
6.93646,4891
7.21798,4889
7.44224,4886
7.65892,4882
8.01148,4879
8.30352,4878
8.56941,4877
8.83098,4874
9.10163,4872
9.36135,4870
9.56766,4865
9.77368,4863
10.0585,4859
10.2714,4856
10.4984,4852
10.73,4851
10.9879,4847
11.2662,4845
11.4697,4844
11.7312,4841
12.0638,4840
12.3463,4834
12.5533,4833
12.8275,4832
13.0523,4830
13.3146,4829
13.5503,4820
13.7559,4819
14.0426,4818
14.3032,4815
14.5192,4811
14.7639,4810
14.9743,4805
15.2068,4803
15.4776,4800
15.7203,4798
16.0374,4795
16.3202,4791
16.5291,4788
16.7601,4784
16.9908,4782
17.1997,4777
17.4359,4776
17.6708,4772
17.8825,4771
18.1471,4763
18.4111,4760
18.6393,4758
18.8804,4757
19.1172,4755
19.4213,4753
19.7071,4749
19.991,4748
20.2582,4744
20.4782,4743
20.7067,4741
20.9201,4738
21.1424,4737
21.3789,4736
21.5965,4735
21.82,4733
22.0257,4731
22.2618,4726
22.5017,4725
22.7022,4724
22.9579,4722
23.2352,4720
23.5294,4718
23.809,4716
24.2225,4713
24.434,4711
24.6419,4710
24.8985,4708
25.1104,4706
25.3181,4705
25.5778,4701
25.8316,4699
26.0892,4697
26.3488,4690
26.5781,4688
26.8962,4686
27.1582,4684
27.4202,4681
27.7373,4678
27.963,4677
28.27,4674
28.4872,4671
28.7249,4667
28.9856,4663
29.2384,4662
29.4924,4661
29.7164,4659
29.9687,4658
30.2091,4655
30.4745,4647
30.8208,4645
31.096,4643
31.3811,4639
31.6722,4633
31.8921,4631
32.1539,4629
32.4092,4628
32.6431,4627
32.9213,4626
33.1638,4625
33.4501,4618
33.7096,4616
33.969,4610
34.2265,4607
34.4909,4606
34.7731,4599
35.092,4598
35.369,4596
35.7393,4590
35.9828,4588
36.2254,4587
36.4663,4586
36.6931,4585
36.9571,4581
37.2689,4577
37.5292,4575
37.7776,4571
38.0267,4569
38.3607,4568
38.6306,4566
38.9452,4565
39.2214,4564
39.5295,4562
39.7532,4561
40.0349,4560
40.2943,4559
40.5429,4558
40.7649,4557
41.0315,4554
41.2694,4553
41.4936,4549
41.8347,4547
42.06,4546
42.2988,4545
42.5774,4539
42.8682,4538
43.1672,4537
43.3972,4531
43.6354,4530
43.8787,4529
44.106,4527
44.5245,4524
44.7332,4523
45.0056,4519
45.2033,4514
45.4116,4513
45.6126,4512
45.8657,4511
46.0841,4510
46.3074,4507
46.5498,4506
46.7466,4501
46.9504,4499
47.196,4498
47.3995,4496
47.6168,4494
47.8485,4491
48.0625,4489
48.333,4486
48.6381,4485
48.893,4484
49.1351,4481
49.3378,4480
49.5537,4478
49.8182,4473
50.0642,4472
50.2611,4471
50.5203,4470
50.731,4468
50.9816,4467
51.2107,4463
51.4354,4460
51.6694,4459
51.8896,4456
52.1493,4452
52.41,4449
52.6761,4448
52.8972,4445
53.1283,4442
53.3384,4438
53.5579,4435
53.8045,4432
54.0222,4430
54.2602,4429
54.5339,4427
54.7359,4422
54.962,4418
55.2033,4416
55.4232,4414
55.6518,4413
55.9517,4411
56.2215,4410
56.5052,4409
56.711,4408
56.9479,4407
57.2034,4404
57.46,4403
57.682,4402
57.9285,4400
58.1366,4399
58.3465,4398
58.5851,4396
58.8541,4395
59.0838,4394
59.3331,4393
59.5469,4391
59.8249,4388
60.1036,4387
60.3214,4385
60.5382,4383
60.7912,4381
61.0112,4380
61.2662,4379
61.5022,4378
61.7762,4377
61.9774,4376
62.1815,4374
62.4307,4372
62.6443,4368
62.8523,4359
63.0764,4358
63.3774,4355
63.6503,4354
63.9326,4352
64.1891,4350
64.4165,4348
64.8433,4346
65.0563,4345
65.3055,4344
65.538,4343
65.78,4341
66.0615,4338
66.2738,4336
66.4821,4334
66.7277,4333
66.9564,4331
67.2192,4330
67.4822,4329
67.7252,4325
67.9465,4324
68.1811,4323
68.4043,4320
68.6247,4317
68.888,4316
69.1213,4315
69.3307,4312
69.6077,4309
69.8151,4308
70.0609,4307
70.3467,4305
70.5788,4302
70.8939,4300
71.1705,4299
71.4059,4298
71.6695,4297
71.913,4296
72.1454,4293
72.4172,4292
72.6213,4291
72.8266,4290
73.0676,4289
73.2834,4288
73.4875,4287
73.7486,4286
73.9555,4285
74.1887,4284
74.4499,4283
74.6739,4282
74.9471,4280
75.1977,4278
75.444,4277
75.6496,4275
75.9124,4273
76.1037,4272
76.3269,4271
76.5604,4266
76.773,4264
76.9745,4260
77.2215,4259
77.4373,4257
77.6396,4254
77.8733,4250
78.0734,4248
78.2867,4246
78.5319,4245
78.7962,4244
79.0347,4242
79.25,4240
79.4473,4237
79.7225,4231
79.9507,4230
80.1775,4228
80.3979,4225
80.6423,4222
80.8457,4221
81.1227,4220
81.3306,4219
81.5362,4218
81.7576,4215
81.9847,4214
82.2202,4212
82.5259,4211
82.7755,4208
83.0315,4207
83.2765,4206
83.4812,4205
83.6877,4204
83.9224,4203
84.1366,4202
84.3679,4201
84.6014,4198
84.9697,4197
85.1937,4196
85.3926,4193
85.6144,4191
85.9097,4190
86.2184,4187
86.5287,4186
86.7944,4185
87.0169,4183
87.3569,4181
87.5595,4180
87.7903,4179
88.0651,4178
88.2966,4176
88.5195,4175
88.7847,4174
89.0232,4173
89.2653,4171
89.5396,4170
89.7699,4169
90.1013,4168
90.3835,4166
90.6885,4165
90.927,4164
91.1908,4163
91.4637,4161
91.7315,4160
92.027,4157
92.2885,4156
92.5844,4155
92.8017,4154
93.0442,4153
93.3268,4152
93.5824,4148
93.8772,4147
94.2144,4146
94.4938,4145
94.7822,4144
95.0076,4142
95.2748,4141
95.5482,4140
95.7701,4139
96.1122,4136
96.3253,4135
96.5852,4134
96.8552,4133
97.0833,4132
97.3109,4131
97.5847,4129
97.845,4128
98.1027,4126
98.34,4125
98.5562,4123
98.8345,4119
99.0747,4118
99.2805,4117
99.5388,4115
99.7427,4114
99.9552,4113
100.202,4109
100.421,4106
100.651,4105
100.894,4103
101.149,4102
101.445,4098
101.686,4097
101.977,4096
102.189,4095
102.398,4092
102.662,4091
102.892,4088
103.12,4087
103.411,4086
103.618,4085
103.876,4084
104.11,4083
104.37,4082
104.595,4081
104.824,4078
105.3,4077
105.55,4076
105.778,4075
106.045,4074
106.254,4073
106.463,4072
106.704,4071
106.903,4070
107.12,4069
107.363,4068
107.576,4066
107.768,4064
107.98,4063
108.196,4061
108.429,4060
108.62,4059
108.895,4058
109.153,4057
109.413,4056
109.693,4055
109.905,4054
110.167,4053
110.407,4051
110.634,4050
110.862,4048
111.095,4046
111.295,4045
111.514,4044
111.703,4043
111.91,4041
112.153,4040
112.355,4039
112.565,4038
112.861,4037
113.086,4036
113.369,4035
113.59,4034
113.796,4030
114.027,4029
114.246,4028
114.464,4027
114.69,4026
114.917,4025
115.136,4024
115.345,4023
115.588,4022
115.792,4021
116.004,4020
116.23,4019
116.457,4018
116.716,4017
116.967,4015
117.211,4014
117.421,4011
117.658,4010
117.857,4009
118.075,4008
118.313,4006
118.525,4004
118.727,4003
119.014,4002
119.254,4001
119.47,3998
119.706,3997
119.939,3996
120.176,3995
120.448,3992
120.707,3991
120.953,3990
121.239,3989
121.462,3988
121.681,3984
121.913,3982
122.161,3980
122.376,3979
122.589,3977
122.794,3976
123.026,3975
123.26,3974
123.492,3972
123.769,3971
124.02,3970
124.356,3968
124.66,3967
124.9,3966
125.376,3964
125.641,3963
125.904,3962
126.128,3960
126.445,3959
126.725,3958
126.953,3956
127.208,3955
127.419,3953
127.625,3952
127.935,3951
128.183,3950
128.479,3949
128.696,3948
128.911,3947
129.135,3946
129.404,3945
129.637,3943
129.912,3941
130.115,3939
130.35,3938
130.572,3937
130.801,3933
131.035,3931
131.301,3929
131.524,3928
131.794,3927
132.076,3926
132.345,3925
132.58,3923
132.806,3922
133.035,3921
133.256,3920
133.501,3919
133.715,3918
133.948,3917
134.223,3916
134.461,3914
134.67,3913
134.876,3912
135.093,3911
135.318,3910
135.596,3909
135.823,3908
136.052,3907
136.276,3906
136.475,3905
136.68,3904
136.882,3903
137.103,3902
137.318,3901
137.546,3900
137.782,3898
137.991,3896
138.203,3895
138.442,3894
138.632,3893
138.846,3891
139.132,3890
139.34,3888
139.586,3887
139.809,3886
140.028,3885
140.245,3884
140.457,3883
140.656,3882
140.887,3881
141.091,3880
141.288,3878
141.537,3877
141.725,3876
141.936,3875
142.185,3874
142.398,3873
142.612,3872
142.923,3871
143.168,3870
143.405,3869
143.652,3867
143.858,3866
144.075,3865
144.335,3864
144.536,3862
144.778,3861
145.007,3860
145.24,3859
145.656,3858
145.852,3857
146.06,3855
146.353,3854
146.618,3853
146.888,3852
147.169,3851
147.412,3850
147.646,3849
147.9,3848
148.196,3845
148.452,3844
148.666,3843
148.899,3842
149.184,3840
149.452,3838
150.481,3837
150.774,3836
151.076,3835
151.314,3833
151.595,3832
151.83,3831
152.047,3830
152.375,3829
152.631,3828
152.88,3827
153.165,3826
153.405,3825
153.719,3824
153.952,3823
154.402,3822
154.713,3821
155.058,3820
155.385,3819
155.738,3818
155.976,3817
156.228,3816
156.475,3815
156.688,3814
156.876,3813
157.15,3812
157.361,3811
157.558,3810
157.797,3809
158.006,3808
158.237,3806
158.513,3804
158.786,3803
159.11,3802
159.313,3801
159.53,3800
159.812,3799
160.003,3798
160.226,3797
160.445,3796
160.666,3795
160.877,3794
161.095,3793
161.31,3792
161.501,3791
161.781,3790
162.046,3789
162.398,3788
162.645,3787
162.932,3786
163.122,3785
163.341,3784
163.548,3783
163.785,3782
163.994,3781
164.213,3780
164.465,3779
164.716,3778
164.919,3777
165.159,3776
165.393,3775
165.624,3772
165.878,3771
166.13,3770
166.398,3769
166.595,3768
166.817,3766
167.04,3765
167.267,3762
168.12,3761
168.325,3760
168.549,3757
169.942,3756
170.186,3755
170.403,3754
170.619,3752
171.008,3748
171.26,3745
172.306,3743
172.982,3742
173.232,3741
173.499,3740
174.441,3738
174.856,3737
175.095,3736
175.324,3734
175.536,3733
175.762,3731
176.177,3730
176.614,3729
176.816,3728
177.04,3726
177.325,3724
177.793,3721
178.491,3720
178.742,3719
178.954,3718
179.212,3716
179.54,3715
179.752,3711
180.02,3710
180.472,3707
181.197,3702
182.33,3701
182.537,3700
183.019,3698
183.256,3696
184.828,3695
185.068,3694
185.344,3693
185.799,3690
186.232,3689
186.683,3688
186.897,3687
187.098,3685
187.551,3684
187.749,3683
187.941,3681
188.955,3680
189.222,3679
189.474,3678
189.675,3677
189.884,3674
190.534,3673
190.779,3672
190.99,3670
191.208,3669
191.575,3665
191.796,3664
192.311,3663
192.546,3661
194.142,3660
194.4,3658
195.241,3657
195.428,3656
195.634,3654
195.875,3652
196.856,3651
197.065,3648
197.507,3647
197.7,3646
198.347,3645
198.545,3642
198.982,3641
199.641,3639
200.344,3638
200.551,3637
200.773,3636
200.975,3635
201.22,3633
202.124,3632
202.662,3631
202.912,3629
204.289,3627
204.566,3626
204.98,3625
205.238,3624
205.438,3623
205.648,3622
205.854,3621
206.118,3620
206.348,3619
206.717,3618
207.01,3617
207.707,3616
208.034,3614
210.136,3613
210.614,3609
212.578,3608
213.102,3607
213.392,3605
213.909,3604
214.369,3603
214.643,3602
215.131,3601
215.428,3600
215.706,3597
215.971,3596
216.619,3595
216.867,3594
217.12,3593
217.585,3592
217.791,3590
219.224,3589
219.561,3588
219.799,3587
220.029,3582
221.149,3580
221.376,3579
221.599,3578
221.834,3575
222.721,3574
223.751,3573
224.663,3572
225.297,3571
225.542,3570
225.735,3569
225.936,3568
226.358,3565
226.849,3564
227.098,3563
227.327,3562
227.551,3560
227.817,3559
228.046,3558
228.945,3557
229.831,3556
230.303,3555
230.625,3554
230.865,3553
231.139,3552
231.35,3551
231.563,3550
231.755,3549
232.107,3548
232.35,3547
232.553,3545
232.759,3544
233.003,3543
233.217,3542
233.417,3541
233.623,3539
234.065,3538
234.376,3535
236.237,3534
236.478,3533
236.904,3532
237.165,3531
237.392,3530
237.9,3529
238.123,3528
238.708,3527
238.888,3526
239.314,3525
239.97,3524
240.197,3523
240.419,3522
240.658,3521
240.879,3520
241.099,3519
241.545,3514
242.316,3511
243.667,3508
244.837,3506
245.604,3505
245.891,3502
248.637,3501
248.834,3499
249.054,3498
249.301,3497
249.543,3496
250.074,3495
250.718,3494
250.929,3490
253.164,3489
253.445,3488
253.687,3487
254.141,3486
254.359,3485
254.555,3484
254.777,3483
254.998,3482
255.201,3481
255.414,3479
256.039,3477
256.266,3476
258.248,3474
258.653,3473
259.109,3470
261.536,3469
262.188,3467
262.395,3466
262.605,3465
262.838,3464
263.041,3463
263.251,3462
263.681,3461
263.897,3460
264.345,3457
265.563,3456
265.769,3455
265.98,3454
266.172,3453
266.595,3452
266.777,3451
267.574,3447
267.811,3445
268.271,3439
269.34,3437
270.243,3436
271.205,3435
271.415,3434
271.68,3432
271.915,3430
272.211,3429
272.726,3428
274.222,3427
274.473,3426
274.754,3425
275.203,3424
275.442,3422
275.654,3419
276.462,3418
276.685,3417
276.895,3416
277.346,3415
277.784,3413
278.026,3412
278.227,3411
278.919,3409
279.145,3408
281.596,3407
281.813,3406
282.032,3405
282.242,3404
282.731,3403
283.284,3402
283.585,3399
283.894,3398
285.041,3396
286.203,3395
288.076,3394
288.941,3393
289.384,3392
289.604,3390
289.807,3389
290.535,3387
291.269,3386
291.964,3384
292.199,3383
292.41,3382
292.827,3381
293.474,3380
294.117,3379
294.571,3378
295.556,3377
295.776,3376
296.045,3374
296.259,3373
296.448,3372
296.885,3371
297.1,3370
297.358,3368
298.205,3367
298.636,3365
299.211,3364
299.627,3363
299.836,3362
300.061,3361
300.299,3358
300.707,3357
302.148,3356
302.648,3355
303.283,3354
303.907,3352
304.179,3351
304.614,3350
304.851,3349
305.059,3348
305.261,3347
305.711,3345
306.2,3344
306.457,3342
307.338,3341
307.76,3340
308.213,3339
308.428,3338
308.667,3336
310.37,3335
312.144,3334
312.358,3333
314.293,3329
316.201,3326
317.09,3324
317.343,3323
317.578,3322
317.77,3321
319.064,3320
319.254,3319
319.703,3318
319.89,3317
320.332,3316
320.818,3315
321.05,3314
321.305,3313
321.545,3312
321.948,3311
322.571,3310
324.024,3308
324.724,3307
325.163,3306
325.594,3305
325.988,3302
326.214,3301
326.804,3300
327.279,3299
327.971,3298
328.227,3297
329.7,3295
331.044,3294
331.299,3293
332.643,3292
332.906,3291
333.134,3290
333.649,3289
334.356,3288
335.16,3287
335.979,3284
337.976,3283
338.23,3281
338.43,3280
338.706,3277
339.856,3275
340.119,3274
341.549,3273
342.465,3272
342.674,3271
342.963,3270
343.942,3269
344.196,3268
346.135,3265
347.69,3263
348.569,3262
348.77,3261
349.407,3260
349.605,3258
350.516,3257
350.945,3255
351.213,3254
352.823,3253
353.005,3252
355.946,3251
356.357,3250
356.557,3249
357.214,3248
357.418,3247
357.642,3246
357.84,3245
358.037,3244
359.026,3243
359.473,3242
359.915,3240
360.09,3239
360.311,3238
360.534,3237
360.734,3236
360.926,3235
362.496,3233
363.414,3232
363.817,3230
367.014,3229
369.349,3227
369.56,3226
371.032,3225
371.932,3221
375.172,3220
375.584,3218
376.625,3216
377.249,3215
377.756,3213
377.993,3212
379.049,3211
379.671,3210
379.877,3209
380.081,3208
380.511,3207
381.146,3206
381.398,3205
381.831,3204
382.484,3202
382.703,3201
383.093,3199
383.539,3196
385.067,3195
385.308,3194
386.633,3192
387.523,3189
388.224,3188
390.418,3187
391.087,3184
391.364,3183
392.105,3182
392.541,3181
393.096,3177
394.266,3176
395.01,3175
395.892,3174
397.38,3173
399.126,3172
400.117,3171
400.637,3170
400.906,3168
401.333,3167
402.661,3164
404.07,3161
405.517,3160
405.744,3159
406.38,3158
408.542,3157
408.763,3156
408.952,3155
409.948,3154
410.174,3153
410.395,3152
410.583,3151
411.233,3149
411.486,3148
412.541,3147
412.735,3146
412.939,3144
413.998,3143
414.436,3142
414.854,3140
415.583,3137
416.495,3135
419.855,3134
420.058,3133
420.267,3132
420.68,3131
423.119,3130
424.008,3129
424.218,3128
424.438,3127
424.657,3126
424.867,3124
425.053,3122
427.637,3121
427.849,3120
428.723,3118
429.349,3117
429.588,3116
430.007,3115
430.23,3114
430.716,3113
430.966,3112
431.644,3111
433.354,3110
433.978,3108
435.39,3107
435.792,3104
437.859,3103
438.372,3102
441.537,3101
442.536,3100
443.763,3099
444.617,3098
444.861,3095
445.488,3094
445.746,3092
447.969,3091
448.466,3090
449.366,3088
450.922,3087
452.118,3086
452.327,3085
453.032,3084
453.266,3083
453.532,3082
455.804,3080
457.111,3079
458.366,3078
459.703,3077
459.961,3076
461.22,3072
465.279,3071
465.5,3069
465.791,3068
466.431,3066
468.32,3065
469.021,3063
478.614,3062
479.279,3059
480.677,3058
481.383,3057
493.123,3055
493.971,3054
494.424,3053
495.085,3052
498.381,3051
501.044,3048
503.823,3047
504.035,3046
504.304,3044
504.953,3043
505.155,3042
507.942,3041
508.827,3040
509.095,3037
509.863,3036
510.096,3035
513.067,3034
515.002,3033
516.364,3032
520.128,3031
520.349,3030
520.584,3029
520.784,3028
520.989,3026
522.896,3024
526.437,3022
526.851,3017
531.478,3016
532.138,3014
532.339,3013
535.115,3012
535.326,3011
536.757,3010
537.264,3009
537.526,3008
539.023,3007
539.677,3006
539.896,3003
541.693,3002
545.214,3000
546.038,2997
548.486,2996
553.451,2995
554.551,2993
555.196,2990
557.242,2989
557.449,2984
558.931,2982
562.433,2981
562.706,2980
563.589,2979
566.241,2977
567.069,2975
569.119,2974
570.298,2973
571.814,2972
572.76,2971
572.977,2970
573.467,2969
576.377,2968
577.904,2967
579.772,2965
585.577,2964
587.008,2963
587.245,2962
587.498,2960
588.129,2958
589.647,2957
594.021,2956
595.146,2955
595.762,2953
596.668,2952
596.968,2947
597.986,2945
605.956,2944
607.861,2943
609.438,2942
609.687,2941
610.637,2940
619.463,2939
619.667,2936
626.151,2935
626.536,2934
628.526,2933
629.005,2931
630.647,2929
631.957,2928
632.151,2927
633.266,2924
633.769,2923
634.991,2921
638.603,2919
645.611,2918
646.75,2917
649.569,2915
650.896,2914
652.605,2913
653.234,2909
654.681,2906
656.07,2904
656.722,2903
672.285,2902
681.616,2901
682.822,2900
683.245,2899
687.993,2897
688.219,2896
691.031,2891
696,2890
696.334,2888
698.746,2886
700.034,2885
719.565,2884
721.28,2883
723.087,2881
728.131,2878
733.71,2876
738.176,2874
738.393,2873
739.501,2870
751.542,2869
751.953,2868
762.602,2866
770.043,2865
771.375,2864
771.596,2863
772.818,2862
773.94,2861
775.572,2860
775.789,2859
775.992,2858
780.161,2857
787.712,2855
790.833,2853
793.95,2852
795.531,2851
798.648,2850
799.41,2849
799.84,2847
801.119,2846
811.212,2845
817.431,2844
818.454,2843
819.983,2841
826.902,2840
837.813,2839
843.053,2838
849.367,2837
850.456,2836
850.666,2833
860.545,2832
861.031,2830
868.662,2829
874.963,2828
882.249,2827
883.057,2822
887.511,2820
887.713,2819
887.895,2817
903.756,2816
906.191,2815
906.411,2814
906.635,2813
906.841,2812
907.049,2810
914.029,2809
914.269,2808
917.376,2807
937.161,2806
954.155,2805
954.343,2803
963.587,2802
971.968,2798
973.353,2797
976.034,2794
977.484,2793
977.703,2792
983.169,2791
990.574,2788
991.069,2787
1011.73,2786
1013.22,2784
1021.02,2783
1022.13,2782
1022.35,2781
1023.27,2780
1024.54,2779
1024.99,2778
1026.83,2776
1031.83,2775
1032.47,2774
1033.11,2773
1035.4,2772
1036.63,2771
1037.03,2770
1045.31,2769
1045.53,2767
1045.74,2766
1122.67,2765
1123.08,2764
1124.3,2763
1129.87,2762
1134.98,2761
1156.46,2760
1157.49,2759
1159.67,2758
1163.72,2757
1167.96,2756
1168.38,2755
1169.01,2754
1169.83,2753
1178.93,2752
1184.73,2750
1189.74,2749
1196.68,2747
1200,2746
1200.41,2745
1200.63,2743
1200.85,2742
1201.07,2741
1205.8,2739
1208.03,2737
1212.64,2734
1386.91,2731
1395.53,2730
1417.26,2729
1417.54,2728
1459.6,2727
1469.89,2726
1472.15,2724
1475.9,2723
1476.17,2721
1481.2,2720
1483.69,2719
1487.06,2718
1487.48,2717
1491.68,2715
1492.93,2714
1493.14,2712
1495.04,2711
1497,2710
1497.2,2708
1681.23,2707
1701.4,2706
1701.62,2705
1732.48,2704
1750.16,2703
1750.36,2702
1751.28,2701
1753.06,2700
1754.73,2699
1760.25,2697
1760.45,2696
1764.2,2695
1766.44,2694
1768.65,2693
1769.06,2692
1809.02,2691
1810.97,2690
1814.49,2689
1822.54,2688
1834.03,2687
1835.67,2686
1835.86,2685
1836.32,2684
1836.5,2683
1839.78,2681
1845.1,2680
2135.66,2679
2135.91,2678
2242.65,2677
2242.86,2674
2245.29,2673
2272.64,2672
2388.79,2670
2657.42,2669
2657.82,2668
2658.21,2666
2660.34,2665
2662.68,2664
2662.88,2663
2663.32,2662
2664.89,2661
2665.71,2660
2667.65,2658
2672.11,2656
2680.04,2655
2680.46,2654
2680.69,2653
2681.35,2651
2721.14,2650
2730.54,2649
2731.65,2648
2734.4,2647
2736.14,2646
2737.67,2645
2763.41,2644
2764.04,2643
2767.29,2642
2775.06,2639
2775.93,2637
2999.58,2636
3026.89,2635
3029.78,2634
3030.17,2633
3032.83,2631
3064.16,2630
3071.49,2626
3368.77,2624
3369.03,2623
3371.13,2622
3407.82,2621
3408.03,2620
3944.12,2618
3954.49,2617
3956.09,2616
3956.31,2615
3956.55,2614
3957.28,2613
3957.54,2612
3965.41,2611
4685.13,2610
4688.32,2609
4689.97,2608
4695.1,2606
4698.14,2604
5321.36,2601
5321.67,2599
5321.93,2598
5363.95,2597
5374.71,2596
5387.69,2595
5390.09,2594
5390.5,2593
5498.81,2592
5503.98,2591
5504.22,2589
5518.92,2588
5519.42,2586
5519.74,2584
5520.55,2582
5839.59,2579
5840.22,2578
5890.05,2577
5906.95,2575
5907.95,2573
5908.34,2572
7287.3,2571
7290.14,2568
7293.52,2567
8056.24,2565
8056.89,2564
8058.75,2563
8066.05,2561
8069.59,2560
8072.83,2559
8076.05,2558
8090.35,2556
8718.34,2555
9751.83,2553
9755.18,2551
10448.5,2550
10456.7,2549
10457.1,2548
10465.2,2547
10465.6,2545
10495.6,2543
10661.9,2541
10665.5,2538
10666.7,2535
10730.1,2532
10730.3,2531
11700.9,2527
17731.8,2526
17734.5,2525
17950,2524
17959.1,2523
17967.7,2522
17995.7,2521
18003.1,2519
18015.1,2518
18020.1,2517
18022.3,2516
18022.8,2515
18023.7,2513
18049.3,2512
18050.4,2510
