0.506462,4940
0.802737,4939
1.06517,4938
1.31313,4937
1.52565,4936
1.80122,4935
2.02677,4934
2.24192,4932
2.47503,4931
2.69053,4930
2.95618,4929
3.16887,4928
3.38283,4926
3.63347,4925
3.87612,4924
4.19419,4923
4.49373,4922
4.78025,4918
5.04536,4916
5.29475,4912
5.5254,4910
5.76977,4909
6.01877,4906
6.26957,4904
6.54962,4902
6.77494,4900
7.02729,4899
7.29235,4896
7.50952,4893
7.76434,4892
8.06709,4890
8.304,4885
8.64225,4884
8.86861,4879
9.12441,4874
9.41742,4869
9.62997,4868
9.83667,4867
10.1006,4866
10.3108,4864
10.528,4863
10.7859,4862
11.0468,4858
11.2797,4857
11.5195,4854
11.7848,4852
12.0967,4849
12.3834,4848
12.5992,4839
12.8503,4837
13.1071,4836
13.3337,4830
13.5851,4829
13.8211,4828
14.0818,4826
14.3335,4825
14.5572,4821
14.7792,4819
14.9923,4816
15.2272,4814
15.4278,4813
15.7453,4812
15.9855,4808
16.3033,4802
16.5202,4798
16.7421,4797
16.9747,4794
17.1977,4788
17.4072,4782
17.6593,4780
17.879,4776
18.112,4775
18.3735,4774
18.6255,4773
18.8554,4769
19.0908,4766
19.3449,4765
19.6411,4760
19.9062,4757
20.1958,4756
20.3948,4755
20.6203,4749
20.8647,4747
21.0791,4745
21.2821,4741
21.5395,4739
21.7509,4738
21.9653,4737
22.2168,4736
22.4245,4733
22.6499,4729
22.9305,4727
23.1489,4720
23.4273,4718
23.7467,4716
24.1546,4715
24.3828,4714
24.606,4713
24.8275,4711
25.0663,4705
25.2886,4704
25.5282,4695
25.7782,4694
26.0467,4693
26.3239,4692
26.546,4689
26.7828,4686
27.1219,4685
27.3815,4684
27.6866,4681
27.969,4679
28.2083,4678
28.4779,4677
28.7167,4675
29.003,4672
29.2583,4671
29.4788,4670
29.7267,4669
29.9523,4665
30.2305,4661
30.4518,4660
30.6855,4659
31.0534,4658
31.3629,4657
31.6725,4651
31.8948,4650
32.1427,4648
32.3915,4647
32.6213,4646
32.8425,4644
33.1653,4641
33.4068,4639
33.6822,4637
33.9369,4636
34.1734,4634
34.4742,4632
34.7214,4631
34.9605,4627
35.3159,4626
35.6433,4625
35.9005,4622
36.1459,4618
36.3864,4616
36.643,4614
36.8588,4613
37.237,4606
37.4908,4605
37.7407,4602
37.9975,4599
38.2935,4596
38.5728,4592
38.9561,4589
39.2237,4588
39.5268,4587
39.7755,4585
40.0109,4584
40.2148,4582
40.4673,4581
40.7372,4580
41.0027,4578
41.2318,4571
41.4612,4570
41.7536,4567
42.0066,4565
42.2398,4564
42.5166,4563
42.8068,4560
43.1122,4559
43.3071,4557
43.5812,4556
43.8081,4554
44.0414,4550
44.4126,4549
44.6681,4542
44.8872,4541
45.1265,4540
45.3488,4539
45.5597,4537
45.7897,4535
46.0096,4530
46.2152,4526
46.4599,4525
46.6711,4523
46.896,4522
47.1447,4521
47.343,4520
47.5509,4519
47.7594,4518
48.0006,4516
48.2371,4504
48.569,4503
48.8226,4502
49.0464,4501
49.2942,4499
49.5115,4498
49.7836,4495
50.0319,4494
50.2315,4491
50.4732,4489
50.6948,4487
50.9525,4484
51.165,4480
51.3753,4477
51.5859,4476
51.8115,4474
52.0618,4473
52.3374,4470
52.566,4468
52.8411,4467
53.0721,4464
53.2908,4463
53.4852,4461
53.7251,4459
53.9638,4458
54.1942,4457
54.4782,4456
54.6913,4454
54.9033,4447
55.1462,4446
55.3572,4444
55.5904,4442
55.8715,4440
56.143,4439
56.3774,4437
56.6736,4435
56.8706,4434
57.1048,4433
57.3407,4432
57.5797,4429
57.7978,4427
58.0312,4426
58.2405,4424
58.469,4422
58.698,4420
58.9819,4417
59.1925,4413
59.4354,4409
59.6951,4407
59.9852,4405
60.2335,4401
60.4437,4400
60.6895,4399
60.9006,4396
61.1334,4395
61.3859,4394
61.6269,4393
61.8829,4392
62.0957,4391
62.3183,4389
62.5589,4388
62.7716,4386
62.9832,4381
63.2507,4378
63.555,4377
63.8363,4375
64.0981,4374
64.3323,4372
64.7701,4371
64.9839,4370
65.1894,4368
65.4347,4365
65.7001,4364
65.977,4362
66.1891,4357
66.3968,4356
66.6083,4354
66.8603,4353
67.089,4347
67.374,4346
67.6136,4339
67.8408,4338
68.1011,4334
68.2997,4331
68.5134,4329
68.7576,4328
69.0261,4327
69.2617,4324
69.504,4321
69.7291,4320
69.9628,4319
70.231,4318
70.4594,4317
70.6869,4316
71.0088,4313
71.2875,4311
71.5502,4309
71.8042,4306
72.0197,4305
72.2402,4304
72.5242,4302
72.7353,4301
72.9402,4300
73.1759,4298
73.3839,4297
73.588,4295
73.8603,4291
74.0767,4290
74.2976,4289
74.5467,4287
74.7864,4284
75.0935,4278
75.3312,4276
75.563,4275
75.7559,4272
76.0165,4271
76.2217,4270
76.4613,4269
76.6878,4268
76.8978,4267
77.1047,4266
77.3324,4264
77.5297,4263
77.7473,4262
77.9727,4261
78.1759,4260
78.3889,4259
78.6784,4258
78.931,4257
79.2013,4255
79.3993,4253
79.6084,4252
79.8579,4251
80.0842,4250
80.3113,4249
80.5495,4247
80.7855,4246
81.0065,4245
81.2469,4244
81.4512,4243
81.6704,4242
81.9014,4241
82.1107,4240
82.3035,4239
82.6273,4237
82.8801,4235
83.1435,4234
83.3599,4232
83.5776,4231
83.7851,4230
84.0261,4229
84.2411,4228
84.4324,4226
84.666,4225
85.0714,4222
85.2917,4221
85.5052,4220
85.7124,4219
86.0073,4214
86.3149,4210
86.6443,4209
86.91,4208
87.1461,4206
87.4441,4205
87.6494,4204
87.9035,4203
88.1574,4202
88.4098,4201
88.6469,4199
88.8945,4197
89.1513,4194
89.3965,4192
89.635,4191
89.8726,4190
90.2371,4189
90.5406,4188
90.7868,4187
91.0452,4186
91.2896,4185
91.6022,4183
91.9111,4181
92.1683,4180
92.422,4179
92.7039,4178
92.9284,4176
93.1862,4174
93.5025,4171
93.7578,4166
94.1112,4165
94.3862,4164
94.6395,4163
94.8822,4161
95.1148,4157
95.4108,4156
95.6817,4155
95.8915,4154
96.2521,4153
96.4557,4151
96.7753,4150
97.0142,4148
97.2283,4147
97.4979,4146
97.7544,4145
98.0161,4144
98.2673,4143
98.495,4141
98.7742,4140
98.9853,4139
99.2223,4138
99.4518,4137
99.6628,4136
99.8817,4135
100.14,4134
100.349,4131
100.576,4130
100.824,4129
101.033,4127
101.341,4126
101.594,4125
101.849,4124
102.114,4123
102.313,4121
102.544,4119
102.829,4118
103.064,4115
103.345,4114
103.544,4113
103.762,4111
104.05,4110
104.317,4109
104.528,4108
104.775,4107
105.143,4106
105.458,4105
105.705,4102
105.99,4101
106.196,4100
106.414,4099
106.623,4098
106.85,4097
107.076,4095
107.28,4093
107.515,4092
107.715,4091
107.928,4088
108.176,4086
108.386,4081
108.593,4080
108.847,4079
109.111,4078
109.377,4077
109.679,4075
109.898,4074
110.099,4072
110.393,4071
110.623,4070
110.835,4069
111.046,4068
111.258,4066
111.462,4065
111.684,4064
111.887,4063
112.127,4062
112.326,4061
112.543,4060
112.806,4055
113.046,4054
113.265,4052
113.555,4050
113.761,4049
113.973,4048
114.202,4047
114.436,4045
114.639,4043
114.865,4042
115.069,4041
115.278,4040
115.511,4036
115.733,4035
115.94,4032
116.129,4028
116.369,4027
116.626,4025
116.934,4024
117.158,4023
117.378,4021
117.627,4019
117.838,4018
118.047,4017
118.273,4016
118.506,4015
118.707,4014
118.944,4013
119.205,4010
119.436,4009
119.652,4008
119.886,4007
120.122,4006
120.392,4003
120.68,4002
120.965,4001
121.23,4000
121.462,3999
121.671,3998
121.919,3997
122.174,3996
122.379,3995
122.616,3993
122.81,3992
123.039,3991
123.27,3990
123.504,3989
123.755,3988
124.034,3987
124.373,3985
124.671,3984
124.918,3983
125.355,3982
125.665,3981
125.895,3980
126.152,3978
126.419,3977
126.74,3976
126.972,3975
127.201,3974
127.411,3973
127.643,3972
127.925,3970
128.188,3969
128.415,3968
128.694,3967
128.904,3966
129.124,3965
129.381,3964
129.582,3962
129.829,3961
130.09,3960
130.328,3959
130.524,3958
130.789,3957
131.004,3956
131.258,3955
131.528,3954
131.795,3953
132.073,3951
132.347,3950
132.579,3949
132.816,3948
133.032,3946
133.264,3944
133.529,3942
133.732,3941
133.954,3936
134.25,3935
134.499,3934
134.701,3933
134.945,3932
135.151,3931
135.348,3930
135.631,3929
135.861,3928
136.087,3927
136.329,3926
136.533,3925
136.738,3924
136.958,3923
137.173,3921
137.39,3919
137.649,3917
137.861,3916
138.06,3915
138.268,3914
138.485,3913
138.697,3912
138.905,3910
139.166,3909
139.41,3908
139.659,3907
139.873,3906
140.121,3905
140.33,3903
140.541,3902
140.751,3899
140.981,3897
141.176,3892
141.378,3890
141.613,3889
141.819,3888
142.022,3887
142.243,3886
142.451,3885
142.677,3884
143.004,3883
143.262,3882
143.473,3881
143.719,3880
143.925,3879
144.141,3878
144.4,3877
144.61,3876
144.883,3875
145.115,3874
145.346,3873
145.693,3872
145.93,3871
146.135,3870
146.409,3869
146.699,3868
146.963,3867
147.265,3866
147.499,3865
147.736,3864
147.992,3863
148.23,3862
148.498,3860
148.706,3858
148.928,3857
149.24,3856
149.512,3855
149.751,3854
150.006,3853
150.262,3852
150.584,3851
150.854,3850
151.19,3849
151.431,3848
151.675,3847
151.914,3846
152.141,3843
152.439,3841
152.69,3840
152.933,3839
153.211,3838
153.44,3837
153.745,3836
153.994,3835
154.466,3834
154.771,3833
155.118,3832
155.493,3831
155.804,3830
156.072,3829
156.276,3828
156.521,3827
156.723,3826
156.937,3825
157.187,3824
157.4,3823
157.605,3822
157.855,3821
158.055,3820
158.333,3819
158.597,3818
158.895,3817
159.18,3816
159.393,3815
159.615,3814
159.862,3813
160.079,3812
160.287,3811
160.545,3810
160.76,3809
160.959,3807
161.19,3806
161.386,3804
161.644,3803
161.873,3802
162.16,3801
162.482,3800
162.798,3798
162.978,3797
163.211,3796
163.413,3795
163.635,3794
163.87,3793
164.105,3792
164.353,3791
164.572,3790
164.796,3789
165.003,3788
165.228,3787
165.443,3786
165.697,3785
165.978,3783
166.214,3782
166.482,3781
166.698,3780
166.903,3779
167.112,3778
167.347,3777
167.564,3776
167.784,3775
167.993,3774
168.187,3773
168.405,3772
168.62,3771
168.829,3770
169.046,3769
169.293,3768
169.51,3767
169.766,3766
170.034,3765
170.267,3764
170.476,3763
170.704,3762
171.08,3761
171.336,3760
171.535,3759
171.744,3758
171.964,3757
172.17,3755
172.398,3754
172.628,3753
172.852,3752
173.067,3751
173.317,3749
173.571,3748
173.83,3747
174.08,3746
174.319,3745
174.549,3744
174.762,3743
174.958,3741
175.198,3740
175.426,3739
175.657,3738
175.859,3737
176.082,3736
176.293,3735
176.528,3734
176.723,3733
176.924,3732
177.174,3730
177.437,3728
177.677,3727
177.939,3726
178.174,3725
178.379,3724
178.612,3723
178.856,3722
179.072,3720
179.354,3719
179.65,3718
180.119,3717
180.352,3716
180.566,3715
180.815,3714
181.092,3713
181.323,3712
181.593,3711
181.799,3710
181.999,3709
182.237,3708
182.44,3707
182.642,3706
182.896,3703
183.768,3702
184.027,3701
184.231,3700
184.425,3699
184.732,3698
185.188,3697
185.449,3696
185.654,3694
186.129,3693
186.336,3690
186.982,3686
188.099,3684
188.828,3682
189.105,3681
190.609,3680
190.861,3679
191.075,3678
191.287,3677
191.705,3676
191.915,3674
192.205,3673
192.44,3672
192.664,3671
192.965,3670
193.181,3668
193.396,3666
194.904,3665
195.14,3664
195.346,3663
195.529,3662
195.734,3661
196.029,3660
196.247,3659
196.493,3658
196.745,3657
196.953,3656
197.153,3655
197.385,3653
197.586,3652
197.777,3651
198.225,3650
198.63,3649
198.841,3648
199.062,3647
199.511,3646
200.23,3645
200.474,3643
200.884,3642
201.091,3641
201.532,3640
201.749,3639
201.996,3638
202.218,3637
202.495,3636
202.743,3635
203.55,3634
203.827,3633
204.127,3632
204.616,3630
204.825,3629
205.274,3627
205.48,3625
205.885,3624
206.158,3623
206.381,3621
207.358,3620
208.033,3619
208.318,3617
208.61,3616
208.888,3615
209.168,3614
209.677,3613
209.919,3612
210.155,3611
210.406,3610
210.631,3608
211.368,3607
211.636,3606
212.105,3605
212.599,3604
212.828,3603
213.098,3602
213.388,3601
213.634,3600
213.955,3599
214.161,3598
214.38,3597
214.658,3596
214.897,3595
215.165,3592
215.475,3591
215.74,3590
216.013,3589
216.207,3588
216.437,3587
216.894,3586
217.834,3585
218.039,3584
218.276,3582
218.758,3581
219.032,3580
219.602,3577
219.849,3576
220.751,3573
221.173,3572
221.414,3570
221.859,3567
223.106,3566
223.825,3564
224.964,3562
225.599,3561
225.817,3560
226.259,3558
226.967,3557
227.472,3555
227.95,3554
228.171,3553
228.436,3552
228.638,3549
228.85,3547
229.315,3546
229.528,3544
229.982,3542
231.511,3540
231.72,3539
231.928,3537
232.936,3536
233.797,3535
234.523,3534
234.764,3530
235.007,3529
236.353,3528
236.612,3527
237.273,3525
237.719,3524
238.006,3523
238.26,3522
238.467,3521
238.785,3520
238.989,3518
239.233,3516
240.743,3513
241.617,3512
241.854,3511
242.37,3510
242.595,3509
242.811,3507
243.726,3506
244.025,3503
245.206,3502
245.417,3501
246.072,3497
247.383,3496
247.597,3495
247.858,3494
248.068,3493
248.518,3492
248.939,3490
249.184,3489
249.406,3487
249.676,3486
249.95,3484
251.28,3483
251.714,3479
252.835,3478
253.578,3477
253.796,3476
254.256,3475
254.47,3474
254.685,3473
255.546,3472
255.969,3471
256.2,3470
256.404,3469
256.607,3467
256.805,3466
257.08,3465
257.496,3464
257.943,3463
258.138,3462
258.397,3461
258.589,3459
259.05,3458
259.693,3456
259.892,3455
260.099,3453
260.982,3452
261.476,3451
262.12,3450
262.33,3448
262.536,3447
262.738,3446
263.823,3445
264.033,3440
265.266,3439
265.902,3438
266.104,3437
266.326,3436
266.949,3435
267.215,3434
267.877,3431
269.656,3430
269.917,3429
270.36,3428
270.596,3427
270.835,3426
272.034,3423
273.084,3422
273.515,3421
273.762,3420
274.573,3418
275.321,3417
275.538,3416
275.821,3415
276.038,3414
276.289,3413
276.558,3412
276.976,3411
277.214,3410
277.432,3409
277.645,3408
278.344,3406
279.455,3405
279.736,3404
280.762,3403
281.504,3402
282.139,3400
282.844,3398
283.397,3396
284.784,3395
284.981,3394
285.494,3392
285.694,3391
286.148,3390
286.349,3389
286.533,3388
287.508,3386
288.025,3385
288.692,3382
289.788,3381
290.519,3380
290.771,3378
292.624,3377
293.05,3376
293.263,3374
293.489,3373
294.1,3372
294.571,3370
295.031,3364
296.234,3363
297.548,3361
297.749,3360
298.427,3359
299.239,3358
300.768,3355
301.01,3352
301.453,3351
303.749,3350
303.954,3349
304.915,3347
305.534,3346
305.75,3345
306.233,3343
306.688,3341
306.91,3340
307.145,3339
308.243,3338
308.454,3337
308.646,3336
309.107,3335
309.352,3334
310.147,3333
310.387,3332
310.594,3330
311.683,3328
311.93,3327
312.15,3325
313.605,3324
314.733,3323
314.982,3322
315.384,3321
315.563,3320
315.792,3318
315.999,3317
316.193,3316
316.407,3314
317.108,3313
317.366,3311
318.424,3310
318.85,3309
319.703,3308
320.346,3306
321.724,3305
321.947,3304
322.145,3303
322.376,3302
322.603,3301
323.6,3300
324.037,3297
324.496,3293
325.864,3291
328.362,3289
331.44,3288
332.767,3287
333.766,3284
334.765,3283
336.359,3282
336.687,3281
336.934,3279
337.156,3278
337.448,3277
340.462,3275
341.189,3274
341.391,3272
341.597,3271
341.819,3270
342.088,3268
342.313,3267
343.051,3266
343.524,3265
344.497,3264
345.593,3263
345.826,3262
346.035,3261
346.246,3260
346.873,3259
347.08,3258
347.313,3257
347.566,3255
347.793,3254
348.848,3253
351.043,3252
352.076,3251
352.31,3250
352.721,3249
352.946,3248
353.364,3247
353.586,3246
354.18,3245
354.423,3244
355.604,3243
356.739,3242
357.586,3240
358.005,3235
358.694,3234
359.224,3233
359.467,3231
359.89,3230
360.098,3229
360.511,3226
362.681,3225
363.154,3224
364.051,3223
364.363,3222
364.563,3221
364.792,3220
365.038,3219
366.432,3218
366.675,3216
367.691,3215
368.17,3214
368.868,3213
369.085,3212
370.539,3210
370.805,3209
371.465,3208
371.723,3207
372.807,3206
373.256,3205
373.46,3204
373.927,3203
374.225,3202
375.574,3201
376.187,3200
378.861,3199
379.047,3197
379.282,3196
380.725,3195
382.522,3193
384.625,3192
385.123,3191
389.557,3190
389.828,3189
390.295,3186
393.639,3185
393.9,3184
394.397,3183
395.476,3182
395.754,3181
396.344,3180
396.646,3179
398.725,3178
398.919,3176
401.809,3175
402.264,3173
402.446,3172
403.093,3171
403.974,3170
404.58,3166
405.484,3165
407.192,3164
408.949,3163
410.598,3162
411.287,3161
412.082,3160
413.42,3159
413.628,3158
414.068,3157
415.108,3155
415.32,3154
415.607,3153
416.097,3152
416.511,3150
419.617,3149
419.878,3148
420.081,3147
420.269,3146
420.489,3143
422.238,3142
422.449,3139
425.741,3136
425.974,3134
427.863,3133
428.3,3132
429.158,3128
431.255,3127
431.896,3126
432.942,3125
433.354,3124
434.409,3123
434.705,3122
434.999,3121
435.424,3120
435.615,3118
437.057,3115
437.278,3114
440.118,3112
440.54,3111
440.944,3107
442.583,3105
445.293,3104
447.31,3103
447.983,3102
449.953,3101
451.432,3099
452.35,3097
453.041,3096
453.529,3093
455.167,3092
455.59,3091
456.726,3090
459.154,3089
459.769,3088
460.226,3085
461.088,3084
461.274,3083
466.509,3082
466.716,3081
466.903,3079
467.11,3076
473.524,3073
474.349,3072
476.93,3071
477.172,3070
478.649,3069
479.087,3068
480.91,3065
482.618,3064
485.94,3063
491.142,3062
492.999,3061
493.214,3060
495.445,3059
496.316,3058
498.834,3057
499.024,3056
500.831,3055
501.271,3054
502.955,3053
503.277,3051
504.978,3050
505.376,3049
505.58,3048
512.902,3047
513.14,3045
515.389,3044
515.61,3042
520.442,3041
520.676,3040
521.082,3039
521.512,3038
523.949,3037
524.221,3036
524.64,3035
527.386,3034
527.593,3033
528.228,3032
530.683,3030
530.864,3028
535.348,3027
535.774,3026
536.309,3025
536.562,3024
536.981,3023
537.24,3022
537.49,3021
537.701,3019
538.326,3018
543.075,3017
543.292,3016
543.717,3014
545.95,3013
547.02,3010
549.18,3009
553.918,3008
556.769,3006
557.821,3004
558.021,3003
561.322,3002
564.466,3001
565.692,3000
570.053,2999
570.746,2998
570.989,2996
571.313,2991
571.558,2990
585.547,2989
586.676,2985
588.265,2984
588.47,2982
588.665,2981
592.991,2980
594.986,2977
595.231,2975
598.074,2974
601.03,2972
601.275,2971
601.526,2970
602.913,2969
603.137,2967
603.349,2966
603.582,2962
609.818,2960
616.802,2959
617.243,2957
618.092,2956
618.295,2952
618.496,2951
620.249,2948
629.267,2946
633.509,2945
633.737,2944
633.97,2942
634.9,2941
635.989,2939
637.983,2938
638.563,2936
646.121,2935
647.322,2934
648.359,2932
648.996,2930
654.813,2929
655.099,2927
655.314,2926
671.095,2924
674.757,2923
675.815,2922
676.211,2921
676.982,2920
677.462,2919
677.666,2915
680.17,2914
680.417,2911
684.758,2910
684.966,2909
686.239,2908
688.148,2907
690.477,2906
705.486,2905
705.718,2904
710.873,2903
711.093,2902
711.298,2900
720.258,2897
725.867,2896
726.308,2895
727.147,2894
727.534,2893
727.77,2892
727.959,2891
730.277,2890
730.505,2888
733.18,2887
734.934,2884
735.763,2882
744.889,2880
745.307,2879
751.655,2878
753.317,2877
754.007,2875
755.231,2874
755.9,2873
759.419,2872
765.849,2870
766.904,2868
772.047,2865
779.697,2864
785.039,2863
787.462,2862
787.729,2861
793.135,2860
794.177,2857
808.994,2856
811.084,2855
811.569,2854
813.38,2853
813.805,2851
816.622,2850
816.863,2849
817.085,2848
817.289,2847
819.725,2846
823.084,2844
826.577,2843
830.31,2842
830.502,2841
830.772,2839
831.209,2836
848.037,2835
848.566,2834
848.818,2833
849.406,2832
849.817,2831
850.037,2830
850.257,2829
861.122,2828
863.577,2825
865.527,2824
865.747,2823
868.975,2822
873.789,2821
875.349,2819
878.022,2818
879.961,2817
880.178,2815
898.564,2813
906.892,2812
907.085,2811
915.557,2810
918.185,2809
945.368,2808
948.822,2807
949.688,2806
949.892,2805
950.764,2803
954.272,2801
963.55,2800
965.626,2798
969.844,2797
974.725,2795
1035.42,2794
1035.71,2793
1043.65,2792
1046.69,2791
1046.89,2790
1054.84,2789
1056.38,2788
1056.67,2787
1111.29,2786
1112.72,2785
1112.94,2783
1116.83,2782
1119.5,2781
1121.9,2779
1131,2778
1153.75,2777
1214.09,2776
1215.93,2774
1220.57,2773
1275.72,2772
1276.9,2769
1281.95,2768
1296.59,2767
1307.26,2765
1332.03,2764
1334.9,2763
1335.54,2762
1355.96,2761
1357.94,2760
1364.83,2759
1365.14,2758
1367.4,2757
1369.26,2756
1370.41,2755
1371.22,2754
1414.07,2753
1418.49,2752
1462.93,2751
1465.25,2750
1465.45,2749
1467.55,2748
1467.95,2747
1515.83,2745
1517.18,2743
1522.83,2741
1524.66,2740
1529.21,2739
1537.14,2738
1538.32,2735
1545.03,2734
1545.24,2733
1547.5,2732
1547.8,2731
1590.55,2730
1591.01,2729
1598.18,2726
1608.05,2725
1608.25,2724
1609.99,2723
1610.4,2722
1612.59,2721
1613.7,2720
1615.16,2719
1748.76,2718
1782.08,2717
1787.79,2716
1788.02,2715
1821.34,2714
1824.26,2713
1954.05,2711
1961.4,2710
1963.75,2709
1964.24,2708
1973.89,2705
1979.19,2704
2130.84,2703
2135.94,2702
2137.01,2701
2137.52,2700
2148.26,2699
2152.77,2698
2191.39,2696
2205.72,2695
2269.35,2694
2269.6,2693
2274.34,2692
2274.94,2689
2294.83,2688
2295.03,2687
2295.85,2686
2296.96,2685
2299.19,2684
2345.46,2682
2691.38,2681
2695.25,2680
2706.14,2679
2706.39,2677
2717.03,2676
2717.46,2673
2797.28,2672
2804.6,2671
2806.74,2670
2812.25,2669
2812.45,2668
2837.23,2665
2845.56,2664
2848.53,2663
2959.16,2660
3013.14,2657
3016.85,2656
3023.36,2654
3023.63,2653
3027.17,2652
3028.97,2651
3081.25,2650
3111.81,2649
3113.37,2648
3127.61,2647
3210.27,2645
3246.97,2644
3248.3,2642
3415.37,2641
3415.98,2639
3417.23,2638
3418.41,2637
3419.92,2636
3431.09,2635
3495.73,2634
3542.02,2633
3546.58,2632
3549.03,2631
3550.37,2630
3618.81,2629
3626.48,2628
3630.84,2627
3631.31,2626
3645.74,2623
3646.28,2622
3693.73,2620
3694.84,2619
3700.32,2618
3700.85,2617
3701.25,2616
4219.89,2615
4220.92,2614
4236.62,2613
4238.61,2612
4238.8,2611
4240.8,2610
4240.99,2609
4242.02,2608
4245.01,2607
4265.67,2606
4274.61,2603
4278.63,2602
4320.01,2601
4320.26,2600
4480.69,2599
4483.17,2597
4485.51,2596
4494.1,2594
4497.93,2593
4498.86,2592
4506.65,2589
5508.21,2588
5509.81,2587
5517.34,2586
5517.75,2584
5544,2583
5549.19,2582
5549.39,2581
5594.61,2580
5598.05,2579
6305.6,2578
6306.03,2577
6308.38,2574
6313.58,2573
6351.46,2572
6356.07,2571
6480.57,2570
6515.39,2569
6515.98,2568
6524.19,2567
6607.3,2566
6610.42,2564
6610.62,2563
6614.34,2562
6617.76,2561
6699.64,2560
6711.22,2559
6801.66,2555
6801.83,2554
6820.49,2553
6846.54,2552
8150.27,2551
8161.76,2550
8162.39,2548
8162.61,2546
8167.23,2544
8196.56,2543
8196.95,2542
8201.17,2539
8212.03,2538
8217.82,2537
8218.4,2536
8357,2535
8598.64,2534
8599.25,2532
8865.19,2531
8865.96,2530
8866.59,2528
10808.9,2527
11252.8,2524
11303.7,2521
11304.4,2520
11384.6,2519
11437.5,2517
11441.3,2516
11448.8,2514
11459.2,2512
11459.4,2511
11505.8,2510
11506.7,2509
16525.8,2508
16526,2507
16527.8,2506
16545.4,2505
16551.3,2504
16555.6,2502
16567.2,2501
16568.2,2497
