0.529948,4940
0.797706,4939
1.04713,4938
1.30151,4937
1.52343,4936
1.77831,4935
2.06382,4934
2.29851,4933
2.50939,4932
2.71939,4931
2.96923,4929
3.17847,4927
3.42963,4925
3.69804,4924
3.94004,4923
4.20988,4918
4.52583,4917
4.77354,4916
5.05652,4915
5.32926,4911
5.56075,4908
5.825,4906
6.07814,4905
6.30738,4901
6.5952,4899
6.81654,4898
7.10042,4897
7.32285,4896
7.56216,4895
7.75628,4892
8.10683,4890
8.38958,4888
8.68638,4887
8.92695,4879
9.17788,4878
9.43994,4877
9.64587,4875
9.89187,4871
10.1542,4869
10.3695,4863
10.5918,4862
10.8338,4860
11.0678,4857
11.3603,4854
11.5685,4852
11.8258,4846
12.152,4844
12.4348,4842
12.6517,4839
12.9123,4838
13.1628,4834
13.3928,4831
13.6231,4824
13.8533,4823
14.0961,4822
14.3861,4820
14.5933,4814
14.7882,4811
15.0517,4809
15.2678,4808
15.4785,4806
15.7845,4804
16.0821,4802
16.3651,4801
16.594,4798
16.8074,4795
17.0653,4790
17.2767,4787
17.5012,4785
17.7568,4780
17.9621,4779
18.2106,4777
18.4849,4772
18.7177,4771
18.9277,4766
19.1692,4765
19.5234,4764
19.7799,4762
20.0187,4761
20.3012,4760
20.507,4757
20.7247,4756
20.9679,4754
21.1846,4748
21.3804,4747
21.6317,4745
21.8431,4742
22.052,4741
22.3004,4730
22.5073,4729
22.7337,4728
23.0239,4724
23.241,4719
23.5759,4716
23.8499,4714
24.2874,4712
24.4865,4710
24.7099,4709
24.9534,4706
25.1751,4703
25.3987,4699
25.5708,4693
25.8936,4692
26.1543,4691
26.4191,4688
26.6464,4686
26.8727,4685
27.2101,4681
27.4825,4677
27.7726,4671
28.0477,4669
28.31,4663
28.5674,4661
28.8106,4660
29.0532,4659
29.3105,4657
29.5475,4656
29.78,4654
30.0053,4651
30.2632,4649
30.5038,4648
30.7341,4643
31.097,4642
31.3921,4641
31.6786,4638
31.9345,4636
32.1616,4629
32.446,4625
32.669,4622
32.9101,4621
33.2014,4620
33.4791,4617
33.7571,4615
33.9718,4613
34.2601,4610
34.5183,4603
34.7831,4601
35.114,4597
35.4492,4596
35.7944,4592
36.0542,4588
36.2869,4587
36.543,4586
36.7673,4583
37.055,4582
37.3521,4581
37.6387,4579
37.8765,4578
38.1382,4576
38.4623,4572
38.7195,4571
39.0247,4568
39.311,4564
39.5722,4563
39.8313,4562
40.0708,4559
40.3161,4557
40.617,4556
40.812,4555
41.0858,4554
41.352,4550
41.5802,4545
41.8683,4542
42.1469,4541
42.3539,4538
42.6341,4537
42.9349,4536
43.2267,4534
43.4573,4532
43.6883,4531
43.9319,4530
44.1635,4528
44.4964,4527
44.7564,4525
44.9681,4524
45.2071,4523
45.4134,4522
45.6411,4519
45.8634,4518
46.0773,4517
46.2752,4515
46.5298,4514
46.7386,4513
46.9528,4509
47.1696,4508
47.3919,4504
47.5992,4503
47.8201,4501
48.0413,4500
48.3021,4497
48.6295,4496
48.8828,4495
49.1079,4490
49.3529,4486
49.5902,4484
49.829,4483
50.1032,4482
50.3134,4479
50.5369,4477
50.7462,4476
50.9739,4475
51.2255,4468
51.4454,4467
51.6696,4463
51.881,4462
52.1552,4461
52.421,4460
52.6519,4457
52.8889,4456
53.1422,4455
53.3461,4452
53.5539,4450
53.7715,4449
54.0425,4446
54.2477,4445
54.5369,4442
54.7337,4440
54.9537,4439
55.1715,4435
55.4203,4430
55.6277,4429
55.9463,4428
56.2247,4426
56.4845,4425
56.7106,4424
56.9227,4423
57.1772,4422
57.4315,4421
57.6603,4420
57.8685,4418
58.1252,4416
58.3336,4414
58.5523,4413
58.7936,4411
59.0278,4410
59.2656,4409
59.5071,4407
59.7677,4402
60.0229,4401
60.2761,4400
60.5037,4399
60.6972,4396
60.9563,4393
61.168,4392
61.4308,4389
61.6906,4387
61.9448,4384
62.1578,4382
62.3726,4381
62.6282,4379
62.8332,4378
63.0492,4375
63.1997,4373
63.5554,4372
63.8112,4368
64.0998,4367
64.3532,4366
64.7806,4360
64.9807,4358
65.2132,4357
65.4402,4356
65.6949,4355
65.9258,4354
66.1754,4352
66.4008,4350
66.6223,4348
66.8503,4343
67.0416,4341
67.3304,4340
67.6206,4338
67.858,4337
68.0765,4336
68.3238,4332
68.5333,4331
68.7965,4328
69.055,4327
69.2798,4326
69.4709,4325
69.7197,4322
69.9499,4321
70.2079,4319
70.4677,4313
70.6794,4311
70.9144,4309
71.231,4308
71.5018,4307
71.7955,4305
72.0092,4302
72.2273,4301
72.5078,4300
72.7064,4298
72.9016,4297
73.1438,4296
73.362,4295
73.5673,4293
73.7908,4292
74.0375,4290
74.2765,4288
74.5559,4287
74.757,4286
75.0252,4281
75.2768,4279
75.5454,4278
75.7582,4276
75.9927,4275
76.209,4274
76.408,4271
76.6536,4270
76.879,4268
77.0916,4267
77.3102,4266
77.5228,4260
77.7125,4259
77.9473,4258
78.1788,4256
78.3971,4254
78.6042,4252
78.8753,4250
79.1212,4249
79.3669,4247
79.578,4244
79.8329,4243
80.0597,4241
80.2762,4239
80.5232,4237
80.7753,4236
80.9866,4234
81.2385,4229
81.4467,4228
81.6446,4227
81.8962,4225
82.1142,4223
82.3496,4218
82.661,4217
82.9046,4216
83.162,4213
83.4023,4212
83.6301,4211
83.8268,4210
84.0628,4209
84.2678,4208
84.4765,4207
84.7095,4206
85.0234,4204
85.3214,4201
85.5274,4200
85.7332,4197
86.0311,4196
86.3687,4195
86.6495,4192
86.9176,4191
87.1358,4190
87.3833,4189
87.5877,4183
87.8174,4178
88.0993,4174
88.3187,4173
88.5547,4172
88.8054,4171
89.0749,4170
89.3204,4167
89.5729,4165
89.8081,4164
90.1179,4163
90.4122,4160
90.7224,4158
90.9486,4157
91.221,4156
91.4904,4154
91.7563,4152
92.0605,4150
92.2973,4148
92.549,4145
92.8222,4142
93.0738,4140
93.3853,4139
93.634,4138
93.9366,4137
94.2585,4136
94.5282,4135
94.8334,4134
95.0717,4133
95.3228,4131
95.6355,4128
95.8631,4127
96.1836,4126
96.4055,4125
96.6677,4123
96.9414,4122
97.1727,4121
97.3983,4120
97.6815,4119
97.9301,4117
98.2051,4114
98.4352,4111
98.6641,4106
98.936,4104
99.187,4103
99.4104,4102
99.6423,4101
99.8501,4100
100.048,4098
100.302,4095
100.524,4094
100.732,4093
100.988,4092
101.263,4091
101.542,4090
101.773,4088
101.973,4087
102.257,4086
102.44,4085
102.672,4084
102.941,4083
103.171,4080
103.441,4079
103.647,4077
103.9,4076
104.14,4075
104.413,4074
104.641,4071
104.862,4070
105.319,4069
105.61,4067
105.834,4066
106.124,4065
106.328,4064
106.543,4062
106.765,4061
106.976,4060
107.206,4058
107.412,4057
107.642,4053
107.847,4052
108.032,4051
108.305,4048
108.514,4046
108.722,4044
108.966,4042
109.239,4041
109.485,4038
109.762,4037
109.964,4035
110.242,4032
110.495,4031
110.715,4030
110.966,4029
111.187,4028
111.386,4026
111.606,4025
111.804,4022
112.006,4021
112.235,4020
112.438,4019
112.66,4018
112.935,4016
113.17,4015
113.413,4013
113.649,4010
113.854,4009
114.059,4008
114.307,4007
114.51,4006
114.715,4005
114.949,4004
115.16,4003
115.365,4002
115.599,4001
115.81,4000
116.019,3999
116.224,3998
116.457,3997
116.718,3994
117.022,3993
117.234,3992
117.454,3991
117.658,3990
117.914,3989
118.135,3988
118.355,3986
118.583,3984
118.784,3982
119.025,3980
119.26,3977
119.491,3976
119.706,3975
119.919,3973
120.166,3972
120.511,3971
120.752,3970
121.015,3969
121.285,3968
121.498,3967
121.717,3966
121.938,3965
122.19,3964
122.41,3962
122.636,3961
122.84,3960
123.075,3959
123.299,3958
123.562,3957
123.82,3956
124.067,3955
124.417,3954
124.699,3953
124.96,3952
125.293,3951
125.701,3950
125.928,3949
126.173,3946
126.447,3944
126.726,3943
126.98,3942
127.251,3940
127.45,3939
127.683,3938
127.964,3937
128.236,3936
128.468,3934
128.725,3933
128.963,3932
129.162,3930
129.448,3929
129.66,3928
129.895,3926
130.143,3924
130.359,3923
130.598,3922
130.851,3921
131.083,3920
131.311,3919
131.555,3918
131.802,3917
132.088,3916
132.355,3914
132.61,3913
132.831,3912
133.056,3911
133.308,3910
133.552,3909
133.756,3908
133.975,3907
134.244,3906
134.472,3905
134.694,3904
134.952,3903
135.148,3902
135.354,3900
135.655,3899
135.886,3898
136.141,3897
136.377,3896
136.576,3895
136.782,3894
137.022,3893
137.226,3892
137.424,3891
137.654,3890
137.887,3889
138.107,3888
138.311,3887
138.564,3886
138.765,3885
138.974,3884
139.263,3883
139.508,3882
139.708,3880
139.961,3879
140.181,3878
140.392,3877
140.601,3875
140.843,3874
141.032,3873
141.242,3872
141.462,3871
141.69,3870
141.897,3869
142.102,3867
142.351,3865
142.553,3864
142.782,3861
143.121,3859
143.363,3857
143.627,3856
143.845,3855
144.058,3854
144.253,3853
144.527,3852
144.741,3851
144.959,3850
145.212,3848
145.45,3846
145.846,3845
146.043,3844
146.245,3843
146.529,3842
146.821,3841
147.104,3840
147.367,3839
147.604,3838
147.867,3837
148.12,3836
148.372,3835
148.636,3834
148.844,3833
149.088,3832
149.359,3831
149.633,3830
149.879,3829
150.142,3828
150.407,3827
150.686,3825
150.975,3824
151.295,3823
151.555,3822
151.797,3821
152.014,3820
152.253,3819
152.563,3818
152.798,3817
153.098,3816
153.335,3815
153.567,3814
153.87,3813
154.1,3812
154.54,3811
154.864,3810
155.306,3809
155.577,3808
155.875,3807
156.152,3806
156.4,3805
156.615,3804
156.824,3803
157.056,3802
157.285,3801
157.498,3800
157.684,3799
157.926,3798
158.134,3797
158.424,3796
158.71,3795
159.008,3794
159.276,3793
159.486,3792
159.704,3791
159.96,3790
160.184,3789
160.392,3788
160.631,3787
160.848,3786
161.052,3785
161.25,3784
161.481,3783
161.722,3782
161.942,3781
162.235,3780
162.536,3779
162.816,3778
163.091,3777
163.299,3776
163.506,3775
163.716,3774
163.971,3773
164.191,3772
164.467,3770
164.663,3769
164.889,3768
165.132,3767
165.348,3766
165.551,3765
165.782,3764
166.071,3762
166.307,3761
166.563,3760
166.784,3759
166.987,3758
167.219,3757
167.424,3756
167.641,3755
167.842,3754
168.069,3753
168.271,3751
168.466,3750
168.695,3749
168.891,3748
169.12,3747
169.363,3746
169.571,3745
169.828,3744
170.095,3743
170.332,3742
170.561,3741
170.781,3740
171.134,3739
171.391,3738
171.599,3737
171.799,3736
172.019,3735
172.225,3734
172.485,3733
172.682,3732
172.897,3731
173.118,3730
173.343,3729
173.626,3728
173.882,3727
174.134,3726
174.374,3725
174.61,3724
174.814,3723
175.023,3722
175.221,3721
175.45,3720
175.667,3719
175.899,3718
176.108,3717
176.313,3716
176.504,3714
176.744,3713
176.935,3712
177.168,3711
177.44,3710
177.687,3709
177.961,3708
178.194,3707
178.406,3706
178.605,3705
178.848,3704
179.095,3703
179.378,3702
179.695,3701
179.906,3699
180.119,3698
180.356,3697
180.564,3696
180.8,3695
181.025,3694
181.289,3693
181.559,3692
181.779,3691
181.982,3690
182.162,3689
182.416,3688
182.622,3687
182.879,3686
183.101,3685
183.331,3684
183.543,3683
183.757,3682
184.026,3681
184.223,3680
184.426,3679
184.704,3678
184.944,3677
185.18,3676
185.446,3675
185.659,3674
185.872,3673
186.128,3672
186.327,3671
186.535,3670
186.767,3669
186.968,3668
187.181,3667
187.408,3666
187.622,3665
187.822,3663
188.05,3662
188.28,3661
188.538,3660
188.805,3659
189.062,3658
189.299,3657
189.488,3656
189.719,3655
189.914,3654
190.118,3653
190.354,3652
190.564,3651
190.782,3650
191.015,3649
191.231,3648
191.85,3647
192.045,3643
193.523,3637
195.056,3636
195.7,3635
195.901,3634
196.195,3633
196.44,3632
196.726,3631
196.921,3628
198.39,3627
199.475,3624
199.668,3622
199.94,3621
200.179,3620
200.656,3619
201.058,3616
201.315,3614
201.727,3613
202.956,3612
203.239,3611
203.553,3610
204.089,3609
204.348,3607
205.052,3605
205.289,3604
205.918,3603
206.188,3602
206.41,3599
207.35,3597
207.661,3596
207.978,3595
208.265,3594
208.8,3591
209.405,3589
210.123,3588
210.807,3587
211.025,3586
211.284,3585
211.572,3583
212.294,3581
212.5,3579
212.76,3578
212.991,3577
214.551,3575
215.038,3574
215.295,3573
216.315,3571
216.525,3569
216.788,3568
217.018,3566
217.223,3565
218.095,3563
218.788,3562
219.331,3561
219.648,3560
219.898,3559
220.125,3558
220.374,3556
220.589,3555
220.829,3552
221.25,3550
221.481,3548
221.72,3547
221.955,3546
222.91,3544
224.349,3543
224.559,3542
225.025,3541
225.228,3540
225.437,3539
225.859,3538
226.057,3537
226.737,3536
227.006,3535
227.252,3534
227.504,3533
227.693,3531
227.995,3530
228.222,3528
228.49,3527
228.675,3525
228.887,3524
229.344,3520
229.558,3519
231.516,3518
231.968,3517
233.618,3516
234.045,3515
234.281,3514
234.577,3513
234.817,3512
235.043,3511
235.279,3509
235.507,3506
236.645,3504
237.05,3502
237.757,3500
238.247,3499
238.543,3498
239.677,3497
239.874,3495
240.125,3494
240.573,3489
241.24,3487
242.446,3484
242.859,3483
243.32,3482
243.557,3481
244.53,3478
246.123,3475
247.638,3474
248.123,3473
248.338,3472
248.548,3471
248.994,3470
249.23,3469
249.445,3467
249.701,3466
250.211,3464
250.42,3463
251.064,3461
251.705,3460
252.372,3459
252.577,3458
252.801,3457
253.014,3456
254.01,3455
254.238,3454
254.66,3453
254.899,3452
255.09,3451
255.303,3450
255.509,3449
256.355,3448
256.569,3447
256.761,3446
257.011,3443
257.29,3442
259.633,3441
259.866,3440
260.253,3439
260.462,3438
261.154,3437
261.643,3436
261.846,3435
262.288,3434
262.922,3432
263.132,3429
263.999,3427
264.44,3424
264.96,3423
266.899,3422
267.234,3421
268.451,3420
268.99,3419
269.688,3418
269.972,3417
270.907,3415
271.104,3413
271.58,3410
272.861,3409
273.117,3408
273.559,3407
275.364,3406
275.831,3404
276.279,3401
276.817,3400
277.026,3398
277.865,3397
278.329,3396
278.771,3392
279.484,3391
279.724,3390
280.522,3389
281.497,3388
281.666,3387
281.886,3385
285.661,3384
285.907,3383
286.317,3382
287.201,3379
287.5,3377
288.875,3376
289.547,3375
289.765,3374
290.492,3373
290.962,3372
291.25,3371
291.927,3368
292.169,3367
292.59,3366
292.816,3365
293.03,3364
294.569,3363
295.223,3362
295.508,3361
295.938,3360
296.163,3359
296.784,3358
297.46,3357
298.041,3356
299.325,3355
299.578,3353
300.457,3352
301.339,3351
301.565,3349
301.794,3348
302.022,3346
302.958,3344
303.228,3343
304.306,3342
304.549,3341
305.856,3340
306.078,3338
307.013,3336
307.68,3334
308.128,3333
308.766,3332
309.206,3331
310.231,3330
310.483,3329
310.686,3328
311.154,3327
311.362,3326
311.565,3325
311.766,3324
312.023,3323
312.447,3322
312.891,3321
313.134,3319
314.375,3318
314.794,3316
316.059,3314
316.5,3313
316.703,3312
317.16,3311
317.653,3310
318.052,3309
318.3,3308
318.691,3307
318.921,3306
319.532,3304
319.775,3303
319.971,3302
320.186,3300
320.4,3297
323.466,3296
323.679,3295
323.889,3294
324.118,3293
326.342,3292
327.179,3291
327.419,3290
327.873,3288
328.102,3287
329.158,3286
329.416,3285
330.309,3284
330.542,3282
330.985,3281
332.013,3280
332.334,3279
333.54,3278
335.308,3277
335.531,3276
337.262,3275
337.48,3274
337.758,3273
338.08,3271
339.109,3270
339.39,3266
341.431,3265
343.115,3264
344.791,3262
345.248,3259
345.907,3257
346.11,3256
348.493,3255
348.731,3254
348.93,3253
349.344,3252
352.129,3251
352.353,3250
352.571,3249
352.768,3248
353.602,3247
354.019,3246
354.25,3244
355.458,3243
355.703,3242
356.548,3241
356.792,3239
357.214,3238
357.424,3237
358.714,3236
359.526,3235
360.161,3234
361.43,3233
361.835,3231
362.309,3230
362.506,3229
363.039,3228
363.709,3227
363.896,3226
364.649,3225
365.132,3223
365.795,3220
366.23,3219
366.494,3216
367.062,3215
367.3,3214
368.962,3212
369.401,3210
369.636,3209
369.813,3208
371.098,3207
371.335,3206
372.217,3205
373.545,3204
374.12,3202
375.447,3201
375.887,3200
376.32,3199
376.707,3196
378.062,3195
378.297,3193
378.756,3192
378.959,3190
379.17,3189
380.861,3186
381.547,3184
383.466,3183
383.673,3181
384.547,3180
384.746,3178
385.231,3177
385.453,3175
386.335,3174
386.565,3173
391.338,3172
391.573,3171
392.522,3170
393.96,3169
394.722,3167
397.071,3166
397.31,3162
398.174,3161
398.416,3160
398.614,3159
399.45,3157
399.933,3156
400.999,3155
401.87,3154
402.074,3152
402.709,3150
403.381,3148
405.106,3145
406.653,3144
408.591,3143
411.065,3142
413.431,3141
413.635,3140
413.831,3139
414.267,3137
414.7,3136
416.139,3135
416.347,3134
416.56,3133
416.793,3131
416.995,3130
417.21,3129
417.419,3128
417.661,3127
417.894,3123
418.722,3121
418.932,3120
419.221,3119
419.924,3116
420.567,3115
420.985,3114
422.502,3113
424.534,3110
426.761,3109
426.962,3108
427.248,3107
427.919,3106
428.39,3105
430.826,3104
431.96,3103
432.168,3102
432.35,3101
432.559,3099
434.075,3097
435.678,3096
435.864,3095
436.07,3094
436.281,3093
437.557,3091
437.751,3090
437.96,3089
438.65,3088
440.413,3085
441.447,3083
443.284,3082
443.684,3081
444.107,3080
444.962,3079
447.765,3078
448.311,3077
450.521,3074
452.692,3073
453.144,3071
461.357,3070
461.66,3069
462.365,3067
463.026,3066
464.463,3065
464.907,3064
466.126,3062
471.541,3058
474.681,3056
477.952,3055
478.392,3054
478.613,3053
478.982,3052
479.855,3051
480.843,3050
481.058,3047
483.992,3046
487.83,3044
490.071,3043
490.551,3041
492.153,3040
492.773,3039
493.806,3038
494.486,3037
495.368,3035
495.763,3033
500.029,3032
500.673,3031
500.872,3030
501.07,3029
501.722,3028
501.937,3026
504.554,3025
505.207,3024
505.607,3023
505.834,3022
508.266,3021
509.668,3020
510.372,3019
510.624,3018
510.897,3017
511.18,3016
512.18,3014
514.03,3013
514.491,3012
514.84,3011
515.074,3010
516.687,3009
521.284,3008
525.142,3007
526.527,3004
528.677,3003
529.317,3002
530.266,3001
531.17,3000
532.013,2999
532.44,2997
533.891,2996
534.784,2995
535.009,2994
540.16,2993
542.598,2992
542.8,2991
543.223,2990
547.224,2989
550.899,2988
557.165,2987
557.345,2986
558.596,2985
559.877,2984
560.611,2983
561.038,2981
562.073,2980
562.268,2978
565.402,2977
566.447,2976
566.691,2973
567.289,2971
569.436,2970
580.558,2969
582.813,2968
587.114,2966
589.519,2965
590.949,2963
594.757,2962
597.488,2961
599.26,2960
600.091,2959
605.044,2958
606.832,2957
607.643,2956
608.567,2954
609.465,2951
614.809,2950
615.253,2948
623.703,2945
624.619,2944
627.175,2941
630.879,2940
631.413,2939
632.16,2938
634.731,2937
640.147,2936
640.839,2935
641.042,2934
641.556,2933
644.987,2932
645.21,2931
645.4,2930
645.842,2929
650.231,2926
651.776,2925
652.612,2924
652.809,2923
653.677,2922
657.139,2921
657.348,2920
657.778,2917
659.649,2915
659.875,2914
660.95,2913
662.345,2912
664.391,2911
665.774,2909
674.003,2907
674.221,2906
674.695,2905
675.137,2904
678.61,2903
679.911,2902
680.098,2900
680.333,2899
684.646,2895
695.83,2894
696.434,2893
698.2,2890
698.413,2889
711.188,2888
712.212,2886
717.168,2885
718.599,2884
720.131,2883
720.554,2882
722.831,2881
723.021,2880
723.414,2879
724.292,2876
726.357,2875
726.768,2874
727.61,2872
728.273,2871
734.551,2870
735.41,2869
736.019,2867
739.622,2866
742.079,2864
746.318,2863
747.571,2862
748.01,2861
750.944,2860
752.625,2859
755.014,2858
755.567,2857
756.145,2855
757.48,2854
760.309,2853
760.589,2852
770.944,2851
771.819,2849
772.006,2848
772.543,2847
773.766,2844
777.111,2843
778.44,2841
780.704,2840
781.144,2839
782.158,2838
783.893,2837
785.289,2836
786.391,2835
786.839,2834
790.16,2833
792.256,2832
793.53,2831
795.986,2830
797.223,2829
798.665,2828
798.9,2827
799.619,2825
804.924,2824
805.105,2823
805.588,2822
810.124,2821
811.684,2818
822.97,2817
823.381,2814
833.465,2813
843.361,2811
849.474,2809
849.703,2808
877.29,2807
880.354,2806
881.584,2805
883.344,2804
883.526,2803
885.236,2802
894.096,2800
895.44,2799
896.073,2797
896.496,2796
919.413,2795
920.474,2794
924.214,2793
924.683,2792
929.021,2791
941.056,2790
943.312,2789
943.58,2788
947.338,2787
947.565,2786
947.999,2785
964.248,2784
964.67,2783
971.72,2782
975.212,2781
977.976,2778
1015.35,2776
1017.95,2775
1018.71,2774
1019.84,2773
1020.08,2772
1020.54,2771
1045.57,2770
1045.97,2769
1055.66,2768
1073.56,2767
1075.08,2766
1080.36,2765
1081.28,2764
1088.11,2763
1099.35,2762
1099.55,2761
1142.46,2760
1145.09,2759
1151.17,2758
1157.4,2756
1158,2755
1162.75,2754
1165.71,2753
1166.5,2752
1168.26,2751
1168.47,2748
1202.85,2746
1206.7,2744
1207.11,2743
1286.37,2742
1294.04,2741
1300.18,2739
1301.48,2738
1304.81,2737
1315.26,2735
1321.63,2734
1322.43,2733
1323.61,2732
1323.81,2730
1324.03,2729
1332.13,2728
1346.49,2727
1346.69,2726
1378.93,2723
1384.04,2721
1386.51,2720
1387.34,2719
1387.62,2718
1391.49,2717
1391.97,2716
1403.54,2715
1414.5,2714
1418.45,2713
1420.28,2712
1420.63,2711
1433.47,2710
1443.97,2708
1460.54,2707
1476.58,2706
1539.5,2705
1564.44,2704
1587.11,2703
1635.9,2702
1661.6,2701
1745.85,2696
1759.02,2693
1775.59,2692
1776.02,2690
1779.07,2689
1983.63,2688
1983.86,2686
1984.05,2684
2031.05,2683
2050.19,2682
2051.37,2681
2056.79,2679
2068.99,2678
2102.01,2676
2105.11,2675
2111.65,2674
2118.99,2673
2166.54,2672
2174.61,2671
2176.6,2670
2178.05,2669
2390.72,2667
2405.36,2666
2414.97,2665
2417.22,2663
2613.24,2662
2659.75,2660
2662.43,2659
2663.34,2658
2663.54,2657
2681.6,2656
2683.24,2655
2689.02,2654
2694.34,2652
2703.35,2651
2703.96,2650
2704.37,2649
2705.26,2648
2714.71,2647
2778.91,2646
2780.77,2645
2881.73,2643
2931.51,2642
2931.74,2641
2933.59,2639
2938.55,2638
2956.08,2637
2960.3,2635
3042.41,2634
3045.6,2633
3045.81,2632
3051.18,2631
3053.76,2630
3112.4,2629
3130.95,2628
3133.42,2627
3614.51,2626
3669.33,2625
3676.72,2623
3676.96,2622
3688.41,2620
3700.26,2619
3703.48,2615
3905.93,2613
4158.73,2612
4159.4,2610
4159.86,2607
4161.54,2605
4175.98,2604
4179.7,2603
4179.89,2602
4180.29,2600
4181.81,2598
5208.34,2597
5208.59,2595
5208.87,2594
5221.08,2593
5225.97,2592
5228.82,2591
5229.87,2588
5230.13,2587
5230.33,2586
6298.1,2585
6298.53,2583
6311.82,2582
6634.59,2579
6723.25,2577
6724.05,2576
6724.57,2575
6752.74,2573
7244.2,2571
7275.26,2570
7276.75,2569
7277.17,2567
7396.31,2564
7470.91,2563
7471.33,2562
7472.35,2560
7483.15,2559
7487.06,2557
7487.86,2554
7499.35,2553
7499.87,2552
7502.34,2551
7509.93,2548
7520.78,2547
7555.37,2546
8177.12,2545
8178.2,2543
8185.54,2542
8189.84,2541
8198.28,2540
8816.99,2539
8817.99,2538
8822.91,2536
8824.2,2534
8828.02,2533
8828.21,2532
8828.97,2531
8833.12,2528
8851.35,2526
8854.29,2524
10468.2,2523
10500.1,2522
10563.8,2520
11459.1,2519
11460.7,2517
11467.1,2516
11472.1,2515
11475.3,2513
11475.5,2512
11475.9,2510
13657.6,2509
13657.8,2508
13660.8,2506
13661.9,2505
13662.9,2504
13665.1,2503
13665.8,2501
