0.538652,4940
0.814906,4939
1.07386,4938
1.32999,4937
1.56501,4936
1.78807,4935
2.055,4934
2.2759,4933
2.50629,4932
2.72361,4931
2.974,4929
3.20549,4927
3.43578,4924
3.65484,4923
3.90747,4921
4.20582,4917
4.51416,4916
4.8129,4915
5.08441,4913
5.34788,4912
5.55814,4910
5.82991,4908
6.05982,4905
6.30685,4904
6.57989,4897
6.80608,4895
7.05594,4894
7.30966,4893
7.54795,4889
7.75318,4887
8.09836,4882
8.37827,4881
8.65743,4879
8.92904,4878
9.19551,4875
9.44856,4871
9.65746,4870
9.93409,4869
10.1549,4867
10.3805,4865
10.601,4864
10.8547,4859
11.0921,4857
11.3522,4854
11.5739,4852
11.8536,4848
12.1417,4846
12.4195,4844
12.6456,4842
12.9343,4839
13.1608,4833
13.4,4831
13.6562,4830
13.882,4825
14.1383,4824
14.4099,4820
14.6156,4819
14.8465,4816
15.0775,4814
15.2828,4812
15.5629,4811
15.8526,4807
16.123,4805
16.3999,4800
16.5971,4799
16.8154,4794
17.0624,4789
17.286,4788
17.4895,4786
17.7549,4785
17.9711,4783
18.2022,4771
18.4845,4768
18.7097,4765
18.9164,4762
19.1747,4760
19.4885,4757
19.7689,4755
20.0183,4752
20.2882,4749
20.5002,4745
20.7289,4742
20.9592,4738
21.1819,4737
21.3787,4734
21.6221,4733
21.8357,4732
22.0571,4728
22.273,4727
22.4962,4724
22.7213,4723
22.9838,4717
23.2029,4716
23.5212,4712
23.804,4709
24.1005,4708
24.4172,4706
24.6258,4705
24.8437,4704
25.0913,4699
25.2918,4697
25.5002,4694
25.7917,4690
26.0184,4689
26.3167,4687
26.533,4685
26.7857,4683
27.0785,4680
27.3757,4679
27.6484,4674
27.9118,4672
28.1913,4670
28.454,4669
28.6887,4666
28.9549,4663
29.2063,4662
29.4198,4658
29.6552,4654
29.9129,4649
30.1263,4647
30.3952,4641
30.6357,4639
30.9876,4638
31.2693,4637
31.5404,4632
31.8309,4630
32.0555,4629
32.3266,4627
32.5721,4624
32.8119,4613
33.0799,4612
33.3461,4611
33.604,4610
33.8775,4606
34.1139,4604
34.3968,4602
34.6258,4601
34.8999,4599
35.3062,4597
35.6144,4591
35.9012,4590
36.145,4587
36.4216,4586
36.6509,4584
36.8511,4582
37.2558,4581
37.4992,4580
37.7512,4577
38.0097,4574
38.3234,4573
38.5806,4570
38.8657,4569
39.1674,4568
39.443,4567
39.7382,4566
39.965,4562
40.1911,4558
40.4332,4556
40.7026,4555
40.9393,4554
41.233,4553
41.4678,4552
41.7364,4551
42.0199,4549
42.2646,4548
42.5179,4547
42.819,4545
43.1148,4543
43.3786,4541
43.5951,4540
43.8504,4539
44.0865,4538
44.5188,4537
44.7099,4536
44.934,4535
45.1697,4534
45.3743,4533
45.6053,4530
45.832,4529
46.0435,4526
46.2477,4525
46.5047,4517
46.7201,4514
46.9211,4513
47.1708,4512
47.3576,4511
47.596,4509
47.8325,4508
48.0358,4495
48.2762,4492
48.625,4484
48.8766,4481
49.1015,4479
49.3531,4476
49.574,4474
49.8242,4473
50.0722,4472
50.2851,4471
50.5242,4470
50.7338,4469
51.0084,4468
51.2184,4467
51.4423,4465
51.655,4461
51.884,4460
52.1479,4457
52.3785,4454
52.6761,4453
52.8999,4452
53.1415,4451
53.3506,4447
53.5675,4446
53.7833,4441
54.0062,4440
54.248,4439
54.4321,4436
54.7026,4433
54.922,4432
55.1871,4429
55.4031,4427
55.6058,4424
55.9047,4423
56.1677,4422
56.4338,4421
56.7006,4417
56.9062,4415
57.166,4410
57.4374,4409
57.6724,4407
57.8868,4406
58.0989,4404
58.3202,4403
58.5462,4402
58.7835,4401
59.019,4400
59.2626,4399
59.5116,4398
59.767,4397
60.0476,4393
60.301,4392
60.5214,4387
60.7692,4386
60.9867,4385
61.19,4382
61.4571,4380
61.6521,4378
61.9106,4377
62.1469,4372
62.3549,4370
62.5979,4369
62.8197,4368
63.0188,4366
63.2763,4365
63.5824,4364
63.9065,4363
64.1665,4361
64.4128,4357
64.8404,4355
65.049,4351
65.2656,4349
65.5109,4347
65.7579,4345
65.9799,4343
66.2659,4341
66.4645,4339
66.7078,4338
66.9252,4336
67.1799,4334
67.4769,4332
67.707,4329
67.9419,4328
68.188,4326
68.3773,4325
68.6024,4323
68.8405,4322
69.1248,4319
69.3138,4313
69.6004,4312
69.823,4310
70.0479,4307
70.3522,4303
70.5499,4300
70.8299,4298
71.1702,4297
71.406,4295
71.6596,4293
71.9316,4289
72.1618,4288
72.4151,4286
72.6341,4285
72.8401,4284
73.0268,4283
73.2944,4282
73.4968,4281
73.7403,4280
73.9646,4278
74.1935,4276
74.4448,4273
74.6842,4268
74.9256,4265
75.1978,4264
75.4461,4260
75.6573,4257
75.9309,4256
76.1415,4255
76.3534,4253
76.594,4251
76.8018,4250
77.0061,4248
77.2653,4247
77.4615,4245
77.671,4244
77.8842,4243
78.1064,4242
78.3162,4241
78.6412,4240
78.8625,4238
79.0967,4237
79.3318,4236
79.5392,4233
79.7923,4232
80.0068,4231
80.2518,4230
80.4813,4229
80.6887,4228
80.9054,4221
81.1627,4220
81.3844,4219
81.593,4218
81.8103,4217
82.0366,4216
82.2705,4215
82.5689,4214
82.8109,4213
83.0681,4211
83.3408,4209
83.5406,4208
83.7452,4207
83.9844,4206
84.2039,4205
84.422,4203
84.6675,4202
85.0321,4201
85.2456,4200
85.4698,4199
85.668,4197
85.9283,4194
86.2651,4193
86.5566,4192
86.8371,4189
87.038,4185
87.3386,4182
87.5913,4181
87.8291,4180
88.0879,4179
88.333,4178
88.5661,4177
88.7856,4176
89.0442,4174
89.2863,4173
89.5767,4171
89.8014,4169
90.1636,4167
90.4642,4165
90.7301,4164
90.9744,4163
91.2365,4158
91.4928,4157
91.7681,4156
92.0831,4154
92.3334,4151
92.5968,4150
92.8627,4149
93.0952,4147
93.3589,4146
93.6287,4144
93.978,4143
94.2827,4142
94.5701,4139
94.8482,4138
95.0876,4136
95.3174,4134
95.6003,4133
95.8463,4132
96.1796,4131
96.4092,4130
96.6547,4128
96.939,4127
97.156,4126
97.4042,4125
97.651,4124
97.9121,4120
98.1798,4119
98.4106,4115
98.6397,4114
98.9027,4113
99.1293,4108
99.3439,4103
99.5931,4099
99.8209,4097
100.022,4096
100.275,4095
100.5,4094
100.748,4092
100.983,4091
101.186,4090
101.482,4089
101.722,4088
102.038,4087
102.257,4086
102.461,4084
102.701,4082
102.954,4081
103.186,4079
103.444,4078
103.657,4077
103.91,4076
104.181,4075
104.435,4074
104.632,4073
104.883,4068
105.269,4064
105.585,4062
105.837,4061
106.113,4060
106.298,4056
106.492,4052
106.721,4051
106.945,4050
107.166,4049
107.397,4047
107.618,4046
107.821,4044
108.022,4043
108.256,4042
108.463,4039
108.664,4038
108.924,4037
109.218,4036
109.441,4035
109.735,4034
109.945,4033
110.172,4031
110.448,4030
110.67,4026
110.91,4025
111.13,4024
111.338,4023
111.527,4022
111.736,4020
111.934,4018
112.178,4017
112.381,4016
112.58,4014
112.826,4013
113.093,4012
113.333,4011
113.613,4010
113.818,4009
114.025,4008
114.275,4007
114.493,4006
114.706,4005
114.946,4004
115.156,4001
115.372,4000
115.607,3999
115.822,3997
116.029,3996
116.28,3995
116.486,3994
116.762,3993
117.037,3992
117.285,3991
117.491,3990
117.738,3989
117.941,3987
118.152,3985
118.413,3984
118.607,3982
118.817,3981
119.065,3980
119.296,3979
119.531,3977
119.762,3976
119.98,3975
120.199,3974
120.541,3973
120.781,3972
121.03,3971
121.286,3970
121.517,3969
121.723,3967
121.972,3963
122.226,3962
122.446,3960
122.66,3959
122.864,3957
123.096,3955
123.323,3953
123.566,3951
123.828,3950
124.065,3949
124.414,3948
124.722,3947
124.966,3945
125.283,3944
125.719,3943
125.955,3942
126.173,3939
126.483,3936
126.769,3935
127.001,3934
127.255,3933
127.461,3932
127.692,3931
127.948,3930
128.227,3929
128.456,3927
128.722,3925
128.948,3920
129.148,3918
129.436,3917
129.645,3916
129.883,3914
130.139,3913
130.385,3911
130.584,3910
130.824,3909
131.052,3908
131.279,3907
131.506,3906
131.772,3904
132.018,3903
132.308,3901
132.566,3900
132.808,3899
133.021,3898
133.261,3896
133.535,3895
133.709,3894
133.935,3893
134.228,3892
134.449,3890
134.676,3889
134.904,3887
135.109,3886
135.311,3884
135.626,3883
135.85,3882
136.091,3880
136.315,3879
136.511,3878
136.721,3877
136.92,3876
137.14,3875
137.357,3874
137.563,3873
137.801,3872
138.025,3871
138.233,3870
138.468,3869
138.668,3868
138.877,3866
139.138,3865
139.416,3864
139.654,3863
139.876,3861
140.091,3860
140.302,3859
140.523,3858
140.738,3857
140.952,3856
141.156,3855
141.358,3854
141.586,3853
141.791,3852
141.993,3851
142.222,3850
142.421,3849
142.627,3848
142.879,3847
143.183,3846
143.411,3845
143.677,3844
143.904,3843
144.116,3842
144.361,3841
144.568,3840
144.786,3839
145.048,3838
145.308,3836
145.506,3835
145.903,3834
146.107,3833
146.296,3832
146.538,3830
146.869,3829
147.168,3828
147.426,3827
147.632,3826
147.904,3825
148.16,3824
148.413,3823
148.655,3822
148.889,3820
149.133,3818
149.429,3817
149.956,3816
150.209,3812
151.359,3811
151.635,3810
151.88,3809
152.659,3808
152.919,3806
153.099,3805
153.388,3804
153.653,3803
153.945,3802
154.302,3801
154.688,3800
154.997,3798
155.346,3797
155.624,3796
155.949,3795
156.162,3794
156.418,3793
156.638,3792
156.841,3791
157.062,3790
157.291,3789
157.517,3788
157.748,3787
157.956,3786
158.186,3785
158.449,3784
158.727,3783
159.012,3782
159.283,3781
159.492,3780
159.721,3779
159.974,3778
160.191,3777
160.404,3776
160.637,3775
160.849,3774
161.049,3773
161.281,3772
161.485,3771
161.728,3770
161.977,3767
162.272,3766
162.614,3765
162.852,3764
163.131,3763
163.324,3762
163.543,3761
163.779,3759
164.037,3758
164.244,3757
164.499,3755
164.716,3754
164.925,3753
165.17,3752
165.356,3751
165.589,3750
165.846,3749
166.123,3748
166.33,3747
166.601,3746
166.808,3745
167.015,3744
167.26,3743
167.476,3742
167.681,3741
167.915,3740
168.129,3739
168.339,3738
168.541,3737
168.777,3736
168.988,3735
169.198,3734
169.45,3733
169.668,3732
169.898,3731
170.18,3730
170.399,3729
170.606,3727
170.966,3725
171.199,3721
171.879,3720
172.085,3719
172.3,3718
172.545,3716
172.749,3714
173.229,3713
173.482,3712
173.721,3711
173.996,3709
174.216,3707
174.675,3706
175.533,3705
175.746,3703
176.39,3702
176.619,3701
176.82,3700
177.026,3699
177.328,3698
177.566,3697
177.818,3696
178.082,3695
178.295,3694
178.507,3692
178.757,3691
178.994,3690
179.252,3689
179.53,3688
179.785,3687
180.008,3686
180.267,3685
180.489,3684
180.696,3682
180.959,3681
181.213,3680
181.44,3679
181.717,3678
181.909,3676
182.135,3675
182.352,3674
182.556,3673
182.789,3672
183.028,3671
183.257,3670
183.47,3669
183.689,3668
183.909,3667
184.358,3666
184.551,3663
185.053,3662
185.321,3661
185.544,3659
185.773,3657
186.236,3655
186.643,3653
186.88,3652
187.085,3651
187.293,3650
187.527,3649
188.174,3648
188.384,3647
189.19,3646
189.391,3645
189.648,3644
189.849,3643
190.05,3642
190.285,3641
190.485,3640
190.691,3639
190.928,3638
191.139,3637
191.352,3636
191.736,3635
191.939,3634
192.199,3633
192.467,3632
192.686,3630
192.997,3626
193.403,3625
193.627,3624
193.84,3622
194.288,3621
194.729,3620
194.933,3619
195.17,3615
195.793,3612
196.038,3610
196.271,3609
197.174,3605
197.797,3604
198.01,3603
198.232,3602
198.866,3601
199.075,3599
199.295,3598
199.526,3596
199.752,3594
200.247,3591
200.883,3590
201.338,3589
201.764,3587
202.474,3585
202.699,3584
202.99,3583
203.269,3582
203.558,3581
203.83,3580
204.165,3579
204.401,3578
204.619,3577
204.872,3576
205.075,3575
205.313,3574
205.514,3573
205.719,3572
205.952,3571
206.204,3570
206.423,3569
206.788,3568
207.055,3567
207.392,3566
207.711,3565
208.022,3564
208.348,3563
209.114,3560
209.665,3559
209.884,3558
210.355,3557
211.027,3556
212.044,3554
212.283,3553
212.733,3551
213.299,3550
213.563,3547
214.533,3545
215.02,3544
215.313,3543
215.867,3541
216.553,3540
217.03,3539
217.734,3537
217.943,3536
218.19,3535
218.407,3534
218.628,3533
218.919,3532
219.201,3531
219.452,3530
219.741,3529
219.981,3528
220.195,3527
220.437,3526
220.66,3524
220.851,3523
221.282,3521
221.972,3519
222.224,3518
222.449,3517
224.369,3515
225.466,3514
225.698,3512
225.882,3511
226.076,3510
226.524,3509
226.777,3505
227.29,3504
227.522,3503
228.231,3500
229.153,3499
229.581,3497
229.831,3496
230.04,3495
231.048,3494
231.322,3493
231.544,3492
231.744,3491
231.963,3490
232.352,3489
232.554,3485
233.379,3483
233.8,3482
234.007,3481
234.249,3478
235.233,3477
235.441,3476
235.689,3474
235.927,3473
236.353,3470
236.599,3469
237.969,3468
238.248,3466
238.806,3465
239.013,3464
239.454,3463
239.665,3461
242.642,3460
242.876,3458
243.554,3456
243.786,3455
244.793,3454
245.244,3453
245.433,3452
246.06,3449
246.622,3448
246.875,3446
247.397,3444
247.628,3443
247.841,3442
248.083,3441
248.565,3440
248.759,3439
249.403,3438
249.674,3433
249.913,3432
251.507,3431
251.94,3430
252.152,3426
252.778,3424
254.879,3421
255.063,3419
255.268,3418
255.458,3417
255.872,3416
256.09,3414
256.724,3413
257.861,3412
258.048,3410
259.793,3409
261.337,3406
261.774,3404
261.985,3403
262.428,3399
263.287,3396
263.486,3394
263.723,3393
263.915,3390
264.126,3388
264.362,3385
264.847,3383
267.089,3382
267.354,3381
267.556,3380
267.833,3375
268.312,3374
268.623,3373
268.888,3372
269.383,3371
269.885,3370
271.921,3368
272.509,3367
273.462,3366
274.512,3365
274.796,3364
275.239,3362
276.196,3361
276.467,3360
276.933,3359
277.187,3357
277.588,3355
278.048,3353
278.278,3352
278.962,3351
279.186,3349
279.423,3348
279.654,3346
280.447,3344
280.672,3342
282.936,3340
283.198,3335
286.453,3334
286.917,3333
287.127,3330
287.864,3329
288.375,3326
289.451,3325
289.673,3324
290.851,3323
291.111,3322
291.315,3320
291.826,3318
292.701,3316
293.507,3315
293.721,3314
293.933,3313
294.81,3312
295.07,3311
295.336,3310
295.574,3309
295.775,3307
297.352,3304
298.223,3303
299.67,3297
299.892,3296
303.316,3295
303.914,3294
304.164,3293
305.077,3292
305.289,3291
305.476,3290
305.928,3289
306.652,3288
306.873,3286
307.33,3285
308.378,3284
309.567,3281
311.406,3279
312.732,3277
312.946,3276
313.507,3275
313.731,3274
313.956,3272
314.194,3271
314.418,3270
316.963,3269
317.194,3268
317.453,3267
318.324,3265
318.523,3264
318.709,3263
319.36,3262
319.583,3261
320.396,3260
321.537,3259
321.958,3258
322.181,3257
322.418,3255
322.637,3252
325.047,3251
325.262,3250
326.336,3249
326.531,3246
327.15,3242
329.588,3241
331.718,3239
333.511,3238
333.806,3236
335.082,3235
335.551,3234
335.792,3232
338.645,3231
338.845,3230
339.984,3229
341.397,3228
342.073,3226
342.544,3224
344.039,3223
344.277,3222
344.977,3220
345.181,3219
345.8,3217
346.454,3216
347.286,3213
347.528,3212
347.769,3211
348.634,3210
351.263,3209
352.031,3208
353.725,3206
354.334,3205
355.321,3204
355.778,3203
356.218,3202
357.492,3201
357.729,3200
358.375,3199
358.599,3198
358.852,3197
361.74,3196
361.95,3195
362.218,3194
362.409,3193
362.662,3190
367.63,3189
368.858,3188
369.057,3187
370.216,3186
370.713,3184
371.869,3183
372.517,3182
372.728,3181
372.948,3180
373.183,3179
373.398,3177
375.128,3175
376.397,3172
377.939,3171
378.85,3167
379.89,3165
380.53,3164
383.146,3163
385.016,3161
385.578,3160
385.795,3159
386.035,3156
386.906,3155
387.315,3154
388.719,3152
389.986,3151
390.498,3149
391.401,3148
392.14,3147
395.428,3145
396.954,3144
397.686,3143
398.528,3142
398.732,3139
401.78,3138
402.642,3137
402.854,3135
403.082,3134
403.299,3133
405.454,3131
406.127,3129
407.181,3128
407.373,3126
413.59,3125
415.328,3124
416.26,3123
416.476,3122
416.903,3121
417.329,3120
418.182,3119
419.78,3116
420.432,3115
420.637,3114
420.868,3113
421.068,3112
421.264,3111
421.909,3110
422.747,3107
423.031,3106
424.158,3105
424.822,3104
425.224,3103
425.429,3102
425.919,3100
426.856,3099
428.446,3098
428.663,3097
430.376,3096
430.891,3095
433.274,3094
433.504,3093
433.716,3092
435.092,3091
435.302,3090
435.89,3089
436.528,3088
436.735,3087
438.15,3084
438.65,3083
439.987,3082
440.206,3080
440.831,3078
444.128,3077
451.029,3075
451.531,3074
453.887,3073
454.181,3072
455.867,3071
456.228,3068
457.972,3067
458.221,3066
458.49,3065
458.713,3064
459.386,3063
462.096,3062
462.337,3061
462.753,3060
463.217,3059
463.676,3057
465.089,3056
466.292,3054
467.974,3052
468.79,3051
470.244,3050
471.267,3049
472.562,3046
474.349,3045
475.493,3044
475.708,3043
476.391,3042
476.937,3041
477.181,3040
477.399,3039
477.666,3038
477.846,3037
479.111,3033
493.382,3031
493.79,3030
494.87,3029
495.086,3028
495.338,3027
495.558,3026
496.266,3025
496.687,3024
497.98,3023
499.802,3022
500.428,3020
500.827,3019
501.931,3018
502.606,3016
504.073,3015
505.171,3014
505.572,3013
510.365,3012
510.603,3010
515.83,3008
516.92,3007
517.42,3005
518.849,3003
521.015,3002
521.659,3001
523.751,3000
525.287,2998
525.479,2997
526.461,2995
527.099,2993
527.343,2992
527.529,2991
534.486,2990
534.702,2989
535.596,2988
536.022,2987
538.439,2985
541.529,2984
543.423,2983
545.468,2982
547.659,2981
549.526,2980
550.855,2979
551.125,2978
551.622,2974
560.136,2973
560.583,2972
561.43,2971
561.835,2970
562.05,2969
564.599,2968
569.028,2966
571.736,2965
571.956,2964
572.434,2963
574.518,2961
574.738,2960
575.571,2959
580.807,2956
582.285,2952
585.941,2951
586.168,2949
587.661,2946
587.868,2945
588.687,2944
589.974,2943
590.297,2942
592.663,2941
593.48,2938
600.428,2937
600.632,2936
601.096,2935
603.814,2933
606.22,2932
607.93,2931
617.871,2930
618.092,2929
621.545,2926
621.935,2924
625.874,2923
626.511,2921
632.43,2920
633.094,2919
633.527,2918
637.785,2917
640.855,2916
641.118,2915
642.275,2914
646.361,2912
647.351,2910
654.514,2909
655.742,2908
656.371,2907
658.211,2906
659.323,2905
660.198,2902
664.098,2899
664.956,2898
665.392,2897
673.491,2896
678.953,2895
679.163,2894
679.386,2892
680.465,2891
682.999,2890
685.384,2888
686.002,2887
691.257,2886
691.464,2885
694.184,2884
694.451,2883
695.134,2882
697.819,2881
698.637,2880
699.658,2879
699.909,2874
700.146,2873
707.875,2870
708.526,2869
711.838,2868
712.038,2867
712.258,2866
713.356,2865
713.59,2864
714.516,2863
717.19,2862
718.637,2860
721.731,2858
736.017,2857
740.046,2855
741.138,2854
741.521,2852
749.545,2851
756.018,2850
756.294,2849
759.248,2848
759.488,2847
762.072,2845
766.41,2843
773.424,2840
815.263,2839
821.681,2838
822.179,2837
823.466,2836
823.697,2835
825.676,2834
839.367,2833
840.468,2832
841.415,2828
846.277,2826
864.366,2825
886.59,2824
886.829,2823
888.762,2822
889.627,2820
892.827,2819
893.251,2818
895.69,2817
895.893,2816
896.497,2814
899.518,2812
902.222,2808
902.464,2807
903.08,2806
918.586,2805
918.784,2803
923.318,2802
926.154,2801
928.438,2800
932.376,2799
932.608,2798
933.791,2796
951.16,2794
970.253,2793
970.486,2792
984.558,2791
985.247,2788
986.911,2787
987.142,2785
998.481,2782
1011.59,2780
1012.44,2777
1014.16,2776
1015.57,2775
1015.79,2774
1016.26,2772
1024.78,2770
1034.5,2769
1035.35,2768
1040.05,2767
1040.91,2766
1041.37,2765
1041.62,2764
1041.87,2763
1042.06,2762
1065.65,2761
1068.2,2760
1068.93,2758
1069.98,2756
1074.48,2754
1076.26,2753
1090.46,2752
1095.9,2751
1096.73,2750
1098.9,2749
1101.82,2748
1105.29,2746
1105.92,2745
1106.12,2744
1108.06,2743
1110.22,2742
1113.29,2741
1113.72,2740
1114.53,2739
1115.06,2738
1121.45,2737
1134.36,2736
1135.01,2735
1138.58,2734
1140.31,2733
1143.68,2732
1146.13,2731
1150.55,2730
1165.58,2729
1165.94,2727
1332.59,2726
1334.63,2725
1336.11,2723
1336.83,2722
1344.23,2719
1344.88,2718
1346.49,2717
1347.1,2716
1356.32,2715
1356.94,2714
1357.49,2713
1357.97,2711
1366.06,2710
1368.74,2708
1409.5,2707
1412.44,2705
1413.58,2704
1416.7,2700
1418.89,2699
1433.61,2698
1434.21,2697
1435.29,2696
1436.47,2695
1437.38,2694
1438.26,2693
1440.94,2691
1477.97,2690
1484.83,2688
1573.17,2687
1583.73,2686
1584.56,2685
2099.57,2684
2103.05,2683
2103.31,2682
2103.79,2681
2105.74,2680
2122.15,2678
2124.02,2677
2128.91,2676
2129.89,2675
2134.24,2674
2134.67,2673
2136.74,2671
2139.71,2670
2140.46,2668
2144.5,2667
2152.26,2666
2160.67,2664
2169.26,2663
2172.65,2661
2339.76,2658
2740.99,2656
2750.42,2655
2754.72,2654
2754.94,2652
2757.28,2649
2824.17,2647
2891.06,2646
2891.59,2645
2901.15,2644
2901.98,2642
2922.97,2641
2923.17,2640
2923.84,2639
2928.18,2638
2980.4,2637
2985.6,2636
3202.54,2635
3687.73,2634
3698.24,2633
3716.89,2631
3725.97,2629
3728.23,2628
3728.71,2627
3730.47,2625
3730.67,2624
3823.3,2623
3831.73,2622
3833.45,2621
3839.41,2619
4083.75,2617
4085.05,2615
4128.95,2614
4130.9,2613
4134.06,2612
4143.23,2610
4149.76,2608
4169.65,2607
4845.68,2606
4879.58,2605
4879.78,2604
4894.63,2603
4903.5,2602
4910.32,2601
4914.32,2600
4919.68,2599
4933.86,2598
4958.05,2597
4987.84,2595
5001.96,2594
5002.36,2591
5013.61,2590
6181.44,2589
6468.43,2588
6469.47,2587
6481.25,2584
6484.78,2583
6504.74,2581
6556.72,2580
6573.7,2579
6575.21,2578
6575.41,2577
6592.49,2575
6592.68,2573
6594.56,2571
7652.22,2569
7688.06,2568
7690.1,2566
7690.31,2565
7696.52,2564
7697.22,2563
7708.56,2562
7708.76,2561
7709.71,2560
7710.32,2559
8713.49,2556
8717.9,2555
8722.02,2554
8733.36,2553
8735.08,2550
8796.72,2549
8797.81,2548
8799.31,2547
8803.29,2545
9541.1,2544
9541.62,2543
9549.92,2541
9642.17,2540
9642.63,2539
9645.56,2538
9657.26,2536
9675.22,2535
9680.71,2533
9692.75,2532
9734.94,2531
9735.14,2530
9770.86,2528
9776.04,2527
9778.78,2525
9815.54,2522
10953,2520
11014,2519
11018.8,2517
11021.3,2516
11021.4,2515
11024.5,2514
11026.3,2513
11035.7,2512
12927.8,2511
12936.2,2510
12936.4,2509
12936.6,2507
