0.469559,4940
0.780841,4939
1.05163,4938
1.28265,4937
1.5345,4936
1.74925,4935
2.03896,4934
2.24594,4933
2.47571,4932
2.69264,4930
2.93907,4928
3.17828,4927
3.3819,4925
3.63838,4924
3.88263,4922
4.14918,4921
4.4792,4916
4.73595,4912
5.02754,4910
5.26438,4907
5.5098,4906
5.78408,4901
6.00358,4895
6.28184,4894
6.52963,4892
6.74289,4891
7.00406,4888
7.25806,4887
7.48573,4886
7.70783,4885
8.04662,4882
8.34274,4878
8.61273,4876
8.85393,4875
9.11891,4873
9.38358,4872
9.61463,4865
9.8432,4859
10.0952,4855
10.3092,4854
10.535,4849
10.7659,4847
11.0128,4845
11.306,4842
11.5157,4837
11.7822,4835
12.1054,4829
12.3785,4828
12.6054,4827
12.822,4824
13.106,4822
13.3302,4820
13.5886,4818
13.7993,4816
14.0541,4813
14.3651,4810
14.57,4809
14.7694,4805
15.0124,4802
15.234,4798
15.441,4794
15.7535,4792
16.0409,4791
16.3502,4790
16.5784,4788
16.7901,4786
17.0349,4781
17.2457,4780
17.4514,4779
17.7185,4776
17.9217,4774
18.1616,4772
18.4524,4769
18.6785,4766
18.8886,4765
19.1421,4764
19.4496,4762
19.6833,4756
19.9956,4755
20.265,4747
20.4914,4744
20.7146,4739
20.9341,4738
21.1232,4730
21.3498,4729
21.5885,4723
21.8008,4720
22.0041,4718
22.2415,4717
22.4657,4716
22.6923,4712
22.9856,4711
23.2028,4707
23.4533,4704
23.7767,4702
24.2026,4699
24.4259,4697
24.6604,4695
24.8854,4692
25.1221,4689
25.332,4687
25.5914,4685
25.8235,4681
26.1093,4680
26.3975,4679
26.613,4676
26.8359,4670
27.176,4667
27.4026,4666
27.7209,4663
27.9907,4659
28.2298,4654
28.4999,4653
28.7377,4652
29.0465,4649
29.2742,4646
29.505,4645
29.7174,4641
29.9739,4639
30.2071,4638
30.4697,4636
30.6942,4635
31.0561,4634
31.3605,4632
31.6568,4622
31.8863,4620
32.1162,4618
32.387,4616
32.6248,4614
32.8767,4613
33.1473,4612
33.4171,4609
33.6654,4607
33.9057,4605
34.1673,4604
34.4456,4603
34.7031,4598
35.01,4595
35.3673,4593
35.7233,4590
35.9449,4589
36.1868,4587
36.4546,4585
36.6788,4583
36.9206,4578
37.2388,4576
37.4936,4574
37.7553,4573
37.9913,4568
38.2758,4567
38.5814,4566
38.9222,4565
39.1556,4564
39.4535,4561
39.7438,4559
39.9621,4557
40.2143,4553
40.4374,4552
40.6918,4549
40.9264,4548
41.188,4547
41.4188,4546
41.6549,4543
41.9652,4536
42.1991,4535
42.4254,4533
42.727,4532
43.0338,4529
43.297,4528
43.526,4526
43.7738,4525
44.0042,4524
44.2187,4523
44.6532,4522
44.862,4521
45.1077,4520
45.3133,4516
45.5392,4513
45.7736,4512
45.9853,4511
46.1964,4506
46.4435,4503
46.6642,4501
46.8693,4494
47.0794,4493
47.3214,4489
47.521,4487
47.7117,4486
47.9373,4483
48.1585,4481
48.4452,4479
48.7298,4477
48.9758,4474
49.1962,4473
49.4561,4472
49.6894,4471
49.9534,4467
50.1647,4463
50.3761,4462
50.5975,4461
50.8049,4459
51.0723,4457
51.2852,4453
51.5097,4450
51.7434,4448
51.9462,4446
52.2128,4444
52.4908,4440
52.7407,4437
52.9837,4432
53.2029,4430
53.4089,4429
53.611,4428
53.8716,4427
54.0926,4425
54.318,4422
54.5863,4419
54.795,4418
55.048,4416
55.2935,4412
55.5066,4410
55.731,4404
56.0216,4401
56.2959,4397
56.5709,4395
56.782,4394
57.0116,4392
57.3074,4391
57.5278,4390
57.7414,4388
57.9905,4387
58.1734,4384
58.4082,4382
58.6736,4379
58.9117,4376
59.123,4373
59.3726,4372
59.6118,4371
59.8574,4370
60.1155,4369
60.3521,4368
60.5549,4367
60.8193,4363
61.0347,4360
61.2625,4358
61.5102,4357
61.7323,4356
61.9828,4355
62.2145,4352
62.4276,4351
62.6623,4350
62.8671,4346
63.0831,4345
63.3869,4342
63.6865,4340
63.9889,4339
64.2339,4336
64.4697,4334
64.8876,4333
65.0989,4332
65.3459,4330
65.5791,4329
65.8379,4328
66.1033,4326
66.3156,4324
66.5227,4320
66.7586,4318
66.9667,4317
67.2405,4316
67.5296,4315
67.7582,4314
67.9887,4313
68.2224,4308
68.4412,4306
68.6775,4304
68.9517,4301
69.1843,4297
69.3937,4296
69.6709,4295
69.9187,4294
70.1349,4293
70.3942,4290
70.63,4289
70.9218,4288
71.2415,4287
71.4836,4283
71.7676,4282
71.9792,4281
72.1957,4279
72.399,4278
72.6409,4277
72.8545,4276
73.0869,4275
73.2855,4272
73.4939,4270
73.7401,4267
73.9683,4266
74.1974,4264
74.4813,4263
74.7042,4261
74.9516,4260
75.2262,4257
75.4606,4256
75.6844,4255
75.9351,4253
76.1661,4250
76.3698,4248
76.6072,4247
76.8246,4244
77.0279,4243
77.2561,4242
77.475,4237
77.6947,4236
77.9238,4235
78.1202,4234
78.3411,4233
78.6389,4232
78.8681,4231
79.123,4229
79.3449,4226
79.56,4225
79.8151,4223
80.0417,4222
80.2528,4220
80.5155,4219
80.7374,4217
80.9456,4214
81.206,4210
81.4053,4209
81.6083,4208
81.8418,4207
82.0784,4206
82.354,4205
82.5851,4203
82.8668,4202
83.1128,4200
83.3323,4197
83.5623,4195
83.7795,4194
84.0118,4192
84.2265,4190
84.4564,4189
84.6837,4188
85.0603,4187
85.2965,4185
85.5066,4184
85.7163,4181
86.0178,4177
86.3336,4175
86.6742,4173
86.9246,4172
87.1485,4171
87.4345,4170
87.6633,4169
87.9032,4168
88.1497,4165
88.3802,4164
88.622,4162
88.8895,4161
89.1483,4160
89.4083,4159
89.6569,4158
89.9153,4157
90.2357,4156
90.5352,4154
90.8062,4151
91.0322,4148
91.3286,4147
91.5816,4146
91.8869,4145
92.1584,4144
92.4017,4142
92.7002,4141
92.9235,4138
93.1764,4136
93.4771,4133
93.7431,4132
94.0816,4131
94.3622,4130
94.6215,4129
94.9202,4128
95.1403,4127
95.3349,4126
95.6653,4125
95.8856,4124
96.2418,4123
96.4565,4121
96.7105,4119
96.9414,4118
97.1711,4117
97.4119,4116
97.6702,4113
97.9106,4112
98.2082,4111
98.4133,4110
98.6427,4109
98.9089,4108
99.1301,4107
99.3352,4105
99.6045,4104
99.8315,4103
100.035,4101
100.277,4100
100.473,4099
100.735,4097
100.968,4096
101.237,4094
101.506,4093
101.761,4090
102.029,4089
102.254,4088
102.464,4087
102.698,4086
102.951,4084
103.188,4082
103.458,4079
103.67,4078
103.902,4077
104.174,4076
104.419,4075
104.607,4074
104.861,4073
105.26,4071
105.568,4070
105.843,4069
106.095,4068
106.303,4064
106.512,4063
106.734,4061
106.963,4060
107.183,4059
107.406,4057
107.598,4056
107.795,4055
108.014,4053
108.248,4051
108.465,4050
108.672,4047
108.915,4046
109.201,4043
109.437,4042
109.726,4041
109.957,4038
110.199,4037
110.457,4034
110.68,4033
110.903,4032
111.125,4031
111.334,4030
111.539,4024
111.739,4022
111.941,4020
112.173,4019
112.38,4018
112.59,4017
112.857,4016
113.098,4015
113.329,4014
113.603,4012
113.808,4011
114.021,4010
114.27,4009
114.488,4008
114.691,4006
114.932,4005
115.14,4004
115.355,4003
115.602,4002
115.806,4001
116.01,3999
116.237,3998
116.45,3997
116.715,3996
117.033,3994
117.266,3993
117.474,3992
117.71,3990
117.921,3989
118.13,3988
118.407,3987
118.598,3986
118.8,3985
119.099,3984
119.323,3982
119.565,3981
119.796,3980
120.029,3978
120.241,3976
120.593,3975
120.832,3972
121.085,3971
121.35,3970
121.59,3968
121.811,3967
122.052,3966
122.287,3965
122.502,3964
122.712,3963
122.944,3962
123.165,3961
123.409,3960
123.655,3959
123.889,3958
124.168,3957
124.483,3956
124.782,3955
125.129,3954
125.547,3953
125.8,3952
126.025,3951
126.262,3950
126.57,3949
126.833,3948
127.062,3946
127.259,3945
127.493,3944
127.736,3943
128.022,3942
128.272,3941
128.536,3940
128.766,3939
128.976,3938
129.219,3937
129.468,3936
129.693,3935
129.902,3934
130.18,3932
130.419,3931
130.645,3930
130.874,3929
131.095,3928
131.365,3927
131.596,3926
131.877,3925
132.161,3924
132.428,3923
132.651,3922
132.908,3921
133.136,3920
133.372,3919
133.628,3918
133.836,3917
134.073,3916
134.335,3915
134.587,3914
134.793,3913
135.02,3912
135.217,3911
135.459,3910
135.731,3909
135.954,3908
136.193,3907
136.435,3906
136.635,3905
136.84,3904
137.071,3903
137.258,3901
137.482,3900
137.722,3899
137.942,3898
138.147,3896
138.38,3895
138.571,3894
138.778,3893
139.005,3892
139.279,3891
139.551,3890
139.793,3889
140,3888
140.234,3887
140.442,3886
140.647,3885
140.875,3882
141.082,3881
141.284,3880
141.512,3879
141.739,3878
141.95,3877
142.155,3876
142.381,3875
142.597,3874
142.854,3872
143.165,3871
143.373,3870
143.672,3869
143.872,3868
144.079,3867
144.357,3866
144.561,3865
144.783,3864
145.058,3863
145.299,3862
145.505,3860
145.902,3859
146.11,3858
146.34,3857
146.655,3856
146.949,3855
147.234,3854
147.484,3853
147.702,3852
147.966,3851
148.232,3850
148.489,3849
148.711,3848
148.946,3847
149.244,3846
149.524,3845
149.757,3844
150.02,3841
150.272,3840
150.596,3839
150.863,3838
151.165,3837
151.412,3836
151.669,3833
151.919,3832
152.149,3831
152.455,3830
152.677,3829
152.93,3828
153.236,3827
153.464,3826
153.708,3825
154.008,3824
154.41,3823
154.781,3822
155.156,3821
155.494,3818
155.814,3817
156.066,3816
156.295,3815
156.533,3814
156.742,3813
156.959,3812
157.205,3811
157.412,3810
157.618,3809
157.855,3808
158.058,3807
158.314,3804
158.598,3803
158.843,3802
159.191,3801
159.397,3800
159.615,3799
159.882,3798
160.081,3797
160.294,3796
160.566,3795
160.77,3794
160.975,3793
161.192,3792
161.464,3791
161.706,3790
161.917,3789
162.21,3788
162.525,3787
162.804,3786
163.082,3785
163.285,3783
163.494,3782
163.704,3781
163.951,3779
164.184,3778
164.434,3777
164.627,3776
164.87,3775
165.091,3774
165.324,3773
165.548,3771
165.776,3770
166.288,3769
166.547,3768
166.763,3767
166.976,3766
167.218,3765
167.418,3764
167.62,3763
167.868,3762
168.068,3761
168.273,3760
168.475,3759
168.704,3758
168.914,3757
169.129,3755
169.366,3752
169.592,3749
170.776,3748
171.124,3747
171.387,3746
171.568,3745
171.787,3744
172.002,3743
172.202,3742
172.464,3741
172.649,3740
172.873,3739
173.094,3738
173.338,3737
173.592,3736
173.878,3735
174.102,3734
174.352,3733
174.549,3732
174.791,3730
174.993,3729
175.247,3728
175.467,3727
175.691,3726
175.941,3725
176.138,3723
176.34,3722
176.532,3720
176.788,3718
177.227,3717
177.502,3713
177.737,3712
178.225,3711
178.435,3710
178.682,3709
178.926,3708
179.449,3705
180.13,3704
180.353,3703
180.587,3702
180.804,3701
181.078,3700
181.324,3699
181.575,3698
181.79,3697
182.227,3695
182.879,3694
183.092,3693
183.537,3692
183.746,3691
184.005,3690
184.415,3689
184.683,3688
184.926,3687
185.169,3685
185.621,3684
185.84,3683
186.088,3682
186.294,3680
186.513,3679
186.756,3678
186.956,3677
187.145,3676
187.584,3675
187.801,3674
188.249,3673
188.496,3672
188.771,3671
189.008,3670
189.276,3669
189.49,3667
189.7,3665
190.152,3661
190.357,3660
190.776,3658
191.217,3653
192.319,3652
192.551,3651
192.798,3648
193.489,3647
193.705,3646
193.926,3644
194.593,3643
194.805,3641
195.236,3638
195.848,3637
196.132,3636
196.595,3635
197.049,3634
197.254,3633
197.491,3632
197.679,3631
197.881,3628
198.111,3625
199.385,3622
200.576,3621
200.767,3619
200.963,3618
201.837,3616
202.097,3615
202.631,3614
203.151,3613
203.427,3612
203.698,3611
203.98,3610
204.495,3609
205.154,3608
205.369,3607
205.586,3605
205.789,3603
207.177,3602
207.494,3600
207.852,3598
208.169,3595
209.347,3594
210.057,3593
210.258,3591
210.521,3590
210.967,3589
211.204,3588
211.988,3587
212.228,3586
212.456,3585
212.934,3583
213.272,3582
213.525,3581
213.755,3578
214.78,3577
215.286,3576
215.588,3575
215.858,3574
216.111,3573
216.32,3571
216.547,3569
217.013,3568
217.462,3567
217.702,3566
217.91,3565
218.159,3564
218.382,3563
218.595,3562
218.868,3561
220.396,3560
220.614,3559
220.831,3558
221.512,3557
221.75,3556
221.975,3555
222.214,3554
222.45,3553
223.194,3550
223.45,3547
226.061,3546
226.518,3545
227.05,3544
227.518,3543
227.761,3541
228.899,3539
229.165,3538
229.584,3537
230.034,3534
231.932,3533
232.317,3529
232.519,3528
232.713,3526
232.907,3524
233.572,3522
235.236,3521
235.677,3520
236.358,3519
236.6,3518
236.826,3516
237.496,3515
237.744,3514
238.277,3512
238.537,3511
239.253,3510
239.48,3507
239.905,3505
240.367,3504
241.054,3503
241.279,3502
241.507,3501
241.687,3499
241.939,3498
242.245,3497
242.896,3496
243.338,3494
244.108,3492
244.32,3491
244.624,3490
245.032,3489
245.299,3488
245.503,3487
246.708,3486
247.19,3485
247.696,3484
248.168,3483
248.576,3480
248.805,3479
249.472,3478
249.731,3477
249.986,3476
250.222,3475
250.431,3474
250.662,3473
250.862,3471
251.539,3470
253.3,3468
254.049,3467
254.283,3466
254.933,3465
255.154,3464
255.587,3463
255.776,3462
255.971,3461
256.409,3459
257.452,3458
257.717,3457
257.938,3456
258.143,3455
258.379,3454
258.578,3453
258.775,3452
260.272,3450
260.975,3447
262.295,3446
262.699,3445
263.125,3444
263.324,3443
263.553,3441
263.995,3440
264.227,3439
264.702,3438
265.229,3437
265.457,3435
266.223,3431
268.097,3427
269.411,3424
270.132,3422
270.647,3421
270.851,3420
271.767,3416
272.305,3415
273.062,3414
273.51,3413
274.287,3411
274.829,3410
275.02,3409
275.309,3408
276.065,3406
276.789,3404
278.35,3402
278.584,3400
279.029,3398
279.25,3397
279.48,3396
281.437,3394
281.89,3393
283.6,3392
284.167,3391
284.514,3390
285.645,3388
286.119,3387
286.543,3385
286.771,3384
287.984,3383
288.685,3382
288.879,3378
289.989,3373
293.008,3372
293.24,3370
293.447,3369
295.253,3368
295.526,3367
297.039,3365
297.501,3364
297.716,3362
298.902,3361
299.386,3359
299.814,3355
300.023,3354
300.251,3352
301.161,3351
301.367,3350
301.838,3349
302.041,3347
303.661,3346
303.856,3345
304.765,3344
305.205,3342
305.853,3341
306.063,3340
307.017,3339
307.281,3338
307.683,3336
308.575,3335
308.807,3333
309.231,3331
309.506,3329
312.053,3326
312.27,3325
312.719,3323
313.191,3322
314.164,3319
315.729,3316
315.94,3315
316.561,3313
319.18,3312
319.377,3311
319.626,3310
320.448,3309
320.699,3307
322.498,3304
322.917,3303
323.3,3302
323.495,3301
324.136,3300
324.356,3299
324.599,3298
324.863,3297
325.725,3295
328.146,3294
328.719,3293
329.43,3292
329.636,3291
329.84,3290
330.11,3288
332.043,3287
333.816,3286
334.059,3285
334.854,3284
336.191,3283
336.437,3279
338.101,3276
339.682,3275
340.268,3273
341.899,3270
342.888,3269
343.881,3264
344.856,3263
347.18,3262
347.404,3259
347.888,3258
350.877,3257
351.408,3256
352.76,3255
352.98,3254
353.188,3253
353.38,3252
354.012,3251
356.51,3247
357.991,3246
358.228,3244
358.444,3243
360.095,3242
360.303,3241
360.73,3240
361.782,3239
362.702,3238
362.97,3237
363.199,3235
364.597,3234
365.782,3233
365.99,3231
366.278,3230
366.519,3229
366.774,3228
367.541,3226
368.045,3225
368.277,3224
368.488,3222
371.343,3221
371.537,3220
372.01,3219
372.889,3217
374.998,3215
375.642,3214
376.682,3212
376.89,3209
377.123,3208
379.176,3206
379.575,3201
379.784,3200
383.256,3199
383.443,3196
384.343,3194
384.558,3193
385.967,3192
386.394,3191
386.596,3190
387.707,3186
387.937,3184
388.444,3183
389.151,3182
391.356,3181
392.301,3180
392.52,3178
393.285,3176
393.747,3175
394.748,3170
398.804,3169
399.006,3168
399.462,3167
399.667,3166
399.932,3165
400.217,3164
400.451,3163
400.97,3162
401.206,3160
401.647,3159
402.281,3158
402.481,3157
402.686,3156
402.893,3155
403.546,3154
405.493,3153
405.743,3152
405.95,3149
407.414,3148
407.611,3147
407.847,3145
408.77,3144
409.341,3143
409.971,3141
410.189,3137
410.81,3134
416.948,3133
419.623,3132
420.91,3130
422.823,3129
423.578,3128
423.996,3127
425.681,3126
425.961,3125
426.182,3121
429.805,3119
430.954,3118
431.414,3117
432.059,3116
434.252,3115
434.954,3113
435.186,3111
439.065,3110
439.257,3108
442.29,3107
442.78,3106
443.175,3104
444.246,3103
444.467,3102
446.271,3101
446.506,3100
447.33,3099
447.991,3098
448.257,3097
448.482,3096
448.965,3095
449.195,3094
449.42,3091
449.654,3090
451.003,3088
452.634,3087
453.087,3086
453.842,3084
457.407,3083
458.467,3082
458.692,3080
458.899,3079
459.173,3078
459.586,3075
460.25,3074
460.456,3073
461.298,3072
462.075,3071
462.518,3070
463.885,3068
466.232,3067
466.702,3066
467.534,3065
467.736,3064
468.167,3063
468.355,3061
469.318,3060
469.998,3058
471.478,3057
472.314,3056
472.818,3054
473.044,3053
475.459,3051
476.643,3050
478.44,3049
481.979,3048
482.236,3044
483.917,3043
485.523,3042
485.955,3041
486.15,3040
486.622,3037
487.724,3036
488.251,3035
489.77,3034
490.669,3033
491.08,3032
491.322,3031
493.795,3028
496.728,3027
496.929,3026
497.597,3025
501.7,3024
502.434,3023
504.324,3022
505.201,3021
506.027,3020
507.063,3014
507.685,3013
510.628,3012
510.863,3011
514.277,3009
518.288,3008
519.151,3006
519.573,3004
524.046,3003
532.247,3002
533.326,3001
533.656,3000
534.138,2999
534.34,2998
534.548,2997
535.399,2996
535.839,2995
536.422,2993
539.321,2991
539.737,2990
540.375,2989
545.532,2987
545.718,2986
550.041,2982
558.435,2980
565.036,2979
568.321,2978
568.555,2977
570.464,2976
571.728,2975
571.992,2974
572.662,2973
575.047,2972
577.19,2970
581.476,2969
586.674,2968
587.415,2967
587.867,2966
588.499,2965
589.558,2964
590.521,2961
591.592,2960
592.182,2958
592.394,2957
592.618,2956
592.829,2955
594.36,2952
595.007,2950
597.549,2946
604.84,2945
605.366,2943
607.722,2940
608.706,2938
610.757,2937
612.375,2936
614.697,2934
614.877,2932
616.159,2931
617.185,2930
618.643,2929
619.259,2928
620.442,2927
620.866,2925
621.09,2924
622.086,2921
622.724,2919
624.953,2918
625.157,2917
629.619,2916
630.526,2915
630.794,2914
632.024,2913
633.13,2910
635.866,2909
643.845,2908
645.729,2907
645.949,2905
647.582,2904
647.794,2903
648.207,2901
648.422,2900
652.48,2899
656.347,2898
658.41,2895
660.142,2894
660.354,2893
660.809,2891
662.213,2890
662.43,2889
665.863,2887
666.757,2886
670.471,2885
670.891,2884
671.367,2883
673.207,2882
676.799,2881
677.314,2880
677.54,2878
678.564,2875
685.032,2873
685.453,2868
699.758,2866
700.869,2863
704.985,2861
710.095,2859
713.175,2858
713.817,2857
720.375,2856
724.966,2855
727.412,2854
730.82,2851
732.749,2847
738.387,2845
742.815,2844
757.053,2843
758.369,2842
758.815,2841
761.693,2840
764.068,2839
769.605,2836
771.359,2833
772.755,2831
774.461,2829
775.514,2828
783.558,2826
792.412,2825
792.611,2824
797.57,2823
797.954,2821
798.597,2820
801.436,2819
803.851,2818
804.308,2817
806.63,2816
808.285,2815
808.491,2814
808.758,2813
808.993,2812
809.229,2809
809.468,2806
817.524,2804
817.761,2803
818.023,2802
820.922,2800
825.347,2799
834.843,2798
835.668,2797
835.891,2794
836.556,2792
849.584,2791
854.95,2789
855.167,2788
855.363,2787
855.833,2786
856.31,2785
859.373,2783
859.568,2782
865.051,2781
866.263,2780
866.459,2778
866.908,2777
878.886,2776
884.429,2774
889.374,2773
889.573,2772
890.079,2770
895.466,2769
901.461,2768
902.201,2767
914.846,2766
927.236,2765
949.156,2763
953.789,2762
967.869,2759
968.676,2756
975.273,2755
976.099,2754
987.533,2752
1030.41,2751
1030.62,2750
1030.81,2749
1058.96,2748
1060.14,2745
1077.33,2744
1077.53,2743
1080.65,2741
1082.38,2740
1083.92,2739
1085.4,2738
1141.98,2737
1143.87,2736
1146.29,2734
1146.51,2733
1147.41,2732
1147.85,2731
1149.26,2728
1158.11,2726
1166.31,2725
1184.74,2724
1189.49,2723
1203.25,2721
1325.83,2720
1326.53,2719
1328.46,2717
1338.74,2715
1339.44,2714
1362,2713
1362.46,2712
1365.99,2711
1367.98,2710
1373.63,2709
1377.17,2708
1379.72,2707
1380.05,2706
1381.64,2705
1444.99,2704
1462.97,2702
1464.42,2701
1465.28,2700
1472.06,2699
1472.68,2698
1494.38,2697
1498.82,2696
1499.04,2695
1500.12,2693
1514.2,2692
1522.63,2690
1542.04,2689
1542.99,2688
1555.48,2687
1561.37,2686
1569.55,2685
1572.28,2684
1572.49,2683
1572.91,2681
1597.35,2680
1613.47,2679
1629.98,2678
1631.35,2677
1632.36,2676
1632.78,2673
1640.91,2672
1875.37,2669
1891.24,2668
1994.8,2667
2010.77,2666
2017,2665
2018.03,2664
2027.58,2663
2028.6,2662
2034.59,2661
2041.68,2660
2042.09,2658
2219.69,2657
2225.49,2656
2225.94,2654
2227.21,2653
2245.75,2651
2245.98,2650
2425.6,2649
2431.64,2648
2434.9,2647
2437.98,2646
2461.6,2644
2461.82,2643
2464.97,2642
2465.34,2641
2466.45,2640
2467.82,2639
2468.87,2638
2469.08,2637
2469.68,2636
2473.94,2634
2476.18,2633
2489.57,2630
2511.31,2628
2512.82,2627
2515.59,2626
2515.99,2625
2516.46,2624
2517.59,2623
2519.87,2622
2520.05,2620
2525.14,2619
2536.32,2617
4499.34,2615
4504.99,2613
4521.99,2612
4522.61,2610
4555.91,2609
4559.8,2608
4842.49,2607
4842.68,2606
4843.71,2604
4850.61,2603
4854.67,2602
4862.33,2601
4863.1,2600
4863.82,2599
4869.72,2598
4904.26,2597
4909.52,2596
4911.02,2595
4911.69,2592
5074.92,2591
5112.5,2589
5193,2587
5193.27,2586
5193.49,2585
5199.97,2584
5322.68,2583
5871.27,2582
6892.09,2581
6913.69,2580
6913.95,2579
6914.81,2578
6915.75,2577
6927.86,2573
7778.42,2572
7779,2570
7823.32,2569
7824.31,2568
7824.49,2567
7824.88,2566
7826.89,2565
7827.28,2564
7828.66,2563
7829.96,2562
7831.31,2561
7832.46,2560
7832.72,2557
7834.56,2556
7837.78,2553
7837.96,2552
8160.39,2551
8162.99,2550
8167.22,2549
8903.42,2548
8903.87,2547
8904.82,2545
8905.01,2544
8910.15,2542
9711.51,2541
9712.49,2539
9812.07,2538
10283.9,2537
10289.1,2536
10289.6,2535
10298.6,2534
10322.3,2533
10323.5,2531
10327,2530
10331.2,2529
10339.5,2528
10397.6,2527
10410.6,2526
10411,2523
16399,2522
16422.1,2521
16424.8,2520
16425.8,2519
16431.2,2517
16457.2,2516
16458.4,2514
16458.6,2513
16460.1,2512
16462.8,2510
16471.7,2507
16498.5,2506
16518.6,2505
16524.9,2504
