0.510757,4940
0.783905,4939
0.999472,4938
1.25327,4937
1.4921,4936
1.74649,4935
1.98507,4934
2.19949,4933
2.422,4932
2.6455,4930
2.8446,4929
3.08234,4928
3.30423,4927
3.52985,4926
3.78686,4923
4.04326,4920
4.39226,4918
4.62705,4917
4.88681,4914
5.18155,4909
5.41665,4907
5.67963,4906
5.90983,4904
6.16362,4902
6.45109,4896
6.66333,4895
6.9211,4894
7.18085,4891
7.41075,4890
7.64248,4889
7.96916,4888
8.26082,4884
8.55621,4883
8.79479,4882
9.06827,4879
9.32195,4876
9.56352,4875
9.80163,4873
10.0327,4870
10.2647,4869
10.5034,4868
10.7174,4866
10.9802,4864
11.2365,4863
11.4769,4857
11.7465,4844
12.061,4843
12.355,4839
12.5594,4838
12.839,4829
13.0712,4828
13.2979,4824
13.5692,4823
13.7967,4820
14.0664,4819
14.3224,4817
14.5272,4816
14.7626,4815
14.9908,4810
15.2125,4809
15.4717,4804
15.7781,4799
16.0155,4797
16.3264,4794
16.536,4792
16.7557,4790
16.9697,4781
17.1959,4778
17.418,4777
17.6538,4775
17.8864,4773
18.1182,4772
18.39,4768
18.6418,4765
18.8443,4759
19.0813,4757
19.4273,4756
19.6962,4752
19.9506,4750
20.2286,4748
20.453,4744
20.6655,4743
20.8963,4742
21.0891,4740
21.3028,4738
21.5681,4736
21.7805,4733
21.9769,4732
22.2305,4730
22.4492,4729
22.679,4725
22.9577,4724
23.1968,4717
23.5286,4711
23.7729,4710
24.2138,4708
24.4153,4705
24.6336,4704
24.8888,4702
25.1002,4701
25.3027,4700
25.5896,4694
25.844,4690
26.068,4686
26.3551,4684
26.5667,4682
26.8306,4674
27.1507,4673
27.4097,4670
27.6974,4668
27.9761,4665
28.2619,4661
28.4851,4659
28.7309,4656
29.0308,4655
29.256,4654
29.4803,4653
29.714,4652
29.9506,4648
30.2027,4646
30.4564,4645
30.7787,4643
31.0677,4641
31.3483,4639
31.6662,4633
31.8915,4632
32.1453,4630
32.398,4626
32.6257,4625
32.8789,4624
33.1825,4623
33.457,4621
33.7181,4620
33.9592,4617
34.2377,4615
34.5075,4613
34.741,4612
35.1047,4608
35.4342,4607
35.7424,4604
35.9937,4603
36.2422,4602
36.5088,4597
36.7122,4594
37.0732,4591
37.3073,4585
37.6032,4584
37.8612,4583
38.1349,4579
38.4507,4576
38.7378,4575
39.0542,4572
39.3201,4567
39.6178,4566
39.8388,4565
40.0935,4564
40.326,4561
40.6032,4559
40.8256,4557
41.0731,4554
41.3511,4552
41.5986,4551
41.8288,4549
42.0996,4548
42.3152,4546
42.5897,4541
42.8701,4540
43.1626,4536
43.4224,4535
43.6564,4532
43.8858,4531
44.1165,4528
44.5344,4524
44.7412,4520
45.0054,4519
45.2087,4517
45.4196,4516
45.6577,4515
45.8773,4514
46.0862,4511
46.2955,4510
46.5383,4508
46.7665,4507
46.9724,4505
47.2024,4502
47.4068,4496
47.6263,4495
47.8705,4493
48.0726,4490
48.3835,4486
48.6623,4483
48.8872,4482
49.172,4477
49.3483,4476
49.5923,4474
49.8699,4473
50.0944,4472
50.3051,4471
50.5507,4470
50.7638,4468
50.9938,4464
51.2366,4462
51.4665,4461
51.6959,4460
51.9125,4458
52.1758,4457
52.4438,4454
52.7055,4452
52.921,4451
53.1504,4450
53.3623,4449
53.5659,4448
53.828,4444
54.0563,4443
54.2908,4441
54.5219,4440
54.7546,4436
54.9738,4434
55.2116,4433
55.4119,4429
55.6803,4428
55.9709,4424
56.2333,4423
56.5189,4422
56.7404,4421
56.9638,4420
57.2426,4417
57.4671,4413
57.6757,4408
57.9401,4407
58.1549,4406
58.3865,4405
58.5283,4402
58.8387,4401
59.0878,4399
59.3357,4398
59.5716,4397
59.8172,4394
60.1029,4393
60.3301,4392
60.538,4391
60.787,4389
60.9965,4387
61.2863,4386
61.4813,4381
61.6897,4380
61.9444,4379
62.164,4378
62.4175,4375
62.6166,4372
62.8177,4367
63.041,4365
63.3435,4364
63.5786,4361
63.9104,4360
64.1665,4359
64.4034,4356
64.8109,4353
65.019,4350
65.2467,4348
65.4839,4347
65.7232,4346
66.0066,4345
66.2165,4344
66.4245,4342
66.6724,4341
66.8699,4340
67.1087,4339
67.4091,4337
67.6921,4336
67.9224,4335
68.1473,4332
68.3703,4331
68.5998,4329
68.8736,4328
69.1084,4325
69.3148,4324
69.5626,4322
69.8067,4321
70.0395,4319
70.2811,4318
70.5501,4317
70.7569,4315
71.0749,4314
71.336,4313
71.6199,4308
71.8599,4306
72.0877,4305
72.3916,4299
72.583,4296
72.7866,4295
73.0441,4294
73.2404,4291
73.4533,4290
73.7038,4286
73.9323,4285
74.1433,4284
74.4251,4282
74.6347,4277
74.9115,4275
75.1701,4274
75.4248,4272
75.6268,4270
75.8681,4266
76.0876,4264
76.293,4262
76.5523,4261
76.7575,4258
76.9599,4257
77.2034,4256
77.3964,4253
77.6143,4250
77.8711,4249
78.0521,4247
78.2833,4246
78.5782,4244
78.8136,4242
79.0524,4241
79.2756,4240
79.5009,4239
79.7445,4237
79.9621,4236
80.1797,4235
80.428,4234
80.6485,4233
80.8699,4231
81.1386,4229
81.335,4228
81.5451,4227
81.7777,4226
81.9755,4225
82.231,4224
82.5363,4223
82.7865,4222
83.0367,4221
83.2871,4220
83.4998,4219
83.6909,4218
83.9432,4216
84.157,4215
84.3879,4213
84.6052,4211
84.9698,4210
85.206,4209
85.4003,4208
85.6134,4206
85.8976,4205
86.2426,4204
86.4919,4202
86.8047,4197
87.0205,4196
87.3436,4194
87.5563,4192
87.8185,4191
88.0903,4190
88.3229,4189
88.5272,4188
88.8169,4185
89.0598,4184
89.3697,4183
89.5994,4182
89.8717,4181
90.1804,4180
90.4745,4179
90.7362,4178
90.9943,4177
91.2747,4176
91.5884,4175
91.8391,4174
92.1239,4173
92.382,4172
92.6678,4171
92.8853,4170
93.1897,4169
93.4422,4165
93.7271,4163
94.0555,4162
94.3419,4159
94.594,4157
94.8616,4156
95.1014,4155
95.3856,4154
95.6478,4152
95.9222,4151
96.2023,4150
96.4641,4149
96.7283,4143
96.9655,4142
97.1872,4141
97.4344,4140
97.7154,4139
97.955,4138
98.2211,4135
98.4384,4134
98.7355,4131
98.9726,4128
99.1925,4126
99.4616,4125
99.6626,4122
99.8771,4121
100.123,4120
100.316,4119
100.565,4117
100.824,4115
101.054,4114
101.343,4113
101.592,4111
101.884,4110
102.108,4109
102.314,4108
102.555,4107
102.809,4106
103.027,4105
103.286,4102
103.496,4100
103.722,4099
103.997,4098
104.271,4097
104.476,4094
104.73,4093
105.077,4092
105.405,4091
105.655,4089
105.915,4088
106.139,4085
106.352,4084
106.56,4082
106.804,4080
107.029,4079
107.24,4078
107.473,4077
107.679,4076
107.885,4075
108.116,4074
108.333,4072
108.542,4070
108.771,4069
109.069,4068
109.301,4067
109.543,4066
109.789,4065
109.999,4064
110.242,4063
110.509,4058
110.735,4054
110.971,4053
111.154,4052
111.376,4051
111.576,4050
111.775,4048
111.975,4046
112.209,4043
112.421,4042
112.649,4041
112.888,4040
113.132,4039
113.342,4038
113.607,4037
113.809,4036
114.009,4035
114.257,4033
114.467,4031
114.661,4030
114.889,4029
115.099,4028
115.315,4026
115.571,4025
115.774,4024
115.985,4023
116.229,4022
116.461,4021
116.723,4019
117.003,4018
117.241,4017
117.446,4016
117.679,4015
117.898,4013
118.109,4012
118.356,4010
118.556,4009
118.779,4007
119.043,4006
119.28,4005
119.499,4004
119.726,4003
119.921,4002
120.195,4000
120.501,3999
120.752,3998
121.015,3997
121.273,3996
121.492,3995
121.689,3994
121.977,3993
122.199,3992
122.428,3991
122.642,3990
122.854,3987
123.098,3986
123.354,3985
123.581,3983
123.805,3982
124.102,3981
124.403,3980
124.696,3977
125.031,3975
125.466,3974
125.719,3973
125.946,3972
126.188,3971
126.495,3970
126.773,3969
126.982,3968
127.264,3967
127.463,3965
127.721,3964
128.034,3961
128.26,3960
128.533,3958
128.748,3957
128.956,3956
129.23,3955
129.422,3954
129.666,3953
129.938,3951
130.162,3950
130.392,3947
130.656,3946
130.875,3945
131.113,3944
131.388,3943
131.591,3942
131.86,3940
132.168,3939
132.424,3935
132.657,3932
132.867,3931
133.093,3929
133.332,3928
133.567,3927
133.778,3926
134.002,3925
134.265,3924
134.506,3923
134.709,3922
134.954,3921
135.16,3920
135.411,3919
135.686,3918
135.921,3917
136.114,3916
136.344,3914
136.551,3913
136.749,3911
136.973,3910
137.182,3909
137.41,3908
137.649,3907
137.864,3906
138.079,3905
138.328,3904
138.507,3903
138.727,3902
138.976,3900
139.256,3899
139.479,3898
139.725,3897
139.937,3896
140.162,3895
140.373,3894
140.584,3893
140.811,3891
141.006,3890
141.208,3889
141.457,3888
141.643,3887
141.862,3886
142.094,3885
142.304,3884
142.521,3883
142.769,3882
143.081,3881
143.313,3880
143.609,3879
143.82,3878
144.032,3877
144.276,3876
144.48,3875
144.702,3874
144.977,3873
145.211,3872
145.434,3871
145.825,3870
146.04,3869
146.309,3868
146.597,3867
146.846,3866
147.15,3865
147.384,3864
147.606,3863
147.905,3862
148.161,3861
148.42,3860
148.622,3859
148.862,3858
149.139,3857
149.411,3855
149.662,3854
149.914,3853
150.179,3852
150.476,3851
150.761,3849
151.053,3848
151.315,3846
151.577,3845
151.819,3844
152.035,3843
152.337,3842
152.577,3841
152.828,3840
153.129,3839
153.355,3838
153.648,3837
153.918,3836
154.371,3835
154.688,3834
154.969,3833
155.357,3831
155.701,3830
155.973,3828
156.2,3826
156.4,3825
156.623,3824
156.812,3823
157.074,3822
157.289,3821
157.494,3820
157.734,3819
157.935,3818
158.164,3817
158.467,3816
158.741,3815
159.011,3814
159.269,3813
159.471,3812
159.726,3811
159.952,3810
160.175,3809
160.386,3808
160.63,3807
160.84,3806
161.071,3805
161.28,3804
161.566,3803
161.786,3802
162.058,3801
162.379,3800
162.657,3799
162.943,3798
163.148,3797
163.347,3796
163.542,3794
163.8,3793
164.026,3792
164.249,3790
164.474,3789
164.702,3788
164.913,3787
165.156,3786
165.392,3784
165.624,3782
165.902,3781
166.146,3780
166.375,3779
166.627,3778
166.829,3777
167.057,3776
167.266,3775
167.476,3774
167.684,3773
167.921,3772
168.129,3771
168.331,3770
168.557,3769
168.762,3768
168.98,3767
169.211,3766
169.419,3765
169.694,3763
169.946,3762
170.2,3761
170.414,3760
170.646,3759
171.007,3757
171.23,3756
171.463,3755
171.669,3754
171.884,3753
172.097,3752
172.341,3751
172.552,3750
172.767,3749
172.964,3748
173.199,3747
173.448,3746
173.693,3745
173.964,3744
174.198,3743
174.464,3742
174.658,3741
174.862,3740
175.098,3739
175.312,3738
175.525,3737
175.75,3736
175.98,3735
176.188,3734
176.397,3733
176.614,3732
176.811,3731
177.039,3730
177.331,3729
177.575,3728
177.788,3727
178.069,3726
178.276,3725
178.481,3724
178.72,3723
178.971,3722
179.243,3721
179.566,3720
179.766,3719
180.005,3718
180.246,3717
180.463,3716
180.678,3715
180.976,3714
181.218,3713
181.505,3712
181.71,3711
181.916,3710
182.164,3709
182.559,3708
183.043,3707
183.264,3706
183.498,3705
183.707,3704
183.952,3703
184.168,3702
184.376,3701
184.641,3700
184.892,3699
185.125,3698
185.374,3697
185.6,3696
185.807,3695
186.272,3694
186.481,3693
186.709,3689
187.12,3684
187.369,3683
187.564,3682
187.966,3681
188.463,3680
188.983,3679
189.391,3678
189.832,3676
190.042,3675
190.277,3674
190.483,3673
190.704,3670
191.151,3669
191.756,3668
191.964,3665
193.647,3664
193.856,3663
194.092,3662
194.337,3661
194.549,3660
194.759,3658
194.976,3657
195.181,3655
195.593,3653
196.337,3652
196.621,3651
196.822,3647
197.437,3644
197.652,3643
197.848,3642
198.276,3641
199.337,3638
199.788,3637
200.526,3636
200.708,3635
200.91,3634
201.159,3632
201.387,3630
201.597,3628
202.282,3625
203.096,3624
204.503,3623
205.406,3622
205.598,3621
206.323,3619
206.682,3618
206.932,3617
207.285,3616
207.599,3615
207.923,3614
208.253,3613
208.499,3609
209.582,3607
210.749,3605
211,3604
212.169,3601
213.455,3599
214.944,3598
215.207,3597
215.5,3596
215.749,3595
216.027,3594
216.213,3593
216.451,3592
216.693,3591
216.926,3590
217.131,3589
217.363,3588
217.61,3587
217.835,3585
218.043,3583
218.266,3582
218.48,3581
218.731,3580
219.023,3579
219.282,3578
219.528,3577
219.852,3576
220.074,3575
220.314,3574
220.535,3572
220.764,3571
220.976,3569
221.201,3568
221.434,3566
221.92,3563
222.163,3562
222.366,3561
223.6,3559
224.479,3558
224.706,3556
225.143,3552
225.774,3551
226.218,3550
226.402,3549
226.647,3547
226.926,3543
227.396,3541
228.792,3540
229.915,3539
230.706,3538
231.175,3537
231.377,3534
232.39,3532
232.582,3531
233.424,3530
233.666,3528
234.394,3527
234.627,3526
234.861,3525
235.331,3524
235.79,3523
235.987,3522
236.231,3521
236.45,3520
236.658,3517
236.872,3516
237.105,3513
238.067,3512
238.598,3510
240.543,3507
241.483,3506
241.714,3505
242.471,3504
242.673,3500
242.889,3499
243.123,3498
245.49,3497
246.39,3496
246.662,3495
248.159,3493
249.04,3491
249.268,3489
250.261,3486
251.332,3485
251.557,3484
252.415,3482
252.849,3481
253.061,3480
254.28,3479
254.467,3478
255.105,3476
255.534,3474
256.767,3473
257.044,3471
257.723,3470
257.917,3468
258.136,3467
258.339,3466
258.55,3464
259.011,3463
259.22,3462
259.661,3458
260.685,3457
261.182,3456
261.673,3455
262.11,3454
262.313,3453
262.76,3452
262.97,3451
263.175,3449
263.618,3448
263.826,3447
265.034,3444
265.481,3443
265.905,3441
266.114,3440
266.525,3439
267.024,3438
267.751,3437
269.313,3436
269.515,3435
270.049,3431
270.736,3427
272.978,3426
273.18,3424
274.176,3423
274.453,3422
274.946,3421
275.212,3420
275.422,3419
275.621,3418
275.919,3416
276.426,3415
276.861,3414
277.316,3411
278.182,3410
278.627,3409
278.841,3407
279.318,3406
280.625,3405
280.834,3404
281.072,3403
281.374,3402
281.569,3401
281.77,3400
281.992,3399
282.222,3397
282.8,3396
282.95,3395
283.254,3393
283.576,3391
284.487,3390
284.907,3389
285.171,3388
285.413,3387
286.749,3386
287.223,3384
288.657,3381
290.225,3380
290.512,3379
290.765,3378
291.264,3376
292.818,3374
293.277,3373
294.134,3372
294.342,3371
294.579,3370
294.841,3369
295.077,3367
295.577,3365
296.639,3364
297.329,3362
297.525,3361
297.741,3360
298.401,3357
299.645,3356
300.121,3355
300.308,3354
300.774,3353
300.999,3351
302.894,3350
303.114,3349
303.306,3348
303.523,3346
303.713,3345
305.086,3344
305.288,3342
306.193,3341
306.451,3340
306.661,3339
308.372,3334
308.82,3333
309.567,3332
310.062,3331
310.309,3329
310.715,3328
312.282,3326
313.505,3325
314.214,3322
315.098,3319
317.705,3317
317.937,3316
318.148,3314
318.559,3313
318.786,3312
318.994,3311
319.195,3310
319.382,3309
319.634,3308
320.037,3307
320.993,3306
321.673,3304
321.877,3302
322.324,3301
322.735,3299
323.356,3298
324.938,3297
325.411,3296
325.792,3293
327.278,3292
327.483,3291
327.763,3290
327.975,3289
328.999,3288
329.239,3287
329.471,3286
329.69,3284
330.826,3283
331.347,3282
331.58,3281
332.698,3280
333.643,3279
333.89,3278
334.112,3276
335.393,3274
335.591,3273
335.975,3272
340.062,3270
341.05,3269
341.473,3268
342.417,3265
342.629,3263
344.842,3262
345.253,3261
345.665,3260
345.882,3259
346.536,3258
346.744,3257
348.11,3256
348.493,3255
348.897,3254
349.543,3253
349.754,3251
349.975,3250
350.207,3249
350.416,3248
351.69,3247
351.914,3244
355.966,3238
361.02,3237
361.825,3236
362.089,3234
363.283,3233
363.499,3232
364.694,3231
365.814,3229
366.563,3224
369.192,3223
369.431,3221
370.412,3220
373.125,3219
373.325,3218
373.509,3216
375.857,3215
376.068,3214
376.302,3212
376.5,3210
377.87,3207
380.628,3206
380.849,3205
382.208,3204
383.263,3203
385.283,3202
385.765,3200
387.056,3199
387.771,3198
388.009,3196
388.262,3195
389.734,3194
390.202,3193
390.695,3192
390.897,3191
391.413,3190
391.641,3185
395.032,3184
395.307,3183
395.873,3180
397.348,3179
397.571,3178
397.801,3177
398.016,3175
398.418,3174
398.84,3173
399.285,3172
399.482,3171
399.705,3169
399.993,3167
400.273,3165
400.545,3164
402.985,3163
403.428,3161
406.454,3160
408.445,3159
408.632,3158
409.425,3157
411.128,3154
412.82,3153
413.285,3152
413.69,3151
413.92,3150
414.329,3149
415.989,3147
417.057,3145
418.122,3144
419.951,3143
421.005,3141
421.22,3139
421.875,3138
424.772,3136
427.521,3135
427.705,3134
427.956,3132
430.365,3131
432.34,3130
432.774,3129
433.642,3128
434.059,3125
435.461,3124
435.676,3123
436.893,3120
439.149,3119
439.797,3118
440.005,3117
440.206,3116
441.484,3115
442.648,3114
442.857,3113
443.49,3112
443.689,3111
445.916,3110
446.791,3109
447.219,3107
447.624,3106
449.824,3105
451.604,3104
452.482,3103
452.925,3102
454.33,3101
455.467,3100
455.735,3099
457.873,3098
458.37,3097
458.596,3096
459.031,3095
459.28,3094
462.623,3093
463.054,3091
463.293,3090
463.994,3089
464.298,3087
464.514,3085
466.39,3084
466.596,3083
468.936,3082
473.233,3081
474.099,3080
474.301,3075
478.231,3073
478.613,3072
479.456,3071
479.664,3070
480.11,3069
490.578,3064
491.028,3063
491.24,3060
496.019,3057
499.939,3056
500.583,3055
501.008,3054
501.642,3053
502.113,3052
502.366,3051
502.919,3050
505.548,3049
505.988,3048
506.798,3045
507.092,3044
512.597,3043
513.757,3042
515.061,3041
516.383,3040
517.156,3039
519.013,3038
519.696,3037
519.915,3036
520.113,3035
520.984,3032
523.032,3031
524.547,3030
524.765,3029
525,3028
529.191,3027
529.36,3026
530.578,3025
530.795,3024
531.621,3023
531.848,3022
532.259,3021
532.489,3020
532.945,3017
535.458,3016
535.715,3015
536.928,3014
540.958,3013
542.249,3012
542.884,3011
543.311,3010
543.721,3009
543.961,3008
545.566,3007
545.77,3006
547.504,3004
547.714,3003
549.146,3000
549.388,2999
555.547,2998
556.737,2996
562.293,2994
564.658,2993
565.049,2992
565.678,2991
566.318,2990
567.907,2989
568.345,2988
568.59,2987
572.719,2986
575.639,2985
576.363,2984
578.823,2982
580.422,2981
581.707,2980
581.901,2979
582.68,2978
583.414,2977
585.087,2976
587.685,2975
588.319,2974
588.499,2973
588.709,2971
592.221,2968
593.458,2965
594.394,2964
594.791,2963
598.668,2962
599.729,2960
603.78,2959
603.985,2958
604.412,2957
605.801,2956
606.819,2955
608.142,2954
614.633,2953
615.061,2952
616.695,2951
617.985,2950
618.996,2949
623.306,2947
629.146,2946
629.408,2945
629.612,2944
631.828,2943
632.056,2942
632.511,2941
634.628,2940
635.93,2939
640.04,2938
643.122,2936
643.384,2935
648.831,2934
649.696,2933
651.897,2932
652.319,2931
657.101,2930
657.537,2929
657.771,2928
659.411,2927
659.853,2925
665.236,2924
665.762,2923
668.343,2922
668.757,2921
669.032,2919
670.066,2918
672.541,2917
672.763,2916
673.957,2915
677.542,2914
679.469,2912
684.085,2909
685.877,2908
686.892,2906
695.496,2904
698.563,2903
699.861,2902
702.047,2901
704.199,2900
705.085,2899
708.043,2897
713.763,2896
715.399,2895
716.322,2894
718.15,2893
718.604,2892
728.871,2889
736.207,2888
739.639,2886
740.3,2885
741.15,2884
742.077,2883
742.528,2881
745.641,2879
746.168,2878
747.623,2876
748.914,2875
750.983,2874
771.565,2872
773.265,2871
773.947,2866
774.268,2865
779.848,2864
780.118,2863
784.931,2861
787.876,2860
790.522,2859
790.754,2858
791.725,2857
798.61,2856
804.206,2855
804.434,2853
805.373,2852
811.143,2851
815.793,2850
818.194,2849
820.396,2848
827.708,2847
827.895,2846
833.556,2845
833.757,2844
835.599,2843
837.759,2842
838.001,2840
840.646,2839
841.159,2838
841.564,2837
879.635,2836
881.131,2834
882.562,2832
884.976,2829
892.64,2828
896.336,2827
897.983,2825
900.041,2824
905.233,2823
905.97,2822
908.054,2821
910.115,2820
914.229,2819
915.081,2818
918.158,2817
920.76,2816
921.622,2815
922.474,2813
925.293,2812
933.021,2811
936.41,2808
941.949,2807
950.92,2806
951.182,2805
952.954,2803
964.339,2802
967.824,2801
968.458,2800
974.612,2799
978.041,2798
983.206,2797
1001.9,2796
1008.01,2795
1008.4,2794
1011.29,2793
1011.53,2792
1042.1,2790
1050.12,2789
1051.19,2788
1051.44,2787
1054.71,2786
1055.04,2784
1082.23,2783
1085.48,2782
1090.36,2781
1090.86,2780
1092.77,2779
1093.63,2778
1094.77,2777
1095.33,2775
1095.57,2774
1096.85,2773
1097.08,2771
1105.59,2770
1108.14,2769
1114.37,2768
1146.73,2767
1166.14,2765
1174.47,2764
1174.7,2763
1175.01,2762
1176.2,2761
1176.43,2760
1180.73,2758
1188.75,2757
1207.54,2756
1218.03,2755
1221.71,2754
1222.37,2753
1224.04,2751
1224.55,2750
1226.83,2749
1234.43,2747
1237.62,2746
1237.86,2744
1239.46,2742
1240.41,2741
1242.96,2740
1243.17,2739
1253.86,2738
1371.69,2737
1374.53,2735
1377.67,2734
1384.74,2733
1385.2,2731
1395.55,2729
1398.88,2728
1411.89,2726
1436.48,2725
1437.77,2724
1442.79,2722
1677.75,2721
1677.96,2720
1699.31,2718
1699.71,2716
1729.45,2715
1733.1,2714
1736.86,2713
1738.15,2712
1740.35,2711
1740.59,2710
1742.11,2708
1751.47,2707
1754.21,2706
1755.73,2705
1760.09,2704
1774.82,2703
2241.99,2702
2245.2,2701
2269.83,2700
2276.43,2697
2279.25,2696
2472.12,2695
2488.49,2694
2488.68,2693
2499.34,2691
2507.66,2690
2509.41,2689
2516.05,2688
2520.14,2686
2529.58,2685
2533.31,2684
2533.52,2682
2551.62,2681
2558.92,2680
2559.74,2679
2565.16,2678
2571.11,2677
2572.32,2675
2619.98,2674
2623.94,2671
2624.63,2670
2627.75,2668
2734.27,2666
2734.71,2665
3186.19,2664
3196.24,2663
3202.77,2662
3205.34,2659
3207.86,2658
3228.06,2657
3244.13,2656
3290.11,2655
3296.65,2653
3297.12,2652
3298,2650
3309.36,2649
3336.61,2648
3338.28,2646
3614.64,2644
3654.1,2643
3655.01,2641
3657.19,2639
3657.96,2638
3662.2,2637
4063.2,2636
4078.78,2635
4087.96,2634
4089.41,2633
4090.53,2632
4091.21,2630
4101.61,2629
4250.97,2628
4257.23,2626
4424.1,2625
4458.28,2624
4476.91,2622
4477.09,2621
4508.09,2620
4513.47,2619
4514.51,2618
4613.63,2617
4615.99,2616
4661.68,2615
4661.91,2614
4725.08,2613
4725.56,2612
4728.03,2611
4771.73,2610
4791.43,2609
4791.85,2608
4792.29,2607
4794.48,2606
4807.48,2605
4812.65,2601
4824.94,2600
4831.49,2597
5171.46,2596
5194.6,2595
5195.83,2594
5196.03,2593
5197.58,2592
5211.13,2591
5212.87,2590
5223.89,2589
5224.11,2588
5281.45,2587
5857.35,2586
5858.12,2585
5858.58,2584
5867.4,2583
5867.64,2582
6361.37,2580
6583.56,2579
6734.47,2578
7528.38,2575
7531.7,2574
7578.25,2572
7583.37,2571
7585.29,2568
7608.3,2567
7612.23,2564
7823.49,2563
8101.6,2562
8106.2,2561
8465.61,2560
8471.93,2559
8533.57,2558
8533.78,2556
8588.84,2555
8589.8,2554
8593.61,2552
8599.43,2550
8602.83,2549
8609.23,2548
8624.35,2546
8645.23,2543
8730.03,2542
8732.84,2541
8736.82,2540
8737.01,2539
8747.05,2538
8747.44,2537
10588,2536
11021.1,2534
11021.3,2533
11028.5,2531
11031.3,2530
11032.1,2528
11038.1,2527
11060.7,2526
11063.3,2524
11136.5,2523
11138,2522
11139.3,2521
11139.4,2520
11139.7,2519
11218.3,2518
11218.5,2517
13435.4,2516
13435.6,2515
13457.9,2514
16728.9,2513
16733,2512
16763.7,2509
