0.48912,4940
0.794953,4939
1.04224,4938
1.28785,4937
1.51588,4936
1.75651,4935
2.03689,4934
2.23934,4933
2.47007,4932
2.69297,4931
2.95587,4930
3.16444,4929
3.3946,4927
3.61034,4925
3.88219,4921
4.1104,4919
4.46519,4918
4.71755,4913
4.96945,4912
5.27051,4911
5.49947,4910
5.74475,4909
5.97809,4907
6.23088,4906
6.50169,4903
6.70455,4901
6.93615,4898
7.22739,4894
7.46109,4892
7.69696,4891
7.99815,4885
8.28465,4878
8.58334,4877
8.85039,4876
9.10437,4871
9.37795,4870
9.59294,4867
9.80056,4866
10.0444,4862
10.2835,4858
10.5095,4857
10.744,4852
10.9829,4850
11.2243,4849
11.4853,4847
11.7221,4846
12.0405,4841
12.3121,4838
12.5755,4830
12.8296,4828
13.0914,4826
13.3118,4824
13.5837,4823
13.7821,4819
14.0448,4816
14.3197,4810
14.5396,4808
14.7373,4806
14.9664,4804
15.2102,4803
15.4184,4802
15.661,4801
15.9477,4800
16.2794,4798
16.5222,4794
16.7251,4793
16.9725,4789
17.1933,4788
17.409,4786
17.6251,4778
17.8845,4777
18.1098,4775
18.3983,4773
18.6508,4770
18.8658,4768
19.0597,4763
19.3784,4761
19.6544,4756
19.9219,4755
20.2248,4754
20.4477,4752
20.6524,4751
20.8951,4747
21.1005,4745
21.3085,4744
21.5621,4743
21.7647,4740
21.9807,4739
22.2115,4735
22.4473,4734
22.6793,4732
22.9186,4729
23.1674,4725
23.4675,4723
23.7604,4721
24.1697,4713
24.4328,4712
24.635,4705
24.8526,4704
25.0882,4701
25.3188,4700
25.5326,4695
25.8093,4693
26.0516,4689
26.337,4686
26.5864,4685
26.8026,4683
27.1174,4682
27.4121,4677
27.6999,4675
27.9726,4674
28.2375,4672
28.4685,4664
28.7169,4661
28.9879,4658
29.2395,4655
29.4628,4654
29.7378,4653
29.9504,4651
30.165,4650
30.4327,4646
30.7031,4645
31.0669,4644
31.3444,4643
31.6677,4640
31.8906,4638
32.1201,4637
32.3741,4634
32.6368,4632
32.8962,4628
33.1543,4627
33.429,4624
33.7155,4622
33.9372,4621
34.1767,4616
34.4986,4615
34.7089,4613
35.0131,4611
35.406,4609
35.7089,4608
35.9511,4607
36.2091,4605
36.48,4604
36.7027,4603
36.9705,4601
37.2854,4600
37.5415,4598
37.8397,4593
38.0953,4592
38.3464,4589
38.6211,4586
39.01,4583
39.2805,4582
39.5567,4581
39.814,4578
40.0438,4577
40.2722,4576
40.5419,4575
40.7979,4574
41.0392,4572
41.3108,4569
41.5599,4567
41.8323,4564
42.0843,4563
42.3382,4562
42.5844,4560
42.837,4558
43.151,4557
43.4122,4553
43.6291,4552
43.8659,4548
44.1115,4545
44.4742,4544
44.7337,4539
44.9381,4536
45.1773,4535
45.383,4532
45.5927,4531
45.8337,4528
46.0371,4527
46.256,4526
46.5001,4525
46.7151,4522
46.9305,4520
47.1566,4519
47.3941,4518
47.6068,4517
47.8151,4515
48.0335,4513
48.2704,4503
48.5971,4500
48.8721,4498
49.0887,4496
49.3685,4494
49.572,4493
49.8208,4492
50.0675,4491
50.3116,4487
50.5164,4485
50.73,4483
50.9617,4479
51.2019,4478
51.4275,4477
51.6432,4476
51.863,4474
52.1191,4473
52.4062,4471
52.6618,4467
52.9003,4466
53.138,4465
53.3558,4464
53.5563,4463
53.7497,4462
53.9939,4461
54.2148,4459
54.4784,4458
54.7114,4457
54.9302,4455
55.1302,4453
55.3959,4451
55.6049,4450
55.904,4449
56.1826,4445
56.443,4444
56.7148,4443
56.9174,4441
57.1338,4433
57.4388,4428
57.6623,4426
57.883,4425
58.1231,4424
58.3452,4423
58.5619,4422
58.7957,4420
59.057,4419
59.2757,4418
59.5418,4416
59.7797,4414
60.0499,4409
60.2934,4408
60.527,4405
60.7571,4403
60.9742,4402
61.1834,4399
61.4097,4398
61.6931,4392
61.9522,4389
62.1595,4386
62.3466,4385
62.6236,4384
62.8361,4382
63.0266,4381
63.2985,4378
63.569,4376
63.847,4375
64.1558,4374
64.3872,4370
64.7848,4367
65.0273,4366
65.2382,4364
65.4863,4362
65.7086,4361
65.9423,4359
66.2161,4356
66.4299,4354
66.6387,4353
66.8876,4352
67.1019,4350
67.4259,4349
67.6725,4348
67.9254,4344
68.1791,4343
68.3887,4341
68.6093,4338
68.8467,4337
69.1101,4336
69.3252,4335
69.6056,4331
69.8244,4330
70.0563,4329
70.3525,4327
70.5537,4326
70.7872,4324
71.1323,4323
71.3934,4322
71.6959,4318
71.9542,4317
72.1518,4316
72.3749,4315
72.6133,4314
72.8259,4313
73.0724,4311
73.2719,4310
73.4876,4308
73.7337,4307
73.9614,4306
74.1818,4304
74.4835,4303
74.6762,4299
74.9175,4298
75.2084,4294
75.4506,4293
75.6876,4292
75.9178,4288
76.1323,4286
76.3306,4285
76.5877,4280
76.7901,4276
77.0115,4275
77.2254,4274
77.434,4271
77.6496,4269
77.8463,4267
78.0706,4266
78.2832,4265
78.4973,4263
78.8098,4261
79.0509,4259
79.2917,4257
79.4891,4256
79.7332,4255
79.9629,4254
80.1872,4252
80.4331,4251
80.6527,4250
80.8805,4247
81.1389,4242
81.3457,4241
81.5552,4239
81.7723,4238
82.0047,4237
82.2116,4234
82.4783,4233
82.7411,4232
83.006,4228
83.2778,4227
83.4762,4226
83.6871,4225
83.934,4224
84.1352,4221
84.3538,4220
84.5806,4219
84.8011,4217
85.2041,4216
85.4229,4214
85.6149,4212
85.8225,4211
86.1904,4210
86.4857,4209
86.782,4207
87.0214,4206
87.2808,4205
87.5486,4204
87.772,4203
88.0328,4201
88.2904,4200
88.5283,4196
88.7903,4195
89.0281,4193
89.2702,4191
89.5613,4189
89.7862,4188
90.107,4187
90.4131,4186
90.725,4184
90.9487,4182
91.1884,4180
91.4874,4179
91.7825,4178
92.0647,4177
92.3249,4175
92.6029,4172
92.8389,4170
93.0787,4168
93.3006,4167
93.6091,4166
93.89,4165
94.2285,4163
94.5021,4162
94.8196,4161
95.0501,4160
95.2672,4159
95.5481,4158
95.8279,4157
96.114,4156
96.3629,4155
96.6307,4154
96.912,4153
97.1412,4152
97.3675,4151
97.5363,4149
97.8079,4148
98.1182,4146
98.3507,4144
98.5569,4143
98.8278,4142
99.0629,4141
99.3004,4140
99.5549,4139
99.7426,4138
99.9567,4137
100.191,4136
100.422,4135
100.649,4134
100.892,4133
101.124,4132
101.436,4131
101.686,4130
101.985,4128
102.217,4127
102.417,4126
102.664,4124
102.912,4122
103.149,4119
103.399,4115
103.614,4114
103.829,4112
104.08,4111
104.354,4108
104.566,4107
104.825,4106
105.06,4105
105.505,4103
105.75,4102
105.99,4100
106.219,4099
106.406,4098
106.643,4097
106.876,4095
107.086,4094
107.302,4093
107.53,4092
107.741,4091
107.933,4090
108.156,4089
108.386,4088
108.595,4086
108.81,4085
109.092,4084
109.346,4083
109.639,4082
109.866,4081
110.077,4080
110.36,4077
110.614,4074
110.82,4073
111.041,4071
111.249,4069
111.454,4067
111.647,4066
111.857,4065
112.062,4064
112.291,4063
112.511,4062
112.721,4061
113.017,4060
113.254,4059
113.539,4058
113.75,4057
113.96,4056
114.197,4055
114.415,4054
114.619,4053
114.823,4051
115.062,4050
115.269,4049
115.475,4048
115.713,4047
115.924,4046
116.114,4043
116.366,4042
116.602,4040
116.861,4039
117.166,4038
117.392,4037
117.608,4036
117.831,4033
118.044,4031
118.253,4030
118.498,4029
118.698,4028
118.911,4027
119.153,4025
119.39,4023
119.644,4022
119.851,4021
120.06,4020
120.307,4019
120.622,4018
120.872,4017
121.145,4016
121.39,4014
121.611,4013
121.855,4012
122.104,4011
122.308,4010
122.553,4006
122.754,4005
122.961,4004
123.208,4003
123.427,4002
123.625,4001
123.894,4000
124.231,3998
124.47,3997
124.782,3996
125.062,3995
125.51,3994
125.788,3992
126.012,3990
126.242,3989
126.586,3988
126.85,3987
127.079,3986
127.327,3984
127.544,3983
127.78,3981
128.078,3979
128.349,3978
128.633,3977
128.854,3975
129.071,3974
129.33,3973
129.567,3972
129.798,3970
130.026,3969
130.286,3968
130.514,3967
130.737,3965
130.979,3964
131.219,3963
131.471,3962
131.71,3961
131.956,3960
132.228,3959
132.514,3958
132.728,3957
132.963,3955
133.173,3951
133.423,3950
133.666,3949
133.876,3948
134.106,3947
134.371,3943
134.623,3942
134.834,3941
135.055,3940
135.259,3939
135.499,3938
135.781,3937
136,3936
136.253,3935
136.486,3934
136.688,3933
136.896,3932
137.12,3931
137.323,3930
137.553,3929
137.796,3927
138.018,3926
138.223,3925
138.46,3924
138.666,3923
138.873,3922
139.115,3920
139.393,3919
139.615,3918
139.856,3917
140.072,3916
140.29,3915
140.502,3913
140.712,3912
140.951,3911
141.15,3910
141.359,3909
141.58,3908
141.798,3907
141.993,3906
142.217,3905
142.42,3904
142.634,3903
142.941,3902
143.219,3901
143.449,3899
143.713,3898
143.921,3897
144.134,3896
144.396,3895
144.603,3894
144.826,3893
145.074,3891
145.324,3890
145.525,3888
145.937,3887
146.146,3886
146.39,3885
146.694,3884
146.984,3883
147.257,3882
147.499,3881
147.738,3880
147.99,3879
148.26,3878
148.5,3876
148.748,3875
148.953,3874
149.191,3872
149.484,3871
149.754,3870
149.998,3869
150.248,3867
150.582,3866
150.853,3865
151.151,3864
151.428,3863
151.682,3862
151.916,3860
152.155,3859
152.451,3857
152.683,3855
152.926,3854
153.235,3853
153.461,3852
153.737,3851
154.028,3850
154.458,3849
154.788,3848
155.107,3847
155.503,3846
155.722,3845
156.034,3844
156.263,3843
156.508,3842
156.718,3841
156.922,3840
157.17,3839
157.375,3838
157.587,3837
157.832,3836
158.041,3835
158.289,3834
158.562,3833
158.82,3832
159.105,3831
159.364,3830
159.566,3829
159.818,3828
160.06,3827
160.277,3826
160.479,3825
160.717,3824
160.932,3823
161.143,3822
161.365,3821
161.602,3820
161.843,3819
162.113,3818
162.437,3817
162.722,3816
163.005,3815
163.221,3813
163.428,3812
163.64,3811
163.861,3810
164.103,3809
164.325,3808
164.58,3807
164.815,3806
165.026,3805
165.255,3804
165.521,3803
165.722,3802
166.012,3801
166.259,3800
166.509,3799
166.732,3798
166.934,3797
167.161,3796
167.394,3795
167.611,3794
167.824,3793
168.054,3792
168.265,3791
168.459,3790
168.691,3789
168.897,3788
169.107,3787
169.346,3786
169.552,3785
169.797,3784
170.08,3783
170.297,3782
170.511,3781
170.747,3780
171.101,3779
171.351,3778
171.57,3777
171.779,3776
171.96,3775
172.183,3774
172.407,3773
172.643,3772
172.88,3771
173.084,3770
173.34,3769
173.592,3768
173.873,3767
174.112,3766
174.327,3765
174.574,3764
174.785,3763
174.986,3762
175.185,3761
175.42,3760
175.639,3759
175.846,3758
176.1,3757
176.306,3756
176.511,3754
176.726,3753
176.933,3752
177.165,3751
177.434,3749
177.676,3748
177.915,3747
178.171,3745
178.358,3744
178.588,3743
178.82,3742
179.062,3741
179.3,3740
179.627,3739
179.848,3738
180.109,3737
180.349,3736
180.561,3735
180.766,3734
181.055,3733
181.289,3732
181.566,3731
181.782,3730
181.983,3729
182.219,3728
182.433,3727
182.623,3726
182.876,3725
183.094,3724
183.324,3723
183.541,3719
183.752,3718
185.671,3715
186.347,3714
187.194,3713
187.39,3712
187.63,3709
188.062,3708
188.289,3707
188.544,3704
189.082,3703
189.98,3702
190.191,3701
190.411,3700
190.622,3699
190.831,3698
191.067,3697
191.287,3696
191.676,3695
191.882,3694
192.087,3693
192.358,3692
192.598,3691
192.845,3690
193.324,3685
193.531,3684
193.989,3683
194.225,3682
194.464,3678
194.682,3675
195.109,3674
195.319,3672
195.987,3671
196.495,3670
197.143,3668
197.36,3667
197.578,3666
197.777,3665
198.215,3663
198.417,3661
198.848,3654
199.277,3653
199.502,3652
201.33,3651
201.546,3650
202.458,3648
202.775,3646
204.689,3645
204.91,3644
205.117,3643
205.343,3642
205.528,3641
205.743,3640
205.962,3639
206.224,3638
206.439,3637
206.818,3636
207.101,3635
207.405,3634
207.736,3633
208.985,3632
209.272,3631
209.521,3629
209.755,3627
210.455,3626
210.694,3625
210.917,3624
211.159,3623
211.445,3622
211.72,3621
212.166,3620
212.398,3619
212.657,3617
212.877,3615
213.701,3610
214.405,3609
214.658,3608
214.921,3607
215.169,3606
215.491,3605
215.733,3603
215.984,3602
216.237,3601
216.445,3600
216.67,3599
216.911,3598
217.153,3597
217.366,3595
217.62,3586
219.579,3584
219.839,3583
220.292,3581
220.962,3580
221.412,3579
221.623,3574
222.781,3572
223.029,3571
223.297,3570
223.579,3569
224.005,3567
224.459,3566
224.68,3565
225.353,3560
225.995,3559
227.191,3557
227.939,3556
228.438,3555
228.653,3554
228.841,3553
229.297,3552
229.957,3551
230.166,3550
230.419,3549
230.988,3548
231.222,3547
231.433,3546
231.655,3545
231.872,3543
232.645,3541
232.849,3539
233.104,3538
234.711,3536
234.944,3534
235.195,3532
235.418,3531
235.673,3530
236.297,3529
236.961,3528
237.437,3527
237.656,3525
238.155,3524
238.671,3523
239.122,3522
239.353,3521
239.767,3518
239.991,3517
240.461,3516
240.921,3515
241.14,3514
242.776,3513
242.987,3511
243.983,3510
244.196,3508
245.114,3507
246.221,3506
246.562,3505
247.822,3504
248.286,3503
248.511,3500
248.733,3498
250.568,3496
251.882,3495
252.137,3494
252.351,3493
252.553,3490
252.768,3489
253.225,3488
253.512,3485
254.23,3481
254.433,3479
254.875,3478
257.264,3475
258.915,3474
259.159,3473
259.585,3470
260.01,3469
260.635,3467
261.103,3466
261.33,3465
261.788,3464
261.986,3463
262.195,3462
262.409,3461
262.625,3460
262.841,3458
263.729,3457
264.139,3456
264.366,3455
265.375,3453
266.021,3452
266.443,3451
266.653,3450
266.856,3449
267.143,3448
267.602,3443
269.371,3442
269.603,3441
269.845,3440
270.093,3439
270.317,3437
271.246,3436
271.483,3435
271.711,3434
271.932,3433
273.245,3432
273.477,3431
273.742,3430
273.97,3429
274.23,3427
274.49,3426
274.725,3425
275.245,3423
275.685,3422
275.982,3419
276.47,3417
276.728,3414
276.922,3413
277.569,3411
278.012,3410
278.69,3409
278.895,3408
279.127,3406
279.851,3405
280.587,3404
280.827,3403
281.048,3402
281.276,3401
281.549,3399
282.516,3397
282.898,3396
284.339,3394
285.025,3392
286.214,3390
287.378,3388
289.213,3386
290.598,3381
291.354,3380
292.06,3377
292.932,3376
293.759,3375
294.01,3374
294.437,3373
294.664,3370
294.905,3369
296.118,3366
297.412,3364
298.06,3361
298.483,3360
298.756,3358
300.373,3357
301.487,3353
304.208,3352
305.742,3351
305.958,3350
306.193,3348
307.371,3345
307.761,3344
307.997,3343
310.339,3342
310.988,3340
311.456,3339
311.915,3338
312.349,3337
312.547,3334
312.785,3332
313.259,3330
314.7,3328
314.91,3325
317.735,3324
318.164,3323
319.403,3322
319.851,3321
320.065,3320
320.495,3319
320.707,3318
322.731,3317
323.556,3315
326.634,3314
327.527,3312
327.794,3311
329.288,3310
329.763,3309
330.434,3308
330.655,3307
330.869,3305
332.708,3304
332.975,3302
333.43,3301
333.913,3300
334.634,3299
334.951,3297
335.399,3296
335.965,3295
336.582,3294
336.826,3293
337.065,3290
341.346,3289
341.569,3286
341.767,3285
343.209,3284
345.352,3283
346.186,3282
346.828,3280
348.03,3279
348.237,3278
348.648,3277
348.819,3276
349.035,3275
349.259,3271
351.286,3269
351.804,3268
352.888,3267
353.939,3266
354.148,3263
354.37,3262
354.584,3261
356.425,3260
356.635,3259
356.879,3256
358.864,3254
359.38,3253
359.84,3251
360.042,3250
360.684,3249
361.699,3246
362.828,3245
363.317,3244
363.542,3241
365.372,3240
365.619,3239
365.83,3236
366.55,3235
367.057,3234
367.333,3233
367.577,3231
367.824,3230
369.358,3229
370.353,3228
370.85,3227
371.509,3226
371.758,3225
371.977,3223
372.418,3220
375.623,3218
376.462,3216
376.88,3215
377.327,3214
377.509,3213
378.054,3212
378.543,3210
378.752,3209
379.596,3207
381.532,3206
381.987,3205
382.837,3204
383.038,3202
383.434,3200
385.193,3198
385.437,3196
386.312,3195
386.498,3194
388.041,3193
390.047,3192
390.268,3191
390.756,3190
390.976,3188
392.923,3187
393.221,3186
393.438,3185
393.645,3184
393.894,3183
394.174,3182
394.623,3180
394.908,3179
395.138,3174
398.919,3172
399.59,3171
400.603,3169
402.014,3167
402.239,3166
403.738,3165
404.01,3163
405.261,3162
406.156,3161
406.368,3158
406.787,3156
408.095,3155
408.774,3154
409.96,3152
411.274,3151
412.332,3150
412.778,3149
413.409,3146
414.451,3145
415.855,3141
416.352,3140
416.539,3139
416.75,3138
418.241,3137
418.462,3136
419.387,3135
422.831,3133
424.439,3132
426.639,3130
427.411,3129
427.62,3128
427.824,3127
429.348,3126
429.764,3125
429.97,3124
430.18,3123
430.433,3122
430.913,3121
436.347,3120
437.615,3119
438.289,3118
438.537,3114
439.632,3112
440.079,3111
440.705,3110
440.892,3106
442.489,3105
443.965,3104
444.849,3103
445.274,3102
445.463,3101
445.961,3100
447.273,3099
448.886,3098
450.935,3096
451.878,3094
452.094,3093
456.37,3092
457.605,3089
460.004,3088
463.587,3087
463.829,3086
465.97,3085
466.19,3083
468.299,3081
468.493,3080
470.776,3079
472.059,3078
472.264,3077
473.888,3075
474.514,3074
475.113,3073
475.655,3068
480.339,3066
482.606,3065
483.668,3064
484.878,3063
486.339,3062
486.579,3059
489.095,3058
489.738,3057
492.921,3056
493.135,3055
493.57,3054
493.995,3051
498.406,3047
499.786,3044
504.004,3043
504.521,3042
505.355,3041
505.551,3040
506.227,3039
506.522,3038
506.713,3036
511.347,3035
511.61,3034
513.024,3033
513.737,3032
513.99,3030
514.219,3028
514.445,3027
516.609,3026
516.882,3025
517.649,3023
519.733,3022
520.829,3021
521.227,3019
521.457,3017
524.654,3016
528.661,3015
529.521,3013
530.033,3012
530.713,3010
532.621,3009
534.331,3008
537.865,3007
538.264,3005
538.666,3003
539.074,2999
540.59,2998
541.987,2994
545.248,2991
545.471,2990
551.913,2989
552.946,2987
553.392,2986
557.973,2984
559.239,2983
559.918,2982
567.319,2981
569.225,2980
571.472,2978
572.201,2975
572.866,2973
573.588,2972
579.936,2971
580.197,2970
580.402,2969
580.607,2967
581.054,2966
581.473,2965
582.636,2964
582.872,2962
583.152,2961
585.77,2958
595.256,2957
595.475,2955
595.93,2954
596.11,2953
596.53,2951
606.035,2950
607.913,2949
608.143,2948
608.378,2945
623.15,2944
624.07,2943
625.791,2942
625.991,2941
627.733,2940
629.581,2939
630.308,2938
632.681,2936
634.359,2935
640.463,2934
640.74,2933
645.117,2932
645.324,2930
646.207,2929
646.434,2928
647.174,2927
649.925,2926
651.087,2922
651.307,2921
661.798,2919
667.944,2917
674.208,2916
681.614,2915
682.42,2914
684.282,2909
684.8,2908
707.435,2907
707.629,2906
710.499,2904
711.845,2901
714.748,2899
723.728,2898
730.175,2897
732.363,2894
733.705,2891
734.152,2889
735.851,2888
737.663,2886
738.868,2885
744.75,2884
745.396,2883
750.283,2882
750.729,2880
756.953,2879
760.349,2877
761.801,2875
763.278,2873
763.503,2871
767.817,2870
770.774,2868
771.004,2867
771.424,2866
774.346,2865
776.823,2864
777.566,2863
777.771,2862
778.002,2859
787.232,2858
787.422,2857
793.707,2856
795.769,2854
812.736,2853
816.743,2852
819.592,2851
819.83,2850
821.798,2849
822.042,2848
823.587,2846
824.225,2845
825.27,2843
832.567,2842
839.473,2840
841.382,2838
841.795,2837
842.005,2835
842.399,2834
843.207,2833
844.861,2831
845.952,2829
846.391,2828
846.582,2827
849.556,2826
850.214,2825
850.622,2824
854.93,2822
855.722,2821
857.802,2820
860.483,2819
865.565,2818
865.974,2817
866.2,2816
869.432,2813
893.465,2812
896.505,2811
971.92,2809
974.727,2806
1043.07,2805
1050.74,2803
1058.91,2802
1062.37,2801
1065.17,2800
1081.06,2799
1081.48,2798
1090.58,2797
1091.97,2796
1122.26,2795
1122.47,2794
1125.68,2793
1128.1,2792
1128.32,2791
1163.87,2790
1164.95,2788
1182.62,2787
1183.28,2786
1183.47,2785
1184.34,2784
1184.51,2783
1204.09,2782
1206.1,2781
1209.27,2780
1209.76,2779
1221.72,2778
1222.17,2777
1223.44,2775
1227.54,2774
1237.56,2773
1247.41,2772
1251.67,2770
1252.5,2769
1257.32,2768
1257.93,2767
1271.32,2766
1273.89,2765
1274.85,2762
1286.21,2761
1286.43,2760
1291.9,2759
1304.14,2758
1304.38,2757
1315.94,2756
1316.38,2755
1334,2753
1340.02,2752
1448.51,2751
1448.73,2749
1453.78,2748
1467.62,2747
1467.81,2746
1473.77,2743
1477.96,2742
1479.44,2739
1536.33,2738
1536.8,2737
1538.96,2736
1573.13,2735
1575.33,2734
1584.73,2733
1590.27,2732
1590.5,2731
1628.48,2730
1645.46,2729
1656.88,2728
1664.7,2727
1719.79,2726
1747.45,2723
1748.12,2722
1748.41,2721
1765.43,2720
1779.45,2719
1783.08,2718
1783.56,2717
1813.35,2715
1815.69,2713
1815.96,2712
1830.58,2711
1834.54,2710
1836.36,2709
1836.58,2708
1837.42,2707
1860,2706
1909.93,2704
1911.33,2703
1911.52,2702
1912.36,2701
1916.27,2700
1916.75,2699
1919.42,2697
2023.69,2696
2046.54,2695
2151.32,2694
2153.34,2693
2154.8,2692
2193.13,2690
2318.35,2689
2320.19,2688
2320.65,2687
2324.64,2685
2336.37,2684
2340.25,2683
2361.86,2682
2362.46,2680
2365.27,2677
2420.87,2676
2421.8,2674
2445.82,2673
2446.79,2671
2448.47,2670
2452.71,2669
2739.19,2667
2741.34,2666
2846.69,2665
2849.49,2663
2941.2,2662
2942.03,2661
2942.21,2660
2947.14,2659
2947.34,2658
2948.92,2657
2949.79,2656
2950.08,2655
2952.5,2654
3119.97,2653
3120.4,2652
3123.04,2651
3130.78,2649
3131.62,2648
3131.95,2647
3143.42,2645
3147.27,2644
3148.15,2643
3151.67,2642
3152.26,2641
3360.57,2640
3473.05,2639
3485.14,2638
3489.85,2637
3490.24,2636
3495.7,2635
3496.1,2634
3511.5,2633
3511.69,2631
3516.97,2630
3517.44,2629
3750.71,2625
3773.84,2624
3877.69,2623
3878.9,2622
3879.74,2620
4078.5,2619
4087.39,2618
4096.26,2617
4097.26,2616
4097.89,2614
4140.79,2612
4453.25,2610
4925.67,2609
4927.03,2607
4927.28,2606
4927.96,2605
4928.87,2604
4938.48,2603
4940.46,2602
4994.52,2601
4995.17,2600
4999.26,2598
5013.14,2597
5029.77,2596
5035.73,2595
5036.35,2594
5046.86,2593
5057.02,2592
5144.17,2591
5148.62,2590
5149.78,2589
5275.24,2588
5275.45,2587
5275.67,2586
5280.15,2584
5281.78,2583
5283.54,2581
5755.82,2580
5758.41,2579
5758.79,2576
5770.41,2574
5778.78,2573
5804.12,2571
7040.84,2570
7056.14,2569
7056.36,2568
7058.1,2567
7059.91,2566
7061,2565
7061.66,2564
7154.01,2561
7180.02,2560
7187.18,2559
7187.37,2558
7245.2,2557
7251.39,2555
7251.83,2553
7963.94,2552
7970.78,2550
9634.43,2549
9643.18,2548
9658.04,2547
9660.71,2546
9662,2545
9663.57,2544
9681.19,2543
9691.32,2542
9691.88,2541
9709.27,2540
9725.11,2539
9736.5,2538
9791.74,2537
9895.02,2536
9895.44,2535
9897,2534
9898.69,2533
9908.62,2529
9910.34,2527
13542.2,2525
13545.2,2523
13546.6,2522
13746.9,2521
13747.8,2520
14351.7,2519
14358.4,2518
14361.2,2517
14361.4,2516
14361.9,2514
14363.3,2511
14401.3,2509
16958.5,2508
17007.2,2507
17014,2506
17020.4,2505
17020.8,2504
17183.8,2503
17184,2502
17663.8,2501
