0.533188,4940
0.81083,4939
1.07279,4938
1.29159,4937
1.56057,4936
1.78521,4935
2.02762,4934
2.25286,4932
2.47326,4931
2.69369,4930
2.88133,4929
3.15587,4928
3.36011,4927
3.61449,4926
3.83018,4923
4.12495,4922
4.4596,4919
4.71317,4918
5.00883,4915
5.25575,4912
5.51268,4911
5.76223,4905
5.98473,4902
6.26478,4899
6.49868,4898
6.72882,4892
6.96978,4891
7.25139,4889
7.4863,4887
7.69142,4886
8.04243,4881
8.32428,4879
8.62427,4878
8.86462,4877
9.10431,4875
9.40109,4873
9.61258,4872
9.82671,4871
10.0993,4868
10.3133,4866
10.5644,4864
10.7902,4863
11.016,4862
11.287,4853
11.517,4852
11.7561,4848
12.077,4845
12.3687,4843
12.6,4841
12.8615,4836
13.1061,4831
13.3482,4829
13.5431,4825
13.7836,4822
14.0394,4821
14.3243,4811
14.5243,4810
14.748,4809
14.9831,4808
15.2191,4805
15.4254,4804
15.7282,4800
15.9933,4797
16.3171,4796
16.5311,4793
16.7568,4785
16.9949,4778
17.2095,4777
17.4151,4774
17.6908,4773
17.8944,4772
18.1301,4767
18.3985,4766
18.6374,4765
18.867,4764
19.0911,4761
19.4022,4754
19.6899,4752
19.9439,4750
20.2314,4749
20.4537,4746
20.6675,4745
20.8815,4740
21.1075,4738
21.312,4734
21.4928,4731
21.7528,4730
21.9608,4729
22.1633,4728
22.4115,4727
22.6205,4724
22.8779,4722
23.1194,4721
23.3977,4718
23.6919,4712
24.1394,4709
24.4281,4707
24.6295,4699
24.8082,4696
25.1059,4694
25.3214,4693
25.5558,4689
25.8251,4688
26.0778,4687
26.3495,4683
26.5908,4677
26.8098,4676
27.0324,4675
27.3399,4674
27.5931,4671
27.8926,4668
28.1565,4667
28.4251,4664
28.6539,4663
28.9583,4662
29.2161,4661
29.4403,4658
29.6657,4653
29.9188,4642
30.1854,4637
30.4086,4636
30.6484,4633
31.007,4627
31.2866,4624
31.5819,4623
31.8335,4620
32.0675,4619
32.3369,4616
32.5778,4614
32.8224,4611
33.104,4610
33.3804,4607
33.647,4606
33.8911,4605
34.1216,4604
34.4281,4602
34.6776,4601
34.9462,4597
35.2077,4596
35.6018,4592
35.9043,4590
36.1617,4589
36.4258,4587
36.6573,4586
36.8721,4584
37.206,4580
37.4147,4578
37.7426,4572
37.9875,4570
38.2426,4568
38.5404,4567
38.8739,4564
39.185,4558
39.4562,4555
39.7695,4554
39.9885,4553
40.2486,4552
40.4862,4549
40.7177,4548
40.9387,4546
41.2435,4544
41.4721,4543
41.7115,4542
42.0003,4539
42.2222,4536
42.4912,4535
42.7218,4534
43.0129,4531
43.315,4528
43.5433,4527
43.792,4524
44.0292,4521
44.2441,4518
44.6381,4516
44.8522,4515
45.0676,4511
45.2981,4510
45.5078,4509
45.739,4506
45.9509,4503
46.1508,4501
46.3718,4499
46.6333,4491
46.8446,4489
47.046,4488
47.2767,4487
47.4922,4486
47.6994,4484
47.934,4483
48.1642,4478
48.4389,4476
48.7498,4475
49.0017,4474
49.2273,4470
49.4483,4468
49.6833,4466
49.886,4463
50.1566,4462
50.3823,4458
50.6225,4455
50.8274,4454
51.0733,4452
51.2974,4450
51.5066,4448
51.7583,4445
51.9603,4444
52.221,4441
52.4979,4439
52.765,4436
52.9759,4431
53.1989,4430
53.4051,4427
53.6063,4426
53.8608,4425
54.076,4423
54.3147,4422
54.4594,4421
54.7375,4420
54.9703,4417
55.2317,4413
55.425,4412
55.639,4409
55.9501,4408
56.2057,4404
56.4665,4403
56.737,4402
56.94,4401
57.2248,4400
57.4639,4399
57.6938,4396
57.9048,4395
58.1598,4393
58.3646,4391
58.5963,4390
58.8246,4388
59.066,4387
59.326,4386
59.5727,4385
59.8288,4380
60.0634,4379
60.3378,4378
60.5575,4377
60.8109,4375
61.0062,4369
61.2358,4364
61.5002,4362
61.7331,4361
61.9748,4360
62.187,4359
62.4014,4357
62.6502,4356
62.8589,4355
63.0668,4353
63.3458,4351
63.6275,4347
63.8777,4346
64.1923,4344
64.4243,4343
64.8499,4342
65.0566,4341
65.2646,4340
65.5055,4338
65.7509,4336
66.0121,4335
66.2492,4334
66.4572,4333
66.6748,4331
66.8839,4330
67.093,4329
67.3972,4328
67.664,4326
67.9103,4324
68.143,4321
68.3583,4318
68.5717,4315
68.8214,4312
69.074,4311
69.294,4309
69.5556,4305
69.7992,4303
70.0343,4302
70.3055,4301
70.5212,4300
70.7786,4299
71.0886,4297
71.3752,4293
71.6406,4292
71.8823,4291
72.0989,4290
72.3694,4289
72.5967,4288
72.8094,4287
73.0511,4286
73.2545,4285
73.4497,4283
73.7033,4280
73.9441,4279
74.1541,4272
74.3616,4269
74.6125,4268
74.8599,4267
75.1035,4266
75.3752,4263
75.6006,4262
75.8224,4261
76.0577,4259
76.2641,4258
76.4885,4256
76.7196,4255
76.9241,4252
77.1298,4251
77.3835,4249
77.5949,4247
77.7971,4245
78.0256,4242
78.2308,4239
78.4223,4238
78.7152,4237
78.9607,4236
79.2331,4235
79.4455,4233
79.6487,4231
79.9146,4230
80.1427,4228
80.3486,4226
80.602,4225
80.8302,4224
81.0395,4222
81.3061,4221
81.5068,4220
81.7224,4219
81.9543,4218
82.1806,4214
82.4538,4212
82.7393,4210
82.9723,4208
83.2377,4206
83.457,4205
83.6732,4204
83.8997,4202
84.1238,4201
84.3413,4200
84.554,4199
84.7854,4197
85.1675,4196
85.3985,4195
85.6072,4194
85.8269,4192
86.1365,4191
86.4608,4189
86.7841,4188
87.019,4187
87.2896,4186
87.527,4184
87.7676,4183
88.0551,4182
88.2792,4180
88.4821,4178
88.7455,4177
88.9956,4175
89.2373,4172
89.5179,4169
89.7592,4168
90.0607,4163
90.3599,4162
90.6813,4161
90.9102,4160
91.1908,4159
91.4371,4158
91.7377,4157
92.0042,4153
92.2598,4151
92.5022,4150
92.7837,4149
93.03,4147
93.2837,4146
93.5748,4145
93.8798,4143
94.1784,4142
94.4846,4141
94.8114,4140
95.0239,4137
95.2483,4136
95.5326,4135
95.7983,4134
96.1203,4133
96.3676,4132
96.6064,4131
96.888,4129
97.1174,4128
97.3499,4127
97.5865,4124
97.8543,4123
98.1106,4122
98.3472,4120
98.5813,4119
98.8561,4118
99.0913,4117
99.3122,4116
99.5879,4115
99.783,4112
99.9918,4109
100.235,4108
100.45,4107
100.678,4106
100.904,4105
101.148,4104
101.465,4103
101.695,4102
102.001,4098
102.217,4097
102.427,4095
102.681,4093
102.942,4092
103.178,4091
103.41,4090
103.63,4089
103.853,4088
104.104,4087
104.396,4086
104.607,4084
104.846,4083
105.198,4082
105.525,4081
105.754,4080
106.035,4078
106.255,4077
106.461,4075
106.669,4073
106.904,4072
107.126,4071
107.332,4070
107.567,4069
107.775,4067
107.971,4066
108.223,4062
108.446,4061
108.658,4060
108.87,4059
109.153,4058
109.415,4057
109.701,4056
109.919,4055
110.142,4054
110.444,4052
110.657,4051
110.853,4050
111.108,4049
111.319,4047
111.524,4046
111.735,4045
111.935,4042
112.138,4041
112.336,4040
112.596,4039
112.879,4037
113.115,4036
113.352,4032
113.611,4029
113.81,4027
114.028,4026
114.256,4025
114.479,4024
114.687,4023
114.882,4022
115.152,4020
115.347,4019
115.555,4018
115.787,4017
115.993,4016
116.223,4015
116.452,4014
116.733,4013
117.021,4012
117.238,4011
117.454,4010
117.715,4009
117.917,4008
118.126,4007
118.39,4004
118.591,4001
118.797,4000
119.033,3998
119.275,3997
119.532,3996
119.761,3995
119.981,3994
120.203,3993
120.541,3992
120.771,3991
121.07,3990
121.318,3988
121.55,3987
121.755,3985
121.976,3984
122.229,3983
122.454,3982
122.666,3981
122.867,3980
123.107,3979
123.33,3976
123.564,3974
123.803,3972
124.064,3971
124.446,3970
124.748,3968
125,3967
125.293,3966
125.696,3965
125.95,3964
126.188,3963
126.458,3962
126.783,3961
127.009,3960
127.284,3959
127.492,3958
127.723,3957
127.991,3956
128.249,3955
128.472,3954
128.745,3952
128.952,3951
129.17,3948
129.419,3946
129.623,3945
129.861,3944
130.108,3941
130.371,3940
130.568,3939
130.821,3938
131.044,3937
131.263,3935
131.531,3934
131.778,3932
132.027,3931
132.329,3930
132.588,3929
132.83,3928
133.052,3926
133.293,3925
133.509,3924
133.744,3923
133.975,3922
134.241,3921
134.467,3920
134.699,3919
134.934,3918
135.112,3917
135.329,3916
135.63,3914
135.852,3913
136.094,3912
136.353,3911
136.549,3910
136.749,3909
136.96,3908
137.212,3906
137.409,3905
137.667,3904
137.88,3903
138.102,3901
138.318,3900
138.536,3898
138.745,3897
138.947,3895
139.229,3894
139.465,3893
139.718,3892
139.934,3891
140.159,3890
140.371,3889
140.582,3888
140.807,3887
141.029,3885
141.225,3884
141.463,3882
141.69,3881
141.9,3880
142.089,3879
142.33,3878
142.536,3877
142.763,3876
143.094,3875
143.33,3874
143.607,3872
143.821,3870
144.032,3869
144.271,3868
144.51,3867
144.732,3866
144.984,3865
145.209,3864
145.426,3863
145.83,3862
146.021,3861
146.233,3860
146.52,3859
146.854,3858
147.123,3857
147.387,3856
147.61,3855
147.866,3854
148.113,3853
148.366,3852
148.613,3851
148.832,3850
149.074,3849
149.359,3848
149.63,3847
149.886,3846
150.131,3844
150.399,3843
150.715,3842
150.965,3841
151.281,3840
151.55,3839
151.808,3838
152.032,3837
152.277,3836
152.572,3835
152.811,3834
153.124,3833
153.348,3832
153.579,3831
153.91,3830
154.264,3829
154.63,3828
154.896,3827
155.312,3826
155.604,3825
155.947,3824
156.179,3823
156.417,3822
156.622,3821
156.833,3820
157.107,3819
157.305,3818
157.507,3817
157.752,3816
157.948,3815
158.18,3814
158.476,3813
158.733,3812
159.022,3810
159.277,3809
159.497,3808
159.705,3807
159.982,3806
160.196,3805
160.416,3804
160.638,3803
160.855,3802
161.065,3801
161.288,3800
161.511,3799
161.775,3798
161.967,3797
162.324,3796
162.634,3795
162.911,3794
163.155,3793
163.36,3792
163.581,3791
163.791,3790
164.021,3789
164.253,3788
164.503,3787
164.704,3786
164.924,3785
165.176,3784
165.39,3783
165.623,3781
165.847,3780
166.133,3778
166.371,3775
166.637,3774
166.835,3773
167.039,3772
167.283,3771
167.499,3770
167.704,3769
167.951,3768
168.15,3767
168.357,3766
168.583,3762
168.796,3757
169.673,3756
169.923,3753
170.205,3752
170.423,3749
171.476,3748
171.683,3745
171.899,3744
172.098,3743
172.319,3742
172.778,3741
172.989,3739
173.5,3738
173.74,3737
174.477,3736
174.695,3735
174.907,3734
175.111,3733
175.359,3732
175.578,3731
175.81,3729
176.036,3728
176.884,3727
177.079,3726
177.389,3725
177.613,3724
177.86,3723
178.137,3722
178.34,3721
178.553,3720
178.792,3719
179.036,3718
179.312,3717
179.576,3716
179.794,3714
180.022,3711
180.277,3709
181.012,3708
181.25,3706
181.739,3705
181.941,3704
182.154,3703
182.374,3702
182.579,3700
182.817,3699
183.046,3698
183.288,3696
183.486,3695
183.69,3693
183.936,3692
184.159,3691
184.363,3690
184.587,3689
185.371,3688
185.608,3686
185.828,3685
186.055,3684
186.94,3683
187.143,3681
187.372,3680
187.796,3679
188.214,3677
189.681,3676
189.878,3675
190.074,3674
190.334,3673
190.54,3672
190.737,3671
190.971,3670
191.171,3669
191.384,3668
191.806,3667
191.999,3666
192.305,3665
192.512,3664
192.758,3662
193.036,3661
193.253,3659
193.444,3657
193.691,3656
193.882,3655
194.354,3654
194.572,3653
194.973,3652
195.215,3651
195.401,3650
195.61,3649
196.089,3648
196.344,3646
197.008,3644
197.217,3643
197.45,3641
198.084,3640
199.14,3639
199.351,3638
199.583,3637
199.816,3636
200.057,3635
200.276,3633
200.526,3632
200.724,3631
200.923,3630
201.108,3629
201.356,3628
201.578,3627
201.774,3626
202.037,3625
202.453,3624
202.703,3623
202.949,3621
203.259,3619
204.33,3618
205.018,3617
205.211,3616
205.814,3615
206.923,3614
207.218,3611
207.598,3610
207.843,3609
208.714,3608
209.077,3607
209.312,3606
210.027,3605
210.261,3604
210.742,3602
211.222,3601
211.515,3600
212.217,3597
214.028,3594
214.237,3593
214.985,3592
215.552,3589
216.068,3588
216.959,3581
217.208,3580
217.662,3579
217.893,3578
218.799,3577
219.09,3576
219.37,3572
220.835,3571
221.275,3569
221.493,3564
221.718,3563
222.424,3562
222.616,3561
223.643,3560
223.845,3555
224.326,3554
224.763,3553
225.423,3552
225.642,3551
225.86,3549
226.062,3547
226.266,3545
227.69,3544
228.206,3541
229.766,3540
230.208,3539
231.03,3537
231.939,3536
232.747,3535
232.97,3534
233.2,3533
233.41,3532
233.613,3531
233.833,3530
234.824,3528
235.525,3527
235.999,3525
236.207,3524
236.455,3522
236.677,3521
236.894,3520
237.57,3519
237.79,3518
238.086,3517
238.609,3516
238.865,3515
239.308,3514
240.402,3513
240.63,3512
240.867,3511
241.092,3510
241.56,3509
241.746,3508
242.019,3507
242.293,3506
242.53,3505
242.736,3504
242.956,3503
243.186,3502
243.398,3501
243.663,3500
243.952,3499
244.172,3498
244.39,3497
245.106,3496
245.357,3495
245.963,3494
246.831,3493
247.036,3489
247.576,3488
248.063,3487
249.16,3483
249.878,3482
250.121,3481
250.541,3480
250.798,3478
251.456,3476
252.521,3475
252.974,3474
253.732,3470
254.425,3469
254.874,3468
255.487,3464
256.127,3463
256.354,3461
256.549,3460
259.22,3459
259.413,3458
259.647,3457
259.829,3456
260.046,3454
260.238,3453
260.466,3451
260.665,3450
260.946,3449
261.159,3447
261.427,3446
262.065,3445
263.161,3444
263.387,3443
264.25,3442
264.469,3441
264.987,3440
265.254,3436
265.443,3434
268.451,3432
271.125,3430
271.349,3429
272.067,3428
272.376,3427
272.638,3426
272.886,3425
273.143,3423
273.38,3422
273.891,3419
274.123,3418
274.887,3417
275.158,3416
276.338,3413
278.146,3410
279.03,3409
279.289,3407
279.777,3406
280.335,3405
280.817,3404
281.539,3401
281.739,3400
284.567,3399
285.254,3397
285.975,3395
286.197,3394
286.399,3393
287.057,3392
287.27,3390
287.564,3389
287.801,3386
288.058,3385
288.503,3384
288.945,3383
291.028,3382
291.285,3381
291.796,3380
292.452,3379
293.067,3378
293.514,3377
293.713,3375
296.917,3373
297.377,3372
297.793,3370
298.047,3369
299.026,3367
299.536,3366
299.735,3363
300.164,3362
300.621,3360
301.485,3359
302.478,3358
302.737,3356
303.173,3355
304.245,3352
306.763,3350
308.088,3349
308.31,3348
309.432,3347
310.213,3346
310.877,3345
311.064,3344
311.512,3343
311.726,3342
311.968,3341
312.184,3339
314.95,3337
315.59,3336
315.833,3335
316.637,3334
317.362,3333
317.582,3330
317.996,3329
318.239,3328
318.624,3327
318.845,3325
319.472,3324
319.72,3323
319.924,3321
320.109,3320
322.358,3317
322.557,3316
323.362,3315
323.547,3314
323.766,3313
324.216,3310
325.815,3309
326.029,3308
326.86,3307
327.084,3306
327.523,3305
327.796,3304
328.011,3303
329.067,3300
330.452,3299
331.124,3297
332.207,3296
333.22,3295
333.944,3294
334.415,3293
334.988,3290
336.072,3289
336.342,3288
336.92,3287
337.674,3285
338.239,3284
338.465,3283
339.236,3276
340.128,3275
342.508,3274
342.705,3273
343.263,3272
343.488,3271
343.723,3269
345.172,3268
345.579,3267
346.006,3266
347.066,3265
347.301,3264
348.012,3263
348.228,3262
348.572,3260
348.995,3259
349.647,3258
350.525,3256
351.502,3255
352.01,3252
353.071,3246
356.644,3244
357.089,3243
357.72,3242
358.13,3241
358.365,3240
359.579,3239
359.801,3238
360.232,3237
360.652,3236
360.847,3235
361.252,3234
361.483,3233
361.679,3232
362.861,3231
363.115,3229
363.779,3228
366.667,3227
366.962,3226
367.197,3224
367.46,3223
367.684,3222
367.936,3220
369.53,3219
369.948,3217
372.127,3216
372.6,3215
372.799,3214
373.028,3213
373.472,3212
374.975,3211
375.808,3210
376.011,3209
376.234,3208
376.459,3207
378.251,3202
380.605,3201
380.831,3200
381.241,3199
382.192,3196
382.821,3195
384.255,3193
385.431,3192
387.627,3189
390.596,3188
391.018,3187
391.542,3185
391.78,3184
392.063,3183
393.492,3182
394.238,3179
394.443,3177
394.716,3176
397.105,3174
400.512,3172
401.273,3171
401.517,3170
401.711,3168
405.605,3167
405.842,3166
407.735,3165
408.269,3164
409.083,3163
409.657,3162
409.855,3161
410.946,3160
411.142,3158
411.907,3157
412.653,3155
414.762,3153
415.683,3151
415.935,3150
417.22,3149
417.858,3148
418.074,3147
418.512,3146
418.932,3145
419.229,3144
419.7,3143
419.946,3142
420.14,3141
420.807,3140
422.293,3138
423.665,3137
423.907,3136
425.581,3135
425.842,3134
426.056,3133
428.179,3132
428.566,3131
431.473,3130
431.68,3128
431.911,3127
432.531,3126
433.198,3125
433.414,3123
433.623,3122
434.341,3121
435.444,3118
436.449,3117
438.62,3116
439.281,3115
439.49,3114
439.669,3112
440.313,3111
440.54,3110
441.795,3109
442.032,3107
444.217,3106
444.639,3104
444.86,3101
446.89,3100
447.702,3099
447.987,3098
451.952,3097
453.26,3095
456.055,3090
463.593,3089
463.857,3087
464.346,3086
464.549,3085
465.008,3081
466.193,3079
468.5,3078
468.702,3077
468.891,3076
469.225,3073
469.885,3072
471.985,3071
474.056,3070
474.71,3069
475.601,3066
475.817,3065
476.828,3064
477.266,3063
478.356,3062
478.976,3060
479.798,3058
481.061,3057
481.528,3056
481.728,3055
482.751,3053
482.99,3052
483.609,3050
483.834,3049
484.06,3048
484.334,3047
485.445,3043
491.72,3040
493.473,3039
493.718,3037
495.276,3036
497.718,3035
499.724,3034
499.934,3033
502.815,3030
503.147,3029
505.974,3028
510.547,3027
511.575,3025
513.705,3024
514.381,3022
518.524,3021
520.746,3020
520.969,3019
521.361,3017
521.802,3016
522.009,3014
522.306,3013
523.676,3012
528.103,3011
530.808,3010
531.028,3008
533.434,3007
533.738,3006
535.736,3003
537.178,3002
538.366,2999
543.306,2998
543.922,2997
544.351,2993
550.922,2990
551.801,2985
552.023,2984
558.035,2983
560.493,2981
572.735,2980
574.55,2979
575.124,2977
577.253,2974
579.626,2973
580.684,2970
584.906,2967
586.753,2966
587.242,2965
587.482,2964
590.191,2962
591.111,2960
596.223,2959
599.711,2958
599.892,2954
601.497,2953
603.281,2952
604.092,2950
604.313,2948
608.019,2947
610.413,2946
611.587,2945
611.826,2944
613.697,2941
615.66,2940
615.883,2939
617.319,2937
620.984,2936
621.434,2935
621.824,2933
622.028,2932
623.312,2930
624.28,2929
626.397,2928
626.816,2927
628.402,2924
631.527,2923
632.94,2922
633.626,2921
634.337,2920
634.579,2918
635.137,2917
635.361,2916
635.64,2914
635.914,2913
636.404,2912
640.277,2911
643.404,2909
647.367,2908
648.2,2907
649.475,2906
652.511,2905
653.15,2904
655.524,2903
658.695,2902
661.32,2901
661.788,2900
662.052,2899
664.71,2897
664.92,2896
665.898,2895
673.673,2894
677.672,2893
696.843,2892
697.065,2890
697.618,2889
701.114,2888
701.501,2887
701.711,2885
702.162,2881
703.915,2880
704.123,2879
711.071,2878
717.25,2875
720.821,2873
725.749,2872
725.988,2871
727.26,2869
729.165,2868
730.834,2866
732.353,2865
732.523,2864
732.767,2863
733.019,2862
733.875,2860
734.147,2859
747.248,2858
747.45,2857
753.729,2855
786.463,2854
807.03,2852
807.545,2850
817.318,2849
818.839,2847
819.105,2846
820.153,2845
821.272,2844
823.095,2843
826.994,2842
827.627,2841
837.497,2839
881.076,2837
887.835,2836
889.569,2834
889.814,2833
897.503,2832
899.63,2831
899.847,2830
900.052,2827
906.467,2826
915.38,2825
917.66,2824
924.912,2822
929.01,2821
929.437,2820
934.179,2818
951.885,2817
956.712,2816
957.512,2815
957.727,2814
961.432,2813
962.841,2810
963.632,2809
972.928,2808
973.399,2807
982.627,2806
984.087,2805
984.349,2804
987.169,2803
988.312,2801
988.774,2800
990.659,2799
993.651,2797
997.543,2795
1008.14,2792
1011.72,2791
1017.82,2790
1019.94,2789
1020.15,2788
1020.37,2787
1022.81,2786
1040.01,2785
1040.25,2784
1041.05,2783
1048.42,2782
1050.12,2781
1050.97,2779
1054.36,2778
1055.59,2777
1066.62,2776
1067.56,2775
1072.61,2774
1072.83,2773
1073.04,2772
1075.6,2771
1076.57,2770
1076.79,2768
1077,2767
1085.14,2766
1086.87,2765
1087.13,2764
1088.28,2761
1088.73,2760
1095.91,2758
1096.51,2757
1102.96,2756
1105.53,2755
1110.76,2754
1113.51,2752
1116.89,2751
1117.59,2749
1118.38,2748
1122.29,2747
1127.52,2744
1142.1,2742
1142.72,2740
1153.71,2739
1177.39,2738
1182.57,2736
1185.81,2735
1188.25,2734
1195.39,2733
1211.6,2732
1217.53,2731
1225.38,2729
1226.45,2728
1228.59,2727
1229.48,2726
1237.3,2724
1238.69,2723
1296.59,2721
1297.04,2720
1334.83,2719
1337.82,2718
1338.55,2715
1339.43,2713
1395.02,2712
1401.66,2711
1410.66,2710
1425.14,2707
1428.27,2706
1432.43,2705
1447.83,2704
1449.79,2703
1451.77,2701
1452.3,2700
1457.23,2699
1528.46,2698
1529.91,2696
1532.52,2695
1561.32,2694
1564.43,2693
1590,2692
1613.71,2688
1675.59,2687
1847.3,2686
1875.2,2685
1875.83,2684
1882.29,2683
1882.49,2682
1883.13,2681
1888.41,2680
1890.26,2678
1893.98,2677
1895.09,2676
1898.17,2675
1904.09,2674
1918.51,2672
2636.8,2671
2637.22,2670
2644.35,2669
2644.96,2668
2645.25,2667
2645.71,2666
2645.9,2665
2648.19,2664
2649.48,2662
2707.16,2660
2708.4,2659
2714.82,2658
2715.65,2657
2721.14,2656
2754.16,2654
2757.97,2653
2776.36,2651
2789.5,2648
2790.32,2647
2790.51,2645
2859.01,2643
2934.23,2640
3240.58,2639
3241.48,2638
3249.64,2637
3251.37,2636
3253.08,2635
3255.81,2634
3256.22,2633
3256.64,2632
3395.4,2631
3403.59,2630
3452.12,2629
3461.37,2628
3464.14,2627
3464.42,2626
3477.31,2624
3487.99,2623
3513.39,2621
3665.65,2618
3669.69,2617
3670.92,2615
3705.92,2614
3716.8,2613
3718.52,2611
3718.96,2610
3719.35,2606
4224.87,2605
4227.21,2604
4227.64,2602
4227.89,2601
4249.6,2599
4253.62,2598
4302.88,2597
4303.1,2596
4303.77,2595
4336.54,2594
4336.95,2593
4340.96,2590
4344.33,2589
4344.54,2588
4358.18,2587
4382.71,2586
4383.34,2585
4384.25,2584
4384.45,2582
4386.83,2581
4387.04,2580
4416.54,2579
4501.67,2577
4516.87,2576
4517.49,2575
4523.01,2574
4527.16,2573
4534.12,2572
4535.29,2571
4537.13,2570
4537.37,2569
5882.75,2568
5901.22,2567
5904.69,2566
5904.9,2565
5910.91,2563
5911.12,2562
5914.04,2561
5980.54,2560
5991.11,2559
5992.09,2558
5995.35,2557
5997.02,2555
5997.22,2554
5997.42,2553
5997.62,2552
6013.35,2551
8645.78,2548
8660.26,2545
8796.02,2544
8797.89,2543
8798.61,2542
8997.68,2541
9005.56,2540
9014.44,2539
9023.9,2536
9467.52,2533
10659.9,2532
10661.8,2531
10945.6,2530
10952.8,2529
10953,2528
10957.2,2527
11150.3,2526
11152.3,2521
12455.3,2520
13008.3,2519
13013.9,2518
15717.2,2516
15717.7,2515
15717.9,2514
15839.3,2512
18464.7,2511
18466.4,2510
18487,2509
18487.2,2508
18599.3,2506
18610,2505
18742.2,2504
18747.1,2503
19185.1,2501
19187.5,2500
19197.2,2499
19197.8,2497
19219.8,2496
19234.5,2495
