3.09568,14108
4.83729,14107
6.42676,14106
8.09173,14105
9.7802,14104
11.359,14103
13.0423,14102
14.8585,14101
16.5988,14099
18.1928,14098
19.8927,14096
21.488,14094
23.0906,14092
24.9175,14091
26.4939,14090
28.1822,14089
29.7887,14088
31.4457,14086
33.0553,14082
34.6039,14080
36.3243,14079
37.9772,14077
39.7593,14075
41.3228,14073
43.0079,14072
44.8597,14070
46.3812,14069
48.0852,14063
49.7136,14062
51.5984,14061
53.326,14060
55.0423,14055
56.9175,14054
58.6957,14049
60.4123,14048
62.0286,14045
63.7102,14043
65.3219,14038
67.0476,14037
68.6842,14036
70.4556,14031
72.1736,14027
73.7598,14022
75.6847,14016
77.4191,14010
79.1259,14009
80.7419,14005
82.3942,14004
84.2131,14002
85.913,14000
87.6639,13998
89.3763,13997
91.3776,13994
93.1211,13991
95.0427,13986
96.6038,13984
98.3011,13983
99.9597,13980
101.507,13978
103.252,13977
104.97,13976
106.825,13974
108.478,13968
110.703,13964
112.391,13958
114.296,13955
116.036,13952
117.904,13950
119.594,13949
121.184,13945
122.914,13941
124.476,13939
126.157,13933
127.796,13932
129.382,13931
131.27,13925
132.851,13923
134.767,13921
136.57,13915
138.277,13914
139.857,13912
141.449,13910
143.2,13909
144.758,13905
146.479,13904
148.079,13901
149.956,13899
151.852,13898
153.603,13895
155.337,13890
156.9,13886
158.604,13884
160.235,13883
161.943,13880
163.55,13879
165.173,13877
166.742,13874
168.303,13869
170.077,13866
171.915,13864
173.757,13859
175.498,13857
177.336,13855
178.996,13853
180.622,13852
182.35,13849
183.855,13847
185.575,13846
187.168,13845
188.864,13843
190.689,13841
192.295,13832
193.909,13830
195.511,13825
197.131,13820
198.689,13815
200.341,13812
201.942,13809
203.536,13806
205.261,13805
206.878,13804
208.991,13800
210.874,13799
212.594,13798
214.25,13795
216.128,13792
217.705,13791
219.296,13784
221.04,13783
222.585,13781
224.323,13774
225.868,13773
227.46,13768
229.06,13765
230.785,13763
233.012,13760
234.763,13759
236.605,13756
238.275,13755
240.241,13753
241.92,13751
243.731,13749
245.341,13738
246.897,13737
248.606,13736
250.234,13735
252.088,13732
253.66,13729
255.357,13728
257.147,13727
258.734,13726
260.448,13724
262.23,13723
263.933,13716
265.45,13712
267.154,13710
268.735,13707
270.329,13706
272.131,13702
273.737,13696
275.523,13694
277.129,13691
278.803,13686
280.503,13685
282.152,13683
284.05,13680
285.775,13678
288.178,13677
290.175,13673
292.326,13671
294.173,13669
296.343,13664
298.242,13663
300.226,13654
301.904,13651
303.727,13648
305.303,13647
306.992,13646
308.832,13643
310.587,13642
312.771,13639
314.46,13638
316.481,13634
318.027,13633
319.764,13632
321.371,13629
323.02,13626
324.76,13622
326.294,13618
328.146,13616
329.965,13615
331.638,13610
333.321,13608
335.101,13605
336.692,13604
338.237,13595
340.019,13593
341.586,13591
343.294,13589
344.911,13585
346.537,13579
348.129,13577
349.666,13575
351.506,13571
353.369,13566
355.2,13565
356.883,13563
358.833,13560
360.467,13559
362.154,13558
363.879,13554
365.543,13552
367.308,13546
368.88,13544
370.574,13541
372.214,13540
373.927,13539
375.942,13531
377.665,13528
379.418,13527
380.964,13526
382.805,13522
384.54,13516
386.297,13513
387.891,13511
389.461,13507
391.373,13502
393.328,13500
395.248,13499
396.797,13496
398.475,13494
400.084,13493
401.614,13492
403.318,13488
404.935,13486
406.625,13482
408.152,13481
409.818,13479
411.481,13478
413.198,13473
415.149,13472
416.835,13470
418.847,13469
420.485,13465
422.158,13463
423.846,13459
425.815,13458
427.811,13455
429.865,13453
431.61,13449
433.446,13445
435.157,13443
436.802,13442
438.478,13441
440.171,13440
441.799,13439
443.714,13438
445.634,13436
447.247,13433
448.926,13431
450.723,13429
452.3,13426
454.007,13424
455.727,13420
457.346,13419
459.054,13415
460.637,13414
462.361,13411
464.12,13409
465.875,13407
467.419,13405
469.079,13403
470.712,13401
472.558,13399
474.369,13393
476.082,13391
478.005,13385
479.686,13383
481.426,13382
482.996,13381
484.753,13378
486.428,13375
487.991,13373
489.726,13368
491.332,13366
492.978,13364
494.595,13361
496.259,13359
498.05,13356
499.816,13355
501.495,13353
503.15,13351
505.041,13349
506.629,13348
508.38,13340
510.121,13338
511.66,13337
513.393,13336
514.963,13334
516.755,13331
518.368,13329
520.015,13328
521.693,13327
523.271,13326
525.172,13321
526.72,13317
528.441,13312
530.086,13311
531.896,13310
533.801,13309
535.513,13307
537.386,13305
539.198,13303
541.06,13299
542.815,13296
544.524,13295
546.207,13294
547.869,13293
549.552,13291
551.096,13290
552.796,13285
554.371,13281
556.047,13275
557.573,13273
559.177,13272
560.859,13270
562.593,13266
564.311,13262
565.996,13261
567.748,13256
569.321,13255
570.911,13254
572.569,13253
574.106,13252
575.796,13245
577.461,13244
579.171,13242
580.804,13241
582.352,13235
584.117,13234
585.833,13233
587.558,13231
589.16,13226
590.795,13223
592.4,13222
594.151,13220
595.948,13219
597.628,13217
599.487,13216
601.23,13215
602.946,13209
604.501,13208
606.255,13207
607.942,13205
609.54,13201
611.237,13199
612.816,13196
614.481,13194
616.086,13193
617.62,13188
619.278,13186
620.848,13181
622.536,13180
624.051,13177
625.658,13176
627.401,13173
628.989,13172
630.689,13168
632.226,13165
633.869,13159
635.48,13156
637.209,13155
639.004,13154
640.833,13151
642.852,13149
644.443,13147
646.106,13143
647.877,13142
649.524,13139
651.258,13138
652.759,13136
654.828,13135
656.524,13131
658.88,13126
660.903,13123
663.226,13119
664.616,13118
667.347,13117
669.224,13113
671.252,13112
673.484,13104
675.624,13100
677.501,13099
679.207,13098
680.794,13095
682.717,13094
684.435,13093
686.331,13092
687.87,13091
689.523,13090
691.373,13089
693.373,13086
695.093,13084
696.652,13082
698.327,13079
699.932,13077
701.554,13074
703.14,13073
704.708,13070
706.466,13069
708.017,13067
709.75,13064
711.331,13063
713.181,13062
715.06,13061
716.69,13059
718.554,13057
720.226,13055
722.051,13054
723.676,13053
725.371,13052
726.897,13051
728.629,13050
730.471,13049
732.319,13047
734.339,13045
736.193,13042
738.177,13041
739.824,13040
741.76,13038
743.429,13037
745.024,13036
746.69,13032
748.368,13030
750.06,13027
751.587,13025
753.322,13024
754.882,13022
756.494,13019
758.617,13018
760.719,13016
762.387,13015
763.957,13014
765.639,13013
767.199,13010
768.917,13009
770.559,13008
772.065,13005
773.729,13003
775.285,13001
777.173,12999
779.067,12998
780.919,12997
782.668,12995
784.543,12994
786.283,12993
787.878,12991
789.73,12988
791.366,12985
793.058,12984
794.715,12981
796.412,12980
798.05,12978
799.726,12977
801.489,12971
803.063,12968
804.896,12965
806.564,12964
808.221,12962
809.975,12958
811.536,12956
813.21,12954
814.852,12948
816.533,12947
818.121,12943
819.816,12942
821.577,12940
823.193,12939
824.945,12938
826.601,12937
828.31,12936
830.036,12935
831.89,12932
833.65,12931
835.193,12930
836.957,12929
838.753,12928
840.826,12927
842.857,12925
844.749,12924
846.364,12923
848.256,12922
850.126,12919
851.839,12918
853.524,12910
855.157,12909
856.857,12908
858.449,12907
860.323,12906
862.192,12905
863.86,12902
865.573,12900
867.113,12898
868.953,12896
870.685,12894
872.405,12893
874.054,12892
875.717,12889
877.322,12888
878.917,12886
880.682,12885
882.272,12883
883.949,12882
885.552,12881
887.166,12880
888.894,12877
890.669,12875
892.402,12872
893.932,12868
895.567,12866
897.258,12865
899.056,12863
900.859,12861
902.553,12860
904.442,12858
906.151,12857
907.89,12856
909.459,12854
911.336,12852
912.924,12850
914.504,12845
916.298,12844
917.807,12843
919.624,12836
921.241,12833
922.905,12832
924.528,12831
926.084,12830
927.82,12828
929.43,12827
931.192,12826
932.857,12825
934.924,12824
936.736,12823
938.349,12822
940.152,12821
941.919,12818
944.012,12817
945.601,12809
947.33,12807
948.875,12806
950.521,12805
952.196,12800
953.761,12796
955.451,12793
957.016,12792
959.041,12790
960.866,12787
962.721,12786
964.413,12785
966.202,12783
967.899,12779
969.493,12776
971.205,12775
972.761,12774
974.415,12773
976.188,12769
977.939,12766
979.658,12765
981.442,12763
983.254,12759
985.093,12757
986.941,12751
988.542,12749
990.352,12748
992.164,12746
993.916,12745
995.598,12744
997.146,12741
998.86,12740
1000.48,12738
1002.33,12733
1004.06,12732
1005.93,12728
1008.05,12726
1009.88,12725
1011.72,12724
1013.3,12723
1015.07,12721
1016.58,12719
1018.38,12718
1020.07,12717
1022,12716
1024.25,12715
1026.25,12714
1028.01,12713
1029.63,12711
1031.42,12710
1033.04,12709
1034.74,12708
1036.31,12707
1037.92,12705
1039.53,12704
1041.09,12699
1042.97,12698
1044.53,12695
1046.15,12691
1047.68,12688
1049.22,12686
1050.88,12684
1052.41,12683
1054.09,12682
1055.65,12679
1057.2,12677
1058.84,12676
1060.39,12673
1062.46,12671
1064.28,12670
1066.04,12669
1067.79,12667
1069.54,12666
1071.23,12664
1072.99,12662
1074.72,12660
1076.25,12657
1078,12656
1079.66,12652
1081.42,12646
1083.29,12642
1085.03,12641
1086.77,12640
1088.53,12638
1090.29,12636
1091.78,12634
1093.36,12632
1095.01,12631
1096.59,12630
1098.28,12629
1099.95,12628
1101.96,12627
1103.53,12626
1105.19,12625
1106.95,12624
1108.69,12622
1110.47,12619
1111.96,12618
1113.88,12617
1115.63,12616
1117.29,12615
1118.89,12614
1120.48,12613
1122.14,12609
1123.77,12608
1125.58,12606
1127.1,12600
1128.88,12598
1130.5,12597
1132.31,12596
1134.53,12595
1136.16,12594
1137.83,12592
1139.53,12591
1141.67,12590
1143.49,12589
1145.29,12584
1147,12581
1149.22,12579
1151.12,12578
1153.06,12577
1154.88,12575
1156.64,12574
1158.31,12572
1159.93,12569
1161.59,12566
1163.22,12564
1165.13,12561
1166.97,12560
1168.92,12558
1170.48,12557
1172.05,12556
1173.66,12551
1175.32,12550
1177.03,12549
1178.53,12547
1180.15,12544
1181.77,12542
1183.39,12541
1185.33,12540
1186.9,12539
1189,12537
1190.73,12536
1192.49,12535
1194.25,12531
1195.9,12528
1197.55,12527
1199.17,12525
1201.19,12524
1203.17,12520
1204.94,12516
1206.62,12515
1208.44,12514
1210.19,12508
1211.79,12506
1213.35,12504
1214.87,12503
1216.64,12502
1218.13,12501
1219.82,12500
1221.38,12496
1222.92,12495
1224.58,12494
1226.24,12491
1228.06,12489
1229.74,12488
1231.53,12487
1233.29,12486
1234.98,12485
1236.6,12484
1238.14,12483
1239.86,12482
1241.39,12479
1243.03,12477
1244.67,12473
1246.29,12471
1247.93,12470
1249.61,12466
1251.36,12464
1252.94,12461
1254.48,12460
1256.43,12459
1258.58,12457
1260.59,12455
1262.39,12452
1264.25,12451
1266.26,12450
1268.37,12448
1269.67,12447
1271.13,12445
1272.76,12444
1274.28,12441
1275.88,12440
1277.64,12438
1279.56,12436
1281.15,12435
1282.74,12434
1284.51,12432
1286.15,12431
1287.77,12430
1289.28,12429
1290.94,12428
1292.71,12423
1294.44,12418
1296.12,12417
1297.8,12416
1299.57,12415
1301.39,12413
1303.09,12412
1304.62,12411
1306.2,12410
1307.86,12409
1309.43,12405
1311.16,12404
1312.71,12403
1314.37,12402
1315.98,12400
1317.67,12397
1319.37,12394
1320.99,12387
1322.82,12386
1324.76,12385
1326.79,12384
1328.68,12383
1330.35,12382
1331.89,12381
1333.49,12380
1335.16,12379
1336.76,12378
1338.65,12377
1340.17,12370
1341.79,12369
1343.5,12363
1345.03,12362
1346.7,12360
1348.33,12358
1349.95,12355
1351.55,12354
1353.08,12352
1354.73,12351
1356.27,12350
1358.14,12349
1359.65,12347
1361.31,12345
1362.86,12340
1364.38,12339
1366.02,12338
1367.56,12337
1369.21,12335
1370.84,12334
1372.64,12332
1374.44,12329
1375.97,12327
1377.83,12326
1379.38,12325
1381.12,12324
1382.75,12319
1384.59,12318
1386.31,12316
1388.07,12315
1389.77,12313
1391.35,12312
1392.97,12311
1394.52,12310
1396.17,12309
1397.97,12306
1399.58,12305
1401.24,12303
1402.8,12301
1404.51,12299
1406.02,12298
1407.63,12297
1409.22,12296
1410.98,12294
1412.6,12288
1414.08,12286
1415.75,12284
1417.49,12283
1419.17,12281
1421,12280
1422.57,12279
1424.42,12278
1425.97,12275
1427.58,12273
1429.24,12269
1430.9,12268
1432.86,12267
1434.46,12266
1436.28,12262
1437.82,12258
1439.8,12257
1441.75,12256
1443.71,12254
1445.41,12252
1447.15,12251
1448.96,12250
1450.57,12249
1452.23,12247
1453.76,12245
1455.4,12244
1456.95,12238
1458.45,12236
1460.37,12234
1461.93,12233
1463.74,12232
1465.3,12231
1467.01,12230
1468.71,12229
1470.44,12228
1472.07,12227
1473.58,12225
1475.28,12224
1476.79,12223
1478.46,12222
1480.31,12221
1481.98,12220
1483.67,12218
1485.22,12216
1486.87,12214
1488.48,12212
1490.07,12210
1491.75,12208
1493.3,12207
1494.98,12206
1496.58,12205
1498.18,12202
1499.98,12201
1501.65,12200
1503.48,12196
1505.13,12194
1506.94,12191
1508.68,12189
1510.32,12186
1511.84,12185
1513.35,12184
1515,12183
1516.53,12182
1518.16,12180
1519.89,12177
1521.43,12173
1523.07,12172
1524.59,12168
1526.26,12167
1527.78,12166
1529.39,12163
1530.97,12162
1532.5,12161
1534.14,12156
1535.69,12154
1537.31,12152
1538.9,12149
1540.58,12146
1542.22,12145
1543.73,12143
1545.37,12140
1546.9,12138
1548.4,12136
1550.09,12135
1551.69,12133
1553.37,12132
1554.88,12131
1556.45,12129
1558.14,12128
1559.81,12127
1561.89,12126
1563.57,12125
1565.37,12124
1567.06,12122
1568.87,12121
1570.42,12120
1572.17,12119
1573.74,12118
1575.26,12117
1576.99,12116
1578.81,12113
1580.77,12111
1582.34,12109
1584.09,12107
1585.83,12106
1587.42,12105
1589.07,12103
1590.64,12101
1592.48,12100
1594.24,12091
1595.96,12089
1597.5,12088
1599.02,12087
1600.88,12086
1602.37,12085
1604.01,12082
1605.54,12080
1607.04,12079
1608.68,12078
1610.21,12077
1611.95,12076
1613.45,12072
1615.16,12070
1616.75,12066
1618.29,12065
1619.97,12064
1621.71,12062
1623.56,12059
1625.22,12056
1626.94,12054
1628.72,12053
1630.27,12052
1631.9,12051
1633.46,12050
1635.08,12049
1636.64,12048
1638.16,12046
1639.83,12045
1641.54,12042
1643.28,12040
1644.81,12039
1646.39,12038
1648.01,12037
1649.54,12036
1651.26,12035
1652.79,12034
1654.36,12033
1656.05,12031
1657.55,12030
1659.28,12028
1660.84,12026
1662.67,12022
1664.26,12021
1665.87,12020
1667.39,12019
1668.95,12016
1670.6,12014
1672.15,12013
1673.81,12011
1675.38,12010
1676.94,12009
1678.67,12007
1680.23,12006
1682,12005
1683.65,12003
1685.5,12002
1687.32,12001
1689.11,12000
1690.84,11999
1692.34,11998
1693.97,11996
1695.52,11995
1697.15,11994
1698.72,11993
1700.3,11992
1702,11991
1703.55,11988
1705.27,11987
1706.79,11986
1708.54,11985
1710.75,11984
1712.86,11983
1714.63,11980
1716.15,11973
1717.75,11972
1719.29,11971
1721.13,11970
1722.77,11967
1724.76,11966
1726.33,11963
1728.34,11961
1730.14,11960
1731.93,11959
1733.97,11958
1735.49,11956
1737.2,11954
1738.77,11953
1740.53,11952
1742.32,11951
1744.21,11944
1745.92,11942
1747.58,11941
1749.47,11938
1751.08,11936
1752.96,11934
1754.49,11933
1756.08,11932
1757.69,11931
1759.22,11928
1760.95,11927
1762.63,11926
1764.39,11925
1765.94,11924
1767.53,11923
1769.17,11921
1770.74,11920
1772.38,11919
1774.06,11908
1775.66,11906
1777.29,11905
1778.79,11903
1780.42,11901
1781.92,11898
1783.59,11897
1785.22,11895
1786.72,11893
1788.44,11891
1789.94,11890
1791.6,11889
1793.32,11887
1794.87,11886
1796.56,11885
1798.05,11884
1799.71,11883
1801.25,11882
1803.13,11879
1804.84,11878
1806.5,11877
1808.29,11874
1810.02,11873
1811.78,11871
1813.45,11870
1815.05,11869
1816.68,11868
1818.27,11867
1819.91,11865
1821.51,11863
1823.15,11862
1824.75,11861
1826.37,11860
1828.31,11859
1829.87,11858
1831.6,11857
1833.19,11855
1835.02,11854
1836.57,11851
1838.06,11850
1839.78,11849
1841.42,11848
1843.16,11846
1844.8,11845
1846.37,11844
1848,11841
1849.57,11840
1851.28,11833
1852.9,11832
1854.74,11829
1856.28,11826
1858.01,11825
1859.72,11824
1861.33,11823
1863.11,11821
1864.86,11819
1866.77,11818
1868.45,11817
1870.27,11815
1871.87,11814
1873.43,11813
1875.36,11812
1877.5,11811
1879.51,11809
1881.26,11807
1883.05,11806
1884.94,11804
1887.01,11802
1888.68,11801
1890.47,11799
1892.2,11798
1894.2,11797
1895.9,11795
1897.72,11794
1899.77,11793
1901.27,11792
1903.01,11791
1904.8,11790
1906.9,11789
1908.65,11788
1910.52,11787
1912.27,11784
1914.01,11782
1915.66,11781
1917.34,11780
1918.9,11779
1920.69,11778
1922.28,11776
1924.32,11774
1926.35,11773
1928.17,11772
1929.95,11770
1931.64,11766
1933.41,11762
1934.92,11760
1936.63,11755
1938.2,11754
1939.84,11751
1941.58,11745
1943.25,11744
1944.97,11743
1946.65,11741
1948.47,11739
1950.01,11736
1951.5,11735
1953.38,11734
1955.09,11729
1956.77,11728
1958.31,11727
1959.96,11726
1961.79,11725
1963.3,11723
1965.07,11722
1966.68,11721
1968.42,11719
1969.97,11718
1971.51,11717
1973.16,11715
1974.81,11714
1976.55,11712
1978.19,11711
1979.82,11709
1981.5,11708
1983.13,11707
1984.99,11706
1986.63,11704
1988.47,11703
1990.15,11702
1992.05,11701
1993.69,11700
1995.35,11699
1997.09,11697
1998.61,11696
2000.34,11695
2002.01,11694
2003.69,11693
2005.25,11691
2006.92,11690
2008.65,11689
2010.35,11688
2012,11687
2013.63,11686
2015.45,11684
2017.02,11681
2018.57,11680
2020.25,11678
2022.01,11677
2023.71,11676
2025.26,11675
2026.85,11674
2028.47,11673
2029.98,11671
2031.81,11670
2033.59,11668
2035.36,11667
2036.95,11664
2038.55,11662
2040.4,11659
2042.17,11657
2044.1,11655
2045.8,11654
2047.66,11653
2049.29,11652
2051.04,11651
2052.83,11650
2054.41,11648
2056.04,11647
2057.63,11644
2059.37,11642
2061.01,11640
2062.93,11638
2064.59,11637
2066.09,11635
2068.05,11631
2069.66,11630
2071.37,11629
2072.93,11626
2074.48,11624
2076.15,11620
2077.73,11618
2079.37,11617
2080.9,11616
2082.72,11614
2084.4,11613
2085.9,11612
2087.57,11610
2089.14,11609
2090.75,11608
2092.32,11606
2093.95,11605
2095.68,11604
2097.31,11603
2099.06,11601
2100.66,11600
2102.25,11598
2104.04,11597
2105.73,11595
2107.53,11593
2109.23,11588
2111.04,11587
2112.66,11586
2114.17,11585
2115.81,11584
2117.29,11583
2118.93,11582
2120.42,11580
2121.96,11579
2123.73,11577
2125.21,11575
2126.83,11573
2128.4,11572
2130.04,11571
2131.56,11570
2133.06,11569
2134.72,11567
2136.23,11565
2137.85,11564
2139.4,11563
2140.89,11562
2142.56,11561
2144.06,11560
2145.7,11559
2147.27,11558
2148.98,11557
2150.63,11556
2152.18,11555
2153.81,11553
2155.34,11552
2156.89,11551
2158.65,11550
2160.32,11549
2162.11,11547
2163.65,11546
2165.48,11545
2167.34,11544
2169.25,11543
2170.96,11541
2172.73,11540
2174.37,11539
2175.85,11538
2177.58,11537
2179.47,11536
2181.16,11534
2182.75,11532
2184.42,11531
2186.2,11530
2187.67,11529
2189.53,11528
2191.18,11526
2192.91,11523
2194.74,11518
2196.57,11516
2198.33,11514
2199.83,11513
2201.49,11511
2202.94,11510
2204.54,11509
2206.18,11505
2207.7,11504
2209.33,11503
2210.9,11502
2212.48,11501
2214.26,11500
2215.82,11499
2217.5,11497
2219.03,11496
2220.75,11495
2222.23,11492
2223.83,11489
2225.6,11488
2227.27,11487
2229.18,11485
2230.8,11484
2232.62,11483
2234.38,11482
2235.97,11480
2237.6,11479
2239.11,11477
2240.75,11476
2242.27,11474
2243.98,11473
2245.57,11472
2247.06,11470
2248.81,11469
2250.41,11468
2252,11466
2253.62,11465
2255.39,11464
2257.01,11461
2258.59,11459
2260.28,11458
2261.81,11457
2263.53,11456
2265.12,11455
2266.63,11453
2268.32,11451
2269.9,11450
2271.59,11449
2273.23,11448
2274.78,11447
2276.49,11446
2278.09,11444
2279.9,11443
2281.49,11435
2283.03,11434
2284.67,11433
2286.42,11432
2288.28,11431
2290.03,11430
2291.82,11426
2293.53,11424
2295.29,11423
2296.86,11422
2298.34,11421
2300.18,11419
2301.64,11418
2303.24,11417
2304.74,11416
2306.56,11415
2308.15,11414
2309.68,11413
2311.46,11412
2312.94,11410
2314.49,11408
2316.12,11407
2317.63,11406
2319.28,11405
2320.95,11403
2322.6,11401
2324.27,11399
2325.73,11398
2327.39,11397
2328.86,11395
2330.49,11392
2332.17,11391
2333.89,11389
2335.54,11388
2337.01,11387
2338.64,11386
2340.27,11385
2342.02,11384
2343.76,11383
2345.48,11382
2347.27,11381
2348.89,11380
2350.76,11379
2352.43,11378
2354.29,11377
2355.89,11375
2357.38,11374
2359,11373
2360.56,11372
2362.24,11371
2363.89,11370
2365.45,11368
2367.2,11367
2368.74,11365
2370.57,11364
2372.11,11363
2373.81,11362
2375.34,11361
2376.94,11358
2378.55,11356
2380.08,11353
2381.77,11352
2383.32,11347
2384.95,11345
2386.51,11344
2388.07,11343
2389.82,11339
2391.48,11338
2393.14,11337
2394.68,11336
2396.28,11335
2397.9,11334
2399.43,11333
2401.22,11332
2402.91,11331
2404.69,11330
2406.53,11328
2408.41,11327
2410.1,11325
2411.91,11324
2413.73,11323
2415.25,11322
2416.89,11321
2418.46,11320
2420.27,11319
2422.03,11318
2423.58,11315
2425.21,11314
2426.83,11313
2428.49,11312
2430.07,11310
2431.75,11309
2433.58,11308
2435.24,11307
2437.02,11306
2438.8,11305
2440.78,11304
2442.49,11303
2444.03,11302
2445.66,11300
2447.12,11298
2448.72,11297
2450.2,11296
2451.93,11295
2453.52,11293
2455.02,11291
2456.72,11290
2458.6,11286
2460.58,11284
2462.28,11282
2464.03,11281
2465.73,11280
2467.56,11279
2469.32,11275
2471.18,11274
2473.3,11273
2475.05,11270
2476.94,11269
2479.01,11268
2480.69,11266
2482.22,11263
2484.05,11261
2485.96,11260
2487.57,11258
2489.11,11257
2490.67,11256
2492.56,11255
2494.4,11254
2496.57,11252
2498.23,11251
2499.87,11250
2501.51,11249
2503.1,11247
2504.82,11246
2506.41,11245
2508.13,11243
2509.68,11242
2511.4,11241
2513.04,11240
2514.62,11239
2516.37,11237
2517.88,11235
2519.65,11234
2521.2,11231
2522.69,11230
2524.37,11227
2525.91,11225
2527.68,11223
2529.48,11222
2531.24,11221
2533.12,11220
2534.93,11215
2536.81,11214
2538.44,11213
2540.25,11212
2541.73,11210
2543.42,11209
2544.96,11208
2546.59,11207
2548.28,11206
2549.73,11205
2551.24,11204
2552.84,11203
2554.39,11202
2556.07,11201
2557.56,11199
2559.31,11198
2561.09,11197
2562.81,11196
2564.48,11194
2565.98,11193
2567.61,11191
2569.13,11189
2570.65,11188
2572.22,11185
2573.68,11184
2575.41,11183
2576.92,11182
2578.54,11181
2580.35,11180
2581.83,11179
2583.47,11178
2585.01,11176
2587,11175
2588.78,11174
2590.59,11172
2592.29,11171
2593.99,11168
2595.77,11167
2597.39,11166
2599.01,11164
2600.57,11163
2602.02,11162
2603.68,11161
2605.29,11160
2607.02,11159
2609.35,11157
2611.44,11156
2613.06,11154
2614.86,11152
2616.5,11151
2618.11,11150
2619.81,11149
2621.32,11148
2623.04,11147
2624.6,11146
2626.4,11144
2627.83,11143
2629.32,11141
2630.94,11140
2632.58,11139
2634.75,11138
2636.33,11136
2637.9,11135
2639.64,11134
2641.48,11131
2643.31,11130
2644.84,11129
2646.46,11126
2648.05,11125
2649.83,11124
2651.71,11123
2653.51,11120
2655.36,11119
2657.02,11118
2658.66,11117
2660.19,11116
2661.83,11114
2663.47,11113
2665.1,11111
2666.75,11110
2668.3,11109
2670.02,11108
2671.65,11107
2673.24,11106
2674.77,11105
2676.48,11103
2678.57,11102
2680.23,11101
2682.18,11100
2683.76,11098
2685.61,11096
2687.09,11095
2688.68,11094
2690.35,11092
2692.03,11090
2693.66,11088
2695.17,11087
2696.85,11086
2698.39,11084
2699.93,11083
2701.56,11082
2703.02,11081
2704.59,11080
2706.3,11078
2707.85,11077
2709.74,11076
2711.57,11075
2713.36,11074
2715.12,11070
2716.94,11068
2718.52,11067
2719.97,11066
2721.58,11065
2723.09,11064
2724.66,11063
2726.23,11060
2727.76,11059
2729.53,11058
2731,11057
2732.7,11056
2734.16,11055
2735.59,11054
2737.28,11052
2738.78,11051
2740.37,11050
2741.87,11049
2743.33,11047
2745.22,11046
2746.83,11045
2748.49,11043
2749.93,11042
2751.44,11041
2753.19,11040
2754.62,11039
2756.18,11038
2757.75,11037
2759.34,11036
2761.03,11035
2762.55,11033
2764.13,11032
2765.69,11031
2767.35,11030
2769.03,11027
2770.65,11026
2772.69,11025
2774.33,11024
2776.18,11023
2778.04,11022
2779.97,11021
2781.62,11020
2783.44,11019
2785.04,11018
2787.12,11017
2788.72,11016
2790.26,11015
2792.25,11013
2793.75,11012
2795.67,11011
2797.24,11009
2798.75,11008
2800.39,11007
2802.18,11006
2804.05,11005
2805.58,11004
2807.13,11001
2808.71,11000
2810.21,10999
2811.84,10998
2813.48,10997
2815.11,10996
2816.68,10994
2818.19,10993
2819.8,10992
2821.29,10991
2822.88,10989
2824.46,10984
2825.93,10982
2827.64,10981
2829.34,10980
2831.16,10979
2832.97,10978
2834.8,10976
2836.59,10975
2838.11,10974
2839.7,10973
2841.16,10972
2842.92,10971
2844.53,10970
2846.04,10968
2847.65,10967
2849.19,10966
2850.81,10965
2852.31,10964
2854.05,10963
2855.6,10961
2857.08,10959
2858.81,10958
2860.32,10957
2861.96,10956
2863.58,10955
2865.11,10953
2866.74,10952
2868.25,10949
2869.91,10948
2871.46,10946
2872.92,10945
2874.76,10944
2876.27,10943
2877.89,10942
2879.42,10941
2880.94,10940
2882.51,10939
2883.96,10937
2885.66,10936
2887.18,10935
2888.83,10934
2890.67,10933
2892.26,10932
2894.23,10931
2895.94,10929
2897.81,10928
2899.33,10926
2900.81,10924
2902.42,10923
2903.88,10922
2905.53,10920
2907.11,10918
2908.6,10916
2910.16,10914
2911.75,10913
2913.38,10912
2914.87,10911
2916.44,10910
2918.06,10909
2919.73,10908
2921.44,10907
2923.03,10906
2924.86,10905
2926.4,10904
2927.88,10903
2929.51,10901
2931.05,10900
2932.89,10899
2934.48,10898
2936.07,10897
2937.91,10896
2939.54,10895
2941.41,10894
2942.98,10892
2944.6,10891
2946.07,10889
2947.59,10886
2949.3,10885
2950.96,10884
2952.73,10883
2954.41,10882
2956.16,10881
2957.8,10879
2959.47,10878
2961.08,10875
2962.57,10874
2964.38,10873
2965.87,10872
2967.38,10871
2969.02,10870
2970.52,10869
2972.13,10867
2973.59,10866
2975.03,10865
2976.61,10864
2978.03,10862
2979.78,10861
2981.28,10860
2982.77,10859
2984.43,10858
2986.06,10856
2987.67,10855
2989.23,10854
2990.73,10853
2992.3,10852
2993.72,10851
2995.27,10850
2996.78,10849
2998.22,10848
2999.87,10847
3001.33,10846
3002.9,10844
3004.39,10843
3005.97,10842
3007.57,10841
3009.11,10840
3010.88,10839
3012.51,10838
3014.12,10837
3015.82,10834
3017.57,10832
3019.22,10831
3020.66,10828
3022.16,10827
3023.71,10826
3025.23,10825
3026.86,10824
3028.3,10823
3029.85,10822
3031.38,10821
3032.8,10820
3034.37,10819
3035.85,10818
3037.34,10817
3038.91,10815
3040.42,10814
3042.03,10813
3043.48,10812
3045.01,10811
3046.77,10808
3048.24,10806
3049.84,10805
3051.31,10804
3052.8,10803
3054.39,10802
3055.96,10801
3057.64,10800
3059.18,10799
3060.78,10798
3062.4,10796
3063.88,10794
3065.49,10793
3067.17,10792
3068.72,10791
3070.4,10790
3072.09,10788
3073.82,10787
3075.42,10786
3077.25,10784
3079.02,10782
3080.62,10780
3082.05,10779
3083.72,10777
3085.22,10776
3087.01,10775
3088.68,10774
3090.1,10773
3091.81,10772
3093.29,10771
3094.77,10770
3096.47,10768
3098.01,10767
3099.53,10766
3101.16,10765
3102.73,10764
3104.36,10763
3105.89,10762
3107.69,10761
3109.16,10760
3110.7,10759
3112.26,10758
3113.7,10757
3115.34,10756
3116.84,10755
3118.35,10754
3119.91,10753
3121.34,10752
3122.93,10751
3124.42,10750
3125.88,10747
3127.49,10746
3128.95,10745
3130.66,10744
3132.44,10743
3134.17,10742
3135.84,10741
3137.5,10740
3139.27,10738
3140.73,10737
3142.27,10736
3143.88,10735
3145.3,10734
3146.88,10733
3148.37,10732
3149.95,10731
3151.41,10730
3153.05,10729
3154.63,10728
3156.11,10727
3157.7,10726
3159.22,10725
3160.72,10723
3162.38,10722
3163.99,10719
3165.94,10718
3167.49,10717
3169.03,10716
3170.65,10715
3172.1,10714
3173.81,10713
3175.29,10712
3176.83,10710
3178.4,10709
3179.82,10708
3181.39,10707
3182.88,10705
3184.35,10704
3185.91,10703
3187.35,10702
3188.97,10698
3190.49,10697
3192.27,10695
3194.1,10693
3195.77,10692
3197.55,10691
3199.21,10690
3200.86,10689
3202.34,10688
3203.77,10686
3205.33,10685
3206.8,10684
3208.37,10683
3209.85,10682
3211.37,10681
3213.17,10680
3214.64,10679
3216.23,10678
3217.75,10677
3219.21,10675
3220.84,10674
3222.41,10671
3224.05,10668
3225.58,10667
3227.05,10666
3228.72,10665
3230.21,10663
3231.96,10662
3233.83,10661
3235.45,10660
3236.95,10659
3238.41,10658
3240.03,10656
3241.68,10655
3243.46,10654
3244.93,10652
3246.57,10651
3248.24,10650
3249.74,10649
3251.53,10647
3253.18,10646
3255.06,10645
3256.73,10644
3258.34,10643
3260.23,10642
3261.8,10641
3263.59,10640
3265.19,10639
3266.69,10638
3268.41,10637
3269.98,10636
3271.63,10635
3273.1,10634
3274.81,10633
3276.35,10632
3277.85,10631
3279.55,10630
3281.04,10629
3282.82,10628
3284.54,10627
3286.2,10626
3288.01,10625
3289.51,10624
3291.21,10623
3292.75,10622
3294.32,10621
3295.92,10620
3297.42,10619
3299.04,10618
3300.59,10617
3302.1,10616
3303.7,10615
3305.15,10614
3306.71,10613
3308.17,10612
3309.67,10611
3311.25,10610
3312.83,10609
3314.59,10608
3316.42,10607
3318.16,10606
3319.84,10604
3321.42,10602
3323.07,10601
3324.52,10600
3326.13,10599
3327.66,10598
3329.15,10597
3330.74,10594
3332.24,10593
3333.74,10591
3335.25,10590
3336.8,10587
3338.44,10585
3339.88,10584
3341.38,10583
3342.87,10582
3344.45,10581
3346.06,10580
3347.52,10579
3349.05,10576
3350.6,10575
3352.16,10574
3353.74,10573
3355.19,10572
3356.95,10571
3358.89,10570
3361.16,10569
3363.18,10568
3364.73,10567
3366.39,10566
3367.92,10564
3369.56,10563
3371.04,10562
3372.68,10561
3374.41,10560
3376.2,10559
3378.15,10558
3379.96,10557
3381.71,10555
3383.22,10554
3384.83,10553
3386.53,10552
3388.12,10551
3389.69,10550
3391.24,10549
3392.88,10548
3394.39,10547
3396.33,10546
3398.06,10545
3399.87,10544
3401.75,10543
3403.3,10541
3404.95,10540
3406.55,10539
3408.19,10538
3409.87,10537
3411.38,10534
3412.98,10533
3414.46,10532
3415.98,10531
3417.79,10530
3419.27,10529
3420.86,10528
3422.32,10527
3423.78,10526
3425.44,10524
3426.89,10523
3428.84,10522
3430.39,10521
3431.89,10520
3433.6,10519
3435.52,10518
3437.91,10516
3439.83,10515
3441.67,10514
3443.3,10511
3444.97,10510
3446.51,10509
3448.13,10508
3449.95,10507
3451.53,10506
3453.35,10505
3454.88,10504
3456.59,10503
3458.38,10502
3460.01,10501
3461.5,10499
3463.09,10498
3464.86,10497
3466.49,10496
3468.23,10494
3469.91,10491
3471.49,10490
3473.08,10487
3474.63,10486
3476.4,10485
3478.17,10484
3479.91,10483
3481.54,10482
3483.18,10481
3484.85,10479
3486.34,10478
3488.07,10477
3489.55,10476
3491.34,10475
3493,10474
3494.7,10473
3496.53,10472
3498.4,10471
3500.38,10470
3502.11,10469
3503.83,10468
3505.42,10467
3507.05,10466
3508.59,10465
3510.1,10464
3511.86,10463
3513.39,10462
3515.02,10461
3516.66,10458
3518.25,10456
3519.92,10455
3521.46,10454
3523.11,10453
3524.7,10449
3526.35,10448
3527.96,10446
3529.5,10445
3531.2,10444
3532.85,10443
3534.71,10442
3536.23,10441
3537.65,10440
3539.25,10439
3540.72,10438
3542.38,10437
3544.13,10436
3545.73,10435
3547.24,10434
3548.68,10433
3550.32,10432
3551.8,10431
3553.39,10430
3555.09,10428
3556.76,10427
3558.52,10426
3560.2,10425
3561.99,10424
3563.76,10423
3565.45,10421
3566.99,10420
3568.53,10418
3570.12,10417
3571.63,10416
3573.21,10415
3574.69,10414
3576.13,10413
3577.72,10412
3579.27,10411
3580.8,10410
3582.31,10409
3583.93,10407
3585.63,10406
3587.13,10405
3588.76,10404
3590.28,10403
3591.81,10402
3593.41,10401
3594.89,10400
3596.51,10398
3598,10397
3599.43,10396
3601.09,10395
3602.54,10394
3604.06,10393
3605.61,10392
3607.01,10391
3608.68,10390
3610.29,10389
3611.79,10388
3613.29,10387
3614.87,10386
3616.64,10385
3618.34,10384
3620.1,10383
3621.77,10382
3623.36,10381
3624.93,10380
3626.39,10379
3627.99,10378
3629.63,10377
3631.1,10376
3632.65,10375
3634.1,10374
3635.69,10372
3637.18,10371
3638.65,10370
3640.25,10369
3641.69,10367
3643.23,10366
3644.78,10365
3646.22,10364
3647.88,10363
3649.42,10362
3651.36,10361
3652.89,10360
3654.36,10359
3655.97,10358
3657.49,10357
3659.16,10356
3660.75,10354
3662.33,10353
3663.88,10352
3665.32,10351
3667.05,10350
3668.5,10349
3669.93,10348
3671.59,10347
3673.03,10346
3674.67,10345
3676.42,10344
3678.33,10343
3680.24,10342
3681.92,10341
3683.7,10340
3685.25,10339
3687.1,10338
3688.64,10337
3690.1,10336
3691.88,10335
3693.32,10334
3695,10333
3696.66,10332
3698.3,10331
3699.82,10330
3701.3,10329
3703.04,10328
3704.48,10327
3706.07,10325
3707.58,10324
3709.09,10323
3710.77,10322
3712.23,10320
3713.75,10319
3715.36,10318
3717.03,10316
3718.75,10315
3720.28,10313
3721.86,10311
3723.38,10310
3724.9,10309
3726.61,10308
3728.11,10307
3729.73,10306
3731.46,10305
3733.29,10304
3735.05,10303
3737.03,10302
3738.89,10301
3740.8,10300
3742.9,10298
3744.64,10297
3746.44,10296
3748.27,10295
3749.99,10293
3751.54,10292
3753.25,10291
3754.78,10289
3756.38,10288
3758.06,10287
3759.66,10286
3761.34,10284
3763.12,10282
3764.83,10281
3767.72,10280
3769.42,10279
3770.89,10278
3775.42,10277
3777.02,10276
3778.48,10275
3780.03,10274
3781.52,10273
3783.08,10272
3784.65,10271
3786.11,10270
3787.66,10269
3789.19,10268
3790.77,10267
3792.36,10266
3793.77,10265
3795.34,10264
3796.99,10261
3798.6,10260
3800.44,10259
3802.01,10258
3803.89,10257
3805.32,10256
3806.81,10255
3808.41,10254
3809.79,10253
3811.43,10251
3813,10250
3814.45,10249
3816.07,10248
3817.56,10247
3819.08,10246
3820.61,10245
3822.07,10243
3823.86,10242
3825.31,10241
3826.82,10240
3828.3,10239
3829.79,10238
3831.42,10237
3833.02,10236
3834.72,10235
3836.22,10233
3837.64,10231
3839.24,10230
3842.41,10229
3844.17,10228
3845.64,10227
3847.22,10226
3848.63,10223
3850.17,10220
3858.1,10219
3859.72,10216
3863.24,10215
3868.48,10214
3870.19,10213
3872.09,10212
3873.57,10211
3875.28,10210
3876.91,10209
3878.64,10208
3880.33,10207
3881.8,10206
3883.48,10205
3884.99,10204
3886.54,10203
3888.36,10202
3890.45,10201
3892.31,10200
3893.97,10199
3895.61,10198
3897.09,10197
3898.66,10195
3900.24,10194
3901.67,10193
3903.13,10192
3904.62,10191
3906.2,10190
3907.65,10189
3909.19,10188
3910.93,10187
3912.38,10186
3913.93,10185
3915.4,10183
3916.99,10182
3918.75,10181
3920.32,10179
3922.13,10178
3923.76,10177
3925.36,10176
3926.94,10175
3928.44,10174
3930.07,10173
3931.5,10172
3932.92,10171
3934.53,10170
3936.11,10168
3937.75,10166
3939.2,10165
3940.63,10164
3942.23,10163
3943.67,10162
3945.26,10161
3946.76,10160
3948.21,10158
3949.79,10157
3951.23,10156
3952.85,10155
3954.38,10154
3955.98,10153
3957.6,10152
3959.08,10151
3960.71,10150
3962.23,10149
3963.72,10148
3965.34,10147
3966.84,10146
3968.34,10145
3969.88,10144
3971.4,10143
3972.99,10142
3974.69,10141
3976.28,10140
3978.05,10139
3979.95,10138
3981.88,10137
3983.69,10136
3985.44,10135
3987.19,10134
3988.82,10133
3990.28,10132
3991.92,10131
3993.46,10130
3994.95,10129
3996.38,10128
3998.08,10127
3999.63,10126
4001.14,10125
4003.01,10124
4004.54,10123
4006.12,10122
4007.62,10121
4009.08,10120
4010.66,10119
4012.13,10118
4013.76,10117
4015.21,10116
4016.76,10115
4018.41,10114
4019.88,10113
4021.53,10112
4023.22,10110
4024.77,10108
4026.42,10106
4029.5,10105
4031.13,10104
4033.02,10103
4034.78,10102
4036.36,10101
4038.25,10100
4039.98,10099
4043.75,10098
4045.78,10094
4054.19,10093
4055.67,10092
4058.73,10091
4060.21,10089
4061.84,10088
4063.33,10084
4068.08,10079
4069.76,10078
4071.24,10076
4083.37,10075
4085,10073
4086.49,10072
4092.98,10070
4095.94,10068
4097.58,10067
4099.18,10066
4100.94,10065
4102.49,10063
4104.24,10062
4105.86,10061
4107.37,10060
4108.96,10059
4110.53,10057
4112.26,10056
4113.69,10055
4115.33,10054
4116.84,10053
4118.31,10052
4119.89,10051
4121.41,10048
4122.98,10047
4124.56,10046
4129.03,10044
4130.75,10043
4132.26,10042
4134,10041
4135.79,10040
4137.33,10039
4138.88,10038
4140.33,10036
4141.93,10035
4143.69,10034
4145.16,10033
4148.13,10031
4149.57,10030
4154.36,10029
4155.89,10027
4157.31,10025
4160.5,10024
4163.92,10023
4165.65,10022
4167.32,10019
4168.82,10014
4172.04,10012
4175.06,10011
4178,10010
4180.87,10009
4184.01,10008
4188.52,10006
4190.16,10005
4191.8,10004
4194.78,10003
4196.26,10002
4197.87,10001
4199.33,10000
4200.87,9999
4202.33,9998
4203.78,9997
4205.37,9996
4206.78,9995
4208.31,9994
4209.85,9993
4211.28,9992
4212.93,9991
4214.4,9990
4215.83,9989
4217.62,9987
4219.05,9986
4220.71,9985
4222.28,9984
4224.06,9983
4225.67,9982
4227.35,9981
4228.93,9980
4230.38,9979
4231.91,9978
4233.35,9977
4234.77,9976
4236.34,9975
4237.95,9974
4239.54,9973
4241.01,9972
4242.41,9971
4244.02,9970
4245.63,9969
4247.19,9968
4248.73,9967
4250.44,9966
4252.29,9965
4253.92,9964
4255.63,9963
4257.39,9962
4259.07,9961
4260.71,9960
4262.72,9959
4264.53,9958
4266.11,9957
4267.91,9955
4269.5,9954
4271.12,9953
4272.62,9952
4274.08,9951
4275.67,9950
4277.29,9949
4278.92,9948
4280.63,9947
4282.4,9946
4284.17,9945
4285.79,9944
4288.13,9943
4289.71,9942
4291.4,9941
4293.02,9940
4294.46,9939
4295.9,9938
4297.49,9937
4300.68,9936
4302.27,9935
4303.96,9934
4305.36,9932
4306.97,9931
4308.42,9930
4309.95,9929
4311.5,9928
4312.94,9927
4314.56,9926
4316.12,9923
4317.82,9922
4325.87,9921
4327.39,9920
4328.87,9918
4330.59,9917
4332.1,9914
4336.72,9913
4339.81,9912
4341.59,9911
4343.3,9910
4345.17,9909
4346.83,9908
4348.65,9906
4350.35,9905
4351.79,9904
4353.43,9903
4356.41,9902
4360.96,9901
4362.59,9899
4365.65,9898
4367.12,9896
4368.54,9895
4370.38,9894
4371.8,9893
4373.38,9892
4374.89,9891
4376.37,9890
4378.13,9889
4379.77,9888
4381.41,9887
4382.9,9886
4384.47,9885
4387.59,9884
4389.35,9883
4390.88,9881
4392.4,9879
4393.99,9878
4395.46,9877
4397.11,9876
4398.6,9875
4400.13,9874
4401.9,9873
4403.49,9872
4405.26,9871
4406.95,9870
4408.71,9869
4410.41,9868
4412.18,9866
4413.67,9865
4415.16,9864
4416.84,9863
4418.3,9862
4419.9,9861
4421.41,9860
4422.96,9859
4424.64,9858
4426.55,9857
4428.28,9856
4429.72,9855
4431.45,9854
4433.11,9853
4434.7,9852
4436.32,9851
4437.75,9850
4439.41,9849
4441.09,9848
4442.67,9847
4444.46,9846
4445.94,9845
4447.52,9844
4448.98,9843
4450.53,9842
4452.18,9841
4453.67,9840
4455.48,9839
4456.94,9838
4458.41,9836
4460.08,9835
4461.64,9834
4463.47,9832
4468.77,9830
4470.33,9829
4473.61,9828
4475.25,9827
4476.85,9826
4478.44,9825
4480.03,9821
4483.15,9820
4484.68,9819
4487.77,9818
4489.28,9817
4490.87,9815
4495.43,9814
4497.12,9813
4498.7,9812
4500.3,9811
4511.23,9810
4514.27,9809
4515.72,9808
4517.48,9807
4519,9806
4520.56,9805
4522.36,9804
4524.02,9803
4525.81,9802
4527.84,9801
4530.2,9800
4531.89,9799
4533.6,9798
4535.2,9797
4536.87,9796
4538.55,9795
4540.09,9794
4541.77,9793
4543.31,9792
4544.86,9791
4546.61,9790
4548.08,9787
4549.74,9783
4551.2,9782
4552.77,9781
4554.31,9780
4555.8,9779
4557.63,9778
4559.06,9777
4562.68,9776
4564.82,9775
4566.45,9774
4568.44,9772
4570.04,9771
4571.6,9769
4574.78,9767
4576.42,9766
4579.67,9765
4581.47,9764
4583.54,9762
4589.01,9761
4591.01,9760
4592.72,9759
4594.28,9758
4597.49,9757
4600.97,9753
4602.98,9751
4606.29,9750
4609.93,9749
4611.71,9748
4616.33,9744
4619.34,9743
4621.08,9742
4624.34,9741
4625.84,9740
4628.84,9739
4630.36,9738
4632.07,9737
4633.58,9736
4635.16,9733
4636.72,9732
4638.22,9731
4639.82,9730
4641.27,9726
4644.8,9725
4649.77,9722
4651.54,9718
4653.1,9715
4656.45,9713
4657.93,9711
4663.58,9710
4665.26,9708
4669.19,9707
4670.81,9706
4672.49,9703
4676.32,9702
4678.18,9700
4679.89,9699
4683.08,9696
4684.94,9695
4688.39,9694
4689.9,9689
4691.84,9687
4693.49,9686
4695.16,9681
4698.19,9679
4699.85,9677
4701.37,9676
4703.05,9675
4715.07,9674
4716.57,9673
4718.05,9671
4722.7,9669
4727.24,9667
4731.87,9666
4733.65,9664
4738.84,9661
4749.55,9660
4752.71,9659
4754.57,9657
4756.23,9655
4759.95,9654
4761.51,9653
4763.22,9652
4765.06,9649
4766.81,9648
4771.85,9646
4773.51,9645
4775.25,9644
4778.26,9643
4779.79,9642
4781.44,9639
4782.88,9638
4786.09,9636
4787.51,9635
4789.16,9633
4793.54,9632
4797.61,9631
4802.75,9630
4804.37,9629
4805.97,9628
4807.43,9626
4810.6,9625
4812.13,9624
4813.83,9621
4822.18,9618
4823.74,9617
4828.83,9616
4835.42,9614
4839.32,9613
4846.32,9612
4847.83,9611
4850.89,9609
4852.56,9606
4855.87,9604
4866.65,9603
4868.34,9602
4870.13,9600
4871.69,9599
4873.45,9597
4885.54,9596
4889.47,9595
4891.34,9594
4893.2,9593
4894.91,9592
4896.41,9591
4897.99,9588
4904.06,9587
4906.06,9586
4907.65,9585
4909.19,9584
4912.49,9583
4914.16,9582
4915.83,9581
4917.55,9580
4919.17,9579
4920.65,9578
4922.49,9577
4923.94,9576
4925.69,9575
4927.19,9574
4928.86,9573
4930.56,9572
4932.04,9571
4933.73,9570
4935.25,9569
4936.86,9568
4938.41,9567
4939.92,9566
4941.66,9565
4946.64,9564
4950.04,9563
4953.35,9562
4954.8,9559
4959.39,9556
4964.24,9555
4967.39,9554
4969,9553
4970.5,9552
4971.96,9551
4973.64,9549
4977.25,9548
4980.91,9547
4982.58,9546
4984.3,9545
4985.91,9543
4987.52,9542
4989.22,9541
4990.7,9540
4992.34,9539
4994,9538
4995.57,9537
4997.3,9536
4998.94,9535
5000.67,9534
5002.18,9533
5003.92,9531
5007.08,9528
5011.56,9525
5014.88,9524
5019.88,9523
5021.52,9522
5024.6,9521
5026.22,9520
5027.8,9518
5029.25,9517
5032.33,9516
5034.11,9515
5038.69,9514
5040.34,9513
5042.34,9509
5045.61,9506
5061.22,9505
5065.57,9504
5067.74,9503
5069.52,9502
5075.03,9501
5076.5,9500
5078.25,9498
5080.15,9497
5081.68,9495
5083.22,9493
5086.55,9492
5088.08,9489
5089.77,9487
5095.97,9485
5099.41,9484
5101.14,9483
5102.63,9482
5104.16,9481
5105.92,9480
5107.49,9479
5109.48,9478
5110.93,9477
5115.51,9476
5117.26,9474
5118.83,9472
5120.52,9471
5123.53,9469
5126.64,9467
5128.36,9465
5133.27,9464
5136.42,9463
5137.92,9462
5139.48,9461
5144.19,9460
5147.11,9459
5148.66,9458
5150.11,9456
5151.69,9455
5153.19,9454
5154.6,9452
5160.86,9450
5162.47,9449
5163.97,9448
5165.44,9446
5173.16,9441
5174.74,9439
5192.88,9438
5201.4,9436
5206.19,9435
5211.04,9433
5212.56,9432
5214.19,9431
5215.73,9430
5217.39,9429
5219.05,9428
5220.69,9426
5222.37,9425
5224.04,9424
5225.9,9423
5227.5,9422
5229.27,9421
5231.08,9420
5232.92,9418
5234.75,9417
5239.33,9415
5242.48,9414
5244.26,9412
5245.76,9411
5247.34,9410
5254.71,9409
5257.77,9404
5265.55,9403
5267.07,9402
5271.85,9401
5274.92,9399
5276.56,9398
5279.5,9397
5281.02,9396
5282.49,9395
5284.27,9392
5289.16,9390
5290.74,9387
5294.28,9386
5295.85,9385
5297.37,9384
5298.8,9381
5304.93,9379
5308.33,9378
5309.9,9377
5313.6,9376
5315.31,9375
5316.88,9374
5318.35,9371
5321.45,9370
5324.69,9369
5326.16,9368
5329.19,9366
5332.51,9364
5337.72,9363
5341.06,9362
5343.01,9361
5344.87,9360
5346.38,9359
5349.65,9358
5351.53,9356
5353.19,9355
5354.71,9353
5356.35,9351
5363.92,9347
5368.83,9346
5370.52,9344
5372.3,9342
5374.05,9339
5375.76,9338
5377.24,9337
5378.82,9336
5380.4,9335
5389.5,9333
5391.18,9332
5392.64,9331
5394.35,9330
5397.27,9329
5398.85,9328
5402.03,9325
5403.62,9323
5405.14,9322
5406.75,9321
5417.98,9320
5419.44,9316
5426.27,9315
5429.52,9314
5431.16,9313
5432.88,9312
5434.71,9311
5436.23,9309
5437.92,9308
5442.37,9307
5443.89,9306
5445.52,9304
5446.96,9303
5450.05,9302
5451.57,9301
5453.23,9299
5454.78,9296
5456.3,9295
5457.84,9294
5460.92,9293
5463.91,9291
5465.47,9290
5466.96,9288
5485.72,9287
5487.26,9285
5489.17,9284
5490.73,9283
5492.65,9282
5494.37,9280
5500.89,9277
5502.37,9276
5507.31,9275
5510.28,9274
5511.95,9273
5513.39,9272
5514.94,9271
5517.87,9270
5519.75,9267
5521.14,9265
5522.68,9264
5525.63,9263
5527.18,9262
5538.04,9260
5539.7,9259
5542.74,9258
5544.34,9253
5545.83,9252
5547.36,9250
5548.97,9249
5557.15,9247
5562.05,9246
5566.71,9243
5571.28,9240
5572.71,9239
5575.69,9237
5578.82,9235
5580.36,9234
5583.38,9232
5586.45,9230
5587.88,9228
5594.24,9227
5597.37,9226
5598.82,9225
5605.61,9224
5608.65,9223
5610.35,9220
5611.91,9219
5613.8,9218
5615.39,9216
5623.09,9215
5624.73,9214
5626.38,9213
5627.85,9212
5629.4,9211
5630.91,9210
5632.56,9209
5634.18,9208
5635.8,9207
5637.32,9205
5638.76,9204
5641.94,9203
5643.58,9198
5645.13,9197
5648.31,9194
5649.73,9193
5651.28,9192
5654.21,9191
5662.05,9190
5663.8,9188
5668.66,9187
5670.24,9184
5673.83,9183
5675.58,9178
5684.95,9177
5689.52,9175
5691.1,9173
5694.25,9172
5695.84,9171
5697.34,9170
5698.84,9167
5706.28,9166
5707.82,9161
5709.29,9160
5713.73,9159
5715.31,9158
5729.06,9157
5730.82,9155
5732.39,9154
5734.03,9152
5735.74,9149
5740.45,9147
5745.04,9146
5746.68,9145
5748.11,9144
5749.69,9142
5751.18,9140
5754.27,9139
5755.68,9138
5757.24,9137
5760.22,9136
5766.48,9135
5769.48,9134
5770.94,9133
5773.95,9132
5775.39,9131
5776.99,9129
5778.5,9128
5780.08,9127
5781.82,9126
5783.48,9125
5785.24,9124
5786.68,9123
5790.05,9122
5795.12,9121
5796.86,9120
5798.49,9118
5801.78,9117
5803.48,9116
5806.67,9115
5808.21,9114
5809.79,9113
5811.3,9112
5812.94,9111
5814.38,9110
5815.93,9107
5828.12,9106
5831.04,9105
5837.58,9104
5840.67,9100
5842.33,9098
5847.51,9097
5849.13,9095
5854.21,9092
5856.07,9091
5857.73,9089
5859.43,9086
5861.01,9083
5869.35,9081
5870.97,9080
5872.51,9079
5873.95,9078
5884.75,9077
5886.29,9076
5888.02,9074
5889.59,9073
5891.5,9072
5896.36,9071
5897.95,9069
5899.61,9068
5901.06,9066
5904.04,9065
5905.74,9061
5907.26,9059
5911.89,9057
5921.68,9056
5927.35,9055
5930.58,9054
5932.06,9053
5933.7,9049
5935.39,9048
5936.87,9045
5946.53,9044
5949.54,9042
5955.57,9041
5965.26,9036
5975.32,9035
5978.84,9034
5980.83,9033
5982.68,9032
5984.83,9030
5988.45,9028
5990.48,9027
5991.97,9026
5993.54,9025
5995.18,9024
5996.81,9021
5999.74,9020
6001.35,9019
6004.35,9018
6005.82,9016
6011.9,9012
6017.86,9009
6019.37,9008
6022.38,9007
6024.02,9006
6025.61,9005
6028.77,9002
6030.27,9001
6032.09,9000
6041.65,8999
6043.2,8998
6044.72,8997
6046.18,8996
6047.74,8995
6052.7,8994
6055.71,8992
6060.24,8990
6063.43,8989
6064.87,8988
6066.36,8987
6067.93,8986
6069.38,8985
6070.92,8984
6072.58,8983
6074.16,8982
6083.35,8981
6085.05,8980
6087.05,8979
6088.77,8978
6090.45,8977
6092.3,8976
6093.94,8975
6095.61,8974
6097.22,8973
6100.73,8970
6111.63,8969
6114.9,8966
6122.51,8964
6123.96,8963
6125.6,8962
6127.08,8961
6128.53,8960
6130.12,8958
6131.55,8957
6139.23,8956
6145.41,8955
6151.48,8954
6153.35,8952
6156.64,8951
6161.69,8950
6164.67,8949
6170.73,8947
6172.37,8946
6173.97,8945
6175.39,8943
6178.45,8942
6181.52,8941
6186.06,8939
6192.31,8936
6196.98,8935
6201.44,8934
6202.97,8933
6204.52,8931
6212.07,8930
6213.78,8929
6215.56,8928
6217.08,8927
6220.62,8926
6223.73,8924
6228.2,8922
6229.61,8920
6232.72,8919
6240.6,8918
6244.03,8915
6246.99,8914
6248.4,8913
6249.9,8912
6257.47,8911
6259.08,8910
6260.56,8908
6263.7,8907
6265.37,8906
6274.9,8905
6276.47,8904
6278.26,8903
6283.42,8902
6285.08,8901
6286.6,8900
6288.07,8896
6291.19,8895
6292.7,8894
6300.48,8892
6302.01,8891
6303.45,8890
6307.91,8889
6314.08,8888
6315.58,8887
6317.22,8886
6318.83,8884
6334.66,8882
6336.44,8881
6338.03,8879
6341.53,8877
6344.73,8876
6346.24,8875
6347.83,8874
6350.79,8872
6355.64,8871
6357.15,8869
6358.67,8867
6360.31,8866
6361.97,8865
6365.11,8864
6366.69,8863
6368.39,8862
6369.79,8860
6371.29,8859
6372.79,8858
6374.32,8857
6375.9,8856
6377.46,8855
6379.37,8854
6381.09,8853
6384.48,8852
6386.29,8851
6387.96,8850
6391.91,8849
6395.88,8848
6397.53,8847
6401.13,8843
6408.04,8842
6411.24,8841
6414.36,8839
6415.85,8838
6417.45,8837
6420.61,8836
6422.17,8835
6423.62,8834
6425.12,8833
6426.83,8830
6432.93,8829
6434.54,8828
6435.99,8827
6437.6,8826
6439.08,8825
6440.5,8823
6442.18,8822
6443.72,8820
6445.42,8819
6446.98,8818
6448.47,8817
6450.13,8816
6451.74,8814
6453.38,8813
6455.05,8812
6456.65,8811
6458.34,8809
6460.06,8805
6467.27,8801
6470.4,8800
6472.08,8798
6475.36,8797
6482.87,8794
6492.77,8793
6494.58,8792
6496.07,8790
6504.47,8789
6506.17,8788
6509.67,8786
6516.91,8782
6530.83,8778
6537.84,8777
6539.37,8775
6541.06,8774
6542.85,8773
6549.57,8772
6551.35,8771
6553.12,8766
6557.73,8765
6568.91,8764
6570.47,8763
6572.07,8759
6575.78,8758
6577.81,8757
6579.49,8756
6596.5,8754
6604.67,8752
6606.3,8751
6609.35,8750
6610.88,8749
6612.4,8748
6620.65,8745
6633.53,8744
6636.74,8743
6638.52,8740
6645.71,8738
6648.82,8737
6651.95,8736
6653.62,8734
6669.49,8733
6672.57,8732
6674.08,8731
6675.58,8730
6677.25,8729
6678.74,8728
6680.44,8726
6682.12,8725
6683.65,8723
6691.99,8722
6700.1,8721
6701.84,8719
6712.16,8718
6713.63,8717
6715.08,8716
6716.8,8715
6718.42,8713
6720.33,8711
6721.86,8710
6729.08,8709
6735.2,8708
6738.31,8707
6739.98,8705
6746.28,8704
6748,8702
6766.28,8700
6768.15,8699
6769.64,8698
6772.66,8696
6775.71,8694
6777.21,8693
6791.03,8691
6794.34,8690
6797.29,8687
6803.37,8686
6806.56,8684
6809.62,8682
6811.08,8681
6812.53,8680
6814.39,8678
6819.09,8677
6820.72,8674
6825.78,8673
6827.33,8672
6830.34,8671
6833.57,8670
6843.04,8669
6844.77,8668
6846.29,8667
6847.75,8665
6849.38,8663
6850.87,8660
6852.45,8658
6854.06,8651
6857.09,8650
6861.57,8649
6869.23,8648
6874.02,8645
6875.65,8644
6888.65,8643
6890.14,8642
6893.28,8640
6899.55,8639
6902.51,8638
6904.12,8637
6905.57,8636
6908.62,8633
6917.84,8632
6920.89,8631
6922.42,8630
6923.95,8629
6933.02,8626
6934.81,8625
6939.53,8624
6941.2,8623
6944.55,8622
6947.92,8621
6950.93,8620
6961.66,8619
6963.36,8618
6964.88,8617
6969.69,8616
6972.82,8615
6977.68,8614
6987.43,8613
6990.76,8611
6995.69,8610
7007.58,8609
7010.64,8607
7012.12,8606
7016.77,8604
7018.34,8599
7021.43,8597
7026.05,8596
7029.1,8595
7032.24,8594
7037.01,8593
7040.05,8592
7042.97,8591
7044.64,8590
7052.34,8589
7055.36,8588
7066.87,8587
7071.69,8585
7073.22,8582
7077.78,8581
7080.82,8579
7086.79,8577
7096.17,8576
7097.76,8575
7099.34,8573
7112.63,8571
7115.86,8570
7117.45,8569
7119.1,8568
7130.57,8567
7132.03,8566
7133.45,8565
7135.18,8564
7136.79,8563
7138.36,8562
7147.75,8561
7152.24,8560
7156.73,8559
7158.29,8558
7159.7,8557
7162.9,8556
7166.06,8554
7168.92,8553
7171.93,8552
7174.92,8549
7178.11,8548
7186.57,8547
7188.17,8546
7192.88,8545
7195.79,8544
7197.4,8543
7198.82,8542
7200.25,8539
7201.84,8538
7206.47,8537
7207.93,8536
7209.57,8535
7210.97,8533
7221.62,8532
7230.71,8531
7233.71,8528
7235.13,8527
7254.28,8526
7255.83,8525
7257.28,8524
7258.74,8523
7260.32,8522
7261.79,8521
7263.47,8520
7265.07,8519
7266.57,8517
7274.2,8516
7275.88,8515
7278.92,8514
7282.19,8513
7283.99,8509
7293.69,8508
7295.28,8507
7296.75,8505
7298.28,8504
7299.78,8499
7301.34,8495
7308.6,8493
7322.42,8492
7323.91,8490
7325.56,8488
7327.14,8486
7330.23,8483
7336.25,8482
7348.21,8481
7350,8480
7351.42,8478
7357.54,8475
7372.34,8474
7373.97,8473
7376.88,8471
7381.43,8466
7385.85,8465
7393.63,8464
7395.11,8462
7410.09,8461
7413.28,8460
7414.78,8459
7416.32,8458
7420.9,8452
7424.22,8451
7430.82,8450
7435.66,8449
7437.13,8446
7447.42,8445
7448.92,8444
7452.13,8443
7456.67,8442
7462.82,8440
7465.86,8439
7468.84,8438
7470.32,8435
7475.03,8434
7477.94,8433
7486.11,8432
7487.89,8431
7489.55,8430
7491.3,8429
7494.52,8426
7496.06,8425
7506.68,8424
7511.33,8423
7512.77,8422
7517.38,8420
7521.97,8416
7524.9,8415
7532.64,8414
7538.82,8413
7543.5,8411
7546.84,8410
7551.68,8409
7553.32,8406
7554.87,8402
7565.43,8401
7573.03,8399
7576.1,8395
7585.59,8394
7588.61,8393
7591.76,8391
7594.97,8390
7599.46,8389
7600.98,8388
7602.44,8386
7607.98,8385
7609.59,8384
7612.89,8383
7614.51,8382
7617.51,8381
7620.65,8379
7622.05,8378
7631.35,8375
7632.88,8374
7642.13,8373
7643.71,8372
7645.3,8370
7649.76,8369
7651.31,8368
7652.75,8367
7657.43,8366
7662.06,8365
7668.89,8364
7670.73,8363
7672.33,8362
7673.9,8361
7675.54,8360
7677,8359
7678.61,8358
7683.07,8357
7684.53,8355
7694.05,8351
7717.18,8350
7723.2,8348
7726.65,8345
7728.27,8344
7741.66,8343
7744.76,8340
7754.13,8338
7757.53,8337
7759.14,8336
7762.35,8334
7765.47,8333
7768.54,8332
7771.58,8331
7773.36,8330
7774.91,8329
7776.77,8328
7779.93,8326
7791.76,8325
7796.41,8324
7798.01,8323
7799.47,8322
7806.9,8321
7808.57,8320
7809.98,8319
7813.03,8318
7814.49,8316
7825.44,8314
7826.91,8313
7828.43,8312
7831.49,8311
7832.93,8309
7841.95,8308
7843.62,8307
7850.23,8306
7851.96,8305
7853.53,8304
7856.55,8303
7858.06,8302
7865.75,8301
7868.79,8300
7871.85,8298
7878.03,8297
7879.68,8294
7881.41,8293
7883.08,8292
7884.62,8288
7898.55,8287
7899.95,8286
7905.08,8285
7906.88,8284
7913.74,8283
7915.16,8281
7926.06,8280
7927.51,8279
7929.1,8278
7930.56,8276
7932.02,8275
7933.71,8274
7936.91,8273
7938.47,8272
7939.93,8269
7949.48,8268
7950.95,8266
7954.02,8264
7955.49,8263
7960.01,8262
7961.53,8260
7971.59,8259
7973.44,8258
7978.04,8257
7979.54,8256
7987.26,8255
7990.35,8254
7991.97,8249
7993.56,8247
7998.33,8246
8006.23,8244
8013.97,8239
8017.28,8238
8018.86,8237
8026.99,8235
8028.68,8234
8032.19,8232
8040.48,8231
8046.89,8229
8060.83,8228
8062.3,8227
8063.91,8226
8065.68,8225
8067.37,8224
8068.8,8222
8070.33,8219
8077.93,8218
8079.48,8216
8082.57,8212
8101.13,8211
8102.74,8210
8109.01,8209
8110.67,8207
8115.19,8203
8121.63,8202
8123.22,8201
8128.08,8200
8129.7,8196
8142.16,8194
8143.67,8193
8150.8,8189
8167.75,8188
8177.07,8187
8178.6,8185
8181.98,8182
8185.27,8181
8186.85,8180
8193.35,8178
8194.88,8173
8197.92,8172
8207.61,8171
8210.98,8170
8212.81,8169
8216.03,8168
8217.58,8166
8220.72,8165
8225.25,8164
8232.96,8163
8237.48,8162
8240.58,8161
8241.99,8160
8243.53,8157
8254.27,8156
8259.08,8155
8261.91,8154
8263.51,8153
8264.94,8150
8271.47,8146
8273.23,8145
8275.11,8144
8281.25,8143
8288.71,8141
8293.32,8140
8294.95,8135
8302.56,8133
8319.31,8132
8325.33,8130
8330.26,8129
8331.88,8128
8344.95,8126
8346.48,8125
8350.93,8124
8352.59,8123
8354.21,8122
8355.62,8121
8357.18,8120
8364.84,8119
8366.54,8118
8372.6,8117
8373.99,8116
8375.61,8113
8380.13,8110
8383.23,8109
8386.29,8106
8399.31,8105
8406.88,8104
8414.32,8101
8422.02,8100
8428.15,8099
8429.59,8098
8431.21,8096
8432.63,8095
8441.7,8093
8443.26,8092
8454.45,8091
8456.27,8090
8457.72,8088
8462.45,8086
8464.03,8085
8465.49,8084
8468.54,8083
8473.04,8082
8474.6,8081
8482.47,8077
8492.05,8076
8498.48,8075
8504.67,8074
8510.69,8073
8512.41,8072
8517.44,8070
8525.94,8067
8541.02,8065
8549.55,8064
8551.05,8063
8552.73,8062
8554.21,8060
8575.4,8058
8580.45,8057
8581.86,8056
8583.56,8055
8585.01,8054
8586.51,8053
8588.37,8052
8589.8,8049
8592.89,8048
8599.03,8047
8603.78,8046
8606.8,8045
8620.78,8044
8622.31,8043
8623.98,8040
8636.02,8039
8639.75,8037
8654.22,8035
8655.84,8034
8657.34,8033
8658.92,8031
8665.47,8030
8667.36,8029
8668.91,8028
8678.62,8027
8683.56,8026
8685.09,8025
8686.82,8023
8693.85,8022
8697.54,8021
8699.35,8020
8702.45,8019
8709.95,8017
8720.67,8015
8722.3,8014
8725.53,8012
8730.1,8011
8733.42,8010
8735.05,8008
8736.52,8007
8758.3,8006
8760.05,8005
8761.64,8003
8763.48,7996
8766.59,7995
8768.17,7993
8774.44,7992
8779.33,7990
8781.03,7989
8791.6,7988
8793.31,7985
8797.77,7983
8807.67,7980
8812.6,7978
8822.27,7976
8842.85,7974
8844.35,7971
8851.81,7970
8853.5,7969
8855.07,7968
8856.49,7967
8859.85,7966
8871.7,7965
8873.55,7964
8877.18,7961
8882.67,7960
8885.84,7959
8887.36,7958
8890.38,7957
8891.97,7956
8895.02,7955
8896.57,7954
8898.27,7953
8912.15,7950
8913.89,7946
8929.53,7945
8931.12,7942
8941.84,7937
8943.61,7936
8950.11,7935
8951.83,7934
8959.83,7932
8962.86,7926
8971.75,7925
8975.31,7923
8977.2,7922
8983.59,7920
8985.44,7919
8987.34,7918
9008.25,7917
9013.31,7916
9014.82,7915
9016.42,7913
9018.22,7911
9019.81,7909
9024.95,7908
9031.8,7907
9050.29,7906
9057.16,7905
9070.32,7903
9071.84,7902
9073.62,7901
9075.06,7900
9079.91,7898
9085.05,7897
9086.55,7896
9088.19,7894
9094.87,7893
9096.5,7892
9101.62,7891
9110.23,7890
9111.95,7888
9115.92,7886
9122.61,7885
9124.28,7882
9125.76,7881
9141.76,7880
9143.32,7878
9145.12,7877
9146.64,7876
9148.23,7874
9149.8,7872
9162.9,7870
9164.55,7867
9167.68,7865
9192.74,7864
9204.44,7863
9206.1,7862
9207.7,7861
9209.32,7860
9215.66,7859
9220.43,7858
9225,7857
9226.69,7854
9256.12,7852
9259.08,7850
9262.33,7849
9280.4,7846
9290.87,7843
9295.96,7842
9297.64,7841
9299.36,7840
9303.03,7839
9304.77,7838
9307.81,7837
9315.51,7836
9318.8,7835
9320.41,7834
9321.94,7833
9323.53,7831
9326.82,7830
9328.71,7828
9330.36,7827
9341.35,7826
9352.57,7825
9356.29,7824
9360.04,7823
9362.02,7822
9364.02,7821
9367.37,7819
9373.39,7817
9376.57,7814
9385.11,7812
9388.58,7808
9392.21,7807
9399.23,7806
9403.98,7804
9405.63,7802
9407.52,7801
9417.42,7800
9431.42,7799
9432.84,7798
9441.87,7797
9443.41,7796
9444.86,7795
9449.3,7794
9450.92,7792
9455.47,7791
9458.91,7790
9462.23,7789
9463.73,7787
9465.31,7786
9467.05,7785
9470.34,7781
9501.94,7778
9512.66,7777
9515.9,7776
9522.54,7773
9530.69,7772
9533.91,7771
9537.07,7770
9540.18,7768
9545.71,7767
9550.87,7766
9558.58,7765
9563,7764
9564.68,7762
9577.83,7761
9582.72,7760
9586.09,7757
9607.99,7756
9609.77,7753
9613.2,7752
9616.48,7749
9623,7748
9624.59,7744
9626.19,7743
9642,7741
9651.73,7739
9656.4,7738
9663.04,7736
9664.89,7735
9667.97,7734
9674.32,7733
9675.87,7732
9683.68,7731
9685.23,7728
9701.24,7725
9717.9,7724
9726.41,7723
9748.66,7720
9768.99,7719
9788.89,7714
9819.35,7712
9827.05,7710
9828.71,7709
9845.05,7708
9850.1,7707
9855,7706
9859.88,7705
9864.44,7704
9865.97,7703
9867.67,7702
9869.21,7701
9870.83,7698
9872.58,7697
9879.04,7695
9887.03,7694
9890.15,7692
9893.15,7689
9902.71,7688
9912.09,7687
9918.49,7686
9920.22,7684
9929.31,7683
9935.03,7682
9936.53,7680
9941.16,7679
9951.63,7677
9963.02,7676
9977.1,7675
9978.57,7674
9980.44,7673
9982.07,7671
9983.56,7670
9988.15,7669
9989.73,7667
10000.3,7666
10006.4,7665
10009.5,7664
10011.2,7662
10015.6,7661
10017,7660
10036.1,7658
10044.1,7657
10051.8,7656
10059.4,7655
10060.8,7654
10062.6,7653
10064.1,7652
10065.6,7651
10068.7,7650
10071.8,7649
10076.3,7646
10077.9,7645
10081.6,7644
10085,7643
10086.6,7642
10089.7,7641
10093,7639
10094.5,7638
10099.3,7637
10115.8,7636
10118.9,7635
10120.5,7634
10136.3,7633
10137.7,7632
10141,7630
10142.7,7629
10172.6,7628
10174,7627
10178.3,7625
10179.8,7623
10182.8,7622
10189.8,7621
10208.6,7620
10210.3,7619
10211.9,7617
10218,7613
10224.1,7610
10225.7,7608
10227.3,7607
10252.7,7606
10258.1,7605
10263.4,7601
10286.8,7600
10294.5,7599
10302.3,7593
10309,7591
10327.7,7590
10329.4,7588
10330.8,7587
10343.5,7586
10348.2,7585
10359.9,7584
10361.5,7583
10364.6,7581
10378.3,7580
10391.4,7579
10397.2,7578
10400.2,7575
10403.2,7574
10415.2,7573
10419.7,7572
10424.2,7571
10433.3,7570
10434.7,7568
10446.1,7566
10454.3,7565
10456,7564
10458.9,7561
10463.5,7559
10479.9,7558
10481.4,7557
10482.9,7555
10498.1,7553
10516.6,7551
10524.5,7550
10526.1,7548
10530.7,7547
10556.9,7546
10558.5,7545
10568.7,7544
10570.3,7543
10579.2,7542
10580.7,7541
10582.4,7539
10587.2,7538
10588.7,7537
10603.1,7536
10610.8,7535
10614.2,7533
10620,7532
10623.1,7531
10631.8,7528
10639.7,7527
10642.8,7526
10649.2,7525
10651,7524
10660.2,7523
10664.7,7519
10670.9,7517
10682.4,7514
10714.1,7513
10718.7,7512
10720.6,7510
10733.3,7509
10736.7,7508
10738.2,7507
10743.3,7506
10751.6,7505
10766,7504
10771.3,7503
10774.3,7502
10776,7501
10780.4,7499
10787.9,7497
10792.6,7496
10794,7495
10795.7,7493
10806.8,7490
10813.4,7489
10816.5,7488
10822.7,7487
10825.8,7485
10827.3,7484
10833.5,7483
10836.5,7482
10839.5,7481
10840.9,7479
10859.5,7477
10868.7,7473
10882.3,7471
10885.6,7470
10900.3,7469
10901.9,7468
10904.9,7467
10906.6,7466
10920.7,7465
10923.7,7463
10927.2,7461
10938.3,7460
10939.7,7459
10941.2,7455
10942.6,7454
10947.5,7453
10964.8,7452
10967.7,7451
10979.1,7448
10982.6,7447
10990.4,7446
10992.2,7445
10993.9,7441
11024.4,7440
11033.6,7439
11036.8,7436
11040,7435
11047.8,7434
11052.9,7433
11054.9,7432
11080,7431
11081.5,7430
11083,7429
11084.7,7428
11086.1,7424
11094.3,7422
11102.2,7421
11103.6,7419
11124,7416
11136.9,7415
11161.9,7414
11163.6,7413
11168.4,7412
11169.9,7411
11178,7410
11193.3,7409
11194.7,7408
11196.5,7406
11217.4,7405
11223.4,7404
11246.1,7402
11252.5,7401
11258.6,7400
11260.4,7399
11268.4,7396
11277.4,7395
11278.9,7392
11313.5,7391
11315.1,7389
11318,7388
11325.7,7387
11329.2,7386
11330.8,7384
11337.2,7383
11352.1,7382
11355.5,7380
11364.9,7379
11386.1,7378
11387.9,7375
11392.8,7373
11394.3,7371
11400.5,7370
11436.7,7368
11438.4,7367
11441.5,7366
11450.8,7363
11452.5,7362
11454,7361
11455.7,7360
11458.8,7359
11466.7,7358
11468.3,7357
11476.1,7355
11482.5,7354
11488.6,7353
11501.7,7352
11508.2,7348
11522.9,7347
11526.4,7344
11547,7343
11550.1,7342
11551.8,7341
11553.5,7339
11563,7338
11569.5,7337
11572.7,7336
11574.2,7335
11575.8,7334
11577.5,7333
11592.7,7330
11595.7,7329
11601.9,7327
11612.9,7326
11615.9,7325
11617.3,7324
11618.7,7323
11620.3,7322
11623.3,7321
11624.8,7320
11626.3,7318
11642.8,7317
11645.7,7316
11671.7,7314
11673.2,7312
11674.7,7311
11679.6,7310
11682.6,7307
11709.2,7306
11715.3,7305
11716.9,7304
11718.9,7302
11720.6,7301
11733.5,7300
11735,7299
11736.6,7298
11739.7,7297
11741.1,7295
11744.2,7294
11748.5,7293
11749.9,7291
11760.3,7290
11767.8,7289
11774,7288
11783.4,7286
11795.7,7285
11800.5,7284
11811,7283
11815.8,7282
11817.3,7281
11820.3,7280
11823.3,7279
11830.7,7278
11833.6,7277
11838.2,7274
11864.1,7273
11867.1,7272
11868.7,7268
11887.8,7267
11909.4,7266
11912.4,7265
11914,7262
11918.4,7261
11924.2,7260
11925.8,7259
11927.3,7254
11962.7,7253
11966.2,7252
11974.1,7251
11983,7248
11990.9,7247
12017,7246
12021.9,7245
12040.8,7244
12042.2,7243
12043.7,7240
12049.8,7239
12056,7238
12069.8,7237
12074.6,7236
12092.4,7235
12103.6,7234
12106.9,7233
12111.5,7229
12117.8,7228
12124.2,7227
12127.3,7226
12131.8,7225
12133.3,7224
12134.9,7222
12148.4,7221
12150,7219
12151.6,7218
12157.6,7216
12175.7,7215
12179,7214
12190.9,7213
12200.5,7212
12202,7211
12205.2,7210
12214.4,7209
12219.8,7208
12221.8,7207
12225.3,7206
12227,7205
12228.6,7203
12272.2,7202
12285.1,7201
12286.6,7200
12288.1,7198
12322.9,7197
12326.7,7196
12328.4,7194
12342,7193
12348.6,7192
12362.7,7191
12364.6,7190
12366.4,7189
12373.2,7183
12384.9,7182
12400.9,7180
12402.8,7178
12420.1,7177
12431.9,7176
12433.4,7175
12434.9,7174
12441.6,7170
12446.8,7169
12448.6,7168
12453.8,7164
12474.8,7163
12478.3,7162
12481.6,7160
12492,7159
12498.9,7158
12500.7,7157
12504.2,7156
12505.8,7155
12513.9,7154
12517.1,7153
12535.3,7152
12541,7151
12543.1,7150
12548.7,7149
12554.2,7148
12555.8,7147
12559.4,7146
12575.7,7145
12596.2,7144
12601.4,7143
12610.1,7141
12615.8,7140
12634.7,7139
12640.2,7138
12653.1,7136
12655.2,7135
12657.3,7133
12709.3,7131
12713.7,7129
12726.4,7127
12758.9,7126
12778.9,7125
12781.4,7123
12783.5,7121
12793.9,7117
12807.1,7115
12812.2,7114
12815.4,7113
12816.9,7112
12832.4,7111
12839.4,7110
12843.5,7108
12874.8,7107
12876.8,7106
12881.1,7105
12891.7,7104
12902.1,7103
12921.8,7102
12936.8,7100
12943.1,7099
12946.2,7097
12947.7,7096
12960.2,7094
12963.1,7093
12964.7,7091
12980.5,7090
12982.1,7088
12983.6,7087
13001.1,7086
13002.7,7085
13007,7084
13024.5,7083
13028.4,7082
13035.6,7081
13052.4,7080
13081.2,7079
13082.7,7078
13084.5,7077
13094.2,7074
13099.5,7070
13155.5,7069
13159,7067
13177.7,7063
13197.7,7061
13205.7,7060
13209.3,7059
13211.3,7058
13215.2,7057
13221.9,7055
13223.8,7054
13226.8,7053
13228.5,7052
13242.5,7049
13292.8,7047
13307.4,7046
13353.4,7044
13355.4,7042
13372.3,7040
13381.9,7037
13385.4,7036
13387.1,7034
13402.8,7030
13404.5,7029
13421.9,7028
13431.4,7026
13449.8,7025
13466.5,7024
13470.4,7023
13479,7022
13484.6,7021
13486.8,7020
13492.3,7018
13516,7017
13538.6,7016
13543.4,7014
13544.8,7011
13554.1,7010
13557.6,7008
13610.9,7006
13613,7005
13628.9,7004
13673.2,7002
13676.3,7001
13699.5,6999
13721.3,6998
13725.3,6997
13727.7,6995
13736.7,6993
13739.7,6992
13751.1,6991
13763.7,6989
13774.5,6988
13776.3,6987
13780,6984
13786.1,6983
13803.1,6982
13813.4,6981
13826,6979
13841.6,6978
13845.7,6977
13849.6,6975
13900.4,6974
13902.3,6972
13906.1,6970
13907.9,6966
13957.9,6965
13967.9,6963
13974.8,6962
13994.5,6957
13998,6956
13999.6,6955
14021.7,6954
14029.9,6953
14035.1,6951
14059.8,6950
14080.1,6946
14110.3,6945
14127.1,6944
14128.6,6942
14140.4,6941
14183.1,6938
14190,6935
14222.3,6934
14223.9,6933
14225.5,6931
14261.9,6930
14264,6928
14284.3,6923
14289,6922
14295.1,6921
14316.7,6920
14319.6,6919
14321.3,6918
14327,6917
14360.4,6911
14434.7,6910
14437.7,6909
14449.2,6908
14455.7,6907
14490.7,6906
14493.6,6905
14498.4,6904
14500.1,6903
14503.7,6901
14533.9,6900
14535.6,6899
14537.3,6898
14551.5,6897
14567.5,6896
14571.1,6895
14572.8,6894
14582.3,6893
14585.5,6890
14587.2,6889
14604.4,6887
14621.9,6885
14634.5,6884
14642.6,6883
14645.7,6882
14653.3,6881
14659.7,6880
14661.4,6879
14669.3,6878
14673.9,6877
14681.9,6875
14704.3,6874
14716.5,6873
14719.4,6870
14723.9,6869
14766.3,6867
14770.9,6866
14775.7,6864
14778.7,6862
14780.3,6861
14781.9,6858
14788.5,6857
14796.1,6856
14806.3,6855
14812,6854
14817.2,6852
14818.6,6851
14870.5,6849
14879.3,6848
14882.3,6847
14897.9,6846
14901,6845
14921,6844
14923.2,6843
14927,6839
15018.2,6838
15029.4,6837
15037.8,6836
15054.6,6834
15056.6,6832
15066,6831
15067.5,6829
15084.1,6828
15089.4,6826
15099.4,6825
15101.8,6824
15103.6,6823
15136.8,6822
15141.4,6820
15150.9,6819
15152.7,6817
15196,6816
15199.1,6814
15214,6813
15221.5,6812
15222.9,6811
15225.8,6810
15227.4,6808
15230.5,6807
15286.2,6806
15288.2,6804
15308.3,6802
15331.2,6801
15333.8,6799
15335.3,6797
15360.1,6796
15431.9,6795
15435,6794
15436.9,6793
15438.7,6792
15443.6,6791
15445.6,6790
15448.7,6789
15470.5,6786
15478.2,6785
15493.5,6784
15497.7,6783
15525.2,6782
15547.3,6781
15550.4,6780
15578.2,6779
15586.5,6778
15587.9,6777
15603.6,6775
15605.2,6774
15619.1,6773
15637.3,6772
15655.3,6770
15656.8,6769
15673.5,6767
15675,6766
15699.2,6764
15707.2,6763
15716.3,6762
15720.6,6761
15748.7,6758
15761,6757
15777.5,6756
15789.2,6755
15800.7,6754
15802.3,6753
15812,6751
15820.3,6750
15829.3,6747
15845.1,6745
15914.4,6744
15915.8,6742
15917.2,6740
15932.4,6739
15934.2,6737
15947.7,6734
15950.8,6733
16009.1,6732
16010.5,6731
16022.1,6730
16026.3,6729
16028.6,6728
16037.8,6727
16039.5,6726
16040.9,6723
16087.5,6722
16099.9,6718
16104.3,6716
16132.3,6714
16135.5,6712
16148.4,6711
16171.7,6709
16179.3,6708
16181.3,6706
16185.2,6705
16187.2,6704
16202.5,6703
16204.6,6701
16206.1,6700
16213.2,6699
16214.9,6697
16239.3,6695
16254,6694
16261.4,6693
16263.1,6692
16314.7,6690
16414,6689
16415.5,6688
16438.3,6686
16518.5,6685
16528.7,6682
16563.8,6681
16566.9,6678
16576.3,6675
16577.8,6674
16611.1,6673
16612.9,6672
16622.7,6671
16644.1,6670
16647,6669
16651.5,6668
16656,6667
16663.9,6665
16674.2,6664
16675.9,6661
16702.7,6660
16705.4,6658
16706.9,6654
16730.7,6653
16749.8,6651
16769,6649
16770.5,6648
16794.6,6647
16846.4,6645
16849.3,6644
16850.9,6643
16854.5,6642
16875.9,6641
16948,6640
16951,6639
16952.4,6638
16958.2,6637
16959.6,6636
16993.2,6635
17025.7,6632
17035.5,6629
17053.8,6628
17062.2,6627
17065.8,6623
17145.6,6622
17183.1,6621
17197.9,6618
17229.7,6617
17246.9,6616
17265,6615
17266.5,6613
17269.4,6612
17285.5,6611
17286.8,6610
17311,6609
17342.9,6608
17344.8,6607
17346.5,6605
17354,6603
17362.2,6602
17371.9,6601
17497.9,6599
17511.5,6597
17514.7,6596
17527.2,6595
17617.6,6594
17622.2,6593
17636.3,6591
17659,6589
17665.4,6588
17672.7,6587
17684.3,6583
17713.6,6582
17746.4,6581
17756.7,6580
17777.2,6579
17780.2,6578
17810.6,6577
17859.4,6576
17862.5,6575
17875.6,6573
17889.8,6572
17913.5,6571
17941.2,6570
18012.6,6569
18030.1,6568
18033.5,6561
18040.8,6560
18042.4,6559
18043.8,6558
18087,6556
18131.6,6554
18133.2,6553
18142.7,6552
18147.4,6550
18151.9,6549
18153.3,6548
18154.9,6547
18156.3,6546
18192.4,6545
18198.5,6544
18204.2,6543
18211.6,6541
18267,6540
18268.5,6539
18280.9,6536
18301.8,6535
18326.8,6534
18383.5,6531
18426.5,6530
18538.2,6528
18555.4,6527
18574.5,6525
18580.4,6524
18581.8,6521
18641.7,6520
18660.2,6519
18675.6,6518
18760.3,6516
18786.2,6515
18805.4,6513
18815.2,6512
18821.1,6511
18822.6,6509
18830.3,6508
18843.4,6507
18845,6506
18850.8,6505
18862.4,6504
18884.1,6503
18886.9,6502
18969.7,6500
18979.7,6499
18996.6,6498
19012.7,6497
19027.1,6496
19030.5,6495
19038.2,6494
19111.4,6493
19114.5,6492
19116,6491
19135.9,6489
19184.6,6487
19202,6486
19207.1,6485
19330.2,6484
19352.2,6483
19405,6481
19439.8,6480
19465.8,6479
19468.7,6477
19470.2,6476
19473.2,6474
19474.6,6471
19506.1,6469
19531.5,6468
19534.4,6467
19550,6465
19563.2,6464
19564.6,6463
19566,6461
19570.3,6459
19589.4,6456
19592.4,6455
19607.8,6454
19729.4,6453
19745.8,6451
19781.9,6448
19858,6446
19883,6445
19909.7,6444
19915.9,6443
19935.1,6442
19940.9,6440
19948.5,6439
20010.4,6438
20038.5,6434
20222.3,6433
20245.4,6432
20276.1,6431
20277.7,6430
20279.4,6429
20320.7,6428
20337.1,6427
20338.9,6426
20429.8,6424
20454.3,6423
20524.2,6422
20526,6420
20542.1,6418
20554.4,6417
20579.5,6416
20607,6415
20662.4,6414
20675.4,6413
20678.6,6410
20746.4,6409
20748,6408
20752.6,6406
20784,6405
20785.5,6404
20787.4,6403
20858.2,6401
20864.1,6399
20868.7,6398
20870.2,6397
20937.6,6396
20940.6,6395
20942.1,6394
20943.7,6393
20949.1,6391
21073.1,6390
21084.1,6388
21088.4,6385
21094.7,6383
21108.9,6381
21120.9,6380
21159.4,6379
21265.2,6378
21268.3,6376
21269.9,6374
21324.2,6371
21331.9,6370
21333.4,6369
21335.1,6368
21339.4,6367
21374.2,6366
21384.8,6365
21394.3,6364
21477.8,6363
21552.4,6362
21589.3,6359
21679.6,6358
21684.4,6357
21753.8,6356
21763.2,6355
21773.6,6353
21797.4,6352
21801,6351
21887.3,6350
21923.7,6349
21936,6348
22026.2,6347
22058.6,6345
22100,6344
22111.5,6343
22114.4,6342
22115.8,6341
22118.8,6340
22146.9,6337
22170.8,6336
22172.3,6332
22255.4,6330
22267.8,6329
22272.3,6328
22291.2,6327
22332.6,6326
22353.3,6325
22398.1,6324
22692.6,6321
22708,6320
23101.3,6319
23116.3,6318
23117.6,6317
23218.5,6315
23300,6314
23708.1,6313
23744.8,6312
23821.6,6310
23823,6309
23916.3,6308
23919.1,6307
23929.3,6306
23933.8,6304
24343.2,6302
24344.5,6301
24346.1,6300
24690.2,6297
24790.2,6296
24791.7,6295
25010.5,6293
25022,6292
25023.6,6291
25037.1,6290
25076.5,6289
25090.1,6288
25091.5,6287
25094.5,6286
25253.9,6284
25378.2,6283
25550.9,6282
25552.4,6281
25838.7,6280
25873.4,6278
25924.8,6277
25932.5,6274
25952.1,6272
25955.2,6271
25994.4,6270
26144.7,6269
26146.8,6268
26164.3,6265
26315.2,6264
26316.7,6262
26335.3,6261
26345.4,6260
26346.9,6259
26348.4,6258
26349.7,6256
26351.4,6255
26356,6254
26383.7,6253
26390.8,6251
26447.8,6250
26537.6,6249
26548.1,6248
26579.8,6247
26581.4,6246
26599.1,6244
26606.8,6243
26630.1,6241
26640.2,6240
26664,6238
26737.5,6237
26741.9,6236
26885.5,6234
26931.2,6233
26932.9,6232
26947.6,6231
26965.9,6230
26970.8,6229
27010.1,6228
28052.1,6226
28104.1,6225
28117,6223
28137.8,6222
28381.4,6221
28466.2,6219
28475.5,6218
28476.9,6217
28493,6216
28494.6,6215
28529.1,6214
28612.9,6212
28628.9,6211
28673,6209
28676,6208
28707.9,6207
28709.3,6206
28727.9,6204
29135,6203
29150.5,6202
29152.1,6200
29286.2,6199
29344.2,6197
29351.3,6194
29441.1,6193
29450.7,6191
29472.4,6190
29526.2,6187
29600.2,6184
29627.8,6182
29982.4,6181
29988.2,6180
30030.1,6179
30033,6178
30075.8,6177
30103.2,6176
30125.1,6174
30136.4,6171
30138.2,6170
30169.6,6168
30231.9,6167
30265.7,6166
30341.8,6164
30762.9,6163
30801.3,6162
30806.8,6161
30892.5,6160
31124.1,6158
31128.5,6157
32441,6155
32476.1,6154
32529,6153
32533.5,6152
32536.6,6151
32538.1,6150
32579.6,6149
32581,6148
32583.7,6147
32586.4,6146
32587.9,6144
32610.5,6143
32617.3,6142
32623.1,6141
32700.7,6140
32728.9,6139
32779.6,6138
32789.7,6137
32796.4,6136
32801.1,6135
32804.2,6134
32805.8,6133
34574,6131
34601.4,6129
34603.3,6128
34607.6,6126
34671.4,6125
34682.9,6124
34684.5,6123
34736,6122
34741.9,6121
34763.7,6120
34769.6,6119
34796.2,6118
35674.6,6115
35709.4,6114
35737.7,6113
35739.1,6112
35740.7,6111
36215,6109
36317.2,6107
36369.6,6106
36396,6105
36414.9,6104
36417.9,6103
36434.1,6101
36445.7,6100
36507.2,6098
36562.2,6097
36578.4,6094
36688.6,6091
36757.2,6090
36864.8,6089
36873.7,6087
37213,6085
37214.6,6082
37414.1,6079
37422.7,6078
37461,6077
37471.8,6075
37606,6074
37616.3,6073
37621.9,6072
37626.5,6071
37972.7,6070
38103.6,6067
39450.6,6066
39481.9,6065
39670.3,6063
39677.7,6061
39751.3,6060
39756.8,6059
39767.1,6058
39826.7,6057
39828.1,6056
39836.7,6055
39877.2,6054
39884.3,6053
40041.3,6052
40312.9,6051
40455.5,6049
40476.4,6045
40484.8,6043
40498.6,6042
40705.8,6041
40721.2,6040
40827.7,6039
40856.6,6036
40861,6035
40960.1,6034
41015.8,6033
41017.4,6032
41025.7,6030
41067.1,6029
41068.8,6028
41133.8,6027
41269.4,6025
41272.3,6024
41290.1,6022
41319.9,6021
41335.7,6020
41352.8,6019
42069.1,6017
42095.2,6016
42105.3,6015
42106.9,6014
42158.1,6013
42185.2,6011
42199.8,6010
42299.4,6009
42346.1,6007
42357.5,6006
42429.1,6005
42478.7,6004
42489.9,6003
42736.1,6001
43048.9,6000
43083.7,5999
43269.1,5998
43289.1,5997
43307.7,5995
43313.9,5992
43319.6,5990
43321.2,5989
43530.8,5988
43535.2,5987
43632.4,5986
43647.3,5985
43650.2,5984
43801,5983
43814.5,5981
43968.3,5980
44079.8,5979
44084.3,5978
46271.3,5977
46941,5976
46944,5974
46947.1,5971
47055.6,5969
47071.8,5968
47316.2,5967
47331.8,5966
72384.6,5965
72385.9,5964
72416.2,5962
72428.4,5961
72430.1,5960
72931.9,5959
72933.5,5958
73128.3,5956
73143.8,5955
73155.9,5953
73315.1,5952
74247.4,5950
74399.9,5949
74455.1,5948
74491.4,5945
74926.7,5944
74956.3,5943
75068.3,5942
75079.7,5941
75162.3,5940
76412.2,5937
76426.6,5934
76865.1,5933
77041.3,5932
79899.5,5931
79903.9,5929
79905.6,5928
80004.5,5927
80013.2,5926
80108.1,5924
83042.8,5922
83044.4,5921
83265.4,5920
83286.1,5918
83904,5917
83915,5916
84366,5915
84888.2,5912
84927.1,5909
84931.6,5908
84933,5907
84937.2,5906
85187.5,5905
85190.9,5904
85208,5902
85352.1,5901
85353.8,5900
85358,5899
85469.8,5898
85472.8,5896
85474.4,5895
85928.6,5894
86042.5,5893
86049.2,5892
86068.1,5891
86144.2,5890
86207.6,5889
86210.3,5887
86304.6,5886
86329.3,5885
86395.3,5884
86404.9,5883
86571.9,5879
86631,5878
86636.9,5877
86720.4,5876
86757.3,5874
87389.3,5873
87390.7,5872
87405.3,5869
87620.4,5868
87852.1,5867
88299.5,5866
88303.9,5864
88305.4,5863
88365.6,5862
88598.4,5861
88601.3,5860
88893.4,5859
89020.1,5858
89187.2,5857
90480.4,5856
90487.5,5855
90493.4,5854
90496.1,5851
90658.6,5850
90667.4,5849
90783.5,5848
90826.7,5847
90883,5846
90914.9,5844
91015.4,5843
102386,5842
102451,5841
102453,5840
102475,5839
102487,5837
102518,5836
102526,5834
102560,5832
107636,5830
107641,5827
108991,5825
110241,5824
110252,5823
110254,5822
110401,5821
110403,5820
110459,5819
111195,5818
111208,5817
111209,5816
111211,5815
111239,5813
111270,5812
111277,5810
112157,5808
112170,5807
112359,5806
112405,5805
112412,5804
112415,5802
112418,5801
112707,5800
112710,5798
