2.97963,14108
4.8706,14107
6.48413,14106
8.18886,14105
9.89675,14104
11.471,14103
13.1803,14102
15.0054,14101
16.7477,14100
18.3702,14098
20.0648,14096
21.6656,14095
23.2604,14094
25.1105,14092
26.7141,14091
28.4062,14090
30.0556,14088
31.7094,14085
33.3346,14083
34.8918,14081
36.6587,14080
38.2894,14079
40.1146,14075
41.6928,14074
43.3923,14072
45.2037,14067
46.747,14066
48.4381,14065
50.104,14064
52.0205,14062
53.7319,14059
55.5535,14056
57.4316,14054
59.2403,14053
60.9584,14052
62.5263,14048
64.2247,14040
65.8746,14036
67.628,14035
69.3912,14034
71.1224,14033
72.756,14032
74.3817,14029
76.3047,14026
77.9164,14025
79.6884,14017
81.3288,14012
83.0956,14007
84.8025,14001
86.5643,13999
88.2158,13998
90.0328,13990
92.0216,13989
93.7436,13988
95.6253,13987
97.2151,13983
98.9843,13976
100.583,13973
102.218,13972
103.953,13971
105.656,13968
107.475,13967
109.142,13964
111.368,13963
113.054,13959
115.01,13955
116.735,13954
118.611,13953
120.206,13950
121.834,13946
123.556,13943
125.128,13940
126.801,13936
128.474,13932
130.35,13931
131.945,13930
133.68,13929
135.698,13925
137.317,13922
138.995,13917
140.609,13916
142.243,13915
143.957,13914
145.646,13912
147.226,13911
148.851,13910
150.892,13906
152.687,13905
154.438,13903
156.104,13893
157.777,13890
159.42,13886
161.091,13884
162.773,13879
164.39,13872
166.086,13870
167.621,13866
169.355,13864
171.241,13861
173,13859
174.86,13857
176.519,13856
178.468,13853
180.027,13851
181.689,13850
183.343,13845
185.019,13843
186.599,13842
188.236,13840
190.043,13838
191.762,13836
193.481,13835
195.065,13828
196.714,13827
198.286,13822
199.898,13821
201.586,13819
203.143,13818
204.94,13817
206.506,13815
208.399,13812
210.328,13808
212.173,13806
213.891,13794
215.731,13791
217.406,13788
218.968,13786
220.736,13784
222.323,13783
224.054,13777
225.652,13774
227.207,13765
228.877,13762
230.551,13760
232.8,13753
234.597,13752
236.427,13749
238.13,13746
240.037,13745
241.789,13743
243.538,13742
245.225,13741
246.821,13735
248.548,13730
250.165,13727
252.044,13726
253.637,13723
255.29,13722
257.159,13720
258.783,13718
260.509,13714
262.318,13712
263.986,13711
265.59,13707
267.301,13702
268.885,13700
270.498,13699
272.316,13696
273.897,13694
275.683,13692
277.357,13691
279.044,13684
280.752,13682
282.373,13679
284.252,13677
285.957,13674
288.362,13673
290.377,13669
292.545,13667
294.383,13661
296.631,13659
298.49,13657
300.444,13655
302.128,13653
303.948,13652
305.524,13651
307.219,13647
309.078,13645
310.938,13644
313.034,13641
314.779,13638
316.758,13635
318.329,13634
320.029,13633
321.618,13630
323.352,13629
325.015,13626
326.561,13618
328.466,13612
330.247,13609
331.916,13608
333.623,13607
335.46,13606
337.019,13603
338.65,13600
340.371,13597
341.926,13595
343.668,13592
345.24,13590
346.867,13589
348.487,13587
350.008,13584
351.928,13579
353.774,13573
355.598,13571
357.319,13570
359.295,13567
360.895,13566
362.609,13563
364.362,13562
366.013,13559
367.763,13556
369.371,13552
371.104,13550
372.671,13547
374.47,13542
376.44,13541
378.193,13535
379.897,13533
381.505,13530
383.384,13526
385.057,13523
386.857,13522
388.382,13521
390.113,13518
391.987,13517
393.806,13512
395.695,13510
397.261,13505
399.014,13503
400.537,13501
402.198,13500
403.877,13499
405.487,13496
407.18,13488
408.736,13486
410.509,13485
412.179,13484
414.037,13481
415.81,13480
417.541,13479
419.571,13478
421.17,13475
422.942,13471
424.575,13469
426.722,13465
428.77,13464
430.695,13461
432.502,13454
434.308,13453
435.985,13450
437.628,13448
439.422,13445
441.013,13438
442.728,13435
444.731,13434
446.524,13432
448.15,13428
449.967,13426
451.598,13424
453.178,13420
454.908,13419
456.596,13416
458.345,13413
459.997,13412
461.737,13408
463.337,13406
465.14,13405
466.808,13403
468.409,13397
470.132,13396
471.851,13395
473.692,13394
475.416,13393
477.229,13391
479.014,13390
480.721,13388
482.429,13387
484.017,13384
485.899,13383
487.454,13380
489.152,13379
490.846,13377
492.449,13376
494.118,13375
495.753,13373
497.506,13370
499.304,13364
501.028,13362
502.674,13360
504.292,13357
506.109,13353
507.697,13350
509.561,13349
511.144,13344
512.902,13337
514.505,13335
516.129,13333
517.897,13329
519.463,13328
521.212,13324
522.763,13323
524.522,13320
526.241,13317
527.879,13316
529.62,13310
531.263,13309
533.338,13306
535.05,13304
536.949,13303
538.684,13300
540.709,13295
542.488,13294
544.155,13291
545.879,13290
547.474,13289
549.28,13288
550.845,13283
552.542,13281
554.06,13280
555.747,13278
557.366,13276
558.926,13275
560.675,13273
562.38,13268
564.103,13267
565.806,13262
567.551,13260
569.132,13258
570.709,13257
572.418,13254
573.934,13253
575.597,13251
577.289,13244
578.949,13242
580.658,13240
582.202,13238
583.967,13237
585.681,13235
587.442,13234
589.039,13233
590.685,13231
592.31,13230
593.999,13229
595.82,13225
597.554,13221
599.414,13220
601.148,13218
602.862,13215
604.454,13212
606.173,13208
607.903,13205
609.529,13199
611.195,13196
612.771,13190
614.413,13186
616.088,13182
617.636,13181
619.309,13180
620.842,13179
622.597,13176
624.124,13174
625.753,13173
627.526,13171
629.098,13165
630.806,13162
632.347,13158
633.992,13157
635.604,13155
637.413,13150
639.217,13148
641.116,13145
643.129,13142
644.721,13139
646.523,13138
648.168,13136
649.851,13130
651.596,13128
653.238,13125
655.182,13124
656.889,13123
659.27,13118
661.465,13117
663.588,13116
664.835,13115
667.652,13114
669.605,13108
671.859,13107
673.868,13106
676.016,13104
677.898,13103
679.535,13101
681.112,13097
683.104,13095
684.852,13092
686.697,13091
688.245,13087
689.98,13083
691.78,13082
693.878,13079
695.559,13078
697.094,13076
698.795,13070
700.378,13067
702.06,13066
703.608,13062
705.292,13061
706.949,13060
708.494,13056
710.225,13055
711.85,13054
713.819,13053
715.553,13048
717.308,13046
719.06,13042
720.745,13040
722.543,13038
724.133,13034
725.862,13032
727.379,13029
729.192,13028
730.967,13026
732.975,13024
734.946,13022
736.763,13021
738.726,13020
740.406,13018
742.296,13017
743.922,13015
745.606,13011
747.201,13008
748.888,13007
750.604,13006
752.098,13005
753.835,13001
755.414,13000
757.252,12998
759.368,12997
761.388,12996
763.095,12995
764.73,12990
766.33,12988
767.895,12987
769.738,12985
771.255,12984
772.839,12983
774.434,12981
776.143,12980
777.996,12979
779.876,12977
781.749,12975
783.511,12973
785.425,12971
787.085,12970
788.818,12969
790.576,12964
792.167,12962
793.932,12960
795.617,12959
797.365,12957
799.005,12947
800.765,12945
802.412,12943
804.157,12942
805.902,12938
807.537,12937
809.345,12936
811.006,12935
812.721,12934
814.348,12933
816.007,12930
817.694,12929
819.294,12927
821.147,12926
822.705,12925
824.532,12923
826.121,12922
827.728,12920
829.62,12918
831.233,12914
833.19,12912
834.79,12911
836.517,12910
838.226,12907
840.345,12906
842.3,12900
844.357,12899
846.01,12898
847.651,12893
849.787,12890
851.454,12887
853.225,12885
854.876,12884
856.606,12883
858.163,12882
859.931,12880
861.719,12878
863.484,12876
865.249,12874
866.856,12866
868.655,12863
870.415,12859
872.047,12858
873.745,12857
875.393,12856
877.112,12854
878.689,12852
880.422,12851
882.055,12846
883.7,12844
885.375,12840
886.927,12835
888.741,12834
890.466,12833
892.156,12831
893.745,12829
895.341,12826
897.034,12820
898.77,12818
900.698,12817
902.36,12816
904.247,12813
906.007,12809
907.72,12807
909.338,12805
911.113,12803
912.803,12797
914.346,12795
916.139,12793
917.679,12792
919.462,12791
921.133,12789
922.779,12788
924.47,12787
926.027,12784
927.749,12783
929.423,12781
931.188,12780
932.917,12776
934.958,12775
936.814,12773
938.454,12772
940.263,12771
942.081,12769
944.214,12768
945.799,12766
947.541,12761
949.095,12760
950.749,12757
952.405,12756
953.973,12755
955.692,12753
957.266,12751
959.301,12749
961.143,12747
962.979,12743
964.642,12742
966.477,12740
968.151,12738
969.757,12736
971.546,12735
973.11,12734
974.775,12732
976.562,12728
978.413,12727
980.049,12726
981.803,12723
983.769,12722
985.5,12721
987.331,12717
988.918,12716
990.746,12711
992.56,12709
994.32,12708
995.977,12706
997.563,12703
999.219,12701
1000.82,12700
1002.84,12699
1004.49,12698
1006.31,12695
1008.41,12690
1010.29,12689
1012.09,12687
1013.7,12685
1015.44,12684
1016.97,12682
1018.86,12681
1020.52,12679
1022.55,12675
1024.79,12674
1026.78,12673
1028.5,12672
1030.2,12669
1031.85,12668
1033.49,12663
1035.18,12662
1036.75,12661
1038.37,12659
1039.95,12658
1041.66,12656
1043.46,12653
1045,12652
1046.64,12651
1048.19,12650
1049.76,12648
1051.41,12647
1052.93,12642
1054.65,12641
1056.18,12640
1057.79,12639
1059.34,12638
1060.99,12636
1063.17,12634
1064.9,12632
1066.66,12630
1068.4,12629
1070.2,12623
1071.9,12621
1073.69,12619
1075.36,12618
1076.86,12614
1078.75,12612
1080.38,12610
1082.26,12608
1084.08,12606
1085.88,12605
1087.64,12601
1089.3,12600
1090.97,12596
1092.53,12595
1094.22,12594
1095.78,12591
1097.46,12590
1099.04,12588
1100.86,12587
1102.71,12585
1104.29,12584
1106.04,12583
1107.89,12581
1109.68,12580
1111.26,12579
1112.83,12578
1114.89,12576
1116.51,12573
1118.17,12570
1119.76,12567
1121.51,12566
1123.12,12561
1124.84,12560
1126.51,12559
1128.18,12558
1129.87,12555
1131.48,12552
1133.72,12550
1135.53,12549
1137.21,12544
1138.9,12541
1140.86,12537
1142.82,12536
1144.53,12534
1146.36,12531
1147.95,12529
1150.31,12525
1152.21,12522
1154.12,12520
1155.86,12518
1157.66,12516
1159.25,12513
1160.91,12509
1162.6,12504
1164.3,12500
1166.24,12499
1168.05,12498
1169.92,12497
1171.44,12495
1173.11,12493
1174.64,12492
1176.4,12491
1178.01,12489
1179.5,12484
1181.22,12480
1182.86,12478
1184.8,12477
1186.4,12475
1188.22,12474
1190.24,12471
1191.98,12470
1193.8,12467
1195.42,12466
1197.16,12465
1198.75,12463
1200.68,12462
1202.69,12460
1204.64,12458
1206.3,12457
1208.12,12456
1209.95,12455
1211.56,12452
1213.17,12447
1214.68,12446
1216.5,12445
1217.99,12444
1219.65,12440
1221.24,12436
1222.81,12435
1224.52,12433
1226.11,12431
1227.98,12429
1229.67,12425
1231.37,12424
1233.22,12423
1234.85,12422
1236.54,12421
1238.11,12420
1239.77,12419
1241.37,12418
1243.02,12417
1244.69,12413
1246.33,12410
1247.96,12406
1249.57,12404
1251.41,12398
1253.01,12397
1254.55,12394
1256.5,12393
1258.68,12392
1260.67,12390
1262.5,12389
1264.43,12388
1266.44,12387
1268.55,12386
1269.84,12385
1271.37,12384
1272.96,12382
1274.49,12380
1276.15,12379
1277.93,12378
1279.75,12377
1281.31,12376
1282.93,12375
1284.71,12371
1286.37,12370
1288.01,12368
1289.53,12367
1291.26,12366
1292.97,12362
1294.74,12360
1296.39,12357
1298.12,12356
1299.89,12355
1301.66,12353
1303.4,12351
1304.95,12349
1306.58,12347
1308.17,12346
1309.72,12344
1311.48,12343
1312.99,12339
1314.75,12337
1316.3,12336
1318.02,12335
1319.73,12334
1321.34,12333
1323.3,12331
1325.27,12330
1327.29,12327
1329.12,12326
1330.84,12325
1332.37,12323
1334.05,12320
1335.69,12318
1337.47,12315
1339.13,12312
1340.68,12311
1342.37,12308
1344.04,12305
1345.62,12304
1347.23,12300
1348.81,12299
1350.49,12297
1352.05,12290
1353.64,12289
1355.29,12286
1356.81,12285
1358.72,12284
1360.21,12283
1361.87,12282
1363.43,12281
1364.88,12279
1366.56,12277
1368.11,12276
1369.85,12275
1371.52,12274
1373.47,12272
1375.12,12270
1376.64,12269
1378.51,12268
1380.11,12267
1381.81,12266
1383.47,12265
1385.36,12263
1387.06,12262
1388.87,12257
1390.47,12255
1392.05,12254
1393.71,12251
1395.23,12250
1396.97,12249
1398.75,12246
1400.46,12244
1402.01,12243
1403.6,12241
1405.3,12240
1406.92,12239
1408.58,12238
1410.22,12237
1411.89,12235
1413.44,12234
1415.02,12233
1416.76,12232
1418.54,12222
1420.34,12220
1421.93,12219
1423.65,12217
1425.38,12213
1426.89,12209
1428.63,12208
1430.18,12207
1432.13,12206
1433.88,12205
1435.5,12204
1437.23,12199
1439.07,12198
1441.01,12197
1442.92,12196
1444.75,12193
1446.46,12192
1448.31,12191
1449.93,12189
1451.6,12188
1453.19,12186
1454.75,12185
1456.44,12183
1457.91,12180
1459.88,12179
1461.37,12177
1463.18,12175
1464.81,12172
1466.39,12171
1468.17,12170
1469.96,12168
1471.64,12166
1473.14,12165
1474.76,12164
1476.4,12163
1477.98,12162
1479.87,12161
1481.48,12160
1483.25,12159
1484.85,12157
1486.39,12156
1488.11,12155
1489.72,12154
1491.42,12153
1492.94,12152
1494.59,12143
1496.21,12141
1497.78,12140
1499.68,12138
1501.34,12137
1503.14,12136
1504.83,12135
1506.63,12134
1508.37,12133
1510.02,12132
1511.61,12131
1513.13,12130
1514.78,12127
1516.33,12123
1517.94,12122
1519.68,12121
1521.23,12117
1522.93,12116
1524.47,12115
1526.13,12114
1527.66,12113
1529.29,12112
1530.92,12108
1532.42,12105
1534.1,12104
1535.65,12103
1537.25,12100
1538.89,12099
1540.57,12098
1542.19,12097
1543.71,12096
1545.34,12095
1546.9,12093
1548.41,12087
1550.09,12086
1551.72,12084
1553.4,12081
1554.92,12079
1556.45,12078
1558.2,12077
1559.85,12075
1561.93,12074
1563.59,12073
1565.4,12072
1567.11,12071
1568.93,12068
1570.47,12066
1572.22,12065
1573.81,12064
1575.33,12063
1577.09,12062
1578.91,12059
1580.88,12055
1582.46,12051
1584.2,12049
1585.94,12048
1587.54,12047
1589.18,12045
1590.78,12043
1592.63,12042
1594.36,12040
1596.09,12039
1597.66,12035
1599.21,12033
1601.07,12031
1602.58,12029
1604.25,12028
1605.83,12027
1607.37,12026
1608.99,12023
1610.52,12022
1612.25,12020
1613.82,12019
1615.53,12018
1617.06,12017
1618.62,12016
1620.3,12015
1622.06,12014
1623.92,12013
1625.59,12012
1627.32,12007
1629.12,12004
1630.69,12003
1632.33,12001
1633.84,12000
1635.5,11999
1637.06,11997
1638.64,11996
1640.26,11995
1641.98,11994
1643.81,11993
1645.33,11992
1646.97,11990
1648.57,11987
1650.1,11986
1651.8,11985
1653.35,11981
1655,11980
1656.58,11978
1658.09,11975
1659.8,11974
1661.59,11970
1663.23,11966
1664.77,11965
1666.41,11964
1667.9,11963
1669.58,11961
1671.15,11960
1672.71,11959
1674.39,11957
1675.93,11956
1677.56,11953
1679.21,11951
1680.77,11950
1682.59,11948
1684.25,11947
1686.14,11946
1687.93,11945
1689.83,11944
1691.41,11942
1692.93,11940
1694.59,11938
1696.16,11937
1697.8,11934
1699.37,11932
1701.02,11931
1702.71,11930
1704.24,11929
1705.96,11928
1707.52,11926
1709.49,11925
1711.72,11923
1713.79,11922
1715.44,11921
1717.02,11920
1718.59,11918
1720.25,11917
1722.01,11915
1723.93,11913
1725.56,11912
1727.34,11911
1729.38,11910
1731.1,11909
1733.29,11905
1734.9,11904
1736.5,11901
1738.09,11899
1739.75,11898
1741.47,11897
1743.35,11896
1745.14,11892
1746.84,11891
1748.65,11888
1750.41,11887
1751.97,11886
1753.78,11883
1755.35,11882
1757.01,11881
1758.53,11880
1760.15,11879
1761.79,11878
1763.55,11876
1765.27,11875
1766.85,11874
1768.55,11873
1770.08,11872
1771.63,11870
1773.39,11866
1774.88,11865
1776.59,11863
1778.15,11862
1779.75,11861
1781.29,11860
1782.83,11859
1784.56,11858
1786.07,11855
1787.68,11853
1789.26,11852
1790.8,11850
1792.52,11849
1794.23,11847
1795.89,11844
1797.44,11843
1798.95,11842
1800.67,11840
1802.3,11839
1804.26,11838
1805.89,11836
1807.67,11835
1809.42,11830
1811.19,11828
1812.81,11827
1814.45,11826
1816.19,11821
1817.7,11820
1819.38,11819
1820.98,11815
1822.55,11813
1824.23,11811
1825.74,11810
1827.68,11809
1829.38,11808
1831.04,11807
1832.67,11806
1834.44,11805
1836.12,11802
1837.66,11801
1839.35,11800
1840.85,11798
1842.66,11795
1844.33,11794
1845.92,11793
1847.6,11790
1849.13,11789
1850.78,11788
1852.46,11786
1854.24,11785
1855.84,11784
1857.5,11781
1859.29,11779
1860.84,11778
1862.65,11776
1864.44,11775
1866.31,11772
1868.03,11770
1869.79,11769
1871.53,11768
1873.04,11766
1874.97,11762
1876.91,11759
1879.24,11757
1880.94,11756
1882.77,11755
1884.65,11754
1886.7,11753
1888.42,11752
1890.11,11751
1891.89,11750
1893.8,11749
1895.6,11748
1897.24,11747
1899.45,11746
1900.96,11744
1902.7,11743
1904.37,11741
1906.49,11740
1908.35,11738
1910.18,11737
1911.96,11735
1913.74,11734
1915.43,11733
1917.03,11732
1918.68,11731
1920.46,11729
1922.12,11728
1923.93,11726
1926.09,11725
1927.8,11723
1929.73,11721
1931.43,11720
1933.16,11718
1934.71,11716
1936.43,11715
1938.02,11713
1939.54,11712
1941.35,11710
1942.98,11709
1944.76,11708
1946.45,11706
1948.15,11705
1949.81,11703
1951.3,11701
1953.09,11700
1954.81,11698
1956.6,11696
1958.13,11695
1959.71,11694
1961.61,11693
1963.15,11692
1964.91,11691
1966.45,11690
1968.16,11689
1969.81,11687
1971.3,11685
1972.99,11682
1974.64,11681
1976.41,11680
1977.99,11676
1979.64,11673
1981.37,11672
1982.91,11671
1984.86,11669
1986.55,11668
1988.37,11667
1990.04,11666
1991.95,11664
1993.54,11662
1995.21,11660
1997.04,11657
1998.57,11655
2000.33,11654
2001.99,11653
2003.66,11651
2005.3,11650
2006.96,11646
2008.71,11642
2010.38,11640
2012.03,11639
2013.67,11638
2015.43,11637
2017.05,11636
2018.6,11634
2020.32,11633
2022.08,11632
2023.8,11631
2025.35,11630
2026.96,11629
2028.59,11628
2030.1,11627
2031.9,11626
2033.69,11624
2035.45,11621
2037.05,11620
2038.69,11619
2040.55,11617
2042.34,11616
2044.29,11615
2046.04,11614
2047.92,11613
2049.58,11612
2051.41,11611
2053.12,11609
2054.7,11606
2056.4,11605
2057.93,11601
2059.72,11600
2061.32,11599
2063.27,11598
2064.93,11597
2066.43,11596
2068.37,11595
2069.97,11593
2071.68,11592
2073.21,11590
2074.75,11587
2076.41,11586
2078.01,11585
2079.71,11584
2081.2,11583
2083.04,11580
2084.7,11577
2086.21,11576
2087.93,11575
2089.49,11574
2091.13,11573
2092.77,11572
2094.48,11571
2096.15,11570
2097.88,11569
2099.62,11567
2101.2,11565
2102.98,11564
2104.65,11563
2106.39,11561
2108.14,11560
2109.86,11557
2111.71,11552
2113.25,11551
2114.86,11550
2116.45,11549
2117.9,11547
2119.55,11546
2121.04,11545
2122.72,11544
2124.4,11541
2125.92,11540
2127.52,11539
2129.12,11538
2130.8,11536
2132.31,11534
2133.88,11532
2135.47,11531
2136.99,11529
2138.7,11528
2140.19,11527
2141.78,11526
2143.39,11525
2144.94,11524
2146.6,11523
2148.31,11522
2150.02,11521
2151.56,11518
2153.08,11517
2154.76,11516
2156.24,11515
2157.94,11514
2159.75,11512
2161.44,11511
2163.1,11510
2164.73,11509
2166.71,11508
2168.55,11506
2170.37,11505
2172.11,11504
2173.87,11503
2175.36,11502
2176.89,11501
2178.84,11499
2180.58,11497
2182.32,11494
2183.91,11492
2185.69,11491
2187.28,11489
2189.06,11488
2190.79,11487
2192.43,11484
2194.44,11483
2196.23,11482
2198.11,11480
2199.64,11478
2201.28,11477
2202.76,11475
2204.23,11474
2205.98,11472
2207.51,11471
2209.16,11470
2210.73,11469
2212.3,11468
2214.08,11467
2215.65,11466
2217.37,11465
2218.93,11463
2220.61,11462
2222.12,11461
2223.68,11460
2225.44,11456
2227.13,11455
2229.04,11454
2230.69,11453
2232.44,11450
2234.27,11449
2235.83,11445
2237.56,11444
2239.05,11443
2240.68,11442
2242.21,11440
2243.92,11439
2245.51,11438
2247.02,11437
2248.75,11436
2250.31,11435
2251.89,11434
2253.56,11433
2255.21,11432
2256.93,11431
2258.5,11428
2260.16,11427
2261.69,11426
2263.44,11425
2265.04,11424
2266.58,11421
2268.26,11419
2269.88,11418
2271.61,11417
2273.24,11416
2274.78,11414
2276.48,11413
2278.06,11412
2279.86,11409
2281.5,11408
2282.98,11407
2284.68,11406
2286.43,11405
2288.28,11404
2290.03,11402
2291.85,11401
2293.53,11397
2295.24,11395
2296.87,11393
2298.36,11392
2300.19,11391
2301.67,11390
2303.28,11389
2304.78,11388
2306.62,11385
2308.23,11384
2309.8,11383
2311.58,11382
2313.07,11380
2314.62,11379
2316.26,11378
2317.75,11377
2319.4,11376
2321.13,11375
2322.76,11371
2324.43,11370
2325.92,11369
2327.59,11368
2329.08,11367
2330.73,11366
2332.4,11365
2334.17,11363
2335.78,11362
2337.27,11359
2338.87,11356
2340.52,11355
2342.28,11353
2344.01,11352
2345.73,11351
2347.52,11350
2349.11,11349
2350.99,11347
2352.66,11346
2354.55,11345
2356.12,11344
2357.6,11343
2359.25,11341
2360.8,11340
2362.58,11339
2364.23,11338
2365.81,11336
2367.52,11335
2369.1,11334
2370.87,11333
2372.45,11332
2374.14,11330
2375.69,11329
2377.33,11328
2378.95,11327
2380.51,11323
2382.21,11321
2383.75,11320
2385.46,11317
2386.97,11316
2388.66,11315
2390.34,11314
2392.01,11313
2393.68,11311
2395.22,11310
2396.86,11307
2398.42,11306
2399.99,11305
2401.78,11303
2403.43,11301
2405.21,11300
2407.04,11299
2408.99,11298
2410.6,11294
2412.48,11291
2414.25,11290
2415.76,11289
2417.43,11288
2419.02,11287
2420.89,11286
2422.54,11285
2424.1,11283
2425.78,11281
2427.42,11279
2429.13,11278
2430.69,11277
2432.59,11275
2434.26,11273
2435.93,11271
2437.83,11270
2439.7,11269
2441.58,11268
2443.19,11267
2444.89,11266
2446.39,11265
2447.88,11264
2449.47,11262
2450.92,11259
2452.76,11254
2454.29,11252
2455.87,11249
2457.69,11246
2459.73,11245
2461.49,11244
2463.16,11243
2464.96,11242
2466.75,11240
2468.56,11239
2470.32,11236
2472.45,11234
2474.25,11233
2476.14,11231
2477.96,11230
2479.99,11229
2481.6,11227
2483.29,11226
2485.21,11225
2486.87,11224
2488.56,11223
2490.01,11222
2491.79,11220
2493.64,11218
2495.81,11216
2497.63,11214
2499.23,11213
2500.95,11211
2502.57,11210
2504.29,11209
2505.91,11208
2507.55,11207
2509.22,11206
2510.81,11204
2512.63,11203
2514.15,11202
2515.94,11199
2517.46,11198
2519.14,11197
2520.8,11196
2522.25,11195
2524.01,11194
2525.54,11193
2527.16,11192
2528.99,11191
2530.7,11190
2532.65,11188
2534.52,11186
2536.44,11184
2538.05,11183
2539.88,11182
2541.41,11181
2542.96,11180
2544.67,11178
2546.21,11177
2547.94,11176
2549.47,11175
2550.91,11174
2552.57,11173
2554.11,11172
2555.79,11169
2557.32,11168
2558.87,11165
2560.76,11164
2562.53,11163
2564.26,11162
2565.77,11161
2567.36,11159
2568.89,11158
2570.4,11156
2572.05,11155
2573.55,11154
2575.24,11153
2576.8,11152
2578.33,11150
2580.22,11148
2581.72,11147
2583.33,11146
2584.93,11145
2586.81,11144
2588.63,11143
2590.38,11142
2592.19,11141
2593.84,11140
2595.69,11138
2597.27,11137
2598.87,11135
2600.48,11134
2601.97,11131
2603.62,11130
2605.22,11127
2606.91,11126
2609.24,11125
2611.35,11124
2612.95,11123
2614.71,11122
2616.43,11121
2618.01,11120
2619.75,11119
2621.28,11118
2622.99,11117
2624.55,11116
2626.35,11115
2627.8,11114
2629.28,11113
2630.91,11112
2632.51,11111
2634.72,11110
2636.26,11109
2637.87,11108
2639.62,11105
2641.42,11104
2643.31,11103
2644.8,11100
2646.48,11098
2648.03,11097
2649.77,11094
2651.69,11093
2653.47,11092
2655.33,11091
2657.01,11087
2658.67,11086
2660.22,11085
2661.83,11084
2663.56,11083
2665.25,11082
2666.89,11080
2668.48,11079
2670.16,11078
2671.78,11077
2673.41,11076
2674.91,11075
2676.64,11074
2678.73,11072
2680.37,11071
2682.35,11070
2683.93,11069
2685.81,11068
2687.31,11067
2688.93,11066
2690.58,11065
2692.28,11064
2693.91,11063
2695.43,11062
2697.14,11061
2698.67,11060
2700.24,11059
2701.92,11058
2703.4,11056
2705.06,11055
2706.7,11054
2708.37,11053
2710.19,11052
2711.97,11051
2713.79,11050
2715.58,11048
2717.38,11046
2718.9,11045
2720.39,11044
2721.95,11043
2723.48,11042
2725.1,11040
2726.69,11039
2728.31,11038
2729.99,11036
2731.57,11035
2733.21,11033
2734.66,11032
2736.23,11031
2737.83,11030
2739.35,11029
2740.97,11028
2742.45,11026
2744.04,11024
2745.91,11023
2747.52,11022
2749.14,11021
2750.61,11020
2752.39,11018
2753.87,11016
2755.33,11015
2756.91,11013
2758.51,11011
2760.29,11010
2761.81,11009
2763.34,11007
2764.94,11005
2766.57,11004
2768.25,11002
2769.88,11001
2771.74,11000
2773.57,10999
2775.2,10996
2777.12,10995
2779.07,10994
2780.9,10993
2782.55,10992
2784.35,10991
2786.23,10990
2788.11,10989
2789.62,10987
2791.34,10986
2793.09,10985
2794.9,10984
2796.62,10983
2798.12,10982
2799.71,10981
2801.4,10980
2803.29,10979
2804.96,10978
2806.51,10975
2808.13,10974
2809.63,10972
2811.25,10970
2812.93,10968
2814.42,10967
2816.15,10966
2817.63,10964
2819.27,10963
2820.76,10962
2822.26,10961
2823.95,10960
2825.42,10959
2827.16,10958
2828.87,10957
2830.57,10956
2832.35,10955
2834.24,10954
2836.07,10952
2837.68,10950
2839.29,10949
2840.78,10947
2842.38,10945
2844.13,10944
2845.62,10943
2847.23,10942
2848.79,10941
2850.4,10940
2851.94,10939
2853.61,10938
2855.25,10937
2856.77,10936
2858.48,10935
2860.01,10934
2861.51,10931
2863.2,10929
2864.74,10928
2866.44,10927
2867.95,10926
2869.59,10924
2871.17,10923
2872.68,10922
2874.48,10921
2876.01,10920
2877.59,10918
2879.18,10917
2880.7,10915
2882.31,10913
2883.77,10911
2885.43,10910
2886.97,10909
2888.57,10908
2890.47,10906
2892.08,10905
2894.05,10904
2895.7,10902
2897.55,10901
2899.13,10900
2900.61,10899
2902.25,10898
2903.76,10897
2905.36,10896
2906.97,10895
2908.44,10894
2910.07,10893
2911.69,10892
2913.29,10891
2914.79,10890
2916.31,10889
2917.95,10888
2919.71,10887
2921.43,10886
2923.03,10885
2924.82,10884
2926.36,10883
2927.88,10882
2929.51,10880
2931.09,10879
2932.87,10877
2934.54,10876
2936.12,10874
2938,10873
2939.67,10871
2941.52,10870
2943.1,10869
2944.71,10867
2946.2,10866
2947.72,10864
2949.4,10863
2951.12,10862
2952.9,10860
2954.62,10859
2956.42,10857
2958.02,10856
2959.81,10855
2961.35,10854
2962.86,10853
2964.7,10851
2966.16,10850
2967.76,10849
2969.31,10847
2970.86,10846
2972.46,10845
2973.91,10844
2975.44,10843
2976.98,10842
2978.48,10841
2980.2,10839
2981.67,10838
2983.25,10837
2985.03,10836
2986.52,10834
2988.15,10832
2989.69,10831
2991.24,10830
2992.74,10829
2994.19,10827
2995.79,10826
2997.29,10824
2998.81,10822
3000.4,10821
3001.85,10820
3003.46,10818
3004.94,10817
3006.63,10816
3008.11,10815
3009.72,10814
3011.53,10813
3013.14,10811
3014.87,10809
3016.56,10807
3018.26,10804
3019.83,10801
3021.28,10800
3022.91,10799
3024.38,10798
3025.99,10797
3027.56,10795
3029.04,10794
3030.65,10793
3032.07,10792
3033.51,10791
3035.11,10790
3036.56,10789
3038.17,10788
3039.71,10787
3041.17,10786
3042.8,10785
3044.3,10784
3046.05,10783
3047.53,10782
3048.99,10781
3050.59,10780
3052.12,10779
3053.72,10778
3055.3,10777
3056.77,10773
3058.45,10772
3060.06,10771
3061.72,10767
3063.25,10766
3064.84,10765
3066.58,10764
3068.07,10762
3069.69,10761
3071.4,10760
3073.2,10759
3074.82,10758
3076.49,10757
3078.38,10756
3080.04,10754
3081.54,10753
3083,10752
3084.75,10750
3086.44,10749
3088.21,10748
3089.65,10747
3091.16,10746
3092.87,10744
3094.32,10739
3096,10738
3097.59,10737
3099.04,10736
3100.71,10735
3102.25,10734
3103.92,10733
3105.45,10732
3107.14,10731
3108.71,10730
3110.23,10729
3111.88,10728
3113.32,10726
3114.86,10725
3116.46,10724
3117.96,10722
3119.63,10721
3121.07,10720
3122.59,10719
3124.18,10718
3125.65,10717
3127.25,10716
3128.7,10714
3130.32,10713
3132.19,10711
3133.83,10710
3135.63,10709
3137.29,10706
3139.1,10705
3140.58,10704
3142.12,10703
3143.74,10702
3145.18,10699
3146.78,10698
3148.25,10697
3149.84,10694
3151.35,10693
3153.02,10692
3154.6,10690
3156.07,10689
3157.61,10687
3159.17,10685
3160.64,10684
3162.38,10683
3163.92,10682
3165.83,10681
3167.45,10680
3168.94,10678
3170.62,10677
3172.07,10675
3173.81,10674
3175.27,10673
3176.79,10672
3178.38,10671
3179.84,10670
3181.43,10668
3182.9,10667
3184.35,10666
3185.94,10665
3187.39,10664
3189.04,10663
3190.56,10662
3192.35,10661
3194.18,10660
3195.84,10659
3197.62,10658
3199.27,10657
3200.97,10655
3202.45,10654
3203.89,10653
3205.47,10652
3206.99,10651
3208.54,10650
3210.04,10648
3211.59,10647
3213.37,10646
3214.8,10645
3216.42,10644
3217.95,10643
3219.41,10642
3221.06,10641
3222.63,10640
3224.32,10639
3225.79,10638
3227.28,10637
3228.94,10636
3230.46,10634
3232.17,10633
3234,10632
3235.64,10631
3237.14,10629
3238.61,10628
3240.24,10626
3241.88,10625
3243.66,10624
3245.13,10623
3246.84,10622
3248.5,10621
3250.04,10620
3251.82,10619
3253.6,10618
3255.34,10616
3256.96,10615
3258.62,10613
3260.48,10611
3262.07,10610
3263.89,10609
3265.47,10608
3266.99,10607
3268.7,10605
3270.26,10603
3271.92,10602
3273.4,10601
3275.16,10599
3276.66,10597
3278.17,10596
3279.89,10595
3281.38,10594
3283.18,10593
3284.89,10592
3286.7,10591
3288.41,10590
3289.88,10589
3291.63,10588
3293.14,10587
3294.76,10586
3296.33,10585
3297.83,10584
3299.46,10583
3301.02,10581
3302.61,10579
3304.12,10578
3305.58,10576
3307.17,10575
3308.61,10574
3310.17,10572
3311.72,10571
3313.36,10570
3315.12,10569
3316.96,10568
3318.77,10567
3320.38,10565
3321.99,10564
3323.6,10563
3325.07,10562
3326.72,10561
3328.16,10560
3329.77,10559
3331.32,10558
3332.79,10557
3334.39,10556
3335.98,10555
3337.51,10554
3339.08,10551
3340.55,10550
3342.13,10549
3343.61,10548
3345.19,10547
3346.79,10546
3348.25,10545
3349.88,10544
3351.38,10543
3352.98,10541
3354.49,10540
3356.08,10539
3357.85,10538
3360.03,10537
3362.14,10536
3363.91,10534
3365.57,10532
3367.19,10531
3368.77,10529
3370.33,10528
3371.86,10527
3373.63,10526
3375.31,10525
3377.22,10523
3379.1,10520
3380.99,10518
3382.54,10517
3384.01,10516
3385.81,10514
3387.52,10513
3389.07,10511
3390.53,10510
3392.18,10509
3393.75,10508
3395.31,10507
3397.49,10506
3399.08,10505
3401.01,10504
3402.75,10503
3404.27,10502
3405.97,10501
3407.62,10500
3409.4,10499
3410.87,10497
3412.44,10496
3413.98,10495
3415.5,10494
3417.3,10493
3418.79,10492
3420.3,10489
3421.86,10488
3423.37,10487
3425.03,10486
3426.48,10485
3428.3,10484
3430,10482
3431.48,10481
3433.19,10480
3435.03,10479
3437.4,10477
3439.3,10476
3441.26,10475
3442.9,10473
3444.57,10472
3446.14,10471
3447.64,10470
3449.6,10469
3451.16,10468
3452.89,10467
3454.49,10466
3456.08,10465
3458.01,10464
3459.57,10462
3461.17,10461
3462.72,10458
3464.43,10457
3466.11,10456
3467.83,10455
3469.53,10454
3471.08,10453
3472.77,10452
3474.31,10451
3476.08,10450
3477.81,10449
3479.54,10448
3481.21,10447
3482.77,10446
3484.54,10445
3486.08,10444
3487.82,10442
3489.35,10441
3491.05,10440
3492.78,10439
3494.46,10438
3496.31,10436
3498.16,10435
3500.14,10433
3501.91,10431
3503.66,10430
3505.22,10428
3506.87,10427
3508.47,10424
3509.95,10423
3511.76,10422
3513.27,10421
3514.9,10420
3516.51,10419
3518.14,10418
3519.81,10417
3521.39,10416
3523.03,10415
3524.62,10414
3526.19,10413
3527.87,10412
3529.44,10411
3531.1,10410
3532.82,10409
3534.65,10408
3536.23,10407
3537.69,10406
3539.3,10405
3540.8,10404
3542.49,10403
3544.22,10402
3545.81,10401
3547.35,10400
3548.78,10399
3550.43,10398
3551.92,10396
3553.47,10395
3555.21,10394
3556.88,10393
3558.67,10392
3560.38,10391
3562.16,10390
3563.96,10389
3565.61,10388
3567.11,10387
3568.68,10386
3570.3,10385
3571.78,10384
3573.34,10383
3574.85,10382
3576.3,10381
3577.91,10380
3579.46,10379
3581.01,10378
3582.5,10377
3584.18,10376
3585.88,10375
3587.41,10374
3589.09,10373
3590.6,10372
3592.14,10371
3593.75,10370
3595.23,10368
3596.91,10366
3598.38,10365
3599.86,10362
3601.48,10361
3602.91,10360
3604.49,10359
3605.98,10357
3607.46,10355
3609.2,10354
3610.68,10352
3612.23,10351
3613.75,10349
3615.34,10348
3617.19,10347
3618.82,10345
3620.6,10344
3622.24,10343
3623.88,10342
3625.42,10341
3626.87,10340
3628.5,10339
3630.13,10338
3631.69,10337
3633.16,10336
3634.61,10335
3636.2,10333
3637.7,10330
3639.22,10329
3640.75,10328
3642.19,10324
3643.81,10323
3645.29,10322
3646.78,10321
3648.4,10320
3650.16,10319
3652,10317
3653.49,10316
3655.07,10315
3656.59,10311
3658.15,10309
3659.9,10308
3661.43,10307
3663.08,10306
3664.56,10303
3666.05,10302
3667.74,10301
3669.19,10300
3670.75,10299
3672.3,10298
3673.71,10297
3675.6,10295
3677.17,10294
3679.29,10293
3681,10292
3682.78,10291
3684.5,10290
3686,10289
3687.9,10288
3689.36,10287
3690.93,10286
3692.53,10285
3693.98,10284
3695.75,10283
3697.43,10282
3699.04,10281
3700.51,10280
3702.08,10279
3703.71,10278
3705.16,10276
3706.8,10275
3708.32,10273
3709.84,10272
3711.5,10271
3713.01,10270
3714.61,10269
3716.1,10268
3717.91,10267
3719.56,10266
3721.07,10265
3722.72,10264
3724.19,10263
3725.86,10262
3727.43,10261
3728.94,10260
3730.78,10259
3732.47,10258
3734.29,10257
3736.02,10256
3738.05,10255
3739.9,10254
3742.04,10253
3743.88,10252
3745.67,10251
3747.45,10250
3749.28,10249
3750.84,10248
3752.35,10247
3754.02,10246
3755.6,10245
3757.24,10244
3758.78,10243
3760.53,10242
3762.09,10241
3763.91,10240
3765.6,10239
3767.03,10238
3768.57,10237
3770.21,10236
3771.66,10235
3773.26,10234
3774.73,10233
3776.32,10232
3777.76,10231
3779.29,10230
3780.87,10229
3782.31,10228
3784.02,10227
3785.54,10225
3787,10224
3788.57,10223
3790.06,10221
3791.7,10220
3793.18,10219
3794.59,10218
3796.31,10217
3797.96,10216
3799.79,10215
3801.39,10214
3803.03,10213
3804.76,10212
3806.21,10211
3807.82,10210
3809.28,10209
3810.7,10208
3812.4,10207
3813.83,10206
3815.43,10205
3816.96,10204
3818.43,10203
3820.01,10202
3821.56,10201
3823.14,10200
3824.85,10199
3826.28,10198
3827.88,10197
3829.32,10196
3830.93,10195
3832.47,10194
3834.12,10193
3835.78,10192
3837.18,10190
3838.71,10189
3840.21,10187
3841.82,10186
3843.54,10183
3846.77,10182
3848.18,10180
3849.64,10179
3851.31,10177
3852.75,10175
3854.32,10174
3855.89,10173
3857.47,10172
3859.18,10170
3860.87,10169
3862.67,10168
3864.72,10167
3869.57,10166
3871.53,10165
3873.07,10164
3874.62,10163
3876.35,10162
3877.94,10161
3879.75,10160
3881.3,10159
3882.91,10158
3884.47,10156
3885.99,10155
3887.81,10154
3889.84,10153
3891.79,10151
3893.49,10150
3895.17,10149
3896.7,10148
3898.17,10147
3899.83,10146
3901.3,10145
3902.81,10143
3904.23,10142
3905.76,10141
3907.29,10140
3908.8,10139
3910.6,10138
3912.05,10137
3913.56,10136
3915.11,10135
3916.67,10133
3918.47,10132
3920.04,10131
3921.8,10130
3923.47,10129
3925.05,10128
3926.71,10127
3928.17,10126
3929.83,10125
3931.3,10124
3932.72,10123
3934.33,10122
3936.01,10121
3937.55,10120
3939.1,10119
3940.54,10118
3942.14,10117
3943.59,10116
3945.14,10115
3946.69,10114
3948.14,10113
3949.73,10112
3951.17,10111
3952.82,10110
3954.34,10109
3955.79,10108
3957.54,10107
3959.03,10106
3960.69,10105
3962.19,10104
3963.7,10103
3965.3,10102
3966.84,10101
3968.34,10100
3969.86,10099
3971.35,10097
3972.97,10096
3974.68,10095
3976.27,10094
3978.04,10093
3979.93,10092
3981.89,10091
3983.61,10090
3985.43,10089
3987.19,10088
3988.89,10087
3990.34,10086
3992,10085
3993.56,10084
3995.04,10083
3996.47,10082
3998.16,10081
3999.73,10080
4001.25,10079
4003.16,10078
4004.72,10077
4006.35,10076
4007.82,10075
4009.32,10074
4010.88,10073
4012.37,10072
4013.95,10071
4015.44,10070
4017.02,10069
4018.66,10068
4020.11,10067
4021.8,10066
4023.48,10065
4025.13,10064
4026.74,10063
4028.15,10062
4029.79,10061
4031.53,10060
4033.47,10059
4035.14,10057
4036.87,10056
4038.64,10054
4040.34,10053
4042.15,10052
4044.09,10051
4046.14,10050
4047.83,10048
4049.75,10047
4051.38,10045
4053.01,10044
4054.59,10042
4056.07,10041
4057.69,10040
4059.14,10039
4060.66,10038
4062.2,10037
4063.74,10036
4065.48,10035
4066.95,10034
4068.54,10033
4070.23,10032
4071.64,10031
4073.29,10030
4074.79,10029
4076.34,10027
4077.86,10026
4079.33,10024
4080.96,10023
4082.39,10022
4083.85,10019
4085.48,10018
4086.98,10017
4088.54,10016
4090.22,10014
4091.81,10013
4093.46,10012
4094.91,10011
4096.5,10010
4098.11,10009
4099.84,10008
4101.53,10007
4103.12,10006
4104.87,10005
4106.49,10004
4108.06,10003
4109.64,10002
4111.25,10001
4112.86,10000
4114.32,9999
4115.96,9998
4117.49,9997
4118.98,9996
4120.54,9995
4122.02,9994
4123.64,9993
4125.18,9992
4126.69,9991
4128.19,9990
4129.63,9989
4131.44,9988
4133.03,9987
4134.87,9986
4136.51,9985
4138.01,9984
4139.61,9983
4141.15,9982
4142.8,9981
4144.41,9979
4145.86,9978
4147.42,9977
4148.82,9976
4150.56,9975
4152.11,9974
4153.57,9973
4155.19,9972
4156.65,9971
4158.11,9970
4159.7,9969
4161.32,9968
4163.06,9967
4164.83,9966
4166.62,9965
4168.2,9964
4169.66,9963
4171.46,9962
4172.92,9961
4174.46,9960
4175.96,9958
4177.41,9957
4178.89,9956
4180.33,9955
4181.93,9954
4183.48,9953
4185.03,9952
4186.55,9951
4187.97,9950
4189.64,9949
4191.23,9948
4192.71,9947
4194.27,9946
4195.74,9945
4197.36,9944
4198.84,9942
4200.32,9941
4201.87,9940
4203.31,9939
4204.84,9938
4206.34,9937
4207.77,9936
4209.45,9935
4210.88,9934
4212.36,9933
4213.95,9932
4215.41,9931
4217.16,9930
4218.64,9929
4220.18,9928
4221.79,9927
4223.44,9926
4225.15,9925
4226.78,9924
4228.51,9923
4230,9922
4231.48,9921
4232.96,9920
4234.4,9919
4235.98,9918
4237.6,9917
4239.13,9916
4240.66,9915
4242.07,9914
4243.66,9913
4245.29,9912
4246.8,9911
4248.3,9910
4249.91,9909
4251.85,9908
4253.58,9907
4255.22,9906
4257.07,9905
4258.69,9904
4260.36,9903
4262.16,9902
4264.14,9901
4265.79,9900
4267.6,9899
4269.15,9898
4270.79,9896
4272.41,9895
4273.85,9893
4278.61,9892
4280.19,9889
4281.98,9886
4285.43,9885
4287.76,9883
4289.49,9882
4291.17,9881
4294.27,9880
4296.43,9879
4298.04,9878
4299.79,9876
4301.3,9874
4303.05,9873
4304.57,9872
4306.05,9871
4310.68,9870
4313.59,9869
4316.83,9868
4318.63,9865
4320.09,9864
4321.63,9863
4323.22,9862
4324.92,9861
4326.55,9859
4328.04,9858
4329.59,9857
4331.2,9855
4332.7,9854
4334.4,9853
4335.87,9852
4337.45,9851
4338.98,9850
4340.48,9848
4342.3,9847
4344.2,9846
4345.94,9845
4347.64,9844
4349.45,9843
4351.06,9842
4352.52,9841
4354.17,9840
4355.66,9839
4357.11,9838
4358.71,9837
4360.24,9836
4361.75,9835
4363.3,9834
4364.87,9833
4366.54,9832
4367.94,9830
4369.72,9829
4371.2,9828
4372.64,9827
4374.24,9826
4375.82,9825
4377.38,9824
4379.16,9823
4380.74,9822
4382.32,9821
4383.84,9820
4385.54,9819
4387.08,9818
4388.63,9817
4390.39,9816
4391.94,9815
4393.57,9814
4395.03,9813
4396.61,9812
4398.2,9811
4399.75,9810
4401.44,9809
4403.06,9808
4404.81,9807
4406.49,9806
4408.3,9805
4410.05,9804
4411.7,9803
4413.34,9802
4414.83,9800
4416.49,9799
4417.99,9798
4419.52,9797
4421.11,9796
4422.64,9795
4424.36,9794
4426.23,9793
4427.87,9792
4429.43,9791
4431.03,9789
4434.37,9788
4436.03,9787
4437.44,9785
4440.69,9783
4442.37,9782
4445.66,9781
4447.16,9779
4448.72,9777
4450.24,9776
4451.88,9775
4454.96,9774
4456.65,9773
4458.12,9771
4459.8,9770
4461.33,9769
4463.06,9768
4464.93,9767
4466.67,9766
4468.35,9764
4470.03,9763
4471.83,9761
4473.4,9759
4475.02,9756
4476.65,9754
4478.1,9753
4482.98,9752
4484.52,9751
4487.64,9750
4497,9749
4498.64,9748
4500.23,9747
4501.78,9745
4503.33,9743
4504.81,9742
4507.96,9741
4509.61,9740
4512.67,9739
4515.71,9738
4517.47,9737
4519,9736
4520.55,9735
4522.35,9734
4524.03,9733
4525.8,9732
4527.86,9730
4533.63,9729
4535.25,9728
4536.9,9727
4538.59,9726
4540.17,9725
4541.82,9724
4543.42,9723
4546.74,9722
4548.19,9720
4549.86,9719
4552.9,9717
4559.29,9716
4561.04,9715
4562.93,9714
4565.01,9711
4570.28,9710
4571.82,9708
4573.53,9707
4578.22,9705
4579.91,9704
4589.32,9703
4591.32,9701
4593,9699
4594.57,9697
4599.52,9694
4601.28,9693
4612.05,9690
4613.52,9689
4618.18,9688
4619.77,9686
4624.72,9685
4627.75,9683
4630.81,9681
4634.02,9680
4635.6,9679
4637.12,9678
4638.61,9677
4641.7,9675
4643.69,9673
4645.33,9670
4646.94,9669
4650.23,9668
4652.02,9667
4655.21,9666
4656.91,9665
4658.46,9664
4660.59,9660
4669.74,9659
4671.41,9657
4675,9656
4676.97,9654
4678.8,9653
4682.01,9652
4683.75,9651
4685.6,9650
4687.28,9648
4688.98,9647
4690.57,9646
4692.51,9645
4694.18,9644
4695.79,9643
4697.26,9642
4698.96,9641
4702.05,9640
4710.46,9636
4714,9635
4715.78,9634
4717.26,9629
4720.35,9628
4721.82,9627
4723.47,9626
4725.01,9624
4726.56,9623
4728,9622
4736.3,9621
4737.88,9620
4741.33,9619
4743.38,9618
4745.28,9617
4746.98,9616
4748.52,9615
4750.4,9614
4751.96,9612
4755.43,9610
4757.07,9608
4762.45,9607
4764.22,9604
4779.17,9603
4786.96,9602
4788.41,9601
4790.53,9600
4794.87,9596
4806.94,9595
4810.12,9594
4811.66,9593
4813.26,9591
4815.08,9590
4816.83,9589
4818.48,9588
4819.94,9587
4821.74,9584
4823.31,9582
4825.04,9581
4826.66,9580
4836.75,9579
4840.86,9577
4842.47,9574
4844.17,9572
4845.92,9570
4855.57,9569
4857.2,9568
4858.74,9566
4864.72,9565
4866.39,9564
4867.86,9563
4869.77,9562
4871.38,9560
4873.14,9557
4874.71,9556
4878.95,9555
4881.29,9554
4883.3,9553
4887.03,9552
4889.27,9550
4893.04,9548
4897.9,9547
4903.78,9546
4905.87,9545
4907.58,9544
4909.06,9543
4910.75,9541
4914.11,9540
4915.77,9539
4917.49,9538
4920.59,9537
4922.45,9536
4923.92,9535
4925.64,9534
4927.13,9533
4928.79,9531
4936.94,9530
4938.48,9529
4939.96,9527
4941.59,9525
4948.39,9524
4950.16,9523
4951.73,9522
4953.5,9517
4964.41,9516
4966.09,9515
4969.2,9514
4970.7,9513
4972.19,9512
4975.6,9511
4982.9,9510
4984.54,9507
4990.95,9506
4992.64,9505
4995.93,9503
4997.62,9502
5000.96,9501
5002.6,9500
5004.23,9499
5007.4,9498
5010.33,9497
5011.85,9495
5015.32,9494
5017,9492
5018.75,9491
5020.36,9488
5025.16,9487
5028.35,9485
5032.9,9484
5034.73,9483
5036.22,9482
5037.74,9481
5041.07,9480
5044.67,9479
5055.55,9475
5060.51,9474
5064.26,9473
5066.73,9472
5068.62,9471
5070.5,9470
5072.35,9468
5074.1,9466
5075.8,9465
5077.31,9463
5079.17,9462
5080.88,9461
5082.45,9460
5084,9459
5085.77,9458
5087.33,9457
5092.15,9456
5093.76,9455
5097,9454
5098.54,9452
5100.3,9451
5101.99,9450
5103.49,9449
5105.2,9448
5108.46,9447
5110.24,9446
5111.69,9444
5113.3,9443
5114.77,9441
5121.38,9440
5122.82,9439
5124.48,9437
5125.94,9436
5127.6,9435
5129.27,9434
5130.86,9431
5135.77,9429
5137.34,9428
5146.46,9427
5149.49,9426
5150.92,9425
5152.58,9423
5153.98,9422
5156.99,9421
5158.47,9420
5160.14,9419
5163.36,9418
5164.82,9415
5167.95,9414
5169.44,9413
5171.03,9411
5172.55,9410
5174.07,9408
5175.53,9407
5176.98,9406
5178.59,9405
5183.62,9404
5185.18,9403
5186.82,9400
5190.51,9398
5195.69,9396
5198.87,9395
5202.42,9394
5205.7,9393
5207.15,9392
5208.58,9391
5210.52,9389
5213.66,9387
5215.23,9386
5216.79,9385
5220.11,9384
5223.55,9383
5225.26,9382
5227.05,9380
5228.73,9379
5232.36,9378
5234.37,9377
5235.83,9376
5240.53,9374
5245.38,9373
5246.79,9372
5248.86,9371
5250.64,9370
5252.55,9369
5255.77,9368
5257.34,9367
5258.88,9365
5266.78,9363
5268.37,9362
5271.48,9358
5276.32,9357
5277.76,9356
5279.24,9355
5280.83,9354
5282.31,9353
5284.01,9352
5287.31,9351
5290.59,9350
5292.68,9348
5294.2,9347
5295.75,9346
5300.48,9345
5303.41,9343
5308.31,9342
5311.67,9341
5313.62,9340
5315.39,9339
5316.94,9338
5318.44,9337
5320.01,9336
5321.57,9335
5323.18,9333
5326.28,9332
5332.69,9330
5334.58,9328
5353.44,9327
5355.04,9326
5356.61,9325
5358.05,9321
5359.69,9319
5365.89,9318
5369.17,9317
5370.89,9316
5372.58,9315
5374.37,9313
5377.56,9311
5379.15,9310
5380.7,9309
5382.17,9308
5383.8,9305
5385.35,9304
5389.93,9303
5391.54,9302
5393.15,9301
5394.74,9300
5396.18,9299
5404.05,9298
5405.63,9297
5410.53,9296
5416.87,9295
5418.44,9293
5419.93,9292
5425.17,9291
5426.8,9290
5428.33,9289
5430.11,9288
5431.74,9287
5433.71,9284
5435.3,9282
5439.94,9281
5441.5,9279
5444.53,9275
5446.12,9273
5449.21,9272
5452.28,9271
5456.99,9270
5458.46,9269
5459.87,9268
5463.08,9267
5467.62,9266
5469.19,9265
5470.63,9264
5472.21,9263
5473.74,9262
5475.36,9261
5478.4,9260
5480.16,9258
5481.77,9257
5483.29,9254
5485.03,9253
5488.21,9252
5489.95,9250
5491.75,9249
5495.2,9248
5496.91,9247
5501.68,9246
5505.08,9244
5514.19,9243
5515.81,9238
5521.94,9237
5523.55,9236
5526.51,9235
5528,9234
5534.31,9232
5535.85,9231
5539.03,9229
5540.67,9228
5542.22,9227
5550.08,9226
5551.69,9225
5553.36,9224
5555.09,9223
5556.62,9221
5558.25,9220
5561.48,9219
5563.02,9218
5566.3,9216
5567.84,9215
5570.95,9214
5572.43,9213
5575.43,9212
5576.98,9211
5578.52,9210
5579.98,9209
5581.69,9207
5584.65,9206
5587.7,9205
5589.29,9202
5590.73,9201
5592.37,9200
5594.07,9199
5595.55,9198
5598.64,9197
5600.17,9195
5608.42,9193
5613.56,9191
5615.21,9190
5618.51,9189
5619.92,9184
5621.52,9183
5626.25,9182
5630.8,9181
5637.23,9180
5641.84,9178
5645.06,9177
5646.64,9175
5651.14,9173
5652.76,9171
5660.55,9170
5662.11,9169
5663.85,9168
5667.22,9165
5674,9162
5680.66,9160
5689.76,9159
5691.37,9158
5693.05,9157
5696.1,9155
5699.13,9152
5700.65,9151
5709.59,9150
5711.15,9148
5718.87,9147
5720.38,9146
5721.84,9145
5724.95,9144
5726.51,9143
5727.96,9142
5729.48,9141
5731.23,9140
5734.55,9139
5736.12,9138
5739.38,9137
5740.83,9136
5742.56,9135
5745.42,9132
5747.04,9131
5748.5,9129
5751.55,9126
5754.66,9124
5756.1,9123
5757.69,9120
5763.93,9118
5768.44,9117
5770.03,9115
5771.47,9112
5773.03,9111
5776,9110
5779.09,9109
5780.86,9108
5785.88,9106
5787.38,9103
5799.26,9102
5801.02,9101
5802.6,9100
5804.42,9099
5805.97,9098
5807.47,9097
5809.08,9096
5810.6,9095
5813.74,9092
5819.81,9090
5822.83,9088
5827.48,9087
5829.05,9085
5841.69,9084
5844.03,9083
5845.57,9081
5850.25,9079
5860.57,9078
5862.3,9077
5864.09,9076
5865.73,9075
5867.39,9074
5872.16,9073
5873.62,9072
5875.17,9071
5876.69,9070
5878.13,9069
5881.18,9068
5884.52,9067
5885.99,9066
5887.85,9065
5889.31,9064
5891.29,9063
5893.03,9062
5894.7,9061
5896.23,9059
5897.74,9058
5899.47,9057
5900.99,9056
5902.52,9055
5905.62,9054
5907.16,9053
5908.6,9052
5910.17,9051
5911.77,9049
5913.46,9048
5915.17,9046
5920.09,9044
5921.65,9043
5925.9,9042
5927.34,9040
5928.86,9039
5932.05,9037
5944.75,9036
5946.53,9035
5947.96,9031
5949.54,9029
5963.51,9028
5965.44,9026
5967,9023
5970.19,9022
5975.45,9021
5982.87,9019
5985.19,9018
5986.98,9015
5995.62,9014
5997.3,9012
6000.34,9011
6001.85,9010
6003.3,9009
6007.76,9006
6009.3,9005
6010.89,9004
6013.94,9002
6015.4,8999
6030.9,8998
6032.77,8997
6034.33,8996
6036.03,8995
6037.67,8994
6039.38,8993
6040.9,8992
6045.43,8991
6059.58,8989
6062.72,8988
6064.26,8983
6072.01,8982
6075.22,8978
6077.04,8976
6079.01,8974
6084.36,8971
6091.28,8969
6107.97,8968
6111.06,8966
6112.76,8965
6115.85,8964
6118.95,8963
6122,8961
6124.96,8960
6126.55,8959
6128.01,8957
6129.61,8955
6146.65,8951
6151.18,8950
6154.63,8948
6156.23,8946
6157.9,8945
6159.56,8944
6162.82,8943
6164.35,8942
6165.93,8939
6169.05,8937
6173.75,8935
6175.2,8934
6176.83,8933
6178.23,8932
6179.77,8931
6181.32,8929
6190.56,8928
6192.19,8926
6198.39,8925
6201.37,8924
6202.85,8921
6205.93,8920
6207.5,8919
6223.7,8918
6225.17,8917
6226.68,8916
6228.19,8914
6229.65,8912
6236.12,8911
6237.53,8910
6242.47,8908
6248.6,8906
6253.17,8905
6254.71,8902
6257.71,8901
6262.44,8900
6267.28,8898
6268.76,8897
6270.37,8896
6271.85,8895
6273.57,8894
6280.5,8893
6283.8,8892
6285.47,8891
6286.92,8890
6288.41,8889
6289.98,8888
6291.52,8887
6293.1,8886
6299.13,8885
6300.83,8883
6303.76,8882
6305.39,8878
6311.37,8877
6313.01,8876
6314.47,8875
6315.99,8873
6319.25,8872
6324.21,8869
6325.74,8867
6327.22,8866
6333.61,8864
6335.24,8863
6338.6,8862
6345.36,8861
6346.84,8859
6348.47,8856
6349.89,8855
6353.04,8853
6354.62,8852
6359.24,8851
6362.55,8849
6364.24,8848
6365.81,8847
6367.31,8846
6370.29,8845
6371.89,8844
6373.32,8843
6378.04,8842
6381.78,8841
6387.02,8838
6388.68,8835
6405.44,8830
6419.68,8829
6421.14,8828
6422.74,8827
6424.2,8826
6425.77,8825
6427.44,8824
6428.9,8822
6430.62,8821
6433.67,8819
6435.16,8818
6436.63,8815
6446.16,8813
6455.76,8812
6457.53,8811
6459.13,8809
6460.91,8808
6462.62,8805
6464.13,8802
6466.18,8801
6472.99,8800
6476.45,8797
6478.73,8793
6490.08,8791
6507.18,8789
6508.82,8788
6510.78,8787
6518.09,8785
6528.57,8784
6535.25,8780
6547.43,8779
6549.05,8778
6554.19,8776
6562.09,8775
6563.68,8774
6565.5,8772
6566.98,8771
6568.54,8769
6575.36,8768
6579.24,8767
6586.56,8766
6588.19,8765
6593.17,8764
6594.72,8763
6597.9,8762
6604.45,8761
6606.06,8760
6607.52,8756
6610.64,8755
6612.17,8754
6615.45,8753
6618.84,8750
6620.53,8749
6622.23,8748
6623.85,8745
6626.97,8744
6628.51,8742
6640.15,8741
6642.15,8740
6643.81,8738
6647.39,8737
6652.08,8735
6655.32,8731
6660.05,8730
6661.9,8729
6665.04,8728
6671.14,8726
6675.82,8725
6679,8724
6680.78,8720
6695.57,8719
6698.89,8718
6700.69,8717
6702.39,8716
6704.37,8713
6706.24,8711
6748.85,8708
6750.38,8707
6757.11,8706
6758.81,8705
6760.53,8704
6762.18,8703
6767.54,8702
6769.11,8701
6778.25,8700
6779.85,8699
6781.33,8698
6782.94,8697
6784.41,8696
6786,8695
6787.51,8693
6788.95,8691
6799.87,8690
6801.5,8689
6803,8688
6809.28,8687
6810.76,8686
6812.24,8685
6814.09,8684
6817.11,8683
6827.15,8682
6830.22,8681
6831.68,8680
6833.43,8679
6835.1,8678
6838.18,8677
6839.6,8676
6841.12,8674
6842.85,8673
6846.16,8672
6850.82,8671
6854.06,8670
6855.53,8669
6857.09,8665
6861.58,8662
6869.32,8661
6870.78,8660
6872.48,8659
6874.12,8658
6875.74,8657
6877.28,8655
6878.78,8652
6882.22,8651
6887.22,8650
6888.81,8649
6890.33,8648
6893.48,8647
6896.69,8646
6898.14,8645
6899.76,8642
6904.4,8640
6910.32,8639
6913.37,8638
6915.05,8637
6916.54,8635
6921.1,8634
6925.64,8633
6930.24,8632
6931.77,8627
6946.78,8626
6948.3,8625
6949.8,8623
6960.57,8622
6963.92,8621
6965.48,8615
6967.11,8614
6968.63,8612
6973.48,8611
6975.15,8610
6976.65,8609
6979.94,8608
6984.92,8607
6990.02,8606
6991.47,8605
6992.97,8604
6996.46,8603
6998.05,8602
6999.65,8600
7016.11,8599
7020.74,8598
7022.22,8597
7025.44,8596
7028.41,8595
7029.98,8594
7031.52,8593
7033.17,8592
7034.7,8591
7036.41,8590
7037.97,8589
7039.45,8588
7042.47,8587
7044.09,8586
7045.65,8585
7047.26,8584
7048.88,8583
7050.34,8582
7056.67,8581
7058.1,8580
7059.66,8579
7063.11,8578
7064.81,8575
7069.85,8572
7081.93,8570
7085.05,8569
7086.53,8568
7088.25,8566
7103.6,8565
7105.01,8562
7112.41,8560
7117.22,8558
7118.88,8557
7120.48,8555
7123.85,8552
7136.63,8550
7141.07,8549
7142.97,8548
7146.15,8547
7147.67,8546
7149.11,8544
7150.69,8543
7152.2,8542
7153.71,8541
7156.72,8538
7158.32,8537
7159.73,8534
7167.53,8531
7179.72,8529
7184.98,8528
7186.72,8527
7191.44,8526
7197.55,8525
7198.99,8524
7202.02,8523
7203.62,8522
7205.21,8520
7214.37,8519
7215.85,8518
7218.94,8517
7220.43,8516
7221.92,8515
7223.54,8514
7226.58,8513
7229.63,8512
7231.05,8510
7243.58,8509
7250.07,8507
7257.69,8506
7259.24,8505
7260.75,8503
7264.08,8502
7265.53,8499
7267.15,8498
7279.7,8496
7281.32,8495
7282.89,8493
7284.67,8492
7286.15,8491
7287.84,8487
7295.99,8485
7309.54,8483
7311.15,8482
7314.13,8481
7315.66,8480
7320.23,8479
7323.29,8478
7324.97,8477
7329.59,8476
7332.67,8475
7334.23,8474
7335.76,8472
7340.25,8471
7343.24,8469
7346.36,8467
7349.3,8466
7350.98,8465
7355.48,8464
7361.81,8463
7374.95,8462
7376.39,8461
7382.44,8459
7383.88,8456
7390.03,8452
7397.82,8450
7399.31,8449
7400.88,8447
7408.32,8446
7412.94,8445
7417.51,8444
7420.68,8442
7430.64,8439
7433.83,8438
7435.61,8437
7445.84,8436
7447.33,8435
7450.36,8434
7451.99,8433
7453.61,8432
7455.16,8431
7456.71,8429
7462.87,8428
7464.35,8425
7465.93,8424
7472.03,8423
7473.56,8422
7476.62,8420
7478.08,8419
7481.16,8418
7486.25,8416
7491.44,8415
7496.19,8413
7502.38,8408
7505.4,8407
7511.56,8406
7514.74,8404
7520.73,8403
7522.29,8402
7525.28,8401
7533.11,8400
7536.14,8399
7539.19,8397
7540.7,8396
7543.86,8395
7545.71,8394
7547.28,8393
7552.14,8392
7555.3,8391
7558.32,8390
7564.45,8389
7566,8388
7569.05,8386
7576.81,8385
7578.28,8383
7579.85,8382
7581.59,8381
7583.06,8378
7586.24,8376
7594.18,8375
7600.27,8374
7607.16,8373
7616.87,8372
7618.33,8371
7619.96,8370
7621.43,8369
7622.92,8368
7629.05,8366
7636.93,8365
7638.45,8364
7644.63,8360
7647.71,8359
7649.17,8358
7655.49,8357
7658.51,8356
7664.82,8355
7666.6,8354
7668.25,8353
7671.85,8352
7673.31,8351
7678.09,8350
7684.02,8347
7688.79,8346
7691.97,8343
7695.26,8340
7709.14,8339
7710.65,8338
7712.05,8336
7716.91,8335
7718.43,8334
7727.97,8331
7731.55,8329
7733.32,8327
7744.69,8324
7750.82,8323
7762.34,8322
7763.8,8321
7768.48,8318
7789.96,8317
7794.89,8316
7796.45,8315
7799.57,8314
7801.2,8313
7804.19,8312
7805.64,8311
7811.63,8310
7813.16,8308
7814.65,8307
7817.88,8305
7825.63,8304
7827.14,8303
7828.64,8299
7831.68,8298
7833.13,8297
7834.67,8294
7845.48,8293
7852.21,8292
7853.74,8291
7858.36,8289
7863.19,8288
7864.62,8287
7866.07,8285
7878.37,8284
7885.03,8280
7896.01,8279
7897.6,8278
7902.08,8277
7903.85,8276
7907.51,8275
7917.35,8273
7920.36,8272
7931.37,8271
7932.99,8270
7934.57,8268
7937.77,8267
7939.28,8266
7940.89,8264
7944.05,8263
7948.76,8262
7951.79,8261
7953.39,8260
7954.85,8258
7956.41,8257
7959.41,8256
7967.59,8254
7969.46,8252
7974.6,8250
7977.73,8249
7982.22,8248
7983.75,8247
7985.42,8246
7988.54,8244
7991.48,8243
7997.93,8241
8009.06,8240
8013.65,8239
8015.5,8237
8021.73,8235
8025.03,8232
8028.5,8231
8030.12,8230
8031.99,8229
8040.37,8228
8041.87,8227
8043.6,8226
8045.28,8224
8046.81,8223
8048.37,8222
8049.81,8221
8051.55,8220
8054.65,8219
8056.21,8217
8062.21,8216
8063.86,8214
8065.56,8212
8071.82,8211
8074.8,8210
8076.23,8209
8077.82,8208
8079.39,8207
8080.79,8206
8082.44,8204
8083.93,8203
8087.6,8202
8091.17,8201
8099.62,8198
8101.11,8197
8102.72,8196
8104.16,8194
8113.73,8193
8116.69,8191
8121.67,8189
8124.88,8188
8128.23,8187
8139.14,8186
8140.61,8184
8142.32,8183
8143.86,8182
8147.5,8180
8149.38,8178
8152.99,8177
8159.72,8176
8163.02,8175
8166.4,8174
8168.11,8172
8175.91,8171
8187.31,8169
8196.96,8168
8198.45,8167
8201.47,8166
8206.32,8165
8208.31,8163
8209.99,8162
8211.57,8161
8215.02,8160
8216.68,8159
8218.18,8158
8221.29,8157
8222.77,8156
8225.82,8155
8227.33,8154
8228.89,8153
8230.37,8151
8231.91,8150
8233.61,8149
8238.18,8148
8239.81,8147
8244.3,8146
8250.48,8145
8252,8144
8258.32,8143
8259.9,8142
8262.81,8141
8267.38,8139
8269.08,8138
8280.63,8137
8282.08,8136
8283.62,8135
8285.07,8134
8288.1,8132
8289.52,8131
8292.6,8130
8295.86,8129
8297.3,8126
8304.94,8125
8308.02,8124
8318.81,8123
8321.77,8122
8323.23,8121
8326.4,8119
8329.74,8118
8331.36,8117
8342.94,8116
8344.39,8114
8346.05,8113
8347.51,8112
8349.03,8109
8350.49,8105
8353.66,8104
8373.65,8103
8376.83,8102
8379.79,8101
8384.56,8098
8389.31,8096
8391.01,8095
8405.35,8094
8412.86,8093
8414.31,8092
8416.04,8091
8417.55,8090
8419.07,8088
8422.1,8087
8425.11,8085
8426.64,8083
8429.72,8082
8441.77,8081
8443.35,8080
8444.8,8079
8446.28,8078
8454.51,8076
8460.85,8073
8462.49,8072
8465.57,8071
8473.13,8070
8484.23,8069
8485.96,8068
8487.47,8066
8489.05,8065
8490.88,8064
8492.33,8063
8494.05,8062
8497.08,8061
8498.78,8060
8500.38,8059
8501.99,8058
8503.54,8057
8509.45,8055
8511.1,8054
8512.86,8053
8516.1,8049
8517.83,8048
8521.62,8047
8523.15,8045
8526.36,8044
8538.28,8043
8541.64,8041
8548.33,8040
8553.11,8039
8554.6,8038
8557.78,8036
8570.55,8035
8575.76,8034
8577.46,8033
8579.11,8032
8588.69,8029
8596.39,8028
8600.99,8027
8604.18,8026
8612.04,8025
8615.42,8024
8616.86,8023
8618.36,8022
8619.9,8021
8623.04,8020
8629.68,8018
8636.68,8017
8642.03,8016
8644.04,8015
8645.64,8014
8647.46,8013
8655.15,8011
8656.65,8009
8661.29,8008
8662.95,8007
8684.49,8006
8689.4,8005
8692.97,8002
8704.98,8001
8709.46,7999
8717.1,7998
8723.56,7997
8726.83,7995
8729.75,7994
8736.17,7993
8747.83,7991
8756.48,7990
8759.91,7988
8771.17,7987
8772.64,7986
8774.22,7985
8775.82,7984
8777.42,7983
8779.19,7982
8780.89,7981
8787.74,7980
8789.57,7979
8791.56,7978
8794.81,7976
8796.24,7974
8809.25,7973
8814.33,7971
8815.93,7970
8819.28,7968
8824.04,7966
8825.69,7964
8835.15,7963
8840.1,7961
8843.12,7960
8846.62,7959
8856.81,7957
8858.53,7956
8860.19,7955
8863.88,7953
8865.39,7951
8867.15,7946
8892.28,7945
8898.56,7944
8900.08,7943
8904.77,7942
8906.44,7941
8909.56,7940
8914.2,7937
8933.18,7934
8940.55,7933
8947.18,7931
8950.48,7930
8961.84,7929
8964.94,7927
8966.95,7925
8973.99,7923
8975.62,7922
8977.51,7921
8982.24,7919
8998.41,7918
9000.32,7914
9010.21,7911
9016.76,7910
9020.21,7908
9028.61,7905
9030.66,7904
9032.21,7903
9037.15,7901
9047.45,7899
9049.21,7897
9052.47,7896
9059.25,7895
9061.11,7893
9064.39,7892
9078.64,7891
9080.41,7889
9090.48,7888
9095.54,7886
9098.82,7884
9107.49,7882
9114.76,7881
9116.65,7880
9128.14,7879
9129.56,7878
9131.2,7877
9139.17,7875
9142.35,7874
9171.36,7872
9174.92,7871
9176.6,7868
9192,7867
9193.68,7866
9195.4,7865
9197.46,7863
9210.3,7860
9211.86,7859
9224.62,7858
9228.03,7857
9239.23,7855
9254.3,7854
9255.82,7852
9258.92,7851
9260.62,7850
9262.04,7847
9265.22,7846
9275.41,7845
9278.55,7844
9280.35,7842
9281.87,7841
9283.89,7840
9287.49,7839
9292.59,7838
9294.09,7836
9296,7834
9309.42,7833
9312.52,7832
9325.24,7831
9327.02,7830
9328.87,7829
9330.52,7828
9332.4,7826
9340.16,7825
9346.32,7822
9354.77,7821
9356.63,7819
9362.49,7818
9366.06,7816
9370.95,7814
9380.43,7812
9382.32,7811
9385.59,7810
9387.38,7808
9389.18,7807
9392.85,7806
9399.88,7805
9401.38,7803
9403.12,7802
9404.81,7801
9406.62,7800
9409.88,7799
9411.7,7798
9413.23,7795
9414.86,7794
9439.82,7790
9444.2,7789
9463.14,7788
9466.45,7787
9474.84,7784
9476.47,7783
9491.9,7782
9495.32,7780
9501.54,7779
9507.8,7778
9509.36,7774
9520.74,7773
9525.94,7772
9532.25,7771
9537.07,7770
9538.74,7769
9543.64,7768
9545.67,7766
9554.17,7765
9557.09,7764
9571.76,7763
9573.36,7762
9581.1,7760
9582.79,7759
9586.25,7758
9587.92,7755
9591.07,7754
9592.64,7753
9604.94,7752
9611.53,7751
9614.81,7750
9616.55,7749
9618.16,7748
9619.75,7746
9631.1,7744
9632.8,7743
9640.72,7742
9642.24,7741
9653.66,7739
9656.76,7738
9658.32,7737
9660.14,7736
9677.85,7735
9689.04,7734
9700.39,7733
9708.64,7732
9711.97,7730
9720.31,7729
9723.76,7728
9726.95,7727
9733.44,7726
9735.06,7725
9751.07,7724
9752.57,7723
9754.17,7722
9755.69,7719
9766.66,7717
9768.09,7716
9781.37,7715
9783.03,7714
9784.64,7713
9792.73,7709
9806.75,7706
9812.8,7705
9814.38,7703
9815.83,7701
9817.34,7699
9824.93,7698
9827.97,7696
9844.33,7695
9853.03,7694
9854.53,7693
9856.08,7692
9859.36,7690
9867.25,7689
9868.9,7688
9872.28,7686
9881.79,7685
9885.12,7684
9896.02,7683
9901.1,7678
9936.41,7676
9945.61,7675
9947.19,7674
9948.64,7673
9950.14,7672
9957.86,7671
9970.92,7670
9977.08,7669
9980.38,7667
9991.16,7666
10000.1,7664
10001.7,7663
10008,7662
10020.2,7661
10028.7,7660
10030.1,7659
10031.7,7658
10034.7,7655
10044.3,7654
10047.5,7653
10048.9,7652
10053.5,7651
10064.3,7648
10065.8,7647
10067.5,7646
10078.3,7645
10080.1,7644
10081.9,7639
10091.6,7638
10093.5,7637
10111.1,7635
10124.1,7634
10133.4,7631
10153.7,7629
10163.5,7628
10170,7626
10173.1,7625
10174.5,7624
10177.4,7623
10204.4,7622
10215.5,7621
10217.1,7619
10218.7,7618
10231.1,7616
10234,7614
10238.7,7612
10241.7,7611
10243.2,7610
10244.7,7609
10246.5,7608
10260.7,7606
10267.5,7605
10270.7,7604
10273.7,7603
10281.4,7602
10283,7599
10293.8,7596
10301.5,7592
10334.9,7591
10336.5,7590
10347.7,7589
10356.5,7588
10357.9,7587
10361,7585
10364.1,7583
10365.6,7581
10370.2,7580
10371.9,7579
10373.3,7578
10379.6,7577
10381.1,7576
10382.9,7574
10384.5,7573
10386.1,7571
10392.5,7569
10393.9,7568
10398.4,7567
10404.4,7566
10405.9,7565
10407.6,7563
10410.5,7562
10413.5,7558
10424.1,7557
10425.5,7556
10427.2,7555
10446,7553
10448,7552
10452.9,7548
10462,7547
10475.6,7546
10480,7543
10495.3,7542
10496.9,7541
10498.3,7539
10506.3,7536
10531.2,7535
10537.2,7533
10547.8,7532
10552.5,7531
10557.4,7528
10564,7527
10565.7,7526
10569.2,7525
10570.7,7524
10581.2,7523
10583,7522
10584.6,7521
10591.3,7520
10602.1,7519
10603.6,7517
10627.3,7516
10628.9,7515
10632.4,7514
10635.6,7512
10653.2,7509
10667.1,7503
10701.7,7502
10705.2,7501
10706.7,7500
10716.8,7499
10726.3,7498
10728,7496
10731.1,7494
10751.4,7493
10753.3,7492
10767.8,7491
10777.2,7490
10786.1,7489
10787.7,7488
10790.7,7487
10792.4,7486
10793.9,7484
10797,7483
10798.5,7482
10801.7,7479
10819.5,7475
10836.5,7474
10837.9,7471
10864.1,7470
10865.8,7469
10897.5,7467
10905.2,7466
10913.5,7465
10915,7464
10916.6,7463
10919.6,7462
10922.7,7461
10927.6,7460
10935.8,7459
10938.7,7458
10943.1,7455
10948,7452
10951.1,7449
10954.4,7448
10960.6,7447
10971.3,7446
10978,7445
10979.5,7444
10984.6,7442
10997.8,7441
10999.4,7439
11010.5,7438
11012.1,7437
11018.3,7436
11021.6,7435
11026.3,7434
11028,7433
11048.4,7432
11053.4,7431
11055.1,7430
11056.7,7429
11058.3,7428
11060,7427
11075.7,7425
11081.8,7422
11099.3,7421
11108.5,7420
11110.2,7419
11111.8,7417
11116.7,7415
11118.4,7414
11135.6,7413
11137.3,7410
11148.8,7409
11154.8,7408
11157.9,7407
11161,7406
11167.2,7405
11173.7,7403
11177,7402
11180.3,7401
11187,7400
11188.7,7399
11203.2,7397
11204.7,7396
11206.1,7395
11209.3,7389
11218,7387
11232.7,7385
11235.9,7384
11267.8,7383
11276.9,7380
11286.9,7379
11297,7377
11305.2,7376
11308.2,7375
11314.7,7374
11316.3,7371
11325.4,7370
11332.2,7369
11335.2,7368
11336.8,7367
11344.9,7366
11353.6,7365
11364.8,7364
11368.1,7363
11369.7,7361
11377.1,7360
11380.2,7359
11392.8,7358
11400.6,7356
11405.5,7355
11407.2,7354
11417.6,7353
11422.7,7352
11435.2,7350
11443.6,7348
11457.6,7347
11464.1,7346
11467.2,7344
11479.9,7343
11483,7342
11508.8,7341
11518.1,7340
11522,7339
11528.8,7336
11530.2,7335
11546.3,7334
11547.8,7333
11549.4,7332
11564,7331
11592.3,7329
11596.7,7328
11598.1,7327
11603.1,7326
11608.1,7325
11609.6,7324
11611,7323
11613.9,7322
11620,7321
11622.9,7317
11629.1,7316
11630.5,7315
11642.6,7314
11644.1,7313
11645.5,7312
11647.3,7311
11653.4,7310
11656.8,7309
11659.9,7308
11661.5,7306
11664.7,7305
11673.1,7304
11687.5,7303
11689.2,7302
11690.7,7300
11703.3,7299
11706.2,7298
11720.8,7297
11724.2,7295
11732.4,7294
11742.8,7293
11768.2,7292
11771.3,7291
11775.9,7290
11780.7,7288
11783.9,7286
11793.2,7284
11799.4,7283
11802.5,7282
11805.6,7281
11807.2,7280
11813.2,7278
11819.4,7273
11822.3,7272
11823.9,7271
11876.7,7270
11878.1,7269
11881.2,7268
11884.3,7266
11885.7,7264
11890.1,7263
11897.9,7262
11913.4,7261
11919.2,7259
11923.7,7256
11943.4,7255
11955.8,7253
11972.1,7252
11984.2,7251
11985.7,7250
11990.6,7249
11998.4,7247
12001.6,7246
12052.8,7245
12058.9,7242
12063.6,7241
12065.1,7240
12066.6,7239
12068.1,7238
12072.8,7237
12076.1,7236
12080.9,7235
12082.6,7234
12087.8,7232
12092.6,7231
12094,7230
12097.4,7227
12103.8,7226
12153.5,7223
12155.1,7222
12156.5,7220
12176.4,7217
12193.3,7214
12201.2,7211
12209.1,7209
12212.2,7206
12232.5,7204
12235.8,7202
12245,7200
12249.4,7196
12291.9,7194
12305.8,7192
12309,7190
12317,7189
12318.8,7188
12330.8,7187
12334.1,7186
12352.3,7185
12357.3,7183
12359.1,7182
12369.2,7181
12391,7179
12395.7,7177
12409.2,7176
12416.6,7175
12421.6,7174
12439.6,7173
12444.8,7172
12451.9,7171
12453.5,7170
12456.6,7169
12458.1,7168
12460,7167
12472.9,7164
12493.2,7163
12505.6,7162
12507.1,7161
12515.2,7160
12534.7,7158
12537.1,7157
12539.1,7156
12548.2,7155
12553.9,7154
12555.6,7153
12572.1,7152
12592.4,7151
12597.6,7150
12620.8,7148
12648.1,7147
12649.8,7146
12654.2,7145
12656.2,7143
12658.4,7140
12693,7139
12697.4,7138
12699.4,7137
12711,7136
12713.2,7135
12731.6,7134
12736.5,7131
12741,7129
12748.8,7128
12757,7127
12760.4,7126
12780.3,7124
12803.5,7123
12805.2,7122
12808.4,7121
12810.3,7120
12811.9,7119
12813.7,7118
12815.2,7117
12816.7,7116
12819.8,7115
12821.7,7114
12830.6,7113
12832.4,7111
12834,7109
12841.6,7108
12879.5,7106
12910.9,7105
12930.8,7104
12932.6,7101
12934.2,7100
12954.3,7099
12955.9,7097
12975.2,7096
12977.1,7095
12981.2,7093
12990.4,7091
13025.5,7090
13042.4,7089
13045.4,7088
13046.8,7087
13062.1,7086
13068.3,7085
13071.4,7084
13072.9,7083
13078.9,7082
13080.4,7080
13081.9,7079
13087.4,7076
13115.9,7074
13125.3,7073
13185.6,7072
13187.1,7071
13190.4,7069
13195.4,7068
13197.2,7067
13198.7,7066
13210.6,7065
13212.4,7064
13214.6,7061
13231,7059
13257.4,7058
13260.7,7057
13267.9,7056
13289,7055
13294,7054
13308.5,7053
13313.8,7052
13315.6,7049
13347.6,7048
13380.4,7047
13387.1,7046
13409.4,7045
13411,7044
13419,7042
13420.7,7041
13436.7,7040
13439.9,7039
13443.3,7038
13445.1,7037
13446.6,7035
13452.5,7034
13458.6,7032
13475.9,7029
13509,7028
13518.4,7027
13522.1,7026
13523.9,7025
13537.6,7020
13563.5,7019
13591.8,7018
13607.6,7017
13615.1,7016
13616.9,7013
13620.6,7012
13634.7,7011
13636.5,7010
13638.1,7009
13645,7008
13646.4,7007
13655.1,7004
13657,7003
13669.1,7002
13670.6,7001
13673.9,7000
13684.7,6998
13696.9,6996
13705.8,6993
13717,6992
13718.5,6991
13728.9,6990
13732.7,6989
13734.1,6988
13737.6,6987
13739,6986
13752.2,6985
13761.8,6984
13766.3,6983
13772.9,6982
13776,6980
13781.4,6979
13783.5,6978
13792.3,6977
13796.4,6976
13829.4,6973
13831.1,6972
13842.9,6967
13871.6,6964
13915,6963
13920,6962
13932.1,6961
13960.3,6960
13972.1,6959
13973.7,6958
13975.2,6955
13976.7,6954
14002,6951
14032.2,6950
14040.6,6948
14053.2,6947
14055.3,6945
14065.1,6944
14066.8,6942
14068.4,6941
14075.7,6939
14077.2,6937
14124.8,6936
14126.5,6935
14128.1,6934
14141.7,6933
14143.7,6932
14167.2,6930
14175.6,6929
14192.7,6928
14209.6,6927
14218,6926
14221.5,6925
14229.5,6924
14230.8,6923
14233.9,6922
14238.4,6921
14240.4,6920
14241.9,6918
14248.1,6917
14286.8,6912
14328.2,6911
14330.2,6910
14341.3,6909
14350.1,6906
14353.3,6905
14355.2,6904
14365.6,6903
14394.8,6901
14399.6,6897
14405.9,6896
14408,6895
14419.4,6894
14422.3,6892
14423.9,6890
14432.8,6889
14434.2,6888
14435.8,6885
14487.2,6884
14495.2,6882
14503.4,6881
14519.8,6879
14543.4,6878
14544.8,6877
14552.8,6876
14554.5,6875
14557.6,6874
14569,6873
14614,6872
14615.5,6871
14621.9,6870
14623.4,6869
14642.6,6868
14644.2,6866
14656.4,6865
14672.4,6863
14678.9,6862
14703.1,6860
14722.9,6859
14725.9,6858
14727.3,6857
14730.4,6856
14747.7,6855
14749.5,6854
14777.7,6851
14781,6849
14787.5,6845
14789.1,6844
14810.6,6842
14819.3,6841
14820.8,6840
14851.3,6839
14852.8,6838
14876.5,6837
14913.4,6835
14941.9,6834
14956.2,6832
14958.1,6831
14976.6,6830
14997.4,6829
15012.8,6828
15016.5,6826
15018.1,6823
15094.1,6817
15159.5,6816
15169.2,6815
15174.5,6814
15185.3,6813
15191,6812
15196.1,6811
15208.2,6810
15234,6806
15263.1,6805
15271.2,6804
15282.3,6803
15291.9,6802
15296.7,6800
15312.5,6798
15388.8,6797
15396.5,6796
15414.3,6795
15415.8,6790
15447.7,6789
15454.7,6787
15458.3,6786
15471.2,6785
15491.4,6784
15501.6,6783
15507.8,6782
15509.4,6781
15514.8,6780
15524.8,6779
15526.4,6778
15535.6,6776
15548.5,6775
15556.3,6774
15569.7,6773
15595.7,6771
15601.9,6770
15607.9,6769
15609.4,6768
15611.1,6767
15612.9,6766
15615.9,6765
15617.5,6764
15620.9,6763
15622.7,6761
15626.2,6760
15658.3,6759
15664.4,6758
15670.3,6757
15679.5,6756
15683.8,6755
15685.4,6754
15696.1,6753
15704.7,6752
15706.1,6751
15710.4,6750
15758.2,6749
15759.8,6748
15789.7,6747
15797,6746
15806.1,6745
15812.7,6742
15853.4,6741
15855,6740
15872.7,6739
15898.8,6738
15901.7,6737
15924.3,6735
15925.9,6733
15989.7,6732
16007.7,6731
16041.1,6730
16042.6,6729
16047.6,6728
16060.3,6727
16086.4,6726
16117,6725
16141.7,6724
16176.2,6723
16179.7,6722
16189.9,6721
16197.6,6720
16239.8,6719
16244.9,6718
16246.5,6717
16248.2,6716
16249.8,6715
16251.5,6714
16260.5,6713
16265.3,6711
16322.5,6708
16325.2,6707
16447.6,6705
16449.1,6704
16465,6702
16475.2,6701
16476.8,6699
16494.3,6696
16515,6695
16518,6694
16580.8,6693
16597.5,6692
16600.5,6689
16611.7,6687
16622.1,6686
16643.4,6685
16646.5,6683
16649.6,6682
16652.6,6681
16654.1,6680
16684.1,6679
16705.5,6678
16720.3,6677
16738.7,6676
16813.1,6675
16814.7,6674
16841.2,6673
16885.2,6672
16922,6671
16936.8,6670
16947.4,6669
16949.1,6668
16950.7,6667
16956.4,6666
16963.9,6665
16965.3,6664
16979.3,6662
16981,6661
17005.6,6660
17011.6,6659
17017.6,6657
17075.6,6656
17081,6654
17110.9,6653
17114.2,6652
17115.6,6650
17173.1,6648
17257.7,6647
17259.2,6646
17301.7,6645
17303.2,6644
17304.6,6642
17306,6641
17307.5,6640
17329.8,6639
17349.4,6638
17351,6634
17390.6,6633
17415.8,6632
17442.6,6631
17457.6,6630
17459.9,6629
17521.1,6628
17594.9,6627
17598.1,6625
17616.5,6624
17628.9,6623
17672.5,6622
17682.8,6618
17703.9,6615
17712.4,6614
17737.7,6613
17739.1,6612
17744,6610
17745.7,6609
17751.5,6608
17754.6,6607
17780.1,6606
17783.2,6605
17789.7,6604
17834.6,6603
17836,6602
17851,6600
17892.6,6597
17927.7,6593
17949.7,6592
17980.6,6590
18006.8,6589
18022.8,6588
18024.3,6587
18025.9,6586
18048.6,6585
18050.1,6583
18054.8,6582
18078.5,6581
18081.6,6580
18084.8,6579
18086.3,6578
18147.6,6577
18150.6,6576
18156.6,6575
18158,6573
18171.7,6572
18173.1,6569
18174.7,6568
18196.4,6567
18262.7,6566
18270.6,6565
18277,6564
18278.4,6562
18293.4,6561
18338.6,6560
18343.2,6559
18344.6,6558
18347.6,6556
18358,6552
18362.8,6551
18410.4,6547
18424.5,6546
18426.1,6545
18429.6,6543
18463.3,6542
18498.7,6541
18515.1,6540
18528.7,6539
18538.1,6538
18580.9,6537
18582.3,6536
18583.8,6535
18614.1,6534
18617.2,6533
18620.5,6531
18639.9,6530
18652,6529
18653.7,6526
18719.7,6525
18721.5,6524
18740.5,6523
18758.9,6519
18770.2,6517
18785.1,6512
18872.4,6511
18887.1,6510
18904.5,6509
18930.8,6508
18932.3,6507
18935.3,6505
18936.8,6504
18956.5,6503
19011.6,6502
19033,6501
19041,6500
19056.6,6499
19065.7,6498
19067.2,6497
19071,6496
19073.9,6493
19090.6,6491
19098,6490
19103.9,6489
19105.4,6488
19113.4,6487
19115,6486
19132.3,6484
19133.9,6483
19136.6,6482
19143.2,6481
19146.5,6480
19149.3,6479
19162.5,6475
19177.1,6474
19178.7,6473
19220.4,6472
19222,6469
19250.9,6468
19258.7,6466
19260.1,6465
19316.7,6464
19318.1,6463
19339.7,6461
19341.2,6460
19348.2,6459
19522.4,6458
19524,6456
19700.8,6455
19708,6454
19709.4,6453
19742.3,6452
19744.1,6451
19784.1,6450
19785.8,6449
19796.9,6447
19815.4,6446
19818.2,6445
19824.9,6441
19894.1,6440
19901.7,6439
19903.2,6437
19943.4,6436
19960.4,6435
19968.1,6434
19986.9,6432
20039.4,6430
20075.4,6429
20086.1,6428
20087.4,6426
20095.4,6425
20099,6422
20278.9,6421
20291.3,6420
20355.9,6419
20357.9,6416
20423.3,6415
20615.6,6413
20774.7,6412
20797,6411
20800,6410
20835.1,6409
20865.1,6408
20869.7,6407
20871.2,6405
20978,6402
21007.6,6400
21024,6399
21028.8,6398
21083.2,6394
21086.1,6393
21087.5,6392
21088.9,6391
21163.8,6390
21181.8,6388
21185.1,6387
21190.4,6386
21192.2,6385
21224.8,6383
21266.3,6382
21268,6381
21293.7,6380
21327.7,6379
21361.1,6376
21448.2,6375
21458.9,6374
21472.7,6373
21491.4,6372
21515.5,6370
21565.4,6367
21717.1,6366
21721.9,6365
21723.6,6364
21808.7,6362
21810.2,6361
21827,6360
21828.4,6357
21843.8,6356
21919.1,6352
21964.5,6351
21982.8,6350
21990.4,6349
22005.2,6348
22006.8,6346
22085,6345
22086.5,6344
22121.6,6343
22153.5,6341
22289.9,6340
22293.4,6339
22315.5,6338
22326.6,6337
22341.6,6336
22343.8,6332
22345.9,6330
22349.5,6329
22377.2,6328
22384.8,6327
22389.9,6326
22405.4,6325
22451.1,6324
22555.9,6323
22557.3,6322
22564.8,6321
22566.4,6320
22571.2,6318
22579.8,6317
22592.2,6315
22625.7,6314
22646.9,6312
22667.8,6311
22678.1,6310
22679.7,6309
22768.8,6308
22790.1,6306
22913.3,6304
22978.8,6303
22980.5,6302
23004.6,6301
23066.5,6300
23094.2,6299
23097.1,6297
23115.3,6296
23146.5,6294
23160.9,6293
23187.2,6292
23199.5,6291
23272.2,6290
23276.5,6289
23285.1,6284
23707.1,6283
23713,6282
23801.4,6280
23841.5,6279
24134.4,6278
24149,6276
24150.7,6274
24205.4,6272
24206.9,6271
24220,6270
24237.6,6268
24243.4,6264
24466.6,6263
24478.1,6262
24484.2,6261
24522.1,6259
24607.7,6258
24631.9,6257
24696.2,6256
24705.9,6255
24730.3,6254
24732,6253
24737.9,6252
24758.2,6250
24777.7,6249
24783.6,6248
24840.1,6247
24971.3,6246
24977.3,6245
24978.7,6243
25003.1,6239
25013.6,6236
25029.9,6235
25033,6233
25046.4,6232
25133.3,6231
25145.2,6230
25163.4,6229
25214.3,6228
25221.8,6227
25235.5,6225
25246.4,6224
25419.7,6223
25439.1,6222
25491.4,6221
25495.9,6220
25505.2,6219
25514.2,6218
25530.7,6217
25532.2,6216
25533.7,6214
25538.2,6213
25551.5,6212
25595.2,6211
25596.7,6208
25598.2,6207
25602.1,6206
25615.4,6205
25808.5,6204
26192.2,6203
26306.6,6202
27179.9,6201
27210.8,6200
27212.4,6199
27306.7,6198
27390.5,6197
27392.1,6196
27399.8,6195
27492.6,6193
27504.7,6192
27984.6,6190
28101.7,6189
28134.1,6188
28195.4,6187
28196.9,6186
28236.5,6184
28393.2,6183
29084.2,6180
29298.1,6179
29353.3,6176
29358.7,6174
29646.5,6173
30349.6,6171
30354.1,6170
30482.6,6169
30483.9,6168
30488.2,6167
30624.5,6166
30639.8,6164
30642.8,6163
30658.6,6162
30661.7,6161
30664.8,6160
30669.6,6159
30671,6158
30764.4,6157
30765.8,6156
31157.4,6155
31164.5,6154
31166.3,6153
31218.9,6149
31290,6148
31302.1,6147
31345.3,6146
31384.4,6145
31399.2,6143
31404,6142
31526.5,6140
31656.4,6138
31908.8,6137
31917.4,6136
31918.9,6135
31920.4,6134
31938.1,6133
31976,6132
32594.2,6130
32687.9,6129
32859.3,6127
32947.1,6126
32954.1,6125
32972.1,6124
32986.9,6123
33007.5,6121
33605.4,6120
33613,6118
33653.1,6115
33705.5,6113
33734.4,6111
33747.8,6109
34164.1,6108
34165.5,6106
34167,6105
34384.1,6104
34392.8,6102
34690.6,6098
34700.8,6097
34710.7,6096
34732.4,6094
38751,6093
39280.6,6092
39546.8,6089
39655,6087
39747.3,6086
39753.3,6084
39958.3,6083
40190.9,6082
40202.8,6081
40413.6,6080
40440.8,6079
40484.7,6078
40509.3,6077
40520.6,6075
40527,6073
40718.9,6072
40779.3,6071
40851.7,6070
41046,6068
41708,6067
41728.3,6066
43761.7,6064
43858.1,6063
43859.5,6062
43864.2,6061
43890.9,6060
43892.3,6057
43977.7,6055
44073.3,6054
44115.3,6053
44116.7,6051
46669.4,6047
46708.5,6046
47333.7,6044
47447.6,6042
47637.4,6041
47681.6,6039
47688.9,6037
47767.4,6036
51414.9,6034
51600,6033
51806,6032
51807.4,6031
51822.2,6030
51842.4,6029
51849.6,6028
51873.5,6027
51879.2,6026
51907.7,6024
52014.4,6023
52020.5,6021
52188,6020
53292.4,6019
53413.1,6018
53432.7,6017
53510.9,6016
53512.7,6014
53517.9,6013
54230.2,6012
54251,6009
54258.1,6008
54318.4,6007
54640.1,6004
54646,6003
60341.2,6002
60383.2,6001
60384.6,6000
60452.1,5999
60485.6,5998
60494.1,5997
60532.8,5996
60550.6,5995
60602.3,5994
60608,5993
60612.4,5990
60613.8,5989
60615.1,5988
61488.8,5987
61490.2,5986
61491.8,5984
61493.7,5983
61505.7,5982
62862.3,5980
62870.7,5979
62918.4,5978
62919.7,5976
62946.1,5975
63040.6,5974
63069.6,5972
64299.4,5971
64317,5970
64346.3,5969
64347.6,5968
64447.5,5967
64458.7,5966
64471.1,5965
64485.7,5964
64587.7,5963
68940.2,5962
69172.2,5961
69219.3,5959
69227.4,5958
69241.3,5956
69871.8,5955
69878.8,5954
70033.6,5952
70098.4,5950
70102.5,5949
70899.4,5948
71142.9,5947
71147.5,5946
71932,5943
71936.4,5942
71986.8,5941
72016.3,5940
72053,5939
76885.6,5938
76909.5,5937
77197.5,5936
77286.1,5934
77290.4,5933
77313.5,5932
77685.6,5931
77694.9,5928
77714.2,5927
77724.3,5925
77767.6,5923
77781.8,5922
77932.6,5921
78005.1,5920
78072.9,5919
78791,5918
78813.3,5917
78823.6,5916
78871.4,5914
78890.3,5912
78905.2,5909
78924,5908
78929.8,5906
78931.2,5905
78963.8,5904
78974.1,5903
79010.9,5901
80750.7,5899
81058.4,5898
81085.1,5896
81418.7,5895
81484.6,5893
81631.2,5890
81681.9,5889
81733.8,5888
82100.9,5887
82102.6,5886
82104.4,5884
82171.1,5883
82175.5,5882
82176.9,5881
82178.4,5880
82315,5879
85728.9,5878
99507.5,5875
100372,5873
103214,5872
103370,5870
103397,5869
103455,5868
103476,5867
103541,5865
105365,5863
105510,5862
105513,5861
105606,5860
107712,5859
108031,5858
108035,5857
108042,5855
108176,5854
108180,5853
108209,5852
108264,5851
108265,5850
108344,5849
108358,5846
108375,5845
108381,5844
108395,5843
108508,5842
108512,5841
108514,5839
108621,5838
108670,5835
108698,5833
108726,5832
108743,5831
108753,5830
109152,5827
109183,5826
109185,5825
109246,5824
109852,5823
110324,5822
110357,5821
111514,5819
