2.16621,11022
3.39856,11021
4.79312,11020
5.95029,11019
7.16699,11018
8.26151,11017
9.40095,11016
10.6286,11014
11.7697,11013
12.845,11012
14.0635,11010
15.1941,11008
16.3778,11006
17.522,11004
18.6878,11002
19.7979,11000
20.8815,10998
22.153,10996
23.2332,10993
24.5014,10990
25.7688,10989
26.9203,10987
28.0097,10985
29.1474,10980
30.3747,10978
31.5478,10975
32.6315,10973
33.8469,10972
34.9584,10971
36.0683,10968
37.2886,10966
38.3962,10961
39.5141,10959
40.7465,10957
41.9154,10956
43.0178,10955
44.1074,10953
45.7841,10949
46.9004,10942
47.9492,10941
49.2576,10937
50.4288,10928
51.5508,10927
52.6978,10926
53.8341,10925
54.927,10922
55.9901,10918
57.2694,10916
58.4859,10912
59.704,10910
61.1345,10909
62.3784,10908
63.65,10907
65.1846,10904
66.4369,10903
67.559,10902
68.755,10901
69.9063,10897
71.0694,10896
72.1773,10886
73.4222,10885
74.5089,10884
75.622,10883
76.8097,10882
77.9577,10877
79.0715,10874
80.1935,10872
81.3919,10871
82.4507,10858
83.4971,10854
84.7676,10852
86.0369,10848
87.0975,10846
88.2774,10844
89.4553,10838
90.553,10835
91.6956,10834
92.9414,10831
94.0692,10829
95.162,10827
96.4081,10825
97.4954,10824
98.5709,10821
99.6825,10819
100.92,10818
102.016,10814
103.122,10813
104.344,10809
105.568,10808
106.667,10806
108.164,10804
109.403,10801
110.474,10795
111.697,10787
112.932,10786
114.03,10783
115.133,10780
116.318,10779
117.447,10778
118.674,10775
119.881,10769
121.198,10767
122.558,10761
123.856,10758
125.281,10757
126.761,10755
128.009,10752
129.261,10751
130.35,10750
131.555,10749
132.749,10744
133.884,10735
134.966,10730
136.196,10729
137.298,10726
138.398,10723
139.533,10722
140.717,10721
141.864,10718
143.257,10717
144.512,10716
145.798,10711
146.987,10706
148.182,10705
149.255,10703
150.321,10702
151.559,10700
152.73,10697
153.902,10696
155.169,10692
156.539,10688
157.67,10687
158.846,10686
160.129,10684
161.278,10680
162.37,10678
163.667,10677
164.737,10676
165.864,10671
167.323,10669
168.414,10668
169.442,10667
170.602,10666
171.764,10662
172.814,10660
173.892,10657
175.126,10655
176.238,10654
177.334,10653
178.665,10652
179.884,10651
181.128,10650
182.566,10647
183.928,10645
185.116,10644
186.451,10640
187.689,10639
188.811,10637
189.895,10636
191.382,10629
192.516,10627
193.666,10626
194.858,10621
195.942,10620
197.087,10614
198.364,10612
199.509,10611
200.624,10607
201.71,10606
202.928,10603
203.979,10601
205.049,10600
206.269,10595
207.504,10592
208.579,10591
209.742,10587
210.966,10584
212.261,10581
213.446,10579
214.667,10578
215.811,10576
216.916,10568
218.214,10567
219.318,10562
220.402,10561
221.628,10559
222.847,10556
223.972,10554
225.089,10553
226.365,10552
227.504,10548
228.644,10543
229.934,10541
231.04,10538
232.452,10537
233.78,10536
235.193,10535
236.351,10533
237.509,10532
238.933,10530
240.388,10529
242.12,10526
243.441,10525
244.754,10522
246.319,10520
247.541,10519
248.682,10518
249.971,10517
251.126,10514
252.494,10508
253.734,10503
254.89,10496
256.043,10493
257.242,10492
258.372,10491
259.504,10489
260.617,10487
261.954,10483
262.993,10482
264.113,10480
265.284,10478
266.515,10477
267.587,10476
268.659,10474
269.833,10471
270.916,10470
271.993,10469
273.382,10468
274.596,10466
275.743,10465
276.909,10464
278.151,10459
279.207,10457
280.393,10451
281.661,10447
282.814,10445
283.955,10444
285.217,10439
286.374,10434
287.447,10432
288.628,10431
289.773,10429
290.805,10427
291.882,10425
293.259,10424
294.337,10423
295.394,10422
296.618,10416
297.773,10415
298.932,10411
300.136,10409
301.445,10408
302.599,10407
303.877,10405
305.367,10404
306.641,10403
307.953,10402
309.223,10401
310.386,10399
311.564,10398
313.162,10395
314.292,10394
315.408,10391
316.665,10390
317.885,10388
319.021,10387
320.22,10385
321.348,10384
322.429,10381
323.633,10379
324.835,10378
325.955,10376
327.07,10373
328.322,10372
329.44,10370
330.552,10367
331.908,10366
333.039,10364
334.259,10363
335.488,10359
336.723,10358
337.932,10355
339.087,10345
340.348,10343
341.577,10342
342.751,10341
344.092,10339
345.448,10338
346.643,10337
347.89,10335
348.929,10334
350.035,10330
351.231,10329
352.423,10328
353.654,10327
354.842,10324
356.083,10323
357.203,10321
358.326,10318
359.717,10317
360.971,10312
362.188,10311
363.604,10309
364.928,10308
366.24,10306
367.669,10304
368.895,10303
370.069,10302
371.376,10301
372.502,10296
373.7,10293
375.113,10292
376.186,10291
377.288,10290
378.371,10289
379.612,10287
380.699,10286
381.795,10284
383.081,10282
384.165,10281
385.234,10280
386.509,10279
387.711,10278
388.738,10275
389.86,10271
391.105,10269
392.187,10266
393.313,10265
394.72,10261
395.992,10258
397.104,10257
398.445,10256
399.899,10254
401.061,10252
402.267,10250
403.472,10248
404.702,10244
405.922,10243
407.183,10242
408.521,10241
409.686,10239
411.061,10238
412.325,10236
413.43,10234
414.923,10229
415.984,10228
417.049,10227
418.269,10225
419.533,10222
420.762,10221
422.199,10220
423.532,10219
424.692,10217
426.227,10215
427.549,10214
428.76,10213
429.909,10209
431.106,10208
432.28,10205
433.419,10204
434.854,10202
436.039,10199
437.182,10198
438.381,10197
439.474,10196
440.567,10194
441.77,10193
443.173,10191
444.276,10189
445.654,10188
446.75,10185
447.798,10183
448.951,10181
450.099,10180
451.242,10179
452.422,10178
453.615,10177
454.796,10175
456.145,10173
457.425,10172
458.609,10170
459.768,10168
461.032,10166
462.201,10165
463.443,10161
464.63,10160
465.865,10159
466.962,10158
468.089,10157
469.291,10155
470.422,10153
471.505,10149
472.855,10148
474.032,10147
475.057,10146
476.47,10145
477.66,10142
478.745,10140
479.898,10137
481.217,10135
482.475,10134
483.678,10132
484.993,10130
486.226,10129
487.461,10127
488.852,10122
489.949,10121
491.073,10120
492.29,10119
493.454,10118
494.536,10117
495.621,10115
497.086,10113
498.179,10111
499.395,10108
500.533,10106
501.62,10105
502.649,10102
503.82,10101
504.948,10099
506.004,10098
507.2,10097
508.341,10096
509.432,10095
510.482,10094
511.733,10093
512.806,10092
513.936,10091
515.079,10090
516.236,10089
517.557,10088
518.776,10086
519.959,10085
521.003,10084
522.136,10083
523.426,10081
524.477,10080
525.578,10079
526.801,10077
527.9,10076
529.014,10075
530.071,10074
531.313,10072
532.478,10070
533.744,10069
535.351,10068
536.668,10067
537.931,10066
539.358,10063
540.815,10062
542.34,10059
543.639,10058
544.91,10057
546.314,10055
547.666,10054
548.895,10053
550.054,10048
551.372,10045
552.448,10043
553.542,10042
554.765,10041
555.908,10040
557.189,10039
558.413,10038
559.579,10037
560.713,10036
561.86,10035
563.146,10034
564.178,10032
565.237,10031
566.532,10028
567.633,10027
568.696,10026
569.824,10021
571,10020
572.055,10019
573.125,10018
574.382,10016
575.522,10015
576.62,10014
578.032,10013
579.236,10012
580.324,10011
581.479,10010
582.681,10009
583.758,10008
584.869,10007
586.168,10006
587.382,10004
588.44,10003
589.582,10002
590.8,10001
591.885,10000
592.905,9997
594.205,9996
595.354,9995
596.458,9994
597.745,9992
598.91,9991
599.957,9989
601.206,9988
602.555,9987
603.809,9986
604.95,9983
606.408,9982
607.574,9977
608.882,9976
610.196,9973
611.29,9972
612.443,9971
613.631,9970
614.787,9968
615.879,9967
617.059,9966
618.535,9965
619.583,9962
620.666,9961
621.826,9958
622.929,9957
623.987,9956
625.204,9955
626.325,9952
627.433,9950
628.444,9948
629.631,9947
630.693,9946
631.779,9944
632.892,9943
634.081,9942
635.143,9941
636.215,9940
637.426,9938
638.733,9937
639.89,9936
641.213,9935
642.438,9934
643.516,9933
644.747,9931
646.182,9930
647.301,9929
648.402,9926
649.586,9925
650.695,9923
651.76,9922
652.9,9921
654,9920
655.105,9919
656.371,9917
657.541,9916
658.641,9914
659.746,9913
661.09,9912
662.296,9910
663.49,9908
664.993,9906
666.164,9905
667.385,9904
668.671,9903
669.997,9902
671.122,9900
672.345,9899
673.527,9898
674.617,9896
675.686,9895
677,9893
678.074,9892
679.23,9891
680.382,9890
681.525,9889
682.542,9887
683.624,9883
685.024,9882
686.05,9881
687.123,9880
688.303,9874
689.449,9872
690.542,9871
691.622,9870
692.834,9869
693.915,9867
694.97,9866
696.147,9865
697.307,9864
698.388,9863
699.532,9861
700.771,9859
701.872,9857
702.968,9856
704.149,9855
705.4,9854
706.458,9853
707.709,9852
709.007,9851
710.236,9850
711.462,9849
712.582,9848
713.672,9847
714.804,9846
716.117,9844
717.273,9843
718.327,9842
719.475,9841
720.619,9840
721.805,9837
723.049,9836
724.393,9835
725.766,9834
727.127,9832
728.375,9831
729.597,9829
730.878,9828
732.108,9827
733.21,9826
734.302,9825
735.548,9824
736.605,9823
737.711,9822
738.928,9821
740.095,9820
741.213,9819
742.291,9818
743.668,9817
745.047,9815
746.341,9814
747.542,9813
748.59,9812
749.647,9811
750.807,9810
751.92,9809
753.009,9807
754.068,9806
755.26,9804
756.324,9803
757.399,9802
758.645,9801
759.828,9800
761.036,9799
762.166,9798
763.358,9797
764.508,9796
765.735,9793
767.038,9792
768.088,9791
769.203,9790
770.368,9789
771.533,9788
772.582,9787
773.654,9786
774.898,9785
776.008,9784
777.179,9783
778.689,9781
779.771,9780
780.935,9778
782.27,9777
783.545,9776
784.656,9775
786.14,9774
787.425,9773
788.599,9770
789.815,9769
791.165,9768
792.4,9767
793.532,9766
794.737,9765
795.863,9764
797.012,9763
798.222,9762
799.339,9761
800.489,9760
801.617,9759
802.751,9758
803.88,9757
804.959,9755
806.405,9754
807.473,9752
808.548,9751
809.663,9750
810.852,9747
811.867,9746
812.97,9745
814.185,9744
815.291,9743
816.398,9742
817.571,9741
818.749,9740
819.825,9738
820.907,9737
822.257,9735
823.406,9734
824.502,9732
825.755,9731
827.039,9730
828.13,9729
829.295,9728
830.454,9726
831.534,9725
832.602,9724
833.9,9723
835.275,9722
836.521,9721
837.863,9720
839.147,9719
840.584,9718
842.207,9717
843.284,9716
844.557,9714
845.93,9713
847.379,9712
848.585,9711
849.879,9709
851.049,9708
852.44,9707
853.705,9706
854.832,9702
858.216,9700
860.596,9699
861.677,9698
862.768,9696
866.134,9695
867.51,9692
868.664,9691
870.772,9690
871.978,9689
873.052,9688
874.147,9687
875.305,9685
878.637,9684
880.892,9683
881.952,9682
883.34,9681
884.623,9680
885.705,9679
887.06,9678
888.339,9677
889.434,9676
890.487,9675
891.722,9674
892.776,9673
893.837,9672
894.881,9671
896.044,9670
897.092,9669
898.16,9668
899.301,9666
900.41,9665
901.48,9663
902.663,9661
906.591,9660
909.221,9659
911.759,9658
916.377,9657
917.554,9655
918.681,9654
920.9,9653
922.006,9652
923.239,9651
924.335,9650
925.366,9649
926.548,9647
927.87,9646
928.994,9645
931.372,9644
932.434,9643
933.492,9642
934.65,9640
936.816,9639
937.892,9637
939.087,9635
941.206,9634
943.52,9633
945.817,9631
947.258,9630
948.639,9629
950.954,9627
953.112,9626
954.337,9624
955.379,9623
956.46,9619
960.001,9618
961.137,9617
963.609,9612
964.729,9611
969.935,9609
971.16,9608
973.448,9607
974.706,9606
975.78,9605
976.856,9604
978.177,9603
979.313,9602
980.389,9601
981.565,9599
982.668,9598
986.08,9597
987.14,9591
988.399,9590
989.676,9589
990.755,9588
991.831,9587
992.955,9586
994.075,9585
995.143,9584
997.476,9582
998.552,9580
999.673,9579
1000.84,9578
1002.02,9577
1003.05,9576
1004.23,9574
1005.47,9573
1006.53,9572
1007.63,9571
1009.15,9570
1010.32,9569
1011.44,9567
1012.75,9564
1017.31,9563
1021.94,9561
1023.2,9559
1025.65,9558
1026.91,9557
1029.64,9556
1030.76,9552
1033.22,9551
1034.36,9550
1035.62,9549
1036.79,9547
1037.9,9545
1040.18,9543
1042.33,9542
1045.98,9541
1047.33,9540
1048.47,9536
1054.27,9535
1055.44,9534
1056.55,9533
1057.61,9529
1062.13,9528
1063.39,9526
1066.8,9521
1071.6,9520
1072.62,9519
1074.89,9518
1076.02,9517
1077.08,9516
1079.38,9515
1081.6,9514
1085.21,9511
1086.56,9510
1089,9509
1090.48,9508
1093.87,9507
1095.06,9506
1096.32,9504
1097.42,9503
1098.68,9502
1099.78,9500
1100.88,9499
1104.37,9498
1105.62,9495
1106.8,9494
1108.93,9493
1110.33,9492
1111.46,9491
1113.74,9490
1114.87,9488
1115.98,9487
1117.15,9486
1118.28,9485
1120.44,9484
1121.74,9483
1122.8,9482
1123.94,9480
1125.25,9479
1127.85,9478
1128.98,9474
1130.36,9473
1131.45,9471
1132.5,9470
1135.04,9468
1136.39,9467
1137.7,9465
1138.87,9464
1141.63,9463
1146.83,9462
1148.16,9460
1149.47,9459
1154.28,9454
1156.66,9453
1157.99,9451
1159.11,9450
1161.44,9449
1162.58,9448
1163.69,9447
1164.93,9446
1167.24,9444
1168.36,9442
1171.73,9441
1172.94,9439
1179.77,9438
1180.94,9437
1182,9436
1183.09,9435
1184.28,9434
1185.42,9433
1186.58,9432
1187.8,9431
1189.06,9430
1190.14,9428
1191.2,9427
1193.47,9426
1194.56,9425
1197.02,9424
1198.06,9423
1199.16,9422
1200.33,9421
1201.41,9419
1202.5,9418
1203.65,9415
1208.88,9414
1210.01,9412
1211.22,9411
1212.57,9410
1214.76,9409
1216.01,9407
1217.29,9406
1218.44,9403
1220.73,9402
1222.92,9401
1224.12,9397
1229.69,9396
1230.83,9393
1233.2,9392
1234.26,9391
1238.94,9389
1240.11,9386
1241.23,9385
1242.36,9384
1243.56,9382
1245.72,9381
1247.1,9379
1248.39,9378
1250.63,9377
1251.72,9376
1252.79,9372
1253.91,9370
1255.03,9369
1258.71,9368
1259.79,9367
1260.96,9365
1263.39,9363
1268.27,9362
1274.46,9361
1275.48,9360
1277.94,9358
1279.1,9357
1280.14,9355
1281.34,9354
1282.48,9353
1283.52,9350
1285.78,9348
1290.39,9347
1291.45,9346
1292.48,9345
1293.77,9344
1295.94,9342
1297.14,9341
1298.44,9340
1300.59,9339
1301.85,9338
1302.93,9337
1304.03,9336
1305.26,9335
1306.3,9334
1307.38,9333
1308.68,9332
1310.04,9331
1311.25,9330
1313.67,9329
1314.82,9328
1315.87,9327
1321.73,9326
1322.77,9324
1323.87,9323
1325.2,9321
1330.29,9320
1332.75,9319
1333.96,9318
1335.02,9316
1340.69,9311
1341.81,9310
1342.88,9308
1344.23,9306
1346.77,9302
1357.04,9301
1358.15,9300
1360.48,9299
1361.6,9298
1365.12,9297
1367.44,9296
1368.71,9295
1369.89,9292
1373.28,9286
1382.44,9285
1386.3,9283
1387.67,9281
1389.99,9279
1392.49,9278
1393.71,9276
1394.96,9275
1398.28,9274
1400.6,9273
1401.77,9272
1402.89,9270
1405.31,9269
1406.39,9268
1411.01,9267
1412.12,9266
1413.16,9264
1416.53,9263
1417.61,9262
1418.88,9260
1419.94,9258
1424.4,9257
1425.72,9255
1432.49,9254
1435.09,9252
1436.53,9249
1437.75,9248
1439.04,9247
1443.1,9246
1444.15,9245
1445.48,9243
1448.47,9242
1453.36,9240
1457.96,9239
1459.08,9237
1461.31,9236
1467.24,9235
1469.51,9232
1470.76,9231
1471.81,9230
1472.87,9229
1477.38,9228
1478.57,9227
1479.64,9226
1480.66,9225
1482.99,9223
1484.15,9219
1485.26,9218
1491.18,9214
1493.49,9210
1503.61,9209
1504.8,9208
1507.57,9207
1511.3,9206
1512.54,9205
1514.97,9203
1517.29,9202
1518.37,9200
1520.59,9199
1523.95,9198
1528.77,9197
1529.87,9196
1531.02,9195
1533.44,9194
1534.54,9193
1535.61,9192
1539.01,9191
1540.17,9190
1542.41,9189
1543.51,9188
1544.71,9187
1547.08,9183
1549.65,9182
1559.75,9181
1560.96,9180
1563.29,9179
1564.44,9178
1565.48,9177
1566.69,9176
1569.58,9175
1570.68,9174
1572.02,9173
1573.2,9172
1575.63,9170
1577.75,9169
1578.87,9168
1581.14,9166
1582.26,9163
1588.31,9162
1595.21,9161
1597.54,9160
1598.67,9154
1613.18,9152
1614.34,9151
1615.61,9148
1620.07,9147
1621.16,9146
1622.23,9145
1623.49,9144
1624.53,9143
1626.75,9142
1628.22,9140
1629.58,9139
1630.95,9138
1632.14,9137
1633.31,9136
1634.52,9135
1635.78,9134
1638.03,9133
1639.32,9132
1641.34,9131
1642.5,9130
1643.68,9129
1644.73,9128
1645.8,9126
1647.19,9125
1648.69,9123
1649.8,9122
1652.07,9121
1653.21,9116
1658.9,9115
1659.93,9114
1661.02,9112
1662.25,9110
1663.37,9109
1669.03,9108
1670.19,9106
1672.28,9104
1674.65,9098
1682.68,9097
1683.79,9093
1692.43,9092
1693.69,9091
1694.9,9089
1696.11,9087
1697.35,9086
1698.49,9085
1706.28,9084
1707.34,9083
1708.53,9081
1711.05,9080
1712.16,9079
1713.32,9078
1717.97,9077
1719.09,9076
1721.4,9075
1722.55,9074
1723.6,9073
1724.8,9071
1725.95,9070
1727.09,9069
1728.16,9067
1731.6,9064
1735.56,9062
1738.27,9061
1743.56,9060
1744.71,9059
1745.88,9057
1747.1,9056
1749.79,9055
1756.22,9053
1757.44,9052
1764.02,9049
1765.21,9048
1766.34,9047
1769.9,9046
1770.92,9044
1780.32,9043
1781.39,9042
1782.49,9041
1783.7,9040
1785.96,9039
1787.09,9038
1789.62,9037
1792.89,9036
1793.96,9035
1795.06,9034
1798.68,9033
1799.87,9032
1801.05,9031
1802.24,9030
1803.45,9027
1804.68,9026
1809.19,9024
1813.02,9022
1826,9021
1827.11,9020
1828.26,9019
1829.39,9018
1830.51,9017
1835.13,9016
1836.4,9015
1837.47,9013
1841.93,9009
1854.93,9008
1856.09,9007
1857.32,9006
1858.51,9005
1859.63,9004
1869.94,9003
1871.24,9001
1881.13,9000
1882.32,8999
1893.61,8998
1896.01,8997
1897.07,8996
1900.66,8995
1901.99,8994
1906.58,8992
1908.8,8991
1911.44,8990
1912.51,8988
1913.67,8986
1914.84,8985
1915.93,8984
1917.08,8983
1919.61,8982
1924.26,8980
1927.79,8977
1929,8976
1930.24,8974
1931.48,8972
1932.89,8968
1950.89,8967
1952,8966
1953.25,8965
1954.32,8963
1957.84,8962
1959.1,8961
1960.17,8960
1962.52,8959
1968.22,8958
1969.35,8957
1970.42,8956
1971.46,8953
1975.96,8952
1981.91,8951
1983.14,8949
1985.36,8948
1991.41,8947
1992.74,8945
1999.46,8944
2000.68,8942
2005.13,8941
2006.24,8940
2010.84,8939
2019.27,8938
2022.63,8937
2023.87,8935
2026.06,8934
2028.42,8932
2035.28,8931
2036.48,8930
2039.51,8929
2042.32,8928
2043.68,8927
2046.01,8926
2047.39,8925
2048.61,8924
2049.65,8923
2052.08,8918
2065.64,8917
2072.45,8914
2073.7,8913
2075.89,8912
2076.97,8911
2078.36,8910
2080.79,8909
2085.37,8908
2086.55,8907
2087.63,8906
2090.03,8904
2092.13,8902
2093.21,8901
2094.37,8900
2095.53,8899
2098.92,8896
2101.34,8895
2102.46,8894
2105.75,8893
2106.87,8892
2108.02,8890
2111.49,8889
2112.82,8887
2114.06,8885
2121.63,8884
2122.68,8883
2123.77,8882
2126.21,8881
2127.28,8880
2128.52,8879
2133.16,8877
2134.38,8874
2145.1,8872
2146.31,8871
2147.65,8868
2148.92,8864
2161.27,8862
2162.49,8861
2164.91,8858
2176.15,8857
2182.05,8855
2183.21,8854
2187.82,8853
2188.95,8852
2190.01,8851
2191.3,8850
2192.37,8847
2196.86,8844
2201.53,8843
2205.09,8842
2206.4,8841
2207.67,8840
2213.48,8839
2217.95,8838
2219.23,8837
2220.33,8836
2221.58,8835
2222.89,8834
2226.27,8833
2228.75,8832
2229.84,8831
2231.08,8829
2234.74,8828
2237.27,8827
2239.85,8826
2242.1,8825
2243.35,8824
2244.44,8823
2245.5,8822
2248.16,8821
2249.4,8819
2250.56,8817
2251.73,8816
2252.81,8815
2259.66,8814
2264.22,8811
2266.62,8810
2270.13,8808
2279.01,8805
2287.14,8804
2288.44,8803
2290.75,8802
2291.9,8801
2295.77,8800
2297.03,8799
2298.47,8798
2299.72,8797
2300.96,8796
2304.36,8795
2305.51,8794
2312.27,8793
2313.54,8792
2314.58,8791
2315.65,8787
2316.75,8786
2320.1,8783
2322.37,8782
2327.89,8780
2340.12,8778
2341.6,8777
2346.42,8776
2350.23,8775
2359.8,8774
2366.66,8773
2369.15,8772
2371.24,8769
2372.33,8768
2385.85,8765
2392.76,8764
2394.83,8763
2396.01,8761
2399.46,8759
2400.61,8758
2401.72,8757
2419.67,8756
2420.87,8755
2423.32,8754
2425.39,8753
2438.88,8748
2442.16,8746
2445.58,8742
2458.25,8741
2462.83,8740
2465.14,8739
2466.36,8738
2467.42,8737
2468.52,8736
2469.82,8734
2470.89,8733
2471.98,8732
2476.95,8730
2487.84,8729
2491.19,8728
2492.25,8727
2496.93,8726
2499.15,8725
2501.6,8723
2502.64,8722
2505.03,8721
2508.26,8720
2512.11,8719
2513.33,8718
2514.39,8717
2517.84,8716
2518.93,8715
2521.46,8714
2528.12,8713
2530.47,8711
2533.92,8710
2537.58,8709
2540.01,8708
2541.46,8707
2542.52,8703
2543.62,8702
2544.91,8701
2546.07,8700
2547.11,8699
2550.82,8698
2551.84,8697
2553,8696
2556.33,8694
2557.48,8692
2573.43,8691
2576.61,8690
2581.51,8689
2590.47,8688
2593.9,8685
2603.01,8684
2604.31,8683
2606.45,8682
2614.15,8681
2615.44,8679
2617.81,8678
2627.91,8677
2634.36,8674
2636.51,8673
2643.17,8671
2644.29,8669
2654.31,8668
2655.39,8667
2662.38,8665
2663.56,8664
2664.65,8662
2665.81,8661
2672.32,8658
2675.5,8657
2681.04,8656
2682.08,8653
2690.83,8652
2693,8651
2695,8650
2695.99,8646
2713.39,8645
2716.74,8642
2720.17,8640
2729.33,8639
2730.34,8638
2731.48,8637
2739.96,8636
2740.98,8634
2742.01,8633
2745.28,8632
2747.44,8631
2748.51,8629
2749.83,8628
2751.02,8626
2753.05,8625
2771.33,8624
2772.38,8623
2773.52,8622
2781.57,8621
2782.7,8617
2792.61,8616
2793.66,8615
2797.83,8610
2819.71,8609
2820.73,8605
2831.87,8604
2836.19,8603
2838.39,8602
2839.68,8601
2840.77,8600
2848.5,8599
2851.2,8596
2854.23,8592
2858.43,8590
2864.89,8589
2874.63,8588
2886.23,8587
2887.19,8585
2890.4,8584
2892.6,8583
2894.76,8582
2895.75,8581
2900.45,8580
2901.68,8579
2907.22,8578
2908.28,8576
2909.33,8575
2917.64,8572
2927.06,8571
2928.23,8570
2931.5,8569
2943.51,8568
2944.55,8567
2953.48,8566
2959.07,8565
2960.23,8562
2967.99,8561
2970.05,8560
2975.74,8559
2977.72,8557
2987.36,8556
2988.38,8555
2989.51,8554
2997.11,8552
3000.19,8551
3004.32,8550
3008.46,8549
3013.02,8548
3018.47,8546
3020.76,8543
3028.59,8542
3030.59,8541
3038.03,8540
3039.03,8539
3040.11,8538
3043.23,8536
3048.54,8534
3058.41,8533
3059.49,8532
3060.54,8531
3064.83,8530
3067.16,8529
3080.25,8528
3082.51,8527
3092.23,8526
3093.27,8524
3102.93,8523
3103.96,8522
3107.14,8521
3109.22,8520
3110.31,8519
3113.74,8518
3119.31,8515
3124.45,8514
3127.52,8513
3133.05,8512
3135.09,8511
3137.26,8510
3142.03,8509
3143.12,8508
3144.37,8507
3147.51,8505
3152.38,8504
3159.75,8503
3160.77,8502
3161.74,8501
3163.99,8500
3165.03,8499
3173.39,8498
3174.39,8497
3175.51,8496
3181.07,8495
3183.21,8492
3184.24,8490
3195.69,8489
3196.73,8488
3199.11,8486
3212.53,8485
3213.62,8484
3218.72,8483
3219.7,8481
3223.05,8480
3226.31,8479
3227.29,8477
3228.32,8475
3229.49,8474
3235.7,8473
3242.27,8472
3244.74,8471
3245.8,8469
3249.21,8468
3255.46,8467
3261.27,8465
3271.23,8464
3272.38,8463
3278.6,8462
3279.67,8461
3288.42,8460
3290.5,8459
3292.77,8457
3303.4,8456
3304.38,8455
3305.35,8454
3321.86,8453
3323.12,8452
3327.6,8451
3335.15,8449
3353.19,8448
3357.49,8447
3361.66,8444
3362.83,8443
3364.91,8441
3370.15,8440
3372.16,8438
3374.25,8437
3378.57,8436
3387.83,8433
3409.91,8432
3413.19,8431
3422.05,8430
3427.7,8429
3429.79,8428
3440.84,8427
3441.99,8426
3450.23,8425
3457.77,8424
3460.78,8423
3461.86,8421
3462.86,8419
3464.1,8417
3485.57,8416
3488.67,8415
3491.68,8414
3500.37,8413
3501.5,8412
3508.68,8411
3509.66,8407
3529.76,8405
3542.74,8404
3559.85,8403
3563.35,8402
3568.05,8401
3572.41,8398
3574.86,8397
3597.17,8396
3598.25,8395
3604.44,8394
3613.87,8392
3621.43,8391
3622.44,8390
3623.57,8388
3635.83,8387
3638.93,8386
3643.21,8385
3646.21,8384
3656.08,8382
3659.26,8381
3669.78,8380
3671.89,8379
3675,8378
3679.28,8377
3681.51,8376
3690.71,8375
3691.72,8373
3700.2,8372
3704.29,8369
3736.62,8368
3737.6,8367
3749.1,8365
3756.93,8363
3764.09,8362
3765.12,8361
3766.15,8359
3768.44,8357
3772.66,8355
3774.73,8354
3775.79,8353
3780.15,8352
3791.9,8351
3803.88,8350
3812.93,8349
3814.07,8346
3823.48,8345
3827.57,8343
3834.1,8342
3841.4,8341
3855.94,8340
3863.5,8339
3865.83,8338
3870.41,8336
3873.67,8335
3883.43,8333
3891.7,8331
3903.6,8330
3912.87,8329
3917.08,8328
3928.26,8327
3929.49,8326
3931.73,8324
3933.9,8323
3939.14,8322
3958.27,8321
3969.08,8320
3977.27,8318
3979.39,8317
3981.44,8316
3984.91,8315
3987.44,8314
3989.71,8313
3990.89,8312
3992.05,8311
3993.11,8310
3997.24,8308
4015.32,8307
4053.31,8306
4054.33,8305
4056.39,8304
4058.41,8303
4060.68,8302
4061.72,8299
4070.05,8298
4073.42,8297
4093.7,8296
4103.08,8295
4104.25,8292
4116.59,8291
4123.98,8290
4126.11,8289
4128.05,8288
4130.2,8287
4141.75,8286
4162.49,8284
4174.24,8283
4175.28,8282
4183.91,8281
4186.94,8280
4191.05,8279
4193.23,8278
4215.72,8276
4251.07,8275
4253.5,8274
4255.72,8273
4258.95,8272
4267.3,8271
4268.38,8270
4282.35,8269
4289.14,8268
4290.23,8267
4291.51,8266
4293.73,8265
4294.8,8264
4297.16,8263
4298.12,8262
4320.07,8261
4322.09,8260
4333.69,8259
4340.14,8257
4344.27,8256
4346.59,8255
4348.82,8254
4359.33,8253
4363.43,8252
4365.68,8251
4400.46,8250
4403.49,8249
4404.7,8248
4405.83,8247
4409.31,8246
4410.41,8245
4418.13,8244
4419.21,8243
4420.26,8242
4426.53,8241
4427.65,8239
4447.14,8238
4470.74,8237
4488.33,8236
4494.65,8235
4495.65,8234
4496.64,8232
4516.96,8231
4522.29,8230
4523.24,8228
4535.9,8226
4542.02,8225
4548.57,8223
4552.71,8222
4584.55,8221
4598.01,8220
4607.58,8219
4609.76,8218
4612.88,8217
4613.94,8216
4617.42,8215
4621.65,8214
4630.14,8211
4631.16,8209
4639.61,8207
4654.4,8205
4657.65,8204
4666.09,8202
4679.92,8201
4680.98,8200
4691.76,8198
4696.82,8197
4704.05,8196
4705.11,8195
4707.55,8193
4714.4,8192
4747.64,8191
4748.98,8190
4751.2,8188
4753.38,8186
4778.63,8185
4781.73,8184
4783.98,8183
4787.23,8182
4795.69,8181
4797.74,8179
4798.84,8178
4802.97,8177
4804.02,8176
4805.04,8175
4815.82,8174
4816.82,8173
4823.04,8172
4834.25,8171
4835.46,8170
4839.68,8169
4843.98,8168
4861.29,8167
4862.27,8166
4863.26,8165
4871.91,8162
4880.47,8161
4889.84,8160
4901.12,8159
4904.23,8158
4905.26,8157
4909.35,8155
4912.6,8154
4936.58,8153
4942.84,8152
4946.9,8151
4950.28,8150
4959.64,8149
4961.82,8147
4962.81,8146
4972.5,8144
5006.43,8139
5035.6,8138
5040.29,8136
5045.51,8135
5059.65,8134
5062.91,8133
5063.88,8132
5066.08,8130
5070.35,8129
5086,8128
5088.01,8127
5092.19,8124
5123.12,8123
5124.1,8121
5144.79,8120
5236.03,8118
5256.17,8116
5257.37,8115
5292.25,8114
5295.46,8113
5322.37,8112
5323.61,8111
5325.61,8110
5326.7,8108
5344.68,8107
5347.02,8106
5361.27,8105
5362.43,8104
5363.48,8101
5373,8100
5379.14,8099
5381.21,8098
5387.59,8097
5399.45,8096
5404.64,8095
5416.49,8094
5419.71,8093
5423.91,8092
5428,8091
5428.99,8090
5429.99,8089
5446.8,8087
5447.87,8086
5448.86,8084
5455.55,8082
5456.62,8080
5481.29,8079
5494.39,8078
5504.31,8077
5505.47,8076
5506.48,8075
5508.5,8074
5521.89,8073
5522.92,8070
5537.71,8069
5541.86,8068
5550.16,8067
5562.65,8066
5563.86,8064
5587.6,8063
5588.58,8062
5602.3,8061
5605.4,8060
5609.85,8059
5619.88,8056
5635.81,8055
5661.76,8054
5662.77,8053
5682.36,8052
5687.8,8051
5688.77,8050
5692.91,8049
5733.36,8048
5735.8,8047
5743.4,8046
5751.75,8045
5973.04,8041
5974.18,8040
5987.66,8039
5988.84,8038
5992.99,8037
5994.02,8034
6044.3,8032
6051.61,8031
6052.6,8030
6058.23,8028
6065.66,8027
6068.83,8026
6114.44,8025
6124.48,8024
6128.76,8023
6130.83,8022
6132.81,8021
6139.16,8020
6156.61,8019
6161.1,8018
6175.01,8017
6194.04,8016
6197.15,8015
6213.25,8014
6220.05,8013
6221.12,8012
6225.55,8011
6229.7,8010
6239.13,8008
6254.52,8007
6275.31,8006
6317.17,8004
6326.56,8003
6330.86,8002
6335.17,8000
6336.45,7999
6347.5,7998
6364.55,7997
6367.7,7995
6368.75,7994
6381.44,7993
6410.56,7992
6436.61,7989
6491.2,7988
6492.22,7987
6499.6,7986
6500.58,7985
6503.74,7984
6504.79,7983
6505.83,7982
6555.36,7980
6563.68,7979
6584.81,7977
6642.11,7976
6662.63,7975
6675.19,7973
6679.25,7972
6680.28,7971
6692.9,7970
6703.16,7969
6705.45,7967
6723.7,7966
6800.19,7965
6814.81,7964
6815.94,7963
6816.95,7962
6828.31,7961
6841.6,7959
6842.73,7958
6859.18,7957
6866.52,7956
6878.3,7955
6888.65,7954
6912.83,7953
6924.56,7952
6944.09,7951
6945.33,7950
6986.72,7949
6999.11,7947
7008.53,7946
7012.62,7945
7021.32,7944
7030.02,7943
7035.33,7942
7039.74,7941
7051.27,7939
7057.85,7938
7071.46,7937
7073.42,7936
7140.05,7934
7157.3,7933
7158.43,7932
7198.44,7931
7210.19,7929
7214.44,7928
7244.29,7926
7302.81,7925
7310.86,7924
7468.07,7923
7473.41,7922
7491.38,7920
7620.31,7919
7624.6,7917
7638.4,7915
7742.56,7914
7748.75,7913
7756.94,7912
7757.94,7911
8064.48,7910
8088.19,7909
8089.39,7908
8111.7,7907
8120.61,7906
8122.65,7905
8123.83,7904
8127.89,7903
8128.89,7901
8367.05,7900
8369.04,7899
8370.01,7898
8395.62,7896
8674.49,7895
8682.13,7894
8684.19,7893
8697.68,7892
8698.76,7891
8726.07,7890
8736.21,7889
8738.66,7888
8967.79,7887
9022.85,7885
9029.31,7884
9045.35,7883
9095.65,7880
9096.63,7879
9127.43,7878
9182.46,7877
9229.73,7876
9242.99,7875
9243.97,7874
9262.66,7873
9270.13,7872
9289.64,7871
9291.59,7870
9464.87,7869
9472.23,7868
9475.88,7867
9552.58,7866
9695.84,7864
9724.2,7863
9728.58,7862
9749.49,7861
9756.72,7860
9778.53,7859
9791.73,7858
9798.9,7857
9817.72,7856
9830.26,7855
9980.32,7854
11723.8,7853
11745.9,7852
11785.5,7851
11845.6,7850
11856,7846
12181.2,7845
12182.2,7843
13398,7842
13402.6,7841
13478,7840
13516.5,7838
13823.5,7837
13824.6,7836
13827.9,7833
13829.1,7832
14348.9,7831
14390.7,7829
14887.1,7828
14905.9,7827
14943.3,7826
15075.4,7825
15133,7824
15141.7,7823
15147.3,7822
15150.6,7821
15229.4,7820
15266.6,7819
16983,7818
16984,7817
16989.2,7816
16995.5,7815
16996.6,7814
16997.5,7813
17072.8,7812
17078.1,7811
17085.3,7810
17114.3,7809
17120,7808
17121.1,7807
17128.3,7805
17175.8,7804
17454.5,7803
19754.8,7802
19880,7801
19897.5,7800
19912.1,7799
19913,7798
21285.2,7796
21327.6,7795
21375,7794
21380.4,7793
21388.6,7792
21405,7791
21465.8,7790
21476.7,7789
21520.9,7788
21549.2,7787
21656,7786
21678,7785
21679,7784
22585.8,7783
22891,7782
22900.6,7781
22911.8,7780
22916,7779
22926.2,7777
22936.4,7776
23036.1,7775
23038.1,7774
23045.3,7773
23048.3,7772
23055.1,7771
23123.6,7770
23128.9,7767
23207,7766
33030.8,7765
33035.8,7763
33090,7762
33097.1,7761
33100.6,7760
33106.9,7759
33109.1,7758
33110.2,7757
33141.6,7754
33142.6,7753
33258.4,7752
33280.8,7751
33284.5,7750
33288.8,7749
33330.6,7746
42456.4,7745
42502.1,7744
42517.6,7743
48297.5,7742
48455.9,7741
48458.9,7740
48600.1,7739
50062,7738
50063.1,7736
50076.8,7735
50086.1,7734
50121.2,7733
50178.3,7732
50196,7731
50198,7730
50220.1,7729
50222.2,7727
50305.2,7726
50744.2,7725
50787.3,7724
50797.2,7723
50803.1,7722
50827.9,7721
50850.6,7720
50851.7,7719
50856.8,7718
68520.3,7717
68609.2,7716
