2.18019,11022
3.41766,11021
4.84497,11020
6.01884,11019
7.18778,11018
8.26834,11017
9.41986,11016
10.6838,11015
11.8023,11014
12.8746,11013
14.0965,11011
15.2384,11008
16.3618,11007
17.504,11005
18.6514,11002
19.751,11000
20.8526,10998
22.0896,10996
23.2008,10995
24.4874,10994
25.8129,10990
26.9351,10988
28.0208,10986
29.2064,10985
30.4272,10979
31.5797,10975
32.6715,10973
33.9357,10969
35.0567,10965
36.1925,10962
37.4223,10960
38.5359,10958
39.6603,10957
40.8988,10954
42.0256,10950
43.1316,10947
44.546,10946
45.979,10943
47.0529,10937
48.1619,10936
49.5297,10935
50.6255,10934
51.7444,10933
52.8933,10929
54.0158,10927
55.0858,10923
56.1824,10922
57.5132,10917
58.7612,10916
59.949,10915
61.4012,10911
62.6961,10909
63.9345,10906
65.4945,10901
66.691,10895
67.8181,10894
69.0612,10893
70.2329,10892
71.3614,10885
72.5102,10882
73.6885,10881
74.787,10880
75.874,10879
77.1739,10876
78.247,10873
79.3565,10872
80.5456,10868
81.6584,10862
82.7437,10861
83.7947,10856
85.2217,10855
86.3344,10852
87.3936,10850
88.6626,10849
89.731,10848
90.9278,10846
92.1603,10842
93.3373,10837
94.4403,10836
95.6188,10835
96.8233,10833
97.9121,10829
98.9747,10825
100.184,10822
101.364,10812
102.441,10810
103.605,10808
104.793,10805
106.086,10800
107.336,10799
108.779,10796
109.983,10793
111.206,10792
112.363,10789
113.495,10786
114.563,10784
115.727,10783
116.894,10782
118.124,10781
119.321,10780
120.707,10775
121.997,10772
123.264,10764
124.642,10763
126.126,10759
127.36,10757
128.66,10756
129.842,10755
130.977,10753
132.235,10752
133.351,10751
134.454,10750
135.622,10747
136.795,10745
137.923,10743
139.004,10740
140.188,10739
141.333,10735
142.694,10734
144.048,10726
145.244,10720
146.586,10719
147.856,10718
148.909,10716
149.983,10715
151.205,10713
152.429,10712
153.567,10711
154.762,10708
156.174,10707
157.362,10703
158.508,10699
159.787,10696
160.913,10695
162.04,10693
163.273,10692
164.432,10688
165.528,10682
166.921,10680
168.131,10679
169.117,10678
170.266,10674
171.483,10671
172.549,10667
173.601,10666
174.858,10665
175.964,10661
177.129,10660
178.409,10658
179.681,10657
180.906,10656
182.277,10655
183.606,10654
184.854,10653
186.148,10651
187.393,10650
188.533,10649
189.607,10647
190.9,10643
192.227,10640
193.354,10639
194.571,10638
195.687,10636
196.856,10632
198.095,10631
199.275,10626
200.399,10625
201.508,10623
202.736,10622
203.789,10621
204.853,10620
206.079,10616
207.277,10608
208.401,10607
209.538,10606
210.818,10605
212.069,10603
213.253,10602
214.489,10600
215.638,10599
216.745,10593
218.043,10591
219.182,10590
220.279,10589
221.538,10588
222.742,10587
223.887,10586
225.026,10581
226.334,10580
227.438,10579
228.571,10578
229.854,10577
230.943,10574
232.325,10573
233.654,10571
235.045,10569
236.188,10566
237.309,10563
238.672,10556
240.178,10555
241.893,10554
243.265,10552
244.57,10551
246.036,10550
247.272,10549
248.479,10548
249.752,10546
250.942,10544
252.353,10541
253.591,10540
254.721,10532
255.841,10531
257.035,10529
258.197,10528
259.335,10527
260.469,10525
261.815,10523
262.908,10522
264.026,10521
265.199,10519
266.448,10518
267.531,10517
268.625,10516
269.786,10513
270.914,10509
271.991,10505
273.443,10503
274.612,10502
275.763,10501
276.959,10500
278.114,10498
279.188,10497
280.415,10495
281.699,10493
282.861,10492
283.987,10491
285.306,10486
286.411,10485
287.504,10484
288.703,10482
289.818,10480
290.871,10478
291.961,10476
293.343,10475
294.422,10472
295.545,10471
296.77,10469
297.868,10467
299.031,10466
300.295,10465
301.583,10464
302.738,10463
304.135,10459
305.574,10458
306.84,10457
308.163,10453
309.356,10452
310.578,10450
311.83,10445
313.302,10444
314.476,10443
315.559,10442
316.881,10440
318.073,10439
319.235,10436
320.531,10433
321.567,10431
322.602,10429
323.86,10426
325.071,10424
326.173,10423
327.253,10422
328.57,10421
329.733,10420
330.928,10418
332.247,10417
333.448,10414
334.553,10411
335.831,10409
337.019,10407
338.226,10404
339.458,10400
340.7,10399
341.889,10398
343.134,10397
344.425,10396
345.729,10395
346.925,10394
348.118,10390
349.209,10389
350.302,10388
351.537,10385
352.729,10384
354.008,10383
355.23,10378
356.354,10375
357.512,10374
358.717,10372
360.081,10371
361.339,10369
362.618,10367
363.996,10364
365.296,10363
366.649,10359
367.922,10358
369.157,10357
370.364,10356
371.67,10355
372.773,10353
374.146,10350
375.341,10348
376.437,10347
377.496,10345
378.726,10343
379.865,10341
380.949,10340
382.105,10339
383.336,10336
384.421,10335
385.508,10334
386.771,10333
387.917,10332
389.031,10330
390.153,10328
391.38,10327
392.431,10323
393.565,10322
395.089,10321
396.276,10320
397.523,10319
399.005,10318
400.206,10314
401.365,10307
402.68,10306
403.898,10303
405.057,10301
406.359,10300
407.547,10297
408.843,10294
410.089,10291
411.43,10289
412.657,10284
413.783,10283
415.206,10282
416.309,10280
417.378,10278
418.679,10275
419.876,10274
421.115,10273
422.552,10271
423.819,10270
425.084,10268
426.618,10267
427.854,10265
429.088,10260
430.333,10259
431.548,10258
432.672,10253
433.993,10252
435.392,10251
436.481,10247
437.747,10246
438.877,10245
439.976,10243
441.113,10242
442.529,10241
443.652,10238
444.953,10237
446.137,10236
447.218,10235
448.288,10234
449.524,10233
450.635,10232
451.794,10231
453.04,10230
454.184,10229
455.474,10228
456.815,10225
457.959,10223
459.16,10222
460.375,10221
461.563,10218
462.727,10214
463.892,10209
465.154,10207
466.341,10202
467.437,10200
468.595,10198
469.751,10195
470.911,10194
472.09,10193
473.399,10192
474.475,10190
475.67,10187
477.044,10186
478.174,10185
479.231,10183
480.51,10182
481.755,10180
483.004,10178
484.263,10177
485.497,10176
486.803,10175
488.07,10173
489.289,10171
490.387,10170
491.478,10169
492.752,10168
493.866,10167
495.016,10165
496.411,10163
497.569,10162
498.814,10161
500.005,10158
501.064,10155
502.155,10153
503.313,10152
504.417,10151
505.496,10150
506.583,10148
507.843,10147
508.893,10146
509.959,10145
511.138,10144
512.31,10142
513.388,10141
514.507,10139
515.721,10138
517.02,10137
518.207,10136
519.436,10135
520.498,10134
521.593,10132
522.855,10131
524.076,10129
525.137,10128
526.273,10126
527.487,10122
528.519,10119
529.643,10118
530.831,10117
531.928,10116
533.16,10115
534.703,10114
536.169,10113
537.42,10111
538.726,10110
540.151,10107
541.731,10106
543.207,10105
544.472,10103
545.717,10102
547.164,10101
548.449,10100
549.654,10099
550.963,10098
552.074,10096
553.141,10095
554.334,10094
555.512,10092
556.686,10091
558.04,10090
559.231,10088
560.304,10087
561.46,10086
562.701,10085
563.783,10083
564.853,10082
566.021,10080
567.217,10078
568.283,10076
569.377,10075
570.631,10074
571.695,10073
572.749,10072
573.994,10071
575.187,10070
576.269,10069
577.629,10068
578.935,10066
580.045,10065
581.186,10063
582.379,10060
583.481,10059
584.635,10058
585.88,10057
587.089,10056
588.193,10055
589.339,10053
590.569,10052
591.586,10051
592.661,10050
593.884,10047
595.037,10046
596.104,10045
597.233,10044
598.557,10043
599.596,10041
600.788,10040
602.152,10039
603.409,10038
604.597,10037
606.015,10036
607.178,10035
608.4,10032
609.81,10031
610.874,10030
611.981,10028
613.134,10026
614.318,10025
615.455,10023
616.525,10022
618.04,10021
619.143,10020
620.176,10018
621.409,10016
622.466,10015
623.533,10013
624.671,10012
625.927,10009
627.014,10008
628.105,10006
629.282,10004
630.327,10003
631.376,10002
632.439,10001
633.643,10000
634.756,9998
635.818,9997
637.059,9996
638.119,9995
639.461,9994
640.816,9993
642.093,9992
643.176,9991
644.355,9989
645.847,9988
646.981,9987
648.089,9984
649.304,9981
650.418,9980
651.485,9978
652.637,9977
653.767,9976
654.874,9972
656.071,9971
657.297,9970
658.445,9969
659.518,9968
660.74,9967
662.029,9966
663.241,9965
664.706,9963
665.892,9962
667.114,9961
668.355,9960
669.685,9958
670.814,9957
672.005,9956
673.226,9955
674.309,9954
675.371,9953
676.559,9951
677.75,9950
678.857,9949
680.006,9948
681.144,9947
682.206,9946
683.243,9945
684.579,9944
685.67,9943
686.733,9942
687.815,9940
689.066,9939
690.136,9938
691.189,9937
692.41,9935
693.494,9934
694.544,9933
695.729,9932
696.851,9931
697.969,9930
699.062,9929
700.384,9928
701.467,9927
702.556,9926
703.73,9925
705.014,9924
706.1,9923
707.246,9921
708.522,9920
709.714,9919
710.908,9917
712.176,9915
713.219,9914
714.384,9912
715.619,9911
716.824,9910
717.912,9909
718.999,9908
720.221,9907
721.424,9906
722.641,9905
723.951,9904
725.357,9902
726.615,9901
727.981,9900
729.163,9899
730.392,9898
731.728,9897
732.778,9896
733.934,9895
735.102,9894
736.267,9893
737.39,9892
738.534,9891
739.764,9890
740.9,9889
741.998,9888
743.212,9887
744.505,9886
745.968,9884
747.217,9883
748.243,9882
749.326,9881
750.494,9879
751.648,9878
752.711,9876
753.83,9875
755.048,9874
756.13,9873
757.193,9872
758.418,9871
759.562,9868
760.816,9866
761.919,9865
763.159,9864
764.269,9863
765.47,9859
766.739,9858
767.814,9857
768.914,9855
770.106,9853
771.287,9852
772.322,9851
773.437,9850
774.644,9849
775.794,9848
777.002,9847
778.492,9846
779.566,9845
780.704,9843
782.023,9840
783.334,9839
784.441,9838
785.855,9837
787.17,9836
788.363,9835
789.575,9834
790.885,9833
792.185,9832
793.361,9831
794.598,9830
795.67,9829
796.793,9828
798.088,9827
799.25,9826
800.391,9825
801.541,9824
802.659,9822
803.732,9821
804.838,9820
806.339,9819
807.378,9818
808.484,9817
809.591,9816
810.761,9815
811.815,9814
812.881,9813
814.108,9812
815.216,9811
816.3,9810
817.484,9809
818.643,9808
819.725,9807
820.783,9806
822.164,9805
823.28,9804
824.388,9802
825.641,9801
826.945,9800
828.035,9799
829.19,9797
830.381,9796
831.484,9793
832.561,9792
833.931,9791
835.285,9790
836.529,9789
837.876,9788
839.135,9787
840.633,9785
842.174,9784
843.249,9783
844.519,9782
845.94,9781
847.365,9780
848.556,9779
849.849,9778
851.018,9777
852.416,9775
853.674,9774
854.779,9773
855.906,9772
857.049,9771
858.212,9770
859.37,9769
860.605,9768
861.723,9767
862.822,9766
864.111,9765
865.176,9764
866.241,9763
867.574,9761
868.715,9760
869.798,9759
870.833,9758
872.032,9757
873.108,9756
874.192,9755
875.39,9754
876.556,9753
877.624,9752
878.731,9751
879.906,9750
881.005,9749
882.166,9748
883.492,9747
884.741,9746
885.827,9745
887.227,9744
888.446,9743
889.5,9742
890.563,9741
891.793,9740
892.861,9739
893.893,9738
895.008,9737
896.132,9735
897.177,9734
898.26,9733
899.398,9732
900.489,9731
901.542,9730
902.839,9729
904.158,9728
905.407,9727
906.788,9726
908.208,9725
909.358,9724
910.647,9723
911.886,9722
913.151,9721
914.237,9720
915.479,9719
916.576,9717
917.682,9716
918.843,9714
920.02,9712
921.061,9710
922.14,9708
923.373,9707
924.481,9706
925.491,9705
926.685,9704
927.996,9703
929.082,9702
930.227,9701
931.43,9700
932.49,9699
933.576,9698
934.829,9697
935.872,9696
936.94,9695
938.083,9694
939.256,9693
940.317,9691
941.37,9690
942.586,9688
943.726,9687
944.838,9686
946.042,9685
947.684,9684
948.78,9683
949.982,9682
951.123,9681
952.217,9680
953.327,9679
954.529,9678
955.575,9677
956.673,9676
957.858,9675
959.053,9674
960.221,9673
961.465,9672
962.689,9671
963.827,9670
964.966,9669
966.359,9668
967.507,9667
968.854,9666
970.218,9665
971.43,9664
972.539,9663
973.817,9662
974.932,9659
976.042,9657
977.211,9654
980.584,9652
981.77,9650
985.155,9648
987.3,9646
989.805,9645
990.904,9644
991.975,9643
993.139,9642
995.257,9641
997.551,9640
998.632,9639
999.748,9638
1000.98,9636
1002.11,9632
1003.14,9631
1005.53,9630
1007.73,9629
1009.24,9628
1010.43,9626
1011.59,9625
1014,9624
1016.33,9623
1017.41,9622
1019.61,9620
1020.89,9619
1022.01,9618
1023.31,9617
1024.55,9616
1025.81,9615
1027.11,9614
1028.44,9613
1029.76,9612
1030.93,9611
1032.26,9610
1033.42,9608
1034.53,9606
1036.93,9605
1039.22,9604
1041.4,9603
1042.5,9602
1043.75,9601
1044.86,9599
1046.2,9598
1047.54,9597
1048.58,9596
1049.82,9595
1052.12,9594
1053.25,9593
1054.37,9592
1055.56,9591
1057.72,9589
1058.95,9588
1060.11,9587
1061.22,9586
1062.36,9585
1063.52,9584
1064.68,9583
1065.83,9582
1067.07,9581
1068.2,9580
1069.5,9579
1070.74,9578
1071.79,9577
1072.84,9576
1073.92,9575
1075.11,9573
1079.64,9572
1080.74,9571
1081.94,9570
1083.11,9567
1084.28,9566
1089.51,9564
1090.78,9563
1091.98,9562
1093.11,9561
1094.3,9560
1095.47,9559
1096.62,9558
1097.86,9557
1099.04,9556
1100.15,9555
1101.25,9554
1102.51,9553
1103.65,9552
1104.77,9551
1106.03,9550
1107.13,9549
1108.23,9548
1109.39,9547
1110.76,9546
1111.84,9545
1112.87,9544
1114.15,9542
1115.22,9540
1116.28,9539
1117.48,9538
1118.66,9536
1119.7,9535
1120.77,9534
1122.03,9533
1123.14,9532
1124.25,9531
1125.72,9530
1127.02,9529
1128.11,9528
1129.37,9527
1130.67,9526
1131.72,9525
1132.91,9524
1134.19,9523
1135.5,9522
1136.88,9521
1137.99,9520
1139.24,9519
1140.56,9518
1141.96,9517
1143.15,9516
1144.31,9515
1145.99,9514
1147.36,9513
1148.59,9512
1149.87,9511
1151.07,9510
1152.25,9509
1153.53,9508
1154.61,9507
1155.87,9506
1157.21,9505
1158.29,9504
1159.49,9503
1160.63,9502
1161.84,9501
1162.94,9500
1164.07,9499
1165.39,9498
1166.47,9497
1167.63,9495
1168.77,9494
1169.85,9493
1170.92,9492
1172.06,9490
1173.26,9489
1174.39,9488
1175.68,9484
1178.03,9482
1183.49,9481
1184.76,9480
1185.86,9479
1187.09,9478
1188.42,9477
1189.49,9476
1191.75,9475
1192.88,9474
1193.93,9473
1194.96,9472
1196.34,9471
1197.44,9470
1198.52,9469
1200.8,9468
1201.85,9467
1202.96,9466
1204.26,9464
1205.62,9462
1210.52,9460
1216.7,9459
1217.86,9458
1219.01,9457
1220.17,9456
1221.23,9455
1222.28,9454
1224.55,9451
1228.06,9450
1229.09,9449
1230.22,9448
1231.42,9447
1233.62,9446
1234.76,9443
1239.42,9442
1240.44,9441
1241.66,9440
1242.81,9439
1243.99,9438
1245.08,9436
1246.13,9435
1247.68,9434
1248.84,9431
1253.21,9428
1255.51,9427
1260.31,9426
1261.48,9425
1263.95,9424
1265.2,9423
1266.52,9421
1267.68,9420
1268.93,9419
1270.26,9418
1271.44,9415
1272.64,9413
1274.93,9412
1275.99,9411
1277.31,9409
1278.54,9407
1281.98,9406
1283,9405
1285.24,9404
1287.54,9403
1289.86,9402
1290.98,9401
1292.04,9400
1293.25,9399
1294.36,9398
1295.43,9397
1296.52,9396
1297.91,9393
1301.24,9392
1303.47,9391
1304.61,9390
1305.77,9389
1306.8,9388
1307.91,9386
1310.61,9384
1311.82,9383
1313.06,9382
1316.45,9381
1321.16,9380
1322.22,9379
1323.34,9378
1325.87,9377
1327.21,9375
1328.58,9374
1329.81,9373
1330.96,9372
1332.26,9371
1333.44,9367
1336.85,9366
1337.89,9365
1341.32,9362
1344.78,9361
1346.13,9360
1348.66,9359
1349.72,9358
1350.83,9357
1352.04,9356
1353.14,9355
1354.25,9353
1355.37,9352
1356.56,9351
1357.63,9350
1358.71,9349
1359.93,9348
1361.03,9346
1362.15,9345
1363.26,9344
1364.55,9342
1366.7,9340
1368.13,9339
1373.9,9337
1375.03,9336
1376.27,9335
1377.33,9334
1380.81,9333
1384.41,9332
1385.6,9331
1387.03,9330
1388.22,9329
1389.4,9328
1390.66,9327
1391.92,9326
1393.14,9325
1394.3,9324
1395.55,9323
1396.61,9322
1397.76,9321
1398.96,9318
1402.39,9317
1403.58,9315
1408.32,9314
1409.37,9311
1411.73,9310
1412.8,9309
1415.1,9306
1418.44,9305
1419.55,9304
1420.65,9303
1421.81,9302
1422.95,9301
1424.03,9300
1425.31,9299
1426.49,9298
1427.61,9297
1428.65,9296
1429.89,9294
1432.15,9293
1434.78,9292
1437.43,9290
1438.64,9289
1442.76,9288
1444.87,9287
1446.71,9286
1448.14,9285
1449.35,9284
1450.61,9283
1451.78,9282
1452.94,9281
1454.24,9280
1455.39,9279
1456.45,9275
1458.79,9274
1461,9272
1462.1,9271
1464.38,9270
1465.64,9269
1466.97,9268
1468.13,9267
1470.46,9266
1472.6,9265
1475.98,9263
1482.73,9262
1483.87,9261
1484.99,9260
1486.45,9259
1487.56,9258
1488.61,9257
1489.77,9256
1492.01,9255
1493.2,9254
1495.38,9252
1497.7,9251
1498.78,9249
1499.86,9246
1503.37,9245
1507.31,9244
1508.7,9242
1511.1,9240
1514.76,9237
1518.18,9236
1519.23,9233
1520.36,9232
1521.52,9231
1522.64,9230
1523.69,9229
1524.94,9228
1526.02,9227
1527.34,9226
1529.6,9224
1538.72,9220
1539.93,9219
1544.48,9218
1546.94,9217
1548.43,9216
1549.5,9214
1550.52,9213
1553.96,9212
1555,9211
1556.19,9209
1557.26,9208
1558.36,9206
1559.52,9205
1560.75,9204
1561.88,9201
1565.32,9200
1566.5,9199
1568.11,9198
1569.37,9197
1570.49,9194
1574.2,9192
1576.56,9191
1577.62,9190
1578.69,9189
1579.95,9188
1580.98,9187
1582.11,9186
1584.43,9185
1585.59,9184
1586.66,9182
1589.26,9181
1593.8,9180
1595,9179
1596.23,9178
1597.37,9177
1598.51,9176
1604.2,9175
1606.51,9174
1607.87,9170
1609.05,9169
1611.91,9167
1615.46,9166
1616.53,9165
1617.62,9164
1618.81,9163
1619.97,9162
1622.17,9160
1623.41,9159
1624.46,9158
1625.48,9157
1626.66,9156
1628.14,9155
1629.53,9154
1632.07,9153
1633.28,9152
1634.54,9151
1635.77,9150
1636.91,9149
1637.98,9148
1641.35,9147
1642.55,9146
1643.69,9144
1647.18,9143
1648.74,9142
1652.09,9141
1653.26,9139
1654.54,9137
1656.64,9135
1660.02,9134
1661.11,9133
1663.44,9131
1664.47,9129
1671.32,9128
1672.38,9126
1674.76,9125
1676.94,9124
1680.46,9123
1681.66,9122
1693.94,9121
1695.13,9120
1696.36,9119
1697.6,9118
1698.68,9116
1700.85,9115
1701.99,9112
1705.35,9109
1708.78,9106
1710.05,9105
1714.57,9104
1715.73,9103
1716.89,9102
1718.04,9101
1719.14,9100
1722.57,9099
1723.6,9098
1725.93,9097
1727.07,9096
1728.24,9095
1730.49,9094
1731.55,9093
1732.78,9091
1733.99,9090
1735.47,9089
1742.24,9088
1743.46,9087
1744.61,9086
1745.79,9085
1748.33,9083
1749.61,9080
1750.91,9079
1757.25,9074
1759.4,9071
1765.04,9067
1766.15,9066
1774.14,9064
1775.51,9063
1780.06,9062
1781.18,9061
1782.27,9060
1783.49,9059
1784.67,9058
1796.24,9057
1797.3,9054
1798.46,9053
1799.7,9052
1800.88,9051
1802.08,9050
1808.04,9049
1809.07,9048
1810.19,9047
1811.53,9046
1812.88,9043
1815.67,9042
1824.78,9039
1830.46,9038
1832.78,9037
1833.87,9036
1835.11,9033
1836.37,9030
1850.04,9029
1851.25,9028
1852.46,9027
1856.26,9026
1858.52,9023
1860.82,9022
1861.95,9021
1864.27,9019
1873.99,9018
1875.25,9017
1876.43,9016
1879.05,9015
1880.17,9014
1881.24,9013
1883.53,9012
1887.91,9011
1890.27,9010
1892.49,9009
1893.73,9008
1894.91,9007
1900.68,9006
1904.18,9005
1907.64,9004
1908.86,9003
1910.24,9002
1911.4,9001
1913.67,9000
1915.94,8999
1917.14,8997
1919.57,8996
1920.68,8994
1921.87,8993
1923.07,8992
1924.22,8991
1925.48,8990
1926.56,8989
1927.75,8988
1928.94,8987
1931.44,8985
1938.07,8982
1947.11,8981
1948.6,8980
1953.26,8979
1955.44,8978
1958.1,8977
1959.17,8976
1960.31,8975
1961.46,8974
1963.65,8973
1968.31,8972
1969.41,8971
1970.45,8970
1977.27,8969
1981.94,8968
1987.75,8967
1988.9,8966
1990.04,8965
1991.47,8964
1992.76,8963
1996.67,8962
1997.9,8960
1999.56,8959
2000.75,8958
2001.79,8956
2002.97,8955
2007.55,8953
2013.19,8952
2014.28,8951
2017.89,8950
2019.33,8949
2021.49,8946
2028.44,8945
2029.49,8944
2030.66,8943
2031.78,8940
2039.73,8939
2042.62,8938
2049.81,8936
2051,8935
2052.22,8933
2060.14,8932
2062.47,8931
2064.65,8930
2066.98,8927
2071.63,8926
2075.11,8923
2077.32,8922
2083.37,8921
2085.73,8918
2086.77,8917
2091.34,8916
2095.82,8914
2100.48,8913
2101.67,8912
2102.74,8911
2104.95,8910
2106.13,8909
2108.45,8907
2110.65,8906
2111.82,8905
2113.23,8904
2114.43,8903
2117.04,8902
2118.24,8900
2119.5,8899
2120.88,8898
2128.94,8897
2130.05,8896
2133.55,8895
2134.68,8894
2135.88,8892
2138.31,8891
2139.47,8890
2140.69,8889
2141.85,8887
2144.25,8885
2150.32,8884
2152.56,8883
2153.59,8882
2155.83,8881
2156.91,8880
2162.89,8879
2165.24,8878
2166.59,8872
2167.86,8871
2177.84,8870
2179.13,8868
2183.77,8867
2184.81,8866
2185.97,8865
2188.28,8863
2195.05,8862
2196.14,8855
2197.26,8854
2217.23,8853
2220.85,8852
2224.52,8851
2232.83,8850
2241.51,8849
2244.95,8848
2251.12,8847
2254.6,8846
2255.69,8845
2256.76,8844
2259.08,8843
2261.27,8842
2262.49,8841
2263.65,8840
2264.69,8839
2271.64,8838
2274.93,8833
2285.27,8832
2300.08,8830
2306.96,8829
2308.19,8828
2311.54,8825
2319.49,8823
2322.9,8821
2323.98,8819
2326.21,8818
2327.29,8817
2333.93,8816
2337.81,8814
2351.78,8813
2353.06,8812
2354.24,8811
2355.37,8810
2359.09,8809
2360.4,8808
2362.77,8807
2365.01,8805
2371.7,8803
2376.38,8802
2377.48,8801
2378.59,8800
2380.97,8799
2383.04,8798
2387.55,8797
2388.71,8796
2389.95,8795
2391.06,8793
2401.15,8791
2403.56,8790
2405.67,8789
2409.16,8788
2411.48,8787
2417.65,8786
2419.03,8785
2420.23,8783
2424.86,8782
2430.33,8781
2433.63,8779
2435.05,8778
2438.32,8777
2446.27,8775
2448.73,8774
2451.06,8773
2452.11,8772
2454.45,8771
2455.48,8768
2466.99,8767
2472.66,8765
2476.37,8764
2477.71,8763
2485.19,8762
2489.68,8760
2495.25,8759
2497.59,8756
2511.65,8755
2512.83,8753
2522.14,8752
2523.22,8751
2524.27,8750
2525.52,8749
2528.93,8748
2531.18,8747
2534.72,8742
2541.1,8741
2544.57,8740
2550.52,8739
2551.57,8735
2560.59,8734
2564.26,8733
2568.82,8732
2572.01,8731
2573.2,8730
2579.85,8729
2581.08,8728
2584.67,8727
2589.14,8726
2590.2,8725
2591.35,8724
2592.52,8723
2593.6,8722
2597.44,8720
2604.04,8718
2605.08,8717
2607.3,8716
2611.75,8715
2612.81,8713
2621.87,8712
2623.27,8710
2624.35,8709
2626.48,8708
2630.91,8707
2637.4,8706
2638.98,8705
2647.49,8704
2648.69,8703
2649.83,8702
2651.94,8701
2652.99,8700
2654.14,8699
2658.73,8698
2659.84,8697
2663.43,8695
2664.51,8693
2665.68,8692
2670.15,8690
2683.01,8689
2684.06,8688
2685.22,8685
2686.22,8683
2687.28,8682
2695.93,8681
2699.11,8679
2700.2,8678
2716.77,8677
2717.92,8676
2720.27,8675
2721.34,8674
2723.85,8673
2725,8672
2727.04,8668
2730.45,8667
2733.62,8665
2742.09,8664
2744.31,8663
2745.35,8661
2746.45,8660
2752.14,8659
2756.37,8658
2761.72,8657
2762.75,8656
2764.9,8655
2766.04,8654
2767.05,8653
2780.53,8652
2792.87,8651
2794.92,8650
2795.96,8649
2798.11,8648
2800.34,8647
2801.4,8646
2802.41,8645
2810.24,8644
2812.39,8643
2818.9,8642
2820.08,8641
2823.5,8640
2824.53,8638
2825.52,8637
2837.71,8636
2838.85,8635
2840.06,8634
2842.29,8630
2844.68,8629
2846.85,8628
2850.52,8627
2864.32,8626
2866.48,8625
2870.88,8624
2875.03,8623
2877.1,8621
2880.33,8620
2884.51,8619
2885.61,8618
2887.61,8616
2888.62,8614
2891.99,8613
2893.12,8612
2910.8,8611
2911.97,8610
2913.05,8609
2915.07,8606
2918.18,8603
2919.15,8601
2920.42,8600
2949.73,8599
2950.85,8598
2954.13,8597
2956.34,8596
2958.63,8591
2973.05,8590
2983.8,8588
2988.98,8587
2992.54,8586
2993.64,8585
2994.67,8583
3000.88,8580
3002.95,8579
3003.94,8578
3014.74,8577
3018.08,8576
3026,8574
3036.71,8573
3038.69,8572
3041.86,8571
3044.03,8569
3049.25,8568
3051.53,8565
3062.2,8564
3067.86,8563
3068.88,8561
3076.49,8560
3089.92,8559
3094.35,8558
3099.52,8557
3103.69,8556
3104.71,8554
3105.81,8553
3111.05,8551
3114.49,8550
3119.08,8549
3120.07,8548
3124.22,8547
3125.33,8546
3126.33,8545
3128.41,8543
3137.08,8541
3138.22,8540
3139.54,8539
3144.2,8538
3145.35,8537
3146.37,8536
3153.22,8535
3155.21,8533
3158.29,8532
3159.56,8531
3187.26,8530
3188.28,8529
3191.42,8528
3193.45,8524
3194.61,8523
3199.06,8522
3212.53,8521
3216.64,8520
3217.76,8519
3219.76,8518
3221,8516
3227.36,8515
3230.55,8514
3231.53,8511
3242.3,8510
3245.8,8508
3253.44,8507
3259.99,8506
3269.26,8505
3270.38,8504
3271.4,8502
3272.55,8501
3276.87,8498
3283.32,8497
3292.96,8496
3295.15,8495
3298.15,8494
3301.29,8493
3312.15,8492
3313.22,8491
3320.97,8490
3323.48,8488
3328.93,8487
3331.24,8486
3332.31,8485
3335.42,8484
3339.52,8482
3342.77,8481
3344.76,8479
3355.77,8478
3356.81,8477
3357.92,8476
3358.91,8475
3367.49,8474
3368.56,8473
3369.62,8472
3385.05,8470
3406.26,8469
3431.77,8468
3432.82,8467
3436.07,8466
3440.47,8465
3441.58,8464
3442.79,8463
3448.56,8462
3449.86,8461
3456.39,8460
3459.56,8459
3463.89,8458
3473.49,8457
3474.48,8456
3481.07,8455
3482.1,8454
3486.39,8453
3487.37,8452
3488.46,8451
3489.52,8450
3490.52,8449
3508.49,8448
3512.66,8447
3513.74,8445
3526.06,8444
3527.15,8442
3528.31,8440
3548.32,8439
3559.67,8438
3562.01,8437
3571.32,8436
3575.83,8435
3578.92,8434
3585.12,8432
3588.3,8431
3589.34,8430
3601.27,8428
3612.69,8427
3617.1,8426
3625.88,8425
3626.96,8424
3629.39,8423
3633.68,8420
3644.29,8419
3651.81,8414
3668.89,8413
3676.12,8412
3677.15,8411
3678.27,8409
3689.71,8408
3692.83,8406
3695.07,8404
3696.17,8403
3701.36,8402
3705.47,8400
3723.94,8399
3733.59,8398
3735.75,8397
3738.77,8396
3740,8395
3742.19,8394
3744.54,8393
3754.86,8392
3756.07,8390
3767.59,8389
3773.97,8388
3776.14,8387
3777.18,8386
3779.56,8385
3782.8,8383
3784.8,8382
3788.05,8381
3792.45,8380
3795.58,8379
3796.58,8378
3797.66,8377
3810.41,8376
3811.4,8375
3812.36,8374
3817.74,8373
3821.83,8372
3830.21,8371
3838.98,8370
3852.11,8367
3868.87,8365
3873.18,8364
3878.55,8362
3881.91,8361
3882.97,8359
3884.03,8358
3886.05,8357
3890.14,8355
3904.23,8354
3916.67,8353
3922.25,8352
3923.35,8350
3934.57,8347
3952.82,8346
3954.88,8344
3961.44,8343
3972.97,8342
3973.96,8339
3986.04,8338
4008.41,8337
4009.4,8336
4010.49,8334
4016.15,8333
4018.48,8332
4019.53,8331
4020.56,8330
4022.74,8329
4026.9,8328
4029.02,8327
4034.91,8326
4035.88,8325
4049.19,8323
4058.26,8322
4080.93,8319
4090.26,8317
4093.47,8316
4096.56,8315
4102.86,8314
4111.04,8313
4114.44,8311
4118.53,8309
4121.77,8308
4122.87,8307
4123.87,8306
4130.08,8305
4131.11,8304
4141.64,8303
4144.23,8302
4145.42,8301
4155.26,8300
4161.44,8297
4163.52,8296
4164.78,8295
4168.22,8294
4193.14,8293
4197.63,8292
4199.78,8291
4200.8,8290
4201.81,8289
4204,8288
4207.11,8286
4222.89,8285
4226.3,8284
4240.54,8283
4242.76,8281
4247.92,8280
4253.43,8279
4254.61,8278
4258.81,8277
4266.15,8276
4284.45,8275
4293.54,8274
4297.97,8273
4302.26,8269
4313.89,8268
4315.35,8267
4316.49,8266
4338,8265
4360.34,8264
4373.02,8262
4374.03,8261
4375.03,8260
4387.06,8259
4391.16,8258
4392.22,8257
4393.29,8256
4395.25,8255
4404.94,8253
4406.04,8251
4407.12,8250
4436.08,8249
4440.01,8247
4450.9,8246
4454.09,8245
4458.52,8244
4507.66,8240
4510.81,8237
4528.34,8236
4529.44,8235
4540.45,8233
4543.65,8230
4567.25,8229
4576.63,8227
4587.39,8226
4591.94,8225
4601.73,8224
4618.93,8223
4624.26,8221
4629.67,8220
4658.25,8218
4662.42,8217
4671.22,8216
4675.31,8215
4677.37,8214
4678.48,8213
4683.91,8212
4684.94,8211
4686.21,8210
4688.27,8209
4690.41,8208
4691.45,8207
4695.61,8206
4702.74,8204
4735.17,8203
4746.41,8202
4747.42,8201
4748.74,8200
4751.03,8199
4752.16,8198
4760.7,8197
4761.74,8196
4779.57,8195
4790.39,8191
4829.47,8190
4830.58,8189
4843.86,8188
4851.21,8187
4856.06,8185
4866.4,8184
4875.07,8183
4879.36,8181
4881.37,8180
4886.51,8179
4895.93,8175
4925.88,8174
4931.05,8173
4939.74,8171
4941.9,8170
4942.87,8169
4943.85,8168
4972.6,8166
4978.94,8165
4980.11,8161
4988.44,8160
4989.45,8159
5013.21,8158
5023.21,8156
5024.2,8154
5051.61,8153
5054.75,8152
5064.15,8150
5066.35,8149
5070.69,8148
5071.76,8147
5081.01,8145
5084.21,8144
5094.86,8142
5098.04,8140
5106.35,8139
5116.99,8137
5196.88,8136
5215.05,8133
5248.36,8132
5252.83,8131
5264.07,8130
5275.84,8129
5280.24,8128
5290.55,8127
5292.87,8126
5294.85,8125
5295.99,8124
5297.04,8122
5305.41,8120
5308.53,8119
5317.62,8118
5328.13,8117
5382.8,8116
5403.11,8114
5428.51,8113
5430.59,8112
5446.26,8111
5452.57,8109
5466.93,8108
5467.9,8106
5475.56,8105
5482.95,8104
5486.19,8103
5489.38,8102
5499.67,8101
5560.4,8100
5602.11,8099
5604.21,8097
5642.73,8096
5681.31,8095
5682.28,8094
5700.49,8093
5701.6,8092
5722.62,8090
5730.18,8088
5744.53,8086
5748.77,8084
5769.08,8083
5772.26,8081
5776.56,8079
5781.98,8078
5784.13,8077
5788.25,8076
5793.49,8075
5794.56,8074
5796.87,8073
5814.01,8072
5834.43,8071
5836.57,8070
5871.55,8069
5880.03,8067
5910.62,8066
5918.33,8065
5986.85,8064
5996.42,8063
6034.66,8062
6036.92,8061
6041.39,8060
6058.62,8058
6061.69,8057
6103.53,8056
6124,8055
6126.21,8054
6127.29,8053
6132.36,8052
6151.38,8051
6154.95,8050
6156.21,8048
6167.22,8047
6229.46,8046
6280.04,8045
6297.32,8043
6363.63,8040
6372.95,8039
6417.86,8038
6529.15,8037
6532.19,8036
6534.27,8035
6557.09,8034
6573.85,8033
6583.13,8032
6585.58,8029
6586.59,8028
6643.94,8027
6660,8025
6720.29,8024
6725.72,8023
6767.8,8022
6768.95,8021
6787.85,8020
6788.96,8019
6789.93,8018
6800.35,8015
6808.89,8014
6810.86,8013
6814.04,8012
6827.49,8011
6832.54,8010
6837.56,8009
6852.83,8008
6862.3,8007
6863.52,8005
6864.5,8004
6891.77,8003
6892.85,8002
6905.62,8001
6906.6,8000
6953.68,7999
7017.74,7997
7022.4,7996
7206.44,7995
7227.72,7994
7228.83,7992
7249.69,7991
7346.54,7990
7349.66,7989
7357.38,7988
7358.5,7986
7359.67,7985
7367.67,7984
7372.44,7983
7380.75,7981
7496.03,7980
7510.65,7979
7511.62,7978
7599,7977
7626.44,7976
7641.47,7975
7642.53,7974
7644.73,7973
7646.8,7972
7650.83,7971
7652.89,7970
7657.47,7969
7660.82,7968
7662.82,7966
7787.13,7965
7889.94,7964
8059.6,7963
8070.06,7962
8071.05,7960
8083.94,7959
8096.61,7958
8146.17,7957
8180.06,7955
8196.89,7954
8203.05,7953
8227.33,7952
8232.47,7951
8235.58,7950
8248.35,7949
8267.78,7948
8296.8,7947
8298.02,7946
8309.45,7945
8312.59,7944
8321.95,7943
8335.75,7941
8394.6,7940
8395.84,7939
8425.46,7938
8435.72,7937
8476.55,7936
8482.03,7935
8505.08,7934
8512.85,7933
8523.22,7931
8524.28,7930
8547.2,7929
8557.9,7928
8563.26,7927
8565.22,7926
8566.5,7925
8567.52,7924
8596.67,7922
8614.61,7921
8651.54,7920
9152,7919
9155.29,7918
9156.31,7916
9369.46,7915
9376.64,7914
9387.19,7913
9486.5,7912
10100.7,7911
10109.1,7910
10118.5,7909
10124.7,7908
10144.3,7905
10184.2,7904
10204,7903
10235.8,7902
10246.3,7901
10264.1,7900
10287.3,7899
10306,7898
10312.3,7897
10320.1,7896
10327.3,7895
10356,7894
10377.3,7893
10395.2,7892
10498.6,7890
10504.4,7888
10505.7,7886
10534.3,7884
10572.2,7883
10597.6,7882
10666.7,7881
10676.4,7880
10681.9,7879
10758.3,7878
10760.5,7877
10772.8,7876
10796.4,7875
10889.2,7874
10959.9,7873
10963.1,7872
10967.1,7871
10983.6,7869
11017.4,7868
11024.7,7867
11033.1,7866
11050.4,7865
11110.1,7864
11127.1,7863
12992.1,7862
12996.6,7861
13002,7860
13145.9,7859
13148,7858
14972.6,7856
14982.5,7855
14991.1,7854
15037.2,7853
15040.2,7852
15041.2,7851
15042.5,7850
15045.6,7849
15205,7848
15222.1,7847
15241.1,7846
15315,7845
15928.5,7844
15936.4,7843
15947.1,7842
15948.2,7841
16015.2,7840
16016.3,7839
16017.4,7838
16050.3,7837
16051.4,7834
16054.9,7833
16211.3,7831
16242.8,7830
16261.7,7829
16281.2,7828
16309.2,7827
16320.7,7826
16336.5,7825
16394.1,7824
20461.1,7822
20502.8,7820
20510.5,7818
21494,7817
21495,7816
21500.4,7815
21557.6,7814
21859,7813
21906.6,7812
21930.3,7811
22012.2,7809
22028.9,7808
22051.8,7807
22079.5,7806
22085.8,7805
22158.8,7804
22539.1,7803
22553.6,7802
22555.7,7800
22619.7,7799
22638.2,7798
22654.7,7797
22924.9,7796
22929.1,7795
22930.5,7794
22981,7792
25481.2,7791
25482.2,7790
25495.6,7789
25498.7,7788
25510.4,7787
25540.1,7785
25548.3,7784
25552.5,7783
25620.3,7782
25634.8,7781
25641.9,7780
26043.9,7779
26044.9,7778
26052.3,7777
26054.2,7776
26167.4,7775
36153.7,7774
36199.2,7773
36200.2,7772
36212.6,7771
36226.9,7769
36243.2,7767
36250.4,7766
36352.9,7765
36422.3,7764
36487,7763
36498.5,7761
36505.1,7760
36506.1,7759
36623.9,7757
36626.9,7756
36631.1,7755
36633.2,7754
36634.3,7750
36930.7,7749
37028,7746
37117.9,7745
46430.6,7744
46434.2,7743
46437.4,7742
46447.6,7741
46485.6,7740
46506.1,7739
46560.8,7736
47126.7,7735
47137.2,7734
56574,7733
56591.8,7732
56673.5,7731
56692,7730
67014.8,7729
67016.8,7728
67037.8,7727
67067.5,7726
67069.7,7725
67150.5,7723
67163,7722
67228.8,7721
67236.4,7719
67265.4,7716
67280.1,7714
67374.4,7713
67386.3,7710
67403,7708
67710.2,7707
67715.4,7706
67737.7,7705
67750.9,7703
67754.4,7702
68337.2,7700
68378,7699
68691.4,7698
69919.8,7697
69935.1,7696
69951,7695
70024.1,7693
70036.6,7692
70038.8,7691
70099.9,7690
70112.3,7689
70116.3,7688
