3.15127,14108
4.89602,14107
6.46859,14106
8.21089,14105
9.84127,14104
11.3991,14103
13.1813,14102
14.9596,14101
16.7015,14100
18.3141,14099
20.0168,14098
21.6348,14097
23.4387,14095
25.0637,14094
26.6857,14090
28.3811,14086
29.9937,14083
31.6701,14081
33.2629,14078
34.8345,14076
36.616,14074
38.2622,14073
40.0377,14071
41.6455,14069
43.3367,14068
45.124,14067
46.6935,14062
48.3771,14052
50.0535,14051
51.9622,14048
53.6739,14046
55.4658,14043
57.2953,14041
59.0883,14040
60.8046,14039
62.4214,14030
64.1259,14027
65.7783,14026
67.5263,14025
69.2385,14021
70.964,14015
72.6034,14011
74.2697,14009
76.2064,14007
77.8326,14003
79.6193,14000
81.2506,13997
83.0379,13995
84.7348,13992
86.5342,13989
88.1543,13987
90.0512,13984
91.9273,13983
93.6548,13977
95.5177,13972
97.0963,13970
98.8475,13968
100.461,13967
102.084,13966
103.832,13962
105.515,13960
107.339,13953
109.045,13951
111.225,13949
112.957,13948
114.887,13946
116.625,13944
118.495,13942
120.08,13938
121.698,13935
123.422,13933
125.007,13932
126.747,13929
128.415,13927
130.312,13926
131.889,13924
133.646,13923
135.613,13921
137.224,13919
138.904,13914
140.513,13909
142.182,13907
143.866,13905
145.523,13901
147.129,13895
148.776,13885
150.824,13882
152.618,13880
154.371,13877
156.04,13876
157.723,13871
159.336,13868
161.006,13866
162.747,13859
164.316,13858
166.029,13857
167.547,13856
169.236,13854
171.115,13850
172.894,13848
174.709,13846
176.422,13844
178.353,13836
179.894,13834
181.65,13830
183.244,13827
184.898,13824
186.515,13822
188.15,13821
189.898,13818
191.612,13817
193.334,13814
194.872,13813
196.517,13810
198.107,13808
199.709,13804
201.432,13803
203.009,13802
204.804,13800
206.38,13797
208.25,13791
210.238,13788
212.088,13786
213.758,13783
215.629,13780
217.278,13773
218.833,13772
220.604,13769
222.155,13768
223.899,13766
225.507,13765
227.065,13761
228.737,13756
230.407,13755
232.616,13753
234.4,13752
236.282,13751
237.954,13750
239.867,13748
241.555,13740
243.391,13738
245.076,13734
246.627,13733
248.384,13728
250.002,13726
251.857,13724
253.432,13722
255.119,13720
256.977,13716
258.55,13715
260.271,13713
262.001,13711
263.724,13708
265.337,13707
267.027,13706
268.66,13705
270.235,13704
272.053,13703
273.672,13701
275.418,13696
277.061,13692
278.755,13689
280.45,13688
282.088,13687
283.964,13683
285.678,13678
288.069,13675
290.173,13673
292.33,13665
294.198,13664
296.395,13663
298.261,13654
300.254,13652
301.974,13651
303.793,13648
305.381,13641
307.044,13640
308.905,13638
310.715,13635
312.855,13633
314.569,13630
316.609,13629
318.171,13627
319.889,13625
321.468,13624
323.186,13617
324.854,13616
326.405,13612
328.291,13611
330.096,13609
331.745,13607
333.439,13603
335.236,13600
336.781,13590
338.371,13586
340.14,13583
341.708,13582
343.391,13581
345.023,13579
346.672,13578
348.26,13574
349.804,13571
351.707,13569
353.552,13568
355.37,13567
357.088,13565
359.071,13564
360.704,13560
362.451,13558
364.128,13557
365.737,13554
367.52,13551
369.097,13550
370.872,13549
372.441,13546
374.241,13543
376.166,13541
377.844,13538
379.605,13537
381.222,13536
383.048,13533
384.775,13532
386.559,13531
388.081,13530
389.76,13527
391.59,13524
393.527,13516
395.453,13514
397.015,13509
398.763,13508
400.297,13502
401.846,13500
403.547,13497
405.17,13496
406.904,13494
408.445,13492
410.193,13487
411.848,13486
413.653,13485
415.497,13480
417.193,13477
419.287,13476
420.868,13471
422.636,13468
424.287,13464
426.405,13461
428.438,13460
430.439,13459
432.255,13458
434.074,13456
435.796,13454
437.403,13451
439.201,13450
440.773,13449
442.467,13448
444.446,13441
446.258,13438
447.853,13436
449.656,13434
451.333,13433
452.916,13432
454.643,13431
456.315,13430
458.098,13428
459.775,13427
461.493,13422
463.112,13421
464.916,13419
466.613,13415
468.169,13412
469.875,13406
471.564,13403
473.435,13402
475.206,13401
476.973,13397
478.763,13394
480.485,13392
482.198,13384
483.739,13382
485.579,13377
487.173,13375
488.849,13374
490.553,13373
492.12,13372
493.822,13371
495.452,13369
497.229,13364
498.951,13363
500.72,13361
502.369,13360
503.961,13349
505.808,13345
507.431,13344
509.283,13343
510.899,13342
512.601,13341
514.214,13339
515.742,13337
517.582,13331
519.163,13330
520.927,13327
522.459,13323
524.255,13319
525.981,13315
527.552,13314
529.349,13312
531.02,13311
533.071,13310
534.813,13309
536.661,13307
538.422,13306
540.429,13303
542.209,13300
543.842,13297
545.641,13296
547.236,13295
549.019,13292
550.598,13291
552.304,13290
553.852,13289
555.51,13288
557.1,13285
558.677,13278
560.469,13276
562.168,13274
563.856,13273
565.569,13271
567.313,13269
568.919,13265
570.496,13259
572.221,13258
573.717,13257
575.458,13255
577.164,13254
578.839,13252
580.497,13249
582.064,13246
583.81,13243
585.542,13242
587.331,13240
588.899,13237
590.543,13236
592.148,13229
593.847,13227
595.696,13224
597.416,13223
599.285,13220
601.021,13218
602.743,13217
604.339,13215
606.11,13214
607.821,13213
609.418,13212
611.096,13210
612.679,13202
614.328,13200
615.992,13199
617.515,13195
619.206,13192
620.778,13191
622.503,13187
624.026,13185
625.652,13184
627.432,13178
629.052,13176
630.743,13173
632.277,13170
633.944,13169
635.542,13168
637.37,13167
639.203,13165
641.027,13162
643.014,13161
644.625,13159
646.416,13158
648.072,13157
649.737,13153
651.496,13152
653.19,13151
655.1,13150
656.851,13149
659.194,13148
661.316,13145
663.489,13144
664.71,13141
667.506,13136
669.474,13133
671.724,13131
673.758,13128
675.891,13125
677.772,13124
679.468,13121
681.024,13120
682.975,13119
684.73,13118
686.557,13117
688.131,13113
689.863,13112
691.629,13111
693.702,13110
695.362,13109
696.898,13106
698.623,13103
700.194,13102
701.869,13101
703.412,13098
705.093,13096
706.766,13094
708.338,13093
710.078,13092
711.665,13091
713.642,13084
715.413,13081
717.167,13078
718.944,13075
720.616,13072
722.433,13071
724.025,13069
725.758,13068
727.294,13066
729.161,13065
730.954,13064
733.004,13063
734.94,13060
736.773,13059
738.693,13057
740.37,13056
742.287,13053
743.964,13049
745.682,13044
747.267,13043
748.963,13042
750.58,13039
752.095,13038
753.808,13035
755.375,13034
757.19,13032
759.335,13024
761.26,13019
762.968,13018
764.585,13017
766.198,13016
767.773,13014
769.586,13012
771.113,13008
772.729,13004
774.333,13002
776.044,12998
777.934,12997
779.777,12994
781.649,12993
783.405,12992
785.302,12990
786.954,12987
788.691,12986
790.425,12984
792.007,12983
793.768,12980
795.438,12978
797.177,12970
798.775,12967
800.587,12966
802.189,12965
803.903,12962
805.655,12959
807.286,12958
809.107,12956
810.767,12950
812.466,12949
814.086,12948
815.685,12947
817.396,12940
819.015,12934
820.904,12933
822.465,12931
824.23,12926
825.892,12925
827.45,12924
829.372,12923
830.956,12922
832.963,12921
834.532,12919
836.258,12917
837.985,12915
840.028,12914
841.923,12906
843.968,12905
845.739,12903
847.33,12902
849.535,12901
851.196,12897
852.946,12894
854.592,12891
856.302,12890
857.917,12889
859.631,12887
861.471,12883
863.228,12879
865.017,12878
866.625,12877
868.422,12876
870.193,12875
871.772,12873
873.517,12872
875.117,12869
876.82,12867
878.402,12866
880.175,12861
881.801,12860
883.461,12859
885.114,12858
886.713,12857
888.5,12856
890.227,12854
891.924,12853
893.491,12852
895.066,12850
896.76,12847
898.53,12846
900.392,12844
902.13,12842
903.996,12836
905.797,12835
907.447,12833
909.067,12831
910.794,12830
912.511,12827
914.098,12825
915.889,12823
917.43,12820
919.16,12818
920.806,12812
922.428,12811
924.142,12809
925.701,12806
927.423,12805
929.06,12803
930.837,12799
932.58,12798
934.588,12797
936.545,12796
938.164,12793
939.992,12792
941.749,12791
943.939,12790
945.553,12788
947.279,12781
948.829,12780
950.475,12778
952.172,12777
953.732,12776
955.449,12770
956.97,12769
958.992,12767
960.767,12766
962.609,12765
964.317,12764
966.139,12762
967.846,12761
969.452,12760
971.194,12759
972.734,12757
974.38,12755
976.197,12753
978.081,12752
979.809,12751
981.573,12750
983.482,12747
985.254,12745
987.108,12744
988.668,12743
990.523,12740
992.353,12738
994.095,12735
995.767,12730
997.342,12728
999.04,12727
1000.65,12725
1002.67,12724
1004.32,12723
1006.16,12721
1008.29,12719
1010.2,12715
1012,12714
1013.6,12713
1015.34,12711
1016.88,12710
1018.75,12708
1020.42,12706
1022.53,12704
1024.66,12703
1026.61,12702
1028.36,12700
1030.08,12699
1031.77,12698
1033.4,12696
1035.1,12695
1036.7,12693
1038.3,12692
1039.88,12690
1041.58,12689
1043.38,12687
1044.91,12683
1046.54,12682
1048.07,12677
1049.68,12673
1051.36,12669
1052.89,12668
1054.62,12666
1056.17,12664
1057.77,12662
1059.33,12661
1060.99,12660
1063.15,12657
1064.85,12652
1066.58,12649
1068.29,12648
1070.08,12647
1071.79,12646
1073.58,12644
1075.24,12642
1076.76,12638
1078.61,12637
1080.26,12632
1082.15,12631
1083.93,12628
1085.78,12626
1087.53,12625
1089.2,12623
1090.82,12620
1092.36,12619
1094.07,12618
1095.62,12616
1097.3,12615
1098.89,12614
1100.73,12613
1102.57,12612
1104.13,12611
1105.91,12609
1107.76,12603
1109.55,12598
1111.15,12597
1112.7,12593
1114.74,12592
1116.38,12591
1118.04,12589
1119.6,12584
1121.31,12583
1122.9,12582
1124.67,12579
1126.31,12578
1127.97,12576
1129.65,12575
1131.32,12573
1133.49,12571
1135.32,12569
1137.02,12567
1138.73,12565
1140.62,12564
1142.65,12559
1144.32,12558
1146.15,12557
1147.82,12555
1150.18,12554
1152.08,12550
1153.98,12546
1155.75,12545
1157.52,12543
1159.11,12541
1160.76,12540
1162.44,12539
1164.12,12538
1166,12536
1167.86,12535
1169.67,12534
1171.22,12532
1172.87,12530
1174.5,12528
1176.23,12527
1177.85,12526
1179.35,12524
1181.07,12523
1182.72,12517
1184.69,12516
1186.28,12514
1188.12,12511
1190.14,12507
1191.89,12505
1193.67,12503
1195.31,12502
1197.07,12501
1198.62,12499
1200.57,12497
1202.56,12496
1204.5,12495
1206.16,12493
1207.98,12491
1209.78,12490
1211.37,12488
1212.99,12485
1214.5,12482
1216.32,12481
1217.82,12479
1219.44,12476
1221.06,12474
1222.63,12473
1224.31,12470
1225.94,12469
1227.8,12468
1229.47,12465
1231.2,12462
1233.01,12459
1234.66,12457
1236.37,12456
1237.93,12455
1239.62,12454
1241.17,12453
1242.77,12452
1244.46,12450
1246.11,12445
1247.75,12443
1249.29,12440
1251.15,12439
1252.79,12437
1254.3,12436
1256.26,12435
1258.39,12429
1260.49,12428
1262.19,12427
1264.12,12426
1266.13,12422
1268.28,12420
1269.64,12418
1271.02,12417
1272.69,12415
1274.21,12414
1275.8,12413
1277.53,12412
1279.36,12409
1280.95,12408
1282.53,12407
1284.35,12406
1286.02,12405
1287.69,12404
1289.22,12399
1290.87,12397
1292.67,12394
1294.34,12393
1296.07,12390
1297.77,12388
1299.58,12385
1301.4,12384
1303.14,12383
1304.68,12382
1306.26,12377
1307.91,12375
1309.46,12371
1311.2,12370
1312.73,12369
1314.48,12368
1316.06,12367
1317.78,12366
1319.46,12365
1321.07,12364
1322.96,12363
1324.9,12362
1326.9,12361
1328.75,12360
1330.42,12359
1332.01,12358
1333.62,12357
1335.27,12354
1337.04,12352
1338.74,12351
1340.27,12349
1341.93,12347
1343.64,12346
1345.17,12342
1346.87,12341
1348.48,12340
1350.13,12338
1351.72,12337
1353.29,12334
1354.95,12333
1356.47,12332
1358.38,12330
1359.88,12327
1361.59,12326
1363.12,12323
1364.61,12321
1366.28,12320
1367.81,12319
1369.55,12317
1371.17,12315
1373.12,12313
1374.77,12308
1376.31,12304
1378.21,12303
1379.83,12302
1381.55,12300
1383.2,12299
1385.06,12297
1386.73,12296
1388.62,12293
1390.24,12292
1391.78,12291
1393.45,12289
1394.97,12286
1396.72,12284
1398.46,12282
1400.14,12281
1401.75,12278
1403.35,12275
1405.02,12274
1406.61,12272
1408.26,12271
1409.85,12270
1411.56,12268
1413.13,12267
1414.68,12265
1416.44,12262
1418.23,12260
1420.04,12259
1421.64,12256
1423.34,12251
1425.1,12247
1426.64,12246
1428.38,12245
1429.93,12244
1431.87,12243
1433.66,12242
1435.29,12240
1437.01,12237
1438.8,12235
1440.8,12233
1442.67,12232
1444.52,12230
1446.2,12229
1448.02,12228
1449.7,12227
1451.36,12226
1452.95,12222
1454.51,12217
1456.15,12216
1457.65,12213
1459.6,12210
1461.18,12208
1462.91,12205
1464.62,12203
1466.11,12200
1467.88,12199
1469.6,12195
1471.34,12194
1472.88,12193
1474.43,12192
1476.06,12191
1477.64,12190
1479.55,12188
1481.2,12185
1482.92,12184
1484.5,12183
1486.03,12182
1487.73,12181
1489.36,12179
1491.03,12178
1492.59,12177
1494.15,12176
1495.81,12173
1497.4,12172
1499.27,12169
1500.94,12168
1502.77,12165
1504.4,12164
1506.17,12162
1507.91,12161
1509.55,12158
1511.22,12157
1512.71,12156
1514.36,12155
1515.9,12151
1517.43,12148
1519.07,12146
1520.78,12145
1522.44,12141
1523.98,12140
1525.6,12138
1527.19,12137
1528.79,12135
1530.47,12133
1531.99,12130
1533.61,12129
1535.2,12128
1536.71,12127
1538.4,12125
1540.08,12124
1541.77,12123
1543.27,12122
1544.89,12121
1546.5,12118
1547.99,12116
1549.67,12114
1551.3,12113
1552.93,12112
1554.54,12111
1556.06,12110
1557.82,12105
1559.48,12103
1561.54,12102
1563.21,12101
1564.95,12099
1566.76,12097
1568.52,12095
1570.12,12094
1571.85,12092
1573.45,12091
1574.97,12090
1576.62,12089
1578.43,12087
1580.42,12086
1582.05,12083
1583.71,12082
1585.44,12080
1587.07,12079
1588.7,12078
1590.28,12075
1591.97,12074
1593.79,12072
1595.47,12071
1597.11,12068
1598.67,12066
1600.31,12065
1601.98,12061
1603.6,12060
1605.2,12058
1606.7,12057
1608.31,12054
1609.87,12051
1611.63,12049
1613.13,12046
1614.76,12045
1616.47,12043
1618.01,12042
1619.64,12041
1621.41,12040
1623.17,12038
1624.88,12036
1626.53,12035
1628.41,12034
1630.01,12033
1631.66,12030
1633.22,12026
1634.76,12025
1636.37,12023
1637.87,12022
1639.5,12019
1641.24,12018
1642.96,12015
1644.56,12013
1646.1,12012
1647.76,12010
1649.32,12009
1650.97,12008
1652.57,12007
1654.11,12006
1655.81,12005
1657.33,12002
1659.05,12001
1660.58,12000
1662.46,11999
1664.02,11998
1665.59,11997
1667.14,11996
1668.67,11994
1670.37,11991
1671.91,11986
1673.54,11985
1675.18,11984
1676.7,11980
1678.47,11978
1680.02,11977
1681.8,11975
1683.47,11970
1685.31,11969
1687.13,11967
1688.9,11966
1690.68,11962
1692.19,11961
1693.81,11960
1695.35,11954
1696.95,11951
1698.57,11949
1700.18,11948
1701.82,11947
1703.42,11944
1705.08,11943
1706.68,11942
1708.34,11940
1710.61,11939
1712.84,11938
1714.61,11936
1716.1,11935
1717.74,11933
1719.28,11932
1721.07,11931
1722.7,11930
1724.71,11928
1726.28,11927
1728.34,11926
1730.14,11924
1731.95,11922
1734.01,11921
1735.53,11920
1737.24,11918
1738.84,11915
1740.62,11913
1742.42,11912
1744.28,11910
1745.98,11908
1747.66,11907
1749.57,11906
1751.18,11904
1752.99,11901
1754.57,11900
1756.17,11899
1757.79,11898
1759.3,11897
1761,11894
1762.67,11893
1764.45,11891
1765.98,11887
1767.63,11886
1769.25,11885
1770.8,11883
1772.44,11879
1774.12,11878
1775.73,11876
1777.34,11873
1778.87,11872
1780.51,11871
1782.04,11867
1783.72,11866
1785.33,11865
1786.82,11863
1788.57,11861
1790.05,11859
1791.73,11855
1793.45,11854
1795.03,11853
1796.75,11851
1798.28,11850
1799.97,11849
1801.48,11848
1803.43,11846
1805.12,11845
1806.71,11843
1808.53,11842
1810.22,11841
1811.96,11838
1813.62,11834
1815.29,11833
1816.86,11832
1818.44,11831
1820.13,11830
1821.75,11829
1823.43,11828
1824.98,11825
1826.68,11824
1828.57,11823
1830.09,11822
1831.82,11821
1833.68,11820
1835.34,11819
1836.83,11817
1838.39,11816
1840.05,11815
1841.73,11814
1843.5,11813
1845.12,11812
1846.78,11811
1848.37,11810
1849.94,11809
1851.71,11807
1853.26,11803
1855.07,11802
1856.59,11800
1858.41,11799
1860.04,11798
1861.71,11797
1863.46,11792
1865.31,11790
1867.17,11789
1868.87,11787
1870.7,11785
1872.28,11784
1874.06,11783
1875.94,11781
1878.22,11780
1879.99,11776
1881.78,11773
1883.52,11772
1885.55,11771
1887.44,11769
1889.12,11768
1890.97,11764
1892.71,11763
1894.69,11762
1896.31,11761
1898.33,11760
1900.16,11759
1901.79,11757
1903.41,11752
1905.34,11751
1907.37,11750
1909.19,11749
1910.99,11747
1912.77,11746
1914.49,11743
1916.15,11742
1917.91,11741
1919.46,11740
1921.29,11738
1922.86,11737
1925.12,11735
1926.95,11734
1928.85,11731
1930.56,11730
1932.3,11729
1933.97,11728
1935.51,11726
1937.26,11724
1938.8,11723
1940.57,11720
1942.15,11719
1943.9,11718
1945.65,11716
1947.3,11714
1949.08,11713
1950.59,11712
1952.24,11710
1954.01,11709
1955.8,11708
1957.39,11707
1958.95,11706
1960.83,11705
1962.41,11697
1964.07,11696
1965.76,11695
1967.33,11694
1969.13,11693
1970.64,11692
1972.33,11691
1973.92,11690
1975.55,11689
1977.27,11688
1978.84,11687
1980.56,11686
1982.22,11685
1984.06,11682
1985.75,11679
1987.49,11678
1989.29,11677
1991.08,11675
1992.84,11673
1994.45,11671
1996.35,11670
1997.9,11667
1999.56,11665
2001.3,11663
2002.84,11662
2004.61,11659
2006.21,11658
2007.98,11655
2009.61,11654
2011.38,11653
2013,11649
2014.62,11648
2016.36,11644
2017.95,11643
2019.61,11639
2021.24,11636
2022.97,11635
2024.63,11632
2026.19,11630
2027.87,11629
2029.43,11628
2031.1,11627
2032.77,11626
2034.63,11624
2036.26,11623
2037.84,11622
2039.73,11620
2041.36,11619
2043.39,11617
2045.1,11612
2046.95,11610
2048.67,11609
2050.35,11608
2052.3,11607
2053.82,11605
2055.53,11604
2057.08,11602
2058.65,11600
2060.51,11599
2062.26,11598
2064.07,11597
2065.62,11595
2067.51,11594
2069.11,11592
2070.7,11591
2072.38,11590
2073.92,11588
2075.63,11587
2077.17,11586
2078.8,11585
2080.43,11584
2081.96,11583
2083.82,11582
2085.36,11581
2087,11580
2088.64,11579
2090.21,11577
2091.86,11574
2093.55,11573
2095.28,11572
2096.94,11571
2098.64,11568
2100.28,11566
2101.83,11565
2103.68,11564
2105.39,11563
2107.21,11562
2108.92,11560
2110.74,11559
2112.4,11558
2113.88,11555
2115.54,11554
2117.05,11546
2118.69,11545
2120.14,11544
2121.6,11543
2123.46,11542
2124.95,11541
2126.6,11540
2128.12,11537
2129.74,11533
2131.35,11532
2132.86,11531
2134.54,11530
2136.04,11529
2137.65,11526
2139.22,11525
2140.72,11524
2142.41,11523
2143.91,11522
2145.53,11520
2147.1,11518
2148.82,11517
2150.51,11516
2152.07,11514
2153.71,11510
2155.27,11509
2156.74,11508
2158.58,11507
2160.28,11506
2162.09,11503
2163.61,11500
2165.41,11498
2167.26,11496
2169.23,11492
2170.95,11491
2172.71,11490
2174.39,11488
2175.87,11486
2177.6,11485
2179.52,11484
2181.19,11483
2182.78,11481
2184.51,11480
2186.26,11479
2187.76,11478
2189.63,11477
2191.32,11475
2193.12,11474
2194.88,11473
2196.78,11472
2198.52,11469
2199.99,11468
2201.64,11467
2203.11,11466
2204.77,11465
2206.36,11464
2207.92,11463
2209.53,11462
2211.12,11461
2212.73,11460
2214.51,11459
2216.13,11458
2217.78,11455
2219.31,11454
2221,11453
2222.48,11452
2224.11,11451
2225.85,11450
2227.57,11449
2229.42,11448
2231.04,11447
2232.91,11445
2234.61,11444
2236.19,11443
2237.75,11441
2239.27,11437
2240.89,11436
2242.44,11435
2244.21,11430
2245.74,11428
2247.23,11427
2248.97,11426
2250.53,11424
2252.22,11423
2253.84,11422
2255.59,11419
2257.17,11418
2258.76,11417
2260.44,11416
2261.99,11415
2263.74,11413
2265.34,11411
2266.86,11408
2268.58,11407
2270.1,11406
2271.86,11405
2273.43,11404
2275.07,11402
2276.73,11401
2278.36,11400
2280.24,11399
2281.74,11397
2283.33,11396
2285.02,11395
2286.78,11393
2288.58,11392
2290.35,11391
2292.16,11388
2293.86,11387
2295.6,11386
2297.14,11385
2298.72,11384
2300.47,11383
2301.92,11382
2303.57,11381
2305.05,11380
2306.91,11379
2308.46,11378
2310.05,11377
2311.83,11376
2313.33,11375
2315,11373
2316.53,11370
2318,11368
2319.66,11366
2321.41,11365
2323.06,11364
2324.68,11362
2326.25,11359
2327.8,11358
2329.3,11357
2331,11356
2332.71,11354
2334.47,11353
2335.98,11352
2337.47,11351
2339.15,11350
2340.88,11348
2342.71,11347
2344.28,11346
2346.14,11345
2347.86,11344
2349.52,11343
2351.37,11342
2353.05,11339
2354.93,11338
2356.45,11336
2357.98,11334
2359.55,11331
2361.1,11329
2362.9,11328
2364.51,11325
2366.24,11324
2367.83,11323
2369.48,11322
2371.25,11321
2372.86,11320
2374.53,11319
2376.05,11318
2377.72,11315
2379.31,11312
2380.93,11310
2382.55,11309
2384.09,11308
2385.77,11307
2387.28,11305
2389.03,11304
2390.62,11303
2392.4,11302
2393.97,11301
2395.5,11300
2397.21,11299
2398.71,11298
2400.38,11297
2402.17,11296
2403.82,11294
2405.66,11292
2407.48,11291
2409.38,11286
2411.16,11284
2412.98,11283
2414.6,11282
2416.15,11281
2417.74,11279
2419.43,11278
2421.27,11274
2422.93,11273
2424.54,11271
2426.21,11270
2427.74,11269
2429.5,11268
2431.02,11267
2432.96,11266
2434.62,11265
2436.38,11264
2438.24,11262
2440.1,11258
2441.97,11255
2443.46,11254
2445.15,11251
2446.64,11249
2448.2,11247
2449.71,11246
2451.21,11244
2453,11241
2454.54,11240
2456.18,11238
2457.99,11237
2460.03,11236
2461.71,11234
2463.34,11233
2465.18,11232
2466.98,11230
2468.78,11228
2470.53,11226
2472.67,11225
2474.46,11224
2476.38,11223
2478.27,11221
2480.21,11220
2481.75,11219
2483.59,11218
2485.42,11217
2487.1,11216
2488.72,11215
2490.2,11212
2492.21,11211
2493.88,11210
2496.11,11205
2497.87,11204
2499.48,11203
2501.18,11202
2502.73,11201
2504.46,11199
2506.04,11197
2507.73,11196
2509.35,11195
2510.94,11194
2512.71,11193
2514.28,11191
2516.06,11189
2517.56,11187
2519.31,11184
2520.93,11182
2522.4,11181
2524.19,11180
2525.68,11179
2527.39,11178
2529.2,11177
2530.97,11176
2532.93,11175
2534.79,11174
2536.68,11173
2538.32,11172
2540.16,11171
2541.61,11170
2543.24,11168
2544.83,11167
2546.45,11166
2548.17,11165
2549.64,11164
2551.15,11163
2552.76,11162
2554.29,11160
2555.97,11159
2557.48,11158
2559.1,11154
2561.01,11153
2562.73,11152
2564.44,11151
2565.94,11149
2567.55,11148
2569.06,11147
2570.59,11146
2572.21,11145
2573.7,11143
2575.45,11141
2576.95,11140
2578.58,11139
2580.38,11138
2581.88,11136
2583.51,11135
2585.09,11134
2587.12,11133
2588.9,11132
2590.69,11131
2592.4,11128
2594.09,11127
2595.9,11126
2597.45,11125
2599.07,11124
2600.62,11123
2602.09,11121
2603.74,11120
2605.37,11119
2607.19,11116
2609.47,11115
2611.57,11113
2613.2,11111
2615.01,11110
2616.62,11109
2618.32,11108
2619.92,11106
2621.46,11104
2623.18,11102
2624.72,11101
2626.51,11100
2627.95,11099
2629.5,11097
2631.1,11095
2632.77,11094
2634.94,11093
2636.43,11092
2638.05,11091
2639.82,11090
2641.7,11089
2643.45,11088
2644.98,11087
2646.63,11086
2648.22,11084
2650.02,11083
2651.87,11081
2653.68,11080
2655.5,11077
2657.16,11076
2658.76,11075
2660.34,11074
2661.97,11073
2663.65,11072
2665.35,11070
2666.96,11065
2668.53,11064
2670.23,11063
2671.82,11061
2673.43,11060
2674.94,11058
2676.75,11057
2678.75,11056
2680.45,11055
2682.45,11054
2684.09,11051
2685.81,11050
2687.3,11048
2688.95,11046
2690.6,11045
2692.28,11044
2693.9,11043
2695.41,11042
2697.12,11041
2698.63,11040
2700.21,11039
2701.83,11038
2703.3,11037
2704.96,11036
2706.59,11035
2708.29,11034
2710.1,11033
2711.89,11030
2713.68,11029
2715.45,11027
2717.3,11025
2718.82,11023
2720.31,11022
2721.87,11019
2723.38,11018
2724.98,11017
2726.55,11015
2728.19,11014
2729.88,11012
2731.43,11011
2733.05,11010
2734.51,11007
2736.09,11005
2737.65,11004
2739.2,11003
2740.8,11002
2742.3,10999
2743.86,10998
2745.75,10997
2747.37,10996
2749,10995
2750.45,10994
2752.24,10993
2753.75,10991
2755.18,10990
2756.77,10989
2758.37,10988
2760.11,10987
2761.66,10986
2763.18,10985
2764.77,10981
2766.38,10979
2768.08,10978
2769.71,10977
2771.51,10976
2773.4,10975
2775.05,10974
2776.99,10973
2778.94,10972
2780.78,10971
2782.41,10970
2784.21,10969
2786.02,10968
2787.93,10967
2789.45,10965
2791.18,10964
2792.95,10963
2794.73,10962
2796.47,10961
2797.97,10960
2799.6,10959
2801.21,10958
2803.13,10957
2804.8,10956
2806.35,10955
2807.97,10954
2809.47,10953
2811.06,10952
2812.77,10951
2814.28,10950
2815.99,10947
2817.48,10942
2819.1,10941
2820.6,10939
2822.09,10938
2823.78,10937
2825.29,10935
2826.96,10933
2828.64,10932
2830.32,10931
2832.08,10930
2833.97,10923
2835.79,10919
2837.45,10918
2839.07,10916
2840.59,10915
2842.18,10914
2843.93,10913
2845.45,10912
2847.05,10910
2848.6,10909
2850.2,10907
2851.76,10906
2853.44,10905
2855.07,10903
2856.53,10902
2858.22,10901
2859.76,10900
2861.26,10899
2863,10898
2864.54,10897
2866.23,10896
2867.73,10895
2869.35,10894
2870.93,10893
2872.44,10892
2874.25,10891
2875.77,10890
2877.32,10889
2878.92,10888
2880.42,10887
2882.02,10886
2883.48,10882
2885.05,10881
2886.65,10880
2888.21,10878
2890.1,10877
2891.79,10876
2893.75,10874
2895.43,10873
2897.28,10871
2898.86,10870
2900.37,10869
2901.99,10865
2903.53,10864
2905.1,10862
2906.72,10861
2908.17,10860
2909.81,10859
2911.42,10857
2912.99,10856
2914.51,10855
2916.03,10854
2917.68,10853
2919.43,10852
2921.12,10851
2922.71,10849
2924.55,10846
2926.09,10844
2927.61,10842
2929.22,10841
2930.78,10840
2932.5,10839
2934.28,10838
2935.78,10837
2937.67,10836
2939.34,10835
2941.18,10834
2942.76,10833
2944.37,10832
2945.87,10830
2947.33,10829
2949.07,10828
2950.83,10827
2952.61,10826
2954.31,10825
2956.08,10824
2957.73,10821
2959.4,10818
2961.04,10817
2962.5,10816
2964.38,10815
2965.83,10814
2967.45,10812
2969.04,10811
2970.57,10809
2972.16,10808
2973.62,10807
2975.08,10805
2976.67,10804
2978.16,10803
2979.9,10802
2981.38,10801
2982.85,10799
2984.55,10798
2986.15,10796
2987.75,10795
2989.32,10794
2990.86,10793
2992.41,10792
2993.86,10791
2995.45,10790
2996.98,10789
2998.49,10788
3000.08,10787
3001.55,10786
3003.16,10785
3004.59,10784
3006.25,10783
3007.79,10781
3009.41,10779
3011.2,10778
3012.79,10777
3014.43,10776
3016.13,10775
3017.84,10774
3019.46,10773
3020.9,10772
3022.51,10771
3024.01,10770
3025.58,10769
3027.19,10768
3028.65,10767
3030.23,10766
3031.67,10765
3033.11,10764
3034.7,10763
3036.15,10762
3037.73,10760
3039.28,10759
3040.75,10758
3042.37,10757
3043.87,10756
3045.62,10755
3047.15,10754
3048.61,10753
3050.22,10752
3051.7,10751
3053.24,10750
3054.76,10747
3056.32,10745
3058.01,10744
3059.6,10743
3061.23,10742
3062.82,10740
3064.33,10739
3066.1,10738
3067.65,10737
3069.22,10735
3070.93,10733
3072.7,10731
3074.37,10730
3075.96,10729
3077.88,10728
3079.56,10727
3081.1,10726
3082.53,10725
3084.3,10724
3085.74,10723
3087.66,10722
3089.18,10721
3090.67,10720
3092.4,10719
3093.83,10718
3095.49,10717
3097.06,10716
3098.56,10714
3100.2,10713
3101.78,10712
3103.41,10711
3104.93,10710
3106.61,10709
3108.25,10708
3109.73,10707
3111.42,10706
3112.83,10705
3114.27,10704
3115.97,10698
3117.46,10696
3119.08,10694
3120.55,10693
3121.99,10692
3123.59,10691
3125.1,10688
3126.65,10687
3128.19,10686
3129.67,10685
3131.65,10684
3133.23,10683
3135.03,10682
3136.72,10679
3138.52,10678
3140.03,10677
3141.48,10674
3143.12,10673
3144.66,10672
3146.25,10671
3147.71,10670
3149.23,10669
3150.82,10668
3152.44,10667
3154.05,10665
3155.51,10664
3157.03,10663
3158.63,10662
3160.1,10661
3161.76,10660
3163.36,10659
3165.15,10658
3166.88,10657
3168.38,10656
3170.05,10655
3171.53,10654
3173.19,10653
3174.7,10652
3176.17,10651
3177.77,10650
3179.25,10649
3180.77,10648
3182.29,10647
3183.73,10646
3185.34,10645
3186.77,10644
3188.34,10643
3189.9,10641
3191.6,10640
3193.55,10638
3195.15,10636
3196.92,10635
3198.58,10634
3200.26,10633
3201.83,10632
3203.25,10631
3204.85,10630
3206.33,10629
3207.81,10628
3209.39,10627
3210.86,10626
3212.54,10625
3214.14,10623
3215.61,10622
3217.26,10619
3218.69,10616
3220.27,10615
3221.9,10614
3223.41,10613
3225.05,10612
3226.53,10611
3228.19,10608
3229.64,10607
3231.26,10606
3233.01,10605
3234.76,10604
3236.38,10602
3237.83,10601
3239.38,10600
3241.01,10599
3242.63,10598
3244.37,10597
3245.92,10596
3247.68,10595
3249.13,10593
3250.82,10591
3252.58,10590
3254.39,10589
3256.15,10588
3257.75,10587
3259.53,10585
3261.23,10584
3262.88,10583
3264.63,10582
3266.13,10581
3267.84,10580
3269.39,10579
3271.08,10578
3272.61,10577
3274.22,10576
3275.86,10575
3277.33,10574
3279.01,10573
3280.54,10572
3282.06,10571
3283.93,10570
3285.59,10569
3287.54,10568
3289.02,10567
3290.65,10566
3292.26,10565
3293.72,10564
3295.46,10563
3296.97,10562
3298.49,10561
3300.18,10560
3301.69,10559
3303.3,10558
3304.76,10557
3306.25,10556
3307.78,10555
3309.31,10554
3310.94,10553
3312.47,10552
3314.18,10551
3316.04,10550
3317.75,10549
3319.53,10548
3321.08,10547
3322.76,10545
3324.21,10544
3325.78,10543
3327.35,10542
3328.82,10541
3330.45,10540
3331.92,10539
3333.46,10538
3335.02,10537
3336.59,10536
3338.26,10535
3339.69,10534
3341.17,10533
3342.71,10532
3344.24,10531
3345.88,10529
3347.35,10528
3348.8,10527
3350.4,10526
3351.9,10525
3353.57,10524
3355.01,10523
3356.69,10522
3358.63,10521
3360.87,10520
3362.91,10519
3364.5,10518
3366.21,10517
3367.79,10515
3369.4,10514
3370.9,10513
3372.5,10512
3374.25,10511
3375.89,10510
3377.99,10508
3379.81,10507
3381.55,10506
3383.07,10505
3384.64,10504
3386.41,10503
3387.97,10501
3389.54,10500
3391.1,10499
3392.74,10498
3394.25,10497
3395.92,10496
3397.91,10495
3399.65,10494
3401.54,10493
3403.12,10492
3404.73,10491
3406.3,10489
3407.98,10488
3409.67,10487
3411.16,10486
3412.77,10485
3414.27,10484
3415.76,10483
3417.58,10482
3419.08,10481
3420.64,10480
3422.1,10479
3423.6,10478
3425.26,10476
3426.73,10475
3428.67,10473
3430.24,10470
3431.7,10469
3433.44,10468
3435.28,10465
3437.67,10464
3439.59,10463
3441.44,10462
3443.07,10460
3444.76,10456
3446.27,10455
3447.78,10454
3449.75,10453
3451.3,10451
3453.1,10450
3454.64,10449
3456.21,10447
3458.09,10445
3459.67,10444
3461.26,10443
3462.79,10441
3464.48,10440
3466.2,10439
3467.88,10438
3469.58,10437
3471.18,10436
3472.79,10434
3474.38,10433
3476.13,10432
3477.86,10431
3479.61,10430
3481.28,10429
3482.86,10428
3484.63,10427
3486.17,10426
3487.85,10425
3489.4,10424
3491.16,10422
3492.79,10421
3494.47,10419
3496.32,10418
3498.21,10417
3500.2,10416
3501.93,10415
3503.65,10414
3505.26,10412
3506.85,10411
3508.42,10409
3509.91,10408
3511.69,10407
3513.24,10406
3514.9,10405
3516.5,10404
3518.09,10402
3519.78,10401
3521.33,10400
3522.96,10399
3524.62,10398
3526.27,10397
3527.86,10396
3529.39,10395
3531.1,10394
3532.79,10393
3534.65,10392
3536.19,10391
3537.63,10390
3539.23,10389
3540.73,10388
3542.43,10387
3544.18,10386
3545.78,10385
3547.28,10384
3548.73,10383
3550.35,10382
3551.84,10381
3553.4,10380
3555.1,10379
3556.76,10377
3558.58,10376
3560.27,10375
3562.04,10373
3563.86,10372
3565.55,10371
3567.07,10369
3568.61,10368
3570.19,10366
3571.7,10365
3573.27,10364
3574.78,10363
3576.22,10362
3577.84,10361
3579.39,10360
3580.97,10359
3582.45,10358
3584.12,10357
3585.81,10356
3587.34,10355
3589.02,10354
3590.51,10353
3592.06,10352
3593.68,10351
3595.14,10350
3596.81,10349
3598.28,10348
3599.78,10347
3601.38,10346
3602.81,10345
3604.39,10344
3605.87,10343
3607.32,10342
3609.06,10341
3610.57,10340
3612.13,10339
3613.64,10338
3615.22,10337
3617.09,10336
3618.72,10335
3620.5,10334
3622.15,10333
3623.8,10332
3625.34,10331
3626.79,10330
3628.42,10328
3630.05,10326
3631.61,10325
3633.08,10324
3634.52,10323
3636.1,10322
3637.62,10321
3639.12,10320
3640.67,10319
3642.1,10318
3643.72,10317
3645.22,10316
3646.7,10315
3648.32,10314
3650.07,10313
3651.91,10312
3653.4,10311
3654.96,10310
3656.51,10309
3658.06,10308
3659.8,10307
3661.33,10306
3662.99,10305
3664.49,10304
3665.94,10303
3667.65,10302
3669.09,10300
3670.62,10299
3672.18,10298
3673.6,10296
3675.49,10295
3677.07,10294
3679.23,10293
3680.95,10292
3682.72,10291
3684.44,10290
3685.93,10289
3687.8,10288
3689.27,10287
3690.88,10286
3692.51,10285
3693.95,10284
3695.73,10283
3697.39,10282
3698.99,10281
3700.45,10280
3702.08,10279
3703.72,10278
3705.19,10277
3706.83,10276
3708.35,10275
3709.93,10274
3711.53,10273
3712.99,10272
3714.63,10271
3716.15,10270
3717.95,10269
3719.56,10268
3721.06,10267
3722.7,10266
3724.21,10265
3725.86,10264
3727.4,10263
3728.91,10262
3730.77,10260
3732.46,10259
3734.28,10258
3736.03,10257
3738.03,10256
3739.88,10255
3742.03,10254
3743.93,10253
3745.7,10252
3747.46,10251
3749.33,10250
3750.89,10249
3752.45,10248
3754.06,10247
3755.64,10246
3757.3,10245
3758.84,10244
3760.61,10243
3762.32,10242
3764.03,10241
3765.67,10240
3767.1,10239
3768.68,10238
3770.26,10237
3771.71,10236
3773.32,10235
3774.76,10234
3776.38,10233
3777.84,10232
3779.3,10231
3780.89,10230
3782.33,10229
3784,10228
3785.49,10227
3786.98,10226
3788.54,10225
3790.04,10224
3791.68,10223
3793.16,10222
3794.58,10221
3796.32,10220
3797.97,10219
3799.81,10218
3801.38,10217
3803.25,10216
3804.79,10215
3806.23,10214
3807.83,10213
3809.27,10212
3810.72,10211
3812.41,10210
3813.84,10209
3815.43,10208
3816.94,10207
3818.4,10206
3819.94,10204
3821.49,10203
3823.07,10202
3824.75,10201
3826.19,10200
3827.76,10199
3829.18,10198
3830.81,10197
3832.38,10195
3834.03,10194
3835.68,10193
3837.08,10192
3838.64,10191
3840.11,10190
3841.7,10189
3843.43,10188
3845.06,10186
3846.65,10185
3848.06,10184
3849.52,10183
3851.16,10182
3852.61,10181
3854.15,10180
3855.74,10179
3857.33,10177
3859.04,10176
3860.76,10175
3862.53,10172
3864.62,10171
3866.12,10170
3867.89,10169
3869.5,10168
3871.52,10166
3873.06,10165
3874.66,10164
3876.33,10163
3877.94,10162
3879.71,10161
3881.28,10158
3882.92,10157
3884.45,10156
3885.93,10155
3887.77,10153
3889.77,10152
3891.75,10151
3893.49,10149
3895.1,10148
3896.62,10147
3898.07,10146
3899.74,10144
3901.21,10143
3902.73,10142
3904.15,10141
3905.68,10139
3907.2,10138
3908.73,10137
3910.49,10136
3911.96,10135
3913.48,10134
3915.01,10132
3916.57,10131
3918.35,10130
3919.89,10129
3921.68,10128
3923.35,10127
3924.93,10126
3926.61,10125
3928.06,10124
3929.69,10123
3931.16,10122
3932.6,10121
3934.18,10120
3935.78,10119
3937.37,10118
3938.88,10115
3940.33,10114
3941.89,10113
3943.36,10111
3944.94,10110
3946.48,10109
3947.93,10108
3949.5,10107
3950.94,10106
3952.6,10105
3954.1,10104
3955.59,10103
3957.37,10102
3958.87,10101
3960.5,10100
3962.01,10099
3963.5,10098
3965.14,10097
3966.67,10096
3968.15,10095
3969.69,10094
3971.21,10093
3972.82,10092
3974.53,10091
3976.11,10090
3977.87,10089
3979.76,10088
3981.76,10087
3983.5,10086
3985.34,10085
3987.09,10084
3988.75,10082
3990.2,10081
3991.89,10078
3993.45,10077
3994.92,10075
3996.35,10074
3998.01,10073
3999.56,10072
4001.04,10071
4002.92,10070
4004.5,10069
4006.08,10068
4007.58,10067
4009.03,10066
4010.61,10064
4012.09,10063
4013.71,10062
4015.16,10061
4016.68,10060
4018.35,10059
4019.81,10058
4021.49,10057
4023.18,10056
4024.73,10055
4026.32,10054
4027.78,10051
4029.42,10050
4031.01,10049
4032.96,10047
4034.8,10046
4036.4,10045
4038.24,10044
4039.94,10043
4041.75,10042
4043.74,10041
4045.81,10040
4047.4,10038
4049.34,10037
4050.93,10036
4052.54,10035
4054.21,10034
4055.68,10033
4057.29,10032
4058.75,10031
4060.21,10030
4061.85,10029
4063.34,10028
4065.02,10027
4066.53,10026
4068.06,10025
4069.76,10024
4071.22,10023
4072.77,10022
4074.3,10021
4075.79,10020
4077.38,10019
4078.85,10018
4080.41,10017
4081.94,10016
4083.38,10015
4085.01,10014
4086.5,10013
4088.02,10012
4089.75,10011
4091.35,10010
4093.01,10009
4094.49,10008
4096.04,10007
4097.65,10006
4099.23,10005
4100.98,10004
4102.56,10003
4104.3,10002
4105.96,10000
4107.52,9999
4109.02,9997
4110.61,9995
4112.32,9994
4113.78,9993
4115.41,9992
4116.92,9990
4118.33,9988
4119.94,9987
4121.47,9986
4123.02,9985
4124.63,9984
4126.06,9983
4127.64,9982
4129.1,9981
4130.82,9980
4132.37,9979
4134.13,9978
4135.9,9977
4137.44,9976
4139.04,9975
4140.5,9974
4142.07,9973
4143.81,9972
4145.26,9970
4146.83,9969
4148.27,9968
4149.68,9967
4151.51,9966
4152.96,9965
4154.55,9964
4156.04,9963
4157.5,9961
4159.04,9960
4160.68,9959
4162.42,9958
4164.16,9957
4165.87,9956
4167.52,9955
4168.98,9954
4170.78,9953
4172.29,9952
4173.7,9951
4175.31,9950
4176.76,9949
4178.25,9948
4179.7,9947
4181.19,9946
4182.79,9945
4184.28,9944
4185.87,9943
4187.33,9942
4188.88,9941
4190.41,9940
4192.02,9939
4193.61,9938
4195.07,9937
4196.63,9936
4198.19,9935
4199.64,9934
4201.21,9932
4202.66,9929
4204.1,9928
4205.69,9927
4207.12,9926
4208.72,9923
4213.28,9921
4216.42,9920
4217.95,9919
4221.06,9918
4222.6,9914
4224.4,9911
4229.3,9910
4230.75,9909
4233.75,9907
4235.26,9906
4236.87,9905
4238.35,9904
4239.93,9902
4244.46,9901
4247.58,9899
4249.18,9897
4250.91,9896
4254.37,9895
4256.11,9894
4257.82,9893
4259.51,9891
4265.09,9889
4268.45,9888
4270.01,9887
4271.66,9885
4274.66,9884
4276.15,9883
4277.8,9882
4279.44,9881
4283.02,9880
4284.73,9879
4286.86,9878
4288.79,9877
4290.34,9876
4292.04,9875
4293.55,9874
4294.87,9873
4296.49,9872
4298.19,9871
4299.82,9870
4301.32,9869
4303.06,9868
4307.67,9867
4310.72,9865
4315.32,9864
4316.92,9863
4318.68,9862
4320.18,9861
4321.75,9860
4323.5,9859
4326.63,9858
4328.12,9857
4329.73,9856
4331.29,9855
4332.79,9854
4334.48,9853
4335.94,9850
4337.55,9849
4339.08,9845
4340.6,9842
4352.58,9841
4354.23,9840
4355.7,9839
4357.17,9838
4358.81,9837
4360.33,9836
4361.85,9834
4363.37,9833
4364.91,9832
4366.52,9831
4367.94,9830
4369.76,9829
4371.21,9828
4372.64,9827
4374.29,9826
4375.8,9825
4377.39,9824
4379.16,9823
4380.75,9821
4382.3,9820
4383.82,9819
4385.54,9818
4387.03,9817
4388.59,9815
4391.9,9814
4393.53,9813
4395,9812
4396.55,9811
4398.12,9810
4399.64,9809
4401.37,9807
4403,9804
4406.43,9803
4413.23,9802
4414.72,9801
4416.36,9800
4417.86,9799
4419.36,9796
4420.97,9795
4422.49,9791
4429.31,9789
4430.94,9788
4432.69,9784
4434.32,9783
4437.39,9782
4440.61,9781
4444.06,9780
4445.53,9779
4447.08,9777
4451.79,9776
4453.29,9775
4454.92,9774
4456.58,9773
4458.03,9772
4459.72,9771
4461.27,9769
4464.88,9768
4466.58,9766
4468.29,9765
4469.97,9764
4471.78,9763
4473.35,9762
4474.98,9761
4476.62,9760
4478.07,9759
4481.34,9757
4482.96,9756
4489.09,9754
4490.68,9753
4492.18,9751
4498.58,9750
4500.17,9749
4503.27,9748
4504.76,9745
4506.43,9744
4511.05,9743
4512.51,9742
4514.12,9741
4515.57,9739
4517.34,9738
4518.87,9737
4520.43,9736
4522.2,9735
4523.86,9734
4525.61,9733
4527.68,9732
4529.95,9731
4531.78,9730
4533.48,9729
4535.09,9728
4536.78,9727
4538.5,9726
4540.03,9725
4541.72,9724
4543.3,9723
4544.85,9722
4546.64,9720
4548.1,9719
4549.77,9717
4551.24,9716
4552.8,9713
4554.35,9712
4555.85,9710
4557.71,9709
4559.13,9708
4564.93,9707
4566.54,9706
4568.54,9705
4570.16,9704
4571.72,9703
4573.4,9702
4574.87,9701
4576.51,9700
4578.07,9696
4581.63,9695
4583.67,9694
4585.52,9693
4589.21,9692
4591.19,9691
4596.07,9690
4599.39,9688
4603.15,9687
4608.06,9685
4610.11,9684
4611.87,9682
4614.85,9681
4616.49,9679
4617.99,9678
4619.6,9677
4621.33,9675
4624.53,9674
4627.6,9671
4630.64,9670
4640.11,9669
4641.55,9668
4645.15,9666
4646.78,9665
4648.49,9664
4650.11,9662
4653.39,9661
4655,9660
4656.71,9658
4658.21,9656
4660.31,9654
4662.09,9652
4672.79,9651
4678.49,9650
4683.53,9648
4685.39,9647
4688.77,9644
4690.31,9643
4697.06,9642
4700.36,9640
4701.86,9638
4703.64,9635
4707.03,9633
4710.42,9632
4713.98,9631
4715.69,9630
4717.21,9629
4720.28,9628
4723.42,9626
4724.95,9625
4726.48,9622
4731.01,9621
4732.52,9620
4734.75,9619
4736.27,9616
4741.37,9613
4743.43,9612
4745.4,9611
4748.57,9610
4755.51,9605
4764.24,9604
4771.12,9602
4772.68,9600
4774.54,9599
4776.05,9598
4777.65,9596
4785.48,9595
4786.9,9594
4788.38,9593
4790.42,9592
4794.74,9590
4796.78,9589
4798.65,9588
4802.12,9587
4803.74,9586
4805.33,9584
4806.78,9583
4808.27,9582
4811.5,9581
4813.17,9579
4815,9578
4816.79,9577
4818.39,9576
4819.84,9575
4823.2,9574
4824.98,9573
4828.22,9568
4834.86,9567
4836.68,9566
4838.8,9565
4842.47,9564
4848.96,9563
4850.44,9561
4852.07,9560
4853.67,9558
4855.42,9557
4857.08,9556
4858.67,9555
4860.73,9554
4862.65,9553
4864.75,9551
4866.34,9550
4869.73,9549
4873.09,9546
4876.66,9545
4878.93,9544
4881.11,9543
4890.8,9542
4892.7,9541
4896.05,9540
4897.65,9539
4899.51,9538
4901.63,9537
4903.48,9536
4905.55,9535
4907.28,9534
4908.74,9533
4910.46,9532
4912.13,9531
4913.8,9530
4915.44,9529
4917.11,9528
4918.77,9525
4920.27,9524
4922.1,9523
4923.6,9522
4925.27,9521
4926.82,9520
4928.43,9519
4931.72,9518
4933.4,9516
4942.85,9515
4944.57,9514
4946.27,9513
4947.87,9512
4949.65,9510
4951.28,9509
4952.98,9508
4954.53,9507
4956,9505
4957.63,9504
4959.12,9503
4960.71,9502
4963.89,9498
4965.64,9497
4967.19,9494
4968.73,9493
4971.71,9491
4975.14,9490
4980.8,9489
4982.47,9487
4984.17,9486
4993.91,9484
4995.53,9482
4997.24,9481
5000.65,9479
5003.91,9478
5005.48,9477
5007.09,9476
5008.52,9475
5010.04,9474
5011.55,9471
5013.2,9469
5016.67,9468
5018.41,9467
5023.32,9466
5026.42,9465
5028,9464
5029.48,9463
5031.09,9462
5034.43,9458
5035.97,9455
5039.06,9452
5042.77,9451
5049.58,9449
5053.44,9448
5055.23,9447
5056.72,9446
5060.28,9445
5066.47,9444
5068.33,9443
5072.09,9442
5073.86,9441
5075.55,9440
5078.94,9439
5080.68,9436
5082.22,9435
5088.59,9434
5091.86,9433
5093.43,9431
5101.59,9430
5104.77,9429
5108.02,9428
5109.92,9427
5111.36,9426
5114.41,9425
5119.5,9424
5121.02,9422
5122.5,9421
5124.12,9420
5127.2,9418
5128.91,9417
5130.52,9416
5133.79,9415
5135.37,9408
5140.21,9407
5141.64,9406
5143.07,9400
5147.75,9399
5155.23,9397
5159.7,9396
5163.06,9395
5164.54,9394
5166.04,9393
5167.61,9392
5169.07,9391
5173.7,9390
5175.25,9389
5176.7,9388
5178.29,9387
5179.88,9386
5181.72,9384
5183.29,9383
5184.85,9382
5186.51,9381
5188.3,9380
5190.15,9377
5191.96,9376
5195.39,9375
5196.9,9374
5198.62,9373
5200.49,9370
5202.2,9369
5205.44,9368
5211.85,9367
5213.44,9366
5215.03,9365
5216.56,9364
5218.27,9363
5219.92,9355
5221.7,9354
5235.61,9353
5237.26,9352
5238.75,9351
5240.27,9350
5241.85,9349
5243.52,9347
5246.56,9346
5252.31,9345
5254,9344
5255.56,9343
5257.12,9342
5258.68,9339
5260.29,9338
5263.3,9337
5265,9336
5266.56,9335
5269.64,9331
5271.3,9330
5277.58,9329
5280.64,9328
5282.06,9327
5283.74,9325
5286.99,9321
5290.24,9319
5292.34,9318
5293.9,9317
5295.39,9313
5296.96,9312
5298.44,9311
5303.03,9310
5306.13,9309
5311.26,9306
5314.94,9305
5322.81,9300
5324.48,9299
5325.99,9298
5327.57,9295
5332.3,9293
5339.35,9292
5346.24,9291
5347.84,9289
5351.37,9287
5353.08,9286
5354.63,9285
5357.67,9284
5359.27,9282
5360.8,9281
5365.52,9280
5370.5,9278
5372.26,9276
5373.99,9275
5377.22,9270
5381.79,9269
5383.44,9268
5386.53,9266
5388.02,9263
5389.54,9262
5392.67,9260
5394.37,9258
5397.32,9257
5402.11,9256
5403.68,9255
5410.05,9254
5413.42,9253
5414.91,9250
5422.88,9249
5424.58,9248
5426.33,9247
5427.83,9246
5429.65,9245
5431.24,9244
5433,9243
5434.78,9242
5436.29,9241
5438,9240
5439.44,9238
5440.95,9237
5442.47,9235
5445.63,9233
5447.08,9232
5448.66,9228
5467.19,9226
5468.77,9225
5471.73,9224
5474.94,9223
5477.95,9221
5482.89,9220
5484.63,9217
5486.07,9216
5487.75,9215
5494.76,9214
5499.8,9213
5507.71,9212
5509.2,9211
5510.81,9205
5515.45,9204
5516.87,9203
5524.63,9202
5530.72,9201
5532.21,9200
5535.43,9198
5536.95,9197
5540.22,9196
5543.34,9193
5547.86,9191
5549.57,9190
5551.24,9189
5554.68,9186
5556.24,9185
5561,9184
5567.38,9183
5571.9,9182
5573.47,9181
5574.91,9180
5576.4,9179
5577.97,9178
5579.47,9175
5584.06,9174
5585.68,9173
5590.18,9172
5593.52,9170
5596.61,9169
5598.17,9167
5599.62,9166
5606.43,9165
5607.93,9164
5609.64,9163
5611.24,9162
5613.05,9161
5614.74,9160
5616.45,9158
5624.05,9153
5627.26,9152
5635.18,9150
5636.77,9148
5638.24,9147
5639.77,9146
5642.98,9145
5644.65,9144
5646.25,9143
5647.77,9142
5649.24,9140
5650.71,9138
5655.35,9137
5656.87,9136
5658.38,9134
5661.66,9133
5665.06,9130
5673.46,9129
5676.86,9128
5678.38,9126
5680.1,9125
5681.56,9124
5683.06,9123
5684.63,9121
5703.15,9119
5704.66,9117
5706.06,9116
5710.63,9115
5712.13,9113
5713.56,9112
5715.12,9111
5716.76,9110
5718.37,9109
5719.91,9108
5721.37,9107
5722.96,9106
5728.93,9105
5730.72,9103
5732.31,9102
5733.92,9101
5735.63,9100
5737.3,9099
5738.93,9098
5740.36,9096
5741.9,9093
5743.52,9090
5761.89,9089
5766.54,9088
5767.98,9087
5769.56,9086
5774.05,9085
5775.5,9084
5777.16,9082
5778.66,9081
5780.26,9080
5781.99,9079
5785.42,9078
5790.28,9077
5792,9076
5793.77,9075
5795.36,9072
5798.73,9071
5802.06,9070
5805.49,9069
5806.94,9068
5808.54,9066
5811.63,9064
5814.7,9062
5822.33,9061
5825.56,9058
5828.53,9057
5834.8,9055
5836.48,9054
5841.2,9053
5845.04,9052
5846.52,9051
5848.1,9050
5849.71,9048
5851.36,9047
5853.03,9045
5856.62,9043
5861.77,9042
5865.15,9040
5866.7,9039
5868.38,9038
5869.87,9037
5874.48,9035
5876.02,9033
5880.6,9032
5883.61,9031
5885.38,9028
5887.17,9027
5890.46,9026
5892.17,9024
5893.96,9023
5897.05,9022
5900.33,9019
5909.48,9014
5912.63,9013
5914.46,9012
5916.09,9010
5920.91,9009
5929.86,9008
5937.71,9007
5942.38,9006
5943.99,9003
5953.37,8999
5954.85,8998
5956.41,8993
5957.97,8992
5961.17,8991
5962.69,8990
5964.22,8987
5972.74,8986
5978.06,8984
5981.73,8982
5983.88,8981
5985.91,8980
5987.6,8978
5989.71,8976
5994.61,8974
5996.21,8973
6003.84,8972
6005.42,8971
6006.81,8970
6008.37,8969
6009.78,8968
6011.4,8966
6015.93,8962
6020.53,8959
6026.78,8956
6029.93,8955
6031.73,8954
6033.31,8953
6034.92,8952
6048.94,8951
6050.67,8950
6052.42,8948
6053.85,8947
6056.94,8946
6058.43,8944
6063.22,8942
6066.07,8941
6067.73,8940
6069.2,8939
6070.74,8937
6072.4,8934
6073.96,8933
6092.04,8931
6096.95,8930
6098.76,8928
6102.21,8926
6103.8,8925
6108.37,8924
6109.92,8923
6113.24,8919
6114.84,8918
6116.29,8916
6123.93,8912
6125.56,8911
6127.02,8909
6130.07,8908
6137.84,8907
6139.27,8905
6140.81,8904
6145.46,8903
6147.02,8902
6148.65,8901
6150.12,8900
6151.57,8897
6155.09,8896
6160.16,8895
6163.24,8889
6174.13,8888
6183.19,8885
6186.27,8882
6197.24,8881
6198.71,8879
6200.32,8878
6201.75,8877
6209.36,8876
6210.89,8872
6212.4,8871
6214.12,8870
6215.88,8867
6217.43,8866
6222.41,8865
6225.5,8864
6227.08,8863
6228.51,8862
6233.06,8861
6234.87,8860
6237.76,8859
6239.55,8858
6240.96,8856
6244.41,8854
6245.81,8852
6247.39,8849
6248.81,8848
6259.55,8847
6261.15,8846
6262.73,8845
6265.96,8843
6273.82,8842
6275.45,8841
6277.13,8840
6278.81,8839
6280.79,8838
6282.51,8837
6283.97,8836
6285.7,8835
6287.12,8834
6288.66,8833
6290.2,8832
6291.74,8831
6293.38,8830
6294.83,8829
6296.29,8828
6297.91,8827
6299.48,8826
6301.13,8825
6302.52,8824
6303.99,8823
6305.6,8822
6308.6,8821
6310.09,8819
6317.89,8818
6327.51,8817
6329.18,8816
6330.65,8815
6332.27,8813
6333.99,8811
6335.67,8810
6340.85,8809
6342.4,8808
6343.97,8807
6345.54,8806
6347.03,8804
6348.64,8802
6354.79,8798
6364.4,8797
6373.47,8796
6375.06,8795
6376.66,8794
6378.15,8793
6383.64,8792
6385.52,8791
6391,8790
6393.04,8789
6396.83,8784
6408.95,8783
6410.67,8782
6416.77,8780
6419.97,8779
6426.22,8777
6430.87,8776
6433.94,8775
6435.37,8774
6436.86,8772
6439.89,8771
6441.51,8770
6444.63,8768
6446.34,8766
6450.94,8763
6457.69,8762
6464.31,8760
6466.52,8759
6468.27,8758
6471.29,8756
6474.62,8755
6480.62,8754
6482.42,8751
6492.23,8750
6494.17,8749
6502.53,8747
6504.12,8746
6505.81,8745
6510.99,8744
6512.88,8743
6518.31,8742
6523.65,8741
6525.58,8740
6527.21,8739
6528.77,8738
6530.43,8737
6531.96,8736
6533.68,8735
6535.43,8734
6537.28,8733
6542.45,8732
6544.16,8731
6549.19,8730
6550.98,8729
6555.86,8728
6557.49,8726
6559.05,8724
6567.06,8723
6573.68,8719
6575.51,8718
6591.61,8717
6593.28,8716
6603.05,8715
6606.21,8714
6607.69,8713
6609.31,8712
6610.83,8711
6612.37,8710
6614.03,8709
6622.39,8708
6623.91,8707
6627.09,8703
6640.18,8702
6645.8,8700
6647.36,8699
6648.92,8698
6650.49,8694
6669.67,8693
6671.13,8691
6672.74,8690
6675.8,8689
6679.04,8684
6685.63,8681
6690.74,8680
6700.64,8679
6702.33,8678
6704.32,8677
6706.27,8676
6707.74,8675
6715.58,8674
6717.19,8672
6722.29,8669
6733.95,8667
6735.83,8666
6738.87,8664
6740.53,8663
6743.62,8662
6747.03,8661
6748.56,8659
6750.02,8658
6765.19,8657
6767.19,8656
6770.21,8655
6774.88,8654
6776.33,8653
6777.88,8650
6779.48,8649
6790.27,8648
6791.76,8647
6793.47,8646
6796.47,8644
6799.54,8641
6802.64,8640
6808.81,8639
6810.35,8638
6811.82,8637
6816.64,8636
6818.32,8634
6819.9,8631
6821.64,8628
6823.3,8627
6825.02,8626
6839.25,8625
6840.75,8623
6844.16,8622
6851.98,8619
6856.7,8618
6858.15,8617
6859.56,8616
6861.19,8615
6873.66,8614
6876.84,8613
6880.17,8611
6888.39,8610
6889.84,8609
6891.41,8608
6892.96,8607
6896.16,8605
6897.63,8603
6906.85,8602
6908.38,8601
6912.91,8600
6917.54,8599
6919.2,8598
6920.63,8597
6922.1,8596
6923.72,8594
6926.73,8593
6928.19,8590
6929.66,8587
6942.65,8586
6947.67,8585
6952.25,8583
6953.78,8581
6958.47,8579
6964.73,8578
6966.41,8577
6969.57,8576
6972.67,8573
6974.32,8572
6975.93,8571
6980.72,8569
6985.8,8568
6987.31,8567
6990.7,8566
6992.15,8565
6998.75,8564
7000.39,8562
7010.69,8561
7018.38,8560
7022.87,8559
7024.49,8558
7026.08,8557
7027.53,8555
7038.57,8554
7040.09,8552
7043.04,8551
7046.36,8550
7049.54,8546
7055.63,8545
7057.3,8543
7065.52,8542
7068.97,8541
7072.03,8540
7073.5,8539
7078.12,8538
7079.7,8536
7085.66,8535
7088.92,8534
7090.35,8531
7102.63,8528
7112.98,8527
7114.71,8526
7122.92,8525
7127.95,8524
7129.43,8523
7131.03,8522
7132.51,8520
7134.04,8519
7135.78,8518
7137.28,8516
7151.38,8515
7154.43,8513
7157.41,8512
7160.37,8511
7161.97,8508
7163.54,8504
7165.08,8503
7172.6,8502
7174.17,8501
7175.71,8500
7178.82,8499
7180.39,8498
7185.78,8497
7187.32,8496
7188.99,8495
7190.54,8493
7196.67,8491
7199.63,8490
7202.69,8489
7205.91,8485
7207.34,8484
7208.99,8483
7222.55,8480
7227.16,8479
7231.65,8477
7237.71,8476
7239.14,8475
7244.31,8474
7250.69,8473
7252.36,8471
7253.78,8470
7255.31,8467
7261.27,8464
7264.62,8462
7266.02,8461
7267.72,8460
7269.18,8459
7270.63,8458
7272.27,8457
7273.74,8456
7275.41,8454
7290.1,8453
7294.89,8452
7296.37,8451
7297.87,8450
7302.86,8449
7306.66,8448
7311.48,8447
7313.01,8444
7323.65,8441
7328.41,8440
7329.95,8439
7332.97,8438
7336.03,8437
7337.54,8436
7339.1,8435
7340.51,8434
7343.6,8433
7349.82,8432
7352.69,8431
7355.71,8430
7357.24,8429
7360.29,8428
7362.05,8419
7390.35,8418
7391.8,8417
7399.41,8414
7405.44,8413
7409.9,8412
7413.08,8411
7414.63,8410
7417.62,8409
7419.21,8408
7420.79,8406
7424.11,8405
7427.44,8402
7429.16,8401
7433.83,8400
7435.63,8399
7437.13,8396
7438.54,8395
7440.09,8394
7444.52,8393
7446.21,8392
7450.87,8391
7452.54,8390
7454.01,8389
7463.3,8388
7469.27,8387
7470.84,8386
7475.44,8385
7476.93,8384
7479.99,8383
7481.45,8382
7488.34,8381
7490.09,8378
7499.58,8377
7502.64,8376
7504.16,8375
7510.33,8374
7514.94,8373
7516.38,8372
7523.92,8371
7525.48,8370
7526.94,8368
7528.39,8367
7530.13,8365
7531.68,8364
7533.37,8363
7539.34,8362
7540.91,8361
7554.03,8360
7555.43,8359
7558.43,8357
7559.88,8356
7566.07,8355
7567.58,8354
7572.17,8353
7575.33,8352
7578.39,8351
7581.69,8349
7597.34,8348
7618.37,8347
7621.48,8346
7624.51,8345
7626.03,8344
7627.62,8343
7630.62,8342
7635.51,8341
7640.04,8340
7641.51,8339
7643.13,8338
7644.62,8337
7649.19,8336
7652.21,8334
7655.44,8332
7658.48,8331
7673.32,8330
7676.52,8329
7681.02,8328
7682.57,8326
7684,8325
7688.83,8322
7690.44,8321
7695.42,8319
7701.74,8317
7703.17,8316
7707.66,8315
7715.31,8314
7717,8312
7718.49,8310
7724.8,8304
7744.68,8303
7746.12,8302
7749.18,8301
7760.75,8300
7763.76,8299
7771.65,8298
7775.01,8295
7781.68,8293
7788.48,8289
7798.09,8287
7799.59,8286
7805.57,8285
7808.63,8284
7810.06,8280
7811.55,8279
7813.13,8278
7814.58,8276
7816.22,8275
7817.8,8274
7822.4,8272
7852.19,8270
7858.27,8269
7861.15,8268
7863.02,8267
7864.47,8264
7867.5,8262
7872.01,8261
7875.15,8258
7878.23,8257
7881.61,8256
7883.28,8254
7884.84,8253
7886.49,8251
7900.27,8250
7905.51,8249
7907.24,8248
7912.24,8247
7915.53,8246
7917.06,8245
7920.06,8243
7921.69,8242
7929.51,8241
7931,8237
7932.56,8232
7945.34,8231
7946.81,8230
7949.96,8229
7957.57,8228
7959.05,8227
7960.65,8226
7962.1,8224
7963.63,8223
7970.71,8222
7980.43,8221
7981.86,8219
7983.34,8218
7988.11,8217
7991.09,8216
7992.81,8215
7994.31,8214
7996.02,8212
8000.74,8211
8003.94,8210
8008.63,8209
8010.06,8208
8013.12,8207
8014.87,8203
8029.38,8200
8041.06,8199
8042.73,8197
8052.34,8196
8055.38,8195
8056.88,8194
8058.38,8193
8059.98,8191
8064.55,8190
8066.5,8189
8069.45,8188
8071.07,8185
8072.54,8184
8077.03,8183
8078.69,8182
8084.74,8180
8088.52,8179
8097.26,8177
8102.08,8175
8103.52,8174
8110.01,8173
8114.64,8170
8124.2,8166
8127.56,8165
8133.87,8164
8135.33,8163
8136.86,8162
8138.45,8161
8141.5,8157
8143.03,8156
8168.83,8155
8171.99,8153
8181.53,8152
8183.02,8149
8195.96,8148
8197.54,8147
8199.03,8146
8200.59,8143
8209.08,8141
8210.65,8140
8212.46,8139
8218.78,8136
8221.92,8134
8232.74,8133
8235.86,8132
8255.7,8130
8257.32,8129
8260.41,8128
8261.8,8127
8263.37,8126
8264.79,8125
8276.52,8124
8278.06,8123
8279.73,8122
8281.16,8121
8282.71,8118
8297.86,8116
8300.96,8114
8302.6,8113
8304.04,8112
8308.6,8108
8317.92,8107
8319.39,8106
8320.79,8105
8323.8,8104
8325.42,8103
8328.53,8102
8331.92,8101
8341.96,8099
8354.22,8098
8358.6,8097
8360.24,8096
8364.91,8095
8368.15,8094
8369.67,8092
8374.09,8091
8380.27,8090
8381.73,8089
8383.38,8084
8384.94,8083
8393.98,8082
8399.61,8081
8410.18,8080
8411.72,8079
8416.34,8078
8420.9,8077
8422.34,8076
8423.93,8074
8430,8072
8431.62,8071
8433.05,8069
8434.52,8068
8437.58,8067
8440.64,8066
8442.04,8065
8445.09,8064
8446.61,8062
8448.14,8061
8451.53,8060
8471.97,8059
8473.47,8058
8476.59,8057
8478.14,8056
8482.97,8055
8484.52,8053
8489.43,8052
8494.35,8050
8495.76,8049
8499.11,8048
8503.78,8047
8505.81,8045
8513.23,8044
8514.77,8043
8516.49,8042
8521.9,8040
8523.48,8039
8528.1,8038
8532.59,8037
8537.15,8036
8541.94,8035
8551.74,8034
8554.88,8032
8562.86,8031
8564.46,8030
8567.62,8029
8569.27,8026
8572.74,8025
8579.61,8024
8581.11,8022
8584.25,8021
8590.5,8020
8592.12,8019
8595.22,8018
8604.58,8017
8606.04,8015
8614.14,8014
8615.79,8013
8617.25,8011
8618.81,8008
8620.24,8007
8631.96,8006
8633.63,8002
8649.76,8001
8655.31,8000
8658.26,7999
8661.51,7998
8664.94,7996
8668.32,7994
8670.1,7993
8671.82,7991
8678.15,7990
8684.77,7989
8686.41,7988
8697.05,7987
8700.65,7986
8702.13,7984
8703.76,7981
8714.17,7980
8715.75,7979
8717.26,7975
8723.65,7972
8725.32,7970
8754.99,7969
8756.64,7963
8763.5,7962
8765.09,7961
8777.6,7958
8782.78,7957
8793.38,7956
8794.99,7955
8797.89,7954
8799.45,7952
8804.29,7950
8807.89,7948
8819.42,7946
8831.91,7945
8840.2,7944
8841.72,7942
8852.03,7941
8855.34,7940
8856.8,7939
8858.56,7938
8867.16,7937
8872.02,7936
8875.73,7935
8877.66,7934
8884.5,7932
8898.62,7931
8900.15,7930
8901.84,7929
8904.91,7927
8906.54,7926
8908.12,7925
8922.27,7923
8928.45,7922
8931.69,7921
8933.43,7920
8935.11,7919
8938.9,7918
8944.04,7917
8958.91,7916
8965.18,7915
8967.07,7913
8969.04,7911
8989.73,7910
8991.41,7909
9000.65,7908
9002.59,7907
9005.78,7906
9008.81,7905
9012.1,7904
9017.08,7902
9023.89,7900
9041.02,7897
9049.48,7896
9057.86,7895
9059.55,7893
9067.77,7892
9072.7,7891
9074.31,7890
9075.83,7889
9078.98,7888
9080.8,7887
9087.35,7886
9090.81,7885
9094.19,7884
9109.59,7883
9111.1,7882
9118.74,7880
9120.65,7878
9122.12,7877
9133.17,7874
9136.48,7873
9139.82,7872
9141.34,7871
9152.57,7870
9165.6,7868
9167.17,7867
9168.64,7866
9175.26,7864
9182.49,7861
9185.83,7860
9190.66,7857
9195.57,7856
9210.53,7855
9213.75,7854
9223.05,7852
9226.5,7851
9228.33,7850
9230,7849
9233.23,7847
9241.3,7846
9247.9,7844
9249.55,7843
9257.55,7842
9259.03,7840
9268.57,7839
9270.29,7837
9291,7836
9306.35,7835
9308.01,7834
9310.96,7833
9312.57,7831
9314.16,7830
9323.66,7829
9328.92,7827
9330.55,7826
9335.48,7824
9338.64,7823
9343.19,7822
9344.69,7821
9347.77,7818
9383.71,7817
9388.99,7814
9406.34,7813
9416.3,7812
9417.93,7811
9421.97,7810
9425.76,7809
9427.45,7808
9428.88,7806
9436.35,7804
9441,7802
9447.02,7801
9448.43,7799
9449.96,7798
9451.56,7797
9454.58,7796
9457.81,7795
9466.09,7789
9486.72,7788
9488.36,7787
9490.08,7785
9493.31,7784
9510.52,7783
9511.98,7782
9523.51,7779
9534.93,7778
9541.29,7777
9543.05,7776
9544.89,7775
9546.87,7773
9561.17,7771
9568.07,7770
9571.39,7769
9575.89,7768
9577.44,7767
9578.99,7761
9606.21,7759
9634.06,7757
9635.54,7752
9666.37,7751
9667.93,7746
9669.6,7745
9671.11,7742
9716.45,7741
9721.59,7740
9723.37,7738
9733.05,7737
9739.57,7735
9740.98,7734
9747.31,7733
9750.62,7731
9755.23,7729
9756.71,7728
9759.79,7726
9762.98,7723
9770.94,7722
9772.49,7721
9775.71,7720
9777.63,7719
9779.35,7718
9784.28,7717
9790.91,7716
9795.47,7715
9801.74,7713
9803.2,7712
9804.79,7711
9806.4,7710
9808.01,7709
9809.5,7707
9822.99,7706
9833.9,7705
9837.05,7704
9838.57,7703
9840.44,7702
9852.68,7700
9855.65,7699
9857.37,7698
9860.56,7697
9862,7696
9868.41,7695
9869.86,7694
9873.36,7693
9876.61,7692
9878.08,7691
9879.77,7690
9881.21,7683
9895.37,7681
9914.64,7677
9922.69,7676
9928.6,7675
9935.81,7674
9938.79,7671
9941.94,7670
9960.7,7666
9962.29,7665
9964.05,7664
9992.02,7663
9999.48,7662
10015,7660
10026.1,7659
10027.8,7658
10029.4,7655
10030.8,7654
10032.4,7651
10041.7,7649
10048.1,7648
10049.6,7644
10069.7,7641
10074.2,7640
10077.5,7639
10087.6,7638
10092.5,7637
10097.4,7635
10098.9,7633
10110.1,7632
10115.4,7630
10132.6,7629
10134,7628
10137.3,7627
10138.8,7626
10149.6,7625
10151.1,7624
10152.8,7623
10154.3,7622
10155.9,7621
10157.4,7620
10159.1,7616
10199.9,7615
10206.5,7613
10209.9,7612
10220.7,7611
10222.2,7610
10223.8,7609
10225.3,7608
10240.7,7605
10242.1,7604
10243.7,7603
10245.2,7601
10252.5,7600
10259.5,7599
10268.1,7598
10274.3,7597
10278.8,7593
10285.2,7591
10288.2,7590
10289.9,7589
10294.4,7588
10299.1,7587
10305.6,7586
10307.1,7582
10348.2,7581
10357,7577
10369.3,7574
10380.1,7572
10404.9,7571
10406.6,7570
10415.6,7569
10417,7568
10420,7567
10422.9,7566
10424.5,7565
10435.2,7564
10439.9,7563
10441.5,7562
10459.3,7561
10460.9,7560
10462.3,7559
10463.8,7558
10468.7,7557
10470.1,7556
10474.5,7554
10475.9,7553
10478.9,7552
10481.8,7551
10486.4,7549
10498.6,7546
10505,7543
10530,7540
10534.5,7538
10536,7534
10554.6,7533
10575.5,7532
10578.5,7530
10588.1,7529
10594.6,7526
10600.9,7522
10618,7521
10627.7,7520
10639.2,7519
10640.7,7518
10645.7,7517
10647.3,7515
10648.8,7514
10658.5,7513
10661.3,7511
10662.9,7510
10667.5,7509
10670.6,7508
10675.1,7507
10685.5,7506
10689,7505
10692.5,7503
10702.1,7500
10713.7,7499
10718.4,7498
10720.1,7497
10728.2,7496
10729.7,7494
10731.2,7492
10736.3,7491
10756.5,7490
10765.9,7489
10777.2,7488
10792.4,7486
10793.9,7483
10801.6,7481
10803.4,7479
10806.6,7477
10828.7,7476
10831.9,7475
10842.4,7474
10844,7473
10847.1,7472
10848.6,7471
10853.3,7470
10856.4,7469
10859.6,7468
10864.1,7467
10882.4,7466
10883.8,7465
10892.5,7463
10894.2,7461
10902.1,7460
10905.1,7457
10914.8,7456
10918,7455
10919.4,7454
10921,7453
10929.2,7452
10937.2,7451
10941.6,7450
10943,7449
10949.4,7448
10965.1,7447
10974.4,7446
10977.8,7445
10992.7,7444
10994.4,7442
10996.2,7440
11002.7,7438
11004.4,7437
11012.1,7436
11015.3,7435
11023.2,7433
11024.8,7432
11026.3,7431
11028,7430
11029.4,7429
11046.8,7428
11056.6,7427
11059.9,7426
11067.9,7425
11075.6,7424
11077.2,7423
11086.4,7421
11114.9,7420
11116.7,7417
11121.4,7416
11128.9,7415
11132.3,7413
11135.5,7412
11137.3,7410
11143.8,7409
11145.4,7408
11160.9,7405
11170.4,7404
11181.8,7403
11185.2,7402
11190.8,7401
11193.9,7400
11195.3,7399
11197.1,7397
11201.7,7395
11207.9,7394
11230.9,7393
11232.8,7390
11266.1,7389
11278.4,7388
11281.7,7387
11283.7,7386
11285.2,7383
11300.3,7382
11305.1,7381
11311.7,7380
11325.4,7379
11327.1,7377
11344.9,7376
11346.8,7375
11350,7374
11356.9,7373
11364.7,7369
11387.7,7368
11389.5,7366
11394.2,7365
11400.5,7364
11424.1,7361
11438.6,7360
11441.7,7359
11448.1,7357
11459,7355
11460.5,7354
11462.3,7353
11470,7351
11491.7,7350
11493.4,7349
11495,7347
11497.2,7345
11498.8,7344
11506.9,7343
11515.7,7342
11529.8,7341
11532.9,7340
11534.7,7338
11536.9,7337
11542.2,7335
11545.8,7334
11547.4,7333
11561.9,7330
11584.6,7329
11586,7328
11589,7327
11592,7326
11600.9,7325
11602.7,7323
11612.2,7322
11616.6,7321
11618.1,7320
11619.6,7319
11627.2,7318
11628.7,7317
11648.5,7316
11656.4,7315
11657.9,7310
11692,7308
11699.8,7307
11720.2,7305
11725.3,7304
11726.8,7301
11728.6,7300
11731.8,7299
11746.7,7298
11754.1,7297
11760,7296
11766,7295
11781.6,7294
11784.8,7292
11790.9,7291
11792.5,7289
11801.8,7287
11809.5,7286
11810.9,7284
11820.1,7283
11826,7282
11827.6,7281
11832,7280
11834.9,7279
11836.6,7277
11871.4,7274
11889.3,7272
11896.8,7269
11903.2,7267
11936.4,7266
11937.8,7265
11955,7264
11980.3,7263
11984.8,7262
11989.7,7261
11994.5,7260
11996,7259
11997.5,7258
12005.2,7256
12006.9,7254
12008.3,7253
12028.9,7249
12042.6,7248
12048.7,7245
12079.9,7244
12088.3,7243
12090,7242
12096.4,7241
12110.6,7240
12112.1,7239
12121.6,7238
12137,7237
12140.7,7236
12142.4,7235
12144,7232
12145.7,7230
12166.8,7228
12181.6,7227
12185.3,7224
12191.9,7223
12198.5,7222
12215.4,7221
12224.7,7220
12226.7,7219
12234.3,7217
12245.3,7214
12285.6,7213
12287.1,7212
12299.3,7210
12329.2,7209
12339.1,7208
12341.2,7207
12352,7206
12358.9,7203
12370.6,7202
12395.4,7201
12397,7200
12419.3,7199
12422.7,7198
12424.7,7196
12426.3,7194
12429.6,7192
12431.2,7189
12477.7,7188
12492.8,7187
12498.2,7186
12506.8,7185
12510,7184
12514.8,7182
12536.6,7180
12538.7,7178
12576.6,7176
12583,7175
12595.3,7174
12598.4,7173
12608.4,7172
12610.3,7171
12615.9,7170
12618,7168
12621.7,7166
12629.3,7164
12638.1,7162
12641.6,7161
12648.8,7160
12650.5,7159
12734.3,7158
12750.7,7157
12758.4,7156
12763.4,7155
12769.7,7154
12773.5,7153
12782,7150
12789.2,7149
12800.8,7147
12814.3,7146
12822.3,7145
12840.5,7144
12887,7143
12889,7142
12891,7141
12893.3,7140
12895.5,7139
12905.6,7138
12924.8,7136
12926.6,7135
12939.6,7133
12947.2,7129
12964.2,7128
12979.9,7127
12981.6,7123
12989.3,7122
12994.1,7121
12997.4,7120
12998.9,7119
13006.6,7118
13008.2,7117
13009.8,7116
13035.2,7113
13053.7,7112
13061.3,7111
13070.5,7110
13090.1,7109
13092.2,7108
13099.3,7106
13100.9,7103
13139.5,7098
13144.7,7097
13176.1,7095
13177.9,7094
13181.4,7092
13198.1,7091
13199.6,7088
13206.3,7086
13209.9,7085
13213.9,7084
13224.4,7081
13241.6,7080
13251.4,7079
13274,7078
13284.5,7077
13286.1,7075
13303.4,7074
13315.1,7072
13329.8,7071
13331.9,7070
13334.1,7067
13350.6,7066
13352.6,7065
13357.8,7063
13376.7,7062
13400.8,7061
13410.3,7060
13413.5,7059
13415.2,7058
13439.2,7057
13447.5,7056
13451.6,7055
13464.7,7054
13482.6,7053
13492.2,7052
13496.2,7049
13508.5,7046
13526.5,7044
13576.9,7041
13583.1,7039
13589.3,7037
13593.8,7035
13605.1,7033
13632.7,7032
13639.5,7030
13654.7,7029
13664.4,7025
13678.4,7024
13684.6,7023
13691.6,7021
13693.4,7020
13694.9,7019
13717.1,7017
13720.4,7016
13740.4,7015
13742.1,7014
13756.8,7013
13761.3,7012
13772.5,7011
13773.9,7010
13775.6,7009
13779,7008
13781,7007
13787.2,7004
13802.2,7003
13819.9,7002
13866.3,6999
13869.8,6998
13871.3,6997
13915.8,6996
13917.7,6995
13922.6,6994
13933,6993
13934.6,6992
13941.8,6991
13955.3,6989
13957,6988
13961.3,6987
13967.2,6986
14011.3,6984
14014.5,6983
14045.3,6981
14081.6,6979
14220.4,6977
14222,6976
14223.6,6975
14254.7,6974
14259.9,6972
14282.5,6971
14284.1,6966
14287.1,6965
14291.7,6964
14293.4,6963
14298.2,6962
14307.6,6961
14333.3,6960
14336.9,6958
14358.9,6957
14363.3,6955
14366.3,6954
14395.4,6953
14398.7,6952
14403.7,6951
14429.1,6950
14435.1,6949
14436.5,6947
14437.9,6946
14439.5,6945
14441,6942
14518.5,6941
14520.4,6940
14524.3,6938
14542.6,6937
14544.2,6934
14545.6,6932
14610.1,6930
14646.7,6928
14662.4,6927
14665.5,6926
14670.3,6923
14671.8,6922
14673.4,6921
14675,6920
14683,6918
14719,6914
14773.9,6913
14778.4,6911
14811.7,6910
14813.6,6908
14815.3,6906
14816.9,6904
14824.5,6902
14829.4,6897
14884,6896
14920,6895
14923.2,6894
15008,6893
15031.2,6891
15059.3,6889
15066.5,6887
15081.5,6886
15084.8,6885
15093.6,6884
15099.6,6882
15120.6,6880
15124.8,6879
15137.8,6875
15150,6874
15151.9,6873
15153.7,6871
15172.3,6868
15228.2,6867
15229.8,6866
15231.5,6865
15241.4,6863
15253.1,6861
15266,6860
15282.5,6859
15287.2,6858
15326.2,6856
15330.6,6855
15334.8,6854
15336.7,6853
15349.5,6852
15358.2,6850
15410,6849
15419.4,6845
15445.2,6844
15462.4,6843
15463.9,6842
15467,6841
15470.2,6840
15476.4,6839
15482.5,6838
15487.2,6836
15499.1,6835
15503.5,6834
15506.6,6833
15528.2,6832
15534.5,6831
15536,6830
15537.7,6827
15563.3,6825
15565.3,6823
15568.5,6822
15586.6,6821
15609.7,6820
15611.5,6819
15623.2,6817
15637.6,6816
15648,6815
15654.3,6814
15666.2,6812
15669.2,6811
15698.4,6810
15705.2,6808
15721.3,6806
15727.4,6804
15752.4,6803
15753.9,6802
15760.3,6801
15795.8,6800
15803.3,6798
15808.6,6796
15869.9,6795
15874.7,6794
15876.1,6792
15887,6791
15915.6,6788
15966.4,6786
15983.8,6785
15987.1,6784
15993,6782
16012.5,6781
16014,6780
16015.7,6777
16023,6773
16027.2,6772
16046.4,6771
16071.9,6770
16078.2,6767
16106.9,6766
16119.3,6765
16127.4,6764
16181.1,6762
16191.2,6761
16193.3,6756
16260.3,6752
16274.2,6751
16315.6,6750
16358.8,6748
16400.6,6747
16408.4,6746
16427.1,6742
16428.9,6740
16442.4,6738
16467.3,6737
16468.8,6736
16473.2,6735
16474.6,6734
16482,6733
16491.8,6732
16497.4,6731
16498.8,6729
16596.1,6725
16613.6,6724
16644.8,6723
16646.2,6722
16647.8,6720
16666.3,6719
16668.1,6718
16673.3,6716
16675.1,6715
16689.4,6714
16690.9,6713
16698.3,6712
16719.1,6711
16745.6,6710
16754.2,6709
16757.9,6708
16761.1,6707
16764.5,6706
16778.9,6705
16780.4,6702
16795.1,6701
16810.3,6700
16812.4,6698
16865.7,6697
16871.8,6696
16947.1,6693
17063.5,6692
17092,6690
17107.4,6689
17115.1,6688
17116.7,6687
17124.6,6685
17126.2,6684
17130.6,6683
17142.5,6682
17155.9,6681
17168,6679
17180.2,6678
17181.6,6675
17231.5,6672
17246.9,6671
17268,6670
17269.4,6669
17278.3,6667
17302.5,6666
17311.2,6665
17313.9,6663
17318.3,6662
17431.3,6661
17524.9,6660
17526.3,6658
17527.9,6654
17660.3,6653
17663.7,6652
17673.9,6651
17678.3,6650
17681.2,6649
17728.4,6648
17741.5,6646
17745,6645
17834.7,6643
17860.4,6642
17867.5,6641
17904,6640
17917.2,6639
17921.9,6637
17929.9,6636
17939.2,6633
17942.2,6631
17983.6,6629
18021,6628
18039.3,6627
18046.6,6625
18048,6624
18093.4,6623
18094.8,6622
18099.3,6620
18112.6,6619
18114.3,6618
18116.1,6616
18175.9,6615
18203.2,6614
18204.6,6613
18212,6612
18218,6611
18225.1,6610
18233.5,6609
18236.2,6608
18239.4,6607
18240.9,6606
18245.5,6605
18248.5,6602
18286,6601
18287.4,6600
18289,6599
18293.6,6595
18317.6,6594
18324.9,6591
18329.3,6590
18349.9,6589
18378.6,6586
18389.6,6585
18397.5,6584
18409.4,6583
18410.8,6582
18421.8,6581
18427.9,6580
18430,6579
18467.5,6578
18473.5,6577
18538.9,6575
18584.2,6574
18597.6,6573
18614,6572
18615.5,6571
18617.1,6568
18632.8,6567
18648.5,6566
18649.9,6565
18651.4,6564
18764.6,6562
18769.8,6560
18787.5,6559
18803.7,6558
18815.2,6557
18819.6,6556
18822.6,6555
18827,6552
18834.7,6550
18839.1,6547
18925.4,6546
18927.3,6542
18928.8,6541
18970.5,6540
18981.8,6539
18986.3,6538
19031.4,6537
19042.4,6536
19057.6,6535
19124.6,6534
19137,6533
19151.4,6531
19190.2,6530
19191.7,6529
19196.6,6528
19250.2,6527
19286.9,6524
19324.3,6523
19352.6,6522
19355.8,6521
19357.6,6519
19444.8,6516
19466.4,6515
19506.9,6514
19509.8,6512
19514.4,6510
19529.5,6509
19530.9,6508
19574.1,6507
19575.7,6506
19578.9,6505
19601.1,6504
19632.9,6503
19634.4,6502
19698.5,6501
19709.8,6500
19714,6499
19715.5,6498
19721.3,6497
19745.6,6496
19747.3,6495
19833.1,6494
19837.7,6489
19843.7,6488
19845.6,6487
19877.6,6482
19970.7,6479
19993.7,6477
20074,6476
20082.7,6475
20084.3,6474
20138.2,6473
20145.7,6472
20158.7,6471
20166.9,6470
20168.4,6468
20181.8,6466
20223,6465
20224.6,6464
20226.2,6462
20227.7,6461
20230.1,6460
20235.4,6458
20262.7,6457
20293.8,6456
20295.4,6455
20315.9,6454
20325.9,6453
20396,6452
20402.5,6451
20518.9,6450
20522.4,6447
20526.1,6444
20557.3,6443
20560.2,6442
20590.8,6441
20620.7,6439
20634,6438
20682.2,6437
20683.7,6434
20695.7,6433
20858.7,6432
20887.6,6430
20902.8,6429
20926.2,6428
20930.6,6426
21095.5,6425
21106.7,6424
21151.4,6423
21155.8,6421
21161.8,6418
21163.4,6417
21169.5,6414
21191.2,6411
21193.2,6410
21196.3,6409
21232.7,6408
21240.4,6407
21251,6406
21263.2,6405
21291.9,6404
21376.2,6403
21389.8,6402
21410.2,6400
21472.3,6399
21508.7,6396
21522,6395
21523.5,6394
21525.1,6393
21538.7,6391
21562,6390
21576.4,6388
21608.6,6387
21626.4,6385
21640.6,6383
21644.1,6382
21647.3,6380
21652.3,6379
22011.3,6378
22026.3,6377
22030.9,6376
22042.7,6375
22084.3,6373
22114.7,6368
22163.1,6367
22164.8,6366
22172.6,6364
22184.3,6362
22190.4,6361
22191.8,6360
22194.8,6359
22197.9,6357
22231.8,6356
22234.9,6355
22239.4,6354
22245.7,6353
22268.5,6352
22270,6349
22276.7,6348
22309.4,6344
22525.4,6340
22526.9,6339
22534.4,6337
22591.9,6335
22623.5,6333
22679.8,6332
22713.9,6331
22725.1,6328
22775.5,6327
22777,6326
22800.1,6325
22819.7,6324
22829.1,6322
22920.2,6320
23115.6,6316
23474.3,6312
23483.3,6311
23484.9,6310
23618.9,6309
23624.7,6308
23640.6,6307
23647.8,6306
23707.4,6305
23717.8,6304
23728.9,6302
23732.5,6301
23745.8,6300
23776.7,6299
23805.1,6298
23814,6297
23822.5,6296
23823.9,6294
23982.3,6293
24065.1,6292
24087.4,6291
24092.6,6290
24100.9,6289
24102.3,6288
24106.5,6287
24112.7,6285
24114.1,6284
24321.1,6283
24322.6,6282
24343.4,6281
24359.7,6278
24465.1,6277
24466.4,6276
24471.9,6274
25065.4,6272
25090.7,6270
25116.3,6267
25346.3,6266
25349.1,6264
25439.3,6262
25457.6,6261
25542.6,6260
25553.7,6259
26202.2,6258
26207.8,6257
26218.1,6256
26255.5,6254
26291.7,6252
26312.8,6251
26422.8,6250
26661.3,6249
26717.4,6247
26729.4,6246
26793.8,6245
26814.6,6244
26860.9,6241
26865.1,6239
26866.5,6238
27407.1,6237
27476.7,6236
27497.2,6234
27620.9,6232
27663.3,6230
28091.1,6229
28128,6228
28129.7,6227
28140,6226
28141.8,6224
28156.4,6222
28167.7,6220
28209.7,6218
28335.6,6217
28337.1,6216
28338.7,6215
28379.4,6214
28384.6,6213
28386.4,6212
28409.2,6211
28551.8,6210
28556.4,6209
28562.8,6208
28569.8,6207
28571.2,6205
28578.5,6204
28983.2,6203
28988.4,6202
29008.9,6201
29010.4,6199
29013.6,6198
29038.8,6197
29043.5,6196
29047.1,6195
29048.9,6194
29082.2,6191
29390.8,6190
29395.6,6187
29463.8,6185
29474.8,6184
30595.9,6183
30682.7,6182
31336,6181
31371.1,6179
31372.5,6178
31374,6177
31462.3,6175
31555.2,6173
31749.7,6171
31756.8,6170
31785.2,6169
31786.6,6168
31941,6167
31952.2,6166
31954.1,6165
31967.3,6164
31968.7,6159
32377.5,6158
32425.7,6156
32457.9,6155
32460.6,6149
32812.3,6148
33124.2,6147
33175,6145
33191.5,6144
33195.8,6143
33197.3,6142
33849.6,6139
33851.1,6136
33882.6,6135
33909.7,6134
33911.2,6133
33931.6,6132
33953.6,6131
33954.9,6130
33985.5,6129
33991.4,6128
33997.3,6127
34023.5,6126
34057.1,6125
34069,6124
34075.9,6123
34077.4,6122
34086.1,6121
35318.6,6120
35320,6119
36099.4,6117
36166.1,6116
36193.7,6115
36301,6114
36635.4,6113
36730.5,6111
37046.1,6110
37047.4,6109
37061.8,6108
37063.2,6106
37082.1,6105
37090.7,6104
37194.9,6103
37209.1,6102
37356.4,6101
37368.2,6099
37411.7,6098
37454.1,6097
37470.9,6096
37503.9,6095
37507.6,6094
37579.1,6093
37583.4,6092
37587.8,6091
40549.9,6090
40554.2,6089
40555.6,6088
40567.6,6087
43657.5,6086
44003.2,6084
44087.8,6083
44133.6,6082
44303,6081
44372,6080
44572.7,6079
47499.8,6078
47501.2,6077
47851.7,6076
47859.3,6075
47899.5,6074
47908.5,6073
47931.4,6071
47992,6070
48069.3,6068
48101.6,6066
48103,6062
48280.8,6061
48344.5,6060
48361.8,6059
49132.6,6056
49554.2,6054
49784.2,6053
49794.3,6052
49806.4,6051
49807.7,6050
49809.3,6049
49810.8,6047
49825.4,6046
49826.9,6045
50475.3,6044
50503.1,6043
50573.6,6042
50906.6,6041
50924.1,6040
50926.8,6038
50945.6,6037
50947,6035
50949.8,6034
50991.1,6029
52269.9,6027
52993.8,6026
53222.3,6025
55523.5,6024
55542.3,6023
55548.1,6021
56306.5,6020
56330.8,6019
56360.7,6016
56409.6,6015
56616.1,6014
56641.9,6013
56678.1,6012
56685.5,6011
56771,6010
56929.8,6009
56957.4,6007
57839.9,6006
57844.6,6005
57903.2,6004
58007.9,6002
58103.4,6001
67915.4,6000
67937.1,5999
67938.5,5998
67939.9,5997
67941.4,5994
68345.6,5993
68360.4,5992
68379.3,5991
68393.7,5990
68395.3,5989
68406.9,5986
68417.1,5985
68452.7,5984
68467.4,5983
68493.1,5982
71194,5981
71242.4,5978
71243.9,5977
71275,5976
71294.2,5974
71355.3,5971
71393.9,5970
71445.1,5967
71506.7,5965
71542,5964
71758.1,5963
73479.8,5961
73502.1,5960
74314.2,5959
74315.8,5958
74330.4,5957
74369.2,5955
74370.6,5954
74379.1,5953
74387.7,5952
74402.6,5951
75011.2,5949
75012.7,5948
76113.7,5947
76115.3,5946
76437.8,5945
76547.4,5944
76552.2,5943
76649.8,5941
76659.5,5939
76674.9,5936
76726.6,5935
78050.2,5934
78059.6,5933
78087.2,5930
78785.9,5929
92078.5,5925
92114.5,5924
92139.9,5923
92189.8,5922
92191.3,5920
92964.1,5919
92983,5918
92985.8,5917
92998.7,5913
99941.2,5911
99950.7,5910
99976.2,5909
99977.9,5908
99979.6,5905
99983.4,5904
100105,5903
100110,5900
100295,5899
100298,5898
103481,5897
103482,5896
103497,5895
103499,5891
104512,5890
105800,5889
105801,5888
105803,5886
105855,5885
105882,5884
105886,5883
105889,5882
106201,5881
106756,5879
106846,5878
117635,5877
117653,5875
117690,5874
118066,5872
