3.12066,14108
4.88614,14107
6.49035,14106
8.19309,14105
9.87898,14104
11.4338,14103
13.1949,14102
14.956,14101
16.7021,14100
18.3097,14099
20.0312,14098
21.6144,14096
23.3647,14094
25.0549,14093
26.6669,14091
28.3996,14089
30.0424,14087
31.74,14086
33.3307,14084
34.9048,14083
36.6816,14082
38.3427,14081
40.15,14079
41.7421,14077
43.6209,14072
45.2475,14068
46.8138,14067
48.4756,14061
50.1017,14058
52.027,14057
53.7378,14056
55.5728,14055
57.4112,14052
59.2261,14051
60.9241,14044
62.5754,14042
64.2435,14039
65.8999,14033
67.6232,14032
69.3511,14031
71.1197,14028
72.7115,14027
74.3896,14025
76.3665,14022
77.941,14017
79.6899,14016
81.2884,14014
83.0392,14011
84.7226,14005
86.4948,14002
88.1458,13994
89.962,13993
91.9425,13987
93.6362,13984
95.5235,13982
97.1018,13980
98.8585,13977
100.448,13973
102.081,13970
103.8,13968
105.489,13965
107.311,13964
108.999,13963
111.212,13956
112.955,13952
114.89,13947
116.547,13945
118.443,13944
120.025,13941
121.663,13940
123.421,13937
124.97,13933
126.682,13932
128.378,13931
130.232,13927
131.831,13923
133.551,13921
135.577,13918
137.192,13913
138.886,13910
140.473,13906
142.131,13904
143.804,13902
145.443,13900
147.084,13897
148.734,13895
150.776,13892
152.607,13891
154.325,13890
155.95,13889
157.603,13885
159.248,13884
160.877,13880
162.604,13876
164.201,13870
165.901,13869
167.449,13867
169.148,13863
171.05,13859
172.788,13857
174.649,13855
176.361,13854
178.271,13853
179.837,13851
181.575,13845
183.201,13843
184.844,13837
186.468,13836
188.093,13835
189.844,13834
191.561,13833
193.285,13832
194.813,13829
196.444,13825
198.053,13824
199.621,13821
201.345,13817
202.919,13813
204.696,13810
206.287,13805
208.106,13803
210.072,13802
211.887,13801
213.646,13799
215.465,13798
217.184,13797
218.739,13793
220.509,13785
222.08,13784
223.831,13783
225.433,13776
226.986,13771
228.657,13770
230.276,13769
232.535,13767
234.321,13763
236.155,13760
237.852,13758
239.686,13750
241.496,13749
243.314,13748
245.04,13743
246.61,13738
248.377,13737
250.006,13736
251.831,13730
253.419,13729
255.046,13726
256.972,13724
258.574,13722
260.307,13719
262.079,13718
263.776,13717
265.383,13716
267.076,13715
268.709,13714
270.279,13711
272.094,13710
273.708,13709
275.482,13702
277.105,13699
278.771,13698
280.441,13697
282.091,13695
283.978,13693
285.697,13691
288.061,13684
290.079,13683
292.247,13682
294.107,13668
296.299,13667
298.19,13665
300.149,13664
301.831,13662
303.645,13659
305.252,13657
306.942,13655
308.787,13654
310.615,13651
312.786,13647
314.527,13644
316.552,13642
318.101,13638
319.827,13634
321.431,13632
323.113,13629
324.824,13627
326.364,13626
328.199,13624
330.017,13622
331.721,13618
333.387,13617
335.174,13612
336.763,13611
338.341,13610
340.11,13608
341.673,13600
343.404,13599
344.982,13596
346.624,13594
348.219,13592
349.772,13591
351.623,13584
353.468,13583
355.271,13579
357.008,13575
358.962,13572
360.645,13569
362.363,13568
364.065,13565
365.723,13562
367.515,13561
369.113,13557
370.834,13555
372.427,13552
374.213,13549
376.211,13546
377.95,13542
379.635,13541
381.261,13540
383.043,13539
384.761,13538
386.534,13535
388.11,13532
389.788,13526
391.639,13525
393.564,13524
395.471,13520
397.029,13518
398.753,13516
400.296,13512
401.873,13506
403.56,13504
405.188,13501
406.887,13498
408.444,13495
410.191,13493
411.866,13492
413.668,13485
415.516,13483
417.244,13479
419.265,13476
420.877,13473
422.646,13471
424.331,13466
426.442,13464
428.456,13462
430.465,13459
432.244,13455
434.08,13453
435.764,13451
437.439,13449
439.259,13447
440.842,13443
442.554,13438
444.567,13437
446.374,13436
447.991,13434
449.895,13430
451.497,13426
453.083,13425
454.797,13424
456.499,13422
458.254,13419
459.915,13418
461.637,13415
463.259,13414
465.065,13412
466.706,13409
468.299,13405
470.048,13402
471.783,13400
473.67,13396
475.412,13394
477.236,13392
479.027,13390
480.745,13389
482.419,13387
483.963,13386
485.815,13382
487.411,13381
489.048,13378
490.766,13377
492.376,13375
494.048,13372
495.677,13370
497.434,13366
499.218,13364
500.95,13359
502.577,13356
504.213,13355
506.058,13354
507.649,13353
509.514,13351
511.144,13350
512.849,13347
514.472,13344
516.139,13342
517.843,13341
519.413,13340
521.196,13339
522.727,13334
524.539,13332
526.251,13330
527.914,13329
529.618,13327
531.305,13322
533.406,13321
535.111,13319
536.982,13317
538.722,13314
540.706,13313
542.481,13310
544.147,13307
545.863,13305
547.459,13303
549.25,13297
550.8,13292
552.497,13287
554.08,13285
555.729,13283
557.31,13282
558.859,13277
560.602,13273
562.321,13272
564.015,13271
565.728,13269
567.495,13267
569.098,13266
570.676,13265
572.363,13264
573.854,13263
575.609,13258
577.292,13256
578.966,13254
580.664,13252
582.215,13249
583.981,13247
585.697,13245
587.468,13243
589.04,13242
590.685,13239
592.316,13234
594.013,13233
595.838,13232
597.572,13229
599.459,13228
601.216,13225
602.945,13224
604.504,13223
606.26,13216
607.996,13215
609.606,13214
611.304,13211
612.861,13210
614.527,13208
616.156,13207
617.724,13205
619.381,13203
620.941,13202
622.653,13198
624.185,13193
625.837,13192
627.589,13191
629.185,13189
630.872,13188
632.432,13186
634.143,13181
635.693,13179
637.594,13178
639.373,13177
641.307,13174
643.135,13170
644.756,13164
646.573,13163
648.192,13162
649.883,13161
651.573,13160
653.269,13156
655.152,13153
656.894,13150
659.261,13148
661.459,13147
663.58,13141
664.765,13137
667.549,13134
669.49,13133
671.709,13131
673.736,13130
675.884,13128
677.764,13126
679.378,13125
680.973,13123
682.91,13120
684.676,13119
686.518,13118
688.087,13115
689.792,13111
691.634,13105
693.695,13104
695.373,13102
696.899,13100
698.608,13098
700.174,13095
701.889,13094
703.435,13093
705.098,13092
706.76,13091
708.318,13089
710.074,13088
711.661,13086
713.624,13085
715.405,13084
717.175,13081
718.938,13079
720.596,13075
722.401,13074
724.004,13071
725.731,13069
727.248,13068
729.075,13067
730.846,13065
732.877,13063
734.849,13062
736.654,13061
738.628,13059
740.292,13058
742.191,13057
743.878,13056
745.58,13055
747.218,13050
748.881,13044
750.568,13042
752.105,13041
753.834,13040
755.411,13038
757.25,13037
759.386,13036
761.335,13033
763.018,13030
764.648,13028
766.286,13025
767.869,13024
769.679,13022
771.214,13016
772.828,13014
774.411,13007
776.124,13004
778.1,13003
779.862,13001
781.761,13000
783.554,12997
785.454,12995
787.088,12994
788.838,12990
790.536,12989
792.159,12987
793.901,12984
795.593,12983
797.324,12982
798.944,12981
800.719,12980
802.359,12978
804.078,12972
805.847,12968
807.479,12967
809.297,12966
810.963,12965
812.7,12964
814.302,12960
815.975,12958
817.656,12953
819.281,12952
821.138,12951
822.7,12949
824.494,12947
826.194,12946
827.797,12945
829.633,12942
831.253,12940
833.226,12939
834.74,12938
836.504,12936
838.269,12935
840.319,12934
842.304,12933
844.365,12931
846.024,12930
847.716,12928
849.789,12925
851.43,12922
853.241,12920
854.889,12918
856.602,12917
858.178,12916
859.932,12914
861.75,12913
863.458,12911
865.314,12910
866.86,12909
868.696,12908
870.407,12906
872.079,12901
873.756,12899
875.369,12898
877.082,12897
878.671,12896
880.435,12892
882.049,12891
883.714,12890
885.346,12887
886.892,12886
888.701,12885
890.436,12883
892.135,12882
893.705,12881
895.35,12880
897.043,12875
898.838,12874
900.726,12865
902.395,12864
904.288,12863
906.022,12859
907.732,12858
909.341,12856
911.136,12852
912.817,12850
914.409,12847
916.205,12846
917.725,12844
919.544,12841
921.155,12840
922.797,12839
924.468,12836
926.022,12835
927.751,12833
929.401,12830
931.192,12829
932.91,12828
934.995,12824
936.815,12823
938.414,12822
940.245,12820
942.076,12819
944.149,12818
945.774,12815
947.475,12813
949.026,12810
950.706,12806
952.35,12804
953.928,12799
955.617,12792
957.212,12791
959.218,12790
961.059,12788
962.895,12785
964.512,12783
966.303,12779
967.962,12775
969.591,12774
971.337,12773
972.879,12769
974.545,12768
976.374,12766
978.199,12765
979.861,12761
981.659,12759
983.547,12757
985.325,12755
987.17,12754
988.741,12752
990.617,12750
992.408,12748
994.169,12745
995.834,12744
997.418,12742
999.125,12741
1000.74,12737
1002.76,12736
1004.44,12735
1006.34,12733
1008.44,12732
1010.28,12731
1012.04,12728
1013.64,12727
1015.38,12725
1016.88,12724
1018.76,12721
1020.42,12720
1022.47,12719
1024.71,12717
1026.65,12712
1028.38,12710
1030.08,12707
1031.75,12706
1033.43,12704
1035.15,12702
1036.73,12701
1038.38,12700
1039.94,12696
1041.7,12694
1043.47,12693
1044.98,12692
1046.6,12691
1048.18,12690
1049.72,12687
1051.37,12686
1052.86,12683
1054.58,12679
1056.12,12677
1057.74,12676
1059.31,12675
1060.98,12674
1063.12,12673
1064.84,12670
1066.6,12668
1068.32,12666
1070.16,12664
1071.89,12663
1073.69,12661
1075.31,12655
1076.82,12653
1078.71,12652
1080.34,12650
1082.21,12649
1083.99,12646
1085.82,12643
1087.58,12642
1089.26,12640
1090.9,12639
1092.45,12637
1094.18,12635
1095.76,12634
1097.44,12630
1099.03,12627
1100.93,12626
1102.73,12625
1104.33,12623
1106.07,12620
1107.92,12618
1109.69,12617
1111.3,12615
1112.94,12614
1114.94,12613
1116.52,12612
1118.2,12611
1119.8,12607
1121.53,12606
1123.04,12604
1124.84,12603
1126.46,12602
1128.13,12601
1129.78,12596
1131.44,12595
1133.69,12591
1135.49,12588
1137.21,12587
1138.86,12586
1140.9,12583
1142.85,12579
1144.52,12576
1146.36,12571
1148.22,12570
1150.39,12568
1152.27,12565
1154.2,12561
1155.95,12559
1157.72,12558
1159.34,12557
1160.98,12555
1162.65,12554
1164.38,12553
1166.27,12552
1168.11,12549
1169.93,12546
1171.46,12545
1173.11,12544
1174.7,12542
1176.51,12541
1178.09,12540
1179.63,12539
1181.36,12537
1182.93,12536
1185,12535
1186.54,12534
1188.43,12530
1190.39,12528
1192.13,12527
1193.91,12526
1195.59,12524
1197.31,12523
1198.87,12522
1200.87,12519
1202.89,12511
1204.71,12510
1206.37,12509
1208.24,12503
1209.99,12502
1211.6,12501
1213.21,12500
1214.73,12499
1216.53,12498
1218.03,12495
1219.7,12492
1221.29,12491
1222.88,12490
1224.55,12489
1226.17,12488
1228.03,12485
1229.68,12483
1231.47,12481
1233.28,12480
1234.95,12478
1236.6,12475
1238.13,12474
1239.84,12470
1241.34,12468
1242.97,12466
1244.62,12464
1246.23,12463
1247.9,12462
1249.47,12461
1251.3,12459
1252.92,12456
1254.45,12452
1256.39,12451
1258.65,12446
1260.66,12443
1262.47,12442
1264.35,12441
1266.34,12440
1268.43,12439
1269.74,12438
1271.23,12436
1272.87,12435
1274.35,12434
1276.05,12433
1277.77,12431
1279.65,12425
1281.21,12423
1282.82,12422
1284.6,12420
1286.3,12415
1287.93,12411
1289.47,12410
1291.18,12408
1292.91,12407
1294.68,12404
1296.43,12402
1298.02,12399
1299.8,12397
1301.61,12394
1303.37,12393
1304.93,12391
1306.6,12387
1308.2,12386
1309.74,12383
1311.49,12381
1313.03,12380
1314.84,12378
1316.36,12377
1318.13,12374
1319.79,12373
1321.4,12371
1323.35,12368
1325.3,12365
1327.29,12364
1329.12,12363
1330.81,12362
1332.36,12361
1334.06,12359
1335.67,12357
1337.45,12355
1339.12,12354
1340.67,12353
1342.37,12352
1344.05,12351
1345.64,12349
1347.23,12348
1348.82,12346
1350.49,12344
1352.03,12342
1353.67,12339
1355.28,12337
1356.83,12334
1358.7,12333
1360.24,12330
1361.9,12328
1363.44,12327
1364.94,12326
1366.56,12324
1368.12,12323
1369.86,12322
1371.53,12320
1373.46,12317
1375.08,12316
1376.64,12312
1378.46,12311
1380.05,12310
1381.76,12309
1383.44,12308
1385.33,12307
1387.1,12306
1388.92,12305
1390.5,12304
1392.09,12303
1393.73,12298
1395.29,12297
1397,12296
1398.75,12295
1400.47,12294
1402.05,12290
1403.65,12289
1405.3,12288
1406.91,12286
1408.58,12282
1410.3,12281
1411.96,12280
1413.47,12276
1415.05,12273
1416.85,12272
1418.58,12268
1420.44,12266
1421.99,12264
1423.78,12263
1425.46,12262
1426.99,12259
1428.72,12258
1430.3,12253
1432.3,12252
1434,12249
1435.71,12248
1437.37,12247
1439.29,12245
1441.23,12242
1443.13,12241
1444.91,12239
1446.6,12238
1448.44,12237
1450.07,12236
1451.76,12232
1453.32,12229
1454.93,12226
1456.57,12225
1458.06,12224
1460.05,12223
1461.57,12221
1463.36,12220
1464.94,12219
1466.5,12218
1468.33,12216
1470.1,12215
1471.75,12214
1473.26,12213
1474.92,12212
1476.52,12211
1478.12,12207
1480,12205
1481.64,12198
1483.43,12196
1484.99,12195
1486.6,12194
1488.25,12193
1489.86,12192
1491.57,12191
1493.1,12190
1494.77,12187
1496.37,12186
1497.93,12184
1499.81,12183
1501.46,12182
1503.29,12180
1504.97,12178
1506.77,12176
1508.5,12175
1510.14,12174
1511.69,12171
1513.21,12168
1514.88,12167
1516.43,12164
1518.03,12163
1519.78,12161
1521.35,12160
1523.03,12158
1524.53,12157
1526.23,12156
1527.75,12151
1529.41,12147
1531.01,12146
1532.53,12145
1534.16,12143
1535.71,12142
1537.35,12141
1538.95,12140
1540.62,12139
1542.25,12137
1543.8,12136
1545.47,12135
1546.99,12131
1548.49,12130
1550.25,12129
1551.85,12128
1553.51,12127
1555.05,12125
1556.65,12124
1558.35,12122
1560.11,12115
1562.09,12114
1563.75,12112
1565.59,12107
1567.29,12106
1569.06,12104
1570.64,12102
1572.31,12101
1573.87,12100
1575.39,12099
1577.23,12098
1578.95,12097
1580.93,12096
1582.49,12095
1584.32,12094
1586.03,12092
1587.63,12089
1589.29,12087
1590.86,12084
1592.7,12083
1594.41,12080
1596.14,12079
1597.66,12078
1599.22,12075
1601.06,12073
1602.57,12071
1604.23,12070
1605.8,12069
1607.39,12068
1608.99,12066
1610.53,12065
1612.25,12063
1613.78,12062
1615.49,12061
1617.04,12060
1618.59,12055
1620.27,12054
1622.07,12053
1623.93,12052
1625.56,12051
1627.32,12049
1629.07,12048
1630.61,12047
1632.23,12045
1633.76,12044
1635.43,12042
1636.94,12041
1638.51,12040
1640.14,12039
1641.82,12038
1643.63,12037
1645.14,12034
1646.78,12033
1648.4,12031
1649.92,12026
1651.62,12021
1653.14,12019
1654.79,12018
1656.37,12015
1657.9,12014
1659.61,12012
1661.19,12011
1663,12010
1664.55,12009
1666.21,12008
1667.71,12006
1669.35,12005
1670.93,12002
1672.52,12001
1674.17,12000
1675.72,11999
1677.36,11997
1679.04,11996
1680.62,11995
1682.41,11994
1684.08,11988
1685.92,11987
1687.76,11986
1689.59,11985
1691.22,11984
1692.73,11983
1694.4,11981
1695.94,11978
1697.59,11976
1699.18,11975
1700.78,11974
1702.43,11973
1703.96,11972
1705.72,11970
1707.28,11967
1709.15,11966
1711.37,11965
1713.44,11961
1715.14,11960
1716.72,11959
1718.26,11958
1719.86,11957
1721.66,11954
1723.51,11952
1725.26,11951
1726.98,11950
1729.02,11948
1730.72,11947
1732.92,11945
1734.56,11944
1736.16,11943
1737.79,11942
1739.4,11941
1741.15,11939
1742.96,11938
1744.77,11937
1746.46,11936
1748.24,11934
1750.04,11933
1751.61,11932
1753.44,11930
1755.02,11929
1756.69,11928
1758.22,11927
1759.83,11924
1761.5,11923
1763.22,11921
1764.94,11919
1766.48,11918
1768.13,11915
1769.68,11910
1771.21,11909
1773.04,11907
1774.55,11906
1776.24,11904
1777.76,11901
1779.28,11900
1780.88,11899
1782.46,11898
1784.19,11896
1785.71,11894
1787.29,11893
1788.92,11891
1790.49,11890
1792.19,11888
1793.88,11884
1795.46,11883
1797.08,11880
1798.55,11878
1800.26,11877
1801.78,11875
1803.77,11874
1805.44,11873
1807.14,11872
1808.93,11871
1810.65,11870
1812.32,11869
1813.96,11865
1815.71,11863
1817.24,11862
1818.86,11860
1820.5,11858
1822.06,11857
1823.73,11856
1825.22,11855
1827.01,11854
1828.85,11853
1830.33,11852
1832.12,11847
1833.95,11846
1835.59,11844
1837.12,11841
1838.73,11840
1840.33,11839
1842,11838
1843.81,11837
1845.43,11836
1847.09,11831
1848.66,11830
1850.27,11826
1852.03,11823
1853.58,11822
1855.38,11821
1856.93,11818
1858.8,11816
1860.39,11813
1862.17,11812
1863.86,11810
1865.8,11808
1867.53,11805
1869.29,11804
1871.09,11803
1872.64,11802
1874.45,11801
1876.37,11799
1878.75,11797
1880.43,11794
1882.27,11793
1884.06,11788
1886.21,11786
1887.94,11785
1889.69,11784
1891.5,11783
1893.21,11782
1895.1,11781
1896.75,11780
1898.78,11778
1900.53,11777
1902.19,11774
1903.83,11770
1905.91,11768
1907.82,11762
1909.56,11759
1911.36,11758
1913.15,11757
1914.85,11756
1916.45,11755
1918.19,11753
1919.91,11752
1921.58,11750
1923.33,11749
1925.54,11747
1927.27,11745
1929.15,11744
1930.8,11743
1932.54,11742
1934.22,11740
1935.82,11739
1937.5,11738
1939.02,11735
1940.87,11734
1942.39,11733
1944.22,11732
1945.89,11731
1947.52,11729
1949.32,11728
1950.87,11726
1952.55,11724
1954.31,11722
1956.09,11720
1957.66,11716
1959.24,11715
1961.09,11714
1962.68,11712
1964.36,11709
1966.03,11708
1967.64,11707
1969.38,11706
1970.86,11705
1972.57,11704
1974.19,11703
1975.84,11701
1977.5,11699
1979.09,11696
1980.9,11695
1982.46,11694
1984.35,11693
1986,11692
1987.74,11691
1989.48,11689
1991.32,11688
1993.02,11687
1994.66,11686
1996.5,11685
1998.08,11684
1999.79,11682
2001.5,11677
2003.06,11676
2004.8,11675
2006.43,11674
2008.15,11673
2009.77,11670
2011.53,11668
2013.15,11665
2014.9,11663
2016.61,11661
2018.15,11660
2019.86,11659
2021.59,11658
2023.24,11657
2024.84,11656
2026.38,11655
2028.09,11654
2029.61,11653
2031.36,11651
2033.02,11650
2034.87,11648
2036.49,11647
2038.07,11644
2039.97,11643
2041.7,11642
2043.64,11641
2045.35,11639
2047.23,11638
2048.93,11637
2050.59,11636
2052.53,11631
2054.08,11630
2055.75,11628
2057.31,11624
2058.93,11623
2060.71,11622
2062.5,11621
2064.26,11620
2065.79,11619
2067.76,11615
2069.34,11614
2070.97,11612
2072.62,11611
2074.15,11610
2075.85,11609
2077.43,11608
2079.06,11607
2080.64,11606
2082.34,11605
2084.03,11603
2085.57,11602
2087.26,11601
2088.85,11600
2090.45,11599
2092.07,11597
2093.77,11596
2095.56,11594
2097.2,11593
2098.96,11591
2100.54,11590
2102.11,11589
2103.97,11588
2105.67,11587
2107.49,11585
2109.23,11584
2111.05,11583
2112.66,11581
2114.2,11580
2115.79,11579
2117.32,11578
2118.95,11577
2120.44,11576
2122,11575
2123.76,11574
2125.26,11571
2126.87,11570
2128.45,11569
2130.1,11568
2131.65,11567
2133.17,11566
2134.87,11565
2136.36,11564
2138.04,11563
2139.56,11562
2141.1,11561
2142.76,11560
2144.32,11559
2145.99,11558
2147.51,11556
2149.3,11553
2150.92,11551
2152.48,11550
2154.14,11549
2155.63,11548
2157.25,11546
2159.07,11545
2160.64,11542
2162.42,11541
2163.97,11540
2165.91,11539
2167.7,11537
2169.71,11536
2171.45,11534
2173.22,11533
2174.78,11532
2176.27,11531
2178.16,11530
2179.99,11529
2181.68,11528
2183.3,11525
2185,11524
2186.71,11522
2188.2,11520
2190.09,11518
2191.8,11517
2193.68,11516
2195.49,11513
2197.43,11512
2199,11511
2200.51,11510
2202.12,11509
2203.58,11508
2205.31,11507
2206.83,11505
2208.46,11504
2210.06,11503
2211.61,11502
2213.28,11501
2215.01,11499
2216.73,11498
2218.35,11497
2219.96,11495
2221.55,11494
2223.04,11491
2224.8,11490
2226.47,11489
2228.35,11488
2230.09,11484
2231.71,11481
2233.56,11480
2235.24,11479
2236.94,11478
2238.48,11475
2240.02,11473
2241.62,11472
2243.23,11470
2244.9,11469
2246.43,11468
2248.06,11467
2249.66,11466
2251.24,11465
2252.99,11464
2254.61,11463
2256.35,11462
2257.87,11461
2259.56,11460
2261.13,11459
2262.77,11458
2264.51,11457
2266.06,11456
2267.7,11455
2269.33,11454
2270.92,11453
2272.64,11450
2274.21,11448
2275.96,11446
2277.49,11445
2279.13,11444
2280.94,11443
2282.42,11442
2284.11,11441
2285.79,11440
2287.65,11438
2289.4,11437
2291.2,11436
2292.98,11435
2294.62,11434
2296.38,11432
2297.86,11431
2299.57,11430
2301.18,11429
2302.71,11428
2304.28,11427
2305.99,11424
2307.7,11422
2309.22,11418
2311.08,11416
2312.58,11414
2314.08,11413
2315.76,11412
2317.28,11411
2318.89,11409
2320.63,11407
2322.28,11406
2323.95,11403
2325.49,11402
2327.12,11398
2328.62,11395
2330.2,11394
2331.84,11388
2333.55,11385
2335.27,11383
2336.79,11382
2338.36,11381
2339.96,11380
2341.65,11377
2343.5,11375
2345,11374
2347,11372
2348.65,11370
2350.49,11369
2352.14,11368
2353.97,11367
2355.68,11364
2357.16,11363
2358.82,11361
2360.37,11360
2361.95,11359
2363.7,11358
2365.26,11356
2367.03,11355
2368.57,11354
2370.29,11353
2372,11352
2373.69,11351
2375.22,11349
2376.79,11346
2378.43,11344
2380.02,11343
2381.74,11340
2383.3,11339
2384.92,11337
2386.5,11332
2388.07,11331
2389.83,11329
2391.51,11328
2393.19,11327
2394.7,11326
2396.3,11325
2397.93,11324
2399.46,11323
2401.23,11322
2402.99,11321
2404.75,11320
2406.56,11318
2408.41,11317
2410.18,11315
2411.96,11314
2413.77,11312
2415.32,11310
2417.01,11309
2418.58,11306
2420.38,11304
2422.17,11303
2423.73,11300
2425.38,11299
2427.01,11298
2428.71,11296
2430.28,11295
2432.03,11294
2433.77,11293
2435.41,11292
2437.26,11291
2439.1,11290
2441.02,11285
2442.7,11282
2444.3,11281
2445.89,11280
2447.35,11279
2448.95,11278
2450.42,11277
2452.17,11273
2453.73,11272
2455.26,11271
2457.01,11270
2458.96,11268
2460.83,11267
2462.5,11266
2464.28,11264
2465.93,11263
2467.8,11261
2469.52,11259
2471.5,11258
2473.53,11257
2475.39,11256
2477.24,11255
2479.35,11254
2481,11253
2482.52,11250
2484.44,11249
2486.3,11246
2487.94,11245
2489.42,11244
2491.1,11243
2492.94,11241
2494.83,11240
2496.91,11239
2498.6,11238
2500.31,11237
2501.91,11236
2503.56,11232
2505.24,11231
2506.78,11229
2508.53,11227
2510.14,11226
2511.93,11222
2513.47,11220
2515.19,11218
2516.82,11217
2518.42,11216
2520.21,11215
2521.69,11212
2523.31,11208
2524.96,11206
2526.54,11205
2528.34,11204
2530.05,11203
2531.99,11202
2533.86,11201
2535.74,11200
2537.47,11199
2539.24,11197
2540.84,11196
2542.34,11195
2544.1,11194
2545.6,11193
2547.31,11192
2548.91,11191
2550.38,11190
2551.98,11186
2553.52,11185
2555.13,11184
2556.76,11183
2558.26,11180
2560.11,11178
2561.95,11177
2563.69,11176
2565.2,11174
2566.74,11173
2568.38,11172
2569.91,11171
2571.54,11170
2573.03,11169
2574.61,11168
2576.31,11167
2577.83,11166
2579.72,11165
2581.22,11163
2582.79,11162
2584.4,11160
2586.14,11157
2588.08,11156
2589.87,11155
2591.69,11153
2593.31,11151
2595.2,11149
2596.75,11148
2598.26,11147
2599.97,11145
2601.48,11144
2603.1,11143
2604.59,11142
2606.32,11140
2608.76,11139
2610.74,11138
2612.43,11137
2614.05,11135
2615.95,11134
2617.51,11132
2619.26,11131
2620.81,11129
2622.42,11128
2624.08,11127
2625.78,11124
2627.38,11122
2628.84,11121
2630.49,11120
2631.99,11119
2634.29,11117
2635.85,11116
2637.41,11115
2639.17,11114
2640.9,11112
2642.9,11110
2644.43,11106
2646.07,11105
2647.61,11104
2649.33,11102
2651.21,11101
2652.92,11099
2654.84,11098
2656.57,11097
2658.22,11095
2659.75,11094
2661.29,11091
2662.95,11090
2664.64,11089
2666.37,11088
2667.98,11086
2669.59,11085
2671.3,11084
2672.84,11082
2674.43,11080
2676.05,11079
2678.07,11078
2679.79,11077
2681.76,11076
2683.45,11075
2685.23,11074
2686.8,11070
2688.3,11069
2690.08,11068
2691.75,11067
2693.4,11066
2694.89,11065
2696.51,11064
2698.13,11063
2699.65,11062
2701.32,11061
2702.79,11058
2704.33,11056
2706.08,11055
2707.61,11054
2709.57,11052
2711.39,11051
2713.19,11048
2714.9,11046
2716.69,11044
2718.31,11043
2719.76,11042
2721.39,11041
2722.87,11040
2724.38,11039
2726.02,11038
2727.56,11037
2729.39,11036
2730.83,11035
2732.56,11034
2734.06,11033
2735.5,11032
2737.19,11031
2738.7,11030
2740.28,11029
2741.81,11028
2743.28,11027
2745.17,11026
2746.77,11025
2748.43,11023
2749.9,11022
2751.42,11020
2753.21,11019
2754.65,11018
2756.22,11016
2757.81,11015
2759.4,11014
2761.11,11012
2762.66,11010
2764.26,11007
2765.8,11006
2767.49,11005
2769.2,11003
2770.87,11001
2772.86,11000
2774.51,10997
2776.38,10996
2778.26,10995
2780.21,10993
2781.79,10992
2783.67,10991
2785.36,10989
2787.38,10987
2788.99,10984
2790.58,10983
2792.53,10982
2794.08,10981
2796.01,10980
2797.54,10979
2799.12,10978
2800.81,10977
2802.58,10976
2804.42,10975
2805.95,10974
2807.57,10973
2809.08,10972
2810.61,10971
2812.2,10969
2813.86,10968
2815.54,10967
2817.03,10966
2818.63,10965
2820.2,10964
2821.67,10963
2823.4,10962
2824.9,10961
2826.45,10958
2828.13,10957
2829.88,10955
2831.71,10954
2833.55,10953
2835.38,10952
2837.12,10951
2838.71,10950
2840.23,10949
2841.74,10948
2843.56,10946
2845.06,10945
2846.69,10943
2848.24,10942
2849.82,10941
2851.43,10939
2853.1,10938
2854.77,10937
2856.28,10936
2857.91,10935
2859.54,10933
2861.02,10931
2862.79,10930
2864.33,10929
2865.95,10928
2867.52,10927
2869.11,10925
2870.75,10924
2872.28,10923
2874.05,10921
2875.62,10920
2877.09,10919
2878.77,10917
2880.28,10916
2881.9,10915
2883.37,10914
2884.92,10912
2886.54,10910
2888.09,10908
2889.96,10906
2891.63,10904
2893.37,10903
2895.26,10902
2897.08,10901
2898.77,10900
2900.27,10899
2901.9,10898
2903.41,10897
2904.94,10895
2906.6,10893
2908.05,10892
2909.7,10891
2911.28,10886
2912.86,10885
2914.4,10884
2915.89,10883
2917.54,10881
2919.3,10880
2921.03,10879
2922.6,10878
2924.45,10877
2925.98,10876
2927.52,10875
2929.12,10874
2930.65,10873
2932.35,10872
2934.13,10871
2935.67,10870
2937.59,10869
2939.31,10867
2941.11,10866
2942.74,10865
2944.36,10863
2945.84,10862
2947.28,10861
2948.99,10858
2950.71,10856
2952.49,10854
2954.15,10853
2955.92,10852
2957.62,10850
2959.13,10848
2960.92,10847
2962.4,10846
2964.25,10845
2965.75,10844
2967.25,10843
2968.9,10841
2970.44,10840
2972.02,10839
2973.49,10838
2974.92,10837
2976.51,10836
2977.97,10835
2979.67,10834
2981.18,10832
2982.71,10831
2984.38,10830
2986.02,10829
2987.62,10828
2989.2,10827
2990.69,10826
2992.28,10824
2993.72,10823
2995.28,10822
2996.82,10821
2998.26,10820
2999.9,10819
3001.36,10817
3002.94,10816
3004.42,10815
3006.02,10812
3007.62,10811
3009.19,10810
3010.94,10809
3012.56,10808
3014.26,10807
3015.94,10806
3017.66,10804
3019.28,10801
3020.72,10800
3022.27,10799
3023.8,10798
3025.41,10795
3026.97,10793
3028.44,10792
3029.99,10791
3031.49,10790
3032.94,10788
3034.52,10787
3035.98,10786
3037.5,10785
3039.07,10784
3040.55,10783
3042.19,10782
3043.67,10781
3045.23,10779
3046.93,10778
3048.4,10777
3050.02,10775
3051.53,10774
3053.07,10773
3054.6,10771
3056.18,10769
3057.85,10767
3059.48,10766
3061.03,10765
3062.63,10764
3064.17,10762
3065.93,10761
3067.49,10760
3069.07,10759
3070.77,10758
3072.53,10757
3074.21,10756
3075.79,10754
3077.68,10753
3079.42,10752
3080.98,10751
3082.44,10749
3084.21,10748
3085.64,10746
3087.55,10745
3089.06,10744
3090.53,10743
3092.25,10742
3093.68,10741
3095.28,10740
3096.92,10739
3098.4,10738
3100.02,10736
3101.61,10735
3103.27,10734
3104.8,10732
3106.48,10731
3108.1,10730
3109.57,10729
3111.23,10728
3112.69,10726
3114.16,10725
3115.82,10724
3117.32,10723
3118.89,10722
3120.39,10721
3121.84,10720
3123.47,10719
3124.94,10718
3126.46,10717
3127.98,10716
3129.48,10714
3131.25,10712
3133,10711
3134.83,10710
3136.48,10709
3138.24,10708
3139.82,10707
3141.27,10706
3142.9,10705
3144.41,10704
3145.93,10703
3147.43,10701
3148.95,10698
3150.52,10697
3152.04,10696
3153.73,10695
3155.22,10694
3156.69,10692
3158.3,10691
3159.81,10690
3161.41,10689
3163.05,10688
3164.81,10687
3166.63,10686
3168.11,10685
3169.73,10684
3171.23,10683
3172.87,10682
3174.41,10681
3175.9,10680
3177.5,10679
3178.99,10677
3180.48,10676
3182.06,10675
3183.49,10674
3185.08,10673
3186.56,10672
3188.05,10671
3189.68,10670
3191.34,10668
3193.31,10667
3194.92,10665
3196.68,10664
3198.39,10663
3200,10661
3201.64,10660
3203.06,10659
3204.63,10657
3206.1,10656
3207.59,10654
3209.18,10653
3210.61,10652
3212.34,10650
3213.96,10648
3215.43,10647
3217.1,10646
3218.55,10645
3220.1,10643
3221.72,10642
3223.23,10640
3224.9,10639
3226.38,10638
3228.02,10637
3229.52,10636
3231.09,10635
3232.92,10634
3234.7,10633
3236.28,10632
3237.75,10631
3239.3,10630
3240.92,10629
3242.57,10628
3244.29,10627
3245.83,10626
3247.63,10625
3249.1,10622
3250.79,10621
3252.56,10620
3254.36,10619
3256.14,10618
3257.76,10616
3259.56,10614
3261.25,10613
3262.9,10611
3264.63,10610
3266.14,10608
3267.85,10607
3269.39,10606
3271.04,10604
3272.6,10603
3274.24,10602
3275.86,10601
3277.34,10600
3278.96,10599
3280.5,10598
3282.03,10597
3283.92,10596
3285.59,10595
3287.55,10594
3289.03,10593
3290.65,10592
3292.28,10591
3293.75,10590
3295.49,10588
3297.02,10587
3298.56,10586
3300.2,10585
3301.74,10584
3303.34,10583
3304.8,10582
3306.29,10581
3307.8,10579
3309.32,10577
3310.93,10575
3312.46,10574
3314.16,10573
3316.03,10572
3317.75,10570
3319.49,10569
3321.09,10568
3322.75,10566
3324.2,10565
3325.78,10564
3327.37,10563
3328.87,10562
3330.47,10560
3331.95,10558
3333.45,10557
3334.99,10556
3336.57,10555
3338.22,10554
3339.65,10553
3341.09,10551
3342.69,10550
3344.24,10549
3345.87,10548
3347.34,10547
3348.82,10546
3350.44,10545
3351.98,10544
3353.62,10543
3355.06,10542
3356.75,10541
3358.67,10540
3360.97,10539
3363.01,10538
3364.53,10537
3366.22,10536
3367.81,10535
3369.48,10534
3370.91,10533
3372.53,10532
3374.3,10531
3375.88,10530
3377.97,10529
3379.82,10528
3381.6,10527
3383.11,10525
3384.66,10524
3386.43,10522
3388.01,10521
3389.62,10518
3391.19,10517
3392.8,10516
3394.28,10514
3396.01,10513
3398.02,10512
3399.83,10511
3401.64,10510
3403.25,10509
3404.85,10508
3406.42,10505
3408.09,10504
3409.78,10502
3411.3,10501
3412.91,10500
3414.39,10499
3415.88,10498
3417.69,10497
3419.19,10495
3420.79,10493
3422.27,10491
3423.74,10489
3425.39,10487
3426.88,10486
3428.83,10485
3430.37,10483
3431.87,10482
3433.62,10481
3435.55,10480
3437.92,10478
3439.86,10477
3441.73,10476
3443.35,10474
3445.03,10473
3446.57,10472
3448.23,10470
3450.05,10469
3451.59,10468
3453.45,10466
3454.98,10463
3456.69,10460
3458.48,10459
3460.16,10457
3461.64,10456
3463.26,10455
3465.02,10454
3466.59,10453
3468.33,10452
3470.02,10451
3471.61,10450
3473.2,10448
3474.79,10447
3476.52,10445
3478.28,10444
3480.03,10443
3481.68,10442
3483.32,10441
3485.01,10440
3486.55,10439
3488.26,10438
3489.82,10437
3491.57,10436
3493.27,10434
3494.97,10433
3496.83,10431
3498.74,10430
3500.66,10429
3502.37,10428
3504.14,10427
3505.7,10426
3507.38,10424
3508.87,10423
3510.42,10422
3512.16,10421
3513.73,10420
3515.37,10418
3516.95,10417
3518.63,10416
3520.22,10415
3521.78,10414
3523.48,10412
3525.06,10411
3526.77,10410
3528.34,10408
3529.87,10407
3531.55,10405
3533.36,10404
3535.16,10402
3536.61,10401
3538.06,10400
3539.62,10399
3541.2,10398
3542.9,10397
3544.58,10396
3546.18,10395
3547.62,10394
3549.08,10393
3550.72,10392
3552.21,10391
3553.92,10390
3555.56,10389
3557.36,10388
3559.06,10387
3560.78,10385
3562.53,10384
3564.38,10383
3566.06,10382
3567.62,10381
3569.19,10380
3570.73,10378
3572.22,10376
3573.81,10375
3575.27,10374
3576.79,10373
3578.34,10372
3579.83,10371
3581.44,10370
3582.95,10369
3584.66,10368
3586.24,10367
3587.78,10366
3589.46,10365
3590.96,10364
3592.6,10363
3594.1,10362
3595.55,10361
3597.22,10360
3598.65,10359
3600.26,10358
3601.76,10357
3603.21,10356
3604.81,10355
3606.25,10353
3607.77,10352
3609.57,10351
3611.02,10350
3612.61,10349
3614.1,10348
3615.78,10347
3617.6,10346
3619.19,10345
3620.99,10344
3622.57,10343
3624.31,10342
3625.79,10341
3627.32,10337
3628.91,10336
3630.52,10335
3632.1,10334
3633.53,10333
3635.03,10332
3636.57,10331
3638.08,10330
3639.64,10329
3641.11,10328
3642.55,10327
3644.16,10325
3645.63,10324
3647.24,10323
3648.74,10322
3650.59,10321
3652.32,10320
3653.78,10319
3655.4,10318
3656.87,10317
3658.47,10316
3660.16,10314
3661.67,10313
3663.32,10312
3664.78,10311
3666.36,10310
3667.94,10309
3669.36,10308
3670.94,10307
3672.46,10306
3673.92,10305
3675.8,10304
3677.4,10303
3679.53,10300
3681.21,10299
3683,10298
3684.64,10297
3686.26,10296
3688.06,10293
3689.52,10292
3691.23,10291
3692.75,10288
3694.25,10287
3695.96,10286
3697.65,10285
3699.25,10284
3700.75,10283
3702.43,10282
3704,10281
3705.49,10280
3707.11,10279
3708.62,10278
3710.23,10277
3711.79,10275
3713.26,10274
3714.91,10273
3716.59,10272
3718.31,10271
3719.84,10270
3721.33,10269
3722.96,10268
3724.49,10267
3726.18,10266
3727.65,10265
3729.19,10264
3731.04,10263
3732.71,10262
3734.56,10261
3736.29,10260
3738.34,10259
3740.24,10258
3742.41,10257
3744.2,10256
3746,10254
3747.75,10253
3749.58,10251
3751.13,10250
3752.71,10249
3754.31,10248
3755.94,10247
3757.67,10246
3759.11,10245
3760.92,10244
3762.7,10243
3764.39,10242
3765.94,10241
3767.38,10240
3769.06,10239
3770.57,10238
3772.09,10237
3773.61,10236
3775.07,10235
3776.66,10234
3778.12,10232
3779.67,10231
3781.19,10230
3782.74,10229
3784.31,10228
3785.79,10226
3787.32,10225
3788.88,10224
3790.4,10223
3792.04,10222
3793.45,10221
3794.94,10220
3796.82,10219
3798.34,10218
3800.18,10217
3801.79,10216
3803.67,10215
3805.12,10214
3806.62,10212
3808.2,10211
3809.65,10210
3811.22,10209
3812.83,10208
3814.29,10207
3815.9,10206
3817.4,10205
3818.88,10203
3820.4,10202
3821.91,10201
3823.7,10200
3825.16,10199
3826.66,10198
3828.19,10197
3829.66,10196
3831.32,10195
3832.9,10194
3834.56,10193
3836.08,10192
3837.51,10191
3839.08,10190
3840.57,10189
3842.21,10188
3844.06,10187
3845.51,10186
3847.09,10185
3848.53,10184
3850.05,10183
3851.64,10182
3853.07,10181
3854.72,10180
3856.3,10179
3857.95,10178
3859.57,10177
3861.26,10176
3863.07,10175
3865.07,10174
3866.55,10173
3868.35,10172
3869.95,10171
3871.94,10170
3873.49,10169
3875.2,10168
3876.79,10167
3878.55,10166
3880.22,10165
3881.73,10164
3883.43,10163
3884.94,10162
3886.46,10161
3888.31,10160
3890.29,10159
3892.23,10157
3893.89,10156
3895.48,10155
3897.03,10154
3898.57,10153
3900.16,10152
3901.61,10151
3903.12,10150
3904.57,10149
3906.14,10148
3907.62,10147
3909.15,10146
3910.91,10145
3912.35,10144
3913.9,10143
3915.39,10142
3917.03,10141
3918.77,10140
3920.33,10139
3922.15,10138
3923.8,10137
3925.41,10136
3927.01,10135
3928.5,10134
3930.17,10133
3931.59,10132
3933,10131
3934.59,10130
3936.13,10129
3937.74,10128
3939.21,10127
3940.65,10126
3942.27,10125
3943.71,10124
3945.33,10123
3946.83,10122
3948.26,10121
3949.85,10120
3951.35,10119
3952.98,10118
3954.48,10117
3956.09,10116
3957.73,10115
3959.2,10114
3960.87,10113
3962.36,10112
3963.84,10111
3965.44,10110
3966.97,10108
3968.49,10107
3970.03,10106
3971.53,10105
3973.16,10104
3974.83,10103
3976.49,10102
3978.25,10101
3980.18,10100
3982.11,10099
3983.94,10098
3985.68,10097
3987.46,10096
3989.1,10095
3990.56,10094
3992.24,10093
3993.73,10091
3995.19,10090
3996.63,10087
3998.37,10086
3999.87,10085
4001.64,10084
4003.35,10083
4004.85,10082
4006.51,10081
4007.93,10080
4009.48,10079
4011.01,10077
4012.51,10076
4014.09,10075
4015.55,10073
4017.19,10072
4018.74,10071
4020.21,10070
4022.04,10068
4023.58,10067
4025.21,10066
4026.79,10065
4028.22,10064
4029.85,10063
4031.58,10062
4033.52,10061
4035.2,10060
4037.01,10059
4038.76,10058
4040.45,10057
4042.29,10056
4044.19,10055
4046.2,10054
4047.91,10053
4049.76,10052
4051.42,10051
4053.08,10049
4054.63,10048
4056.13,10047
4057.73,10046
4059.15,10045
4060.71,10044
4062.26,10043
4063.82,10042
4065.53,10041
4066.98,10040
4068.66,10039
4070.25,10038
4071.69,10037
4073.33,10036
4074.81,10035
4076.38,10034
4077.94,10033
4079.38,10032
4081.02,10031
4082.45,10030
4083.9,10029
4085.53,10028
4087.03,10027
4088.66,10025
4090.33,10024
4092.01,10023
4093.54,10022
4095,10021
4096.59,10020
4098.16,10019
4099.92,10018
4101.57,10017
4103.14,10016
4104.94,10015
4106.55,10014
4108.11,10013
4109.69,10012
4111.3,10011
4112.84,10010
4114.31,10009
4115.93,10008
4117.43,10007
4118.98,10006
4120.52,10005
4121.98,10004
4123.64,10003
4125.14,10002
4126.66,10001
4128.15,10000
4129.59,9999
4131.37,9998
4132.97,9997
4134.81,9996
4136.46,9995
4137.96,9994
4139.58,9993
4141.16,9992
4142.84,9991
4144.4,9990
4145.83,9989
4147.41,9988
4148.85,9986
4150.59,9985
4152.1,9984
4153.55,9983
4155.15,9982
4156.59,9981
4158.09,9980
4159.64,9979
4161.25,9977
4163.01,9976
4164.89,9975
4166.59,9974
4168.2,9973
4169.71,9971
4171.43,9970
4172.89,9968
4174.48,9967
4175.94,9966
4177.35,9965
4178.88,9964
4180.36,9963
4181.95,9962
4183.5,9961
4185.03,9960
4186.57,9959
4187.99,9958
4189.64,9957
4191.25,9956
4192.74,9955
4194.29,9954
4195.74,9953
4197.39,9952
4198.82,9951
4200.32,9950
4201.89,9949
4203.33,9948
4204.87,9947
4206.34,9946
4207.76,9945
4209.45,9944
4210.86,9943
4212.38,9942
4213.96,9941
4215.44,9940
4217.22,9939
4218.64,9938
4220.26,9937
4221.81,9936
4223.5,9935
4225.18,9934
4226.8,9933
4228.49,9932
4229.98,9930
4231.49,9929
4232.94,9928
4234.4,9927
4235.96,9926
4237.55,9925
4239.08,9924
4240.6,9923
4242.01,9922
4243.58,9921
4245.18,9920
4246.71,9918
4248.22,9917
4249.84,9916
4251.8,9915
4253.54,9914
4255.15,9913
4256.98,9912
4258.61,9911
4260.29,9909
4262.09,9906
4264.1,9905
4265.73,9903
4267.56,9900
4269.12,9899
4270.76,9898
4272.37,9897
4273.82,9896
4275.42,9895
4276.85,9893
4278.65,9892
4280.28,9891
4282,9890
4283.87,9889
4287.83,9888
4289.53,9887
4291.2,9885
4292.82,9884
4295.68,9883
4297.18,9880
4300.51,9877
4302.15,9875
4308.31,9874
4314.47,9873
4316.03,9872
4317.71,9871
4319.35,9869
4320.8,9868
4322.46,9867
4324.1,9866
4327.29,9865
4328.74,9864
4330.44,9863
4331.94,9862
4333.55,9861
4335.09,9860
4336.59,9859
4338.2,9858
4339.68,9857
4341.36,9856
4343.13,9855
4344.99,9854
4346.72,9852
4348.56,9851
4350.29,9850
4351.77,9849
4353.41,9848
4354.92,9847
4356.4,9846
4357.95,9844
4359.5,9843
4360.99,9842
4362.6,9841
4364.08,9840
4365.74,9839
4367.2,9838
4368.6,9837
4370.46,9836
4371.9,9835
4373.48,9834
4374.99,9833
4376.48,9832
4378.3,9831
4379.92,9830
4381.55,9829
4383.03,9828
4384.62,9827
4386.28,9826
4387.77,9824
4389.54,9823
4391.08,9821
4392.64,9820
4394.2,9819
4395.71,9818
4397.36,9817
4398.84,9816
4400.47,9815
4402.16,9814
4403.79,9813
4405.56,9812
4407.25,9811
4409.06,9810
4410.68,9809
4412.49,9808
4413.93,9807
4415.46,9806
4417.12,9805
4418.57,9804
4420.19,9803
4421.72,9802
4423.26,9801
4424.95,9799
4426.86,9798
4428.57,9797
4430.19,9796
4431.84,9795
4433.53,9794
4435.11,9793
4436.64,9792
4438.07,9791
4439.79,9790
4441.5,9789
4443.19,9788
4444.77,9785
4446.25,9784
4447.84,9783
4449.35,9782
4450.97,9781
4452.54,9780
4453.99,9779
4455.8,9778
4457.27,9777
4458.82,9776
4460.4,9775
4462.04,9774
4463.91,9773
4465.69,9772
4467.4,9771
4469.14,9770
4470.89,9769
4472.57,9768
4474.05,9767
4475.83,9766
4477.33,9765
4478.97,9763
4480.6,9761
4482.04,9758
4485.22,9757
4488.31,9756
4489.8,9755
4491.41,9754
4494.49,9753
4496.15,9752
4500.91,9751
4502.5,9750
4503.97,9748
4505.54,9746
4508.68,9745
4510.38,9744
4511.85,9743
4513.39,9742
4514.93,9741
4516.56,9740
4518.21,9739
4519.72,9737
4523.17,9735
4528.87,9734
4531.01,9733
4532.68,9731
4534.44,9730
4535.92,9729
4537.79,9728
4539.37,9727
4540.92,9726
4542.61,9725
4544.16,9724
4545.95,9723
4547.46,9722
4548.96,9721
4550.58,9720
4552.16,9719
4553.72,9718
4555.22,9717
4556.97,9716
4558.53,9715
4560.08,9714
4562.01,9713
4563.93,9712
4565.84,9711
4567.78,9710
4569.51,9709
4571,9708
4572.66,9707
4574.22,9706
4575.77,9705
4577.45,9704
4579.12,9702
4580.86,9701
4582.75,9700
4584.79,9699
4586.5,9698
4588.4,9697
4590.2,9696
4592.08,9695
4593.75,9693
4595.33,9692
4597.03,9691
4598.62,9690
4600.39,9689
4602.37,9688
4604.38,9687
4605.83,9686
4607.29,9685
4609.24,9684
4611.1,9683
4612.75,9682
4614.23,9681
4615.86,9680
4617.36,9679
4618.86,9678
4620.57,9677
4622.2,9676
4623.93,9675
4625.42,9674
4626.87,9673
4628.45,9672
4629.94,9671
4631.73,9670
4633.21,9669
4634.71,9668
4636.35,9667
4637.84,9666
4639.48,9665
4640.9,9664
4642.39,9663
4644.38,9662
4645.99,9661
4647.67,9660
4649.32,9659
4650.99,9658
4652.65,9657
4654.18,9656
4655.91,9655
4657.5,9654
4659.31,9653
4661.4,9652
4663.07,9651
4664.82,9650
4666.65,9649
4668.76,9648
4670.38,9647
4672.01,9646
4673.75,9645
4675.87,9643
4677.74,9642
4679.53,9641
4681.1,9640
4682.71,9639
4684.49,9638
4686.26,9637
4687.95,9636
4689.61,9635
4691.49,9633
4693.14,9632
4694.84,9631
4696.38,9630
4697.89,9628
4699.64,9627
4701.13,9626
4702.82,9625
4704.47,9623
4706.11,9622
4707.89,9621
4709.55,9620
4711.43,9619
4713.09,9618
4714.94,9617
4716.51,9616
4718,9615
4719.62,9614
4721.08,9613
4722.71,9612
4724.28,9611
4725.73,9609
4727.26,9608
4728.68,9607
4730.3,9606
4731.86,9605
4733.63,9604
4735.57,9603
4737.02,9602
4738.82,9601
4740.39,9600
4742.41,9599
4744.56,9598
4746.4,9597
4747.92,9596
4749.71,9595
4751.35,9593
4752.88,9591
4754.79,9590
4756.48,9589
4758.57,9588
4760.25,9586
4761.92,9585
4763.6,9584
4765.5,9583
4767.14,9582
4768.75,9581
4770.6,9580
4772.21,9579
4773.92,9578
4775.6,9577
4777.11,9576
4778.63,9575
4780.18,9574
4781.82,9572
4787.82,9571
4791.81,9569
4798.09,9568
4801.62,9567
4803.17,9566
4804.81,9565
4806.38,9564
4807.82,9563
4809.51,9562
4811.04,9561
4812.58,9560
4814.38,9559
4816.19,9557
4817.9,9556
4819.35,9555
4821.12,9554
4822.62,9552
4824.32,9551
4826.07,9549
4827.67,9548
4829.5,9547
4831.16,9546
4834.33,9545
4836.01,9544
4838.2,9543
4839.98,9542
4841.96,9541
4843.54,9540
4845.39,9539
4846.83,9538
4848.36,9537
4849.94,9536
4851.45,9535
4853.08,9534
4854.63,9532
4858.08,9531
4861.8,9530
4863.7,9529
4865.66,9527
4867.19,9526
4869.1,9525
4874.01,9524
4875.75,9521
4882.42,9520
4884.24,9519
4886.13,9518
4888.01,9515
4891.99,9514
4893.88,9513
4895.42,9512
4897.01,9511
4898.63,9510
4900.49,9509
4902.75,9508
4906.62,9507
4911.49,9506
4913.11,9505
4914.76,9504
4916.43,9503
4918.21,9502
4919.74,9501
4921.51,9500
4923.06,9499
4924.54,9498
4926.26,9497
4927.74,9495
4929.6,9494
4931.14,9493
4932.72,9491
4934.4,9489
4935.93,9488
4937.55,9486
4942.33,9485
4943.91,9484
4945.76,9483
4947.36,9480
4949.14,9479
4960.07,9478
4961.76,9477
4963.35,9476
4965.15,9475
4966.68,9474
4969.76,9473
4971.23,9472
4972.85,9469
4974.56,9468
4978.23,9466
4981.82,9465
4983.49,9464
4985.27,9463
4986.88,9462
4991.65,9460
4993.4,9459
4994.99,9458
4996.7,9457
4998.45,9456
5001.69,9455
5003.46,9454
5005,9453
5006.58,9452
5008.08,9451
5011.12,9449
5012.64,9447
5014.5,9446
5016.09,9445
5017.86,9444
5019.5,9443
5022.8,9441
5028.91,9439
5030.52,9438
5033.71,9436
5036.84,9435
5042,9434
5045.37,9433
5050.79,9432
5052.49,9431
5056.14,9430
5057.71,9428
5059.6,9427
5063.15,9425
5065.48,9423
5073.11,9421
5076.41,9419
5078.08,9418
5081.53,9417
5083.09,9415
5086.45,9413
5089.65,9412
5095.86,9410
5097.67,9407
5099.38,9406
5107.37,9404
5109.44,9403
5110.89,9402
5112.41,9401
5113.92,9400
5115.47,9399
5117.26,9398
5118.84,9396
5123.58,9395
5125.09,9394
5126.63,9393
5128.36,9392
5131.64,9391
5133.32,9390
5134.89,9388
5137.95,9386
5141.17,9385
5145.67,9383
5154.63,9382
5157.67,9381
5162.56,9380
5164,9379
5165.49,9378
5168.62,9377
5170.22,9376
5173.24,9375
5176.29,9372
5182.85,9371
5184.45,9370
5186.06,9369
5193.08,9368
5194.84,9367
5196.43,9366
5198.04,9364
5199.67,9363
5201.48,9362
5206.28,9360
5209.55,9358
5211.17,9357
5212.68,9356
5214.32,9355
5219.25,9354
5220.94,9353
5222.56,9352
5226.1,9351
5227.68,9350
5229.49,9349
5231.32,9348
5233.2,9347
5234.98,9346
5236.48,9342
5239.59,9340
5241.21,9339
5247.58,9338
5251.36,9337
5254.79,9336
5256.31,9335
5257.85,9334
5261.05,9332
5262.52,9330
5264.07,9329
5265.73,9327
5268.86,9326
5270.35,9325
5273.69,9324
5276.78,9323
5278.21,9317
5286.17,9316
5287.89,9313
5289.44,9312
5299.19,9311
5300.85,9310
5302.29,9309
5303.86,9308
5305.3,9305
5308.7,9304
5315.78,9303
5317.28,9302
5318.74,9300
5323.49,9298
5326.56,9297
5328.14,9296
5331.18,9295
5332.93,9294
5334.94,9293
5336.65,9292
5338.13,9289
5339.95,9288
5341.58,9287
5345.29,9286
5346.79,9285
5350.14,9284
5352.01,9283
5353.61,9282
5355.28,9281
5356.78,9280
5358.24,9279
5359.83,9277
5361.33,9275
5362.84,9274
5364.49,9272
5365.99,9268
5372.92,9266
5374.56,9265
5379.27,9264
5382.32,9263
5386.97,9262
5388.44,9261
5389.98,9260
5394.78,9259
5396.28,9255
5404.13,9254
5405.71,9253
5407.29,9248
5408.79,9247
5410.63,9246
5412.13,9244
5415.41,9243
5416.97,9242
5421.75,9238
5438.54,9237
5441.58,9236
5443.07,9235
5444.66,9234
5447.66,9233
5450.76,9232
5452.4,9231
5454.03,9230
5457.09,9229
5458.55,9228
5459.99,9227
5461.7,9223
5478.56,9222
5480.31,9220
5481.9,9219
5485.14,9218
5486.6,9217
5488.43,9215
5490.09,9214
5491.96,9213
5493.58,9210
5498.54,9209
5500.29,9207
5501.78,9206
5503.61,9205
5506.67,9204
5509.69,9203
5512.86,9202
5514.36,9200
5515.95,9198
5520.65,9197
5525.1,9195
5526.62,9194
5529.53,9192
5531.18,9191
5535.89,9190
5539.05,9189
5543.86,9186
5545.3,9184
5546.89,9182
5550.16,9181
5551.77,9180
5553.49,9179
5555.19,9178
5556.71,9177
5560.01,9175
5564.64,9173
5570.92,9172
5573.93,9171
5576.91,9170
5578.45,9169
5579.88,9166
5581.63,9165
5583.05,9164
5586.09,9163
5587.59,9161
5590.65,9157
5597.04,9155
5598.52,9153
5600.02,9150
5609.9,9148
5616.69,9147
5619.72,9146
5622.75,9145
5624.26,9144
5626.04,9143
5627.49,9142
5629.07,9141
5630.59,9140
5638.43,9139
5639.99,9138
5641.52,9137
5643.12,9135
5644.8,9133
5646.39,9132
5647.94,9131
5650.84,9130
5653.86,9129
5658.52,9125
5663.41,9124
5665.14,9123
5668.37,9122
5669.9,9118
5671.93,9116
5678.47,9115
5680.22,9114
5683.12,9113
5684.67,9112
5687.79,9111
5689.29,9110
5690.84,9109
5692.59,9108
5694.03,9107
5695.64,9105
5697.13,9104
5698.58,9103
5700.14,9102
5701.65,9101
5703.21,9100
5704.66,9099
5707.63,9097
5709.12,9095
5712.15,9094
5713.56,9091
5715.13,9089
5721.32,9087
5722.94,9086
5724.44,9085
5727.47,9084
5728.92,9083
5733.84,9081
5735.51,9080
5741.79,9079
5743.44,9078
5744.94,9075
5751.06,9069
5766.48,9068
5767.93,9064
5770.97,9063
5772.49,9060
5774.04,9059
5790.18,9057
5791.91,9056
5795.28,9055
5797.02,9054
5800.29,9053
5803.72,9052
5805.42,9050
5811.54,9046
5813.15,9044
5819.16,9043
5820.75,9041
5822.18,9040
5828.41,9039
5834.67,9036
5837.91,9035
5839.5,9033
5841.07,9032
5842.98,9030
5844.9,9028
5846.36,9027
5849.54,9026
5851.17,9025
5852.85,9022
5854.68,9021
5856.5,9019
5859.95,9018
5873.02,9016
5879.16,9015
5883.6,9014
5888.61,9012
5890.45,9011
5892.15,9010
5895.52,9007
5898.75,9006
5901.75,9005
5903.29,9004
5906.44,9003
5907.9,9001
5909.43,9000
5911.04,8999
5914.45,8998
5916.04,8997
5917.77,8996
5919.41,8995
5920.9,8994
5922.51,8993
5929.84,8992
5931.41,8991
5932.85,8988
5936.16,8987
5937.75,8986
5939.21,8985
5940.66,8983
5944.06,8982
5947.29,8981
5948.78,8977
5950.33,8976
5958.05,8975
5959.59,8974
5962.8,8971
5972.88,8970
5974.67,8968
5976.34,8966
5980.01,8965
5985.92,8964
5993.02,8963
5994.58,8962
5996.21,8961
5999.21,8960
6000.88,8959
6002.3,8958
6003.77,8957
6005.37,8956
6008.36,8955
6009.77,8954
6012.97,8953
6014.42,8950
6020.52,8947
6022,8946
6025.21,8945
6026.76,8944
6033.24,8943
6036.56,8942
6038.22,8941
6039.93,8940
6041.35,8939
6042.85,8938
6044.42,8937
6048.92,8935
6052.47,8932
6060.03,8929
6075.61,8928
6077.51,8927
6079.53,8926
6081.38,8922
6083.12,8917
6088.5,8915
6090.18,8914
6091.94,8913
6095.34,8912
6096.92,8911
6098.71,8910
6109.89,8909
6111.51,8908
6113.18,8907
6114.81,8904
6125.54,8903
6131.52,8902
6133.21,8901
6134.72,8900
6136.17,8898
6137.78,8897
6139.24,8896
6150.06,8895
6151.52,8894
6156.63,8893
6158.29,8892
6161.69,8891
6164.74,8888
6169.39,8887
6170.86,8886
6172.56,8885
6174.14,8884
6175.56,8883
6177.18,8882
6178.61,8881
6180.16,8880
6181.67,8879
6192.43,8878
6194.05,8877
6195.52,8876
6197.11,8875
6198.55,8874
6200.21,8873
6206.13,8872
6209.22,8871
6210.69,8869
6213.97,8868
6219.12,8867
6228.42,8864
6233,8862
6239.52,8861
6240.92,8860
6244.37,8859
6247.33,8858
6248.76,8857
6250.34,8850
6254.9,8849
6257.89,8848
6259.49,8847
6262.61,8845
6265.83,8844
6268.96,8843
6273.79,8842
6275.41,8839
6277.07,8836
6282.46,8835
6287.04,8834
6290.11,8833
6293.29,8827
6294.75,8826
6302.47,8825
6303.94,8824
6314.64,8823
6316.16,8821
6317.76,8820
6321.15,8819
6322.61,8818
6328.89,8817
6331.98,8815
6335.27,8814
6336.99,8813
6338.62,8812
6340.54,8811
6342.1,8810
6345.31,8807
6353.01,8805
6356.2,8804
6357.67,8802
6359.24,8801
6365.81,8800
6368.87,8798
6374.9,8797
6381.74,8794
6383.33,8793
6385.2,8791
6386.99,8790
6388.63,8789
6390.72,8788
6398.33,8787
6400.1,8785
6408.65,8784
6410.34,8783
6416.46,8782
6422.69,8781
6424.13,8779
6425.7,8778
6432.05,8777
6441.23,8775
6442.77,8774
6444.38,8771
6459.01,8770
6460.86,8766
6464.07,8765
6468.1,8764
6469.67,8763
6472.98,8762
6474.46,8761
6476.45,8760
6478.73,8759
6483.74,8758
6486.87,8756
6488.38,8755
6491.65,8752
6495.41,8751
6500.51,8750
6502.15,8749
6505.38,8748
6507.04,8747
6516.13,8746
6517.97,8745
6519.63,8744
6523.32,8743
6525.3,8742
6526.89,8741
6528.45,8740
6530.15,8738
6531.71,8736
6542.23,8735
6543.85,8734
6545.74,8733
6547.3,8732
6548.85,8731
6550.62,8730
6552.35,8729
6554.04,8728
6555.58,8726
6557.19,8725
6558.72,8724
6560.15,8723
6565.27,8721
6568.23,8720
6569.87,8719
6571.44,8718
6573.3,8716
6577.11,8714
6580.75,8713
6584.09,8712
6589.54,8711
6594.42,8710
6595.95,8709
6597.62,8708
6599.19,8707
6608.71,8706
6610.34,8705
6616.78,8704
6620.02,8703
6621.88,8702
6623.5,8701
6628.15,8699
6634.7,8696
6643.35,8695
6648.38,8694
6650.03,8692
6656.26,8689
6666.06,8688
6670.66,8686
6672.23,8684
6675.32,8683
6677.02,8682
6678.54,8681
6680.25,8679
6685.27,8678
6688.57,8677
6690.35,8676
6693.57,8675
6695.05,8674
6696.69,8673
6705.66,8672
6712.21,8671
6713.66,8670
6715.11,8669
6716.81,8667
6729.22,8665
6731.24,8664
6733.39,8663
6736.99,8662
6738.49,8660
6751.51,8659
6753.2,8658
6755.01,8654
6764.75,8653
6766.58,8652
6768.41,8651
6769.88,8650
6771.4,8648
6777.47,8647
6780.54,8646
6782.18,8644
6783.67,8642
6788.25,8640
6792.96,8639
6794.6,8638
6796.03,8637
6797.6,8635
6805.42,8634
6806.9,8631
6809.94,8630
6811.43,8628
6814.76,8627
6816.27,8626
6821.2,8624
6835.78,8623
6837.37,8622
6838.78,8619
6845.23,8618
6846.69,8616
6848.18,8614
6856.01,8613
6857.56,8612
6860.53,8609
6863.45,8607
6868.21,8606
6869.68,8604
6871.14,8603
6872.81,8602
6876.16,8601
6877.63,8600
6882.64,8599
6886.04,8596
6887.66,8595
6892.32,8594
6893.94,8593
6895.49,8591
6896.98,8590
6898.42,8589
6901.48,8588
6904.63,8586
6906.08,8585
6907.7,8584
6910.72,8583
6912.23,8582
6913.67,8581
6915.45,8580
6925.96,8578
6927.54,8577
6935.41,8576
6936.86,8573
6948.63,8572
6950.16,8571
6951.69,8570
6957.85,8569
6959.4,8568
6960.83,8567
6965.82,8566
6967.38,8564
6970.55,8563
6976.86,8560
6981.88,8559
6983.42,8558
6986.72,8554
6988.35,8552
6996.64,8550
7003.42,8549
7005.32,8546
7008.61,8545
7010.2,8543
7017.86,8542
7019.34,8541
7022.41,8540
7025.62,8539
7027.06,8538
7030.15,8536
7033.36,8535
7036.57,8530
7041.15,8529
7044.29,8528
7049.05,8527
7050.46,8526
7051.97,8524
7054.97,8523
7064.95,8521
7068.46,8520
7072.98,8519
7074.45,8518
7076,8517
7082.06,8516
7083.62,8514
7088.34,8513
7089.83,8512
7091.41,8511
7092.93,8510
7094.42,8509
7099.14,8508
7100.64,8506
7102.07,8505
7103.67,8504
7105.05,8503
7106.5,8502
7108.08,8501
7109.49,8500
7110.99,8499
7112.46,8497
7113.98,8496
7115.73,8495
7117.3,8494
7128.96,8493
7130.52,8492
7139.77,8491
7141.17,8490
7143.09,8488
7144.71,8487
7150.77,8485
7155.38,8484
7156.77,8483
7158.37,8477
7166.09,8476
7168.92,8475
7170.48,8474
7181.45,8473
7184.95,8472
7186.66,8471
7191.4,8470
7194.47,8467
7201.98,8464
7211.17,8463
7215.77,8461
7217.35,8459
7225.08,8458
7228.02,8456
7229.54,8455
7232.52,8454
7241.7,8452
7250.05,8451
7251.61,8449
7253.15,8448
7254.62,8447
7256.21,8446
7257.64,8444
7259.19,8443
7260.68,8440
7267.06,8439
7268.61,8436
7270.09,8435
7271.7,8434
7273.17,8433
7274.8,8432
7276.39,8431
7279.57,8430
7295.87,8429
7297.37,8428
7298.98,8427
7300.45,8422
7304,8421
7305.87,8420
7315.47,8419
7316.9,8418
7326.26,8417
7333.85,8416
7338.45,8415
7339.87,8414
7341.32,8413
7344.43,8410
7345.99,8409
7348.84,8408
7350.61,8407
7352.05,8406
7356.55,8405
7359.67,8404
7363.05,8403
7366.38,8401
7368.09,8400
7370.12,8395
7376.04,8394
7380.58,8393
7389.62,8392
7391.21,8391
7392.82,8390
7398.9,8388
7404.91,8382
7415.58,8381
7417.09,8379
7418.61,8378
7428.55,8377
7431.79,8376
7436.59,8374
7438,8373
7439.5,8372
7440.94,8371
7442.35,8370
7443.98,8369
7445.29,8368
7446.68,8367
7448.28,8366
7449.74,8363
7451.39,8360
7453,8358
7457.64,8356
7459.32,8355
7462.18,8354
7463.74,8352
7468.38,8351
7469.79,8348
7471.43,8347
7485.56,8343
7497.15,8340
7506.34,8339
7507.78,8338
7509.36,8337
7514.08,8336
7516.98,8334
7518.64,8333
7521.58,8331
7523.07,8330
7532.28,8329
7534.02,8328
7535.45,8327
7538.48,8326
7539.98,8325
7541.55,8324
7543.12,8323
7544.8,8321
7549.82,8320
7555.94,8317
7560.46,8315
7561.99,8314
7563.57,8312
7571.15,8310
7580.67,8309
7586.83,8308
7588.45,8307
7590.04,8306
7591.62,8305
7593.18,8304
7594.8,8303
7596.33,8302
7597.77,8301
7599.33,8300
7611.13,8298
7612.73,8297
7624.95,8296
7626.5,8294
7634.14,8292
7635.93,8291
7637.4,8290
7639.01,8289
7640.5,8286
7645.1,8283
7666.99,8281
7670.52,8280
7673.7,8279
7675.4,8276
7676.86,8275
7684.39,8274
7686.09,8273
7687.59,8272
7689.11,8270
7695.7,8268
7702.02,8265
7709.54,8264
7710.93,8263
7714.09,8262
7715.73,8259
7728.4,8258
7730.09,8257
7737,8256
7738.46,8255
7739.96,8254
7741.72,8253
7746.23,8252
7747.65,8251
7750.85,8250
7754.15,8249
7771.61,8248
7778.44,8247
7783.2,8244
7784.98,8243
7790.01,8242
7796.5,8241
7799.59,8239
7802.58,8237
7808.69,8236
7817.86,8235
7820.97,8234
7824.15,8230
7837.67,8228
7840.7,8226
7847.2,8224
7853.69,8223
7855.31,8222
7859.8,8221
7861.25,8220
7863.12,8219
7864.55,8217
7867.58,8216
7870.59,8215
7872.05,8214
7873.54,8213
7875.18,8212
7876.67,8211
7881.57,8209
7883.25,8208
7884.8,8207
7889.67,8206
7891.16,8205
7895.76,8204
7897.3,8203
7898.77,8200
7900.16,8199
7908.86,8197
7919.95,8196
7921.56,8195
7924.65,8193
7932.41,8192
7935.6,8191
7943.45,8189
7948.31,8188
7949.92,8187
7951.38,8186
7952.99,8185
7954.43,8184
7955.95,8183
7957.54,8182
7959,8180
7962.03,8179
7967.09,8177
7968.9,8175
7977.24,8173
7978.71,8172
7981.77,8171
7991.01,8168
7992.7,8167
7994.23,8166
7995.9,8164
8002.12,8163
8003.76,8161
8006.87,8160
8008.54,8159
8029.39,8158
8042.76,8157
8044.4,8154
8050.77,8153
8052.47,8152
8053.94,8151
8055.52,8150
8058.54,8149
8060.12,8148
8061.58,8145
8069.56,8143
8075.61,8140
8084.79,8139
8086.94,8138
8092.27,8137
8095.7,8136
8097.3,8133
8102.12,8131
8103.59,8129
8105.1,8126
8117.83,8125
8127.57,8123
8139.9,8122
8141.52,8121
8143.12,8119
8148.37,8118
8152,8117
8155.61,8116
8157.33,8115
8162,8114
8163.71,8111
8175.01,8110
8179.62,8109
8181.43,8108
8187.82,8107
8191.08,8106
8192.7,8105
8198.89,8103
8203.5,8102
8205.26,8100
8206.85,8098
8212.21,8096
8213.87,8095
8220.15,8094
8221.69,8089
8223.15,8088
8224.74,8087
8232.45,8086
8233.95,8085
8247.78,8084
8252.28,8083
8255.42,8082
8257.01,8081
8258.66,8080
8260.16,8077
8276.24,8075
8286.82,8074
8288.27,8073
8289.7,8072
8292.73,8069
8294.52,8068
8295.97,8067
8299.02,8066
8306.67,8065
8311.16,8064
8312.59,8063
8326.52,8062
8329.85,8060
8331.48,8059
8337,8058
8338.52,8057
8339.98,8056
8341.56,8054
8352.14,8053
8353.72,8052
8355.29,8051
8356.81,8050
8358.26,8044
8364.54,8043
8369.28,8042
8376.88,8041
8379.86,8038
8390.97,8037
8393.23,8035
8399.07,8034
8400.73,8033
8405.25,8032
8408.25,8031
8409.74,8029
8411.22,8025
8420.46,8024
8421.93,8023
8423.46,8022
8428.06,8021
8433.98,8020
8435.69,8019
8447.62,8014
8457.65,8013
8459.28,8011
8460.71,8010
8462.36,8009
8463.97,8007
8465.44,8006
8467.04,8005
8468.51,8004
8470.01,8002
8471.52,8001
8480.79,8000
8482.57,7999
8484.09,7998
8498.61,7996
8500.2,7994
8515.92,7993
8517.67,7992
8519.3,7991
8521.26,7990
8527.61,7987
8531.99,7986
8538.02,7984
8542.99,7983
8544.84,7982
8548.05,7981
8549.75,7980
8560.5,7979
8562.13,7978
8565.29,7977
8568.55,7976
8570.15,7975
8572.01,7974
8573.69,7973
8575.43,7972
8577.12,7971
8578.76,7970
8580.46,7969
8581.87,7968
8583.56,7967
8585.04,7966
8586.52,7965
8591.32,7964
8592.84,7962
8602.02,7961
8605.14,7960
8606.64,7959
8608.47,7958
8609.94,7956
8611.58,7950
8627.04,7949
8634.12,7948
8637.48,7947
8646.44,7946
8652.48,7945
8654.09,7944
8657.27,7943
8663.59,7939
8691.81,7938
8693.75,7936
8695.6,7935
8700.8,7931
8706.78,7929
8708.28,7928
8709.74,7927
8711.3,7926
8723.74,7925
8726.97,7924
8728.39,7923
8737.93,7922
8739.86,7920
8741.55,7918
8744.8,7917
8749.56,7913
8768.37,7911
8771.57,7910
8773.03,7906
8774.71,7905
8776.3,7904
8777.86,7903
8789.98,7902
8791.81,7901
8793.47,7899
8801.11,7895
8816.31,7894
8818,7893
8819.62,7892
8835.63,7890
8838.99,7888
8843.43,7887
8845.05,7886
8846.88,7885
8855.68,7884
8857.18,7879
8860.59,7877
8884.87,7876
8894.1,7874
8898.83,7872
8900.44,7871
8905.15,7870
8906.73,7869
8911.33,7867
8925.6,7863
8927.08,7862
8939.15,7861
8940.85,7860
8944.24,7859
8950.8,7858
8952.5,7857
8959.02,7855
8960.45,7854
8963.53,7853
8969.16,7850
8970.85,7849
8976.07,7848
8977.81,7847
8980.91,7846
8984.14,7844
8993.54,7841
9007.43,7838
9020.6,7837
9039.22,7836
9042.81,7835
9049.43,7834
9050.89,7832
9054.43,7831
9057.84,7827
9059.48,7826
9077.5,7825
9078.97,7822
9092.33,7820
9097.25,7819
9099.11,7817
9100.74,7816
9104.35,7814
9110.91,7810
9128.22,7809
9129.67,7808
9131.34,7807
9142.54,7806
9144.38,7805
9150.66,7804
9155.85,7801
9170.11,7800
9178.85,7799
9184.21,7798
9185.78,7796
9187.34,7795
9189.14,7794
9190.66,7792
9197.76,7791
9199.13,7790
9203.91,7789
9207.34,7787
9210.46,7784
9226.34,7783
9231.33,7782
9233.04,7780
9236.04,7779
9237.64,7778
9239.27,7777
9241.13,7776
9246.3,7775
9247.75,7774
9254.27,7773
9257.39,7770
9260.56,7768
9262.05,7766
9285.27,7765
9287.2,7763
9293.94,7762
9299.19,7761
9300.98,7760
9302.75,7759
9304.63,7758
9309.14,7757
9310.67,7756
9316.95,7755
9318.52,7754
9324.84,7752
9326.51,7751
9330.04,7749
9331.95,7748
9336.53,7747
9338.03,7746
9341.07,7745
9342.64,7744
9344.18,7743
9350.52,7742
9352.27,7741
9355.81,7740
9357.81,7739
9361.58,7737
9378.09,7736
9381.58,7735
9386.45,7734
9390.23,7732
9399.03,7728
9402.09,7727
9421.31,7726
9429.8,7725
9431.38,7724
9432.83,7723
9435.81,7722
9439,7721
9440.48,7720
9441.87,7718
9443.39,7717
9460.51,7713
9462.17,7712
9472.1,7710
9473.74,7707
9475.41,7706
9480.6,7704
9489.51,7703
9505.43,7702
9511.5,7701
9514.91,7700
9516.36,7699
9518.2,7698
9534.42,7694
9549.62,7693
9557.48,7692
9565.06,7691
9567.06,7689
9570.51,7688
9578.12,7687
9579.69,7686
9581.38,7684
9586.38,7683
9588.08,7682
9589.75,7681
9591.22,7680
9592.92,7678
9623.38,7677
9629.79,7675
9634.58,7674
9642.47,7673
9647.4,7672
9649.12,7671
9655.29,7670
9656.88,7668
9663.63,7667
9665.31,7666
9666.76,7665
9674.72,7664
9679.44,7662
9681,7661
9682.6,7660
9684.15,7659
9700.29,7658
9708.58,7657
9710.28,7655
9720.29,7654
9722.04,7652
9728.6,7647
9731.87,7645
9733.48,7644
9744.23,7643
9755.59,7641
9757.19,7638
9772.9,7637
9778.08,7636
9781.48,7633
9789.75,7629
9808.29,7627
9811.26,7626
9815.74,7624
9818.63,7623
9820.14,7622
9824.82,7621
9830.86,7620
9832.68,7619
9846.11,7618
9851.02,7617
9852.98,7616
9855.95,7614
9862.33,7613
9873.64,7612
9884.9,7609
9888.15,7607
9889.78,7604
9900.79,7603
9903.89,7602
9905.62,7601
9908.61,7600
9919.82,7599
9927.4,7597
9930.34,7596
9933.34,7595
9937.63,7594
9942.14,7593
9949.74,7589
9972.06,7587
9973.69,7584
9979.82,7583
9981.65,7582
10001.4,7581
10003,7579
10007.7,7578
10013.9,7577
10019.9,7576
10023.2,7574
10025,7572
10032.8,7570
10034.3,7569
10038.9,7568
10047.1,7567
10054.7,7563
10065.5,7561
10079.6,7560
10083.2,7559
10089.7,7558
10091.2,7557
10104.2,7554
10105.7,7553
10108.9,7552
10117.4,7551
10120.4,7550
10137.7,7548
10141,7547
10144.5,7546
10148.5,7545
10153.2,7542
10170.9,7541
10172.4,7540
10173.8,7539
10175.2,7538
10178.2,7536
10181.2,7534
10188,7533
10193.5,7532
10207,7530
10216.5,7529
10218,7528
10219.6,7527
10224.1,7526
10242.5,7525
10247.4,7524
10249.2,7523
10252.8,7521
10268.3,7520
10270,7519
10271.5,7518
10272.9,7517
10276.1,7514
10282.4,7513
10283.8,7511
10286.9,7510
10290.1,7507
10322.7,7506
10324.5,7504
10326.1,7503
10342.1,7500
10346.7,7499
10354.1,7497
10366.2,7496
10367.8,7495
10376.9,7493
10380.1,7492
10388.2,7491
10395.8,7489
10418.2,7488
10419.9,7487
10434.9,7486
10437.9,7485
10439.7,7481
10443,7480
10459.1,7479
10460.8,7478
10463.7,7477
10480.2,7476
10495.4,7473
10497,7472
10498.3,7471
10511.2,7470
10512.8,7469
10518.6,7468
10521.8,7467
10525,7465
10540.3,7463
10546.2,7462
10549.3,7460
10557.5,7459
10565.8,7457
10576.9,7456
10579.9,7453
10597.5,7452
10611.6,7451
10615,7450
10627.5,7449
10629.1,7448
10631.1,7447
10642,7446
10643.7,7443
10647,7442
10658.1,7441
10661,7440
10668.6,7439
10673.2,7437
10674.6,7436
10679.7,7434
10697.1,7432
10724.5,7431
10727.9,7430
10732.7,7429
10734.3,7426
10746,7425
10751.1,7424
10757.7,7423
10763.9,7422
10767.4,7421
10769,7420
10772.4,7418
10773.8,7417
10779.9,7416
10781.4,7415
10790.4,7414
10793.6,7413
10801.3,7412
10825.3,7410
10840.5,7408
10845.1,7407
10846.7,7406
10862.2,7404
10865.1,7403
10871.8,7402
10875.2,7401
10876.9,7400
10880.3,7399
10881.9,7398
10883.3,7397
10885,7396
10893.8,7395
10895.3,7394
10900,7393
10906.2,7392
10907.8,7391
10909.4,7387
10917.6,7382
10933.7,7381
10936.7,7379
10939.5,7375
10941,7374
10942.4,7373
10943.9,7372
10945.7,7371
10948.9,7369
10950.4,7368
10951.9,7367
10956.8,7366
10967.3,7365
10975.2,7364
10978.7,7360
10980.3,7355
11023.9,7353
11025.4,7352
11027,7351
11028.6,7350
11042.6,7349
11049.1,7348
11057.4,7347
11062,7346
11065.3,7345
11071.7,7344
11073.3,7343
11085.5,7342
11087.1,7341
11090.6,7339
11093.8,7338
11120.5,7336
11123.4,7335
11134.4,7334
11137.8,7333
11139.7,7332
11144.3,7331
11149.3,7328
11162.9,7327
11164.5,7326
11171,7325
11172.6,7324
11177.5,7323
11179.1,7321
11187.7,7320
11189.7,7319
11196,7317
11205.2,7315
11233.3,7314
11234.8,7313
11236.5,7311
11245.9,7310
11247.6,7309
11253.8,7306
11260.3,7304
11261.9,7302
11263.6,7301
11265.1,7300
11266.6,7297
11268.4,7294
11277.4,7293
11287.3,7291
11290.5,7290
11316.7,7289
11318.1,7287
11319.7,7286
11324.4,7285
11327.8,7284
11332.7,7283
11340.6,7282
11350.4,7281
11354,7280
11360.6,7279
11363.6,7278
11365.1,7277
11375.9,7276
11377.4,7274
11402.6,7273
11409,7272
11411,7271
11416.3,7270
11418,7269
11419.8,7266
11421.4,7265
11448.3,7264
11451.4,7263
11460.8,7262
11467.2,7261
11468.8,7260
11470.3,7259
11483.1,7257
11485.9,7256
11500.7,7254
11513.9,7253
11517.9,7249
11523.7,7248
11527.1,7247
11528.6,7245
11537.2,7243
11585.9,7242
11587.5,7240
11594.8,7237
11602.6,7236
11604.3,7233
11607.5,7232
11610.5,7231
11619.4,7230
11620.9,7229
11622.4,7227
11631.6,7225
11636.1,7224
11646.5,7223
11649.6,7222
11657.6,7221
11660.8,7220
11677.3,7219
11680.5,7218
11688.3,7215
11705.4,7214
11723.3,7213
11736,7209
11762.6,7208
11764.1,7207
11770.3,7206
11771.7,7205
11781.2,7204
11785.9,7203
11810.6,7201
11813.6,7200
11815.2,7198
11834.5,7196
11837.6,7195
11839.3,7193
11851.8,7191
11856.1,7190
11858.9,7188
11873.8,7187
11876.8,7185
11887.3,7184
11899.3,7183
11904.4,7181
11911.9,7180
11913.5,7178
11926.8,7177
11931.3,7176
11948.2,7175
11957.3,7174
11960.7,7173
11962.4,7172
11967.7,7170
11975.3,7169
11987.5,7167
11999.8,7165
12003,7164
12004.5,7162
12006.1,7160
12007.7,7159
12009.2,7158
12018.4,7157
12021.8,7156
12028.1,7154
12045.2,7153
12046.7,7152
12049.7,7151
12051.2,7150
12062.1,7148
12065.2,7147
12077.5,7145
12085.9,7144
12089.4,7142
12091.1,7140
12092.5,7139
12097.3,7138
12098.8,7137
12108.4,7136
12128.7,7135
12134.9,7134
12138,7133
12140,7132
12151.7,7130
12176,7127
12196,7126
12205.6,7125
12224.1,7124
12234.3,7123
12238.3,7121
12248.5,7120
12253.4,7119
12256.8,7118
12258.6,7117
12260.4,7116
12263.5,7115
12265.3,7114
12266.9,7113
12268.5,7112
12304.9,7111
12308,7110
12311,7109
12314.2,7108
12319.6,7106
12336.3,7105
12361.3,7104
12362.8,7103
12371.5,7100
12394.6,7097
12401,7096
12402.9,7094
12404.9,7093
12407.3,7092
12433.4,7091
12438.2,7090
12453.8,7089
12456.8,7088
12458.4,7087
12462,7086
12465.4,7085
12467.3,7080
12507.4,7079
12514,7078
12518.9,7077
12521,7076
12522.5,7075
12532.8,7074
12535.2,7073
12537.6,7072
12576,7071
12593.3,7070
12596.7,7069
12601.4,7068
12604.4,7067
12610.1,7066
12631.1,7065
12633.1,7064
12641.6,7063
12656.9,7061
12692.9,7060
12731.9,7059
12738.8,7058
12743.2,7055
12745,7054
12746.8,7053
12748.7,7052
12750.9,7051
12764,7050
12811.4,7048
12814.6,7047
12822.6,7046
12836.9,7045
12850.5,7044
12861.3,7043
12863.4,7042
12885.2,7041
12891.4,7040
12901.8,7039
12919.7,7038
12923.3,7037
12939.8,7036
12951.8,7030
12956.6,7029
12958,7028
13002.2,7027
13005.2,7025
13023.7,7023
13025.9,7021
13029.7,7020
13072,7019
13079.5,7018
13097.6,7017
13105.6,7016
13107.1,7015
13119.2,7013
13127.4,7012
13133.1,7011
13137.6,7010
13146.5,7009
13153.1,7008
13155.2,7007
13158.7,7005
13184.4,7004
13187.5,7003
13192.5,7002
13194.1,7001
13197.6,7000
13259.2,6997
13285.3,6996
13299.2,6994
13301.1,6991
13315.8,6990
13317.6,6989
13330.6,6986
13349.4,6985
13353.5,6981
13355.4,6980
13356.9,6979
13360.7,6978
13364.8,6977
13372.5,6976
13380.5,6975
13383.9,6973
13393.6,6972
13397.9,6971
13399.9,6968
13418.8,6965
13423.6,6964
13428.5,6963
13429.9,6962
13431.5,6961
13456.1,6960
13473.8,6959
13479.3,6958
13496.6,6957
13498.1,6956
13501.8,6955
13506.9,6954
13523.9,6953
13525.4,6952
13532.1,6951
13547.3,6950
13563.3,6946
13637.7,6945
13639.3,6943
13658,6942
13661.7,6940
13663.6,6938
13677.6,6937
13688.8,6936
13695.9,6935
13702.8,6934
13705,6933
13711.5,6930
13743.2,6929
13754.5,6928
13756.2,6927
13773.2,6926
13780.2,6925
13784.2,6924
13810.3,6923
13813.6,6921
13831.5,6920
13841.7,6919
13854.6,6917
13856.6,6916
13865.3,6912
13869,6911
13884.9,6910
13898.5,6909
13930.1,6908
13960.2,6906
13985.4,6905
13999.9,6904
14007.4,6903
14015.2,6902
14028.1,6901
14035.3,6899
14044.1,6898
14063.1,6896
14070.1,6893
14078.4,6892
14084.4,6891
14086.4,6890
14088.5,6888
14094,6884
14113.8,6883
14117.4,6882
14128.8,6881
14136.9,6880
14148.1,6879
14153.5,6878
14156.8,6877
14193,6876
14210.2,6874
14223.6,6872
14254.6,6867
14301.2,6865
14308.9,6864
14313.6,6863
14324.3,6862
14326.7,6861
14333,6860
14336.6,6859
14347.2,6858
14351.9,6856
14367.8,6855
14377.8,6854
14382.2,6852
14385.8,6851
14406.3,6850
14433,6849
14434.3,6848
14437.3,6847
14440.3,6846
14450.5,6843
14480.1,6842
14481.5,6841
14485.1,6838
14490.1,6837
14513.8,6836
14532.2,6832
14535.4,6830
14538.8,6829
14567.2,6828
14587.2,6827
14590.3,6826
14591.9,6824
14595,6823
14602.9,6822
14604.4,6820
14606,6817
14618.7,6815
14620.2,6814
14623.3,6813
14693.2,6812
14695.2,6811
14699.8,6810
14702.9,6806
14747.5,6803
14757.7,6800
14765.2,6799
14771.4,6798
14776,6797
14794.8,6795
14796.3,6794
14799.4,6793
14813.9,6792
14838.8,6790
14844.9,6789
14850.7,6788
14852.2,6783
14888.9,6781
14911.3,6780
14920.1,6779
14924.9,6778
14956.3,6777
14965.1,6774
15002.6,6770
15013.3,6769
15015.2,6768
15016.9,6767
15018.5,6766
15023.6,6765
15025.7,6764
15031.1,6763
15037.8,6761
15063.5,6760
15065.4,6759
15068.7,6758
15087,6756
15092.6,6753
15094.4,6752
15104.8,6750
15148,6748
15158.2,6744
15212.4,6743
15219.9,6742
15224.2,6741
15225.7,6740
15235.2,6739
15236.8,6738
15240.7,6737
15242.2,6736
15246.9,6734
15253.8,6732
15257.1,6731
15279.2,6730
15285.8,6729
15288.1,6728
15326,6727
15364.4,6724
15423.7,6723
15425.4,6722
15441.7,6721
15458.9,6718
15460.8,6714
15488.7,6713
15496.2,6712
15525.2,6710
15526.8,6709
15529.9,6706
15563.4,6705
15565.4,6704
15571.7,6701
15582.1,6700
15591,6698
15594.3,6697
15613.1,6696
15617.8,6695
15619.3,6694
15630.9,6692
15632.7,6691
15641.3,6690
15661.3,6688
15688.5,6684
15726.9,6681
15780.6,6680
15786.7,6678
15789.5,6677
15790.9,6676
15839,6675
15937.4,6673
15940.9,6672
15942.8,6671
15947.9,6670
15952.5,6669
15963.1,6667
15975.2,6666
15981.1,6665
15982.5,6664
15983.9,6663
15985.5,6661
16033.1,6660
16041.5,6659
16073.1,6658
16077.8,6657
16123.9,6656
16128.6,6655
16131.7,6654
16133.3,6653
16134.7,6652
16136.4,6651
16146,6650
16157.7,6649
16159.5,6648
16161.2,6645
16174.5,6644
16176.3,6643
16181.9,6642
16188.1,6640
16197.6,6639
16218.6,6638
16226.1,6637
16232.9,6636
16241.4,6635
16243,6634
16244.8,6633
16251.4,6632
16272.8,6631
16276,6629
16286.6,6628
16300.2,6627
16305.8,6626
16313.6,6623
16318,6622
16322.4,6619
16324.9,6618
16383.8,6617
16394.7,6616
16489.8,6614
16515.9,6613
16523.5,6611
16569.4,6610
16580.2,6609
16583.1,6608
16678.3,6607
16681.6,6606
16696.6,6605
16700.2,6604
16708.9,6603
16722.3,6601
16768.5,6600
16770.1,6598
16819.9,6596
16821.7,6594
16823.1,6593
16824.6,6591
16827.6,6590
16844.9,6589
16847.8,6588
16852.8,6587
16870,6586
16877.5,6585
16880.8,6584
16882.4,6583
16892,6582
16914.8,6581
16920.3,6578
16933.7,6577
16945.9,6576
16956.4,6575
16966.8,6574
16969.9,6572
16984,6570
16988.3,6569
16998.1,6567
17027.6,6566
17040,6565
17049.1,6564
17051,6562
17065,6561
17068.8,6560
17079.3,6559
17081,6558
17082.5,6556
17160.4,6553
17234.3,6552
17237.6,6550
17320.2,6549
17328,6548
17331.3,6547
17443.7,6545
17451.3,6544
17452.7,6543
17466.6,6542
17469.9,6538
17482.9,6537
17484.8,6536
17500.7,6535
17525.3,6534
17537.4,6533
17538.8,6531
17547.1,6530
17569.3,6528
17572.4,6527
17715.1,6526
17719.4,6524
17722.4,6523
17728.6,6522
17759.3,6519
17766.4,6518
17767.9,6515
17782.9,6514
17887.4,6513
17889,6512
17962.6,6511
17979.9,6509
17981.3,6508
17990.5,6507
18002.8,6506
18029.5,6505
18037.6,6503
18039,6502
18047.8,6501
18049.3,6500
18119.7,6499
18121.2,6498
18122.7,6496
18130.6,6495
18132.3,6494
18169.2,6493
18218.9,6492
18224.7,6491
18233.1,6490
18239.1,6488
18243.5,6487
18246.6,6486
18270.8,6484
18272.5,6481
18274.2,6480
18312.7,6479
18338.6,6478
18362.8,6477
18364.3,6476
18367.6,6475
18374.3,6473
18395.3,6472
18405.9,6471
18411.8,6470
18415.1,6469
18486,6467
18493.6,6465
18496.7,6464
18514.7,6463
18525.5,6462
18526.8,6461
18550.2,6460
18577.3,6459
18580.3,6458
18595.1,6457
18596.6,6456
18598.3,6455
18599.8,6454
18629.4,6452
18646.8,6451
18657.8,6450
18659.3,6449
18673.3,6448
18674.9,6447
18678.1,6446
18679.7,6445
18686.5,6444
18688.2,6442
18712.6,6441
18806.5,6440
18831.6,6439
18833.1,6438
18840.4,6437
18884.5,6436
18896.4,6435
18909.2,6433
19001.3,6431
19032.8,6430
19136.3,6429
19166.7,6428
19173.1,6427
19178.3,6425
19190,6424
19199.5,6422
19237.7,6421
19239.3,6417
19300,6416
19314.2,6414
19352.1,6413
19355.2,6412
19358.7,6411
19399.5,6409
19402.5,6408
19408.5,6407
19414.4,6406
19449.9,6404
19452.8,6402
19454.3,6401
19549.2,6398
19568.3,6397
19569.7,6396
19730.8,6395
19754.8,6393
19777.8,6392
19780.8,6391
19782.4,6390
19794,6388
19821.6,6386
19851.6,6384
19883.3,6383
19892.5,6382
19901.7,6381
19908.4,6380
19910.6,6379
19960.4,6378
19997.5,6377
20013.9,6376
20015.5,6375
20066.4,6373
20079.8,6372
20106.8,6371
20112.8,6370
20120.4,6366
20134.3,6364
20166.2,6363
20244.5,6362
20262.6,6360
20280.5,6359
20295.5,6358
20296.9,6355
20299.9,6354
20372.7,6353
20381.5,6352
20382.8,6351
20409.4,6349
20561,6348
20711.9,6347
20713.8,6346
20829.7,6345
20839.5,6344
20871.4,6343
20878.7,6341
20908.1,6339
20931.9,6338
20933.5,6337
20938.1,6333
20949.8,6332
20991.8,6329
21035.3,6328
21050.3,6326
21060.9,6322
21216.9,6321
21218.3,6320
21246.6,6318
21461.7,6317
21476.7,6316
21505.8,6315
21543.9,6314
21546.7,6313
21588,6312
21592.5,6311
21595.6,6310
21608.1,6309
21610.3,6308
21612.6,6306
21637.6,6305
21639,6304
21652.6,6303
21726.6,6302
21760.9,6300
21894.4,6299
21899.1,6296
21990.8,6295
22011.9,6294
22036.1,6293
22037.8,6290
22080.8,6289
22083.7,6287
22089.7,6286
22116,6285
22117.4,6284
22297.2,6282
22341.9,6281
22367.5,6280
22435.4,6278
22458.2,6277
22460.3,6276
22495.5,6275
22504.7,6274
22524.9,6270
22528,6269
22557.4,6268
22878.9,6264
22993.2,6263
23016.8,6262
23021.6,6261
23044.2,6259
23256.7,6258
23261.2,6257
23262.6,6256
23264.1,6255
23265.5,6254
23292.9,6252
23321,6251
23347.3,6250
23464.7,6249
23679,6248
23680.7,6245
23730.7,6244
23844.4,6243
23897.1,6242
23983.3,6241
23984.7,6240
24020.2,6238
24031.8,6237
24033.6,6236
24046.2,6234
24056.7,6232
24184.2,6230
24198.6,6229
24235.4,6228
24242.8,6227
24244.2,6226
24274.5,6225
24334,6224
24380.4,6223
24382.1,6222
24493.9,6219
24531.3,6217
24533,6215
24573.8,6214
24582,6213
24591.5,6211
24594.6,6210
24605.4,6208
24616.2,6207
24643.2,6206
24644.9,6205
24834.6,6203
24844.9,6202
24853.7,6200
24869.4,6199
24903.4,6198
24925.2,6194
24974.6,6193
24976.1,6191
24983.5,6187
25714,6186
25741.8,6185
25776.7,6184
25779.7,6183
25799.7,6182
25825.2,6181
25837.1,6180
25847.5,6176
25884,6174
25893.2,6173
25900.6,6170
25904.4,6169
25923.8,6168
25926.7,6167
25942.5,6166
25953.2,6165
25965.8,6164
26241.4,6163
26357.1,6162
26934.5,6159
26943.3,6156
26949.3,6155
27005.1,6154
27018.8,6153
27040.1,6152
27052.8,6151
27061.6,6149
27070.6,6148
27126.9,6147
27134.9,6146
27154.9,6145
27163.8,6143
27183.5,6142
27498.6,6141
27506.1,6140
27686.9,6138
27959.5,6136
27972.9,6135
28169.5,6134
28170.9,6133
28184.5,6130
28194.1,6129
28195.7,6128
28274.5,6127
28389.9,6124
28414.7,6123
28421,6122
28422.7,6119
28551.6,6117
28553.1,6116
29506.9,6115
29508.5,6113
29510.1,6111
29749.5,6110
29772.9,6108
29825.2,6107
30038.4,6106
30041.5,6105
30044.5,6104
30119.8,6103
30135.5,6102
30227.3,6101
30322.5,6100
30337.5,6099
30339,6098
30343.4,6096
30355.3,6095
31186.7,6094
31194.5,6092
31200.2,6091
31216.5,6090
31230.1,6088
31263.5,6087
31272.3,6086
31278.1,6085
31282.9,6083
31338.4,6082
31563.2,6081
31715.5,6080
31716.9,6079
31789.1,6077
31874.3,6076
31981,6075
32079.6,6074
32081.2,6073
32082.9,6071
32256.8,6068
32319.1,6067
32389.7,6066
32418.9,6065
32531.2,6064
32537.5,6063
32546.3,6061
32552.6,6059
34246,6058
34258.3,6057
34261.2,6056
34264,6055
34396.3,6054
34537.6,6053
34567.3,6052
34571.6,6051
34573,6050
35486.7,6049
35494.2,6043
35594.5,6042
35595.9,6040
35601.5,6039
35731.7,6038
35733.2,6037
35807.6,6036
35838.6,6035
39792.9,6033
39794.4,6032
39837.4,6031
40366.7,6029
40368.1,6028
44037.2,6027
44051.7,6026
44053.3,6025
44088.5,6024
44092.1,6023
44112.9,6021
44203.3,6019
45043.1,6018
48541.4,6015
48567.9,6014
48578.5,6013
48586.1,6012
48590.5,6011
48594.9,6009
48705.2,6008
48936.8,6006
49031.9,6005
49076.5,6003
49082.5,6002
49083.9,5998
49125.7,5997
49185.7,5996
49217.6,5995
49224.1,5994
49225.7,5992
49227.5,5991
49326.1,5990
49347,5989
49366.2,5988
49378.2,5987
49432.3,5986
55259.7,5985
55348.3,5984
55506.4,5981
55515.4,5980
55518.4,5979
55598.2,5978
55605.5,5977
55607.1,5976
55611.6,5974
56553.4,5973
56648.9,5971
58088.1,5970
58137.3,5969
58144.4,5968
58153.1,5967
58155.8,5966
58160.3,5964
58164.8,5963
58212.8,5962
58215.8,5961
58244.8,5959
59018.2,5958
61046.5,5957
61098.8,5955
63990.8,5954
63993.8,5953
64004.2,5952
64159.6,5951
64787.9,5949
64795.7,5948
64923.5,5947
64966.4,5946
65014.8,5945
75120.6,5943
77791.8,5942
77861.4,5940
77893.6,5939
77902.4,5937
77924.7,5936
77928.4,5935
77987.7,5934
78099.7,5933
78115,5932
78116.5,5931
78125.5,5930
78128.4,5929
78135.9,5928
78138.7,5927
78156,5926
78184.1,5925
78251.7,5924
78278.1,5922
78418,5921
78567,5919
78568.5,5918
88042,5914
88333.9,5913
88345.8,5911
95134.8,5909
95212.5,5908
95213.9,5907
95215.4,5906
95288.2,5905
95293.6,5903
95295.2,5902
95329.7,5900
95381.5,5898
95402.3,5897
95403.9,5896
95405.4,5895
95540.6,5893
95843.3,5892
95859.3,5891
100853,5890
100854,5889
100872,5888
105357,5886
105689,5885
105744,5884
110785,5882
110787,5881
110788,5880
110799,5879
110858,5877
111384,5876
111388,5875
111443,5874
111514,5873
111531,5872
112425,5870
112427,5869
112535,5868
112538,5866
112555,5865
112594,5864
112620,5862
112623,5861
112673,5860
112853,5858
112872,5857
113003,5855
113879,5854
114272,5853
114311,5850
114317,5849
114344,5848
114424,5847
114434,5846
114450,5845
114453,5842
114477,5840
114569,5839
114578,5837
