2.17756,11022
3.4294,11021
4.8463,11020
5.99351,11019
7.16145,11018
8.26012,11017
9.43298,11016
10.6981,11015
11.7648,11014
12.823,11013
14.0418,11012
15.1426,11011
16.3096,11010
17.4334,11007
18.6209,11004
19.7197,11001
20.7666,11000
22.0231,10995
23.0999,10993
24.3622,10991
25.5782,10988
26.7904,10986
27.8559,10985
28.915,10983
30.2061,10981
31.3684,10980
32.4726,10977
33.7163,10973
34.8722,10967
35.9344,10963
37.1792,10962
38.3103,10960
39.4107,10959
40.5146,10958
41.7652,10957
42.8145,10951
43.951,10948
45.6416,10947
46.7441,10944
47.7741,10942
49.0993,10938
50.3121,10936
51.4104,10931
52.5669,10929
53.7166,10928
54.8004,10926
55.8878,10923
57.148,10918
58.413,10915
59.6955,10911
61.1566,10907
62.4014,10906
63.6856,10905
65.1899,10904
66.4227,10902
67.5638,10900
68.7428,10896
69.9883,10892
71.0858,10891
72.2332,10889
73.4206,10888
74.5555,10887
75.6314,10878
76.9032,10873
77.9732,10869
79.0799,10865
80.2068,10863
81.3623,10861
82.4139,10860
83.4855,10858
84.7337,10853
86.0013,10852
87.07,10849
88.2338,10848
89.4162,10847
90.5151,10846
91.7324,10843
92.9452,10839
94.0864,10836
95.183,10834
96.4551,10832
97.5632,10830
98.6599,10827
99.7747,10824
101,10821
102.07,10819
103.175,10817
104.365,10815
105.63,10809
106.781,10807
108.341,10803
109.516,10802
110.69,10800
111.909,10792
113.085,10791
114.142,10788
115.255,10784
116.504,10781
117.655,10780
118.878,10779
120.093,10777
121.508,10768
122.759,10766
124.234,10762
125.712,10761
126.964,10760
128.25,10759
129.457,10758
130.611,10757
131.811,10753
132.997,10752
134.113,10751
135.255,10750
136.423,10745
137.566,10744
138.636,10741
139.841,10738
140.959,10730
142.144,10727
143.54,10726
144.719,10721
146.081,10718
147.249,10716
148.389,10715
149.443,10712
150.577,10710
151.858,10708
153.05,10705
154.16,10704
155.57,10702
156.805,10701
157.94,10699
159.178,10698
160.371,10693
161.464,10691
162.587,10688
163.832,10686
164.923,10681
166.221,10680
167.5,10679
168.631,10678
169.654,10677
170.82,10674
171.967,10669
173.045,10667
174.109,10664
175.329,10663
176.454,10662
177.629,10654
178.985,10652
180.206,10650
181.471,10649
182.934,10646
184.166,10644
185.358,10642
186.725,10641
187.906,10639
189.033,10637
190.139,10635
191.602,10633
192.705,10626
193.847,10623
195.07,10622
196.252,10621
197.359,10617
198.646,10615
199.765,10614
200.878,10613
202.032,10611
203.147,10608
204.205,10607
205.277,10605
206.59,10604
207.715,10603
208.828,10599
209.995,10597
211.226,10596
212.448,10592
213.661,10589
214.866,10586
215.977,10582
217.086,10579
218.4,10576
219.47,10575
220.565,10573
221.837,10566
223.082,10564
224.216,10563
225.447,10561
226.608,10553
227.724,10549
228.883,10548
230.156,10547
231.269,10545
232.637,10542
234.11,10541
235.399,10538
236.535,10536
237.797,10532
239.203,10530
240.639,10528
242.296,10527
243.633,10526
244.93,10525
246.392,10520
247.612,10516
248.714,10515
250.035,10514
251.229,10513
252.551,10508
253.82,10507
254.953,10506
256.083,10505
257.297,10501
258.412,10500
259.565,10499
260.677,10497
262.023,10496
263.124,10491
264.25,10489
265.412,10487
266.616,10486
267.719,10485
268.851,10484
269.963,10482
271.072,10481
272.154,10479
273.622,10476
274.791,10475
275.94,10473
277.183,10472
278.331,10470
279.42,10469
280.664,10468
281.894,10467
283.055,10466
284.224,10462
285.503,10461
286.653,10459
287.741,10456
288.963,10454
290.023,10452
291.068,10448
292.216,10446
293.548,10443
294.579,10442
295.694,10440
296.923,10439
297.983,10437
299.161,10436
300.416,10431
301.654,10429
302.82,10428
304.18,10427
305.55,10426
306.85,10421
308.189,10420
309.35,10419
310.541,10418
311.742,10414
313.282,10413
314.437,10411
315.514,10410
316.814,10409
317.963,10406
319.093,10404
320.309,10401
321.407,10400
322.441,10397
323.672,10396
324.881,10393
326.031,10389
327.106,10385
328.377,10384
329.485,10383
330.605,10380
331.941,10378
333.058,10377
334.332,10376
335.559,10375
336.788,10374
338.034,10373
339.251,10370
340.499,10368
341.737,10367
342.881,10366
344.224,10361
345.545,10360
346.762,10359
347.971,10357
349.051,10355
350.133,10354
351.321,10351
352.532,10350
353.779,10347
354.897,10345
356.128,10344
357.268,10343
358.385,10342
359.816,10338
361.026,10337
362.264,10334
363.646,10333
364.944,10331
366.247,10330
367.654,10326
368.867,10325
370.048,10324
371.381,10323
372.496,10322
373.71,10321
375.098,10320
376.178,10319
377.262,10316
378.372,10313
379.591,10312
380.666,10311
381.715,10306
383.011,10304
384.105,10303
385.209,10302
386.428,10299
387.663,10298
388.739,10297
389.819,10292
391.07,10291
392.124,10289
393.234,10287
394.602,10285
395.878,10284
396.985,10281
398.369,10279
399.825,10277
400.989,10276
402.2,10274
403.371,10272
404.6,10271
405.775,10267
407.081,10266
408.359,10265
409.557,10263
410.896,10262
412.156,10259
413.272,10258
414.826,10257
415.898,10256
416.988,10255
418.189,10252
419.395,10250
420.614,10249
422,10248
423.371,10247
424.548,10246
426.013,10245
427.368,10243
428.592,10242
429.764,10241
430.98,10240
432.137,10239
433.309,10234
434.887,10233
435.989,10232
437.153,10228
438.366,10226
439.474,10225
440.559,10224
441.782,10223
443.13,10221
444.262,10218
445.632,10217
446.736,10213
447.787,10211
448.964,10210
450.104,10207
451.233,10204
452.39,10203
453.605,10202
454.786,10199
456.116,10196
457.454,10194
458.586,10190
459.767,10189
461.037,10187
462.139,10186
463.302,10185
464.499,10183
465.772,10182
466.906,10180
467.998,10179
469.222,10178
470.398,10177
471.439,10173
472.837,10169
474.007,10168
475.066,10165
476.461,10164
477.662,10163
478.737,10162
479.877,10161
481.209,10158
482.434,10156
483.701,10155
484.974,10154
486.208,10151
487.455,10150
488.82,10149
489.925,10148
491.014,10146
492.263,10145
493.398,10144
494.517,10143
495.657,10142
497.115,10140
498.219,10138
499.462,10136
500.566,10135
501.659,10134
502.719,10133
503.943,10131
504.986,10130
506.052,10129
507.259,10128
508.417,10127
509.478,10126
510.556,10125
511.784,10124
512.906,10121
513.969,10119
515.19,10118
516.295,10117
517.61,10114
518.811,10113
519.978,10110
521.062,10108
522.185,10107
523.43,10106
524.524,10105
525.604,10104
526.848,10103
527.93,10102
529.052,10098
530.18,10097
531.377,10094
532.55,10093
533.973,10092
535.476,10091
536.885,10090
538.094,10089
539.469,10088
541.102,10085
542.603,10083
543.896,10082
545.135,10081
546.525,10080
547.901,10079
549.127,10077
550.405,10076
551.61,10075
552.719,10073
553.796,10072
555.062,10068
556.158,10067
557.469,10066
558.645,10062
559.785,10061
560.896,10059
562.086,10058
563.274,10055
564.336,10054
565.343,10053
566.651,10052
567.785,10051
568.849,10050
569.989,10049
571.089,10046
572.195,10045
573.223,10044
574.54,10043
575.685,10042
576.797,10041
578.303,10039
579.45,10038
580.54,10036
581.721,10035
582.898,10034
583.979,10033
585.137,10032
586.432,10031
587.605,10030
588.646,10029
589.968,10028
591.073,10027
592.118,10025
593.169,10024
594.433,10023
595.545,10022
596.642,10018
598.002,10017
599.048,10015
600.129,10013
601.43,10009
602.704,10008
603.933,10006
605.183,10004
606.507,10003
607.642,10002
609.02,10001
610.264,9999
611.41,9997
612.522,9995
613.764,9993
614.886,9992
615.972,9991
617.193,9990
618.592,9989
619.652,9987
620.722,9986
621.974,9983
622.965,9982
624.056,9981
625.337,9980
626.499,9979
627.547,9978
628.598,9977
629.819,9975
630.889,9974
631.919,9973
633.113,9972
634.216,9971
635.289,9970
636.398,9969
637.561,9968
638.878,9967
640.001,9966
641.404,9965
642.558,9963
643.663,9962
645.095,9961
646.394,9960
647.514,9959
648.614,9958
649.807,9957
650.849,9956
651.933,9955
653.143,9954
654.209,9953
655.287,9952
656.543,9951
657.707,9950
658.803,9949
659.907,9948
661.272,9946
662.486,9945
663.656,9944
665.154,9943
666.376,9942
667.542,9941
668.928,9939
670.14,9937
671.29,9935
672.45,9934
673.638,9933
674.715,9932
675.776,9931
677.057,9929
678.144,9928
679.315,9925
680.466,9924
681.554,9923
682.616,9921
683.641,9919
685.052,9917
686.079,9916
687.145,9915
688.363,9914
689.516,9913
690.569,9912
691.671,9911
692.84,9910
693.94,9909
695.002,9908
696.256,9907
697.311,9906
698.375,9905
699.549,9904
700.792,9903
701.866,9902
702.96,9901
704.147,9900
705.349,9899
706.419,9898
707.606,9896
708.932,9895
710.112,9893
711.327,9891
712.503,9890
713.598,9888
714.687,9886
715.981,9885
717.126,9883
718.228,9882
719.335,9881
720.538,9880
721.698,9879
723.001,9877
724.317,9875
725.652,9874
726.963,9873
728.25,9872
729.427,9869
730.691,9868
731.964,9865
733.072,9863
734.179,9861
735.424,9860
736.53,9859
737.636,9858
738.828,9857
739.996,9856
741.074,9855
742.201,9853
743.481,9851
744.898,9849
746.157,9847
747.432,9846
748.478,9845
749.582,9844
750.74,9843
751.839,9841
752.956,9840
753.991,9839
755.235,9837
756.31,9836
757.361,9835
758.594,9834
759.761,9833
760.971,9831
762.128,9830
763.349,9829
764.432,9828
765.635,9827
766.878,9826
767.947,9823
769.055,9821
770.223,9820
771.541,9819
772.559,9818
773.623,9817
774.912,9816
775.996,9815
777.331,9813
778.632,9811
779.745,9810
780.898,9809
782.247,9808
783.501,9807
784.617,9806
786.095,9805
787.383,9804
788.542,9802
789.861,9801
791.11,9800
792.4,9799
793.535,9798
794.803,9797
795.882,9796
797.018,9795
798.303,9794
799.452,9793
800.566,9792
801.701,9791
802.822,9790
803.912,9789
804.981,9788
806.489,9787
807.51,9786
808.593,9785
809.738,9784
810.923,9783
811.997,9782
813.069,9781
814.332,9780
815.409,9779
816.515,9778
817.72,9777
818.836,9776
819.914,9775
821.016,9774
822.332,9773
823.425,9772
824.53,9771
825.774,9770
827.054,9769
828.119,9767
829.26,9766
830.449,9764
831.53,9763
832.591,9762
833.992,9761
835.33,9760
836.573,9759
837.924,9758
839.153,9757
840.637,9756
842.206,9755
843.289,9754
844.445,9753
845.914,9752
847.305,9751
848.503,9750
849.78,9749
850.945,9748
852.27,9747
853.594,9746
854.715,9745
855.79,9744
857.008,9743
858.189,9742
859.32,9741
860.544,9740
861.625,9739
862.721,9738
863.964,9736
865.089,9735
866.114,9734
867.523,9733
868.658,9732
869.761,9731
870.799,9730
871.984,9729
873.03,9728
874.139,9727
875.313,9726
876.49,9724
877.549,9723
878.655,9721
879.807,9720
880.866,9719
881.924,9718
883.284,9717
884.608,9716
885.716,9715
887.1,9714
888.367,9713
889.418,9712
890.474,9711
891.723,9710
892.789,9709
893.838,9708
894.921,9707
896.065,9706
897.117,9705
898.217,9704
899.347,9703
900.459,9702
901.482,9701
902.775,9699
904.104,9697
905.296,9696
906.634,9695
908.144,9694
909.265,9693
910.462,9692
911.773,9691
912.997,9690
914.092,9689
915.304,9688
916.406,9686
917.549,9685
918.69,9684
919.889,9683
920.875,9682
921.998,9681
923.2,9680
924.304,9679
925.321,9678
926.456,9677
927.772,9676
928.908,9674
929.987,9673
931.234,9672
932.29,9671
933.382,9670
934.556,9669
935.652,9668
936.682,9667
937.755,9666
939.002,9665
940.049,9664
941.109,9663
942.3,9660
943.431,9659
944.541,9658
945.708,9657
947.031,9656
948.452,9655
949.52,9654
950.754,9653
951.843,9652
952.939,9651
954.114,9650
955.221,9649
956.28,9648
957.465,9647
958.69,9646
959.878,9645
961.044,9643
962.35,9642
963.545,9641
964.648,9640
965.964,9639
967.148,9638
968.528,9637
969.821,9636
971.04,9635
972.222,9634
973.362,9633
974.615,9632
975.678,9631
976.739,9630
978.092,9629
979.196,9628
980.258,9627
981.421,9626
982.507,9625
983.645,9624
984.752,9623
985.923,9622
986.971,9621
988.228,9620
989.498,9619
990.599,9618
991.689,9617
992.792,9616
993.912,9615
994.984,9614
996.041,9613
997.303,9612
998.365,9611
999.447,9610
1000.63,9608
1001.78,9607
1002.82,9605
1003.88,9604
1005.18,9603
1006.26,9602
1007.35,9601
1008.78,9600
1010.03,9599
1011.2,9598
1012.46,9597
1013.57,9596
1014.76,9595
1015.85,9594
1017.04,9593
1018.09,9592
1019.17,9590
1020.44,9589
1021.61,9588
1022.72,9587
1024.13,9586
1025.29,9585
1026.57,9584
1027.93,9583
1029.3,9582
1030.45,9581
1031.78,9580
1032.97,9579
1034.05,9578
1035.29,9577
1036.47,9576
1037.58,9575
1038.69,9574
1039.94,9572
1040.99,9571
1042.07,9570
1043.31,9569
1044.42,9568
1045.7,9566
1047.03,9565
1048.21,9564
1049.41,9563
1050.47,9562
1051.72,9561
1052.77,9560
1053.89,9559
1055.09,9558
1056.22,9557
1057.29,9556
1058.38,9555
1059.66,9554
1060.75,9553
1061.84,9552
1063.03,9551
1064.1,9550
1065.29,9549
1066.51,9548
1067.67,9547
1068.81,9546
1070.17,9545
1071.32,9544
1072.37,9543
1073.4,9542
1074.58,9541
1075.7,9540
1076.83,9539
1077.98,9538
1079.19,9537
1080.25,9536
1081.33,9535
1082.54,9534
1083.72,9533
1084.96,9532
1086.28,9531
1087.53,9530
1088.74,9529
1090.19,9528
1091.51,9527
1092.58,9526
1093.7,9525
1094.87,9524
1096.12,9523
1097.21,9522
1098.49,9521
1099.61,9520
1100.67,9519
1101.91,9518
1103.09,9517
1104.24,9516
1105.47,9515
1106.61,9514
1107.7,9513
1108.8,9510
1110.21,9509
1111.35,9508
1112.38,9507
1113.57,9506
1114.7,9504
1115.83,9503
1116.91,9502
1118.14,9501
1119.22,9499
1120.25,9498
1121.45,9497
1122.6,9495
1123.76,9494
1125.01,9493
1126.37,9492
1127.62,9491
1128.74,9490
1130.13,9487
1131.17,9485
1132.29,9484
1133.53,9483
1134.85,9482
1136.14,9481
1138.57,9480
1139.83,9477
1141.38,9475
1142.57,9474
1146.62,9473
1149.22,9472
1150.48,9470
1151.69,9469
1152.93,9465
1155.15,9464
1158.91,9463
1160.03,9462
1161.26,9461
1162.36,9459
1163.47,9458
1169.27,9457
1170.31,9454
1176.2,9453
1177.36,9452
1180.71,9451
1181.78,9450
1182.89,9449
1184.06,9448
1185.22,9447
1186.31,9445
1187.54,9444
1188.8,9442
1189.89,9438
1196.8,9437
1198.89,9436
1200.14,9435
1201.22,9434
1206.09,9431
1211,9430
1212.38,9429
1213.48,9428
1214.6,9427
1215.79,9426
1217.09,9425
1218.24,9424
1219.39,9423
1220.52,9422
1221.57,9421
1222.67,9420
1223.88,9419
1224.94,9418
1226.01,9417
1227.3,9416
1228.37,9415
1229.39,9414
1230.47,9413
1231.7,9412
1232.77,9411
1233.83,9410
1234.95,9409
1236.08,9408
1237.37,9407
1238.43,9406
1239.65,9405
1240.78,9404
1241.93,9403
1243.19,9402
1244.31,9399
1249.16,9397
1250.24,9395
1251.36,9394
1252.42,9392
1253.51,9390
1254.72,9389
1261.68,9388
1262.93,9387
1264.14,9386
1265.35,9383
1266.66,9380
1271.52,9379
1272.77,9377
1274.03,9376
1275.09,9375
1276.11,9374
1277.46,9373
1278.67,9372
1279.76,9370
1282.08,9369
1284.19,9366
1285.33,9365
1286.5,9364
1289.92,9363
1291.03,9362
1293.25,9361
1294.39,9360
1297.89,9359
1298.95,9358
1300.04,9357
1301.25,9355
1302.38,9353
1305.77,9352
1306.82,9351
1309.42,9350
1310.61,9348
1313.05,9347
1316.39,9346
1318.8,9344
1319.84,9343
1324.48,9342
1327.13,9341
1329.71,9340
1330.87,9337
1334.5,9336
1336.71,9335
1337.8,9332
1342.33,9331
1343.56,9330
1346.11,9329
1348.65,9328
1352.03,9327
1353.13,9326
1354.25,9325
1355.34,9324
1356.57,9323
1357.65,9320
1363.32,9319
1365.7,9318
1366.77,9317
1371.77,9316
1372.83,9315
1373.88,9314
1375.05,9312
1376.26,9310
1378.5,9308
1380.82,9306
1383.15,9305
1384.47,9303
1385.66,9302
1387.04,9301
1388.29,9296
1395.57,9295
1396.61,9294
1397.74,9292
1398.92,9291
1402.19,9289
1404.72,9287
1405.8,9286
1410.48,9285
1411.6,9283
1412.64,9282
1413.7,9275
1419.43,9273
1421.59,9272
1425.15,9270
1426.29,9269
1427.39,9268
1428.46,9267
1429.56,9266
1431.82,9265
1432.89,9264
1435.55,9259
1438.08,9255
1440.85,9254
1442.28,9253
1444.44,9252
1445.97,9251
1450.07,9249
1451.28,9248
1452.49,9247
1453.76,9245
1454.96,9241
1461.61,9240
1462.84,9239
1464.95,9238
1468.7,9237
1469.81,9236
1471,9233
1474.3,9231
1478.83,9230
1479.86,9229
1482.15,9228
1485.82,9227
1487.02,9226
1489.23,9225
1490.37,9224
1491.48,9222
1495.88,9220
1497.04,9218
1498.19,9216
1499.3,9215
1501.69,9214
1502.84,9213
1503.97,9212
1506.65,9210
1508.01,9208
1510.53,9207
1513.02,9206
1517.61,9205
1518.75,9204
1519.78,9203
1520.96,9202
1522.11,9201
1524.29,9200
1525.49,9199
1526.76,9198
1527.88,9197
1529.09,9195
1533.71,9194
1537.09,9192
1543.81,9191
1544.97,9190
1545.99,9189
1547.61,9188
1548.79,9187
1549.84,9186
1550.9,9185
1553.27,9184
1557.68,9183
1558.77,9182
1561.21,9181
1562.4,9178
1565.72,9177
1569.8,9176
1570.92,9174
1572.26,9173
1573.46,9172
1574.61,9171
1576.93,9170
1579.15,9168
1582.48,9167
1583.72,9166
1586,9165
1587.25,9164
1589.66,9163
1590.73,9162
1593.14,9161
1594.21,9160
1597.81,9159
1601.18,9158
1602.27,9157
1603.51,9156
1606.92,9155
1608.23,9154
1609.52,9152
1610.94,9151
1613.39,9150
1615.8,9149
1616.81,9148
1617.93,9146
1620.26,9145
1622.49,9144
1624.69,9143
1625.74,9141
1629.89,9140
1631.24,9139
1632.41,9138
1633.54,9137
1634.82,9136
1636.02,9135
1643.84,9134
1644.9,9133
1646.03,9130
1647.34,9129
1651.16,9127
1653.42,9126
1655.76,9125
1656.8,9124
1659.13,9123
1660.16,9122
1661.23,9120
1667.97,9119
1671.46,9118
1673.67,9117
1674.81,9116
1675.91,9114
1680.48,9113
1683.99,9111
1687.44,9108
1690.21,9106
1693.96,9105
1696.38,9101
1700.91,9100
1702.06,9098
1703.1,9097
1704.18,9095
1705.39,9093
1706.48,9089
1714.59,9088
1716.86,9087
1720.13,9086
1722.51,9084
1728.15,9081
1729.44,9080
1732.83,9078
1738.22,9077
1739.43,9076
1742.25,9075
1743.4,9073
1744.59,9070
1745.67,9069
1750.93,9068
1757.27,9067
1759.38,9066
1762.73,9065
1763.82,9064
1765.09,9063
1769.72,9062
1771.89,9061
1773.03,9060
1774.16,9059
1780.12,9058
1781.25,9054
1790.48,9053
1791.63,9052
1792.72,9051
1793.76,9050
1794.94,9049
1796.3,9048
1797.38,9047
1798.52,9046
1799.7,9045
1802.16,9044
1803.38,9043
1804.59,9042
1805.76,9040
1806.84,9037
1814.46,9035
1815.95,9034
1818.27,9033
1820.56,9032
1822.71,9031
1824.9,9030
1826,9027
1829.5,9026
1830.58,9025
1831.81,9024
1836.47,9023
1838.66,9022
1840.85,9021
1843.27,9020
1844.35,9019
1845.43,9016
1847.95,9015
1849.09,9014
1850.14,9013
1853.78,9012
1855.05,9010
1858.55,9006
1859.67,9003
1868.77,9002
1870.03,9001
1871.38,9000
1875.2,8995
1876.39,8994
1890.3,8993
1891.45,8992
1892.52,8991
1896.05,8986
1897.26,8985
1898.54,8983
1908.93,8980
1913.76,8979
1915.96,8978
1917.13,8977
1920.74,8976
1923.13,8973
1924.29,8972
1926.62,8970
1931.5,8969
1932.9,8967
1935.39,8966
1936.56,8963
1940.34,8961
1941.52,8960
1945.89,8959
1950.9,8958
1951.98,8957
1953.22,8956
1954.27,8955
1955.36,8954
1956.48,8953
1957.86,8952
1962.58,8949
1963.65,8947
1967.04,8946
1968.25,8945
1970.41,8944
1972.65,8943
1973.66,8942
1974.76,8941
1975.91,8939
1978.47,8937
1984.21,8936
1986.35,8934
1990.04,8933
1992.74,8931
2007.54,8929
2013.16,8928
2014.22,8927
2015.45,8926
2016.52,8925
2017.86,8924
2019.34,8923
2020.38,8922
2021.47,8920
2022.62,8919
2024.99,8918
2026.08,8917
2027.29,8916
2028.4,8913
2032.91,8912
2034.15,8911
2042.55,8910
2044.91,8906
2048.66,8905
2053.31,8904
2058.69,8903
2060.08,8901
2061.17,8900
2064.52,8899
2065.72,8898
2066.85,8896
2067.94,8895
2072.51,8894
2077.02,8893
2085.41,8892
2086.57,8891
2087.69,8890
2088.8,8889
2090.05,8888
2091.08,8887
2094.42,8882
2101.35,8881
2102.41,8879
2112.8,8878
2119.12,8874
2129.8,8873
2134.45,8872
2135.59,8869
2136.86,8868
2141.54,8867
2142.73,8866
2144,8865
2147.7,8864
2148.94,8863
2149.97,8862
2151,8861
2154.33,8860
2155.41,8859
2158.82,8858
2160.25,8856
2165.01,8854
2166.29,8853
2171.15,8850
2180.07,8849
2182.21,8846
2189.09,8845
2190.2,8843
2193.7,8839
2194.78,8838
2195.97,8837
2200.54,8836
2201.71,8835
2204.14,8834
2206.58,8833
2208.87,8832
2213.61,8831
2214.88,8830
2217.04,8829
2219.35,8828
2221.72,8827
2224.24,8826
2226.46,8825
2227.85,8824
2228.94,8823
2230.03,8821
2237.51,8820
2238.74,8818
2242.3,8816
2246.82,8815
2248.36,8814
2250.71,8813
2254.14,8812
2255.29,8811
2256.41,8810
2259.81,8809
2262.14,8808
2263.33,8807
2266.8,8806
2269.13,8802
2272.38,8801
2280.23,8800
2282.72,8799
2283.8,8797
2284.89,8795
2286.13,8794
2295.87,8793
2303.44,8792
2305.69,8790
2310.24,8789
2312.49,8788
2313.72,8787
2314.79,8786
2315.84,8785
2324.82,8784
2329.37,8783
2330.41,8782
2331.42,8781
2332.58,8779
2343.13,8777
2346.5,8776
2350.32,8775
2351.39,8773
2353.82,8772
2358.66,8770
2369.25,8768
2370.34,8767
2371.4,8765
2379.34,8764
2380.6,8763
2381.63,8762
2383.93,8761
2388.35,8756
2396.2,8754
2398.41,8750
2399.68,8749
2419.78,8747
2428.78,8746
2431.09,8745
2432.14,8744
2435.69,8743
2436.76,8742
2437.85,8741
2439.02,8739
2445.7,8737
2446.87,8735
2455.02,8734
2456.03,8733
2461.72,8731
2462.85,8730
2468.48,8729
2471.95,8728
2474.49,8727
2486.62,8726
2492.11,8725
2493.31,8724
2494.44,8723
2500.1,8722
2501.5,8721
2502.52,8720
2503.59,8718
2511.97,8717
2514.29,8716
2516.57,8715
2517.77,8714
2521.34,8713
2523.55,8711
2528,8710
2532.62,8708
2533.76,8707
2534.91,8705
2543.43,8704
2544.72,8703
2545.87,8702
2546.93,8701
2548.31,8700
2549.62,8699
2552.89,8698
2557.44,8697
2558.52,8696
2564.39,8695
2572.16,8694
2575.33,8693
2576.5,8692
2577.55,8690
2578.7,8689
2580,8687
2582.44,8686
2588.09,8684
2597.41,8683
2598.62,8682
2599.98,8681
2601.15,8680
2602.65,8679
2604.09,8673
2616.36,8672
2618.65,8670
2623.24,8669
2624.33,8668
2625.36,8667
2626.47,8665
2634.01,8664
2638.76,8663
2641.23,8662
2647.28,8660
2648.46,8659
2652.77,8658
2656.12,8657
2658.44,8656
2663.05,8655
2666.4,8654
2667.38,8652
2670.95,8651
2671.92,8650
2674.11,8649
2679.4,8648
2680.6,8647
2682.78,8645
2690.47,8644
2691.48,8643
2695.66,8642
2696.79,8641
2697.81,8640
2698.85,8639
2701,8636
2706.22,8635
2708.67,8633
2716.34,8632
2717.41,8631
2718.52,8630
2725.6,8628
2726.65,8627
2750.64,8626
2751.67,8624
2755.88,8623
2763.24,8622
2765.42,8621
2766.49,8620
2767.5,8619
2769.88,8618
2782.14,8617
2784.48,8616
2790,8615
2797.35,8614
2803.79,8612
2805.89,8609
2826.69,8608
2828.87,8607
2832.42,8606
2833.49,8605
2837.87,8604
2849.1,8603
2852.72,8602
2853.74,8601
2856.83,8600
2857.86,8597
2859.03,8595
2868.52,8594
2871.84,8593
2872.86,8592
2874,8591
2875.05,8590
2879.36,8589
2882.49,8588
2884.53,8587
2885.67,8586
2887.64,8585
2889.83,8584
2895.2,8583
2897.52,8582
2899.79,8581
2901.03,8579
2903.25,8578
2904.44,8577
2905.62,8575
2907.66,8571
2908.8,8570
2914.02,8569
2917.14,8568
2926.58,8567
2927.69,8563
2934.04,8561
2953.99,8560
2955.1,8559
2961.87,8558
2965.31,8557
2966.4,8555
2971.62,8554
2978.24,8552
2981.42,8549
2992.03,8548
2993.28,8547
2994.34,8546
3001.58,8545
3009.79,8543
3011.91,8542
3016.35,8541
3017.58,8540
3018.71,8539
3022.15,8538
3023.25,8537
3030.81,8536
3031.87,8535
3033.17,8533
3038.26,8531
3039.25,8530
3040.34,8529
3042.41,8528
3050.88,8525
3059.7,8524
3060.71,8523
3061.71,8522
3062.75,8520
3065.05,8519
3066.19,8518
3070.38,8517
3073.72,8516
3079.38,8515
3081.58,8514
3083.9,8513
3090.42,8511
3093.72,8510
3095.81,8509
3097.92,8507
3098.98,8506
3107.29,8504
3108.3,8500
3123.64,8499
3124.69,8498
3128.88,8497
3135.28,8494
3141.16,8493
3142.25,8492
3143.37,8491
3151.44,8490
3153.55,8489
3154.53,8488
3159.91,8487
3160.91,8486
3162.9,8485
3164.19,8484
3165.21,8483
3166.22,8482
3173.61,8481
3174.61,8480
3175.71,8479
3176.73,8478
3177.78,8477
3184.42,8476
3198.11,8475
3199.32,8474
3217.9,8473
3219.88,8472
3222.22,8471
3225.48,8470
3231.65,8469
3234.87,8468
3239.49,8465
3254.56,8461
3262.55,8460
3266.1,8459
3267.12,8458
3268.21,8457
3282.3,8456
3283.41,8455
3285.5,8454
3290.8,8453
3291.95,8452
3294.02,8451
3300.38,8448
3302.59,8447
3306.86,8446
3307.98,8445
3310.09,8444
3314.35,8443
3315.46,8441
3317.45,8440
3319.89,8439
3320.96,8438
3345.88,8437
3348.93,8436
3350.08,8433
3357.76,8431
3369.35,8430
3375.47,8427
3381.15,8426
3384.75,8425
3388.05,8424
3401.61,8423
3402.58,8422
3407,8421
3408.08,8420
3410.09,8419
3420.12,8418
3429.94,8417
3431.28,8416
3434.47,8415
3443.57,8413
3453.8,8412
3459.92,8411
3475.83,8410
3478.1,8409
3481.33,8406
3483.36,8404
3494.91,8403
3497.08,8402
3498.08,8401
3502.61,8400
3505.24,8399
3508.62,8398
3509.61,8397
3510.61,8396
3512.79,8395
3513.88,8394
3516.98,8393
3536.11,8391
3545.01,8390
3552.08,8389
3553.18,8388
3556.28,8385
3573.25,8384
3578.78,8383
3580.76,8382
3584.97,8381
3587.1,8380
3588.14,8379
3589.15,8378
3597.86,8375
3610.21,8374
3619.92,8372
3631.08,8371
3632.25,8370
3634.35,8369
3636.57,8368
3640.66,8366
3641.8,8365
3644.87,8364
3645.84,8363
3657.72,8360
3658.85,8359
3688.08,8358
3689.21,8354
3708.06,8353
3709.28,8352
3713.72,8351
3715.74,8350
3724.48,8349
3725.5,8348
3727.61,8347
3728.74,8346
3737.16,8345
3747.19,8344
3755.33,8343
3756.51,8342
3759.67,8341
3768.06,8340
3770.11,8337
3792.62,8336
3806.94,8335
3808.03,8334
3811.54,8333
3812.52,8332
3814.65,8331
3816.7,8329
3823.02,8328
3827.12,8327
3829.41,8326
3831.45,8323
3846.76,8322
3850.23,8318
3852.26,8316
3866.43,8315
3897.59,8314
3903.08,8313
3907.23,8312
3926.63,8311
3930.16,8310
3934.42,8309
3939.65,8308
3941.9,8307
3943.86,8306
3951.18,8304
3958.75,8303
3959.88,8302
3973.65,8300
3974.63,8299
3979.9,8298
3995.66,8297
3996.62,8296
3997.59,8294
4005.93,8293
4022.33,8292
4029.69,8289
4031.95,8288
4051.08,8284
4054.77,8282
4076.06,8281
4087.82,8278
4109.24,8277
4114.93,8276
4123.3,8275
4125.31,8273
4136.81,8272
4147.87,8271
4182.99,8270
4193.47,8269
4204.35,8268
4210.47,8266
4213.63,8265
4254.94,8264
4262.29,8263
4264.38,8262
4270.67,8261
4271.65,8260
4274.98,8258
4277.33,8257
4281.51,8256
4289.22,8253
4302.5,8250
4309.92,8249
4315.59,8248
4316.71,8247
4326.41,8246
4327.49,8245
4345.43,8243
4346.62,8241
4356.02,8240
4358.34,8239
4366.66,8238
4367.72,8237
4368.7,8236
4375.91,8235
4382.57,8232
4385.73,8231
4391.89,8230
4414.71,8229
4427.58,8228
4431.7,8227
4453.68,8222
4500.7,8221
4518.95,8220
4521.07,8219
4523.01,8218
4524.3,8217
4539.84,8216
4540.83,8215
4542.78,8213
4555.67,8211
4571.76,8210
4572.75,8209
4573.76,8208
4580.02,8207
4582.15,8206
4583.12,8204
4595.6,8203
4629.68,8202
4633.98,8201
4639.18,8200
4645.6,8199
4652.48,8198
4680.6,8197
4681.61,8196
4682.82,8194
4693.38,8193
4699.51,8192
4700.5,8191
4702.63,8190
4704.67,8189
4711.58,8188
4728.89,8187
4735.03,8186
4736.09,8185
4755.07,8184
4756.19,8182
4783.64,8181
4786.9,8179
4797.31,8178
4798.42,8177
4817.49,8176
4823.59,8175
4845.67,8174
4853.54,8172
4867.05,8171
4868.19,8170
4875.78,8169
4876.79,8168
4881,8167
4886.02,8165
4888.27,8164
4906.84,8163
4908.81,8162
4918.04,8161
4919.05,8160
4924.14,8159
4932.47,8158
4950.78,8155
4968.65,8152
4977.05,8151
4978.1,8150
4983.6,8148
5002.63,8145
5091.68,8144
5093.95,8143
5100.34,8142
5102.48,8141
5103.5,8140
5106.43,8139
5118.12,8138
5119.29,8137
5128.61,8136
5138.92,8135
5139.88,8133
5141.05,8132
5167.58,8131
5173.02,8130
5179.27,8129
5180.36,8128
5185.5,8127
5189.86,8126
5196.81,8125
5200.02,8123
5212.61,8122
5213.61,8121
5216.16,8117
5219.54,8115
5221.52,8114
5222.61,8113
5242.8,8112
5245,8111
5255.54,8110
5256.6,8109
5267.15,8108
5268.41,8107
5273.71,8106
5274.67,8105
5278.02,8104
5286.34,8103
5297.99,8100
5312.89,8099
5314.12,8098
5315.33,8097
5331.3,8096
5335.6,8094
5336.68,8093
5337.72,8092
5359.67,8090
5525.34,8089
5531.43,8088
5540.06,8087
5543.14,8086
5568.81,8084
5569.81,8083
5573.94,8082
5591.2,8081
5594.27,8080
5602.82,8079
5603.87,8078
5604.85,8077
5617.09,8076
5694.64,8075
5698.91,8074
5703.19,8072
5715.66,8070
5717.83,8069
5733.98,8068
5737.48,8067
5738.54,8064
5767.22,8063
5768.3,8062
5771.3,8061
5784.29,8060
5832.42,8059
5857.53,8058
5866.18,8056
5872.58,8055
5921.7,8054
5935.31,8053
5937.3,8052
5938.42,8051
5965.36,8049
5979.88,8048
6014.79,8047
6020.2,8046
6048.22,8044
6082.12,8043
6095.94,8042
6097.13,8040
6131.67,8039
6151.65,8038
6175.83,8037
6178.15,8036
6185.68,8035
6206.64,8034
6210.78,8033
6222.05,8031
6224.23,8029
6225.37,8028
6249.57,8027
6254.39,8026
6267.06,8025
6295.7,8024
6302.7,8023
6306.01,8021
6314.59,8020
6319.01,8019
6355.42,8018
6362.11,8017
6363.25,8016
6365.2,8015
6390.54,8014
6391.57,8013
6418.56,8011
6426.49,8010
6432.07,8009
6433.2,8008
6477.87,8007
6489.64,8006
6504.43,8005
6563.33,8004
6579.81,8003
6595.94,8002
6598,8000
6599.1,7999
6606.46,7998
6607.59,7997
6848.22,7996
6861.04,7994
6971.69,7993
6974.92,7992
6980.13,7991
6981.22,7989
6989.61,7988
6990.66,7987
6997.91,7986
6998.9,7985
7092.19,7984
7111.97,7983
7118.23,7982
7120.37,7980
7206.54,7979
7215.19,7978
7286.52,7977
7287.51,7976
7304.53,7974
7313.46,7973
7315.45,7972
7322,7970
7337.7,7969
7355.59,7968
7358.06,7967
7360.22,7966
7366.04,7965
7375.06,7964
7388.6,7963
7434.73,7962
7435.69,7961
7444.16,7960
7451.49,7959
7453.13,7957
7554.8,7956
7560.32,7955
7563.34,7954
7606.82,7953
7718.18,7952
7721.3,7951
7728.11,7950
7729.23,7949
7741.18,7948
7742.24,7946
7756.59,7945
7758.62,7944
7760.75,7943
7901.4,7942
7922.9,7940
7969.74,7939
7972,7938
8006.78,7937
8014.27,7936
8046.07,7935
8047.5,7934
8053.17,7933
8082.1,7931
8083.07,7930
8110.22,7928
8115.69,7927
8141.95,7926
8225.3,7925
8232.42,7924
8234.35,7923
8235.51,7921
8293.46,7920
8468.76,7919
8469.77,7918
8479.16,7917
8483.46,7916
8502.39,7915
8512.04,7914
8519.7,7913
8527.56,7911
8558.11,7909
8585.52,7908
8596.84,7907
8603.14,7905
8609.7,7904
8635.24,7903
8701.9,7902
8715.49,7901
8716.45,7900
8744.87,7898
8887.35,7897
8910.31,7896
8967.95,7894
8972.29,7893
8987.28,7890
9784.92,7889
9885.05,7887
9974.73,7886
9994.57,7885
9995.7,7884
10012.5,7883
10014.7,7882
10032.7,7881
10116,7880
10150.1,7879
10180.5,7878
10191,7877
10218.2,7876
10264.2,7873
10664.8,7872
10727.5,7871
10729.6,7869
10777.2,7868
10823.7,7867
10838.5,7866
10843.7,7865
10985.2,7864
10989.8,7863
10994.9,7862
11009.6,7861
11041.9,7860
11057.9,7859
11059.2,7858
11066.8,7857
11083.6,7856
11089.8,7854
11151,7853
11165.2,7852
11166.5,7851
12800.4,7850
12826.8,7849
12830.3,7848
13119.1,7847
13141.3,7846
13145.4,7845
13156.5,7844
13165.2,7843
13171.5,7842
13174.7,7841
13252.4,7840
13263.2,7839
13403.8,7838
13539.8,7837
13541.8,7836
15172.7,7834
15187.9,7833
15190,7832
15195.1,7831
15250.3,7829
15259.2,7828
15283.7,7827
15301.8,7826
15326.8,7825
15338.3,7823
15498.4,7821
15506.8,7819
15507.8,7818
15510.1,7817
15958,7816
15959.1,7815
15967.8,7813
15989.8,7812
15996.4,7811
15997.6,7809
16042.1,7808
16059.7,7807
16100.1,7806
16113.1,7805
16123.2,7804
16139.9,7802
16141,7800
16156,7798
16868.4,7797
17718.2,7796
17721.5,7794
17795.7,7793
17801.1,7791
17803.3,7790
17870.1,7788
20668.9,7787
20729.8,7786
20733.1,7785
20750.9,7784
20765.6,7783
22999.2,7782
23001.4,7781
23003.6,7780
23012.1,7778
23014.2,7777
26726.8,7776
26727.8,7775
26941.1,7774
26959.4,7773
26960.6,7772
26976.9,7771
26985.1,7770
27200.3,7768
27253.2,7767
27622.4,7765
27624.5,7764
27666.5,7763
27700.5,7762
27891.2,7761
28429.7,7760
28432.4,7759
28624.8,7758
28625.8,7757
28665.5,7756
28667.5,7755
28692.5,7754
28699.8,7753
28762.2,7752
28764.1,7751
28807.7,7749
28845,7748
31265.6,7747
31272.5,7746
31298,7745
31312.6,7744
31320.8,7743
31926.4,7741
32028.9,7740
32041.3,7739
32049.8,7737
32068.1,7736
32178.5,7735
32191.9,7733
32256.7,7732
32277,7731
32292.3,7730
32293.9,7729
32320.3,7728
32325.4,7727
32330.5,7725
48229.4,7723
48233.9,7722
54436.1,7721
59878.4,7720
59898.6,7719
59899.7,7718
59911.5,7717
59917.6,7716
59949.9,7715
60091.8,7714
60092.9,7713
60097.1,7712
60101.2,7711
60133,7710
60203.8,7709
60205,7708
60255.6,7707
60256.6,7706
60264.9,7704
60545.3,7703
72135.4,7702
72138.9,7701
72141.1,7699
72172.3,7698
77308.9,7697
77317.2,7696
77369.2,7695
77451.2,7694
77506.1,7693
77523.2,7692
77545.7,7691
77580.3,7689
77603.2,7688
