2.19349,11022
3.48918,11021
4.91429,11020
6.08103,11019
7.29007,11018
8.43397,11017
9.54233,11016
10.82,11015
11.9385,11014
13.0562,11013
14.2157,11009
15.4018,11008
16.5076,11007
17.7178,11005
18.8858,11003
19.9264,11002
21.0269,10999
22.2738,10997
23.3653,10995
24.6426,10994
25.982,10993
27.0889,10992
28.1701,10991
29.3655,10990
30.5888,10989
31.7483,10986
32.8746,10985
34.1558,10983
35.2547,10982
36.4089,10977
37.6435,10975
38.726,10974
39.8475,10973
41.0805,10969
42.233,10966
43.325,10961
44.7396,10957
46.1253,10953
47.2182,10946
48.3131,10945
49.6778,10944
50.8177,10942
51.9332,10937
53.1561,10935
54.2366,10934
55.2881,10933
56.4684,10924
57.7631,10917
59.0616,10912
60.3493,10909
61.7231,10907
63.0056,10906
64.3171,10904
65.8011,10903
67.0163,10899
68.1185,10890
69.4447,10886
70.607,10882
71.6954,10877
72.9368,10876
74.087,10874
75.197,10872
76.4067,10865
77.562,10863
78.6503,10860
79.7603,10859
81.0076,10858
82.0995,10856
83.1742,10855
84.368,10852
85.6362,10851
86.7531,10849
87.8739,10848
89.1049,10846
90.2533,10845
91.4073,10844
92.6914,10841
93.7967,10839
94.9369,10838
96.1548,10832
97.3317,10830
98.4043,10829
99.4628,10825
100.751,10823
101.853,10820
102.937,10818
104.191,10816
105.483,10815
106.579,10814
108.112,10811
109.347,10805
110.508,10804
111.697,10803
112.96,10799
114.078,10798
115.148,10796
116.403,10795
117.529,10794
118.736,10789
120.005,10787
121.341,10784
122.632,10775
124.054,10773
125.627,10770
126.888,10769
128.227,10766
129.364,10763
130.569,10761
131.758,10755
132.94,10754
134.065,10746
135.165,10740
136.378,10736
137.521,10735
138.611,10734
139.816,10731
140.92,10728
142.117,10727
143.488,10721
144.737,10720
146.11,10719
147.301,10717
148.473,10714
149.507,10709
150.676,10707
152.001,10706
153.132,10705
154.224,10704
155.655,10701
156.91,10700
158.035,10697
159.313,10696
160.492,10695
161.588,10692
162.783,10688
163.993,10687
165.12,10686
166.441,10685
167.638,10684
168.861,10683
170.124,10681
171.374,10680
172.497,10678
173.562,10674
174.758,10669
175.903,10662
177.052,10660
178.306,10659
179.594,10658
180.851,10656
182.148,10651
183.538,10649
184.777,10648
185.985,10647
187.38,10646
188.501,10644
189.571,10643
190.867,10641
192.236,10639
193.363,10638
194.591,10637
195.674,10633
196.875,10631
198.103,10629
199.304,10628
200.411,10627
201.513,10626
202.721,10621
203.759,10617
204.811,10616
206.024,10606
207.231,10604
208.383,10601
209.522,10599
210.797,10597
212.056,10595
213.265,10594
214.489,10593
215.636,10589
216.761,10588
218.049,10585
219.18,10583
220.288,10580
221.535,10578
222.757,10576
223.898,10567
225.028,10560
226.337,10559
227.444,10558
228.587,10555
229.904,10554
230.991,10553
232.377,10551
233.712,10545
235.084,10544
236.252,10543
237.421,10541
238.808,10537
240.304,10536
241.989,10535
243.334,10534
244.645,10531
246.113,10530
247.379,10528
248.544,10527
249.829,10522
251.018,10520
252.405,10519
253.652,10516
254.81,10508
255.945,10506
257.2,10505
258.36,10501
259.465,10499
260.611,10498
261.918,10497
263.005,10491
264.144,10488
265.289,10486
266.504,10482
267.59,10481
268.69,10480
269.836,10478
270.957,10476
272.064,10475
273.502,10473
274.671,10472
275.838,10471
277.085,10470
278.206,10469
279.32,10468
280.54,10466
281.8,10464
282.956,10459
284.055,10458
285.355,10457
286.485,10455
287.61,10454
288.795,10453
289.914,10451
290.976,10450
292.063,10448
293.426,10444
294.483,10441
295.593,10439
296.811,10438
297.922,10435
299.096,10432
300.351,10427
301.616,10425
302.789,10424
304.258,10422
305.685,10421
306.896,10419
308.247,10417
309.421,10413
310.635,10410
311.884,10409
313.349,10408
314.513,10401
315.596,10398
316.906,10397
318.051,10395
319.236,10392
320.518,10391
321.559,10389
322.64,10388
323.864,10386
325.096,10383
326.212,10382
327.319,10381
328.587,10380
329.743,10378
330.94,10376
332.262,10375
333.511,10374
334.622,10371
335.966,10370
337.143,10368
338.377,10366
339.596,10363
340.854,10362
342.016,10359
343.303,10358
344.655,10356
345.911,10354
347.153,10351
348.3,10350
349.35,10346
350.44,10344
351.707,10343
352.844,10341
354.137,10339
355.39,10336
356.547,10335
357.717,10333
359.033,10330
360.307,10329
361.564,10325
362.925,10323
364.314,10320
365.587,10318
366.96,10317
368.232,10316
369.467,10315
370.782,10312
371.993,10311
373.105,10310
374.48,10306
375.662,10304
376.761,10301
377.818,10295
379.084,10293
380.193,10292
381.223,10291
382.468,10290
383.621,10289
384.735,10288
385.852,10286
387.092,10285
388.225,10284
389.327,10283
390.579,10282
391.665,10281
392.726,10280
394.141,10276
395.419,10272
396.597,10270
397.864,10268
399.295,10267
400.513,10266
401.734,10265
402.996,10264
404.201,10263
405.347,10262
406.68,10260
407.969,10258
409.157,10257
410.427,10256
411.741,10254
412.915,10252
414.182,10251
415.517,10249
416.621,10247
417.688,10246
419.006,10245
420.203,10243
421.505,10241
422.996,10240
424.277,10239
425.587,10238
427.038,10231
428.29,10229
429.436,10228
430.702,10227
431.859,10225
433.026,10221
434.34,10220
435.736,10217
436.895,10215
438.148,10214
439.306,10213
440.359,10211
441.571,10210
442.985,10209
444.13,10208
445.489,10207
446.62,10205
447.687,10203
448.858,10202
450.012,10201
451.121,10200
452.28,10199
453.51,10196
454.665,10195
456.055,10192
457.368,10190
458.521,10188
459.702,10186
461.014,10185
462.127,10184
463.346,10183
464.501,10182
465.762,10181
466.898,10179
468.032,10177
469.258,10176
470.419,10175
471.514,10174
472.878,10171
474.02,10170
475.086,10169
476.48,10167
477.68,10166
478.793,10164
479.984,10163
481.314,10162
482.527,10155
483.764,10154
485.076,10153
486.325,10151
487.639,10150
488.952,10149
490.053,10148
491.172,10147
492.414,10146
493.518,10145
494.627,10142
495.9,10140
497.318,10138
498.443,10136
499.675,10135
500.769,10134
501.842,10133
502.995,10131
504.137,10130
505.206,10129
506.288,10125
507.51,10124
508.607,10123
509.662,10117
510.81,10116
511.966,10115
513.057,10110
514.147,10109
515.415,10108
516.626,10106
517.804,10104
519.082,10102
520.149,10101
521.248,10099
522.508,10098
523.707,10095
524.847,10094
525.936,10093
527.197,10092
528.264,10091
529.36,10090
530.507,10089
531.68,10088
532.846,10086
534.313,10085
535.816,10083
537.14,10082
538.374,10081
539.747,10080
541.358,10079
542.894,10078
544.131,10077
545.458,10074
546.88,10073
548.165,10071
549.377,10070
550.683,10069
551.861,10068
552.937,10067
554.033,10066
555.297,10064
556.49,10063
557.728,10062
558.991,10061
560.105,10060
561.267,10059
562.53,10058
563.609,10055
564.694,10054
565.877,10051
567.126,10050
568.197,10048
569.291,10047
570.475,10045
571.578,10044
572.651,10043
573.853,10042
575.031,10041
576.168,10039
577.496,10038
578.793,10037
579.962,10036
581.081,10035
582.319,10034
583.431,10033
584.485,10032
585.752,10031
586.933,10030
588.031,10029
589.18,10028
590.47,10026
591.528,10025
592.59,10024
593.831,10023
595.046,10022
596.113,10021
597.266,10018
598.583,10017
599.629,10016
600.842,10014
602.216,10011
603.495,10010
604.688,10009
606.094,10007
607.29,10005
608.573,10004
609.927,10003
611.027,9999
612.171,9998
613.327,9996
614.512,9994
615.564,9993
616.672,9992
618.177,9991
619.3,9989
620.374,9988
621.592,9986
622.678,9985
623.745,9984
624.952,9983
626.143,9982
627.242,9980
628.28,9978
629.493,9977
630.554,9976
631.62,9975
632.737,9974
633.9,9973
634.992,9971
636.043,9969
637.283,9967
638.318,9966
639.635,9963
641.045,9962
642.256,9959
643.302,9958
644.497,9957
645.964,9955
647.116,9954
648.216,9952
649.445,9951
650.566,9950
651.622,9949
652.775,9948
653.876,9947
654.978,9946
656.198,9945
657.422,9944
658.564,9943
659.663,9942
661.015,9941
662.23,9940
663.458,9939
664.969,9938
666.151,9936
667.347,9932
668.671,9931
669.969,9930
671.096,9929
672.339,9928
673.593,9927
674.641,9926
675.73,9925
677.039,9924
678.146,9923
679.321,9922
680.459,9921
681.579,9920
682.64,9919
683.716,9917
685.099,9916
686.13,9915
687.193,9914
688.382,9913
689.503,9911
690.589,9909
691.745,9908
692.931,9906
694.023,9904
695.077,9903
696.345,9902
697.375,9901
698.486,9900
699.646,9899
700.879,9898
701.989,9897
703.036,9895
704.345,9894
705.424,9892
706.49,9890
707.783,9889
709.089,9888
710.302,9887
711.552,9884
712.702,9883
713.781,9881
714.926,9880
716.227,9879
717.367,9877
718.43,9875
719.622,9874
720.779,9872
721.975,9871
723.26,9870
724.668,9869
725.918,9868
727.278,9867
728.495,9866
729.699,9864
731.018,9863
732.278,9861
733.343,9860
734.434,9859
735.72,9858
736.829,9857
737.941,9856
739.203,9854
740.305,9853
741.459,9852
742.497,9849
743.824,9848
745.307,9846
746.622,9845
747.745,9844
748.828,9843
749.899,9842
751.134,9841
752.188,9840
753.306,9838
754.431,9836
755.571,9835
756.643,9833
757.748,9831
758.969,9830
760.117,9828
761.303,9827
762.439,9826
763.633,9825
764.729,9824
766.042,9823
767.22,9822
768.294,9821
769.391,9820
770.647,9819
771.757,9818
772.808,9817
773.986,9816
775.145,9815
776.371,9814
777.764,9813
779.027,9812
780.124,9811
781.224,9810
782.637,9809
783.83,9808
784.974,9807
786.569,9806
787.767,9805
788.926,9804
790.283,9803
791.532,9802
792.758,9801
794.055,9800
795.182,9799
796.312,9797
797.494,9796
798.765,9795
799.894,9794
800.971,9792
802.152,9791
803.266,9788
804.339,9786
805.509,9785
806.927,9784
807.969,9783
809.054,9781
810.276,9780
811.432,9778
812.443,9775
813.639,9774
814.783,9773
815.878,9771
816.965,9770
818.236,9769
819.313,9767
820.371,9766
821.714,9765
822.87,9764
823.983,9763
825.191,9762
826.522,9761
827.622,9760
828.751,9759
829.969,9758
831.084,9756
832.175,9755
833.317,9754
834.754,9753
836.049,9752
837.377,9751
838.633,9750
840.042,9749
841.56,9748
842.894,9747
844.033,9743
845.487,9741
846.914,9740
848.021,9739
849.456,9738
850.651,9737
851.937,9736
853.275,9735
854.448,9734
855.539,9733
856.721,9732
857.832,9731
858.955,9729
860.202,9728
861.311,9727
862.404,9726
863.567,9725
864.758,9724
865.836,9723
867.093,9722
868.377,9720
869.402,9718
870.449,9717
871.614,9716
872.718,9714
873.891,9712
874.963,9711
876.251,9710
877.298,9709
878.402,9708
879.583,9707
880.688,9706
881.765,9704
883.167,9703
884.455,9702
885.535,9701
886.912,9700
888.164,9699
889.278,9698
890.337,9695
891.559,9694
892.643,9693
893.708,9692
894.745,9691
895.93,9690
897.005,9688
898.112,9687
899.27,9686
900.333,9684
901.477,9683
902.743,9681
904.067,9680
905.308,9679
906.67,9678
908.129,9677
909.284,9676
910.506,9675
911.799,9674
913.037,9673
914.115,9672
915.326,9671
916.425,9670
917.573,9668
918.716,9667
919.884,9666
920.915,9665
922.034,9664
923.254,9663
924.346,9662
925.379,9661
926.542,9660
927.838,9659
928.958,9658
930.097,9657
931.323,9656
932.387,9655
933.456,9654
934.673,9653
935.733,9652
936.803,9651
937.929,9650
939.101,9649
940.176,9648
941.24,9647
942.45,9646
943.587,9645
944.709,9644
945.859,9643
947.264,9641
948.637,9640
949.817,9639
950.992,9638
952.096,9637
953.192,9636
954.427,9635
955.493,9634
956.601,9633
957.759,9632
958.982,9631
960.137,9630
961.372,9629
962.631,9628
963.814,9627
964.964,9626
966.364,9624
967.53,9622
968.912,9621
970.286,9620
971.503,9619
972.581,9618
973.877,9617
974.987,9616
976.103,9615
977.319,9614
978.498,9613
979.59,9612
980.671,9611
981.877,9610
982.975,9609
984.155,9608
985.315,9607
986.403,9606
987.464,9605
988.782,9604
990.013,9603
991.06,9602
992.124,9601
993.363,9600
994.435,9599
995.46,9598
996.639,9597
997.768,9596
998.875,9595
999.967,9594
1001.21,9593
1002.31,9592
1003.36,9590
1004.52,9589
1005.7,9588
1006.78,9587
1007.88,9586
1009.43,9585
1010.62,9584
1011.81,9583
1013.03,9582
1014.2,9581
1015.32,9580
1016.55,9579
1017.63,9578
1018.68,9577
1019.95,9576
1021.11,9575
1022.26,9573
1023.57,9572
1024.79,9571
1026.04,9570
1027.4,9569
1028.85,9568
1029.99,9567
1031.25,9565
1032.53,9564
1033.66,9562
1034.79,9561
1036.06,9559
1037.16,9558
1038.31,9557
1039.49,9556
1040.61,9555
1041.67,9553
1042.76,9552
1044.02,9551
1045.19,9550
1046.52,9549
1047.82,9548
1049.05,9547
1050.11,9546
1051.37,9545
1052.42,9544
1053.53,9543
1054.7,9542
1055.9,9541
1056.95,9540
1058.02,9539
1059.26,9538
1060.39,9537
1061.47,9536
1062.64,9535
1063.82,9534
1064.96,9533
1066.12,9532
1067.28,9531
1068.4,9530
1069.68,9529
1070.93,9528
1072.01,9527
1073.04,9526
1074.16,9525
1075.36,9524
1076.42,9523
1077.55,9522
1078.84,9521
1079.89,9520
1080.99,9519
1082.23,9518
1083.42,9517
1084.63,9516
1085.88,9515
1087.14,9514
1088.38,9513
1089.8,9512
1091.1,9511
1092.3,9510
1093.41,9509
1094.66,9508
1095.87,9507
1097,9506
1098.28,9505
1099.44,9504
1100.47,9503
1101.7,9502
1102.87,9501
1104,9500
1105.23,9499
1106.4,9498
1107.51,9497
1108.61,9496
1110.04,9494
1111.16,9493
1112.23,9492
1113.42,9491
1114.58,9490
1115.66,9489
1116.75,9488
1118,9483
1121.34,9481
1123.61,9479
1126.2,9478
1132.16,9477
1133.39,9474
1134.74,9472
1141.28,9471
1142.48,9470
1143.6,9469
1144.94,9468
1146.52,9467
1147.87,9465
1149.14,9464
1150.4,9463
1151.62,9462
1152.89,9461
1154.06,9460
1155.14,9459
1156.44,9457
1157.7,9453
1165.86,9452
1169.29,9451
1170.35,9449
1171.43,9448
1172.65,9447
1173.82,9446
1174.93,9444
1176.31,9443
1179.65,9441
1180.83,9440
1186.61,9439
1187.87,9438
1189.06,9437
1190.2,9434
1191.26,9433
1192.54,9432
1193.57,9431
1194.61,9430
1195.9,9429
1197.12,9428
1198.18,9427
1199.24,9426
1200.45,9425
1201.55,9424
1202.64,9422
1203.87,9420
1205.21,9419
1206.53,9418
1209.06,9417
1211.46,9416
1212.79,9415
1213.85,9414
1214.93,9413
1218.6,9411
1225.39,9410
1226.57,9409
1227.87,9408
1228.92,9407
1230,9406
1231.24,9405
1232.39,9404
1233.5,9403
1234.52,9402
1235.73,9401
1237.01,9400
1238.07,9399
1239.28,9398
1240.35,9397
1241.58,9396
1242.69,9395
1243.91,9394
1245.02,9393
1246.08,9392
1247.66,9391
1248.79,9390
1249.89,9389
1251.01,9388
1252.11,9387
1253.16,9386
1254.35,9385
1255.46,9384
1256.81,9383
1258.07,9382
1259.18,9379
1260.27,9378
1261.37,9377
1262.64,9375
1265.11,9374
1266.42,9373
1268.78,9372
1270.19,9371
1271.4,9370
1272.62,9369
1273.89,9368
1274.93,9367
1276.01,9366
1277.32,9365
1278.55,9364
1279.68,9363
1280.74,9362
1282.01,9361
1283.03,9359
1284.12,9358
1285.3,9357
1286.48,9355
1287.65,9354
1288.79,9353
1289.97,9352
1291.09,9351
1292.14,9347
1293.38,9346
1294.48,9345
1295.59,9343
1298.09,9341
1301.45,9340
1303.7,9338
1307.07,9337
1308.25,9336
1309.73,9335
1310.93,9333
1312.09,9331
1315.6,9330
1316.78,9329
1318.11,9328
1320.37,9327
1321.47,9326
1322.57,9325
1323.64,9324
1324.99,9323
1327.45,9321
1328.87,9320
1330.01,9319
1332.47,9318
1333.65,9315
1337.02,9314
1338.1,9312
1343.99,9311
1345.1,9310
1347.8,9308
1350.07,9307
1352.36,9303
1355.72,9302
1357.92,9301
1359.05,9299
1360.31,9298
1362.47,9297
1363.66,9296
1364.89,9294
1371.97,9293
1373.04,9292
1375.33,9291
1376.49,9289
1381.12,9287
1382.22,9286
1383.48,9285
1384.79,9282
1388.61,9281
1391.11,9280
1393.6,9279
1398.1,9278
1399.39,9277
1400.52,9274
1401.68,9272
1405.25,9271
1407.58,9270
1409.79,9269
1412.13,9268
1414.36,9267
1415.58,9266
1416.65,9265
1419,9264
1421.18,9261
1423.44,9260
1426.97,9259
1428.02,9258
1430.38,9253
1431.46,9251
1432.55,9249
1437.82,9248
1439.08,9247
1440.47,9246
1441.95,9245
1443.19,9244
1444.27,9243
1445.74,9242
1447.37,9241
1448.65,9240
1449.86,9239
1451.11,9238
1452.28,9237
1453.44,9236
1454.78,9235
1455.84,9233
1456.94,9232
1459.27,9231
1460.36,9227
1462.71,9224
1467.49,9223
1468.58,9222
1469.72,9219
1474.2,9218
1476.41,9217
1479.81,9216
1482.11,9215
1484.37,9213
1485.78,9212
1488.09,9210
1489.21,9209
1494.87,9208
1495.91,9207
1497.14,9206
1498.23,9205
1499.34,9204
1500.46,9203
1501.73,9202
1502.86,9201
1503.99,9200
1505.2,9199
1506.68,9198
1508.06,9197
1509.42,9195
1510.58,9190
1511.8,9189
1514.32,9188
1515.44,9187
1516.63,9186
1517.77,9185
1518.85,9184
1519.92,9183
1521.19,9182
1523.37,9181
1525.69,9180
1527,9179
1529.33,9176
1530.44,9175
1531.55,9174
1532.86,9173
1533.96,9172
1535.09,9170
1546.38,9169
1548.04,9167
1549.22,9166
1550.24,9165
1551.26,9164
1555.87,9163
1556.96,9161
1560.47,9160
1561.61,9159
1562.8,9158
1565.11,9157
1566.24,9156
1567.85,9155
1569.15,9154
1570.32,9153
1571.54,9152
1572.77,9151
1575.16,9149
1577.38,9148
1578.49,9147
1579.73,9146
1580.78,9144
1584.29,9143
1586.51,9141
1587.99,9139
1590.17,9136
1598.33,9135
1601.71,9133
1605.19,9131
1607.55,9129
1611.66,9127
1612.82,9125
1613.94,9123
1623.18,9122
1625.31,9121
1626.42,9119
1631.91,9118
1634.28,9117
1636.69,9116
1637.81,9115
1639.09,9114
1640.15,9113
1641.18,9112
1642.3,9111
1643.52,9109
1644.56,9107
1645.64,9106
1646.91,9105
1648.48,9104
1649.61,9103
1653.07,9098
1654.37,9094
1664.29,9092
1665.35,9087
1674.54,9085
1676.73,9084
1678.02,9083
1679.13,9082
1680.22,9081
1681.39,9080
1682.58,9079
1683.67,9076
1689.93,9075
1692.36,9074
1693.72,9073
1694.91,9072
1696.14,9071
1697.38,9070
1702.88,9067
1703.97,9066
1711.02,9064
1712.14,9063
1716.85,9062
1720.23,9061
1723.65,9060
1724.89,9059
1726.03,9057
1727.18,9056
1728.34,9054
1729.52,9052
1737.3,9051
1738.46,9050
1741.22,9049
1743.68,9048
1747.27,9046
1748.7,9045
1753.82,9043
1755.14,9040
1758.71,9039
1760.95,9038
1762.03,9037
1763.06,9036
1764.31,9034
1767.74,9032
1770.12,9031
1772.42,9030
1773.5,9029
1774.68,9026
1784.14,9024
1786.32,9023
1787.61,9021
1788.83,9020
1789.88,9019
1792.11,9017
1794.25,9015
1796.76,9014
1799,9013
1801.52,9012
1803.94,9009
1807.45,9008
1810.88,9007
1816.45,9006
1817.61,9005
1823.24,9003
1824.34,9002
1826.51,9001
1828.83,9000
1829.96,8998
1836.94,8997
1838.02,8996
1839.17,8995
1840.26,8994
1841.4,8993
1842.62,8992
1843.79,8990
1844.86,8989
1849.65,8988
1850.8,8987
1851.91,8985
1853.18,8984
1854.47,8983
1855.63,8982
1860.35,8979
1863.88,8978
1866.04,8977
1870.95,8975
1872.26,8974
1878.71,8973
1879.87,8972
1883.29,8971
1884.33,8970
1885.33,8969
1887.67,8967
1890.01,8966
1891.15,8965
1894.67,8964
1895.8,8963
1899.46,8961
1901.91,8960
1903.07,8958
1906.52,8957
1910.21,8955
1913.62,8954
1920.67,8953
1921.87,8952
1924.16,8950
1925.43,8948
1932.74,8947
1935.28,8946
1936.49,8944
1942.55,8943
1943.65,8942
1944.73,8940
1946.98,8937
1948.53,8936
1950.86,8935
1959.12,8934
1964.86,8933
1969.37,8932
1970.42,8931
1972.66,8929
1974.78,8928
1980.75,8927
1981.82,8926
1982.98,8925
1987.69,8924
1990,8921
1991.37,8920
1999.47,8919
2000.7,8918
2001.72,8916
2005.17,8915
2014.3,8914
2019.35,8913
2021.49,8912
2023.95,8911
2025.07,8910
2026.13,8909
2029.53,8908
2032.97,8907
2035.37,8905
2041.15,8904
2043.84,8903
2051.2,8902
2052.37,8901
2055.02,8900
2056.28,8899
2057.52,8898
2058.98,8897
2062.61,8896
2065.95,8895
2067.05,8894
2068.16,8893
2071.65,8892
2072.77,8891
2074.04,8887
2075.14,8885
2082.37,8884
2085.88,8883
2086.91,8882
2090.45,8881
2091.47,8880
2094.82,8879
2096.02,8878
2097.17,8877
2098.27,8876
2099.4,8875
2100.69,8874
2101.82,8873
2102.89,8872
2106.33,8871
2107.47,8869
2109.81,8868
2110.84,8866
2112.05,8865
2113.43,8864
2122.16,8863
2124.48,8857
2125.65,8856
2137.25,8854
2138.44,8852
2156.06,8851
2157.13,8850
2158.27,8849
2162.01,8848
2165.65,8843
2170.42,8842
2171.78,8841
2176.94,8840
2184.01,8838
2186.25,8836
2189.65,8834
2196.52,8832
2205.83,8831
2209.61,8827
2216.67,8825
2217.75,8824
2220.15,8823
2221.42,8822
2223.92,8819
2230.99,8818
2239.75,8817
2240.92,8816
2243.3,8815
2251.63,8814
2252.74,8810
2269.97,8809
2273.17,8808
2276.53,8807
2278.92,8806
2281.12,8805
2282.48,8803
2283.57,8800
2287.06,8799
2288.37,8796
2289.61,8795
2290.7,8793
2297.02,8792
2299.68,8791
2300.9,8790
2302.19,8789
2304.34,8788
2306.65,8787
2310.15,8786
2312.34,8785
2313.59,8784
2320.18,8783
2321.41,8782
2325.84,8781
2326.88,8780
2327.97,8778
2332.51,8777
2333.6,8776
2334.63,8775
2337.3,8774
2340.4,8773
2341.7,8772
2346.67,8768
2360,8766
2363.52,8765
2366.89,8764
2368.01,8763
2369.39,8762
2370.49,8761
2374.98,8759
2377.24,8758
2380.7,8756
2387.29,8754
2394.11,8752
2396.35,8750
2399.87,8749
2400.96,8748
2405.53,8747
2407.83,8746
2411.3,8742
2412.38,8741
2421.17,8739
2423.58,8738
2424.62,8737
2429.04,8736
2430.12,8735
2432.33,8734
2438.13,8733
2447.25,8731
2449.71,8730
2452,8729
2453.08,8728
2455.4,8727
2456.43,8726
2459.96,8725
2461.04,8724
2462.24,8723
2463.37,8722
2465.76,8721
2467.96,8720
2469.1,8719
2470.32,8717
2473.91,8716
2477.62,8715
2478.84,8713
2483.89,8712
2486.23,8711
2492.77,8710
2496.21,8709
2499.65,8708
2501.01,8707
2515.02,8703
2519.53,8701
2521.01,8700
2524.32,8699
2531.2,8698
2533.55,8697
2534.76,8696
2537.21,8695
2545.69,8694
2546.78,8693
2553.77,8692
2556.08,8689
2560.64,8688
2563.08,8687
2566.49,8686
2570.9,8685
2581.19,8684
2584.71,8683
2586.89,8682
2589.2,8681
2591.41,8678
2593.66,8676
2604.08,8675
2605.14,8674
2606.19,8673
2610.61,8672
2615.16,8669
2619.93,8667
2623.39,8666
2625.5,8665
2635.26,8664
2641.49,8663
2643.08,8662
2647.47,8661
2648.66,8659
2649.81,8658
2650.88,8657
2651.93,8656
2654.13,8654
2663.51,8653
2664.55,8652
2671.19,8651
2673.27,8648
2678.56,8647
2679.62,8644
2681.98,8643
2693.96,8642
2699.12,8641
2701.28,8640
2712.22,8639
2714.4,8637
2715.54,8636
2720.18,8633
2721.28,8632
2722.38,8631
2724.92,8627
2725.98,8626
2727.02,8622
2741.02,8621
2742.04,8619
2755.32,8618
2759.52,8617
2764.81,8614
2767.03,8613
2768.1,8612
2785.27,8611
2786.26,8607
2797.05,8606
2798.1,8605
2799.17,8604
2804.59,8603
2805.63,8601
2806.67,8600
2807.79,8598
2817.88,8597
2818.9,8596
2820.07,8595
2821.05,8594
2823.43,8592
2835.41,8591
2836.55,8590
2840,8589
2842.21,8588
2850.08,8587
2853.54,8586
2854.65,8585
2855.72,8583
2867.42,8582
2877.04,8581
2879.29,8580
2880.29,8578
2883.49,8577
2884.49,8576
2888.56,8575
2889.81,8574
2890.94,8573
2891.96,8572
2893.06,8571
2894.16,8570
2897.49,8569
2898.65,8567
2899.84,8565
2913.09,8563
2917.17,8562
2923.48,8561
2924.58,8560
2927.71,8559
2928.77,8558
2934.08,8557
2936.35,8556
2937.52,8555
2939.03,8553
2945.14,8552
2947.26,8551
2960.9,8550
2961.95,8549
2969.59,8548
2971.95,8547
2975.27,8546
2976.29,8545
2980.58,8544
2981.68,8543
2985.95,8541
2986.97,8540
2990.26,8539
2992.55,8538
2993.63,8537
2994.68,8536
3001.95,8535
3002.97,8534
3010.25,8533
3012.63,8532
3021.56,8531
3022.67,8528
3025.06,8527
3029.34,8526
3034.74,8525
3039.9,8524
3041.99,8522
3045.2,8520
3046.2,8519
3047.21,8518
3052.77,8516
3059.33,8511
3075.59,8510
3076.58,8509
3078.98,8508
3081.17,8507
3082.34,8506
3086.82,8505
3091.1,8504
3094.55,8503
3102.84,8502
3103.87,8501
3104.87,8500
3110.25,8498
3111.26,8496
3112.41,8494
3124.5,8493
3129.71,8487
3131.79,8486
3141.05,8484
3146.61,8483
3158.51,8482
3159.79,8481
3160.82,8479
3176.71,8478
3177.76,8477
3180.15,8476
3181.19,8474
3186.39,8473
3189.42,8469
3195.8,8468
3198.05,8467
3207.4,8466
3209.52,8465
3210.66,8464
3213.78,8463
3217.9,8462
3218.91,8460
3228.51,8458
3230.65,8456
3231.65,8455
3243.78,8453
3252.49,8452
3253.57,8449
3260.17,8448
3265.06,8447
3269.38,8446
3272.72,8445
3277.01,8443
3286.63,8442
3288.81,8441
3289.89,8440
3290.96,8439
3292.11,8438
3300.5,8436
3305.79,8435
3307.06,8434
3315.71,8433
3321.24,8428
3331.5,8427
3337.75,8426
3353.98,8425
3355.01,8423
3358.17,8422
3359.16,8421
3361.3,8420
3362.5,8419
3364.54,8418
3372.97,8416
3379.38,8415
3382.98,8414
3388.65,8413
3394.06,8412
3397.14,8410
3404.45,8409
3405.41,8408
3406.48,8407
3407.61,8406
3412.92,8405
3419.71,8404
3421.81,8402
3428.51,8401
3435.14,8400
3438.28,8399
3441.71,8398
3447.67,8397
3448.7,8396
3456.49,8395
3460.6,8393
3469.33,8391
3476.59,8390
3481.04,8389
3485.4,8388
3488.45,8386
3490.51,8385
3496.85,8383
3497.87,8382
3503.58,8381
3506.15,8380
3507.3,8379
3510.46,8378
3517.83,8377
3518.82,8376
3525.11,8375
3528.35,8374
3532.87,8372
3533.9,8371
3547.18,8370
3552.13,8369
3563.28,8368
3567.96,8367
3572.33,8366
3574.77,8365
3586.31,8364
3588.35,8363
3590.75,8362
3591.79,8360
3604.34,8359
3605.42,8358
3609.54,8356
3617.07,8355
3618.11,8353
3619.16,8352
3631.5,8349
3632.63,8348
3634.67,8346
3643.22,8345
3650.64,8344
3660.42,8342
3663.55,8340
3669.98,8339
3671.09,8338
3675.17,8337
3688.68,8336
3697.32,8334
3699.32,8333
3704.41,8331
3713.12,8330
3722.85,8326
3725.02,8324
3754.83,8322
3771.86,8320
3775.03,8319
3777.09,8317
3778.29,8316
3780.52,8315
3782.68,8313
3791.25,8311
3793.36,8310
3794.49,8308
3798.66,8307
3804.29,8305
3835.44,8304
3836.55,8303
3837.64,8302
3846.6,8300
3854.39,8299
3861.78,8298
3866.47,8296
3876.44,8295
3880.86,8294
3881.93,8291
3900,8290
3901.03,8289
3919.99,8287
3925.68,8286
3926.8,8285
3927.93,8284
3938.9,8283
3964.59,8282
3971.97,8281
3972.94,8280
3977.08,8279
3978.08,8278
3983.56,8277
3986,8275
4003.38,8274
4005.35,8273
4006.42,8272
4007.48,8271
4008.44,8270
4010.77,8269
4014.14,8268
4025.94,8267
4026.97,8266
4065.77,8265
4077.79,8264
4082.16,8263
4083.23,8261
4084.32,8260
4094.73,8259
4095.78,8258
4107.81,8257
4110.13,8255
4124.07,8253
4125.06,8252
4166.34,8251
4178.69,8250
4186.26,8248
4189.39,8245
4190.38,8244
4191.39,8243
4220.21,8241
4222.24,8240
4236.92,8239
4240.97,8238
4243.21,8237
4247.32,8236
4248.35,8235
4250.48,8234
4257.26,8233
4268.83,8232
4271.96,8231
4275.28,8230
4277.57,8229
4278.58,8227
4281.75,8226
4302.81,8225
4305.17,8224
4306.14,8222
4308.23,8221
4322.53,8218
4326.87,8217
4327.87,8216
4340.62,8215
4358.75,8214
4369.38,8212
4370.39,8211
4373.46,8210
4381.17,8208
4440.56,8207
4453.53,8206
4465.6,8205
4466.85,8204
4467.97,8203
4469.06,8202
4480.47,8200
4495.44,8199
4496.44,8198
4503.99,8197
4507.13,8195
4509.33,8194
4520.1,8192
4535.72,8191
4544.13,8189
4556.94,8188
4559.09,8187
4565.49,8185
4575.06,8184
4579.24,8182
4581.23,8181
4585.59,8180
4586.72,8179
4610.64,8178
4611.62,8177
4624.91,8176
4625.9,8175
4650.55,8173
4655.7,8172
4656.69,8171
4660.82,8169
4674.72,8168
4683.32,8166
4705.68,8164
4710.17,8163
4712.35,8162
4727.44,8161
4739.19,8160
4744.63,8159
4745.79,8158
4750.54,8157
4751.63,8156
4752.72,8154
4758.91,8153
4763.32,8152
4766.63,8151
4779.16,8149
4783.44,8148
4791,8147
4794.08,8146
4795.16,8145
4798.25,8144
4813.08,8143
4815.32,8142
4816.31,8141
4839.25,8140
4854.66,8139
4856.81,8138
4861.91,8137
4868.27,8136
4888.47,8135
4894.33,8134
4904.96,8133
4909.06,8132
4910.15,8131
4927.63,8130
4929.82,8129
4935.35,8128
4957.46,8127
4961.77,8125
4963.77,8124
4969.17,8123
4970.19,8122
4973.47,8121
4976.61,8118
4977.64,8117
4982.12,8116
4984.22,8115
5013.26,8114
5015.63,8113
5016.71,8109
5065.4,8108
5067.47,8107
5070.85,8106
5071.92,8105
5075.54,8104
5078.89,8101
5079.86,8099
5087.47,8098
5097.17,8097
5105.51,8096
5107.64,8095
5119.31,8094
5123.66,8093
5127.69,8092
5129.87,8091
5136.76,8089
5163.48,8088
5164.46,8087
5166.75,8086
5181.59,8083
5195.89,8082
5222.89,8080
5223.88,8079
5225.84,8077
5229.15,8073
5245.28,8071
5246.35,8070
5255.79,8069
5259.14,8068
5265.47,8067
5268.83,8065
5290.77,8063
5306.68,8062
5307.82,8061
5308.8,8060
5309.85,8059
5314.49,8058
5327.51,8057
5329.5,8056
5333.75,8054
5346.8,8051
5383.13,8050
5389.55,8048
5404.41,8046
5425.61,8045
5426.57,8044
5428.68,8043
5430.79,8042
5437,8041
5438.11,8040
5444.52,8039
5452.81,8037
5497.76,8036
5498.87,8035
5526.7,8030
5569.12,8029
5619.59,8026
5659.32,8024
5708.61,8023
5717.17,8022
5768.95,8021
5769.94,8020
5805.54,8019
5821.99,8018
5823.18,8017
5824.19,8016
5825.16,8015
5830.37,8013
5950.41,8012
5954.84,8010
6020.51,8009
6051.79,8007
6073.24,8006
6078.3,8005
6086.89,8004
6113.77,8003
6219.64,8001
6268.02,8000
6278.75,7999
6282.36,7998
6349.29,7997
6350.27,7996
6353.43,7994
6354.43,7992
6365.39,7991
6394.12,7990
6399.09,7989
6430.51,7988
6462.54,7986
6479.77,7985
6483.09,7982
6528.97,7981
6533.13,7980
6539.6,7979
6547.03,7978
6548.07,7977
6564.35,7976
6565.43,7974
6610.58,7973
6612.83,7970
6625.41,7969
6638.28,7968
6642.95,7966
6646.34,7965
6669.67,7964
6680.15,7963
6688.73,7961
6693.83,7960
6694.81,7959
6769.42,7958
6848.95,7957
6851.1,7956
6852.32,7955
6853.43,7954
6855.75,7952
6873.63,7951
6893.63,7949
6894.6,7948
6898.69,7947
6926.26,7946
6984.2,7945
7015.44,7944
7016.54,7943
7017.6,7942
7019.84,7941
7065.63,7940
7070.47,7939
7088.24,7938
7091.39,7937
7093.5,7936
7152.18,7934
7163.87,7933
7188.2,7931
7265.37,7930
7276.99,7929
7278.05,7928
7280.2,7927
7327.32,7926
7345.31,7925
7352.69,7924
7358.24,7923
7381.55,7922
7462.01,7921
7481.2,7920
7544.51,7919
7561.21,7918
7562.19,7917
7577.97,7916
7610.11,7915
7612.28,7914
7643.42,7913
7651.68,7912
7662.64,7910
7675.45,7909
7676.63,7907
7690.18,7906
7698.58,7904
7701.69,7903
7702.74,7902
7752.31,7899
7856.97,7897
7858.16,7896
7869.8,7895
7881.4,7894
7888.98,7893
7894.05,7892
7962,7891
7973.53,7889
7979.93,7888
7982.09,7887
7983.14,7886
7984.21,7884
8043.75,7883
8133.04,7882
8193.09,7881
8459.04,7880
8518.89,7879
8522.52,7878
8527.75,7875
8533.86,7874
8550.65,7873
8551.74,7872
9186.49,7871
9191.83,7870
9203.26,7869
9205.29,7868
9225.47,7867
9226.6,7866
9230.73,7865
9243.87,7864
9260.51,7863
9387.43,7862
9453.81,7858
9476.5,7857
9482.41,7856
9483.43,7855
9487.55,7853
9503.16,7852
9515.73,7851
9652.1,7850
10321.1,7849
10639.7,7848
10646.2,7847
10667.4,7846
10684.1,7845
10686.2,7844
10693.8,7843
10696.9,7841
10704.3,7839
10730.2,7838
10733.4,7836
10742,7835
11568.2,7832
12039.8,7829
12044.3,7828
12215.7,7827
12223.1,7826
12246.3,7825
12263.3,7824
12265.4,7823
12366,7820
12396.5,7819
12410.3,7818
12416.6,7817
12426.1,7816
12430.8,7815
12445.6,7814
16819.4,7813
16820.4,7812
16826.8,7811
16881.4,7810
17132.1,7808
17189.4,7807
17644.3,7806
17690.2,7805
17716.2,7804
18878.8,7803
18879.9,7801
18986.7,7798
18996.2,7797
22766.7,7796
22805.7,7795
22806.7,7793
22813.3,7792
24627.6,7790
25023.8,7789
25258.1,7788
25439.9,7787
25463.9,7786
25482.6,7785
25493.9,7783
25495,7782
25499.1,7781
25504.5,7780
25527.6,7779
25534.4,7778
27053.6,7777
27159.4,7776
27167.4,7774
27178.3,7773
27179.4,7772
27242.9,7771
27294.3,7770
27805.4,7769
27816.9,7768
27821.3,7766
27824.9,7765
27827.2,7764
27834.7,7761
39139.5,7760
39157.7,7758
39158.8,7757
39209.7,7755
39240,7754
39245.2,7753
39249.5,7752
43472.7,7751
43473.8,7750
46489.5,7749
46639.5,7748
46641.5,7747
46643.7,7746
46657.3,7745
46660.8,7744
46671.4,7743
46676.1,7742
46677.2,7741
46678.3,7740
46684.3,7739
46740.5,7738
46784.8,7737
46787.9,7736
47042.8,7735
47051.1,7734
47092.6,7733
47102,7732
57803.9,7731
57834,7730
57877.1,7728
58137,7727
67480.3,7726
67506.6,7725
67542,7724
67554.9,7723
72217.7,7722
72260.1,7721
72264.2,7720
72341.9,7719
72475.1,7717
72476.6,7716
72512,7715
72543.6,7714
72606.5,7713
72650.6,7712
72675.7,7711
73802,7710
