2.18947,11022
3.43018,11021
4.8301,11020
5.99142,11019
7.17087,11018
8.25995,11017
9.41638,11016
10.6836,11014
11.7675,11013
12.8222,11012
14.0434,11011
15.1562,11010
16.3418,11009
17.4623,11007
18.6382,11006
19.748,11002
20.8174,11001
22.1016,10997
23.1887,10993
24.4673,10992
25.7704,10990
26.8987,10988
27.971,10987
29.0656,10986
30.3622,10984
31.5244,10982
32.6378,10981
33.8613,10977
34.9996,10972
36.1171,10970
37.3466,10967
38.4725,10966
39.5948,10963
40.7787,10957
41.937,10951
43.0453,10949
44.1646,10944
45.8647,10943
46.9473,10940
48.0124,10939
49.3398,10934
50.5138,10932
51.6518,10928
52.7761,10927
53.9359,10926
55.0041,10922
56.0741,10921
57.3494,10918
58.6017,10916
59.8556,10911
61.3231,10910
62.6015,10908
63.8234,10907
65.4152,10905
66.6134,10904
67.734,10902
68.9227,10901
70.1582,10899
71.26,10898
72.3986,10897
73.5977,10896
74.7152,10895
75.8106,10894
77.0962,10891
78.1528,10886
79.2638,10885
80.3906,10884
81.5779,10881
82.658,10880
83.7387,10877
85.1685,10870
86.2475,10867
87.3625,10866
88.5233,10862
89.68,10859
90.7771,10855
92.0069,10850
93.2123,10849
94.3234,10847
95.4226,10843
96.6777,10841
97.7592,10840
98.8314,10839
100.001,10835
101.185,10830
102.306,10827
103.403,10826
104.67,10822
105.93,10819
107.072,10817
108.636,10816
109.801,10815
110.988,10808
112.22,10805
113.396,10797
114.512,10794
115.622,10793
116.835,10788
118.08,10785
119.222,10784
120.569,10782
121.9,10778
123.109,10775
124.573,10772
126.035,10771
127.382,10767
128.672,10765
129.841,10763
130.941,10759
132.204,10756
133.318,10753
134.405,10749
135.603,10746
136.752,10743
137.92,10742
138.98,10741
140.189,10738
141.318,10737
142.574,10735
144.049,10734
145.305,10729
146.6,10728
147.869,10725
148.968,10721
150.03,10720
151.201,10719
152.481,10715
153.578,10713
154.778,10712
156.212,10709
157.413,10705
158.557,10704
159.849,10701
160.935,10700
162.078,10699
163.314,10697
164.5,10693
165.593,10692
167.032,10687
168.22,10685
169.247,10683
170.492,10681
171.642,10680
172.715,10678
173.787,10676
175.053,10675
176.188,10671
177.304,10669
178.632,10667
179.861,10666
181.144,10664
182.543,10662
183.909,10661
185.111,10660
186.432,10657
187.671,10656
188.776,10654
189.911,10648
191.352,10642
192.487,10638
193.622,10637
194.827,10636
195.948,10634
197.086,10633
198.394,10629
199.54,10626
200.654,10625
201.73,10622
202.947,10621
204.014,10612
205.099,10611
206.327,10608
207.526,10606
208.617,10603
209.812,10602
211.073,10598
212.283,10593
213.464,10591
214.698,10589
215.853,10588
216.958,10586
218.274,10583
219.394,10580
220.486,10578
221.763,10577
222.966,10574
224.101,10573
225.28,10572
226.503,10569
227.617,10565
228.8,10563
230.106,10562
231.184,10558
232.583,10556
234.045,10555
235.388,10553
236.486,10551
237.688,10549
239.108,10548
240.565,10543
242.196,10540
243.543,10539
244.841,10536
246.354,10535
247.606,10534
248.714,10530
250.043,10529
251.176,10528
252.536,10526
253.811,10524
254.962,10523
256.077,10522
257.268,10521
258.438,10517
259.574,10514
260.69,10512
262.015,10510
263.093,10507
264.219,10505
265.396,10504
266.627,10503
267.717,10502
268.839,10501
269.972,10500
271.083,10499
272.139,10498
273.617,10494
274.788,10493
275.97,10492
277.184,10488
278.327,10487
279.454,10485
280.697,10480
281.941,10476
283.085,10475
284.227,10474
285.522,10471
286.636,10467
287.737,10466
288.98,10465
290.064,10464
291.127,10463
292.276,10460
293.634,10459
294.664,10458
295.742,10456
297.009,10454
298.112,10450
299.299,10444
300.609,10443
301.848,10441
303.095,10439
304.454,10438
305.789,10437
307.05,10436
308.379,10435
309.577,10432
310.809,10429
312.094,10427
313.545,10425
314.717,10424
315.84,10415
317.114,10414
318.297,10410
319.428,10407
320.698,10405
321.759,10403
322.816,10399
324.081,10398
325.276,10397
326.381,10396
327.531,10389
328.742,10388
329.893,10387
331.073,10386
332.393,10384
333.629,10382
334.771,10381
336.063,10380
337.243,10378
338.441,10377
339.683,10376
340.89,10375
342.088,10373
343.363,10372
344.667,10371
345.936,10370
347.176,10368
348.334,10362
349.402,10359
350.493,10358
351.724,10357
352.884,10356
354.159,10355
355.404,10352
356.536,10351
357.664,10350
358.992,10349
360.275,10346
361.538,10345
362.866,10344
364.225,10342
365.506,10340
366.914,10338
368.165,10334
369.357,10331
370.642,10330
371.922,10328
372.99,10327
374.369,10326
375.583,10325
376.676,10323
377.719,10322
378.955,10321
380.034,10320
381.138,10319
382.316,10318
383.492,10314
384.579,10313
385.669,10311
386.982,10310
388.114,10306
389.184,10305
390.343,10303
391.539,10299
392.562,10298
393.741,10296
395.231,10294
396.416,10293
397.643,10292
399.145,10291
400.366,10290
401.545,10289
402.843,10286
403.974,10281
405.172,10279
406.491,10275
407.789,10273
409.02,10272
410.273,10270
411.584,10266
412.775,10265
413.85,10263
415.328,10262
416.419,10260
417.507,10257
418.816,10251
420.024,10250
421.287,10248
422.726,10247
423.938,10245
425.218,10242
426.759,10240
428,10239
429.201,10237
430.392,10236
431.56,10234
432.737,10233
434.019,10232
435.419,10231
436.545,10230
437.721,10229
438.904,10228
439.989,10225
441.084,10224
442.514,10221
443.683,10220
444.949,10218
446.21,10216
447.272,10214
448.336,10213
449.578,10212
450.678,10208
451.83,10206
453.069,10203
454.229,10201
455.506,10200
456.804,10198
457.961,10197
459.138,10194
460.284,10193
461.556,10191
462.739,10189
463.859,10188
465.139,10186
466.292,10185
467.41,10183
468.57,10182
469.747,10180
470.87,10177
472.059,10176
473.394,10175
474.447,10174
475.636,10171
477.03,10169
478.072,10168
479.176,10167
480.398,10165
481.724,10163
482.958,10162
484.206,10161
485.463,10158
486.784,10157
488.05,10156
489.284,10153
490.415,10152
491.507,10151
492.785,10149
493.867,10148
494.996,10146
496.214,10145
497.588,10144
498.772,10143
499.996,10142
501.075,10141
502.143,10140
503.306,10139
504.39,10137
505.492,10136
506.608,10135
507.871,10134
508.928,10130
509.986,10129
511.143,10126
512.335,10125
513.379,10123
514.473,10121
515.697,10120
516.987,10119
518.144,10118
519.397,10116
520.473,10115
521.562,10114
522.79,10113
523.947,10108
525.071,10107
526.196,10104
527.433,10102
528.478,10100
529.584,10097
530.794,10096
531.897,10095
533.06,10093
534.662,10092
536.175,10090
537.422,10087
538.744,10085
540.042,10083
541.596,10082
543.165,10081
544.317,10080
545.614,10079
547.045,10076
548.341,10074
549.538,10073
550.775,10072
551.967,10070
553.058,10069
554.234,10067
555.403,10066
556.619,10064
557.851,10062
559.119,10061
560.231,10060
561.397,10059
562.631,10058
563.724,10056
564.806,10055
565.923,10052
567.19,10050
568.258,10048
569.332,10046
570.509,10045
571.607,10043
572.687,10042
573.902,10041
575.082,10040
576.181,10039
577.252,10037
578.739,10036
579.857,10034
580.992,10032
582.2,10030
583.34,10029
584.414,10028
585.614,10027
586.88,10026
587.965,10025
589.086,10024
590.337,10023
591.43,10022
592.458,10021
593.633,10019
594.845,10018
595.986,10017
597.053,10016
598.409,10015
599.518,10014
600.618,10013
602.008,10010
603.264,10009
604.488,10007
605.857,10006
607.066,10003
608.332,10001
609.701,10000
610.85,9998
611.985,9997
613.174,9996
614.352,9995
615.471,9994
616.54,9993
618.041,9992
619.163,9991
620.189,9990
621.388,9989
622.477,9987
623.559,9986
624.618,9985
625.912,9984
627.026,9983
628.065,9981
629.271,9979
630.373,9978
631.427,9977
632.47,9976
633.678,9975
634.781,9974
635.842,9972
637.103,9971
638.183,9969
639.514,9968
640.846,9967
642.145,9965
643.199,9961
644.292,9960
645.827,9959
646.982,9958
648.093,9957
649.316,9956
650.403,9955
651.479,9954
652.594,9953
653.726,9952
654.841,9951
655.973,9950
657.269,9949
658.346,9948
659.479,9945
660.716,9944
661.984,9942
663.191,9941
664.619,9940
665.848,9938
667.069,9936
668.307,9935
669.694,9933
670.838,9932
671.958,9928
673.275,9927
674.311,9926
675.41,9925
676.598,9924
677.771,9923
678.907,9921
680.039,9920
681.2,9919
682.268,9918
683.312,9917
684.651,9916
685.763,9914
686.829,9913
687.931,9912
689.12,9911
690.211,9909
691.273,9908
692.506,9907
693.589,9906
694.678,9905
695.843,9902
697.019,9900
698.115,9899
699.183,9898
700.52,9897
701.611,9895
702.679,9894
703.879,9892
705.157,9891
706.24,9890
707.386,9889
708.691,9888
709.908,9885
711.111,9884
712.4,9882
713.467,9881
714.582,9880
715.869,9878
717.062,9876
718.141,9875
719.27,9873
720.467,9872
721.647,9871
722.872,9870
724.197,9869
725.581,9868
726.876,9867
728.19,9866
729.362,9865
730.582,9864
731.914,9863
733.019,9862
734.13,9861
735.364,9860
736.482,9858
737.589,9856
738.783,9855
739.981,9854
741.138,9853
742.212,9850
743.517,9848
745.003,9847
746.231,9846
747.451,9845
748.516,9844
749.619,9843
750.763,9841
751.895,9839
752.972,9838
754.06,9837
755.231,9836
756.363,9835
757.403,9834
758.643,9833
759.812,9832
761.03,9831
762.151,9830
763.408,9829
764.535,9828
765.751,9827
766.974,9826
768.036,9825
769.133,9824
770.307,9823
771.494,9821
772.545,9819
773.622,9818
774.927,9817
776.007,9816
777.256,9815
778.762,9814
779.861,9811
780.999,9810
782.348,9809
783.617,9808
784.761,9807
786.21,9806
787.496,9805
788.674,9804
789.985,9802
791.272,9801
792.558,9800
793.706,9799
794.945,9798
796.041,9796
797.159,9795
798.464,9794
799.597,9793
800.698,9791
801.862,9790
802.988,9789
804.046,9787
805.152,9786
806.616,9785
807.687,9784
808.753,9783
809.928,9782
811.08,9781
812.146,9780
813.208,9778
814.457,9777
815.52,9776
816.65,9775
817.88,9774
819.018,9773
820.068,9772
821.252,9771
822.56,9770
823.647,9769
824.721,9768
826.204,9767
827.292,9766
828.341,9765
829.555,9764
830.677,9763
831.775,9762
832.837,9761
834.212,9760
835.685,9759
836.806,9758
838.216,9757
839.416,9756
840.925,9755
842.434,9754
843.507,9753
844.835,9752
846.408,9750
847.621,9749
848.893,9748
850.154,9747
851.348,9746
852.769,9745
853.943,9744
855.089,9743
856.2,9742
857.39,9741
858.511,9738
859.712,9736
860.898,9735
861.992,9733
863.088,9732
864.373,9730
865.418,9729
866.684,9728
867.891,9727
869.012,9726
870.011,9725
871.043,9724
872.251,9723
873.376,9722
874.491,9721
875.706,9720
876.8,9719
877.878,9718
878.945,9717
880.13,9716
881.194,9715
882.422,9714
883.758,9713
884.938,9712
886.073,9711
887.502,9710
888.682,9709
889.765,9708
890.825,9707
892.048,9706
893.095,9705
894.12,9704
895.243,9703
896.371,9702
897.411,9701
898.466,9700
899.68,9699
900.753,9698
901.837,9697
903.21,9696
904.459,9695
905.728,9694
907.229,9692
908.467,9691
909.624,9689
910.84,9688
912.124,9687
913.349,9685
914.455,9684
915.687,9683
916.792,9681
917.902,9680
919.099,9679
920.225,9678
921.261,9677
922.388,9676
923.612,9675
924.684,9674
925.727,9673
926.986,9672
928.219,9671
929.321,9670
930.547,9669
931.683,9668
932.739,9667
933.804,9666
935.008,9665
936.053,9664
937.143,9663
938.297,9662
939.455,9661
940.482,9660
941.557,9659
942.748,9656
943.89,9655
944.984,9654
946.194,9653
947.781,9652
948.892,9651
950.097,9650
951.237,9649
952.33,9648
953.415,9646
954.648,9645
955.681,9644
956.793,9643
957.969,9642
959.195,9641
960.392,9640
961.639,9639
962.889,9638
964.052,9637
965.219,9636
966.581,9634
967.829,9633
969.067,9632
970.368,9631
971.589,9630
972.658,9629
973.95,9628
975.041,9627
976.107,9626
977.356,9624
978.538,9623
979.626,9622
980.664,9619
981.92,9618
983,9617
984.105,9616
985.288,9615
986.378,9614
987.442,9612
988.728,9611
989.997,9610
991.048,9609
992.097,9608
993.313,9607
994.382,9606
995.42,9604
996.567,9603
997.737,9601
998.843,9600
999.908,9599
1001.14,9598
1002.27,9597
1003.31,9596
1004.5,9595
1005.67,9594
1006.74,9593
1007.87,9592
1009.45,9591
1010.64,9590
1011.81,9589
1013.03,9588
1014.23,9587
1015.34,9585
1016.53,9584
1017.63,9582
1019.89,9581
1021.12,9580
1022.28,9579
1024.79,9577
1026.02,9576
1027.36,9575
1028.74,9574
1029.98,9573
1031.18,9572
1032.46,9571
1033.59,9570
1034.71,9569
1036.02,9568
1037.11,9567
1038.25,9566
1040.56,9565
1041.61,9564
1042.67,9560
1050.04,9559
1052.38,9558
1053.48,9556
1054.65,9555
1055.85,9554
1056.92,9553
1057.99,9551
1059.22,9549
1060.36,9544
1067.31,9541
1068.41,9540
1073.11,9539
1075.4,9538
1076.5,9537
1077.62,9536
1078.89,9535
1079.93,9534
1081.04,9533
1082.27,9532
1083.48,9531
1084.63,9530
1085.86,9528
1091.09,9527
1092.3,9526
1093.37,9525
1094.64,9523
1095.8,9522
1096.95,9521
1098.22,9520
1099.31,9518
1100.41,9515
1101.56,9513
1109.8,9511
1110.97,9510
1112.04,9509
1113.09,9508
1114.38,9507
1115.45,9505
1116.58,9504
1117.79,9503
1118.88,9502
1119.93,9501
1121.08,9500
1122.24,9499
1123.35,9498
1124.51,9497
1125.96,9496
1127.21,9495
1128.34,9491
1129.59,9490
1130.85,9489
1133.08,9488
1134.42,9487
1137.08,9484
1143.33,9482
1144.52,9481
1146.12,9479
1152.38,9477
1153.64,9476
1155.95,9475
1157.29,9473
1158.42,9472
1160.71,9468
1165.45,9467
1166.55,9466
1167.67,9465
1168.86,9464
1169.99,9463
1171.05,9462
1172.19,9461
1173.38,9460
1174.49,9459
1175.81,9458
1176.99,9457
1178.12,9456
1179.2,9455
1180.32,9454
1181.43,9453
1182.52,9451
1183.64,9447
1189.68,9446
1190.76,9445
1194.08,9444
1195.13,9443
1196.52,9442
1197.63,9441
1198.69,9440
1199.88,9439
1202.09,9435
1204.48,9433
1209.57,9432
1210.75,9431
1212.15,9429
1213.29,9428
1214.4,9427
1215.56,9426
1216.9,9425
1223.68,9419
1228.2,9416
1232.67,9411
1234.89,9410
1240.69,9408
1241.88,9406
1243.05,9405
1244.22,9404
1245.28,9403
1246.38,9402
1249.07,9400
1251.25,9399
1255.66,9398
1257.03,9397
1258.24,9396
1259.31,9395
1260.41,9394
1261.51,9393
1262.78,9392
1264.01,9391
1266.61,9390
1267.74,9389
1270.3,9388
1272.78,9387
1275.04,9386
1276.11,9385
1277.44,9384
1278.7,9383
1279.82,9382
1280.9,9380
1284.26,9379
1285.43,9378
1286.58,9377
1287.74,9376
1288.88,9375
1290.06,9374
1291.19,9373
1293.52,9372
1295.71,9371
1296.86,9370
1298.19,9369
1299.29,9368
1301.54,9367
1302.66,9366
1303.75,9365
1304.94,9364
1306.04,9363
1308.32,9362
1309.73,9361
1310.96,9360
1312.12,9359
1313.33,9358
1314.51,9357
1315.61,9356
1316.78,9355
1318.09,9354
1319.14,9352
1321.49,9351
1322.59,9350
1325.02,9349
1328.97,9348
1330.13,9347
1332.59,9346
1333.83,9345
1334.9,9342
1337.16,9341
1341.66,9340
1342.72,9339
1346.48,9338
1347.83,9337
1349.01,9335
1355.71,9334
1356.85,9332
1357.94,9331
1359.03,9330
1360.22,9327
1361.35,9326
1364.87,9325
1368.4,9323
1369.68,9322
1370.72,9321
1371.98,9320
1373.06,9319
1376.46,9318
1378.69,9316
1379.9,9314
1381.02,9313
1382.08,9312
1383.37,9311
1384.71,9310
1385.92,9309
1387.28,9308
1388.46,9307
1389.63,9304
1395.78,9303
1398.01,9300
1401.51,9299
1403.82,9297
1406.13,9296
1407.4,9295
1409.58,9294
1410.83,9293
1411.93,9292
1414.14,9291
1415.31,9290
1416.39,9289
1417.48,9287
1418.74,9286
1419.81,9285
1420.94,9284
1422.14,9282
1426.82,9280
1427.88,9277
1428.93,9276
1431.25,9275
1432.38,9274
1433.51,9273
1436.39,9271
1440.26,9268
1441.68,9267
1442.98,9266
1444.07,9265
1447.02,9264
1449.59,9263
1450.88,9262
1452.06,9261
1453.24,9259
1454.57,9257
1455.63,9255
1457.85,9254
1458.99,9253
1460.08,9251
1461.21,9250
1462.37,9248
1465.87,9244
1477.26,9243
1478.43,9242
1479.51,9241
1480.58,9240
1482.92,9239
1484.07,9238
1485.18,9237
1486.62,9236
1487.73,9235
1488.84,9233
1489.97,9232
1491.03,9230
1492.19,9229
1495.55,9228
1497.92,9227
1498.98,9225
1501.37,9224
1502.52,9223
1503.62,9222
1504.8,9221
1506.25,9220
1507.63,9219
1509.02,9217
1510.22,9216
1511.38,9213
1512.63,9212
1515.05,9211
1519.59,9210
1520.71,9209
1521.9,9206
1525.24,9205
1527.63,9204
1529.92,9203
1533.44,9202
1535.63,9201
1536.88,9200
1537.95,9197
1542.46,9196
1543.56,9195
1544.75,9187
1557.43,9186
1559.74,9185
1560.96,9184
1568.25,9183
1569.49,9180
1573.15,9178
1577.77,9177
1582.3,9173
1588.4,9171
1592.95,9168
1595.3,9167
1596.46,9166
1597.61,9165
1599.99,9164
1601.04,9163
1603.37,9161
1604.47,9159
1606.78,9158
1608.1,9157
1609.26,9156
1610.69,9155
1612.09,9154
1613.26,9153
1614.41,9152
1615.68,9150
1616.73,9149
1619.02,9148
1620.15,9147
1621.24,9146
1622.33,9145
1623.54,9144
1624.61,9143
1625.66,9142
1626.86,9141
1628.43,9140
1629.76,9139
1631.1,9138
1632.34,9135
1633.46,9134
1645.95,9133
1647.34,9131
1648.88,9129
1651.14,9128
1656.85,9127
1658,9126
1661.3,9125
1662.57,9124
1664.66,9122
1665.84,9121
1669.2,9120
1670.39,9119
1671.43,9118
1672.48,9117
1673.72,9116
1674.87,9115
1677.04,9114
1678.31,9111
1679.45,9110
1680.56,9108
1688.7,9107
1691.45,9106
1692.64,9105
1693.99,9104
1695.14,9103
1698.7,9102
1704.21,9099
1705.43,9097
1708.81,9096
1713.5,9094
1719.25,9091
1723.7,9090
1724.92,9089
1726.03,9088
1727.19,9087
1728.3,9086
1729.52,9085
1734.15,9084
1735.63,9080
1742.36,9079
1747.14,9078
1748.62,9077
1749.91,9076
1751.16,9075
1755.08,9074
1756.3,9072
1757.49,9071
1766.34,9069
1768.83,9068
1769.92,9067
1770.95,9065
1773.26,9064
1774.36,9063
1775.74,9059
1780.38,9056
1782.51,9055
1790.68,9054
1791.82,9053
1794.01,9052
1795.11,9050
1799.93,9049
1801.11,9048
1802.28,9046
1803.49,9045
1806.94,9043
1808.25,9042
1809.23,9041
1810.41,9039
1813.2,9038
1814.49,9036
1819.55,9032
1820.65,9031
1834.08,9030
1838.78,9029
1841,9028
1843.4,9027
1846.67,9026
1850.26,9025
1851.48,9024
1853.94,9023
1855.15,9022
1857.51,9021
1858.71,9020
1860.94,9019
1862.07,9018
1864.43,9016
1865.49,9015
1868.96,9013
1870.22,9010
1872.84,9009
1876.54,9008
1880.34,9006
1888.16,9005
1891.63,9004
1892.71,9003
1893.97,9002
1895.15,9001
1896.31,9000
1897.67,8998
1898.85,8997
1903.48,8996
1904.56,8995
1909.27,8994
1911.74,8992
1915.15,8990
1916.22,8988
1919.86,8986
1924.52,8985
1927.99,8984
1929.26,8983
1933.16,8981
1936.87,8980
1938.34,8976
1942.9,8975
1950.1,8972
1960.53,8968
1961.73,8967
1965.18,8966
1967.38,8965
1975.15,8964
1976.39,8963
1983.43,8962
1984.55,8961
1986.7,8960
1988.07,8959
1989.23,8958
1990.35,8956
1995.77,8955
1996.99,8953
2003.21,8952
2004.29,8947
2008.94,8946
2014.51,8943
2016.76,8942
2019.54,8940
2022.99,8939
2026.33,8938
2028.66,8937
2029.72,8936
2035.54,8935
2038.46,8934
2041.35,8932
2042.81,8931
2044,8930
2046.42,8929
2047.67,8928
2048.96,8927
2051.34,8923
2055.12,8922
2056.33,8920
2058.97,8918
2062.63,8917
2063.73,8916
2064.8,8915
2068.21,8914
2074.08,8913
2075.21,8908
2076.27,8907
2091.5,8905
2098.24,8904
2099.33,8903
2103.88,8900
2106.16,8896
2108.53,8895
2122.01,8894
2124.35,8893
2125.54,8892
2126.66,8891
2127.7,8890
2128.99,8889
2130.11,8887
2139.56,8886
2143.1,8885
2146.81,8883
2148.22,8881
2149.39,8880
2152.71,8878
2153.73,8877
2154.77,8876
2155.95,8875
2157.01,8873
2160.74,8872
2163.06,8871
2165.46,8870
2166.76,8868
2171.63,8867
2175.41,8865
2182.63,8864
2184.85,8863
2186.06,8862
2187.21,8861
2188.38,8860
2189.46,8859
2190.6,8857
2195.23,8856
2196.29,8854
2208.12,8853
2209.27,8852
2212.93,8851
2214.03,8850
2215.38,8849
2216.4,8848
2217.46,8847
2218.58,8844
2219.83,8843
2221.09,8842
2227.13,8841
2228.22,8840
2230.53,8839
2231.72,8837
2236.72,8836
2242.81,8835
2243.91,8834
2245,8832
2247.54,8831
2248.86,8830
2255.68,8825
2256.78,8824
2257.9,8823
2265.98,8822
2269.48,8821
2270.65,8820
2271.71,8819
2273.88,8818
2278.44,8817
2279.55,8816
2280.62,8815
2281.92,8814
2283.12,8812
2284.2,8811
2290.23,8810
2291.35,8809
2296.46,8808
2297.82,8807
2299.12,8806
2300.37,8805
2301.67,8804
2302.79,8802
2304.96,8800
2311.7,8799
2314.11,8798
2315.18,8797
2316.26,8796
2317.43,8794
2318.56,8792
2319.64,8791
2326.34,8790
2330.87,8789
2331.94,8788
2338.07,8787
2339.62,8786
2341.19,8782
2352.03,8781
2358.13,8780
2360.69,8779
2361.84,8776
2362.98,8775
2375.39,8773
2376.54,8772
2377.64,8771
2381.12,8770
2386.56,8769
2390.18,8761
2394.52,8760
2414.09,8759
2415.52,8758
2416.67,8757
2422.89,8756
2425.06,8755
2429.44,8754
2430.57,8751
2432.74,8750
2435.24,8749
2439.63,8748
2443.05,8747
2447.71,8745
2448.84,8742
2457.86,8741
2461.29,8739
2465.99,8738
2468.16,8737
2471.63,8736
2482.87,8735
2483.99,8734
2485.15,8733
2494.09,8732
2496.32,8731
2501.15,8730
2502.25,8727
2503.35,8726
2512.93,8725
2515.19,8724
2517.46,8723
2521.07,8722
2522.16,8721
2525.61,8719
2526.63,8718
2527.74,8717
2533.6,8716
2536.01,8715
2539.54,8713
2541.09,8712
2544.56,8711
2546.84,8710
2548.07,8707
2551.61,8705
2557.32,8704
2564.32,8701
2573.26,8700
2574.29,8698
2584.8,8697
2586.97,8696
2590.38,8695
2592.65,8694
2593.74,8693
2595,8692
2598.63,8691
2599.98,8689
2605.11,8686
2606.14,8685
2607.3,8684
2612.78,8682
2613.87,8680
2615.07,8679
2619.8,8678
2620.88,8677
2624.38,8676
2626.5,8675
2628.76,8674
2629.77,8673
2630.91,8672
2631.95,8671
2642.5,8670
2644.96,8669
2645.96,8667
2648.45,8666
2650.77,8665
2658.56,8664
2662.12,8663
2665.53,8661
2668.8,8660
2670.01,8659
2673.13,8658
2674.21,8656
2681.85,8655
2682.88,8654
2685.06,8653
2686.1,8652
2690.57,8651
2691.61,8650
2693.78,8649
2698.97,8648
2707.46,8647
2712.07,8645
2721.14,8644
2722.24,8642
2727.99,8641
2729.21,8640
2730.24,8639
2731.35,8637
2738.75,8636
2739.88,8634
2740.93,8633
2741.93,8632
2745.2,8628
2757.18,8627
2759.36,8626
2760.37,8625
2761.5,8624
2767.85,8623
2777.94,8622
2781.41,8621
2783.73,8620
2784.96,8619
2790.36,8618
2793.59,8617
2797.74,8616
2798.81,8614
2805.28,8613
2809.57,8612
2810.87,8611
2811.99,8610
2821.84,8609
2826.2,8608
2829.43,8607
2838.49,8606
2839.74,8605
2840.83,8604
2841.96,8602
2844.36,8599
2845.46,8598
2857.43,8597
2858.51,8596
2860.64,8595
2861.65,8594
2866.01,8593
2867.09,8592
2868.1,8590
2871.43,8589
2873.53,8588
2874.64,8587
2875.61,8586
2880.9,8585
2891.57,8584
2893.75,8583
2895.75,8582
2897,8580
2899.34,8579
2903.93,8578
2905.21,8576
2911.56,8575
2913.69,8573
2928.35,8572
2930.43,8571
2931.69,8570
2932.7,8569
2933.7,8566
2939.76,8565
2941.12,8560
2954.66,8558
2956.88,8557
2962.62,8556
2963.87,8555
2969.16,8554
2972.57,8553
2975.88,8552
2976.85,8551
2977.85,8550
2979.05,8549
2980.07,8548
2981.17,8547
2982.31,8546
2983.35,8545
2988.53,8544
2990.81,8542
3000.3,8539
3007.54,8538
3010.71,8536
3014.27,8535
3015.26,8534
3016.28,8530
3023.25,8527
3036.23,8526
3041.38,8525
3043.39,8523
3053.32,8522
3054.43,8521
3055.54,8520
3057.57,8518
3071.38,8517
3074.76,8515
3079.26,8513
3080.38,8512
3082.67,8511
3087.11,8509
3107.18,8508
3112.48,8507
3114.76,8506
3115.9,8505
3118.2,8504
3120.34,8502
3121.49,8501
3122.51,8500
3125.61,8499
3127.6,8498
3128.69,8497
3133.12,8496
3134.17,8495
3137.32,8493
3143.24,8491
3153.4,8489
3157.46,8488
3158.47,8486
3160.77,8485
3166.03,8484
3168.16,8483
3175.54,8481
3182.09,8480
3183.26,8478
3195.66,8477
3200.32,8476
3201.49,8475
3203.97,8474
3206.29,8473
3207.28,8472
3208.3,8471
3210.57,8470
3214.71,8469
3215.68,8468
3223.06,8467
3226.32,8466
3228.31,8465
3229.47,8464
3231.48,8463
3232.47,8462
3233.7,8461
3236.79,8460
3238.01,8459
3242.29,8458
3243.6,8457
3250.33,8456
3255.52,8455
3266.01,8454
3270.32,8453
3276.77,8452
3279.86,8450
3296.06,8449
3298.05,8448
3299.16,8447
3301.19,8446
3303.5,8445
3308.85,8444
3313.12,8443
3318.51,8442
3324.38,8441
3325.47,8439
3331,8438
3333.15,8437
3334.28,8435
3337.26,8434
3340.34,8432
3361.88,8431
3363.07,8430
3364.07,8426
3422.46,8425
3428.05,8424
3429.09,8423
3431.47,8422
3439,8421
3442.39,8419
3451.8,8418
3455.06,8417
3457.01,8416
3458.14,8415
3460.15,8414
3464.49,8413
3467.73,8411
3470.87,8409
3471.87,8407
3483.61,8406
3486.85,8404
3490,8403
3504.33,8402
3506.6,8401
3507.78,8399
3508.9,8398
3526.41,8397
3527.58,8394
3531.04,8393
3536.34,8392
3538.8,8391
3542.86,8389
3545.2,8386
3558.79,8385
3564.64,8384
3575.95,8383
3576.93,8382
3583.29,8381
3589.49,8379
3591.82,8378
3592.83,8377
3602.31,8376
3607.46,8375
3618.13,8374
3627.03,8373
3628.29,8372
3629.45,8371
3630.47,8370
3631.57,8367
3636.99,8366
3637.97,8364
3643.3,8362
3649.48,8361
3663.53,8360
3665.53,8359
3673.04,8358
3677.21,8356
3678.35,8355
3679.45,8353
3682.85,8352
3683.98,8351
3694.21,8350
3701.53,8349
3706.6,8348
3707.77,8346
3722.09,8345
3725.25,8344
3726.22,8343
3732.77,8342
3733.8,8340
3744.65,8339
3745.73,8338
3750.7,8337
3751.96,8336
3752.96,8335
3753.95,8334
3754.94,8332
3762.28,8331
3765.48,8327
3766.51,8326
3768.79,8324
3790.13,8323
3791.31,8322
3797.6,8321
3802.04,8320
3809.19,8319
3810.37,8318
3812.36,8317
3813.41,8316
3814.48,8315
3816.52,8313
3817.74,8311
3831.27,8309
3843.22,8308
3845.58,8306
3848.87,8305
3860.54,8304
3862.78,8303
3866.34,8302
3884.94,8301
3886.89,8300
3889.01,8299
3889.99,8298
3893.19,8297
3894.26,8296
3897.49,8294
3915.42,8293
3918.51,8292
3928.66,8291
3929.95,8290
3944.83,8289
3955.51,8288
3961.04,8287
3962.06,8285
3968.43,8284
3969.46,8283
3970.44,8282
3972.55,8281
3985.36,8280
3986.69,8279
3996.61,8278
3999.83,8277
4000.85,8275
4007.05,8274
4023.31,8273
4031.93,8272
4038.49,8270
4039.53,8268
4046.19,8267
4056.7,8266
4057.69,8265
4070.3,8264
4076.98,8262
4081.37,8261
4082.39,8260
4089.65,8259
4111.58,8258
4113.8,8257
4132.46,8256
4133.78,8255
4142.11,8254
4143.42,8253
4146.81,8252
4150.33,8251
4152.35,8250
4154.62,8249
4159.72,8245
4187.24,8244
4188.37,8243
4198.05,8241
4202.23,8240
4207.52,8239
4225.52,8238
4226.8,8236
4235.94,8235
4257.22,8234
4260.3,8233
4271.96,8232
4278.62,8231
4282.72,8230
4287.22,8229
4296.49,8228
4297.49,8227
4302.8,8225
4306.13,8222
4307.18,8220
4344.67,8219
4351.59,8218
4355.38,8217
4357.63,8216
4366.07,8215
4381.05,8214
4385.22,8213
4389.43,8212
4391.36,8211
4394.43,8209
4395.41,8208
4405.08,8207
4407.26,8206
4410.74,8204
4436.16,8202
4452.05,8201
4453.1,8199
4467.46,8198
4472.17,8197
4474.6,8196
4480,8195
4483.18,8194
4484.29,8193
4485.43,8192
4500.1,8191
4528.23,8189
4533.93,8188
4535.01,8186
4549.81,8185
4557.35,8183
4561.53,8182
4563.67,8180
4602.43,8179
4603.4,8178
4609.99,8176
4628.24,8175
4634.71,8174
4639.95,8173
4645.27,8172
4646.35,8171
4656.9,8170
4666.34,8169
4683.47,8168
4687.82,8167
4739.24,8166
4749.59,8164
4774.69,8162
4777.94,8161
4802.29,8160
4803.28,8159
4806.48,8158
4807.67,8157
4826.48,8156
4828.95,8155
4846.41,8153
4851.78,8151
4862.61,8149
4863.67,8148
4865.8,8147
4883.8,8146
4884.77,8145
4890.2,8144
4910.7,8143
4932.19,8141
4956.7,8140
4962.1,8139
4973.76,8138
4974.73,8137
4979.14,8136
4981.34,8135
4995.91,8134
5010,8133
5012.3,8131
5015.78,8130
5016.87,8128
5024.37,8127
5030.65,8126
5031.64,8125
5036.89,8124
5037.98,8123
5042.16,8122
5044.59,8121
5045.97,8120
5047.08,8119
5048.15,8118
5049.47,8116
5059.08,8115
5060.25,8114
5063.37,8113
5069.79,8112
5074.36,8111
5144.2,8110
5150.51,8109
5151.46,8108
5152.5,8107
5156.07,8105
5200.14,8104
5204.28,8103
5207.58,8101
5216.27,8100
5225.74,8099
5232.23,8098
5235.58,8097
5236.62,8095
5246.31,8094
5248.47,8092
5253.03,8090
5255.68,8089
5423.4,8088
5432.9,8087
5445.22,8086
5446.22,8085
5474.44,8084
5477.72,8083
5478.83,8081
5500.92,8079
5511.3,8078
5514.4,8077
5519.23,8076
5523.7,8075
5525.81,8074
5530.89,8073
5583.24,8072
5584.24,8070
5623.02,8069
5641.58,8068
5674.63,8065
5743.61,8064
5803.85,8063
5804.82,8062
5835.68,8061
5836.84,8060
5839,8059
5841.24,8058
5847.52,8057
5857.69,8056
5864.24,8055
5867.45,8054
5885.72,8051
5939.73,8050
5942.51,8049
5952.95,8048
5958.21,8047
5964.61,8045
5965.67,8044
5967.79,8043
5997.55,8042
5998.58,8041
6005.14,8040
6014.19,8038
6024.01,8037
6026.02,8036
6027.18,8034
6039.18,8033
6057.54,8032
6059.67,8031
6078.58,8030
6086.13,8029
6088.25,8028
6104.82,8027
6109.89,8025
6111,8024
6112.06,8023
6115.22,8022
6120.88,8020
6134.65,8019
6146.39,8017
6164.36,8016
6170.67,8015
6171.7,8014
6252.02,8013
6253.17,8012
6270.38,8011
6282.5,8008
6299.33,8007
6309.67,8006
6317.06,8004
6339.77,8003
6376.01,8002
6378.3,8001
6438.99,8000
6446.3,7999
6453.65,7998
6469.91,7997
6470.88,7996
6488.15,7993
6507.26,7992
6551.24,7990
6675.7,7989
6749.62,7988
6752.68,7986
6764.23,7983
6765.4,7982
6789.76,7981
6800.12,7980
6810.63,7979
6839.65,7978
6978.41,7977
6979.41,7974
7039.88,7973
7040.91,7972
7043.02,7971
7067.3,7970
7073.67,7967
7148.08,7966
7170.6,7965
7206.64,7964
7305.08,7963
7306.24,7962
7311.9,7961
7367.95,7960
7369.22,7959
7378.96,7956
7405.1,7954
7441.74,7953
7466.44,7951
7482.52,7950
7526.63,7949
7540.23,7948
7557.94,7947
7571.45,7946
7575.94,7945
7623.12,7944
7674.24,7943
7745.98,7942
7754.44,7941
7797.74,7940
7805.11,7938
7817.72,7936
7857.5,7935
7859.76,7934
7882.82,7933
8004.15,7932
8027.41,7931
8031.98,7930
8038.62,7929
8040.64,7928
8041.63,7927
8172.01,7926
8174.08,7925
8175.14,7924
8195.17,7922
8204.71,7921
8219.19,7920
8294.09,7918
8303.57,7916
8555.64,7915
8565.26,7914
8568.64,7913
8702.74,7912
8727.69,7911
8738.08,7908
8739.35,7907
8744.48,7905
8809.65,7904
8855.62,7903
9860.83,7902
10112.9,7900
10174.2,7899
10206.8,7898
10214.3,7897
10237.2,7896
10241.4,7895
10266.8,7893
10271.9,7892
10281.5,7890
10539.2,7889
10545.5,7887
10549.8,7886
10564.4,7885
10609,7884
10626.9,7882
10707.2,7880
10760.9,7879
10855.7,7878
11312.6,7877
11341.5,7875
12358.7,7874
12360.7,7873
12364.2,7872
12410.2,7871
12437.4,7870
12439.8,7869
12458.7,7868
12462.3,7867
12463.3,7866
12526.3,7865
12624.1,7864
13108.9,7863
13116.2,7861
13200,7860
13204.2,7859
13225,7858
13246.4,7857
13247.3,7856
13249.5,7854
13250.5,7853
13397,7852
13599.5,7851
13643.2,7850
13653,7849
13659.4,7848
13714.2,7847
13932.8,7846
13937.5,7845
13954.9,7844
13958.1,7843
13960.1,7841
14788.5,7840
14789.7,7839
14798.5,7838
14882.6,7837
14971.2,7836
15118.2,7835
15153.3,7834
15156.6,7833
15184.7,7832
15207.4,7831
15210.9,7830
15219.4,7829
15474.6,7828
15509,7827
15528.2,7826
15540.8,7825
15550.2,7824
18404.2,7823
18531.8,7822
18816.2,7820
18860.8,7819
18862.7,7818
18883.1,7817
18925.7,7816
18967.1,7815
18989.9,7812
18997.2,7811
19310.3,7810
19348.9,7809
25153.8,7807
25244.7,7806
25245.7,7805
26467.1,7803
26486.9,7802
26505.7,7801
26876,7800
26900.7,7798
26904.9,7796
27011.1,7795
27014.2,7794
27036.6,7791
27065.8,7790
27066.9,7788
27075.3,7787
27707.6,7785
27708.7,7784
27777.8,7783
27782.6,7782
27954.9,7779
28080.3,7778
28095.3,7777
29298.4,7776
30393.6,7775
30402.2,7774
30455.2,7773
30456.2,7772
30460.3,7771
30473.3,7770
30497.3,7769
30501.4,7768
30502.3,7767
30504.3,7766
30507.4,7765
31081.1,7762
31137,7761
31143.1,7760
31168.9,7759
31175.3,7758
31178.2,7757
31180.5,7756
31181.7,7755
31183.7,7754
31404,7753
31406.2,7752
31414.6,7750
31442.3,7749
31531.9,7747
31600.8,7746
31601.9,7745
31609,7744
31611.1,7743
31621.5,7741
31647.2,7739
31648.3,7738
31696.2,7737
31906,7736
31943.9,7735
31973.7,7733
31998.3,7732
32104.4,7731
68362.5,7729
68377.9,7726
68501.7,7725
71437.1,7724
71457.9,7723
71461.3,7722
71520.5,7721
71523.7,7720
71704.5,7718
71790.3,7717
71867.7,7716
71892.4,7714
71904.5,7713
71909.8,7712
71928.8,7711
72076,7709
72254,7707
72258.5,7706
72363.1,7705
72510.1,7704
