3.10274,14108
4.91597,14107
6.52759,14106
8.26061,14105
9.95433,14104
11.5233,14103
13.2654,14102
15.0672,14101
16.8045,14100
18.4208,14099
20.1233,14096
21.7148,14095
23.4726,14094
25.1624,14092
26.7618,14090
28.4609,14089
30.0834,14086
31.7471,14085
33.3812,14079
34.9348,14076
36.7004,14074
38.3556,14073
40.1509,14072
41.7482,14068
43.4556,14066
45.2575,14059
46.831,14057
48.5166,14055
50.2029,14050
52.1364,14048
53.86,14047
55.679,14044
57.4797,14041
59.3019,14039
61.0092,14037
62.5984,14033
64.3367,14031
65.9443,14029
67.7141,14028
69.4433,14024
71.1942,14023
72.8312,14021
74.4793,14017
76.4176,14016
78.0401,14015
79.8308,14014
81.4718,14012
83.2504,14003
84.9533,13998
86.7443,13995
88.3649,13994
90.226,13988
92.118,13986
93.8451,13983
95.7165,13982
97.3123,13978
99.0998,13976
100.701,13973
102.344,13969
104.075,13967
105.781,13965
107.61,13963
109.293,13961
111.517,13960
113.24,13957
115.192,13955
116.939,13950
118.796,13945
120.362,13942
122.034,13940
123.746,13934
125.329,13933
127.05,13932
128.728,13930
130.644,13927
132.236,13924
133.991,13922
135.942,13920
137.58,13917
139.221,13915
140.834,13912
142.494,13911
144.2,13904
145.889,13900
147.451,13897
149.11,13893
151.163,13891
152.933,13890
154.687,13886
156.352,13884
158.031,13883
159.617,13881
161.323,13880
163.008,13879
164.583,13877
166.3,13876
167.835,13875
169.54,13874
171.412,13873
173.195,13872
175.033,13868
176.771,13861
178.64,13860
180.162,13851
181.891,13849
183.49,13844
185.179,13842
186.753,13840
188.364,13839
190.071,13838
191.777,13828
193.52,13826
195.067,13825
196.721,13819
198.26,13818
199.859,13817
201.569,13815
203.126,13813
204.912,13810
206.511,13809
208.378,13806
210.352,13802
212.157,13801
213.881,13798
215.743,13795
217.389,13792
218.947,13789
220.777,13786
222.332,13785
224.113,13781
225.695,13780
227.245,13778
228.922,13773
230.584,13772
232.813,13763
234.596,13758
236.465,13757
238.138,13756
240.054,13753
241.761,13748
243.569,13747
245.255,13744
246.773,13737
248.558,13735
250.114,13733
251.989,13732
253.585,13731
255.26,13730
257.153,13729
258.735,13726
260.472,13725
262.223,13720
263.914,13716
265.513,13710
267.145,13707
268.783,13701
270.359,13700
272.187,13698
273.787,13695
275.565,13691
277.207,13690
278.889,13687
280.576,13685
282.238,13684
284.129,13679
285.857,13676
288.2,13674
290.253,13670
292.414,13668
294.264,13667
296.46,13664
298.339,13663
300.32,13662
302.004,13658
303.794,13655
305.403,13653
307.07,13652
308.906,13650
310.707,13648
312.887,13646
314.565,13645
316.621,13644
318.184,13638
319.917,13635
321.502,13633
323.202,13627
324.89,13621
326.42,13619
328.295,13617
330.104,13615
331.773,13613
333.485,13612
335.229,13611
336.826,13609
338.353,13605
340.126,13604
341.689,13601
343.382,13600
344.997,13598
346.644,13597
348.261,13594
349.812,13586
351.666,13585
353.562,13583
355.359,13575
357.115,13573
359.094,13570
360.748,13569
362.422,13568
364.127,13566
365.807,13564
367.61,13563
369.197,13560
370.929,13559
372.509,13558
374.294,13556
376.236,13551
377.972,13549
379.695,13547
381.296,13545
383.082,13543
384.852,13538
386.619,13534
388.195,13533
389.847,13532
391.732,13531
393.689,13529
395.621,13526
397.174,13523
398.921,13520
400.481,13516
402.085,13514
403.762,13513
405.373,13512
407.1,13511
408.642,13506
410.391,13504
412.008,13503
413.798,13500
415.674,13497
417.374,13490
419.45,13488
421.025,13484
422.774,13482
424.456,13481
426.567,13478
428.59,13477
430.561,13474
432.21,13472
434.079,13470
435.768,13468
437.393,13465
439.217,13464
440.81,13460
442.506,13458
444.477,13457
446.339,13456
447.921,13453
449.734,13450
451.406,13449
453.006,13448
454.698,13446
456.392,13443
458.144,13439
459.789,13435
461.51,13434
463.133,13430
464.869,13429
466.605,13428
468.186,13422
469.945,13421
471.668,13417
473.521,13414
475.31,13413
477.058,13412
478.867,13410
480.568,13406
482.29,13405
483.817,13404
485.647,13403
487.242,13400
488.95,13398
490.641,13397
492.232,13396
493.913,13393
495.533,13392
497.251,13390
499.027,13387
500.78,13383
502.486,13382
504.076,13377
505.96,13375
507.551,13372
509.464,13370
511.088,13369
512.814,13368
514.447,13367
516.06,13363
517.877,13361
519.428,13360
521.176,13356
522.701,13353
524.508,13352
526.229,13348
527.833,13345
529.609,13342
531.226,13341
533.302,13340
534.988,13337
536.949,13335
538.655,13333
540.659,13328
542.388,13324
544.079,13322
545.837,13318
547.434,13308
549.216,13306
550.778,13304
552.498,13303
554.036,13302
555.698,13301
557.312,13299
558.885,13296
560.624,13293
562.34,13292
564.017,13291
565.718,13287
567.451,13285
569.051,13284
570.619,13283
572.296,13282
573.845,13281
575.555,13278
577.226,13277
578.91,13276
580.597,13273
582.15,13272
583.903,13271
585.493,13270
587.348,13267
588.975,13264
590.612,13262
592.254,13259
593.947,13257
595.739,13256
597.493,13254
599.311,13248
601.032,13246
602.745,13245
604.34,13244
606.051,13243
607.809,13242
609.387,13239
611.062,13238
612.641,13235
614.265,13233
615.941,13231
617.476,13226
619.153,13219
620.703,13213
622.332,13212
623.923,13211
625.501,13209
627.362,13207
628.961,13205
630.665,13204
632.193,13201
633.838,13200
635.497,13198
637.224,13196
639.078,13193
640.895,13192
642.942,13190
644.57,13189
646.183,13188
647.961,13184
649.592,13183
651.321,13182
652.868,13181
654.905,13169
656.555,13168
658.908,13167
660.948,13165
663.251,13164
664.715,13161
667.536,13156
669.427,13155
671.699,13150
673.761,13148
675.942,13146
677.836,13142
679.503,13140
681.079,13139
683.032,13136
684.77,13135
686.613,13133
688.161,13131
689.86,13130
691.707,13129
693.758,13127
695.443,13126
696.986,13124
698.705,13122
700.275,13121
701.975,13119
703.517,13117
705.195,13113
706.85,13108
708.413,13107
710.138,13104
711.751,13101
713.711,13100
715.533,13098
717.292,13094
719.024,13093
720.705,13091
722.516,13089
724.151,13088
725.877,13087
727.388,13084
729.208,13080
730.972,13079
732.937,13076
734.92,13074
736.767,13070
738.731,13066
740.407,13065
742.344,13063
743.976,13061
745.632,13060
747.245,13058
748.922,13055
750.62,13054
752.132,13053
753.87,13051
755.459,13050
757.234,13048
759.426,13046
761.388,13045
763.079,13044
764.68,13040
766.301,13037
767.875,13033
769.688,13029
771.202,13027
772.812,13025
774.432,13024
776.139,13020
778.001,13017
779.877,13016
781.755,13014
783.518,13012
785.427,13011
787.082,13009
788.864,13008
790.562,13007
792.131,13003
793.908,13002
795.571,13000
797.323,12999
798.934,12995
800.652,12994
802.323,12993
804.049,12989
805.834,12987
807.471,12984
809.316,12983
810.944,12980
812.663,12979
814.259,12977
815.936,12972
817.62,12971
819.238,12969
821.124,12968
822.676,12967
824.48,12965
826.122,12963
827.662,12962
829.554,12960
831.181,12958
833.186,12957
834.751,12955
836.481,12954
838.219,12953
840.309,12949
842.331,12948
844.338,12946
846.028,12945
847.673,12937
849.788,12935
851.44,12932
853.233,12931
854.881,12930
856.612,12929
858.183,12928
859.951,12927
861.771,12926
863.52,12923
865.301,12921
866.927,12920
868.725,12916
870.497,12912
872.145,12911
873.846,12910
875.484,12909
877.156,12907
878.772,12906
880.592,12905
882.18,12903
883.863,12898
885.478,12895
887.023,12894
888.845,12891
890.579,12889
892.256,12888
893.861,12884
895.471,12882
897.136,12879
898.891,12876
900.782,12875
902.451,12872
904.296,12868
906.076,12866
907.799,12865
909.394,12864
911.138,12862
912.833,12860
914.406,12859
916.23,12855
917.773,12854
919.535,12852
921.181,12848
922.837,12844
924.505,12843
926.068,12842
927.788,12841
929.425,12838
931.195,12834
932.945,12833
934.981,12831
936.823,12830
938.459,12827
940.25,12826
942.067,12825
944.186,12824
945.794,12822
947.513,12821
949.079,12820
950.708,12818
952.421,12817
953.977,12815
955.696,12814
957.248,12813
959.246,12805
961.076,12804
962.977,12800
964.665,12798
966.493,12796
968.156,12795
969.719,12794
971.501,12792
973.081,12789
974.743,12788
976.566,12787
978.421,12786
980.08,12785
981.895,12783
983.83,12780
985.614,12777
987.437,12775
989.002,12772
990.936,12771
992.667,12770
994.471,12769
996.057,12768
997.629,12767
999.332,12765
1000.92,12764
1002.97,12762
1004.63,12761
1006.62,12759
1008.7,12756
1010.54,12754
1012.31,12753
1013.92,12751
1015.65,12750
1017.18,12745
1019.08,12744
1020.76,12741
1022.9,12738
1025.05,12734
1027.03,12733
1028.71,12732
1030.42,12731
1032.05,12729
1033.68,12725
1035.4,12724
1036.99,12722
1038.62,12719
1040.19,12717
1041.98,12713
1043.74,12712
1045.25,12710
1046.87,12708
1048.45,12705
1050.03,12703
1051.67,12701
1053.17,12697
1054.92,12694
1056.47,12693
1058.13,12692
1059.67,12690
1061.48,12688
1063.57,12687
1065.19,12683
1067.09,12682
1068.68,12681
1070.53,12680
1072.32,12679
1074.08,12677
1075.7,12673
1077.23,12672
1079.13,12671
1080.76,12670
1082.67,12664
1084.41,12661
1086.22,12660
1087.9,12655
1089.64,12653
1091.24,12652
1092.79,12651
1094.5,12650
1096.1,12648
1097.81,12647
1099.4,12644
1101.34,12643
1103.04,12640
1104.64,12638
1106.42,12636
1108.23,12635
1110.07,12633
1111.61,12629
1113.31,12627
1115.24,12626
1116.82,12625
1118.5,12624
1120.08,12623
1121.79,12621
1123.4,12620
1125.19,12619
1126.78,12618
1128.49,12616
1130.13,12615
1131.92,12610
1134.14,12606
1135.85,12605
1137.55,12602
1139.26,12599
1141.35,12598
1143.2,12597
1144.95,12594
1146.7,12592
1148.73,12590
1150.86,12589
1152.67,12588
1154.58,12585
1156.27,12584
1158.05,12582
1159.66,12580
1161.26,12578
1162.94,12577
1164.8,12576
1166.63,12574
1168.55,12573
1170.26,12571
1171.79,12570
1173.49,12568
1175.1,12566
1176.85,12563
1178.37,12562
1179.97,12561
1181.63,12559
1183.2,12557
1185.17,12555
1186.72,12548
1188.67,12547
1190.59,12540
1192.34,12539
1194.07,12538
1195.73,12537
1197.43,12536
1199.05,12534
1201.07,12531
1203.03,12530
1204.86,12529
1206.57,12528
1208.39,12526
1210.14,12524
1211.77,12523
1213.4,12522
1214.92,12521
1216.72,12520
1218.23,12519
1219.92,12518
1221.47,12517
1223.04,12515
1224.71,12513
1226.36,12512
1228.21,12511
1229.88,12505
1231.66,12500
1233.45,12497
1235.16,12496
1236.78,12493
1238.36,12492
1240.02,12491
1241.54,12490
1243.22,12489
1244.85,12487
1246.49,12486
1248.15,12485
1249.88,12483
1251.63,12478
1253.19,12477
1254.76,12475
1256.73,12474
1258.92,12472
1260.9,12470
1262.75,12468
1264.64,12467
1266.74,12466
1268.7,12463
1270.14,12462
1271.77,12458
1273.33,12457
1274.86,12455
1276.56,12454
1278.34,12453
1280.15,12452
1281.75,12451
1283.48,12448
1285.11,12447
1286.86,12443
1288.44,12442
1289.94,12441
1291.75,12440
1293.39,12439
1295.25,12437
1296.91,12436
1298.54,12432
1300.39,12431
1302.11,12430
1303.85,12429
1305.42,12423
1307.12,12419
1308.65,12418
1310.25,12415
1311.96,12413
1313.52,12411
1315.34,12409
1316.97,12408
1318.63,12407
1320.23,12406
1321.9,12404
1323.96,12401
1325.92,12400
1327.84,12398
1329.62,12397
1331.31,12395
1332.9,12394
1334.62,12393
1336.17,12392
1338.03,12391
1339.64,12389
1341.17,12388
1342.89,12385
1344.47,12384
1346.18,12383
1347.71,12380
1349.34,12379
1351.04,12377
1352.54,12376
1354.22,12374
1355.81,12372
1357.65,12371
1359.22,12366
1360.78,12365
1362.44,12360
1364,12358
1365.61,12356
1367.11,12355
1368.71,12354
1370.41,12352
1372.15,12350
1374.08,12349
1375.67,12342
1377.3,12341
1379.07,12340
1380.73,12339
1382.45,12336
1384.18,12335
1386.03,12334
1387.74,12332
1389.5,12330
1391.09,12329
1392.73,12328
1394.29,12327
1395.87,12326
1397.57,12325
1399.36,12322
1401.04,12321
1402.6,12320
1404.26,12319
1405.86,12318
1407.47,12316
1409.12,12315
1410.82,12312
1412.45,12311
1413.93,12309
1415.57,12308
1417.33,12307
1418.99,12302
1420.88,12300
1422.45,12299
1424.34,12294
1425.91,12290
1427.48,12289
1429.19,12288
1430.84,12287
1432.79,12286
1434.46,12285
1436.26,12282
1437.83,12280
1439.79,12279
1441.72,12278
1443.71,12272
1445.45,12269
1447.13,12266
1448.98,12265
1450.55,12262
1452.23,12259
1453.74,12258
1455.41,12257
1457,12256
1458.52,12254
1460.48,12252
1462.04,12251
1463.84,12250
1465.43,12248
1467.11,12247
1468.83,12246
1470.58,12245
1472.21,12243
1473.73,12242
1475.44,12241
1476.97,12238
1478.68,12237
1480.52,12236
1482.19,12235
1483.9,12232
1485.46,12230
1487.1,12227
1488.71,12226
1490.36,12223
1492.01,12222
1493.57,12221
1495.24,12220
1496.85,12219
1498.45,12218
1500.25,12216
1501.97,12214
1503.76,12213
1505.44,12210
1507.24,12204
1508.95,12203
1510.65,12202
1512.16,12201
1513.69,12200
1515.33,12199
1516.9,12195
1518.56,12194
1520.25,12193
1521.9,12190
1523.53,12188
1525.04,12187
1526.7,12186
1528.25,12185
1529.93,12183
1531.47,12176
1532.97,12173
1534.68,12172
1536.17,12171
1537.88,12170
1539.39,12169
1541.16,12167
1542.74,12163
1544.31,12162
1545.96,12160
1547.46,12159
1549.06,12158
1550.72,12157
1552.31,12155
1553.99,12152
1555.55,12151
1557.2,12150
1558.87,12149
1560.74,12148
1562.63,12147
1564.27,12146
1566.15,12143
1567.81,12140
1569.62,12137
1571.29,12136
1572.97,12132
1574.47,12131
1576.06,12130
1577.82,12129
1579.58,12128
1581.49,12126
1583.03,12125
1584.87,12124
1586.54,12122
1588.18,12121
1589.75,12120
1591.32,12117
1593.24,12116
1594.91,12115
1596.59,12113
1598.15,12110
1599.71,12109
1601.5,12108
1603.01,12106
1604.68,12105
1606.21,12104
1607.78,12103
1609.35,12102
1610.96,12099
1612.65,12098
1614.19,12096
1615.93,12093
1617.48,12090
1619.03,12089
1620.65,12088
1622.48,12087
1624.35,12086
1626.02,12085
1627.84,12081
1629.57,12080
1631.14,12079
1632.73,12078
1634.24,12077
1635.91,12076
1637.42,12072
1639.04,12071
1640.62,12070
1642.36,12069
1644.12,12067
1645.65,12062
1647.35,12061
1648.93,12059
1650.53,12058
1652.18,12057
1653.7,12056
1655.41,12053
1656.96,12049
1658.62,12048
1660.18,12040
1662.03,12038
1663.66,12037
1665.17,12036
1666.82,12035
1668.33,12033
1670.02,12031
1671.53,12030
1673.15,12028
1674.86,12027
1676.4,12026
1678.16,12024
1679.69,12023
1681.36,12022
1683.1,12021
1684.78,12020
1686.69,12019
1688.4,12016
1690.31,12015
1691.81,12011
1693.42,12009
1694.99,12007
1696.56,12005
1698.19,12004
1699.78,12002
1701.46,12000
1703.04,11999
1704.67,11998
1706.34,11996
1707.9,11994
1710,11993
1712.22,11991
1714.09,11990
1715.73,11989
1717.32,11988
1718.89,11986
1720.62,11984
1722.31,11983
1724.24,11982
1725.86,11981
1727.61,11980
1729.61,11978
1731.3,11977
1733.49,11976
1735.06,11975
1736.73,11972
1738.3,11969
1740.03,11968
1741.72,11966
1743.58,11965
1745.43,11962
1747.11,11959
1749.02,11958
1750.68,11955
1752.32,11954
1754.05,11952
1755.63,11951
1757.31,11950
1758.83,11949
1760.54,11948
1762.14,11947
1763.93,11943
1765.58,11942
1767.19,11941
1768.85,11939
1770.42,11938
1772.01,11936
1773.73,11934
1775.23,11933
1776.94,11932
1778.51,11931
1780.1,11929
1781.62,11928
1783.15,11927
1784.91,11926
1786.44,11925
1788.16,11923
1789.68,11922
1791.26,11921
1792.9,11918
1794.61,11915
1796.29,11913
1797.82,11912
1799.45,11911
1801.04,11910
1802.74,11908
1804.61,11906
1806.24,11901
1808.01,11900
1809.73,11899
1811.48,11898
1813.09,11894
1814.73,11893
1816.47,11892
1818.03,11890
1819.67,11888
1821.28,11886
1822.9,11885
1824.51,11884
1826.04,11882
1828.01,11881
1829.7,11879
1831.39,11878
1833.03,11877
1834.84,11876
1836.46,11875
1837.95,11874
1839.65,11873
1841.33,11872
1843.02,11870
1844.66,11869
1846.2,11868
1847.89,11865
1849.45,11864
1851.2,11863
1852.82,11862
1854.63,11861
1856.16,11858
1857.84,11855
1859.65,11854
1861.2,11850
1863.01,11847
1864.8,11846
1866.72,11844
1868.41,11841
1870.21,11840
1871.87,11839
1873.44,11837
1875.4,11832
1877.49,11830
1879.58,11829
1881.24,11827
1883.07,11824
1884.99,11823
1887.07,11821
1888.76,11820
1890.55,11819
1892.18,11818
1894.17,11817
1895.95,11814
1897.7,11813
1899.82,11811
1901.33,11810
1903.06,11808
1904.8,11806
1906.91,11805
1908.67,11804
1910.54,11803
1912.3,11802
1914.08,11800
1915.75,11798
1917.43,11797
1919.02,11796
1920.84,11795
1922.42,11794
1924.49,11793
1926.52,11792
1928.27,11791
1930.13,11790
1931.82,11789
1933.57,11788
1935.12,11787
1936.82,11786
1938.38,11785
1940.04,11782
1941.77,11781
1943.46,11780
1945.2,11779
1946.89,11778
1948.73,11777
1950.25,11776
1951.76,11774
1953.6,11773
1955.34,11770
1957.02,11769
1958.54,11768
1960.18,11767
1962,11766
1963.51,11765
1965.33,11763
1966.96,11762
1968.7,11757
1970.27,11755
1971.83,11753
1973.5,11750
1975.12,11749
1976.83,11748
1978.49,11747
1980.15,11745
1981.82,11744
1983.54,11743
1985.34,11741
1986.99,11740
1988.83,11739
1990.55,11738
1992.46,11737
1994.08,11736
1995.86,11733
1997.52,11732
1999.04,11730
2000.82,11727
2002.48,11726
2004.19,11725
2005.79,11723
2007.52,11721
2009.16,11720
2010.87,11718
2012.55,11716
2014.18,11714
2016.03,11713
2017.6,11712
2019.24,11711
2020.9,11710
2022.6,11708
2024.35,11704
2025.87,11702
2027.55,11700
2029.08,11699
2030.64,11698
2032.43,11697
2034.23,11696
2035.94,11694
2037.56,11690
2039.31,11687
2041.04,11686
2043.02,11683
2044.79,11682
2046.65,11681
2048.45,11680
2050.09,11679
2052.07,11677
2053.63,11676
2055.29,11675
2056.91,11673
2058.49,11666
2060.34,11662
2061.86,11660
2063.89,11659
2065.45,11657
2067.22,11656
2068.91,11655
2070.52,11654
2072.21,11653
2073.77,11651
2075.44,11650
2076.99,11649
2078.62,11647
2080.3,11646
2081.82,11645
2083.7,11644
2085.24,11643
2086.82,11642
2088.52,11641
2090.02,11640
2091.71,11639
2093.31,11636
2095.06,11635
2096.75,11633
2098.42,11631
2100.08,11628
2101.61,11627
2103.43,11625
2105.05,11624
2106.88,11623
2108.6,11620
2110.39,11619
2112.12,11618
2113.65,11617
2115.31,11616
2116.85,11615
2118.45,11613
2119.95,11612
2121.45,11611
2123.31,11609
2124.79,11607
2126.37,11606
2127.9,11605
2129.51,11604
2131.17,11599
2132.67,11598
2134.36,11597
2135.88,11596
2137.42,11595
2139.09,11594
2140.6,11593
2142.24,11592
2143.76,11591
2145.32,11589
2146.94,11587
2148.65,11584
2150.37,11582
2151.92,11581
2153.52,11580
2155.11,11578
2156.59,11577
2158.3,11576
2160.11,11571
2161.87,11570
2163.46,11568
2165.2,11566
2167.11,11565
2169.02,11564
2170.85,11563
2172.61,11562
2174.31,11561
2175.78,11560
2177.41,11559
2179.41,11558
2181.08,11557
2182.71,11555
2184.34,11554
2186.13,11553
2187.66,11551
2189.48,11549
2191.16,11548
2192.9,11547
2194.73,11546
2196.57,11545
2198.41,11542
2199.9,11541
2201.55,11539
2203.02,11535
2204.6,11533
2206.26,11531
2207.81,11530
2209.42,11529
2210.99,11528
2212.57,11527
2214.38,11526
2215.95,11525
2217.66,11524
2219.23,11523
2220.91,11521
2222.41,11519
2224.02,11516
2225.79,11514
2227.45,11513
2229.34,11512
2230.98,11511
2232.83,11510
2234.59,11508
2236.16,11507
2237.79,11506
2239.31,11505
2240.97,11503
2242.51,11501
2244.29,11500
2245.85,11499
2247.37,11498
2249.09,11496
2250.66,11494
2252.33,11492
2253.87,11490
2255.62,11489
2257.23,11488
2258.86,11486
2260.53,11483
2262.1,11481
2263.87,11480
2265.43,11479
2266.97,11478
2268.72,11476
2270.26,11475
2272.01,11472
2273.59,11465
2275.16,11463
2276.85,11460
2278.49,11459
2280.34,11458
2281.86,11456
2283.44,11455
2285.13,11454
2286.88,11453
2288.72,11452
2290.47,11448
2292.31,11447
2294.02,11444
2295.78,11441
2297.33,11440
2298.88,11438
2300.62,11436
2302.08,11435
2303.72,11434
2305.22,11433
2307.12,11431
2308.7,11430
2310.31,11429
2312.04,11428
2313.52,11426
2315.16,11425
2316.72,11424
2318.22,11422
2319.84,11421
2321.6,11420
2323.31,11418
2324.85,11417
2326.45,11416
2327.99,11415
2329.46,11413
2331.13,11411
2332.87,11409
2334.6,11408
2336.14,11407
2337.65,11406
2339.29,11405
2340.92,11403
2342.84,11402
2344.4,11401
2346.26,11400
2347.96,11397
2349.61,11396
2351.44,11393
2353.13,11391
2355.01,11390
2356.54,11389
2358.06,11388
2359.64,11387
2361.19,11385
2363,11384
2364.63,11381
2366.34,11379
2367.94,11378
2369.58,11376
2371.32,11375
2372.95,11374
2374.61,11373
2376.11,11371
2377.77,11370
2379.38,11369
2381.03,11367
2382.67,11366
2384.2,11364
2385.85,11362
2387.41,11361
2389.16,11360
2390.76,11359
2392.53,11358
2394.11,11356
2395.63,11353
2397.38,11351
2398.87,11350
2400.56,11349
2402.36,11347
2404.02,11346
2405.89,11344
2407.69,11342
2409.58,11341
2411.38,11340
2413.2,11339
2414.83,11338
2416.39,11337
2417.92,11334
2419.64,11332
2421.5,11331
2423.16,11330
2424.77,11328
2426.43,11326
2428.01,11325
2429.73,11324
2431.26,11323
2433.15,11322
2434.84,11321
2436.58,11320
2438.46,11319
2440.33,11318
2442.18,11317
2443.71,11316
2445.39,11313
2446.86,11312
2448.41,11311
2449.94,11310
2451.41,11309
2453.17,11308
2454.71,11305
2456.37,11304
2458.15,11303
2460.16,11302
2461.82,11299
2463.5,11296
2465.32,11294
2467.1,11293
2468.89,11292
2470.67,11291
2472.82,11290
2474.64,11288
2476.51,11285
2478.39,11284
2480.37,11282
2481.89,11280
2483.68,11279
2485.53,11278
2487.23,11276
2488.85,11275
2490.34,11274
2492.14,11273
2494.01,11270
2496.24,11267
2497.95,11265
2499.55,11262
2501.22,11261
2502.84,11260
2504.6,11259
2506.2,11258
2507.94,11257
2509.5,11256
2511.07,11255
2512.85,11254
2514.41,11253
2516.18,11252
2517.68,11250
2519.42,11249
2521.01,11248
2522.46,11246
2524.2,11245
2525.71,11244
2527.44,11243
2529.26,11241
2530.98,11240
2532.93,11239
2534.81,11238
2536.71,11236
2538.35,11235
2540.18,11232
2541.65,11230
2543.31,11229
2544.9,11228
2546.49,11227
2548.19,11226
2549.7,11225
2551.18,11224
2552.81,11222
2554.33,11221
2555.97,11219
2557.5,11218
2559.07,11217
2560.98,11214
2562.72,11213
2564.44,11212
2565.95,11209
2567.57,11208
2569.07,11207
2570.57,11205
2572.21,11204
2573.69,11202
2575.41,11201
2576.94,11200
2578.52,11199
2580.41,11198
2581.9,11197
2583.57,11196
2585.1,11195
2587.08,11194
2588.82,11192
2590.63,11191
2592.41,11190
2594.07,11189
2595.86,11187
2597.46,11186
2599.06,11185
2600.67,11182
2602.13,11180
2603.78,11179
2605.4,11178
2607.14,11177
2609.5,11175
2611.57,11173
2613.17,11172
2615.01,11170
2616.66,11168
2618.27,11167
2619.96,11166
2621.44,11165
2623.17,11163
2624.72,11161
2626.5,11158
2627.94,11157
2629.41,11151
2631.03,11150
2632.67,11148
2634.88,11145
2636.4,11144
2638.01,11143
2639.76,11142
2641.6,11141
2643.45,11140
2645,11139
2646.62,11138
2648.21,11137
2650.03,11135
2651.88,11134
2653.66,11132
2655.49,11130
2657.18,11128
2658.85,11124
2660.4,11123
2662.02,11122
2663.66,11119
2665.35,11118
2666.96,11116
2668.53,11114
2670.23,11112
2671.87,11111
2673.48,11110
2674.98,11109
2676.7,11108
2678.76,11107
2680.46,11103
2682.42,11102
2684.06,11101
2685.86,11099
2687.35,11098
2688.98,11097
2690.65,11093
2692.32,11092
2694,11091
2695.52,11090
2697.21,11089
2698.73,11088
2700.3,11087
2701.9,11085
2703.38,11083
2705.06,11081
2706.72,11079
2708.33,11078
2710.19,11074
2711.98,11073
2713.78,11072
2715.57,11071
2717.38,11070
2718.87,11069
2720.34,11068
2721.91,11067
2723.44,11066
2725.04,11065
2726.6,11064
2728.17,11061
2729.88,11060
2731.33,11059
2733.07,11058
2734.55,11057
2736.07,11056
2737.7,11055
2739.21,11054
2740.84,11053
2742.32,11052
2743.82,11051
2745.7,11050
2747.32,11048
2748.95,11047
2750.41,11046
2752.16,11043
2753.66,11041
2755.12,11039
2756.72,11038
2758.3,11037
2759.98,11036
2761.57,11035
2763.08,11034
2764.7,11033
2766.3,11032
2767.92,11031
2769.64,11030
2771.38,11028
2773.32,11027
2774.96,11026
2776.89,11025
2778.8,11023
2780.63,11022
2782.27,11021
2784.07,11019
2785.81,11017
2787.74,11016
2789.31,11015
2790.94,11014
2792.85,11013
2794.52,11012
2796.34,11011
2797.89,11010
2799.44,11009
2801.14,11008
2802.95,11007
2804.73,11006
2806.25,11004
2807.92,11001
2809.42,10998
2811,10997
2812.7,10995
2814.22,10994
2815.95,10993
2817.44,10992
2819.03,10991
2820.58,10990
2822.04,10988
2823.75,10987
2825.27,10986
2826.92,10985
2828.62,10984
2830.37,10983
2832.16,10982
2834.03,10981
2835.82,10980
2837.51,10979
2839.11,10978
2840.65,10977
2842.17,10976
2843.97,10974
2845.45,10973
2847.06,10972
2848.64,10970
2850.19,10969
2851.78,10966
2853.45,10965
2855.07,10963
2856.6,10962
2858.24,10960
2859.82,10959
2861.31,10957
2863.05,10956
2864.62,10955
2866.31,10953
2867.78,10951
2869.44,10950
2870.96,10949
2872.53,10947
2874.31,10946
2875.86,10945
2877.42,10944
2879.04,10943
2880.54,10941
2882.16,10940
2883.63,10939
2885.24,10937
2886.82,10936
2888.39,10935
2890.31,10934
2891.95,10932
2893.91,10931
2895.61,10930
2897.47,10929
2899.05,10928
2900.56,10927
2902.16,10926
2903.65,10923
2905.2,10922
2906.82,10921
2908.3,10920
2909.94,10919
2911.53,10918
2913.11,10917
2914.63,10916
2916.13,10915
2917.75,10914
2919.51,10913
2921.2,10912
2922.79,10910
2924.64,10909
2926.17,10908
2927.72,10906
2929.33,10905
2930.82,10904
2932.6,10901
2934.36,10900
2935.96,10897
2937.83,10895
2939.51,10892
2941.39,10891
2943,10889
2944.62,10888
2946.12,10886
2947.61,10885
2949.31,10884
2951.06,10883
2952.81,10880
2954.5,10879
2956.3,10878
2957.92,10877
2959.63,10874
2961.23,10873
2962.7,10872
2964.58,10871
2966.05,10870
2967.67,10869
2969.23,10868
2970.79,10867
2972.39,10866
2973.86,10865
2975.35,10864
2976.89,10863
2978.36,10862
2980.12,10861
2981.58,10859
2983.05,10858
2984.9,10857
2986.37,10855
2987.97,10854
2989.53,10852
2991.09,10851
2992.61,10847
2994.06,10845
2995.63,10844
2997.14,10843
2998.62,10842
3000.22,10841
3001.71,10840
3003.3,10839
3004.75,10838
3006.44,10837
3007.98,10836
3009.58,10834
3011.4,10833
3013,10832
3014.72,10831
3016.38,10830
3018.06,10829
3019.68,10828
3021.08,10827
3022.71,10826
3024.17,10823
3025.76,10821
3027.36,10820
3028.83,10819
3030.41,10818
3031.88,10817
3033.34,10816
3034.92,10815
3036.37,10814
3037.96,10813
3039.5,10812
3040.97,10809
3042.58,10808
3044.04,10806
3045.82,10804
3047.34,10803
3048.79,10802
3050.44,10801
3051.95,10800
3053.49,10799
3055,10798
3056.55,10797
3058.23,10796
3059.85,10794
3061.49,10793
3063.04,10792
3064.55,10791
3066.37,10790
3067.88,10789
3069.46,10788
3071.18,10787
3072.96,10786
3074.61,10784
3076.22,10783
3078.12,10782
3079.84,10781
3081.38,10780
3082.82,10779
3084.57,10778
3086.22,10776
3088,10775
3089.48,10773
3090.98,10772
3092.72,10771
3094.15,10769
3095.84,10768
3097.42,10767
3098.9,10766
3100.54,10765
3102.13,10764
3103.81,10763
3105.31,10762
3107.01,10761
3108.61,10759
3110.12,10758
3111.75,10757
3113.21,10756
3114.72,10755
3116.36,10754
3117.86,10753
3119.48,10751
3120.93,10750
3122.42,10749
3124.03,10748
3125.53,10747
3127.11,10746
3128.59,10744
3130.12,10742
3132.07,10741
3133.68,10740
3135.48,10738
3137.16,10737
3138.99,10736
3140.46,10733
3141.96,10731
3143.62,10730
3145.06,10729
3146.66,10728
3148.13,10727
3149.68,10726
3151.2,10725
3152.87,10724
3154.52,10723
3155.96,10722
3157.55,10721
3159.06,10720
3160.55,10719
3162.28,10718
3163.86,10717
3165.79,10716
3167.39,10714
3168.86,10713
3170.55,10712
3171.99,10711
3173.73,10710
3175.2,10709
3176.67,10708
3178.3,10707
3179.75,10706
3181.32,10705
3182.8,10704
3184.25,10703
3185.86,10702
3187.29,10701
3188.88,10700
3190.41,10698
3192.17,10697
3194.06,10695
3195.7,10692
3197.5,10691
3199.15,10690
3200.84,10688
3202.33,10687
3203.78,10686
3205.37,10685
3206.83,10683
3208.37,10682
3209.85,10681
3211.38,10680
3213.19,10675
3214.63,10674
3216.19,10673
3217.75,10672
3219.19,10671
3220.84,10670
3222.4,10669
3223.99,10668
3225.55,10667
3227.01,10666
3228.68,10665
3230.16,10664
3231.82,10663
3233.71,10661
3235.35,10660
3236.88,10659
3238.34,10656
3239.94,10655
3241.59,10653
3243.34,10652
3244.88,10651
3246.47,10650
3248.16,10649
3249.68,10647
3251.39,10646
3253.09,10645
3254.95,10643
3256.62,10642
3258.25,10641
3260.14,10639
3261.73,10638
3263.53,10637
3265.12,10636
3266.63,10635
3268.42,10634
3269.95,10633
3271.65,10632
3273.12,10631
3274.85,10630
3276.42,10629
3277.89,10626
3279.59,10625
3281.09,10624
3282.81,10622
3284.54,10621
3286.21,10620
3288.09,10619
3289.58,10618
3291.32,10617
3292.83,10616
3294.4,10615
3296.03,10614
3297.55,10613
3299.19,10612
3300.74,10611
3302.27,10610
3303.87,10609
3305.32,10608
3306.9,10607
3308.4,10606
3309.89,10605
3311.48,10604
3313.08,10603
3314.83,10601
3316.65,10600
3318.42,10598
3320.14,10597
3321.67,10595
3323.32,10594
3324.79,10593
3326.4,10592
3327.88,10591
3329.4,10590
3331,10589
3332.47,10588
3334.04,10587
3335.68,10586
3337.15,10585
3338.76,10584
3340.21,10583
3341.75,10582
3343.23,10581
3344.8,10580
3346.44,10579
3347.88,10578
3349.47,10577
3351.01,10576
3352.58,10575
3354.17,10574
3355.6,10573
3357.48,10572
3359.4,10571
3361.71,10570
3363.56,10569
3365.16,10568
3366.8,10567
3368.36,10566
3369.98,10565
3371.47,10563
3373.16,10561
3374.84,10560
3376.75,10559
3378.64,10558
3380.52,10557
3382.16,10556
3383.67,10553
3385.37,10552
3387.06,10550
3388.67,10549
3390.15,10548
3391.79,10547
3393.4,10546
3394.93,10544
3397.05,10542
3398.64,10541
3400.53,10540
3402.28,10539
3403.83,10538
3405.56,10537
3407.16,10536
3408.87,10534
3410.4,10533
3411.92,10532
3413.53,10531
3415.01,10530
3416.59,10529
3418.29,10528
3419.75,10526
3421.34,10523
3422.8,10522
3424.41,10521
3425.92,10519
3427.53,10518
3429.43,10517
3430.91,10516
3432.48,10515
3434.22,10514
3436.33,10513
3438.53,10512
3440.47,10510
3442.23,10509
3443.8,10508
3445.48,10507
3446.97,10506
3448.79,10504
3450.47,10503
3451.96,10497
3453.8,10496
3455.36,10495
3457.11,10494
3458.83,10493
3460.51,10492
3461.97,10491
3463.65,10490
3465.4,10489
3466.96,10488
3468.78,10487
3470.44,10485
3472.06,10484
3473.67,10483
3475.34,10482
3476.96,10481
3478.75,10480
3480.51,10479
3482.13,10478
3483.87,10477
3485.47,10476
3487.05,10475
3488.67,10474
3490.26,10473
3492.07,10472
3493.77,10471
3495.54,10470
3497.28,10469
3499.26,10468
3501.11,10467
3502.85,10466
3504.58,10465
3506.13,10464
3507.78,10463
3509.26,10462
3510.93,10461
3512.59,10460
3514.15,10459
3515.8,10458
3517.39,10457
3519.11,10456
3520.67,10455
3522.23,10454
3523.93,10452
3525.49,10451
3527.2,10450
3528.73,10449
3530.3,10448
3531.99,10447
3533.84,10446
3535.59,10445
3537.03,10444
3538.58,10443
3540.07,10442
3541.68,10441
3543.55,10440
3545.04,10439
3546.69,10438
3548.13,10437
3549.68,10436
3551.26,10433
3552.71,10432
3554.44,10430
3556.1,10429
3557.9,10428
3559.55,10427
3561.33,10426
3562.95,10425
3564.79,10423
3566.41,10422
3567.94,10421
3569.55,10420
3571.04,10419
3572.51,10418
3574.1,10416
3575.59,10415
3577.14,10414
3578.7,10413
3580.16,10412
3581.76,10411
3583.26,10410
3585.05,10409
3586.62,10407
3588.1,10406
3589.81,10405
3591.34,10404
3592.94,10403
3594.45,10402
3595.89,10400
3597.55,10399
3599,10398
3600.61,10396
3602.09,10395
3603.54,10394
3605.16,10393
3606.61,10392
3608.17,10390
3609.9,10389
3611.33,10388
3612.9,10387
3614.47,10386
3616.17,10385
3617.94,10384
3619.59,10383
3621.38,10382
3622.94,10381
3624.64,10380
3626.1,10377
3627.64,10375
3629.22,10374
3630.8,10373
3632.4,10372
3633.84,10371
3635.38,10370
3636.92,10369
3638.42,10368
3640,10367
3641.47,10366
3642.98,10365
3644.57,10364
3645.99,10363
3647.65,10362
3649.14,10361
3651.08,10360
3652.75,10359
3654.2,10358
3655.81,10357
3657.33,10356
3658.92,10355
3660.59,10354
3662.13,10353
3663.76,10352
3665.22,10351
3666.9,10350
3668.41,10349
3669.84,10348
3671.47,10347
3672.93,10346
3674.55,10345
3676.34,10344
3678.14,10343
3680.13,10342
3681.82,10341
3683.62,10340
3685.23,10339
3687.02,10338
3688.61,10337
3690.04,10336
3691.81,10335
3693.26,10334
3694.85,10333
3696.6,10332
3698.2,10331
3699.72,10329
3701.22,10327
3703.01,10326
3704.47,10325
3706.01,10324
3707.56,10323
3709.1,10322
3710.79,10321
3712.26,10320
3713.79,10319
3715.42,10318
3717.08,10317
3718.82,10316
3720.33,10315
3721.92,10314
3723.45,10313
3724.99,10312
3726.71,10311
3728.18,10310
3729.81,10309
3731.53,10308
3733.32,10306
3735.07,10305
3736.83,10304
3738.85,10303
3740.76,10302
3742.91,10301
3744.67,10300
3746.47,10299
3748.19,10298
3749.98,10297
3751.54,10296
3753.2,10295
3754.73,10294
3756.25,10293
3758,10291
3759.59,10290
3761.3,10289
3763.1,10288
3764.78,10287
3766.28,10286
3767.72,10285
3769.39,10284
3770.87,10283
3772.43,10282
3773.92,10281
3775.4,10280
3776.98,10279
3778.45,10278
3780.02,10277
3781.52,10276
3783.05,10275
3784.65,10274
3786.15,10273
3787.69,10272
3789.19,10271
3790.72,10270
3792.36,10269
3793.78,10268
3795.37,10267
3797.04,10266
3798.65,10265
3800.5,10264
3802.11,10263
3803.98,10262
3805.43,10261
3806.92,10260
3808.51,10259
3809.94,10258
3811.55,10257
3813.06,10256
3814.51,10255
3816.14,10254
3817.61,10253
3819.11,10252
3820.66,10251
3822.2,10250
3824,10249
3826.99,10248
3828.5,10247
3829.99,10246
3831.64,10245
3833.23,10244
3834.95,10243
3836.43,10242
3837.86,10241
3839.44,10240
3840.95,10239
3842.65,10238
3844.42,10237
3845.89,10236
3847.48,10235
3848.9,10234
3850.49,10233
3852.02,10231
3853.43,10230
3855.08,10229
3856.66,10228
3858.35,10227
3860,10226
3861.67,10225
3863.48,10224
3865.45,10223
3866.97,10222
3868.7,10221
3870.38,10220
3872.21,10219
3873.75,10218
3875.42,10217
3877.04,10216
3878.8,10215
3880.47,10213
3881.97,10212
3883.69,10211
3885.21,10210
3886.8,10209
3888.61,10208
3890.6,10207
3892.52,10206
3894.16,10205
3895.8,10204
3897.3,10203
3898.88,10202
3900.45,10201
3901.88,10200
3903.41,10199
3904.88,10198
3906.47,10197
3907.92,10195
3909.5,10194
3911.2,10193
3912.64,10192
3914.22,10191
3915.72,10190
3917.42,10189
3919.09,10188
3920.65,10187
3922.49,10186
3924.12,10184
3925.8,10183
3927.36,10182
3928.81,10181
3930.46,10180
3931.91,10179
3933.41,10178
3934.95,10177
3936.55,10176
3938.17,10175
3939.6,10173
3941.04,10171
3942.6,10169
3944.07,10168
3945.7,10167
3947.19,10166
3948.65,10165
3950.21,10164
3951.71,10163
3953.35,10162
3954.81,10161
3956.41,10160
3958.08,10159
3959.57,10158
3961.19,10157
3962.64,10155
3964.14,10154
3965.74,10153
3967.28,10152
3968.85,10150
3970.32,10147
3980.54,10144
3984.32,10143
3992.59,10141
3994.03,10139
3996.9,10137
4000.14,10136
4001.9,10135
4003.54,10134
4005.02,10133
4006.67,10132
4008.11,10129
4009.66,10128
4011.15,10127
4012.66,10123
4015.72,10121
4017.32,10118
4018.87,10117
4025.34,10116
4026.92,10115
4028.36,10114
4030.01,10113
4031.77,10112
4033.75,10111
4035.4,10110
4037.22,10109
4038.96,10108
4040.7,10107
4042.54,10106
4044.42,10105
4046.37,10104
4048.1,10103
4049.97,10102
4051.63,10101
4053.32,10100
4054.83,10099
4056.33,10098
4057.93,10097
4059.4,10096
4060.94,10094
4062.48,10093
4063.98,10092
4065.7,10091
4067.13,10090
4068.75,10089
4070.38,10088
4071.82,10087
4073.5,10086
4074.97,10085
4076.56,10084
4078.06,10083
4079.53,10082
4081.17,10081
4082.64,10080
4084.14,10079
4085.7,10078
4087.2,10077
4088.83,10076
4090.52,10075
4092.15,10074
4093.74,10073
4095.18,10072
4096.81,10071
4098.4,10070
4100.12,10069
4101.74,10068
4103.32,10067
4105.1,10066
4106.7,10065
4108.27,10064
4109.84,10063
4111.5,10062
4113.04,10061
4114.5,10060
4116.13,10059
4117.65,10057
4119.19,10056
4120.69,10055
4122.18,10054
4123.85,10053
4125.39,10052
4126.94,10051
4128.43,10049
4129.87,10048
4131.66,10047
4133.27,10046
4135.06,10045
4136.67,10044
4138.18,10042
4139.76,10041
4141.32,10040
4143,10039
4144.56,10038
4146,10037
4147.58,10036
4149,10035
4150.76,10034
4152.28,10033
4153.69,10032
4155.36,10031
4156.78,10030
4158.3,10029
4159.87,10028
4161.49,10027
4163.23,10026
4165.04,10025
4166.75,10024
4168.36,10023
4169.85,10022
4171.6,10021
4173.05,10020
4174.61,10018
4176.08,10017
4177.51,10016
4179.01,10015
4180.46,10014
4182.05,10013
4183.58,10012
4185.13,10011
4186.67,10009
4189.74,10008
4191.37,10006
4192.87,10005
4194.39,10003
4195.85,10001
4197.51,10000
4200.44,9999
4201.99,9997
4204.98,9994
4207.82,9993
4209.48,9990
4210.92,9989
4214.01,9988
4218.65,9981
4226.72,9980
4231.44,9978
4237.6,9976
4242.07,9975
4245.3,9974
4246.77,9973
4248.3,9972
4249.92,9970
4255.24,9969
4258.68,9968
4262.18,9966
4265.82,9965
4267.65,9964
4269.23,9962
4272.43,9960
4273.88,9958
4276.88,9957
4278.66,9956
4280.34,9953
4282.09,9950
4287.89,9949
4297.29,9947
4299.15,9946
4305.42,9945
4307.04,9944
4308.49,9943
4310.01,9942
4311.59,9941
4313.05,9940
4314.68,9939
4316.21,9938
4317.92,9937
4319.56,9936
4321.05,9935
4324.32,9934
4325.95,9933
4327.49,9931
4328.94,9930
4330.64,9926
4332.14,9924
4333.76,9923
4345.16,9922
4350.4,9921
4351.88,9920
4353.52,9918
4355.04,9917
4356.51,9916
4359.61,9915
4361.09,9912
4364.2,9911
4365.88,9910
4370.55,9909
4371.98,9908
4373.55,9907
4376.54,9903
4384.68,9901
4386.35,9900
4387.86,9899
4391.22,9898
4394.28,9897
4395.79,9896
4397.45,9895
4398.91,9893
4403.85,9891
4409.07,9889
4412.52,9888
4418.61,9887
4420.23,9886
4423.31,9882
4430.21,9881
4431.91,9880
4435.19,9878
4436.71,9877
4438.18,9876
4439.85,9875
4441.5,9874
4443.21,9873
4444.84,9872
4446.32,9871
4447.92,9870
4449.4,9869
4451.04,9868
4452.58,9867
4454.05,9866
4455.87,9865
4458.84,9864
4460.46,9863
4462.05,9862
4467.46,9861
4469.13,9860
4470.92,9859
4472.52,9858
4474.03,9857
4475.82,9856
4477.29,9854
4478.87,9853
4480.55,9849
4482.02,9846
4485.21,9842
4488.28,9841
4489.74,9840
4491.39,9839
4492.84,9838
4494.44,9837
4496.11,9835
4497.62,9833
4500.86,9832
4502.47,9831
4503.92,9829
4507.11,9828
4510.33,9827
4511.8,9826
4513.33,9825
4518.15,9824
4519.61,9823
4521.33,9822
4523.01,9821
4524.69,9820
4526.71,9819
4528.69,9818
4530.94,9817
4532.66,9816
4534.43,9815
4535.93,9814
4537.75,9813
4539.34,9812
4540.88,9811
4544.12,9809
4545.9,9808
4547.45,9807
4550.54,9806
4553.71,9805
4555.18,9804
4556.98,9802
4569.53,9800
4572.68,9798
4577.45,9797
4582.78,9796
4584.82,9795
4586.53,9792
4592.14,9791
4593.79,9790
4595.36,9789
4597.04,9787
4607.29,9786
4609.11,9785
4611.1,9784
4612.78,9783
4614.23,9782
4615.84,9781
4617.35,9780
4618.88,9779
4620.56,9778
4622.19,9777
4623.89,9775
4625.42,9774
4628.48,9773
4629.92,9771
4631.68,9770
4633.2,9769
4634.71,9768
4639.5,9767
4640.96,9766
4642.49,9765
4644.51,9764
4646.06,9763
4647.79,9761
4649.47,9759
4652.78,9757
4656.05,9756
4657.62,9755
4659.46,9754
4661.57,9753
4666.83,9752
4668.89,9751
4670.49,9750
4672.12,9749
4673.89,9748
4675.97,9746
4677.84,9745
4679.61,9744
4681.18,9743
4682.79,9741
4684.6,9739
4686.33,9735
4688.03,9734
4699.72,9730
4702.87,9729
4706.18,9727
4711.52,9726
4713.15,9725
4716.51,9724
4718.02,9723
4719.63,9721
4721.09,9720
4722.7,9719
4724.25,9718
4725.78,9716
4727.28,9715
4733.55,9714
4737.02,9713
4738.77,9712
4740.34,9711
4742.19,9710
4744.49,9708
4746.25,9707
4747.78,9705
4749.44,9704
4752.78,9703
4754.66,9700
4756.34,9697
4770.31,9696
4772.03,9695
4776.88,9694
4778.51,9693
4781.67,9692
4783.12,9688
4784.76,9687
4795.93,9686
4799.61,9685
4803.04,9682
4807.72,9681
4809.38,9680
4814.2,9677
4819.31,9676
4824.22,9675
4825.99,9674
4827.58,9673
4829.37,9672
4831.04,9671
4832.62,9670
4834.18,9669
4835.89,9668
4838,9667
4839.81,9666
4841.9,9664
4843.43,9663
4846.78,9662
4848.34,9661
4851.45,9657
4853.12,9656
4856.52,9654
4858.09,9653
4859.69,9652
4861.65,9651
4863.74,9650
4865.66,9648
4867.15,9645
4870.63,9642
4884.2,9640
4890.06,9639
4891.97,9636
4893.89,9635
4895.49,9634
4898.63,9632
4902.78,9628
4906.62,9627
4908.15,9626
4909.78,9625
4916.34,9624
4918.13,9623
4919.69,9622
4921.26,9621
4923.01,9620
4924.51,9619
4926.2,9618
4927.71,9617
4929.55,9615
4931.12,9614
4939.04,9613
4940.58,9611
4942.27,9610
4943.91,9608
4945.76,9605
4947.32,9603
4949.11,9602
4954.02,9600
4957.1,9599
4958.61,9597
4965.09,9596
4968.12,9594
4969.72,9593
4971.22,9591
4974.52,9590
4976.37,9589
4986.87,9588
4990.18,9587
4991.69,9586
4993.43,9585
4995,9584
4996.7,9583
4998.43,9582
5000.14,9580
5001.66,9579
5003.39,9577
5006.47,9576
5008.09,9575
5009.58,9574
5011.11,9572
5012.64,9571
5014.43,9570
5016.05,9568
5017.8,9564
5025.87,9563
5028.99,9561
5030.58,9559
5032.07,9557
5035.45,9555
5038.49,9553
5040.14,9550
5043.75,9549
5045.52,9544
5057.75,9543
5059.66,9542
5063.15,9541
5065.52,9539
5076.45,9538
5078.07,9534
5080.01,9531
5084.69,9530
5086.46,9529
5087.97,9528
5094.34,9527
5095.86,9526
5097.65,9525
5099.36,9523
5102.63,9521
5104.12,9520
5107.42,9519
5110.93,9516
5112.44,9515
5113.98,9511
5123.49,9510
5128.39,9509
5130.01,9508
5131.67,9507
5134.9,9506
5136.48,9505
5139.57,9501
5142.61,9500
5145.67,9499
5147.12,9498
5148.71,9496
5151.72,9495
5153.27,9494
5154.7,9493
5156.25,9492
5157.74,9491
5160.93,9490
5162.58,9486
5164.06,9485
5170.26,9484
5174.86,9483
5176.3,9482
5177.8,9479
5186.04,9478
5187.85,9477
5189.66,9476
5191.42,9474
5193.12,9472
5194.93,9471
5196.49,9466
5201.66,9464
5207.94,9463
5209.79,9462
5211.38,9461
5212.93,9459
5219.52,9458
5221.23,9457
5222.85,9456
5224.52,9455
5226.38,9454
5228.05,9453
5229.78,9452
5231.58,9451
5233.56,9450
5235.23,9449
5236.81,9448
5238.38,9446
5239.84,9445
5241.47,9444
5243.02,9442
5246.22,9441
5247.97,9439
5250.01,9438
5251.82,9435
5256.81,9433
5258.31,9432
5259.86,9431
5262.93,9430
5270.71,9429
5278.59,9428
5280.18,9427
5286.55,9425
5288.28,9424
5293.42,9423
5296.52,9421
5298.05,9420
5299.6,9419
5301.17,9418
5302.58,9416
5307.36,9414
5309.04,9413
5314.33,9411
5317.62,9409
5319.05,9408
5322.2,9405
5326.93,9404
5331.64,9402
5333.44,9401
5337.08,9400
5338.65,9399
5340.44,9398
5342.19,9397
5344.13,9395
5345.72,9393
5347.28,9391
5352.62,9389
5354.08,9388
5355.77,9385
5366.54,9384
5369.85,9383
5371.67,9381
5373.47,9380
5375.23,9378
5376.7,9376
5378.2,9375
5379.85,9373
5381.34,9372
5390.63,9371
5392.16,9370
5393.75,9369
5395.34,9368
5396.85,9367
5401.5,9366
5403.2,9365
5404.69,9364
5406.35,9362
5407.86,9361
5409.41,9360
5411.21,9359
5414.51,9358
5415.97,9357
5417.61,9356
5419.08,9354
5420.57,9353
5422.44,9352
5423.98,9351
5425.88,9350
5427.4,9349
5429.05,9348
5430.75,9347
5432.46,9346
5434.33,9344
5437.52,9343
5439.03,9342
5440.47,9341
5442.05,9340
5443.55,9339
5446.67,9338
5449.78,9336
5455.96,9335
5459.02,9334
5460.61,9333
5463.63,9332
5465.26,9330
5468.24,9329
5469.76,9328
5474.48,9327
5476,9326
5477.5,9323
5479.04,9322
5480.76,9321
5482.36,9319
5483.99,9317
5487,9316
5492.4,9313
5493.97,9312
5495.85,9311
5497.41,9310
5499.04,9309
5500.72,9308
5504.05,9306
5507.04,9304
5511.79,9301
5513.23,9298
5516.34,9297
5519.62,9296
5521.06,9294
5522.54,9293
5530.07,9292
5534.92,9291
5537.91,9290
5539.55,9288
5542.78,9286
5544.38,9283
5547.37,9282
5550.67,9281
5552.26,9280
5557.14,9276
5563.53,9275
5566.83,9271
5568.26,9270
5569.86,9268
5582.04,9267
5585.05,9266
5586.55,9265
5588.02,9264
5589.61,9263
5591.06,9262
5592.73,9261
5597.52,9260
5602.38,9259
5603.86,9258
5605.76,9257
5607.28,9256
5610.5,9255
5612.03,9254
5613.91,9253
5615.52,9252
5617.24,9251
5618.76,9250
5620.24,9249
5621.74,9248
5623.21,9247
5624.81,9246
5626.45,9245
5627.9,9244
5631.01,9243
5632.64,9242
5634.25,9240
5635.88,9237
5646.82,9236
5649.84,9235
5651.34,9234
5652.86,9232
5655.97,9231
5657.44,9229
5658.99,9228
5660.65,9227
5662.21,9226
5663.93,9225
5665.67,9224
5670.35,9221
5672.36,9220
5677.43,9217
5680.65,9213
5682.07,9211
5685.15,9209
5686.68,9207
5688.27,9206
5700.7,9205
5702.17,9204
5703.75,9203
5708.18,9201
5712.68,9200
5715.68,9199
5719,9198
5721.91,9197
5723.57,9195
5726.61,9194
5731.41,9192
5732.97,9191
5734.71,9189
5736.32,9188
5739.58,9186
5741.01,9185
5744.19,9183
5745.73,9182
5748.76,9181
5750.38,9180
5751.85,9179
5753.33,9178
5754.87,9177
5756.3,9176
5757.92,9175
5759.35,9174
5760.86,9172
5762.7,9171
5764.11,9170
5765.66,9169
5767.14,9168
5768.6,9167
5770.2,9165
5774.7,9164
5776.15,9163
5777.81,9162
5781.09,9160
5790.99,9159
5792.82,9156
5794.44,9155
5801.17,9154
5802.67,9153
5804.49,9152
5806.05,9151
5809.14,9150
5810.68,9149
5812.27,9147
5813.82,9145
5818.39,9144
5819.94,9142
5822.92,9140
5824.66,9139
5826.12,9138
5827.52,9137
5829.11,9136
5832.2,9134
5833.73,9131
5841.8,9130
5844.13,9127
5845.65,9126
5848.85,9123
5850.37,9122
5860.71,9121
5862.42,9120
5864.22,9116
5865.88,9114
5870.71,9113
5873.79,9112
5875.38,9110
5876.85,9109
5879.88,9108
5881.33,9107
5886.15,9106
5887.96,9102
5889.47,9100
5891.46,9099
5893.21,9097
5894.86,9096
5901.07,9095
5910.23,9094
5913.57,9092
5915.25,9089
5916.86,9087
5920.14,9086
5921.72,9085
5925.97,9083
5927.41,9082
5932.1,9081
5939.9,9079
5944.77,9078
5947.99,9077
5949.54,9076
5951.06,9075
5952.54,9074
5954.16,9073
5955.69,9071
5958.74,9065
5963.51,9064
5966.92,9063
5973.74,9060
5978.96,9059
5980.85,9058
5982.65,9055
5992.03,9054
5993.67,9053
5996.95,9052
5999.9,9051
6001.51,9050
6002.95,9049
6004.54,9047
6012.04,9046
6013.53,9044
6018.03,9043
6019.53,9041
6025.82,9040
6029,9038
6033.92,9037
6038.88,9034
6043.55,9033
6046.51,9032
6048.08,9031
6049.54,9030
6051.55,9028
6053.04,9027
6054.51,9025
6056.13,9024
6057.59,9023
6059.2,9022
6060.73,9021
6062.31,9020
6063.9,9019
6065.34,9018
6066.94,9017
6068.41,9016
6069.87,9014
6071.47,9012
6073.11,9011
6074.78,9010
6076.46,9009
6078.52,9008
6080.29,9006
6082.23,9005
6083.98,9004
6089.33,9003
6092.84,9002
6094.55,9001
6096.18,9000
6097.83,8999
6099.58,8998
6102.97,8997
6104.59,8996
6107.63,8995
6109.07,8993
6114.07,8992
6115.51,8990
6120.1,8988
6126.21,8987
6130.74,8986
6133.97,8985
6135.39,8984
6136.93,8983
6139.88,8982
6141.51,8981
6144.56,8980
6152.21,8979
6154.13,8978
6155.73,8977
6157.43,8972
6160.85,8970
6165.41,8969
6170.04,8968
6171.51,8967
6176.3,8965
6180.82,8964
6183.81,8963
6185.38,8961
6193.09,8960
6194.7,8959
6196.26,8958
6197.79,8957
6199.25,8956
6200.84,8955
6202.31,8954
6206.79,8953
6209.84,8951
6212.92,8950
6214.65,8949
6216.37,8947
6221.42,8946
6222.99,8944
6224.51,8943
6232.1,8942
6238.44,8941
6240.09,8936
6247.96,8934
6255.57,8932
6258.58,8931
6261.8,8930
6264.9,8929
6266.56,8927
6268.12,8925
6279.77,8924
6281.65,8923
6283.18,8920
6286.36,8919
6287.81,8918
6289.41,8917
6290.93,8916
6292.42,8913
6297.18,8909
6300.26,8907
6304.84,8906
6309.39,8903
6310.86,8902
6312.39,8901
6315.42,8899
6317.1,8898
6318.64,8897
6321.97,8895
6326.6,8894
6328.16,8893
6329.75,8892
6331.23,8891
6332.86,8890
6336.3,8889
6342.96,8888
6346.19,8886
6347.74,8885
6352.41,8883
6353.94,8882
6355.55,8880
6357.09,8879
6358.62,8878
6360.26,8876
6366.68,8875
6368.31,8874
6372.72,8873
6374.2,8871
6375.81,8870
6377.38,8866
6379.12,8865
6380.97,8864
6393.96,8863
6395.92,8861
6401.23,8859
6408.1,8858
6409.63,8857
6412.82,8856
6414.44,8854
6417.53,8853
6419.19,8852
6420.67,8850
6423.68,8847
6430.11,8846
6436.09,8845
6437.71,8844
6439.18,8843
6440.66,8842
6443.87,8840
6455.12,8839
6456.73,8838
6458.44,8837
6460.15,8836
6461.95,8835
6463.5,8834
6465.19,8833
6470.61,8832
6472.31,8831
6473.9,8830
6477.98,8829
6483.12,8827
6491.03,8826
6496.46,8825
6498.21,8821
6499.86,8820
6503.25,8819
6504.76,8818
6506.5,8816
6513.84,8815
6515.62,8814
6519.11,8813
6520.76,8812
6522.67,8811
6524.61,8810
6526.4,8808
6527.96,8806
6529.64,8805
6531.18,8804
6532.82,8802
6534.54,8800
6543.27,8798
6545.15,8797
6551.75,8796
6559.67,8795
6561.41,8793
6567.85,8792
6576.55,8791
6580.41,8790
6582.06,8788
6585.83,8785
6592.45,8783
6598.88,8782
6603.84,8779
6611.57,8778
6616.38,8775
6621.51,8774
6623.14,8772
6624.69,8771
6626.33,8769
6632.68,8767
6644.77,8766
6646.54,8763
6654.47,8762
6655.98,8761
6659.2,8759
6661,8758
6670.4,8756
6675.04,8755
6676.66,8754
6679.82,8753
6681.61,8752
6684.83,8751
6686.46,8749
6691.4,8748
6693.15,8747
6694.63,8746
6696.22,8745
6703.13,8744
6706.98,8742
6710.13,8741
6711.65,8739
6721.53,8738
6725.09,8737
6726.94,8735
6734.95,8734
6738.13,8733
6741.23,8732
6742.72,8730
6744.48,8729
6746.06,8727
6747.79,8724
6749.31,8723
6750.98,8722
6759.37,8721
6760.98,8720
6764.38,8719
6770.96,8718
6772.42,8717
6773.96,8716
6775.49,8715
6776.94,8713
6778.6,8710
6784.7,8709
6786.35,8707
6787.81,8704
6789.27,8703
6790.86,8701
6798.7,8700
6801.75,8698
6809.51,8696
6810.95,8695
6812.45,8694
6825.75,8693
6827.32,8691
6828.86,8688
6830.38,8686
6831.84,8684
6836.83,8680
6841.35,8679
6860.17,8675
6875.98,8674
6882.55,8673
6884.26,8672
6887.55,8671
6892.27,8670
6893.76,8668
6898.37,8667
6900,8666
6901.49,8665
6903.07,8664
6904.63,8662
6907.68,8658
6909.12,8657
6924.47,8656
6925.91,8655
6927.48,8653
6933.54,8652
6935.32,8648
6938.45,8647
6943.53,8646
6945.22,8644
6953.07,8643
6954.65,8641
6956.22,8640
6959.32,8639
6964.11,8637
6965.69,8636
6970.48,8635
6971.99,8634
6973.66,8632
6976.79,8631
6980.09,8630
6981.86,8628
6986.72,8627
6988.33,8626
6991.6,8625
6993.11,8624
6996.57,8623
7006.91,8619
7008.48,8616
7010.06,8613
7011.55,8612
7014.6,8610
7016.16,8609
7025.48,8608
7031.56,8606
7039.47,8605
7042.45,8604
7047.33,8601
7058.15,8600
7063.12,8599
7068.32,8598
7069.88,8597
7071.32,8596
7074.37,8594
7077.56,8593
7085.13,8592
7086.62,8591
7091.38,8589
7092.93,8588
7096.02,8586
7097.63,8585
7108.06,8584
7109.51,8583
7111,8582
7112.49,8581
7113.97,8580
7115.75,8579
7117.33,8577
7118.96,8576
7120.56,8575
7138.32,8574
7143.14,8567
7155.41,8565
7167.69,8564
7169.13,8562
7170.7,8561
7172.15,8560
7173.72,8559
7178.42,8558
7179.88,8557
7185.18,8556
7186.83,8555
7188.41,8554
7190.06,8553
7191.6,8552
7193.21,8551
7194.68,8550
7197.75,8549
7199.18,8548
7200.71,8547
7208.32,8546
7211.41,8545
7215.98,8544
7217.56,8542
7220.55,8541
7226.69,8540
7228.23,8539
7229.72,8538
7243.71,8537
7246.97,8535
7253.32,8534
7254.75,8533
7256.34,8532
7259.38,8531
7260.83,8530
7267.22,8529
7270.24,8528
7278,8527
7279.7,8526
7281.33,8525
7282.88,8524
7286.11,8519
7287.79,8518
7289.64,8517
7292.9,8516
7294.37,8515
7295.94,8514
7300.53,8513
7304.15,8509
7321.66,8508
7323.26,8506
7324.91,8504
7334.15,8503
7337.09,8500
7344.66,8499
7349.12,8497
7350.82,8496
7352.28,8495
7353.87,8492
7355.34,8491
7356.8,8489
7358.48,8488
7364.91,8487
7366.65,8486
7373.31,8483
7377.93,8481
7400.67,8480
7403.63,8479
7405.17,8477
7411.24,8476
7412.79,8475
7414.31,8474
7415.86,8473
7417.36,8467
7428.88,8466
7430.43,8465
7435.28,8464
7444.28,8463
7446.36,8461
7447.9,8460
7451.05,8458
7454.16,8457
7455.72,8456
7458.86,8454
7464.88,8453
7480.16,8452
7483.47,8451
7485.06,8450
7486.9,8449
7490.37,8448
7491.97,8447
7493.59,8445
7499.84,8440
7519.71,8439
7521.17,8438
7524.16,8437
7525.72,8436
7527.17,8434
7528.62,8433
7531.91,8431
7535.08,8429
7544.22,8427
7546.01,8426
7550.95,8424
7552.46,8422
7558.6,8421
7563.2,8420
7570.82,8419
7572.37,8418
7575.52,8417
7577.09,8415
7578.57,8413
7589.73,8412
7599.08,8410
7600.63,8409
7605.78,8408
7607.55,8407
7609.24,8406
7610.92,8405
7621.84,8404
7623.37,8403
7624.86,8402
7626.36,8401
7632.58,8400
7634.1,8399
7635.91,8398
7637.37,8397
7638.93,8396
7640.45,8395
7641.92,8394
7643.51,8393
7645.05,8392
7646.6,8391
7648.08,8389
7655.88,8384
7660.37,8382
7665.26,8381
7668.69,8380
7670.61,8379
7672.27,8378
7673.77,8376
7675.47,8375
7676.94,8374
7683.05,8373
7687.76,8372
7690.88,8371
7695.84,8370
7697.38,8369
7698.98,8368
7700.47,8366
7702.16,8365
7708.08,8364
7715.86,8362
7720.32,8361
7721.94,8359
7738.65,8357
7746.47,8354
7751.14,8350
7752.92,8349
7759.47,8348
7761.11,8347
7762.64,8346
7765.8,8345
7767.28,8344
7770.33,8343
7773.76,8342
7777.14,8340
7783.52,8339
7785.37,8338
7787.01,8336
7788.77,8335
7792.15,8334
7793.75,8331
7816.56,8330
7819.8,8329
7821.28,8328
7822.78,8327
7824.45,8326
7825.9,8325
7827.4,8324
7828.88,8323
7830.38,8322
7834.9,8321
7836.39,8315
7852.42,8309
7867.7,8308
7869.14,8306
7870.75,8305
7876.86,8304
7889.77,8303
7892.83,8299
7909.06,8298
7910.71,8297
7912.33,8295
7914.17,8294
7920.17,8293
7921.8,8291
7923.22,8288
7926.55,8286
7932.66,8283
7946.98,8282
7950.07,8281
7953.14,8277
7965.63,8276
7967.19,8275
7975.74,8274
7981.9,8272
7986.62,8271
7988.27,8270
7989.75,8267
7992.94,8263
7994.46,8262
7996.15,8261
8011.69,8260
8016.66,8259
8021.26,8258
8022.79,8257
8027.95,8256
8029.55,8255
8033.06,8253
8034.77,8252
8041.22,8251
8044.47,8250
8050.77,8249
8052.53,8248
8053.98,8246
8055.58,8245
8060.19,8244
8071.18,8243
8074.09,8238
8075.64,8237
8095.75,8236
8097.37,8234
8106.94,8232
8113.07,8230
8117.87,8229
8119.45,8228
8120.97,8227
8132.26,8226
8143.19,8225
8144.79,8224
8146.63,8223
8148.41,8222
8150.23,8221
8152,8220
8153.87,8219
8155.62,8218
8157.33,8217
8158.89,8216
8160.42,8214
8165.53,8213
8172.07,8212
8173.73,8210
8184.8,8208
8191.33,8207
8194.55,8206
8196.02,8205
8210.71,8204
8214.15,8203
8215.78,8202
8221.97,8201
8223.42,8200
8226.48,8199
8228.03,8198
8229.54,8195
8230.99,8194
8235.86,8193
8237.33,8192
8238.84,8191
8244.97,8190
8246.51,8188
8251.11,8186
8258.97,8185
8263.44,8183
8266.32,8181
8278.04,8180
8282.7,8179
8284.18,8178
8285.6,8177
8287.17,8176
8291.62,8175
8293.04,8174
8300.88,8173
8304.01,8172
8305.52,8171
8311.57,8170
8312.98,8168
8317.84,8165
8333.68,8163
8340.4,8162
8343.46,8156
8348.03,8155
8357.26,8152
8358.7,8151
8360.3,8150
8366.63,8144
8372.74,8143
8374.17,8140
8381.82,8137
8398.21,8136
8402.75,8133
8407.32,8132
8410.32,8131
8411.86,8130
8414.76,8128
8416.47,8127
8419.52,8125
8421.04,8123
8424.02,8121
8437.71,8118
8446.78,8117
8449.93,8116
8451.73,8115
8453.36,8114
8458.41,8113
8461.42,8111
8464.65,8110
8469.14,8109
8470.69,8108
8472.15,8106
8481.52,8105
8484.66,8103
8486.42,8102
8499.19,8101
8502.41,8100
8503.87,8098
8509.8,8096
8525.1,8095
8526.68,8093
8528.11,8092
8529.65,8090
8532.57,8089
8537.15,8087
8540.11,8086
8541.96,8085
8547.14,8084
8550.41,8083
8551.93,8082
8558.12,8080
8559.65,8079
8564.51,8076
8576.43,8075
8578.14,8072
8595.31,8071
8596.89,8070
8598.33,8069
8604.68,8066
8607.96,8064
8612.56,8062
8620.46,8061
8626.74,8060
8633.85,8058
8635.61,8057
8644.53,8056
8650.1,8055
8652.23,8054
8655.6,8053
8657.03,8052
8663.44,8051
8665.04,8048
8675.13,8047
8683.3,8046
8686.52,8044
8691.77,8041
8695.61,8040
8705.44,8039
8708.42,8038
8711.47,8037
8712.87,8034
8714.51,8033
8720.78,8032
8733.5,8031
8735.2,8027
8753.35,8026
8765.34,8025
8766.89,8022
8776.4,8021
8777.99,8019
8801.12,8018
8802.74,8017
8804.44,8016
8814.78,8015
8816.37,8013
8818.03,8012
8819.68,8011
8821.12,8010
8824.44,8009
8827.63,8008
8829.09,8007
8837.22,8006
8846.79,8005
8850.5,8001
8852.41,8000
8854.13,7999
8881.43,7998
8889.32,7997
8892.57,7996
8897.2,7995
8898.88,7994
8900.5,7993
8902.16,7992
8906.83,7990
8917.88,7989
8921.02,7987
8925.71,7986
8928.72,7985
8930.27,7984
8931.95,7983
8933.65,7981
8935.35,7979
8937.31,7978
8949.25,7977
8954.32,7976
8955.8,7975
8970.99,7973
8972.63,7972
8976.08,7967
8997.03,7965
9000.99,7963
9002.85,7961
9007.51,7960
9012.32,7959
9019.16,7956
9025.87,7955
9035.94,7953
9037.63,7952
9046.33,7951
9047.81,7950
9049.6,7949
9051.04,7948
9052.88,7947
9064.81,7946
9067.85,7945
9072.82,7944
9074.46,7940
9077.64,7938
9108.11,7937
9113.52,7935
9123.94,7934
9136.47,7932
9137.99,7931
9139.78,7929
9142.86,7927
9154.34,7926
9159.48,7925
9168,7924
9169.49,7923
9170.99,7922
9191.44,7921
9192.98,7920
9194.69,7916
9209.69,7915
9212.9,7912
9220.84,7909
9235.34,7908
9240.51,7907
9243.98,7906
9245.65,7905
9247.12,7904
9252.13,7903
9255.11,7902
9258.18,7901
9259.8,7898
9276.32,7896
9279.59,7894
9286.4,7893
9304.15,7892
9305.58,7891
9307.06,7890
9308.67,7889
9310.17,7888
9311.75,7887
9314.81,7886
9317.99,7885
9319.71,7884
9324.3,7883
9325.95,7881
9340.72,7880
9342.22,7879
9343.8,7878
9346.93,7877
9350.01,7875
9357.49,7873
9368.34,7872
9371.52,7871
9381.37,7870
9384.62,7869
9386.29,7868
9388.05,7866
9389.91,7865
9391.78,7863
9401.8,7862
9410.58,7861
9417.13,7860
9419.12,7858
9426.61,7857
9431.22,7855
9438.81,7853
9440.36,7851
9446.25,7850
9447.79,7849
9449.21,7848
9460.56,7847
9468.69,7844
9470.43,7843
9479.07,7841
9489.47,7840
9492.51,7839
9499.03,7838
9505.35,7837
9508.37,7834
9509.98,7833
9531.05,7832
9532.66,7830
9534.33,7828
9563.47,7825
9569.09,7824
9570.65,7823
9593.03,7820
9599.9,7819
9603.63,7817
9610.23,7815
9620.06,7814
9628.11,7813
9633.1,7812
9636.05,7811
9644.14,7810
9649.06,7807
9652.2,7806
9661.81,7805
9663.62,7804
9671.56,7801
9693.77,7800
9695.69,7799
9697.12,7798
9698.69,7797
9702.03,7796
9706.97,7795
9710.57,7794
9713.81,7793
9718.84,7792
9732.14,7791
9741.66,7789
9743.12,7788
9754.37,7787
9758.97,7786
9760.41,7783
9762.15,7780
9784.9,7779
9788.26,7778
9791.48,7777
9802.26,7775
9803.76,7774
9816.05,7773
9834.47,7772
9836.13,7771
9841.07,7768
9861.19,7767
9865.71,7766
9870.58,7763
9895.99,7761
9912.13,7759
9915.38,7758
9926.49,7757
9948.81,7756
9961.61,7755
9963.22,7751
9988.45,7750
9994.49,7749
10001.9,7748
10009.7,7744
10034.8,7742
10041.2,7741
10042.8,7739
10046.1,7737
10047.6,7736
10052.2,7735
10058,7733
10062.9,7731
10072.1,7730
10073.5,7729
10075,7728
10076.7,7727
10078.3,7726
10081.9,7725
10086.9,7724
10091.6,7723
10093.4,7721
10098.1,7717
10139.7,7714
10146.9,7711
10171.3,7709
10172.8,7708
10174.2,7706
10175.6,7705
10177.2,7704
10178.5,7703
10180.1,7700
10181.5,7698
10200.7,7697
10205.7,7696
10207.4,7695
10209.1,7693
10210.7,7691
10212.2,7690
10220,7689
10224.6,7688
10227.7,7687
10243,7686
10244.5,7682
10249.8,7681
10251.7,7680
10255.3,7678
10258.7,7677
10260.5,7676
10264.1,7675
10268.8,7674
10273.6,7673
10276.6,7672
10281.3,7671
10286.1,7668
10300,7666
10306.3,7665
10313.4,7661
10339.5,7658
10341.2,7657
10350.4,7655
10352,7654
10354.7,7653
10356.3,7652
10357.7,7651
10359.3,7650
10365.4,7649
10370,7647
10373.1,7646
10374.5,7645
10376.1,7644
10387.6,7643
10392.2,7642
10393.6,7640
10395.2,7639
10398.1,7637
10404.1,7635
10407.3,7633
10425.2,7631
10437.5,7630
10439.1,7629
10440.8,7628
10450.8,7627
10463.2,7626
10464.7,7625
10469.5,7623
10473.9,7616
10489,7615
10509.2,7614
10510.8,7613
10519.8,7612
10521.5,7610
10522.9,7607
10544.4,7606
10567.2,7605
10582.6,7604
10589.2,7603
10595.6,7602
10600.3,7601
10604.8,7599
10614.6,7597
10618.9,7595
10628.7,7594
10630.7,7593
10632.3,7591
10635.5,7590
10637,7589
10638.7,7588
10640.1,7587
10649.9,7586
10659.4,7585
10662.3,7584
10663.8,7582
10676.2,7581
10679.6,7578
10690.3,7577
10697,7576
10705,7575
10716.5,7573
10721.3,7571
10724.4,7570
10732.5,7566
10737.3,7565
10755.9,7563
10757.5,7560
10772.3,7559
10775.2,7558
10776.8,7557
10787.2,7556
10795.1,7555
10796.7,7554
10798.1,7553
10799.8,7552
10801.3,7551
10809.4,7550
10811.2,7549
10816,7548
10822.2,7547
10823.8,7546
10825.3,7545
10846.7,7544
10848.2,7543
10860.7,7542
10871.9,7541
10873.6,7540
10875.4,7539
10877,7537
10885.2,7536
10900.2,7534
10909.7,7533
10919.2,7532
10922.3,7531
10925.4,7529
10938.4,7528
10942.7,7527
10944.2,7526
10946.1,7525
10947.6,7524
10952.2,7523
10957.1,7522
10958.5,7521
10960.1,7520
10961.7,7519
10963.1,7518
10964.8,7517
10966.2,7516
10969.3,7514
10970.8,7513
10975.5,7511
10977.4,7510
10979,7509
10985.6,7508
10987.1,7506
10990.5,7505
10995.6,7504
10998.9,7503
11006.9,7500
11008.7,7499
11016.5,7498
11024.4,7497
11025.8,7496
11027.5,7495
11033.6,7494
11041.5,7493
11049.5,7491
11054.6,7489
11057.9,7487
11062.5,7486
11064.2,7485
11072.3,7484
11075.3,7481
11089.6,7479
11092.8,7478
11095.9,7477
11105.1,7474
11118,7472
11146.8,7471
11154.4,7469
11158.9,7465
11171.6,7464
11178,7463
11188.3,7462
11202.8,7458
11237.3,7457
11242.1,7455
11246.6,7454
11249.7,7453
11251.5,7452
11253,7450
11254.6,7449
11256.2,7448
11257.6,7447
11261,7446
11265.8,7445
11270.5,7444
11275,7443
11281.5,7442
11283.3,7441
11291.4,7440
11293.3,7437
11303.4,7433
11316.1,7431
11319,7430
11320.7,7429
11341.4,7428
11343,7427
11349.8,7425
11356.6,7423
11358.1,7422
11392.4,7421
11397.2,7420
11408.4,7419
11417.2,7418
11419.1,7416
11433.4,7415
11434.9,7413
11446.4,7412
11452.5,7411
11454,7408
11455.7,7405
11457.2,7404
11469.8,7402
11471.4,7401
11481.1,7400
11485.5,7398
11486.9,7397
11488.7,7395
11517.4,7394
11525,7393
11547.2,7392
11548.8,7390
11550.4,7386
11584.2,7385
11591.6,7384
11620.7,7383
11622.1,7382
11623.7,7380
11626.7,7378
11632.8,7377
11634.2,7374
11640.3,7373
11644.8,7370
11646.3,7368
11651.1,7367
11652.5,7366
11668.9,7365
11672.3,7362
11678.6,7361
11689.8,7360
11706.9,7357
11708.3,7356
11721.3,7355
11726.4,7352
11727.9,7351
11747.7,7350
11749.2,7349
11752.1,7347
11753.7,7346
11777.8,7344
11784.2,7343
11785.9,7339
11802.7,7338
11804.4,7337
11821.1,7336
11827,7334
11828.7,7333
11833,7331
11836.1,7330
11837.5,7329
11848.7,7328
11857.4,7327
11858.8,7326
11860.4,7325
11861.9,7324
11879.7,7322
11891.7,7321
11896.2,7320
11899.4,7319
11904.5,7318
11906,7316
11910.4,7313
11923.8,7310
11940.4,7309
11946.7,7308
11948.2,7305
11956,7304
11959,7303
11965.6,7302
11970.9,7301
11972.4,7300
11989.1,7299
11990.7,7298
11992.2,7297
11995.5,7296
11998.5,7295
12000,7292
12001.8,7291
12018.5,7289
12021.9,7288
12030,7287
12040.8,7286
12042.2,7285
12062.1,7284
12073,7283
12092.7,7282
12094.4,7281
12121.3,7280
12124.5,7279
12127.6,7278
12129.1,7275
12132.2,7273
12136.8,7271
12152.1,7270
12153.7,7268
12176.4,7267
12186.6,7266
12204.4,7265
12205.9,7264
12210.5,7263
12215.1,7262
12220.7,7260
12237.8,7258
12239.6,7256
12241.4,7254
12244.9,7252
12266.7,7250
12278.4,7249
12286.1,7248
12287.6,7243
12321,7242
12322.5,7241
12324.4,7240
12326.2,7238
12328.2,7237
12367.7,7235
12378.1,7233
12391.2,7232
12392.9,7231
12396,7228
12411.4,7227
12415,7226
12416.9,7225
12426.9,7223
12433.4,7222
12434.8,7221
12445,7220
12446.6,7219
12452.1,7218
12458.1,7217
12460.1,7216
12469,7215
12474.8,7214
12490.2,7212
12491.9,7211
12495.1,7210
12498.9,7209
12502.3,7207
12520.8,7206
12522.4,7205
12528.5,7204
12539.1,7202
12568.8,7201
12586.1,7200
12595.3,7199
12596.8,7198
12600,7197
12613.8,7196
12625.4,7195
12634.8,7194
12636.4,7192
12645.2,7190
12655,7188
12667.6,7187
12672,7186
12693.6,7185
12709.5,7184
12711.9,7183
12716.7,7182
12719,7181
12724.3,7180
12728.7,7179
12730.8,7177
12745,7176
12755.3,7175
12766.5,7174
12770.5,7173
12772.3,7171
12780.3,7170
12798.3,7169
12808.2,7168
12811.8,7166
12813.5,7165
12832.2,7164
12843.2,7163
12845.3,7161
12849.1,7160
12850.8,7159
12867.8,7158
12869.9,7156
12912.7,7154
12922.2,7153
12923.9,7152
12927.3,7151
12929,7150
12949.4,7149
12957.1,7148
12974.9,7147
12978.6,7144
12982.4,7142
12993.3,7140
13007.4,7139
13028.8,7138
13046.7,7137
13048.2,7136
13053,7135
13054.4,7134
13068.3,7133
13071.3,7132
13083.4,7131
13085.4,7130
13087.4,7128
13093.2,7127
13095.1,7126
13101.7,7123
13103.7,7122
13111.4,7120
13125.1,7119
13134.2,7118
13150.6,7117
13152.6,7116
13168.9,7115
13180.7,7114
13183.9,7113
13189,7112
13190.5,7108
13195.4,7106
13198.8,7105
13226.4,7103
13228.1,7102
13237.3,7099
13239,7098
13240.7,7097
13245.5,7096
13252.1,7095
13256,7094
13260.9,7093
13262.4,7092
13264.2,7091
13274.8,7090
13277.3,7089
13287,7088
13289.1,7087
13290.7,7086
13292.4,7085
13294.2,7084
13330.5,7083
13347.7,7082
13368.7,7081
13374,7080
13378.7,7079
13381.9,7078
13393.2,7076
13395.5,7075
13397.6,7071
13434.6,7069
13443,7068
13452.2,7067
13458.1,7066
13461.8,7065
13472.5,7064
13493.1,7063
13500.6,7062
13505.8,7061
13532.6,7060
13534.2,7059
13567.6,7058
13571.4,7057
13573.4,7056
13612.2,7053
13645.4,7052
13647,7051
13648.7,7048
13674,7046
13680.4,7044
13681.9,7043
13691.9,7040
13697,7039
13698.7,7038
13714.1,7036
13718.8,7033
13720.7,7032
13732.9,7030
13747.4,7029
13749.1,7027
13752.5,7026
13809.7,7024
13831,7023
13833.1,7021
13903.5,7020
13933,7018
13934.6,7017
13938.3,7015
13951.7,7014
13953.4,7011
13974.2,7010
13978.9,7009
13987.9,7007
13989.7,7006
14006.3,7004
14024.3,7003
14026.5,7002
14046.4,7000
14053.1,6999
14060.1,6998
14066.6,6997
14070.4,6996
14080.4,6995
14112.4,6994
14133.8,6992
14135.6,6990
14150.5,6989
14169.9,6988
14171.6,6987
14175,6986
14176.8,6985
14182,6984
14201.6,6982
14212.6,6979
14214,6978
14241.3,6977
14245.9,6976
14258.6,6975
14267.7,6973
14282.7,6971
14301.3,6970
14304.5,6969
14306,6968
14335,6966
14420.1,6965
14421.5,6962
14429,6960
14434.9,6959
14436.4,6958
14451.1,6957
14452.9,6955
14489.2,6953
14512.5,6952
14514.4,6950
14516.3,6949
14537.3,6948
14548.2,6947
14565.6,6945
14567.6,6944
14569.2,6943
14576.2,6942
14604.7,6941
14606.3,6940
14615.8,6939
14617.3,6938
14634.7,6937
14640.9,6936
14648.9,6935
14689.5,6934
14709.4,6933
14712.4,6932
14735.1,6930
14736.6,6929
14738,6928
14747.8,6926
14756.6,6925
14759.6,6924
14762.6,6920
14774.9,6918
14814.7,6915
14822.3,6914
14824,6913
14869.7,6911
14888.3,6910
14893,6908
14897.6,6907
14899.3,6906
14910.8,6905
14919.5,6904
14921.3,6903
14938.7,6901
14941.8,6900
14946.6,6899
14966.7,6898
14969.8,6897
14995.4,6896
14999.4,6894
15023.3,6892
15025.2,6890
15108.6,6889
15115.1,6888
15117,6887
15119.2,6885
15140.7,6884
15143.1,6883
15152.5,6881
15154.5,6879
15187.1,6878
15199,6877
15203.6,6876
15258.8,6875
15344.2,6874
15349.4,6873
15364.5,6872
15380.5,6871
15382.5,6869
15420.9,6868
15422.3,6867
15485.6,6865
15494.6,6863
15496.1,6862
15499,6861
15500.4,6860
15513.5,6859
15515.2,6858
15520.5,6857
15525.1,6856
15537.7,6855
15545.8,6854
15559.8,6853
15576.6,6852
15583.5,6850
15598.9,6847
15611.3,6846
15619.2,6845
15635.9,6844
15637.5,6843
15639.4,6842
15663.1,6840
15704.9,6839
15709.2,6835
15710.5,6834
15750.6,6833
15770.9,6832
15772.2,6829
15778,6828
15797,6827
15815.8,6826
15817.7,6824
15821.2,6822
15827,6820
15834.5,6819
15841.1,6818
15842.7,6816
15864.5,6814
15889.6,6813
15909.2,6812
15912.4,6811
15914,6810
15918.3,6807
15933.8,6806
15938.5,6805
15957.8,6804
15990.9,6803
15992.5,6802
16016.6,6801
16018.1,6800
16030.3,6798
16084.4,6797
16087.5,6796
16095.3,6795
16098.5,6793
16102.9,6792
16119.8,6791
16123.1,6789
16160.1,6788
16161.9,6786
16173.3,6785
16184.7,6784
16186.5,6783
16188.6,6782
16198.6,6781
16207.4,6780
16209.2,6779
16217.8,6778
16294.3,6777
16296.4,6776
16297.9,6774
16347.1,6773
16360.1,6772
16365.6,6771
16408,6769
16424.8,6768
16463.6,6767
16465.2,6766
16524.6,6765
16526.4,6764
16548.8,6763
16554.3,6762
16571.5,6761
16572.9,6760
16576.2,6759
16583.5,6758
16594.2,6755
16632,6754
16633.5,6753
16634.9,6752
16665.7,6751
16669.1,6750
16670.8,6747
16676.3,6745
16681.5,6744
16686,6743
16701.5,6742
16769.1,6739
16770.7,6737
16784.8,6735
16794.8,6732
16801.9,6730
16826.3,6728
16839.6,6727
16893.4,6726
16896.7,6724
16898.1,6723
16919.9,6722
16930.2,6721
16936.2,6720
16940.7,6719
16987.4,6718
16988.8,6717
17005.8,6716
17017.7,6715
17022,6713
17026.3,6712
17027.8,6711
17034.5,6710
17061.5,6709
17066.8,6707
17070.3,6706
17073.8,6705
17090,6704
17091.7,6702
17130.4,6701
17132.1,6699
17142.3,6698
17145.4,6697
17152,6696
17219.3,6694
17222.7,6692
17233,6691
17243.8,6690
17245.5,6689
17260.5,6688
17267.9,6687
17272.4,6686
17281.9,6685
17283.9,6679
17298,6678
17299.5,6677
17360.7,6676
17364.2,6675
17381.5,6674
17384.6,6672
17416.8,6671
17440.2,6668
17482.8,6667
17493.4,6665
17497,6664
17498.5,6662
17526.2,6661
17536.8,6660
17562.3,6659
17569.8,6657
17571.2,6656
17597,6654
17603,6653
17625.8,6652
17629,6649
17669.1,6648
17677.9,6647
17679.4,6646
17695.7,6644
17729.4,6643
17730.9,6642
17780,6641
17787.8,6638
17789.5,6637
17818.2,6635
17963.1,6633
17987.9,6632
17990.8,6631
17992.4,6629
17993.9,6627
18038.9,6626
18055.1,6625
18056.7,6624
18062.5,6622
18088.1,6621
18089.7,6620
18101.7,6619
18104.6,6618
18106,6617
18132.8,6614
18140.7,6613
18142.1,6612
18169.4,6611
18171.1,6609
18176.8,6606
18184.2,6605
18192.2,6604
18196.8,6602
18198.3,6601
18202.6,6600
18205.5,6599
18227.8,6596
18231.4,6595
18234.3,6593
18347.8,6592
18352.2,6591
18379.3,6589
18387.2,6588
18393.5,6586
18420.6,6585
18422.3,6584
18449.1,6583
18516.4,6582
18530.1,6580
18542.5,6579
18550.3,6578
18551.8,6577
18575.8,6573
18596.4,6570
18598.1,6569
18664.9,6568
18674.1,6567
18679,6566
18688.8,6564
18692.4,6563
18705.3,6562
18706.9,6561
18722.4,6560
18730.6,6558
18938.8,6557
18943.2,6556
18947.7,6555
18954.1,6552
18977.2,6551
18981.4,6550
18984.2,6549
19002.6,6548
19004,6547
19008.5,6545
19010,6544
19057.3,6543
19078.7,6542
19087.9,6540
19246.8,6539
19251.3,6538
19254.4,6536
19256,6535
19257.6,6532
19321,6530
19324.1,6528
19366.3,6526
19387.8,6525
19389.1,6524
19398,6523
19399.4,6522
19575.8,6521
19577.5,6520
19579.1,6519
19587.7,6518
19599.6,6517
19601.2,6516
19605.9,6515
19646.2,6514
19647.6,6513
19660.9,6512
19670.3,6511
19717.1,6509
19720.1,6508
19731,6507
19779.2,6506
19780.6,6505
19803,6503
19804.5,6500
19857,6499
19910.8,6497
19986.3,6496
20013.1,6495
20026,6490
20079.7,6489
20082.6,6487
20128.5,6486
20194.3,6485
20244.6,6484
20246,6483
20247.4,6481
20250.5,6480
20282.1,6478
20285.1,6476
20351.7,6475
20365,6474
20494.7,6472
20496.1,6471
20497.6,6470
20500.6,6469
20631.1,6468
20657.7,6467
20671.1,6465
20680.7,6464
20697.6,6463
20700.7,6461
20732,6460
20738.1,6459
20742.5,6457
20797.3,6456
20798.7,6455
20818.4,6452
20821.5,6451
20835,6445
20876.7,6444
20925,6443
20941.5,6442
20943,6441
20948.4,6440
20955.3,6437
21044.2,6436
21052.9,6435
21082.6,6433
21105.9,6431
21116.4,6430
21143,6428
21150.6,6427
21153.6,6425
21192,6424
21273.1,6423
21286.4,6422
21302.8,6420
21388.4,6419
21391.5,6417
21459,6416
21466.6,6415
21529.7,6414
21562.1,6413
21572.1,6412
21580.9,6410
21582.3,6409
21590,6408
21593.1,6407
21596.2,6406
21608.6,6405
21626.4,6404
21639,6403
21663.5,6402
21756.5,6401
21821.7,6397
21890.5,6395
21892.1,6394
21893.7,6393
21956.4,6392
21968.2,6391
22016.8,6390
22025.3,6389
22026.7,6388
22184.7,6387
22222.9,6386
22236.6,6384
22238.3,6383
22244.2,6382
22259.3,6381
22271.7,6380
22296.1,6378
22314.4,6376
22354.5,6374
22381.4,6372
22384.5,6370
22387.7,6369
22417.8,6368
22540.9,6367
22568.6,6366
22570.4,6365
22597.5,6364
23218.8,6363
23220.3,6362
23244.7,6361
23248.2,6360
23251.4,6358
23273.2,6357
23288.8,6356
23432.8,6355
23469,6353
23491,6352
23492.6,6351
23494.1,6349
23503.2,6348
23509,6347
23510.6,6345
23554.9,6344
23660.7,6342
23662.3,6341
23667.3,6339
23674.2,6338
23679.9,6337
23841,6336
23842.5,6335
23869,6333
24141.4,6332
24162.4,6330
24166.8,6329
24174.2,6328
24196.4,6327
24374.9,6325
24376.4,6324
24402.7,6323
24420.3,6322
24426.2,6320
24496.1,6319
24516.5,6318
24546.9,6316
24551.3,6314
24589.5,6312
24601.6,6311
24620.3,6308
24647.2,6307
24650.2,6305
24653,6304
24693.8,6303
24703.7,6301
24711.1,6300
24712.8,6299
24723.3,6298
24841,6297
24849.9,6296
24985.4,6295
24990,6292
25108.1,6290
25111.1,6289
25151.7,6288
25162.3,6287
25189.5,6286
25192.4,6285
25195.3,6284
25205.6,6283
25217.3,6282
25221.6,6280
25265.8,6279
25277.8,6278
25330.5,6277
25332.1,6276
25339.7,6275
25344.1,6274
25345.6,6273
25424.7,6270
25597.3,6269
25632.4,6268
25638.4,6267
25643,6266
25661.8,6265
25678.1,6264
25734.4,6263
25737.5,6261
25746.4,6260
25761.5,6259
25763.1,6258
25766.4,6257
25893.5,6256
25897.8,6254
25906.6,6252
25967.2,6251
26008.4,6250
26012.9,6249
26023.8,6247
26044.5,6246
26046,6245
26220,6244
26223,6243
26242.7,6242
26247.2,6241
26248.7,6238
26254.5,6237
26337.6,6236
26363.5,6235
26381.6,6234
26383.2,6231
26407.6,6230
26559.5,6229
26873.8,6228
26879.1,6227
26894.5,6225
27149.8,6224
27164.9,6223
27326.1,6221
27334.9,6220
27453.7,6218
27487.1,6217
27532.1,6214
27534,6213
27596.5,6211
27626.7,6207
27704.2,6206
27707.1,6205
27729.3,6204
27732.2,6203
27802.5,6202
27822.2,6200
27823.8,6199
28473.9,6198
28623.9,6197
28812.1,6196
28822.6,6195
28858.6,6194
28882.7,6193
28897.5,6192
29005.7,6190
29047.3,6189
29050.8,6187
29302.5,6185
29326.2,6182
29364.7,6181
29373.4,6179
29383,6178
29400.2,6177
29425.3,6176
29445.8,6175
29523,6173
29549,6172
29781.7,6170
29805.2,6169
29843.7,6168
29846.5,6167
29849.7,6164
29949.5,6163
29960,6162
29964.5,6160
29987.4,6159
29993.1,6158
30003.3,6156
30012.1,6155
30013.9,6154
30095.2,6153
30133.9,6152
30161.6,6151
30258.4,6150
31092.5,6149
31113.1,6148
31114.8,6147
31228.6,6145
31487.2,6143
31678.2,6142
33811.9,6141
33814.6,6140
34176.4,6139
34195.6,6137
34566.4,6136
34567.9,6135
34608.7,6134
34885.1,6133
34892.6,6131
35046.6,6130
35051,6128
35053.8,6127
35077.6,6126
35298.2,6125
35323.9,6124
35333.6,6123
35337.1,6122
35406.4,6121
35416.6,6119
35539.4,6116
35612.5,6114
35679.6,6113
36203.3,6112
36210.4,6111
36217.5,6110
36349.1,6109
36374.2,6108
36624.3,6107
36709.7,6105
36717,6104
36731.7,6102
36736.1,6101
36740.8,6100
36742.3,6099
36851.3,6098
36880.5,6097
36885,6096
37525.3,6095
40555.8,6094
40590.3,6093
40632.6,6090
40656.3,6089
40740.6,6087
40746.5,6086
40747.9,6085
40911.7,6084
40937.4,6082
40940.2,6081
41030.8,6080
41046.4,6079
41075.4,6078
41093.5,6075
41115.4,6072
41116.8,6071
41161.8,6070
41378.2,6069
41685.9,6068
42424.4,6067
42950.7,6065
43189.6,6064
43559.7,6063
43596.3,6062
43608.7,6059
43616.8,6058
43618.2,6057
43622.4,6056
43682.2,6055
43710.5,6053
43870.1,6051
43958.9,6050
43960.4,6049
43971.3,6048
43973,6047
43998.2,6046
44037.9,6044
44050.9,6043
44053.8,6042
44060.9,6039
44159.2,6038
44162.1,6037
50682.4,6036
50701.9,6035
50783,6034
50787.3,6032
50856.3,6029
62062.2,6028
62079.2,6027
62082.1,6026
62910.4,6025
62931.4,6024
62932.9,6023
62945,6022
62952.9,6021
62954.2,6020
63038.3,6019
63060.2,6018
63148.8,6017
64008.9,6015
64013.2,6014
64016.2,6013
64043.6,6012
64049.4,6011
64530.3,6010
64533.2,6005
71250.7,6003
76301.9,6002
76323.7,6001
76374.3,5999
76393.8,5998
77755,5995
77772.6,5994
77828.5,5993
77833,5991
77834.3,5990
77850.5,5988
78113.2,5987
78114.8,5986
78135.5,5983
78584.3,5982
78593.1,5981
78600,5980
78805.6,5979
78813,5978
79342.5,5977
80031.7,5976
80047.9,5975
80061.1,5974
80068.3,5973
80097.4,5970
80101,5969
81070.3,5967
81355,5965
81365.8,5959
81397.1,5958
81398.4,5956
81467.6,5955
81495.1,5954
81504.9,5952
81518.2,5951
81541.4,5948
82277.2,5945
82313.7,5944
82316.8,5943
82318.2,5942
82319.8,5941
82415.9,5939
82790.5,5938
82871.2,5937
82878.8,5936
82950.2,5935
82957.3,5934
82978.2,5932
82981.6,5931
84800.9,5929
84834.6,5928
84851.5,5927
85074.3,5926
85283,5925
85531.4,5924
85630.5,5923
85639.3,5922
85991,5921
86205.4,5920
86206.9,5919
86214.3,5917
86232.4,5916
86493.1,5915
86494.6,5911
86510.5,5910
106187,5909
106193,5908
106755,5907
106785,5905
106816,5904
106820,5903
106914,5902
106959,5901
106971,5900
107587,5897
109453,5895
109641,5894
109649,5892
109669,5890
109694,5889
109766,5888
111863,5887
111918,5886
111921,5885
111935,5883
112064,5881
112099,5880
112185,5879
112189,5876
113564,5875
119550,5873
119569,5872
119609,5870
119615,5869
119663,5868
119696,5866
119747,5864
119754,5863
119776,5862
119829,5861
119834,5859
119856,5858
119880,5857
119902,5855
119905,5854
119933,5852
119962,5851
119964,5850
