2.19465,11022
3.46572,11021
4.87858,11020
6.02235,11019
7.20937,11018
8.28955,11017
9.44011,11016
10.7219,11015
11.8247,11014
12.8513,11013
14.0749,11011
15.1719,11010
16.339,11009
17.4601,11007
18.6387,11001
19.7491,11000
20.8272,10998
22.1075,10996
23.188,10995
24.4533,10991
25.7635,10990
26.9209,10988
27.9894,10986
29.0666,10984
30.3487,10982
31.5341,10981
32.5996,10978
33.9081,10972
34.9895,10969
36.1069,10963
37.3301,10961
38.4597,10959
39.563,10958
40.7813,10954
41.9356,10948
43.0458,10945
44.1561,10944
45.8925,10943
46.9454,10935
48.0597,10934
49.4126,10927
50.5297,10923
51.6639,10922
52.7933,10919
53.9628,10917
55.0282,10913
56.0703,10911
57.3961,10908
58.6994,10905
59.9159,10904
61.3747,10903
62.6686,10901
63.8926,10898
65.4616,10897
66.6205,10892
67.7483,10885
68.9487,10884
70.1919,10881
71.3018,10877
72.4537,10874
73.5986,10872
74.7382,10871
75.8202,10870
77.1086,10868
78.2018,10867
79.3055,10862
80.4837,10861
81.6148,10858
82.6662,10852
83.7454,10850
85.1686,10848
86.2648,10845
87.3436,10844
88.5965,10843
89.6933,10840
90.8064,10839
92.0443,10837
93.2259,10835
94.3377,10832
95.4453,10824
96.7306,10821
97.7949,10819
98.8951,10818
100.089,10815
101.255,10814
102.344,10813
103.463,10812
104.691,10807
105.948,10806
107.119,10803
108.655,10802
109.851,10801
110.987,10798
112.222,10794
113.397,10792
114.457,10791
115.522,10788
116.772,10785
117.974,10776
119.13,10774
120.491,10773
121.819,10768
123.054,10767
124.531,10765
125.98,10762
127.283,10761
128.532,10759
129.705,10755
130.829,10754
132.041,10753
133.216,10750
134.303,10749
135.472,10747
136.637,10745
137.751,10743
138.819,10740
140.033,10739
141.149,10734
142.34,10733
143.758,10732
144.997,10729
146.354,10728
147.569,10727
148.7,10724
149.778,10722
150.895,10721
152.204,10719
153.321,10717
154.481,10715
155.846,10712
157.101,10710
158.2,10705
159.487,10704
160.651,10697
161.729,10692
162.953,10691
164.116,10689
165.216,10685
166.587,10680
167.809,10678
168.971,10677
170.261,10674
171.438,10673
172.553,10672
173.591,10664
174.868,10660
175.985,10659
177.126,10658
178.463,10657
179.684,10655
180.907,10653
182.219,10652
183.576,10650
184.834,10649
186.093,10646
187.414,10640
188.511,10638
189.576,10634
190.882,10631
192.184,10627
193.329,10625
194.535,10623
195.658,10619
196.818,10617
198.006,10614
199.231,10611
200.291,10609
201.398,10608
202.576,10607
203.635,10605
204.694,10604
205.888,10601
207.074,10600
208.212,10591
209.268,10590
210.587,10589
211.883,10588
213.042,10587
214.295,10586
215.401,10584
216.54,10582
217.785,10581
218.963,10580
220.021,10576
221.183,10574
222.515,10573
223.606,10571
224.75,10570
226.055,10569
227.17,10566
228.245,10565
229.498,10564
230.655,10563
232.039,10562
233.232,10560
234.704,10558
235.857,10557
237.027,10554
238.364,10553
239.848,10549
241.541,10548
242.971,10547
244.279,10545
245.791,10542
247.053,10540
248.298,10537
249.461,10533
250.685,10531
251.865,10530
253.288,10529
254.419,10528
255.573,10525
256.737,10524
257.954,10522
259.081,10519
260.225,10518
261.522,10515
262.66,10514
263.752,10511
264.84,10509
266.109,10507
267.205,10506
268.264,10502
269.442,10500
270.499,10499
271.602,10496
272.933,10492
274.211,10490
275.332,10489
276.542,10484
277.76,10481
278.86,10479
280,10477
281.261,10476
282.449,10474
283.602,10473
284.849,10470
286,10467
287.165,10466
288.298,10465
289.483,10464
290.523,10463
291.598,10460
293.025,10458
294.106,10456
295.171,10453
296.33,10450
297.538,10446
298.641,10445
299.845,10443
301.14,10440
302.349,10438
303.545,10436
305.044,10434
306.329,10433
307.59,10432
308.859,10431
310.008,10430
311.208,10429
312.518,10428
313.888,10425
315,10423
316.187,10420
317.412,10419
318.607,10418
319.771,10417
320.922,10413
322.007,10411
323.089,10410
324.382,10409
325.485,10408
326.653,10404
327.779,10402
328.961,10399
330.137,10398
331.31,10396
332.602,10391
333.801,10390
335.012,10388
336.271,10385
337.459,10384
338.683,10383
339.874,10380
341.064,10374
342.281,10373
343.596,10371
344.897,10370
346.175,10369
347.38,10367
348.516,10365
349.568,10363
350.682,10362
351.981,10361
353.068,10360
354.383,10359
355.6,10358
356.736,10357
357.895,10353
359.234,10352
360.513,10351
361.723,10350
363.096,10348
364.441,10346
365.762,10343
367.119,10340
368.356,10339
369.559,10338
370.861,10337
372.062,10333
373.194,10332
374.554,10331
375.722,10327
376.794,10326
377.859,10325
379.099,10323
380.196,10322
381.26,10320
382.529,10318
383.651,10317
384.769,10314
385.893,10313
387.115,10312
388.231,10311
389.314,10309
390.548,10308
391.663,10305
392.758,10302
393.949,10299
395.39,10297
396.624,10294
397.88,10292
399.272,10291
400.473,10289
401.699,10288
402.952,10287
404.143,10286
405.287,10282
406.59,10281
407.865,10280
409.121,10279
410.399,10275
411.703,10274
412.889,10273
414.1,10272
415.465,10270
416.53,10265
417.625,10264
418.942,10263
420.238,10260
421.451,10259
422.912,10258
424.176,10255
425.421,10253
426.917,10252
428.217,10251
429.361,10250
430.585,10249
431.769,10248
432.923,10246
434.247,10245
435.601,10244
436.75,10239
438.001,10236
439.136,10235
440.205,10234
441.358,10233
442.789,10231
443.928,10228
445.22,10227
446.43,10225
447.487,10224
448.546,10223
449.792,10222
450.923,10218
452.077,10217
453.283,10216
454.44,10215
455.689,10214
457.039,10212
458.183,10210
459.395,10209
460.591,10208
461.763,10206
462.931,10205
464.086,10204
465.359,10203
466.552,10202
467.626,10201
468.893,10197
469.946,10196
471.102,10195
472.348,10193
473.586,10192
474.656,10191
475.853,10190
477.243,10189
478.362,10187
479.43,10186
480.765,10183
481.983,10182
483.216,10181
484.535,10180
485.724,10179
487.04,10178
488.358,10177
489.549,10176
490.619,10175
491.764,10174
493,10172
494.114,10169
495.245,10168
496.668,10167
497.792,10166
498.987,10165
500.111,10163
501.146,10162
502.248,10160
503.412,10159
504.533,10158
505.587,10157
506.679,10155
507.941,10154
508.974,10151
510.039,10150
511.211,10149
512.375,10148
513.449,10146
514.532,10144
515.753,10143
517.054,10141
518.19,10140
519.449,10138
520.516,10133
521.629,10131
522.886,10129
524.072,10128
525.173,10127
526.313,10126
527.51,10124
528.588,10122
529.711,10121
530.898,10120
532,10118
533.219,10115
534.765,10114
536.183,10113
537.437,10112
538.75,10111
540.186,10108
541.707,10107
543.246,10106
544.543,10105
545.745,10104
547.232,10103
548.491,10102
549.696,10101
550.93,10100
552.099,10099
553.165,10097
554.352,10095
555.526,10094
556.696,10093
558.037,10092
559.22,10091
560.316,10088
561.48,10087
562.699,10086
563.83,10085
564.878,10084
566.089,10083
567.254,10082
568.298,10079
569.383,10077
570.604,10075
571.677,10072
572.732,10070
573.981,10068
575.13,10067
576.262,10066
577.523,10065
578.809,10064
579.956,10063
581.119,10062
582.291,10061
583.378,10060
584.518,10059
585.779,10058
586.996,10056
588.101,10055
589.245,10054
590.529,10053
591.555,10052
592.597,10051
593.769,10049
595,10048
596.101,10047
597.219,10046
598.542,10045
599.597,10044
600.737,10042
602.146,10039
603.431,10036
604.617,10032
606.023,10031
607.223,10029
608.473,10028
609.848,10026
610.985,10025
612.07,10024
613.296,10022
614.452,10021
615.571,10019
616.652,10017
618.144,10016
619.261,10015
620.282,10014
621.538,10013
622.611,10012
623.68,10011
624.822,10010
626.033,10009
627.129,10008
628.209,10007
629.4,10006
630.458,10004
631.483,10002
632.605,10001
633.774,10000
634.872,9998
635.906,9997
637.167,9996
638.222,9995
639.567,9994
640.906,9993
642.195,9992
643.271,9991
644.485,9990
645.949,9988
647.082,9987
648.176,9986
649.388,9985
650.491,9982
651.557,9981
652.678,9978
653.844,9977
654.931,9974
656.081,9973
657.327,9972
658.434,9971
659.501,9969
660.78,9968
662.017,9967
663.253,9964
664.702,9962
665.906,9961
667.132,9960
668.357,9958
669.736,9955
670.863,9954
672.104,9953
673.286,9952
674.383,9950
675.442,9948
676.655,9947
677.792,9946
678.917,9945
680.032,9944
681.191,9942
682.25,9941
683.317,9940
684.642,9939
685.746,9938
686.794,9937
687.896,9935
689.115,9934
690.176,9933
691.281,9932
692.474,9931
693.559,9930
694.643,9929
695.769,9928
696.976,9927
698.032,9926
699.131,9925
700.445,9924
701.528,9922
702.599,9920
703.766,9919
705.015,9918
706.111,9917
707.253,9915
708.577,9914
709.788,9912
710.992,9910
712.253,9909
713.284,9908
714.414,9907
715.691,9906
716.885,9905
717.991,9904
719.069,9902
720.264,9901
721.432,9900
722.626,9898
723.953,9896
725.32,9895
726.581,9894
727.938,9892
729.11,9891
730.318,9890
731.633,9889
732.719,9888
733.832,9887
734.976,9885
736.154,9884
737.243,9882
738.342,9881
739.611,9880
740.743,9879
741.83,9877
743.021,9876
744.381,9874
745.843,9873
747.067,9871
748.152,9870
749.212,9869
750.346,9868
751.477,9867
752.542,9865
753.632,9864
754.838,9863
755.892,9861
757.011,9860
758.133,9859
759.316,9857
760.491,9854
761.591,9852
762.873,9851
763.923,9849
765.158,9848
766.332,9846
767.523,9845
768.551,9839
769.685,9838
770.91,9837
771.999,9835
773.067,9834
774.254,9833
775.385,9831
776.571,9830
778.011,9829
779.216,9828
780.341,9826
781.456,9825
782.9,9824
784.135,9823
785.277,9822
786.844,9821
788.026,9820
789.218,9819
790.567,9817
791.872,9816
793.028,9814
794.315,9813
795.399,9811
796.537,9809
797.683,9808
798.917,9807
800.009,9806
801.091,9805
802.33,9804
803.385,9803
804.481,9802
805.827,9801
807.041,9800
808.091,9799
809.163,9798
810.366,9797
811.509,9796
812.555,9795
813.713,9794
814.841,9792
815.953,9791
817.02,9790
818.29,9789
819.373,9787
820.447,9786
821.727,9785
822.866,9784
823.962,9783
825.157,9781
826.524,9780
827.63,9779
828.714,9778
829.939,9777
831.073,9776
832.138,9775
833.27,9774
834.746,9773
836.039,9772
837.325,9771
838.627,9769
839.893,9767
841.356,9766
842.773,9765
843.849,9763
845.292,9762
846.714,9761
847.893,9760
849.227,9759
850.442,9758
851.584,9757
853.04,9756
854.153,9755
855.306,9754
856.475,9753
857.608,9752
858.711,9751
859.955,9750
861.096,9749
862.18,9748
863.298,9747
864.592,9746
865.667,9744
866.92,9743
868.217,9742
869.249,9741
870.311,9740
871.426,9739
872.57,9738
873.663,9737
874.79,9736
876.042,9735
877.136,9734
878.229,9733
879.359,9732
880.499,9731
881.55,9730
882.787,9729
884.128,9727
885.298,9726
886.436,9725
887.916,9724
889,9721
890.077,9720
891.158,9719
892.307,9718
893.368,9717
894.427,9716
895.589,9715
896.687,9714
897.701,9713
898.852,9712
899.948,9711
901.025,9710
902.143,9709
903.563,9708
904.755,9706
906.015,9705
907.541,9704
908.702,9703
909.891,9701
911.221,9700
912.377,9699
913.641,9698
914.716,9697
915.92,9696
916.989,9695
918.092,9694
919.321,9693
920.393,9692
921.449,9691
922.625,9690
923.791,9689
924.835,9688
925.937,9687
927.291,9686
928.436,9685
929.518,9684
930.699,9683
931.796,9682
932.871,9681
933.983,9680
935.143,9679
936.188,9678
937.296,9677
938.487,9676
939.57,9675
940.614,9674
941.672,9673
942.855,9672
943.997,9671
945.07,9670
946.402,9669
947.923,9668
949.065,9667
950.242,9666
951.364,9665
952.464,9664
953.624,9662
954.776,9660
955.849,9659
956.94,9658
958.188,9657
959.308,9656
960.527,9655
961.741,9653
963.005,9650
964.152,9648
965.343,9647
966.679,9645
968.024,9644
971.736,9643
972.829,9642
974.077,9641
975.216,9640
976.263,9639
977.523,9638
978.661,9636
979.755,9635
980.802,9634
981.997,9633
983.102,9632
984.132,9629
985.335,9628
986.42,9625
987.491,9624
989.999,9623
991.095,9622
993.385,9618
995.486,9617
996.647,9616
997.786,9613
998.908,9612
999.991,9611
1002.36,9610
1003.41,9609
1004.66,9608
1005.79,9607
1006.87,9605
1007.97,9604
1009.54,9603
1010.73,9602
1011.96,9601
1013.15,9600
1014.32,9598
1015.43,9597
1016.63,9595
1017.71,9593
1018.75,9592
1020.01,9591
1021.2,9590
1022.36,9589
1023.67,9588
1024.86,9587
1026.08,9586
1027.45,9585
1028.85,9584
1029.99,9583
1031.26,9582
1032.51,9581
1033.65,9580
1034.79,9579
1036.09,9578
1037.18,9577
1038.28,9575
1039.48,9571
1040.58,9569
1041.63,9568
1042.73,9566
1043.98,9565
1048.97,9561
1053.44,9560
1057.87,9559
1059.12,9557
1060.21,9556
1062.47,9555
1063.65,9551
1071.9,9550
1072.96,9547
1077.39,9546
1078.64,9543
1080.82,9542
1082,9541
1083.2,9540
1084.34,9539
1085.61,9538
1086.89,9537
1088.16,9536
1089.47,9535
1090.82,9530
1092.05,9527
1097.9,9526
1100.18,9524
1101.21,9523
1102.49,9521
1103.65,9517
1108.18,9516
1109.38,9515
1111.78,9509
1123.1,9507
1125.64,9506
1126.91,9505
1128.03,9504
1129.25,9503
1131.63,9502
1132.72,9501
1134.03,9500
1135.25,9499
1136.59,9498
1139.05,9497
1140.35,9496
1141.78,9495
1142.96,9494
1144.08,9493
1145.7,9491
1147.14,9490
1148.38,9489
1149.69,9488
1150.85,9485
1152.06,9483
1153.25,9482
1156.83,9481
1165.07,9480
1166.2,9476
1168.46,9474
1169.6,9472
1172.98,9469
1177.67,9468
1178.76,9466
1181,9465
1185.57,9461
1192.67,9460
1193.71,9459
1194.78,9457
1197.26,9456
1198.34,9455
1199.42,9454
1202.81,9452
1204.09,9450
1205.41,9449
1208,9447
1209.12,9446
1210.25,9445
1211.58,9444
1212.8,9443
1213.88,9441
1214.99,9439
1223.12,9438
1224.28,9436
1227.74,9433
1229.86,9432
1231.09,9431
1232.24,9430
1233.36,9429
1239.12,9428
1240.26,9427
1241.52,9423
1250.95,9422
1252.04,9421
1253.1,9418
1255.37,9417
1259.01,9416
1260.14,9415
1261.22,9414
1263.66,9413
1264.95,9412
1266.26,9411
1267.47,9410
1268.63,9409
1271.18,9407
1272.41,9406
1274.79,9405
1275.81,9404
1278.41,9402
1279.5,9401
1280.59,9397
1281.84,9396
1282.88,9394
1289.79,9393
1291.93,9389
1293.04,9388
1299.89,9386
1301.14,9385
1302.23,9381
1305.68,9379
1306.75,9378
1307.82,9376
1309.33,9375
1310.53,9374
1311.71,9373
1312.97,9372
1314.1,9371
1315.23,9370
1316.36,9369
1317.55,9368
1318.75,9367
1319.8,9365
1323.23,9363
1326.96,9362
1328.27,9360
1330.68,9359
1334.32,9358
1335.39,9357
1336.55,9356
1337.63,9355
1342.13,9354
1345.78,9352
1347.13,9351
1348.45,9350
1349.5,9349
1352.88,9348
1353.95,9347
1355.09,9346
1356.3,9344
1357.4,9343
1359.67,9342
1360.82,9341
1361.96,9340
1363,9339
1365.37,9338
1366.46,9337
1367.85,9336
1369.05,9334
1370.17,9333
1371.29,9332
1374.6,9331
1375.83,9329
1376.94,9326
1385.26,9325
1386.45,9324
1387.78,9323
1391.49,9321
1392.67,9319
1393.86,9317
1395.08,9316
1396.19,9315
1397.28,9314
1400.81,9311
1408.88,9310
1409.98,9309
1411.25,9307
1412.32,9304
1413.36,9302
1419.06,9301
1420.09,9300
1423.54,9299
1424.58,9298
1425.89,9297
1427.04,9296
1428.09,9295
1430.44,9292
1431.5,9287
1433.84,9285
1436.59,9284
1444.22,9281
1445.6,9280
1451.04,9279
1452.2,9278
1453.38,9277
1454.71,9275
1456.81,9274
1459.11,9273
1460.2,9271
1461.32,9270
1464.69,9269
1468.45,9268
1471.84,9267
1475.13,9266
1476.25,9265
1477.39,9264
1478.61,9263
1480.72,9262
1485.32,9261
1486.82,9260
1487.94,9258
1491.26,9257
1492.36,9256
1493.6,9255
1495.71,9254
1496.8,9253
1498.02,9252
1499.09,9251
1500.22,9250
1501.46,9249
1504.83,9248
1506.27,9247
1510.24,9246
1511.42,9245
1512.67,9244
1513.88,9242
1515.09,9239
1516.14,9238
1517.4,9237
1518.49,9236
1520.72,9235
1521.91,9234
1522.98,9233
1524.11,9231
1525.28,9230
1526.55,9229
1527.71,9228
1528.93,9227
1531.14,9226
1532.42,9225
1534.67,9224
1535.79,9223
1536.99,9222
1538.02,9221
1539.1,9219
1540.29,9218
1541.42,9217
1542.52,9216
1553.14,9215
1554.23,9214
1555.32,9213
1556.45,9209
1564.52,9207
1565.55,9205
1569.6,9203
1570.7,9202
1572.06,9201
1573.25,9199
1575.66,9198
1577.81,9197
1578.9,9196
1580.12,9195
1582.3,9194
1583.53,9193
1584.68,9192
1585.87,9191
1587.07,9190
1588.41,9189
1589.51,9188
1590.61,9187
1591.88,9186
1595.32,9183
1597.59,9182
1598.72,9181
1599.94,9180
1600.98,9179
1602.04,9177
1603.31,9175
1604.42,9174
1605.51,9172
1608.07,9171
1609.34,9170
1613.28,9169
1614.4,9168
1615.66,9167
1616.7,9166
1617.79,9161
1619.01,9160
1625.61,9158
1626.86,9157
1628.38,9156
1631.07,9154
1636.99,9153
1639.35,9151
1641.37,9150
1642.54,9149
1643.73,9148
1651,9147
1652.08,9146
1653.22,9144
1656.61,9143
1657.73,9142
1659.98,9141
1661.11,9140
1662.31,9139
1663.4,9138
1664.45,9137
1665.57,9136
1666.74,9135
1667.82,9134
1669.07,9133
1670.26,9132
1671.32,9131
1672.36,9130
1673.6,9129
1674.72,9128
1675.8,9127
1676.89,9126
1678.18,9125
1679.26,9124
1680.37,9123
1681.47,9122
1682.68,9121
1683.79,9120
1686.1,9119
1687.28,9118
1688.47,9116
1691.25,9115
1692.44,9114
1693.75,9112
1697.4,9111
1701.86,9110
1702.9,9108
1704,9107
1706.29,9106
1707.4,9104
1708.49,9102
1709.9,9101
1712.07,9100
1719.02,9097
1723.48,9096
1725.81,9095
1726.99,9093
1729.34,9092
1733.89,9091
1740.75,9090
1744.56,9089
1745.66,9088
1746.8,9087
1750.88,9086
1752.08,9085
1753.46,9081
1762.73,9080
1763.79,9079
1765.07,9078
1766.18,9077
1767.31,9076
1769.66,9075
1770.73,9074
1773.01,9073
1775.39,9070
1782.22,9069
1783.41,9068
1784.61,9067
1788.21,9066
1789.35,9065
1790.38,9063
1791.49,9061
1792.63,9058
1799.58,9057
1800.82,9055
1804.39,9051
1805.61,9050
1820.36,9049
1821.39,9047
1826.86,9046
1828.07,9045
1829.22,9044
1830.36,9043
1831.59,9042
1833.7,9040
1834.95,9039
1836.21,9038
1839.51,9037
1841.65,9036
1844.07,9035
1845.13,9033
1852.12,9032
1853.38,9031
1858.19,9030
1859.38,9029
1860.47,9027
1862.87,9026
1869.53,9025
1870.95,9024
1872.08,9023
1873.44,9021
1874.75,9020
1875.91,9018
1881.99,9017
1884.25,9016
1886.5,9015
1887.6,9014
1888.68,9012
1889.9,9011
1891.06,9010
1894.58,9009
1901.65,9008
1902.9,9007
1903.94,9006
1906.34,9005
1907.4,9004
1911.1,9003
1914.58,9002
1915.7,9001
1919.29,8999
1920.39,8998
1925.11,8997
1927.44,8996
1928.56,8995
1931.14,8994
1932.43,8993
1933.85,8992
1935.06,8991
1936.25,8990
1938.99,8989
1940.08,8988
1941.24,8984
1946.69,8983
1949.5,8982
1950.56,8979
1952.84,8978
1956.09,8977
1958.69,8976
1959.81,8974
1963.22,8973
1964.47,8972
1966.68,8971
1973.31,8970
1974.41,8969
1975.44,8967
1976.68,8966
1979.14,8964
1989.47,8963
1990.69,8961
1993.37,8960
1996.1,8958
2000.02,8957
2001.14,8955
2002.18,8954
2004.42,8953
2007.94,8951
2010.12,8950
2011.41,8949
2013.56,8948
2014.69,8947
2015.86,8946
2018.26,8945
2019.66,8944
2020.71,8943
2021.79,8942
2023.11,8941
2025.35,8939
2029.74,8935
2032,8934
2035.52,8931
2045.11,8930
2046.36,8929
2047.63,8926
2048.89,8925
2056.23,8924
2058.85,8923
2063.63,8922
2064.7,8919
2065.88,8916
2075.11,8914
2082.19,8912
2086.76,8911
2089.07,8910
2092.3,8909
2093.46,8907
2094.61,8906
2095.74,8904
2104.77,8903
2107.11,8902
2110.51,8901
2113.01,8900
2115.49,8898
2118.1,8896
2126.36,8893
2129.83,8891
2130.91,8890
2133.29,8889
2136.89,8888
2138.05,8886
2143.93,8885
2147.76,8883
2153.35,8882
2154.39,8880
2155.49,8879
2157.71,8878
2161.4,8874
2167.48,8873
2169.79,8872
2170.86,8871
2172.39,8870
2173.57,8869
2176.12,8868
2177.34,8865
2183.33,8864
2184.42,8863
2185.49,8862
2186.66,8861
2187.88,8860
2188.97,8859
2190.03,8858
2192.41,8856
2194.58,8855
2196.86,8854
2201.47,8853
2202.75,8852
2205.08,8849
2206.4,8848
2207.66,8847
2216.89,8846
2217.94,8845
2225.22,8844
2226.32,8843
2227.69,8842
2231.15,8841
2232.25,8840
2234.73,8839
2236.02,8836
2237.23,8835
2238.52,8832
2239.77,8831
2243.3,8830
2245.48,8828
2252.78,8826
2253.89,8824
2258.44,8823
2259.52,8821
2268.78,8820
2269.92,8819
2271.03,8817
2273.09,8816
2274.31,8815
2275.37,8814
2286.91,8812
2290.52,8811
2291.63,8810
2299.37,8808
2308.54,8807
2310.82,8806
2313.09,8803
2322.04,8802
2323.1,8801
2329.94,8800
2330.95,8799
2331.97,8796
2336.55,8794
2342.48,8793
2343.76,8792
2344.93,8791
2347.3,8789
2350.95,8788
2363.03,8787
2364.15,8786
2366.36,8784
2374.32,8783
2375.42,8782
2376.61,8779
2381.14,8778
2383.24,8777
2384.53,8775
2385.57,8774
2387.79,8773
2389.1,8772
2393.53,8771
2395.74,8770
2396.77,8769
2399.04,8767
2400.25,8766
2404.85,8765
2408.21,8764
2409.35,8763
2419.22,8762
2423.95,8761
2425.98,8760
2427.17,8759
2429.36,8758
2430.47,8757
2431.62,8756
2432.66,8754
2433.75,8752
2454.56,8751
2455.61,8750
2456.67,8748
2458.98,8747
2461.23,8746
2462.47,8745
2470.47,8744
2474.08,8743
2475.29,8742
2476.42,8741
2477.74,8736
2482.96,8735
2486.34,8734
2487.37,8733
2492.89,8732
2494.11,8731
2495.26,8729
2496.36,8728
2501.12,8726
2502.2,8724
2505.66,8723
2506.71,8722
2511.65,8721
2515.08,8718
2517.36,8716
2518.47,8715
2527.67,8714
2532.33,8713
2533.48,8712
2534.69,8711
2535.83,8710
2537.16,8709
2544.51,8708
2548.09,8707
2549.43,8706
2552.67,8704
2553.74,8703
2566.35,8702
2571.8,8701
2572.97,8700
2577.22,8699
2578.34,8698
2580.87,8697
2583.28,8694
2595.98,8693
2600.86,8692
2603.68,8689
2604.74,8687
2605.84,8685
2606.9,8684
2611.43,8683
2613.55,8682
2615.92,8681
2617.11,8680
2621.52,8677
2623.98,8675
2626.02,8674
2633.52,8673
2635.64,8672
2636.79,8669
2646.79,8668
2651.34,8667
2654.59,8666
2655.72,8665
2660.27,8664
2664.89,8662
2666.03,8661
2674.68,8660
2675.7,8659
2676.78,8658
2678.95,8657
2680.07,8656
2684.45,8655
2685.56,8654
2687.64,8653
2688.98,8652
2691.03,8649
2695.24,8646
2703.65,8645
2705.81,8643
2706.8,8642
2717,8641
2721.53,8640
2722.75,8639
2724.08,8638
2725.23,8637
2726.25,8636
2730.66,8635
2731.84,8634
2734.88,8633
2738.07,8632
2741.24,8631
2744.48,8630
2746.61,8629
2747.71,8624
2752.32,8622
2757.61,8620
2760.75,8619
2764.96,8618
2769.51,8617
2770.53,8616
2772.56,8614
2777.14,8613
2781.76,8611
2787.34,8610
2792.82,8609
2793.86,8608
2794.87,8606
2795.93,8605
2797.01,8604
2800.26,8603
2805.58,8600
2811.16,8598
2814.34,8597
2818.79,8596
2825.37,8595
2826.35,8594
2828.5,8593
2839.96,8592
2845.58,8591
2846.66,8590
2855.47,8588
2857.48,8584
2864.97,8583
2869.18,8582
2870.32,8580
2871.48,8579
2872.48,8578
2873.58,8577
2875.65,8576
2876.67,8573
2880.94,8572
2888.18,8570
2889.34,8569
2891.57,8568
2895.75,8567
2899.28,8565
2902.76,8564
2903.93,8563
2905.21,8562
2906.28,8561
2914.58,8560
2924.05,8557
2929.25,8555
2930.33,8554
2945.63,8553
2951.33,8552
2952.53,8551
2954.53,8549
2955.68,8548
2962.52,8547
2963.79,8546
2964.85,8545
2965.88,8542
2967.97,8541
2971.18,8540
2972.44,8538
2977.73,8537
2978.88,8536
2986.33,8534
2990.6,8533
2994,8532
2999.09,8531
3000.1,8530
3002.21,8529
3004.21,8528
3005.34,8527
3007.32,8526
3009.4,8525
3010.46,8524
3012.93,8523
3021.82,8522
3026.28,8521
3034.83,8520
3035.82,8519
3044.21,8518
3047.27,8517
3048.38,8516
3050.44,8515
3054.07,8514
3056.17,8511
3057.17,8510
3058.17,8507
3077.64,8506
3086.77,8505
3087.82,8504
3089.97,8501
3092.06,8500
3099.58,8499
3101.6,8498
3104.71,8496
3113.38,8493
3119.01,8492
3119.98,8491
3127.21,8489
3131.45,8487
3140.63,8486
3141.73,8485
3147.2,8481
3163.67,8480
3166.79,8478
3173.16,8477
3176.3,8476
3184,8475
3194.44,8474
3195.46,8472
3196.48,8471
3207.05,8470
3210.31,8469
3212.27,8468
3219.44,8467
3224.91,8466
3227.97,8465
3229.11,8463
3233.26,8462
3234.33,8461
3235.31,8460
3246.27,8459
3247.33,8458
3248.55,8456
3252.84,8455
3255.95,8453
3260.53,8452
3262.96,8449
3278.14,8448
3279.15,8446
3281.48,8445
3282.54,8444
3286.74,8443
3288.95,8441
3297.41,8440
3303.87,8439
3311.45,8438
3323.74,8437
3324.85,8436
3326,8435
3340.8,8434
3341.89,8433
3348.26,8431
3361.25,8430
3371.77,8429
3372.9,8428
3373.9,8427
3374.89,8426
3376.06,8425
3379.28,8423
3392.91,8422
3397,8421
3402.03,8420
3404.29,8419
3405.27,8417
3407.43,8416
3413.77,8414
3420.51,8413
3423.97,8410
3437.89,8409
3444.91,8408
3449.52,8407
3454.12,8406
3457.11,8405
3462.31,8404
3463.26,8403
3465.68,8402
3466.77,8401
3475.09,8400
3479.48,8399
3480.57,8398
3481.64,8397
3489.04,8396
3491.03,8391
3492.06,8389
3499.44,8388
3532.12,8386
3563.39,8383
3565.7,8382
3602.31,8381
3603.33,8380
3613.78,8378
3617.07,8376
3630.3,8375
3634.57,8373
3645.09,8372
3652.66,8371
3655.87,8370
3657.89,8369
3659.02,8368
3660.07,8367
3662.08,8366
3679.91,8365
3685.69,8364
3687.02,8363
3688.11,8360
3692.42,8359
3694.65,8356
3695.73,8355
3706.01,8352
3712.65,8351
3715.82,8350
3719.21,8349
3720.25,8347
3723.33,8346
3728.76,8345
3730.76,8344
3737.2,8338
3769.08,8337
3771.25,8336
3772.25,8335
3784.01,8334
3788.27,8333
3794.73,8331
3797.87,8330
3798.93,8329
3799.96,8328
3804.62,8326
3818.94,8325
3828.09,8321
3856.54,8320
3859.54,8319
3876.45,8318
3878.54,8317
3881.84,8316
3885.02,8315
3885.99,8314
3892.24,8313
3893.28,8312
3894.34,8311
3895.51,8309
3907.16,8308
3917.52,8306
3943.8,8305
3945.93,8304
3946.91,8303
3953.48,8301
3971.48,8300
3973.52,8299
3977.63,8298
3978.63,8297
3979.79,8296
3980.78,8294
3997.43,8293
4001.66,8292
4002.76,8291
4003.78,8290
4008.82,8289
4011.14,8288
4026.33,8286
4027.34,8284
4052.39,8283
4063.86,8281
4072.46,8280
4077.87,8279
4081.15,8278
4086.29,8277
4087.36,8276
4088.43,8275
4098.81,8274
4106.62,8273
4115.56,8272
4117.49,8271
4118.58,8270
4126.03,8268
4133.35,8266
4152.09,8265
4154.38,8264
4159.47,8263
4160.53,8262
4163.7,8261
4181.73,8260
4185.02,8259
4194.37,8258
4195.52,8257
4198.69,8256
4211.24,8254
4225,8253
4226.21,8252
4232.93,8251
4244.61,8250
4248.7,8249
4256.5,8247
4257.65,8245
4258.65,8244
4318.43,8243
4327,8241
4336.59,8240
4339.69,8238
4347.19,8236
4348.34,8235
4352.93,8231
4374.35,8230
4377.75,8227
4425.83,8226
4426.9,8223
4453.02,8221
4483.23,8219
4494.96,8218
4497.04,8217
4498.12,8216
4499.08,8212
4516.17,8211
4521.59,8210
4527.03,8209
4528.26,8208
4537.19,8207
4541.34,8206
4542.29,8202
4543.35,8201
4550.83,8200
4551.91,8199
4552.93,8198
4555.04,8196
4559.35,8195
4567.93,8194
4575.3,8193
4577.3,8192
4595.03,8191
4600.18,8190
4603.24,8189
4608.69,8188
4609.77,8186
4622.68,8184
4625.99,8183
4629.11,8181
4664.01,8180
4673.63,8179
4685.43,8178
4695.89,8177
4696.85,8176
4698.01,8175
4708.78,8174
4766.12,8173
4814.84,8172
4821,8171
4859.18,8170
4887.58,8169
4888.66,8168
4893.27,8166
4960.51,8165
4973.22,8164
4986.87,8163
4993.17,8161
5035.22,8160
5039.57,8159
5042.48,8158
5043.79,8157
5050.98,8156
5054.08,8155
5078.1,8154
5080.23,8153
5084.61,8152
5085.68,8149
5086.68,8148
5111.99,8144
5114.06,8143
5130.02,8142
5136.9,8140
5150.68,8139
5162.55,8138
5166.79,8136
5171.03,8135
5175.25,8134
5179.44,8133
5180.58,8129
5204.29,8128
5222.66,8126
5223.72,8125
5237.48,8123
5256.5,8122
5298.77,8121
5301.91,8119
5319.46,8117
5325.72,8116
5337.38,8114
5349.24,8113
5351.71,8112
5352.7,8111
5367.72,8110
5380.14,8109
5396.18,8108
5397.45,8107
5399.51,8106
5406.69,8105
5410.79,8104
5412.96,8103
5419.69,8102
5422.74,8101
5423.84,8099
5425.81,8098
5437.11,8097
5446.56,8096
5468.11,8095
5469.11,8094
5489.55,8093
5501.85,8092
5514.33,8091
5521.46,8090
5522.47,8088
5524.57,8086
5527.6,8085
5545.55,8084
5548.84,8083
5549.81,8082
5563.52,8081
5570.12,8080
5580.89,8079
5584.07,8078
5585.08,8077
5590.33,8076
5599.73,8075
5642.29,8073
5671.92,8072
5676.55,8071
5689.32,8070
5691.44,8069
5699.03,8068
5713.36,8066
5722.14,8065
5729.68,8062
5730.68,8061
5768.41,8060
5769.38,8059
5799.78,8058
5805.95,8057
5807.16,8055
5815.45,8054
5821.17,8053
5832.62,8052
5844.38,8050
5867.56,8049
5872.91,8048
5888.91,8047
5918.48,8046
5919.65,8045
5934.6,8044
5942.49,8043
5947.6,8042
5951.94,8041
5957.13,8038
6008.07,8037
6035.58,8036
6055.82,8035
6059.39,8034
6066.88,8032
6067.92,8031
6070,8030
6104.33,8029
6110.42,8028
6120.32,8027
6121.37,8026
6124.62,8025
6126.92,8024
6127.89,8023
6129.86,8021
6193.28,8019
6196.38,8018
6202.5,8017
6210.14,8014
6236.11,8013
6239.3,8012
6250.03,8011
6289.5,8009
6303.1,8008
6312.97,8006
6318.38,8005
6325.6,8004
6350.47,8003
6367.7,8002
6422.56,8000
6428.05,7999
6432.5,7998
6435.62,7995
6486.02,7994
6487.1,7993
6498.74,7992
6512.33,7991
6537.1,7990
6538.14,7989
6567,7987
6570.21,7984
6571.21,7983
6585.99,7982
6606.99,7981
6611.17,7980
6612.26,7979
6625.8,7978
6684.64,7977
6779.21,7976
6780.22,7975
6788.79,7974
6858,7973
6865.31,7972
6868.47,7971
6882.62,7970
6896.64,7968
6915.65,7967
6992.35,7966
7009.09,7965
7029.46,7964
7055.81,7963
7079.02,7962
7155.71,7961
7189.69,7960
7219.35,7959
7224.55,7958
7226.51,7957
7244.67,7956
7248.08,7953
7255.59,7952
7326.91,7951
7329.05,7949
7338.38,7948
7342.83,7947
7355.36,7946
7362.24,7945
7363.54,7944
7365.77,7943
7366.92,7941
7370.45,7940
7374.79,7939
7396.7,7937
7450.14,7936
7453.92,7931
7581.96,7930
7599.8,7929
7614.4,7928
7643.19,7927
7644.23,7926
7651.44,7925
7655.69,7924
7759.48,7922
7775.03,7920
7793.11,7919
7794.12,7918
7795.22,7917
7819.58,7916
7824.61,7915
7834.22,7914
7836.27,7913
7846.02,7911
7863.59,7910
7873.87,7909
8006.44,7908
8052.67,7907
8055.25,7906
8061.5,7905
8079.45,7903
8112.8,7901
8121.75,7900
8164.91,7899
8168.99,7898
8173.04,7897
8175.21,7896
8254.1,7895
8268.17,7894
8686.52,7893
8717.99,7891
8740.15,7890
8748.29,7889
8833.41,7887
8851.22,7885
8854.32,7884
8892.76,7883
8895.85,7882
8904.12,7881
9003.51,7880
9004.5,7879
9013.99,7877
9018.07,7876
9019.2,7875
9065.97,7874
9354.36,7872
9374.37,7871
9375.36,7870
9376.34,7869
9390.04,7868
9496.11,7867
9504.35,7866
9525.18,7865
9530.48,7864
9531.52,7863
9582.55,7861
9583.51,7860
9584.51,7859
9586.65,7857
10423.9,7856
10450.6,7855
10720.4,7854
10721.5,7853
10745,7852
10750.2,7851
10787.9,7850
10792.2,7849
10793.2,7848
10794.3,7847
10842.9,7846
10853.2,7845
10860.7,7844
10878.4,7843
10881.6,7842
10883.9,7841
10884.9,7840
10928.8,7839
10968.8,7838
10971.9,7837
10993,7836
10997.1,7835
12909.9,7834
12998.8,7833
13727.5,7831
13728.6,7829
13731.6,7827
14296.5,7826
14302.5,7825
14332,7824
14348.2,7821
14411,7820
14739.7,7819
14741.7,7818
14742.7,7816
14744.8,7815
14772.9,7814
15073.3,7812
15080.4,7811
15082.5,7810
16225.6,7809
16274.4,7808
16275.4,7807
16276.6,7806
16280.7,7805
16281.7,7804
17519.8,7803
17520.7,7802
17521.7,7801
17531.8,7800
17543.4,7799
17551.9,7798
17552.9,7797
17562.3,7795
17568.4,7794
17811.5,7793
17826.7,7792
17828.9,7791
18337.3,7790
18339.5,7789
23644.2,7788
23650.2,7786
23655.6,7785
23660.2,7784
23686.8,7783
23688.8,7782
23802.5,7781
23833.2,7780
23843.4,7779
23851.8,7778
23857.4,7777
23859.5,7776
23860.6,7775
24029.6,7774
24032.6,7773
24053.7,7772
24061,7771
34738.4,7770
34739.4,7769
35362.9,7768
35763.8,7767
35764.9,7766
35765.9,7765
35766.8,7763
36140.4,7762
47574.1,7760
47671,7759
47680.2,7758
47699.9,7757
47884.5,7756
47892.2,7755
47894.3,7754
47896.2,7753
47922.5,7752
47924.8,7751
47932.7,7750
47933.7,7749
47934.9,7748
47940,7747
47947.1,7746
48231.8,7745
48234.9,7744
57427,7741
57446.2,7740
57448.4,7739
57453.5,7738
57636.9,7737
57638,7736
57666.2,7734
60271.9,7733
60647.6,7732
60659.4,7731
60660.4,7730
60662.8,7729
60665.1,7728
60818,7727
66950.1,7726
67402.3,7725
76889.8,7724
76896.2,7721
76944,7720
76945,7719
77201,7718
77245,7717
77258.3,7716
77259.4,7715
77302.4,7714
77318.3,7713
77335,7711
77337.4,7710
