3.12135,14108
4.87331,14107
6.48475,14106
8.22798,14105
9.89817,14104
11.462,14103
13.2474,14102
15.0282,14101
16.7686,14100
18.3603,14098
20.0671,14096
21.6325,14095
23.4107,14094
25.0498,14093
26.6494,14091
28.3691,14088
30.0052,14086
31.6671,14084
33.2622,14082
34.8468,14077
36.5886,14074
38.2565,14072
40.0577,14071
41.6462,14066
43.392,14065
45.1383,14063
46.7186,14061
48.4003,14060
50.0698,14059
51.9843,14054
53.71,14053
55.535,14050
57.3482,14048
59.1155,14046
60.865,14045
62.4447,14044
64.1581,14043
65.777,14041
67.5567,14039
69.2439,14037
70.9932,14033
72.6199,14029
74.2683,14025
76.2172,14024
77.8531,14021
79.6084,14014
81.237,14013
82.989,14009
84.7206,14005
86.4725,14000
88.1237,13997
89.9333,13996
91.885,13994
93.6065,13992
95.4467,13989
97.0265,13986
98.7538,13978
100.375,13974
102.018,13972
103.723,13969
105.411,13967
107.244,13965
108.922,13962
111.131,13961
112.829,13959
114.778,13956
116.502,13954
118.394,13953
119.968,13947
121.562,13945
123.336,13937
124.918,13935
126.624,13932
128.31,13930
130.168,13929
131.774,13926
133.468,13923
135.502,13921
137.108,13918
138.832,13917
140.413,13916
142.075,13909
143.778,13907
145.446,13906
147.034,13903
148.707,13901
150.743,13900
152.565,13898
154.327,13896
155.987,13894
157.638,13892
159.28,13887
160.905,13886
162.639,13885
164.212,13882
165.932,13877
167.479,13875
169.151,13872
171.025,13869
172.797,13868
174.649,13861
176.317,13860
178.245,13857
179.791,13855
181.515,13854
183.152,13852
184.807,13846
186.405,13844
188.033,13842
189.779,13841
191.475,13837
193.183,13834
194.712,13833
196.321,13825
197.886,13821
199.499,13820
201.194,13817
202.767,13816
204.545,13814
206.142,13813
207.929,13811
209.98,13810
211.784,13808
213.529,13804
215.319,13802
217.058,13800
218.627,13798
220.386,13791
221.92,13786
223.61,13783
225.242,13781
226.767,13778
228.458,13775
230.04,13773
232.262,13769
234.097,13766
235.934,13764
237.644,13761
239.521,13760
241.31,13757
243.053,13752
244.781,13744
246.324,13743
248.056,13742
249.717,13740
251.528,13738
253.145,13735
254.727,13734
256.588,13732
258.231,13731
259.985,13730
261.685,13728
263.377,13727
265.032,13726
266.66,13724
268.374,13723
269.952,13717
271.778,13716
273.369,13710
275.111,13708
276.735,13707
278.354,13706
280.133,13703
281.806,13701
283.648,13699
285.37,13697
287.616,13696
289.762,13693
291.937,13692
293.848,13688
295.932,13686
297.888,13677
299.836,13676
301.584,13675
303.376,13671
305.005,13669
306.622,13667
308.457,13659
310.265,13656
312.465,13653
314.192,13652
316.237,13650
317.817,13648
319.516,13647
321.099,13646
322.711,13645
324.534,13632
326.063,13629
327.89,13624
329.736,13621
331.407,13620
333.111,13614
334.827,13609
336.486,13607
338.061,13605
339.859,13604
341.428,13603
343.122,13601
344.74,13600
346.34,13597
348.01,13596
349.533,13595
351.443,13592
353.3,13585
355.128,13584
356.842,13583
358.81,13582
360.452,13575
362.106,13574
363.819,13573
365.532,13572
367.286,13565
368.891,13563
370.616,13562
372.243,13561
373.961,13556
375.98,13550
377.687,13546
379.448,13545
381.027,13544
382.811,13542
384.583,13538
386.352,13537
387.943,13533
389.534,13532
391.438,13528
393.375,13525
395.333,13524
396.902,13522
398.651,13521
400.214,13519
401.767,13516
403.472,13514
405.078,13510
406.817,13509
408.342,13506
410.047,13505
411.747,13504
413.512,13503
415.347,13502
417.042,13493
419.099,13487
420.737,13486
422.467,13485
424.078,13483
426.186,13481
428.198,13479
430.231,13477
432.003,13473
433.823,13472
435.505,13471
437.168,13466
439.028,13465
440.611,13463
442.298,13462
444.296,13461
446.141,13460
447.749,13457
449.593,13453
451.25,13450
452.831,13448
454.534,13447
456.219,13442
457.957,13438
459.542,13431
461.246,13429
462.905,13428
464.657,13425
466.392,13423
467.962,13422
469.71,13421
471.409,13420
473.221,13417
474.987,13410
476.712,13409
478.601,13405
480.322,13402
482,13400
483.604,13397
485.4,13395
486.996,13391
488.636,13389
490.349,13387
491.93,13385
493.625,13383
495.256,13379
496.978,13376
498.788,13375
500.519,13373
502.235,13372
503.775,13371
505.652,13369
507.28,13367
509.107,13366
510.783,13365
512.471,13363
514.108,13361
515.667,13358
517.464,13352
519.093,13350
520.862,13345
522.369,13343
524.101,13342
525.868,13339
527.446,13337
529.201,13332
530.852,13331
532.831,13329
534.577,13326
536.444,13321
538.161,13317
540.119,13314
541.942,13313
543.664,13309
545.498,13308
547.07,13307
548.862,13306
550.461,13304
552.169,13301
553.706,13296
555.348,13293
557.01,13289
558.576,13288
560.33,13287
562.044,13286
563.717,13284
565.44,13282
567.122,13275
568.777,13267
570.356,13266
572.038,13265
573.536,13264
575.215,13262
576.891,13261
578.57,13260
580.283,13259
581.828,13257
583.61,13255
585.198,13252
587.043,13251
588.678,13250
590.271,13245
591.966,13244
593.647,13242
595.467,13240
597.206,13236
599.04,13233
600.789,13230
602.493,13227
604.129,13226
605.808,13224
607.582,13222
609.19,13220
610.891,13217
612.482,13216
614.08,13214
615.732,13207
617.262,13201
618.929,13198
620.476,13195
622.138,13193
623.734,13191
625.283,13189
627.109,13188
628.698,13187
630.421,13186
631.969,13185
633.566,13184
635.225,13182
636.94,13181
638.817,13178
640.639,13174
642.677,13171
644.267,13170
645.919,13162
647.717,13157
649.336,13154
651.049,13153
652.654,13151
654.693,13148
656.373,13147
658.715,13146
660.761,13144
663.057,13143
664.546,13142
667.415,13141
669.314,13139
671.368,13138
673.592,13137
675.646,13135
677.54,13134
679.226,13132
680.815,13130
682.76,13127
684.481,13121
686.35,13120
687.892,13114
689.538,13113
691.42,13107
693.474,13105
695.256,13103
696.782,13097
698.495,13095
700.064,13094
701.738,13093
703.305,13091
704.944,13089
706.62,13085
708.185,13084
709.93,13080
711.563,13076
713.487,13074
715.305,13073
717.041,13072
718.856,13071
720.528,13067
722.344,13063
723.964,13061
725.635,13058
727.179,13056
728.994,13052
730.76,13051
732.654,13048
734.671,13047
736.487,13046
738.489,13045
740.146,13042
742.066,13041
743.766,13040
745.458,13039
747.048,13038
748.724,13036
750.413,13029
751.929,13028
753.674,13027
755.282,13024
757.037,13020
759.162,13019
761.177,13017
762.808,13016
764.387,13012
766.055,13011
767.61,13009
769.439,13008
770.936,13007
772.536,13004
774.138,13002
775.787,12995
777.675,12994
779.541,12993
781.387,12990
783.158,12983
785.099,12982
786.756,12981
788.409,12980
790.236,12977
791.8,12973
793.537,12972
795.219,12971
796.986,12969
798.594,12964
800.331,12962
801.999,12957
803.692,12955
805.431,12952
807.103,12951
808.857,12949
810.573,12947
812.212,12946
813.859,12943
815.465,12942
817.212,12941
818.839,12935
820.687,12933
822.278,12932
824.012,12929
825.702,12928
827.275,12925
829.175,12921
830.798,12920
832.765,12918
834.405,12915
836.036,12911
837.822,12908
839.84,12906
841.713,12904
843.851,12901
845.643,12900
847.214,12899
849.405,12897
851.065,12893
852.843,12891
854.476,12889
856.123,12888
857.767,12887
859.357,12885
861.23,12884
863.01,12882
864.81,12880
866.453,12878
868.239,12876
869.982,12874
871.603,12872
873.295,12871
874.894,12870
876.605,12866
878.222,12862
879.892,12857
881.593,12854
883.197,12853
884.87,12850
886.496,12844
888.288,12842
890.032,12841
891.7,12840
893.283,12839
894.828,12837
896.559,12835
898.275,12834
900.186,12833
901.908,12832
903.774,12831
905.546,12830
907.162,12829
908.827,12826
910.564,12825
912.306,12823
913.888,12818
915.704,12816
917.227,12814
918.848,12813
920.579,12811
922.209,12809
923.935,12808
925.482,12807
927.202,12802
928.847,12801
930.511,12800
932.347,12799
934.21,12798
936.269,12796
937.891,12794
939.672,12792
941.309,12789
943.596,12782
945.242,12774
946.896,12773
948.488,12771
950.049,12770
951.789,12769
953.364,12767
955.026,12765
956.6,12764
958.426,12763
960.242,12761
962.185,12760
963.934,12759
965.653,12758
967.45,12757
969.011,12754
970.748,12753
972.367,12750
973.937,12749
975.687,12748
977.546,12747
979.311,12745
981.051,12744
982.835,12742
984.668,12740
986.61,12738
988.22,12737
989.873,12733
991.743,12732
993.496,12731
995.285,12728
996.803,12727
998.563,12725
1000.15,12724
1002.01,12722
1003.8,12721
1005.53,12716
1007.66,12715
1009.5,12714
1011.42,12713
1013.04,12712
1014.81,12711
1016.33,12709
1018.05,12707
1019.85,12706
1021.67,12705
1023.93,12704
1025.91,12702
1027.72,12700
1029.45,12698
1031.24,12697
1032.8,12695
1034.53,12693
1036.09,12691
1037.68,12684
1039.35,12683
1040.9,12682
1042.82,12680
1044.43,12679
1045.99,12677
1047.58,12674
1049.1,12673
1050.81,12669
1052.33,12662
1054.03,12656
1055.6,12655
1057.14,12654
1058.8,12653
1060.35,12652
1062.44,12651
1064.26,12650
1066.03,12649
1067.78,12648
1069.56,12646
1071.21,12645
1073,12643
1074.74,12642
1076.28,12640
1078.05,12638
1079.75,12636
1081.5,12635
1083.38,12633
1085.15,12626
1086.88,12622
1088.67,12620
1090.4,12618
1091.93,12615
1093.53,12613
1095.21,12609
1096.8,12606
1098.48,12605
1100.19,12604
1102.14,12603
1103.73,12601
1105.45,12599
1107.25,12595
1109.03,12593
1110.78,12591
1112.3,12589
1114.25,12587
1115.97,12585
1117.6,12584
1119.16,12583
1120.81,12582
1122.43,12581
1124.09,12577
1125.82,12574
1127.38,12571
1129.21,12569
1130.8,12568
1132.73,12564
1134.86,12561
1136.51,12556
1138.18,12555
1139.97,12554
1142.06,12551
1143.79,12550
1145.63,12548
1147.32,12546
1149.64,12545
1151.58,12544
1153.53,12543
1155.26,12540
1157.08,12538
1158.64,12537
1160.27,12535
1161.91,12533
1163.52,12530
1165.53,12529
1167.36,12528
1169.28,12527
1170.83,12526
1172.47,12525
1174.03,12521
1175.74,12517
1177.44,12516
1178.95,12514
1180.67,12513
1182.31,12512
1184.12,12510
1185.86,12508
1187.56,12507
1189.65,12505
1191.29,12504
1193.13,12503
1194.82,12500
1196.56,12499
1198.1,12495
1199.89,12494
1201.91,12493
1203.89,12492
1205.58,12491
1207.3,12490
1209.27,12489
1210.8,12488
1212.51,12487
1214.01,12486
1215.76,12485
1217.33,12484
1218.86,12482
1220.56,12480
1222.12,12478
1223.81,12475
1225.4,12473
1227.13,12472
1228.87,12471
1230.53,12470
1232.51,12468
1234.2,12466
1235.9,12463
1237.45,12457
1239.04,12456
1240.65,12453
1242.22,12452
1243.95,12447
1245.51,12446
1247.2,12445
1248.8,12444
1250.52,12443
1252.26,12440
1253.79,12436
1255.47,12434
1257.51,12433
1259.89,12432
1261.55,12427
1263.5,12425
1265.38,12419
1267.57,12418
1269.22,12417
1272.01,12416
1273.51,12413
1275.11,12410
1276.82,12408
1278.51,12407
1280.31,12406
1281.88,12405
1283.66,12402
1285.28,12399
1287.02,12396
1288.58,12395
1290.09,12393
1291.99,12392
1293.64,12391
1295.43,12390
1297.1,12389
1298.79,12388
1300.64,12387
1302.35,12386
1303.98,12383
1305.54,12382
1307.24,12380
1308.77,12379
1310.43,12378
1312.05,12377
1313.63,12376
1315.37,12375
1317.05,12372
1318.71,12369
1320.32,12368
1322.01,12365
1324.05,12363
1326.07,12361
1327.95,12359
1329.7,12357
1331.39,12355
1332.94,12351
1334.66,12350
1336.25,12349
1338.1,12348
1339.67,12345
1341.23,12343
1342.96,12340
1344.59,12339
1346.27,12337
1347.82,12334
1349.47,12332
1351.12,12331
1352.65,12330
1354.36,12329
1355.89,12328
1357.73,12327
1359.29,12326
1360.87,12323
1362.55,12322
1364.09,12319
1365.73,12317
1367.21,12316
1368.85,12315
1370.52,12313
1372.31,12311
1374.16,12308
1375.69,12307
1377.5,12303
1379.11,12299
1380.82,12298
1382.52,12295
1384.34,12294
1386.09,12292
1387.82,12291
1389.59,12290
1391.21,12288
1392.88,12287
1394.4,12286
1396.03,12285
1397.67,12284
1399.49,12283
1401.12,12282
1402.71,12281
1404.42,12275
1405.96,12272
1407.56,12271
1409.23,12270
1410.92,12267
1412.55,12266
1414.04,12264
1415.7,12261
1417.42,12260
1419.12,12259
1420.96,12258
1422.51,12256
1424.41,12255
1425.98,12254
1427.58,12253
1429.27,12252
1430.89,12250
1432.85,12248
1434.48,12245
1436.29,12244
1437.87,12243
1439.84,12242
1441.7,12238
1443.7,12237
1445.41,12236
1447.17,12233
1448.94,12232
1450.5,12231
1452.22,12228
1453.74,12225
1455.4,12223
1456.97,12222
1458.7,12220
1460.43,12219
1462,12217
1463.77,12216
1465.37,12215
1467.07,12214
1468.79,12213
1470.54,12212
1472.17,12211
1473.69,12210
1475.41,12209
1476.91,12206
1478.63,12201
1480.43,12199
1482.12,12197
1483.84,12194
1485.38,12193
1487.02,12192
1488.63,12190
1490.31,12189
1491.96,12185
1493.52,12183
1495.17,12182
1496.78,12181
1498.36,12180
1500.19,12178
1501.93,12175
1503.69,12173
1505.39,12171
1507.19,12170
1508.89,12169
1510.6,12167
1512.13,12165
1513.68,12164
1515.32,12163
1516.84,12159
1518.52,12153
1520.23,12152
1521.85,12150
1523.45,12149
1524.96,12148
1526.62,12147
1528.18,12146
1529.83,12145
1531.39,12144
1532.9,12143
1534.58,12137
1536.08,12134
1537.78,12131
1539.35,12126
1541.12,12125
1542.67,12124
1544.21,12122
1545.88,12121
1547.38,12117
1548.98,12116
1550.61,12114
1552.2,12113
1553.86,12110
1555.41,12109
1557.05,12107
1558.73,12106
1560.6,12105
1562.5,12102
1564.16,12101
1566.06,12100
1567.7,12097
1569.46,12094
1571.1,12093
1572.79,12092
1574.31,12089
1575.88,12088
1577.68,12085
1579.53,12083
1581.39,12079
1582.99,12078
1584.79,12077
1586.48,12076
1588.07,12074
1589.68,12072
1591.24,12070
1593.14,12067
1594.8,12066
1596.53,12064
1598.07,12057
1599.62,12056
1601.37,12055
1602.87,12053
1604.52,12052
1606.07,12051
1607.66,12047
1609.2,12046
1610.79,12045
1612.48,12042
1614.01,12041
1615.76,12040
1617.3,12038
1618.84,12036
1620.48,12035
1622.29,12032
1624.11,12029
1625.78,12028
1627.62,12026
1629.32,12023
1630.89,12022
1632.49,12020
1634.01,12019
1635.68,12018
1637.21,12017
1638.83,12016
1640.4,12013
1642.11,12010
1643.91,12009
1645.45,12008
1647.12,12005
1648.69,12003
1650.26,12002
1651.97,12001
1653.47,12000
1655.19,11996
1656.69,11991
1658.37,11990
1659.97,11984
1661.74,11983
1663.36,11982
1664.87,11980
1666.52,11978
1668.01,11976
1669.65,11974
1671.16,11973
1672.73,11971
1674.46,11969
1675.95,11965
1677.66,11963
1679.27,11962
1680.87,11961
1682.67,11960
1684.3,11959
1686.17,11957
1687.96,11956
1689.89,11953
1691.41,11952
1692.98,11951
1694.57,11950
1696.12,11948
1697.76,11947
1699.38,11945
1701.02,11942
1702.65,11938
1704.2,11937
1705.92,11936
1707.49,11935
1709.48,11933
1711.62,11932
1713.69,11931
1715.35,11928
1716.93,11927
1718.51,11925
1720.19,11924
1721.92,11923
1723.85,11921
1725.48,11919
1727.25,11918
1729.24,11917
1730.95,11915
1733.18,11914
1734.74,11910
1736.34,11907
1737.94,11904
1739.64,11902
1741.36,11900
1743.23,11898
1745.08,11897
1746.78,11896
1748.55,11895
1750.32,11894
1751.92,11893
1753.7,11892
1755.27,11891
1756.91,11886
1758.45,11884
1760.09,11882
1761.71,11878
1763.49,11875
1765.18,11874
1766.76,11871
1768.46,11868
1770,11867
1771.53,11866
1773.33,11865
1774.84,11864
1776.52,11862
1778.06,11860
1779.65,11859
1781.21,11858
1782.74,11857
1784.49,11856
1785.97,11855
1787.58,11854
1789.17,11853
1790.7,11851
1792.4,11850
1794.13,11848
1795.79,11847
1797.37,11846
1798.93,11845
1800.57,11844
1802.19,11842
1804.15,11841
1805.75,11840
1807.53,11839
1809.23,11837
1811,11833
1812.65,11828
1814.27,11826
1816,11825
1817.52,11824
1819.15,11822
1820.78,11821
1822.33,11819
1824.03,11814
1825.53,11813
1827.44,11812
1829.17,11810
1830.76,11808
1832.41,11806
1834.21,11805
1835.9,11803
1837.42,11800
1839.08,11797
1840.64,11796
1842.39,11795
1844.12,11793
1845.74,11791
1847.43,11790
1848.97,11786
1850.63,11782
1852.29,11781
1854,11780
1855.68,11776
1857.21,11775
1859.05,11774
1860.59,11773
1862.36,11772
1864.15,11771
1865.99,11770
1867.72,11769
1869.53,11768
1871.28,11767
1872.8,11766
1874.7,11765
1876.64,11763
1878.96,11762
1880.64,11760
1882.44,11758
1884.29,11757
1886.4,11756
1888.11,11755
1889.82,11754
1891.62,11753
1893.41,11752
1895.33,11749
1896.97,11746
1899.07,11745
1900.73,11743
1902.46,11739
1904.1,11738
1906.27,11736
1908.12,11735
1909.94,11734
1911.66,11733
1913.46,11732
1915.18,11730
1916.78,11729
1918.48,11724
1920.25,11723
1921.87,11721
1923.73,11720
1925.87,11719
1927.56,11718
1929.5,11716
1931.19,11715
1932.92,11714
1934.49,11711
1936.19,11710
1937.8,11709
1939.35,11708
1941.16,11707
1942.74,11706
1944.57,11704
1946.21,11700
1947.9,11699
1949.58,11697
1951.1,11696
1952.87,11694
1954.57,11693
1956.36,11692
1957.87,11691
1959.44,11690
1961.32,11688
1962.86,11687
1964.59,11685
1966.25,11683
1967.85,11682
1969.53,11681
1971.04,11679
1972.73,11678
1974.37,11673
1976.1,11672
1977.72,11671
1979.37,11670
1981.13,11669
1982.67,11668
1984.6,11667
1986.24,11666
1988.06,11664
1989.78,11663
1991.63,11662
1993.26,11661
1994.88,11660
1996.74,11659
1998.25,11658
2000.02,11654
2001.69,11653
2003.31,11652
2004.97,11651
2006.62,11650
2008.33,11648
2010.01,11647
2011.71,11646
2013.3,11644
2015.06,11643
2016.74,11641
2018.31,11640
2019.97,11638
2021.76,11637
2023.41,11635
2024.97,11634
2026.56,11633
2028.26,11629
2029.75,11628
2031.54,11627
2033.26,11622
2035.06,11621
2036.68,11619
2038.27,11618
2040.16,11616
2041.93,11613
2043.86,11612
2045.59,11611
2047.52,11609
2049.15,11608
2050.89,11607
2052.73,11605
2054.31,11602
2055.97,11600
2057.54,11599
2059.26,11597
2060.95,11596
2062.75,11590
2064.49,11589
2066,11588
2067.94,11587
2069.52,11586
2071.18,11585
2072.79,11583
2074.32,11581
2076.03,11580
2077.62,11577
2079.27,11576
2080.84,11575
2082.64,11574
2084.32,11573
2085.82,11571
2087.5,11570
2089.07,11569
2090.69,11568
2092.27,11566
2093.91,11565
2095.69,11564
2097.32,11563
2099.08,11562
2100.68,11556
2102.27,11553
2104.08,11550
2105.76,11549
2107.57,11548
2109.26,11547
2111.05,11546
2112.68,11545
2114.23,11543
2115.86,11542
2117.37,11541
2118.98,11540
2120.44,11539
2122.04,11538
2123.81,11537
2125.3,11536
2126.93,11535
2128.51,11533
2130.13,11531
2131.67,11530
2133.17,11529
2134.85,11528
2136.35,11527
2138,11526
2139.53,11525
2141.02,11524
2142.67,11521
2144.23,11518
2145.84,11517
2147.4,11516
2149.17,11513
2150.76,11512
2152.34,11511
2154,11510
2155.53,11508
2157.1,11506
2158.95,11505
2160.55,11504
2162.33,11501
2163.87,11500
2165.77,11499
2167.57,11498
2169.55,11495
2171.27,11494
2173.03,11492
2174.62,11491
2176.09,11490
2177.93,11489
2179.76,11487
2181.49,11485
2183.07,11484
2184.81,11482
2186.55,11481
2188.03,11480
2189.93,11479
2191.61,11477
2193.47,11476
2195.3,11474
2197.19,11473
2198.82,11471
2200.31,11470
2201.95,11469
2203.43,11467
2205.12,11466
2206.67,11463
2208.24,11462
2209.89,11461
2211.44,11458
2213.11,11457
2214.85,11456
2216.54,11454
2218.2,11452
2219.73,11451
2221.36,11450
2222.89,11449
2224.6,11447
2226.29,11446
2228.11,11445
2229.91,11443
2231.55,11442
2233.39,11437
2235.06,11434
2236.78,11430
2238.3,11429
2239.85,11428
2241.48,11427
2243.07,11426
2244.76,11425
2246.26,11423
2247.91,11422
2249.52,11420
2251.09,11418
2252.84,11417
2254.5,11416
2256.25,11413
2257.76,11412
2259.44,11411
2261.07,11410
2262.72,11409
2264.44,11407
2265.98,11405
2267.59,11404
2269.28,11403
2270.84,11402
2272.54,11401
2274.09,11400
2275.85,11399
2277.4,11392
2279.04,11390
2280.87,11389
2282.35,11388
2283.99,11387
2285.71,11386
2287.56,11384
2289.32,11382
2291.1,11381
2292.86,11380
2294.47,11379
2296.27,11378
2297.76,11377
2299.44,11375
2301.09,11374
2302.63,11373
2304.18,11372
2305.9,11371
2307.62,11370
2309.12,11369
2310.95,11368
2312.47,11366
2313.93,11365
2315.61,11364
2317.14,11361
2318.75,11360
2320.47,11356
2322.07,11355
2323.8,11351
2325.3,11350
2326.95,11347
2328.45,11346
2329.99,11345
2331.65,11344
2333.37,11343
2335.11,11342
2336.58,11341
2338.16,11340
2339.75,11339
2341.44,11338
2343.31,11337
2344.81,11336
2346.84,11335
2348.46,11334
2350.28,11333
2351.95,11332
2353.79,11331
2355.53,11330
2357.03,11329
2358.67,11328
2360.22,11326
2361.77,11323
2363.56,11322
2365.12,11321
2366.9,11319
2368.44,11318
2370.14,11317
2371.86,11316
2373.54,11315
2375.08,11314
2376.63,11312
2378.27,11311
2379.86,11310
2381.54,11308
2383.08,11307
2384.69,11306
2386.28,11305
2387.87,11303
2389.61,11302
2391.3,11300
2392.98,11299
2394.53,11297
2396.03,11296
2397.75,11295
2399.25,11293
2401.01,11292
2402.76,11290
2404.49,11289
2406.33,11287
2408.14,11286
2409.94,11285
2411.71,11283
2413.53,11281
2415.08,11279
2416.75,11278
2418.29,11277
2420.05,11276
2421.87,11275
2423.46,11274
2425.12,11271
2426.74,11270
2428.39,11269
2430,11267
2431.7,11266
2433.52,11265
2435.14,11264
2436.98,11263
2438.85,11262
2440.77,11260
2442.5,11255
2444.06,11253
2445.68,11247
2447.12,11241
2448.75,11240
2450.2,11238
2451.97,11236
2453.54,11234
2455.07,11233
2456.77,11232
2458.64,11231
2460.62,11230
2462.28,11229
2464,11227
2465.73,11226
2467.56,11225
2469.32,11224
2471.14,11223
2473.24,11222
2475.05,11221
2476.93,11220
2479.03,11214
2480.73,11213
2482.23,11211
2484.1,11209
2485.93,11206
2487.62,11205
2489.13,11204
2490.68,11201
2492.57,11200
2494.38,11199
2496.56,11198
2498.23,11197
2499.87,11195
2501.52,11194
2503.1,11193
2504.81,11192
2506.43,11191
2508.16,11188
2509.76,11187
2511.41,11186
2513.07,11183
2514.65,11181
2516.38,11180
2517.91,11179
2519.67,11178
2521.24,11177
2522.7,11176
2524.47,11175
2525.93,11174
2527.78,11173
2529.52,11172
2531.33,11171
2533.21,11170
2535.08,11169
2536.92,11168
2538.55,11167
2540.37,11166
2541.86,11164
2543.55,11163
2545.11,11162
2546.75,11161
2548.45,11160
2549.92,11157
2551.45,11156
2553.02,11155
2554.56,11154
2556.25,11151
2557.72,11149
2559.55,11148
2561.3,11146
2563.08,11145
2564.7,11144
2566.21,11143
2567.82,11140
2569.36,11139
2570.92,11138
2572.49,11137
2573.95,11136
2575.7,11135
2577.24,11134
2578.88,11133
2580.66,11132
2582.15,11131
2583.82,11130
2585.58,11129
2587.5,11128
2589.23,11124
2591.05,11123
2592.74,11122
2594.47,11120
2596.2,11118
2597.74,11116
2599.43,11115
2600.93,11113
2602.45,11112
2604.01,11111
2605.64,11110
2607.89,11109
2609.75,11107
2611.83,11104
2613.44,11103
2615.31,11102
2616.84,11101
2618.6,11100
2620.22,11098
2621.73,11097
2623.45,11096
2624.98,11095
2626.75,11094
2628.19,11093
2629.74,11092
2631.3,11091
2633.02,11089
2635.09,11088
2636.63,11087
2638.3,11086
2640.02,11085
2641.92,11084
2643.66,11083
2645.19,11082
2646.83,11081
2648.42,11080
2650.43,11078
2652.1,11075
2653.93,11074
2655.75,11073
2657.41,11070
2659,11067
2660.55,11066
2662.2,11064
2663.88,11062
2665.61,11061
2667.21,11060
2668.73,11059
2670.43,11058
2672.04,11057
2673.66,11056
2675.2,11054
2676.93,11053
2678.85,11052
2680.57,11051
2682.53,11047
2684.22,11046
2685.93,11045
2687.45,11043
2689.08,11042
2690.7,11041
2692.37,11038
2693.99,11037
2695.53,11035
2697.23,11033
2698.72,11032
2700.29,11031
2701.92,11030
2703.4,11029
2705.08,11028
2706.73,11027
2708.41,11026
2710.23,11025
2712,11024
2713.85,11023
2715.61,11022
2717.38,11021
2718.87,11020
2720.39,11019
2721.92,11018
2723.43,11017
2725.02,11016
2726.6,11013
2728.25,11012
2729.9,11010
2731.5,11009
2733.08,11008
2734.56,11007
2736.12,11006
2737.7,11004
2739.23,11003
2740.83,11002
2742.32,11000
2743.87,10999
2745.76,10998
2747.36,10997
2748.99,10996
2750.45,10995
2752.22,10994
2753.72,10993
2755.14,10992
2756.74,10991
2758.35,10990
2760.08,10987
2761.64,10986
2763.15,10985
2764.79,10984
2766.4,10982
2768.11,10979
2769.72,10978
2771.54,10977
2773.39,10975
2775.03,10974
2776.93,10973
2778.84,10972
2780.69,10970
2782.34,10969
2784.13,10968
2785.98,10967
2787.9,10966
2789.41,10965
2791.11,10964
2792.92,10963
2794.72,10962
2796.38,10961
2797.92,10960
2799.52,10958
2801.21,10957
2803.05,10955
2804.76,10954
2806.27,10953
2807.92,10952
2809.43,10951
2811.02,10950
2812.71,10949
2814.21,10948
2815.91,10945
2817.39,10944
2819,10943
2820.51,10942
2822,10941
2823.71,10940
2825.22,10939
2826.89,10938
2828.62,10937
2830.35,10936
2832.09,10935
2833.99,10933
2835.79,10932
2837.45,10931
2839.06,10930
2840.57,10929
2842.13,10927
2843.91,10926
2845.41,10925
2847.03,10924
2848.58,10923
2850.17,10922
2851.73,10920
2853.4,10919
2855.03,10917
2856.53,10916
2858.22,10915
2859.77,10913
2861.3,10912
2863,10911
2864.58,10910
2866.23,10909
2867.73,10908
2869.38,10907
2870.95,10906
2872.47,10905
2874.3,10902
2875.79,10901
2877.39,10900
2878.98,10899
2880.49,10898
2882.11,10897
2883.61,10896
2885.22,10895
2886.77,10894
2888.34,10893
2890.2,10892
2891.82,10891
2893.86,10890
2895.54,10889
2897.39,10888
2898.97,10887
2900.45,10886
2902.07,10885
2903.56,10884
2905.23,10883
2906.84,10882
2908.3,10879
2909.9,10878
2911.5,10877
2913.09,10875
2914.57,10874
2916.11,10873
2917.72,10872
2919.46,10871
2921.18,10870
2922.77,10869
2924.6,10867
2926.13,10865
2927.66,10864
2929.27,10863
2930.83,10862
2932.57,10861
2934.26,10860
2935.83,10859
2937.7,10858
2939.4,10857
2941.26,10856
2942.84,10855
2944.47,10854
2945.97,10853
2947.45,10851
2949.14,10847
2950.88,10844
2952.67,10838
2954.36,10837
2956.12,10836
2957.75,10835
2959.41,10834
2961.06,10833
2962.52,10832
2964.37,10831
2965.84,10830
2967.39,10828
2969,10827
2970.54,10826
2972.13,10825
2973.57,10824
2975.02,10822
2976.62,10821
2978.12,10820
2979.82,10819
2981.31,10816
2982.82,10815
2984.48,10814
2986.13,10813
2987.73,10811
2989.28,10808
2990.82,10806
2992.38,10804
2993.81,10803
2995.4,10802
2996.91,10800
2998.34,10799
3000.01,10798
3001.48,10797
3003.08,10795
3004.53,10794
3006.14,10793
3007.72,10792
3009.28,10791
3011.09,10790
3012.71,10789
3014.37,10788
3016.03,10787
3017.82,10786
3019.45,10785
3020.87,10784
3022.47,10783
3023.98,10782
3025.55,10781
3027.14,10779
3028.6,10778
3030.19,10777
3031.67,10776
3033.09,10773
3034.7,10771
3036.14,10767
3037.71,10766
3039.28,10765
3040.76,10763
3042.38,10761
3043.84,10759
3045.57,10756
3047.1,10755
3048.55,10754
3050.13,10753
3051.63,10749
3053.14,10748
3054.69,10747
3056.24,10746
3057.94,10745
3059.53,10744
3061.13,10742
3062.72,10741
3064.22,10740
3065.97,10739
3067.5,10734
3069.07,10733
3070.71,10732
3072.48,10731
3074.15,10730
3075.77,10728
3077.67,10727
3079.47,10726
3081,10725
3082.42,10724
3084.22,10722
3085.65,10721
3087.6,10720
3089.11,10719
3090.64,10718
3092.35,10717
3093.79,10715
3095.39,10714
3097.02,10713
3098.5,10712
3100.14,10711
3101.71,10710
3103.37,10709
3104.9,10708
3106.57,10707
3108.18,10706
3109.66,10705
3111.33,10703
3112.79,10702
3114.23,10701
3115.86,10700
3117.4,10699
3118.98,10698
3120.46,10697
3121.92,10696
3123.52,10695
3124.99,10694
3126.56,10693
3128.04,10692
3129.55,10691
3131.35,10690
3133.1,10689
3134.91,10687
3136.59,10686
3138.33,10685
3139.88,10684
3141.34,10683
3142.97,10682
3144.49,10681
3146.03,10680
3147.52,10679
3149.05,10678
3150.64,10677
3152.27,10676
3153.88,10675
3155.34,10674
3156.86,10673
3158.45,10672
3159.94,10671
3161.6,10670
3163.18,10668
3164.93,10665
3166.74,10663
3168.22,10662
3169.9,10661
3171.37,10660
3173.01,10659
3174.55,10658
3176.05,10657
3177.64,10655
3179.13,10654
3180.62,10653
3182.2,10652
3183.63,10651
3185.25,10650
3186.66,10649
3188.17,10648
3189.77,10647
3191.45,10645
3193.37,10644
3194.96,10643
3196.74,10641
3198.44,10640
3200.04,10639
3201.64,10638
3203.07,10637
3204.6,10636
3206.11,10635
3207.63,10634
3209.22,10633
3210.7,10631
3212.35,10630
3213.98,10629
3215.43,10628
3217.11,10627
3218.54,10626
3220.13,10623
3221.76,10622
3223.27,10621
3224.93,10619
3226.42,10618
3228.04,10616
3229.52,10615
3231.08,10613
3232.89,10611
3234.66,10609
3236.27,10608
3237.71,10607
3239.27,10604
3240.95,10603
3242.56,10601
3244.25,10600
3245.84,10598
3247.62,10597
3249.03,10596
3250.7,10594
3252.47,10593
3254.26,10592
3256.03,10590
3257.64,10589
3259.41,10586
3261.17,10584
3262.76,10582
3264.54,10580
3266.03,10579
3267.73,10578
3269.28,10577
3270.95,10576
3272.5,10575
3274.13,10574
3275.75,10572
3277.22,10571
3278.86,10569
3280.41,10568
3281.92,10567
3283.79,10565
3285.46,10563
3287.43,10560
3288.91,10559
3290.47,10558
3292.16,10557
3293.61,10556
3295.36,10555
3296.85,10554
3298.31,10552
3300.05,10551
3301.57,10550
3303.16,10549
3304.63,10548
3306.09,10547
3307.66,10546
3309.18,10545
3310.8,10544
3312.31,10543
3314,10542
3315.87,10541
3317.56,10539
3319.32,10538
3320.89,10537
3322.56,10535
3324,10534
3325.52,10533
3327.11,10532
3328.58,10531
3330.22,10530
3331.71,10529
3333.19,10528
3334.77,10527
3336.34,10526
3337.98,10525
3339.44,10524
3340.89,10523
3342.46,10522
3343.98,10521
3345.63,10520
3347.12,10519
3348.59,10516
3350.21,10515
3351.74,10514
3353.35,10513
3354.83,10512
3356.45,10511
3358.41,10510
3360.63,10509
3362.67,10508
3364.3,10507
3365.93,10506
3367.57,10505
3369.17,10504
3370.66,10503
3372.23,10501
3374.02,10500
3375.65,10499
3377.63,10498
3379.57,10497
3381.37,10496
3382.85,10495
3384.34,10494
3386.16,10491
3387.8,10490
3389.41,10489
3390.92,10488
3392.57,10487
3394.09,10485
3395.75,10484
3397.83,10483
3399.55,10482
3401.44,10481
3403.04,10480
3404.6,10479
3406.2,10478
3407.8,10476
3409.49,10475
3410.95,10474
3412.57,10473
3414.06,10470
3415.55,10469
3417.31,10467
3418.82,10465
3420.37,10464
3421.89,10463
3423.39,10462
3425.03,10461
3426.46,10460
3428.29,10459
3429.96,10458
3431.42,10456
3433.17,10455
3434.97,10454
3437.29,10453
3439.18,10451
3441.14,10450
3442.79,10447
3444.48,10446
3446.06,10445
3447.55,10444
3449.47,10443
3451.06,10441
3452.84,10440
3454.43,10439
3455.99,10438
3457.91,10437
3459.46,10436
3461.05,10435
3462.59,10434
3464.31,10433
3466,10432
3467.66,10431
3469.35,10430
3470.93,10429
3472.59,10428
3474.13,10427
3475.87,10426
3477.57,10425
3479.3,10424
3480.99,10423
3482.52,10421
3484.29,10420
3485.84,10419
3487.55,10418
3489.09,10416
3490.73,10415
3492.49,10414
3494.15,10413
3496,10412
3497.85,10411
3499.82,10410
3501.61,10409
3503.39,10408
3504.97,10407
3506.55,10406
3508.18,10405
3509.66,10404
3511.44,10403
3513.01,10402
3514.61,10401
3516.23,10399
3517.74,10397
3519.53,10396
3521.09,10395
3522.71,10394
3524.37,10393
3525.91,10392
3527.6,10391
3529.12,10390
3530.76,10389
3532.46,10388
3534.28,10387
3535.93,10386
3537.38,10385
3538.98,10384
3540.44,10383
3542.13,10382
3543.91,10381
3545.47,10379
3547,10378
3548.45,10377
3550.06,10376
3551.57,10375
3553.04,10374
3554.8,10372
3556.43,10370
3558.22,10369
3559.84,10368
3561.68,10367
3563.29,10366
3565.17,10365
3566.72,10364
3568.3,10363
3569.87,10362
3571.38,10361
3572.9,10360
3574.45,10359
3575.89,10357
3577.49,10356
3579.03,10355
3580.53,10354
3582.07,10353
3583.57,10352
3585.41,10351
3586.95,10350
3588.54,10349
3590.08,10347
3591.63,10346
3593.25,10345
3594.71,10344
3596.3,10343
3597.85,10342
3599.33,10341
3600.94,10340
3602.39,10338
3603.87,10335
3605.44,10333
3606.89,10332
3608.53,10330
3610.18,10329
3611.64,10327
3613.2,10326
3614.79,10325
3616.51,10324
3618.23,10323
3619.94,10322
3621.63,10321
3623.18,10320
3624.83,10319
3626.29,10318
3627.88,10317
3629.53,10316
3630.98,10315
3632.57,10314
3634,10313
3635.59,10312
3637.08,10311
3638.58,10310
3640.19,10309
3641.62,10308
3643.19,10306
3644.73,10304
3646.18,10303
3647.82,10302
3649.39,10301
3651.33,10300
3652.88,10299
3654.35,10298
3655.99,10297
3657.52,10296
3659.2,10295
3660.74,10294
3662.33,10293
3663.89,10292
3665.35,10291
3667.05,10290
3668.51,10289
3669.91,10288
3671.56,10287
3672.99,10286
3674.66,10285
3676.4,10284
3678.31,10283
3680.23,10282
3681.88,10281
3683.69,10280
3685.26,10279
3687.08,10278
3688.62,10277
3690.07,10276
3691.85,10275
3693.28,10274
3694.93,10273
3696.63,10272
3698.31,10271
3699.81,10270
3701.33,10269
3703.1,10268
3704.56,10267
3706.16,10266
3707.68,10265
3709.21,10264
3710.89,10263
3712.38,10262
3713.9,10261
3715.5,10260
3717.16,10259
3718.89,10258
3720.43,10257
3722.05,10256
3723.57,10254
3725.1,10253
3726.78,10250
3728.24,10249
3729.93,10248
3731.64,10247
3733.54,10246
3735.28,10245
3737.29,10244
3739.09,10243
3741.01,10242
3743.13,10241
3744.87,10240
3746.72,10239
3748.55,10238
3750.24,10237
3751.75,10236
3753.46,10235
3755.03,10234
3756.62,10233
3758.27,10232
3759.94,10231
3761.57,10230
3763.44,10229
3765.12,10227
3766.56,10226
3768.03,10223
3769.7,10220
3771.14,10219
3772.75,10218
3774.21,10217
3775.76,10216
3777.29,10215
3778.77,10214
3780.34,10213
3781.79,10212
3783.41,10211
3784.98,10210
3786.47,10209
3788.06,10206
3789.53,10205
3791.12,10204
3792.67,10202
3794.09,10201
3795.79,10200
3797.35,10199
3799.01,10198
3800.77,10197
3802.41,10196
3804.2,10195
3805.63,10194
3807.18,10193
3808.69,10192
3810.12,10189
3811.82,10188
3813.3,10185
3814.77,10184
3816.4,10183
3817.85,10182
3819.42,10181
3820.89,10179
3822.4,10178
3824.19,10176
3825.59,10175
3827.17,10174
3828.62,10173
3830.11,10171
3831.73,10170
3833.39,10169
3835.08,10166
3836.51,10165
3837.91,10164
3839.49,10162
3841.03,10161
3842.72,10160
3844.42,10159
3845.92,10158
3847.46,10157
3848.89,10156
3850.49,10155
3851.98,10154
3853.41,10153
3855.04,10152
3856.65,10150
3858.38,10149
3860.04,10147
3861.75,10146
3863.64,10145
3865.48,10144
3867.1,10143
3868.74,10142
3870.49,10141
3872.3,10140
3873.8,10139
3875.53,10138
3877.16,10137
3878.93,10136
3880.58,10135
3882.1,10134
3883.8,10133
3885.32,10132
3887,10131
3888.81,10130
3890.8,10128
3892.67,10124
3894.34,10123
3895.92,10122
3897.41,10121
3899.03,10120
3900.54,10119
3901.97,10118
3903.48,10117
3904.97,10115
3906.54,10114
3908.03,10113
3909.62,10112
3911.27,10111
3912.71,10110
3914.3,10108
3915.82,10107
3917.51,10106
3919.15,10104
3920.74,10103
3922.54,10102
3924.21,10101
3925.9,10100
3927.37,10099
3928.84,10098
3930.49,10097
3931.91,10096
3933.44,10095
3934.96,10094
3936.56,10093
3938.19,10092
3939.63,10091
3941.16,10090
3942.65,10089
3944.13,10088
3945.75,10086
3947.23,10085
3948.72,10084
3950.25,10083
3951.78,10082
3953.4,10081
3954.87,10080
3956.51,10079
3958.11,10078
3959.6,10077
3961.26,10076
3962.71,10075
3964.24,10074
3965.81,10073
3967.32,10072
3968.92,10071
3970.35,10070
3971.93,10069
3973.69,10068
3975.19,10067
3976.9,10066
3978.67,10065
3980.63,10064
3982.47,10063
3984.34,10062
3985.96,10060
3987.73,10059
3989.34,10058
3990.81,10057
3992.49,10056
3993.96,10055
3995.44,10054
3996.87,10052
3998.62,10051
4000.13,10049
4001.93,10048
4003.57,10046
4005.09,10044
4006.73,10043
4008.14,10042
4009.73,10041
4011.21,10040
4012.68,10039
4014.27,10037
4015.76,10036
4017.38,10035
4018.91,10034
4020.4,10033
4022.21,10032
4023.73,10031
4025.4,10030
4026.92,10029
4028.42,10028
4030.03,10027
4031.81,10026
4033.76,10025
4035.4,10024
4037.22,10023
4038.91,10022
4040.64,10021
4042.5,10020
4044.44,10019
4046.34,10018
4048.06,10017
4049.95,10016
4051.58,10015
4053.29,10014
4054.79,10013
4056.28,10012
4057.91,10011
4059.37,10010
4060.89,10009
4062.42,10008
4063.97,10006
4065.66,10005
4067.11,10004
4068.81,10002
4070.37,10001
4071.81,10000
4073.44,9999
4074.93,9998
4076.49,9997
4078,9996
4079.43,9995
4081.08,9994
4082.51,9993
4084,9992
4085.63,9991
4087.09,9990
4088.72,9989
4090.39,9988
4092.07,9987
4093.62,9986
4095.04,9985
4096.64,9984
4098.25,9983
4099.99,9982
4101.63,9981
4103.24,9980
4105.03,9979
4106.63,9978
4108.26,9977
4109.82,9976
4111.47,9975
4113,9974
4114.47,9973
4116.11,9972
4117.61,9971
4119.19,9970
4120.66,9969
4122.15,9967
4123.77,9966
4125.29,9964
4126.86,9963
4128.31,9962
4129.75,9961
4131.56,9960
4133.13,9959
4134.97,9958
4136.58,9957
4138.04,9956
4139.64,9955
4141.2,9954
4142.88,9953
4144.46,9952
4145.88,9951
4147.45,9950
4148.89,9949
4150.69,9948
4152.17,9947
4153.6,9946
4155.25,9945
4156.69,9944
4158.2,9943
4159.8,9942
4161.42,9941
4163.2,9940
4164.99,9939
4166.71,9938
4168.31,9937
4169.79,9936
4171.51,9935
4172.95,9934
4174.51,9933
4175.98,9932
4177.43,9931
4178.92,9930
4180.38,9929
4181.98,9928
4183.46,9927
4185.05,9926
4186.56,9925
4187.97,9924
4189.63,9923
4191.25,9922
4192.74,9921
4194.29,9920
4195.75,9919
4197.37,9918
4198.81,9917
4200.31,9916
4201.86,9915
4203.3,9914
4204.85,9913
4206.32,9912
4207.75,9911
4209.4,9910
4210.79,9909
4212.32,9907
4213.92,9906
4215.35,9905
4217.14,9904
4218.6,9903
4220.2,9902
4221.73,9901
4223.4,9900
4225.08,9899
4226.7,9898
4228.37,9897
4229.91,9896
4231.39,9895
4232.88,9894
4234.32,9893
4235.87,9892
4237.49,9891
4238.99,9890
4240.55,9889
4241.93,9888
4243.49,9887
4245.11,9886
4246.62,9885
4248.13,9884
4249.75,9883
4251.71,9882
4253.45,9881
4255.1,9880
4256.9,9879
4258.54,9877
4260.25,9876
4262.06,9875
4264.06,9874
4265.69,9873
4267.49,9872
4269.07,9871
4270.7,9870
4272.28,9869
4273.72,9868
4275.32,9867
4276.75,9866
4278.53,9865
4280.2,9863
4281.89,9862
4283.71,9861
4285.38,9860
4287.73,9859
4289.41,9858
4291.05,9857
4292.67,9856
4294.11,9855
4295.53,9854
4297.02,9853
4298.84,9852
4300.38,9851
4301.92,9850
4303.59,9849
4305.08,9848
4306.67,9847
4308.14,9845
4309.63,9844
4311.25,9843
4312.66,9842
4314.31,9841
4315.89,9840
4317.51,9839
4319.2,9838
4320.67,9837
4322.3,9836
4323.97,9835
4325.55,9834
4327.12,9833
4328.56,9832
4331.74,9831
4333.33,9830
4334.9,9829
4336.38,9828
4338.05,9827
4339.52,9826
4341.14,9825
4342.91,9824
4344.82,9823
4346.56,9822
4348.31,9821
4350.08,9820
4351.59,9819
4353.18,9818
4354.72,9817
4356.19,9816
4357.69,9815
4359.26,9814
4360.75,9813
4362.37,9812
4363.86,9811
4365.46,9810
4366.98,9809
4368.42,9808
4370.24,9807
4371.68,9806
4373.19,9805
4374.74,9804
4376.25,9803
4377.97,9802
4379.68,9801
4381.27,9800
4382.75,9799
4384.27,9798
4386,9797
4387.49,9796
4389.26,9795
4390.83,9794
4392.32,9793
4393.91,9792
4395.42,9791
4397.04,9790
4398.56,9789
4400.09,9788
4401.87,9787
4403.45,9786
4405.2,9785
4406.88,9784
4408.63,9783
4410.35,9782
4412.1,9781
4413.61,9780
4415.1,9779
4416.79,9778
4418.26,9777
4419.85,9776
4421.4,9775
4422.91,9774
4424.58,9773
4426.46,9772
4428.19,9771
4429.67,9770
4431.39,9769
4433.09,9768
4434.69,9766
4436.3,9765
4437.74,9764
4439.43,9763
4441.08,9762
4442.65,9761
4444.45,9760
4445.9,9759
4447.47,9758
4448.97,9757
4450.52,9756
4452.14,9754
4455.42,9752
4456.88,9750
4460.02,9749
4463.41,9748
4465.21,9744
4468.67,9743
4470.28,9741
4472.07,9739
4473.62,9737
4476.86,9735
4478.44,9730
4480.1,9729
4481.6,9728
4487.83,9727
4489.35,9723
4492.42,9719
4497.2,9717
4498.78,9715
4504.97,9712
4506.65,9710
4508.14,9709
4509.8,9708
4512.78,9707
4515.81,9700
4517.58,9699
4519.08,9698
4522.49,9697
4524.13,9696
4530.35,9695
4532.05,9691
4533.79,9690
4541.95,9689
4543.49,9687
4545.11,9686
4546.8,9682
4548.24,9681
4549.9,9679
4554.51,9678
4557.81,9677
4561.1,9676
4562.9,9675
4565.01,9674
4566.61,9673
4568.64,9672
4570.22,9671
4571.76,9670
4573.47,9669
4574.95,9668
4576.58,9667
4578.17,9666
4579.8,9664
4581.68,9663
4583.71,9662
4585.57,9661
4587.4,9660
4592.94,9659
4594.48,9658
4596.1,9656
4603.18,9655
4605.02,9654
4606.46,9652
4610.09,9650
4613.33,9649
4614.84,9648
4616.47,9647
4617.96,9646
4619.53,9645
4621.26,9644
4622.88,9643
4624.49,9642
4625.96,9638
4627.55,9636
4630.59,9631
4633.78,9629
4643.37,9628
4645.05,9627
4648.37,9626
4649.98,9625
4653.32,9624
4654.92,9622
4656.64,9621
4660.12,9617
4663.76,9615
4665.52,9613
4674.34,9612
4676.4,9610
4683.21,9609
4686.8,9607
4688.55,9606
4690.06,9605
4692.02,9603
4693.71,9601
4700.09,9600
4701.57,9593
4709.94,9589
4713.57,9588
4715.33,9587
4718.35,9586
4719.9,9585
4721.36,9583
4723.01,9582
4726.07,9581
4728.98,9580
4730.61,9579
4732.11,9578
4734.3,9575
4735.88,9573
4737.4,9572
4739.12,9569
4740.74,9568
4742.84,9567
4751.61,9566
4754.97,9565
4756.69,9564
4758.73,9563
4760.39,9562
4763.77,9561
4765.63,9560
4767.29,9558
4768.86,9556
4770.7,9555
4777.28,9552
4781.94,9551
4783.41,9550
4785.07,9549
4786.54,9548
4787.96,9547
4789.96,9546
4792.02,9545
4794.23,9544
4796.33,9543
4798.29,9542
4799.95,9541
4801.82,9539
4806.56,9538
4807.98,9537
4809.68,9536
4811.22,9535
4812.84,9534
4814.64,9533
4816.37,9532
4818.08,9530
4819.54,9529
4821.33,9528
4822.77,9527
4824.52,9526
4826.21,9524
4827.82,9522
4829.65,9521
4831.24,9519
4832.83,9518
4834.43,9517
4836.09,9516
4838.19,9515
4839.94,9514
4841.93,9513
4845.31,9512
4846.82,9509
4861.8,9508
4869.19,9507
4870.73,9506
4872.39,9503
4874.05,9502
4875.77,9501
4879.89,9500
4882.38,9499
4884.22,9496
4892,9494
4893.89,9493
4895.46,9492
4897,9490
4900.62,9489
4902.85,9488
4906.59,9487
4909.71,9486
4911.42,9485
4913.03,9483
4914.67,9482
4919.61,9481
4924.45,9480
4926.17,9479
4927.63,9477
4932.51,9476
4935.73,9475
4938.92,9474
4940.42,9473
4942.18,9472
4943.74,9471
4945.59,9469
4947.16,9468
4952.11,9466
4956.86,9465
4958.43,9464
4959.86,9463
4961.51,9462
4963.09,9461
4964.84,9460
4966.4,9459
4967.88,9458
4969.51,9457
4971.02,9455
4972.57,9454
4984.94,9453
4986.5,9452
4988.17,9451
4989.74,9450
4991.24,9449
4992.94,9447
4994.49,9446
4996.21,9443
4999.6,9442
5001.16,9440
5007.58,9439
5012.01,9438
5013.77,9435
5020.54,9433
5023.76,9431
5025.25,9430
5026.83,9429
5028.4,9428
5029.95,9427
5031.48,9426
5034.83,9425
5037.83,9424
5046.54,9418
5048.33,9415
5062.37,9413
5064.46,9412
5068.72,9411
5079.31,9410
5081.01,9409
5082.59,9408
5084.12,9405
5085.92,9402
5087.47,9401
5089.05,9397
5097.14,9395
5102.11,9393
5105.33,9392
5106.86,9390
5113.34,9389
5114.91,9388
5116.54,9387
5118.17,9386
5119.87,9385
5121.44,9379
5132.72,9378
5134.36,9377
5135.89,9373
5143.62,9372
5146.6,9371
5148.2,9370
5149.63,9369
5151.12,9368
5152.7,9367
5154.1,9366
5155.66,9365
5157.11,9364
5158.59,9363
5160.28,9361
5161.83,9358
5163.45,9357
5168.04,9356
5169.53,9355
5172.63,9354
5175.65,9353
5177.1,9352
5178.71,9350
5180.51,9349
5182.23,9348
5188.75,9347
5192.39,9346
5195.83,9341
5197.41,9340
5199.08,9338
5204.19,9336
5208.93,9335
5210.66,9334
5213.78,9333
5215.35,9332
5218.67,9331
5220.2,9330
5223.62,9329
5225.31,9328
5228.78,9326
5232.36,9325
5234.35,9324
5235.78,9323
5238.93,9322
5240.53,9321
5242.04,9320
5243.72,9317
5245.33,9316
5246.77,9315
5248.82,9314
5250.56,9313
5252.56,9312
5254.21,9311
5255.73,9310
5257.33,9307
5258.82,9304
5265.09,9302
5266.66,9300
5269.75,9299
5271.42,9298
5273.09,9296
5274.55,9295
5280.71,9293
5285.56,9292
5287.12,9290
5292.49,9286
5294.04,9285
5295.57,9283
5297.12,9281
5303.22,9279
5309.7,9277
5316.71,9276
5321.31,9275
5324.59,9274
5327.67,9272
5329.11,9271
5330.58,9269
5332.43,9263
5336.11,9261
5337.64,9260
5351.49,9258
5353.18,9257
5354.75,9255
5356.35,9253
5357.8,9252
5359.38,9251
5367.18,9250
5370.54,9249
5374.06,9247
5377.23,9246
5385.04,9245
5388.07,9244
5389.58,9243
5391.26,9238
5397.35,9236
5400.52,9235
5408.33,9232
5416.38,9229
5424.49,9228
5427.79,9227
5429.6,9225
5431.24,9223
5432.98,9222
5436.28,9219
5440.92,9216
5443.94,9214
5445.58,9213
5453.3,9212
5456.4,9211
5457.92,9210
5459.34,9209
5461.03,9208
5462.52,9207
5463.97,9206
5465.54,9205
5467.04,9204
5468.59,9203
5470.02,9202
5471.47,9201
5473.11,9195
5484.33,9194
5485.79,9193
5487.4,9192
5489.28,9191
5490.85,9190
5496.26,9189
5497.76,9188
5499.54,9187
5502.57,9186
5504.42,9184
5513.61,9183
5515.23,9182
5516.66,9180
5518.09,9179
5521.36,9178
5524.39,9177
5525.86,9176
5527.42,9173
5528.86,9172
5530.47,9170
5538.3,9169
5541.43,9167
5546.14,9166
5547.62,9163
5555.96,9162
5557.51,9161
5559.06,9160
5560.67,9159
5562.32,9157
5567.06,9156
5568.52,9154
5570.11,9152
5573.16,9151
5574.65,9150
5583.79,9149
5585.42,9148
5591.39,9146
5593.17,9145
5596.23,9144
5599.28,9143
5601.11,9142
5606.07,9141
5607.55,9139
5610.8,9137
5615.84,9136
5617.6,9135
5619.06,9134
5620.62,9133
5622.08,9132
5623.55,9131
5625.23,9130
5626.78,9128
5629.84,9127
5631.35,9126
5632.95,9124
5636.28,9122
5640.8,9117
5644.14,9116
5651.76,9115
5653.19,9113
5654.65,9112
5656.32,9111
5657.8,9108
5661.03,9107
5664.26,9106
5666.05,9105
5667.7,9104
5670.8,9103
5672.75,9102
5674.41,9101
5680.92,9100
5682.35,9099
5683.94,9097
5686.95,9096
5688.54,9095
5690.04,9094
5691.87,9093
5693.33,9092
5694.83,9091
5696.38,9090
5697.83,9089
5699.42,9088
5700.89,9087
5702.32,9086
5703.87,9084
5705.33,9083
5706.84,9082
5708.32,9080
5709.8,9079
5712.82,9078
5717.52,9076
5720.54,9075
5723.66,9074
5726.71,9073
5728.16,9072
5729.78,9071
5731.45,9070
5734.75,9069
5738.14,9068
5739.61,9067
5741.05,9065
5742.77,9064
5744.24,9063
5747.36,9062
5748.81,9060
5750.41,9059
5760.97,9058
5762.75,9057
5764.17,9055
5770.27,9054
5771.72,9051
5777.85,9049
5786.04,9048
5789.37,9047
5791.01,9046
5792.82,9045
5796.06,9044
5797.82,9043
5801.13,9042
5802.69,9041
5804.47,9040
5806,9039
5807.53,9038
5809.17,9037
5810.66,9036
5812.26,9035
5813.79,9032
5815.26,9031
5818.35,9030
5821.45,9029
5822.86,9028
5824.63,9027
5827.51,9025
5832.18,9024
5833.75,9023
5835.46,9022
5837.06,9020
5838.62,9018
5840.32,9016
5847.09,9015
5848.76,9014
5850.26,9013
5852.01,9012
5853.63,9005
5872.09,9004
5882.67,9002
5885.92,9001
5887.73,8998
5891.22,8997
5896.11,8995
5902.35,8994
5903.81,8993
5905.46,8991
5906.98,8988
5913.24,8987
5916.55,8986
5918.23,8985
5919.8,8984
5921.35,8983
5922.98,8982
5925.59,8981
5927.05,8979
5936.56,8977
5939.59,8975
5942.81,8974
5949.19,8973
5953.78,8972
5955.3,8971
5956.85,8970
5959.88,8969
5961.55,8967
5963.09,8966
5964.78,8965
5969.77,8962
5978.56,8961
5980.55,8960
5984.59,8959
5988.21,8958
5990.18,8956
5991.84,8954
5996.76,8952
5998.2,8951
6001.33,8950
6004.33,8949
6005.79,8947
6011.89,8945
6013.38,8942
6016.39,8940
6017.86,8939
6027.28,8937
6030.32,8936
6032.17,8935
6035.41,8933
6038.62,8932
6040.28,8931
6043.28,8930
6044.77,8929
6049.29,8928
6052.75,8926
6054.21,8925
6055.8,8924
6057.27,8921
6058.84,8919
6060.35,8918
6064.99,8917
6066.5,8916
6074.38,8915
6076.03,8911
6097.29,8910
6099.11,8909
6104.19,8908
6105.76,8907
6107.27,8904
6116.58,8903
6118.24,8902
6119.71,8898
6122.75,8897
6124.22,8896
6125.86,8895
6128.81,8890
6139.56,8888
6149.02,8887
6151.86,8886
6155.39,8885
6157.1,8884
6158.74,8883
6160.53,8881
6162.07,8880
6165.1,8879
6168.25,8878
6174.47,8876
6175.99,8874
6178.98,8873
6180.57,8872
6182.03,8871
6183.56,8870
6185.15,8869
6189.74,8868
6192.82,8866
6202.08,8865
6203.65,8864
6205.11,8863
6206.58,8862
6208.19,8861
6209.63,8859
6212.77,8857
6224.25,8856
6225.72,8855
6227.3,8853
6228.7,8851
6231.83,8849
6233.31,8847
6246.07,8846
6247.65,8845
6253.66,8844
6255.26,8843
6259.82,8841
6261.5,8840
6264.61,8839
6266.28,8838
6271,8837
6272.43,8836
6275.89,8835
6279.5,8834
6281.33,8833
6282.88,8832
6284.38,8829
6290.57,8825
6293.72,8824
6299.83,8823
6301.46,8822
6302.9,8821
6307.42,8820
6310.49,8819
6311.92,8818
6315.04,8817
6318.27,8816
6323.1,8815
6326.27,8814
6327.81,8813
6329.46,8812
6330.95,8811
6332.57,8810
6334.25,8809
6335.94,8806
6337.6,8805
6339.15,8803
6342.63,8802
6345.8,8801
6347.3,8800
6348.86,8798
6353.48,8797
6355.03,8796
6359.8,8795
6366.29,8794
6367.9,8790
6372.34,8789
6375.43,8784
6391.3,8783
6393.33,8782
6400.68,8775
6412.39,8774
6413.93,8773
6417.04,8772
6418.7,8769
6420.25,8768
6424.74,8763
6432.6,8761
6448.13,8760
6449.79,8759
6451.43,8758
6456.31,8757
6458.03,8756
6466.94,8754
6468.54,8753
6474.92,8752
6477.18,8751
6484.09,8750
6485.76,8749
6487.3,8748
6488.94,8747
6492.43,8746
6494.39,8745
6495.9,8744
6497.65,8742
6502.61,8741
6504.19,8740
6518.4,8739
6520,8738
6523.75,8737
6525.66,8736
6527.28,8735
6528.89,8734
6530.44,8733
6532,8732
6533.75,8730
6535.48,8729
6537.33,8728
6539.02,8727
6540.59,8726
6542.49,8725
6544.23,8724
6546.07,8723
6547.55,8722
6551.01,8721
6552.73,8720
6554.33,8719
6557.47,8718
6562.26,8717
6563.78,8715
6565.63,8714
6567.08,8713
6568.7,8709
6573.71,8708
6575.56,8707
6577.64,8705
6582.86,8704
6586.61,8703
6588.21,8702
6591.57,8701
6593.22,8699
6596.3,8697
6603.05,8696
6604.55,8695
6606.17,8694
6615.57,8693
6620.56,8692
6623.87,8691
6625.49,8690
6627.03,8689
6630.29,8686
6636.76,8685
6640.22,8684
6642.16,8683
6643.82,8682
6645.76,8679
6648.88,8678
6650.49,8677
6653.77,8676
6656.87,8675
6658.45,8673
6668.04,8672
6672.72,8671
6674.24,8670
6675.72,8668
6677.4,8667
6683.81,8665
6685.51,8663
6692.24,8660
6693.83,8659
6696.97,8658
6698.62,8657
6700.42,8656
6702.09,8654
6704.05,8653
6705.95,8652
6707.59,8651
6709.26,8650
6710.79,8649
6712.45,8648
6713.88,8647
6715.43,8646
6724.08,8644
6735.71,8643
6737.29,8642
6738.73,8641
6740.4,8640
6741.84,8639
6743.49,8636
6749.93,8635
6753.5,8633
6755.28,8631
6761.73,8630
6763.47,8629
6765.01,8628
6773.14,8627
6774.73,8626
6776.16,8625
6777.71,8622
6782.46,8621
6790.08,8620
6794.86,8618
6797.85,8616
6800.8,8615
6802.42,8612
6807.08,8611
6808.54,8610
6819.64,8609
6822.99,8608
6824.66,8606
6827.91,8605
6830.96,8604
6834.27,8603
6835.88,8600
6837.47,8598
6848.37,8596
6857.74,8593
6868.37,8591
6872.97,8590
6874.68,8589
6881.24,8587
6882.82,8586
6886.24,8585
6889.32,8584
6890.81,8583
6894.13,8581
6901.73,8580
6903.38,8579
6904.87,8577
6906.31,8575
6907.9,8574
6909.35,8573
6910.94,8572
6917.05,8571
6918.68,8569
6920.16,8568
6921.59,8566
6926.19,8564
6927.67,8563
6929.12,8562
6933.77,8561
6937.01,8560
6938.68,8557
6942.08,8556
6945.42,8555
6948.73,8554
6950.31,8553
6951.8,8552
6953.23,8551
6964.23,8549
6968.91,8547
6970.59,8546
6972.14,8545
6973.77,8544
6978.59,8543
6980.22,8541
6981.96,8540
6983.51,8539
6985.24,8537
6991.64,8536
6993.25,8535
6994.89,8534
6996.62,8532
6999.82,8529
7001.64,8528
7006.95,8524
7020.85,8523
7022.31,8522
7023.81,8521
7025.56,8519
7026.96,8516
7030.08,8514
7031.64,8513
7033.28,8512
7036.53,8507
7053.43,8506
7058.18,8505
7059.82,8503
7066.46,8501
7068.29,8500
7069.81,8499
7071.24,8497
7074.28,8494
7077.43,8493
7084.94,8492
7086.4,8491
7088.11,8490
7089.6,8489
7095.76,8488
7100.4,8487
7101.86,8486
7103.41,8484
7106.26,8483
7109.29,8482
7110.8,8481
7112.28,8480
7113.77,8479
7118.75,8478
7120.34,8477
7121.91,8476
7123.73,8475
7125.41,8474
7127.06,8473
7128.65,8472
7130.16,8470
7131.7,8469
7133.14,8468
7136.52,8467
7138.06,8466
7139.57,8464
7145.98,8463
7147.51,8462
7152.02,8461
7153.52,8459
7159.58,8457
7161.04,8455
7168.8,8453
7170.38,8452
7171.84,8451
7173.36,8450
7174.88,8448
7178.06,8447
7189.64,8446
7191.17,8445
7192.72,8444
7194.24,8443
7195.66,8441
7201.75,8440
7213.99,8439
7217.05,8438
7220.04,8437
7221.56,8436
7223.13,8435
7224.79,8433
7233.64,8429
7239.67,8427
7241.3,8426
7244.81,8425
7246.39,8422
7249.65,8421
7257.21,8420
7260.25,8419
7263.42,8418
7265.02,8415
7266.53,8414
7277.38,8413
7278.99,8412
7280.65,8409
7284.03,8408
7293.69,8406
7301.46,8405
7305.31,8404
7307.13,8403
7308.71,8401
7311.86,8400
7314.91,8399
7317.83,8398
7320.94,8397
7322.52,8396
7328.73,8394
7337.83,8391
7339.33,8389
7340.71,8388
7360.39,8387
7362.19,8386
7363.8,8385
7365.51,8384
7370.83,8383
7373.85,8382
7375.28,8381
7376.8,8380
7379.81,8379
7381.36,8377
7382.81,8376
7385.83,8374
7388.93,8373
7390.5,8370
7395.09,8369
7398.17,8368
7399.58,8367
7407.03,8364
7417.68,8363
7419.26,8362
7420.84,8361
7422.43,8360
7425.84,8355
7429.2,8354
7438.53,8350
7440.07,8349
7450.34,8348
7451.98,8347
7456.67,8344
7458.19,8343
7459.83,8342
7461.23,8341
7462.78,8340
7467.44,8339
7468.84,8338
7470.34,8336
7471.91,8335
7478.03,8329
7494.49,8326
7497.57,8325
7499.17,8324
7502.23,8323
7508.2,8322
7509.84,8320
7512.74,8319
7520.46,8318
7522.01,8317
7524.91,8316
7526.47,8315
7527.92,8313
7529.57,8312
7532.66,8311
7546.94,8307
7548.63,8306
7550.3,8305
7551.83,8304
7556.44,8303
7560.93,8302
7562.51,8301
7564,8300
7568.61,8299
7570.12,8298
7573.25,8297
7574.82,8296
7576.38,8295
7577.88,8293
7579.42,8291
7587.26,8290
7595.25,8289
7598.18,8288
7599.76,8286
7601.26,8285
7602.89,8284
7604.76,8283
7606.48,8282
7608.25,8281
7609.86,8280
7611.7,8279
7613.2,8278
7614.8,8277
7616.32,8274
7626.91,8273
7634.78,8272
7636.31,8271
7642.39,8269
7647.02,8268
7648.47,8266
7650.01,8265
7652.99,8260
7662.38,8259
7664.02,8257
7667.44,8256
7671.02,8255
7675.8,8254
7680.34,8252
7686.52,8247
7689.67,8243
7699.33,8242
7702.44,8241
7703.9,8239
7706.86,8238
7719.12,8237
7720.6,8234
7723.66,8233
7725.51,8232
7727.1,8231
7728.78,8230
7730.48,8229
7732.32,8227
7735.59,8226
7738.85,8223
7743.64,8221
7745.22,8218
7757.91,8217
7759.58,8216
7761.25,8215
7762.74,8210
7778.81,8209
7780.43,8208
7782.04,8206
7788.83,8203
7802.9,8201
7810.4,8200
7811.92,8199
7813.44,8198
7814.84,8197
7824.33,8196
7827.26,8195
7828.73,8194
7830.23,8193
7831.82,8192
7833.24,8191
7834.84,8190
7836.3,8186
7840.93,8185
7844.01,8184
7848.98,8183
7852.41,8182
7853.94,8181
7855.47,8179
7856.93,8177
7866.24,8176
7872.26,8175
7873.81,8173
7878.44,8170
7885.06,8169
7888.05,8167
7898.91,8166
7901.93,8165
7903.69,8163
7905.62,8162
7912.33,8161
7914.19,8160
7920.09,8159
7921.73,8158
7923.16,8157
7924.83,8156
7926.47,8155
7931.03,8154
7938.86,8153
7940.42,8151
7941.98,8149
7943.63,8148
7945.36,8147
7948.36,8146
7958.98,8145
7967.01,8144
7970.56,8141
7972.35,8136
8003.67,8134
8014.7,8133
8017.89,8132
8019.59,8129
8024.16,8128
8025.98,8127
8029.36,8126
8031.2,8124
8032.82,8119
8050.48,8117
8055.33,8116
8064.48,8112
8066.39,8109
8069.32,8105
8079.93,8104
8081.43,8102
8098.57,8100
8101.62,8099
8111.1,8097
8112.56,8095
8114.17,8094
8123.68,8093
8127.09,8092
8130.27,8091
8133.39,8090
8136.31,8087
8144.17,8086
8145.9,8085
8149.65,8084
8151.41,8078
8158.33,8077
8164.84,8076
8174.54,8073
8190.63,8071
8196.91,8070
8198.4,8069
8201.42,8067
8204.73,8065
8206.25,8064
8219.61,8063
8221.23,8062
8225.7,8061
8230.24,8059
8233.5,8057
8234.99,8055
8245.71,8053
8247.27,8052
8248.75,8051
8256.47,8050
8258.07,8047
8267.02,8046
8268.7,8045
8273.75,8044
8278.72,8043
8280.26,8042
8283.24,8039
8289.07,8037
8301.49,8036
8304.52,8035
8306.11,8034
8309.05,8030
8322.82,8027
8324.28,8026
8330.84,8024
8332.46,8023
8334.37,8022
8342.41,8020
8343.8,8019
8348.4,8018
8349.9,8017
8351.4,8016
8353.01,8015
8354.6,8014
8357.55,8013
8363.59,8012
8369.93,8011
8377.54,8009
8380.52,8007
8381.98,8005
8383.7,8004
8386.73,8003
8390.01,8001
8398.23,7998
8399.8,7997
8401.31,7996
8420.98,7995
8422.43,7993
8431.66,7992
8442.11,7991
8443.68,7990
8449.81,7989
8454.98,7986
8456.74,7985
8472.02,7984
8473.53,7983
8475.05,7980
8484.5,7979
8487.74,7978
8489.44,7977
8492.62,7975
8502.22,7973
8507.68,7972
8511.18,7971
8512.93,7967
8523.22,7964
8526.41,7963
8529.38,7962
8530.79,7961
8539.74,7960
8549.93,7959
8551.43,7957
8556.1,7956
8557.66,7954
8573.78,7951
8578.81,7950
8591.54,7948
8596.16,7947
8599.21,7946
8600.73,7945
8608.59,7940
8610.05,7939
8611.65,7938
8629.06,7935
8630.9,7933
8646.69,7932
8648.61,7931
8654.44,7930
8656.13,7929
8667.54,7927
8674.08,7925
8675.71,7924
8677.24,7923
8687.12,7922
8688.56,7921
8694.01,7920
8695.96,7919
8697.66,7915
8699.45,7913
8701.16,7912
8708.69,7911
8710.1,7910
8717.91,7908
8724.36,7904
8743.67,7901
8745.3,7899
8746.9,7898
8748.51,7897
8753.66,7896
8762.17,7895
8763.89,7894
8765.48,7893
8771.83,7892
8773.3,7891
8775.02,7889
8779.94,7888
8781.7,7887
8783.37,7886
8786.91,7885
8791.98,7884
8793.65,7883
8809.71,7882
8811.5,7881
8813.17,7880
8816.44,7879
8818.13,7877
8821.14,7876
8824.56,7875
8827.76,7874
8829.26,7873
8830.79,7871
8839.06,7870
8840.53,7869
8845.32,7864
8854.22,7863
8858.86,7859
8860.55,7858
8874.3,7857
8875.98,7855
8883.24,7851
8897.14,7849
8900.4,7846
8919.3,7845
8928.63,7844
8933.54,7843
8935.25,7842
8940.7,7841
8942.52,7840
8944.17,7839
8945.96,7838
8954.13,7837
8955.69,7836
8960.39,7835
8965.25,7833
8972.37,7832
8975.92,7830
8977.75,7829
8979.22,7827
8980.87,7826
8982.53,7825
8993.42,7824
9000.79,7823
9002.65,7822
9007.28,7820
9020.47,7816
9030.87,7815
9032.38,7813
9035.7,7811
9046.07,7810
9054.34,7807
9057.69,7806
9067.66,7802
9083.92,7800
9090.59,7799
9092.24,7798
9112.96,7797
9120.25,7796
9132.81,7795
9134.3,7792
9148.83,7788
9160.48,7787
9168.39,7785
9173.1,7783
9180.29,7782
9182.1,7781
9183.83,7780
9188.82,7779
9193.54,7777
9200.54,7775
9208.59,7772
9211.63,7771
9214.83,7770
9216.48,7768
9218,7766
9235.66,7764
9237.37,7763
9238.85,7762
9250.5,7761
9252.42,7760
9253.85,7759
9260.1,7758
9261.6,7756
9267.96,7755
9276.49,7754
9278,7753
9284.86,7752
9286.56,7751
9288.48,7748
9290.13,7746
9295.25,7745
9307.16,7742
9308.69,7739
9313.21,7738
9332.95,7737
9334.46,7736
9337.59,7734
9339.16,7733
9353.4,7732
9363.06,7731
9364.9,7730
9368.08,7728
9369.58,7727
9371.27,7725
9393.11,7724
9398.31,7722
9400.06,7718
9404.95,7717
9411.85,7715
9424.66,7714
9432.32,7713
9436.74,7711
9439.99,7710
9444.3,7709
9445.81,7707
9456.47,7706
9458.23,7705
9459.96,7703
9461.66,7702
9464.68,7701
9476.42,7700
9481.89,7699
9483.65,7698
9485.43,7697
9486.96,7695
9498.29,7694
9502.88,7692
9507.52,7690
9525.47,7689
9531.81,7688
9541.4,7683
9550.49,7682
9555.22,7681
9558.24,7680
9559.64,7678
9564.13,7677
9568.05,7671
9582.35,7670
9587.51,7669
9593.88,7666
9598.96,7665
9600.96,7662
9602.66,7659
9606.17,7658
9619.23,7655
9638.26,7654
9639.78,7653
9647.86,7650
9649.55,7649
9657.25,7648
9662.27,7646
9665.76,7645
9667.21,7644
9679.96,7643
9681.48,7642
9705.52,7641
9707.34,7640
9715.68,7638
9720.68,7635
9738.67,7634
9740.25,7633
9751.35,7632
9754.38,7631
9760.41,7630
9762.14,7628
9778.27,7627
9783.25,7626
9784.94,7625
9794.5,7624
9795.91,7623
9805.27,7617
9824.91,7616
9844.38,7615
9849.53,7614
9851,7613
9852.96,7611
9860.89,7610
9862.32,7609
9870.21,7608
9878.45,7607
9883.22,7606
9886.38,7604
9892.52,7603
9898.77,7602
9900.48,7599
9902.18,7598
9905.39,7596
9908.45,7595
9914.78,7593
9916.28,7592
9935.94,7590
9946.71,7587
9957.34,7586
9960.76,7584
9967.38,7583
9970.43,7581
9971.93,7580
9992.07,7578
9996.61,7576
9998.01,7575
10026.4,7573
10032.5,7570
10034,7569
10042,7567
10048.3,7566
10051.5,7565
10052.9,7563
10066.7,7561
10069.8,7557
10103.6,7556
10111.8,7555
10113.6,7554
10137.2,7553
10145.8,7550
10152.7,7549
10154.2,7548
10155.8,7545
10159,7544
10167.3,7541
10179.2,7538
10183.8,7537
10201.4,7534
10204.8,7533
10206.3,7529
10219.1,7528
10241.9,7525
10243.4,7523
10255.7,7522
10262.7,7521
10264.5,7520
10287.5,7518
10292.2,7517
10300,7516
10301.5,7514
10303.2,7513
10309.9,7511
10318.5,7510
10321.7,7509
10323.4,7508
10328.5,7507
10330,7506
10336.3,7505
10337.7,7502
10348.8,7501
10351.8,7500
10354.7,7499
10362.1,7498
10363.8,7496
10365.2,7495
10372.9,7494
10384,7492
10394.8,7491
10399.3,7490
10402.3,7488
10403.8,7487
10405.2,7486
10411.3,7484
10412.7,7483
10417.3,7478
10433.8,7477
10435.4,7476
10436.9,7474
10440.1,7473
10459.5,7471
10467.4,7470
10468.8,7468
10470.2,7467
10477.5,7465
10489.7,7464
10492.8,7461
10497.3,7459
10505.1,7458
10513.1,7456
10517.4,7455
10518.8,7454
10522.2,7453
10523.7,7452
10531.5,7451
10538.9,7450
10540.6,7449
10542.1,7448
10556.3,7446
10564.4,7445
10566,7443
10581.7,7442
10585,7441
10607.2,7440
10616.6,7439
10624.2,7438
10626,7437
10627.7,7436
10629.4,7435
10631.4,7434
10637.6,7433
10639.2,7427
10640.7,7426
10648.8,7425
10652.1,7424
10653.6,7423
10655.3,7422
10668.9,7419
10670.5,7417
10688.9,7416
10692.5,7414
10694.1,7413
10703.7,7412
10705.4,7411
10724.7,7410
10726.2,7407
10731,7399
10762.1,7398
10763.8,7397
10782.8,7396
10784.4,7393
10807.9,7392
10809.5,7391
10812.9,7389
10817.5,7388
10820.8,7387
10823.8,7386
10834.5,7385
10836.1,7384
10852.9,7383
10857.4,7382
10859,7380
10862.1,7379
10863.6,7378
10866.8,7375
10875.1,7374
10876.8,7373
10878.6,7370
10888.2,7369
10891.9,7366
10945.7,7365
10949,7364
10956.9,7363
10959.9,7361
10964.5,7360
10966,7359
10970.6,7358
10972.2,7357
10973.8,7356
10975.3,7355
10977.3,7354
10980.4,7353
10982.3,7352
10986.8,7351
10988.5,7349
11016.1,7348
11024,7347
11027.1,7346
11031.7,7344
11033.2,7342
11058.9,7341
11061.9,7340
11071.7,7339
11076.3,7338
11077.8,7337
11079.2,7336
11080.8,7334
11082.3,7333
11104.6,7332
11107.4,7331
11114,7330
11115.6,7329
11117.4,7327
11123.4,7325
11141.4,7324
11152.4,7323
11155.5,7322
11158.4,7321
11160,7320
11161.5,7319
11169.4,7318
11171,7317
11174.2,7316
11179.1,7315
11183.9,7313
11185.8,7312
11197.7,7311
11199.1,7310
11202.1,7309
11203.7,7308
11208.3,7305
11209.8,7304
11231.3,7303
11236.3,7302
11253.6,7301
11256.8,7300
11258.2,7297
11271,7294
11300.5,7293
11302,7292
11303.8,7291
11305.2,7289
11319.2,7288
11320.8,7287
11330.5,7286
11332.3,7284
11335.2,7283
11338.5,7282
11350,7281
11351.8,7278
11353.6,7272
11355.2,7271
11372.6,7270
11389.5,7265
11423.9,7264
11425.4,7263
11427,7262
11436.6,7260
11441.4,7259
11447.8,7258
11449.3,7257
11450.7,7256
11452.4,7255
11453.9,7254
11455.6,7253
11457.1,7252
11461.9,7251
11463.6,7250
11465,7249
11466.6,7248
11468.1,7247
11472.8,7246
11476,7245
11477.6,7244
11479.2,7243
11485.3,7242
11486.7,7241
11489.8,7240
11494.6,7239
11498.4,7238
11499.9,7236
11501.6,7235
11504.8,7234
11509.7,7232
11519.1,7231
11521,7230
11548.4,7229
11554.7,7227
11561.2,7226
11569.2,7225
11574,7224
11583.7,7221
11599.8,7220
11604.9,7219
11606.5,7217
11617,7216
11621.4,7215
11627.6,7212
11633.5,7211
11635,7210
11636.6,7209
11638,7208
11640.9,7207
11644,7206
11647.1,7204
11671.3,7203
11674.5,7202
11704.3,7199
11725.4,7197
11739.4,7196
11742.3,7195
11743.9,7193
11755.5,7188
11761.6,7187
11767.6,7185
11773.8,7183
11787.7,7182
11795.4,7181
11797,7180
11798.6,7179
11807.9,7178
11809.4,7177
11813.8,7176
11815.5,7175
11821.4,7173
11822.9,7172
11829,7170
11833.3,7168
11836.4,7167
11844.3,7166
11846,7165
11852,7162
11857.7,7161
11863.8,7160
11893.4,7159
11898.1,7157
11899.5,7155
11906.1,7153
11907.5,7152
11922.5,7151
11928.5,7150
11929.9,7149
11945,7148
11951.4,7147
11960.8,7146
11987.6,7144
11989.2,7143
12020.2,7141
12036.1,7140
12046.7,7139
12049.7,7138
12051.2,7137
12052.8,7135
12076.1,7134
12089.3,7132
12102.2,7131
12103.8,7129
12105.3,7126
12110.1,7124
12128.8,7121
12136.5,7119
12148.6,7118
12157.7,7116
12172.8,7115
12175.9,7113
12177.6,7112
12192.7,7109
12206.9,7107
12214.6,7106
12236.9,7104
12240.5,7103
12242.5,7102
12247.4,7100
12254,7099
12261,7097
12275.7,7096
12290,7094
12291.5,7093
12293.1,7092
12342.3,7091
12373.5,7090
12377,7089
12380.1,7088
12381.8,7087
12388.5,7086
12445.1,7085
12446.9,7084
12450.2,7083
12452.4,7082
12453.9,7081
12471.3,7080
12476.8,7078
12499.1,7077
12501,7076
12506.1,7075
12509.3,7074
12530.8,7073
12543.1,7072
12545.1,7071
12546.9,7070
12555.9,7069
12564,7068
12565.6,7063
12575.8,7062
12606.2,7060
12615.8,7059
12619.9,7058
12627.3,7056
12633.2,7055
12659,7053
12671.9,7052
12685.4,7051
12691.7,7050
12694.2,7049
12700.5,7048
12705.5,7046
12730.1,7045
12731.9,7044
12758.6,7043
12771.2,7039
12788.5,7038
12795.2,7037
12818.4,7036
12823.2,7035
12832.3,7034
12839.3,7033
12849.5,7032
12852.7,7031
12854.4,7030
12858,7027
12900.6,7023
12955.8,7021
12960.4,7020
12963.5,7018
12965,7016
12980.9,7015
12982.4,7012
12996.6,7011
13010.5,7009
13021.4,7008
13034.4,7007
13037.5,7005
13039,7004
13043.6,7002
13048.1,7001
13049.5,6999
13055.9,6998
13058.8,6995
13080.1,6993
13112.6,6990
13120.1,6989
13121.8,6988
13126.8,6987
13143.9,6985
13170.3,6984
13173.6,6981
13183.6,6980
13185.4,6979
13190.2,6978
13191.8,6977
13198.5,6975
13222.7,6974
13226,6973
13235.4,6972
13251.6,6971
13253.7,6970
13255.5,6969
13257.1,6968
13260.5,6965
13318.5,6964
13331.7,6961
13363.6,6960
13379.7,6959
13384.7,6957
13396.8,6956
13414.9,6955
13421.2,6953
13442.1,6952
13443.9,6950
13445.5,6949
13469.8,6948
13471.5,6947
13473,6946
13474.8,6945
13476.4,6943
13493.8,6942
13513.6,6941
13519.5,6940
13529.8,6939
13531.5,6938
13533.1,6937
13534.6,6936
13536.9,6934
13541.9,6933
13543.4,6932
13550.5,6930
13567.7,6928
13604,6927
13628.4,6926
13640.3,6925
13641.9,6924
13645.3,6923
13646.8,6921
13669.4,6917
13672.6,6915
13709.6,6913
13715.8,6912
13731.3,6911
13741.1,6910
13742.8,6909
13744.6,6908
13747.7,6907
13749.6,6906
13763.8,6905
13773.1,6904
13774.6,6900
13840.8,6898
13889.3,6896
13890.8,6895
13938.7,6894
13942.2,6893
13947.2,6892
13953.9,6891
13955.6,6890
13959.6,6888
13963.5,6886
13997.9,6885
14011.7,6884
14014.8,6882
14023.5,6881
14027.6,6880
14033.3,6879
14036.4,6878
14040,6877
14045.4,6876
14047.2,6875
14074.6,6874
14116.7,6871
14145.5,6870
14149.5,6869
14153.1,6868
14158.3,6867
14164.3,6866
14188,6865
14192.9,6864
14196.1,6863
14197.6,6862
14199.3,6861
14206.2,6860
14218.3,6857
14220.2,6856
14221.7,6855
14243.9,6854
14267,6853
14286.9,6852
14291.6,6851
14302.6,6850
14313.4,6848
14355.5,6847
14357.1,6846
14364.5,6845
14365.9,6844
14376.5,6843
14378,6842
14387.7,6841
14391.4,6839
14398.1,6838
14403.2,6836
14434.4,6835
14466,6834
14467.5,6833
14468.9,6832
14488.8,6831
14491.9,6827
14529,6826
14530.7,6825
14532.2,6824
14537,6823
14543.4,6822
14549.4,6821
14554.5,6820
14562.1,6819
14563.6,6818
14572.6,6817
14577.4,6816
14590.3,6815
14591.8,6814
14593.3,6813
14598.4,6812
14604.5,6811
14606.1,6810
14617,6808
14620.3,6807
14672.4,6806
14685.4,6805
14691.3,6804
14704.4,6803
14721.2,6802
14722.7,6801
14724.3,6800
14727.2,6796
14728.7,6795
14736.4,6794
14741,6793
14747.5,6792
14751.1,6788
14769.8,6787
14773.1,6786
14774.6,6785
14777.6,6784
14785.5,6781
14796.5,6779
14830,6778
14831.6,6777
14833,6775
14834.4,6774
14895.4,6771
14905,6770
14928.1,6769
14930.4,6768
14940.1,6767
14968.1,6766
14969.8,6764
15024.7,6763
15041.6,6762
15043.7,6760
15201.8,6759
15212.3,6758
15218.4,6757
15251.9,6755
15272.8,6752
15276.9,6751
15281.2,6750
15295.2,6745
15346.8,6743
15348.5,6742
15350.3,6741
15400,6740
15415.6,6739
15427.7,6738
15454.3,6737
15463,6736
15483.2,6735
15505.6,6732
15577.5,6730
15593.4,6728
15618.4,6727
15628.6,6726
15651.4,6725
15653.1,6724
15683,6722
15689.1,6721
15693.7,6718
15695.1,6717
15706.7,6716
15715.6,6715
15717.2,6713
15740.8,6712
15742.3,6711
15745.3,6710
15748.1,6709
15755.4,6708
15762.4,6707
15767.1,6706
15784.5,6704
15811.8,6703
15814.8,6701
15818.3,6698
15881.6,6694
15900.6,6693
15903.6,6692
15914.3,6691
15915.7,6690
15917.1,6689
15937.1,6688
15938.9,6687
15940.6,6686
15952.2,6684
15955.2,6679
15956.6,6678
16004.5,6676
16028.8,6675
16049.5,6672
16051.5,6668
16095.9,6666
16111,6664
16131.4,6663
16139.7,6662
16211.1,6661
16216.4,6659
16217.9,6658
16225.6,6657
16255.7,6656
16275.6,6655
16297.9,6654
16312.9,6653
16315.2,6652
16317.2,6651
16349.7,6650
16362.2,6649
16373.7,6648
16380.1,6647
16390,6646
16420.3,6643
16446.3,6642
16447.9,6641
16449.3,6640
16450.8,6639
16452.4,6638
16453.9,6636
16455.7,6635
16457.5,6634
16485.7,6633
16496.5,6632
16518.1,6630
16543.9,6628
16547.2,6627
16568.5,6626
16605.3,6623
16658.4,6622
16680.8,6620
16734.4,6619
16753.7,6618
16769.4,6617
16775.7,6616
16777.3,6615
16789.8,6614
16819.4,6612
16828.6,6611
16831.4,6610
16833,6609
16835.9,6608
16904.4,6607
16906,6606
16930.2,6604
16944,6603
16950.1,6602
16951.6,6601
16953,6600
16955.9,6599
16957.4,6598
16980.4,6595
16989.6,6592
16996,6590
17018.5,6588
17033.8,6587
17046.8,6584
17108.5,6583
17117.7,6582
17124.3,6581
17127.4,6579
17130.2,6577
17145.4,6576
17155.8,6575
17164.9,6574
17175.4,6573
17247.6,6572
17250.6,6571
17259.7,6570
17264.3,6567
17267.2,6566
17268.7,6565
17271.6,6564
17273.4,6563
17306.5,6562
17365.9,6561
17367.7,6559
17380.3,6558
17427.1,6557
17446,6556
17455.9,6554
17496.7,6553
17522.7,6551
17561.1,6548
17574.9,6547
17674.8,6546
17679.2,6544
17685,6543
17686.5,6542
17711.6,6541
17713.1,6540
17716.1,6539
17770.4,6538
17797.7,6535
17817.7,6534
17824,6533
17832.1,6532
17833.6,6530
17856.1,6528
17869.5,6527
17883,6526
17889.8,6524
17948.4,6523
17949.9,6521
17951.7,6520
17958.6,6519
17961.6,6518
17969.7,6516
17971.4,6515
17972.8,6513
17976.2,6512
17994.6,6511
18005.3,6510
18006.9,6509
18010.7,6508
18063.6,6506
18068.6,6505
18098.7,6502
18127.7,6501
18129.7,6499
18138,6498
18141,6496
18150.5,6495
18162.1,6494
18183.2,6492
18184.6,6491
18189.5,6490
18441.2,6489
18454,6488
18473.7,6487
18486.3,6484
18487.9,6483
18489.5,6481
18507.7,6479
18565.5,6478
18576.2,6476
18577.6,6474
18592.4,6473
18595.3,6472
18610.6,6471
18628.4,6469
18636.3,6468
18645.6,6467
18662.9,6465
18716.1,6464
18720.8,6463
18725.7,6462
18732.2,6461
18735.2,6460
18749,6458
18758,6457
18759.5,6453
18795.8,6452
18801.9,6450
18803.4,6449
18833.2,6445
18862.6,6444
18947.5,6443
18959.6,6442
18981.4,6441
18982.7,6439
18987.4,6438
18999.7,6437
19049.3,6434
19090.6,6433
19150.7,6432
19152.3,6431
19185.6,6429
19187,6428
19203.2,6427
19398,6425
19399.5,6424
19405.6,6422
19442.2,6419
19452.8,6418
19455.8,6415
19479,6414
19494.5,6413
19497.6,6411
19564.2,6410
19568.5,6408
19574.2,6407
19590.7,6405
19638,6404
19642.4,6401
19661.7,6400
19666.4,6398
19668,6397
19676.1,6396
19677.9,6395
19721.3,6394
19748.8,6393
19759.8,6392
19770.7,6391
19878.6,6390
19912.2,6389
19914.3,6388
19918.3,6387
20002.8,6384
20004.4,6382
20013.3,6381
20029.6,6380
20031.5,6377
20060.8,6376
20065.5,6375
20067.2,6374
20086.8,6373
20089.6,6372
20091.2,6371
20101.2,6370
20102.7,6369
20143.9,6368
20165.5,6367
20166.9,6366
20177.3,6362
20194.6,6361
20209.6,6358
20214.4,6356
20221.9,6355
20263.2,6354
20321.1,6351
20325.4,6348
20402.6,6346
20417.5,6342
20420.3,6341
20440.7,6340
20442.2,6339
20443.9,6336
20585.7,6335
20597.2,6334
20598.7,6333
20760.5,6329
20764.3,6328
20766,6327
20778.5,6324
20859.7,6323
20864.1,6321
20889.1,6318
20899.5,6316
20953.4,6314
20978.1,6313
20991.6,6311
21005.6,6309
21047.3,6308
21050.2,6307
21059.3,6305
21146.6,6304
21166.4,6303
21230.1,6302
21233.2,6301
21251.8,6300
21285.2,6299
21295.7,6298
21317.3,6297
21331.3,6295
21675.8,6294
21687.1,6292
21688.7,6291
21726.5,6290
21793.1,6289
21795.2,6287
21875.5,6286
21878.6,6284
21915.9,6283
21950.8,6281
21992,6279
22029.6,6277
22054.7,6275
22079.1,6274
22082.1,6273
22086.6,6272
22092.7,6271
22096.3,6269
22190.8,6267
22192.2,6265
22214,6264
22221.7,6263
22226.6,6262
22295.1,6261
22315.2,6259
22403.3,6258
22496.1,6257
22497.6,6256
22531.6,6252
22533,6251
22603.9,6250
22612.9,6249
22618.2,6247
22627.3,6245
22630.6,6242
22646.9,6241
22649.8,6239
22661.7,6238
22679.6,6237
22707.8,6234
22726.9,6233
22746.8,6232
22762.6,6230
22779.2,6229
22782.6,6228
22786,6227
22793.1,6226
22838.2,6224
22849.9,6218
22912.7,6217
22957.6,6214
23143.8,6212
23145.3,6211
23158.5,6209
23215.8,6208
23218.7,6206
23224.5,6205
23266.2,6203
23269.2,6202
23273.4,6201
23315.7,6200
23318.5,6199
23334.8,6198
23537.9,6197
23555.8,6196
23567.3,6195
23612.2,6192
23619.6,6191
23642.8,6190
23656,6189
23673.2,6188
23676.1,6186
23864.7,6185
24276.7,6184
24285.8,6183
24288.8,6182
24327.4,6181
24329.3,6180
24430,6179
24431.5,6178
24434.7,6176
24445.4,6175
24518.3,6171
24521.8,6170
24591.8,6169
24607.3,6168
24651.1,6167
24652.5,6165
24654.1,6164
24669.3,6163
24682.2,6161
24685.5,6160
24698.8,6159
24708,6158
24711,6156
24712.8,6155
24757.1,6154
24762.2,6153
24830.4,6152
24840.4,6151
24847.9,6150
25348.9,6148
25413.3,6147
25416.5,6146
25422.3,6145
25438.2,6144
25494.9,6142
25612.6,6141
25710.4,6140
25751.8,6139
25756.4,6138
25757.8,6135
25838,6133
25901.7,6132
25917,6130
25959.8,6129
26005.4,6128
26149.2,6127
26453.6,6126
26564.4,6125
26574.9,6124
26576.7,6119
26579.6,6116
26581.2,6115
26597.7,6114
26623.8,6113
26637.6,6112
26652.6,6111
26654,6110
26671.1,6109
26709.1,6108
26731.5,6102
26832,6101
26850,6100
27347.5,6099
27352.4,6098
27368.9,6097
27371.9,6096
27384,6095
27399.3,6094
27415.6,6093
29240.9,6091
29244.2,6090
29609.1,6089
29628.9,6088
30385.4,6087
30470.5,6086
30479.4,6084
30503.3,6082
30505,6081
30515.3,6080
30532.2,6079
30608.7,6078
30613.2,6077
31287.4,6073
31441.1,6071
31505,6069
31507.8,6068
31513.6,6067
31517.9,6066
31533.5,6065
31536.5,6064
31600.4,6062
31607.8,6061
31650,6060
31656.2,6059
31770.1,6054
33289.6,6053
33298.6,6052
33307.3,6049
33419.7,6048
33421.1,6047
33423.9,6046
34486.8,6042
34521.2,6040
35057.8,6039
35065.1,6038
35081.7,6035
35108.5,6034
35136.5,6033
35151.8,6032
35155.6,6029
35184.1,6028
35426.1,6026
35464.3,6025
35481.3,6024
35486,6023
35487.6,6022
35489.2,6021
41990.9,6020
41992.5,6019
41994,6017
41998.5,6015
42058.8,6014
42079.3,6013
42082.2,6012
42117.8,6010
42151.7,6009
42224.6,6008
42296.7,6007
42314.4,6006
42316,6005
42357.3,6004
42360.4,6001
42723.1,6000
42728.8,5999
42795.9,5998
42820.3,5996
42853.3,5995
42857.5,5993
42914.2,5992
42933.1,5991
42939,5988
43064.8,5987
43098.8,5986
43233.6,5985
43236.6,5984
43248.1,5983
43261.8,5981
43521.1,5980
43529.7,5979
43531.2,5978
43548.3,5977
43551.7,5976
43560.5,5975
44979.8,5973
44996.4,5971
45313.6,5970
45592.5,5969
45598.8,5968
53949.6,5967
53958.5,5966
54107.6,5965
54714.6,5964
54716,5963
61315,5960
62327.3,5959
64329.2,5958
64330.6,5957
64548.9,5956
64799.3,5954
64806.5,5953
66778.9,5952
66780.4,5951
66867.2,5950
66870.5,5949
66873.9,5948
66878.5,5946
67667.3,5945
67940.6,5942
67943.6,5941
68249.1,5940
68250.6,5939
68657.3,5934
68757.8,5933
68762.1,5932
68763.4,5931
69884.9,5930
70937.5,5929
71004.8,5928
71079.1,5927
71100.5,5926
71242.1,5925
71243.6,5923
71321.9,5922
71421,5921
71736.3,5919
71920.7,5918
71922,5917
72582,5916
72583.3,5915
72621.6,5914
72718.6,5913
72724.6,5912
72742.3,5910
73050,5909
73064.6,5908
73083.4,5907
73087.7,5906
73254.9,5904
73409.4,5903
73555.4,5902
73571.4,5901
73611.1,5900
73614.2,5899
73626.1,5896
73629.1,5895
74760.6,5894
74882.6,5892
79909.3,5891
79946.6,5890
79956.6,5889
80009.3,5888
80034.6,5887
80037.5,5886
80039.2,5885
80042.7,5884
80058.2,5882
80241.2,5881
80293.6,5880
80363.9,5878
80770.2,5877
80814.7,5876
81051.9,5874
81059.4,5873
81103.8,5870
81422.3,5869
81423.7,5868
81428.1,5867
81435.1,5866
81452.4,5861
85280.9,5860
85285.6,5859
85319.4,5858
85370.9,5857
85380.6,5856
85398.5,5855
85418.3,5854
85424.2,5851
85448.1,5850
85454.4,5849
85468.9,5848
85470.3,5846
85630.4,5845
85664.1,5843
88456.3,5841
88461.5,5838
98162.5,5836
102032,5835
102034,5834
102102,5833
102114,5832
102175,5831
102687,5830
102697,5828
102700,5827
102715,5826
103124,5825
103128,5824
103130,5823
103175,5822
103254,5821
103354,5816
103492,5815
103568,5814
