3.10584,14108
4.8678,14107
6.46635,14106
8.17991,14105
9.85548,14104
11.4188,14103
13.1824,14102
14.9557,14101
16.6832,14099
18.285,14098
20.0033,14097
21.5921,14096
23.3922,14094
25.0402,14093
26.6446,14091
28.3459,14089
29.9241,14088
31.5838,14085
33.1883,14084
34.7715,14083
36.5536,14079
38.1728,14076
39.9523,14073
41.5459,14072
43.2662,14069
45.0751,14068
46.6377,14065
48.2887,14064
49.9495,14058
51.8748,14056
53.583,14051
55.3817,14049
57.2254,14048
59.0224,14045
60.735,14044
62.3353,14043
64.0323,14042
65.6343,14041
67.4048,14040
69.1361,14038
70.8722,14037
72.5281,14035
74.1384,14031
76.1163,14029
77.7616,14023
79.5189,14017
81.2188,14012
82.9763,14007
84.6753,14006
86.4398,14004
88.0837,13995
89.8792,13994
91.8315,13992
93.5815,13988
95.4615,13977
97.0125,13976
98.7492,13975
100.367,13974
101.993,13972
103.755,13969
105.432,13967
107.263,13965
108.949,13964
111.157,13961
112.898,13958
114.823,13952
116.567,13950
118.426,13949
120.002,13947
121.619,13945
123.341,13942
124.923,13939
126.63,13933
128.306,13930
130.189,13927
131.774,13924
133.486,13923
135.473,13917
137.088,13913
138.785,13910
140.389,13909
142.024,13908
143.738,13904
145.409,13901
147.052,13900
148.698,13899
150.721,13897
152.534,13895
154.293,13894
155.93,13892
157.592,13890
159.224,13886
160.849,13880
162.613,13878
164.205,13876
165.909,13874
167.442,13872
169.17,13870
171.054,13867
172.779,13865
174.628,13857
176.355,13856
178.256,13854
179.824,13846
181.527,13844
183.146,13837
184.809,13833
186.416,13830
188.007,13826
189.815,13824
191.539,13821
193.263,13817
194.816,13816
196.442,13814
198.014,13811
199.582,13810
201.293,13807
202.861,13803
204.635,13800
206.257,13795
208.102,13789
210.04,13787
211.867,13784
213.566,13783
215.38,13782
217.111,13779
218.695,13773
220.468,13771
222.043,13770
223.754,13769
225.37,13768
226.893,13766
228.592,13751
230.192,13750
232.435,13748
234.217,13744
236.08,13741
237.788,13740
239.644,13735
241.419,13733
243.169,13732
244.91,13730
246.477,13728
248.195,13727
249.791,13723
251.629,13721
253.242,13720
254.814,13714
256.695,13712
258.334,13706
260.055,13701
261.777,13700
263.501,13699
265.13,13695
266.722,13694
268.433,13689
270.018,13688
271.815,13681
273.406,13680
275.143,13678
276.762,13677
278.443,13670
280.167,13669
281.828,13668
283.713,13667
285.383,13666
287.623,13665
289.761,13663
291.961,13657
293.839,13656
295.918,13655
297.901,13652
299.838,13650
301.614,13648
303.375,13646
305.016,13645
306.614,13644
308.519,13643
310.298,13635
312.448,13627
314.177,13625
316.217,13622
317.813,13621
319.491,13617
321.095,13616
322.74,13615
324.518,13614
326.054,13606
327.869,13599
329.747,13596
331.42,13595
333.099,13593
334.814,13591
336.449,13587
338.021,13586
339.819,13585
341.391,13584
343.055,13579
344.715,13577
346.3,13576
347.965,13575
349.507,13574
351.396,13573
353.258,13572
355.093,13569
356.811,13567
358.777,13564
360.453,13563
362.112,13562
363.847,13560
365.555,13558
367.315,13553
368.919,13552
370.605,13551
372.231,13547
373.952,13546
375.976,13544
377.697,13543
379.453,13540
381.056,13539
382.878,13537
384.6,13536
386.364,13532
387.953,13529
389.58,13527
391.499,13520
393.46,13519
395.376,13518
396.937,13514
398.684,13511
400.259,13510
401.809,13504
403.532,13503
405.117,13501
406.858,13499
408.401,13497
410.153,13496
411.83,13490
413.599,13489
415.45,13486
417.148,13485
419.259,13483
420.839,13480
422.595,13479
424.289,13475
426.395,13473
428.387,13469
430.401,13468
432.172,13465
433.985,13464
435.639,13463
437.315,13461
439.126,13459
440.719,13457
442.463,13456
444.397,13454
446.255,13453
447.847,13452
449.701,13450
451.34,13447
452.925,13446
454.681,13445
456.366,13443
458.07,13442
459.74,13440
461.434,13435
463.076,13434
464.879,13433
466.573,13432
468.175,13431
469.894,13430
471.545,13424
473.432,13419
475.174,13417
476.941,13416
478.762,13411
480.455,13409
482.16,13408
483.742,13406
485.6,13402
487.173,13400
488.84,13394
490.561,13393
492.148,13390
493.825,13388
495.473,13383
497.217,13381
498.999,13380
500.707,13377
502.375,13376
503.958,13374
505.823,13371
507.434,13370
509.318,13367
510.915,13366
512.656,13364
514.273,13361
515.886,13359
517.71,13358
519.281,13356
521.035,13352
522.584,13350
524.35,13345
526.092,13344
527.698,13343
529.456,13339
531.091,13338
533.176,13337
534.856,13336
536.729,13330
538.492,13329
540.513,13328
542.263,13326
543.929,13325
545.657,13324
547.267,13319
549.045,13318
550.618,13317
552.311,13313
553.876,13312
555.566,13311
557.18,13307
558.735,13306
560.478,13304
562.209,13302
563.883,13299
565.597,13297
567.296,13290
568.92,13288
570.501,13287
572.231,13285
573.754,13280
575.529,13279
577.183,13278
578.872,13276
580.555,13274
582.09,13273
583.858,13270
585.582,13268
587.33,13267
588.888,13264
590.532,13263
592.186,13261
593.894,13257
595.706,13256
597.455,13255
599.32,13251
601.103,13249
602.805,13248
604.389,13245
606.132,13243
607.851,13242
609.462,13241
611.155,13240
612.739,13239
614.373,13235
616.027,13234
617.582,13231
619.256,13227
620.81,13226
622.542,13225
624.095,13224
625.726,13223
627.526,13220
629.15,13219
630.854,13213
632.435,13210
634.107,13209
635.685,13208
637.504,13206
639.301,13204
641.275,13203
643.136,13202
644.749,13200
646.562,13198
648.164,13197
649.834,13193
651.603,13190
653.358,13187
655.218,13183
656.939,13179
659.298,13178
661.516,13177
663.556,13173
664.736,13172
667.508,13171
669.466,13167
671.706,13165
673.744,13164
675.867,13163
677.75,13158
679.41,13152
680.984,13151
682.982,13150
684.693,13147
686.564,13146
688.117,13145
689.871,13142
691.779,13140
693.733,13139
695.402,13138
696.927,13135
698.653,13134
700.237,13131
701.901,13129
703.444,13127
705.12,13124
706.8,13122
708.355,13118
710.116,13117
711.71,13109
713.705,13108
715.464,13107
717.246,13103
718.972,13102
720.706,13101
722.427,13099
724.007,13096
725.755,13092
727.297,13091
729.126,13088
730.918,13086
732.931,13081
734.929,13080
736.742,13079
738.649,13076
740.326,13075
742.248,13074
743.942,13073
745.65,13068
747.191,13066
748.878,13065
750.512,13061
752.028,13059
753.779,13058
755.368,13057
757.124,13053
759.297,13048
761.26,13047
762.943,13046
764.584,13043
766.186,13039
767.747,13037
769.577,13036
771.094,13032
772.69,13029
774.289,13028
775.938,13027
777.816,13025
779.662,13022
781.58,13019
783.402,13018
785.268,13012
786.923,13006
788.686,13004
790.431,12999
791.984,12996
793.773,12994
795.448,12992
797.176,12990
798.858,12989
800.618,12988
802.262,12986
804.005,12985
805.726,12983
807.347,12982
809.163,12980
810.81,12979
812.479,12977
814.099,12975
815.735,12972
817.498,12971
819.08,12969
820.937,12962
822.504,12961
824.28,12958
825.937,12956
827.479,12955
829.408,12954
831.027,12952
833.027,12951
834.563,12949
836.291,12948
838.015,12946
840.088,12942
841.987,12941
844.085,12938
845.804,12935
847.396,12931
849.52,12928
851.161,12927
852.958,12925
854.585,12923
856.279,12922
857.88,12921
859.549,12920
861.395,12919
863.16,12913
864.921,12912
866.554,12911
868.374,12910
870.082,12908
871.72,12907
873.424,12906
875.051,12904
876.774,12903
878.385,12896
880.157,12894
881.798,12893
883.442,12892
885.073,12891
886.682,12888
888.473,12886
890.214,12884
891.913,12882
893.484,12880
895.054,12877
896.717,12875
898.485,12873
900.411,12869
902.128,12868
903.998,12867
905.797,12866
907.479,12865
909.086,12861
910.864,12860
912.581,12859
914.165,12858
915.97,12852
917.479,12848
919.192,12847
920.82,12846
922.438,12842
924.162,12838
925.731,12835
927.462,12834
929.028,12832
930.852,12830
932.594,12828
934.625,12823
936.553,12820
938.19,12819
940.027,12817
941.8,12814
943.961,12812
945.576,12811
947.306,12810
948.861,12809
950.488,12808
952.158,12805
953.74,12804
955.432,12802
957.009,12801
959.044,12800
960.895,12799
962.728,12798
964.416,12796
966.223,12794
967.903,12793
969.509,12791
971.255,12783
972.826,12779
974.498,12776
976.303,12773
978.156,12770
979.837,12768
981.626,12767
983.534,12766
985.287,12762
987.138,12761
988.71,12760
990.507,12759
992.335,12757
994.059,12756
995.73,12754
997.294,12753
998.995,12752
1000.6,12751
1002.6,12749
1004.25,12748
1006.04,12747
1008.17,12745
1010.06,12743
1011.87,12742
1013.49,12740
1015.25,12739
1016.78,12737
1018.67,12735
1020.34,12732
1022.33,12731
1024.62,12730
1026.59,12729
1028.35,12728
1030.02,12727
1031.68,12724
1033.35,12723
1035.05,12722
1036.63,12718
1038.26,12713
1039.85,12712
1041.58,12710
1043.38,12707
1044.9,12703
1046.52,12702
1048.07,12701
1049.66,12699
1051.3,12698
1052.84,12694
1054.58,12691
1056.14,12690
1057.78,12689
1059.35,12686
1061,12685
1063.13,12681
1064.84,12680
1066.59,12679
1068.3,12673
1070.12,12672
1071.8,12670
1073.6,12669
1075.25,12668
1076.77,12666
1078.63,12665
1080.24,12664
1082.12,12663
1083.93,12662
1085.78,12660
1087.54,12659
1089.19,12654
1090.86,12652
1092.38,12651
1094.13,12650
1095.69,12649
1097.35,12647
1098.93,12644
1100.76,12640
1102.61,12637
1104.17,12635
1105.93,12633
1107.81,12631
1109.58,12630
1111.15,12629
1112.71,12626
1114.74,12622
1116.38,12619
1118.05,12617
1119.63,12615
1121.35,12614
1122.97,12613
1124.69,12612
1126.33,12610
1127.99,12606
1129.68,12603
1131.34,12602
1133.57,12599
1135.36,12598
1137.04,12597
1138.71,12593
1140.64,12591
1142.63,12588
1144.28,12587
1146.12,12584
1147.76,12583
1150.12,12581
1152.04,12579
1153.92,12578
1155.64,12575
1157.46,12574
1159.04,12573
1160.72,12572
1162.39,12571
1164.06,12569
1165.99,12568
1167.78,12567
1169.65,12566
1171.17,12565
1172.85,12563
1174.43,12561
1176.16,12555
1177.78,12554
1179.26,12553
1180.99,12550
1182.62,12549
1184.52,12548
1186.17,12544
1188,12542
1190.02,12541
1191.76,12539
1193.54,12537
1195.2,12534
1196.95,12529
1198.5,12528
1200.4,12526
1202.37,12522
1204.32,12520
1206.01,12518
1207.79,12517
1209.6,12516
1211.17,12515
1212.87,12514
1214.37,12511
1216.2,12509
1217.69,12506
1219.29,12504
1220.93,12498
1222.46,12494
1224.15,12493
1225.76,12491
1227.52,12490
1229.18,12484
1230.93,12483
1232.87,12482
1234.52,12479
1236.22,12476
1237.79,12475
1239.44,12474
1240.99,12473
1242.55,12470
1244.31,12465
1245.91,12463
1247.58,12461
1249.16,12459
1250.99,12455
1252.66,12453
1254.17,12452
1256.02,12451
1258.09,12449
1260.33,12446
1262.01,12444
1263.94,12442
1265.93,12441
1268.05,12440
1269.55,12437
1272.01,12436
1273.53,12435
1275.12,12434
1276.84,12432
1278.52,12431
1280.27,12430
1281.85,12428
1283.61,12426
1285.24,12425
1287,12424
1288.54,12423
1290.05,12419
1291.95,12418
1293.63,12414
1295.43,12413
1297.08,12412
1298.78,12407
1300.61,12406
1302.34,12404
1304,12403
1305.56,12401
1307.28,12400
1308.83,12399
1310.53,12398
1312.11,12397
1313.69,12394
1315.43,12393
1317.11,12391
1318.78,12390
1320.36,12389
1322.08,12383
1324.1,12382
1326.16,12381
1328.02,12380
1329.7,12379
1331.41,12377
1333,12376
1334.68,12374
1336.3,12373
1338.16,12371
1339.73,12368
1341.28,12367
1343.05,12366
1344.58,12365
1346.24,12363
1347.82,12360
1349.44,12353
1351.1,12348
1352.62,12347
1354.31,12346
1355.89,12345
1357.7,12344
1359.26,12343
1360.82,12342
1362.51,12341
1364.05,12340
1365.67,12339
1367.18,12338
1368.81,12337
1370.49,12336
1372.27,12332
1374.17,12331
1375.72,12330
1377.53,12329
1379.14,12328
1380.84,12326
1382.52,12323
1384.33,12320
1386.09,12318
1387.83,12316
1389.59,12314
1391.16,12312
1392.81,12309
1394.36,12307
1396.02,12306
1397.64,12304
1399.43,12301
1401.1,12300
1402.68,12299
1404.38,12298
1405.92,12296
1407.56,12291
1409.21,12289
1410.94,12287
1412.57,12286
1414.07,12285
1415.75,12284
1417.48,12282
1419.23,12279
1421.03,12278
1422.63,12275
1424.49,12273
1426.06,12272
1427.67,12271
1429.33,12267
1431.02,12265
1432.99,12264
1434.6,12263
1436.43,12259
1438,12254
1440.02,12252
1441.93,12251
1443.87,12250
1445.57,12249
1447.32,12248
1449.19,12246
1450.72,12244
1452.43,12243
1453.93,12241
1455.64,12240
1457.16,12237
1458.93,12236
1460.63,12234
1462.25,12233
1463.96,12231
1465.54,12230
1467.3,12229
1469.01,12227
1470.77,12224
1472.35,12222
1473.88,12220
1475.6,12219
1477.13,12218
1479.03,12215
1480.65,12214
1482.36,12212
1484.04,12211
1485.6,12210
1487.29,12209
1488.85,12208
1490.57,12206
1492.18,12205
1493.73,12204
1495.4,12203
1496.97,12202
1498.6,12199
1500.41,12198
1502.18,12196
1503.92,12195
1505.6,12193
1507.43,12187
1509.08,12186
1510.79,12184
1512.29,12183
1513.86,12182
1515.49,12181
1517.01,12178
1518.65,12177
1520.36,12176
1521.98,12172
1523.57,12171
1525.07,12170
1526.73,12169
1528.28,12168
1529.97,12167
1531.48,12164
1533,12162
1534.67,12161
1536.18,12160
1537.87,12158
1539.41,12156
1541.17,12155
1542.72,12154
1544.28,12153
1545.96,12152
1547.46,12149
1549.08,12145
1550.7,12144
1552.3,12143
1553.97,12142
1555.5,12140
1557.17,12139
1558.86,12138
1560.71,12135
1562.57,12131
1564.22,12127
1566.11,12126
1567.77,12125
1569.53,12122
1571.25,12119
1572.87,12118
1574.37,12117
1575.98,12116
1577.78,12113
1579.55,12111
1581.45,12109
1583.05,12108
1584.87,12107
1586.54,12106
1588.19,12103
1589.77,12102
1591.34,12100
1593.24,12099
1594.97,12097
1596.63,12093
1598.16,12089
1599.76,12088
1601.53,12087
1603.03,12086
1604.67,12085
1606.19,12080
1607.83,12079
1609.33,12078
1610.97,12077
1612.58,12075
1614.11,12074
1615.86,12073
1617.41,12071
1619.01,12070
1620.61,12069
1622.42,12068
1624.29,12066
1625.95,12065
1627.76,12064
1629.45,12063
1631.08,12062
1632.64,12061
1634.18,12060
1635.83,12059
1637.33,12057
1639.01,12055
1640.55,12052
1642.33,12050
1644.08,12044
1645.62,12042
1647.27,12041
1648.85,12039
1650.47,12038
1652.12,12035
1653.6,12034
1655.35,12033
1656.86,12032
1658.57,12031
1660.13,12029
1661.98,12028
1663.59,12027
1665.11,12026
1666.73,12025
1668.28,12024
1669.97,12023
1671.48,12021
1673.09,12020
1674.75,12019
1676.27,12018
1678.03,12017
1679.56,12016
1681.22,12014
1682.99,12011
1684.67,12010
1686.64,12009
1688.35,12008
1690.26,12007
1691.75,12006
1693.38,11998
1694.94,11993
1696.49,11992
1698.13,11991
1699.74,11989
1701.39,11988
1702.98,11986
1704.6,11981
1706.26,11980
1707.81,11979
1709.94,11973
1712.2,11972
1714.05,11971
1715.65,11970
1717.25,11969
1718.8,11968
1720.58,11963
1722.29,11959
1724.27,11958
1725.85,11957
1727.71,11956
1729.6,11953
1731.29,11951
1733.52,11950
1735.06,11948
1736.7,11947
1738.27,11945
1739.96,11943
1741.63,11942
1743.51,11941
1745.34,11940
1747.04,11937
1748.92,11936
1750.6,11935
1752.24,11934
1753.98,11932
1755.53,11931
1757.22,11930
1758.77,11929
1760.46,11928
1762.06,11926
1763.83,11924
1765.46,11923
1767.05,11922
1768.71,11921
1770.3,11919
1771.89,11918
1773.65,11916
1775.19,11914
1776.83,11913
1778.4,11911
1780.02,11907
1781.53,11904
1783.13,11901
1784.83,11899
1786.35,11898
1788.06,11895
1789.59,11894
1791.18,11893
1792.78,11892
1794.51,11891
1796.19,11890
1797.72,11888
1799.35,11886
1800.95,11884
1802.7,11883
1804.57,11882
1806.19,11881
1807.99,11880
1809.65,11878
1811.39,11877
1812.98,11876
1814.61,11875
1816.35,11874
1817.91,11871
1819.65,11865
1821.23,11864
1822.83,11863
1824.45,11862
1825.98,11861
1827.95,11860
1829.57,11859
1831.27,11858
1832.91,11857
1834.71,11855
1836.27,11854
1837.79,11853
1839.47,11852
1841.12,11850
1842.76,11849
1844.54,11848
1846.03,11846
1847.73,11842
1849.29,11840
1851.02,11839
1852.67,11836
1854.47,11835
1856.02,11834
1857.66,11833
1859.46,11830
1861,11829
1862.83,11828
1864.54,11827
1866.5,11826
1868.17,11825
1870,11824
1871.67,11823
1873.2,11822
1875.15,11821
1877.23,11819
1879.34,11818
1880.95,11814
1882.8,11812
1884.68,11808
1886.79,11806
1888.48,11804
1890.22,11803
1891.96,11802
1893.93,11800
1895.69,11798
1897.36,11796
1899.53,11794
1901.03,11791
1902.79,11790
1904.52,11789
1906.66,11787
1908.47,11786
1910.3,11785
1912.06,11782
1913.82,11781
1915.46,11779
1917.12,11778
1918.74,11776
1920.53,11775
1922.15,11774
1924.1,11772
1926.17,11771
1927.89,11770
1929.76,11768
1931.45,11766
1933.21,11765
1934.74,11764
1936.48,11763
1938.06,11762
1939.6,11761
1941.39,11759
1943.06,11757
1944.82,11756
1946.5,11754
1948.26,11751
1949.83,11749
1951.36,11748
1953.18,11747
1954.92,11746
1956.64,11745
1958.16,11744
1959.82,11740
1961.63,11739
1963.16,11738
1964.93,11735
1966.49,11734
1968.19,11730
1969.79,11728
1971.29,11727
1972.96,11726
1974.58,11725
1976.33,11722
1977.94,11721
1979.59,11720
1981.33,11719
1982.89,11718
1984.83,11716
1986.46,11714
1988.31,11713
1989.99,11712
1991.89,11710
1993.5,11709
1995.2,11707
1997.01,11705
1998.55,11703
2000.27,11702
2001.91,11701
2003.6,11700
2005.22,11698
2006.91,11697
2008.6,11696
2010.31,11695
2011.95,11694
2013.62,11692
2015.42,11690
2017.02,11689
2018.57,11687
2020.27,11686
2022.05,11685
2023.76,11684
2025.3,11680
2026.91,11679
2028.54,11678
2030.04,11676
2031.78,11674
2033.58,11673
2035.34,11672
2036.91,11671
2038.55,11670
2040.39,11669
2042.15,11668
2044.09,11666
2045.81,11665
2047.66,11664
2049.35,11663
2051.12,11661
2052.9,11659
2054.51,11658
2056.22,11657
2057.74,11656
2059.52,11655
2061.16,11654
2063.1,11653
2064.77,11652
2066.32,11650
2068.22,11649
2069.82,11648
2071.53,11647
2073.09,11645
2074.65,11643
2076.34,11640
2077.89,11638
2079.6,11637
2081.11,11635
2082.9,11632
2084.56,11631
2086.07,11629
2087.77,11627
2089.32,11626
2090.96,11622
2092.56,11619
2094.29,11618
2095.99,11617
2097.66,11616
2099.43,11615
2100.98,11614
2102.82,11613
2104.46,11612
2106.12,11611
2107.9,11610
2109.63,11609
2111.47,11608
2113.04,11606
2114.62,11603
2116.22,11602
2117.72,11601
2119.38,11600
2120.86,11598
2122.52,11597
2124.2,11595
2125.72,11594
2127.32,11592
2128.92,11590
2130.58,11589
2132.08,11588
2133.64,11587
2135.26,11586
2136.76,11584
2138.43,11582
2139.94,11581
2141.51,11580
2143.13,11578
2144.67,11577
2146.32,11575
2147.87,11574
2149.69,11573
2151.25,11572
2152.79,11571
2154.5,11570
2155.97,11568
2157.66,11567
2159.46,11566
2161.13,11565
2162.82,11563
2164.38,11562
2166.4,11561
2168.09,11560
2170.1,11559
2171.87,11558
2173.63,11555
2175.12,11553
2176.63,11552
2178.59,11551
2180.29,11550
2181.96,11547
2183.57,11545
2185.32,11543
2186.96,11542
2188.67,11540
2190.39,11539
2191.96,11538
2193.89,11537
2195.72,11535
2197.62,11534
2199.17,11531
2200.74,11530
2202.32,11527
2203.8,11524
2205.5,11522
2207.01,11520
2208.65,11519
2210.26,11516
2211.8,11515
2213.47,11513
2215.23,11512
2216.91,11511
2218.51,11510
2220.15,11507
2221.72,11503
2223.27,11500
2225,11499
2226.69,11498
2228.63,11497
2230.32,11496
2232.03,11495
2233.79,11494
2235.48,11493
2237.17,11491
2238.69,11490
2240.3,11489
2241.87,11488
2243.52,11487
2245.16,11486
2246.69,11485
2248.42,11483
2249.98,11482
2251.54,11480
2253.24,11479
2254.94,11478
2256.64,11477
2258.21,11475
2259.86,11474
2261.43,11473
2263.07,11472
2264.81,11470
2266.34,11469
2268.01,11468
2269.62,11466
2271.27,11465
2272.93,11464
2274.48,11461
2276.22,11460
2277.77,11458
2279.42,11457
2281.2,11456
2282.68,11452
2284.35,11451
2286.06,11450
2287.93,11449
2289.68,11448
2291.53,11447
2293.26,11446
2294.94,11444
2296.59,11443
2298.06,11441
2299.93,11440
2301.4,11439
2303,11438
2304.5,11437
2306.16,11435
2307.89,11434
2309.4,11433
2311.24,11432
2312.73,11429
2314.25,11428
2315.92,11426
2317.44,11425
2319.07,11424
2320.83,11423
2322.49,11422
2324.12,11420
2325.65,11419
2327.3,11418
2328.78,11417
2330.39,11416
2332.04,11415
2333.79,11414
2335.42,11412
2336.93,11411
2338.55,11410
2340.21,11409
2341.94,11408
2343.69,11406
2345.44,11404
2347.22,11403
2348.82,11401
2350.68,11400
2352.3,11398
2354.17,11397
2355.78,11396
2357.29,11395
2358.93,11394
2360.48,11392
2362.12,11391
2363.79,11390
2365.38,11389
2367.13,11388
2368.67,11387
2370.41,11386
2372.1,11385
2373.79,11383
2375.32,11382
2376.94,11380
2378.58,11379
2380.16,11376
2381.81,11375
2383.36,11373
2385,11372
2386.55,11369
2388.15,11368
2389.9,11367
2391.58,11366
2393.25,11365
2394.78,11364
2396.41,11363
2398,11362
2399.55,11357
2401.29,11352
2403.02,11351
2404.82,11350
2406.62,11347
2408.5,11346
2410.23,11345
2412.05,11344
2413.87,11343
2415.36,11342
2417.07,11341
2418.64,11339
2420.48,11338
2422.21,11337
2423.77,11336
2425.44,11332
2427.09,11328
2428.83,11327
2430.36,11326
2432.19,11325
2433.89,11322
2435.55,11321
2437.39,11319
2439.28,11317
2441.2,11316
2442.87,11315
2444.51,11313
2445.99,11312
2447.48,11311
2449.12,11310
2450.57,11309
2452.38,11308
2453.93,11307
2455.47,11306
2457.26,11303
2459.22,11300
2461.06,11299
2462.72,11297
2464.54,11296
2466.27,11292
2468.09,11291
2469.78,11290
2471.75,11289
2473.73,11288
2475.62,11287
2477.43,11286
2479.47,11283
2481.11,11281
2482.8,11280
2484.67,11279
2486.42,11278
2488.07,11277
2489.56,11276
2491.31,11274
2493.13,11273
2495.08,11272
2497.09,11271
2498.75,11270
2500.46,11267
2502.05,11266
2503.77,11264
2505.46,11263
2507,11262
2508.77,11260
2510.34,11259
2512.11,11258
2513.63,11256
2515.33,11255
2516.94,11253
2518.53,11252
2520.32,11250
2521.8,11249
2523.49,11248
2525.07,11247
2526.67,11245
2528.53,11240
2530.27,11239
2532.22,11238
2534.07,11237
2535.97,11235
2537.67,11232
2539.48,11231
2541.02,11230
2542.55,11228
2544.3,11227
2545.77,11226
2547.54,11224
2549.12,11223
2550.54,11222
2552.28,11221
2553.8,11220
2555.43,11219
2556.98,11218
2558.52,11217
2560.42,11216
2562.2,11215
2563.92,11214
2565.42,11213
2566.97,11211
2568.55,11210
2570.09,11209
2571.72,11208
2573.22,11205
2574.84,11202
2576.49,11201
2577.99,11200
2579.9,11199
2581.39,11198
2583,11195
2584.59,11194
2586.45,11192
2588.32,11191
2590.04,11190
2591.87,11188
2593.5,11187
2595.35,11184
2596.92,11183
2598.47,11182
2600.12,11179
2601.61,11177
2603.23,11175
2604.68,11174
2606.43,11173
2608.89,11172
2610.86,11171
2612.56,11170
2614.28,11169
2616.07,11167
2617.64,11164
2619.36,11163
2620.89,11161
2622.53,11160
2624.18,11159
2625.92,11157
2627.46,11156
2628.93,11155
2630.54,11154
2632.08,11153
2634.32,11152
2635.89,11150
2637.43,11149
2639.2,11147
2640.98,11146
2642.92,11145
2644.45,11144
2646.11,11143
2647.66,11141
2649.41,11140
2651.35,11139
2653.09,11138
2654.94,11137
2656.68,11133
2658.36,11132
2659.9,11131
2661.47,11130
2663.12,11129
2664.75,11128
2666.47,11127
2668.06,11123
2669.76,11122
2671.41,11120
2672.99,11118
2674.54,11117
2676.21,11116
2678.29,11115
2679.93,11113
2681.9,11112
2683.53,11111
2685.33,11110
2686.88,11109
2688.39,11108
2690.15,11107
2691.82,11104
2693.5,11103
2694.97,11101
2696.61,11100
2698.17,11099
2699.77,11097
2701.41,11096
2702.89,11094
2704.45,11093
2706.17,11092
2707.72,11091
2709.64,11090
2711.41,11089
2713.2,11087
2714.94,11086
2716.81,11085
2718.39,11084
2719.85,11083
2721.45,11082
2722.96,11081
2724.5,11080
2726.12,11079
2727.64,11078
2729.43,11077
2730.87,11075
2732.58,11074
2734.1,11073
2735.55,11072
2737.26,11071
2738.77,11070
2740.39,11069
2741.89,11068
2743.39,11067
2745.27,11065
2746.88,11064
2748.52,11063
2749.99,11062
2751.51,11059
2753.31,11058
2754.73,11057
2756.31,11056
2757.91,11055
2759.55,11054
2761.19,11053
2762.71,11052
2764.37,11051
2765.89,11050
2767.57,11049
2769.27,11048
2770.88,11047
2772.93,11046
2774.59,11045
2776.47,11044
2778.36,11043
2780.32,11042
2781.9,11041
2783.74,11039
2785.39,11038
2787.43,11037
2789.03,11036
2790.61,11035
2792.55,11031
2794.16,11029
2796.02,11027
2797.55,11024
2799.13,11023
2800.74,11022
2802.56,11021
2804.34,11020
2805.9,11019
2807.55,11018
2809.03,11017
2810.57,11016
2812.16,11014
2813.81,11013
2815.48,11011
2816.97,11010
2818.58,11007
2820.14,11005
2821.63,11004
2823.33,11003
2824.81,11001
2826.36,11000
2828.05,10999
2829.76,10998
2831.61,10996
2833.45,10995
2835.28,10994
2837.01,10993
2838.6,10992
2840.11,10991
2841.66,10990
2843.49,10989
2845,10988
2846.63,10986
2848.16,10984
2849.71,10983
2851.37,10982
2853.01,10981
2854.67,10978
2856.17,10977
2857.79,10976
2859.42,10975
2860.93,10974
2862.61,10973
2864.21,10972
2865.81,10970
2867.4,10969
2868.9,10968
2870.59,10967
2872.1,10965
2873.82,10964
2875.43,10963
2876.88,10962
2878.58,10961
2880.04,10960
2881.71,10959
2883.18,10958
2884.67,10957
2886.35,10955
2887.87,10952
2889.71,10951
2891.42,10950
2893.14,10946
2895.01,10945
2896.74,10944
2898.49,10943
2899.99,10942
2901.61,10941
2903.11,10940
2904.59,10938
2906.31,10937
2907.79,10936
2909.39,10935
2910.98,10933
2912.51,10932
2914.14,10930
2915.63,10929
2917.29,10927
2919.03,10926
2920.64,10925
2922.25,10924
2924.05,10923
2925.7,10922
2927.21,10921
2928.84,10919
2930.33,10918
2931.94,10917
2933.81,10916
2935.36,10915
2937.24,10914
2938.74,10913
2940.61,10911
2942.36,10910
2943.93,10908
2945.52,10907
2946.97,10906
2948.65,10905
2950.37,10904
2952.09,10903
2953.79,10902
2955.54,10901
2957.3,10900
2958.81,10899
2960.62,10895
2962.09,10894
2963.84,10893
2965.43,10891
2966.88,10890
2968.56,10888
2970.07,10887
2971.62,10885
2973.12,10884
2974.57,10881
2976.17,10877
2977.62,10876
2979.28,10875
2980.83,10874
2982.34,10873
2984,10871
2985.65,10870
2987.23,10869
2988.78,10867
2990.31,10866
2991.9,10865
2993.33,10864
2994.83,10863
2996.39,10862
2997.88,10861
2999.53,10860
3000.99,10859
3002.48,10858
3003.99,10857
3005.64,10855
3007.23,10854
3008.76,10851
3010.5,10848
3012.2,10847
3013.8,10845
3015.55,10842
3017.29,10841
3018.93,10840
3020.38,10839
3021.82,10838
3023.48,10836
3024.9,10835
3026.62,10834
3028.06,10833
3029.58,10832
3031.2,10830
3032.63,10829
3034.21,10828
3035.68,10827
3037.17,10826
3038.79,10825
3040.28,10824
3041.88,10823
3043.36,10822
3044.88,10820
3046.64,10819
3048.11,10818
3049.71,10817
3051.21,10816
3052.72,10815
3054.34,10814
3055.9,10812
3057.57,10811
3059.13,10810
3060.73,10809
3062.41,10808
3063.9,10806
3065.54,10803
3067.19,10802
3068.74,10800
3070.43,10798
3072.11,10797
3073.85,10795
3075.48,10794
3077.3,10793
3079.11,10792
3080.72,10791
3082.14,10790
3083.83,10789
3085.34,10788
3087.13,10787
3088.78,10786
3090.22,10785
3091.94,10784
3093.41,10783
3094.9,10782
3096.62,10781
3098.13,10780
3099.71,10779
3101.33,10778
3102.89,10777
3104.52,10776
3106.05,10775
3107.83,10774
3109.33,10772
3110.91,10770
3112.43,10769
3113.89,10768
3115.55,10767
3117.05,10766
3118.64,10764
3120.16,10762
3121.62,10761
3123.21,10760
3124.72,10759
3126.23,10758
3127.76,10757
3129.28,10755
3131.03,10754
3132.77,10753
3134.56,10752
3136.26,10751
3137.98,10748
3139.59,10746
3141.07,10744
3142.66,10743
3144.22,10741
3145.71,10740
3147.27,10739
3148.75,10738
3150.34,10737
3151.86,10736
3153.51,10734
3155.02,10732
3156.52,10731
3158.11,10729
3159.64,10728
3161.2,10727
3162.83,10726
3164.55,10725
3166.42,10724
3167.9,10723
3169.51,10722
3171.06,10721
3172.64,10720
3174.25,10719
3175.73,10718
3177.29,10717
3178.83,10716
3180.27,10715
3181.89,10713
3183.32,10712
3184.88,10711
3186.4,10710
3187.86,10709
3189.52,10708
3191.18,10707
3193.1,10706
3194.72,10704
3196.44,10703
3198.19,10702
3199.83,10701
3201.47,10700
3202.91,10699
3204.48,10698
3205.98,10696
3207.46,10693
3209.03,10692
3210.48,10691
3212.17,10690
3213.81,10689
3215.26,10688
3216.92,10687
3218.39,10686
3219.93,10685
3221.57,10684
3223.07,10683
3224.73,10682
3226.21,10681
3227.79,10680
3229.34,10679
3230.87,10678
3232.7,10677
3234.53,10676
3236.11,10675
3237.58,10674
3239.09,10673
3240.76,10672
3242.44,10671
3244.18,10670
3245.75,10669
3247.54,10668
3248.98,10667
3250.6,10666
3252.44,10664
3254.22,10662
3255.98,10660
3257.61,10659
3259.4,10658
3261.14,10657
3262.73,10656
3264.48,10655
3265.98,10654
3267.69,10653
3269.22,10652
3270.89,10651
3272.46,10650
3274.05,10649
3275.69,10648
3277.16,10647
3278.82,10646
3280.38,10645
3281.89,10644
3283.79,10643
3285.45,10641
3287.41,10640
3288.91,10638
3290.48,10637
3292.13,10636
3293.59,10635
3295.37,10634
3296.88,10633
3298.38,10632
3300.09,10631
3301.62,10630
3303.22,10629
3304.68,10628
3306.19,10627
3307.71,10623
3309.25,10622
3310.88,10621
3312.39,10620
3314.04,10619
3315.91,10618
3317.64,10617
3319.39,10616
3320.99,10615
3322.66,10612
3324.12,10609
3325.72,10607
3327.3,10606
3328.79,10605
3330.4,10604
3331.88,10603
3333.36,10602
3334.93,10601
3336.49,10599
3338.16,10598
3339.61,10597
3341.04,10596
3342.65,10595
3344.17,10594
3345.82,10593
3347.27,10592
3348.74,10591
3350.38,10590
3351.93,10588
3353.54,10587
3354.97,10586
3356.73,10585
3358.6,10584
3360.86,10583
3362.92,10582
3364.47,10581
3366.1,10580
3367.72,10577
3369.36,10576
3370.87,10575
3372.49,10574
3374.23,10573
3375.9,10572
3377.98,10571
3379.81,10570
3381.58,10569
3383.12,10568
3384.68,10566
3386.44,10565
3388.04,10564
3389.64,10563
3391.21,10562
3392.83,10561
3394.34,10560
3396.09,10559
3398.02,10558
3399.82,10557
3401.66,10556
3403.26,10555
3404.91,10554
3406.51,10553
3408.15,10552
3409.8,10551
3411.32,10550
3412.93,10549
3414.42,10548
3415.92,10547
3417.76,10544
3419.24,10543
3420.83,10541
3422.29,10540
3423.79,10539
3425.44,10537
3426.92,10536
3428.91,10535
3430.41,10534
3431.93,10533
3433.68,10532
3435.64,10531
3437.96,10530
3439.89,10529
3441.72,10528
3443.35,10527
3445.01,10526
3446.58,10525
3448.26,10524
3450.04,10523
3451.59,10522
3453.43,10521
3454.97,10518
3456.67,10517
3458.45,10515
3460.12,10511
3461.59,10510
3463.21,10509
3464.99,10507
3466.55,10506
3468.35,10505
3470.02,10504
3471.61,10503
3473.19,10502
3474.74,10500
3476.52,10499
3478.3,10498
3480.1,10497
3481.74,10496
3483.38,10495
3485.09,10494
3486.6,10493
3488.31,10492
3489.84,10491
3491.65,10490
3493.33,10488
3495.04,10486
3496.85,10485
3498.78,10484
3500.67,10482
3502.35,10481
3504.1,10480
3505.66,10479
3507.36,10478
3508.86,10477
3510.4,10476
3512.16,10475
3513.69,10474
3515.37,10472
3516.93,10471
3518.62,10470
3520.22,10469
3521.73,10468
3523.43,10467
3525.02,10466
3526.71,10465
3528.27,10464
3529.78,10463
3531.49,10462
3533.31,10461
3535.12,10460
3536.57,10459
3538.03,10457
3539.61,10456
3541.19,10455
3542.88,10454
3544.55,10453
3546.21,10452
3547.67,10451
3549.17,10449
3550.79,10447
3552.27,10446
3553.98,10445
3555.61,10444
3557.43,10443
3559.1,10442
3560.87,10441
3562.56,10440
3564.39,10439
3566.07,10438
3567.61,10437
3569.22,10436
3570.76,10435
3572.24,10434
3573.83,10433
3575.3,10432
3576.82,10431
3578.38,10428
3579.86,10427
3581.47,10426
3582.94,10425
3584.69,10424
3586.32,10423
3587.81,10422
3589.49,10421
3591,10420
3592.62,10419
3594.16,10418
3595.61,10417
3597.28,10416
3598.74,10415
3600.38,10414
3601.86,10413
3603.3,10412
3604.87,10411
3606.32,10410
3607.85,10409
3609.58,10408
3611.03,10407
3612.63,10406
3614.16,10405
3615.83,10403
3617.63,10402
3619.23,10401
3621.03,10400
3622.6,10399
3624.31,10398
3625.78,10397
3627.32,10396
3628.93,10395
3630.56,10394
3632.15,10392
3633.59,10391
3635.09,10390
3636.62,10389
3638.12,10387
3639.71,10386
3641.15,10385
3642.6,10384
3644.22,10383
3645.68,10382
3647.31,10381
3648.79,10380
3650.65,10379
3652.42,10378
3653.86,10377
3655.48,10376
3656.98,10374
3658.61,10373
3660.27,10372
3661.76,10371
3663.42,10370
3664.88,10369
3666.49,10368
3668.04,10367
3669.48,10366
3671.1,10364
3672.59,10363
3674.14,10362
3675.96,10361
3677.64,10360
3679.71,10357
3681.37,10355
3683.21,10353
3684.84,10351
3686.52,10349
3688.24,10347
3689.67,10346
3691.41,10345
3692.89,10344
3694.45,10342
3696.09,10341
3697.79,10340
3699.39,10339
3700.85,10338
3702.59,10337
3704.11,10336
3705.62,10335
3707.21,10332
3708.74,10331
3710.38,10329
3711.9,10327
3713.39,10325
3715.03,10323
3716.72,10322
3718.45,10321
3719.96,10320
3721.49,10319
3723.08,10318
3724.66,10317
3726.37,10316
3727.87,10315
3729.41,10314
3731.23,10313
3733.01,10312
3734.79,10311
3736.59,10310
3738.61,10309
3740.53,10308
3742.69,10307
3744.39,10306
3746.24,10305
3748,10304
3749.81,10300
3751.33,10298
3752.98,10297
3754.55,10296
3756.06,10295
3757.8,10292
3759.33,10291
3761.08,10290
3762.88,10289
3764.53,10288
3766.06,10287
3767.52,10286
3769.22,10285
3770.71,10284
3772.31,10283
3773.79,10282
3775.3,10281
3776.87,10280
3778.34,10279
3779.9,10278
3781.37,10277
3782.96,10276
3784.56,10275
3786.02,10274
3787.59,10273
3789.1,10272
3790.64,10271
3792.26,10270
3793.69,10269
3795.3,10268
3796.96,10267
3798.57,10266
3800.43,10265
3802,10264
3803.9,10263
3805.35,10262
3806.83,10261
3808.42,10260
3809.85,10259
3811.49,10258
3812.99,10257
3814.45,10256
3816.08,10255
3817.57,10254
3819.09,10253
3820.61,10252
3822.1,10251
3823.88,10250
3825.39,10249
3826.93,10248
3828.41,10247
3829.9,10246
3831.55,10245
3833.2,10244
3834.87,10243
3836.35,10242
3837.76,10240
3839.33,10239
3840.89,10238
3842.6,10237
3844.32,10236
3845.77,10235
3847.33,10234
3848.75,10233
3850.33,10232
3851.86,10231
3853.29,10230
3854.94,10229
3856.57,10228
3858.3,10227
3859.93,10226
3861.63,10225
3863.47,10224
3865.37,10223
3866.98,10222
3868.58,10221
3870.23,10220
3872.15,10219
3873.66,10218
3875.39,10217
3877.03,10216
3878.78,10215
3880.41,10212
3881.9,10210
3883.62,10209
3885.11,10208
3886.71,10206
3888.57,10205
3890.65,10204
3892.49,10203
3894.15,10202
3895.75,10201
3897.26,10200
3898.83,10199
3900.41,10198
3901.84,10197
3903.36,10196
3904.84,10195
3906.41,10194
3907.85,10193
3909.46,10192
3911.16,10191
3912.61,10190
3914.19,10189
3915.65,10188
3917.35,10187
3919.02,10186
3920.72,10185
3922.53,10184
3924.16,10183
3925.82,10182
3927.33,10181
3928.8,10179
3930.4,10178
3931.82,10177
3933.33,10176
3934.87,10175
3936.43,10174
3938.09,10173
3939.52,10170
3941.03,10169
3942.58,10167
3944,10165
3945.64,10164
3947.15,10163
3948.58,10162
3950.16,10161
3951.71,10160
3953.3,10159
3954.75,10158
3956.36,10157
3957.99,10156
3959.49,10155
3961.18,10154
3962.6,10153
3964.14,10152
3965.74,10151
3967.27,10150
3968.86,10149
3970.31,10148
3971.84,10147
3973.63,10146
3975.12,10145
3976.86,10144
3978.64,10142
3980.6,10140
3982.44,10138
3984.33,10135
3985.93,10134
3987.67,10133
3989.3,10131
3990.79,10130
3992.53,10128
3993.96,10127
3995.45,10126
3996.87,10125
3998.65,10123
4000.12,10122
4001.94,10121
4003.58,10120
4005.09,10119
4006.75,10118
4008.18,10117
4009.77,10116
4011.26,10114
4012.73,10112
4014.33,10111
4015.81,10109
4017.46,10108
4018.95,10107
4020.44,10106
4022.25,10105
4023.74,10104
4025.41,10103
4026.99,10102
4028.47,10101
4030.11,10099
4031.83,10098
4033.77,10097
4035.4,10096
4037.24,10095
4038.94,10094
4040.73,10093
4042.63,10091
4044.58,10090
4046.4,10088
4048.15,10087
4050.02,10086
4051.65,10085
4053.37,10084
4054.86,10083
4056.36,10082
4057.96,10081
4059.44,10079
4061.04,10078
4062.52,10077
4064.05,10076
4065.75,10075
4067.18,10074
4068.89,10073
4070.43,10072
4071.87,10071
4073.51,10070
4075,10067
4076.56,10066
4078.08,10065
4079.5,10064
4081.16,10063
4082.61,10062
4084.14,10061
4085.71,10059
4087.21,10058
4088.9,10057
4090.51,10056
4092.22,10055
4093.74,10053
4095.18,10052
4096.83,10051
4098.43,10050
4100.2,10049
4101.79,10048
4103.38,10046
4105.14,10045
4106.72,10043
4108.3,10042
4109.87,10041
4111.53,10040
4113.05,10039
4114.52,10038
4116.14,10037
4117.6,10036
4119.17,10035
4120.64,10034
4122.11,10032
4123.79,10031
4125.3,10030
4126.86,10029
4128.35,10028
4129.88,10027
4131.57,10026
4133.19,10025
4134.99,10024
4136.62,10023
4138.16,10022
4139.69,10021
4141.27,10020
4143,10019
4144.48,10018
4145.92,10017
4147.49,10016
4148.91,10015
4150.69,10014
4152.17,10013
4153.61,10012
4155.26,10011
4156.68,10010
4158.18,10009
4159.79,10008
4161.38,10007
4163.13,10006
4164.94,10005
4166.68,10004
4168.29,10003
4169.8,10002
4171.55,10001
4172.99,10000
4174.58,9999
4176.06,9998
4177.49,9997
4178.99,9996
4180.45,9995
4182.05,9994
4183.6,9993
4185.17,9992
4186.67,9991
4188.1,9990
4189.75,9989
4191.37,9988
4192.9,9987
4194.41,9986
4195.89,9985
4197.52,9984
4198.94,9983
4200.5,9982
4202.01,9981
4203.44,9980
4205,9979
4206.45,9977
4207.88,9976
4209.53,9975
4210.94,9974
4212.54,9973
4214.06,9972
4215.53,9971
4217.27,9970
4218.72,9969
4220.33,9968
4221.89,9967
4223.59,9966
4225.27,9965
4226.83,9964
4228.49,9963
4230,9962
4231.53,9961
4233,9960
4234.43,9959
4235.99,9958
4237.61,9957
4239.12,9956
4240.64,9955
4242.05,9954
4243.65,9953
4245.27,9952
4246.77,9951
4248.28,9950
4249.92,9949
4251.84,9948
4253.57,9947
4255.24,9946
4257.08,9945
4258.69,9944
4260.38,9943
4262.28,9942
4264.22,9940
4265.84,9938
4267.64,9937
4269.2,9936
4270.84,9935
4272.41,9933
4273.85,9932
4275.45,9929
4276.88,9928
4278.67,9927
4280.35,9926
4282.05,9925
4283.91,9924
4285.61,9923
4287.95,9922
4289.6,9920
4291.3,9919
4292.87,9918
4294.37,9917
4296.3,9915
4297.86,9910
4299.67,9909
4301.14,9908
4305.96,9907
4307.52,9906
4308.96,9905
4315.17,9904
4316.74,9903
4318.51,9902
4320,9901
4321.55,9900
4323.11,9899
4324.8,9898
4326.45,9897
4327.94,9896
4329.52,9895
4331.12,9894
4332.63,9891
4337.34,9888
4345.84,9887
4347.55,9886
4349.38,9885
4350.96,9884
4352.41,9883
4354.08,9881
4355.57,9880
4357.02,9879
4358.65,9878
4360.19,9877
4361.72,9876
4363.22,9875
4364.77,9874
4366.38,9873
4367.82,9872
4369.57,9871
4371.07,9870
4372.5,9869
4374.07,9868
4375.63,9867
4377.15,9866
4378.94,9865
4380.52,9863
4382.13,9862
4383.67,9861
4385.38,9860
4386.87,9859
4388.41,9857
4390.15,9855
4394.78,9853
4396.34,9852
4397.95,9847
4409.83,9846
4413.1,9845
4414.6,9844
4416.25,9843
4417.75,9842
4419.21,9841
4420.86,9840
4422.37,9839
4424.05,9837
4427.61,9833
4430.81,9830
4432.54,9829
4437.25,9828
4438.78,9827
4440.49,9826
4442.15,9825
4445.44,9818
4451.7,9817
4456.45,9816
4457.89,9811
4471.58,9810
4474.69,9808
4477.82,9806
4484.17,9805
4487.3,9804
4488.77,9802
4490.35,9801
4491.86,9799
4493.32,9797
4494.96,9795
4502.9,9793
4504.39,9792
4506.02,9791
4509.08,9790
4510.73,9789
4512.19,9783
4521.83,9782
4525.22,9780
4527.23,9777
4533.07,9776
4534.76,9774
4539.68,9773
4541.28,9772
4542.92,9771
4544.48,9770
4546.27,9769
4547.73,9767
4549.31,9766
4550.81,9765
4552.41,9764
4553.96,9763
4555.46,9762
4557.3,9761
4558.78,9760
4560.41,9757
4568.07,9756
4569.73,9755
4571.27,9753
4572.93,9752
4574.46,9751
4575.98,9750
4577.63,9749
4579.3,9747
4581.06,9746
4583.04,9745
4585.04,9741
4590.52,9740
4592.35,9739
4598.92,9738
4602.57,9735
4606.02,9734
4607.5,9733
4609.46,9729
4614.4,9728
4616.07,9727
4619.05,9726
4620.8,9725
4622.52,9724
4624.12,9722
4625.63,9721
4627.12,9720
4634.94,9719
4636.52,9718
4638.01,9717
4639.65,9716
4641.09,9715
4642.9,9714
4644.66,9713
4646.23,9712
4647.94,9711
4649.59,9710
4651.28,9709
4652.88,9708
4654.38,9707
4656.16,9706
4657.73,9705
4659.68,9704
4661.64,9703
4663.38,9702
4665.02,9701
4667.03,9700
4668.97,9699
4670.58,9698
4672.23,9697
4674.01,9696
4676.07,9695
4677.89,9694
4679.7,9693
4681.21,9692
4682.83,9690
4684.6,9689
4686.3,9688
4687.98,9687
4689.62,9686
4691.55,9685
4693.18,9683
4694.87,9682
4696.43,9680
4697.98,9679
4699.7,9678
4701.22,9677
4702.89,9676
4704.53,9675
4706.2,9674
4707.96,9673
4709.6,9672
4711.46,9671
4713.11,9670
4714.97,9669
4716.49,9668
4718,9667
4719.62,9666
4721.06,9665
4722.71,9664
4724.26,9663
4725.75,9662
4727.27,9661
4728.7,9660
4730.33,9659
4731.84,9658
4733.63,9655
4735.53,9654
4737,9653
4738.76,9652
4740.32,9651
4742.21,9650
4744.49,9649
4746.24,9648
4747.75,9647
4749.54,9646
4751.24,9644
4752.75,9643
4758.29,9642
4760.01,9641
4761.6,9640
4763.29,9639
4765.2,9638
4766.9,9637
4768.46,9636
4770.25,9635
4771.93,9634
4773.63,9633
4775.33,9632
4776.83,9631
4778.39,9630
4779.96,9628
4781.57,9627
4783.04,9626
4784.62,9625
4786.18,9624
4787.59,9623
4789.28,9622
4791.44,9621
4793.67,9620
4795.7,9619
4797.75,9618
4799.43,9617
4801.28,9616
4802.89,9615
4804.48,9614
4806.09,9613
4807.52,9612
4809.14,9611
4810.72,9610
4812.24,9609
4813.95,9608
4815.9,9607
4817.62,9606
4819.08,9605
4820.78,9604
4822.36,9603
4824.01,9602
4825.78,9601
4827.39,9600
4829.18,9599
4830.82,9598
4832.39,9597
4834.02,9596
4835.73,9595
4837.83,9594
4839.6,9593
4841.69,9592
4843.23,9591
4845.08,9590
4846.61,9589
4848.16,9588
4849.72,9587
4851.23,9586
4852.91,9585
4854.42,9584
4856.35,9583
4857.87,9581
4859.39,9580
4861.42,9579
4863.51,9578
4865.5,9576
4867.03,9575
4868.86,9573
4870.44,9571
4872.09,9570
4873.78,9569
4875.5,9568
4877.61,9567
4879.67,9565
4883.98,9564
4885.9,9563
4887.64,9561
4895.21,9560
4896.73,9559
4898.31,9558
4900.29,9557
4902.39,9556
4904.3,9555
4906.27,9554
4907.87,9553
4909.45,9551
4911.09,9546
4912.72,9545
4914.39,9543
4916.08,9542
4917.84,9541
4922.72,9540
4924.19,9538
4925.94,9537
4927.41,9536
4930.79,9534
4932.32,9533
4937.18,9531
4943.52,9529
4953.6,9528
4955.06,9527
4956.62,9526
4958.19,9524
4961.3,9523
4962.93,9522
4964.55,9521
4966.2,9520
4967.67,9519
4969.28,9518
4970.78,9517
4972.36,9516
4974.07,9515
4975.84,9514
4977.73,9511
4984.82,9510
4988.01,9509
4989.61,9507
4992.79,9506
4999.48,9505
5001.07,9503
5010.47,9501
5011.92,9500
5013.59,9499
5020.37,9494
5031.29,9492
5032.78,9491
5034.59,9489
5042.91,9488
5044.47,9487
5046.25,9486
5047.98,9485
5049.64,9483
5051.52,9479
5053.43,9478
5056.67,9477
5058.33,9476
5060.18,9475
5063.7,9474
5068.13,9472
5070,9471
5071.87,9470
5073.62,9469
5075.39,9468
5086.94,9467
5090.19,9466
5091.73,9462
5103,9461
5106.22,9459
5109.76,9458
5111.2,9457
5115.78,9454
5119.08,9451
5123.82,9450
5125.3,9449
5126.89,9448
5128.63,9446
5130.27,9441
5139.98,9440
5142.88,9439
5144.54,9437
5145.99,9436
5147.56,9434
5152.13,9433
5156.55,9430
5161.25,9429
5162.89,9428
5164.33,9427
5167.45,9426
5170.55,9425
5172.06,9422
5178.11,9421
5183.13,9420
5186.34,9419
5188.15,9418
5190.06,9417
5191.8,9416
5193.52,9415
5196.79,9414
5198.46,9413
5200.15,9412
5202,9411
5203.63,9410
5205.26,9409
5206.74,9408
5208.19,9407
5210.08,9406
5211.62,9404
5213.18,9403
5217.99,9402
5219.64,9401
5221.48,9400
5223.05,9399
5226.57,9398
5233.76,9397
5235.32,9396
5236.96,9394
5238.5,9393
5253.81,9390
5255.38,9388
5263.12,9387
5266.37,9383
5270.95,9381
5274.29,9379
5275.88,9377
5277.39,9376
5278.89,9375
5280.47,9374
5281.93,9373
5285.29,9371
5286.83,9370
5293.75,9369
5295.23,9365
5296.88,9364
5306,9362
5307.8,9356
5317.8,9353
5319.31,9352
5320.84,9350
5324.1,9347
5330.15,9346
5331.81,9344
5337.21,9343
5338.89,9342
5342.38,9341
5344.33,9340
5345.9,9339
5347.49,9337
5357.32,9336
5358.83,9335
5361.88,9334
5363.48,9333
5366.64,9328
5368.3,9326
5375.31,9324
5382.99,9322
5387.61,9321
5389.06,9320
5392.26,9318
5398.42,9315
5401.57,9313
5406.38,9311
5407.87,9310
5409.41,9308
5414.48,9307
5415.93,9305
5419.05,9304
5420.57,9303
5422.43,9302
5423.98,9301
5425.85,9300
5427.36,9299
5430.72,9298
5432.45,9297
5434.32,9296
5435.8,9295
5442.06,9294
5443.57,9292
5445.24,9290
5446.69,9289
5448.16,9287
5451.3,9286
5460.67,9285
5462.16,9284
5463.64,9283
5465.23,9280
5466.72,9279
5468.28,9278
5472.81,9277
5476.02,9275
5477.51,9273
5479.11,9272
5480.88,9271
5482.41,9270
5484.12,9269
5485.62,9268
5487.09,9267
5488.99,9265
5490.58,9264
5492.51,9263
5497.47,9262
5499.19,9261
5504.14,9260
5505.64,9257
5508.7,9255
5513.35,9250
5516.41,9249
5524.14,9246
5533.23,9245
5542.77,9244
5544.34,9243
5547.34,9242
5548.99,9241
5550.7,9240
5552.3,9239
5554.07,9238
5555.66,9237
5558.8,9236
5563.48,9235
5565.1,9233
5571.4,9228
5572.86,9227
5578.92,9226
5580.51,9225
5582.05,9224
5583.49,9223
5585.12,9222
5586.55,9221
5588.02,9220
5589.61,9218
5591.09,9216
5595.91,9215
5599.02,9214
5600.82,9212
5605.81,9211
5610.53,9210
5612.18,9209
5615.56,9208
5617.27,9207
5618.81,9206
5620.35,9205
5621.82,9203
5623.29,9202
5624.99,9200
5626.59,9199
5628.1,9198
5629.63,9195
5632.8,9193
5634.47,9192
5636.1,9191
5640.62,9190
5642.22,9187
5643.93,9186
5648.57,9185
5650,9184
5651.56,9183
5653.02,9182
5654.45,9181
5656.13,9180
5657.62,9179
5660.83,9177
5662.33,9176
5664.04,9175
5665.83,9174
5668.9,9173
5670.53,9170
5672.52,9169
5677.56,9168
5680.74,9167
5683.77,9166
5688.4,9165
5689.89,9164
5691.72,9163
5693.19,9161
5694.63,9160
5696.23,9159
5699.25,9156
5703.75,9155
5705.2,9154
5708.18,9153
5711.25,9152
5712.68,9151
5714.11,9150
5715.67,9149
5717.4,9148
5718.99,9147
5720.45,9145
5721.92,9144
5723.56,9143
5725,9142
5734.6,9141
5737.95,9140
5739.45,9137
5740.9,9136
5742.63,9135
5745.61,9134
5747.16,9132
5751.72,9131
5754.79,9129
5760.75,9128
5767.03,9127
5770.07,9126
5771.52,9124
5774.57,9123
5776.03,9122
5777.68,9121
5792.66,9120
5794.26,9118
5795.93,9116
5799.25,9111
5808.99,9110
5810.49,9109
5813.58,9108
5815.05,9106
5816.69,9105
5818.17,9103
5821.31,9097
5827.38,9096
5832.03,9095
5833.57,9094
5838.47,9093
5840.15,9092
5841.62,9091
5843.86,9089
5845.43,9087
5848.58,9086
5850.11,9085
5853.44,9084
5855.31,9083
5857.05,9081
5867.11,9080
5868.7,9078
5873.36,9077
5874.85,9076
5876.34,9075
5877.81,9074
5879.44,9073
5880.87,9071
5884.16,9070
5885.69,9069
5888.94,9068
5892.6,9067
5894.33,9066
5895.87,9065
5897.36,9061
5902.18,9060
5903.65,9058
5905.27,9056
5906.83,9055
5908.28,9054
5911.46,9053
5914.85,9052
5919.76,9051
5921.29,9050
5922.91,9049
5925.51,9048
5926.97,9047
5928.44,9046
5930.19,9045
5931.68,9044
5933.19,9042
5936.42,9040
5938,9039
5940.99,9038
5942.66,9036
5946,9034
5947.5,9033
5956.72,9031
5962.99,9030
5964.65,9029
5966.51,9028
5973.11,9027
5974.85,9026
5976.68,9025
5978.34,9023
5982.06,9021
5991.47,9020
5993.13,9019
5994.7,9018
5996.29,9017
5997.83,9015
5999.3,9014
6000.95,9013
6002.38,9011
6003.87,9009
6008.39,9005
6009.79,9004
6018.89,9003
6025.16,9002
6026.72,9001
6028.35,8999
6029.86,8998
6031.64,8997
6034.83,8996
6039.88,8995
6045.87,8993
6055.44,8992
6056.9,8991
6058.39,8989
6059.98,8988
6061.57,8986
6063.19,8982
6066.06,8981
6077.52,8980
6079.47,8979
6081.42,8978
6083.17,8976
6086.82,8975
6088.55,8974
6090.27,8973
6093.73,8971
6095.42,8969
6097.01,8968
6106.92,8966
6111.51,8965
6114.86,8964
6116.29,8963
6120.84,8961
6133.23,8960
6134.72,8959
6136.17,8956
6139.23,8955
6142.32,8954
6145.44,8953
6147.03,8951
6150.11,8950
6153.45,8945
6161.73,8944
6164.76,8943
6167.82,8942
6172.52,8941
6177.16,8940
6178.6,8938
6180.17,8934
6187.82,8932
6198.6,8930
6200.21,8929
6204.71,8928
6206.2,8927
6207.83,8925
6219.27,8924
6220.88,8923
6222.39,8922
6224.01,8920
6227.1,8916
6228.52,8915
6231.59,8913
6237.82,8911
6241.01,8908
6244.48,8907
6250.5,8906
6256.51,8902
6265.99,8901
6267.57,8899
6272.12,8898
6273.93,8897
6278.91,8896
6280.92,8895
6287.16,8892
6293.44,8891
6294.92,8890
6296.41,8889
6297.98,8887
6299.55,8886
6302.6,8885
6304.06,8884
6305.68,8883
6307.09,8882
6308.64,8881
6311.65,8880
6313.25,8879
6314.76,8877
6316.3,8876
6317.86,8875
6319.47,8873
6321.3,8872
6325.97,8871
6330.56,8870
6335.44,8869
6337.14,8867
6340.63,8866
6343.81,8864
6345.42,8863
6346.91,8861
6348.53,8860
6349.97,8859
6351.5,8858
6353.1,8857
6356.31,8856
6357.79,8855
6359.34,8854
6364.35,8853
6367.49,8852
6369.01,8851
6370.44,8850
6372.02,8849
6375.06,8848
6378.19,8846
6391.06,8845
6393.1,8844
6395.11,8843
6396.81,8841
6398.59,8839
6402.4,8837
6404.11,8836
6407.45,8835
6408.94,8834
6410.64,8833
6412.11,8832
6413.61,8831
6416.72,8830
6419.91,8829
6424.41,8828
6426.2,8827
6429.3,8825
6435.41,8824
6439.95,8821
6441.63,8819
6444.74,8815
6454.46,8814
6457.79,8813
6461.22,8812
6462.8,8810
6466.55,8809
6471.29,8807
6473.1,8806
6478.86,8805
6482.32,8804
6485.49,8803
6497.41,8802
6499.08,8801
6500.86,8799
6502.47,8796
6518.22,8795
6519.8,8794
6521.77,8793
6523.56,8791
6528.67,8790
6530.28,8789
6535.35,8788
6537.12,8786
6538.93,8783
6540.53,8782
6542.43,8781
6552.66,8780
6554.26,8779
6555.76,8778
6563.67,8777
6565.5,8776
6566.97,8775
6568.58,8774
6570.15,8773
6571.72,8771
6575.36,8770
6577.44,8768
6581.12,8766
6591.52,8765
6593.18,8764
6596.25,8763
6597.91,8762
6601.43,8761
6602.97,8760
6607.56,8759
6612.24,8758
6615.5,8757
6617.14,8756
6618.84,8754
6620.52,8753
6622.28,8751
6623.84,8750
6625.47,8749
6627.01,8747
6628.62,8744
6635.05,8740
6640.06,8739
6642.02,8737
6648.69,8736
6653.54,8735
6655.07,8734
6656.63,8733
6663.24,8732
6664.81,8731
6675.55,8729
6677.25,8728
6678.75,8727
6680.52,8726
6682.17,8725
6683.67,8724
6685.41,8723
6687.01,8722
6688.76,8718
6695.15,8717
6701.92,8716
6703.71,8713
6707.39,8712
6709.04,8711
6712.22,8708
6736.97,8707
6741.59,8706
6743.16,8705
6746.48,8704
6751.52,8703
6753.26,8702
6758.02,8701
6759.78,8700
6761.45,8699
6763.21,8697
6766.53,8696
6769.82,8695
6774.51,8694
6775.94,8693
6780.59,8691
6783.71,8688
6794.65,8687
6797.63,8686
6800.58,8681
6802.24,8680
6806.91,8679
6809.9,8678
6811.38,8677
6814.7,8676
6816.17,8675
6817.78,8674
6821.15,8672
6822.82,8671
6824.43,8669
6826.24,8668
6827.76,8666
6832.33,8665
6835.84,8664
6843.63,8661
6845.33,8660
6848.29,8659
6849.87,8657
6853.04,8656
6859.05,8655
6866.79,8654
6869.79,8653
6874.66,8652
6879.44,8651
6881.21,8650
6882.79,8649
6884.51,8648
6886.2,8647
6887.8,8646
6890.77,8645
6894.04,8644
6900.15,8643
6907.72,8642
6909.19,8641
6912.25,8640
6913.72,8639
6915.46,8638
6921.45,8637
6923.04,8636
6925.99,8634
6927.54,8633
6932.1,8631
6938.58,8629
6940.24,8628
6941.92,8626
6947.1,8625
6948.6,8624
6950.16,8622
6956.32,8621
6959.38,8620
6960.8,8619
6962.55,8618
6964.14,8617
6968.84,8616
6975.29,8615
6980.1,8614
6983.38,8613
6986.68,8612
6991.56,8611
6993.17,8610
6994.82,8609
6996.56,8608
6999.77,8606
7008.44,8605
7010,8604
7011.48,8603
7013.07,8602
7014.54,8601
7019.19,8600
7020.76,8599
7022.25,8598
7023.71,8597
7025.47,8595
7026.87,8593
7028.43,8591
7029.97,8588
7033.17,8587
7034.67,8586
7036.38,8585
7039.37,8580
7054.78,8579
7056.58,8578
7058.06,8577
7063.07,8576
7066.34,8574
7071.18,8571
7075.74,8570
7080.46,8569
7081.87,8568
7083.41,8567
7084.95,8566
7086.42,8565
7088.12,8563
7094.22,8562
7100.43,8561
7101.89,8560
7103.44,8559
7104.84,8558
7106.26,8557
7107.85,8556
7109.28,8555
7110.81,8554
7112.28,8553
7113.77,8552
7115.51,8551
7117.1,8550
7121.81,8548
7126.99,8547
7137.9,8546
7139.44,8545
7142.69,8544
7144.31,8541
7156.47,8539
7159.44,8538
7162.64,8537
7168.67,8536
7171.68,8535
7174.71,8534
7177.93,8533
7181.15,8532
7182.97,8530
7184.64,8529
7189.62,8528
7191.14,8527
7192.72,8526
7194.21,8525
7198.72,8522
7209.47,8521
7212.46,8520
7213.99,8519
7217.07,8518
7218.57,8517
7220.05,8513
7223.17,8512
7236.71,8511
7241.36,8510
7242.94,8509
7244.85,8507
7249.68,8506
7251.24,8505
7254.26,8504
7257.24,8503
7258.77,8502
7265.09,8501
7266.61,8500
7271.27,8499
7272.82,8498
7274.34,8496
7280.76,8495
7284.17,8489
7293.9,8488
7301.69,8487
7303.63,8486
7305.57,8484
7309,8482
7315.21,8481
7318.24,8479
7322.84,8478
7324.45,8476
7326.08,8475
7327.55,8474
7329.02,8472
7338.31,8471
7339.74,8469
7348.66,8468
7350.43,8466
7357.97,8465
7359.43,8464
7361,8462
7362.8,8460
7366.1,8458
7369.67,8456
7371.33,8455
7386.34,8453
7387.84,8452
7395.65,8451
7397.22,8450
7398.74,8449
7400.23,8448
7406.21,8447
7410.85,8446
7412.36,8445
7416.91,8444
7418.44,8443
7420.05,8442
7421.53,8441
7424.95,8440
7426.5,8439
7428.32,8438
7431.54,8437
7433.11,8435
7437.82,8434
7439.32,8433
7443.83,8432
7448.11,8430
7449.59,8429
7454.32,8427
7459.14,8426
7463.58,8425
7465.09,8424
7466.68,8422
7474.18,8421
7477.23,8420
7478.8,8419
7481.81,8418
7483.61,8417
7487.07,8416
7490.55,8415
7493.69,8414
7495.32,8413
7496.86,8412
7498.45,8410
7499.95,8409
7501.45,8408
7503.01,8407
7504.52,8406
7507.52,8405
7508.99,8404
7510.66,8400
7521.32,8399
7524.28,8398
7527.27,8397
7528.7,8395
7530.46,8394
7532,8391
7535.17,8390
7547.75,8388
7551.04,8387
7554.28,8385
7555.69,8384
7557.27,8383
7558.74,8382
7567.81,8381
7569.36,8380
7570.86,8378
7580.28,8376
7583.4,8375
7585.08,8374
7589.67,8373
7592.85,8371
7607.52,8370
7610.89,8368
7614,8364
7615.76,8363
7623.33,8362
7624.8,8359
7627.93,8358
7631.03,8355
7640.35,8353
7643.4,8352
7645,8351
7646.5,8350
7648,8347
7649.49,8345
7651.08,8344
7663.52,8341
7676.76,8339
7687.55,8338
7690.71,8337
7692.29,8336
7693.97,8335
7710.82,8334
7712.23,8332
7713.97,8331
7715.42,8330
7721.65,8329
7724.98,8327
7726.6,8326
7736.9,8324
7738.34,8321
7746.19,8320
7749.24,8319
7755.66,8316
7762.36,8315
7763.83,8313
7765.52,8312
7768.54,8311
7771.58,8310
7773.41,8309
7774.96,8306
7776.86,8304
7786.68,8303
7788.41,8302
7790.09,8301
7791.84,8300
7793.47,8292
7796.48,8291
7816.21,8290
7817.76,8289
7819.38,8288
7820.89,8287
7822.4,8285
7824.06,8284
7825.53,8283
7827.02,8282
7828.53,8279
7833.09,8278
7834.64,8277
7836.12,8275
7843.78,8272
7855.33,8271
7856.8,8270
7866.03,8269
7867.6,8268
7869.03,8267
7870.64,8266
7876.76,8265
7885.04,8264
7886.61,8263
7888.06,8262
7891.33,8261
7892.85,8260
7895.89,8259
7897.49,8258
7901.93,8256
7903.67,8255
7909.05,8253
7912.34,8252
7917.14,8251
7918.62,8250
7921.76,8249
7923.3,8247
7927.95,8242
7938.89,8241
7940.48,8239
7942.03,8238
7943.68,8236
7948.38,8235
7951.43,8233
7969.09,8232
7972.58,8231
7974.3,8227
7981.96,8226
7989.76,8225
7991.21,8224
7992.9,8221
8002.38,8220
8007.12,8217
8008.71,8214
8031.41,8213
8033.05,8212
8038.1,8211
8039.74,8210
8041.24,8208
8049.23,8207
8060.12,8206
8061.58,8205
8064.69,8204
8069.54,8203
8071.2,8202
8072.64,8201
8074.12,8200
8075.62,8199
8077.09,8197
8084.79,8196
8090.45,8195
8102.1,8194
8105.08,8191
8109.99,8190
8124.18,8187
8129.03,8186
8141.5,8185
8143.08,8184
8146.51,8182
8148.27,8181
8150.16,8180
8151.89,8179
8155.51,8178
8160.28,8177
8167.11,8176
8182.96,8175
8184.63,8174
8186.26,8173
8187.89,8172
8189.64,8171
8191.19,8170
8192.88,8169
8195.91,8167
8200.57,8166
8205.36,8164
8207.17,8163
8208.95,8162
8215.61,8161
8218.71,8158
8234.1,8154
8235.73,8153
8250.93,8152
8260.26,8150
8261.67,8149
8271.16,8148
8277.83,8147
8283.97,8145
8287,8144
8288.45,8143
8292.89,8142
8294.71,8138
8308.34,8137
8311.33,8136
8312.75,8135
8314.63,8134
8316.04,8133
8317.56,8131
8329.97,8130
8337.16,8129
8338.67,8127
8340.11,8125
8343.17,8124
8354,8123
8358.39,8122
8359.91,8121
8361.51,8120
8363.04,8119
8364.7,8118
8367.9,8116
8370.88,8115
8372.5,8113
8377.08,8112
8391.39,8106
8396.19,8105
8409.87,8104
8411.35,8102
8428.18,8101
8432.74,8100
8434.14,8099
8435.84,8098
8444.78,8096
8449.4,8094
8451.18,8093
8452.84,8091
8464.17,8088
8470.2,8087
8471.68,8081
8473.18,8080
8490.85,8079
8492.35,8078
8522.91,8077
8524.45,8076
8530.56,8074
8533.64,8071
8539.58,8070
8552.96,8068
8562.21,8067
8563.88,8056
8581.93,8055
8583.61,8054
8597.51,8053
8600.59,8051
8603.75,8050
8605.22,8048
8606.72,8047
8634.33,8046
8639.77,8045
8644.98,8044
8646.78,8040
8648.61,8036
8680.25,8034
8690.22,8033
8692.11,8031
8693.95,8028
8702.63,8027
8707.2,8026
8708.66,8025
8713.07,8024
8714.74,8022
8717.8,8021
8719.5,8020
8720.96,8019
8733.77,8018
8735.48,8016
8740.4,8012
8752,8010
8768.66,8009
8779.99,8008
8781.7,8004
8790.44,8003
8792.2,8002
8793.76,8001
8795.38,8000
8799.78,7998
8803.07,7997
8804.62,7996
8808.41,7993
8826.3,7992
8832.38,7990
8835.74,7989
8839.16,7988
8842.2,7987
8847.07,7986
8848.69,7985
8850.86,7984
8852.74,7983
8854.44,7982
8859.24,7981
8867.78,7980
8872.85,7978
8880.32,7977
8883.75,7976
8885.4,7972
8886.89,7971
8889.88,7970
8897.64,7969
8913.3,7968
8914.95,7967
8916.55,7966
8919.79,7965
8921.37,7964
8922.84,7963
8927.52,7962
8929.09,7961
8935.77,7956
8937.66,7955
8941.29,7954
8942.96,7952
8951.32,7951
8957.89,7946
8962.47,7945
8963.9,7943
8967.68,7941
8978.13,7940
8982.9,7939
8991.91,7935
8993.8,7934
9009.32,7932
9014.31,7931
9022.72,7930
9024.29,7929
9026.05,7928
9031.31,7927
9037.92,7925
9039.58,7924
9044.79,7923
9051.24,7922
9053.19,7921
9054.8,7920
9056.58,7918
9058.24,7916
9060.06,7915
9061.69,7914
9063.34,7911
9066.47,7910
9074.51,7909
9076.01,7906
9091.05,7905
9092.6,7904
9094.43,7903
9096.06,7901
9104.61,7900
9109.72,7898
9117.08,7897
9125.35,7896
9127.02,7895
9139.9,7894
9147.83,7893
9151.02,7891
9156.2,7888
9164.27,7886
9175.58,7885
9177.34,7884
9182.94,7883
9184.68,7882
9186.19,7881
9187.81,7880
9210.9,7879
9214.18,7878
9219,7876
9228.81,7875
9230.41,7874
9232.08,7873
9233.58,7872
9235.03,7871
9236.78,7870
9238.23,7868
9240.2,7867
9241.78,7865
9243.58,7864
9245.36,7863
9249.96,7860
9251.81,7859
9259.49,7858
9261.06,7857
9264.27,7856
9274.22,7853
9286.13,7851
9291.55,7849
9296.66,7848
9298.4,7846
9300.25,7845
9304.01,7844
9311.65,7842
9313.15,7841
9321.28,7840
9324.35,7839
9325.9,7838
9331.57,7837
9333.07,7832
9372.91,7829
9398.53,7828
9408.59,7827
9418.75,7826
9427.89,7825
9429.39,7823
9430.88,7822
9438.38,7821
9443.02,7819
9444.4,7818
9450.51,7817
9455.04,7816
9460.13,7815
9464.88,7814
9471.8,7813
9475.05,7812
9476.72,7811
9478.6,7810
9480.23,7809
9485.71,7808
9487.28,7807
9490.53,7806
9495.4,7803
9519.19,7802
9527.32,7801
9533.71,7800
9535.28,7798
9538.53,7797
9540.02,7796
9541.77,7795
9545.48,7792
9547.22,7791
9555.5,7790
9559.94,7788
9564.53,7785
9581.04,7783
9582.74,7781
9586.27,7780
9589.66,7778
9601.63,7777
9603.44,7776
9613.56,7775
9616.86,7774
9618.52,7773
9629.74,7772
9636.07,7769
9639.3,7768
9644.18,7767
9661.84,7766
9670.19,7764
9676.59,7763
9678.03,7761
9687.59,7760
9689.33,7759
9697.25,7758
9698.86,7757
9705.39,7756
9715.63,7755
9725.77,7753
9727.31,7752
9728.93,7751
9733.93,7749
9736.94,7748
9740.27,7747
9741.78,7746
9744.68,7743
9746.51,7742
9759.04,7741
9768.35,7740
9770.1,7739
9774.84,7738
9783.34,7737
9785.01,7736
9791.48,7735
9794.56,7734
9797.62,7733
9800.68,7732
9811.55,7731
9813.1,7730
9817.5,7729
9818.91,7726
9828.22,7722
9880.35,7719
9881.92,7718
9899.34,7717
9901.15,7716
9909.08,7715
9916.82,7714
9920.19,7709
9935.02,7708
9936.56,7706
9944.11,7705
9948.74,7704
9950.25,7703
9951.67,7702
9953.32,7700
9956.45,7699
9961.52,7698
9968.17,7697
9969.65,7696
9971.09,7695
9972.69,7694
9977.25,7693
9980.61,7692
9982.23,7691
9983.75,7690
9989.82,7689
9995.83,7688
9998.64,7686
10027,7685
10028.7,7684
10042.6,7683
10044.3,7682
10055.1,7680
10064.3,7677
10080,7676
10081.7,7675
10083.5,7674
10088.5,7673
10089.9,7671
10106,7670
10110.7,7669
10112.8,7668
10116,7667
10120.6,7666
10122,7665
10123.7,7664
10125.4,7663
10128.5,7662
10130,7661
10133.2,7660
10134.6,7659
10139.5,7658
10168.1,7657
10171.1,7655
10172.7,7649
10193.9,7645
10215.2,7644
10222.9,7643
10224.5,7642
10226,7641
10229,7640
10230.7,7639
10232.2,7638
10233.6,7637
10242.9,7636
10249.7,7635
10258.6,7634
10263.9,7633
10267.2,7632
10270.5,7631
10273.4,7630
10275,7628
10279.5,7627
10282.7,7625
10284.2,7622
10311.4,7621
10315,7618
10318.3,7617
10319.9,7616
10326.6,7611
10347.2,7610
10348.7,7609
10350.1,7608
10365.1,7607
10368.2,7603
10405.1,7601
10411.2,7599
10415.8,7597
10421.7,7596
10427.9,7595
10433.9,7594
10435.4,7592
10436.9,7590
10441.8,7587
10448.7,7586
10452,7585
10459.6,7583
10468.9,7582
10470.3,7581
10473.3,7579
10479.1,7578
10482.1,7577
10483.6,7576
10485.1,7575
10486.6,7574
10492.9,7573
10497.4,7572
10498.8,7571
10500.4,7570
10501.9,7565
10540.8,7563
10556.5,7562
10559.8,7561
10561.2,7559
10564.7,7556
10573,7555
10576.6,7554
10584.4,7553
10591.1,7552
10595.7,7551
10598.7,7549
10603.5,7547
10604.9,7545
10614.6,7544
10616,7543
10620.4,7542
10628.7,7541
10630.7,7540
10632.3,7539
10638.7,7538
10640.1,7536
10654.6,7535
10660.7,7532
10665.3,7530
10668.4,7529
10670,7528
10677.8,7527
10681.2,7525
10691.9,7523
10706.3,7522
10708.2,7519
10742.1,7517
10744,7516
10776.6,7515
10781.1,7513
10782.5,7512
10784.1,7510
10785.5,7508
10802.5,7506
10804.3,7505
10828.1,7503
10829.5,7502
10840.3,7501
10841.7,7500
10844.8,7498
10847.9,7497
10851.2,7496
10852.7,7495
10855.7,7494
10884.9,7493
10888.2,7492
10890.1,7491
10901.6,7490
10903.1,7488
10906.3,7484
10923.5,7481
10939.6,7480
10944.1,7478
10945.8,7477
10966,7476
10967.5,7475
10972.3,7474
10975.4,7473
10977.3,7472
10986.9,7471
10993.7,7470
10998.7,7469
11003.7,7468
11008.5,7465
11016.3,7464
11019.5,7463
11021,7462
11022.5,7461
11028.9,7460
11031.9,7458
11033.3,7457
11034.9,7456
11042.9,7454
11052.9,7450
11056.2,7449
11065.6,7448
11084.4,7447
11087.5,7446
11117.7,7444
11119.3,7443
11120.9,7442
11128.4,7441
11131.7,7439
11143.3,7438
11152.8,7437
11157.3,7435
11158.8,7434
11171.6,7432
11181.3,7431
11193.4,7430
11199.7,7428
11201.2,7427
11210.4,7426
11215.8,7425
11217.6,7424
11233.8,7420
11245,7419
11246.5,7417
11248.1,7416
11251.3,7415
11259,7414
11260.8,7412
11265.6,7410
11267.2,7409
11281.1,7407
11289.3,7406
11292.9,7405
11298,7402
11304.5,7398
11310.8,7397
11314,7396
11317.1,7395
11320.1,7393
11324.8,7389
11339.4,7388
11342.5,7387
11346,7385
11347.7,7384
11356.3,7383
11364.1,7382
11365.5,7381
11370.4,7380
11372,7378
11373.5,7377
11380.9,7376
11382.4,7375
11390.4,7374
11395.3,7373
11398.3,7372
11399.9,7371
11403.2,7370
11404.8,7368
11413.4,7367
11415.2,7366
11429.5,7363
11441,7361
11446,7358
11463.1,7357
11488.2,7356
11489.6,7352
11504.5,7351
11506.2,7350
11527.7,7349
11532.3,7348
11539.6,7347
11541.4,7345
11548.3,7343
11554.7,7342
11562.7,7339
11564.4,7337
11583.7,7336
11620.3,7335
11621.7,7331
11623.3,7330
11636.9,7329
11641.2,7328
11642.8,7322
11655.5,7321
11660.1,7320
11663.2,7317
11706.2,7316
11713.9,7315
11715.5,7314
11717.2,7311
11727.3,7309
11732.3,7307
11735.1,7306
11741.2,7305
11748.6,7304
11750,7303
11751.5,7301
11769.7,7300
11771.1,7299
11775.6,7298
11791.3,7297
11792.8,7296
11811.2,7294
11812.8,7293
11814.3,7292
11853.9,7291
11861.3,7290
11865.7,7288
11867.2,7286
11900.1,7285
11903.6,7284
11906.8,7282
11921.7,7280
11932.1,7279
11933.6,7275
11949,7274
11950.6,7273
11952.1,7271
11953.6,7269
11973.1,7268
11974.7,7267
11976.1,7266
11980.6,7265
11982.2,7263
11990.1,7261
11991.6,7260
11996.3,7259
12001,7258
12002.6,7257
12010.4,7256
12011.9,7255
12013.5,7254
12026.2,7253
12041.6,7252
12044.7,7251
12047.7,7249
12055.4,7243
12093.5,7242
12095.2,7241
12096.7,7240
12103.1,7239
12104.6,7238
12106.3,7237
12111,7234
12128.2,7233
12129.7,7231
12131.3,7230
12132.8,7229
12134.4,7228
12135.9,7225
12137.4,7224
12142.8,7223
12155.7,7222
12170.7,7221
12192.3,7217
12223.7,7216
12232.5,7215
12238,7214
12263.3,7213
12270.2,7212
12278.4,7211
12281.5,7210
12283,7208
12284.7,7207
12286.1,7205
12309.3,7204
12348.2,7203
12350.4,7201
12354.3,7200
12355.9,7197
12374.8,7195
12388,7194
12389.7,7191
12399,7188
12409.6,7186
12411.3,7185
12413.2,7184
12433.2,7183
12434.7,7181
12441.3,7180
12444.8,7179
12448.3,7176
12522.2,7175
12557.4,7174
12567.2,7171
12573.7,7167
12596.3,7166
12643.3,7165
12650.5,7164
12654.9,7163
12663.4,7159
12671.9,7157
12683,7156
12710.1,7154
12715.1,7153
12717.7,7150
12738.7,7149
12750.8,7148
12754.9,7146
12756.7,7145
12758.5,7144
12769.4,7143
12773.1,7142
12797.1,7141
12800.5,7140
12802.2,7139
12812.2,7137
12814,7136
12818.6,7135
12839.6,7134
12841.8,7133
12858.1,7132
12864,7130
12888,7129
12898.5,7128
12904.8,7127
12916.8,7126
12919.1,7124
12942.2,7123
12945.2,7122
12946.7,7120
12956,7119
12962,7118
12963.8,7117
12966.8,7116
12985.6,7115
12987.1,7114
12988.8,7113
12993.6,7112
12995.3,7111
12998.4,7110
13001.7,7109
13003.4,7108
13004.8,7107
13006.2,7106
13009.4,7104
13017,7101
13021.7,7098
13071.5,7097
13073,7096
13091.5,7094
13103.9,7092
13130.1,7090
13164.2,7089
13172.4,7087
13174,7086
13180.9,7085
13182.5,7084
13184.3,7083
13197.5,7082
13198.9,7081
13205.5,7080
13207.1,7079
13221.7,7078
13234.6,7077
13236.1,7076
13244.1,7075
13259.4,7074
13262.6,7073
13279.7,7072
13289.3,7071
13301.1,7070
13302.5,7069
13304,7067
13305.8,7066
13316,7064
13332.9,7061
13345.9,7060
13362.6,7059
13364.8,7057
13367,7056
13380.5,7055
13436.6,7053
13460.4,7052
13462.1,7051
13463.8,7050
13485.3,7049
13489.2,7048
13493,7047
13495,7046
13509.1,7045
13516.9,7044
13525.8,7043
13577.5,7042
13585.5,7041
13587.7,7039
13596.6,7038
13601,7037
13603.4,7036
13629.6,7035
13634.7,7034
13636.5,7032
13644.9,7031
13656.8,7030
13658.6,7029
13662.4,7026
13664.6,7025
13668.9,7024
13675.2,7023
13678.3,7022
13696.7,7020
13734.2,7019
13737.7,7017
13752.5,7015
13753.9,7013
13758.7,7012
13779.7,7011
13783.7,7010
13792.5,7009
13794.3,7008
13796.4,7007
13798,7006
13802.7,7005
13822.3,7004
13824.2,7002
13825.8,7001
13831.1,6998
13872,6997
13879.4,6995
13881.3,6993
13946,6991
13998.3,6990
14001.7,6989
14003.8,6988
14005.9,6985
14012.1,6984
14018.4,6982
14028.3,6980
14038.8,6979
14042.4,6975
14056.5,6973
14063.2,6972
14105.1,6971
14107,6970
14122.3,6969
14128.6,6968
14135.2,6967
14136.9,6965
14138.6,6964
14148.4,6963
14150.3,6962
14158.9,6961
14160.9,6960
14162.8,6959
14177.7,6958
14201.1,6955
14210,6954
14228.4,6953
14242.4,6950
14263.2,6945
14283.7,6944
14289.9,6943
14300.9,6940
14319.2,6939
14320.9,6938
14322.4,6937
14328.5,6935
14362.7,6932
14382.1,6931
14389.4,6930
14391.1,6927
14422.2,6923
14450.2,6922
14452.1,6921
14477,6920
14480.2,6918
14523.4,6917
14527.2,6914
14530.6,6912
14532.1,6910
14533.5,6909
14540.3,6908
14555.7,6907
14560.4,6904
14565,6903
14568.7,6901
14582,6899
14613.5,6898
14616.5,6897
14621.3,6896
14622.9,6893
14630.2,6892
14643.6,6890
14717.6,6888
14729.6,6887
14737.3,6886
14757.2,6885
14758.7,6878
14775.6,6877
14799,6876
14800.5,6875
14836.9,6874
14843.1,6870
14872.1,6867
14898,6866
14925.7,6865
14936.5,6864
14939.4,6863
14964,6862
14965.7,6861
14972.1,6860
14973.9,6857
14992.6,6856
15008.4,6855
15023.7,6854
15025.7,6853
15027.6,6852
15048,6848
15083.9,6847
15106.6,6846
15110.5,6843
15127.7,6841
15129.7,6840
15146.3,6836
15148,6835
15165.2,6834
15174.2,6833
15197.3,6832
15207.9,6831
15210.9,6830
15244,6826
15286.9,6823
15291.4,6820
15407.5,6816
15415.8,6814
15480.4,6813
15495.5,6810
15496.9,6809
15572.4,6808
15587.4,6807
15617.1,6806
15624,6804
15675.9,6801
15681.8,6800
15690.8,6799
15693.8,6798
15698.7,6796
15709.7,6795
15717.3,6793
15739.5,6792
15745.3,6791
15757.2,6790
15762.4,6789
15765.7,6786
15771.4,6785
15772.7,6784
15777.1,6783
15783,6782
15784.4,6781
15794.6,6780
15796,6779
15833.6,6778
15838.4,6777
15855.8,6775
15871.9,6774
15897.9,6772
15899.3,6771
15900.7,6770
15942.8,6769
15975.3,6767
15981.2,6766
16012.6,6765
16035.4,6764
16046.5,6763
16052.1,6762
16053.7,6760
16091.3,6759
16096.3,6758
16110,6757
16115.9,6756
16124.1,6755
16125.8,6754
16131.9,6752
16140.5,6750
16159.4,6747
16285.2,6746
16287,6744
16293.8,6743
16316.2,6742
16320.5,6741
16325.5,6740
16330.3,6737
16343.7,6736
16346,6735
16347.9,6734
16355.5,6733
16357.3,6732
16370.7,6730
16382.4,6728
16387.5,6727
16388.9,6726
16393.4,6723
16416.5,6722
16425.5,6721
16444,6720
16445.6,6719
16450,6718
16461.3,6716
16471.9,6715
16499,6713
16500.5,6712
16501.8,6711
16514.3,6709
16516,6708
16520.4,6707
16530.7,6706
16558,6705
16567.9,6704
16589.4,6700
16606.3,6699
16616.9,6698
16620.1,6697
16624.5,6694
16667.9,6692
16746.1,6691
16773.5,6690
16775.2,6685
16798.5,6684
16801.9,6683
16808.3,6682
16812.2,6681
16889.4,6679
16913.8,6678
16922.8,6677
16931.6,6676
16933,6675
16951.3,6674
16952.7,6671
16969.2,6668
17010.7,6667
17081.6,6664
17120.8,6663
17127.2,6662
17223.1,6661
17235.1,6660
17241.3,6659
17247.6,6658
17249.2,6657
17253.6,6656
17255,6655
17258.2,6654
17267.3,6651
17285,6650
17300.7,6649
17328.8,6648
17330.5,6647
17386.5,6645
17397.8,6644
17404.7,6643
17411,6642
17412.9,6638
17480.9,6637
17526.3,6636
17529.6,6635
17549.9,6634
17558.1,6631
17569,6630
17573.7,6627
17604.1,6625
17607.2,6622
17791,6619
17792.6,6616
17939.9,6614
17948.1,6613
17969.3,6612
18000.2,6611
18001.7,6610
18004.9,6609
18012.3,6607
18027.1,6606
18039.5,6605
18055.9,6604
18063.4,6600
18073.6,6599
18081.3,6598
18084.6,6597
18092.7,6595
18104.6,6594
18118.8,6590
18150.4,6589
18227.6,6585
18282.6,6584
18288.6,6583
18313.9,6582
18321.7,6581
18326.2,6580
18335.1,6576
18341.2,6575
18353,6574
18362.4,6573
18364,6572
18388.6,6571
18398.1,6570
18399.5,6569
18455,6568
18464.3,6567
18465.7,6565
18504.3,6563
18515.8,6562
18517.4,6560
18531.4,6559
18534.3,6557
18550,6556
18574.1,6555
18581.5,6554
18604.1,6553
18626.4,6551
18657.7,6547
18759.2,6546
18760.6,6545
18816.4,6542
18819.3,6541
18848,6540
18850.9,6539
18868.1,6535
18874.1,6534
18876.9,6533
18909.2,6532
18927.6,6531
18933.9,6530
18965.4,6529
18968.2,6528
18969.8,6527
18974.1,6525
18977.1,6524
18985.8,6522
19017.7,6521
19053.2,6520
19059.4,6519
19065.5,6518
19067.1,6517
19085.8,6516
19128.6,6515
19140,6514
19177,6512
19181.5,6511
19191.7,6510
19195,6509
19203.6,6508
19205.3,6507
19208.6,6506
19217.3,6505
19218.7,6504
19220.2,6502
19289.3,6501
19294,6500
19298.7,6499
19308,6498
19309.5,6497
19311,6496
19312.9,6494
19330.3,6493
19335.7,6492
19352.4,6491
19370.9,6490
19378.8,6489
19431.9,6488
19434.9,6487
19442.5,6486
19453.1,6484
19458.1,6482
19487.3,6479
19531,6478
19545.3,6477
19566,6476
19568.9,6475
19570.3,6473
19709,6471
19716.1,6470
19743.6,6469
19749.6,6468
19768.4,6466
19774.2,6465
19775.6,6463
19818.9,6460
19822.4,6459
19830.3,6458
19845.8,6456
19861.5,6453
19881.1,6452
19889.9,6451
19896.1,6450
19909.4,6449
19922.6,6448
19924,6446
19925.6,6445
19928.7,6444
19953.4,6442
19954.8,6441
20018.8,6439
20024.6,6437
20048.7,6436
20052,6435
20063.7,6434
20065.2,6433
20066.8,6432
20069.7,6430
20077.2,6429
20119.3,6428
20172.3,6427
20178.4,6426
20312.5,6425
20316.9,6424
20365,6421
20379,6420
20463.4,6419
20472,6416
20495.9,6415
20500.5,6414
20508.2,6413
20512.7,6412
20515.9,6411
20534.8,6409
20614.1,6408
20657.4,6406
20659,6405
20713.4,6404
20727.6,6403
20738.3,6400
20744.4,6399
20749,6398
20758.1,6397
20852.9,6396
20879.7,6393
20897.3,6392
20971.8,6389
21302.7,6388
21322.8,6386
21327.6,6385
21329.1,6384
21335.4,6383
21347.4,6382
21350.4,6379
21403.5,6378
21414.3,6376
21418.8,6375
21534.9,6374
21566.6,6373
21570,6372
21571.6,6371
21580.6,6369
21599.1,6368
21623,6367
21634.5,6366
21636.1,6363
21639.1,6361
21640.7,6360
21660.9,6358
21675.9,6357
21690.3,6356
21750,6355
21757.8,6354
21767.3,6352
21768.8,6350
21771.9,6349
21773.3,6348
21811.7,6345
21891.5,6343
21971.6,6342
21980.9,6340
22144.5,6339
22149.3,6338
22163.8,6337
22168.8,6336
22179.3,6334
22182.3,6333
22240.9,6332
22243.8,6331
22255.9,6330
22260.4,6329
22263.4,6328
22268.5,6327
22271.4,6326
22393.4,6323
22395.2,6322
22420.3,6321
22421.6,6320
22426.3,6319
22445.1,6318
22564.9,6317
22567.9,6313
22571.2,6312
22579.9,6311
22605.2,6308
22608.2,6307
22670.5,6306
22830.3,6305
22836.8,6304
22839.7,6303
22882.9,6301
22920.5,6300
22925.2,6299
22929.8,6297
22941.7,6296
22957.7,6295
22968.6,6293
23025.9,6292
23030.3,6289
23031.9,6288
23061.7,6287
23109.5,6286
23581.1,6285
23582.4,6284
23583.9,6282
23597.1,6281
23609.5,6280
23620.3,6279
23637.7,6277
23650.8,6275
23652.2,6274
23674,6272
23681.4,6269
23685.9,6268
23900.6,6266
23908.5,6265
24305.2,6264
24944.4,6262
24983.1,6260
25009.1,6259
25136,6258
25163.2,6257
25172.7,6256
25197.9,6255
25513.9,6254
25909.5,6253
25923.3,6252
25999.9,6251
26020.9,6249
26031.7,6246
26033.1,6245
26034.7,6244
26148.4,6243
26153.7,6242
26180.6,6241
26182.2,6239
26197.7,6238
26199.1,6237
26200.7,6236
26202.3,6234
26254.4,6233
26268.8,6232
26277.2,6231
26288,6230
27326.7,6229
27335.7,6228
27343.5,6226
27344.8,6225
27351.3,6223
27458.7,6222
27480,6221
27504.6,6220
27524.1,6219
27540.6,6215
28943.3,6214
29056.9,6213
29093.3,6212
29113.3,6209
29320.4,6208
29321.8,6207
29331.7,6205
29375.9,6203
29386.9,6202
29388.5,6200
29407.7,6196
29614.8,6195
29646.7,6194
29732.1,6193
29826.1,6190
30007.2,6189
30223,6188
30241.4,6187
30340.8,6186
30384,6185
30397,6184
30398.5,6183
30399.9,6182
30478.4,6181
30482.8,6180
30493.1,6179
30534.2,6178
30535.7,6177
30703.1,6176
30704.9,6175
30935.7,6173
30943.5,6172
30954.4,6170
31067.6,6169
31072,6168
31125.6,6167
31136.4,6164
31427.6,6163
31453.7,6162
31456.6,6161
31475.4,6160
31484.4,6159
31604,6158
31624.4,6156
32086.7,6155
32105.7,6154
32108.5,6153
32124.6,6152
32144.1,6151
32330.4,6150
33068.1,6149
33106,6148
33119.2,6147
33129.1,6146
33130.5,6144
33161.4,6143
33254.6,6142
33280.9,6141
33320.6,6140
33328.1,6139
33448.3,6138
33449.9,6136
33701.6,6134
34675,6133
34734.6,6132
34783.5,6131
34794.2,6129
34847.4,6128
35299.9,6127
35321.5,6124
35577.3,6123
35589.4,6122
35682,6121
35706.9,6120
35715.6,6117
35941.1,6116
35968,6115
35980.1,6113
36388.8,6112
36395.1,6110
36405.4,6109
36419,6108
36427.6,6107
36432.1,6106
36435.1,6105
36444,6103
36451.4,6102
36455.8,6101
36460.1,6099
41581.6,6098
41583.1,6097
42171.4,6095
42174.4,6094
42194.8,6093
42276.1,6091
42332.7,6090
42335.7,6089
42349,6087
42350.3,6086
42377,6085
42391.8,6081
42699.1,6080
42841.6,6079
42851.7,6078
42855.8,6077
42858.7,6076
43134,6075
43186.2,6073
43292.1,6071
43298,6070
43339.3,6069
43503.9,6068
43580.2,6067
43581.7,6066
43590.5,6065
43605.4,6063
43635.7,6061
43641.8,6060
43648,6058
43675.9,6057
43685.8,6056
43710,6054
43720.7,6053
43727.4,6052
43738.7,6051
44480,6050
44514.5,6049
44771.9,6048
44909,6047
45093.2,6046
45099,6045
45115.3,6044
45654.9,6043
45673.8,6042
45692,6041
45693.5,6040
45751.6,6039
45795.6,6037
46298.9,6036
46329.4,6035
46503.3,6034
46513.9,6033
46528.4,6032
46531.3,6030
46544.8,6029
54132,6028
54196.9,6023
54201.6,6021
54213.4,6020
54398.5,6019
54400,6015
54503,6014
54510.3,6013
54518.9,6011
54557,6010
54559.7,6008
54860.5,6007
54873.6,6006
54918.3,6005
55133.9,6004
55166.4,6003
55299.9,6002
55316.2,6001
55441.9,6000
55476.7,5998
55584,5997
55594.3,5996
55610.4,5995
55625.4,5994
55628.6,5993
55718.1,5992
56228.5,5991
56328.5,5990
56378.5,5989
56960.1,5987
56963.5,5986
57446.2,5985
57452.8,5984
57895.5,5983
57896.9,5982
57898.7,5981
57975.8,5980
58109,5979
58517.6,5978
58522.6,5977
58537.6,5975
58543,5974
58556.7,5973
58562.7,5972
58567.2,5971
58592.2,5969
58772.6,5968
59762.4,5966
59769.8,5965
62198.9,5964
83519.7,5963
83527.4,5962
83530.3,5961
83750.1,5960
87866.9,5959
87878.5,5957
87881.3,5956
87913.4,5954
87916.9,5953
87969.4,5952
87970.9,5951
87972.6,5950
88112.2,5949
88115.2,5948
88133.6,5947
88648.5,5946
88670.9,5944
88688.9,5943
88702.1,5942
88842.7,5941
88845.9,5940
88853.5,5938
88855,5937
88871,5936
89222.7,5933
89295,5932
89418.5,5931
89420.3,5930
89499.8,5929
89576.2,5928
89968.9,5925
90040.2,5924
90072.6,5923
90082.7,5922
90085.9,5921
90121.2,5920
90131.4,5919
99391.5,5918
99621.1,5916
103727,5915
103742,5912
105102,5911
105103,5909
110290,5908
110301,5907
110311,5906
110323,5905
110969,5904
110972,5903
111390,5902
111399,5900
111401,5899
111402,5898
111675,5897
111830,5896
111842,5895
113298,5894
113809,5893
113825,5890
113873,5888
113889,5887
113890,5885
113892,5884
113904,5883
113937,5881
114218,5879
114637,5877
114669,5876
114729,5875
114744,5874
114746,5872
115070,5871
115085,5870
115133,5868
