3.07502,14108
4.82843,14107
6.42575,14106
8.15296,14105
9.82406,14104
11.3812,14103
13.0666,14102
14.8463,14101
16.5995,14100
18.1813,14099
19.8693,14097
21.4762,14093
23.0245,14092
24.8676,14091
26.4452,14088
28.1527,14086
29.7282,14084
31.3809,14083
33.0094,14081
34.5675,14080
36.3184,14079
37.9834,14078
39.7345,14074
41.3214,14072
43.0215,14069
44.8578,14065
46.3995,14061
48.1007,14058
49.7281,14055
51.5916,14053
53.3079,14050
55.0264,14049
56.9003,14043
58.6762,14041
60.4151,14037
62.0398,14036
63.767,14033
65.3757,14032
67.141,14031
68.9024,14029
70.5507,14028
72.2766,14027
73.8667,14024
75.7586,14020
77.4528,14019
79.212,14018
80.8353,14016
82.506,14013
84.2906,14010
85.9506,14009
87.6915,14007
89.4218,14003
91.4262,13996
93.1774,13992
95.0552,13986
96.5933,13985
98.3132,13983
99.9838,13980
101.523,13978
103.236,13976
104.967,13973
106.802,13971
108.443,13969
110.62,13964
112.392,13963
114.266,13952
116.02,13951
117.844,13949
119.546,13945
121.093,13943
122.871,13941
124.417,13939
126.108,13938
127.745,13936
129.378,13932
131.241,13931
132.856,13929
134.781,13926
136.53,13916
138.229,13912
139.816,13907
141.396,13906
143.14,13905
144.732,13902
146.44,13894
148.03,13892
149.843,13888
151.834,13885
153.575,13883
155.329,13882
156.884,13880
158.574,13877
160.208,13876
161.953,13871
163.584,13866
165.176,13864
166.788,13860
168.352,13858
170.126,13857
171.955,13856
173.789,13852
175.554,13848
177.44,13846
179.086,13844
180.699,13841
182.448,13840
183.957,13834
185.693,13831
187.257,13829
188.976,13826
190.766,13825
192.39,13824
194.008,13823
195.577,13820
197.223,13817
198.754,13814
200.403,13809
202.02,13808
203.629,13807
205.377,13805
206.978,13801
209.097,13798
211.008,13794
212.727,13793
214.355,13792
216.261,13791
217.833,13789
219.45,13788
221.099,13787
222.661,13785
224.407,13781
225.958,13776
227.588,13766
229.162,13762
230.837,13755
233.101,13754
234.851,13753
236.72,13750
238.457,13748
240.383,13746
242.071,13741
243.865,13739
245.523,13738
247.057,13734
248.75,13732
250.388,13729
252.251,13726
253.824,13720
255.6,13714
257.332,13712
258.929,13711
260.655,13708
262.388,13702
264.106,13701
265.65,13698
267.333,13696
268.895,13695
270.48,13693
272.276,13687
273.878,13685
275.631,13684
277.244,13681
278.962,13677
280.654,13675
282.265,13674
284.148,13671
285.879,13670
288.242,13669
290.307,13664
292.419,13659
294.272,13658
296.424,13656
298.264,13653
300.229,13649
301.954,13648
303.784,13647
305.357,13641
307.054,13639
308.883,13638
310.672,13634
312.809,13629
314.488,13628
316.505,13626
318.077,13625
319.762,13623
321.349,13619
322.961,13617
324.673,13616
326.196,13615
328.02,13614
329.859,13610
331.527,13609
333.215,13608
334.956,13605
336.564,13602
338.097,13594
339.859,13591
341.419,13590
343.087,13586
344.737,13584
346.263,13582
347.938,13576
349.482,13575
351.242,13574
353.147,13573
354.949,13572
356.651,13569
358.556,13566
360.303,13565
361.931,13560
363.674,13556
365.374,13554
367.129,13552
368.719,13551
370.39,13550
372.041,13547
373.731,13544
375.648,13538
377.451,13537
379.187,13536
380.752,13533
382.457,13530
384.29,13528
385.936,13526
387.605,13522
389.228,13520
391.104,13518
392.821,13515
394.897,13513
396.509,13510
398.156,13506
399.779,13503
401.346,13499
403.057,13497
404.634,13494
406.34,13493
407.904,13491
409.494,13489
411.217,13487
412.931,13485
414.884,13483
416.525,13482
418.575,13481
420.26,13480
421.913,13479
423.633,13475
425.575,13474
427.595,13466
429.594,13460
431.409,13459
433.248,13453
435.028,13452
436.673,13450
438.375,13448
440.047,13447
441.679,13442
443.6,13441
445.518,13440
447.112,13436
448.781,13435
450.615,13433
452.184,13432
453.867,13431
455.574,13429
457.188,13425
458.9,13421
460.495,13420
462.245,13412
463.854,13409
465.722,13407
467.289,13406
468.905,13404
470.572,13403
472.38,13401
474.226,13400
475.916,13399
477.803,13395
479.526,13392
481.206,13391
482.817,13387
484.49,13386
486.232,13385
487.767,13383
489.488,13382
491.136,13379
492.782,13377
494.403,13376
496.028,13374
497.866,13369
499.624,13368
501.32,13365
502.948,13364
504.785,13361
506.421,13358
508.115,13350
509.907,13348
511.483,13347
513.217,13344
514.81,13343
516.564,13341
518.235,13339
519.786,13338
521.513,13337
523.098,13334
524.994,13333
526.557,13329
528.225,13326
529.893,13322
531.722,13321
533.742,13319
535.384,13318
537.218,13317
539.004,13316
540.921,13313
542.675,13309
544.381,13307
546.063,13304
547.72,13303
549.442,13302
551.005,13296
552.713,13295
554.289,13293
555.949,13288
557.501,13287
559.075,13286
560.793,13283
562.51,13281
564.196,13279
565.917,13277
567.68,13276
569.259,13275
570.82,13274
572.479,13272
573.988,13271
575.741,13263
577.425,13260
579.12,13258
580.778,13253
582.322,13252
584.075,13247
585.796,13246
587.533,13241
589.114,13239
590.777,13236
592.37,13232
594.084,13231
595.914,13230
597.604,13229
599.431,13228
601.144,13227
602.887,13224
604.462,13222
606.21,13221
607.895,13220
609.522,13218
611.221,13216
612.803,13214
614.476,13213
616.11,13212
617.646,13210
619.314,13208
620.879,13205
622.578,13199
624.116,13197
625.741,13196
627.522,13194
629.116,13193
630.798,13186
632.326,13179
633.956,13175
635.578,13166
637.353,13165
639.152,13164
640.996,13162
642.991,13161
644.581,13159
646.409,13158
648.04,13157
649.678,13156
651.383,13152
652.957,13149
655.014,13148
656.711,13143
659.05,13142
661.118,13140
663.365,13136
664.684,13132
667.378,13129
669.244,13128
671.23,13127
673.459,13124
675.611,13123
677.506,13122
679.161,13120
680.795,13115
682.666,13113
684.389,13111
686.25,13104
687.809,13100
689.413,13099
691.254,13098
693.273,13096
695.031,13094
696.559,13092
698.218,13091
699.799,13089
701.444,13088
703.037,13086
704.6,13085
706.358,13083
707.919,13082
709.623,13081
711.257,13076
713.082,13074
714.98,13072
716.626,13068
718.519,13066
720.161,13065
721.935,13064
723.561,13063
725.217,13056
726.767,13055
728.383,13052
730.314,13051
732.191,13050
734.22,13048
736.079,13046
738.053,13045
739.66,13044
741.611,13040
743.262,13039
744.822,13038
746.539,13037
748.176,13035
749.87,13034
751.432,13031
753.065,13030
754.708,13029
756.234,13024
758.389,13022
760.399,13021
762.201,13017
763.77,13014
765.443,13010
766.982,13009
768.711,13004
770.364,13002
771.867,13001
773.515,13000
775.087,12999
776.966,12991
778.868,12989
780.671,12988
782.469,12985
784.274,12984
786.083,12980
787.691,12979
789.453,12978
791.127,12976
792.81,12975
794.463,12972
796.164,12970
797.861,12968
799.488,12965
801.282,12964
802.907,12963
804.745,12959
806.433,12955
808.087,12953
809.84,12951
811.415,12950
813.126,12948
814.783,12947
816.447,12945
818.091,12942
819.753,12941
821.537,12938
823.127,12936
824.85,12935
826.482,12934
828.137,12932
829.929,12929
831.74,12925
833.558,12924
835.056,12922
836.838,12920
838.612,12919
840.7,12916
842.708,12915
844.619,12913
846.265,12912
848.029,12911
849.992,12910
851.671,12903
853.417,12902
855.029,12901
856.774,12896
858.35,12895
860.148,12891
861.991,12889
863.626,12887
865.405,12885
866.937,12881
868.764,12880
870.463,12878
872.157,12877
873.786,12875
875.413,12872
877.093,12871
878.675,12868
880.446,12866
882.041,12864
883.719,12860
885.336,12857
886.897,12854
888.698,12853
890.452,12851
892.137,12846
893.698,12845
895.307,12842
896.992,12840
898.734,12839
900.624,12833
902.329,12829
904.162,12825
905.914,12823
907.604,12821
909.2,12820
910.967,12818
912.655,12816
914.235,12814
916.015,12807
917.544,12804
919.286,12803
920.915,12802
922.537,12801
924.259,12800
925.827,12799
927.545,12798
929.18,12797
930.898,12794
932.678,12793
934.655,12791
936.527,12789
938.147,12787
939.981,12783
941.671,12781
943.872,12779
945.47,12776
947.181,12774
948.733,12773
950.322,12772
952.013,12768
953.576,12767
955.259,12766
956.857,12765
958.805,12764
960.692,12761
962.493,12760
964.212,12759
965.993,12758
967.723,12756
969.293,12754
971.025,12753
972.597,12751
974.2,12749
975.966,12745
977.723,12744
979.462,12743
981.217,12742
983.011,12741
984.816,12739
986.723,12736
988.34,12734
989.99,12729
991.925,12728
993.602,12727
995.371,12725
996.882,12721
998.636,12720
1000.22,12719
1002.08,12711
1003.85,12710
1005.54,12709
1007.68,12707
1009.48,12706
1011.42,12705
1013.01,12702
1014.8,12699
1016.3,12697
1018.02,12694
1019.77,12692
1021.59,12690
1023.81,12689
1025.79,12685
1027.65,12683
1029.38,12682
1031.16,12681
1032.76,12680
1034.42,12679
1036.03,12677
1037.59,12676
1039.24,12675
1040.8,12674
1042.65,12673
1044.25,12671
1045.8,12670
1047.36,12666
1048.92,12665
1050.57,12661
1052.1,12660
1053.72,12659
1055.36,12657
1056.89,12656
1058.54,12653
1060.09,12652
1062.12,12648
1063.98,12647
1065.65,12645
1067.45,12642
1069.04,12640
1070.88,12639
1072.69,12638
1074.41,12636
1075.96,12635
1077.57,12633
1079.38,12632
1081.01,12631
1082.88,12629
1084.65,12624
1086.46,12623
1088.25,12622
1089.96,12618
1091.47,12617
1093,12616
1094.73,12612
1096.31,12606
1098.01,12604
1099.67,12603
1101.65,12601
1103.25,12598
1104.88,12595
1106.75,12594
1108.47,12593
1110.24,12592
1111.74,12590
1113.51,12588
1115.39,12587
1116.96,12586
1118.59,12585
1120.15,12581
1121.89,12580
1123.5,12579
1125.31,12577
1126.84,12575
1128.62,12572
1130.19,12571
1131.97,12568
1134.16,12567
1135.82,12564
1137.53,12560
1139.2,12559
1141.29,12557
1143.14,12556
1144.88,12554
1146.64,12552
1148.71,12551
1150.76,12550
1152.59,12549
1154.5,12546
1156.17,12544
1157.93,12543
1159.57,12540
1161.18,12538
1162.86,12536
1164.64,12534
1166.5,12531
1168.29,12530
1170.06,12529
1171.57,12528
1173.27,12527
1174.86,12526
1176.59,12525
1178.14,12520
1179.62,12517
1181.33,12513
1182.9,12512
1184.91,12511
1186.44,12509
1188.32,12508
1190.29,12507
1192.03,12505
1193.81,12504
1195.4,12501
1197.16,12499
1198.72,12496
1200.63,12495
1202.63,12494
1204.53,12493
1206.19,12492
1207.97,12491
1209.78,12490
1211.35,12488
1212.97,12487
1214.48,12485
1216.28,12484
1217.78,12483
1219.41,12479
1221.02,12478
1222.58,12476
1224.26,12474
1225.87,12471
1227.65,12470
1229.26,12469
1231.06,12468
1232.91,12466
1234.59,12464
1236.28,12461
1237.85,12460
1239.46,12459
1241.01,12458
1242.62,12457
1244.34,12454
1245.93,12452
1247.6,12447
1249.19,12446
1251.03,12445
1252.68,12443
1254.17,12442
1256.05,12441
1258.11,12440
1260.33,12439
1262,12433
1263.95,12432
1265.92,12430
1268.05,12427
1269.57,12425
1272.02,12424
1273.56,12423
1275.13,12422
1276.78,12419
1278.48,12418
1280.23,12416
1281.76,12414
1283.5,12410
1285.16,12408
1286.89,12405
1288.42,12404
1289.95,12402
1291.73,12401
1293.4,12400
1295.18,12399
1296.83,12398
1298.49,12396
1300.3,12393
1301.99,12392
1303.73,12385
1305.31,12384
1307,12383
1308.55,12381
1310.14,12379
1311.81,12378
1313.35,12374
1315.13,12373
1316.8,12368
1318.43,12367
1320.06,12365
1321.68,12364
1323.72,12363
1325.67,12359
1327.64,12357
1329.42,12355
1331.08,12354
1332.61,12353
1334.35,12351
1335.96,12349
1337.76,12348
1339.4,12344
1340.94,12343
1342.69,12339
1344.29,12337
1345.92,12335
1347.51,12332
1349.08,12331
1350.76,12330
1352.27,12327
1353.93,12326
1355.52,12325
1357.13,12319
1358.91,12318
1360.43,12317
1362.12,12314
1363.67,12313
1365.21,12312
1366.79,12310
1368.37,12308
1370.07,12306
1371.78,12305
1373.71,12304
1375.28,12303
1376.86,12302
1378.67,12298
1380.28,12297
1382,12296
1383.69,12295
1385.53,12293
1387.26,12291
1389.08,12287
1390.63,12286
1392.23,12285
1393.83,12282
1395.39,12281
1397.1,12280
1398.87,12278
1400.61,12273
1402.11,12272
1403.76,12271
1405.38,12270
1406.96,12269
1408.64,12267
1410.33,12266
1411.97,12264
1413.47,12263
1415.04,12262
1416.78,12260
1418.54,12259
1420.37,12258
1421.94,12257
1423.7,12256
1425.37,12255
1426.88,12254
1428.63,12251
1430.2,12250
1432.13,12247
1433.85,12244
1435.48,12241
1437.23,12240
1439.06,12238
1441.03,12236
1442.85,12235
1444.69,12232
1446.37,12229
1448.2,12226
1449.88,12225
1451.54,12223
1453.08,12222
1454.65,12220
1456.32,12218
1457.8,12214
1459.76,12212
1461.3,12211
1463.03,12206
1464.68,12205
1466.24,12204
1468.01,12202
1469.76,12201
1471.51,12200
1473.02,12194
1474.6,12192
1476.22,12190
1477.82,12189
1479.73,12187
1481.31,12186
1483.02,12185
1484.62,12182
1486.19,12181
1487.87,12179
1489.48,12178
1491.17,12177
1492.72,12176
1494.3,12175
1495.93,12174
1497.5,12173
1499.38,12172
1501.02,12171
1502.84,12168
1504.5,12166
1506.28,12164
1508.06,12160
1509.62,12158
1511.3,12157
1512.8,12155
1514.45,12154
1516,12153
1517.55,12150
1519.16,12149
1520.86,12147
1522.53,12146
1524.08,12145
1525.71,12143
1527.29,12142
1528.86,12140
1530.55,12139
1532.06,12138
1533.67,12137
1535.24,12136
1536.75,12135
1538.41,12134
1540.1,12133
1541.73,12129
1543.26,12126
1544.86,12124
1546.48,12123
1547.97,12121
1549.62,12118
1551.24,12117
1552.89,12116
1554.5,12114
1556.03,12111
1557.76,12109
1559.39,12107
1561.43,12106
1563.13,12105
1564.87,12103
1566.66,12099
1568.41,12096
1570.03,12095
1571.76,12094
1573.36,12092
1574.85,12090
1576.51,12089
1578.38,12088
1580.25,12084
1581.95,12083
1583.59,12082
1585.34,12081
1587.01,12079
1588.66,12078
1590.24,12077
1591.87,12075
1593.75,12070
1595.37,12069
1597.01,12068
1598.54,12067
1600.18,12065
1601.88,12064
1603.47,12063
1605.07,12062
1606.57,12060
1608.19,12058
1609.72,12057
1611.44,12056
1612.99,12055
1614.57,12054
1616.29,12051
1617.83,12050
1619.45,12049
1621.19,12048
1622.89,12047
1624.64,12045
1626.3,12044
1628.14,12042
1629.82,12041
1631.46,12037
1632.98,12036
1634.51,12034
1636.15,12033
1637.64,12032
1639.3,12031
1640.81,12030
1642.61,12027
1644.31,12025
1645.82,12021
1647.5,12019
1649.08,12018
1650.7,12015
1652.31,12014
1653.81,12013
1655.54,12011
1657.05,12010
1658.76,12005
1660.31,12003
1662.18,11998
1663.75,11997
1665.28,11995
1666.9,11991
1668.41,11990
1670.1,11988
1671.6,11987
1673.21,11985
1674.84,11984
1676.36,11982
1678.11,11981
1679.62,11980
1681.28,11979
1682.99,11978
1684.69,11976
1686.62,11973
1688.29,11972
1690.23,11971
1691.73,11970
1693.33,11969
1694.89,11968
1696.44,11966
1698.07,11965
1699.66,11964
1701.34,11962
1702.95,11959
1704.59,11957
1706.22,11956
1707.76,11955
1709.78,11951
1712.04,11949
1713.89,11947
1715.52,11943
1717.12,11940
1718.68,11939
1720.38,11934
1722.06,11930
1723.99,11929
1725.58,11928
1727.38,11925
1729.35,11924
1731.04,11923
1733.27,11922
1734.85,11921
1736.48,11918
1738.05,11917
1739.69,11916
1741.43,11915
1743.28,11914
1745.09,11911
1746.81,11910
1748.59,11909
1750.32,11908
1751.9,11907
1753.68,11906
1755.27,11905
1756.9,11902
1758.43,11898
1760.07,11896
1761.68,11893
1763.42,11891
1765.13,11884
1766.65,11883
1768.37,11876
1769.93,11875
1771.43,11872
1773.23,11867
1774.75,11866
1776.43,11865
1777.98,11863
1779.52,11862
1781.07,11859
1782.6,11858
1784.35,11857
1785.84,11856
1787.43,11854
1789.06,11853
1790.62,11852
1792.32,11851
1794.01,11850
1795.62,11849
1797.26,11848
1798.76,11842
1800.47,11841
1802.05,11840
1804.02,11838
1805.67,11837
1807.37,11834
1809.14,11832
1810.85,11831
1812.51,11830
1814.13,11828
1815.87,11827
1817.37,11826
1818.98,11824
1820.62,11823
1822.2,11822
1823.89,11821
1825.38,11820
1827.21,11819
1828.97,11817
1830.49,11816
1832.25,11813
1834.04,11812
1835.67,11811
1837.2,11809
1838.78,11808
1840.37,11802
1842.02,11801
1843.76,11800
1845.36,11796
1847.03,11795
1848.62,11794
1850.17,11793
1851.94,11792
1853.49,11791
1855.33,11790
1856.82,11787
1858.65,11786
1860.26,11782
1862.01,11780
1863.7,11778
1865.58,11777
1867.37,11776
1869.07,11775
1870.87,11774
1872.41,11773
1874.22,11771
1876.09,11770
1878.36,11768
1880.08,11764
1881.92,11762
1883.63,11760
1885.65,11758
1887.54,11757
1889.22,11756
1891.06,11754
1892.8,11753
1894.79,11750
1896.4,11748
1898.37,11747
1900.22,11746
1901.78,11743
1903.42,11742
1905.35,11741
1907.38,11734
1909.15,11733
1910.98,11729
1912.72,11726
1914.37,11725
1916.02,11724
1917.79,11723
1919.28,11721
1921.15,11720
1922.72,11719
1924.89,11715
1926.76,11714
1928.64,11712
1930.38,11709
1932.03,11708
1933.77,11707
1935.33,11706
1937.06,11705
1938.57,11704
1940.32,11703
1941.93,11702
1943.62,11699
1945.32,11698
1947.02,11697
1948.83,11696
1950.34,11695
1951.9,11693
1953.75,11692
1955.48,11691
1957.16,11689
1958.69,11687
1960.54,11685
1962.15,11683
1963.76,11682
1965.46,11680
1967.03,11679
1968.81,11676
1970.33,11675
1971.92,11674
1973.54,11672
1975.15,11670
1976.85,11669
1978.51,11667
1980.16,11663
1981.82,11661
1983.56,11660
1985.37,11659
1987,11658
1988.84,11657
1990.54,11656
1992.41,11655
1993.99,11654
1995.75,11653
1997.41,11652
1998.95,11651
2000.68,11650
2002.37,11649
2004.05,11648
2005.65,11646
2007.36,11645
2009.01,11644
2010.69,11643
2012.34,11642
2013.99,11641
2015.79,11639
2017.31,11638
2018.93,11637
2020.52,11636
2022.28,11631
2023.99,11627
2025.51,11626
2027.14,11624
2028.75,11623
2030.29,11622
2032.02,11621
2033.8,11620
2035.54,11617
2037.14,11616
2038.8,11615
2040.7,11614
2042.61,11612
2044.39,11610
2046.14,11609
2048.01,11607
2049.68,11606
2051.53,11605
2053.21,11604
2054.79,11603
2056.45,11602
2057.99,11600
2059.84,11599
2061.36,11591
2063.33,11587
2064.94,11586
2066.54,11585
2068.39,11582
2070,11581
2071.68,11580
2073.21,11577
2074.75,11575
2076.45,11574
2078.02,11571
2079.69,11566
2081.17,11565
2083.04,11563
2084.68,11562
2086.18,11560
2087.85,11559
2089.42,11558
2091.05,11557
2092.65,11556
2094.36,11555
2096.1,11554
2097.75,11552
2099.5,11551
2101.04,11550
2102.85,11549
2104.5,11548
2106.23,11547
2107.97,11545
2109.71,11542
2111.56,11541
2113.1,11540
2114.71,11539
2116.3,11537
2117.75,11536
2119.39,11535
2120.85,11534
2122.51,11533
2124.17,11529
2125.63,11528
2127.25,11527
2128.84,11524
2130.49,11523
2131.99,11521
2133.52,11516
2135.2,11514
2136.7,11512
2138.39,11511
2139.86,11510
2141.41,11509
2143.04,11507
2144.57,11506
2146.2,11505
2147.74,11503
2149.52,11501
2151.11,11499
2152.66,11498
2154.33,11497
2155.8,11496
2157.45,11495
2159.24,11494
2160.86,11493
2162.62,11492
2164.18,11491
2166.15,11490
2167.87,11489
2169.84,11486
2171.56,11484
2173.39,11480
2174.91,11478
2176.38,11477
2178.26,11476
2180.06,11475
2181.72,11473
2183.34,11472
2185.05,11470
2186.74,11468
2188.23,11467
2190.1,11466
2191.79,11465
2193.67,11463
2195.45,11462
2197.32,11461
2198.95,11460
2200.48,11459
2202.06,11457
2203.54,11456
2205.23,11454
2206.77,11453
2208.29,11452
2209.93,11451
2211.49,11450
2213.12,11448
2214.82,11447
2216.48,11446
2218.16,11445
2219.69,11444
2221.34,11443
2222.84,11442
2224.56,11441
2226.23,11440
2228.06,11439
2229.85,11437
2231.5,11436
2233.33,11435
2234.98,11434
2236.72,11433
2238.2,11431
2239.7,11430
2241.36,11427
2242.9,11426
2244.65,11425
2246.14,11422
2247.75,11421
2249.38,11419
2250.95,11418
2252.68,11416
2254.35,11415
2256.02,11414
2257.55,11410
2259.14,11409
2260.81,11408
2262.4,11407
2264.17,11406
2265.71,11405
2267.26,11401
2268.97,11400
2270.48,11399
2272.23,11398
2273.8,11394
2275.49,11392
2277.08,11390
2278.64,11389
2280.53,11388
2282.04,11387
2283.64,11386
2285.33,11382
2287.09,11380
2288.87,11379
2290.62,11376
2292.44,11375
2294.07,11374
2295.84,11373
2297.35,11372
2298.91,11371
2300.63,11370
2302.09,11369
2303.7,11368
2305.22,11367
2307.1,11366
2308.62,11364
2310.27,11362
2311.97,11361
2313.47,11360
2315.12,11359
2316.66,11356
2318.13,11354
2319.79,11353
2321.56,11352
2323.25,11351
2324.83,11349
2326.4,11348
2327.92,11347
2329.42,11346
2331.11,11344
2332.81,11343
2334.58,11342
2336.07,11340
2337.55,11339
2339.17,11338
2340.79,11337
2342.6,11336
2344.18,11334
2346.02,11332
2347.74,11331
2349.39,11329
2351.25,11327
2352.94,11326
2354.81,11325
2356.33,11324
2357.82,11322
2359.46,11321
2361,11320
2362.75,11319
2364.4,11318
2366.13,11317
2367.74,11315
2369.32,11314
2371.09,11313
2372.63,11312
2374.36,11311
2375.84,11308
2377.51,11306
2379.11,11305
2380.7,11304
2382.34,11302
2383.85,11301
2385.53,11300
2387.05,11299
2388.75,11298
2390.36,11296
2392.04,11295
2393.67,11293
2395.2,11292
2396.88,11291
2398.39,11289
2400,11287
2401.81,11285
2403.47,11283
2405.27,11282
2407.11,11280
2409.06,11278
2410.64,11277
2412.59,11276
2414.3,11275
2415.8,11274
2417.47,11273
2419.09,11271
2420.98,11270
2422.63,11269
2424.21,11267
2425.8,11266
2427.45,11264
2429.15,11263
2430.69,11261
2432.57,11260
2434.25,11259
2435.92,11258
2437.77,11255
2439.67,11253
2441.48,11252
2443.09,11251
2444.77,11249
2446.23,11247
2447.7,11246
2449.31,11244
2450.75,11243
2452.61,11241
2454.1,11239
2455.64,11237
2457.46,11236
2459.5,11235
2461.24,11233
2462.94,11232
2464.79,11231
2466.56,11229
2468.33,11228
2470.06,11227
2472.19,11226
2474.01,11225
2475.88,11224
2477.68,11222
2479.74,11221
2481.35,11218
2483.05,11217
2484.96,11216
2486.64,11215
2488.32,11214
2489.77,11212
2491.48,11205
2493.26,11204
2495.33,11202
2497.27,11201
2498.91,11199
2500.62,11198
2502.24,11197
2503.91,11196
2505.54,11195
2507.07,11194
2508.82,11193
2510.39,11191
2512.2,11190
2513.67,11189
2515.41,11186
2516.97,11185
2518.55,11181
2520.34,11180
2521.84,11179
2523.49,11178
2525.1,11177
2526.7,11175
2528.54,11174
2530.2,11173
2532.18,11172
2534.04,11171
2535.92,11170
2537.63,11169
2539.43,11168
2541,11167
2542.48,11165
2544.21,11163
2545.69,11162
2547.42,11160
2549.01,11157
2550.45,11155
2552.04,11154
2553.6,11151
2555.21,11150
2556.8,11149
2558.33,11148
2560.19,11147
2561.97,11146
2563.72,11145
2565.21,11144
2566.71,11143
2568.31,11142
2569.82,11141
2571.41,11140
2572.89,11139
2574.37,11138
2576.15,11136
2577.66,11135
2579.44,11133
2581.06,11132
2582.61,11131
2584.26,11130
2586,11129
2587.87,11128
2589.62,11127
2591.48,11126
2593.12,11125
2594.92,11124
2596.57,11123
2598.06,11122
2599.74,11121
2601.23,11120
2602.78,11119
2604.32,11117
2605.96,11114
2608.41,11113
2610.15,11112
2612.11,11110
2613.73,11109
2615.6,11108
2617.12,11107
2618.85,11105
2620.45,11104
2621.98,11102
2623.64,11096
2625.3,11094
2626.93,11093
2628.36,11092
2629.97,11090
2631.5,11089
2633.4,11086
2635.35,11085
2636.82,11083
2638.54,11082
2640.22,11081
2642.12,11080
2643.82,11079
2645.36,11077
2646.96,11076
2648.58,11074
2650.53,11072
2652.24,11071
2654.04,11070
2655.84,11069
2657.5,11068
2659.06,11066
2660.57,11065
2662.24,11063
2663.91,11062
2665.6,11060
2667.14,11059
2668.7,11058
2670.4,11057
2671.98,11056
2673.6,11055
2675.17,11054
2676.93,11053
2678.92,11052
2680.55,11051
2682.49,11050
2684.15,11049
2685.91,11048
2687.42,11047
2689.02,11046
2690.66,11045
2692.35,11044
2693.97,11041
2695.5,11037
2697.22,11036
2698.71,11034
2700.29,11033
2701.91,11032
2703.36,11031
2705,11030
2706.64,11029
2708.27,11026
2710.09,11025
2711.85,11024
2713.65,11023
2715.37,11020
2717.22,11019
2718.72,11018
2720.16,11016
2721.74,11015
2723.27,11014
2724.86,11011
2726.42,11010
2727.91,11008
2729.7,11006
2731.11,11005
2732.86,11004
2734.32,11003
2735.79,11002
2737.45,11001
2738.96,10998
2740.52,10997
2742.01,10996
2743.49,10995
2745.36,10993
2746.95,10992
2748.66,10991
2750.1,10990
2751.8,10989
2753.39,10988
2754.81,10986
2756.4,10985
2757.98,10984
2759.53,10983
2761.18,10981
2762.71,10980
2764.33,10978
2765.84,10974
2767.53,10973
2769.24,10972
2770.89,10971
2772.89,10970
2774.56,10969
2776.43,10967
2778.32,10966
2780.24,10965
2781.84,10964
2783.7,10963
2785.38,10961
2787.38,10960
2788.99,10959
2790.55,10958
2792.49,10957
2794.05,10954
2795.97,10953
2797.48,10951
2799.04,10950
2800.7,10949
2802.51,10948
2804.31,10947
2805.83,10946
2807.48,10945
2809.01,10944
2810.49,10943
2812.1,10942
2813.75,10941
2815.48,10940
2816.94,10939
2818.49,10937
2820.07,10936
2821.53,10935
2823.23,10934
2824.74,10931
2826.23,10930
2827.97,10929
2829.68,10928
2831.45,10927
2833.28,10926
2835.12,10925
2836.82,10924
2838.37,10923
2839.92,10922
2841.44,10921
2843.16,10920
2844.76,10919
2846.29,10918
2847.87,10917
2849.41,10916
2851.05,10915
2852.53,10913
2854.3,10912
2855.82,10911
2857.35,10909
2859.06,10907
2860.54,10905
2862.22,10904
2863.82,10902
2865.32,10901
2866.93,10899
2868.46,10898
2870.15,10897
2871.65,10896
2873.16,10895
2874.95,10893
2876.46,10892
2878.07,10889
2879.58,10888
2881.1,10887
2882.67,10886
2884.15,10885
2885.79,10883
2887.27,10882
2889.03,10881
2890.82,10879
2892.43,10878
2894.4,10875
2896.1,10874
2897.95,10872
2899.48,10870
2901.02,10869
2902.59,10868
2904.05,10865
2905.67,10864
2907.24,10863
2908.73,10862
2910.33,10861
2911.89,10859
2913.52,10858
2915.03,10857
2916.61,10855
2918.24,10854
2919.89,10853
2921.61,10852
2923.23,10851
2925.04,10850
2926.54,10849
2928.01,10848
2929.67,10847
2931.19,10846
2933.04,10845
2934.68,10844
2936.24,10843
2938.04,10841
2939.67,10840
2941.53,10839
2943.13,10837
2944.73,10835
2946.23,10834
2947.71,10833
2949.4,10832
2951.06,10831
2952.84,10830
2954.54,10829
2956.29,10828
2957.91,10827
2959.62,10826
2961.19,10825
2962.66,10822
2964.5,10821
2965.98,10820
2967.57,10819
2969.13,10818
2970.67,10817
2972.24,10816
2973.67,10815
2975.11,10811
2976.7,10809
2978.19,10806
2979.89,10805
2981.41,10803
2982.88,10802
2984.56,10801
2986.18,10800
2987.81,10799
2989.34,10798
2990.88,10797
2992.41,10796
2993.82,10795
2995.43,10794
2996.92,10792
2998.36,10791
3000,10790
3001.47,10789
3003.04,10788
3004.5,10787
3006.11,10786
3007.7,10785
3009.25,10784
3011.05,10783
3012.66,10782
3014.35,10781
3016.02,10780
3017.75,10779
3019.35,10778
3020.77,10777
3022.33,10776
3023.85,10775
3025.41,10774
3027,10773
3028.47,10772
3030.02,10769
3031.54,10768
3032.97,10767
3034.54,10766
3035.99,10765
3037.53,10764
3039.05,10763
3040.56,10762
3042.15,10761
3043.61,10760
3045.15,10759
3046.9,10758
3048.36,10757
3049.96,10754
3051.46,10753
3052.98,10751
3054.53,10750
3056.09,10749
3057.75,10748
3059.32,10747
3060.93,10746
3062.58,10745
3064.07,10742
3065.82,10741
3067.37,10740
3068.92,10739
3070.6,10736
3072.34,10735
3074.03,10734
3075.61,10733
3077.45,10732
3079.22,10731
3080.81,10730
3082.26,10729
3083.95,10728
3085.43,10727
3087.24,10726
3088.87,10725
3090.28,10724
3092.02,10723
3093.49,10722
3094.97,10721
3096.68,10720
3098.23,10719
3099.77,10718
3101.37,10717
3102.98,10716
3104.57,10713
3106.08,10711
3107.87,10710
3109.34,10709
3110.92,10707
3112.45,10704
3113.91,10702
3115.54,10701
3117.07,10700
3118.64,10699
3120.16,10698
3121.61,10697
3123.2,10696
3124.72,10695
3126.21,10694
3127.76,10693
3129.22,10692
3130.98,10691
3132.71,10690
3134.49,10689
3136.15,10688
3137.84,10687
3139.57,10686
3141.02,10685
3142.62,10684
3144.13,10683
3145.59,10682
3147.15,10681
3148.63,10680
3150.24,10679
3151.79,10678
3153.38,10677
3154.93,10676
3156.41,10675
3158.02,10674
3159.52,10673
3161.08,10672
3162.74,10671
3164.35,10669
3166.3,10668
3167.75,10666
3169.32,10665
3170.9,10664
3172.49,10663
3174.05,10662
3175.56,10661
3177.1,10660
3178.65,10658
3180.1,10657
3181.68,10656
3183.11,10655
3184.64,10654
3186.15,10653
3187.63,10652
3189.27,10651
3190.82,10650
3192.76,10649
3194.45,10648
3196.07,10647
3197.83,10646
3199.53,10645
3201.18,10644
3202.62,10643
3204.08,10642
3205.62,10640
3207.12,10639
3208.69,10638
3210.1,10637
3211.67,10636
3213.44,10633
3214.88,10632
3216.55,10630
3218.01,10628
3219.46,10627
3221.07,10626
3222.63,10625
3224.32,10623
3225.78,10621
3227.25,10620
3228.9,10619
3230.44,10618
3232.15,10617
3234.01,10616
3235.67,10615
3237.16,10614
3238.6,10613
3240.22,10612
3241.88,10611
3243.65,10610
3245.13,10609
3246.89,10607
3248.48,10606
3250.04,10605
3251.8,10604
3253.59,10603
3255.38,10602
3257,10601
3258.65,10600
3260.52,10599
3262.09,10598
3263.9,10596
3265.47,10595
3267.02,10593
3268.69,10592
3270.23,10591
3271.87,10589
3273.35,10588
3275.07,10587
3276.57,10586
3278.06,10585
3279.76,10584
3281.22,10583
3283.05,10582
3284.73,10581
3286.49,10580
3288.27,10579
3289.72,10578
3291.47,10577
3292.95,10576
3294.56,10575
3296.11,10574
3297.61,10573
3299.26,10572
3300.81,10571
3302.4,10570
3303.92,10569
3305.39,10567
3306.97,10565
3308.44,10563
3309.93,10562
3311.5,10561
3313.12,10560
3314.87,10559
3316.68,10558
3318.45,10557
3320.1,10555
3321.62,10554
3323.28,10553
3324.73,10552
3326.38,10550
3327.84,10549
3329.34,10547
3330.94,10546
3332.43,10544
3333.98,10543
3335.62,10542
3337.1,10541
3338.71,10540
3340.15,10539
3341.68,10538
3343.18,10537
3344.74,10536
3346.36,10535
3347.79,10534
3349.38,10533
3350.88,10532
3352.42,10531
3354.01,10530
3355.45,10529
3357.26,10528
3359.16,10527
3361.41,10526
3363.34,10525
3364.91,10524
3366.53,10523
3368.07,10522
3369.69,10521
3371.17,10520
3372.83,10519
3374.53,10518
3376.35,10517
3378.26,10516
3380.06,10515
3381.78,10514
3383.31,10513
3384.91,10512
3386.66,10511
3388.22,10509
3389.8,10508
3391.4,10507
3393.01,10506
3394.51,10505
3396.42,10504
3398.12,10503
3399.92,10502
3401.74,10501
3403.32,10500
3404.95,10499
3406.53,10498
3408.2,10497
3409.87,10496
3411.38,10495
3413.01,10494
3414.49,10493
3415.99,10492
3417.74,10491
3419.24,10490
3420.83,10489
3422.31,10488
3423.75,10487
3425.43,10486
3426.88,10485
3428.84,10484
3430.37,10483
3431.82,10482
3433.59,10481
3435.45,10480
3437.88,10479
3439.79,10478
3441.63,10477
3443.25,10476
3444.9,10475
3446.49,10474
3448.03,10473
3449.9,10472
3451.47,10471
3453.31,10470
3454.83,10469
3456.5,10468
3458.29,10467
3459.89,10465
3461.41,10462
3462.99,10461
3464.7,10460
3466.38,10459
3468.14,10458
3469.78,10457
3471.39,10456
3472.97,10455
3474.51,10454
3476.27,10453
3478,10452
3479.76,10451
3481.4,10450
3482.96,10449
3484.7,10447
3486.23,10446
3487.92,10445
3489.44,10444
3491.15,10443
3492.84,10442
3494.51,10441
3496.36,10440
3498.22,10439
3500.11,10438
3501.89,10437
3503.61,10436
3505.21,10435
3506.86,10434
3508.44,10433
3509.92,10432
3511.69,10431
3513.18,10429
3514.83,10428
3516.44,10427
3518.07,10426
3519.73,10425
3521.3,10423
3522.92,10422
3524.54,10421
3526.06,10420
3527.75,10419
3529.28,10418
3530.94,10417
3532.65,10416
3534.46,10415
3536.05,10414
3537.5,10413
3539.09,10411
3540.58,10410
3542.22,10408
3544.03,10407
3545.59,10406
3547.14,10405
3548.58,10404
3550.17,10403
3551.69,10402
3553.22,10401
3554.94,10400
3556.59,10399
3558.39,10398
3560.05,10397
3561.87,10396
3563.42,10395
3565.28,10394
3566.81,10392
3568.35,10391
3569.92,10390
3571.46,10389
3572.96,10388
3574.51,10387
3575.91,10386
3577.48,10385
3579.02,10384
3580.54,10383
3582.06,10382
3583.58,10381
3585.42,10380
3586.95,10379
3588.52,10378
3590.09,10377
3591.64,10376
3593.26,10375
3594.71,10374
3596.25,10372
3597.82,10371
3599.27,10370
3600.94,10369
3602.38,10368
3603.86,10367
3605.44,10366
3606.85,10365
3608.52,10364
3610.14,10363
3611.59,10362
3613.16,10360
3614.74,10359
3616.49,10357
3618.24,10355
3619.93,10354
3621.63,10353
3623.17,10352
3624.82,10351
3626.29,10350
3627.85,10349
3629.53,10348
3630.97,10347
3632.56,10346
3633.98,10345
3635.59,10344
3637.07,10343
3638.55,10342
3640.14,10341
3641.57,10340
3643.12,10339
3644.65,10338
3646.09,10337
3647.76,10336
3649.26,10335
3651.26,10334
3652.82,10333
3654.27,10332
3655.89,10331
3657.41,10330
3659,10329
3660.63,10328
3662.17,10327
3663.78,10326
3665.24,10324
3666.91,10323
3668.39,10322
3669.85,10321
3671.47,10320
3672.93,10319
3674.58,10318
3676.35,10317
3678.15,10316
3680.1,10315
3681.75,10314
3683.58,10312
3685.17,10311
3686.91,10310
3688.53,10309
3689.96,10308
3691.74,10307
3693.2,10306
3694.8,10305
3696.48,10304
3698.17,10303
3699.68,10302
3701.14,10301
3702.9,10300
3704.37,10299
3705.93,10298
3707.48,10297
3709,10296
3710.67,10295
3712.14,10294
3713.61,10293
3715.28,10292
3716.98,10291
3718.71,10290
3720.24,10289
3721.78,10288
3723.34,10287
3724.87,10286
3726.59,10285
3728.05,10284
3729.66,10283
3731.45,10282
3733.24,10280
3735.01,10279
3736.91,10278
3738.8,10277
3740.72,10276
3742.85,10275
3744.6,10274
3746.42,10273
3748.16,10272
3749.95,10271
3751.51,10270
3753.2,10269
3754.73,10268
3756.26,10267
3758,10266
3759.6,10264
3761.27,10263
3763.06,10262
3764.77,10261
3766.23,10260
3767.65,10259
3769.35,10257
3770.83,10256
3772.38,10255
3773.85,10254
3775.33,10253
3776.89,10251
3778.39,10250
3779.89,10249
3781.39,10248
3782.93,10247
3784.54,10246
3786.02,10245
3787.56,10244
3789.07,10243
3790.59,10242
3792.21,10241
3793.65,10240
3795.2,10239
3796.89,10237
3798.47,10236
3800.3,10235
3801.88,10234
3803.71,10233
3805.16,10232
3806.64,10231
3808.25,10230
3809.67,10229
3811.25,10228
3812.87,10227
3814.32,10226
3815.91,10225
3817.41,10224
3818.89,10223
3820.45,10222
3821.93,10221
3823.73,10220
3825.19,10219
3826.65,10218
3828.17,10217
3829.65,10216
3831.31,10215
3832.89,10214
3834.53,10213
3836.05,10212
3837.47,10211
3839.01,10209
3840.51,10208
3842.16,10205
3844.02,10203
3845.47,10202
3847.04,10201
3848.44,10200
3849.96,10199
3851.57,10198
3852.96,10197
3854.6,10196
3856.19,10195
3857.82,10194
3859.49,10193
3861.17,10191
3862.95,10190
3864.96,10188
3866.43,10187
3868.2,10186
3869.77,10185
3871.68,10184
3873.23,10183
3874.87,10181
3876.52,10180
3878.07,10179
3879.88,10178
3881.41,10177
3883.09,10175
3884.6,10174
3886.09,10173
3887.95,10172
3889.91,10171
3891.83,10170
3893.53,10169
3895.18,10168
3896.66,10167
3898.11,10166
3899.76,10165
3901.22,10164
3902.73,10163
3904.16,10162
3905.68,10161
3907.18,10156
3908.66,10155
3910.44,10154
3911.9,10153
3913.39,10152
3914.89,10150
3916.44,10149
3918.21,10148
3919.76,10147
3921.49,10146
3923.15,10145
3924.75,10144
3926.46,10143
3927.9,10142
3929.48,10141
3931.01,10140
3932.42,10139
3933.94,10138
3935.48,10136
3936.91,10135
3938.55,10133
3939.99,10132
3941.54,10131
3943,10130
3944.48,10129
3946.1,10128
3947.56,10127
3949.08,10126
3950.56,10125
3952.13,10124
3953.7,10123
3955.17,10122
3956.8,10121
3958.37,10120
3959.88,10119
3961.52,10118
3962.97,10117
3964.53,10116
3966.05,10115
3967.58,10114
3969.17,10112
3970.64,10111
3972.26,10110
3974.02,10109
3975.47,10108
3977.19,10107
3979.06,10106
3980.97,10105
3982.78,10104
3984.66,10103
3986.28,10102
3988.03,10101
3989.57,10100
3991.05,10099
3992.75,10098
3994.16,10097
3995.64,10096
3997.06,10095
3998.83,10094
4000.33,10093
4002.21,10092
4003.8,10091
4005.31,10090
4006.9,10089
4008.32,10088
4009.9,10087
4011.38,10086
4012.91,10085
4014.46,10084
4015.92,10083
4017.6,10082
4019.11,10081
4020.6,10080
4022.36,10079
4023.86,10078
4025.54,10077
4027.07,10076
4028.57,10075
4030.23,10074
4031.98,10073
4033.93,10072
4035.52,10071
4037.35,10070
4039.11,10069
4040.86,10068
4042.75,10066
4044.72,10065
4046.51,10062
4048.23,10060
4050.09,10059
4051.72,10058
4053.45,10057
4054.91,10056
4056.41,10055
4058.04,10054
4059.5,10053
4061,10052
4062.51,10051
4064.04,10050
4065.75,10049
4067.18,10047
4068.85,10046
4070.42,10045
4071.84,10044
4073.49,10043
4074.99,10042
4076.52,10041
4078.06,10040
4079.48,10039
4081.14,10038
4082.56,10037
4084.03,10035
4085.62,10034
4087.13,10033
4088.75,10032
4090.41,10031
4092.11,10030
4093.64,10029
4095.06,10028
4096.68,10027
4098.24,10026
4099.98,10025
4101.63,10024
4103.19,10023
4104.96,10022
4106.58,10021
4108.14,10020
4109.74,10019
4111.37,10018
4112.87,10016
4114.35,10015
4115.95,10014
4117.45,10013
4118.97,10012
4120.49,10011
4121.97,10010
4123.61,10009
4125.1,10008
4126.61,10007
4128.11,10006
4129.57,10005
4131.36,10004
4132.91,10003
4134.73,10002
4136.35,10001
4137.83,10000
4139.43,9999
4140.94,9998
4142.56,9996
4144.22,9995
4145.63,9994
4147.21,9993
4148.63,9992
4150.32,9991
4151.87,9990
4153.31,9989
4154.93,9988
4156.37,9987
4157.77,9985
4159.39,9984
4161.01,9983
4162.69,9982
4164.43,9981
4166.2,9980
4167.84,9979
4169.26,9978
4171.04,9977
4172.52,9976
4173.97,9975
4175.5,9974
4176.94,9973
4178.43,9972
4179.88,9971
4181.39,9970
4182.97,9969
4184.47,9968
4186.05,9967
4187.5,9966
4189.04,9965
4190.72,9964
4192.21,9963
4193.77,9962
4195.24,9960
4196.79,9959
4198.29,9958
4199.75,9957
4201.34,9956
4202.74,9955
4204.18,9954
4205.78,9953
4207.18,9952
4208.77,9951
4210.26,9950
4211.68,9949
4213.35,9948
4214.8,9947
4216.46,9946
4218,9945
4219.44,9944
4221.06,9943
4222.65,9942
4224.4,9941
4226,9940
4227.74,9939
4229.28,9938
4230.7,9937
4232.26,9936
4233.69,9935
4235.18,9934
4236.86,9933
4238.33,9932
4239.91,9931
4241.35,9930
4242.8,9929
4244.42,9928
4245.95,9927
4247.54,9926
4249.07,9925
4250.82,9924
4252.71,9923
4254.23,9922
4256.02,9921
4257.77,9920
4259.46,9919
4261.09,9918
4263.13,9917
4264.96,9916
4266.53,9915
4268.27,9914
4269.82,9913
4271.5,9912
4272.97,9911
4274.44,9910
4275.99,9909
4277.61,9908
4279.25,9907
4281.03,9904
4282.76,9903
4284.53,9902
4286.42,9901
4288.58,9900
4290.12,9899
4291.84,9898
4293.42,9897
4294.79,9896
4296.47,9895
4298.17,9894
4299.81,9893
4301.25,9892
4303.03,9891
4304.55,9890
4306.05,9889
4307.58,9888
4309.05,9887
4310.65,9886
4312.11,9885
4313.58,9884
4315.25,9883
4316.8,9882
4318.58,9881
4320.04,9880
4321.61,9879
4323.17,9878
4324.85,9877
4326.47,9876
4327.96,9875
4329.51,9874
4331.09,9872
4332.58,9871
4334.27,9870
4338.85,9869
4340.34,9867
4343.97,9866
4345.73,9865
4347.38,9862
4349.2,9861
4350.81,9860
4352.28,9859
4353.91,9858
4355.4,9856
4356.85,9854
4361.45,9852
4363.02,9851
4366.19,9850
4367.61,9849
4369.33,9848
4370.85,9846
4372.28,9845
4373.87,9842
4375.43,9841
4381.92,9840
4383.45,9839
4385.03,9838
4386.67,9837
4388.13,9836
4389.93,9835
4391.51,9834
4393.06,9833
4394.56,9832
4396.06,9831
4397.74,9830
4399.19,9829
4400.89,9828
4402.55,9827
4404.21,9826
4405.89,9825
4407.6,9824
4409.34,9823
4411.06,9822
4412.8,9821
4414.28,9820
4415.83,9819
4417.39,9818
4418.83,9817
4420.43,9816
4421.97,9815
4423.5,9814
4425.22,9813
4427.04,9812
4428.71,9811
4430.35,9810
4432,9809
4433.66,9808
4435.28,9807
4436.78,9806
4438.28,9804
4439.94,9802
4441.62,9801
4443.38,9800
4444.95,9798
4446.41,9797
4448.01,9796
4449.51,9795
4451.15,9794
4452.69,9793
4454.15,9791
4455.99,9790
4457.46,9787
4460.58,9784
4464.06,9783
4465.8,9781
4471.05,9779
4475.92,9778
4477.41,9776
4480.65,9772
4488.36,9771
4489.86,9770
4491.47,9767
4494.53,9766
4497.7,9765
4499.37,9764
4500.88,9763
4502.47,9762
4503.96,9761
4505.47,9760
4507.1,9759
4508.62,9757
4511.74,9756
4513.24,9754
4516.35,9753
4521.08,9751
4522.81,9750
4524.48,9747
4526.3,9746
4534.1,9745
4535.58,9744
4537.33,9743
4538.99,9740
4543.73,9739
4545.46,9738
4547.08,9737
4548.58,9736
4550.19,9733
4554.77,9732
4556.33,9730
4558.1,9729
4561.46,9728
4563.25,9723
4566.91,9722
4575.13,9721
4576.81,9720
4578.42,9719
4580.05,9718
4582.12,9717
4583.96,9716
4587.65,9715
4589.45,9714
4591.46,9713
4593.14,9712
4594.68,9711
4599.62,9709
4603.49,9706
4608.31,9700
4613.56,9699
4624.67,9698
4626.13,9697
4627.69,9696
4629.18,9695
4630.75,9694
4632.42,9693
4633.95,9692
4635.57,9691
4637.08,9690
4638.58,9689
4641.61,9688
4643.58,9687
4645.27,9684
4646.86,9682
4650.16,9681
4655.06,9680
4656.78,9679
4660.44,9678
4662.19,9677
4663.95,9676
4665.68,9675
4669.52,9673
4671.17,9672
4672.82,9671
4676.68,9670
4678.53,9669
4680.23,9668
4681.76,9666
4683.5,9665
4685.4,9663
4687.05,9661
4692.18,9660
4695.44,9659
4698.48,9654
4700.17,9653
4703.4,9652
4705,9649
4706.74,9648
4711.9,9647
4713.61,9646
4718.41,9645
4719.95,9644
4721.41,9643
4723.06,9642
4724.61,9641
4726.12,9640
4727.56,9639
4729.01,9637
4730.66,9634
4732.17,9633
4734.27,9630
4737.39,9624
4742.76,9623
4744.87,9619
4746.56,9617
4756.55,9616
4758.6,9613
4763.55,9612
4767.06,9610
4773.76,9609
4775.44,9607
4776.91,9605
4778.5,9604
4783.11,9602
4784.73,9600
4793.8,9599
4795.85,9597
4797.84,9596
4799.49,9595
4801.24,9594
4802.88,9593
4804.45,9592
4807.48,9591
4809.07,9590
4813.85,9589
4815.75,9588
4817.52,9587
4818.99,9586
4820.67,9585
4822.24,9584
4823.89,9583
4825.63,9582
4827.25,9581
4828.95,9579
4830.7,9578
4832.22,9577
4833.79,9576
4835.51,9575
4837.55,9574
4839.34,9573
4841.45,9572
4844.79,9571
4846.36,9569
4847.87,9568
4850.94,9567
4852.6,9566
4854.08,9565
4855.9,9564
4857.49,9563
4859.05,9562
4861.09,9559
4865.06,9558
4868.28,9557
4870.04,9555
4871.63,9554
4877.07,9553
4879.26,9552
4881.5,9551
4883.4,9550
4885.34,9549
4887.09,9548
4889.3,9547
4891.06,9546
4893,9545
4894.69,9543
4897.84,9542
4899.68,9540
4903.63,9538
4905.67,9537
4907.37,9535
4908.83,9534
4910.51,9532
4912.23,9531
4913.85,9530
4915.49,9529
4922.17,9527
4923.63,9525
4925.32,9524
4928.46,9523
4930.27,9522
4931.75,9519
4933.41,9514
4946.29,9513
4949.7,9512
4954.53,9511
4956.01,9510
4957.61,9509
4959.12,9508
4960.65,9507
4962.36,9504
4965.62,9503
4967.17,9502
4968.72,9501
4971.7,9499
4973.38,9497
4975.1,9496
4977.04,9495
4980.69,9494
4982.42,9493
4984.1,9492
4985.71,9491
4990.6,9489
4992.21,9488
4993.86,9487
4997.14,9483
5000.57,9482
5002.05,9480
5005.35,9479
5006.94,9478
5008.41,9476
5011.44,9475
5018.18,9474
5021.41,9473
5027.64,9472
5029.22,9471
5032.3,9470
5034.04,9469
5035.61,9467
5038.67,9461
5051.06,9460
5052.71,9459
5054.88,9458
5057.98,9457
5059.83,9456
5061.42,9455
5069.6,9454
5071.54,9453
5080.17,9452
5081.78,9451
5083.31,9448
5086.64,9447
5093.07,9446
5094.5,9445
5096.03,9444
5097.74,9443
5099.41,9442
5101.17,9441
5102.68,9439
5104.16,9438
5105.96,9437
5107.53,9436
5109.51,9435
5110.94,9434
5112.44,9432
5118.82,9431
5126.56,9430
5128.28,9428
5129.92,9427
5131.55,9425
5136.38,9424
5142.54,9423
5144.14,9421
5145.62,9420
5148.63,9419
5153.16,9418
5156.16,9417
5157.61,9413
5159.13,9412
5163.92,9411
5165.38,9410
5167.04,9407
5171.62,9405
5176.07,9404
5177.58,9402
5182.66,9401
5184.23,9400
5192.83,9398
5196.22,9397
5199.47,9395
5202.93,9393
5210.96,9392
5212.5,9391
5214.07,9390
5215.63,9389
5217.22,9388
5218.89,9387
5220.47,9386
5222.24,9385
5223.87,9384
5225.61,9383
5227.32,9382
5229.01,9381
5230.91,9380
5232.73,9378
5234.57,9377
5237.71,9376
5239.18,9373
5242.32,9371
5247.09,9369
5250.82,9363
5252.78,9362
5254.46,9361
5266.86,9360
5269.92,9359
5271.62,9358
5273.32,9357
5274.74,9356
5276.42,9355
5277.83,9353
5279.27,9352
5280.88,9351
5283.99,9349
5290.47,9348
5292.54,9346
5294.1,9343
5295.64,9341
5297.2,9337
5301.78,9336
5308.15,9335
5309.75,9333
5311.5,9332
5313.41,9330
5315.06,9325
5324.56,9323
5329.06,9322
5334.17,9318
5340.94,9317
5344.6,9316
5346.17,9313
5351.25,9311
5362.16,9310
5363.75,9306
5370.24,9305
5372.07,9304
5377.02,9303
5381.62,9302
5384.8,9301
5386.32,9300
5387.82,9299
5389.3,9298
5390.99,9296
5394.11,9294
5400.22,9293
5403.41,9289
5408.04,9288
5412.95,9287
5414.64,9286
5416.09,9285
5417.75,9284
5420.76,9282
5424.12,9281
5426.01,9278
5429.25,9276
5435.95,9275
5437.67,9274
5439.11,9273
5440.53,9271
5449.83,9269
5452.97,9267
5454.57,9259
5471.17,9258
5475.95,9257
5477.46,9256
5479.08,9255
5480.81,9253
5485.57,9252
5487.02,9251
5488.91,9250
5493.97,9249
5495.85,9248
5497.4,9247
5499,9246
5500.66,9243
5502.13,9241
5503.99,9240
5506.98,9239
5509.98,9235
5519.47,9233
5520.9,9231
5523.9,9230
5528.43,9228
5529.91,9225
5531.52,9219
5533.01,9218
5536.26,9217
5547.2,9216
5550.49,9211
5556.98,9210
5560.28,9209
5561.89,9208
5563.33,9206
5564.86,9205
5566.6,9204
5568.05,9200
5575.6,9199
5577.18,9198
5586.25,9197
5587.72,9193
5589.31,9189
5590.76,9186
5592.4,9184
5597.2,9182
5602.05,9181
5605.42,9180
5606.94,9179
5608.43,9178
5610.11,9177
5611.65,9176
5613.48,9174
5618.37,9172
5621.4,9170
5622.87,9167
5626.08,9166
5630.6,9165
5633.78,9164
5635.44,9163
5637.01,9162
5638.46,9161
5641.56,9160
5644.87,9159
5646.44,9158
5647.99,9157
5649.43,9156
5650.87,9154
5652.48,9153
5653.89,9152
5655.48,9151
5656.96,9150
5658.48,9149
5660.19,9148
5661.72,9146
5663.35,9144
5665.12,9143
5668.3,9142
5671.76,9141
5673.48,9140
5675.17,9139
5676.86,9138
5678.37,9137
5680.08,9136
5681.52,9135
5682.99,9133
5684.58,9132
5686.13,9131
5687.73,9130
5689.2,9128
5690.73,9127
5695.53,9126
5697.04,9125
5698.47,9122
5704.54,9121
5705.93,9120
5707.49,9119
5710.45,9118
5714.98,9116
5716.48,9115
5718.18,9114
5721.16,9110
5727.3,9109
5730.47,9108
5732.05,9106
5736.99,9104
5743.25,9103
5746.29,9102
5747.77,9101
5750.81,9100
5752.35,9099
5753.91,9098
5756.82,9097
5758.44,9095
5766.17,9094
5767.6,9093
5769.19,9091
5772.15,9090
5773.77,9089
5779.86,9087
5786.53,9086
5789.84,9085
5791.53,9084
5793.34,9083
5794.93,9082
5796.64,9081
5798.36,9080
5799.95,9079
5801.62,9078
5803.39,9077
5805.07,9076
5806.51,9074
5809.64,9073
5811.17,9072
5812.8,9071
5814.26,9070
5815.77,9069
5818.8,9068
5820.39,9066
5821.86,9065
5823.41,9064
5825.05,9063
5826.46,9062
5827.94,9061
5829.44,9057
5832.55,9056
5837.44,9055
5838.96,9053
5842.1,9052
5844.43,9050
5849.07,9048
5862.58,9047
5864.42,9046
5866.01,9043
5869.17,9040
5870.76,9039
5875.4,9037
5876.88,9036
5878.38,9035
5886.17,9033
5887.92,9032
5889.44,9028
5893.15,9027
5896.25,9025
5910.16,9024
5911.78,9023
5913.49,9021
5915.15,9020
5921.59,9019
5923.19,9018
5925.78,9017
5927.23,9016
5928.73,9015
5930.45,9011
5939.69,9009
5944.49,9007
5946.28,9006
5949.29,9005
5955.4,9004
5956.95,9003
5958.46,9001
5959.97,9000
5961.67,8998
5963.21,8997
5966.68,8996
5971.52,8994
5973.33,8990
5976.92,8988
5993.43,8987
6001.2,8986
6005.68,8984
6007.08,8983
6010.04,8980
6011.74,8978
6013.28,8977
6019.15,8976
6020.76,8975
6022.22,8974
6023.87,8973
6025.45,8972
6027.02,8969
6031.95,8968
6033.49,8967
6038.48,8966
6040.14,8965
6041.56,8961
6043.06,8959
6052.6,8958
6054.04,8957
6055.61,8956
6057.08,8955
6058.66,8954
6060.21,8953
6061.76,8950
6063.38,8949
6072.47,8947
6083.1,8944
6096.83,8943
6098.61,8938
6100.27,8936
6102,8935
6108.17,8934
6114.62,8929
6119.19,8926
6125.26,8924
6131.28,8923
6134.51,8922
6135.92,8921
6137.56,8915
6145.15,8914
6146.71,8913
6149.74,8912
6153.01,8910
6154.65,8909
6156.27,8908
6159.56,8902
6176.67,8899
6184.26,8898
6185.74,8896
6187.27,8895
6193.61,8893
6195,8892
6196.66,8891
6198.14,8889
6208.77,8888
6210.25,8887
6213.39,8886
6218.55,8885
6220.26,8884
6221.79,8883
6223.43,8879
6224.93,8878
6237.25,8876
6238.97,8874
6249.73,8871
6258.76,8870
6263.54,8867
6269.91,8866
6274.76,8865
6278.11,8863
6279.98,8861
6283.33,8859
6292.54,8858
6294.19,8857
6295.62,8854
6304.81,8853
6306.33,8852
6307.73,8851
6309.38,8850
6310.81,8849
6312.36,8846
6313.9,8845
6315.39,8844
6317.05,8842
6318.64,8841
6328.19,8840
6331.21,8839
6336.21,8838
6339.44,8837
6341.31,8836
6342.86,8835
6344.53,8834
6346.04,8831
6349.12,8830
6352.23,8829
6353.77,8828
6355.38,8827
6360.09,8825
6361.71,8824
6364.89,8823
6368.11,8821
6369.54,8818
6378.91,8812
6397.25,8811
6415.62,8810
6417.13,8809
6418.82,8808
6420.35,8807
6421.87,8805
6423.34,8803
6431.21,8802
6432.6,8801
6435.67,8798
6437.25,8796
6451.38,8795
6457.95,8793
6459.6,8789
6470.11,8787
6473.41,8786
6474.93,8784
6484.04,8783
6485.77,8782
6487.34,8781
6488.98,8776
6499.3,8775
6501.08,8774
6502.7,8773
6505.95,8772
6507.6,8771
6509.38,8770
6513.09,8768
6518.47,8767
6520.08,8766
6523.77,8765
6525.68,8760
6539,8759
6549.27,8758
6552.8,8757
6554.39,8756
6557.52,8754
6560.58,8753
6562.31,8752
6567.12,8751
6568.74,8750
6570.3,8749
6571.93,8748
6573.71,8747
6575.54,8746
6577.58,8745
6579.35,8744
6581.26,8743
6584.7,8742
6588.23,8741
6589.95,8740
6594.79,8737
6596.32,8736
6597.97,8735
6599.61,8734
6601.5,8733
6603.03,8731
6604.53,8729
6613.85,8725
6630.09,8721
6631.57,8720
6639.91,8719
6641.91,8718
6645.5,8716
6647.13,8714
6651.76,8713
6656.5,8712
6661.57,8711
6663.14,8710
6664.69,8709
6666.24,8708
6669.36,8707
6670.81,8704
6672.38,8703
6675.42,8702
6677.07,8701
6688.48,8698
6695.03,8696
6698.26,8694
6699.98,8693
6701.71,8692
6712.01,8691
6713.53,8690
6718.24,8689
6720.15,8688
6721.68,8687
6723.54,8686
6733.07,8685
6735.09,8684
6738.17,8683
6739.85,8681
6741.35,8679
6742.8,8677
6747.89,8675
6751.14,8674
6752.92,8672
6757.72,8671
6759.41,8670
6761.08,8668
6762.81,8666
6764.42,8665
6772.52,8664
6783.38,8663
6784.84,8661
6789.36,8659
6790.94,8657
6795.74,8656
6797.23,8655
6801.88,8654
6803.37,8653
6805.03,8652
6806.57,8651
6812.53,8650
6814.38,8646
6819.08,8645
6827.35,8644
6828.88,8639
6833.63,8638
6838.39,8637
6841.45,8634
6843.09,8632
6844.85,8631
6847.83,8630
6854.19,8629
6857.22,8628
6858.65,8627
6861.68,8625
6864.76,8623
6866.38,8621
6867.86,8619
6878.81,8618
6880.69,8617
6887.3,8616
6888.84,8611
6898.06,8606
6899.71,8605
6908.83,8604
6915.04,8602
6919.62,8598
6922.63,8597
6928.6,8596
6930.2,8592
6939.82,8591
6941.4,8590
6946.68,8589
6948.22,8588
6949.69,8587
6951.27,8585
6954.36,8584
6957.32,8583
6958.98,8582
6965.28,8581
6966.9,8580
6973.2,8579
6974.76,8578
6976.4,8577
6978,8575
6982.88,8574
6984.51,8573
6989.58,8572
6991.09,8571
6992.51,8570
6994.33,8569
6996.04,8568
6997.63,8567
7000.86,8566
7002.68,8564
7004.42,8563
7007.86,8562
7010.94,8561
7012.43,8560
7014.01,8558
7020.12,8555
7026.31,8554
7027.75,8553
7029.38,8551
7030.9,8547
7038.79,8545
7041.84,8544
7043.32,8543
7044.96,8542
7046.56,8541
7048.21,8540
7049.71,8537
7060.63,8536
7062.29,8534
7063.97,8533
7065.58,8532
7067.25,8529
7069,8528
7084.12,8526
7087.17,8524
7088.82,8522
7093.47,8518
7105.59,8517
7107.17,8516
7108.64,8515
7110.03,8513
7114.77,8512
7116.31,8509
7122.97,8507
7127.95,8506
7131.03,8505
7148.18,8504
7151.23,8503
7152.71,8501
7154.3,8500
7166.49,8499
7173.94,8498
7177.02,8497
7183.6,8496
7185.4,8495
7190.18,8494
7191.7,8493
7199.16,8492
7200.71,8491
7202.18,8490
7203.77,8488
7205.35,8487
7206.83,8486
7208.3,8485
7209.91,8484
7211.34,8483
7212.87,8482
7214.42,8481
7215.85,8479
7218.91,8478
7221.92,8475
7226.55,8474
7235.45,8472
7241.7,8471
7243.51,8469
7248.59,8468
7251.64,8467
7254.62,8466
7256.2,8465
7257.63,8464
7265.51,8463
7273.23,8462
7274.82,8459
7282.75,8458
7284.53,8457
7286.02,8456
7287.71,8455
7294.22,8454
7295.81,8453
7297.33,8447
7300.37,8446
7303.9,8444
7326.19,8443
7327.71,8442
7330.77,8441
7332.27,8440
7333.8,8439
7335.37,8438
7338.43,8437
7339.85,8436
7341.27,8435
7342.86,8434
7344.39,8432
7345.92,8431
7350.52,8430
7353.46,8427
7354.94,8425
7356.41,8424
7364.48,8423
7366.2,8422
7367.91,8421
7369.78,8419
7377.41,8418
7381.86,8417
7383.33,8411
7394.07,8410
7395.56,8409
7397.1,8408
7403.04,8407
7404.58,8405
7406.03,8401
7432.93,8400
7437.58,8399
7441.99,8398
7443.61,8396
7444.89,8395
7446.37,8394
7447.94,8392
7452.67,8389
7457.27,8386
7460.39,8385
7475.63,8384
7477.11,8383
7478.66,8382
7480.17,8381
7483.45,8380
7486.86,8379
7488.52,8377
7490.32,8376
7491.89,8374
7498.22,8372
7505.79,8371
7507.26,8370
7518.1,8369
7519.56,8366
7524.01,8365
7527.02,8362
7531.75,8361
7534.91,8360
7539.36,8359
7540.93,8357
7542.45,8356
7545.86,8355
7547.43,8354
7549.16,8352
7562.92,8351
7564.45,8350
7567.45,8349
7570.49,8346
7576.74,8345
7578.16,8344
7579.83,8343
7581.54,8342
7583.02,8341
7584.72,8340
7586.2,8339
7587.63,8337
7589.28,8336
7590.83,8335
7592.44,8334
7598.57,8332
7600.16,8331
7601.64,8330
7605.27,8329
7608.69,8328
7612.09,8327
7613.6,8326
7615.27,8324
7619.8,8323
7621.31,8322
7627.41,8321
7630.34,8320
7631.99,8319
7633.51,8317
7644.41,8316
7647.48,8315
7648.9,8313
7655.14,8310
7661.08,8309
7662.78,8308
7667.84,8306
7671.46,8305
7680.75,8303
7694.98,8302
7696.61,8301
7698.2,8300
7699.74,8299
7701.35,8298
7702.85,8296
7705.85,8295
7710.33,8294
7716.5,8293
7718.05,8292
7725.98,8291
7739.24,8290
7740.94,8289
7742.57,8287
7747,8286
7748.53,8285
7750.14,8281
7756.88,8279
7760.03,8278
7761.68,8277
7766.37,8274
7767.77,8273
7770.85,8272
7779.23,8271
7784.07,8270
7790.94,8268
7797.39,8267
7800.45,8266
7801.85,8264
7809.31,8263
7812.29,8262
7815.29,8260
7816.94,8259
7818.45,8258
7820.1,8257
7835.2,8256
7841.15,8255
7845.85,8254
7854.15,8253
7857.12,8252
7860.12,8250
7861.57,8249
7867.82,8248
7869.26,8247
7870.87,8246
7873.92,8245
7881.92,8242
7890.01,8239
7898.99,8238
7901.99,8237
7914.21,8236
7915.64,8235
7918.67,8234
7920.2,8233
7921.8,8232
7923.17,8231
7924.81,8230
7926.4,8229
7930.97,8228
7932.52,8227
7941.87,8226
7943.43,8225
7945.3,8224
7946.76,8220
7970.45,8217
7984.88,8213
7990.89,8210
7997.33,8209
7998.83,8208
8000.51,8206
8003.59,8203
8009.83,8201
8016.24,8200
8017.73,8199
8022.33,8198
8023.97,8197
8025.81,8196
8027.63,8195
8037.79,8193
8061.1,8192
8062.64,8191
8064.21,8189
8067.63,8188
8069.05,8187
8070.68,8185
8075.1,8183
8079.68,8182
8099.87,8181
8101.41,8180
8109.26,8179
8110.9,8178
8113.94,8177
8126.85,8176
8133.05,8174
8134.64,8173
8136.1,8172
8140.7,8171
8142.37,8170
8145.64,8169
8147.49,8167
8162.82,8166
8166.16,8165
8169.66,8164
8171.17,8163
8172.75,8162
8180.52,8161
8182.16,8157
8183.66,8156
8185.31,8155
8187.01,8154
8211.11,8153
8212.97,8150
8223.89,8149
8233.16,8148
8234.67,8143
8245.39,8142
8249.91,8141
8251.47,8140
8253.01,8139
8256.03,8137
8260.74,8136
8262.12,8135
8266.64,8134
8268.33,8132
8269.96,8128
8276.82,8127
8278.4,8125
8287.43,8123
8290.44,8120
8295.1,8119
8296.53,8118
8299.62,8116
8311.71,8115
8313.21,8114
8315.01,8111
8325.49,8110
8330.4,8109
8332.02,8107
8338.92,8106
8349.52,8105
8357.14,8103
8358.55,8102
8360.16,8101
8361.69,8100
8363.23,8099
8369.58,8098
8374,8097
8377.18,8096
8378.62,8095
8381.63,8094
8384.84,8093
8386.32,8092
8388.05,8089
8389.61,8088
8406.92,8087
8408.47,8086
8409.95,8085
8414.36,8084
8416.1,8083
8419.07,8082
8420.57,8080
8428.14,8079
8429.61,8078
8435.79,8074
8437.21,8073
8451.12,8072
8452.81,8071
8459.38,8070
8468.56,8069
8470.05,8068
8471.57,8067
8473.05,8066
8474.63,8062
8487.32,8061
8490.68,8060
8492.15,8059
8498.65,8058
8504.78,8057
8517.65,8055
8524.43,8054
8529.09,8053
8530.53,8052
8533.6,8050
8543.02,8049
8552.82,8048
8554.29,8046
8558.93,8044
8563.72,8043
8566.76,8042
8570.17,8041
8575.39,8039
8577.11,8038
8586.42,8037
8588.26,8036
8589.67,8035
8591.13,8034
8592.72,8032
8606.5,8030
8608.33,8028
8609.79,8027
8611.41,8025
8617.71,8024
8622.26,8021
8625.5,8019
8628.92,8018
8634.17,8017
8635.91,8015
8637.56,8014
8641.37,8012
8644.87,8011
8646.58,8010
8650.65,8009
8657.31,8007
8658.89,8006
8660.46,8005
8668.88,8003
8673.83,8002
8676.93,8001
8678.55,8000
8680.19,7998
8681.79,7997
8691.99,7996
8695.83,7995
8699.43,7994
8701.12,7993
8702.59,7989
8704.21,7988
8717.79,7987
8720.92,7986
8725.82,7984
8730.52,7983
8732.15,7982
8733.64,7981
8735.31,7980
8736.75,7979
8738.58,7978
8743.64,7976
8748.26,7975
8751.75,7974
8753.5,7970
8771.59,7967
8773.03,7964
8795.01,7963
8796.45,7962
8797.89,7961
8802.68,7959
8806.1,7957
8812.77,7956
8814.5,7955
8816.08,7954
8819.35,7953
8820.77,7952
8824.05,7951
8825.68,7950
8827.28,7949
8841.58,7947
8843.09,7943
8856.76,7941
8860.12,7939
8867.06,7938
8870.26,7935
8871.91,7934
8888.85,7933
8890.38,7932
8896.63,7931
8901.41,7929
8902.98,7928
8910.69,7927
8912.11,7926
8915.39,7925
8916.97,7923
8936.08,7921
8938.14,7920
8943.45,7918
8951.63,7916
8953.43,7913
8956.38,7912
8971.54,7911
8975.04,7909
8978.47,7905
9007.81,7904
9010.96,7903
9021.01,7902
9022.76,7899
9027.72,7898
9029.5,7897
9031.34,7896
9036.1,7894
9061.45,7892
9063.04,7889
9078.86,7888
9080.64,7886
9083.87,7885
9088.84,7884
9090.54,7883
9092.17,7882
9093.94,7881
9095.61,7879
9102.24,7876
9123.37,7873
9145.77,7872
9148.83,7871
9158.9,7868
9178.44,7867
9180.33,7866
9182.13,7863
9185.57,7862
9190.39,7861
9191.9,7858
9195.24,7855
9205.3,7854
9208.58,7851
9210.03,7849
9227.65,7846
9238.89,7845
9240.77,7844
9242.35,7843
9245.89,7839
9252.41,7838
9255.29,7837
9258.45,7836
9260.07,7835
9264.72,7834
9269.63,7833
9278.01,7832
9279.72,7831
9281.22,7830
9283.05,7828
9284.89,7827
9286.6,7826
9311.92,7825
9313.41,7824
9321.45,7823
9322.99,7822
9324.58,7821
9326.13,7820
9328.01,7819
9333.02,7818
9346.92,7816
9357.38,7815
9359.24,7814
9361.12,7810
9371.32,7809
9372.79,7807
9377.63,7806
9389.61,7805
9391.51,7804
9396.67,7803
9398.39,7801
9400.08,7800
9406.8,7798
9410.03,7797
9413.25,7796
9420.5,7794
9426.07,7792
9433.65,7791
9438.07,7790
9439.85,7789
9442.76,7788
9444.17,7787
9445.73,7785
9454.84,7784
9458.16,7781
9459.87,7780
9461.56,7779
9464.58,7777
9466.35,7776
9467.89,7774
9469.53,7773
9474.6,7772
9476.3,7769
9485.15,7768
9490.02,7766
9500.98,7765
9505.8,7764
9508.75,7762
9525.05,7761
9526.8,7758
9528.26,7756
9536.39,7754
9539.49,7753
9554.9,7752
9556.37,7751
9560.82,7750
9562.34,7749
9563.81,7748
9570.96,7744
9580.06,7740
9583.41,7738
9591.75,7736
9593.4,7733
9594.92,7732
9596.69,7731
9618.84,7730
9620.44,7729
9622.2,7726
9637.88,7725
9641.14,7723
9644.4,7722
9650.74,7721
9653.99,7720
9665.4,7719
9670.07,7718
9671.65,7717
9674.85,7716
9703.67,7715
9705.09,7714
9706.82,7713
9713.61,7712
9715.39,7711
9716.91,7710
9722.12,7709
9727.01,7708
9728.64,7706
9732,7705
9746.25,7703
9752.55,7702
9754.15,7698
9771.37,7694
9781.4,7693
9789.65,7691
9792.65,7690
9800.34,7688
9808.33,7686
9811.3,7685
9814.31,7684
9817.23,7683
9826.31,7681
9827.77,7680
9829.32,7676
9830.75,7675
9835.67,7673
9837.13,7672
9845.92,7671
9849.32,7669
9852.78,7666
9865.28,7664
9876.73,7663
9879.95,7662
9881.37,7661
9883.19,7658
9884.7,7657
9886.4,7655
9900.55,7654
9902.14,7651
9908.44,7650
9913.25,7649
9918.03,7647
9927.29,7645
9948.09,7644
9949.58,7642
9952.62,7641
9958.8,7640
9967.18,7639
9968.87,7638
9970.3,7637
9979.36,7636
9981.29,7635
9988.96,7632
9990.48,7630
10002.4,7628
10021,7626
10027.5,7625
10033.6,7623
10038.3,7622
10039.9,7621
10055.5,7619
10058.4,7616
10067.8,7615
10070.9,7613
10078.6,7608
10093.5,7605
10099.9,7604
10109.5,7603
10111.1,7601
10116.4,7600
10117.9,7598
10119.3,7596
10120.9,7592
10144.9,7591
10148.9,7590
10150.4,7588
10158.4,7587
10168.2,7586
10171.3,7585
10175.7,7583
10183,7582
10188.5,7581
10193.9,7579
10199,7578
10202.3,7576
10213.6,7575
10218.3,7573
10222.9,7572
10245.9,7571
10249.5,7570
10256.5,7569
10260,7567
10265.4,7566
10277.7,7565
10279.2,7564
10280.7,7563
10283.9,7561
10291.6,7560
10293.1,7559
10302.4,7557
10309.3,7556
10310.8,7554
10316.4,7553
10327.8,7552
10332.7,7548
10334.1,7547
10340.3,7546
10348.1,7545
10349.6,7543
10354,7542
10361.5,7541
10363.1,7540
10366,7539
10370.7,7538
10372.3,7537
10381.6,7536
10384.7,7535
10391.1,7534
10392.6,7533
10394,7532
10398.5,7531
10418,7530
10422.4,7529
10424.1,7528
10430.1,7527
10431.7,7526
10433.1,7525
10437.7,7522
10439.2,7521
10440.9,7520
10458.7,7519
10466.3,7518
10469.6,7517
10470.9,7516
10476.9,7515
10478.3,7512
10484.3,7511
10485.7,7510
10489,7507
10512.2,7506
10513.6,7505
10519.6,7503
10522.8,7502
10526,7498
10529.1,7497
10539.6,7496
10541.1,7494
10556.8,7493
10571.4,7492
10573.1,7491
10580.4,7490
10582.1,7487
10583.8,7484
10588.4,7483
10594.9,7479
10624.5,7478
10636.2,7477
10637.8,7475
10642.6,7474
10644.1,7473
10645.9,7472
10652.2,7471
10659.9,7470
10664.3,7469
10669,7468
10670.6,7466
10672,7465
10682,7463
10683.9,7462
10708.7,7461
10711.8,7460
10713.5,7459
10723,7458
10732.6,7457
10734.2,7453
10736,7452
10744.2,7451
10750.9,7449
10752.8,7448
10756,7447
10772.3,7446
10775.1,7444
10778.1,7443
10785.6,7442
10801,7441
10802.4,7440
10804.3,7439
10814,7434
10817,7433
10846,7432
10847.5,7429
10852.3,7428
10853.8,7427
10881.1,7426
10887.5,7425
10889.1,7424
10890.9,7422
10894.5,7421
10896,7417
10913.4,7416
10919.5,7415
10921.1,7414
10922.5,7412
10924,7410
10937.1,7407
10941.4,7405
10954.1,7404
10955.6,7403
10960.2,7402
10984.2,7401
10985.7,7400
10990.5,7397
10993.9,7396
10995.6,7395
11002.2,7392
11010,7390
11011.5,7389
11013,7388
11016.3,7387
11017.7,7386
11028.8,7385
11033.3,7384
11034.8,7381
11047.6,7380
11049.1,7379
11052.6,7378
11060.6,7377
11062,7376
11068.7,7374
11077.8,7373
11079.3,7372
11080.9,7371
11082.4,7370
11089,7368
11098.3,7367
11113.9,7366
11115.5,7365
11118.8,7364
11123.3,7362
11127.8,7361
11136.2,7360
11137.7,7358
11152.3,7356
11162.7,7354
11169.2,7353
11172.4,7352
11187.3,7351
11200.4,7350
11206.4,7349
11209.6,7348
11216.5,7347
11221.3,7346
11244,7345
11248.6,7344
11250.1,7343
11251.9,7342
11253.3,7341
11254.9,7340
11263,7339
11266.1,7338
11267.8,7336
11275.1,7335
11288.3,7333
11293.2,7332
11294.8,7331
11296.7,7330
11298.3,7329
11303.3,7328
11304.8,7325
11314.3,7323
11325,7321
11338,7320
11341.2,7319
11346.3,7316
11373.6,7315
11377.9,7313
11382.4,7312
11384,7311
11395.3,7310
11396.8,7309
11398.3,7308
11399.9,7307
11401.4,7306
11404.7,7305
11406.4,7302
11415.1,7301
11416.8,7300
11418.5,7298
11421.8,7297
11424.8,7296
11426.4,7295
11427.9,7294
11429.4,7290
11432.7,7289
11437.6,7288
11447.3,7287
11450.1,7286
11458,7285
11464.4,7284
11467.5,7283
11469,7282
11489.3,7281
11500.9,7280
11505.8,7279
11508.9,7278
11512.5,7277
11523.9,7276
11528.8,7273
11533.4,7272
11542.6,7271
11544.4,7270
11547.8,7269
11549.3,7267
11557.5,7266
11560.7,7265
11565.4,7264
11576.8,7263
11578.4,7261
11580.2,7259
11583.3,7258
11584.7,7257
11587.7,7256
11593.6,7255
11598,7253
11599.3,7251
11646.6,7250
11652.7,7248
11659.1,7247
11660.8,7245
11674,7244
11680.4,7243
11681.9,7242
11683.6,7241
11689.9,7240
11693.1,7239
11717.9,7238
11719.8,7237
11726.4,7235
11732.8,7232
11754.9,7230
11765.4,7229
11770.1,7228
11771.4,7226
11777.6,7225
11788.7,7224
11791.7,7222
11805.7,7221
11808.8,7220
11811.6,7219
11814.6,7218
11817.8,7217
11826.7,7216
11829.7,7214
11831.2,7213
11832.6,7212
11840.4,7210
11845.2,7209
11848.4,7208
11849.8,7206
11855.6,7205
11857,7201
11882.5,7199
11894.3,7195
11900.6,7192
11921.8,7190
11923.3,7188
11930.8,7187
11944.3,7186
11946,7185
11953.7,7184
11956.7,7182
11970.2,7180
11980.6,7179
11982.2,7178
11983.7,7177
11985.1,7176
12075.3,7175
12076.7,7174
12078.2,7173
12079.9,7172
12083.3,7171
12088.5,7170
12096.4,7165
12124.8,7162
12127.8,7161
12133.8,7158
12163.1,7157
12164.7,7156
12179.7,7154
12181.2,7153
12202.5,7152
12211.8,7149
12213.4,7148
12224.2,7147
12226.7,7146
12236.3,7143
12238.4,7142
12241.9,7141
12265.2,7140
12266.8,7139
12268.4,7137
12270.3,7136
12275,7135
12278.6,7134
12280.1,7133
12283.1,7131
12314,7129
12317.5,7128
12332.8,7126
12339.8,7123
12341.7,7122
12352.5,7121
12397,7120
12404,7119
12424.5,7118
12432.7,7117
12437.4,7115
12447.5,7114
12458.9,7113
12469.7,7112
12497.7,7111
12499.4,7110
12503,7109
12506.3,7108
12509.5,7105
12514.3,7103
12519.2,7102
12531,7101
12533.3,7100
12547.1,7099
12551,7098
12559.8,7096
12571.1,7095
12572.7,7094
12574.2,7092
12577.3,7091
12579.4,7090
12584.7,7089
12586.4,7088
12598.6,7087
12608.4,7085
12633.1,7084
12634.7,7083
12656.8,7082
12667.3,7081
12685.1,7080
12695.5,7079
12702,7076
12711.9,7074
12728.7,7072
12730.8,7069
12737.6,7068
12739.9,7067
12745.8,7065
12749.7,7064
12759.5,7063
12776.7,7062
12792.1,7061
12800.3,7060
12803.8,7057
12805.5,7056
12815.4,7054
12818.5,7052
12820.1,7050
12823.3,7049
12841.6,7048
12851.2,7047
12858,7046
12864.1,7044
12892.1,7042
12906.4,7041
12912.4,7038
12920.2,7037
12925.4,7034
12932.1,7032
12935.2,7028
12936.8,7027
12980.6,7024
13011.6,7022
13013.2,7021
13035.5,7020
13040.1,7019
13043.1,7017
13065.9,7014
13072.2,7013
13073.7,7010
13107.2,7008
13110.1,7007
13130.2,7006
13131.7,7005
13134.6,7004
13139,7003
13151,7002
13155,7000
13156.5,6999
13168.9,6998
13170.4,6997
13177.1,6996
13189,6995
13192.1,6994
13214.7,6993
13220,6992
13226.1,6991
13241.8,6989
13245,6988
13246.7,6986
13260.5,6984
13271.7,6983
13289.9,6982
13293.3,6981
13311.1,6980
13313.3,6979
13315.2,6977
13348.5,6976
13363.6,6975
13365.8,6974
13406.5,6973
13419.4,6972
13421,6971
13424.1,6969
13448.6,6968
13465.5,6967
13485.4,6965
13498.4,6964
13502,6963
13503.8,6962
13505.6,6961
13509,6960
13532.1,6959
13542.5,6957
13559.8,6956
13561.4,6955
13581.2,6954
13583.2,6951
13591.6,6950
13627.2,6949
13632.3,6948
13634.3,6947
13639.1,6946
13644.4,6945
13697.7,6944
13725.3,6943
13727.7,6942
13729.7,6941
13744.8,6940
13746.2,6939
13747.9,6938
13762.3,6936
13763.9,6934
13778.3,6933
13788.6,6932
13810,6931
13811.8,6930
13813.4,6929
13815,6928
13841.3,6927
13854.4,6926
13859.8,6925
13861.6,6924
13870.2,6922
13871.7,6921
13897.9,6920
13910.8,6919
13914.2,6918
13919,6917
13920.6,6915
13922.5,6914
13925.5,6913
13930.9,6908
13966.5,6907
13981.8,6906
14018.9,6905
14063.3,6904
14066.5,6901
14086.6,6900
14103.4,6899
14105.3,6898
14107.2,6897
14119.1,6896
14125.7,6895
14128.8,6894
14130.4,6893
14133.6,6891
14152.3,6890
14163,6889
14166.6,6888
14169.7,6886
14171.5,6884
14210.5,6883
14215.6,6882
14230.1,6878
14261.6,6877
14311.3,6876
14313,6875
14337.8,6873
14339.4,6872
14341.1,6871
14349.7,6869
14354.8,6867
14356.4,6864
14378.6,6863
14402.1,6862
14418.5,6860
14469,6858
14470.5,6857
14483.7,6856
14485.3,6854
14499.9,6851
14526.8,6850
14530.1,6849
14534.7,6848
14548.9,6846
14552.2,6845
14558.5,6844
14581.3,6843
14597.4,6842
14611.4,6841
14613,6840
14655.3,6839
14669.7,6837
14677.7,6836
14682.4,6835
14700,6834
14706.1,6832
14712.3,6831
14733.6,6830
14735,6829
14737.9,6828
14739.4,6827
14765.4,6826
14768.3,6825
14779.1,6818
14812.3,6817
14831.4,6816
14832.8,6815
14835.8,6811
14849.3,6809
14850.7,6808
14879.6,6807
14881.1,6806
14890.7,6805
14896.6,6804
14899.8,6803
14927.5,6802
14952,6798
15001.4,6796
15143.9,6795
15145.8,6794
15159.1,6792
15162.7,6791
15199.1,6789
15206.6,6788
15212.6,6787
15262.6,6786
15264,6785
15265.4,6784
15270.5,6779
15283.1,6774
15320.2,6773
15362,6772
15366.5,6771
15384.7,6770
15403.3,6769
15416.6,6768
15418.1,6767
15446.9,6766
15451.7,6765
15455.4,6763
15463.9,6762
15476.4,6761
15477.9,6759
15503.4,6758
15504.8,6757
15506.4,6756
15511.7,6755
15518.7,6754
15526.5,6753
15542.4,6752
15548.6,6751
15554.7,6750
15571.2,6749
15578,6748
15589.2,6747
15622.3,6746
15624.1,6742
15651.6,6740
15657.7,6739
15675.8,6737
15689.1,6736
15721.4,6734
15739.2,6732
15740.6,6731
15789.9,6729
15854.8,6726
15858.1,6725
15872.5,6723
15884.1,6721
15922.2,6718
15990.2,6717
16068.3,6716
16100.5,6714
16117.3,6713
16127,6712
16147,6709
16208.3,6708
16210.1,6707
16224.5,6705
16231.1,6704
16241.4,6703
16251.4,6702
16259,6701
16260.5,6699
16282.9,6698
16288.1,6696
16296.7,6693
16349.5,6692
16381.4,6691
16415.6,6690
16417,6689
16427.8,6688
16429.6,6687
16445.9,6685
16460,6684
16467.8,6679
16490.4,6677
16548.6,6676
16558.4,6675
16568.1,6674
16572.7,6673
16600,6672
16654.7,6670
16656.3,6667
16761.8,6665
16787.3,6664
16821.8,6663
16823.2,6661
16854.6,6660
16874.6,6659
16898.4,6658
16907.9,6656
16912.8,6655
16959.2,6651
16975.4,6650
16983.9,6648
16985.3,6647
16991.3,6644
16996.2,6642
16998,6641
17005.3,6640
17023.1,6639
17061.1,6637
17062.8,6636
17071.7,6635
17075,6634
17082,6633
17088.2,6632
17093.3,6630
17116.4,6628
17177.2,6627
17178.9,6625
17201.7,6624
17239.7,6623
17289.2,6622
17306.1,6621
17307.6,6619
17309,6617
17419.8,6615
17429.9,6614
17453,6613
17458.9,6612
17468.6,6611
17483.1,6610
17488.7,6609
17530,6608
17531.5,6606
17542,6604
17550.2,6603
17556.9,6601
17691,6600
17762.4,6598
17777.8,6594
17833.8,6593
17839.6,6592
17847.1,6591
17848.7,6590
17911.1,6589
17912.6,6588
17918.3,6586
17935.9,6584
17942.1,6583
17948.6,6582
17985.3,6577
18012.7,6576
18022.7,6573
18059,6572
18078.2,6571
18079.6,6569
18097,6567
18107.3,6566
18123.4,6565
18142.3,6564
18144.1,6563
18183.2,6562
18187.8,6559
18200.3,6558
18218.1,6557
18219.5,6556
18241.2,6555
18242.7,6554
18253.9,6553
18265.3,6551
18334.5,6550
18355.4,6549
18363.3,6547
18418.6,6544
18444.2,6543
18448.6,6541
18467.7,6540
18486.4,6539
18505.1,6535
18557.3,6534
18564.1,6533
18580.5,6532
18581.9,6528
18608.8,6527
18616.6,6526
18649.7,6525
18659.3,6524
18660.9,6522
18706.3,6521
18712.5,6520
18771.7,6519
18773.3,6518
18788.2,6517
18820.7,6516
18826.5,6515
18828.3,6514
18829.9,6513
18831.4,6511
18901,6510
18918.7,6509
18920.3,6506
18935.2,6504
18944.2,6502
18956.4,6500
18976.8,6499
19109,6495
19115.6,6492
19127.8,6491
19173.9,6490
19177.4,6489
19186.2,6487
19200.4,6485
19212.5,6484
19266.2,6483
19274.9,6482
19280.4,6481
19309.5,6479
19311,6478
19325.5,6475
19353.8,6474
19362.9,6473
19376.6,6472
19433.1,6471
19454.3,6468
19529,6464
19583,6463
19600.9,6462
19610.3,6461
19667.1,6460
19671.6,6459
19682.9,6458
19693,6457
19701.7,6454
19719,6453
19737.3,6452
19740.3,6450
19758.9,6449
19766.8,6448
19776.9,6447
19784.9,6446
19814.4,6445
19828.4,6444
19848.6,6443
19856.8,6442
19859.7,6441
19861.2,6440
19862.7,6439
19880.7,6438
19882.1,6437
19883.5,6436
19897.2,6435
19903.3,6434
19922.1,6433
19945,6432
19957.4,6431
19964.8,6430
19968,6428
19983.9,6427
20001.7,6426
20003.3,6422
20088.3,6421
20101.2,6420
20156.7,6419
20191.3,6418
20194.4,6417
20209.5,6416
20212.6,6415
20216.1,6413
20234,6412
20294.3,6411
20298.8,6410
20306.2,6407
20382.6,6406
20385.7,6405
20387,6403
20458.6,6401
20460.2,6399
20494.5,6398
20526.2,6397
20560.5,6396
20628.9,6395
20636.7,6394
20639.9,6391
20660.5,6390
20664.1,6389
20695.5,6388
20697.3,6387
20899.4,6385
20912.6,6384
20984.2,6383
21002.2,6382
21005.5,6381
21017.6,6380
21019.2,6379
21023.8,6378
21067.7,6377
21087,6375
21143.5,6374
21151.2,6372
21187.9,6371
21222.2,6369
21492.9,6367
21667.7,6366
21717.4,6364
21722.2,6363
21723.9,6361
21729.2,6360
21735.4,6359
21752.2,6358
21760,6356
21763.2,6355
21764.7,6354
21825.3,6353
21834.6,6352
21837.5,6351
21843.7,6348
21853.5,6347
21864.7,6345
21877.6,6344
21879.1,6342
21883.7,6341
21886.8,6340
22028.4,6339
22049.3,6338
22058,6337
22061.5,6336
22065.2,6334
22080.6,6333
22086.6,6332
22151.4,6331
22329,6330
22338.2,6329
22346.4,6328
22412.6,6327
22417.1,6326
22418.6,6325
22432.4,6324
22472.9,6323
22480.4,6322
22481.8,6320
22529,6318
22545.2,6317
22564.3,6316
22596,6314
22643.7,6313
22753.9,6312
22755.5,6309
22773.3,6306
22810.4,6301
22815.7,6300
23481.8,6298
23485,6297
23499.8,6293
23562.4,6291
23579.6,6290
23592.5,6289
23601.4,6287
23627.4,6284
23972,6283
23977,6281
23978.5,6280
24123.3,6279
24126.4,6278
24143.8,6275
24241.5,6274
24248.9,6271
24265.8,6269
24303,6267
24313.2,6264
24314.7,6263
24546.2,6261
24566.4,6260
24567.9,6258
24726.9,6257
24728.5,6256
24747.7,6254
24757.5,6253
24771.4,6252
24801.3,6251
24903.1,6250
24904.7,6249
24951.8,6248
24953.2,6247
24954.6,6246
24956.1,6245
24989,6244
24990.5,6243
24995.5,6242
25204.1,6241
25224.6,6240
25309.9,6239
25317.3,6238
25320.5,6237
25413.4,6236
25438.3,6235
25441.5,6234
25491.9,6233
25496.4,6231
25528.2,6230
25566.9,6229
25623.1,6227
25676.6,6226
25816.8,6225
25869.3,6224
25884.2,6223
25887.2,6222
25896.3,6219
25960.4,6217
25997,6214
26168.2,6213
26171.2,6211
26258,6210
26318.7,6209
26321.6,6207
26473.4,6206
26474.8,6205
26480.9,6204
26505.1,6203
26510.4,6202
26517.5,6201
26524.8,6200
26535.3,6196
26925.9,6195
26971,6193
27042.5,6191
27043.8,6190
27053.9,6188
27059.4,6186
29389.1,6185
29559.5,6184
29850.1,6181
29957.4,6180
30648.8,6179
30816.4,6178
30843,6177
30902.5,6175
30904,6173
30929.9,6172
33021.8,6171
33078.8,6169
33110.8,6167
33279.4,6166
33283,6164
33721.8,6163
33746.9,6162
33754.1,6161
33768.8,6157
33798.8,6156
33800.3,6155
33806,6154
33837.8,6152
33845,6150
33962.1,6149
34259.4,6148
34318.1,6147
34319.6,6145
34322.4,6144
34326.8,6143
34371.3,6142
34374.1,6140
34398.5,6139
34414.2,6137
34423.3,6135
34563.2,6134
34645.2,6132
34661.7,6128
34784.4,6127
34819.7,6126
34831.2,6125
34886,6124
34890.4,6122
34904.9,6121
34906.9,6118
34908.5,6117
34942.5,6114
35565,6113
36719.3,6112
36818.1,6111
36942.7,6110
36944.2,6109
37048.4,6108
37092,6107
37093.5,6106
37109.4,6104
37258.7,6102
37388.2,6100
37399.1,6094
37435.4,6093
37436.8,6092
37439.8,6090
37494.8,6089
38117.4,6088
38120.3,6087
38177.8,6086
38179.5,6085
38207.7,6084
38260.9,6082
38271,6081
38281.1,6080
38372.2,6078
38616,6076
38711,6075
39223,6072
39364.2,6071
39368.9,6069
39687.8,6068
39697.1,6066
39703.3,6063
39803.3,6061
39993.3,6060
39999,6059
40000.4,6058
48530.6,6057
49971.2,6056
49974,6055
49977,6053
50000.3,6052
50230.2,6050
50249,6048
50280.6,6047
50298.1,6046
50302.4,6045
50386,6042
50577.5,6041
50608.1,6040
50904.6,6039
50934.9,6037
51100.9,6036
51102.6,6035
51105.9,6034
51107.3,6033
51142.8,6032
51148.5,6031
51149.9,6029
51152.9,6028
51363.6,6027
51416.7,6026
52030.6,6024
59041.1,6023
59062.8,6022
59067,6021
59068.4,6019
59069.9,6017
59135.6,6015
59394.9,6013
59424.5,6011
59459.9,6010
59583.9,6009
59625.9,6007
61129.4,6004
61131,6003
61188.6,6000
61304.5,5998
61446.8,5997
61448.2,5996
61453.9,5995
61491.7,5994
61534.8,5992
61540.6,5991
61686.1,5990
61687.6,5989
61692,5988
61697.6,5987
70106.1,5986
70376.9,5985
70398.9,5983
70438.6,5982
72411.9,5981
72449.9,5978
74632.8,5977
74634.4,5976
74641.8,5975
74653.1,5974
74666.8,5972
76542.3,5971
76587.4,5970
76685.1,5968
76803.2,5967
77272,5966
77307.8,5964
77319.9,5963
77321.6,5959
77445.1,5957
93648.3,5956
93651.2,5955
93677.9,5954
93719.5,5953
93722.9,5952
93726.5,5951
93773.8,5950
93780.4,5949
94154.3,5948
94163.2,5947
94177.8,5946
94214.6,5944
95796,5942
95836.6,5940
95897.6,5939
95916.1,5937
97139.4,5934
97200.1,5933
97204.9,5932
97207.7,5931
97241.1,5930
97390,5927
97466.4,5926
97568,5925
99146.3,5924
107163,5923
107179,5922
107181,5920
107322,5919
107327,5917
107464,5916
107515,5913
107726,5912
107730,5910
107780,5909
107857,5906
107954,5904
108020,5903
108027,5902
108034,5901
108051,5898
110871,5897
115453,5895
115457,5894
115460,5893
116410,5892
116426,5891
116444,5890
