2.24873,11022
3.4505,11021
4.88022,11020
6.04617,11019
7.22845,11018
8.38125,11017
9.4505,11016
10.7328,11015
11.8315,11014
12.8941,11013
14.1551,11011
15.2988,11008
16.3931,11006
17.5528,11005
18.6981,11003
19.8025,11002
20.9066,10997
22.1885,10996
23.2733,10995
24.5407,10994
25.8275,10992
26.9368,10988
28.0314,10986
29.23,10985
30.4477,10980
31.5992,10978
32.6912,10972
33.9642,10968
35.0649,10967
36.1967,10965
37.4146,10964
38.5405,10962
39.6679,10961
40.8614,10960
42.0059,10958
43.0914,10954
44.43,10951
45.898,10947
46.9666,10945
48.0477,10943
49.4259,10942
50.5527,10940
51.664,10937
52.8059,10936
53.9825,10935
55.05,10934
56.1,10932
57.4168,10928
58.677,10921
59.8795,10918
61.3337,10913
62.6189,10912
63.8601,10911
65.4682,10910
66.6304,10907
67.7316,10904
68.9999,10900
70.1399,10899
71.2708,10896
72.4175,10895
73.5627,10889
74.6827,10887
75.7598,10881
77.0564,10875
78.1472,10874
79.2445,10873
80.4444,10867
81.5565,10866
82.6285,10862
83.7003,10861
85.1167,10860
86.1979,10855
87.2982,10854
88.5408,10853
89.6297,10851
90.7266,10849
91.9972,10846
93.1764,10844
94.297,10843
95.4478,10840
96.6929,10839
97.8241,10837
98.8621,10836
100.077,10829
101.228,10828
102.313,10827
103.459,10825
104.656,10823
105.915,10821
107.088,10820
108.602,10808
109.811,10801
110.948,10796
112.22,10792
113.363,10788
114.456,10787
115.62,10785
116.785,10784
118.029,10779
119.189,10778
120.565,10777
121.879,10775
123.106,10774
124.581,10773
126.073,10771
127.344,10766
128.597,10765
129.775,10763
130.9,10761
132.133,10760
133.236,10759
134.366,10758
135.542,10757
136.726,10755
137.833,10750
138.909,10748
140.12,10743
141.249,10742
142.557,10735
143.927,10733
145.159,10732
146.439,10728
147.686,10726
148.774,10725
149.852,10722
151.046,10717
152.3,10714
153.415,10711
154.63,10709
156.048,10707
157.266,10703
158.407,10702
159.719,10701
160.83,10699
161.963,10695
163.174,10693
164.324,10689
165.423,10686
166.844,10684
168.051,10682
169.087,10681
170.219,10680
171.398,10679
172.47,10677
173.477,10675
174.691,10669
175.82,10668
176.933,10667
178.171,10664
179.484,10663
180.743,10658
181.977,10657
183.456,10656
184.708,10653
185.917,10649
187.261,10647
188.372,10645
189.422,10640
190.718,10639
192.042,10636
193.183,10635
194.375,10634
195.482,10631
196.615,10628
197.81,10625
199.073,10621
200.123,10619
201.248,10617
202.379,10616
203.464,10615
204.552,10614
205.707,10612
206.956,10610
208.083,10609
209.176,10607
210.48,10605
211.776,10603
212.89,10596
214.169,10593
215.293,10592
216.438,10590
217.686,10589
218.919,10587
219.999,10586
221.159,10584
222.493,10582
223.574,10577
224.714,10576
226.041,10574
227.131,10573
228.252,10572
229.531,10570
230.645,10569
232.055,10568
233.361,10565
234.736,10562
235.905,10561
237.117,10560
238.473,10559
239.929,10558
241.567,10552
242.975,10551
244.324,10550
245.778,10548
247.101,10547
248.313,10542
249.55,10537
250.779,10534
252.182,10532
253.445,10531
254.611,10530
255.735,10529
256.926,10523
258.099,10520
259.211,10518
260.402,10517
261.71,10516
262.824,10515
263.915,10514
265.095,10510
266.287,10508
267.401,10507
268.44,10503
269.619,10501
270.713,10499
271.823,10498
273.194,10497
274.445,10494
275.582,10492
276.786,10490
277.986,10485
279.047,10484
280.174,10483
281.502,10481
282.639,10479
283.824,10477
285.107,10476
286.246,10473
287.322,10471
288.516,10470
289.66,10467
290.696,10466
291.736,10465
293.171,10459
294.237,10455
295.292,10454
296.547,10452
297.675,10451
298.837,10450
300.046,10447
301.371,10446
302.55,10445
303.824,10444
305.309,10441
306.599,10439
307.751,10437
309.04,10435
310.203,10433
311.409,10429
312.982,10428
314.131,10427
315.26,10425
316.529,10423
317.716,10422
318.809,10421
320.014,10415
321.171,10413
322.226,10412
323.302,10408
324.662,10406
325.733,10405
326.889,10404
328.139,10403
329.244,10402
330.404,10401
331.644,10399
332.837,10398
334.062,10395
335.331,10393
336.566,10391
337.767,10390
338.966,10389
340.235,10381
341.51,10378
342.665,10377
343.992,10373
345.342,10372
346.485,10369
347.724,10368
348.797,10367
349.924,10365
351.098,10364
352.279,10363
353.545,10362
354.701,10360
355.945,10359
357.12,10357
358.238,10355
359.596,10354
360.853,10352
362.092,10351
363.486,10350
364.823,10349
366.115,10346
367.545,10343
368.644,10341
369.871,10340
371.203,10337
372.361,10335
373.529,10333
374.93,10332
376.007,10327
377.116,10325
378.181,10323
379.428,10321
380.503,10320
381.608,10318
382.862,10316
383.948,10315
385.028,10312
386.25,10309
387.44,10308
388.553,10307
389.657,10302
390.909,10298
391.974,10297
393.093,10296
394.473,10295
395.732,10294
396.89,10293
398.278,10292
399.718,10291
400.873,10290
402.091,10289
403.267,10287
404.421,10286
405.616,10284
406.92,10283
408.232,10282
409.427,10279
410.751,10278
412.033,10276
413.142,10275
414.641,10274
415.696,10272
416.773,10269
417.976,10268
419.189,10267
420.441,10266
421.743,10264
423.154,10263
424.39,10262
425.885,10259
427.25,10258
428.463,10257
429.54,10256
430.804,10252
431.937,10251
433.101,10249
434.431,10247
435.804,10243
436.974,10242
438.179,10241
439.275,10240
440.306,10239
441.522,10238
442.912,10237
444.068,10233
445.408,10232
446.548,10230
447.628,10226
448.764,10225
449.919,10224
451.077,10223
452.227,10222
453.474,10221
454.637,10220
455.979,10218
457.24,10217
458.389,10216
459.575,10212
460.823,10211
461.942,10210
463.08,10204
464.287,10202
465.566,10201
466.695,10200
467.769,10198
469.038,10195
470.113,10193
471.257,10192
472.533,10191
473.755,10189
474.846,10188
476.185,10187
477.411,10185
478.523,10182
479.61,10181
480.965,10180
482.228,10176
483.412,10175
484.75,10174
485.991,10173
487.222,10168
488.608,10165
489.737,10164
490.813,10160
492.021,10159
493.138,10157
494.275,10155
495.382,10154
496.866,10153
498.013,10151
499.229,10150
500.351,10148
501.447,10147
502.485,10146
503.74,10143
504.815,10142
505.876,10141
507.094,10140
508.229,10138
509.297,10137
510.353,10135
511.623,10132
512.706,10129
513.826,10127
515.027,10126
516.186,10125
517.498,10124
518.726,10123
519.905,10121
520.94,10120
522.148,10119
523.417,10118
524.532,10116
525.65,10114
526.85,10113
527.949,10112
529.053,10110
530.179,10109
531.361,10107
532.523,10106
533.95,10105
535.442,10104
536.793,10103
537.961,10102
539.35,10100
540.937,10099
542.484,10098
543.781,10097
545.028,10096
546.384,10095
547.733,10094
548.934,10093
550.16,10090
551.397,10088
552.504,10087
553.601,10084
554.851,10083
555.972,10082
557.313,10081
558.483,10078
559.626,10077
560.726,10076
561.912,10075
563.141,10074
564.153,10073
565.221,10071
566.403,10070
567.526,10069
568.593,10067
569.709,10065
570.882,10064
571.931,10063
573.035,10062
574.316,10060
575.457,10059
576.524,10058
577.988,10057
579.189,10056
580.272,10055
581.421,10053
582.643,10052
583.707,10050
584.878,10049
586.19,10048
587.365,10047
588.442,10046
589.678,10045
590.849,10044
591.878,10043
592.908,10042
594.197,10041
595.352,10040
596.398,10039
597.705,10036
598.815,10035
599.861,10034
601.164,10032
602.485,10031
603.762,10029
604.983,10028
606.387,10027
607.537,10026
608.894,10025
610.162,10022
611.253,10021
612.397,10020
613.661,10019
614.76,10018
615.845,10017
617.042,10016
618.465,10012
619.536,10011
620.582,10009
621.801,10006
622.873,10005
623.946,10004
625.15,10003
626.282,10002
627.391,10001
628.431,10000
629.679,9999
630.705,9998
631.789,9997
632.926,9993
634.075,9992
635.155,9990
636.233,9989
637.409,9985
638.727,9984
639.846,9983
641.273,9982
642.397,9980
643.444,9978
644.675,9977
646.123,9976
647.267,9974
648.359,9970
649.587,9969
650.641,9968
651.708,9967
652.872,9966
653.989,9965
655.074,9964
656.338,9961
657.497,9960
658.609,9958
659.705,9957
661.072,9956
662.254,9955
663.494,9954
664.977,9953
666.189,9952
667.363,9951
668.669,9950
669.911,9949
671.056,9948
672.286,9947
673.49,9945
674.563,9944
675.632,9943
676.899,9942
677.994,9941
679.132,9940
680.245,9938
681.369,9937
682.417,9936
683.505,9935
684.886,9934
685.901,9933
686.97,9932
688.134,9931
689.292,9930
690.334,9928
691.445,9926
692.641,9925
693.733,9924
694.793,9923
696.013,9922
697.132,9921
698.215,9920
699.343,9919
700.618,9918
701.701,9917
702.818,9916
703.984,9915
705.245,9914
706.306,9913
707.53,9912
708.866,9911
710.083,9910
711.281,9909
712.446,9907
713.488,9906
714.603,9904
715.901,9901
717.085,9900
718.122,9899
719.248,9898
720.436,9897
721.606,9895
722.879,9894
724.182,9892
725.599,9889
726.875,9888
728.144,9887
729.296,9886
730.521,9885
731.788,9884
732.874,9883
734.001,9882
735.167,9881
736.307,9879
737.407,9878
738.588,9877
739.793,9876
740.924,9874
742.01,9873
743.251,9872
744.544,9870
745.991,9869
747.272,9865
748.324,9864
749.421,9863
750.558,9862
751.713,9861
752.771,9860
753.882,9859
755.048,9858
756.122,9857
757.195,9856
758.391,9855
759.559,9852
760.74,9851
761.825,9850
763.103,9849
764.264,9848
765.486,9847
766.743,9845
767.813,9844
768.902,9841
770.053,9840
771.242,9839
772.315,9838
773.405,9837
774.626,9836
775.747,9835
776.917,9832
778.397,9830
779.532,9829
780.63,9828
781.956,9827
783.251,9826
784.351,9825
785.78,9824
787.132,9823
788.277,9822
789.505,9821
790.806,9820
792.123,9819
793.282,9817
794.534,9816
795.632,9815
796.723,9813
797.964,9812
799.149,9811
800.298,9810
801.401,9809
802.548,9808
803.586,9807
804.723,9806
806.191,9805
807.281,9804
808.379,9803
809.452,9802
810.688,9801
811.763,9800
812.835,9799
814.049,9798
815.149,9796
816.245,9795
817.436,9794
818.618,9792
819.676,9791
820.765,9790
822.151,9789
823.293,9788
824.375,9787
825.65,9786
826.993,9785
828.078,9784
829.291,9783
830.443,9782
831.543,9780
832.573,9779
833.933,9778
835.251,9777
836.542,9776
837.837,9775
839.123,9774
840.662,9773
842.194,9772
843.27,9771
844.537,9769
845.844,9768
847.313,9767
848.538,9766
849.828,9765
850.997,9762
852.389,9761
853.629,9760
854.766,9759
855.862,9758
857.007,9757
858.145,9756
859.268,9755
860.496,9754
861.594,9753
862.726,9752
863.927,9751
865.078,9750
866.129,9749
867.546,9748
868.69,9747
869.758,9746
870.809,9745
872,9744
873.109,9743
874.237,9742
875.425,9741
876.578,9740
877.614,9739
878.707,9738
879.878,9737
880.974,9735
882.04,9734
883.425,9733
884.672,9732
885.759,9731
887.154,9730
888.376,9729
889.435,9728
890.523,9727
891.725,9726
892.754,9725
893.813,9724
894.968,9722
896.05,9721
897.114,9720
898.193,9719
899.359,9714
904.139,9712
905.415,9710
910.552,9709
911.798,9708
913.059,9707
914.129,9706
915.379,9705
916.494,9704
917.619,9703
918.737,9702
919.933,9701
920.95,9700
922.071,9699
923.311,9698
924.366,9697
925.413,9696
926.561,9695
927.852,9694
928.988,9693
930.117,9692
931.336,9691
932.374,9690
933.44,9689
934.69,9688
935.721,9684
939.086,9683
940.162,9682
941.204,9680
942.431,9679
943.555,9674
949.776,9673
950.942,9672
952.064,9671
953.132,9670
954.377,9669
955.436,9668
956.537,9667
957.68,9666
958.93,9665
960.057,9664
961.256,9663
962.548,9662
963.692,9661
964.876,9660
966.272,9659
967.435,9658
968.822,9655
970.212,9654
971.442,9652
972.521,9650
974.947,9649
976.016,9648
977.256,9641
982.874,9640
983.981,9639
985.117,9638
986.21,9637
987.28,9635
988.576,9634
991.95,9633
993.178,9630
1000.96,9628
1003.12,9624
1005.49,9623
1006.56,9622
1007.66,9621
1009.18,9615
1010.41,9613
1015.12,9607
1016.3,9605
1017.37,9604
1018.46,9602
1022.01,9601
1023.33,9597
1029.78,9596
1033.45,9593
1034.57,9590
1040.36,9587
1041.41,9585
1043.74,9583
1046.21,9582
1047.55,9580
1048.61,9579
1049.89,9578
1053.29,9577
1054.41,9576
1055.64,9575
1056.71,9573
1061.21,9571
1062.33,9569
1063.51,9568
1065.73,9567
1068.12,9566
1069.44,9565
1070.64,9564
1071.74,9563
1072.78,9562
1073.86,9561
1076.2,9559
1077.3,9558
1078.52,9557
1079.63,9556
1081.89,9555
1084.27,9554
1085.5,9553
1088.06,9552
1090.77,9550
1091.99,9549
1093.09,9548
1094.29,9547
1095.46,9546
1096.58,9545
1099,9544
1101.2,9543
1102.47,9542
1103.64,9541
1104.75,9540
1106.04,9539
1107.11,9538
1108.18,9537
1109.35,9536
1110.73,9535
1111.81,9533
1112.84,9532
1115.21,9531
1116.32,9529
1118.67,9525
1122.03,9524
1125.71,9521
1132.89,9520
1134.19,9517
1136.83,9516
1137.95,9515
1139.18,9514
1140.48,9512
1141.87,9511
1143.05,9510
1144.19,9507
1147.23,9506
1149.78,9504
1155.79,9503
1157.13,9502
1158.23,9497
1159.37,9496
1162.78,9495
1163.92,9491
1165.19,9490
1168.6,9489
1169.72,9488
1170.75,9487
1174.23,9485
1177.85,9484
1178.95,9483
1180.04,9481
1181.16,9480
1184.49,9479
1185.59,9478
1186.8,9477
1188.06,9476
1189.19,9473
1193.7,9472
1196.15,9471
1197.25,9470
1198.34,9469
1199.43,9468
1200.59,9466
1204,9465
1205.37,9459
1208,9457
1210.27,9456
1212.87,9455
1217.61,9454
1218.7,9453
1219.95,9452
1221.01,9451
1222.08,9450
1223.28,9448
1224.37,9447
1225.44,9446
1227.86,9445
1228.9,9444
1229.97,9443
1231.21,9442
1232.34,9441
1233.4,9440
1234.46,9437
1235.69,9436
1236.98,9434
1238.03,9433
1239.18,9432
1240.3,9431
1241.49,9430
1242.62,9428
1243.86,9427
1244.95,9426
1251.96,9425
1254.21,9424
1255.26,9423
1256.37,9422
1257.84,9421
1258.95,9420
1261.15,9419
1262.46,9417
1264.84,9415
1272.32,9410
1279.3,9408
1280.4,9407
1281.62,9406
1286.05,9405
1287.27,9404
1288.36,9403
1289.62,9401
1291.82,9399
1292.92,9398
1294.09,9396
1298.73,9395
1300.96,9394
1302.08,9393
1304.29,9388
1311.53,9384
1313.9,9383
1315.04,9382
1317.34,9379
1323.15,9378
1325.65,9376
1328.33,9375
1329.58,9374
1330.78,9373
1332.04,9372
1335.45,9371
1336.63,9370
1337.72,9369
1338.85,9368
1340.03,9367
1341.18,9366
1342.25,9365
1343.47,9364
1344.7,9363
1345.96,9362
1347.32,9360
1348.57,9359
1351.85,9357
1354.09,9356
1355.22,9353
1356.45,9352
1362.08,9351
1363.18,9350
1364.47,9349
1365.57,9347
1366.62,9346
1368,9345
1369.24,9344
1370.32,9343
1371.53,9342
1372.64,9341
1373.69,9340
1374.82,9339
1376.09,9338
1377.16,9337
1378.23,9335
1381.66,9334
1385.37,9333
1387.96,9332
1389.15,9331
1390.34,9330
1391.7,9329
1392.9,9327
1394.07,9326
1395.34,9325
1396.4,9323
1397.52,9317
1403.28,9316
1407.92,9315
1411.38,9314
1412.45,9313
1413.5,9309
1416.9,9308
1420.3,9307
1421.37,9305
1422.6,9304
1423.64,9303
1424.93,9302
1428.24,9301
1430.65,9300
1431.7,9299
1432.79,9296
1435.49,9295
1438.09,9294
1439.36,9293
1440.81,9292
1442.22,9291
1445.97,9290
1447.54,9289
1448.83,9287
1450.03,9286
1452.39,9285
1454.89,9284
1455.92,9283
1456.99,9282
1459.29,9281
1460.4,9280
1461.51,9279
1462.74,9278
1463.79,9277
1464.84,9275
1474.18,9272
1478.77,9271
1480.88,9269
1485.78,9267
1488.1,9264
1491.45,9263
1493.79,9262
1494.84,9261
1495.89,9260
1497.11,9259
1499.38,9257
1503.96,9256
1506.73,9253
1508.1,9252
1509.43,9251
1510.59,9250
1513.15,9249
1514.32,9248
1518.85,9246
1521.17,9244
1523.37,9243
1525.67,9242
1526.97,9240
1530.42,9239
1531.51,9238
1533.94,9232
1542.93,9231
1546.28,9230
1547.97,9229
1549.11,9227
1550.16,9225
1551.17,9223
1557.97,9222
1560.35,9221
1561.52,9219
1568.93,9217
1571.35,9216
1574.97,9215
1576.17,9212
1578.37,9211
1579.61,9210
1580.68,9209
1581.69,9208
1582.91,9207
1586.38,9206
1587.82,9205
1588.93,9204
1590.03,9200
1591.22,9199
1592.38,9198
1594.61,9196
1595.91,9195
1598.1,9194
1599.36,9193
1600.47,9192
1601.54,9191
1602.68,9190
1606.14,9189
1607.43,9188
1608.73,9187
1610.06,9186
1612.74,9185
1613.84,9184
1615.11,9183
1617.29,9182
1618.38,9181
1619.63,9180
1620.67,9179
1624.12,9178
1627.58,9177
1629.12,9175
1630.5,9174
1631.76,9173
1632.93,9172
1634.08,9171
1635.46,9169
1636.55,9168
1640.01,9167
1640.99,9166
1642.07,9165
1645.41,9164
1646.6,9162
1649.39,9160
1650.57,9159
1654.01,9157
1656.27,9156
1659.59,9155
1664.03,9154
1665.1,9153
1667.36,9152
1668.43,9151
1669.73,9150
1670.86,9149
1674.23,9147
1676.41,9145
1677.63,9144
1678.82,9143
1686.74,9142
1687.96,9141
1689.5,9140
1690.8,9139
1692,9138
1693.25,9137
1694.52,9136
1695.71,9135
1696.94,9134
1698.14,9133
1699.27,9132
1700.31,9130
1701.53,9129
1702.59,9128
1703.68,9126
1705.99,9125
1707.05,9122
1711.74,9118
1721.01,9116
1723.17,9115
1730.09,9113
1731.22,9112
1733.57,9111
1735.07,9110
1736.57,9109
1737.85,9108
1739.01,9107
1740.32,9104
1744.15,9103
1745.33,9102
1746.46,9101
1751.66,9098
1753.04,9097
1754.19,9096
1755.5,9093
1756.74,9091
1761.18,9089
1762.31,9087
1766.76,9086
1772.6,9085
1776.18,9083
1777.32,9082
1778.39,9081
1779.54,9080
1780.71,9078
1781.85,9077
1782.93,9074
1790.01,9070
1799.15,9069
1800.37,9067
1801.52,9065
1802.66,9064
1805.18,9062
1806.22,9060
1810.87,9059
1812.4,9058
1813.61,9057
1816.42,9056
1818.74,9055
1820.01,9054
1821.04,9053
1822.1,9052
1823.23,9051
1824.35,9049
1825.42,9047
1826.5,9046
1827.73,9045
1829.98,9044
1831.24,9043
1832.33,9042
1842.55,9041
1843.71,9040
1844.78,9039
1845.85,9038
1847.25,9037
1848.4,9034
1849.54,9033
1856.81,9032
1857.89,9030
1862.57,9029
1863.66,9028
1864.74,9026
1865.85,9025
1867.07,9024
1869.25,9023
1870.65,9022
1873.23,9021
1874.59,9020
1875.73,9019
1880.71,9018
1882.98,9017
1887.38,9016
1890.81,9015
1893.02,9014
1894.28,9013
1895.38,9012
1896.53,9011
1897.91,9010
1899.03,9009
1900.08,9006
1903.63,9003
1909.56,9002
1913.02,9001
1914.31,9000
1917.93,8999
1919.06,8998
1920.14,8996
1924.86,8995
1926.06,8994
1927.15,8992
1929.6,8991
1932.15,8990
1933.53,8989
1939.82,8988
1942.03,8987
1947.83,8986
1949.21,8984
1950.28,8983
1951.38,8982
1952.54,8981
1953.69,8979
1954.78,8976
1962.97,8975
1964.18,8974
1967.5,8972
1968.75,8971
1969.79,8970
1971.99,8969
1975.26,8968
1980.14,8966
1984.69,8965
1989.4,8964
1993.28,8963
1996.04,8962
1997.23,8960
1998.71,8958
2003.43,8957
2004.55,8956
2006.79,8950
2008.04,8949
2025.42,8948
2027.71,8947
2033.3,8946
2035.7,8945
2038.66,8944
2043.01,8943
2046.63,8942
2047.95,8941
2049.09,8940
2057.86,8939
2059.28,8938
2061.54,8937
2062.8,8936
2064.95,8935
2066.19,8934
2067.33,8933
2073.01,8932
2076.39,8931
2077.58,8930
2078.89,8929
2082.46,8927
2085.98,8926
2087.05,8924
2090.54,8923
2091.56,8922
2096.12,8921
2097.28,8920
2098.34,8919
2099.45,8918
2101.88,8917
2102.94,8916
2104.01,8915
2105.2,8914
2109.83,8912
2112.09,8911
2113.45,8910
2117.26,8908
2118.47,8907
2121.08,8906
2122.08,8905
2125.64,8904
2126.74,8903
2129.15,8902
2130.26,8901
2131.37,8899
2132.56,8898
2133.74,8897
2137.44,8896
2138.57,8894
2145.86,8893
2152.81,8892
2156.04,8891
2157.09,8890
2161.94,8889
2163.17,8886
2164.38,8884
2171.74,8883
2175.49,8881
2183.91,8880
2184.96,8879
2186.15,8877
2188.44,8875
2199.89,8874
2201.05,8872
2202.15,8871
2204.6,8870
2210.69,8869
2211.91,8866
2217.46,8864
2227.21,8862
2229.38,8861
2233.05,8860
2235.63,8859
2236.9,8858
2238.21,8857
2239.44,8856
2240.67,8855
2249.04,8854
2252.42,8853
2253.51,8851
2259.26,8850
2262.71,8848
2267.47,8845
2268.53,8844
2270.77,8843
2272.83,8842
2277.38,8841
2278.54,8840
2282.06,8839
2285.5,8838
2287.92,8837
2290.29,8836
2291.39,8835
2292.65,8834
2294.1,8833
2295.23,8831
2296.41,8830
2297.87,8829
2299.08,8828
2300.32,8826
2301.68,8825
2302.76,8824
2303.81,8821
2306.1,8820
2307.1,8818
2310.65,8817
2311.8,8815
2318.53,8813
2321.89,8812
2325.23,8811
2326.29,8810
2331.86,8809
2333.03,8808
2334.08,8807
2337.93,8806
2341.04,8804
2344.86,8803
2349.78,8801
2353.2,8800
2355.48,8799
2356.81,8798
2358.01,8797
2365.18,8796
2366.23,8794
2370.86,8793
2371.98,8792
2373.18,8791
2375.4,8790
2376.6,8789
2377.66,8788
2379.84,8787
2381.05,8786
2382.1,8785
2383.15,8784
2384.43,8781
2391.3,8780
2401.36,8779
2404.79,8778
2405.89,8777
2409.32,8776
2412.77,8775
2416.59,8774
2417.76,8773
2419.15,8772
2421.47,8769
2431.61,8768
2436.24,8767
2437.3,8766
2444.13,8764
2445.19,8763
2446.37,8762
2448.76,8760
2449.97,8759
2453.28,8758
2454.5,8757
2455.54,8752
2456.6,8751
2471.59,8750
2477.7,8749
2478.9,8747
2480.3,8746
2481.69,8745
2484,8744
2486.31,8742
2490.7,8739
2494.11,8736
2505.64,8735
2509.14,8734
2512.76,8733
2513.91,8732
2515.01,8731
2522.07,8730
2525.5,8729
2527.66,8727
2531.18,8726
2532.44,8725
2533.6,8724
2534.78,8723
2537.23,8722
2538.44,8721
2539.63,8720
2541.15,8719
2543.31,8717
2548.26,8716
2553.92,8715
2556.26,8714
2558.52,8713
2562.09,8711
2563.24,8710
2567.81,8709
2571.05,8708
2572.29,8707
2575.44,8706
2576.6,8705
2580.12,8704
2583.77,8703
2584.9,8700
2595.12,8699
2596.41,8698
2597.6,8697
2600.08,8696
2604.2,8695
2606.31,8694
2607.45,8693
2609.63,8692
2611.89,8691
2617.68,8689
2618.81,8688
2619.97,8687
2634.24,8686
2636.37,8685
2637.58,8684
2640.32,8683
2641.49,8682
2643.06,8681
2644.18,8680
2645.18,8679
2651.97,8678
2656.42,8677
2657.61,8676
2659.89,8675
2661.03,8674
2662.28,8673
2663.48,8672
2665.73,8671
2667.83,8670
2673.37,8669
2674.4,8668
2675.42,8667
2679.72,8666
2686.29,8665
2688.6,8664
2690.77,8663
2691.79,8662
2705.55,8661
2708.95,8660
2713.31,8659
2714.34,8657
2716.69,8656
2717.79,8655
2720.11,8654
2721.21,8653
2722.31,8650
2728.04,8649
2733.44,8646
2735.58,8645
2736.61,8644
2750.97,8643
2751.97,8642
2753,8641
2755.18,8637
2767.96,8636
2769.07,8634
2774.55,8632
2781.53,8631
2782.67,8630
2783.85,8627
2785.05,8624
2789.25,8623
2796.8,8622
2802.15,8621
2805.4,8620
2806.4,8619
2808.58,8618
2817.56,8617
2822.96,8616
2824.14,8615
2825.15,8614
2826.14,8613
2827.2,8612
2828.27,8611
2830.69,8610
2832.98,8609
2835.11,8608
2838.5,8606
2849.67,8604
2855.33,8602
2858.44,8601
2861.57,8600
2865.96,8599
2867.02,8598
2871.4,8597
2872.42,8595
2873.52,8594
2877.84,8593
2878.88,8592
2879.9,8591
2882.03,8590
2887.16,8589
2894.69,8588
2896.92,8587
2898.05,8585
2899.28,8584
2907.25,8583
2910.36,8582
2911.48,8580
2915.59,8579
2916.72,8577
2921.95,8576
2929.35,8574
2933.66,8573
2938.32,8569
2951.45,8568
2953.63,8564
2962.64,8563
2976.82,8562
2985.28,8561
2987.42,8560
2989.64,8559
2994.16,8556
2995.14,8554
3001.41,8553
3002.4,8552
3003.41,8551
3016.18,8550
3018.58,8549
3022.08,8548
3027.57,8547
3036.17,8546
3039.22,8545
3041.38,8544
3043.51,8543
3046.59,8542
3048.77,8541
3052.11,8540
3054.51,8539
3055.63,8537
3065.12,8536
3067.4,8533
3078.2,8532
3079.4,8531
3085.05,8530
3086.16,8529
3088.31,8528
3091.45,8527
3093.78,8526
3094.85,8525
3095.86,8523
3096.85,8522
3097.97,8521
3099,8520
3099.98,8519
3102.11,8518
3103.16,8517
3118.4,8516
3125.77,8515
3126.74,8513
3128.88,8512
3140.07,8511
3154.61,8510
3155.7,8509
3161.03,8508
3163.07,8507
3164.33,8506
3166.32,8503
3177.95,8502
3181.39,8501
3185.51,8498
3186.61,8496
3215.96,8495
3216.96,8494
3222.38,8493
3225.61,8492
3226.61,8488
3249.59,8487
3251.58,8485
3261.68,8484
3262.83,8481
3274.82,8480
3292.09,8478
3296.34,8477
3297.34,8475
3299.54,8474
3304.77,8473
3316.62,8472
3317.61,8471
3322.55,8470
3325.95,8469
3332.46,8468
3339.67,8466
3347.17,8465
3353.87,8463
3355.95,8462
3358.07,8461
3364.39,8460
3368.68,8458
3369.72,8457
3373.89,8456
3374.89,8455
3376.05,8453
3377.14,8452
3388.57,8451
3389.56,8450
3390.54,8449
3394.93,8447
3406.42,8446
3407.56,8445
3408.57,8444
3409.61,8443
3410.62,8442
3420.71,8441
3421.76,8440
3423.07,8438
3424.16,8436
3439.43,8435
3440.54,8434
3447.58,8431
3462.55,8430
3465.92,8428
3472.19,8427
3480.85,8426
3487.2,8425
3488.25,8423
3489.37,8422
3511.29,8421
3512.43,8420
3520.71,8418
3531.64,8417
3533.64,8416
3534.69,8415
3539.52,8413
3553.94,8412
3561.65,8411
3562.92,8410
3565.24,8409
3566.4,8407
3567.56,8406
3575.46,8405
3584.76,8404
3585.84,8403
3587.93,8402
3602.82,8400
3607.9,8399
3610.03,8397
3614.25,8396
3615.22,8395
3617.53,8393
3625.25,8391
3626.34,8390
3631.99,8389
3644.71,8388
3649.87,8387
3651.08,8386
3660.74,8385
3663.9,8384
3664.88,8383
3669.24,8382
3679.71,8381
3683.17,8379
3685.47,8378
3689.09,8375
3703.79,8374
3704.89,8373
3710.29,8371
3725.46,8370
3752.22,8369
3764.69,8364
3765.74,8363
3787.24,8362
3791.68,8361
3792.75,8360
3793.79,8359
3800.12,8358
3801.28,8357
3813.78,8356
3816.89,8355
3818.98,8353
3842.24,8352
3844.81,8348
3855.56,8347
3858.65,8345
3859.71,8344
3864.43,8342
3877.68,8340
3881,8339
3890.22,8338
3903.23,8335
3906.28,8334
3907.34,8333
3912.47,8332
3915.67,8331
3916.64,8329
3925.6,8328
3927.88,8327
3931.36,8326
3937.69,8321
3952.7,8318
3956.98,8315
3969.72,8313
4011.52,8311
4022.61,8310
4032.26,8309
4044.34,8308
4045.56,8307
4050.11,8306
4051.66,8305
4058.1,8304
4061.4,8303
4063.34,8302
4064.47,8301
4065.47,8300
4073.08,8299
4090.06,8298
4091.13,8297
4094.28,8296
4097.35,8295
4118.33,8293
4121.55,8292
4135.24,8291
4136.24,8290
4138.64,8289
4141.4,8288
4146.31,8287
4149.75,8286
4166.91,8284
4169.23,8283
4187.71,8282
4189.82,8281
4194.12,8279
4223.74,8278
4224.85,8277
4229.47,8276
4230.73,8275
4231.84,8271
4239.37,8270
4275.76,8269
4278,8268
4286.59,8267
4307.69,8266
4309.67,8265
4310.65,8264
4311.83,8263
4318.69,8262
4328.19,8261
4330.25,8259
4336.87,8258
4344.09,8257
4345.2,8256
4351.01,8255
4353.39,8254
4354.77,8253
4356.99,8252
4366.58,8250
4381.58,8249
4393.01,8248
4396.07,8247
4398.25,8246
4399.25,8245
4408.11,8244
4409.24,8243
4415.88,8242
4417.09,8241
4418.1,8239
4421.22,8238
4425.52,8237
4468.26,8236
4491.49,8235
4493.65,8234
4494.69,8233
4497.85,8232
4499.89,8231
4508.5,8230
4518.08,8228
4519.19,8225
4530.15,8224
4535.95,8222
4537.93,8221
4547.61,8220
4549.62,8219
4552.78,8218
4560.28,8217
4561.35,8216
4562.42,8215
4563.5,8213
4598.24,8212
4613.11,8211
4617.7,8210
4620.83,8209
4625.23,8208
4634.72,8207
4646.32,8206
4647.51,8205
4649.67,8204
4665.3,8203
4667.55,8199
4668.61,8198
4683.43,8197
4700.22,8196
4729.59,8195
4746.9,8194
4748.12,8193
4750.48,8192
4752.66,8190
4783.31,8188
4792.84,8187
4793.96,8186
4808.64,8185
4822.42,8184
4828.97,8181
4842.25,8180
4860.73,8179
4861.71,8176
4872.35,8175
4887.02,8172
4891.49,8170
4916.55,8169
4917.8,8168
4918.87,8165
4939.04,8163
4941.18,8162
4942.2,8161
4978.12,8160
4979.37,8159
4980.52,8157
4982.51,8156
4987.81,8155
4991.94,8154
5002.64,8153
5004.87,8152
5047.22,8151
5049.65,8148
5066.59,8147
5072.04,8146
5089.71,8145
5091.7,8144
5095.02,8142
5125.53,8141
5127.64,8140
5128.63,8139
5129.79,8137
5137.81,8136
5142.24,8134
5143.23,8133
5159.09,8132
5168.57,8131
5179.15,8130
5184.41,8129
5190.84,8127
5192.03,8126
5236.27,8125
5263.84,8122
5290.33,8121
5298.86,8120
5304.2,8117
5346.27,8116
5347.29,8115
5359.46,8114
5362.67,8112
5372.24,8111
5374.72,8110
5387.83,8107
5399.7,8106
5411.07,8105
5413.26,8104
5415.56,8103
5416.77,8102
5418.88,8101
5430.27,8100
5475.31,8099
5477.34,8098
5482.75,8097
5490.17,8096
5494.64,8095
5513.99,8094
5516.28,8092
5521.12,8091
5534.59,8090
5537.94,8089
5545.26,8088
5547.49,8087
5551.72,8086
5576.06,8085
5585.78,8084
5587.08,8082
5598.47,8080
5606.99,8079
5623.43,8078
5634.19,8076
5650.3,8075
5652.73,8074
5657.97,8073
5666.31,8072
5667.3,8071
5677.43,8068
5686.08,8067
5687.15,8065
5689.18,8064
5695.71,8063
5699.94,8062
5702.13,8061
5703.19,8060
5711.29,8058
5724.1,8057
5749.27,8056
5752.33,8055
5754.37,8054
5756.76,8053
5757.85,8052
5765.4,8051
5768.48,8050
5770.44,8049
5773.67,8048
5803.99,8047
5819.05,8042
5833.68,8041
5836.86,8040
5841.31,8039
5842.38,8038
5864.29,8036
5967.85,8035
5974.58,8033
5975.73,8032
5977.1,8031
5992.3,8030
5999.69,8029
6008.23,8028
6009.19,8027
6013.19,8026
6017.5,8024
6038.08,8023
6043.73,8022
6074.43,8020
6080.67,8019
6084,8016
6112.92,8015
6113.89,8014
6116.23,8013
6127.32,8011
6156.28,8010
6158.58,8008
6188.75,8006
6190.68,8005
6219.69,8003
6247.25,8002
6291.11,8001
6292.22,8000
6293.44,7999
6297.03,7997
6303.62,7996
6309.43,7995
6318.85,7994
6327.25,7993
6339.41,7992
6340.52,7991
6343.92,7990
6361.97,7989
6416.82,7987
6423.11,7986
6424.19,7985
6450.06,7984
6451.02,7982
6486.48,7979
6487.56,7978
6527.23,7976
6534.32,7975
6537.53,7974
6547.07,7973
6571.69,7972
6578.31,7971
6587.44,7970
6868.67,7969
6882.87,7966
6887.66,7965
6903.33,7964
6913.82,7963
6923.35,7962
6937.01,7961
6940.51,7960
6963.45,7958
6968.69,7957
6991.82,7956
6997.12,7955
7023.52,7954
7030.12,7952
7079.79,7951
7085.1,7950
7105.06,7948
7130.04,7946
7387.71,7945
7411.82,7944
7413.97,7943
7414.94,7941
7584.77,7940
7591.87,7939
7597.03,7938
7603.68,7937
7604.77,7934
7605.84,7933
7735.41,7932
7739.65,7931
7746.62,7929
7747.95,7928
7797.11,7927
7798.17,7926
7822.44,7925
7896.9,7924
7915.91,7923
7920.2,7922
7938.09,7921
7994.05,7920
8003.42,7919
8012.82,7918
8021.07,7917
8023.26,7916
8099.44,7915
8136.51,7913
8171.13,7912
8200.67,7911
8211.54,7910
8217.2,7908
8248.84,7907
8261.76,7906
8271.66,7905
8282.97,7904
8302.57,7902
8332.86,7901
8334,7900
8364.36,7899
8371.52,7898
8372.65,7896
8489.6,7892
8509.83,7891
8549.56,7890
8726.24,7889
8749.16,7888
8769.16,7887
8780.7,7886
8784.87,7884
8807.98,7882
8827.09,7881
8841.49,7880
8848.99,7879
8985.08,7878
8986.07,7877
8987.26,7874
8988.32,7873
9326.02,7872
9349.42,7871
9373.99,7869
9376,7868
9531.63,7867
9540.69,7866
9547.71,7865
9800.2,7863
9822.07,7862
9833.79,7861
9843.84,7860
9845.87,7859
9850.44,7858
9867.67,7857
10085.9,7856
10089,7855
10110.1,7854
10185.4,7853
10192.7,7850
10258.9,7849
10375.6,7848
10379.1,7847
10384,7846
10568,7844
10740.9,7843
10760.1,7842
10917.5,7841
10971.3,7840
10989.4,7839
10998.5,7838
11006,7837
11017.4,7836
11035.1,7835
11050.2,7834
11052.9,7833
11056.1,7832
11153.8,7831
14633.5,7830
14641.9,7829
14662.7,7828
14666.2,7827
14676.2,7826
14701.2,7825
14703.5,7823
18335.8,7822
18342.3,7821
18366,7820
18796,7819
18798,7818
18843.9,7817
18858.6,7816
18861,7815
18929.5,7814
19066.5,7813
19098.2,7811
19148.1,7810
19170.1,7809
19175.4,7808
19181.7,7807
19182.7,7806
23339.9,7805
23359.9,7804
23369.4,7803
23382.2,7800
23387.4,7799
23433.8,7798
23455.7,7797
23457.8,7796
23471.3,7794
23521,7793
23531.3,7792
23550,7791
24078.7,7790
24081,7788
24082.2,7787
26568.4,7785
28289.1,7784
28382.4,7783
28687.4,7782
29461.8,7780
29470.2,7779
29529.7,7778
29574.5,7777
29592.8,7776
29611.4,7774
31214.4,7773
31220.7,7772
31259.8,7770
31270.9,7769
31327.6,7768
31528.2,7766
31545.9,7765
31578.7,7764
32673.6,7763
32734.8,7762
32738.8,7761
32752.4,7759
32824.8,7758
32829.8,7757
32857.7,7756
32988.3,7755
33062.3,7754
33065.4,7752
33106.7,7751
33126.6,7750
33127.6,7749
33134.9,7748
33136.1,7747
33184.3,7746
33186.3,7744
46652.2,7743
53130.2,7742
53459.7,7741
53471.2,7740
53476.6,7739
53477.8,7738
53487.8,7737
57528.4,7735
57680.2,7734
57683.2,7733
62286.9,7732
62327.7,7731
62343,7730
62368.9,7729
62493.4,7728
62695.1,7727
62749.2,7726
62751.4,7725
62753.5,7724
62765.1,7723
62768,7722
62782.3,7721
62788.6,7720
63884,7719
63929.9,7718
63934,7716
63971.7,7715
63980.3,7714
63982.4,7713
64075.9,7712
64083.5,7711
64085.6,7710
64087.7,7709
64092.7,7708
64147.7,7707
64201,7706
64202,7704
64275,7703
64282.5,7702
69367.4,7701
69369.5,7700
76657.6,7699
76675.5,7698
76704.2,7697
78305.4,7696
78308,7695
78309.1,7694
78429.9,7693
78541.9,7692
