3.08611,14108
4.84672,14107
6.44744,14106
8.20292,14105
9.89298,14104
11.4639,14103
13.2219,14102
15.0076,14101
16.7766,14100
18.3617,14099
20.0508,14097
21.643,14096
23.256,14094
25.0788,14093
26.6772,14091
28.4046,14090
30.0309,14089
31.67,14087
33.3135,14086
34.8752,14083
36.6069,14082
38.3002,14078
40.0806,14075
41.6666,14072
43.3755,14062
45.1715,14061
46.7184,14051
48.4179,14050
50.0825,14049
52.0231,14048
53.7543,14046
55.5407,14045
57.3645,14044
59.1458,14041
60.859,14036
62.4962,14035
64.2126,14033
65.8695,14032
67.6312,14026
69.3486,14025
71.1053,14022
72.7181,14019
74.3737,14017
76.3069,14011
77.957,14006
79.7376,14003
81.3594,14001
83.1425,13997
84.8305,13996
86.6043,13992
88.2541,13991
90.1361,13989
92.0079,13988
93.7473,13986
95.6105,13983
97.2004,13980
98.9712,13977
100.571,13976
102.22,13971
103.955,13970
105.636,13962
107.47,13958
109.168,13956
111.387,13952
113.136,13946
115.067,13943
116.826,13940
118.69,13938
120.275,13935
121.907,13934
123.615,13929
125.182,13928
126.904,13927
128.543,13926
130.414,13924
132.023,13922
133.777,13921
135.749,13919
137.38,13916
139.085,13915
140.662,13906
142.328,13904
144.045,13903
145.731,13901
147.328,13893
148.97,13889
150.993,13888
152.802,13883
154.531,13881
156.174,13877
157.867,13874
159.502,13871
161.161,13867
162.877,13866
164.46,13864
166.15,13861
167.688,13859
169.421,13858
171.295,13857
173.071,13856
174.913,13855
176.624,13853
178.535,13846
180.089,13838
181.855,13833
183.454,13829
185.145,13827
186.724,13825
188.408,13824
190.141,13823
191.849,13822
193.557,13821
195.089,13818
196.759,13817
198.318,13814
199.902,13813
201.605,13809
203.172,13799
204.946,13795
206.537,13794
208.397,13790
210.37,13789
212.216,13787
213.907,13783
215.792,13782
217.447,13779
219.019,13778
220.823,13774
222.391,13773
224.145,13771
225.725,13768
227.318,13763
228.947,13762
230.642,13759
232.914,13758
234.641,13755
236.506,13754
238.195,13753
240.138,13752
241.86,13751
243.684,13750
245.367,13749
246.928,13748
248.706,13742
250.344,13740
252.207,13736
253.776,13735
255.56,13731
257.299,13727
258.923,13718
260.66,13717
262.406,13713
264.103,13705
265.677,13703
267.414,13702
268.982,13700
270.566,13697
272.394,13695
273.994,13693
275.753,13689
277.399,13687
279.131,13686
280.789,13685
282.443,13680
284.325,13677
286.074,13667
288.517,13666
290.506,13665
292.638,13661
294.492,13659
296.754,13658
298.553,13657
300.6,13656
302.289,13651
304.101,13650
305.71,13648
307.455,13647
309.267,13645
311.177,13644
313.216,13643
315.064,13635
316.942,13634
318.515,13633
320.24,13628
321.805,13624
323.561,13619
325.19,13617
326.764,13615
328.643,13607
330.396,13606
332.078,13604
333.787,13602
335.571,13601
337.144,13598
338.757,13596
340.464,13588
342.008,13578
343.74,13575
345.336,13574
347,13573
348.591,13571
350.106,13570
352.049,13569
353.867,13566
355.701,13565
357.446,13564
359.403,13562
361.008,13555
362.795,13554
364.492,13552
366.206,13548
367.885,13546
369.489,13544
371.239,13541
372.796,13540
374.644,13535
376.636,13532
378.376,13530
380.023,13528
381.654,13525
383.497,13523
385.188,13521
386.995,13520
388.541,13519
390.37,13516
392.133,13513
394.132,13511
395.944,13509
397.516,13507
399.237,13505
400.769,13503
402.469,13502
404.056,13501
405.708,13495
407.405,13492
408.965,13486
410.756,13483
412.455,13477
414.384,13475
416.091,13472
417.902,13470
419.868,13469
421.463,13468
423.203,13467
424.972,13465
427.09,13457
429.087,13456
430.965,13455
432.804,13453
434.571,13448
436.237,13446
437.903,13445
439.68,13444
441.236,13443
443.059,13441
444.972,13437
446.748,13436
448.426,13435
450.272,13427
451.899,13426
453.528,13424
455.214,13422
456.861,13421
458.636,13415
460.242,13410
462.01,13409
463.599,13406
465.498,13405
467.068,13403
468.692,13402
470.446,13401
472.216,13398
474.075,13394
475.822,13391
477.694,13389
479.429,13387
481.158,13382
482.781,13381
484.482,13380
486.22,13379
487.776,13378
489.476,13377
491.156,13374
492.812,13370
494.458,13369
496.07,13364
497.924,13362
499.688,13359
501.37,13354
503.033,13352
504.896,13351
506.563,13347
508.328,13344
510.088,13341
511.64,13340
513.401,13339
515.002,13336
516.803,13331
518.415,13328
520.087,13325
521.756,13324
523.342,13321
525.222,13318
526.771,13317
528.514,13316
530.165,13312
532.015,13309
533.996,13304
535.697,13303
537.532,13301
539.372,13300
541.27,13297
543.049,13294
544.724,13292
546.404,13288
548.127,13285
549.775,13282
551.354,13281
553.074,13280
554.692,13279
556.382,13278
557.898,13277
559.573,13276
561.234,13272
562.948,13270
564.675,13267
566.42,13265
568.161,13264
569.731,13261
571.347,13260
572.95,13259
574.503,13256
576.195,13255
577.888,13252
579.664,13250
581.27,13249
582.896,13248
584.571,13245
586.281,13243
588.031,13242
589.623,13238
591.34,13232
592.907,13231
594.755,13229
596.5,13225
598.22,13219
600.071,13218
601.787,13216
603.498,13213
605.072,13212
606.88,13208
608.556,13204
610.201,13203
611.839,13201
613.455,13197
615.21,13192
616.766,13190
618.418,13187
620.003,13182
621.544,13177
623.275,13176
624.806,13171
626.654,13170
628.25,13169
629.92,13168
631.521,13167
633.105,13165
634.793,13162
636.411,13160
638.358,13158
639.992,13157
642.102,13155
643.788,13154
645.431,13153
647.274,13151
648.817,13149
650.626,13147
652.301,13143
654.243,13142
655.942,13140
658.028,13139
660.161,13138
662.61,13137
664.272,13136
667.448,13135
669.331,13125
671.389,13123
673.617,13120
675.736,13115
677.592,13111
679.251,13110
680.887,13108
682.743,13106
684.506,13105
686.379,13103
687.942,13102
689.589,13099
691.466,13095
693.512,13093
695.264,13092
696.818,13090
698.513,13089
700.068,13088
701.744,13084
703.327,13083
704.942,13082
706.638,13081
708.222,13080
709.944,13077
711.579,13074
713.463,13073
715.323,13070
717.019,13069
718.814,13065
720.48,13061
722.279,13058
723.849,13056
725.592,13055
727.095,13052
728.885,13049
730.673,13047
732.566,13046
734.581,13045
736.408,13043
738.39,13042
740.063,13041
742.02,13037
743.697,13036
745.335,13031
746.992,13029
748.633,13026
750.328,13025
751.864,13023
753.596,13020
755.167,13015
756.944,13013
759.03,13012
761.083,13006
762.805,13005
764.36,13000
766.056,12999
767.613,12998
769.434,12997
770.973,12994
772.536,12989
774.167,12988
775.818,12987
777.71,12984
779.579,12983
781.48,12980
783.217,12979
785.128,12977
786.807,12976
788.484,12975
790.316,12974
791.904,12972
793.622,12967
795.315,12964
797.007,12962
798.637,12960
800.344,12959
802.064,12957
803.779,12956
805.52,12951
807.193,12948
808.947,12947
810.682,12944
812.304,12943
813.971,12941
815.552,12940
817.294,12938
818.959,12937
820.829,12935
822.43,12934
824.206,12932
825.883,12927
827.445,12926
829.356,12924
830.972,12922
832.959,12921
834.561,12915
836.255,12914
838.008,12913
840.049,12909
841.928,12905
843.988,12901
845.781,12896
847.358,12894
849.569,12892
851.21,12890
853.001,12888
854.625,12886
856.3,12885
857.92,12881
859.655,12880
861.454,12878
863.223,12873
865.021,12872
866.656,12870
868.461,12866
870.179,12863
871.809,12862
873.514,12861
875.133,12859
876.857,12853
878.415,12850
880.163,12848
881.836,12846
883.447,12845
885.093,12844
886.695,12843
888.519,12838
890.252,12836
891.914,12833
893.508,12832
895.076,12830
896.787,12829
898.522,12826
900.433,12824
902.148,12823
904.017,12820
905.817,12819
907.496,12817
909.121,12816
910.847,12814
912.575,12813
914.166,12807
916.004,12806
917.549,12801
919.302,12799
920.942,12798
922.576,12797
924.294,12794
925.858,12792
927.586,12791
929.249,12790
930.975,12789
932.747,12788
934.805,12784
936.655,12782
938.292,12780
940.146,12779
941.883,12776
944.017,12774
945.662,12773
947.407,12767
948.982,12764
950.627,12762
952.318,12760
953.845,12758
955.543,12755
957.076,12752
959.109,12750
960.944,12748
962.786,12747
964.497,12746
966.313,12745
967.984,12741
969.564,12739
971.335,12737
972.917,12734
974.574,12732
976.406,12727
978.249,12725
979.935,12724
981.689,12723
983.641,12722
985.383,12720
987.259,12718
988.791,12716
990.649,12715
992.464,12714
994.241,12712
995.903,12711
997.474,12710
999.182,12709
1000.79,12704
1002.83,12703
1004.49,12702
1006.42,12699
1008.49,12698
1010.37,12697
1012.14,12692
1013.75,12690
1015.47,12689
1017.01,12687
1018.9,12686
1020.58,12685
1022.66,12683
1024.85,12681
1026.84,12678
1028.54,12677
1030.29,12676
1031.94,12674
1033.61,12672
1035.31,12670
1036.93,12668
1038.57,12667
1040.14,12666
1041.89,12663
1043.65,12660
1045.17,12657
1046.81,12655
1048.36,12654
1049.95,12651
1051.58,12648
1053.08,12647
1054.83,12646
1056.35,12645
1057.99,12644
1059.55,12639
1061.3,12638
1063.45,12635
1065.11,12633
1067.01,12629
1068.58,12628
1070.4,12627
1072.15,12624
1073.91,12623
1075.52,12622
1077.05,12619
1078.93,12618
1080.56,12617
1082.45,12616
1084.21,12615
1086.03,12613
1087.78,12610
1089.44,12609
1091.08,12608
1092.63,12605
1094.37,12604
1095.96,12601
1097.63,12594
1099.17,12593
1101.1,12589
1102.86,12588
1104.45,12585
1106.2,12581
1108.06,12579
1109.87,12576
1111.42,12575
1113.1,12574
1115.09,12573
1116.65,12572
1118.34,12570
1119.92,12568
1121.67,12567
1123.3,12566
1125.05,12565
1126.66,12564
1128.33,12563
1130.02,12561
1131.78,12560
1134,12555
1135.75,12553
1137.44,12552
1139.15,12545
1141.16,12542
1143.05,12539
1144.79,12536
1146.6,12535
1148.58,12533
1150.7,12531
1152.54,12529
1154.46,12528
1156.17,12527
1157.94,12526
1159.56,12525
1161.15,12523
1162.85,12522
1164.67,12521
1166.53,12519
1168.35,12518
1170.14,12516
1171.66,12514
1173.35,12513
1174.98,12509
1176.74,12507
1178.26,12499
1179.85,12497
1181.56,12494
1183.12,12493
1185.14,12491
1186.67,12489
1188.6,12488
1190.54,12487
1192.33,12486
1194.09,12484
1195.78,12480
1197.47,12479
1199.09,12478
1201.11,12475
1203.11,12471
1204.92,12466
1206.53,12463
1208.38,12462
1210.14,12460
1211.79,12459
1213.35,12458
1214.89,12457
1216.66,12456
1218.18,12455
1219.87,12454
1221.42,12453
1222.99,12451
1224.65,12447
1226.25,12446
1228.11,12442
1229.78,12441
1231.57,12440
1233.37,12437
1235.04,12436
1236.71,12435
1238.29,12433
1239.95,12432
1241.48,12431
1243.12,12430
1244.78,12429
1246.38,12428
1248.07,12424
1249.82,12423
1251.57,12421
1253.14,12418
1254.73,12416
1256.73,12415
1258.88,12413
1260.82,12412
1262.62,12410
1264.51,12408
1266.54,12403
1268.6,12402
1269.94,12399
1271.41,12398
1272.99,12397
1274.51,12395
1276.18,12391
1277.9,12390
1279.76,12389
1281.34,12388
1283.01,12387
1284.78,12386
1286.48,12385
1288.11,12382
1289.59,12381
1291.35,12380
1293.06,12378
1294.83,12376
1296.59,12372
1298.18,12371
1299.96,12369
1301.74,12368
1303.43,12367
1304.97,12366
1306.61,12365
1308.23,12363
1309.77,12360
1311.47,12358
1313.01,12357
1314.74,12355
1316.29,12354
1318.03,12353
1319.68,12350
1321.31,12347
1323.22,12346
1325.14,12344
1327.16,12342
1329,12340
1330.72,12339
1332.24,12338
1333.94,12336
1335.58,12335
1337.38,12333
1339.07,12331
1340.61,12330
1342.3,12329
1343.94,12325
1345.57,12323
1347.2,12320
1348.77,12319
1350.46,12317
1352.01,12315
1353.64,12311
1355.29,12310
1356.83,12308
1358.71,12306
1360.23,12301
1361.98,12300
1363.53,12298
1365.02,12297
1366.63,12295
1368.24,12290
1369.96,12285
1371.64,12283
1373.62,12282
1375.2,12281
1376.77,12280
1378.66,12278
1380.27,12277
1382,12276
1383.65,12270
1385.48,12267
1387.18,12264
1388.99,12263
1390.6,12262
1392.2,12258
1393.82,12256
1395.37,12254
1397.06,12253
1398.84,12252
1400.62,12251
1402.14,12250
1403.77,12249
1405.42,12248
1407.01,12247
1408.69,12246
1410.42,12244
1412.05,12243
1413.56,12241
1415.13,12239
1416.89,12238
1418.64,12236
1420.49,12235
1422.05,12227
1423.83,12222
1425.49,12221
1427.02,12219
1428.76,12218
1430.33,12215
1432.29,12213
1434.01,12210
1435.66,12208
1437.36,12205
1439.28,12203
1441.22,12202
1443.12,12201
1444.95,12200
1446.64,12198
1448.5,12197
1450.1,12195
1451.8,12191
1453.34,12189
1454.93,12186
1456.57,12185
1458.06,12184
1460,12183
1461.51,12182
1463.28,12181
1464.91,12180
1466.45,12179
1468.26,12177
1470.01,12176
1471.71,12175
1473.21,12171
1474.85,12168
1476.44,12165
1478.03,12163
1479.95,12162
1481.57,12160
1483.29,12159
1484.85,12158
1486.42,12156
1488.09,12154
1489.76,12153
1491.47,12151
1493.01,12150
1494.63,12149
1496.26,12146
1497.8,12145
1499.68,12144
1501.32,12143
1503.12,12141
1504.85,12139
1506.65,12138
1508.35,12137
1510.02,12136
1511.62,12134
1513.14,12133
1514.8,12131
1516.34,12128
1517.96,12125
1519.71,12122
1521.25,12121
1522.93,12120
1524.45,12119
1526.1,12117
1527.64,12116
1529.26,12115
1530.88,12114
1532.42,12111
1534.08,12110
1535.63,12107
1537.23,12106
1538.86,12105
1540.53,12104
1542.18,12101
1543.69,12100
1545.32,12099
1546.86,12098
1548.4,12097
1550.12,12094
1551.73,12092
1553.41,12091
1554.95,12090
1556.52,12088
1558.2,12087
1559.85,12086
1561.95,12083
1563.63,12079
1565.43,12076
1567.15,12075
1568.93,12074
1570.51,12073
1572.2,12072
1573.79,12071
1575.3,12068
1577.05,12067
1578.85,12066
1580.82,12065
1582.41,12064
1584.15,12063
1585.87,12062
1587.44,12061
1589.1,12060
1590.65,12059
1592.39,12054
1594.17,12053
1595.9,12051
1597.47,12050
1598.99,12044
1600.87,12043
1602.36,12042
1604,12041
1605.57,12037
1607.07,12036
1608.72,12034
1610.25,12033
1612.01,12027
1613.54,12022
1615.22,12021
1616.84,12020
1618.37,12018
1620.03,12015
1621.84,12014
1623.65,12013
1625.35,12012
1627.05,12011
1628.87,12010
1630.45,12008
1632.11,12007
1633.66,12006
1635.32,12005
1636.86,12004
1638.39,12002
1640.05,11998
1641.76,11997
1643.52,11996
1645.05,11995
1646.68,11993
1648.3,11991
1649.83,11990
1651.58,11989
1653.13,11987
1654.8,11986
1656.41,11982
1657.92,11980
1659.6,11978
1661.17,11976
1663.06,11975
1664.6,11974
1666.24,11973
1667.74,11972
1669.37,11970
1670.97,11969
1672.55,11968
1674.25,11967
1675.82,11964
1677.5,11961
1679.14,11960
1680.7,11959
1682.53,11958
1684.19,11955
1686.04,11953
1687.81,11952
1689.69,11948
1691.3,11947
1692.8,11945
1694.48,11942
1695.99,11941
1697.63,11940
1699.26,11939
1700.87,11938
1702.54,11935
1704.1,11933
1705.81,11932
1707.4,11930
1709.33,11925
1711.53,11920
1713.57,11917
1715.24,11916
1716.8,11915
1718.39,11914
1720.04,11913
1721.8,11912
1723.68,11911
1725.41,11910
1727.14,11906
1729.21,11904
1730.91,11903
1733.09,11902
1734.74,11901
1736.34,11900
1737.95,11899
1739.62,11898
1741.34,11896
1743.18,11894
1745.01,11893
1746.65,11892
1748.39,11891
1750.19,11890
1751.74,11889
1753.55,11888
1755.15,11887
1756.82,11886
1758.34,11884
1759.98,11883
1761.64,11881
1763.41,11880
1765.14,11879
1766.68,11878
1768.37,11877
1769.96,11874
1771.46,11872
1773.3,11868
1774.8,11866
1776.48,11860
1778.05,11858
1779.64,11857
1781.19,11855
1782.75,11853
1784.49,11852
1786.02,11850
1787.64,11849
1789.26,11848
1790.79,11847
1792.48,11845
1794.18,11844
1795.84,11843
1797.42,11842
1798.98,11841
1800.65,11840
1802.27,11837
1804.22,11835
1805.82,11833
1807.57,11832
1809.31,11831
1811.07,11830
1812.74,11825
1814.38,11824
1816.14,11823
1817.69,11821
1819.33,11820
1820.93,11817
1822.5,11814
1824.21,11812
1825.69,11810
1827.69,11809
1829.37,11808
1831.03,11805
1832.67,11804
1834.5,11803
1836.15,11802
1837.67,11801
1839.36,11800
1840.96,11799
1842.7,11798
1844.39,11795
1845.99,11793
1847.67,11792
1849.22,11791
1850.89,11790
1852.58,11789
1854.39,11786
1855.94,11784
1857.6,11783
1859.41,11779
1860.94,11778
1862.7,11777
1864.45,11776
1866.37,11775
1868.02,11772
1869.79,11770
1871.5,11769
1873,11768
1874.94,11767
1876.89,11764
1879.2,11763
1880.92,11760
1882.74,11758
1884.6,11756
1886.67,11755
1888.35,11749
1890.09,11748
1891.86,11747
1893.78,11746
1895.62,11745
1897.28,11742
1899.51,11741
1900.99,11738
1902.71,11737
1904.38,11735
1906.51,11734
1908.33,11733
1910.13,11732
1911.92,11730
1913.7,11729
1915.38,11727
1917.02,11725
1918.67,11724
1920.4,11723
1922.05,11720
1923.95,11718
1926.11,11717
1927.8,11716
1929.75,11715
1931.46,11714
1933.22,11711
1934.73,11710
1936.44,11707
1938.01,11706
1939.55,11703
1941.38,11702
1943.02,11701
1944.83,11700
1946.49,11699
1948.27,11698
1949.91,11697
1951.43,11696
1953.25,11691
1955.01,11690
1956.72,11687
1958.25,11686
1959.9,11685
1961.7,11683
1963.24,11682
1965.03,11681
1966.6,11680
1968.32,11679
1969.93,11678
1971.47,11677
1973.14,11676
1974.79,11672
1976.53,11671
1978.11,11670
1979.8,11669
1981.5,11668
1983.07,11667
1985.01,11666
1986.65,11663
1988.49,11662
1990.2,11661
1992.08,11660
1993.71,11658
1995.41,11657
1997.16,11656
1998.7,11655
2000.43,11653
2002.12,11652
2003.82,11649
2005.42,11648
2007.14,11647
2008.83,11646
2010.52,11645
2012.2,11644
2013.85,11643
2015.67,11642
2017.21,11639
2018.79,11636
2020.46,11635
2022.22,11634
2023.91,11633
2025.46,11630
2027.05,11628
2028.7,11626
2030.17,11625
2031.91,11623
2033.72,11622
2035.54,11621
2037.13,11620
2038.78,11619
2040.61,11618
2042.51,11617
2044.32,11616
2046.01,11615
2047.89,11613
2049.55,11612
2051.4,11611
2053.12,11610
2054.69,11609
2056.38,11608
2057.92,11605
2059.7,11604
2061.27,11602
2063.26,11601
2064.88,11599
2066.37,11598
2068.35,11595
2069.96,11591
2071.66,11587
2073.21,11585
2074.8,11584
2076.48,11582
2078.03,11581
2079.74,11580
2081.25,11579
2083.08,11577
2084.72,11576
2086.23,11574
2087.97,11571
2089.52,11569
2091.16,11566
2092.76,11565
2094.49,11564
2096.2,11562
2097.87,11559
2099.6,11555
2101.15,11554
2102.96,11551
2104.6,11548
2106.32,11547
2108.08,11546
2109.81,11545
2111.63,11544
2113.18,11543
2114.79,11542
2116.39,11541
2117.87,11540
2119.51,11539
2121,11538
2122.69,11536
2124.36,11533
2125.85,11532
2127.46,11531
2129.07,11530
2130.74,11529
2132.25,11528
2133.83,11527
2135.4,11526
2136.93,11525
2138.63,11524
2140.13,11523
2141.72,11522
2143.32,11521
2144.85,11520
2146.51,11519
2148.23,11517
2149.94,11511
2151.46,11510
2152.99,11509
2154.68,11508
2156.15,11505
2157.8,11504
2159.61,11503
2161.29,11502
2162.96,11501
2164.57,11500
2166.57,11499
2168.44,11498
2170.26,11495
2172.01,11494
2173.8,11492
2175.3,11491
2176.82,11490
2178.78,11487
2180.51,11484
2182.25,11483
2183.84,11482
2185.61,11479
2187.26,11478
2189.02,11477
2190.75,11476
2192.36,11471
2194.37,11470
2196.17,11469
2198.01,11468
2199.57,11467
2201.22,11466
2202.7,11465
2204.19,11463
2205.92,11462
2207.42,11461
2209.1,11457
2210.68,11456
2212.24,11455
2214,11454
2215.55,11453
2217.28,11452
2218.82,11451
2220.49,11450
2222.02,11449
2223.59,11448
2225.36,11447
2227.05,11444
2228.98,11440
2230.63,11439
2232.4,11438
2234.23,11437
2235.77,11436
2237.46,11433
2238.98,11430
2240.61,11429
2242.1,11427
2243.79,11426
2245.39,11425
2246.9,11424
2248.65,11423
2250.18,11422
2251.8,11421
2253.44,11419
2255.13,11414
2256.83,11411
2258.41,11410
2260.11,11409
2261.67,11406
2263.36,11405
2265.02,11403
2266.57,11402
2268.25,11401
2269.86,11400
2271.53,11399
2273.19,11398
2274.71,11397
2276.45,11396
2278.05,11391
2279.85,11385
2281.47,11382
2282.97,11381
2284.65,11380
2286.4,11379
2288.24,11375
2289.99,11373
2291.85,11371
2293.53,11368
2295.27,11367
2296.86,11366
2298.34,11365
2300.19,11363
2301.65,11362
2303.29,11361
2304.76,11359
2306.63,11358
2308.22,11357
2309.78,11356
2311.57,11355
2313.06,11353
2314.64,11352
2316.3,11351
2317.79,11350
2319.45,11348
2321.18,11347
2322.83,11345
2324.48,11344
2325.97,11343
2327.62,11341
2329.09,11340
2330.75,11339
2332.39,11338
2334.13,11336
2335.74,11335
2337.24,11334
2338.89,11333
2340.53,11332
2342.28,11330
2343.99,11329
2345.75,11327
2347.56,11324
2349.19,11323
2351.03,11322
2352.68,11320
2354.55,11319
2356.14,11317
2357.62,11315
2359.27,11314
2360.81,11312
2362.56,11311
2364.18,11307
2365.79,11305
2367.55,11304
2369.15,11301
2370.95,11299
2372.5,11297
2374.19,11296
2375.72,11295
2377.38,11294
2378.99,11292
2380.55,11290
2382.2,11289
2383.74,11287
2385.43,11285
2386.94,11284
2388.64,11283
2390.29,11281
2391.96,11280
2393.62,11279
2395.16,11277
2396.86,11276
2398.4,11275
2400,11274
2401.79,11273
2403.47,11272
2405.28,11270
2407.1,11269
2409.01,11268
2410.66,11265
2412.58,11264
2414.33,11263
2415.79,11262
2417.45,11260
2419.06,11259
2420.95,11256
2422.59,11254
2424.18,11253
2425.84,11252
2427.46,11251
2429.21,11248
2430.72,11247
2432.57,11246
2434.26,11243
2435.91,11242
2437.78,11241
2439.66,11240
2441.52,11238
2443.15,11236
2444.85,11235
2446.32,11233
2447.83,11232
2449.43,11231
2450.88,11229
2452.72,11228
2454.23,11226
2455.81,11225
2457.61,11224
2459.69,11223
2461.45,11221
2463.12,11220
2464.93,11219
2466.67,11217
2468.5,11216
2470.23,11215
2472.41,11213
2474.21,11211
2476.1,11210
2477.93,11209
2480.01,11206
2481.6,11201
2483.3,11200
2485.21,11199
2486.87,11197
2488.57,11196
2490.02,11195
2491.8,11193
2493.66,11192
2495.88,11191
2497.64,11190
2499.21,11189
2500.95,11188
2502.57,11187
2504.31,11186
2505.93,11184
2507.6,11180
2509.25,11179
2510.77,11178
2512.58,11176
2514.09,11175
2515.88,11173
2517.39,11172
2519.13,11170
2520.77,11169
2522.23,11168
2523.98,11167
2525.51,11165
2527.17,11164
2529,11163
2530.7,11162
2532.63,11161
2534.48,11160
2536.42,11159
2538.07,11158
2539.89,11157
2541.41,11156
2542.94,11155
2544.67,11154
2546.2,11151
2547.95,11150
2549.48,11149
2550.93,11148
2552.61,11147
2554.14,11146
2555.83,11145
2557.36,11144
2558.93,11142
2560.84,11141
2562.59,11140
2564.29,11138
2565.77,11137
2567.41,11136
2568.92,11134
2570.44,11132
2572.09,11124
2573.59,11122
2575.31,11121
2576.86,11120
2578.42,11119
2580.29,11117
2581.79,11114
2583.45,11112
2585,11111
2587.03,11109
2588.81,11107
2590.62,11106
2592.35,11105
2594.05,11104
2595.88,11103
2597.51,11102
2599.17,11101
2600.73,11100
2602.2,11099
2603.84,11098
2605.53,11097
2607.57,11096
2609.62,11095
2611.73,11092
2613.39,11091
2615.24,11089
2616.83,11087
2618.52,11086
2620.1,11085
2621.63,11084
2623.36,11082
2624.88,11081
2626.67,11080
2628.09,11079
2629.64,11077
2631.23,11076
2632.93,11075
2635.05,11074
2636.56,11072
2638.15,11071
2639.87,11069
2641.79,11068
2643.57,11067
2645.1,11066
2646.76,11065
2648.35,11064
2650.2,11063
2652.03,11062
2653.86,11061
2655.67,11058
2657.37,11057
2658.96,11056
2660.51,11055
2662.16,11054
2663.81,11053
2665.49,11052
2667.11,11048
2668.63,11047
2670.36,11046
2671.95,11045
2673.59,11043
2675.12,11042
2676.84,11041
2678.77,11040
2680.41,11039
2682.43,11038
2684.11,11035
2685.9,11032
2687.37,11031
2689.01,11030
2690.66,11029
2692.36,11028
2693.98,11027
2695.52,11025
2697.23,11023
2698.73,11021
2700.29,11020
2701.91,11019
2703.38,11017
2705.04,11014
2706.65,11013
2708.31,11012
2710.17,11009
2711.94,11008
2713.76,11007
2715.51,11005
2717.32,11004
2718.81,11003
2720.31,11002
2721.87,11000
2723.4,10999
2724.98,10998
2726.56,10997
2728.15,10996
2729.86,10994
2731.31,10991
2733.06,10990
2734.53,10988
2736.06,10987
2737.69,10984
2739.19,10983
2740.83,10982
2742.31,10980
2743.85,10979
2745.74,10978
2747.36,10977
2748.99,10976
2750.44,10975
2752.2,10973
2753.72,10972
2755.15,10971
2756.77,10970
2758.37,10969
2760.08,10967
2761.64,10966
2763.18,10965
2764.8,10964
2766.39,10963
2768.04,10961
2769.72,10958
2771.49,10957
2773.39,10956
2775.04,10955
2776.95,10953
2778.87,10950
2780.73,10948
2782.35,10946
2784.18,10944
2785.98,10942
2787.88,10940
2789.41,10939
2791.11,10938
2792.91,10937
2794.61,10936
2796.4,10934
2797.94,10933
2799.54,10932
2801.18,10930
2803.04,10929
2804.75,10928
2806.35,10927
2807.97,10926
2809.48,10924
2811.04,10923
2812.74,10920
2814.26,10919
2815.97,10916
2817.43,10915
2819.05,10914
2820.55,10913
2822.04,10910
2823.71,10909
2825.23,10905
2826.88,10904
2828.64,10903
2830.32,10901
2832.11,10900
2833.96,10897
2835.79,10894
2837.47,10892
2839.1,10891
2840.58,10890
2842.15,10889
2843.91,10888
2845.4,10887
2847.04,10886
2848.6,10885
2850.2,10884
2851.78,10883
2853.43,10882
2855.07,10881
2856.57,10880
2858.25,10879
2859.82,10878
2861.32,10877
2863.08,10876
2864.61,10873
2866.32,10871
2867.81,10868
2869.43,10867
2871.01,10866
2872.54,10865
2874.31,10864
2875.89,10863
2877.42,10862
2879.05,10861
2880.53,10860
2882.16,10859
2883.64,10858
2885.27,10857
2886.84,10856
2888.4,10855
2890.31,10854
2891.96,10853
2893.9,10851
2895.58,10849
2897.42,10848
2899,10847
2900.5,10846
2902.14,10845
2903.64,10844
2905.21,10843
2906.83,10842
2908.3,10840
2909.92,10839
2911.55,10837
2913.13,10836
2914.63,10833
2916.14,10831
2917.75,10830
2919.55,10829
2921.24,10828
2922.83,10827
2924.66,10826
2926.21,10825
2927.69,10824
2929.33,10822
2930.86,10821
2932.57,10819
2934.34,10818
2935.85,10817
2937.75,10816
2939.43,10813
2941.25,10810
2942.83,10808
2944.47,10807
2945.94,10806
2947.41,10805
2949.1,10804
2950.86,10803
2952.63,10802
2954.31,10801
2956.1,10800
2957.76,10799
2959.27,10798
2961.08,10797
2962.56,10796
2964.45,10795
2965.87,10794
2967.39,10793
2969.05,10792
2970.61,10790
2972.17,10789
2973.64,10788
2975.09,10787
2976.66,10786
2978.15,10785
2979.86,10783
2981.36,10782
2982.85,10781
2984.58,10780
2986.21,10779
2987.83,10778
2989.37,10777
2990.92,10776
2992.46,10775
2993.9,10774
2995.5,10773
2997.03,10772
2998.56,10771
3000.16,10770
3001.62,10768
3003.23,10766
3004.68,10765
3006.33,10764
3007.88,10762
3009.48,10761
3011.25,10760
3012.86,10759
3014.55,10756
3016.21,10754
3017.95,10753
3019.58,10752
3021.02,10751
3022.6,10750
3024.11,10749
3025.68,10748
3027.28,10747
3028.76,10746
3030.39,10745
3031.83,10744
3033.26,10743
3034.85,10742
3036.28,10741
3037.87,10737
3039.44,10736
3040.91,10733
3042.52,10732
3043.99,10731
3045.78,10730
3047.3,10729
3048.73,10727
3050.38,10726
3051.89,10725
3053.47,10724
3055.04,10723
3056.51,10719
3058.19,10718
3059.78,10717
3061.42,10715
3062.97,10714
3064.5,10713
3066.24,10712
3067.84,10711
3069.45,10710
3071.15,10709
3072.93,10708
3074.56,10707
3076.2,10705
3078.13,10704
3079.87,10703
3081.4,10702
3082.84,10701
3084.56,10700
3086.21,10699
3088,10698
3089.51,10696
3091,10695
3092.7,10694
3094.14,10693
3095.85,10692
3097.41,10691
3098.87,10689
3100.53,10688
3102.09,10687
3103.77,10686
3105.27,10682
3106.94,10681
3108.55,10680
3110.03,10679
3111.68,10676
3113.14,10675
3114.64,10673
3116.27,10672
3117.75,10671
3119.38,10670
3120.84,10669
3122.34,10668
3123.92,10667
3125.39,10666
3127,10665
3128.45,10664
3129.98,10663
3131.92,10662
3133.57,10661
3135.35,10660
3137.05,10659
3138.84,10658
3140.34,10657
3141.81,10655
3143.45,10654
3144.92,10653
3146.53,10652
3148,10651
3149.56,10650
3151.07,10649
3152.75,10648
3154.38,10647
3155.81,10646
3157.36,10645
3158.93,10644
3160.4,10643
3162.1,10642
3163.61,10641
3165.45,10640
3167.12,10639
3168.59,10638
3170.31,10636
3171.76,10635
3173.45,10634
3174.92,10633
3176.45,10632
3178.04,10631
3179.52,10628
3181.06,10627
3182.6,10626
3184.02,10624
3185.63,10622
3187.06,10621
3188.67,10620
3190.23,10619
3191.93,10618
3193.83,10616
3195.48,10615
3197.27,10614
3198.9,10612
3200.55,10611
3202.1,10610
3203.56,10609
3205.13,10608
3206.62,10607
3208.13,10606
3209.67,10605
3211.18,10604
3212.84,10603
3214.41,10602
3215.96,10601
3217.55,10600
3219.02,10599
3220.63,10598
3222.19,10597
3223.8,10596
3225.41,10595
3226.88,10594
3228.57,10593
3230.04,10592
3231.7,10591
3233.57,10590
3235.15,10589
3236.75,10588
3238.2,10587
3239.79,10585
3241.45,10584
3243.16,10582
3244.72,10581
3246.39,10580
3248.13,10579
3249.64,10577
3251.4,10575
3253.06,10574
3254.93,10573
3256.58,10572
3258.2,10571
3260.02,10570
3261.67,10568
3263.45,10567
3265.1,10566
3266.54,10565
3268.34,10564
3269.87,10563
3271.55,10562
3273.02,10561
3274.72,10560
3276.28,10558
3277.76,10554
3279.48,10553
3280.97,10550
3282.66,10549
3284.45,10548
3286.08,10547
3287.96,10544
3289.44,10542
3291.12,10539
3292.69,10538
3294.27,10536
3295.92,10534
3297.39,10532
3298.97,10531
3300.59,10530
3302.12,10529
3303.72,10528
3305.17,10527
3306.74,10526
3308.2,10525
3309.69,10523
3311.31,10522
3312.84,10521
3314.63,10520
3316.47,10518
3318.21,10517
3319.92,10516
3321.51,10515
3323.12,10514
3324.59,10512
3326.21,10511
3327.75,10510
3329.26,10508
3330.87,10507
3332.35,10506
3333.87,10505
3335.4,10504
3336.99,10503
3338.64,10502
3340.09,10501
3341.6,10500
3343.1,10499
3344.7,10498
3346.33,10497
3347.77,10496
3349.28,10495
3350.81,10494
3352.39,10493
3353.99,10492
3355.44,10490
3357.25,10489
3359.21,10488
3361.45,10487
3363.42,10486
3365.04,10485
3366.69,10484
3368.24,10482
3369.85,10481
3371.35,10480
3373.04,10479
3374.75,10478
3376.59,10475
3378.51,10474
3380.34,10473
3382.03,10472
3383.54,10471
3385.25,10470
3386.98,10468
3388.57,10467
3390.08,10466
3391.73,10464
3393.35,10463
3394.86,10462
3396.96,10461
3398.58,10460
3400.47,10459
3402.27,10458
3403.78,10457
3405.5,10456
3407.06,10455
3408.83,10454
3410.36,10453
3411.86,10452
3413.48,10451
3414.97,10450
3416.73,10449
3418.34,10448
3419.75,10447
3421.38,10445
3422.83,10444
3424.45,10443
3425.98,10442
3427.55,10441
3429.5,10440
3430.94,10439
3432.51,10436
3434.27,10433
3436.5,10432
3438.6,10430
3440.59,10429
3442.27,10428
3443.91,10427
3445.64,10426
3447.11,10425
3449.02,10424
3450.65,10423
3452.27,10422
3454,10421
3455.55,10419
3457.46,10418
3458.98,10417
3460.66,10416
3462.18,10415
3463.87,10414
3465.59,10413
3467.17,10412
3468.92,10411
3470.56,10410
3472.17,10409
3473.76,10408
3475.48,10407
3477.05,10406
3478.85,10405
3480.59,10404
3482.24,10402
3483.95,10401
3485.55,10400
3487.16,10398
3488.8,10396
3490.42,10394
3492.22,10392
3493.89,10389
3495.7,10388
3497.4,10386
3499.45,10385
3501.29,10384
3502.98,10382
3504.69,10380
3506.22,10379
3507.88,10378
3509.37,10376
3511.02,10374
3512.66,10373
3514.19,10372
3515.84,10371
3517.41,10370
3519.17,10369
3520.72,10368
3522.26,10367
3523.93,10366
3525.5,10365
3527.27,10364
3528.78,10363
3530.39,10362
3532.03,10361
3533.89,10360
3535.64,10359
3537.09,10358
3538.65,10357
3540.12,10356
3541.74,10355
3543.58,10354
3545.03,10352
3546.67,10351
3548.11,10349
3549.67,10348
3551.23,10347
3552.67,10346
3554.43,10345
3556.1,10344
3557.93,10342
3559.57,10341
3561.32,10340
3562.94,10338
3564.77,10337
3566.43,10336
3567.98,10335
3569.58,10334
3571.1,10333
3572.55,10332
3574.16,10331
3575.62,10330
3577.17,10329
3578.72,10328
3580.19,10327
3581.79,10326
3583.3,10325
3585.08,10324
3586.65,10323
3588.14,10322
3589.83,10321
3591.38,10320
3593.01,10319
3594.48,10317
3595.93,10315
3597.61,10314
3599.05,10313
3600.71,10312
3602.17,10311
3603.63,10310
3605.22,10308
3606.66,10307
3608.27,10306
3609.92,10305
3611.37,10304
3612.96,10302
3614.51,10301
3616.21,10300
3617.98,10299
3619.64,10298
3621.42,10296
3622.95,10295
3624.64,10294
3626.11,10293
3627.65,10292
3629.21,10291
3630.83,10290
3632.41,10289
3633.85,10288
3635.4,10287
3636.91,10286
3638.41,10285
3639.99,10282
3641.46,10281
3642.96,10280
3644.54,10279
3645.99,10278
3647.64,10276
3649.17,10275
3651.07,10274
3652.72,10273
3654.14,10272
3655.74,10271
3657.27,10270
3658.9,10269
3660.56,10268
3662.08,10267
3663.72,10264
3665.19,10263
3666.85,10260
3668.37,10259
3669.8,10258
3671.46,10257
3672.9,10256
3674.52,10255
3676.31,10254
3678.14,10253
3680.09,10252
3681.79,10250
3683.59,10248
3685.19,10247
3686.98,10245
3688.59,10244
3690.03,10243
3691.79,10242
3693.25,10241
3694.84,10240
3696.57,10239
3698.19,10238
3699.72,10237
3701.22,10236
3702.95,10235
3704.46,10234
3705.99,10233
3707.56,10232
3709.1,10231
3710.79,10229
3712.26,10228
3713.75,10227
3715.39,10224
3717.06,10223
3718.81,10222
3720.31,10221
3721.87,10220
3723.45,10219
3724.99,10218
3726.67,10217
3728.18,10216
3729.81,10215
3731.58,10214
3733.39,10213
3735.14,10212
3737.11,10211
3738.94,10210
3740.92,10209
3743.03,10208
3744.81,10207
3746.65,10206
3748.47,10205
3750.16,10204
3751.68,10203
3753.38,10201
3754.92,10200
3756.53,10199
3758.18,10198
3759.76,10197
3761.43,10196
3763.27,10195
3764.97,10193
3766.43,10192
3767.85,10190
3769.57,10189
3771.04,10188
3772.64,10187
3774.08,10186
3775.59,10185
3777.18,10184
3778.66,10183
3780.24,10182
3781.68,10181
3783.24,10180
3784.83,10178
3786.31,10177
3787.87,10176
3789.39,10175
3790.88,10174
3792.51,10173
3793.92,10172
3795.55,10171
3797.21,10170
3798.8,10169
3800.65,10168
3802.26,10167
3804.09,10166
3805.55,10165
3807.06,10163
3808.61,10162
3810.03,10161
3811.72,10160
3813.19,10159
3814.63,10158
3816.26,10157
3817.74,10156
3819.28,10155
3820.79,10154
3822.3,10153
3824.1,10152
3825.54,10151
3827.09,10150
3828.54,10149
3830.04,10148
3831.68,10147
3833.34,10146
3835,10145
3836.48,10144
3837.9,10143
3839.5,10142
3841.01,10141
3842.72,10140
3844.51,10139
3846,10138
3847.52,10137
3848.94,10136
3850.55,10135
3852.06,10134
3853.5,10133
3855.14,10132
3856.74,10131
3858.46,10130
3860.13,10129
3861.82,10128
3863.66,10127
3865.56,10126
3867.2,10125
3868.82,10124
3870.58,10123
3872.4,10122
3873.87,10121
3875.63,10120
3877.27,10119
3879.04,10118
3880.64,10117
3882.11,10116
3883.79,10115
3885.31,10114
3886.97,10113
3888.85,10112
3890.85,10111
3892.71,10109
3894.39,10108
3895.94,10107
3897.48,10106
3899.07,10105
3900.58,10104
3902.02,10103
3903.52,10102
3904.98,10101
3906.55,10100
3907.99,10099
3909.59,10098
3911.3,10097
3912.75,10096
3914.33,10094
3915.8,10093
3917.48,10092
3919.16,10091
3920.76,10090
3922.6,10088
3924.23,10086
3925.89,10085
3927.41,10084
3928.89,10083
3930.54,10082
3931.98,10081
3933.5,10080
3935.01,10079
3936.61,10078
3938.27,10077
3939.7,10076
3941.18,10075
3942.72,10074
3944.19,10073
3945.8,10071
3947.28,10070
3948.74,10069
3950.29,10068
3951.8,10067
3953.41,10066
3954.86,10065
3956.49,10064
3958.11,10063
3959.57,10062
3961.22,10060
3962.65,10059
3964.17,10057
3965.78,10056
3967.28,10055
3968.84,10054
3970.33,10053
3971.82,10052
3973.61,10051
3975.1,10049
3976.85,10048
3978.59,10047
3980.53,10045
3982.41,10044
3984.28,10042
3985.93,10040
3987.73,10038
3989.33,10037
3990.79,10036
3992.53,10034
3993.99,10033
3995.48,10032
3996.88,10031
3998.65,10029
4000.14,10028
4001.95,10027
4003.59,10025
4005.11,10024
4006.74,10023
4008.17,10022
4009.73,10021
4011.26,10020
4012.76,10019
4014.36,10018
4015.83,10017
4017.5,10015
4019.02,10014
4020.48,10013
4022.29,10012
4023.78,10011
4025.4,10010
4026.98,10009
4028.41,10008
4030.07,10007
4031.88,10006
4033.83,10005
4035.46,10004
4037.3,10003
4038.99,10002
4040.76,10001
4042.62,9999
4044.58,9998
4046.47,9997
4048.16,9996
4049.98,9995
4051.63,9994
4053.34,9993
4054.82,9992
4056.34,9991
4057.92,9990
4059.37,9989
4060.94,9988
4062.46,9987
4063.97,9986
4065.7,9985
4067.19,9984
4068.9,9983
4070.46,9982
4071.9,9981
4073.53,9979
4075.03,9978
4076.6,9977
4078.15,9976
4079.59,9974
4081.24,9971
4082.69,9970
4084.17,9969
4085.75,9968
4087.23,9967
4088.99,9966
4090.6,9965
4092.3,9964
4093.79,9963
4095.25,9962
4096.8,9961
4098.43,9960
4100.18,9959
4101.81,9958
4103.42,9957
4105.16,9956
4106.78,9955
4108.34,9954
4109.92,9953
4111.56,9952
4113.09,9951
4114.54,9950
4116.2,9949
4117.68,9948
4119.28,9947
4120.76,9946
4122.22,9945
4123.86,9944
4125.36,9943
4126.93,9942
4128.41,9941
4129.84,9940
4131.63,9939
4133.22,9938
4135.05,9937
4136.65,9936
4138.11,9935
4139.71,9934
4141.3,9933
4143.06,9932
4144.56,9931
4145.98,9930
4147.57,9928
4149.01,9926
4150.8,9925
4152.31,9924
4153.7,9923
4155.35,9922
4156.79,9921
4158.3,9920
4159.87,9919
4161.48,9916
4163.23,9915
4165.04,9914
4166.75,9913
4168.3,9912
4169.81,9911
4171.56,9910
4173.02,9909
4174.58,9908
4176.05,9907
4177.49,9906
4179,9905
4180.46,9904
4182.02,9903
4183.59,9902
4185.15,9901
4186.68,9900
4188.09,9898
4189.75,9897
4191.36,9896
4192.88,9895
4194.39,9894
4195.87,9893
4197.54,9892
4198.98,9891
4200.51,9890
4202.05,9889
4203.49,9888
4205.09,9887
4206.54,9886
4207.94,9885
4209.61,9884
4211.05,9883
4212.62,9882
4214.14,9881
4215.59,9880
4217.38,9879
4218.82,9878
4220.44,9877
4221.98,9876
4225.39,9875
4227.02,9874
4230.18,9873
4231.72,9872
4233.18,9871
4234.65,9870
4236.2,9869
4237.83,9868
4239.36,9867
4240.84,9866
4242.26,9865
4243.85,9864
4245.45,9863
4247,9862
4248.47,9860
4250.09,9859
4252.06,9858
4253.73,9857
4255.37,9856
4257.22,9855
4258.84,9854
4260.51,9853
4262.37,9852
4264.33,9851
4265.95,9850
4267.75,9849
4269.28,9848
4270.96,9847
4272.54,9846
4274,9844
4275.59,9843
4277.04,9842
4278.85,9841
4280.54,9840
4282.24,9839
4284.02,9838
4285.7,9836
4288.04,9835
4289.69,9834
4291.38,9833
4292.94,9832
4294.43,9831
4296.41,9830
4297.99,9829
4301.19,9828
4302.93,9827
4304.47,9826
4305.96,9825
4307.51,9824
4308.99,9823
4310.59,9820
4312.05,9819
4313.51,9818
4315.18,9815
4316.73,9813
4320.03,9812
4321.58,9810
4323.17,9809
4324.87,9808
4326.52,9807
4328.01,9806
4329.61,9805
4331.2,9804
4332.71,9803
4334.4,9802
4335.86,9799
4337.45,9795
4340.51,9794
4344.19,9793
4345.92,9792
4347.6,9791
4350.98,9790
4354.11,9788
4357.06,9785
4363.3,9784
4364.84,9783
4366.46,9782
4367.87,9781
4369.63,9780
4371.11,9779
4372.54,9778
4374.14,9777
4375.71,9776
4377.28,9774
4380.66,9772
4383.79,9771
4385.52,9770
4388.54,9769
4394.97,9768
4396.52,9767
4399.66,9764
4401.38,9762
4403.03,9759
4411.64,9758
4414.76,9757
4416.44,9756
4417.96,9755
4419.47,9754
4421.05,9753
4422.58,9752
4424.3,9751
4426.19,9750
4427.85,9749
4429.42,9748
4431.03,9747
4432.77,9746
4434.38,9744
4436.03,9743
4437.45,9742
4442.36,9741
4444.16,9740
4445.62,9739
4447.16,9738
4450.21,9737
4451.9,9736
4453.4,9735
4454.99,9734
4456.64,9733
4463.07,9731
4464.94,9730
4468.35,9728
4469.99,9727
4471.82,9726
4473.4,9725
4479.87,9724
4481.38,9723
4482.98,9722
4484.58,9721
4486.03,9720
4487.66,9719
4489.15,9718
4490.74,9716
4492.23,9715
4493.71,9713
4495.35,9712
4497.02,9711
4498.65,9709
4501.8,9708
4503.36,9706
4504.87,9705
4506.54,9704
4508.02,9703
4509.71,9700
4515.72,9699
4517.49,9698
4519.03,9697
4522.41,9696
4525.83,9695
4527.87,9694
4530.24,9693
4531.99,9692
4533.67,9691
4535.3,9690
4536.96,9689
4538.7,9688
4540.25,9687
4541.93,9686
4543.49,9685
4545.03,9684
4546.81,9683
4548.29,9681
4549.97,9680
4551.5,9678
4553.06,9677
4554.59,9676
4556.07,9675
4557.93,9674
4559.38,9673
4561.24,9672
4563.06,9671
4565.26,9670
4566.8,9669
4568.85,9668
4570.41,9667
4571.96,9666
4573.64,9665
4575.14,9664
4576.8,9663
4578.44,9662
4580.05,9661
4582.14,9660
4584.04,9659
4585.84,9658
4587.72,9657
4589.51,9655
4591.52,9654
4593.22,9653
4594.77,9652
4596.41,9651
4597.93,9650
4599.72,9649
4601.54,9648
4603.63,9647
4605.33,9646
4606.77,9645
4608.47,9644
4610.54,9643
4612.27,9642
4613.7,9641
4615.2,9640
4616.83,9639
4618.32,9638
4619.99,9637
4621.69,9634
4623.31,9632
4624.85,9631
4626.34,9630
4627.94,9629
4629.42,9628
4631.03,9627
4632.66,9626
4634.18,9623
4635.81,9621
4637.32,9620
4640.42,9618
4643.87,9617
4645.51,9616
4647.16,9612
4652.19,9611
4653.7,9610
4655.4,9606
4657.04,9603
4666.02,9601
4669.88,9600
4673.19,9598
4675.05,9597
4677.08,9594
4680.52,9592
4682.11,9591
4694.18,9590
4695.77,9589
4697.23,9588
4698.91,9587
4700.54,9586
4702.01,9585
4703.79,9584
4705.39,9583
4707.17,9582
4710.57,9581
4712.42,9579
4714.15,9578
4717.37,9577
4719,9574
4721.95,9571
4723.6,9569
4725.15,9568
4728.1,9567
4736.36,9564
4737.95,9563
4739.64,9559
4743.52,9558
4747.13,9557
4750.54,9555
4752.14,9554
4753.7,9553
4757.31,9552
4759.39,9551
4760.92,9548
4762.62,9544
4767.82,9542
4769.47,9541
4777.84,9540
4780.93,9539
4784.02,9538
4785.69,9537
4787.12,9534
4788.6,9533
4792.89,9532
4794.98,9531
4797.05,9530
4798.87,9529
4800.54,9528
4802.32,9527
4805.58,9525
4807.03,9524
4811.74,9523
4815.27,9522
4818.63,9520
4821.87,9519
4823.45,9518
4825.25,9517
4826.86,9516
4830.32,9513
4833.5,9512
4835.14,9511
4837.07,9509
4839.04,9508
4841.12,9507
4842.7,9506
4847.62,9505
4852.38,9504
4853.91,9503
4855.65,9501
4857.33,9500
4858.87,9499
4862.78,9495
4868.1,9494
4869.9,9492
4871.51,9491
4879.05,9487
4881.22,9484
4886.9,9483
4896.12,9482
4897.74,9481
4899.61,9480
4901.79,9479
4903.6,9477
4905.69,9476
4907.44,9475
4908.92,9474
4910.62,9472
4912.31,9468
4913.98,9466
4920.48,9465
4922.31,9464
4930.43,9463
4933.6,9462
4935.09,9460
4939.74,9455
4943.08,9454
4948.03,9450
4949.85,9447
4960.78,9446
4962.47,9445
4967.3,9444
4968.81,9443
4970.39,9442
4971.81,9441
4973.52,9440
4975.19,9438
4977.1,9437
4978.93,9436
4985.82,9432
4987.51,9431
4992.4,9429
4999.11,9428
5000.8,9427
5002.3,9426
5004.09,9425
5005.62,9424
5007.27,9423
5013.32,9421
5018.52,9420
5020.11,9419
5021.79,9418
5023.39,9417
5024.91,9416
5026.51,9413
5034.47,9411
5035.97,9410
5037.43,9407
5039.07,9406
5040.8,9405
5042.8,9402
5051.58,9401
5053.47,9400
5055.29,9399
5056.77,9398
5058.4,9397
5060.28,9395
5061.91,9393
5066.47,9392
5068.37,9391
5077.11,9390
5078.98,9389
5082.31,9388
5083.85,9387
5085.65,9386
5087.2,9385
5088.71,9383
5090.45,9382
5091.99,9381
5093.64,9379
5096.85,9374
5101.82,9371
5114.59,9369
5116.18,9368
5121.14,9367
5124.23,9365
5125.69,9363
5130.65,9362
5132.38,9361
5133.92,9360
5135.56,9358
5137.08,9357
5138.56,9355
5143.28,9354
5144.88,9353
5146.33,9351
5147.87,9349
5152.43,9348
5153.87,9347
5155.38,9346
5156.86,9343
5158.31,9342
5161.55,9341
5163.21,9340
5164.65,9339
5166.18,9338
5167.77,9336
5169.22,9334
5172.36,9331
5178.42,9330
5180.01,9327
5186.54,9325
5188.41,9321
5210.17,9319
5211.74,9314
5213.27,9313
5223.08,9310
5233.88,9309
5237.14,9308
5238.65,9307
5240.16,9305
5245.05,9303
5246.5,9301
5248.41,9300
5253.87,9299
5255.47,9298
5257.02,9297
5258.6,9296
5260.17,9295
5261.8,9294
5263.21,9293
5264.92,9291
5268.07,9290
5269.58,9289
5271.07,9288
5272.95,9287
5274.42,9286
5276.04,9285
5277.53,9283
5285.44,9282
5288.76,9281
5290.29,9280
5292.38,9278
5293.9,9277
5297.02,9276
5298.5,9272
5301.61,9267
5311.3,9266
5316.62,9265
5318.14,9262
5319.69,9261
5324.48,9260
5325.93,9258
5327.51,9256
5328.97,9255
5330.45,9253
5332.25,9249
5340.92,9248
5344.66,9247
5346.2,9246
5349.47,9245
5353.05,9244
5356.19,9243
5357.64,9242
5359.21,9241
5360.76,9238
5368.72,9236
5370.4,9234
5373.88,9233
5377.09,9232
5378.71,9230
5389.49,9229
5391.13,9226
5392.6,9225
5397.27,9222
5400.41,9216
5405.13,9215
5406.77,9214
5411.61,9213
5414.89,9212
5424.54,9211
5426.37,9210
5427.84,9209
5431.26,9208
5433.01,9207
5434.79,9205
5436.3,9204
5438.03,9203
5439.47,9200
5445.68,9199
5448.72,9198
5450.26,9197
5451.77,9196
5453.41,9195
5454.96,9194
5456.5,9192
5458.01,9191
5459.45,9190
5461.15,9189
5462.66,9188
5464.14,9187
5465.72,9185
5467.21,9182
5470.21,9181
5471.67,9179
5473.32,9178
5474.93,9177
5476.53,9176
5482.89,9173
5486.07,9171
5491.09,9170
5492.98,9169
5494.74,9167
5496.49,9166
5497.97,9165
5499.76,9164
5501.31,9163
5502.84,9162
5504.65,9161
5506.1,9158
5523.17,9156
5529.09,9155
5530.72,9154
5532.22,9153
5533.76,9152
5535.45,9151
5536.98,9150
5538.58,9147
5541.7,9146
5543.31,9145
5544.84,9142
5547.87,9141
5549.57,9140
5551.21,9139
5552.83,9138
5557.81,9137
5560.97,9136
5562.58,9134
5564.01,9132
5571.91,9131
5573.45,9130
5574.94,9127
5577.97,9126
5581.1,9124
5584.04,9123
5585.63,9118
5593.43,9117
5596.51,9115
5598.07,9114
5602.9,9112
5607.77,9111
5609.46,9110
5612.77,9109
5614.54,9108
5617.87,9107
5619.32,9106
5620.9,9105
5622.36,9104
5623.81,9103
5625.5,9102
5627.09,9101
5628.68,9100
5631.76,9096
5636.61,9095
5638.07,9094
5639.56,9093
5641.11,9091
5642.7,9090
5644.45,9089
5645.87,9085
5649.01,9084
5650.46,9083
5652.1,9082
5656.64,9080
5661.35,9079
5664.67,9078
5667.99,9077
5671.21,9076
5674.7,9075
5676.43,9073
5679.69,9072
5681.19,9071
5684.25,9070
5685.75,9067
5687.33,9065
5688.85,9064
5690.34,9063
5696.71,9062
5698.16,9061
5699.79,9059
5701.3,9057
5704.3,9055
5707.27,9054
5710.18,9053
5711.76,9052
5714.71,9051
5717.92,9050
5719.53,9049
5720.95,9048
5722.55,9047
5724.09,9046
5725.55,9045
5727.16,9044
5728.62,9042
5730.3,9041
5731.91,9040
5733.52,9039
5735.22,9038
5736.84,9037
5738.58,9036
5740.04,9035
5743.2,9034
5744.66,9033
5746.22,9032
5747.73,9031
5749.18,9030
5750.78,9029
5753.89,9028
5755.34,9026
5758.43,9025
5759.85,9024
5761.48,9023
5763.18,9022
5764.61,9020
5767.6,9019
5769.13,9016
5770.64,9011
5776.73,9010
5778.25,9009
5779.83,9008
5781.56,9007
5786.48,9004
5793.31,9003
5794.9,9002
5798.33,8999
5799.88,8998
5801.64,8997
5803.4,8996
5805.06,8995
5806.51,8994
5808.02,8993
5809.64,8992
5812.82,8991
5814.26,8990
5818.84,8989
5820.46,8988
5821.94,8987
5826.53,8986
5828.04,8982
5834.26,8981
5836.01,8980
5837.58,8978
5839.04,8976
5840.7,8975
5842.21,8974
5844.54,8972
5846.02,8971
5847.59,8970
5849.29,8969
5857.87,8968
5859.63,8966
5866.4,8965
5868.1,8964
5871.26,8963
5877.27,8961
5880.31,8960
5881.76,8959
5883.33,8958
5885.08,8957
5886.8,8956
5888.4,8955
5890.08,8954
5891.89,8953
5893.68,8952
5895.33,8951
5896.83,8950
5898.55,8949
5900.09,8948
5901.54,8947
5903.08,8946
5904.7,8945
5906.29,8944
5907.77,8943
5909.23,8942
5910.86,8941
5912.42,8938
5914.29,8936
5915.84,8935
5917.6,8932
5922.3,8931
5924.27,8930
5926.46,8929
5929.59,8928
5934.28,8927
5935.83,8925
5940.28,8924
5942.03,8923
5949.97,8922
5954.56,8921
5957.67,8920
5963.91,8919
5965.9,8918
5967.43,8917
5969.01,8914
5970.58,8913
5972.35,8912
5979.4,8911
5981.43,8910
5987.29,8907
5992.69,8906
5994.17,8905
5995.81,8904
5997.44,8903
5998.88,8902
6002,8901
6003.44,8900
6005.03,8899
6006.49,8898
6007.95,8897
6012.64,8896
6014.07,8895
6018.58,8893
6021.68,8891
6028.08,8890
6029.61,8889
6031.28,8888
6032.93,8885
6034.5,8884
6036.26,8883
6037.91,8881
6042.55,8880
6044.14,8879
6045.63,8878
6047.17,8877
6048.66,8876
6050.33,8875
6053.61,8874
6055.2,8873
6058.13,8872
6061.28,8871
6064.41,8870
6067.46,8869
6068.89,8868
6070.37,8867
6072.1,8864
6079.19,8863
6084.5,8862
6086.45,8861
6089.97,8859
6091.55,8858
6098.5,8857
6100.18,8856
6101.91,8855
6103.58,8854
6105.14,8853
6106.71,8852
6108.12,8851
6109.66,8848
6116.03,8847
6117.56,8846
6120.62,8844
6122.19,8843
6123.65,8841
6126.75,8840
6128.23,8839
6129.83,8838
6131.31,8836
6132.97,8835
6134.53,8833
6135.95,8832
6137.56,8831
6138.98,8830
6142.09,8829
6143.63,8828
6145.2,8827
6146.77,8825
6148.28,8824
6149.89,8820
6162.96,8818
6173.85,8815
6181.42,8813
6184.49,8810
6185.96,8808
6196.99,8807
6200.06,8806
6201.53,8805
6203.05,8804
6204.57,8803
6206.03,8802
6207.64,8801
6209.13,8800
6213.84,8799
6215.63,8798
6222.2,8796
6223.83,8795
6228.31,8793
6231.42,8792
6232.88,8791
6234.57,8790
6236.2,8789
6237.61,8788
6242.58,8787
6247.25,8786
6248.7,8785
6250.21,8784
6253.23,8783
6254.82,8781
6259.4,8780
6260.9,8778
6267.37,8777
6268.88,8776
6270.47,8774
6273.71,8773
6283.9,8772
6285.57,8771
6288.49,8770
6291.64,8769
6293.2,8768
6294.73,8767
6296.17,8766
6297.77,8765
6302.39,8763
6308.45,8762
6309.99,8761
6311.49,8759
6313.07,8758
6316.08,8756
6325.83,8755
6327.32,8754
6328.93,8753
6330.46,8752
6342.11,8749
6345.36,8748
6346.81,8747
6349.88,8746
6356.21,8744
6357.76,8743
6360.92,8742
6364.26,8740
6368.92,8738
6370.34,8737
6371.91,8736
6373.34,8735
6376.45,8734
6381.75,8733
6383.33,8732
6385.17,8731
6394.73,8730
6398.25,8729
6405.46,8727
6407.18,8726
6408.67,8725
6410.37,8723
6411.89,8721
6415.06,8720
6416.54,8719
6418.22,8717
6421.22,8716
6429.12,8715
6433.76,8712
6439.79,8711
6441.4,8710
6447.76,8707
6450.87,8706
6454.25,8705
6455.93,8704
6457.66,8703
6459.29,8702
6461.06,8701
6462.72,8699
6464.28,8698
6466.39,8695
6468.31,8693
6469.86,8691
6471.36,8690
6473.16,8689
6474.69,8688
6480.75,8687
6482.54,8686
6484.08,8685
6487.19,8684
6488.83,8681
6497.57,8680
6499.19,8679
6500.95,8678
6504.13,8677
6513,8672
6525.68,8670
6527.31,8668
6537.42,8667
6539.09,8666
6540.71,8664
6542.59,8659
6552.94,8658
6559.22,8656
6563.98,8654
6567.34,8653
6568.89,8652
6572.05,8650
6575.7,8648
6577.76,8646
6579.5,8645
6581.47,8644
6583.07,8643
6584.87,8641
6590.06,8640
6591.71,8639
6593.41,8638
6594.89,8636
6596.42,8633
6598.11,8632
6601.65,8631
6603.16,8629
6606.33,8627
6622.55,8624
6624.09,8623
6625.71,8622
6632,8620
6649.07,8619
6652.16,8618
6653.88,8616
6656.99,8615
6658.55,8614
6668.17,8613
6669.76,8612
6672.85,8611
6674.42,8610
6677.59,8607
6679.13,8605
6680.91,8604
6690.79,8602
6694.07,8600
6695.61,8599
6698.9,8598
6702.4,8597
6704.31,8596
6706.19,8594
6707.8,8593
6711.01,8591
6722.31,8590
6724.26,8589
6726.01,8587
6731.78,8586
6733.89,8582
6738.86,8581
6740.5,8580
6747,8579
6753.57,8578
6756.81,8577
6758.46,8576
6760.14,8575
6761.85,8573
6763.6,8572
6765.15,8571
6766.96,8570
6768.72,8566
6774.85,8565
6779.45,8563
6785.55,8562
6787.17,8561
6788.62,8559
6791.72,8558
6796.4,8555
6800.98,8552
6804.12,8551
6807.29,8547
6813.6,8546
6823.31,8545
6824.99,8544
6828.16,8541
6829.76,8539
6842.35,8538
6843.99,8537
6847.15,8536
6850.31,8535
6851.86,8533
6862.54,8532
6864.04,8529
6871.75,8526
6878.22,8524
6879.99,8523
6886.7,8522
6888.32,8520
6897.61,8519
6899.13,8518
6900.73,8517
6902.17,8516
6903.84,8513
6908.33,8510
6909.8,8509
6923.65,8508
6925.09,8507
6926.66,8506
6939.18,8505
6940.8,8504
6947.68,8503
6949.14,8502
6952.22,8501
6953.78,8499
6958.48,8497
6959.93,8494
6964.74,8493
6966.43,8489
6975.96,8487
6980.73,8486
6982.44,8485
6984.01,8484
6987.26,8483
6988.92,8482
6990.64,8477
7007.55,8476
7013.71,8475
7018.34,8474
7026.05,8473
7027.48,8470
7029.11,8469
7035.27,8467
7041.55,8466
7043.01,8465
7046.27,8464
7050.86,8463
7052.43,8462
7053.91,8461
7055.5,8459
7057.2,8458
7060.42,8456
7065.39,8454
7067.03,8451
7071.84,8450
7073.38,8449
7074.82,8448
7079.55,8447
7081.02,8446
7082.41,8445
7083.95,8444
7085.49,8443
7087.01,8441
7088.71,8439
7090.19,8438
7091.82,8437
7093.32,8436
7094.84,8433
7106.95,8432
7109.87,8431
7111.41,8430
7112.86,8429
7114.51,8428
7116.13,8427
7117.77,8426
7119.39,8425
7126.07,8424
7129.32,8421
7135.67,8420
7137.22,8419
7138.77,8418
7140.22,8417
7143.56,8416
7145.13,8415
7146.7,8413
7151.17,8412
7152.69,8411
7154.32,8410
7157.2,8409
7158.8,8408
7161.81,8407
7163.41,8406
7164.83,8405
7172.41,8404
7177.09,8403
7181.97,8401
7185.45,8400
7187.06,8399
7194.85,8398
7196.32,8397
7214.66,8396
7216.16,8395
7219.19,8389
7220.77,8388
7222.21,8387
7223.83,8386
7225.42,8384
7242.05,8383
7243.88,8382
7250.41,8381
7252.05,8380
7254.93,8377
7261,8376
7265.81,8372
7267.48,8369
7269,8368
7283.19,8367
7289.92,8365
7297.68,8364
7299.29,8363
7302.55,8362
7304.64,8360
7306.42,8359
7311.36,8358
7312.88,8357
7315.89,8355
7325.19,8353
7326.73,8351
7332.79,8350
7334.39,8347
7343.4,8346
7347.86,8344
7349.43,8343
7354.08,8342
7355.55,8338
7358.66,8337
7361.86,8336
7363.51,8334
7370.55,8332
7373.57,8330
7379.57,8329
7382.56,8328
7385.61,8327
7391.73,8325
7396.37,8322
7399.37,8321
7402.39,8320
7403.85,8319
7406.85,8315
7419.13,8312
7420.75,8311
7422.34,8310
7435.62,8308
7441.53,8307
7443,8306
7447.36,8304
7451.98,8303
7456.65,8302
7461.25,8301
7462.77,8299
7465.87,8298
7471.91,8297
7473.46,8296
7476.52,8295
7477.98,8293
7479.62,8291
7482.83,8290
7487.93,8289
7493.05,8285
7497.69,8284
7499.29,8282
7505.34,8281
7508.32,8280
7513.04,8277
7514.66,8275
7529.84,8274
7532.95,8273
7542.19,8271
7543.8,8270
7545.59,8269
7547.16,8268
7548.87,8267
7552.07,8266
7553.82,8265
7555.24,8263
7565.88,8262
7570.41,8261
7571.93,8260
7573.56,8259
7575.09,8257
7578.12,8255
7579.75,8254
7582.96,8252
7587.55,8251
7590.76,8250
7592.38,8249
7598.52,8248
7600.1,8247
7601.58,8245
7603.35,8243
7616.7,8240
7628.92,8239
7630.4,8238
7633.57,8237
7638.28,8235
7644.45,8234
7653.51,8233
7655.23,8231
7662.9,8230
7664.56,8228
7666.31,8227
7669.76,8226
7671.51,8224
7679.27,8223
7682.31,8222
7685.27,8221
7693.27,8220
7696.57,8217
7698.21,8216
7699.78,8215
7705.92,8214
7707.36,8212
7708.85,8211
7710.37,8210
7714.97,8209
7718.12,8208
7719.6,8207
7721.16,8205
7722.69,8203
7727.7,8202
7731.2,8201
7734.58,8200
7736.41,8199
7737.96,8198
7744.36,8197
7748.79,8196
7750.42,8195
7752.12,8194
7758.82,8193
7760.43,8192
7762.05,8191
7763.52,8189
7773.04,8188
7779.63,8187
7781.33,8186
7782.91,8185
7784.64,8184
7786.32,8183
7787.98,8182
7789.73,8181
7791.41,8180
7793.16,8179
7794.65,8178
7796.16,8177
7797.79,8176
7799.24,8175
7800.85,8174
7802.28,8172
7805.27,8171
7806.69,8170
7808.27,8169
7809.76,8168
7822.04,8167
7823.69,8166
7831.19,8165
7834.11,8164
7838.8,8163
7840.29,8162
7843.38,8161
7844.93,8160
7846.67,8156
7849.88,8155
7851.65,8154
7860.79,8152
7865.5,8151
7868.55,8150
7871.59,8149
7873.06,8148
7874.72,8147
7876.24,8145
7886.07,8144
7887.49,8143
7889.14,8141
7901.39,8140
7904.74,8139
7913.54,8138
7918.07,8137
7919.51,8135
7922.6,8134
7924.19,8133
7927.35,8132
7930.42,8130
7938.36,8128
7939.81,8126
7947.78,8125
7949.42,8124
7950.88,8122
7963.02,8121
7968.27,8120
7973.61,8119
7975.14,8117
7986.01,8116
7989.07,8111
7996.91,8110
8001.67,8109
8003.19,8107
8004.96,8106
8006.43,8105
8014.23,8104
8016.01,8103
8020.63,8102
8025.36,8101
8028.92,8100
8036.09,8099
8037.61,8097
8039.13,8095
8045.64,8094
8047.15,8093
8050.18,8092
8052.02,8090
8053.54,8089
8055.08,8085
8086.36,8084
8088.16,8082
8091.72,8080
8104.6,8079
8107.96,8078
8109.51,8075
8117.24,8073
8130.28,8070
8142.72,8068
8149.71,8067
8151.47,8065
8155.09,8057
8174.61,8056
8179.15,8055
8182.5,8054
8189.16,8053
8192.29,8052
8193.9,8051
8195.42,8050
8198.52,8049
8201.51,8047
8203.1,8045
8204.86,8044
8208.41,8043
8210.07,8042
8211.73,8039
8216.79,8038
8218.26,8037
8219.84,8036
8221.44,8034
8225.94,8032
8227.47,8031
8233.72,8029
8235.22,8025
8253.57,8024
8255.11,8019
8256.7,8018
8282.07,8017
8286.59,8014
8292.57,8012
8298.79,8011
8301.91,8010
8303.43,8008
8306.49,8005
8315.71,8004
8317.11,8002
8321.68,7997
8331.17,7995
8332.82,7994
8336.58,7993
8344.12,7991
8347.27,7989
8348.75,7987
8350.23,7986
8373.37,7985
8384.18,7984
8397.23,7983
8400.35,7982
8406.32,7981
8407.86,7977
8413.8,7976
8415.49,7974
8427.7,7973
8430.74,7972
8432.24,7970
8438.24,7967
8442.79,7965
8453.85,7964
8461.87,7963
8468.14,7962
8474.2,7961
8475.64,7960
8478.79,7959
8482.1,7953
8488.35,7952
8490.17,7951
8491.72,7949
8498.06,7947
8527.25,7946
8531.63,7941
8542.69,7940
8544.42,7939
8547.72,7938
8550.93,7937
8552.54,7936
8553.99,7935
8557.12,7933
8565.04,7932
8566.62,7929
8568.24,7927
8588.29,7926
8589.71,7925
8603.63,7924
8606.53,7923
8608.32,7921
8611.44,7920
8616.31,7919
8619.39,7918
8629.01,7917
8632.59,7916
8634.29,7915
8636,7914
8646.58,7913
8648.57,7912
8650.76,7910
8662.2,7909
8669.13,7906
8675.8,7905
8677.29,7904
8680.51,7903
8685.57,7902
8696.37,7901
8703.01,7900
8704.57,7899
8705.96,7897
8707.57,7896
8709.02,7895
8710.49,7894
8715.14,7892
8731.13,7891
8734.22,7890
8735.84,7888
8737.33,7887
8739.24,7886
8740.85,7885
8742.56,7882
8744.13,7881
8767.59,7879
8769.07,7878
8772.2,7875
8775.39,7872
8776.98,7871
8785.58,7870
8795.7,7869
8800.13,7867
8801.71,7866
8821.69,7863
8829.67,7862
8845.93,7860
8851.35,7857
8854.76,7855
8871.51,7854
8873.15,7853
8875.09,7852
8876.86,7850
8878.93,7848
8880.57,7847
8896.41,7845
8904.44,7844
8907.66,7842
8917.01,7841
8920.22,7840
8929.54,7839
8931.08,7838
8936.19,7836
8943.52,7835
8945.11,7834
8959.81,7830
8961.4,7829
8962.86,7828
8970.22,7827
8973.68,7826
8975.31,7825
8983.46,7823
8985.19,7822
9016.49,7819
9018.4,7818
9038.73,7816
9047.25,7815
9049.03,7813
9052.11,7812
9075.28,7810
9108.77,7809
9110.34,7807
9115.96,7806
9117.74,7805
9119.44,7804
9125.91,7802
9132.33,7801
9133.74,7800
9135.47,7795
9137.04,7794
9153.31,7792
9161.63,7790
9164.86,7789
9174.44,7788
9177.88,7787
9179.81,7786
9183.46,7783
9191.58,7780
9194.86,7779
9214.76,7777
9221.08,7776
9250.45,7775
9252.42,7774
9253.84,7773
9255.33,7772
9268.02,7771
9269.73,7769
9271.64,7768
9274.99,7767
9293.64,7766
9297.2,7765
9302.56,7764
9315.14,7762
9333.39,7758
9339.62,7757
9341.06,7756
9342.63,7753
9354.01,7752
9355.8,7750
9357.85,7749
9365.43,7748
9367.07,7744
9373.21,7743
9374.89,7742
9390.21,7740
9405.69,7739
9407.56,7738
9412.45,7737
9417.45,7735
9419.46,7734
9421.37,7732
9429.97,7731
9437.43,7730
9442.06,7729
9443.6,7727
9445.04,7726
9448.01,7725
9457.39,7724
9459.21,7721
9468.87,7719
9489.67,7718
9491.18,7717
9494.61,7716
9499.24,7715
9500.72,7713
9502.35,7712
9510.15,7711
9518.35,7709
9523.24,7708
9528.13,7707
9529.76,7706
9531.4,7705
9532.94,7704
9539.33,7702
9540.82,7701
9548.11,7700
9551.62,7698
9556.2,7697
9559.19,7695
9575.45,7694
9580.06,7693
9581.83,7692
9586.8,7689
9594.84,7686
9598.37,7685
9610.42,7684
9631.69,7682
9636.41,7681
9637.9,7680
9639.55,7679
9646.17,7678
9647.64,7677
9654.08,7675
9657.1,7674
9675.19,7670
9676.83,7668
9683.09,7666
9694.22,7665
9700.88,7664
9704.17,7663
9707.52,7661
9724.49,7660
9729.17,7659
9730.97,7658
9732.55,7656
9735.7,7655
9737.21,7654
9739.12,7653
9740.59,7652
9742.14,7650
9745.35,7649
9750.17,7646
9768.86,7644
9775.4,7643
9777.19,7642
9779,7641
9780.57,7640
9787.4,7639
9788.96,7638
9790.55,7637
9793.72,7636
9796.68,7635
9798.23,7632
9802.91,7631
9804.53,7630
9806.14,7629
9807.64,7627
9810.78,7625
9821.21,7624
9822.74,7621
9833.68,7620
9836.83,7619
9838.37,7617
9840.15,7616
9843.65,7615
9847.16,7612
9852.52,7611
9858.82,7610
9861.91,7609
9863.38,7608
9864.97,7607
9869.76,7606
9874.71,7605
9881.09,7603
9882.87,7601
9893.71,7599
9909.78,7598
9911.27,7597
9927.03,7596
9929.96,7595
9934.35,7592
9946.85,7590
9951.24,7588
9957.55,7587
9966.06,7585
9969.2,7583
9986.38,7581
9989.45,7580
9992.36,7578
10011,7577
10012.5,7576
10014,7575
10016.9,7574
10020,7573
10029.9,7572
10032.9,7571
10034.4,7570
10042.5,7569
10044.1,7568
10045.7,7567
10050.2,7565
10056.4,7564
10059.4,7563
10060.9,7562
10070.5,7561
10072,7560
10073.4,7557
10079.9,7555
10096.3,7554
10104.4,7553
10107.4,7552
10110.7,7551
10114.5,7545
10122.1,7543
10125.4,7542
10126.9,7541
10136.5,7540
10139.6,7539
10142.9,7538
10144.8,7537
10146.9,7535
10163.2,7534
10168,7533
10172.7,7532
10174.1,7531
10177,7530
10179.9,7529
10193.8,7528
10195.6,7527
10197.1,7525
10198.7,7522
10200.6,7521
10210.6,7520
10219.9,7518
10232.2,7516
10236.8,7514
10239.9,7512
10244.3,7509
10253.1,7507
10256.7,7506
10258.5,7505
10260.3,7503
10264,7499
10309.8,7498
10318.4,7497
10320,7496
10328.6,7493
10337.9,7491
10341.3,7490
10344.4,7488
10346,7487
10352,7482
10356.4,7481
10367,7480
10371.7,7477
10387.6,7475
10389.2,7474
10399.7,7473
10408.8,7471
10422.2,7470
10433,7469
10442.4,7467
10454,7466
10455.7,7464
10457.1,7463
10481.2,7460
10482.6,7459
10512.4,7457
10530.9,7454
10536.9,7453
10538.3,7449
10552.1,7448
10555.6,7446
10560.4,7444
10594.1,7442
10595.7,7441
10604.8,7440
10611.1,7439
10616.1,7438
10617.5,7437
10620.4,7436
10625.2,7435
10632.3,7434
10635.4,7433
10637,7430
10638.7,7429
10640.1,7428
10653,7427
10654.7,7424
10659.3,7423
10666.9,7422
10671.5,7421
10673.1,7418
10674.5,7417
10679.6,7416
10681.3,7415
10683.4,7413
10685,7410
10737.6,7408
10739.3,7407
10740.8,7406
10744.3,7405
10745.9,7404
10756.2,7403
10764,7401
10765.6,7400
10775.5,7399
10777.1,7396
10787.5,7395
10795.4,7393
10801.5,7390
10813.1,7389
10814.6,7388
10816.3,7387
10819.5,7386
10821,7385
10822.4,7384
10824,7383
10828.6,7382
10840.8,7381
10848.5,7380
10850.1,7379
10851.8,7377
10853.2,7376
10854.9,7375
10856.3,7374
10865.8,7373
10868.8,7372
10872.3,7371
10874,7369
10885.8,7367
10889,7365
10890.8,7363
10894.4,7362
10899.2,7360
10902.3,7358
10905.2,7357
10930.8,7355
10957.5,7354
10965.2,7353
10966.6,7351
10969.8,7349
10974.5,7348
10981.2,7346
10983,7343
10986.1,7342
10992.7,7340
11004.4,7339
11009,7338
11013.6,7337
11016.9,7334
11034,7333
11055.1,7331
11056.7,7330
11062.8,7328
11066.2,7327
11067.9,7326
11072.7,7325
11104,7323
11105.5,7321
11106.9,7320
11108.4,7318
11113.3,7316
11119.9,7314
11130.7,7312
11133.8,7310
11135.5,7301
11160.9,7300
11165.5,7299
11167.1,7298
11168.8,7297
11172.1,7296
11175.4,7295
11181.7,7293
11183.3,7292
11206.2,7291
11207.9,7290
11209.3,7289
11212.6,7288
11216.3,7287
11234.3,7286
11237.8,7285
11241,7284
11244,7283
11247,7279
11250.1,7278
11253.3,7277
11270.8,7276
11313.2,7274
11314.7,7273
11316.3,7272
11332.3,7271
11353.6,7270
11355.3,7269
11360.3,7268
11361.7,7267
11375.6,7266
11378.4,7265
11381.5,7262
11386,7261
11392.7,7260
11402,7259
11403.7,7257
11405.3,7255
11407,7254
11430,7253
11433.4,7252
11441.5,7250
11473,7249
11484.1,7248
11488.9,7247
11491.6,7246
11493.4,7244
11529.8,7241
11531.3,7240
11538.5,7239
11542,7238
11552.2,7235
11553.8,7234
11569.8,7233
11571.6,7232
11573.1,7231
11576.4,7229
11594.7,7228
11596.3,7227
11599.1,7226
11600.8,7225
11602.6,7224
11614.9,7223
11616.5,7222
11617.9,7221
11620.9,7219
11622.4,7217
11637.5,7216
11639,7215
11640.4,7211
11662.3,7209
11699.4,7208
11700.9,7206
11721.4,7205
11732.9,7204
11738.8,7201
11752.1,7200
11755,7199
11756.5,7198
11758.1,7197
11765.6,7196
11771.6,7193
11790.5,7192
11793.5,7191
11798.3,7189
11802.8,7188
11812.1,7186
11827.3,7183
11839.5,7182
11847.6,7179
11904.8,7176
11931.7,7174
11947.1,7173
11948.6,7171
11953.2,7170
11956.3,7169
11986.4,7168
11989.5,7167
12000.2,7166
12002,7164
12018.9,7163
12025.5,7162
12034.9,7160
12037.9,7159
12102.7,7158
12110.6,7157
12121.6,7154
12142.5,7153
12147.6,7151
12159.9,7150
12163.4,7149
12166.7,7148
12207.7,7147
12210.8,7146
12215.4,7145
12217.3,7144
12221.1,7143
12223.1,7142
12231.3,7141
12232.9,7140
12234.5,7139
12240.1,7138
12247,7136
12251.6,7135
12253.6,7133
12263.8,7132
12275.3,7131
12277.2,7130
12280.4,7129
12291.1,7128
12296.4,7127
12298.5,7126
12326.6,7124
12328.4,7123
12352.8,7120
12415.2,7119
12421.9,7118
12428.7,7116
12430.4,7115
12433.6,7114
12441.9,7113
12447.1,7111
12469.7,7110
12475.3,7109
12478.7,7108
12480.5,7107
12490.7,7106
12494.1,7105
12516.2,7104
12521.5,7103
12527.1,7102
12541.8,7101
12547.4,7100
12553,7099
12554.8,7098
12558.3,7097
12566.3,7096
12576.4,7095
12588.1,7094
12596.8,7093
12598.5,7091
12616.1,7089
12618.1,7088
12620.1,7086
12633.9,7081
12668.5,7079
12741,7076
12756.9,7075
12760.2,7073
12768.1,7072
12770.3,7069
12805.1,7067
12806.7,7066
12835.3,7065
12837.5,7064
12839.2,7059
12849.4,7058
12891.9,7056
12894.1,7055
12898.2,7054
12904.5,7053
12910.6,7052
12916.1,7051
12918.2,7050
12920.2,7049
12921.9,7048
12933.8,7047
12935.4,7046
12946.3,7045
12952.5,7044
12955.7,7043
12969.5,7039
13016.7,7037
13018.2,7035
13105.1,7034
13118.8,7033
13129.8,7032
13131.4,7031
13134.2,7029
13140.3,7028
13173.6,7023
13182,7021
13186.9,7020
13191.7,7018
13208.4,7017
13246.6,7016
13249.9,7015
13257.2,7010
13279,7009
13308.1,7008
13311.3,7007
13327.8,7006
13347.3,7003
13385,7002
13397.1,7001
13418.5,7000
13442.8,6999
13444.5,6998
13460.1,6997
13461.7,6996
13474,6994
13496.8,6993
13510.7,6992
13512.6,6991
13522.3,6990
13535.6,6989
13537.8,6987
13539.3,6986
13547.9,6985
13549.8,6984
13555,6983
13556.7,6981
13563.7,6980
13594.5,6978
13622.7,6977
13633.2,6975
13634.8,6974
13645.1,6973
13646.5,6972
13649.9,6970
13657,6968
13662.6,6967
13670.8,6966
13680.4,6964
13683.4,6959
13753.9,6958
13760.4,6957
13765,6956
13766.5,6955
13773,6954
13774.5,6952
13777.8,6951
13788,6950
13813.4,6949
13831.7,6948
13843.8,6947
13845.9,6946
13902.6,6944
13911.8,6943
13918.7,6942
13920.3,6941
13922.1,6939
13926.9,6938
13930.4,6936
13964.6,6935
13968.9,6933
13978.7,6932
13980.5,6931
13991.5,6923
14002.3,6922
14006.4,6921
14014.2,6920
14040.9,6919
14046.6,6918
14048.1,6916
14137.8,6915
14143.5,6913
14152.8,6911
14161.8,6910
14167,6909
14170.2,6908
14172,6907
14173.7,6905
14214.5,6904
14221.4,6902
14226.2,6898
14261.2,6894
14289.9,6891
14313.2,6890
14323.9,6888
14332.6,6885
14338.2,6884
14343.9,6882
14367.7,6881
14379.3,6880
14385.8,6879
14389.6,6878
14404.6,6877
14406.3,6876
14411.7,6875
14416.5,6874
14431.5,6873
14436,6872
14456.9,6868
14478.9,6866
14480.3,6864
14490.2,6862
14511.9,6861
14515.8,6860
14528.8,6859
14533.5,6858
14583.6,6856
14585.3,6855
14588.5,6852
14590.1,6851
14601.1,6850
14639.3,6849
14656.4,6848
14658.1,6847
14659.8,6846
14661.5,6845
14669.4,6844
14670.9,6843
14677.4,6842
14685.4,6841
14695.3,6838
14785.7,6837
14796.7,6835
14826.8,6834
14837.8,6833
14856,6832
14860.7,6831
14863.7,6830
14874.9,6829
14888.1,6828
14905.8,6827
14956.5,6824
15009.6,6823
15011.3,6822
15056.2,6821
15067.7,6820
15073.6,6818
15075.7,6813
15082.7,6811
15093.3,6810
15141.5,6809
15145.6,6807
15149,6806
15160.5,6801
15185.3,6800
15200.6,6799
15245.9,6797
15250.7,6795
15279.6,6793
15304.3,6792
15327.6,6791
15329.7,6789
15332.1,6786
15381.7,6783
15447.9,6781
15488.3,6780
15489.8,6779
15491.4,6778
15495.9,6775
15520.3,6774
15526.5,6773
15558.1,6772
15587.9,6771
15597.4,6770
15608,6769
15617.7,6768
15621.1,6767
15629.4,6763
15644.6,6762
15646.2,6760
15655.5,6759
15664.5,6758
15668.8,6757
15673.8,6755
15675.2,6754
15693.3,6753
15694.7,6752
15699.7,6750
15710.6,6749
15727.1,6748
15734.5,6747
15762,6746
15766.8,6743
15781.2,6742
15798.8,6741
15808.6,6740
15813.1,6739
15814.6,6737
15816.2,6736
15890.1,6735
15899.2,6734
15946.3,6733
15958.5,6732
15959.9,6731
15961.5,6730
15990.1,6728
15996.4,6726
16018.9,6725
16022.9,6724
16025,6723
16038.5,6721
16043.1,6719
16046.5,6718
16048.1,6717
16053.8,6716
16079.6,6715
16088.4,6713
16113.1,6712
16114.6,6711
16121.1,6710
16138.8,6709
16160,6708
16173.4,6706
16206.4,6705
16207.9,6704
16218.3,6703
16256.2,6701
16257.6,6700
16295.4,6698
16300.3,6697
16305.9,6696
16307.9,6695
16357.5,6693
16374.6,6691
16393.5,6690
16398.1,6688
16404.2,6686
16407.4,6685
16425.7,6684
16427.4,6682
16431,6681
16432.9,6679
16436.3,6678
16438.2,6677
16497.9,6676
16516.4,6674
16548.3,6672
16555.6,6669
16557.9,6668
16621.2,6666
16622.5,6662
16636.1,6661
16637.6,6658
16648.5,6654
16723.1,6653
16745.1,6652
16748,6651
16750.2,6650
16752,6649
16769.3,6647
16770.8,6646
16775.5,6645
16780.2,6644
16785,6643
16818.9,6642
16825.4,6641
16845.5,6640
16853.3,6639
16855.1,6638
16860.7,6637
16882.7,6636
16884.2,6635
16885.6,6634
16925.4,6633
16929,6632
16959,6629
16969.6,6628
17019.7,6627
17025.5,6625
17026.9,6623
17057.3,6622
17072.6,6621
17096,6620
17118.4,6618
17171.2,6616
17179.2,6615
17180.5,6614
17206.6,6612
17216.1,6610
17231.9,6608
17238.2,6607
17242.8,6606
17250.5,6605
17251.8,6604
17253.4,6603
17254.8,6602
17284.6,6601
17350.4,6600
17383.7,6599
17407.8,6598
17411.3,6597
17419.1,6594
17422.1,6593
17441.1,6591
17446.1,6589
17546.2,6588
17549.3,6585
17550.9,6584
17568.2,6583
17572.9,6581
17592.5,6580
17598.4,6578
17600,6577
17606.1,6576
17629,6575
17632.4,6574
17634,6572
17637.4,6571
17683.9,6569
17699.6,6568
17701.3,6567
17726.7,6566
17763.7,6563
17780.3,6562
17820.3,6561
17825.3,6560
17826.8,6559
17828.3,6558
17884,6557
17893.6,6555
17925.3,6554
17931.9,6553
17933.3,6551
17934.8,6550
17958.9,6548
18019.9,6546
18053,6544
18082.6,6543
18098.2,6542
18122.6,6541
18143.5,6539
18146.5,6538
18152.5,6535
18162.8,6534
18167.1,6533
18179.3,6532
18180.7,6530
18182.2,6529
18183.6,6528
18185.1,6525
18205,6523
18274.7,6522
18276.1,6521
18294,6519
18304.6,6518
18309.1,6517
18322.2,6516
18331.1,6515
18359.5,6514
18364.2,6513
18375.9,6512
18416,6509
18436.8,6507
18438.6,6506
18465.1,6505
18466.7,6504
18468.1,6503
18469.8,6502
18472.5,6500
18486.6,6499
18509.3,6498
18513.6,6497
18515,6496
18522.5,6495
18575.8,6494
18630.5,6493
18640.2,6492
18641.8,6491
18643.5,6489
18644.8,6487
18666.4,6486
18667.9,6485
18669.7,6484
18672.6,6483
18711.6,6482
18716.3,6481
18722.5,6480
18868.9,6477
18892.4,6476
18903.8,6474
18917.7,6473
18964,6471
18996.8,6468
18998.1,6467
19008.5,6466
19027.6,6465
19034,6463
19094.2,6462
19121.5,6461
19123,6460
19223,6459
19224.6,6458
19381.9,6457
19405.8,6455
19437.9,6454
19459.2,6453
19462.1,6451
19466.8,6448
19497.2,6447
19507.4,6446
19510.3,6445
19533.1,6444
19562,6443
19563.5,6442
19573.4,6439
19581.1,6438
19584,6437
19585.3,6436
19603.6,6435
19612.6,6434
19617.4,6432
19630.8,6430
19635.2,6429
19642.6,6427
19647,6426
19693.7,6425
19763.9,6424
19765.4,6423
19767,6422
19856.6,6421
19865.5,6420
19866.9,6418
19868.4,6416
19878.9,6415
19935.4,6414
19936.9,6413
19939.6,6412
19988.8,6410
20079.4,6409
20087,6408
20093,6407
20101.4,6405
20118.4,6402
20121.4,6400
20136.3,6399
20148.1,6398
20186,6397
20222.9,6396
20247.5,6394
20368.4,6393
20402.7,6392
20426.2,6391
20433,6390
20499.3,6389
20545.3,6387
20546.8,6386
20559,6385
20618.2,6384
20639.5,6383
20649.4,6382
20693.2,6380
20719.7,6379
20749,6377
20750.4,6376
20759.4,6374
20764.8,6369
20794.7,6367
20861,6365
20897.6,6364
20900.7,6363
20902.2,6362
20990.9,6360
21003.1,6359
21040.2,6358
21052,6355
21053.4,6353
21058,6350
21062.8,6349
21083,6347
21181,6345
21182.4,6344
21228,6343
21250.8,6339
21316.2,6338
21326.9,6337
21354,6336
21360.2,6335
21371.7,6334
21386.4,6333
21388.1,6330
21440.5,6328
21590.2,6325
21626.6,6323
21634.7,6321
21745.9,6319
22012.4,6318
22017.4,6317
22025.8,6316
22051.9,6314
22088.3,6313
22233.2,6311
22234.7,6310
22286.5,6309
22290.2,6308
22291.8,6305
22349,6304
22363.2,6303
22393.7,6302
22399,6298
22404.4,6297
22405.9,6296
22429.5,6295
22449.7,6294
22466.4,6292
22496.5,6291
22504.1,6290
22505.6,6287
22565.5,6286
22570.1,6285
22571.6,6284
22578.3,6282
22580.1,6281
22624.2,6279
22705.5,6277
22742.6,6276
22930.7,6274
22934.3,6273
22942.6,6272
22964.8,6271
22966.4,6270
22967.8,6267
22969.4,6266
22973.8,6265
23292.6,6262
23688,6261
23689.5,6259
23764.6,6258
23772,6256
23775,6255
23871.2,6254
23874.1,6253
23878.4,6248
23951,6246
23952.4,6245
24003.3,6244
24027,6242
24166.7,6238
24441.8,6237
24458.5,6235
24470.1,6234
24493.7,6231
24496.9,6230
24498.3,6229
24519,6228
24530.7,6226
24535.6,6224
24606.1,6222
24607.6,6221
24672.1,6220
24723,6219
24727.6,6218
24729.1,6216
24787.7,6215
24789,6214
24884.1,6211
24954.4,6210
24960.3,6209
24991.6,6208
25028.6,6207
25043.7,6206
25077.2,6205
25078.8,6204
25095.3,6203
25104.1,6202
25105.6,6201
25129.3,6200
25131.1,6199
25132.5,6198
25139.8,6197
25150.2,6196
25157.6,6195
25160.8,6194
25178.2,6193
25204.1,6191
25211.2,6190
25242.6,6189
25244.4,6187
25381.7,6186
25386.3,6183
25387.7,6182
25392.2,6181
25423.3,6179
25442,6177
25452.5,6176
25462.2,6175
25482.5,6174
25495.2,6172
25523.9,6171
25535.5,6170
25571.6,6169
25573.1,6168
25574.5,6167
25577.5,6165
25635,6163
25866.4,6162
25999.8,6161
26117.2,6160
26127.8,6159
26129.3,6158
26132.2,6157
26135.1,6156
26162.5,6155
26168.6,6153
26335.8,6152
26338.7,6151
26341.6,6150
26344.6,6148
26347.5,6147
26348.9,6146
26351.9,6145
26375.4,6143
26393.3,6142
26399.7,6141
26452.5,6140
26656.9,6138
26659.9,6137
26663.1,6136
26666.3,6135
26697.7,6130
26705.8,6129
27215.4,6128
27372.1,6127
27378.1,6126
27382.5,6125
27410.1,6124
27419.1,6123
27427.1,6122
27444,6121
27451.6,6119
27512.2,6118
27519.6,6117
27687,6116
27772.4,6115
27884.7,6113
27908.5,6112
27911.9,6111
27913.5,6110
27967.8,6109
28039.8,6108
28050.4,6107
28325.6,6105
28370.1,6104
28373.2,6103
28423.9,6102
28427.3,6101
28515.6,6100
28649.5,6098
28653.8,6097
28733.6,6096
28738.1,6095
28739.5,6094
28789.2,6093
28796.5,6092
28827.9,6088
29161.1,6087
29162.8,6084
29181.4,6083
29219.5,6082
29220.9,6081
29225.7,6080
29285.5,6079
29423.5,6077
29731.7,6075
29840.6,6074
29843.5,6072
29860,6071
29868.8,6070
29874.4,6068
29887.2,6067
29888.6,6066
29900.5,6064
29931.6,6062
29937.6,6061
29939,6059
30076.9,6058
30078.6,6057
30101,6056
30113.2,6055
30127.7,6052
30417,6051
31669.8,6050
31681.5,6048
31886.2,6047
32008.8,6046
39038.8,6045
39047.8,6044
39053.5,6043
39111.6,6041
39261.8,6040
39299.3,6039
39303.6,6038
39348.9,6037
39353.7,6033
39411.6,6032
40504.2,6031
40507.2,6030
40550,6029
41040.3,6026
41118.4,6025
41180.5,6024
41277.7,6023
41291,6022
41685,6021
41697,6020
41936.2,6019
41943.2,6016
52067.3,6014
52070.7,6012
52102.3,6011
52239.4,6009
52264.4,6007
52265.8,6006
57519.3,6004
57532.1,6003
57539.7,6002
58043.4,6001
58063.3,6000
58096.3,5999
58097.7,5998
58106.9,5996
58114,5994
58314.5,5993
58837.1,5992
58868.9,5991
58877.3,5989
58891.8,5988
58903.6,5987
59150.6,5986
59234.2,5985
59235.6,5984
59611,5983
59692,5982
59757.4,5981
60012.5,5980
60014,5979
60149,5978
60200.7,5977
60615.7,5976
60648.5,5975
60675.5,5972
60736.6,5971
60738,5970
60739.4,5969
60740.9,5968
60749.4,5967
60756.5,5966
60828,5965
60841.6,5964
60897.4,5962
60916,5961
60980,5958
60985.7,5957
61001.6,5955
61004.3,5954
61306,5952
61551.5,5951
61559.9,5950
69311.2,5949
69442.5,5948
69458.3,5947
69510.2,5946
69515.9,5942
69550.8,5941
69552.4,5939
69749.2,5937
70188.7,5936
70207,5935
70217.1,5933
70306.8,5932
70314.6,5930
70316.5,5928
70329.4,5926
70388.1,5925
70393.6,5924
70395,5923
70399.2,5922
71821.4,5921
71850.4,5920
71870.4,5918
72072.3,5917
72090,5915
72116.4,5914
72117.9,5913
72125.3,5912
72130.5,5911
72138.3,5910
72156.9,5909
72187.3,5908
75950.2,5907
76258.5,5906
76267.5,5905
76269,5904
76273.4,5903
76283.5,5898
76285,5897
76586.8,5896
76589.8,5895
76622.9,5894
76678.1,5893
76877.2,5891
77173.2,5890
77196.3,5889
77237.8,5888
77254.8,5887
77257.6,5883
77467.2,5882
77471.7,5881
85050.9,5879
85054.1,5878
85143.9,5877
85350.9,5876
85354.1,5875
85378,5873
85388.9,5872
85404.1,5870
85577.7,5868
85655.6,5867
85834,5866
85975,5865
86208,5863
86247.2,5862
86248.8,5861
86344.1,5859
86414.1,5855
86418.6,5854
86504.7,5853
86528.1,5852
86564.9,5850
86713.8,5849
105381,5848
105388,5845
105392,5844
105431,5842
105459,5840
105746,5839
105878,5838
105928,5837
105929,5834
105931,5833
106236,5832
106258,5830
106259,5829
106279,5827
106376,5826
111600,5824
111679,5823
112176,5822
112180,5819
113592,5818
113598,5817
113609,5816
113623,5815
113626,5812
