2.26527,11022
3.47414,11021
4.92207,11020
6.07353,11019
7.25975,11018
8.40626,11017
9.49435,11016
10.7969,11015
11.9023,11013
13.0081,11012
14.2506,11011
15.3801,11010
16.4886,11009
17.6595,11007
18.8098,11006
19.8946,11005
20.9499,11001
22.2235,10998
23.3038,10997
24.6113,10994
25.9051,10993
27.0013,10990
28.0887,10987
29.2917,10985
30.504,10984
31.6485,10977
32.7173,10976
34.0001,10975
35.0863,10974
36.2138,10972
37.4749,10970
38.5867,10963
39.7165,10959
40.9214,10958
42.0916,10955
43.1953,10951
44.584,10948
46.0056,10946
47.0924,10945
48.1742,10943
49.5548,10942
50.6472,10938
51.7998,10932
52.9408,10931
54.0893,10928
55.1207,10927
56.251,10925
57.5571,10919
58.8296,10916
60.0115,10913
61.5181,10911
62.7597,10907
64.018,10903
65.5764,10899
66.785,10898
67.8779,10895
69.166,10891
70.3092,10890
71.4315,10883
72.5792,10882
73.7569,10880
74.8628,10879
75.9967,10874
77.2544,10871
78.3485,10868
79.4429,10867
80.6953,10864
81.7695,10863
82.8297,10860
83.9368,10857
85.2934,10856
86.3735,10851
87.4537,10849
88.7211,10847
89.8141,10844
90.9901,10842
92.2052,10838
93.3958,10835
94.4942,10834
95.6911,10831
96.8754,10828
97.9785,10825
99.0526,10823
100.29,10820
101.453,10819
102.52,10815
103.753,10804
104.89,10799
106.184,10798
107.545,10796
108.913,10794
110.044,10793
111.298,10792
112.511,10791
113.636,10790
114.687,10783
115.873,10780
117.02,10778
118.262,10777
119.437,10775
120.806,10773
122.112,10770
123.387,10769
124.882,10768
126.335,10761
127.58,10757
128.782,10754
129.964,10753
131.075,10749
132.37,10746
133.485,10743
134.586,10742
135.785,10740
136.975,10738
138.069,10735
139.175,10734
140.368,10733
141.436,10729
142.782,10725
144.122,10721
145.299,10720
146.589,10716
147.864,10714
148.909,10713
150.012,10709
151.259,10708
152.448,10704
153.568,10701
154.823,10698
156.221,10694
157.384,10691
158.512,10690
159.829,10689
160.98,10686
162.084,10685
163.397,10684
164.482,10682
165.619,10676
166.994,10674
168.184,10673
169.154,10667
170.351,10664
171.558,10662
172.63,10661
173.701,10660
174.98,10659
176.132,10657
177.233,10655
178.565,10653
179.794,10652
181.041,10649
182.441,10648
183.711,10647
184.955,10646
186.269,10645
187.511,10642
188.689,10637
189.813,10635
191.275,10632
192.394,10631
193.541,10630
194.754,10629
195.818,10628
196.985,10625
198.214,10624
199.361,10623
200.467,10621
201.559,10618
202.781,10617
203.815,10616
204.876,10615
206.109,10609
207.339,10608
208.417,10604
209.595,10601
210.821,10595
212.086,10594
213.265,10593
214.502,10592
215.644,10590
216.765,10587
218.074,10584
219.204,10583
220.28,10582
221.558,10580
222.769,10579
223.923,10576
225.01,10575
226.299,10573
227.407,10572
228.555,10567
229.839,10564
230.95,10561
232.339,10560
233.655,10554
235.166,10553
236.254,10552
237.426,10549
238.835,10548
240.231,10545
241.989,10543
243.354,10540
244.662,10539
246.183,10537
247.399,10535
248.565,10534
249.887,10532
251.031,10531
252.404,10530
253.648,10527
254.809,10525
255.941,10524
257.153,10521
258.324,10519
259.455,10517
260.575,10514
261.896,10513
262.995,10511
264.122,10502
265.31,10501
266.478,10499
267.561,10498
268.669,10495
269.823,10492
270.933,10491
271.98,10489
273.451,10487
274.599,10486
275.766,10478
276.994,10477
278.134,10476
279.21,10475
280.466,10472
281.689,10471
282.848,10469
284.027,10466
285.293,10465
286.431,10463
287.526,10460
288.686,10458
289.825,10457
290.88,10456
291.983,10455
293.393,10454
294.453,10453
295.541,10452
296.78,10451
297.881,10450
299.06,10449
300.335,10447
301.595,10444
302.886,10441
304.157,10435
305.608,10434
306.844,10432
308.168,10430
309.367,10429
310.557,10426
311.863,10423
313.317,10422
314.477,10419
315.555,10418
316.824,10417
318.027,10415
319.188,10413
320.42,10411
321.489,10409
322.551,10405
323.772,10403
325.019,10402
326.105,10398
327.182,10396
328.494,10395
329.647,10392
330.811,10391
332.078,10388
333.354,10387
334.467,10386
335.717,10384
336.87,10381
338.055,10379
339.278,10377
340.481,10373
341.711,10372
342.847,10370
344.189,10366
345.508,10365
346.653,10364
347.896,10363
348.944,10361
350.058,10357
351.259,10355
352.433,10354
353.752,10351
354.884,10349
356.111,10348
357.241,10345
358.351,10344
359.777,10343
361.011,10342
362.239,10341
363.671,10340
365.027,10337
366.29,10336
367.689,10335
368.913,10332
370.074,10331
371.411,10328
372.561,10327
373.856,10323
375.147,10321
376.229,10319
377.322,10317
378.443,10316
379.691,10315
380.808,10314
381.935,10313
383.226,10311
384.29,10309
385.412,10308
386.648,10307
387.823,10305
388.955,10304
390.058,10303
391.297,10301
392.356,10297
393.523,10295
395.018,10294
396.187,10292
397.412,10288
398.951,10285
400.149,10284
401.311,10283
402.706,10282
403.941,10281
405.075,10276
406.342,10273
407.559,10270
408.86,10269
410.137,10267
411.416,10265
412.628,10264
413.809,10263
415.212,10261
416.297,10260
417.382,10259
418.698,10258
419.933,10257
421.236,10255
422.693,10254
423.946,10253
425.196,10250
426.72,10245
428.006,10244
429.124,10242
430.362,10240
431.553,10239
432.703,10238
434.006,10235
435.402,10233
436.526,10232
437.788,10229
438.931,10224
440.014,10223
441.166,10220
442.56,10218
443.689,10217
444.9,10215
446.162,10213
447.259,10212
448.321,10211
449.571,10209
450.651,10207
451.784,10206
453.008,10204
454.149,10203
455.455,10202
456.761,10200
457.943,10198
459.144,10195
460.313,10194
461.525,10193
462.696,10192
463.844,10191
465.108,10190
466.257,10189
467.374,10188
468.524,10187
469.699,10186
470.878,10183
472.063,10181
473.393,10179
474.471,10177
475.626,10176
477.009,10175
478.181,10174
479.209,10170
480.514,10169
481.762,10167
483.04,10166
484.297,10165
485.54,10164
486.877,10160
488.148,10157
489.33,10155
490.417,10154
491.529,10153
492.763,10152
493.864,10151
495.022,10150
496.47,10149
497.643,10148
498.857,10146
500.044,10145
501.095,10144
502.207,10143
503.338,10142
504.441,10141
505.491,10140
506.566,10138
507.851,10137
508.906,10136
509.975,10135
511.2,10131
512.337,10129
513.404,10126
514.555,10125
515.717,10123
517.059,10122
518.23,10121
519.481,10120
520.554,10119
521.729,10118
522.95,10117
524.111,10116
525.205,10115
526.398,10114
527.527,10112
528.601,10111
529.734,10109
530.942,10100
532.046,10098
533.255,10097
534.798,10095
536.295,10094
537.504,10093
538.942,10091
540.371,10089
541.851,10088
543.367,10087
544.623,10086
545.92,10085
547.355,10083
548.568,10082
549.769,10081
551.099,10079
552.185,10078
553.294,10077
554.511,10074
555.684,10073
556.802,10072
558.179,10071
559.337,10070
560.416,10068
561.567,10066
562.833,10065
563.909,10063
564.969,10062
566.24,10061
567.376,10059
568.444,10057
569.488,10056
570.735,10055
571.785,10053
572.875,10052
574.071,10050
575.283,10049
576.33,10048
577.73,10047
578.963,10046
580.053,10045
581.186,10044
582.389,10042
583.491,10040
584.637,10039
585.918,10038
587.11,10037
588.183,10036
589.357,10035
590.599,10034
591.648,10033
592.676,10032
593.944,10031
595.087,10028
596.168,10026
597.321,10025
598.617,10024
599.686,10023
600.906,10022
602.234,10021
603.495,10020
604.712,10019
606.15,10017
607.321,10016
608.628,10015
609.964,10014
611.088,10013
612.229,10011
613.402,10010
614.554,10009
615.649,10008
616.756,10005
618.282,10003
619.349,10000
620.399,9998
621.601,9997
622.679,9996
623.707,9995
624.843,9992
626.073,9991
627.171,9990
628.226,9989
629.443,9988
630.493,9987
631.605,9986
632.699,9985
633.895,9982
634.948,9981
636.014,9980
637.261,9979
638.331,9978
639.71,9976
641.061,9975
642.299,9974
643.358,9973
644.567,9970
646.043,9969
647.162,9968
648.214,9965
649.469,9964
650.551,9963
651.615,9962
652.755,9961
653.866,9960
654.986,9959
656.234,9958
657.386,9957
658.514,9956
659.603,9954
660.915,9951
662.139,9949
663.346,9948
664.858,9947
666.016,9946
667.231,9945
668.508,9944
669.799,9942
670.909,9941
672.178,9940
673.356,9939
674.445,9938
675.509,9937
676.834,9936
677.896,9933
679.067,9932
680.226,9931
681.347,9930
682.398,9929
683.463,9928
684.859,9927
685.903,9926
686.972,9925
688.144,9924
689.261,9923
690.355,9919
691.462,9918
692.666,9917
693.773,9916
694.836,9915
696.044,9914
697.148,9913
698.25,9910
699.359,9909
700.651,9907
701.734,9906
702.818,9905
704.003,9904
705.268,9903
706.348,9901
707.594,9900
708.883,9899
710.081,9898
711.334,9897
712.449,9895
713.544,9893
714.646,9892
715.96,9891
717.15,9889
718.213,9888
719.351,9887
720.546,9886
721.768,9885
723.031,9884
724.274,9883
725.685,9882
727.02,9881
728.297,9880
729.5,9879
730.795,9877
732.026,9875
733.106,9873
734.191,9872
735.477,9871
736.537,9868
737.694,9867
738.846,9866
740.016,9862
741.18,9861
742.253,9860
743.573,9859
745.018,9858
746.297,9857
747.496,9856
748.545,9855
749.645,9854
750.837,9853
751.949,9852
753.072,9851
754.179,9850
755.354,9848
756.438,9846
757.471,9845
758.677,9843
759.831,9842
761.005,9841
762.179,9840
763.354,9839
764.471,9838
765.678,9837
766.939,9836
767.993,9835
769.107,9834
770.286,9832
771.417,9831
772.483,9829
773.562,9828
774.828,9827
775.931,9826
777.271,9825
778.62,9824
779.699,9823
780.836,9822
782.2,9821
783.436,9820
784.606,9819
786.086,9818
787.363,9817
788.519,9816
789.784,9815
791.116,9814
792.39,9813
793.548,9812
794.778,9811
795.884,9810
797.009,9809
798.252,9808
799.411,9807
800.509,9806
801.625,9805
802.72,9804
803.807,9803
804.885,9800
806.413,9799
807.483,9798
808.55,9797
809.636,9796
810.832,9795
811.912,9794
812.957,9793
814.22,9792
815.282,9791
816.406,9789
817.647,9788
818.752,9787
819.838,9786
820.955,9785
822.315,9784
823.442,9783
824.535,9782
826.011,9780
827.104,9779
828.182,9778
829.39,9776
830.523,9775
831.601,9772
832.635,9771
834.012,9770
835.341,9769
836.589,9768
837.964,9767
839.149,9765
840.699,9764
842.211,9763
843.302,9762
844.563,9761
845.927,9760
847.299,9759
848.527,9756
849.817,9755
851.01,9754
852.377,9753
853.614,9752
854.756,9751
855.848,9750
857.037,9749
858.164,9748
859.259,9747
860.509,9745
861.581,9744
862.693,9743
863.918,9742
865.064,9740
866.09,9739
867.489,9738
868.601,9737
869.684,9736
870.711,9735
871.896,9734
872.997,9733
874.119,9732
875.271,9731
876.489,9730
877.543,9729
878.644,9728
879.84,9727
880.91,9726
881.976,9725
883.429,9723
884.655,9722
885.738,9721
887.162,9720
888.371,9719
889.439,9717
890.499,9716
891.736,9715
892.784,9714
893.831,9711
894.953,9710
896.068,9709
897.112,9708
898.208,9707
899.353,9706
900.452,9705
901.529,9704
902.838,9703
904.136,9702
905.371,9701
906.729,9699
908.038,9698
909.278,9697
910.48,9696
911.77,9695
913.012,9694
914.097,9693
915.271,9692
916.373,9691
917.527,9690
918.671,9689
919.836,9688
920.855,9687
921.973,9686
923.186,9685
924.299,9684
925.308,9683
926.522,9682
927.814,9681
928.913,9680
930.017,9679
931.25,9678
932.292,9677
933.373,9676
934.562,9675
935.651,9674
936.72,9673
937.776,9672
938.981,9671
940.027,9670
941.073,9669
942.275,9668
943.374,9667
944.442,9666
945.63,9665
946.967,9664
948.445,9663
949.512,9662
950.762,9661
951.845,9660
952.93,9659
954.162,9658
955.232,9657
956.286,9656
957.483,9655
958.659,9654
959.868,9652
960.992,9651
962.316,9650
963.526,9649
964.635,9648
965.979,9647
967.224,9646
968.57,9645
969.872,9644
971.09,9643
972.239,9642
973.381,9641
974.643,9639
975.678,9634
978.08,9633
979.204,9631
982.555,9630
983.703,9624
984.815,9623
989.563,9622
990.647,9621
991.715,9620
992.858,9619
994.006,9618
995.068,9617
996.131,9616
997.382,9615
998.432,9614
999.577,9613
1000.76,9612
1001.9,9611
1002.94,9609
1004.1,9608
1005.36,9607
1009.05,9606
1010.3,9605
1011.38,9603
1014.97,9602
1016.16,9601
1017.28,9600
1018.37,9599
1019.54,9598
1020.82,9597
1021.91,9596
1023.22,9594
1024.51,9593
1025.68,9592
1026.94,9591
1028.36,9590
1029.68,9589
1030.83,9587
1032.19,9586
1033.31,9585
1034.41,9584
1035.73,9582
1036.82,9581
1037.93,9580
1039.12,9579
1040.24,9577
1041.3,9576
1042.44,9575
1043.66,9574
1044.77,9573
1046.14,9572
1047.52,9571
1049.82,9570
1050.98,9569
1052.13,9568
1053.24,9567
1054.37,9565
1055.57,9564
1056.64,9563
1057.69,9562
1058.85,9561
1059.99,9560
1061.06,9559
1062.14,9558
1063.38,9557
1064.48,9556
1065.65,9555
1066.83,9554
1067.98,9553
1069.29,9552
1070.44,9551
1071.55,9550
1072.6,9549
1073.64,9548
1074.86,9547
1075.94,9546
1077.04,9545
1078.28,9544
1079.39,9543
1080.5,9542
1081.56,9541
1082.83,9540
1084.01,9539
1085.23,9536
1086.56,9535
1087.84,9534
1089,9533
1092.78,9531
1093.99,9529
1095.17,9527
1096.4,9526
1098.78,9524
1105.72,9523
1106.85,9522
1107.87,9521
1109.05,9520
1110.42,9519
1111.51,9518
1112.56,9517
1113.81,9516
1114.94,9514
1116.03,9513
1117.19,9512
1118.35,9511
1119.45,9510
1120.51,9509
1121.76,9508
1122.88,9506
1123.96,9505
1127.83,9504
1129,9503
1132.53,9502
1133.91,9501
1135.13,9497
1136.45,9496
1140.08,9495
1141.59,9494
1142.76,9493
1143.84,9492
1146.78,9490
1148.04,9489
1151.74,9486
1156.57,9485
1157.83,9484
1158.95,9483
1160.08,9482
1161.27,9480
1162.4,9479
1163.54,9478
1171.56,9477
1172.75,9476
1173.85,9474
1174.99,9472
1178.57,9471
1179.64,9470
1180.81,9468
1182.97,9466
1184.19,9464
1186.53,9463
1187.77,9461
1189.01,9460
1190.14,9459
1191.19,9457
1192.43,9456
1193.46,9455
1194.56,9451
1195.8,9449
1201.44,9448
1202.54,9447
1205.08,9446
1207.73,9444
1208.92,9442
1214.79,9441
1217.43,9440
1218.51,9437
1221.88,9436
1223,9435
1224.19,9434
1225.22,9433
1227.62,9432
1228.67,9431
1229.74,9429
1230.93,9427
1233.18,9426
1234.21,9425
1237.77,9424
1238.9,9423
1240.05,9422
1241.23,9419
1243.56,9418
1248.42,9417
1251.74,9415
1252.82,9414
1255.06,9411
1256.17,9410
1257.61,9408
1262.22,9407
1263.35,9406
1267.11,9405
1268.28,9404
1269.5,9401
1270.8,9400
1272.05,9398
1273.29,9397
1274.46,9395
1276.61,9394
1280.2,9393
1283.57,9392
1285.87,9390
1286.98,9389
1290.47,9388
1292.66,9387
1293.89,9385
1294.97,9384
1296.03,9383
1297.26,9382
1299.59,9381
1300.77,9380
1301.94,9379
1303.06,9378
1304.1,9377
1305.33,9376
1306.33,9375
1307.47,9374
1308.85,9373
1310.18,9372
1317.21,9371
1319.54,9370
1320.8,9369
1322.96,9367
1324.14,9366
1325.43,9365
1327.97,9364
1329.32,9363
1330.4,9362
1331.61,9361
1332.96,9360
1334.08,9359
1335.14,9358
1336.3,9357
1337.39,9356
1338.48,9355
1339.62,9354
1340.86,9353
1341.92,9352
1343.01,9351
1344.38,9350
1345.52,9348
1348.23,9347
1349.29,9346
1350.34,9345
1351.46,9344
1352.61,9343
1353.72,9342
1354.85,9341
1356.08,9340
1357.16,9339
1358.22,9338
1359.41,9337
1360.58,9334
1365.19,9333
1367.6,9332
1369.97,9331
1371.12,9330
1372.26,9329
1374.39,9328
1376.74,9327
1377.86,9326
1379.04,9325
1380.19,9324
1381.25,9321
1383.63,9320
1384.98,9319
1387.58,9318
1388.74,9316
1389.95,9315
1392.47,9314
1393.68,9313
1397.11,9312
1398.18,9311
1399.46,9309
1404.02,9308
1405.27,9307
1406.37,9306
1407.57,9305
1408.67,9304
1409.78,9303
1411.01,9301
1413.14,9300
1414.31,9298
1415.53,9297
1416.58,9296
1417.62,9295
1419.91,9292
1427.96,9291
1429.02,9290
1430.29,9288
1431.36,9286
1432.47,9285
1435.11,9281
1436.5,9280
1445.55,9278
1447.15,9275
1454.67,9274
1455.71,9273
1456.8,9272
1457.95,9271
1459.04,9270
1460.14,9269
1461.28,9268
1462.46,9267
1463.52,9266
1464.63,9265
1467.25,9264
1468.37,9262
1470.69,9261
1471.76,9260
1477.34,9259
1478.57,9258
1479.6,9256
1480.64,9255
1481.82,9253
1482.97,9252
1486.73,9251
1491.15,9250
1493.52,9249
1494.56,9247
1495.61,9246
1502.49,9245
1503.61,9244
1504.81,9243
1506.21,9242
1507.57,9240
1508.94,9238
1515,9236
1516.08,9235
1518.43,9234
1520.62,9231
1521.8,9230
1525.13,9228
1529.81,9225
1540.09,9223
1542.3,9217
1543.39,9216
1552.89,9215
1556.21,9214
1557.3,9212
1563.19,9211
1564.32,9210
1565.37,9209
1568.19,9208
1569.43,9206
1571.86,9205
1573.07,9204
1574.26,9202
1581.02,9201
1584.55,9198
1586.83,9196
1589.36,9195
1590.41,9194
1593.9,9193
1595.1,9192
1603.24,9191
1606.66,9190
1607.99,9189
1609.3,9188
1610.67,9187
1611.97,9186
1613.13,9184
1615.49,9183
1617.66,9182
1618.85,9180
1619.99,9179
1622.15,9178
1623.37,9177
1626.7,9176
1633.29,9174
1635.76,9173
1636.89,9172
1639.31,9171
1641.37,9170
1642.56,9169
1643.72,9168
1644.76,9166
1645.85,9165
1647.21,9163
1648.74,9160
1649.8,9159
1652.08,9157
1653.28,9154
1664.41,9153
1666.68,9151
1669,9149
1672.27,9147
1674.62,9146
1675.69,9145
1679.21,9144
1680.31,9143
1681.49,9141
1682.72,9140
1688.44,9138
1692.37,9136
1696.06,9135
1697.31,9134
1698.46,9132
1701.78,9131
1702.82,9130
1703.93,9129
1705.1,9128
1707.32,9127
1708.44,9126
1709.87,9125
1710.93,9124
1712.01,9123
1714.34,9122
1716.64,9119
1719.96,9118
1723.37,9116
1726.84,9115
1729.19,9114
1735.33,9113
1736.78,9112
1737.99,9111
1740.68,9110
1741.99,9109
1743.26,9108
1744.42,9107
1753.39,9104
1758.23,9101
1761.5,9100
1762.61,9099
1765.99,9098
1769.52,9097
1771.68,9096
1772.89,9095
1773.98,9092
1775.31,9091
1776.56,9090
1778.75,9089
1779.93,9088
1781.05,9087
1783.35,9084
1786.7,9083
1794.73,9081
1799.47,9080
1800.77,9079
1801.89,9078
1803.07,9076
1804.26,9075
1805.48,9074
1811.35,9073
1812.74,9071
1816.75,9070
1819.16,9068
1820.28,9067
1821.28,9066
1822.39,9065
1823.54,9064
1824.6,9062
1825.69,9060
1834.76,9059
1836.1,9058
1838.21,9055
1839.4,9054
1840.46,9053
1846.11,9052
1847.57,9051
1850.95,9050
1852.05,9049
1853.3,9048
1855.74,9046
1864.93,9045
1866.06,9044
1867.28,9042
1869.53,9041
1872.24,9039
1877.38,9038
1878.73,9037
1879.86,9036
1880.98,9035
1882.14,9034
1883.3,9033
1886.64,9032
1887.7,9030
1890.04,9029
1894.68,9028
1895.82,9027
1896.95,9025
1901.86,9024
1903.01,9023
1904.07,9022
1905.23,9021
1906.43,9020
1907.48,9018
1911.29,9017
1913.53,9016
1918.38,9015
1919.42,9014
1920.58,9012
1921.77,9011
1924.09,9009
1926.44,9008
1927.59,9007
1930.01,9005
1934.04,9004
1935.22,9003
1936.39,9001
1937.94,8999
1939.05,8994
1953.04,8992
1954.12,8991
1957.65,8990
1958.87,8989
1966.82,8987
1968.06,8985
1970.26,8983
1972.49,8982
1975.74,8981
1978.33,8980
1985.11,8979
1986.17,8978
1989.86,8977
1991.18,8976
1993.86,8975
1995.26,8972
1996.5,8970
1997.7,8969
1999.28,8968
2000.49,8967
2001.55,8966
2002.69,8964
2003.89,8962
2007.37,8960
2009.6,8959
2014.05,8958
2015.31,8957
2017.75,8956
2020.27,8955
2022.55,8953
2023.83,8952
2024.93,8951
2026.04,8950
2027.25,8949
2028.4,8944
2030.61,8942
2035.25,8941
2039.49,8939
2040.94,8938
2047.28,8936
2050.86,8935
2052.05,8934
2053.2,8932
2055.92,8931
2057.09,8929
2062.28,8928
2069.03,8927
2070.29,8926
2071.35,8925
2074.81,8924
2075.89,8923
2080.81,8922
2083.13,8921
2084.27,8920
2085.48,8919
2086.57,8918
2087.67,8917
2090.05,8914
2095.57,8913
2096.72,8912
2097.86,8911
2102.43,8908
2109.27,8903
2122.7,8902
2126.26,8901
2127.3,8900
2130.79,8899
2131.92,8897
2135.51,8895
2143.93,8894
2146.35,8893
2147.68,8892
2151.07,8890
2161.39,8889
2162.58,8888
2163.88,8887
2164.99,8884
2174.89,8881
2177.46,8880
2178.7,8879
2180.02,8877
2195.87,8876
2200.42,8875
2201.56,8874
2203.94,8873
2205.06,8871
2206.37,8870
2207.61,8869
2215.82,8868
2216.83,8867
2226.35,8866
2229.87,8865
2231.2,8864
2232.35,8863
2234.85,8862
2236.14,8859
2237.42,8857
2245.65,8856
2248.34,8855
2251.85,8854
2254.15,8853
2255.31,8852
2256.39,8850
2257.47,8849
2258.67,8848
2260.9,8847
2262.11,8844
2263.29,8843
2264.33,8841
2268.99,8839
2271.24,8837
2272.24,8836
2277.98,8834
2283.7,8833
2284.79,8832
2286.05,8831
2287.15,8830
2289.62,8829
2295.71,8828
2301.06,8827
2304.36,8826
2305.53,8825
2307.6,8822
2310.11,8821
2311.16,8820
2313.58,8819
2314.66,8817
2318.04,8815
2321.44,8814
2325.88,8813
2331.4,8812
2334.65,8811
2335.74,8810
2338.9,8809
2343.13,8805
2351.39,8804
2354.9,8803
2357.37,8801
2363.42,8800
2366.7,8799
2369.2,8798
2371.34,8796
2375.96,8795
2377.09,8794
2381.61,8792
2390.76,8791
2391.95,8790
2392.97,8789
2394.01,8788
2404.36,8787
2405.45,8786
2406.5,8785
2412.31,8784
2414.94,8781
2416.13,8780
2422.18,8779
2423.51,8778
2424.54,8777
2427.79,8776
2432.19,8775
2433.27,8774
2434.71,8773
2436.9,8772
2440.23,8771
2442.52,8770
2447.14,8768
2449.46,8767
2450.71,8766
2460.78,8765
2463.11,8764
2470.05,8763
2473.5,8762
2474.77,8761
2478.45,8760
2481.15,8759
2482.46,8757
2486.95,8756
2487.98,8755
2494.68,8754
2495.84,8752
2501.7,8751
2502.78,8750
2503.91,8746
2516.87,8745
2520.28,8743
2521.64,8739
2542.67,8738
2547.32,8737
2548.78,8736
2549.93,8735
2554.21,8734
2558.8,8733
2561.28,8731
2575.63,8730
2576.74,8728
2580.37,8727
2582.78,8726
2583.91,8725
2592.89,8724
2594.02,8722
2595.36,8721
2599.11,8720
2601.49,8719
2603.19,8718
2605.41,8717
2606.46,8716
2609.8,8713
2610.96,8712
2617.83,8710
2620.09,8709
2626.81,8707
2631.11,8706
2632.14,8704
2634.31,8701
2652.06,8699
2653.14,8698
2661.09,8697
2662.33,8696
2663.51,8695
2666.72,8694
2671.25,8693
2672.23,8692
2675.41,8691
2683.06,8690
2684.09,8689
2685.25,8688
2686.28,8686
2687.35,8685
2691.78,8684
2695.96,8683
2697.08,8682
2698.11,8681
2700.22,8680
2703.35,8679
2706.51,8676
2720.11,8675
2721.18,8674
2722.3,8673
2723.67,8672
2724.86,8671
2725.9,8670
2728.03,8669
2737.74,8668
2738.82,8667
2744.16,8666
2749.9,8665
2755.18,8662
2758.37,8661
2759.39,8659
2760.45,8658
2761.55,8657
2767.97,8656
2775.68,8655
2783.83,8654
2787.09,8653
2790.46,8652
2791.5,8651
2792.61,8650
2793.66,8649
2794.69,8648
2795.7,8647
2796.83,8646
2798.98,8644
2801.15,8643
2804.38,8642
2815.48,8641
2817.64,8640
2818.66,8639
2828.35,8637
2833.03,8636
2834.08,8635
2836.34,8634
2847.62,8633
2848.62,8631
2851.36,8630
2852.34,8629
2857.52,8628
2859.74,8627
2861.76,8626
2866.09,8625
2869.19,8624
2870.32,8621
2871.48,8619
2876.64,8618
2889.45,8616
2891.64,8615
2893.84,8614
2894.84,8611
2908.43,8610
2914.66,8608
2915.71,8607
2919.92,8606
2921.06,8605
2922.06,8604
2924.2,8603
2926.24,8602
2927.29,8601
2930.46,8600
2938.5,8599
2941.29,8597
2943.82,8596
2945.78,8593
2959.41,8592
2964.07,8591
2965.1,8590
2966.18,8589
2967.27,8588
2969.3,8587
2976.97,8585
2985.49,8583
2989.87,8580
2990.97,8579
2994.34,8576
2996.33,8572
2997.42,8571
3017.67,8570
3027.76,8569
3034.32,8568
3035.3,8566
3036.38,8565
3038.39,8564
3040.48,8563
3043.65,8562
3049.89,8561
3051.12,8560
3052.24,8559
3053.57,8557
3061.88,8555
3062.94,8554
3064.13,8553
3068.51,8552
3070.56,8551
3071.63,8550
3075.1,8549
3079.56,8548
3080.65,8547
3081.74,8546
3082.95,8545
3088.46,8544
3104.29,8543
3105.33,8542
3110.59,8541
3111.66,8539
3112.92,8538
3115.06,8536
3120.7,8535
3124.84,8534
3127.83,8532
3132.16,8530
3133.41,8529
3137.63,8528
3140.2,8527
3142.42,8525
3152.69,8524
3158.72,8521
3160.06,8520
3170.56,8519
3172.7,8518
3186.64,8515
3188.67,8513
3190.76,8512
3191.8,8511
3200.76,8510
3201.99,8509
3208.63,8508
3212.79,8507
3214.94,8506
3215.93,8505
3216.93,8504
3218.03,8503
3221.32,8502
3223.45,8501
3224.49,8500
3225.64,8499
3226.63,8497
3227.62,8496
3228.7,8494
3241.48,8492
3246.06,8490
3250.49,8488
3259.01,8487
3260.19,8486
3261.51,8484
3262.64,8483
3270.51,8481
3271.57,8480
3274.68,8479
3275.84,8478
3289.73,8474
3294.07,8472
3305.61,8471
3309.03,8470
3313.31,8469
3317.52,8467
3326.95,8466
3327.93,8464
3336.44,8463
3337.47,8462
3341.6,8460
3347,8459
3349.02,8457
3350.19,8454
3368.45,8451
3383.8,8450
3385.01,8449
3386.12,8448
3387.15,8446
3390.25,8444
3395.67,8443
3396.74,8442
3397.69,8441
3411.35,8440
3437.77,8437
3459.14,8436
3461.1,8435
3471.84,8434
3477.21,8432
3484.91,8431
3486.9,8430
3493.12,8429
3527.72,8428
3533.29,8425
3554.7,8424
3560.2,8422
3562.56,8421
3570.73,8420
3571.72,8419
3572.75,8417
3573.96,8416
3575.22,8415
3583.58,8414
3584.54,8413
3586.69,8412
3587.7,8411
3588.73,8410
3601.65,8408
3616.33,8406
3617.35,8405
3619.43,8403
3629.73,8402
3630.73,8401
3636.19,8400
3644.54,8396
3658.53,8395
3659.58,8394
3661.6,8393
3664.74,8391
3668.05,8390
3685.24,8389
3687.7,8388
3696.33,8387
3698.4,8386
3704.56,8385
3707.72,8384
3727.02,8382
3742.09,8381
3744.41,8380
3746.64,8379
3759.15,8378
3761.16,8377
3766.33,8376
3767.48,8373
3782.66,8372
3787.79,8371
3798.53,8370
3803.04,8367
3804.18,8366
3805.42,8365
3808.99,8364
3810.22,8363
3814.31,8362
3817.58,8361
3821.69,8359
3823.72,8358
3825.84,8356
3835.29,8355
3841.63,8354
3846.34,8353
3847.37,8352
3861.45,8349
3862.54,8348
3882.58,8347
3888.77,8346
3891.96,8343
3902.74,8341
3916.13,8340
3917.15,8338
3919.29,8336
3920.44,8335
3936.04,8334
3939.36,8333
3940.54,8331
3941.61,8330
3944.63,8329
3950.83,8328
3952.02,8327
3962.8,8326
3965.91,8324
3973.23,8323
3974.24,8322
3975.25,8321
3987.52,8318
3988.62,8317
3989.79,8316
3990.94,8315
3992.09,8314
3993.13,8313
4009.66,8312
4011.94,8311
4014.28,8310
4018.71,8309
4020.81,8308
4040.26,8307
4044.83,8306
4047.07,8305
4049.4,8303
4064.81,8300
4083.19,8299
4087.36,8298
4089.44,8296
4112.21,8295
4114.57,8294
4115.54,8293
4131.12,8292
4132.11,8290
4138.85,8289
4147.46,8288
4155.25,8286
4163.54,8285
4164.84,8284
4169.45,8283
4170.63,8282
4177.4,8281
4178.4,8280
4184.9,8279
4190.98,8278
4192.11,8276
4194.32,8275
4202.81,8274
4205.01,8273
4210.1,8272
4211.27,8270
4227.48,8269
4228.58,8268
4240.55,8267
4244.82,8266
4247.93,8264
4261.01,8262
4264.06,8261
4283.21,8260
4284.45,8259
4287.84,8258
4292.48,8257
4305.62,8256
4313.86,8255
4318.69,8254
4329.19,8252
4330.26,8249
4348.61,8248
4350.93,8246
4352.01,8245
4358.1,8244
4366.5,8243
4369.68,8242
4378.14,8241
4379.18,8240
4384.45,8239
4388.7,8238
4397.08,8237
4420.97,8235
4435.56,8233
4463.19,8231
4471.48,8228
4488.02,8227
4496.35,8226
4499.5,8225
4507.08,8224
4508.11,8223
4513.43,8222
4517.76,8221
4524.28,8220
4528.73,8219
4535.63,8218
4540.82,8217
4541.81,8216
4548.34,8215
4552.48,8214
4556.79,8213
4557.79,8212
4567.45,8211
4568.49,8210
4572.72,8209
4580,8208
4589.94,8207
4592.17,8205
4593.46,8204
4600.86,8203
4601.91,8202
4611.41,8200
4612.54,8199
4621.27,8198
4624.59,8196
4626.6,8195
4627.6,8194
4640.37,8193
4642.35,8191
4670.04,8190
4683.84,8189
4723.38,8188
4727.63,8186
4738.15,8184
4740.89,8183
4751.95,8182
4756.11,8181
4765.56,8180
4766.87,8179
4768.01,8178
4770.18,8177
4773.74,8176
4778.24,8175
4780.33,8174
4786.88,8173
4794.27,8172
4796.32,8171
4808.87,8169
4811.04,8168
4815.37,8167
4818.42,8165
4870.29,8164
4881.05,8161
4915.7,8159
4947.42,8158
4959.14,8157
4965.45,8156
4968.7,8155
4969.7,8154
4970.71,8153
4980.51,8152
4984.63,8151
4996.15,8149
5004.87,8148
5019.16,8147
5023.51,8146
5068.55,8144
5069.72,8143
5074.33,8142
5076.66,8141
5087.4,8140
5092.7,8139
5097.03,8138
5114.88,8137
5116.98,8136
5117.97,8135
5120.15,8134
5123.43,8132
5124.39,8131
5138.73,8130
5139.73,8129
5144.05,8128
5150.32,8126
5156.96,8125
5199.87,8123
5200.9,8121
5294.57,8119
5297.8,8118
5299.91,8115
5305.17,8114
5307.25,8113
5316.23,8112
5321.52,8111
5322.59,8110
5327.86,8109
5331.98,8108
5335.22,8107
5364.54,8106
5375.81,8105
5382.37,8104
5384.47,8102
5388.68,8101
5390.92,8100
5394.17,8099
5414.1,8098
5432.38,8097
5441.64,8096
5443.83,8095
5444.83,8094
5447.95,8093
5462.28,8092
5471.54,8091
5479.3,8089
5511.63,8088
5514.73,8085
5553.82,8084
5574.64,8083
5576.75,8080
5623.97,8079
5625.09,8077
5642.83,8076
5646.65,8075
5653.43,8074
5658.58,8073
5701.66,8072
5702.82,8071
5703.8,8070
5730.23,8069
5735.89,8068
5737.09,8067
5760.81,8066
5762.94,8065
5763.96,8064
5765,8063
5778.57,8061
5781.01,8060
5812.03,8058
5826.36,8057
5837.82,8055
5845.26,8054
5864.09,8053
5866.23,8052
5869.52,8050
5871.53,8049
5955.81,8048
5968.63,8047
5980,8046
5984.57,8044
6001.32,8043
6028.84,8042
6035.37,8038
6066.66,8037
6078,8036
6080.15,8035
6087.57,8034
6093.86,8033
6098.5,8032
6101.95,8031
6112.41,8030
6133.93,8029
6154.35,8028
6155.59,8026
6197.27,8021
6299.62,8020
6313.9,8019
6314.87,8017
6332,8016
6341.01,8015
6367.69,8013
6374.06,8012
6397.97,8011
6403.96,8010
6407.34,8009
6409.62,8008
6415.14,8007
6460.33,8005
6465.79,8004
6479.74,8003
6579.28,8002
6586.28,8000
6592.49,7999
6607.34,7998
6608.32,7997
6642.61,7996
6657.49,7995
6665.17,7994
6672.37,7992
6674.63,7991
6677.69,7990
6685.09,7989
6697.74,7988
6706.07,7986
6767.2,7985
6779.73,7984
6863.93,7983
6877.67,7982
6911.01,7981
6939.63,7978
7015.73,7977
7021.42,7976
7025.76,7975
7096.64,7974
7100.97,7973
7179.77,7972
7180.82,7971
7215.81,7970
7218.09,7969
7236.95,7968
7271.52,7967
7318.28,7966
7339.41,7965
7349.94,7964
7351.13,7963
7355.32,7962
7362.21,7961
7371.75,7958
7376.8,7957
7411.36,7956
7432.55,7955
7444.04,7953
7468.49,7952
7471.55,7951
7516.98,7950
7519.19,7946
7574.71,7945
7624.96,7944
7632.24,7942
7660.17,7941
7661.28,7940
7672.89,7938
7678.25,7937
7680.44,7936
7690.68,7935
7693.83,7934
7764.59,7933
7768.82,7932
7773.99,7931
7797.37,7930
7837.4,7929
7887.91,7927
7903.39,7926
7909.27,7924
8001.35,7920
8009.78,7919
8116.36,7917
8117.44,7916
8140.71,7915
8170.32,7914
8171.27,7913
8177.8,7912
8179.84,7911
8260.95,7910
8292.09,7909
8294.2,7908
8296.24,7906
8298.52,7905
8370.47,7904
8383.56,7903
8392.43,7902
8528.36,7900
8556.59,7897
8634,7896
8642.83,7895
8644.12,7894
8645.35,7893
8657.35,7891
8661.54,7890
8662.52,7889
8663.57,7888
8697.31,7887
8703.85,7886
8705.82,7885
8710.96,7884
8720.41,7882
8785.42,7881
8786.47,7880
8793.76,7879
8804.48,7878
8830.76,7877
8831.73,7876
8837.86,7875
9210.03,7874
9257.74,7873
9330.58,7872
9390.78,7870
9400.06,7869
9443.38,7868
9451.57,7867
9498.93,7866
9506.15,7865
9509.29,7864
9711.02,7863
9712,7862
9714.19,7861
9869.87,7859
9916.17,7858
9918.24,7857
9932.22,7856
9989.97,7855
9999.28,7854
10013.9,7852
10038.2,7851
10167,7850
10169.1,7849
10176.6,7846
11210.6,7844
11211.7,7843
11235.9,7842
11263.5,7841
11268.9,7840
11294,7839
11373.3,7838
11378.6,7836
11379.6,7835
11421.4,7833
11483.2,7832
11487.4,7831
11488.5,7830
11499.9,7829
11505.1,7827
11506.1,7826
11543,7825
11612.9,7824
11670.5,7823
11725,7822
11729.2,7821
11736.6,7819
11746.3,7818
11748.4,7817
11790.7,7816
11989.8,7815
12224.5,7814
12235.2,7813
12256.4,7812
13164.2,7811
13165.2,7810
13172.5,7809
13217.4,7808
13229.8,7807
13471,7806
13474.1,7805
13475.1,7804
13493.8,7803
13501.2,7802
15375.9,7801
15427.9,7799
15825.3,7798
15957.3,7797
16033.7,7796
16037,7795
16071,7794
16075.1,7793
16358.9,7792
16361.2,7791
16378.5,7790
16412.6,7789
16426.1,7788
16431.3,7787
16449,7786
16451.4,7783
16581.1,7782
16591.4,7781
18067.3,7780
18069.7,7778
18327.4,7777
18738,7776
18744.5,7775
18749,7774
18751.2,7773
18763.6,7772
18772,7771
18773.1,7770
24082.9,7769
24097.9,7767
25917,7766
25918.1,7765
25983.8,7764
26011.4,7763
26024.5,7762
26108.2,7761
26156.2,7760
26162.3,7759
34960.5,7758
34961.5,7757
34962.6,7755
34968.5,7754
34979.9,7753
34985.6,7752
35133.2,7751
35134.4,7750
36688,7749
36689.1,7747
36763.1,7746
36781.9,7744
36782.9,7742
36860.6,7741
36868,7739
42367,7738
42368,7737
42377,7736
42381.4,7734
43645.2,7733
43655.8,7732
43660.9,7731
43735.8,7730
43771.4,7729
43778.5,7728
44274.9,7727
71512.7,7726
71537.7,7725
71543.2,7724
71552.6,7723
71554.7,7722
71555.8,7721
71607,7720
71701.3,7719
80282.2,7718
80293.2,7717
80303.1,7716
