2.24299,11022
3.46639,11021
4.84342,11020
5.97927,11019
7.18475,11018
8.28433,11017
9.43504,11016
10.7257,11015
11.7998,11014
12.8884,11013
14.0908,11012
15.2449,11009
16.3601,11007
17.4836,11005
18.6312,11004
19.7159,11002
20.7797,11001
22.056,11000
23.1513,10998
24.4096,10997
25.7545,10994
26.8812,10992
27.9572,10986
29.1565,10981
30.3504,10979
31.5132,10978
32.6041,10977
33.8795,10976
34.9618,10975
36.0486,10973
37.3168,10970
38.44,10968
39.5487,10959
40.7776,10957
41.9279,10956
43.0498,10952
44.1641,10949
45.8936,10944
46.9455,10943
48.0314,10939
49.3473,10936
50.5024,10935
51.6317,10934
52.7845,10929
53.9497,10928
54.9902,10924
56.0708,10921
57.3711,10920
58.635,10917
59.8439,10912
61.3204,10911
62.584,10910
63.7783,10908
65.3529,10907
66.5315,10902
67.6429,10899
68.837,10895
70.0364,10893
71.1567,10889
72.3062,10888
73.4248,10883
74.552,10879
75.6348,10878
76.9269,10877
77.99,10876
79.1036,10871
80.2395,10867
81.4076,10864
82.493,10862
83.5704,10858
84.9763,10857
86.0754,10853
87.1362,10852
88.3338,10850
89.4839,10849
90.5967,10847
91.8356,10843
92.9978,10841
94.1292,10840
95.2521,10838
96.5523,10835
97.6093,10834
98.6871,10832
99.8651,10831
101.016,10826
102.075,10822
103.223,10816
104.473,10812
105.691,10810
106.84,10807
108.387,10806
109.538,10802
110.757,10800
112.005,10796
113.125,10794
114.268,10793
115.316,10792
116.554,10784
117.797,10783
118.91,10780
120.295,10769
121.618,10767
122.849,10765
124.343,10764
125.809,10761
127.067,10760
128.345,10758
129.506,10756
130.649,10753
131.839,10752
133.006,10750
134.08,10748
135.207,10747
136.423,10743
137.569,10741
138.626,10740
139.839,10735
140.94,10733
142.185,10728
143.572,10726
144.846,10725
146.217,10720
147.372,10717
148.526,10715
149.567,10712
150.687,10709
152.032,10708
153.159,10704
154.318,10699
155.718,10693
156.991,10689
158.114,10688
159.386,10686
160.544,10683
161.617,10682
162.842,10681
164.015,10679
165.132,10677
166.462,10676
167.675,10674
168.874,10672
170.072,10670
171.298,10669
172.399,10667
173.474,10665
174.686,10662
175.823,10661
176.927,10659
178.12,10658
179.416,10654
180.677,10650
181.887,10648
183.362,10646
184.624,10645
185.859,10641
187.238,10640
188.349,10639
189.411,10638
190.643,10637
192.033,10636
193.142,10632
194.352,10629
195.449,10627
196.585,10624
197.785,10622
199.027,10621
200.108,10619
201.262,10616
202.425,10614
203.528,10611
204.553,10608
205.738,10607
206.942,10606
208.089,10604
209.18,10603
210.471,10602
211.735,10601
212.843,10599
214.091,10598
215.203,10597
216.351,10595
217.543,10591
218.77,10589
219.803,10587
220.955,10585
222.292,10584
223.428,10583
224.565,10582
225.798,10578
226.974,10575
228.11,10571
229.306,10570
230.487,10567
231.568,10562
232.997,10561
234.477,10553
235.66,10551
236.807,10550
238.009,10546
239.476,10545
241.169,10542
242.647,10541
244.02,10539
245.477,10538
246.871,10535
248.045,10534
249.255,10524
250.45,10523
251.66,10517
253.057,10514
254.275,10512
255.427,10510
256.59,10509
257.806,10507
258.932,10505
260.085,10503
261.375,10501
262.513,10500
263.6,10499
264.683,10498
265.932,10495
267.033,10493
268.112,10490
269.284,10489
270.373,10487
271.454,10486
272.763,10483
274.034,10482
275.183,10481
276.333,10477
277.613,10476
278.722,10474
279.872,10468
281.111,10467
282.307,10465
283.471,10464
284.763,10459
285.913,10458
287.06,10456
288.148,10455
289.352,10453
290.404,10444
291.468,10442
292.904,10441
293.967,10438
295.034,10437
296.22,10436
297.407,10432
298.494,10431
299.67,10428
301.044,10425
302.269,10424
303.499,10423
305.02,10420
306.322,10416
307.576,10415
308.893,10414
310.061,10413
311.203,10411
312.542,10410
313.923,10409
315.014,10408
316.28,10407
317.442,10406
318.642,10405
319.824,10399
321,10398
322.064,10396
323.146,10393
324.44,10392
325.555,10391
326.697,10390
327.863,10388
329.059,10384
330.244,10383
331.47,10381
332.698,10380
333.9,10377
335.118,10375
336.409,10374
337.582,10373
338.717,10369
339.94,10367
341.13,10366
342.368,10364
343.61,10363
344.883,10362
346.17,10359
347.357,10355
348.496,10353
349.553,10351
350.68,10349
351.961,10348
353.067,10343
354.361,10342
355.589,10341
356.72,10340
357.876,10339
359.238,10337
360.513,10334
361.726,10332
363.095,10328
364.436,10327
365.747,10326
367.105,10325
368.357,10323
369.599,10320
370.849,10319
372.035,10318
373.195,10314
374.563,10313
375.713,10310
376.803,10309
377.879,10308
379.126,10306
380.22,10305
381.302,10301
382.499,10298
383.659,10296
384.762,10292
385.862,10289
387.135,10287
388.241,10285
389.3,10282
390.522,10280
391.643,10277
392.713,10276
394.065,10275
395.406,10273
396.596,10272
397.809,10271
399.218,10269
400.491,10267
401.694,10265
402.932,10260
404.13,10259
405.273,10258
406.612,10256
407.89,10255
409.056,10252
410.344,10251
411.637,10250
412.836,10248
414.057,10247
415.385,10246
416.462,10244
417.552,10242
418.858,10240
420.061,10239
421.363,10238
422.842,10237
424.111,10236
425.337,10234
426.899,10232
428.153,10231
429.289,10226
430.521,10225
431.723,10221
432.849,10219
434.164,10217
435.553,10214
436.683,10213
437.948,10211
439.053,10210
440.161,10209
441.285,10207
442.732,10206
443.845,10202
445.174,10201
446.329,10198
447.406,10195
448.449,10194
449.711,10193
450.829,10192
451.952,10191
453.227,10190
454.341,10189
455.61,10186
456.959,10184
458.156,10183
459.33,10181
460.57,10179
461.732,10177
462.904,10176
464.057,10174
465.314,10173
466.521,10171
467.547,10170
468.812,10169
469.888,10168
471.049,10167
472.281,10165
473.532,10163
474.597,10162
475.813,10160
477.144,10157
478.289,10156
479.362,10155
480.695,10154
481.898,10152
483.145,10151
484.421,10149
485.636,10148
486.919,10145
488.164,10144
489.39,10143
490.515,10142
491.609,10141
492.872,10140
493.985,10139
495.089,10138
496.578,10137
497.712,10136
498.953,10135
500.131,10134
501.171,10131
502.274,10129
503.421,10127
504.559,10120
505.609,10119
506.702,10118
507.964,10117
508.999,10116
510.072,10115
511.295,10113
512.385,10112
513.493,10111
514.608,10109
515.825,10108
517.108,10107
518.282,10106
519.522,10105
520.583,10104
521.706,10102
522.963,10099
524.087,10098
525.211,10096
526.398,10094
527.549,10092
528.591,10091
529.684,10090
530.901,10088
531.989,10086
533.201,10084
534.768,10083
536.173,10082
537.444,10081
538.782,10080
540.279,10079
541.743,10077
543.255,10075
544.499,10074
545.741,10073
547.139,10072
548.406,10071
549.62,10070
550.899,10069
552.024,10068
553.106,10067
554.302,10064
555.468,10062
556.632,10059
557.971,10058
559.181,10056
560.239,10054
561.416,10053
562.646,10052
563.734,10051
564.77,10049
565.979,10048
567.154,10047
568.213,10046
569.284,10045
570.436,10044
571.577,10043
572.626,10041
573.843,10039
575.034,10038
576.164,10037
577.459,10035
578.778,10034
579.937,10033
581.075,10032
582.292,10031
583.394,10030
584.537,10029
585.803,10028
587.003,10026
588.099,10025
589.203,10023
590.48,10022
591.506,10020
592.559,10019
593.786,10018
594.977,10016
596.019,10015
597.05,10013
598.444,10011
599.534,10009
600.666,10007
602.078,10005
603.32,10004
604.524,10003
605.904,10002
607.064,9999
608.329,9998
609.686,9996
610.85,9993
611.96,9990
613.142,9986
614.33,9983
615.431,9982
616.536,9980
618.041,9979
619.158,9978
620.201,9977
621.408,9976
622.467,9974
623.554,9973
624.711,9971
625.934,9969
627.022,9966
628.077,9964
629.267,9963
630.328,9962
631.406,9961
632.501,9960
633.689,9959
634.793,9957
635.853,9956
637.089,9955
638.189,9954
639.519,9953
640.858,9952
642.113,9950
643.168,9949
644.367,9948
645.778,9947
646.937,9946
648.036,9945
649.276,9944
650.39,9943
651.456,9942
652.596,9940
653.715,9939
654.809,9937
655.993,9936
657.225,9935
658.295,9934
659.431,9932
660.677,9931
661.916,9930
663.107,9928
664.536,9926
665.702,9924
666.936,9921
668.157,9918
669.494,9917
670.674,9915
671.809,9914
673.095,9913
674.137,9912
675.244,9911
676.406,9910
677.605,9909
678.724,9908
679.832,9907
681.012,9906
682.071,9905
683.109,9904
684.461,9903
685.572,9901
686.642,9900
687.715,9899
688.995,9898
690.052,9897
691.162,9892
692.389,9890
693.454,9889
694.52,9888
695.685,9887
696.819,9884
697.925,9880
699.013,9878
700.313,9877
701.42,9875
702.476,9874
703.64,9873
704.907,9872
705.993,9871
707.095,9870
708.458,9868
709.687,9867
710.883,9866
712.136,9865
713.167,9864
714.3,9863
715.586,9861
716.741,9860
717.816,9858
718.897,9857
720.1,9856
721.252,9855
722.423,9854
723.789,9853
725.161,9852
726.442,9851
727.792,9850
728.963,9849
730.246,9848
731.546,9847
732.63,9846
733.74,9845
734.887,9844
736.066,9843
737.168,9842
738.251,9841
739.544,9839
740.662,9838
741.746,9837
742.877,9836
744.283,9834
745.733,9832
746.978,9830
748.064,9829
749.129,9828
750.239,9826
751.413,9825
752.514,9824
753.586,9823
754.821,9822
755.905,9821
756.993,9820
758.153,9819
759.407,9816
760.598,9815
761.676,9814
762.958,9813
764.024,9811
765.334,9810
766.538,9809
767.653,9808
768.725,9807
769.883,9805
771.062,9803
772.151,9802
773.203,9801
774.433,9800
775.568,9799
776.729,9797
778.251,9796
779.417,9795
780.541,9791
781.77,9790
783.131,9789
784.263,9788
785.638,9787
786.998,9785
788.129,9784
789.322,9783
790.642,9782
791.98,9781
793.179,9780
794.448,9779
795.562,9778
796.663,9777
797.967,9776
799.146,9775
800.244,9774
801.354,9773
802.538,9772
803.584,9771
804.688,9769
806.089,9767
807.205,9766
808.27,9765
809.33,9764
810.553,9763
811.654,9762
812.719,9761
813.914,9760
815.056,9758
816.164,9756
817.356,9755
818.52,9754
819.609,9753
820.662,9752
822.025,9751
823.135,9750
824.242,9746
825.476,9745
826.756,9744
827.893,9743
828.995,9742
830.232,9739
831.296,9738
832.367,9737
833.687,9735
834.971,9734
836.333,9733
837.583,9732
838.881,9731
840.336,9730
841.819,9729
843.027,9726
844.21,9725
845.596,9724
847.084,9723
848.241,9722
849.519,9721
850.721,9720
851.996,9719
853.407,9718
854.527,9717
855.63,9716
856.83,9715
857.921,9714
859.139,9713
860.371,9712
861.449,9710
862.566,9709
863.764,9708
864.928,9706
865.959,9705
867.295,9704
868.47,9703
869.548,9702
870.572,9701
871.723,9700
872.813,9699
873.927,9698
875.014,9697
876.298,9696
877.343,9694
878.449,9692
879.631,9691
880.691,9689
881.775,9688
883.152,9687
884.452,9686
885.518,9685
886.91,9684
888.171,9683
889.274,9682
890.321,9681
891.521,9680
892.595,9679
893.657,9678
894.677,9677
895.873,9676
896.934,9675
898.049,9674
899.195,9673
900.304,9672
901.361,9671
902.613,9670
903.969,9669
905.23,9665
906.516,9664
908.048,9663
909.163,9662
910.385,9661
911.704,9660
912.923,9659
914.048,9658
915.286,9657
916.376,9656
917.491,9655
918.631,9653
919.831,9652
920.851,9650
921.969,9649
923.181,9648
924.302,9647
925.33,9646
926.575,9645
927.838,9644
928.928,9643
930.07,9642
931.284,9641
932.34,9640
933.398,9639
934.568,9638
935.649,9636
936.697,9635
937.809,9634
938.985,9633
940.04,9632
941.088,9630
942.287,9628
943.42,9627
944.544,9626
945.656,9624
947.073,9623
948.466,9622
949.556,9621
950.762,9620
951.852,9619
952.939,9618
954.161,9617
955.227,9616
956.287,9615
957.471,9614
958.671,9613
959.865,9612
961.025,9610
962.324,9609
963.512,9608
964.641,9607
965.986,9606
967.221,9605
968.577,9604
969.876,9603
971.076,9602
972.245,9601
973.392,9600
974.642,9599
975.711,9598
976.826,9597
978.075,9596
979.218,9595
980.261,9594
981.45,9593
982.56,9592
983.644,9591
984.769,9590
985.944,9589
986.968,9587
988.198,9585
989.441,9584
990.575,9582
991.637,9581
992.736,9580
993.852,9579
994.966,9578
996.003,9577
997.227,9576
998.302,9575
999.406,9574
1000.63,9573
1001.8,9572
1002.82,9571
1003.9,9570
1005.18,9569
1006.27,9568
1007.34,9567
1008.8,9566
1010.03,9565
1011.15,9564
1012.43,9563
1013.54,9560
1014.7,9559
1015.86,9558
1016.95,9557
1018.01,9556
1019.09,9554
1020.36,9553
1021.56,9552
1022.67,9550
1024.08,9549
1025.24,9548
1026.5,9547
1027.82,9546
1029.21,9545
1030.34,9544
1031.65,9543
1032.83,9541
1033.93,9540
1035.16,9539
1036.37,9538
1037.48,9537
1038.57,9536
1039.84,9535
1040.87,9534
1041.96,9532
1043.14,9531
1044.31,9530
1045.52,9529
1046.93,9528
1048.1,9527
1049.33,9526
1050.42,9525
1051.65,9523
1052.72,9522
1053.82,9521
1055.04,9520
1056.16,9519
1057.24,9518
1058.34,9517
1059.6,9516
1060.66,9515
1061.77,9514
1063.03,9513
1064.07,9512
1065.24,9511
1066.45,9509
1067.56,9508
1068.67,9507
1070.01,9506
1071.19,9505
1072.3,9504
1073.31,9503
1074.47,9502
1075.61,9501
1076.71,9500
1077.88,9499
1079.06,9496
1080.12,9495
1081.22,9493
1083.58,9491
1087.43,9489
1088.58,9488
1091.29,9487
1092.45,9486
1093.59,9485
1094.77,9484
1097.1,9483
1098.39,9482
1099.52,9481
1102.91,9480
1105.26,9479
1106.43,9478
1107.51,9477
1110.01,9476
1111.09,9474
1116.66,9471
1121.17,9468
1124.64,9466
1126.08,9464
1127.29,9462
1129.65,9460
1131.98,9459
1133.25,9457
1137.15,9455
1144.68,9454
1146.33,9452
1147.65,9451
1150.16,9449
1151.32,9447
1152.58,9446
1154.86,9442
1159.75,9441
1160.96,9440
1162.14,9439
1163.22,9438
1164.4,9437
1165.66,9436
1166.77,9435
1167.83,9432
1169.01,9431
1171.13,9430
1172.3,9429
1173.53,9428
1174.6,9427
1175.9,9426
1177.11,9425
1178.19,9424
1179.28,9423
1180.47,9422
1182.66,9420
1187.3,9419
1188.63,9417
1192.01,9415
1193.09,9414
1194.12,9413
1195.2,9412
1197.66,9411
1198.72,9409
1200.99,9408
1203.23,9407
1204.6,9406
1205.87,9405
1207.28,9404
1208.49,9403
1209.66,9401
1212.19,9400
1213.28,9399
1214.41,9398
1215.6,9397
1218.1,9396
1219.24,9395
1220.39,9394
1221.45,9393
1222.52,9391
1223.74,9390
1224.82,9388
1225.87,9387
1227.16,9386
1229.3,9385
1232.75,9384
1233.86,9382
1237.38,9381
1239.66,9380
1240.82,9379
1243.18,9378
1244.31,9377
1248.07,9376
1249.17,9375
1250.27,9374
1251.38,9373
1252.43,9372
1253.5,9371
1254.73,9370
1257.17,9369
1258.42,9367
1259.49,9366
1265.46,9364
1267.87,9363
1269.12,9362
1270.49,9361
1271.67,9360
1272.92,9357
1275.18,9356
1277.58,9354
1282.22,9351
1293.52,9349
1295.68,9347
1298.13,9345
1300.29,9344
1302.62,9343
1304.9,9342
1308.34,9341
1309.76,9340
1310.94,9339
1313.34,9338
1314.51,9336
1315.6,9335
1316.77,9330
1318.07,9325
1319.17,9324
1329.98,9322
1331.16,9321
1335.84,9320
1338.08,9319
1339.23,9317
1340.44,9316
1341.55,9315
1342.62,9313
1343.96,9312
1346.36,9311
1347.78,9310
1348.88,9308
1349.98,9307
1351.05,9306
1355.59,9305
1357.79,9304
1358.92,9303
1360.14,9302
1361.28,9301
1362.39,9300
1363.52,9299
1364.81,9298
1365.85,9294
1367.02,9292
1369.64,9288
1374.09,9286
1378.69,9284
1379.87,9281
1387.23,9280
1388.46,9279
1389.67,9277
1394.59,9276
1395.74,9275
1397.92,9273
1399.16,9272
1401.43,9271
1402.54,9270
1403.74,9269
1404.99,9268
1406.03,9267
1407.33,9263
1408.42,9262
1412.88,9261
1413.99,9260
1416.31,9259
1418.57,9257
1419.65,9256
1423.05,9255
1424.15,9253
1429.96,9252
1431.07,9251
1432.13,9250
1433.19,9249
1434.69,9248
1436.15,9247
1437.3,9245
1439.88,9244
1441.27,9243
1442.71,9241
1448.09,9240
1449.32,9239
1450.62,9237
1451.79,9236
1452.95,9234
1457.56,9232
1459.77,9231
1460.97,9229
1464.28,9227
1470.33,9225
1474.74,9224
1475.86,9222
1476.96,9221
1482.61,9220
1483.76,9219
1484.88,9218
1486.31,9217
1487.44,9215
1489.71,9214
1491.96,9213
1494.25,9212
1495.28,9211
1499.76,9209
1501,9207
1502.14,9206
1504.36,9203
1509.82,9202
1511,9201
1512.22,9200
1515.78,9199
1517.04,9196
1518.12,9195
1521.5,9192
1525.99,9191
1528.45,9190
1529.56,9189
1530.73,9188
1531.85,9184
1533.13,9183
1534.25,9182
1535.33,9181
1540.97,9180
1548.2,9179
1549.32,9177
1550.34,9176
1556.03,9175
1557.11,9174
1558.21,9173
1561.73,9172
1564.1,9170
1565.19,9169
1567.96,9168
1570.37,9167
1572.94,9166
1574.09,9165
1575.31,9164
1576.48,9163
1577.53,9162
1579.83,9159
1585.53,9157
1586.59,9154
1596.09,9152
1598.35,9151
1600.69,9150
1601.73,9148
1602.99,9147
1604.14,9146
1605.25,9143
1606.42,9141
1612.95,9140
1614.07,9139
1615.28,9138
1616.38,9135
1617.44,9132
1620.83,9131
1621.95,9130
1623.17,9129
1624.22,9128
1625.26,9127
1627.77,9126
1629.37,9125
1631.9,9124
1633.04,9119
1649.45,9117
1650.66,9116
1656.36,9114
1658.64,9113
1659.67,9111
1660.75,9110
1661.99,9109
1663.08,9108
1664.16,9107
1668.71,9106
1669.91,9104
1672.05,9103
1673.12,9102
1677.83,9101
1678.95,9100
1680.01,9099
1683.52,9096
1686.96,9095
1690.91,9093
1697.03,9092
1698.22,9090
1700.36,9089
1701.58,9088
1704.79,9087
1705.97,9086
1708.19,9085
1709.66,9081
1712.93,9080
1715.28,9079
1716.4,9076
1719.77,9075
1721,9074
1722.15,9073
1733.52,9072
1735,9071
1736.44,9070
1737.81,9069
1738.98,9068
1740.41,9067
1741.78,9064
1743.02,9063
1745.32,9062
1746.47,9061
1747.79,9060
1751.68,9059
1759,9057
1760.15,9056
1761.26,9053
1773.83,9052
1774.95,9051
1776.37,9050
1777.47,9049
1779.69,9045
1783.02,9043
1784.33,9042
1796.85,9039
1797.91,9037
1805.22,9036
1806.26,9034
1809.71,9033
1811.02,9031
1817.6,9028
1818.77,9027
1826.49,9025
1829.94,9024
1831.16,9023
1832.27,9022
1835.71,9021
1836.93,9020
1838.02,9019
1844.84,9018
1850.7,9017
1851.77,9016
1856.83,9015
1861.34,9014
1862.68,9013
1864.83,9011
1865.94,9010
1877.14,9008
1878.5,9007
1879.62,9004
1887.46,9003
1888.55,9002
1889.77,8999
1892.06,8997
1899.24,8994
1901.56,8993
1903.85,8989
1905.04,8988
1906.25,8987
1908.46,8986
1911.07,8984
1912.23,8980
1914.62,8979
1929.91,8977
1931.22,8976
1932.5,8975
1933.89,8974
1935.07,8973
1936.26,8972
1937.77,8971
1941.27,8969
1945.65,8968
1946.74,8967
1948.08,8966
1950.53,8965
1951.64,8964
1955.05,8962
1956.12,8961
1957.5,8960
1961.01,8959
1964.46,8957
1966.63,8956
1968.97,8955
1972.23,8954
1974.43,8953
1975.49,8952
1981.5,8951
1982.61,8950
1985.98,8948
1988.52,8945
1996.34,8944
2000.35,8943
2001.43,8942
2003.73,8940
2009.41,8939
2010.55,8938
2016.18,8937
2017.34,8935
2023.53,8934
2024.68,8932
2026.91,8931
2030.26,8929
2032.49,8927
2037.37,8926
2045.56,8925
2049.28,8924
2052.83,8922
2054.24,8920
2066.39,8919
2067.51,8918
2069.95,8917
2073.23,8915
2077.98,8914
2079.11,8913
2080.35,8912
2081.58,8911
2082.68,8909
2085.01,8908
2088.36,8907
2089.6,8906
2092.79,8905
2098.46,8904
2100.89,8903
2101.98,8902
2104.1,8901
2106.41,8900
2109.93,8899
2111.01,8898
2112.3,8897
2117.42,8896
2118.65,8895
2119.84,8894
2124.64,8892
2125.8,8891
2130.38,8890
2131.46,8889
2132.71,8888
2133.87,8887
2135.07,8886
2136.34,8884
2137.5,8883
2138.64,8881
2143.3,8880
2144.67,8879
2145.91,8878
2150.63,8877
2152.89,8875
2165.75,8874
2169.37,8872
2170.49,8871
2176.94,8869
2178.16,8868
2184.06,8867
2185.09,8866
2187.5,8865
2188.59,8864
2193.19,8863
2194.28,8862
2196.52,8861
2197.7,8860
2200.01,8859
2201.12,8857
2205.87,8856
2211.99,8855
2217.58,8854
2219.89,8853
2222.41,8852
2223.63,8851
2224.76,8850
2225.87,8848
2228.39,8847
2229.45,8845
2231.86,8844
2234.34,8843
2235.62,8841
2246.32,8840
2249.03,8839
2255.92,8837
2257.01,8835
2259.28,8834
2260.4,8833
2261.44,8830
2280.63,8829
2284.2,8828
2285.38,8827
2286.57,8826
2287.85,8825
2297.79,8824
2299.1,8823
2300.33,8821
2301.66,8820
2302.76,8819
2307.07,8818
2311.65,8816
2315.09,8815
2327.34,8814
2328.71,8813
2329.78,8811
2333.02,8807
2344.86,8806
2351.96,8805
2353.26,8804
2354.37,8803
2355.54,8802
2358.1,8801
2361.79,8800
2366.33,8799
2368.75,8798
2373.25,8797
2374.37,8796
2375.48,8792
2380.08,8791
2381.18,8790
2384.53,8787
2385.63,8786
2387.81,8784
2392.45,8782
2394.54,8781
2397.87,8780
2402.43,8777
2410.48,8776
2411.66,8775
2414,8773
2415.48,8772
2417.84,8771
2423.92,8770
2427.12,8769
2429.3,8768
2430.4,8767
2431.56,8764
2432.59,8763
2441.59,8762
2442.9,8761
2444,8760
2445.07,8758
2446.24,8756
2449.8,8755
2453.13,8754
2454.4,8753
2456.47,8751
2459.99,8750
2461.06,8748
2464.62,8747
2466.87,8746
2475.19,8745
2478.84,8744
2481.58,8741
2488.37,8740
2490.63,8739
2502.12,8738
2505.59,8737
2506.63,8734
2510.31,8732
2520.91,8731
2522.03,8728
2526.52,8727
2534.65,8726
2537.11,8725
2539.44,8724
2540.96,8723
2542.11,8722
2543.13,8721
2544.44,8720
2545.62,8718
2547.96,8717
2550.41,8716
2554.78,8714
2561.76,8713
2565.24,8712
2566.37,8710
2567.4,8709
2568.68,8707
2569.71,8706
2570.74,8705
2573.03,8704
2579.64,8702
2580.89,8701
2582.19,8700
2585.52,8699
2586.62,8698
2589.98,8697
2591.08,8696
2592.27,8694
2593.38,8693
2595.94,8692
2597.18,8691
2598.33,8689
2600.86,8688
2607.02,8687
2608.14,8686
2611.52,8685
2617.23,8684
2621.64,8683
2627.34,8680
2630.55,8679
2631.64,8678
2632.66,8677
2634.84,8675
2641.02,8674
2642.39,8673
2647.13,8672
2648.3,8669
2649.5,8668
2657.21,8667
2658.39,8666
2665.37,8664
2666.4,8663
2669.84,8662
2671.87,8661
2674.02,8660
2676.03,8659
2677.22,8658
2681.64,8657
2684.81,8656
2691.37,8655
2692.46,8654
2693.52,8651
2699.69,8647
2704.03,8646
2708.57,8644
2719.64,8643
2725.5,8642
2728.87,8641
2730.94,8640
2737.26,8638
2739.49,8637
2744.79,8636
2749.37,8634
2752.59,8633
2756.82,8632
2760.01,8631
2762.17,8630
2763.22,8629
2764.2,8628
2768.52,8627
2770.86,8625
2774.13,8624
2775.18,8623
2782.25,8622
2783.45,8620
2784.62,8619
2788.87,8618
2792.14,8617
2793.26,8616
2794.27,8615
2797.44,8614
2799.56,8613
2800.71,8612
2809.28,8611
2812.68,8610
2813.73,8609
2818.28,8608
2819.33,8607
2823.82,8606
2824.84,8605
2829.01,8604
2831.48,8603
2832.58,8600
2833.63,8599
2840.42,8598
2846.04,8597
2848.15,8596
2849.28,8595
2850.75,8594
2851.84,8593
2856.97,8592
2862.27,8590
2868.66,8589
2872.01,8588
2873.03,8587
2874.18,8586
2878.48,8585
2879.5,8584
2880.5,8581
2884.66,8580
2885.77,8579
2886.76,8578
2888.83,8577
2894.33,8575
2895.34,8574
2896.46,8573
2897.67,8572
2898.83,8570
2901.27,8569
2904.69,8567
2905.85,8565
2906.87,8564
2907.86,8563
2914.21,8562
2918.32,8561
2920.56,8560
2923.65,8559
2927.87,8558
2928.91,8557
2936.53,8556
2940.65,8555
2941.87,8554
2945.31,8552
2949.84,8551
2950.98,8550
2954.2,8548
2959.92,8547
2961.01,8546
2962.08,8545
2964.52,8544
2979.59,8541
2991.42,8540
3008.04,8538
3018.06,8537
3021.53,8536
3022.63,8533
3025.99,8532
3027.07,8531
3029.23,8530
3030.18,8527
3045.07,8526
3048.21,8525
3052.57,8523
3054.94,8522
3056.03,8521
3058,8520
3059.13,8519
3060.18,8518
3061.18,8517
3066.74,8516
3070.91,8515
3071.98,8514
3074.23,8513
3077.5,8512
3091.84,8511
3092.87,8510
3094.2,8509
3102.53,8508
3108.68,8507
3111.93,8505
3125.18,8503
3126.18,8502
3127.16,8501
3128.22,8499
3129.34,8498
3132.66,8497
3140.6,8496
3141.69,8495
3150.89,8494
3156.12,8493
3166.68,8492
3168.85,8491
3173.03,8490
3174.06,8489
3175.16,8486
3182.9,8484
3190.04,8483
3192.13,8482
3193.16,8480
3198.75,8479
3199.85,8477
3208.96,8476
3210.17,8475
3211.16,8474
3214.29,8470
3220.49,8469
3226.94,8468
3229.09,8467
3234.36,8466
3235.32,8462
3245.38,8461
3247.43,8460
3250.86,8459
3259.39,8458
3267.44,8456
3275.05,8455
3278.19,8454
3280.36,8453
3290,8452
3291.12,8450
3296.52,8449
3301.83,8447
3304.94,8446
3312.5,8443
3322.75,8442
3323.87,8441
3324.96,8440
3334.79,8439
3338.83,8437
3339.81,8436
3347.27,8435
3360.11,8434
3362.49,8432
3366.68,8431
3371.83,8430
3374.96,8429
3378.18,8428
3379.35,8427
3385.32,8426
3386.43,8424
3390.6,8422
3399.07,8420
3401.18,8419
3419.67,8417
3420.71,8416
3426.27,8415
3427.39,8414
3444.08,8412
3465.87,8411
3467.94,8410
3469.05,8408
3476.32,8407
3477.51,8406
3480.78,8405
3494.43,8403
3495.43,8402
3503.18,8401
3504.72,8400
3511.17,8399
3512.31,8398
3513.38,8397
3514.45,8396
3515.48,8392
3531.48,8391
3543.47,8390
3544.54,8389
3549.18,8388
3554.84,8387
3559.17,8386
3562.69,8385
3566.19,8384
3573.98,8383
3576.26,8381
3577.23,8380
3579.33,8379
3581.35,8378
3583.52,8377
3606.64,8376
3607.6,8372
3628.43,8370
3629.54,8368
3631.69,8367
3632.81,8366
3636.06,8365
3645.36,8361
3654.02,8360
3655.18,8359
3659.4,8358
3665.52,8354
3674.09,8352
3687.5,8351
3690.78,8350
3694.05,8348
3698.28,8347
3707.6,8346
3708.7,8345
3717.71,8340
3721.91,8337
3742.19,8336
3749.5,8335
3754.88,8334
3758.13,8333
3762.16,8332
3763.26,8329
3772.84,8326
3773.82,8325
3785.51,8324
3788.83,8323
3791.06,8322
3793.14,8321
3801.75,8320
3804.05,8319
3805.25,8318
3822.52,8316
3831.96,8315
3838.53,8314
3843.99,8313
3855.97,8312
3857.02,8311
3864.7,8310
3877.91,8309
3884.43,8308
3887.49,8307
3888.47,8306
3889.48,8305
3908.6,8304
3910.72,8303
3913.96,8302
3914.98,8301
3924.78,8300
3940.22,8298
3943.3,8297
3954.05,8296
3959.25,8295
3960.66,8293
3961.65,8292
3964.8,8291
3976.19,8290
3978.19,8289
3979.32,8286
3983.71,8285
3989.56,8284
3990.76,8283
3999.28,8282
4000.34,8281
4002.34,8279
4018.58,8278
4019.61,8277
4020.65,8276
4023.87,8275
4031.45,8274
4041.21,8273
4075.35,8272
4077.6,8271
4079.89,8268
4082,8267
4085.13,8266
4086.13,8265
4087.2,8264
4091.35,8262
4092.51,8261
4099.71,8260
4100.7,8259
4112.13,8256
4114.47,8255
4132.06,8254
4136.41,8253
4148.53,8252
4149.84,8251
4153.11,8249
4159.2,8248
4211.92,8247
4216.39,8245
4222.55,8244
4227.14,8243
4229.31,8241
4232.7,8240
4240.19,8238
4249.67,8237
4257.46,8236
4258.46,8235
4259.49,8234
4260.57,8233
4280.92,8232
4286.25,8231
4292.15,8230
4316.11,8229
4317.31,8228
4320.52,8227
4322.62,8225
4323.71,8224
4363.93,8223
4365.1,8222
4370.37,8221
4371.36,8220
4372.32,8219
4373.47,8217
4387.34,8214
4390.46,8213
4412.15,8212
4432.15,8211
4434.13,8210
4435.21,8209
4449.91,8208
4451.07,8206
4481.07,8205
4482.3,8204
4496.03,8202
4512.97,8201
4521.56,8199
4525.98,8198
4530.5,8197
4536.22,8196
4541.34,8195
4543.39,8194
4544.58,8193
4545.64,8192
4550.89,8189
4557.36,8187
4560.56,8186
4565.92,8185
4570.35,8184
4571.37,8183
4586.1,8182
4604.69,8181
4606.8,8180
4611.02,8177
4614.28,8175
4633.64,8174
4637.83,8173
4652.09,8172
4659,8170
4663.21,8168
4670.78,8167
4673.76,8166
4681.17,8165
4684.38,8164
4686.7,8163
4715.58,8162
4717.7,8161
4722.9,8160
4723.92,8159
4725.04,8158
4751.51,8155
4760.02,8154
4761.17,8153
4766.46,8151
4768.68,8149
4793.69,8147
4811.66,8146
4812.68,8145
4821.15,8144
4823.15,8143
4837.8,8141
4845.19,8139
4854.07,8136
4876.33,8135
4881.48,8134
4924.57,8132
4942.75,8131
4943.74,8130
4969.22,8129
4977.61,8128
4986.2,8127
5021.97,8126
5028.3,8125
5053.54,8124
5072.8,8123
5084.04,8122
5087.2,8119
5102.14,8118
5103.12,8117
5112.47,8116
5117.79,8115
5125.21,8114
5126.31,8113
5136.34,8112
5138.58,8111
5140.58,8110
5162.99,8109
5166.25,8108
5171.56,8107
5174.76,8106
5180.02,8105
5195.31,8104
5213.34,8103
5217.01,8100
5219.25,8099
5220.25,8098
5232.84,8097
5240.44,8096
5242.54,8094
5253.98,8093
5283.02,8092
5292.37,8091
5298.73,8089
5322.61,8088
5323.77,8087
5329.86,8085
5335.31,8083
5344.91,8082
5347.24,8081
5351.82,8078
5365.93,8077
5367.93,8075
5371.14,8074
5379.4,8073
5383.64,8070
5416.97,8069
5425.29,8068
5435.51,8067
5459.28,8066
5498.53,8065
5502.74,8063
5505.9,8061
5509.98,8060
5527.37,8059
5532.64,8058
5533.66,8057
5543.17,8056
5546.42,8055
5570.88,8052
5643.41,8051
5668.61,8050
5669.61,8049
5670.58,8048
5671.62,8047
5704.95,8046
5714.34,8045
5719.72,8044
5721.85,8043
5723.9,8042
5742.74,8041
5743.71,8040
5759.85,8039
5770.26,8038
5773.54,8037
5774.56,8036
5776.76,8035
5777.78,8034
5778.77,8033
5815.37,8032
5841.1,8030
5849.44,8029
5851.39,8028
5863.07,8027
5865.17,8025
5906.34,8024
5946.08,8023
5976.65,8022
5977.8,8021
5997.11,8020
6007.87,8019
6010.82,8018
6028.79,8016
6047.45,8015
6054.71,8014
6061.29,8013
6062.34,8012
6063.49,8011
6070.82,8010
6096.35,8008
6127.84,8007
6133.92,8006
6134.95,8005
6138.22,8004
6155.62,8003
6157.98,8002
6247.83,8001
6259.81,8000
6263,7999
6264.07,7998
6269.74,7996
6299.67,7994
6319.4,7993
6320.51,7992
6330.97,7990
6391.91,7989
6419.04,7986
6430.48,7985
6432.51,7983
6433.59,7982
6440.07,7980
6448.48,7979
6503.88,7978
6509.14,7977
6512.28,7976
6520.06,7975
6521.12,7974
6535.03,7973
6545.35,7972
6582.59,7971
6599.7,7970
6601.89,7969
6605.99,7968
6680.39,7967
6705.71,7966
6708.9,7965
6711.95,7964
6712.92,7963
6734.25,7962
6736.25,7961
6754.16,7959
6772.14,7957
6797.4,7956
6804.75,7954
6806.8,7953
6813.1,7952
6829.65,7951
6908.84,7950
6913.89,7949
6954.87,7948
6956.83,7947
6985.79,7946
6987.76,7945
6990.88,7942
7000.39,7940
7065.74,7939
7095.49,7937
7096.45,7936
7102.82,7935
7108.23,7934
7114.45,7933
7120.76,7932
7174.37,7931
7177.66,7930
7178.82,7928
7210.48,7927
7215.75,7926
7222.33,7925
7224.36,7923
7278.71,7922
7371.68,7921
7433.54,7919
7434.53,7917
7914.49,7915
7975.87,7914
7978.08,7913
7981.27,7912
7982.27,7911
8001.08,7909
8126.9,7908
8141.58,7907
8191.17,7906
8238.42,7905
8282,7904
8944.58,7903
8959.86,7902
8969.17,7901
8980.01,7899
9147.04,7898
9152.15,7897
9157.83,7895
9169.62,7894
9170.61,7893
9171.71,7890
9526.01,7888
9641.17,7887
9674.67,7885
9675.65,7884
9678.83,7883
9683.23,7882
9684.2,7881
9765.34,7880
9767.44,7879
9771.65,7878
9776.02,7877
9793.64,7876
9864.42,7873
9950.11,7872
9971.21,7871
10042.6,7870
10193.2,7868
10399.1,7867
10402.4,7866
10405.7,7865
10406.6,7864
10472.8,7861
10614.7,7860
10686.9,7859
10780.7,7858
10782.9,7857
10796.5,7856
10889,7855
10898.4,7853
10984.5,7852
11005.8,7851
11053.8,7850
11272.3,7849
11357,7848
11359.5,7847
11376.3,7846
12757.3,7845
12987.7,7843
13248.3,7842
13249.4,7841
13250.4,7840
13254.6,7839
13260,7838
13273.9,7837
13274.9,7836
13276.2,7835
13278.5,7834
13282,7833
13286.5,7831
13290.7,7830
13365.4,7829
13592.1,7828
13599.5,7826
13629.9,7825
13648.3,7823
13661,7822
13695.2,7821
13700.9,7820
13711.8,7819
13714.1,7817
16373.5,7816
16382.2,7814
16408.8,7813
16414.1,7812
16415.4,7810
16508.3,7809
16509.5,7806
16712.5,7805
16713.7,7804
16730.6,7803
17128.6,7802
17302.3,7801
17314.1,7800
17316,7799
17374.8,7797
17399,7796
17402.1,7795
17405.1,7793
17407.3,7792
17582.8,7791
17727.9,7790
18015.5,7789
18016.5,7788
18243.4,7787
18250.7,7786
18263.9,7783
18315.6,7782
18347.6,7781
18485.4,7780
18497.8,7779
18498.8,7778
18499.7,7777
18874.1,7776
18875.2,7775
22353.1,7774
22399.7,7773
25546.5,7772
25605.5,7770
28217,7769
29110.3,7768
32396.2,7767
32515.4,7766
32532.2,7765
32542,7763
32553.6,7761
32676.3,7760
32681.4,7759
32689,7758
32690,7757
32691,7756
32705.3,7755
32744.6,7754
32753,7753
32759.1,7752
33534.5,7751
45975.6,7750
46051,7748
46097.2,7747
46696.3,7746
46707.3,7745
46725.7,7744
46745.5,7743
46751.4,7742
54825.7,7741
54949.7,7738
55231.2,7737
55665.2,7736
58493.8,7734
58500,7733
58501,7732
58524,7731
58525,7730
