3.07759,14108
4.8603,14107
6.47031,14106
8.18001,14105
9.86676,14104
11.4203,14103
13.1934,14102
14.9829,14101
16.7195,14100
18.3107,14098
20.0209,14097
21.6215,14096
23.2179,14095
25.015,14093
26.6112,14090
28.3482,14089
29.9666,14088
31.6367,14083
33.2519,14082
34.8111,14077
36.5848,14074
38.2125,14071
40.0221,14070
41.5943,14068
43.3096,14065
45.0774,14064
46.6016,14063
48.2957,14061
49.925,14060
51.8523,14059
53.5554,14056
55.3541,14055
57.1907,14046
58.9345,14044
60.6228,14041
62.27,14040
63.9324,14039
65.5691,14036
67.2969,14028
69.0515,14026
70.7266,14025
72.4132,14023
74.0167,14022
75.9171,14019
77.5883,14010
79.3771,14009
80.9839,14007
82.6303,14006
84.3941,14003
86.0856,14001
87.7867,13995
89.5086,13993
91.5019,13992
93.2713,13986
95.1029,13980
96.6861,13973
98.379,13970
100.053,13968
101.602,13967
103.33,13965
105.024,13960
106.878,13951
108.525,13949
110.67,13948
112.383,13944
114.312,13942
116.037,13940
117.915,13937
119.59,13936
121.191,13935
122.93,13933
124.508,13927
126.203,13925
127.835,13922
129.532,13921
131.375,13917
132.994,13914
134.924,13913
136.719,13908
138.408,13906
140.008,13902
141.596,13900
143.365,13899
144.919,13897
146.621,13880
148.209,13879
150.174,13878
151.975,13876
153.716,13875
155.413,13874
156.961,13872
158.672,13868
160.296,13867
162.055,13862
163.667,13861
165.351,13858
166.935,13853
168.511,13850
170.488,13849
172.161,13845
174.007,13843
175.737,13840
177.605,13838
179.213,13837
180.848,13835
182.571,13831
184.092,13827
185.791,13826
187.382,13824
189.096,13821
190.875,13819
192.525,13816
194.155,13804
195.725,13803
197.366,13801
198.932,13798
200.568,13797
202.143,13796
203.793,13792
205.497,13791
207.144,13790
209.261,13789
211.073,13785
212.819,13783
214.446,13782
216.368,13778
217.908,13776
219.553,13774
221.241,13762
222.735,13759
224.539,13757
226.056,13756
227.726,13753
229.31,13750
231.069,13749
233.302,13748
235.01,13745
236.857,13742
238.586,13737
240.516,13735
242.194,13734
243.997,13732
245.624,13731
247.179,13729
248.901,13726
250.526,13722
252.395,13721
253.989,13712
255.77,13711
257.459,13709
259.064,13705
260.729,13704
262.493,13703
264.229,13701
265.747,13700
267.47,13698
269.024,13694
270.585,13693
272.402,13690
274.029,13682
275.751,13680
277.394,13675
279.102,13673
280.786,13669
282.426,13667
284.297,13664
286.051,13663
288.416,13656
290.373,13650
292.512,13649
294.36,13648
296.606,13645
298.422,13642
300.422,13636
302.111,13633
303.923,13631
305.497,13629
307.206,13627
309.046,13626
310.923,13625
313.01,13622
314.686,13618
316.672,13614
318.223,13613
319.927,13610
321.51,13608
323.212,13607
324.893,13604
326.42,13602
328.261,13600
330.086,13599
331.758,13593
333.446,13590
335.229,13589
336.797,13588
338.336,13586
340.132,13582
341.701,13574
343.43,13570
345.041,13567
346.67,13566
348.253,13565
349.796,13557
351.676,13554
353.515,13550
355.366,13546
357.06,13545
359.023,13543
360.673,13542
362.395,13538
364.103,13536
365.768,13531
367.524,13530
369.11,13528
370.828,13526
372.418,13525
374.198,13524
376.173,13522
378.016,13521
379.671,13517
381.293,13516
383.096,13515
384.78,13510
386.56,13507
388.125,13506
389.796,13503
391.677,13501
393.614,13495
395.519,13494
397.088,13493
398.806,13490
400.332,13488
401.847,13487
403.559,13483
405.171,13481
406.891,13476
408.423,13473
410.155,13472
411.793,13471
413.568,13467
415.426,13465
417.119,13464
419.171,13462
420.791,13457
422.548,13456
424.179,13452
426.275,13450
428.253,13449
430.245,13448
431.977,13445
433.827,13443
435.518,13440
437.151,13439
439.01,13438
440.559,13437
442.258,13429
444.214,13422
446.05,13419
447.678,13418
449.415,13415
451.167,13411
452.738,13410
454.498,13407
456.178,13402
457.87,13399
459.557,13398
461.226,13397
462.866,13396
464.586,13395
466.358,13391
467.909,13387
469.66,13386
471.352,13384
473.114,13380
474.925,13377
476.593,13369
478.507,13366
480.214,13365
481.884,13362
483.479,13359
485.299,13358
486.893,13357
488.521,13355
490.259,13353
491.83,13352
493.522,13350
495.145,13349
496.843,13345
498.608,13344
500.369,13342
502.113,13338
503.651,13337
505.528,13336
507.115,13329
508.913,13328
510.608,13325
512.253,13323
513.89,13322
515.494,13321
517.289,13319
518.873,13318
520.601,13314
522.166,13312
523.874,13311
525.682,13309
527.233,13304
529.015,13302
530.6,13299
532.506,13297
534.305,13296
536.057,13294
537.859,13289
539.788,13287
541.596,13286
543.324,13285
545.154,13278
546.752,13277
548.529,13273
550.145,13272
551.777,13269
553.391,13268
554.975,13266
556.672,13263
558.211,13261
559.958,13260
561.572,13259
563.262,13255
564.924,13253
566.7,13246
568.369,13245
569.969,13244
571.596,13241
573.144,13240
574.751,13235
576.433,13234
578.108,13230
579.847,13229
581.44,13227
583.106,13222
584.752,13221
586.526,13219
588.252,13217
589.823,13214
591.496,13211
593.111,13209
594.927,13206
596.682,13205
598.406,13200
600.245,13196
601.909,13195
603.643,13194
605.199,13192
607.034,13190
608.685,13189
610.332,13181
611.943,13179
613.509,13178
615.252,13177
616.813,13169
618.476,13165
620.044,13164
621.581,13163
623.299,13162
624.838,13158
626.654,13157
628.22,13156
629.888,13155
631.466,13152
633.022,13151
634.736,13150
636.37,13148
638.304,13147
639.946,13146
642.054,13144
643.733,13142
645.36,13137
647.204,13135
648.758,13130
650.49,13127
652.205,13123
654.122,13121
655.831,13120
658.009,13118
660.132,13114
662.535,13113
664.215,13112
667.4,13110
669.3,13108
671.355,13107
673.57,13106
675.722,13100
677.644,13099
679.318,13090
680.919,13087
682.831,13086
684.506,13085
686.413,13084
687.982,13083
689.604,13081
691.502,13080
693.558,13077
695.263,13076
696.784,13071
698.486,13067
700.054,13065
701.709,13064
703.288,13062
704.908,13059
706.599,13057
708.154,13055
709.923,13052
711.521,13051
713.426,13050
715.239,13049
716.966,13048
718.735,13047
720.415,13044
722.209,13043
723.83,13040
725.519,13038
727.033,13037
728.814,13035
730.593,13034
732.468,13033
734.507,13032
736.374,13027
738.352,13025
739.996,13023
741.915,13020
743.583,13015
745.197,13012
746.856,13010
748.499,13007
750.192,13006
751.744,13005
753.47,13003
755.034,13002
756.676,13000
758.822,12999
760.883,12998
762.516,12996
764.106,12992
765.79,12991
767.353,12986
769.084,12985
770.687,12984
772.216,12983
773.872,12981
775.486,12977
777.373,12975
779.258,12973
781.117,12972
782.883,12971
784.804,12965
786.502,12964
788.106,12963
789.99,12961
791.583,12959
793.279,12954
794.946,12952
796.697,12951
798.318,12950
800.014,12946
801.751,12943
803.439,12942
805.181,12938
806.828,12937
808.537,12936
810.318,12934
811.89,12933
813.613,12932
815.23,12930
816.955,12929
818.572,12927
820.405,12924
822.038,12923
823.712,12921
825.487,12920
827.073,12917
828.967,12916
830.552,12915
832.536,12914
834.157,12907
835.729,12905
837.558,12902
839.515,12899
841.432,12895
843.464,12892
845.386,12891
846.918,12889
848.904,12887
850.696,12884
852.502,12883
854.119,12880
855.766,12878
857.432,12877
859.022,12876
860.894,12871
862.713,12868
864.447,12866
866.124,12865
867.788,12863
869.641,12862
871.16,12859
872.916,12858
874.564,12854
876.274,12850
877.805,12848
879.439,12845
881.213,12844
882.73,12842
884.455,12840
886.072,12838
887.79,12836
889.437,12835
891.195,12833
892.85,12832
894.379,12824
896.071,12823
897.816,12821
899.677,12820
901.364,12815
903.118,12812
904.97,12810
906.613,12809
908.353,12807
910.027,12806
911.828,12804
913.356,12801
915.068,12799
916.703,12798
918.279,12796
920.076,12794
921.608,12793
923.383,12792
924.928,12791
926.465,12789
928.25,12788
929.861,12787
931.657,12781
933.46,12780
935.613,12774
937.255,12773
938.948,12771
940.682,12767
942.687,12765
944.575,12764
946.124,12763
947.85,12762
949.383,12761
951.093,12760
952.729,12759
954.326,12758
955.976,12756
957.626,12754
959.601,12752
961.41,12751
963.267,12750
964.985,12747
966.834,12746
968.409,12744
970.013,12742
971.719,12739
973.274,12731
974.95,12729
976.777,12726
978.601,12721
980.172,12720
982.051,12716
983.971,12713
985.75,12712
987.487,12711
989.079,12708
990.997,12706
992.772,12704
994.602,12703
996.197,12699
997.849,12698
999.504,12696
1001.18,12695
1003.05,12691
1004.69,12689
1006.68,12687
1008.74,12685
1010.61,12683
1012.36,12682
1013.94,12678
1015.64,12675
1017.16,12674
1019.07,12672
1020.7,12668
1022.87,12667
1025.08,12665
1026.96,12664
1028.68,12663
1030.52,12660
1032.11,12659
1033.73,12657
1035.43,12655
1037.01,12653
1038.64,12652
1040.17,12651
1041.95,12649
1043.66,12647
1045.14,12645
1046.77,12644
1048.36,12638
1049.94,12635
1051.56,12633
1053.06,12631
1054.8,12627
1056.32,12625
1057.98,12623
1059.5,12621
1061.28,12620
1063.38,12619
1065.01,12618
1066.88,12617
1068.47,12616
1070.3,12615
1072.04,12614
1073.76,12609
1075.39,12608
1076.89,12607
1078.8,12606
1080.44,12605
1082.32,12602
1084.08,12598
1085.91,12596
1087.66,12594
1089.33,12593
1090.97,12592
1092.51,12589
1094.23,12586
1095.79,12585
1097.44,12582
1099.04,12579
1100.9,12578
1102.72,12575
1104.3,12572
1106.03,12571
1107.9,12570
1109.62,12569
1111.24,12567
1112.76,12565
1114.79,12561
1116.4,12560
1118.07,12559
1119.62,12557
1121.32,12556
1122.89,12555
1124.66,12553
1126.34,12551
1128.05,12549
1129.74,12546
1131.41,12543
1133.65,12542
1135.44,12539
1137.15,12538
1138.82,12537
1140.8,12532
1142.75,12531
1144.46,12530
1146.25,12527
1147.93,12523
1150.29,12522
1152.2,12521
1154.11,12518
1155.81,12517
1157.62,12515
1159.24,12513
1160.86,12511
1162.56,12509
1164.29,12508
1166.21,12505
1168.05,12503
1169.9,12502
1171.41,12501
1173.07,12500
1174.65,12498
1176.37,12495
1177.99,12493
1179.44,12492
1181.25,12490
1182.82,12488
1184.76,12487
1186.35,12485
1188.2,12484
1190.19,12483
1191.91,12482
1193.71,12479
1195.31,12478
1197.03,12477
1198.59,12476
1200.53,12475
1202.5,12474
1204.42,12473
1206.09,12466
1207.84,12461
1209.66,12460
1211.2,12458
1212.87,12457
1214.34,12456
1216.16,12454
1217.68,12453
1219.27,12451
1220.88,12445
1222.45,12444
1224.12,12443
1225.67,12441
1227.47,12439
1229.12,12436
1230.86,12435
1232.78,12433
1234.46,12432
1236.16,12430
1237.71,12429
1239.34,12428
1240.93,12427
1242.53,12425
1244.26,12422
1245.84,12421
1247.53,12420
1249.14,12418
1250.92,12415
1252.56,12414
1254.07,12412
1255.78,12411
1257.88,12409
1260.19,12408
1261.86,12406
1263.75,12405
1265.75,12404
1267.83,12403
1269.43,12401
1272.03,12400
1273.55,12399
1275.11,12397
1276.78,12396
1278.52,12394
1280.32,12386
1281.89,12383
1283.65,12381
1285.24,12380
1286.99,12378
1288.54,12376
1290.05,12375
1291.82,12373
1293.48,12372
1295.27,12371
1296.92,12367
1298.6,12362
1300.34,12361
1302.09,12357
1303.76,12356
1305.34,12354
1307.02,12351
1308.51,12348
1310.16,12347
1311.82,12346
1313.37,12345
1315.15,12343
1316.83,12342
1318.46,12341
1320.07,12340
1321.67,12339
1323.67,12336
1325.61,12334
1327.57,12328
1329.36,12327
1331.05,12325
1332.6,12323
1334.29,12322
1335.88,12320
1337.72,12319
1339.31,12318
1340.86,12317
1342.53,12315
1344.16,12311
1345.79,12309
1347.38,12305
1348.98,12304
1350.65,12303
1352.19,12299
1353.85,12297
1355.44,12295
1357,12293
1358.85,12292
1360.38,12291
1362.09,12287
1363.62,12286
1365.11,12285
1366.72,12284
1368.28,12281
1370.01,12280
1371.7,12277
1373.64,12276
1375.24,12275
1376.84,12274
1378.64,12273
1380.22,12272
1381.94,12270
1383.61,12267
1385.51,12264
1387.25,12263
1389.08,12262
1390.65,12261
1392.26,12260
1393.88,12259
1395.42,12251
1397.12,12249
1398.9,12248
1400.59,12247
1402.11,12246
1403.77,12245
1405.4,12243
1406.98,12242
1408.62,12240
1410.36,12239
1411.99,12238
1413.52,12237
1415.09,12236
1416.87,12234
1418.62,12233
1420.46,12229
1422.01,12221
1423.82,12220
1425.46,12219
1426.95,12218
1428.7,12217
1430.28,12216
1432.25,12214
1433.91,12213
1435.55,12206
1437.28,12205
1439.09,12200
1441.05,12198
1442.99,12196
1444.77,12194
1446.45,12190
1448.3,12189
1449.95,12188
1451.63,12184
1453.16,12182
1454.71,12179
1456.4,12178
1457.9,12177
1459.84,12176
1461.37,12175
1463.15,12173
1464.74,12172
1466.32,12171
1468.11,12169
1469.85,12167
1471.55,12165
1473.07,12164
1474.68,12163
1476.29,12161
1477.84,12159
1479.73,12157
1481.36,12156
1483.09,12155
1484.67,12153
1486.22,12152
1487.93,12149
1489.55,12148
1491.25,12147
1492.79,12146
1494.41,12143
1496.07,12142
1497.62,12141
1499.48,12139
1501.12,12137
1502.91,12136
1504.55,12135
1506.31,12134
1508.02,12132
1509.64,12129
1511.31,12126
1512.79,12125
1514.42,12124
1515.98,12122
1517.47,12120
1519.13,12118
1520.83,12117
1522.49,12116
1524.03,12113
1525.66,12112
1527.25,12110
1528.82,12109
1530.48,12107
1531.99,12106
1533.6,12104
1535.18,12102
1536.71,12101
1538.38,12098
1540.06,12097
1541.7,12095
1543.2,12092
1544.83,12091
1546.42,12089
1547.91,12088
1549.56,12087
1551.17,12085
1552.8,12082
1554.39,12079
1555.93,12076
1557.66,12074
1559.31,12072
1561.28,12071
1563.05,12070
1564.76,12069
1566.57,12067
1568.29,12066
1569.97,12065
1571.64,12064
1573.25,12063
1574.75,12062
1576.39,12059
1578.23,12057
1579.99,12056
1581.85,12055
1583.4,12054
1585.25,12053
1586.91,12052
1588.55,12049
1590.13,12048
1591.75,12047
1593.67,12046
1595.32,12045
1596.97,12041
1598.51,12039
1600.13,12037
1601.84,12036
1603.42,12035
1605.04,12034
1606.54,12027
1608.15,12026
1609.68,12025
1611.38,12024
1612.93,12022
1614.53,12021
1616.24,12019
1617.78,12018
1619.41,12016
1621.16,12014
1622.89,12013
1624.66,12012
1626.31,12011
1628.09,12008
1629.75,11999
1631.41,11997
1632.94,11994
1634.49,11993
1636.12,11992
1637.64,11989
1639.31,11987
1640.82,11985
1642.6,11984
1644.31,11982
1645.84,11981
1647.5,11979
1649.1,11978
1650.71,11976
1652.33,11975
1653.83,11974
1655.55,11971
1657.06,11969
1658.74,11966
1660.28,11964
1662.14,11963
1663.7,11962
1665.2,11961
1666.82,11960
1668.35,11959
1670.01,11957
1671.51,11956
1673.11,11953
1674.81,11949
1676.33,11948
1678.12,11947
1679.63,11946
1681.3,11945
1683.03,11943
1684.7,11940
1686.68,11939
1688.37,11937
1690.24,11936
1691.76,11935
1693.36,11934
1694.91,11931
1696.46,11928
1698.1,11927
1699.7,11926
1701.37,11925
1702.96,11920
1704.6,11918
1706.22,11917
1707.76,11915
1709.83,11911
1712.12,11908
1713.99,11906
1715.63,11905
1717.22,11903
1718.79,11902
1720.53,11901
1722.18,11899
1724.21,11898
1725.81,11892
1727.64,11891
1729.56,11890
1731.28,11889
1733.5,11888
1735.05,11886
1736.69,11885
1738.24,11884
1739.97,11883
1741.65,11882
1743.52,11881
1745.36,11880
1747.01,11877
1748.87,11876
1750.55,11871
1752.16,11870
1753.9,11869
1755.48,11868
1757.16,11866
1758.68,11863
1760.35,11862
1761.95,11861
1763.71,11860
1765.38,11856
1766.94,11854
1768.59,11853
1770.16,11851
1771.72,11849
1773.46,11848
1774.97,11847
1776.65,11845
1778.19,11843
1779.78,11842
1781.32,11841
1782.84,11840
1784.57,11839
1786.06,11837
1787.67,11836
1789.25,11835
1790.8,11834
1792.48,11833
1794.2,11831
1795.85,11829
1797.42,11828
1798.96,11826
1800.63,11823
1802.29,11822
1804.21,11821
1805.83,11820
1807.61,11817
1809.34,11816
1811.1,11815
1812.74,11813
1814.38,11812
1816.11,11806
1817.65,11804
1819.28,11803
1820.88,11801
1822.4,11799
1824.1,11797
1825.6,11796
1827.54,11795
1829.22,11793
1830.84,11792
1832.51,11791
1834.3,11790
1835.97,11789
1837.46,11787
1839.12,11786
1840.67,11785
1842.36,11783
1844.09,11782
1845.67,11775
1847.33,11773
1848.9,11772
1850.54,11771
1852.25,11768
1853.95,11767
1855.64,11764
1857.19,11759
1859.02,11758
1860.58,11757
1862.33,11756
1864.09,11755
1865.91,11753
1867.66,11750
1869.45,11747
1871.22,11743
1872.74,11742
1874.59,11741
1876.45,11739
1878.86,11735
1880.53,11732
1882.32,11731
1884.14,11730
1886.24,11729
1887.95,11728
1889.66,11727
1891.46,11726
1893.22,11725
1895.14,11724
1896.76,11722
1898.79,11721
1900.56,11720
1902.27,11719
1903.82,11718
1905.89,11717
1907.83,11715
1909.62,11714
1911.4,11713
1913.17,11711
1914.88,11710
1916.47,11709
1918.23,11708
1919.89,11705
1921.58,11703
1923.33,11702
1925.53,11701
1927.22,11700
1929.16,11699
1930.84,11698
1932.59,11696
1934.23,11695
1935.82,11693
1937.49,11692
1939.01,11691
1940.81,11689
1942.38,11688
1944.21,11685
1945.89,11683
1947.49,11681
1949.3,11680
1950.78,11677
1952.42,11676
1954.2,11675
1955.99,11674
1957.57,11673
1959.13,11672
1961.05,11670
1962.59,11667
1964.23,11666
1965.9,11665
1967.46,11664
1969.26,11661
1970.77,11659
1972.46,11657
1974.08,11654
1975.66,11653
1977.36,11652
1978.93,11651
1980.63,11650
1982.32,11649
1984.17,11648
1985.83,11647
1987.55,11646
1989.32,11645
1991.15,11644
1992.9,11642
1994.47,11641
1996.35,11640
1997.92,11639
1999.59,11636
2001.33,11635
2002.83,11634
2004.59,11633
2006.17,11631
2007.96,11629
2009.53,11626
2011.27,11625
2012.88,11623
2014.52,11622
2016.27,11621
2017.84,11620
2019.49,11619
2021.09,11618
2022.82,11616
2024.5,11612
2026.03,11610
2027.72,11607
2029.29,11605
2030.88,11600
2032.6,11599
2034.37,11597
2036.06,11595
2037.68,11594
2039.53,11593
2041.2,11592
2043.21,11591
2044.92,11590
2046.81,11587
2048.58,11586
2050.27,11584
2052.23,11582
2053.77,11579
2055.4,11577
2056.98,11576
2058.53,11575
2060.37,11574
2062.04,11573
2063.91,11572
2065.46,11570
2067.33,11568
2068.95,11567
2070.58,11565
2072.27,11562
2073.81,11561
2075.53,11560
2077.03,11559
2078.67,11558
2080.33,11556
2081.86,11554
2083.72,11552
2085.27,11551
2086.86,11550
2088.53,11549
2090.06,11548
2091.71,11547
2093.39,11543
2095.14,11542
2096.81,11541
2098.46,11539
2100.11,11537
2101.66,11536
2103.5,11535
2105.16,11534
2106.94,11533
2108.64,11532
2110.42,11531
2112.12,11530
2113.63,11528
2115.29,11527
2116.79,11526
2118.38,11524
2119.92,11523
2121.39,11522
2123.25,11521
2124.75,11520
2126.32,11519
2127.83,11518
2129.42,11517
2131.09,11515
2132.58,11513
2134.22,11509
2135.78,11508
2137.31,11507
2138.97,11505
2140.49,11503
2142.16,11501
2143.66,11499
2145.2,11497
2146.83,11495
2148.51,11492
2150.23,11489
2151.8,11486
2153.4,11485
2155,11484
2156.44,11483
2158.13,11482
2159.93,11479
2161.71,11478
2163.29,11477
2165.03,11476
2166.96,11474
2168.84,11473
2170.59,11472
2172.34,11471
2174.05,11470
2175.56,11469
2177.13,11468
2179.13,11467
2180.79,11466
2182.44,11464
2184.05,11463
2185.83,11460
2187.4,11456
2189.21,11454
2190.94,11446
2192.6,11443
2194.5,11442
2196.25,11441
2198.11,11439
2199.6,11436
2201.25,11435
2202.72,11434
2204.18,11433
2205.92,11430
2207.44,11429
2209.09,11428
2210.66,11427
2212.23,11426
2213.96,11424
2215.56,11422
2217.27,11421
2218.83,11420
2220.49,11418
2222,11417
2223.56,11416
2225.34,11415
2227.01,11413
2228.93,11412
2230.56,11411
2232.32,11406
2234.16,11405
2235.68,11404
2237.39,11403
2238.89,11401
2240.52,11397
2242.04,11396
2243.7,11395
2245.32,11394
2246.86,11393
2248.54,11392
2250.13,11390
2251.68,11389
2253.36,11387
2255.03,11384
2256.73,11383
2258.27,11381
2259.96,11379
2261.54,11378
2263.13,11377
2264.86,11374
2266.4,11372
2268.05,11370
2269.66,11369
2271.32,11368
2272.99,11367
2274.53,11366
2276.26,11365
2277.8,11364
2279.47,11363
2281.24,11362
2282.72,11361
2284.39,11360
2286.12,11359
2287.96,11358
2289.7,11357
2291.51,11356
2293.26,11355
2294.88,11354
2296.57,11353
2298.06,11352
2299.74,11351
2301.36,11350
2302.9,11349
2304.45,11348
2306.17,11346
2307.86,11345
2309.36,11344
2311.21,11342
2312.69,11341
2314.15,11339
2315.84,11338
2317.38,11337
2318.98,11336
2320.68,11335
2322.29,11332
2323.97,11331
2325.48,11330
2327.1,11328
2328.59,11326
2330.13,11324
2331.82,11320
2333.56,11319
2335.26,11316
2336.75,11315
2338.31,11314
2339.93,11313
2341.61,11312
2343.47,11311
2344.98,11309
2346.95,11307
2348.59,11306
2350.4,11304
2352.06,11303
2353.88,11302
2355.61,11301
2357.08,11299
2358.72,11297
2360.29,11296
2361.85,11295
2363.63,11293
2365.24,11292
2366.91,11291
2368.47,11289
2370.17,11288
2371.87,11286
2373.53,11285
2375.08,11284
2376.58,11282
2378.28,11281
2379.87,11280
2381.56,11279
2383.12,11278
2384.75,11277
2386.32,11274
2387.89,11273
2389.65,11272
2391.3,11271
2392.98,11269
2394.54,11267
2396.06,11264
2397.76,11263
2399.28,11262
2400.99,11261
2402.73,11260
2404.43,11259
2406.24,11257
2408.05,11256
2409.87,11253
2411.66,11250
2413.47,11247
2415.02,11246
2416.63,11245
2418.2,11244
2419.95,11243
2421.77,11241
2423.37,11240
2425.04,11239
2426.66,11237
2428.28,11235
2429.91,11234
2431.58,11233
2433.4,11232
2435.06,11231
2436.9,11228
2438.7,11227
2440.57,11226
2442.36,11225
2443.88,11224
2445.54,11223
2447.01,11221
2448.62,11220
2450.07,11219
2451.57,11218
2453.35,11215
2454.86,11214
2456.52,11210
2458.33,11209
2460.36,11208
2462.01,11207
2463.69,11206
2465.42,11201
2467.23,11199
2469.06,11198
2470.87,11197
2472.95,11196
2474.72,11195
2476.64,11194
2478.65,11193
2480.43,11192
2481.92,11191
2483.74,11190
2485.58,11188
2487.27,11187
2488.86,11183
2490.35,11182
2492.25,11181
2493.95,11180
2496.15,11179
2497.87,11178
2499.49,11174
2501.17,11173
2502.78,11172
2504.51,11171
2506.09,11170
2507.79,11168
2509.38,11165
2510.96,11164
2512.74,11163
2514.27,11162
2516.05,11161
2517.53,11160
2519.33,11156
2520.93,11155
2522.41,11154
2524.16,11152
2525.66,11150
2527.37,11149
2529.17,11147
2530.85,11146
2532.8,11143
2534.65,11142
2536.57,11141
2538.21,11139
2540.02,11138
2541.49,11137
2543.03,11134
2544.73,11132
2546.29,11131
2548.01,11130
2549.52,11129
2550.95,11128
2552.58,11127
2554.09,11126
2555.79,11125
2557.27,11120
2558.81,11118
2560.75,11117
2562.46,11113
2564.2,11112
2565.71,11111
2567.33,11109
2568.85,11106
2570.37,11104
2572.01,11102
2573.52,11101
2575.19,11100
2576.77,11099
2578.31,11098
2580.2,11097
2581.68,11096
2583.32,11095
2584.86,11094
2586.82,11092
2588.59,11091
2590.3,11090
2592.09,11089
2593.75,11088
2595.62,11087
2597.2,11084
2598.79,11083
2600.37,11081
2601.84,11080
2603.46,11076
2605.05,11075
2606.71,11074
2609.13,11073
2611.2,11072
2612.83,11071
2614.55,11070
2616.31,11069
2617.86,11066
2619.62,11064
2621.13,11063
2622.8,11062
2624.41,11060
2626.16,11059
2627.65,11057
2629.12,11055
2630.78,11054
2632.37,11053
2634.6,11052
2636.16,11051
2637.71,11050
2639.47,11049
2641.24,11048
2643.16,11047
2644.66,11046
2646.33,11045
2647.87,11043
2649.62,11042
2651.48,11040
2653.25,11039
2655.15,11038
2656.88,11037
2658.53,11036
2660.06,11035
2661.67,11034
2663.35,11033
2664.98,11032
2666.63,11031
2668.22,11029
2669.91,11025
2671.55,11024
2673.11,11023
2674.67,11022
2676.32,11021
2678.41,11020
2680.04,11019
2682.01,11018
2683.62,11017
2685.45,11016
2686.99,11015
2688.5,11013
2690.22,11012
2691.91,11011
2693.58,11010
2695.07,11009
2696.73,11008
2698.3,11007
2699.86,11005
2701.52,11004
2702.97,11003
2704.52,11002
2706.24,11001
2707.75,11000
2709.66,10999
2711.49,10998
2713.29,10996
2715.02,10995
2716.86,10994
2718.43,10993
2719.88,10992
2721.51,10991
2723,10988
2724.52,10987
2726.11,10985
2727.67,10984
2729.46,10982
2730.9,10981
2732.59,10978
2734.08,10977
2735.53,10975
2737.22,10974
2738.72,10973
2740.3,10972
2741.82,10971
2743.3,10970
2745.2,10969
2746.83,10967
2748.53,10966
2749.98,10965
2751.49,10964
2753.26,10963
2754.68,10961
2756.22,10960
2757.79,10959
2759.37,10958
2761.07,10957
2762.58,10954
2764.21,10953
2765.72,10952
2767.33,10951
2769.06,10948
2770.72,10947
2772.72,10946
2774.39,10945
2776.28,10938
2778.08,10937
2780.06,10936
2781.69,10935
2783.51,10932
2785.1,10930
2787.13,10929
2788.78,10926
2790.31,10924
2792.26,10922
2793.77,10921
2795.73,10920
2797.27,10917
2798.76,10916
2800.43,10915
2802.26,10914
2804.1,10913
2805.65,10912
2807.25,10911
2808.78,10910
2810.31,10909
2811.92,10908
2813.54,10907
2815.18,10906
2816.73,10904
2818.27,10903
2819.89,10902
2821.38,10901
2823,10900
2824.57,10899
2826.09,10898
2827.8,10897
2829.49,10896
2831.34,10895
2833.15,10894
2834.98,10893
2836.74,10892
2838.29,10889
2839.84,10887
2841.33,10886
2843.08,10885
2844.7,10884
2846.23,10882
2847.78,10881
2849.34,10880
2850.97,10879
2852.49,10877
2854.25,10875
2855.77,10874
2857.27,10873
2858.95,10872
2860.44,10870
2862.11,10869
2863.75,10868
2865.31,10867
2866.94,10866
2868.49,10865
2870.19,10864
2871.68,10863
2873.2,10862
2874.98,10861
2876.47,10860
2878.13,10859
2879.62,10858
2881.16,10856
2882.7,10855
2884.2,10854
2885.86,10853
2887.33,10852
2889.06,10850
2890.82,10849
2892.46,10848
2894.42,10846
2896.16,10845
2897.98,10844
2899.5,10843
2901,10842
2902.59,10841
2904.03,10840
2905.69,10838
2907.27,10836
2908.79,10835
2910.36,10834
2911.93,10833
2913.54,10832
2915.03,10829
2916.61,10828
2918.21,10827
2919.9,10826
2921.63,10824
2923.24,10823
2925.03,10821
2926.57,10820
2928.05,10819
2929.68,10817
2931.23,10816
2933.06,10815
2934.67,10814
2936.24,10813
2938.06,10812
2939.7,10811
2941.59,10810
2943.18,10809
2944.8,10807
2946.28,10806
2947.78,10804
2949.49,10803
2951.14,10802
2952.89,10800
2954.6,10799
2956.38,10798
2957.97,10797
2959.73,10796
2961.28,10795
2962.79,10794
2964.63,10793
2966.09,10792
2967.69,10790
2969.24,10789
2970.78,10787
2972.36,10786
2973.81,10785
2975.32,10784
2976.86,10783
2978.38,10782
2980.08,10781
2981.56,10779
2983.1,10777
2984.87,10776
2986.33,10775
2987.95,10773
2989.5,10772
2991.01,10771
2992.54,10769
2993.96,10767
2995.54,10765
2997.07,10762
2998.55,10760
3000.17,10759
3001.63,10758
3003.25,10757
3004.69,10756
3006.37,10755
3007.87,10754
3009.48,10752
3011.26,10751
3012.82,10750
3014.51,10749
3016.17,10748
3017.9,10746
3019.52,10745
3020.96,10744
3022.5,10743
3024.02,10742
3025.6,10741
3027.17,10740
3028.63,10737
3030.2,10736
3031.68,10735
3033.09,10733
3034.69,10732
3036.13,10728
3037.7,10727
3039.2,10726
3040.7,10725
3042.32,10724
3043.8,10723
3045.37,10721
3047.07,10719
3048.52,10718
3050.12,10717
3051.6,10714
3053.14,10712
3054.65,10711
3056.23,10710
3057.89,10708
3059.44,10707
3061.09,10706
3062.7,10705
3064.22,10704
3066,10703
3067.55,10702
3069.13,10701
3070.77,10700
3072.51,10699
3074.18,10698
3075.78,10697
3077.62,10696
3079.39,10695
3080.99,10693
3082.39,10692
3084.16,10691
3085.6,10688
3087.54,10686
3089.06,10684
3090.55,10683
3092.28,10682
3093.71,10681
3095.27,10679
3096.94,10678
3098.43,10677
3100.04,10676
3101.61,10675
3103.23,10674
3104.78,10673
3106.43,10672
3108.04,10671
3109.52,10670
3111.15,10669
3112.63,10665
3114.08,10664
3115.69,10663
3117.23,10662
3118.81,10661
3120.3,10660
3121.75,10659
3123.35,10658
3124.84,10657
3126.35,10656
3127.88,10655
3129.38,10654
3131.13,10653
3132.86,10652
3134.65,10651
3136.31,10650
3138.07,10649
3139.73,10648
3141.19,10647
3142.81,10646
3144.33,10645
3145.84,10644
3147.36,10643
3148.85,10642
3150.45,10641
3152.02,10640
3153.63,10639
3155.16,10638
3156.65,10637
3158.24,10636
3159.69,10634
3161.29,10633
3162.9,10632
3164.57,10631
3166.46,10630
3167.94,10629
3169.57,10628
3171.1,10627
3172.66,10626
3174.25,10625
3175.77,10624
3177.34,10623
3178.85,10621
3180.3,10620
3181.91,10619
3183.36,10618
3184.9,10617
3186.38,10616
3187.86,10615
3189.5,10614
3191.15,10613
3193.05,10612
3194.67,10610
3196.38,10609
3198.14,10608
3199.73,10605
3201.36,10604
3202.81,10603
3204.31,10601
3205.81,10600
3207.31,10599
3208.87,10598
3210.3,10597
3211.92,10596
3213.59,10595
3215.02,10593
3216.69,10592
3218.11,10590
3219.61,10589
3221.24,10588
3222.79,10587
3224.48,10586
3225.96,10585
3227.48,10584
3229.08,10583
3230.61,10582
3232.44,10581
3234.22,10580
3235.83,10579
3237.31,10578
3238.75,10577
3240.34,10576
3241.98,10575
3243.77,10574
3245.23,10573
3246.97,10572
3248.56,10569
3250.08,10568
3251.85,10567
3253.63,10566
3255.46,10565
3257.08,10563
3258.79,10562
3260.63,10561
3262.18,10560
3263.98,10559
3265.52,10558
3267.13,10551
3268.76,10549
3270.32,10548
3271.97,10547
3273.45,10546
3275.2,10545
3276.67,10542
3278.15,10540
3279.87,10539
3281.34,10538
3283.15,10537
3284.83,10536
3286.63,10535
3288.33,10533
3289.81,10532
3291.55,10531
3293.02,10530
3294.65,10529
3296.19,10528
3297.7,10527
3299.34,10526
3300.83,10524
3302.43,10519
3303.96,10518
3305.4,10517
3307,10516
3308.45,10515
3309.93,10514
3311.53,10513
3313.15,10511
3314.91,10510
3316.69,10509
3318.47,10508
3320.13,10507
3321.7,10506
3323.36,10504
3324.81,10503
3326.45,10502
3327.91,10501
3329.42,10500
3331.04,10499
3332.51,10498
3334.08,10496
3335.7,10495
3337.13,10494
3338.75,10493
3340.16,10491
3341.71,10489
3343.21,10488
3344.75,10486
3346.4,10485
3347.84,10483
3349.41,10482
3350.92,10481
3352.49,10478
3354.09,10477
3355.52,10476
3357.35,10475
3359.33,10472
3361.66,10468
3363.55,10467
3365.14,10465
3366.76,10464
3368.28,10462
3369.9,10461
3371.4,10459
3373.12,10458
3374.8,10457
3376.63,10455
3378.51,10454
3380.33,10453
3381.98,10452
3383.5,10451
3385.2,10450
3386.87,10449
3388.48,10448
3389.97,10447
3391.58,10446
3393.2,10445
3394.67,10444
3396.77,10442
3398.35,10440
3400.13,10439
3402,10437
3403.54,10435
3405.25,10433
3406.78,10432
3408.49,10431
3410.08,10428
3411.59,10425
3413.2,10423
3414.68,10422
3416.24,10421
3417.96,10420
3419.45,10419
3421.02,10416
3422.49,10415
3424.02,10413
3425.57,10412
3427.09,10411
3429.07,10410
3430.55,10408
3432.05,10407
3433.82,10406
3435.79,10405
3438.05,10404
3439.95,10403
3441.77,10402
3443.39,10401
3445.05,10399
3446.59,10398
3448.29,10397
3450.06,10396
3451.62,10395
3453.43,10394
3454.96,10393
3456.64,10392
3458.44,10391
3460.06,10390
3461.56,10389
3463.2,10388
3464.98,10387
3466.56,10386
3468.33,10385
3469.98,10384
3471.54,10383
3473.11,10382
3474.69,10381
3476.43,10380
3478.26,10379
3479.99,10378
3481.65,10376
3483.3,10375
3484.99,10374
3486.52,10373
3488.23,10371
3489.72,10370
3491.52,10368
3493.21,10367
3494.9,10366
3496.71,10365
3498.57,10364
3500.52,10363
3502.23,10362
3503.98,10361
3505.54,10360
3507.2,10359
3508.71,10358
3510.25,10357
3512.01,10356
3513.53,10355
3515.13,10354
3516.73,10353
3518.35,10352
3520.01,10351
3521.59,10350
3523.23,10349
3524.85,10348
3526.48,10347
3528.05,10346
3529.57,10345
3531.27,10344
3533,10343
3534.85,10342
3536.36,10341
3537.78,10340
3539.4,10339
3540.91,10338
3542.57,10337
3544.28,10336
3545.86,10335
3547.39,10334
3548.81,10333
3550.41,10332
3551.87,10331
3553.46,10330
3555.17,10329
3556.83,10328
3558.59,10327
3560.29,10326
3562.09,10325
3563.9,10324
3565.58,10323
3567.09,10322
3568.63,10320
3570.26,10319
3571.74,10318
3573.32,10317
3574.81,10316
3576.23,10315
3577.84,10314
3579.38,10313
3580.91,10312
3582.41,10311
3584.04,10310
3585.73,10309
3587.27,10308
3588.89,10307
3590.4,10305
3591.91,10304
3593.54,10303
3594.99,10302
3596.63,10301
3598.13,10300
3599.6,10299
3601.24,10298
3602.66,10297
3604.21,10296
3605.72,10295
3607.16,10294
3608.84,10293
3610.43,10292
3611.96,10291
3613.44,10290
3615.05,10289
3616.84,10288
3618.52,10287
3620.31,10286
3621.95,10285
3623.58,10284
3625.13,10283
3626.59,10282
3628.19,10281
3629.88,10280
3631.37,10279
3632.88,10278
3634.34,10277
3635.94,10276
3637.4,10275
3638.89,10274
3640.47,10273
3641.88,10272
3643.45,10271
3644.96,10270
3646.42,10269
3648.06,10268
3649.79,10267
3651.65,10266
3653.13,10265
3654.66,10264
3656.19,10262
3657.75,10261
3659.43,10260
3661,10259
3662.62,10258
3664.13,10257
3665.6,10256
3667.3,10255
3668.72,10254
3670.18,10253
3671.77,10252
3673.23,10249
3675.03,10248
3676.63,10247
3678.55,10246
3680.43,10244
3682.11,10243
3683.95,10242
3685.47,10241
3687.34,10240
3688.83,10239
3690.34,10238
3692.04,10237
3693.47,10236
3695.25,10235
3696.78,10234
3698.49,10232
3699.97,10230
3701.46,10229
3703.19,10228
3704.64,10227
3706.22,10226
3707.74,10225
3709.29,10224
3710.95,10223
3712.44,10222
3713.97,10221
3715.58,10220
3717.23,10219
3718.94,10218
3720.46,10217
3722.07,10215
3723.59,10214
3725.13,10213
3726.81,10212
3728.3,10211
3729.95,10210
3731.65,10208
3733.52,10207
3735.3,10206
3737.3,10205
3739.11,10204
3741.07,10203
3743.13,10202
3744.86,10201
3746.7,10200
3748.5,10199
3750.17,10198
3751.7,10197
3753.41,10196
3754.95,10195
3756.54,10194
3758.21,10193
3759.82,10192
3761.49,10191
3763.27,10190
3764.94,10189
3766.44,10188
3767.84,10187
3769.56,10186
3771.02,10185
3772.65,10184
3774.07,10182
3775.58,10180
3777.12,10179
3778.63,10178
3780.17,10177
3781.66,10176
3783.22,10175
3784.8,10174
3786.27,10173
3787.84,10172
3789.35,10171
3790.9,10170
3792.49,10168
3793.91,10167
3795.54,10166
3797.21,10165
3798.76,10164
3800.6,10163
3802.2,10162
3804.02,10161
3805.48,10160
3807,10159
3808.56,10158
3809.95,10156
3811.62,10155
3813.12,10154
3814.57,10152
3816.18,10151
3817.67,10150
3819.23,10149
3820.72,10148
3822.22,10147
3823.99,10146
3825.43,10145
3826.96,10144
3828.43,10143
3829.91,10142
3831.56,10141
3833.17,10140
3834.82,10139
3836.32,10138
3837.73,10137
3839.33,10136
3840.82,10135
3842.51,10134
3844.28,10133
3845.73,10132
3847.32,10131
3848.71,10130
3850.29,10129
3851.82,10128
3853.24,10127
3854.86,10126
3856.46,10125
3858.16,10124
3859.81,10123
3861.49,10122
3863.2,10121
3865.24,10120
3866.72,10119
3868.48,10118
3870.14,10117
3872.08,10116
3873.57,10114
3875.28,10111
3876.92,10110
3878.67,10109
3880.32,10108
3881.82,10107
3883.53,10106
3885.05,10103
3886.57,10102
3888.41,10101
3890.49,10100
3892.4,10099
3894.05,10098
3895.66,10097
3897.17,10096
3898.72,10095
3900.31,10094
3901.74,10093
3903.26,10092
3904.71,10090
3906.31,10089
3907.71,10088
3909.26,10087
3911,10086
3912.46,10085
3913.99,10084
3915.46,10083
3917.06,10082
3918.83,10081
3920.41,10080
3922.21,10079
3923.88,10077
3925.47,10076
3927.04,10075
3928.54,10074
3930.17,10073
3931.62,10072
3933.02,10071
3934.62,10070
3936.21,10069
3937.86,10068
3939.29,10067
3940.72,10066
3942.32,10064
3943.77,10063
3945.36,10062
3946.87,10061
3948.29,10060
3949.88,10058
3951.38,10057
3953,10056
3954.5,10054
3956.1,10052
3957.71,10051
3959.16,10050
3960.84,10049
3962.31,10048
3963.8,10047
3965.4,10046
3966.92,10045
3968.49,10044
3969.98,10043
3971.48,10042
3973.05,10041
3974.74,10040
3976.38,10039
3978.11,10038
3979.97,10037
3981.95,10036
3983.68,10035
3985.48,10034
3987.24,10033
3988.93,10032
3990.35,10031
3991.98,10030
3993.5,10029
3994.96,10028
3996.39,10027
3998.12,10026
3999.63,10025
4001.12,10024
4003.03,10023
4004.57,10022
4006.14,10021
4007.62,10020
4009.1,10019
4010.65,10018
4012.13,10017
4013.74,10016
4015.18,10013
4016.73,10012
4018.39,10011
4019.83,10010
4021.45,10009
4023.14,10008
4024.7,10006
4026.33,10005
4027.8,10004
4029.45,10003
4031.07,10002
4032.94,10001
4034.81,9999
4036.45,9998
4038.3,9997
4040.03,9996
4041.81,9995
4043.78,9994
4045.77,9993
4047.33,9992
4049.33,9991
4050.93,9990
4052.58,9989
4054.22,9988
4055.69,9987
4057.33,9986
4058.77,9985
4060.22,9984
4061.83,9983
4063.32,9982
4065,9981
4066.58,9980
4068.11,9979
4069.83,9978
4071.27,9977
4072.81,9976
4074.36,9975
4075.86,9974
4077.44,9973
4078.9,9971
4080.47,9970
4081.93,9969
4083.41,9968
4084.97,9967
4086.47,9966
4087.98,9965
4089.74,9964
4091.31,9963
4092.99,9962
4094.44,9961
4095.98,9960
4097.6,9959
4099.15,9958
4100.93,9957
4102.57,9956
4104.28,9955
4105.87,9954
4107.4,9953
4108.95,9952
4110.54,9951
4112.26,9950
4113.7,9949
4115.31,9948
4116.83,9947
4118.29,9946
4119.86,9945
4121.36,9944
4122.89,9943
4124.5,9942
4125.96,9941
4127.52,9940
4128.97,9939
4130.63,9938
4132.16,9937
4133.94,9936
4135.73,9935
4137.26,9934
4138.82,9933
4140.28,9932
4141.88,9931
4143.59,9930
4145.07,9929
4146.61,9928
4148.05,9927
4149.51,9926
4151.32,9925
4152.76,9924
4154.3,9923
4155.83,9922
4157.25,9921
4158.81,9919
4160.44,9918
4162.04,9917
4163.82,9916
4165.53,9915
4167.25,9914
4168.73,9913
4170.32,9912
4171.99,9911
4173.42,9910
4174.99,9909
4176.46,9908
4177.9,9907
4179.39,9906
4180.81,9905
4182.4,9904
4183.91,9903
4185.51,9902
4186.95,9901
4188.4,9900
4190.01,9897
4191.59,9894
4194.63,9891
4199.23,9890
4200.79,9883
4203.68,9882
4205.27,9878
4206.69,9876
4217.49,9875
4218.9,9874
4220.53,9873
4222.08,9872
4223.85,9871
4225.5,9870
4227.11,9869
4228.79,9864
4230.25,9863
4231.76,9862
4233.25,9861
4234.69,9860
4236.22,9859
4237.85,9858
4239.41,9857
4242.3,9856
4243.9,9855
4245.49,9854
4247.03,9853
4248.58,9852
4252.16,9851
4255.49,9850
4257.32,9849
4258.98,9848
4260.64,9847
4262.63,9846
4264.42,9844
4266.03,9842
4267.8,9841
4269.36,9840
4273.99,9839
4275.59,9838
4277.02,9837
4278.79,9836
4280.48,9835
4282.23,9834
4283.96,9833
4285.65,9830
4288,9829
4289.63,9828
4291.32,9827
4292.92,9826
4294.37,9825
4296.36,9824
4297.93,9823
4299.67,9822
4301.14,9821
4302.89,9820
4304.47,9819
4305.94,9818
4307.51,9817
4308.96,9816
4310.57,9815
4312.03,9814
4313.51,9813
4315.15,9812
4316.7,9811
4318.48,9810
4319.95,9809
4321.47,9808
4323.08,9807
4324.75,9806
4326.38,9805
4327.88,9804
4329.43,9803
4331.06,9802
4332.55,9800
4334.23,9799
4335.67,9798
4337.16,9797
4338.79,9796
4340.26,9794
4342.04,9793
4343.93,9791
4345.65,9790
4347.31,9789
4349.14,9788
4350.75,9787
4352.22,9786
4353.88,9785
4355.35,9784
4356.79,9783
4358.41,9782
4359.9,9781
4361.35,9780
4362.98,9779
4364.48,9778
4366.12,9777
4367.54,9776
4369.23,9775
4370.79,9774
4372.21,9773
4373.81,9772
4375.35,9771
4376.86,9770
4378.65,9769
4380.25,9768
4381.86,9767
4383.37,9766
4385,9765
4386.63,9764
4388.07,9762
4389.83,9760
4392.96,9759
4394.48,9757
4395.98,9756
4397.64,9755
4399.11,9754
4400.85,9752
4409.33,9750
4412.71,9749
4414.21,9748
4417.36,9745
4418.79,9744
4423.55,9743
4425.23,9742
4427.09,9740
4428.78,9738
4433.77,9737
4435.36,9735
4436.85,9730
4438.33,9729
4440.01,9726
4443.41,9722
4451.11,9720
4457.39,9718
4458.94,9717
4462.12,9714
4465.74,9711
4469.2,9710
4470.97,9708
4474.12,9707
4475.88,9703
4478.97,9702
4480.56,9701
4483.69,9700
4485.21,9699
4486.82,9697
4488.26,9696
4489.78,9695
4491.38,9692
4492.84,9691
4494.41,9689
4497.58,9687
4502.42,9686
4507.04,9685
4508.56,9683
4510.25,9682
4511.69,9681
4513.15,9680
4514.71,9679
4516.3,9678
4517.96,9676
4519.38,9674
4521.05,9673
4522.8,9672
4524.46,9670
4535.61,9669
4540.54,9664
4545.51,9663
4548.61,9662
4550.23,9660
4551.76,9659
4553.38,9657
4554.84,9654
4556.38,9653
4559.59,9652
4563.33,9651
4565.48,9650
4567.04,9649
4569.05,9648
4573.81,9647
4576.97,9646
4578.54,9645
4580.26,9644
4582.32,9643
4584.31,9640
4587.9,9639
4591.65,9637
4593.37,9635
4596.6,9634
4599.86,9633
4606.83,9632
4608.5,9631
4610.57,9630
4612.35,9629
4613.76,9625
4615.32,9623
4620.06,9622
4623.38,9621
4626.4,9620
4627.97,9619
4629.44,9617
4631.05,9616
4632.64,9614
4635.8,9613
4638.86,9612
4640.39,9611
4652.05,9610
4655.27,9609
4656.89,9608
4658.43,9607
4660.56,9606
4662.25,9605
4664.05,9604
4665.81,9603
4669.66,9602
4671.24,9601
4672.87,9600
4676.75,9598
4680.28,9597
4681.85,9596
4683.57,9595
4685.4,9594
4688.74,9593
4690.27,9589
4692.23,9588
4705.13,9586
4706.84,9581
4710.13,9580
4715.53,9577
4716.98,9576
4724.69,9574
4726.23,9571
4732.24,9570
4734.33,9569
4735.91,9568
4737.42,9567
4739.11,9565
4740.74,9564
4742.82,9563
4744.9,9562
4746.62,9561
4749.9,9559
4753.07,9558
4754.95,9557
4756.7,9556
4758.73,9555
4760.36,9554
4762.05,9553
4763.67,9551
4768.8,9549
4770.62,9548
4777.2,9547
4780.27,9546
4781.86,9545
4783.34,9542
4784.95,9541
4787.89,9539
4794,9536
4803.14,9535
4804.75,9534
4806.32,9533
4807.74,9529
4809.4,9528
4810.91,9527
4812.44,9526
4814.23,9523
4820.99,9522
4822.53,9521
4824.19,9518
4825.96,9515
4827.55,9514
4831.01,9512
4843.31,9511
4845.16,9510
4848.23,9509
4851.29,9508
4852.98,9507
4854.44,9506
4856.37,9505
4857.94,9501
4865.55,9499
4873.77,9498
4875.52,9497
4877.63,9496
4879.72,9495
4882.05,9492
4884.05,9490
4885.97,9488
4887.74,9487
4889.89,9485
4896.75,9484
4898.32,9483
4900.29,9481
4906.32,9480
4907.9,9479
4909.5,9474
4911.12,9473
4914.41,9471
4916.12,9470
4922.7,9469
4925.88,9468
4927.38,9467
4929.12,9465
4930.79,9464
4935.46,9462
4941.87,9461
4945.22,9457
4948.54,9456
4950.21,9453
4951.8,9451
4953.52,9450
4959.59,9446
4964.41,9445
4967.57,9441
4973.91,9439
4975.63,9437
4986.06,9434
4987.73,9433
4989.4,9430
4994.18,9428
5000.92,9427
5002.53,9426
5004.21,9424
5005.7,9422
5008.76,9421
5010.23,9420
5016.87,9419
5018.65,9418
5021.94,9417
5025.01,9416
5026.6,9413
5028.17,9412
5029.69,9411
5032.7,9410
5034.54,9408
5039.13,9403
5046.2,9402
5048.22,9401
5049.93,9400
5051.82,9399
5055.48,9395
5056.97,9394
5062.08,9392
5066.64,9391
5068.49,9389
5072.23,9387
5073.97,9386
5075.68,9385
5079.02,9384
5080.72,9382
5082.3,9381
5085.58,9380
5088.64,9379
5090.35,9378
5093.52,9377
5094.97,9376
5101.68,9375
5103.17,9374
5104.84,9373
5106.43,9372
5108.01,9371
5109.92,9370
5111.37,9369
5112.91,9368
5114.39,9367
5115.95,9366
5117.73,9365
5119.42,9364
5120.99,9363
5122.46,9362
5124.04,9361
5125.55,9360
5127.12,9359
5130.5,9357
5143.07,9356
5144.71,9354
5146.14,9350
5149.17,9348
5150.62,9347
5152.27,9346
5155.2,9345
5156.7,9344
5163.01,9343
5164.47,9342
5166.03,9339
5167.61,9338
5170.74,9337
5172.21,9336
5173.7,9335
5175.27,9334
5176.71,9333
5178.26,9332
5181.72,9328
5188.2,9324
5190.07,9323
5195.27,9322
5196.79,9321
5198.46,9320
5200.13,9319
5203.6,9318
5205.23,9317
5206.73,9315
5208.17,9311
5224.6,9310
5226.45,9309
5228.12,9308
5229.95,9306
5231.77,9305
5233.7,9304
5235.34,9303
5236.9,9302
5238.43,9301
5239.96,9300
5241.55,9299
5244.84,9298
5250.03,9297
5253.65,9296
5256.81,9295
5259.92,9294
5261.56,9293
5264.65,9291
5266.22,9290
5267.79,9287
5269.3,9286
5272.66,9285
5274.11,9282
5278.67,9281
5280.26,9279
5283.27,9278
5285.05,9276
5288.41,9275
5295,9273
5296.58,9271
5298.09,9270
5309.03,9269
5310.64,9268
5312.65,9267
5314.31,9266
5316.06,9263
5319.01,9262
5320.61,9261
5326.8,9258
5328.41,9257
5329.84,9256
5331.46,9253
5338.41,9252
5341.97,9251
5345.52,9250
5347.08,9247
5348.7,9246
5350.39,9243
5355.49,9242
5358.45,9241
5360.06,9240
5361.56,9237
5364.76,9235
5371.35,9234
5373.15,9233
5374.81,9232
5376.37,9231
5377.86,9230
5382.52,9229
5385.6,9228
5387.16,9227
5388.61,9224
5394.95,9223
5396.42,9222
5397.94,9221
5402.74,9220
5405.86,9219
5407.4,9218
5408.93,9217
5410.7,9216
5414.02,9215
5415.46,9214
5417.04,9212
5420.06,9211
5423.48,9210
5426.85,9209
5428.4,9207
5430.16,9205
5431.8,9204
5436.79,9203
5444.51,9202
5447.55,9200
5449.18,9198
5452.25,9197
5453.93,9196
5455.36,9195
5456.93,9193
5464.54,9192
5465.99,9191
5467.5,9188
5472.07,9186
5475.21,9185
5478.24,9183
5479.95,9182
5483.13,9181
5484.86,9180
5489.72,9179
5491.45,9178
5494.93,9176
5498.14,9175
5499.94,9174
5503.09,9172
5506.29,9171
5507.88,9170
5509.33,9169
5510.96,9168
5513.99,9167
5518.59,9165
5520.33,9164
5523.29,9162
5530.85,9160
5533.97,9159
5535.56,9158
5538.71,9157
5541.83,9156
5543.48,9155
5544.92,9154
5547.99,9153
5552.94,9152
5557.86,9151
5559.39,9150
5561,9149
5565.77,9148
5567.33,9147
5568.76,9146
5570.4,9145
5574.86,9144
5576.33,9142
5577.89,9141
5581,9140
5582.48,9139
5583.95,9138
5585.56,9137
5587.02,9136
5588.52,9135
5590.02,9134
5591.5,9133
5593.31,9132
5596.4,9131
5597.98,9130
5599.42,9128
5604.6,9127
5607.68,9126
5609.37,9124
5619.2,9122
5620.76,9120
5633.04,9118
5637.77,9117
5639.21,9116
5640.82,9115
5644.09,9114
5647.12,9111
5651.69,9109
5653.14,9108
5657.71,9106
5664.18,9105
5665.97,9104
5669.01,9103
5670.66,9102
5672.62,9101
5674.22,9100
5675.97,9099
5677.64,9098
5679.18,9097
5680.83,9096
5682.27,9095
5683.85,9094
5685.35,9093
5686.86,9092
5691.77,9091
5694.67,9090
5696.3,9089
5697.8,9088
5700.84,9087
5702.28,9085
5709.72,9084
5711.31,9081
5712.76,9080
5720.49,9078
5721.9,9077
5723.56,9076
5725.04,9075
5726.66,9074
5728.08,9073
5729.65,9072
5731.37,9071
5732.93,9070
5734.68,9069
5736.27,9068
5738.03,9067
5739.51,9066
5740.94,9065
5742.65,9064
5744.07,9063
5745.6,9062
5751.65,9061
5757.78,9060
5762.53,9059
5765.49,9058
5766.96,9057
5769.97,9055
5771.41,9054
5772.96,9053
5775.9,9049
5784.09,9048
5785.78,9044
5787.28,9043
5789.07,9041
5808.81,9040
5813.49,9039
5821.08,9038
5822.51,9035
5824.17,9034
5825.73,9033
5827.14,9032
5828.72,9031
5830.22,9030
5831.74,9027
5833.29,9025
5839.82,9023
5845.17,9022
5846.65,9021
5849.81,9020
5853.13,9019
5854.89,9018
5856.7,9017
5858.37,9016
5860.14,9015
5861.78,9014
5863.43,9013
5865.25,9012
5866.83,9011
5868.5,9010
5869.98,9008
5871.7,9007
5873.11,9006
5874.62,9005
5876.14,9004
5877.63,9003
5883.71,9000
5885.45,8999
5887.27,8997
5890.54,8996
5894,8995
5898.83,8994
5900.33,8993
5903.34,8992
5904.89,8991
5906.5,8990
5916.08,8989
5919.39,8988
5922.51,8987
5924.96,8986
5926.7,8985
5928.14,8984
5929.82,8983
5932.8,8980
5940.61,8978
5945.77,8977
5947.25,8975
5953.33,8974
5954.83,8973
5957.95,8972
5959.46,8971
5961.07,8970
5962.59,8966
5972.56,8965
5974.31,8964
5979.64,8962
5981.54,8961
5983.59,8960
5985.73,8959
5987.48,8958
5989.56,8956
5991.25,8955
5996.05,8954
5997.61,8953
5999.07,8952
6000.74,8951
6003.62,8950
6005.22,8948
6017.24,8947
6018.67,8946
6020.33,8945
6021.79,8944
6023.32,8943
6024.86,8942
6026.54,8941
6029.67,8940
6031.33,8939
6032.95,8937
6037.86,8935
6039.59,8933
6042.45,8932
6044.06,8931
6048.58,8930
6050.26,8929
6052.11,8927
6058.05,8926
6059.69,8925
6061.24,8924
6062.84,8923
6064.32,8922
6065.72,8921
6067.4,8920
6068.79,8919
6070.26,8918
6075.19,8916
6080.69,8913
6082.57,8912
6085.94,8910
6088.01,8908
6089.7,8906
6091.27,8905
6101.57,8902
6109.3,8901
6110.87,8897
6121.82,8896
6123.28,8895
6124.78,8893
6126.37,8891
6129.41,8890
6130.94,8888
6135.59,8885
6137.16,8884
6138.63,8882
6143.21,8881
6144.81,8880
6147.84,8879
6149.48,8877
6150.91,8876
6152.52,8875
6155.85,8873
6159.15,8870
6160.96,8869
6180.85,8868
6183.86,8867
6185.42,8866
6188.59,8865
6190,8864
6191.56,8863
6193.21,8862
6202.29,8860
6205.31,8859
6206.81,8858
6208.42,8855
6214.71,8853
6218.01,8852
6219.91,8850
6221.47,8849
6223.05,8847
6224.56,8846
6230.57,8842
6232.11,8841
6241.66,8840
6243.45,8839
6244.95,8838
6247.92,8835
6258.47,8834
6261.68,8832
6263.22,8831
6268.01,8828
6277.76,8826
6279.58,8825
6287.61,8824
6289.16,8821
6298.35,8820
6299.96,8819
6302.97,8817
6304.5,8816
6306.07,8815
6307.49,8814
6309.08,8813
6310.59,8810
6316.76,8808
6320.15,8806
6321.67,8805
6326.35,8804
6327.87,8802
6335.98,8801
6339.23,8800
6341.17,8799
6342.7,8798
6344.39,8796
6373.79,8795
6375.41,8794
6376.99,8793
6380.62,8791
6383.95,8788
6385.83,8787
6391.32,8783
6393.4,8782
6404.32,8781
6407.63,8777
6409.13,8773
6410.86,8772
6413.83,8771
6416.95,8770
6427.86,8768
6429.48,8767
6435.55,8766
6437.1,8763
6443.18,8762
6444.83,8760
6451.08,8759
6452.78,8758
6454.46,8752
6456.04,8750
6468.36,8749
6469.96,8748
6476.91,8747
6478.95,8745
6482.41,8743
6485.59,8742
6487.22,8741
6490.44,8739
6499.21,8738
6502.57,8737
6504.16,8736
6512.82,8735
6514.7,8734
6516.32,8733
6518.18,8732
6525.51,8731
6527.11,8729
6531.9,8728
6533.6,8725
6535.38,8724
6537.06,8723
6538.88,8722
6540.47,8720
6544.08,8719
6557.41,8717
6577.43,8715
6579.17,8714
6582.75,8713
6584.51,8712
6588.05,8711
6589.77,8710
6591.42,8709
6593.04,8708
6594.57,8707
6596.1,8706
6597.76,8703
6599.37,8702
6601.28,8701
6602.83,8700
6604.34,8699
6605.96,8698
6607.41,8697
6608.93,8696
6610.55,8695
6612.07,8694
6616.89,8692
6623.63,8691
6625.21,8690
6626.74,8689
6628.26,8688
6631.52,8687
6633.23,8685
6634.81,8684
6638.25,8683
6639.87,8682
6643.48,8680
6656.35,8677
6658.01,8676
6664.56,8675
6670.68,8674
6672.25,8673
6673.83,8672
6675.35,8671
6677.02,8670
6681.92,8669
6686.74,8668
6694.91,8667
6696.55,8666
6698.17,8665
6699.85,8663
6701.62,8662
6703.48,8661
6705.48,8660
6707.16,8659
6708.76,8658
6710.33,8656
6718.16,8654
6720.07,8653
6721.64,8651
6738.25,8650
6739.88,8649
6741.37,8648
6742.84,8647
6746.17,8646
6747.88,8643
6749.4,8641
6751.12,8638
6754.54,8637
6759.33,8636
6767.94,8634
6772.42,8633
6789.22,8632
6790.82,8630
6795.54,8629
6796.99,8628
6798.65,8626
6804.72,8625
6806.39,8621
6809.4,8620
6810.85,8619
6812.34,8615
6820.46,8614
6823.83,8613
6828.64,8609
6830.22,8608
6831.69,8607
6833.42,8606
6835.16,8602
6855.48,8601
6857.05,8600
6858.48,8599
6861.52,8597
6862.95,8596
6864.57,8595
6866.18,8591
6878.63,8590
6880.47,8588
6883.78,8586
6887.07,8585
6888.66,8584
6891.76,8582
6893.24,8580
6894.84,8577
6900.98,8574
6902.47,8572
6916.27,8570
6917.74,8568
6919.34,8567
6923.85,8566
6925.29,8565
6926.85,8564
6932.92,8562
6936.16,8561
6939.39,8560
6941.02,8559
6942.79,8558
6947.83,8557
6950.87,8556
6952.38,8555
6953.89,8554
6955.52,8553
6956.96,8552
6958.58,8546
6961.56,8545
6966.48,8544
6971.12,8541
6972.67,8540
6988.95,8538
6992.13,8536
7007.45,8534
7013.67,8533
7018.32,8532
7021.4,8530
7022.82,8529
7029.03,8528
7030.53,8527
7039.98,8525
7042.94,8524
7044.64,8523
7046.21,8522
7055.42,8521
7057.12,8519
7058.61,8518
7076.34,8516
7077.83,8515
7082.28,8510
7097.82,8507
7103.84,8506
7111.23,8505
7112.67,8504
7117.51,8503
7122.44,8501
7124.16,8499
7130.65,8495
7133.57,8494
7139.9,8490
7147.89,8489
7156.86,8488
7158.45,8487
7159.85,8484
7185.02,8483
7186.7,8482
7189.92,8481
7191.46,8479
7194.54,8478
7197.62,8477
7199.06,8476
7203.67,8475
7205.26,8473
7208.15,8472
7220.34,8471
7221.84,8470
7223.44,8469
7225.01,8468
7226.45,8467
7227.97,8466
7229.47,8465
7230.89,8464
7235.33,8463
7236.93,8462
7238.44,8461
7239.99,8460
7241.6,8459
7245.15,8458
7246.71,8457
7248.48,8455
7251.47,8453
7256.01,8452
7257.45,8451
7259.01,8450
7261.97,8449
7265.29,8448
7268.46,8447
7269.93,8446
7273.02,8445
7276.23,8444
7277.72,8443
7282.59,8440
7291.03,8437
7292.66,8435
7298.73,8434
7300.26,8433
7309.08,8432
7310.67,8430
7313.72,8429
7315.29,8428
7318.27,8426
7326.04,8425
7327.57,8424
7335.24,8422
7339.72,8420
7344.21,8419
7350.42,8418
7351.8,8417
7354.86,8416
7356.33,8412
7362.73,8411
7364.33,8410
7366.05,8409
7369.56,8408
7378.76,8406
7380.2,8405
7386.19,8404
7387.62,8403
7389.3,8401
7395.45,8400
7401.58,8397
7418.2,8396
7421.29,8395
7426.31,8394
7428.08,8392
7431.33,8391
7440.56,8390
7441.99,8388
7443.61,8387
7447.91,8383
7451,8382
7455.72,8380
7461.82,8379
7463.38,8378
7467.97,8377
7469.38,8376
7470.95,8374
7472.55,8373
7473.95,8371
7475.59,8369
7477.07,8368
7480.13,8366
7483.43,8360
7491.88,8355
7502.74,8354
7504.24,8352
7514.99,8351
7516.44,8348
7521.01,8346
7534.95,8345
7537.93,8341
7539.39,8339
7547.48,8338
7549.19,8336
7550.81,8334
7559.91,8333
7570.61,8332
7572.13,8331
7575.29,8330
7576.85,8329
7578.31,8328
7579.96,8327
7583.1,8325
7584.8,8320
7589.38,8319
7590.88,8315
7603.44,8314
7610.32,8312
7618.13,8311
7621.26,8308
7622.73,8307
7633.49,8305
7635.32,8304
7641.31,8303
7642.89,8301
7644.4,8300
7647.46,8299
7650.48,8296
7658.13,8295
7664.48,8294
7666.17,8292
7672.92,8291
7674.58,8290
7676.14,8288
7682.24,8286
7683.64,8285
7686.85,8284
7688.34,8282
7690.01,8281
7691.56,8280
7693.12,8279
7708.59,8278
7710.15,8277
7713.14,8275
7716.35,8274
7717.92,8273
7719.35,8272
7720.9,8266
7736.06,8263
7758.3,8261
7764.54,8260
7769.16,8259
7774.07,8258
7775.65,8257
7777.52,8256
7779.06,8255
7780.73,8254
7785.74,8251
7790.78,8250
7792.67,8247
7798.75,8245
7803.27,8243
7807.74,8240
7810.74,8239
7818.49,8238
7820.11,8236
7823.14,8235
7829.2,8233
7832.23,8229
7835.29,8228
7841.3,8226
7842.82,8224
7847.78,8223
7855.8,8222
7857.27,8221
7858.87,8220
7863.6,8219
7865.03,8217
7866.55,8216
7877.19,8211
7896.17,8208
7903.99,8207
7905.89,8206
7907.58,8205
7914.39,8204
7915.81,8202
7917.38,8201
7921.96,8200
7923.54,8198
7937.58,8193
7959.19,8191
7967.27,8190
7970.77,8189
7972.55,8187
7974.27,8186
7975.76,8184
7977.35,8183
7980.41,8181
7991.09,8179
7996.02,8178
8002.24,8177
8003.87,8176
8006.98,8175
8008.64,8174
8011.63,8173
8014.89,8172
8016.56,8171
8021.17,8169
8038.09,8167
8041.21,8166
8044.43,8164
8058.5,8163
8060.1,8162
8061.52,8160
8063.17,8158
8074.05,8153
8075.56,8152
8084.71,8151
8088.51,8150
8090.32,8146
8101.98,8145
8103.44,8144
8104.91,8143
8106.76,8139
8108.24,8138
8119.28,8137
8125.76,8136
8127.42,8135
8128.92,8133
8132.03,8130
8142.96,8129
8146.47,8128
8151.84,8127
8160.28,8126
8163.61,8125
8165.37,8123
8168.73,8119
8179.62,8118
8184.53,8117
8191.12,8116
8194.31,8113
8203.46,8112
8205.23,8111
8206.83,8109
8227.83,8108
8232.53,8107
8235.62,8106
8237.05,8101
8238.56,8100
8243.07,8099
8261.43,8098
8262.96,8095
8269.15,8093
8286.59,8090
8292.54,8089
8294.26,8088
8298.78,8086
8300.33,8084
8301.92,8083
8312.41,8082
8315.72,8080
8318.78,8077
8329.67,8076
8331.27,8075
8332.93,8072
8334.96,8071
8348.91,8070
8350.38,8067
8356.52,8066
8370.48,8065
8376.61,8064
8384.32,8063
8385.79,8062
8389.05,8061
8395.38,8060
8397.41,8059
8400.52,8058
8403.45,8057
8405,8056
8406.46,8055
8409.5,8054
8412.48,8053
8415.64,8052
8417.11,8051
8423.14,8050
8430.81,8048
8432.3,8047
8435.45,8043
8436.85,8042
8438.31,8041
8441.34,8040
8448.98,8039
8455.88,8037
8457.4,8036
8458.99,8035
8460.47,8034
8462.01,8033
8463.71,8030
8466.78,8029
8469.66,8028
8471.23,8027
8472.73,8024
8490.36,8023
8491.82,8020
8503,8019
8508.79,8018
8510.5,8017
8512.22,8016
8513.96,8015
8515.51,8014
8524.16,8012
8525.82,8011
8527.34,8010
8533.31,8008
8539.24,8006
8540.84,8002
8564.83,7998
8566.44,7996
8569.8,7995
8576.76,7994
8578.39,7993
8580.07,7991
8587.99,7989
8595.64,7987
8600.18,7985
8601.7,7983
8603.39,7982
8604.86,7980
8611.17,7979
8621.92,7978
8626.83,7977
8635.69,7976
8637.28,7973
8639.25,7972
8648.07,7971
8655.68,7970
8660.36,7967
8661.83,7966
8667,7964
8673.66,7963
8688.35,7962
8693.85,7957
8695.75,7956
8708.61,7955
8710.03,7954
8711.59,7953
8712.97,7950
8717.77,7948
8722.52,7944
8735.27,7942
8736.75,7940
8738.53,7939
8741.83,7938
8743.5,7937
8745.07,7936
8746.72,7935
8749.8,7931
8755.39,7930
8756.97,7929
8760.45,7928
8765.41,7926
8773.1,7925
8781.46,7924
8784.95,7923
8786.68,7921
8790.09,7920
8791.92,7919
8793.6,7918
8801.18,7917
8804.44,7916
8811.39,7915
8813.01,7914
8814.75,7913
8816.33,7912
8819.59,7910
8822.77,7909
8828.94,7908
8830.59,7906
8833.86,7904
8837.17,7903
8838.89,7902
8841.89,7901
8843.35,7900
8846.81,7899
8848.34,7897
8852.34,7895
8854.08,7894
8864.1,7893
8867.38,7892
8870.63,7890
8877.77,7889
8881.41,7888
8887.76,7887
8889.24,7883
8903.51,7880
8905.04,7878
8906.67,7877
8911.25,7872
8914.43,7871
8915.89,7870
8920.72,7869
8934.99,7868
8936.99,7867
8940.57,7865
8948.84,7864
8952.2,7862
8953.95,7861
8963.29,7859
8970.48,7858
8973.91,7857
8978.96,7856
8982.28,7855
8989.61,7854
8991.21,7853
8992.97,7852
8994.77,7849
8996.41,7847
8998.47,7846
9000.35,7844
9002.36,7843
9011.71,7840
9043.96,7835
9061.01,7833
9062.56,7831
9072.18,7830
9073.89,7828
9075.35,7827
9076.97,7826
9088.58,7825
9093.53,7824
9096.84,7821
9098.5,7819
9100.29,7818
9117.98,7817
9121.5,7816
9126.09,7815
9129.31,7814
9130.83,7812
9132.58,7811
9134.09,7808
9145.6,7807
9151.9,7806
9153.48,7805
9164.9,7803
9166.5,7802
9183.59,7801
9185.31,7800
9186.79,7799
9190.11,7798
9196.99,7797
9198.63,7795
9201.94,7794
9203.42,7793
9208.39,7792
9213.06,7791
9214.66,7790
9227.44,7789
9232.56,7787
9237.26,7785
9238.73,7780
9247.23,7777
9248.76,7776
9253.74,7773
9271.29,7772
9274.72,7771
9293.37,7770
9296.88,7769
9311.82,7768
9313.32,7767
9314.93,7766
9316.54,7764
9319.86,7763
9321.43,7762
9322.95,7759
9324.53,7756
9326.11,7755
9340.92,7753
9361.44,7752
9365.24,7751
9374.6,7750
9376.15,7748
9381.31,7745
9382.95,7744
9389.93,7743
9393.51,7742
9395.41,7741
9400.33,7740
9401.8,7739
9403.6,7738
9407.03,7737
9413.54,7735
9415.27,7733
9418.8,7732
9424.8,7731
9428,7730
9430.94,7729
9436.85,7727
9443.05,7725
9460.12,7722
9463.37,7721
9464.83,7720
9480.19,7719
9485.79,7717
9490.61,7716
9493.96,7715
9498.61,7714
9500.08,7713
9501.66,7711
9514.31,7710
9515.75,7709
9519.22,7708
9522.42,7707
9523.96,7706
9525.87,7704
9538.6,7703
9541.83,7701
9547.24,7700
9550.81,7699
9566.65,7698
9570.16,7697
9571.66,7695
9574.69,7693
9584.3,7692
9587.89,7691
9591.01,7689
9595.81,7688
9597.69,7687
9601.5,7686
9609.88,7684
9613.35,7683
9624.74,7680
9627.78,7678
9637.45,7677
9639.04,7676
9650.29,7675
9651.9,7674
9661.54,7673
9665.08,7672
9671.18,7669
9672.82,7665
9679.05,7664
9682.4,7663
9683.92,7662
9685.46,7661
9700.01,7660
9704.76,7659
9706.34,7658
9709.99,7655
9720.04,7653
9729.91,7652
9731.6,7647
9733.07,7646
9734.77,7645
9737.88,7644
9742.57,7642
9743.98,7641
9750.66,7639
9755.29,7635
9784.28,7634
9787.71,7631
9793.96,7630
9795.43,7629
9799.97,7628
9801.62,7627
9804.65,7626
9815.24,7622
9821.14,7619
9827.23,7616
9836.76,7615
9841.78,7613
9850.45,7610
9853.93,7609
9855.37,7608
9857.13,7607
9858.6,7605
9890.61,7603
9893.61,7601
9901.66,7600
9923.79,7597
9929.75,7596
9931.13,7595
9932.65,7594
9934.11,7593
9935.99,7590
9948.16,7589
9968.98,7587
9970.39,7584
9979.54,7583
9990.6,7582
9993.5,7580
9997.9,7579
9999.4,7578
10010.4,7577
10013.4,7576
10016.3,7575
10019.4,7574
10021.1,7573
10026.1,7572
10035.3,7569
10041.7,7568
10045,7567
10046.6,7566
10049.6,7565
10051.2,7562
10058.8,7561
10077.2,7560
10080.7,7559
10082.5,7558
10084.2,7557
10087.5,7553
10093.9,7552
10103.4,7551
10119.8,7550
10121.3,7549
10130.7,7545
10149.4,7544
10152.6,7543
10161,7539
10162.5,7538
10185.6,7537
10187.3,7535
10192.8,7532
10206.2,7531
10208,7529
10212.7,7528
10226.5,7526
10228,7523
10244.7,7521
10250.2,7519
10309.9,7518
10326.8,7516
10331.7,7515
10333.3,7514
10342.7,7513
10344.3,7512
10348.8,7511
10353.3,7510
10354.7,7505
10359.2,7504
10360.6,7503
10362.2,7502
10369.9,7501
10371.6,7500
10379.2,7499
10380.7,7498
10382.5,7497
10393.4,7496
10396.4,7495
10399.4,7494
10400.9,7493
10408.6,7492
10410,7491
10411.4,7490
10412.9,7489
10414.4,7488
10426.4,7487
10428.1,7485
10432.6,7484
10435.7,7483
10438.7,7482
10445.4,7480
10448.9,7479
10469.1,7478
10470.5,7477
10496.3,7475
10502.3,7474
10507.1,7473
10517.8,7472
10519.3,7471
10521.1,7469
10530.5,7468
10531.9,7467
10539.4,7464
10553.3,7463
10563,7462
10566.4,7461
10568.2,7460
10574.5,7458
10575.9,7457
10577.5,7456
10578.9,7455
10587,7453
10593.4,7451
10596.6,7450
10618.2,7449
10619.7,7448
10624.4,7447
10627.9,7446
10639.4,7445
10640.9,7444
10644,7443
10647.4,7441
10648.9,7438
10653.7,7437
10662.9,7436
10664.4,7435
10667.5,7434
10670.6,7433
10672.1,7432
10682.1,7431
10683.9,7430
10687.3,7429
10689,7428
10695.6,7427
10697.3,7426
10698.7,7423
10706.8,7422
10710.3,7421
10713.5,7419
10732.8,7418
10749.5,7417
10751.1,7413
10809.6,7408
10823.9,7405
10839.1,7404
10840.6,7403
10842,7402
10845.1,7401
10846.7,7400
10848.2,7399
10852.9,7398
10857.4,7396
10873.5,7395
10883.4,7394
10886.8,7393
10890.2,7392
10896.9,7391
10907.8,7389
10912.8,7388
10914.4,7387
10915.9,7385
10917.6,7384
10922.1,7383
10925.1,7381
10936.8,7379
10950.5,7377
10962.9,7376
10965.9,7375
10967.4,7374
10969,7373
10970.6,7372
10972.1,7371
10973.8,7370
10977.2,7368
10993.6,7367
10995.3,7366
10997,7365
11000.3,7364
11003.6,7363
11027.1,7362
11030.1,7361
11036.3,7360
11037.8,7359
11042.6,7358
11054.2,7357
11066.8,7356
11079.3,7355
11096.8,7354
11101.5,7353
11103,7352
11104.5,7350
11115.5,7349
11120.4,7348
11129.3,7347
11136.3,7346
11139.6,7345
11142.7,7344
11146,7343
11149.3,7342
11150.7,7341
11155.4,7340
11161.3,7339
11162.7,7338
11164.4,7337
11167.7,7336
11180.7,7335
11182.1,7334
11185.6,7333
11187.5,7332
11195.8,7331
11197.5,7330
11203.6,7329
11208.2,7328
11209.7,7327
11211.2,7326
11229.4,7325
11233,7323
11242.6,7322
11245.7,7319
11266.3,7317
11286.9,7316
11295.2,7314
11301.9,7313
11303.8,7312
11308.2,7311
11309.7,7310
11311.8,7309
11316.3,7308
11320.8,7306
11335.2,7305
11343.3,7304
11355.2,7302
11360.2,7300
11366,7299
11372.6,7297
11384.4,7293
11446.5,7292
11463.8,7291
11469.8,7287
11488.6,7286
11491.4,7285
11493.2,7283
11506.8,7282
11510,7281
11511.5,7278
11529.6,7277
11532.8,7276
11543.7,7275
11558.5,7274
11560.2,7273
11561.7,7272
11566.5,7271
11568.2,7269
11582.7,7268
11587.2,7267
11588.6,7265
11600.5,7264
11602.3,7262
11605.6,7261
11613.2,7259
11635.9,7256
11644.7,7254
11646.2,7251
11648.1,7249
11649.4,7248
11657.4,7247
11696.2,7246
11699.2,7245
11700.7,7244
11706.8,7243
11709.8,7237
11717.8,7236
11737.2,7233
11754.9,7231
11762.4,7230
11780.7,7229
11783.9,7228
11810.1,7227
11819.2,7226
11835.8,7223
11840.4,7222
11862.9,7221
11864.6,7220
11867.5,7219
11869,7217
11874.8,7216
11884,7215
11885.5,7214
11889.8,7213
11891.3,7212
11892.7,7211
11894.2,7210
11898.9,7209
11900.5,7208
11903.9,7204
11924.7,7202
11933.7,7197
11955.4,7196
11958.4,7195
11960,7193
11961.7,7192
11963.3,7190
11996.3,7189
11997.9,7188
11999.3,7187
12000.8,7186
12002.5,7185
12019.4,7184
12021,7183
12030.7,7182
12032.3,7181
12035.2,7180
12038.3,7179
12041.4,7178
12064.3,7177
12065.7,7176
12094.9,7175
12113.8,7173
12126.6,7172
12144.2,7170
12156.9,7169
12170.4,7168
12172.1,7167
12175.4,7166
12176.9,7164
12181.7,7163
12187,7162
12192,7160
12229.5,7158
12236.8,7157
12242.3,7156
12257.1,7155
12272.3,7153
12283.3,7152
12285,7151
12296.6,7148
12326.5,7146
12328.4,7145
12336.3,7140
12366.1,7138
12369.4,7137
12373,7136
12386.2,7135
12389.6,7133
12391.1,7132
12392.7,7131
12423.1,7129
12433.1,7128
12437.9,7127
12444.8,7124
12454.9,7123
12466.7,7122
12468.8,7120
12482.8,7117
12484.7,7116
12486.4,7114
12505.6,7113
12515.2,7112
12522.1,7111
12528.1,7107
12544.8,7106
12559,7104
12570.3,7103
12572,7102
12575.4,7101
12576.9,7100
12594.7,7098
12607.5,7097
12621,7095
12624.9,7094
12635.8,7093
12644.6,7092
12656.4,7091
12658.4,7085
12697,7083
12746.4,7082
12759.4,7081
12773.2,7079
12785.4,7078
12787.1,7075
12814,7073
12832.7,7072
12843.8,7071
12845.9,7070
12858.3,7068
12885.7,7067
12888,7066
12906.4,7064
12914.3,7063
12923.7,7062
12938.6,7060
12949.2,7057
12952.3,7052
12955.5,7049
13037.4,7048
13051,7047
13052.6,7046
13063.1,7045
13064.7,7044
13067.9,7042
13069.3,7041
13070.9,7040
13081.5,7039
13088.8,7038
13094.5,7034
13109.2,7033
13110.8,7032
13116.8,7031
13118.4,7029
13131,7028
13135.4,7024
13202.9,7022
13207.7,7021
13228.9,7019
13232.1,7018
13246.3,7017
13261.7,7015
13265.1,7012
13267,7010
13303.4,7009
13306.6,7008
13309.8,7006
13311.3,7005
13313.4,7002
13315.2,7001
13346.8,7000
13352.6,6999
13354.5,6998
13356.2,6997
13357.7,6996
13365.8,6994
13388.3,6993
13411.8,6991
13432.3,6990
13437.3,6989
13438.9,6987
13457.2,6986
13468.1,6985
13474.8,6983
13480.4,6982
13482.3,6981
13495.8,6978
13519,6977
13522.8,6976
13524.6,6975
13536.5,6974
13546.6,6973
13588.5,6972
13592.8,6970
13612.1,6968
13626.3,6966
13631.5,6963
13641.6,6962
13649.8,6961
13654.9,6960
13658.5,6959
13672.2,6958
13684.7,6957
13689.7,6955
13701.9,6952
13709.1,6951
13713.8,6950
13718.4,6949
13724.3,6946
13728.8,6945
13823.5,6944
13825.3,6940
13850.3,6939
13855.5,6938
13857.6,6937
13862.7,6935
13864.3,6934
13892.5,6933
13915.9,6932
13922.7,6931
13925.9,6930
13933.4,6929
13938.6,6928
13940.4,6924
13994.3,6923
14018.2,6922
14023.6,6921
14040.1,6917
14071.5,6916
14076.5,6915
14079.8,6914
14084.1,6913
14091.9,6912
14093.7,6911
14097.3,6910
14101,6909
14102.9,6908
14104.9,6906
14107,6905
14108.7,6904
14117.2,6903
14118.9,6901
14120.4,6900
14128.7,6899
14198.2,6897
14220.7,6896
14231.8,6895
14245.7,6893
14247.1,6892
14248.8,6891
14258.5,6888
14271.7,6886
14282.7,6885
14284.3,6883
14285.8,6881
14324.8,6880
14335,6878
14342.6,6877
14350.7,6876
14384.4,6875
14400.4,6872
14408.7,6871
14419.8,6870
14424.2,6867
14458.6,6866
14467.7,6865
14489.1,6864
14495.4,6863
14498.4,6862
14505.7,6861
14509.9,6860
14520,6859
14523.9,6858
14540.7,6854
14551.4,6851
14554.7,6847
14587.3,6846
14599.9,6844
14620.3,6843
14621.9,6842
14634.5,6841
14639.3,6840
14642.6,6839
14645.8,6838
14656.4,6837
14658.1,6835
14659.7,6834
14663,6833
14664.5,6832
14693.4,6831
14695.3,6830
14721.3,6829
14731.9,6828
14736.4,6824
14766.8,6823
14769.8,6822
14784.2,6821
14789,6820
14790.4,6818
14792.1,6817
14796.6,6816
14840.7,6814
14860.4,6813
14863.4,6812
14864.8,6810
14866.3,6807
14887.7,6806
14891,6805
14900.2,6804
14901.8,6803
14903.3,6802
14966.3,6800
14978,6799
14986.2,6798
14997,6795
15007.4,6794
15033.8,6793
15060.1,6792
15063.4,6791
15085,6788
15102.5,6785
15123.3,6784
15125.6,6783
15132.3,6781
15134.2,6780
15144.9,6778
15146.8,6776
15150.4,6774
15205.2,6773
15208.2,6772
15217.2,6771
15223,6770
15257.4,6769
15277.2,6766
15316.1,6765
15318.3,6764
15327.8,6763
15338,6762
15351.4,6756
15373.4,6755
15375,6754
15406,6753
15413,6751
15416.1,6750
15417.6,6749
15419.1,6747
15462.1,6744
15480.7,6743
15492.8,6738
15494.3,6737
15603.1,6736
15607.5,6735
15665.3,6734
15666.7,6732
15668.2,6731
15695.3,6730
15805,6729
15808.8,6727
15821.8,6725
15823.9,6724
15827.5,6722
15850.7,6719
15876,6718
15885.1,6717
15915.5,6716
15916.9,6713
15930.7,6712
15936.8,6711
15988.2,6707
16122.9,6706
16150.5,6705
16166.3,6704
16169.9,6703
16175.6,6702
16201.2,6701
16206.4,6699
16220.2,6698
16235,6696
16356.8,6695
16362.3,6694
16372.1,6693
16377.2,6692
16391.6,6690
16393,6689
16413,6688
16426.8,6686
16449.6,6685
16456,6684
16463.8,6682
16477,6681
16478.4,6680
16481.4,6679
16485.7,6678
16487.3,6677
16494.6,6676
16509.7,6675
16529.6,6674
16538.9,6673
16543.4,6671
16544.9,6670
16571,6669
16589,6667
16592.1,6665
16599.5,6663
16608.9,6662
16616.1,6660
16628.6,6659
16640.4,6655
16668.4,6653
16691.3,6651
16709.3,6650
16710.8,6649
16713.5,6648
16715.1,6647
16726.9,6646
16730.1,6645
16735.6,6644
16768.3,6642
16769.9,6640
16771.4,6639
16772.9,6637
16812.7,6635
16814.4,6634
16832.8,6633
16834.2,6632
16837.2,6631
16842.4,6630
16849.9,6629
16879.6,6628
16881.1,6627
16900.4,6625
16901.9,6624
16913.1,6621
16923.8,6620
16935.3,6618
16959.1,6615
16989.4,6614
17010.6,6613
17012,6612
17031.2,6611
17054.8,6610
17080.8,6609
17097.5,6608
17099.4,6607
17108.7,6606
17112.1,6603
17188.3,6602
17220.7,6600
17249.8,6599
17251.2,6596
17257.3,6595
17261.9,6592
17286.7,6590
17405.3,6588
17406.6,6586
17432.4,6585
17435.4,6584
17444.8,6582
17482.3,6581
17527.2,6580
17569.4,6579
17579.5,6578
17584.7,6575
17590.6,6573
17592.2,6572
17625.5,6570
17671.8,6569
17674.6,6568
17677.5,6567
17679,6566
17702.5,6564
17715.6,6563
17716.9,6562
17727.5,6560
17730.3,6558
17739,6557
17742.1,6556
17761,6555
17778.1,6553
17801.3,6552
17822.7,6551
17826.1,6547
17829.3,6546
17853,6544
17884.4,6543
17888,6542
17889.5,6540
17910.1,6539
17952.4,6538
17960.6,6537
17987.1,6535
18005.2,6534
18008.4,6533
18016.9,6532
18019.8,6528
18021.1,6527
18066.2,6526
18067.7,6524
18154.9,6523
18157.8,6519
18159.3,6517
18202.8,6515
18211.7,6514
18213.2,6511
18235.8,6510
18240.2,6509
18249.5,6508
18258.1,6507
18270.3,6504
18273.7,6503
18334.3,6502
18341.9,6499
18361.2,6498
18370.8,6497
18372.5,6496
18374.3,6495
18376,6494
18379.4,6491
18419.3,6490
18438.8,6488
18440.3,6487
18466.6,6485
18484.8,6484
18488.1,6481
18525.5,6480
18526.9,6479
18533.1,6478
18554.6,6477
18578.2,6476
18600.4,6475
18612.6,6474
18614,6473
18618.8,6472
18627.1,6471
18639.4,6469
18654.9,6468
18661,6467
18724.4,6465
18732.7,6464
18734.2,6463
18738.7,6460
18745.6,6459
18755.4,6458
18791.6,6457
18797.4,6456
18825.3,6455
18832.9,6454
18841.5,6453
18852.1,6451
18860.1,6450
18877.7,6445
18976.8,6444
18978.2,6442
18991.7,6440
19005.2,6439
19017.1,6438
19039.8,6435
19061.1,6434
19075.3,6433
19109.5,6432
19112.8,6431
19167.2,6430
19333.5,6429
19364.7,6428
19369.1,6425
19370.4,6423
19373.4,6422
19393.2,6421
19453.2,6419
19475.9,6417
19479.1,6416
19537.7,6415
19539.2,6414
19540.8,6413
19573.3,6412
19574.8,6409
19592.6,6408
19598.5,6407
19617.1,6406
19618.6,6405
19627.1,6404
19633.5,6403
19653.9,6402
19661.2,6401
19674,6400
19681.6,6398
19700.3,6397
19711.7,6396
19925.9,6395
19936.6,6394
19968.3,6393
19969.9,6391
20060.3,6390
20065,6388
20079.8,6387
20103.3,6385
20104.7,6383
20135.1,6382
20325.1,6381
20419.3,6377
20462.3,6376
20469.5,6375
20477.7,6373
20486.7,6372
20543.4,6371
20558.6,6369
20675.4,6366
20677.2,6365
20700.2,6364
20723.5,6363
20725.2,6361
20804.2,6360
20838.6,6359
20841.5,6357
20849.2,6355
20858.2,6354
20861.1,6353
20868.7,6352
20870.2,6351
20975.7,6350
20993.6,6349
21053.1,6348
21069.5,6346
21096.3,6345
21097.9,6340
21147.3,6339
21165.6,6338
21211.6,6337
21213.2,6336
21222.2,6333
21224,6332
21269.7,6331
21302.1,6330
21386.1,6329
21396.8,6327
21401.6,6326
21405.3,6325
21447.6,6324
21455.2,6323
21465.9,6322
21495.8,6321
21510.9,6320
21512.5,6319
21521.3,6318
21539.5,6317
21587.7,6316
21592.2,6314
21690.1,6313
21835.3,6312
21871.9,6311
21876.4,6310
21926.6,6309
22001.7,6308
22012.7,6307
22019.2,6306
22179,6305
22208.2,6304
22235.1,6303
22236.4,6302
22238.2,6300
22361.7,6298
22375.1,6296
22379.8,6295
22416.1,6294
22434,6293
22440.1,6291
22499.6,6289
22511.6,6288
22593.5,6286
22640.3,6284
23026.9,6283
23028.3,6282
23029.8,6280
23031.4,6278
23044.8,6277
23046.2,6276
23050.7,6275
23094.9,6274
23117.1,6273
23132,6271
23136.4,6270
23155.4,6268
23172.7,6267
23297.8,6265
23302.6,6262
23570.6,6261
23599.4,6260
23602.1,6259
23603.7,6258
23613.6,6257
23658.5,6256
23693.1,6255
23709,6254
23785.7,6253
23789.4,6252
23803.6,6251
23808,6250
23812.3,6249
23841.7,6248
23853.4,6247
23857.9,6246
24065.7,6245
24089.9,6244
24248.5,6242
24255.7,6241
24257.3,6238
24258.9,6237
24260.6,6235
24473.1,6232
24520.9,6231
24526.1,6230
24527.8,6229
24531,6228
24547.9,6227
24602.6,6224
24616.5,6222
24839.4,6221
24848.3,6220
24867.9,6219
24887.2,6218
24898.8,6216
24948.6,6215
24950,6214
24982.2,6211
24998,6210
25018.1,6209
25094.7,6207
25909.9,6206
25923.6,6205
26002.2,6204
26003.7,6201
26145.3,6199
26147.2,6196
26177.8,6194
26183.8,6189
26243.2,6187
26594.8,6186
26616.1,6185
26634.1,6183
26664.2,6182
26673.4,6181
26682.2,6180
26700.4,6178
26706.7,6177
26709.6,6176
26775.4,6171
26782.8,6169
26826.8,6168
27036.3,6167
27040.7,6166
27063.5,6165
27101,6164
27108.5,6163
27112,6162
27187.2,6161
27331.4,6160
27332.9,6158
27370.6,6156
27373.7,6154
27434.7,6152
27436.1,6150
28795.9,6149
28797.6,6148
28799,6147
28910.7,6146
28913.7,6145
28958.2,6142
29627.4,6141
30690,6140
30776.3,6139
31612,6138
31617.6,6137
31644.3,6135
31750.5,6134
31786,6133
31933.9,6132
31944.4,6131
31946.1,6130
32198.1,6129
32317.7,6128
32359.5,6126
33431.8,6125
33439.4,6124
33533.6,6123
33534.9,6121
33537.8,6119
33547.8,6118
33839.2,6117
34604.3,6116
34669.1,6114
34704.2,6111
34774.9,6110
34982.9,6109
34988.7,6107
35037.3,6106
35126.6,6105
35127.9,6104
35167.5,6103
35172.2,6102
35183.9,6101
35725.9,6100
35738.2,6098
35742.6,6097
35743.9,6096
35763.3,6095
35817.9,6094
35823.2,6093
35837.6,6092
35839.3,6091
35856.9,6089
35859.8,6088
35861.2,6086
35883.3,6085
36175.5,6084
36177.2,6083
36180.7,6082
36200,6081
36208.7,6080
36237.4,6079
36285.5,6078
36326.8,6077
36381.2,6075
36465.8,6074
36475.7,6073
36478.8,6072
36528.4,6071
36563.5,6068
37039.8,6067
42271.4,6066
42281.2,6064
42284.7,6063
42299.8,6061
42364.1,6060
42397.8,6059
42554.3,6058
42658.3,6056
42853.6,6054
42943.6,6053
42950.3,6052
42959.3,6050
43920.2,6048
44068.4,6047
44077.1,6046
44092.5,6042
44597.8,6041
44599.2,6040
44650.6,6039
46104.4,6038
46310,6036
46338.9,6033
46350.6,6031
46369.4,6029
46370.8,6028
46372.1,6027
47136.6,6025
47215.7,6024
47217.2,6023
47226,6022
47283.1,6021
47309.7,6019
47407.9,6018
47452.3,6017
47455.1,6016
47511.5,6013
47594.6,6012
47596.2,6011
47598,6010
47663.9,6009
56508.4,6007
59214.7,6006
59302.1,6005
59304.9,6003
59400.3,6002
59419.3,6001
59420.8,6000
59466.4,5999
59611,5998
59638.7,5997
59640.1,5996
59641.4,5995
59660.1,5994
59680.4,5993
59687.5,5991
59721.6,5990
59755.4,5989
60247.2,5986
60271.5,5985
60278.4,5983
60286.2,5982
60861,5981
63088,5980
63149.6,5979
63192.8,5978
63198.4,5977
63216.3,5975
63217.6,5974
63561.1,5973
63571,5972
63575.4,5971
63598.9,5970
63620.7,5968
63675.7,5967
63693.7,5966
63701.2,5965
63799.4,5963
63800.9,5962
63805.5,5961
63825.4,5960
63826.8,5959
63877.4,5958
63899.2,5956
64051.7,5955
64054.6,5954
64056,5953
64077.7,5952
64218,5949
64377.6,5947
64419.8,5945
64514.6,5944
68495.6,5943
68497,5942
69073.2,5940
69397.5,5938
69399,5937
70422.6,5935
70599.6,5933
70696.8,5932
70796.2,5929
70818.1,5928
70825.1,5927
70826.6,5926
70828,5925
70841.2,5924
71574.9,5921
72024.2,5920
72033.1,5919
72036.1,5916
72071.3,5915
72080.3,5914
72144.5,5913
72165.7,5912
72168.6,5910
72174.2,5906
72175.7,5905
75834.1,5904
86709.9,5903
86720.1,5901
86733.1,5899
86755.7,5898
86766.4,5895
87194.2,5891
87540.9,5889
87542.5,5888
87664.9,5887
87719,5884
87723.5,5883
87751.6,5882
87774.9,5881
88174.1,5880
88175.6,5879
88193.1,5877
88236.5,5874
88288.3,5873
89510.7,5869
89512.1,5867
89586,5866
92382.2,5865
92590.6,5864
92872.2,5862
94911.7,5859
99783.5,5858
99792.3,5857
99807.2,5855
99904.3,5853
100001,5852
100002,5851
100814,5850
100817,5849
100968,5848
100972,5846
100973,5845
101038,5844
101077,5843
101332,5842
101334,5841
107947,5839
107978,5838
107980,5837
107988,5836
108391,5835
108445,5834
108475,5833
108477,5832
108489,5831
108583,5830
108602,5829
