2.21714,11022
3.46879,11021
4.85814,11020
6.02387,11019
7.20389,11018
8.32119,11017
9.50148,11016
10.7754,11015
11.8842,11014
12.9375,11013
14.1699,11012
15.3366,11011
16.4571,11010
17.6194,11009
18.7706,11005
19.8594,11003
20.9615,11002
22.244,11000
23.325,10999
24.6076,10997
25.9074,10994
27.0165,10993
28.0894,10992
29.2582,10987
30.4725,10985
31.6152,10984
32.6968,10979
33.9576,10977
35.0612,10976
36.1782,10973
37.4278,10966
38.5649,10964
39.6349,10961
40.8453,10958
42.0018,10957
43.1072,10952
44.2169,10951
45.9603,10950
47.023,10949
48.1214,10946
49.4523,10943
50.5767,10941
51.7053,10940
52.8466,10935
54.0127,10930
55.052,10929
56.148,10928
57.4437,10927
58.7423,10926
59.9558,10923
61.4215,10920
62.6659,10919
63.9013,10917
65.4562,10916
66.6483,10915
67.7473,10914
68.9576,10910
70.1871,10909
71.3153,10905
72.4825,10903
73.6333,10897
74.7746,10896
75.8657,10894
77.1499,10885
78.2053,10883
79.3001,10880
80.4896,10879
81.6108,10878
82.6533,10876
83.7186,10875
85.1553,10873
86.2358,10872
87.3324,10870
88.5627,10869
89.6861,10867
90.8252,10865
92.0398,10858
93.252,10852
94.3716,10849
95.471,10846
96.7477,10844
97.8284,10840
98.9096,10836
100.09,10835
101.246,10832
102.334,10830
103.43,10823
104.68,10821
105.919,10820
107.071,10819
108.605,10817
109.827,10815
110.995,10811
112.276,10806
113.405,10801
114.493,10800
115.611,10798
116.83,10796
118.063,10794
119.215,10788
120.611,10785
121.945,10783
123.18,10782
124.662,10781
126.22,10780
127.431,10778
128.699,10777
129.85,10776
130.98,10772
132.262,10770
133.37,10769
134.498,10767
135.668,10766
136.796,10765
137.947,10761
139.019,10756
140.241,10750
141.376,10749
142.696,10748
144.139,10746
145.324,10745
146.625,10744
147.869,10740
148.966,10739
150.052,10738
151.238,10737
152.538,10729
153.687,10724
154.864,10723
156.265,10718
157.476,10717
158.586,10714
159.856,10713
160.989,10712
162.101,10709
163.377,10707
164.487,10706
165.564,10704
166.977,10697
168.178,10696
169.225,10695
170.438,10694
171.629,10693
172.703,10688
173.742,10684
174.997,10680
176.152,10675
177.258,10674
178.587,10672
179.833,10669
181.094,10666
182.469,10663
183.793,10661
185,10659
186.339,10658
187.577,10656
188.669,10654
189.77,10653
191.096,10650
192.382,10646
193.488,10642
194.688,10641
195.774,10634
196.954,10632
198.224,10630
199.393,10628
200.496,10626
201.592,10624
202.808,10621
203.868,10620
204.926,10618
206.151,10614
207.33,10613
208.456,10610
209.566,10607
210.868,10606
212.125,10605
213.284,10602
214.521,10601
215.674,10598
216.788,10597
218.048,10594
219.212,10591
220.3,10590
221.553,10588
222.767,10585
223.914,10583
225.041,10580
226.339,10579
227.437,10578
228.582,10577
229.849,10576
230.953,10575
232.344,10571
233.654,10570
235.039,10566
236.181,10564
237.387,10558
238.788,10556
240.245,10555
241.984,10553
243.343,10548
244.651,10547
246.171,10545
247.402,10544
248.567,10543
249.846,10542
251.042,10540
252.424,10539
253.685,10538
254.814,10535
255.954,10531
257.166,10528
258.302,10526
259.454,10524
260.567,10523
261.906,10522
262.99,10517
264.069,10510
265.236,10508
266.484,10507
267.569,10504
268.636,10503
269.817,10500
270.915,10499
271.996,10496
273.381,10491
274.589,10490
275.705,10489
276.925,10488
278.148,10486
279.218,10485
280.43,10482
281.741,10481
282.865,10478
284.037,10476
285.334,10473
286.484,10469
287.599,10468
288.744,10463
289.873,10462
290.912,10459
291.979,10456
293.391,10455
294.455,10454
295.521,10453
296.762,10452
297.87,10448
299.065,10447
300.299,10446
301.587,10445
302.771,10444
304.133,10439
305.531,10437
306.764,10434
308.101,10433
309.297,10432
310.472,10431
311.64,10430
313.207,10428
314.33,10427
315.43,10426
316.694,10423
317.898,10420
319.027,10415
320.274,10414
321.383,10412
322.423,10411
323.565,10409
324.818,10408
325.965,10406
327.042,10405
328.308,10404
329.448,10401
330.591,10400
331.884,10398
333.02,10397
334.278,10395
335.51,10394
336.742,10392
337.942,10391
339.087,10390
340.378,10388
341.617,10384
342.79,10383
344.137,10382
345.473,10381
346.639,10379
347.878,10377
348.95,10376
350.053,10369
351.225,10368
352.431,10366
353.674,10365
354.86,10363
356.094,10362
357.229,10361
358.462,10360
359.823,10356
361.039,10355
362.308,10354
363.726,10353
365.072,10352
366.343,10351
367.744,10350
368.88,10347
370.083,10345
371.393,10342
372.508,10341
373.685,10339
375.048,10334
376.157,10333
377.262,10332
378.349,10331
379.574,10327
380.665,10325
381.773,10322
383.064,10321
384.148,10320
385.251,10319
386.442,10318
387.665,10317
388.75,10314
389.823,10313
391.061,10311
392.138,10310
393.266,10308
394.676,10306
395.98,10305
397.08,10304
398.522,10302
399.937,10301
401.08,10300
402.319,10299
403.497,10296
404.671,10295
405.869,10293
407.247,10290
408.507,10288
409.663,10285
411.043,10281
412.305,10279
413.408,10278
414.912,10277
415.991,10276
417.084,10273
418.295,10271
419.563,10269
420.744,10267
422.149,10266
423.512,10263
424.697,10262
426.194,10260
427.545,10259
428.801,10256
430,10255
431.131,10254
432.353,10247
433.5,10246
435.014,10245
436.088,10241
437.251,10239
438.468,10237
439.606,10236
440.695,10235
441.984,10234
443.264,10233
444.359,10232
445.661,10231
446.738,10229
447.795,10226
448.957,10225
450.102,10221
451.232,10220
452.403,10219
453.63,10217
454.82,10215
456.195,10214
457.5,10212
458.624,10211
459.789,10209
461.108,10208
462.206,10206
463.317,10204
464.558,10202
465.832,10201
466.96,10199
468.067,10198
469.311,10196
470.47,10194
471.573,10193
472.907,10192
474.054,10191
475.11,10187
476.52,10186
477.741,10185
478.851,10184
480.014,10181
481.39,10179
482.584,10178
483.78,10177
485.072,10174
486.293,10172
487.597,10171
488.98,10170
490.055,10169
491.164,10167
492.347,10165
493.519,10164
494.629,10163
495.826,10160
497.265,10159
498.443,10157
499.633,10155
500.746,10151
501.819,10150
502.893,10147
504.11,10146
505.174,10145
506.308,10142
507.492,10140
508.602,10139
509.636,10138
510.759,10137
511.947,10136
513.047,10135
514.147,10134
515.38,10133
516.461,10132
517.789,10131
519.029,10130
520.148,10129
521.236,10128
522.423,10127
523.689,10125
524.778,10124
525.905,10122
527.133,10121
528.208,10120
529.292,10116
530.447,10112
531.561,10111
532.716,10109
534.204,10107
535.78,10106
537.084,10105
538.278,10103
539.653,10102
541.249,10101
542.81,10099
544.076,10096
545.348,10095
546.691,10094
548.027,10091
549.244,10090
550.504,10089
551.714,10087
552.801,10084
553.871,10083
555.131,10081
556.299,10080
557.61,10079
558.842,10078
559.974,10077
561.078,10074
562.321,10072
563.441,10071
564.479,10070
565.582,10068
566.875,10065
567.962,10063
569.028,10062
570.192,10061
571.358,10060
572.41,10058
573.511,10056
574.76,10055
575.857,10054
576.97,10053
578.483,10050
579.618,10049
580.757,10048
581.95,10045
583.071,10044
584.173,10043
585.349,10042
586.558,10041
587.695,10040
588.751,10039
590.109,10035
591.208,10033
592.242,10029
593.354,10028
594.563,10027
595.728,10023
596.783,10022
598.163,10020
599.209,10017
600.304,10015
601.681,10014
602.873,10012
604.152,10011
605.466,10008
606.761,10007
607.907,10006
609.277,10005
610.506,10004
611.622,10003
612.743,10001
614.001,9999
615.091,9998
616.201,9996
617.385,9993
618.758,9992
619.8,9991
620.888,9989
622.065,9988
623.095,9987
624.22,9985
625.433,9984
626.584,9983
627.625,9982
628.721,9981
629.906,9980
630.986,9978
632.015,9976
633.172,9975
634.288,9974
635.341,9972
636.493,9971
637.668,9970
638.97,9964
640.085,9963
641.5,9962
642.654,9961
643.753,9960
645.143,9959
646.41,9957
647.555,9955
648.663,9954
649.848,9953
650.908,9950
651.975,9948
653.2,9946
654.265,9945
655.343,9944
656.625,9943
657.79,9942
658.869,9941
660.002,9940
661.33,9938
662.49,9937
663.665,9935
665.162,9934
666.357,9933
667.54,9932
668.892,9931
670.149,9930
671.285,9929
672.522,9928
673.711,9926
674.779,9924
675.841,9922
677.165,9921
678.287,9919
679.434,9918
680.595,9917
681.691,9916
682.763,9915
683.849,9914
685.212,9913
686.262,9912
687.326,9911
688.501,9910
689.646,9909
690.716,9908
691.871,9905
692.997,9903
694.09,9901
695.136,9900
696.394,9899
697.431,9897
698.554,9896
699.722,9894
700.958,9893
702.045,9892
703.148,9891
704.528,9890
705.58,9889
706.643,9886
707.987,9885
709.225,9884
710.434,9883
711.696,9882
712.823,9881
713.889,9879
715.026,9878
716.337,9876
717.474,9875
718.511,9874
719.687,9872
720.812,9871
721.993,9870
723.306,9869
724.659,9868
725.963,9867
727.298,9864
728.551,9862
729.716,9861
730.996,9860
732.215,9859
733.327,9858
734.406,9857
735.703,9856
736.769,9855
737.914,9854
739.102,9853
740.25,9852
741.394,9851
742.448,9850
743.766,9849
745.217,9847
746.464,9846
747.647,9845
748.748,9843
749.828,9841
751.043,9840
752.112,9838
753.236,9837
754.356,9836
755.509,9835
756.578,9834
757.638,9832
758.884,9830
760.072,9829
761.238,9828
762.409,9827
763.596,9826
764.684,9824
766,9823
767.179,9822
768.236,9821
769.354,9820
770.593,9819
771.719,9818
772.777,9817
773.934,9816
775.124,9815
776.284,9814
777.618,9813
778.893,9812
779.986,9811
781.055,9810
782.424,9809
783.67,9808
784.799,9807
786.283,9806
787.516,9805
788.706,9803
790.014,9801
791.304,9799
792.535,9798
793.722,9797
794.938,9796
796.041,9795
797.164,9794
798.436,9793
799.525,9792
800.692,9791
801.84,9790
802.942,9789
804.046,9788
805.098,9787
806.621,9785
807.683,9783
808.743,9782
809.921,9781
811.056,9780
812.129,9778
813.206,9777
814.449,9776
815.531,9775
816.653,9774
817.854,9773
819.013,9772
820.03,9771
821.175,9770
822.47,9769
823.577,9768
824.684,9767
826.125,9766
827.219,9765
828.282,9764
829.475,9763
830.592,9762
831.704,9760
832.758,9759
834.148,9758
835.487,9757
836.738,9756
838.145,9754
839.413,9753
840.913,9752
842.411,9751
843.473,9750
844.781,9748
846.328,9747
847.575,9746
848.8,9745
850.078,9744
851.24,9743
852.577,9742
853.809,9741
854.933,9740
856.014,9739
857.176,9738
858.341,9737
859.533,9736
860.698,9735
861.795,9732
862.876,9731
864.16,9729
865.236,9728
866.298,9727
867.693,9726
868.864,9724
869.936,9723
870.97,9721
872.194,9720
873.303,9719
874.394,9717
875.622,9716
876.752,9715
877.808,9714
878.905,9713
880.106,9712
881.148,9711
882.301,9710
883.641,9709
884.86,9708
885.941,9707
887.392,9706
888.603,9705
889.688,9704
890.746,9701
891.962,9699
893.017,9698
894.059,9697
895.174,9696
896.296,9695
897.338,9694
898.419,9693
899.617,9692
900.694,9691
901.776,9690
903.063,9689
904.336,9688
905.601,9687
907.112,9686
908.358,9685
909.515,9684
910.805,9683
911.983,9682
913.266,9681
914.381,9680
915.587,9678
916.692,9677
917.821,9676
918.993,9675
920.134,9674
921.183,9673
922.285,9671
923.509,9668
924.58,9667
925.61,9665
926.828,9664
928.122,9663
929.195,9661
930.422,9660
931.548,9659
932.602,9657
933.677,9656
934.913,9655
935.929,9653
936.966,9652
938.039,9651
939.234,9650
940.303,9649
941.342,9648
942.552,9647
943.674,9645
944.783,9644
945.96,9643
947.301,9642
948.673,9641
949.808,9640
951.022,9639
952.112,9638
953.198,9637
954.431,9636
955.462,9635
956.55,9634
957.728,9633
958.88,9632
960.102,9631
961.308,9630
962.546,9629
963.721,9628
964.891,9627
966.186,9626
967.391,9625
968.765,9624
970.073,9623
971.327,9622
972.458,9621
973.65,9620
974.788,9619
975.902,9618
977.059,9617
978.313,9616
979.395,9614
980.453,9611
982.76,9609
985.066,9608
986.183,9607
987.243,9606
988.454,9605
989.764,9604
990.822,9603
991.915,9602
993.076,9601
994.182,9600
995.209,9599
996.257,9598
997.513,9597
998.592,9596
999.699,9595
1000.85,9594
1002.02,9593
1003.08,9592
1004.19,9591
1005.45,9590
1006.52,9589
1007.58,9587
1009.06,9586
1010.29,9585
1011.37,9584
1012.68,9583
1013.85,9582
1014.96,9581
1016.13,9580
1019.4,9578
1020.68,9572
1021.84,9571
1029.57,9570
1030.71,9569
1032.07,9568
1034.31,9566
1036.72,9564
1038.98,9563
1040.16,9562
1041.19,9561
1042.28,9560
1043.53,9559
1044.63,9553
1045.91,9550
1047.28,9549
1050.79,9548
1054.17,9547
1055.39,9546
1056.5,9545
1057.54,9544
1058.64,9543
1059.87,9542
1060.96,9541
1062.05,9540
1063.31,9539
1064.34,9537
1065.56,9536
1066.77,9535
1067.95,9534
1069.05,9533
1070.42,9532
1072.64,9531
1073.69,9528
1074.89,9527
1076.01,9526
1077.08,9525
1078.3,9524
1079.42,9523
1081.6,9522
1082.86,9518
1085.21,9517
1089.01,9516
1094.04,9514
1095.18,9513
1097.55,9511
1098.8,9510
1099.86,9509
1100.94,9508
1102.21,9502
1103.33,9499
1104.49,9497
1109.01,9494
1110.39,9493
1111.54,9492
1117.19,9488
1121.76,9483
1126.61,9482
1127.82,9481
1128.98,9480
1132.49,9479
1133.74,9478
1136.37,9477
1137.65,9476
1138.83,9475
1140.05,9471
1142.72,9470
1143.86,9467
1150.62,9465
1154.19,9464
1155.47,9462
1156.58,9459
1157.87,9458
1159.02,9454
1166.02,9453
1167.14,9452
1169.42,9451
1172.76,9450
1173.87,9449
1174.98,9448
1176.32,9447
1177.48,9445
1179.65,9444
1180.82,9443
1181.87,9442
1182.98,9441
1184.18,9440
1185.31,9439
1186.44,9438
1187.72,9437
1188.98,9436
1190.1,9435
1191.15,9434
1192.36,9433
1193.41,9432
1194.51,9431
1195.57,9430
1196.94,9429
1197.98,9428
1200.28,9427
1201.36,9424
1202.45,9423
1203.54,9422
1206.21,9421
1207.6,9420
1208.77,9416
1209.93,9415
1212.51,9414
1213.64,9413
1214.7,9412
1215.94,9410
1217.24,9409
1218.39,9408
1220.67,9407
1221.76,9406
1222.84,9405
1224.06,9404
1225.11,9403
1226.2,9401
1229.6,9400
1230.73,9399
1233.01,9398
1236.55,9397
1237.64,9395
1238.73,9392
1239.87,9391
1241,9390
1242.16,9389
1244.47,9386
1245.53,9385
1248.19,9381
1251.5,9380
1252.55,9378
1254.85,9377
1260.67,9376
1261.89,9374
1266.86,9373
1267.99,9372
1269.2,9371
1270.57,9370
1271.78,9369
1273.02,9368
1274.23,9365
1275.31,9364
1281.07,9363
1282.29,9361
1283.34,9359
1284.39,9358
1285.61,9357
1286.74,9355
1287.86,9349
1295.79,9348
1296.96,9347
1298.25,9345
1300.41,9344
1301.68,9343
1302.76,9342
1303.85,9340
1305.09,9339
1306.14,9338
1307.22,9337
1309.9,9336
1312.29,9334
1314.68,9333
1315.75,9331
1320.44,9330
1321.6,9329
1322.69,9326
1323.74,9325
1334.95,9324
1336.12,9323
1337.22,9322
1338.29,9321
1339.44,9319
1341.78,9317
1342.86,9316
1344.12,9315
1349.11,9314
1351.21,9313
1355.83,9312
1360.34,9311
1361.49,9310
1362.56,9309
1363.76,9303
1369.74,9300
1372.08,9299
1373.12,9298
1374.21,9297
1375.4,9296
1377.6,9295
1378.73,9294
1380,9293
1381.08,9292
1383.34,9290
1385.91,9289
1394.42,9288
1396.76,9287
1397.85,9286
1399.04,9285
1400.21,9284
1401.28,9282
1402.37,9281
1405.9,9280
1407.12,9278
1413.78,9277
1415.04,9275
1417.2,9274
1418.39,9273
1419.51,9271
1420.61,9268
1427.52,9267
1430.91,9266
1433.07,9265
1434.56,9264
1435.93,9263
1437.15,9262
1438.44,9260
1443.76,9257
1444.79,9253
1451.66,9251
1452.84,9250
1454.14,9249
1458.65,9248
1461.94,9243
1463.16,9242
1464.22,9240
1465.45,9238
1467.89,9236
1473.43,9235
1474.67,9234
1475.68,9233
1478,9231
1481.3,9230
1486.11,9228
1488.4,9227
1489.48,9225
1491.79,9224
1492.92,9223
1497.42,9222
1498.54,9220
1500.83,9217
1502.04,9214
1503.14,9213
1504.27,9211
1507.03,9210
1508.41,9209
1510.82,9206
1515.66,9205
1516.9,9204
1518.04,9203
1519.11,9202
1520.23,9199
1523.57,9197
1531.76,9196
1533.05,9195
1535.27,9192
1539.76,9191
1540.95,9190
1542.07,9188
1543.1,9187
1548.21,9184
1553.79,9183
1554.86,9180
1556.05,9179
1557.13,9178
1561.77,9177
1569.26,9176
1571.67,9174
1574.04,9173
1576.46,9171
1580.89,9170
1584.34,9169
1586.57,9168
1588.05,9167
1592.52,9165
1593.64,9164
1594.76,9163
1596.04,9162
1598.23,9159
1600.55,9158
1602.73,9156
1603.94,9155
1608.68,9154
1612.74,9153
1613.85,9152
1615.08,9151
1616.2,9150
1618.37,9149
1619.63,9148
1620.7,9147
1623,9146
1624.09,9145
1625.19,9144
1626.23,9142
1627.54,9140
1629.11,9139
1631.76,9137
1632.92,9136
1634.11,9135
1635.45,9133
1638.95,9132
1642.14,9131
1645.47,9127
1646.63,9126
1648,9125
1659.59,9124
1660.65,9119
1666.29,9118
1670.84,9117
1671.87,9115
1672.96,9111
1679.93,9110
1682.27,9109
1683.43,9108
1684.5,9107
1685.72,9106
1686.77,9104
1689.48,9103
1694.44,9102
1695.7,9101
1698.04,9100
1699.12,9098
1700.23,9097
1705.81,9096
1706.91,9095
1708.03,9094
1709.47,9092
1712.81,9091
1714.14,9090
1716.28,9089
1718.59,9088
1719.72,9085
1726.59,9084
1731.19,9083
1732.33,9082
1735.03,9081
1737.84,9077
1741.82,9076
1743,9075
1744.14,9073
1746.52,9072
1747.85,9071
1749.22,9070
1750.42,9069
1751.68,9068
1753.08,9067
1754.23,9064
1761.24,9062
1762.37,9060
1763.44,9059
1765.76,9058
1770.32,9057
1771.41,9056
1772.62,9054
1773.66,9053
1777.45,9051
1782.98,9050
1784.29,9046
1793.36,9045
1796.92,9044
1800.39,9043
1801.62,9041
1802.76,9039
1809.79,9038
1811.09,9037
1812.53,9036
1815.12,9034
1816.54,9032
1824.42,9030
1828.93,9029
1829.97,9027
1832.33,9026
1835.71,9025
1836.94,9024
1838.03,9023
1839.17,9022
1840.26,9020
1843.78,9019
1845.95,9018
1847.37,9017
1848.5,9016
1849.62,9015
1850.73,9014
1851.82,9013
1853.16,9011
1859.08,9009
1867.19,9008
1868.28,9006
1873.25,9005
1877.13,9004
1879.61,9003
1880.71,9002
1881.8,9001
1885.06,9000
1886.31,8999
1887.42,8998
1888.52,8997
1891.94,8996
1896.63,8995
1898.01,8994
1899.15,8992
1904.9,8990
1906.14,8987
1910.95,8986
1912.06,8985
1919.13,8984
1922.58,8983
1924.9,8982
1927.25,8980
1929.69,8979
1930.99,8978
1933.69,8977
1936.07,8976
1937.35,8975
1939.89,8974
1942.09,8973
1943.2,8972
1944.25,8970
1952.63,8969
1953.79,8968
1955.92,8966
1957.21,8965
1958.51,8964
1959.58,8963
1960.76,8962
1961.91,8960
1964.14,8958
1966.45,8957
1967.56,8955
1969.86,8953
1970.93,8952
1981.25,8950
1983.57,8949
1984.72,8948
1988.19,8947
1990.51,8946
1991.9,8945
1993.2,8944
1994.51,8943
2005.47,8940
2006.61,8938
2008.95,8937
2012.37,8936
2013.44,8934
2014.57,8933
2015.71,8931
2016.77,8930
2018.11,8929
2024.13,8928
2026.28,8926
2027.53,8925
2031.92,8924
2035.48,8923
2036.78,8921
2038.34,8920
2042.71,8919
2043.92,8918
2045.08,8917
2046.32,8916
2052.35,8915
2056.24,8913
2060.23,8912
2063.66,8911
2064.71,8910
2065.92,8909
2067.08,8908
2069.46,8907
2070.64,8906
2071.69,8905
2072.79,8903
2075.19,8902
2076.2,8900
2081.11,8899
2085.83,8898
2087.93,8897
2090.32,8896
2091.41,8895
2095.93,8894
2097.11,8892
2105.06,8891
2106.23,8890
2107.35,8889
2108.54,8888
2113.32,8886
2117.15,8885
2121.02,8884
2122.05,8883
2123.13,8882
2126.61,8881
2127.63,8880
2132.29,8879
2134.71,8878
2141.8,8875
2148.08,8874
2150.3,8870
2157.97,8868
2165.22,8867
2166.51,8866
2167.76,8865
2169.02,8864
2170.13,8863
2180.25,8861
2183.62,8859
2186.98,8858
2188.18,8857
2189.22,8856
2190.37,8854
2191.63,8853
2197.19,8847
2200.7,8845
2203.13,8844
2206.7,8843
2212.66,8842
2213.7,8841
2214.8,8840
2217.07,8839
2218.15,8837
2219.41,8836
2220.61,8833
2224.2,8832
2227.73,8831
2229.92,8830
2233.61,8829
2234.99,8828
2236.25,8826
2237.5,8825
2242.3,8823
2246.86,8822
2248.35,8821
2251.8,8820
2262.02,8817
2265.44,8816
2272.27,8815
2274.55,8814
2276.69,8813
2277.98,8812
2279.14,8811
2281.39,8807
2282.66,8806
2289.77,8804
2298.58,8803
2299.79,8802
2301.08,8801
2302.25,8800
2303.34,8799
2304.41,8797
2305.62,8796
2306.68,8795
2307.66,8791
2315.69,8790
2319.11,8787
2320.15,8786
2321.39,8785
2322.46,8784
2324.68,8782
2325.75,8778
2326.8,8777
2333.56,8775
2334.59,8774
2347.87,8773
2350.45,8772
2352.7,8771
2353.91,8770
2356.24,8769
2357.51,8768
2358.73,8767
2361.29,8766
2362.42,8764
2369.33,8763
2370.45,8761
2377.24,8760
2378.37,8759
2380.71,8758
2381.77,8757
2385.15,8756
2387.3,8755
2388.51,8754
2394.2,8753
2396.43,8752
2401.06,8751
2402.17,8750
2407.96,8749
2410.21,8748
2411.44,8746
2412.51,8744
2413.77,8743
2415.2,8742
2416.4,8741
2432.34,8740
2443.77,8738
2444.85,8737
2448.48,8736
2451.86,8735
2454.09,8734
2456.23,8733
2457.32,8732
2462.03,8731
2468.8,8730
2470.07,8729
2472.29,8725
2476.06,8724
2487.03,8723
2488.07,8722
2489.24,8721
2490.35,8720
2494.84,8718
2497.24,8717
2505.33,8716
2506.4,8715
2512.36,8714
2513.54,8713
2514.7,8711
2515.82,8708
2528.36,8707
2536.58,8705
2538.95,8704
2542.7,8702
2546.26,8701
2548.76,8700
2549.96,8697
2558.8,8695
2562.33,8693
2563.48,8691
2565.81,8690
2569.19,8689
2570.23,8688
2573.51,8687
2575.61,8686
2576.73,8685
2580.33,8684
2581.66,8683
2582.75,8682
2583.86,8681
2584.98,8680
2587.13,8679
2589.41,8678
2590.48,8677
2591.67,8676
2597.69,8675
2600.21,8674
2601.41,8671
2608.6,8669
2614.09,8668
2616.58,8664
2617.71,8663
2618.85,8662
2620,8661
2621.07,8659
2626.67,8658
2631.05,8655
2632.07,8654
2633.12,8653
2634.19,8652
2643.05,8651
2647.53,8649
2656.35,8648
2657.55,8647
2658.71,8646
2659.84,8645
2660.94,8644
2662.22,8643
2665.62,8639
2666.64,8638
2672.11,8637
2675.33,8636
2676.34,8635
2679.62,8634
2681.97,8633
2684.02,8632
2685.18,8631
2691.66,8630
2692.79,8627
2694.86,8625
2698,8624
2699.02,8622
2706.43,8621
2707.49,8620
2717.64,8618
2718.75,8617
2725.8,8616
2729.17,8615
2732.37,8613
2736.55,8612
2739.79,8611
2742.96,8610
2744.05,8609
2745.1,8608
2759.25,8605
2764.49,8603
2770.11,8601
2777.87,8598
2779.04,8597
2785.89,8596
2786.87,8591
2796.6,8590
2808.35,8587
2812.82,8586
2813.88,8585
2817.41,8583
2819.53,8582
2821.63,8579
2830.47,8578
2831.72,8576
2833.85,8575
2834.91,8573
2850.95,8571
2854,8569
2863.59,8568
2864.64,8567
2866.77,8566
2867.77,8565
2869.95,8564
2871.17,8561
2882.75,8560
2884.78,8559
2885.92,8558
2887.9,8557
2891.29,8556
2896.56,8555
2897.76,8554
2900.07,8553
2901.34,8551
2904.73,8550
2906.9,8546
2923.68,8545
2924.76,8544
2926.78,8543
2927.9,8541
2928.94,8540
2960.96,8539
2967.63,8538
2968.68,8536
2973.08,8535
2977.31,8534
2981.67,8531
2983.82,8530
2985.92,8529
2988.99,8528
2993.64,8527
2997.76,8526
3000.85,8525
3003.9,8523
3004.97,8522
3007.96,8521
3009.12,8520
3010.15,8519
3020.21,8517
3029.19,8516
3030.16,8515
3032.33,8514
3037.63,8513
3044.98,8512
3046.95,8511
3048.07,8510
3049.11,8509
3051.32,8508
3057.88,8507
3060.03,8506
3065.39,8505
3066.53,8504
3075.23,8501
3076.22,8500
3079.68,8499
3081.85,8497
3087.45,8496
3088.54,8495
3091.65,8494
3092.7,8493
3097.1,8492
3099.25,8491
3106.54,8490
3113.06,8489
3114.14,8488
3115.18,8487
3116.3,8486
3119.72,8484
3121.87,8483
3123.88,8482
3125.97,8481
3133.51,8479
3142.44,8478
3148.02,8476
3150.49,8475
3153.69,8474
3166.34,8473
3173.73,8472
3174.77,8471
3175.82,8469
3187.61,8468
3198.19,8467
3199.36,8465
3201.92,8464
3213.93,8463
3216.88,8462
3218.01,8461
3235.91,8460
3237.03,8455
3254.58,8454
3261.46,8453
3262.53,8452
3263.7,8451
3272.55,8450
3273.62,8448
3278.78,8447
3283.19,8445
3289.59,8444
3291.8,8443
3295.02,8442
3297.08,8440
3298.09,8439
3301.22,8436
3307.87,8435
3308.91,8434
3314.22,8433
3315.38,8432
3316.38,8431
3322.21,8430
3323.35,8429
3332.16,8428
3333.19,8427
3334.31,8426
3337.28,8424
3338.42,8423
3341.45,8422
3355.63,8421
3360.78,8420
3364.1,8419
3365.22,8418
3373.57,8417
3374.53,8415
3375.59,8413
3391.19,8412
3392.45,8411
3393.53,8409
3437.62,8408
3438.8,8406
3449.22,8405
3451.73,8404
3453.92,8403
3458.03,8402
3465.41,8398
3472.68,8397
3491.75,8396
3495.98,8395
3497.12,8394
3507.6,8393
3508.75,8392
3521.15,8391
3522.17,8390
3523.25,8389
3528.52,8388
3529.75,8387
3532.03,8386
3533.01,8385
3545.04,8383
3547.21,8382
3563.32,8380
3569.01,8379
3574.81,8378
3577.86,8377
3584.19,8375
3585.19,8374
3592.83,8373
3597.07,8372
3599.16,8371
3608.45,8370
3614.76,8369
3617.09,8368
3619.13,8367
3620.3,8366
3626.89,8364
3631.4,8363
3636.8,8362
3637.79,8361
3647.25,8359
3649.39,8358
3653.9,8356
3661.32,8355
3662.38,8353
3677.06,8352
3678.19,8351
3679.29,8350
3683.79,8349
3684.86,8348
3687.4,8347
3694.97,8346
3697.1,8345
3698.13,8344
3704.22,8343
3707.46,8342
3708.51,8340
3714.12,8339
3716.32,8338
3719.6,8337
3720.74,8336
3722.74,8335
3757.8,8334
3761.84,8333
3762.87,8331
3768.28,8329
3782.17,8328
3783.23,8327
3784.26,8326
3785.24,8325
3793.95,8324
3803.74,8322
3812.77,8320
3825.42,8319
3830.64,8318
3832.79,8317
3833.81,8316
3835.84,8315
3838.24,8314
3839.64,8312
3843.74,8309
3854.74,8308
3855.7,8307
3859.85,8306
3862.08,8305
3865.66,8303
3882.12,8301
3884.25,8300
3893.56,8299
3896.87,8298
3907.49,8296
3913.68,8295
3916.74,8294
3924.49,8292
3925.7,8291
3926.82,8290
3930.29,8288
3946.14,8287
3949.29,8286
3950.29,8285
3956.96,8283
3965.47,8281
3969.73,8280
3973.8,8279
3974.76,8278
3977.91,8277
3980.05,8270
3998.86,8268
4000,8267
4011.43,8266
4014.81,8264
4019.24,8263
4020.28,8262
4026.64,8261
4037.75,8260
4045.43,8259
4049.98,8258
4051.42,8256
4052.81,8255
4055.82,8254
4057.92,8253
4060.06,8250
4061.2,8248
4084.69,8247
4088.77,8246
4089.8,8245
4090.8,8244
4098.07,8242
4100.23,8241
4104.61,8240
4113.82,8239
4114.94,8238
4115.9,8237
4118.94,8236
4134.79,8235
4142.1,8234
4146.8,8233
4151.31,8231
4152.32,8229
4154.62,8227
4166.38,8226
4172.08,8225
4189.31,8224
4193.43,8223
4194.58,8222
4207.34,8221
4208.34,8220
4210.3,8218
4211.45,8217
4214.79,8216
4222.99,8215
4225.22,8214
4231.09,8212
4233.21,8211
4250.06,8210
4256.8,8209
4269.42,8208
4271.42,8207
4279.09,8206
4281.24,8205
4294.56,8204
4299.98,8203
4303.28,8202
4305.52,8201
4313.73,8199
4319.7,8198
4322.86,8196
4328.07,8195
4331.19,8194
4335.71,8193
4339.78,8191
4372.43,8190
4382.27,8188
4392.66,8187
4395.64,8186
4413.35,8185
4441.52,8184
4447.64,8183
4452.19,8181
4454.36,8180
4457.52,8179
4466.39,8178
4472.26,8177
4475.71,8176
4498.07,8175
4518.35,8174
4523.71,8173
4526.96,8172
4538.16,8171
4539.22,8169
4548.77,8168
4552.94,8167
4567.96,8166
4572.22,8165
4573.2,8163
4574.29,8162
4589.19,8161
4597.06,8160
4599.15,8159
4603.22,8158
4605.53,8157
4616.16,8156
4621.64,8155
4625.95,8154
4628,8153
4633.36,8151
4634.39,8150
4636.63,8149
4649.42,8147
4663.94,8146
4683.2,8143
4702.02,8142
4709.89,8141
4710.96,8137
4726,8136
4733.3,8135
4738.48,8134
4748.75,8133
4751.02,8131
4763.71,8127
4810.07,8126
4811.06,8125
4833.7,8124
4834.97,8123
4836.12,8122
4861.75,8121
4874.57,8119
4877.71,8118
4893.84,8117
4923.88,8116
4924.84,8115
4926.04,8114
4954.16,8113
4955.47,8112
4968.35,8111
4982.21,8110
4983.24,8109
5040.38,8108
5043.03,8107
5059.64,8106
5062.91,8105
5063.89,8104
5064.93,8103
5067.06,8102
5078.45,8101
5093.37,8100
5096.6,8098
5104.93,8097
5105.91,8095
5127.08,8094
5167.96,8092
5170.2,8091
5199.38,8089
5203.55,8088
5205.55,8087
5206.56,8085
5221.78,8083
5234.57,8082
5236.72,8081
5258.1,8080
5285.64,8078
5290.72,8077
5299.23,8075
5323.07,8074
5326.12,8073
5329.28,8072
5357.51,8071
5359.83,8069
5366.27,8068
5367.26,8067
5368.22,8066
5369.22,8065
5376.4,8063
5391.37,8062
5392.35,8061
5394.68,8060
5395.71,8059
5400.02,8058
5403.16,8057
5411.36,8056
5412.52,8055
5418.04,8053
5420.25,8052
5425.32,8051
5430.42,8050
5432.74,8049
5434.01,8048
5436.62,8047
5438.84,8046
5447.29,8045
5454.68,8044
5457.04,8043
5460.33,8042
5502.66,8041
5517.58,8037
5538.93,8036
5548.46,8035
5572.7,8033
5576.83,8032
5628.57,8030
5635.84,8029
5637.97,8028
5647.88,8027
5660.87,8026
5667.04,8025
5669.32,8024
5680.45,8023
5686.76,8022
5693.02,8020
5699.53,8019
5701.65,8018
5729.06,8017
5740.39,8016
5741.53,8015
5758.45,8013
5833.05,8012
5866.78,8011
5872.06,8010
5873.16,8009
5874.14,8007
5881.74,8006
5882.8,8005
5943.85,8004
5988.02,8003
5990.14,8002
5992.26,8000
6044.71,7999
6063.79,7998
6106.51,7997
6132.1,7996
6133.06,7995
6134.15,7994
6141.54,7993
6146.94,7992
6155.79,7991
6158.1,7990
6164.8,7989
6165.85,7988
6166.84,7984
6171.11,7983
6175.25,7982
6199.41,7981
6209.15,7980
6210.17,7978
6216.92,7976
6218.04,7975
6348.38,7974
6360.34,7973
6379.28,7971
6384.43,7970
6477.97,7969
6487.71,7968
6519.49,7967
6522.83,7964
6529.25,7963
6530.31,7962
6531.3,7961
6635.71,7960
6640.16,7959
6673.45,7958
6679.55,7957
6692.18,7956
6694.23,7955
6705.93,7954
6706.98,7953
6729.21,7952
6730.18,7951
6790.33,7950
6796.63,7948
6832.79,7947
6833.76,7946
6834.85,7945
6906.79,7943
6911.9,7942
6929.67,7941
6950.75,7940
6985.69,7938
7000.22,7937
7010.48,7936
7015.49,7935
7056.39,7934
7057.67,7932
7064.34,7931
7072.2,7930
7091.11,7929
7095.14,7928
7105.58,7926
7170.72,7925
7186.52,7924
7188.99,7923
7196.15,7921
7201.52,7920
7203.59,7919
7206.7,7918
7212.11,7917
7250.85,7915
7273.1,7914
7292.94,7913
7296.09,7912
7299.24,7911
7300.26,7909
7301.4,7908
7328.56,7907
7345.41,7906
7536.16,7903
7571.45,7902
7578.04,7901
7580.13,7900
7612.24,7899
7819.45,7898
7820.44,7897
7826.63,7896
7827.84,7895
8290.58,7894
8310.39,7893
8312.56,7892
8495.96,7891
8498.11,7890
8517.74,7889
9848.69,7888
9851.4,7887
9861.48,7886
9862.48,7885
9919.21,7884
9925.62,7883
9926.69,7882
9927.73,7880
10050.9,7879
10051.8,7878
10053,7877
10056,7876
10057.1,7875
10066.8,7873
10077.9,7872
10079,7871
10161.8,7870
10162.8,7869
10170.2,7868
10212.5,7867
10215.8,7866
10220.9,7865
10402.7,7863
10423.5,7862
10439.3,7861
10440.5,7860
10453.9,7858
10464.8,7857
10467.9,7856
10584.5,7855
10595.1,7853
10629,7852
11416,7850
11434.8,7849
11869.2,7848
11895.5,7847
11925.3,7846
11927.3,7843
11968.2,7841
13865.6,7840
13867.6,7839
14400.9,7838
14407.1,7837
14415.7,7836
14501.7,7835
14519.5,7833
14555.1,7832
14556.4,7831
14802.1,7830
14808.3,7828
14854.4,7827
17596.7,7826
17622.2,7825
17626.7,7824
17629,7823
17666.7,7822
17679.6,7821
17683,7819
17743.8,7818
17768.6,7817
22066.5,7816
22073.3,7815
22150.9,7814
22209.3,7813
23797.8,7812
23798.8,7810
23801.9,7809
23803.9,7808
24149.6,7807
24154.1,7805
24724.5,7804
24725.5,7802
24751.3,7800
24767,7799
24769.1,7798
24878.4,7797
24885.5,7796
24903.5,7795
24914.9,7792
24941.5,7791
24947.5,7790
24954.1,7789
25869.7,7788
25871.9,7786
25877,7785
25884.1,7784
25886.2,7783
25985.4,7782
27188.9,7781
27215,7780
27216,7778
27289.7,7777
27290.7,7776
27954.6,7775
27955.6,7773
29046.2,7772
29080.6,7771
32187.9,7770
32189.1,7768
32206.8,7767
32931.8,7766
32940.2,7765
32943.2,7764
32948.4,7763
33087.1,7762
43884.8,7761
43891.5,7760
43895.6,7759
43901.6,7758
43908.8,7757
45264,7755
45264.9,7754
45274.6,7753
45572,7752
45689.7,7751
45730.1,7750
45736.4,7749
45748,7748
45754.5,7747
46037.4,7744
46107.8,7743
46110.9,7742
46111.9,7741
46338.9,7740
47904.3,7739
47908.4,7737
47925.2,7736
59584,7735
59585,7734
60358.6,7733
60407,7732
65221.5,7731
65222.5,7729
65226.8,7728
65230.8,7727
65231.8,7726
68226.5,7725
68228.5,7724
69465.3,7723
69645.6,7722
69650.6,7720
69690,7718
69697.7,7717
69700.8,7716
69703.9,7715
69705.8,7714
69731.5,7713
69925.9,7712
70114.4,7710
70159.2,7709
70173.6,7708
70179.9,7707
74262.8,7702
74743.7,7701
